*********** Start the Initialize Key Check **********
2015/05/06 10:31:51: Tool Ver: 2013.0605.01
2015/05/06 10:31:51: COM PORT OPEN ... OK
2015/05/06 10:31:51:
2015/05/06 10:31:51: ProductS/N:  5500502
2015/05/06 10:31:51: TID: 860431085AD23C80
2015/05/06 10:31:51: F/W Version: 00.00.08
2015/05/06 10:31:51:
2015/05/06 10:31:51: MasterKey Key Entry ... OK
2015/05/06 10:31:51: PowerON Counter Key Entry ... OK
2015/05/06 10:31:51: Key Entry ... OK
2015/05/06 10:31:51: Complete.
2015/05/06 10:31:51: COM PORT CLOSE ... OK
2015/05/06 10:31:51: 
2015/05/06 10:31:51: ==== Processing was completed ====
2015/05/06 10:31:51: 
*************************************************
*********** Start the Initialize Key Check **********
2015/05/06 10:31:51: Tool Ver: 2013.0605.01
2015/05/06 10:31:51: COM PORT OPEN ... OK
2015/05/06 10:31:51:
2015/05/06 10:31:51: ProductS/N:  5500502
2015/05/06 10:31:51: TID: 860431085AD23C80
2015/05/06 10:31:51: F/W Version: 00.00.08
2015/05/06 10:31:51:
2015/05/06 10:31:51: MasterKey Key Entry ... OK
2015/05/06 10:31:51: PowerON Counter Key Entry ... OK
2015/05/06 10:31:51: Key Entry ... OK
2015/05/06 10:31:51: Complete.
2015/05/06 10:31:51: COM PORT CLOSE ... OK
2015/05/06 10:31:51: 
2015/05/06 10:31:51: ==== Processing was completed ====
2015/05/06 10:31:51: 
*************************************************
*********** Start the Initialize Key Check **********
2015/05/06 10:31:51: Tool Ver: 2013.0605.01
2015/05/06 10:31:51: COM PORT OPEN ... OK
2015/05/06 10:31:51:
2015/05/06 10:31:51: ProductS/N:  5500502
2015/05/06 10:31:51: TID: 860431085AD23C80
2015/05/06 10:31:51: F/W Version: 00.00.08
2015/05/06 10:31:51:
2015/05/06 10:31:51: MasterKey Key Entry ... OK
2015/05/06 10:31:51: PowerON Counter Key Entry ... OK
2015/05/06 10:31:51: Key Entry ... OK
2015/05/06 10:31:51: Complete.
2015/05/06 10:31:51: COM PORT CLOSE ... OK
2015/05/06 10:31:51: 
2015/05/06 10:31:51: ==== Processing was completed ====
2015/05/06 10:31:51: 
*************************************************
*********** Start the Initialize Key Check **********
2015/05/06 10:31:51: Tool Ver: 2013.0605.01
2015/05/06 10:31:51: COM PORT OPEN ... OK
2015/05/06 10:31:51:
2015/05/06 10:31:51: ProductS/N:  5500502
2015/05/06 10:31:51: TID: 860431085AD23C80
2015/05/06 10:31:51: F/W Version: 00.00.08
2015/05/06 10:31:51:
2015/05/06 10:31:51: MasterKey Key Entry ... OK
2015/05/06 10:31:51: PowerON Counter Key Entry ... OK
2015/05/06 10:31:51: Key Entry ... OK
2015/05/06 10:31:51: Complete.
2015/05/06 10:31:51: COM PORT CLOSE ... OK
2015/05/06 10:31:51: 
2015/05/06 10:31:51: ==== Processing was completed ====
2015/05/06 10:31:51: 
*************************************************
*********** Start the Initialize Key Check **********
2015/05/06 10:31:51: Tool Ver: 2013.0605.01
2015/05/06 10:31:51: COM PORT OPEN ... OK
2015/05/06 10:31:51:
2015/05/06 10:31:51: ProductS/N:  5500502
2015/05/06 10:31:51: TID: 860431085AD23C80
2015/05/06 10:31:51: F/W Version: 00.00.08
2015/05/06 10:31:51:
2015/05/06 10:31:51: MasterKey Key Entry ... OK
2015/05/06 10:31:51: PowerON Counter Key Entry ... OK
2015/05/06 10:31:51: Key Entry ... OK
2015/05/06 10:31:51: Complete.
2015/05/06 10:31:51: COM PORT CLOSE ... OK
2015/05/06 10:31:51: 
2015/05/06 10:31:51: ==== Processing was completed ====
2015/05/06 10:31:51: 
*************************************************
*********** Start the Initialize Key Check **********
2015/05/06 10:31:51: Tool Ver: 2013.0605.01
2015/05/06 10:31:51: COM PORT OPEN ... OK
2015/05/06 10:31:51:
2015/05/06 10:31:51: ProductS/N:  5500502
2015/05/06 10:31:51: TID: 860431085AD23C80
2015/05/06 10:31:51: F/W Version: 00.00.08
2015/05/06 10:31:51:
2015/05/06 10:31:51: MasterKey Key Entry ... OK
2015/05/06 10:31:51: PowerON Counter Key Entry ... OK
2015/05/06 10:31:51: Key Entry ... OK
2015/05/06 10:31:51: Complete.
2015/05/06 10:31:51: COM PORT CLOSE ... OK
2015/05/06 10:31:51: 
2015/05/06 10:31:51: ==== Processing was completed ====
2015/05/06 10:31:51: 
*************************************************
*********** Start the Initialize Key Check **********
2015/05/06 10:31:51: Tool Ver: 2013.0605.01
2015/05/06 10:31:51: COM PORT OPEN ... OK
2015/05/06 10:31:51:
2015/05/06 10:31:51: ProductS/N:  5500502
2015/05/06 10:31:51: TID: 860431085AD23C80
2015/05/06 10:31:51: F/W Version: 00.00.08
2015/05/06 10:31:51:
2015/05/06 10:31:51: MasterKey Key Entry ... OK
2015/05/06 10:31:51: PowerON Counter Key Entry ... OK
2015/05/06 10:31:51: Key Entry ... OK
2015/05/06 10:31:51: Complete.
2015/05/06 10:31:51: COM PORT CLOSE ... OK
2015/05/06 10:31:51: 
2015/05/06 10:31:51: ==== Processing was completed ====
2015/05/06 10:31:51: 
*************************************************
*********** Start the Initialize Key Check **********
2015/05/06 10:31:51: Tool Ver: 2013.0605.01
2015/05/06 10:31:51: COM PORT OPEN ... OK
2015/05/06 10:31:51:
2015/05/06 10:31:51: ProductS/N:  5500502
2015/05/06 10:31:51: TID: 860431085AD23C80
2015/05/06 10:31:51: F/W Version: 00.00.08
2015/05/06 10:31:51:
2015/05/06 10:31:51: MasterKey Key Entry ... OK
2015/05/06 10:31:51: PowerON Counter Key Entry ... OK
2015/05/06 10:31:51: Key Entry ... OK
2015/05/06 10:31:51: Complete.
2015/05/06 10:31:51: COM PORT CLOSE ... OK
2015/05/06 10:31:51: 
2015/05/06 10:31:51: ==== Processing was completed ====
2015/05/06 10:31:51: 
*************************************************
*********** Start the Initialize Key Check **********
2015/05/06 10:31:51: Tool Ver: 2013.0605.01
2015/05/06 10:31:51: COM PORT OPEN ... OK
2015/05/06 10:31:51:
2015/05/06 10:31:51: ProductS/N:  5500502
2015/05/06 10:31:51: TID: 860431085AD23C80
2015/05/06 10:31:51: F/W Version: 00.00.08
2015/05/06 10:31:51:
2015/05/06 10:31:51: MasterKey Key Entry ... OK
2015/05/06 10:31:51: PowerON Counter Key Entry ... OK
2015/05/06 10:31:51: Key Entry ... OK
2015/05/06 10:31:51: Complete.
2015/05/06 10:31:51: COM PORT CLOSE ... OK
2015/05/06 10:31:51: 
2015/05/06 10:31:51: ==== Processing was completed ====
2015/05/06 10:31:51: 
*************************************************
*********** Start the Initialize Key Check **********
2015/05/06 10:31:51: Tool Ver: 2013.0605.01
2015/05/06 10:31:51: COM PORT OPEN ... OK
2015/05/06 10:31:51:
2015/05/06 10:31:51: ProductS/N:  5500502
2015/05/06 10:31:51: TID: 860431085AD23C80
2015/05/06 10:31:51: F/W Version: 00.00.08
2015/05/06 10:31:51:
2015/05/06 10:31:51: MasterKey Key Entry ... OK
2015/05/06 10:31:51: PowerON Counter Key Entry ... OK
2015/05/06 10:31:51: Key Entry ... OK
2015/05/06 10:31:51: Complete.
2015/05/06 10:31:51: COM PORT CLOSE ... OK
2015/05/06 10:31:51: 
2015/05/06 10:31:51: ==== Processing was completed ====
2015/05/06 10:31:51: 
*************************************************
