*********** Start the Initialize Key Check **********
2015/04/10 00:12:35: Tool Ver: 2013.0605.01
2015/04/10 00:12:35: COM PORT OPEN ... OK
2015/04/10 00:12:35:
2015/04/10 00:12:35: ProductS/N:  5400038
2015/04/10 00:12:35: TID: 860442256A842D80
2015/04/10 00:12:35: F/W Version: 00.00.08
2015/04/10 00:12:35:
2015/04/10 00:12:35: MasterKey Key Entry ... OK
2015/04/10 00:12:35: PowerON Counter Key Entry ... OK
2015/04/10 00:12:36: Key Entry ... OK
2015/04/10 00:12:36: Complete.
2015/04/10 00:12:36: COM PORT CLOSE ... OK
2015/04/10 00:12:36: 
2015/04/10 00:12:36: ==== Processing was completed ====
2015/04/10 00:12:36: 
*************************************************


*********** Start the Initialize Key Check **********
2015/04/10 00:50:17: Tool Ver: 2013.0605.01
2015/04/10 00:50:17: COM PORT OPEN ... OK
2015/04/10 00:50:18:
2015/04/10 00:50:18: ProductS/N:  5400168
2015/04/10 00:50:18: TID: 8604072972842D80
2015/04/10 00:50:18: F/W Version: 00.00.08
2015/04/10 00:50:18:
2015/04/10 00:50:18: MasterKey Key Entry ... OK
2015/04/10 00:50:18: PowerON Counter Key Entry ... OK
2015/04/10 00:50:18: Key Entry ... OK
2015/04/10 00:50:18: Complete.
2015/04/10 00:50:18: COM PORT CLOSE ... OK
2015/04/10 00:50:18: 
2015/04/10 00:50:18: ==== Processing was completed ====
2015/04/10 00:50:18: 
*************************************************


*********** Start the Initialize Key Check **********
2015/04/10 01:00:39: Tool Ver: 2013.0605.01
2015/04/10 01:00:39: COM PORT OPEN ... OK
2015/04/10 01:00:39:
2015/04/10 01:00:39: ProductS/N:  5400081
2015/04/10 01:00:39: TID: 8604100D72842D80
2015/04/10 01:00:39: F/W Version: 00.00.08
2015/04/10 01:00:39:
2015/04/10 01:00:39: MasterKey Key Entry ... OK
2015/04/10 01:00:39: PowerON Counter Key Entry ... OK
2015/04/10 01:00:40: Key Entry ... OK
2015/04/10 01:00:40: Complete.
2015/04/10 01:00:40: COM PORT CLOSE ... OK
2015/04/10 01:00:40: 
2015/04/10 01:00:40: ==== Processing was completed ====
2015/04/10 01:00:40: 
*************************************************


*********** Start the Initialize Key Check **********
2015/04/10 01:11:46: Tool Ver: 2013.0605.01
2015/04/10 01:11:46: COM PORT OPEN ... OK
2015/04/10 01:11:46:
2015/04/10 01:11:46: ProductS/N:  5400173
2015/04/10 01:11:46: TID: 86043A315A842D80
2015/04/10 01:11:46: F/W Version: 00.00.08
2015/04/10 01:11:46:
2015/04/10 01:11:46: MasterKey Key Entry ... OK
2015/04/10 01:11:46: PowerON Counter Key Entry ... OK
2015/04/10 01:11:46: Key Entry ... OK
2015/04/10 01:11:46: Complete.
2015/04/10 01:11:46: COM PORT CLOSE ... OK
2015/04/10 01:11:46: 
2015/04/10 01:11:46: ==== Processing was completed ====
2015/04/10 01:11:46: 
*************************************************


*********** Start the Initialize Key Check **********
2015/04/10 01:22:09: Tool Ver: 2013.0605.01
2015/04/10 01:22:09: COM PORT OPEN ... OK
2015/04/10 01:22:09:
2015/04/10 01:22:09: ProductS/N:  5400058
2015/04/10 01:22:09: TID: 8604151762842D80
2015/04/10 01:22:09: F/W Version: 00.00.08
2015/04/10 01:22:09:
2015/04/10 01:22:09: MasterKey Key Entry ... OK
2015/04/10 01:22:09: PowerON Counter Key Entry ... OK
2015/04/10 01:22:10: Key Entry ... OK
2015/04/10 01:22:10: Complete.
2015/04/10 01:22:10: COM PORT CLOSE ... OK
2015/04/10 01:22:10: 
2015/04/10 01:22:10: ==== Processing was completed ====
2015/04/10 01:22:10: 
*************************************************


*********** Start the Initialize Key Check **********
2015/04/10 01:32:12: Tool Ver: 2013.0605.01
2015/04/10 01:32:12: COM PORT OPEN ... OK
2015/04/10 01:32:12:
2015/04/10 01:32:12: ProductS/N:  5400062
2015/04/10 01:32:12: TID: 8604343F5A842D80
2015/04/10 01:32:12: F/W Version: 00.00.08
2015/04/10 01:32:12:
2015/04/10 01:32:12: MasterKey Key Entry ... OK
2015/04/10 01:32:12: PowerON Counter Key Entry ... OK
2015/04/10 01:32:13: Key Entry ... OK
2015/04/10 01:32:13: Complete.
2015/04/10 01:32:13: COM PORT CLOSE ... OK
2015/04/10 01:32:13: 
2015/04/10 01:32:13: ==== Processing was completed ====
2015/04/10 01:32:13: 
*************************************************


*********** Start the Initialize Key Check **********
2015/04/10 01:42:14: Tool Ver: 2013.0605.01
2015/04/10 01:42:14: COM PORT OPEN ... OK
2015/04/10 01:42:14:
2015/04/10 01:42:14: ProductS/N:  5400123
2015/04/10 01:42:14: TID: 860432295A842D80
2015/04/10 01:42:14: F/W Version: 00.00.08
2015/04/10 01:42:14:
2015/04/10 01:42:14: MasterKey Key Entry ... OK
2015/04/10 01:42:14: PowerON Counter Key Entry ... OK
2015/04/10 01:42:14: Key Entry ... OK
2015/04/10 01:42:14: Complete.
2015/04/10 01:42:14: COM PORT CLOSE ... OK
2015/04/10 01:42:14: 
2015/04/10 01:42:14: ==== Processing was completed ====
2015/04/10 01:42:14: 
*************************************************


*********** Start the Initialize Key Check **********
2015/04/10 09:44:31: Tool Ver: 2013.0605.01
2015/04/10 09:44:31: COM PORT OPEN ... OK
2015/04/10 09:44:31:
2015/04/10 09:44:31: ProductS/N:  5400049
2015/04/10 09:44:31: TID: 860430105A842D80
2015/04/10 09:44:31: F/W Version: 00.00.08
2015/04/10 09:44:31:
2015/04/10 09:44:31: MasterKey Key Entry ... OK
2015/04/10 09:44:31: PowerON Counter Key Entry ... OK
2015/04/10 09:44:32: Key Entry ... OK
2015/04/10 09:44:32: Complete.
2015/04/10 09:44:32: COM PORT CLOSE ... OK
2015/04/10 09:44:32: 
2015/04/10 09:44:32: ==== Processing was completed ====
2015/04/10 09:44:32: 
*************************************************


*********** Start the Initialize Key Check **********
2015/04/10 10:11:45: Tool Ver: 2013.0605.01
2015/04/10 10:11:45: COM PORT OPEN ... OK
2015/04/10 10:11:45:
2015/04/10 10:11:45: ProductS/N:  5400152
2015/04/10 10:11:45: TID: 860437325A842D80
2015/04/10 10:11:45: F/W Version: 00.00.08
2015/04/10 10:11:45:
2015/04/10 10:11:46: MasterKey Key Entry ... OK
2015/04/10 10:11:46: PowerON Counter Key Entry ... OK
2015/04/10 10:11:46: Key Entry ... OK
2015/04/10 10:11:46: Complete.
2015/04/10 10:11:46: COM PORT CLOSE ... OK
2015/04/10 10:11:46: 
2015/04/10 10:11:46: ==== Processing was completed ====
2015/04/10 10:11:46: 
*************************************************


*********** Start the Initialize Key Check **********
2015/04/10 10:31:23: Tool Ver: 2013.0605.01
2015/04/10 10:31:23: COM PORT OPEN ... OK
2015/04/10 10:31:23:
2015/04/10 10:31:23: ProductS/N:  5400152
2015/04/10 10:31:23: TID: 860437325A842D80
2015/04/10 10:31:23: F/W Version: 00.00.08
2015/04/10 10:31:23:
2015/04/10 10:31:23: MasterKey Key Entry ... OK
2015/04/10 10:31:23: PowerON Counter Key Entry ... OK
2015/04/10 10:31:24: Key Entry ... OK
2015/04/10 10:31:24: Complete.
2015/04/10 10:31:24: COM PORT CLOSE ... OK
2015/04/10 10:31:24: 
2015/04/10 10:31:24: ==== Processing was completed ====
2015/04/10 10:31:24: 
*************************************************


*********** Start the Initialize Key Check **********
2015/04/10 10:40:51: Tool Ver: 2013.0605.01
2015/04/10 10:40:51: COM PORT OPEN ... OK
2015/04/10 10:40:51:
2015/04/10 10:40:51: ProductS/N:  5400016
2015/04/10 10:40:51: TID: 860433375A842D80
2015/04/10 10:40:51: F/W Version: 00.00.08
2015/04/10 10:40:51:
2015/04/10 10:40:51: MasterKey Key Entry ... OK
2015/04/10 10:40:51: PowerON Counter Key Entry ... OK
2015/04/10 10:40:51: Key Entry ... OK
2015/04/10 10:40:51: Complete.
2015/04/10 10:40:51: COM PORT CLOSE ... OK
2015/04/10 10:40:51: 
2015/04/10 10:40:51: ==== Processing was completed ====
2015/04/10 10:40:51: 
*************************************************


*********** Start the Initialize Key Check **********
2015/04/10 10:50:09: Tool Ver: 2013.0605.01
2015/04/10 10:50:09: COM PORT OPEN ... OK
2015/04/10 10:50:09:
2015/04/10 10:50:09: ProductS/N:  5400122
2015/04/10 10:50:09: TID: 86042B3A5A842D80
2015/04/10 10:50:09: F/W Version: 00.00.08
2015/04/10 10:50:09:
2015/04/10 10:50:09: MasterKey Key Entry ... OK
2015/04/10 10:50:09: PowerON Counter Key Entry ... OK
2015/04/10 10:50:10: Key Entry ... OK
2015/04/10 10:50:10: Complete.
2015/04/10 10:50:10: COM PORT CLOSE ... OK
2015/04/10 10:50:10: 
2015/04/10 10:50:10: ==== Processing was completed ====
2015/04/10 10:50:10: 
*************************************************


*********** Start the Initialize Key Check **********
2015/04/10 11:02:00: Tool Ver: 2013.0605.01
2015/04/10 11:02:00: COM PORT OPEN ... OK
2015/04/10 11:02:00:
2015/04/10 11:02:00: ProductS/N:  5400065
2015/04/10 11:02:00: TID: 86040B386A842D80
2015/04/10 11:02:00: F/W Version: 00.00.08
2015/04/10 11:02:00:
2015/04/10 11:02:00: MasterKey Key Entry ... OK
2015/04/10 11:02:00: PowerON Counter Key Entry ... OK
2015/04/10 11:02:00: Key Entry ... OK
2015/04/10 11:02:00: Complete.
2015/04/10 11:02:00: COM PORT CLOSE ... OK
2015/04/10 11:02:00: 
2015/04/10 11:02:00: ==== Processing was completed ====
2015/04/10 11:02:00: 
*************************************************


*********** Start the Initialize Key Check **********
2015/04/10 11:20:04: Tool Ver: 2013.0605.01
2015/04/10 11:20:04: COM PORT OPEN ... OK
2015/04/10 11:20:04:
2015/04/10 11:20:04: ProductS/N:  5400037
2015/04/10 11:20:04: TID: 860438256A842D80
2015/04/10 11:20:04: F/W Version: 00.00.08
2015/04/10 11:20:04:
2015/04/10 11:20:04: MasterKey Key Entry ... OK
2015/04/10 11:20:04: PowerON Counter Key Entry ... OK
2015/04/10 11:20:05: Key Entry ... OK
2015/04/10 11:20:05: Complete.
2015/04/10 11:20:05: COM PORT CLOSE ... OK
2015/04/10 11:20:05: 
2015/04/10 11:20:05: ==== Processing was completed ====
2015/04/10 11:20:05: 
*************************************************


*********** Start the Initialize Key Check **********
2015/04/10 11:52:43: Tool Ver: 2013.0605.01
2015/04/10 11:52:43: COM PORT OPEN ... OK
2015/04/10 11:52:43:
2015/04/10 11:52:43: ProductS/N:  5400021
2015/04/10 11:52:43: TID: 860415386A842D80
2015/04/10 11:52:43: F/W Version: 00.00.08
2015/04/10 11:52:43:
2015/04/10 11:52:43: MasterKey Key Entry ... OK
2015/04/10 11:52:43: PowerON Counter Key Entry ... OK
2015/04/10 11:52:44: Key Entry ... OK
2015/04/10 11:52:44: Complete.
2015/04/10 11:52:44: COM PORT CLOSE ... OK
2015/04/10 11:52:44: 
2015/04/10 11:52:44: ==== Processing was completed ====
2015/04/10 11:52:44: 
*************************************************


*********** Start the Initialize Key Check **********
2015/04/10 13:31:01: Tool Ver: 2013.0605.01
2015/04/10 13:31:01: COM PORT OPEN ... OK
2015/04/10 13:31:01:
2015/04/10 13:31:01: ProductS/N:  5400066
2015/04/10 13:31:01: TID: 8604382B6A842D80
2015/04/10 13:31:01: F/W Version: 00.00.08
2015/04/10 13:31:01:
2015/04/10 13:31:01: MasterKey Key Entry ... OK
2015/04/10 13:31:01: PowerON Counter Key Entry ... OK
2015/04/10 13:31:02: Key Entry ... OK
2015/04/10 13:31:02: Complete.
2015/04/10 13:31:02: COM PORT CLOSE ... OK
2015/04/10 13:31:02: 
2015/04/10 13:31:02: ==== Processing was completed ====
2015/04/10 13:31:02: 
*************************************************


*********** Start the Initialize Key Check **********
2015/04/10 13:52:13: Tool Ver: 2013.0605.01
2015/04/10 13:52:13: COM PORT OPEN ... OK
2015/04/10 13:52:13:
2015/04/10 13:52:13: ProductS/N:  5400095
2015/04/10 13:52:13: TID: 860435175A842D80
2015/04/10 13:52:13: F/W Version: 00.00.08
2015/04/10 13:52:13:
2015/04/10 13:52:13: MasterKey Key Entry ... OK
2015/04/10 13:52:13: PowerON Counter Key Entry ... OK
2015/04/10 13:52:14: Key Entry ... OK
2015/04/10 13:52:14: Complete.
2015/04/10 13:52:14: COM PORT CLOSE ... OK
2015/04/10 13:52:14: 
2015/04/10 13:52:14: ==== Processing was completed ====
2015/04/10 13:52:14: 
*************************************************


*********** Start the Initialize Key Check **********
2015/04/10 17:47:07: Tool Ver: 2013.0605.01
2015/04/10 17:47:07: COM PORT OPEN ... OK
2015/04/10 17:47:07:
2015/04/10 17:47:07: ProductS/N:  5400100
2015/04/10 17:47:07: TID: 8604260862842D80
2015/04/10 17:47:07: F/W Version: 00.00.08
2015/04/10 17:47:07:
2015/04/10 17:47:07: MasterKey Key Entry ... OK
2015/04/10 17:47:07: PowerON Counter Key Entry ... OK
2015/04/10 17:47:07: Key Entry ... OK
2015/04/10 17:47:07: Complete.
2015/04/10 17:47:07: COM PORT CLOSE ... OK
2015/04/10 17:47:07: 
2015/04/10 17:47:07: ==== Processing was completed ====
2015/04/10 17:47:07: 
*************************************************


*********** Start the Initialize Key Check **********
2015/04/10 18:18:22: Tool Ver: 2013.0605.01
2015/04/10 18:18:22: COM PORT OPEN ... ERROR(02)
2015/04/10 18:18:22: 
2015/04/10 18:18:22: ######## Error has occurred ########
2015/04/10 18:18:22: 
*************************************************


*********** Start the Initialize Key Check **********
2015/04/10 18:24:41: Tool Ver: 2013.0605.01
2015/04/10 18:24:41: Product S/N ... ERROR
2015/04/10 18:24:41: 
2015/04/10 18:24:41: ######## Error has occurred ########
2015/04/10 18:24:41: 
*************************************************


*********** Start the Initialize Key Check **********
2015/04/10 18:24:49: Tool Ver: 2013.0605.01
2015/04/10 18:24:49: COM PORT OPEN ... ERROR(02)
2015/04/10 18:24:49: 
2015/04/10 18:24:49: ######## Error has occurred ########
2015/04/10 18:24:49: 
*************************************************


*********** Start the Initialize Key Check **********
2015/04/10 18:24:52: Tool Ver: 2013.0605.01
2015/04/10 18:24:52: COM PORT OPEN ... ERROR(02)
2015/04/10 18:24:52: 
2015/04/10 18:24:52: ######## Error has occurred ########
2015/04/10 18:24:52: 
*************************************************


*********** Start the Initialize Key Check **********
2015/04/10 18:25:51: Tool Ver: 2013.0605.01
2015/04/10 18:25:51: COM PORT OPEN ... ERROR(02)
2015/04/10 18:25:51: 
2015/04/10 18:25:51: ######## Error has occurred ########
2015/04/10 18:25:51: 
*************************************************


*********** Start the Initialize Key Check **********
2015/04/10 18:41:16: Tool Ver: 2013.0605.01
2015/04/10 18:41:16: COM PORT OPEN ... OK
2015/04/10 18:41:16:
2015/04/10 18:41:16: ProductS/N:  5400095
2015/04/10 18:41:16: TID: 860435175A842D80
2015/04/10 18:41:16: F/W Version: 00.00.08
2015/04/10 18:41:16:
2015/04/10 18:41:16: MasterKey Key Entry ... OK
2015/04/10 18:41:16: PowerON Counter Key Entry ... OK
2015/04/10 18:41:17: Key Entry ... OK
2015/04/10 18:41:17: Complete.
2015/04/10 18:41:17: COM PORT CLOSE ... OK
2015/04/10 18:41:17: 
2015/04/10 18:41:17: ==== Processing was completed ====
2015/04/10 18:41:17: 
*************************************************


*********** Start the Initialize Key Check **********
2015/04/10 20:18:34: Tool Ver: 2013.0605.01
2015/04/10 20:18:34: COM PORT OPEN ... OK
2015/04/10 20:18:34:
2015/04/10 20:18:34: ProductS/N:  5400159
2015/04/10 20:18:34: TID: 860427285A842D80
2015/04/10 20:18:34: F/W Version: 00.00.08
2015/04/10 20:18:34:
2015/04/10 20:18:34: MasterKey Key Entry ... OK
2015/04/10 20:18:34: PowerON Counter Key Entry ... OK
2015/04/10 20:18:35: Key Entry ... OK
2015/04/10 20:18:35: Complete.
2015/04/10 20:18:35: COM PORT CLOSE ... OK
2015/04/10 20:18:35: 
2015/04/10 20:18:35: ==== Processing was completed ====
2015/04/10 20:18:35: 
*************************************************


*********** Start the Initialize Key Check **********
2015/04/10 20:29:09: Tool Ver: 2013.0605.01
2015/04/10 20:29:09: COM PORT OPEN ... OK
2015/04/10 20:29:10:
2015/04/10 20:29:10: ProductS/N:  5400104
2015/04/10 20:29:10: TID: 860432255A842D80
2015/04/10 20:29:10: F/W Version: 00.00.08
2015/04/10 20:29:10:
2015/04/10 20:29:10: MasterKey Key Entry ... OK
2015/04/10 20:29:10: PowerON Counter Key Entry ... OK
2015/04/10 20:29:10: Key Entry ... OK
2015/04/10 20:29:10: Complete.
2015/04/10 20:29:10: COM PORT CLOSE ... OK
2015/04/10 20:29:10: 
2015/04/10 20:29:10: ==== Processing was completed ====
2015/04/10 20:29:10: 
*************************************************


