2016-12-16 15:36:45  [          ] (TCenter1.Create)Create Start
2016-12-16 15:36:45  [          ] File    : F:\Delphi\SFC Source Code\ICT\252\FQC1\FQC1_SFCS.exe
2016-12-16 15:36:45  [          ] Version : 1.0.0.1
2016-12-16 15:36:45  [          ] (TThreadTCPServerPCClient.ServerSocketListen)TCP/IP Server Listening with :6211
2016-12-16 15:36:45  [          ] (TCenter1.Create)Create Over
2016-12-16 15:36:45  [          ] (SajetTransStartType)Function Execute Over
2016-12-16 15:36:46  [          ] (TCenter1.Destroy)Destroy Start
2016-12-16 15:36:46  [          ] (TThreadTCPServerPCClient.Destroy)Cloes TCP/IP Server Start
2016-12-16 15:36:46  [          ] (TThreadTCPServerRsv.Destroy)Destroy Send Thread Start
2016-12-16 15:36:46  [          ] (TThreadTCPServerPCClient.Destroy)Cloes TCP/IP Server Over
2016-12-16 15:36:46  [          ] (TCenter1.Destroy)Destroy Over
2016-12-16 15:36:46  [          ] (TThreadTCPServerRsv.Destroy)Destroy Send Thread Over
2016-12-16 15:36:57  [          ] (TCenter1.Create)Create Start
2016-12-16 15:36:57  [          ] File    : F:\Delphi\SFC Source Code\ICT\252\FQC1\FQC1_SFCS.exe
2016-12-16 15:36:57  [          ] Version : 1.0.0.1
2016-12-16 15:36:57  [          ] (TThreadTCPServerPCClient.ServerSocketListen)TCP/IP Server Listening with :6211
2016-12-16 15:36:57  [          ] (TCenter1.Create)Create Over
2016-12-16 15:36:57  [          ] (SajetTransStartType)Function Execute Over
2016-12-16 15:36:58  [          ] (TCenter1.Destroy)Destroy Start
2016-12-16 15:36:58  [          ] (TThreadTCPServerPCClient.Destroy)Cloes TCP/IP Server Start
2016-12-16 15:36:58  [          ] (TThreadTCPServerRsv.Destroy)Destroy Send Thread Start
2016-12-16 15:36:58  [          ] (TThreadTCPServerRsv.Destroy)Destroy Send Thread Over
