*********** Start the Initialize Key Check **********
2014/12/09 08:06:46: Tool Ver: 2013.0605.01
2014/12/09 08:06:46: COM PORT OPEN ... OK
2014/12/09 08:06:46:
2014/12/09 08:06:46: ProductS/N:  VRW06A114Z00515
2014/12/09 08:06:46: TID: 86041A103AE62080
2014/12/09 08:06:46: F/W Version: 00.00.08
2014/12/09 08:06:46:
2014/12/09 08:06:46: MasterKey Key Entry ... OK
2014/12/09 08:06:46: PowerON Counter Key Entry ... OK
2014/12/09 08:06:47: Key Entry ... OK
2014/12/09 08:06:47: Complete.
2014/12/09 08:06:47: COM PORT CLOSE ... OK
2014/12/09 08:06:47: 
2014/12/09 08:06:47: ==== Processing was completed ====
2014/12/09 08:06:47: 
*************************************************


*********** Start the Initialize Key Check **********
2014/12/09 08:08:55: Tool Ver: 2013.0605.01
2014/12/09 08:08:55: COM PORT OPEN ... OK
2014/12/09 08:08:55:
2014/12/09 08:08:55: ProductS/N:  VRW06A114Z00521
2014/12/09 08:08:55: TID: 860437133AE62080
2014/12/09 08:08:55: F/W Version: 00.00.08
2014/12/09 08:08:55:
2014/12/09 08:08:55: MasterKey Key Entry ... OK
2014/12/09 08:08:55: PowerON Counter Key Entry ... OK
2014/12/09 08:08:56: Key Entry ... OK
2014/12/09 08:08:56: Complete.
2014/12/09 08:08:56: COM PORT CLOSE ... OK
2014/12/09 08:08:56: 
2014/12/09 08:08:56: ==== Processing was completed ====
2014/12/09 08:08:56: 
*************************************************


*********** Start the Initialize Key Check **********
2014/12/09 08:11:01: Tool Ver: 2013.0605.01
2014/12/09 08:11:01: COM PORT OPEN ... OK
2014/12/09 08:11:01:
2014/12/09 08:11:01: ProductS/N:  VRW06A114Z00481
2014/12/09 08:11:01: TID: 86043A2F3AE62080
2014/12/09 08:11:01: F/W Version: 00.00.08
2014/12/09 08:11:01:
2014/12/09 08:11:01: MasterKey Key Entry ... OK
2014/12/09 08:11:01: PowerON Counter Key Entry ... OK
2014/12/09 08:11:02: Key Entry ... OK
2014/12/09 08:11:02: Complete.
2014/12/09 08:11:02: COM PORT CLOSE ... OK
2014/12/09 08:11:02: 
2014/12/09 08:11:02: ==== Processing was completed ====
2014/12/09 08:11:02: 
*************************************************


*********** Start the Initialize Key Check **********
2014/12/09 08:11:50: Tool Ver: 2013.0605.01
2014/12/09 08:11:50: COM PORT OPEN ... OK
2014/12/09 08:11:50:
2014/12/09 08:11:50: ProductS/N:  VRW06A114Z00494
2014/12/09 08:11:50: TID: 86041C263AE62080
2014/12/09 08:11:50: F/W Version: 00.00.08
2014/12/09 08:11:50:
2014/12/09 08:11:50: MasterKey Key Entry ... OK
2014/12/09 08:11:50: PowerON Counter Key Entry ... OK
2014/12/09 08:11:51: Key Entry ... OK
2014/12/09 08:11:51: Complete.
2014/12/09 08:11:51: COM PORT CLOSE ... OK
2014/12/09 08:11:51: 
2014/12/09 08:11:51: ==== Processing was completed ====
2014/12/09 08:11:51: 
*************************************************


*********** Start the Initialize Key Check **********
2014/12/09 08:45:31: Tool Ver: 2013.0605.01
2014/12/09 08:45:31: COM PORT OPEN ... OK
2014/12/09 08:45:31:
2014/12/09 08:45:31: ProductS/N:  VRW06A114Z00525
2014/12/09 08:45:31: TID: 8604282222E62080
2014/12/09 08:45:31: F/W Version: 00.00.08
2014/12/09 08:45:31:
2014/12/09 08:45:31: MasterKey Key Entry ... OK
2014/12/09 08:45:31: PowerON Counter Key Entry ... OK
2014/12/09 08:45:32: Key Entry ... OK
2014/12/09 08:45:32: Complete.
2014/12/09 08:45:32: COM PORT CLOSE ... OK
2014/12/09 08:45:32: 
2014/12/09 08:45:32: ==== Processing was completed ====
2014/12/09 08:45:32: 
*************************************************


*********** Start the Initialize Key Check **********
2014/12/09 08:46:45: Tool Ver: 2013.0605.01
2014/12/09 08:46:45: COM PORT OPEN ... OK
2014/12/09 08:46:45:
2014/12/09 08:46:45: ProductS/N:  VRW06A114Z00520
2014/12/09 08:46:45: TID: 86040D0F32E62080
2014/12/09 08:46:45: F/W Version: 00.00.08
2014/12/09 08:46:45:
2014/12/09 08:46:45: MasterKey Key Entry ... OK
2014/12/09 08:46:45: PowerON Counter Key Entry ... OK
2014/12/09 08:46:46: Key Entry ... OK
2014/12/09 08:46:46: Complete.
2014/12/09 08:46:46: COM PORT CLOSE ... OK
2014/12/09 08:46:46: 
2014/12/09 08:46:46: ==== Processing was completed ====
2014/12/09 08:46:46: 
*************************************************


*********** Start the Initialize Key Check **********
2014/12/09 08:48:14: Tool Ver: 2013.0605.01
2014/12/09 08:48:14: COM PORT OPEN ... OK
2014/12/09 08:48:14:
2014/12/09 08:48:14: ProductS/N:  VRW06A114Z00523
2014/12/09 08:48:14: TID: 8604370FD2E52080
2014/12/09 08:48:14: F/W Version: 00.00.08
2014/12/09 08:48:14:
2014/12/09 08:48:14: MasterKey Key Entry ... OK
2014/12/09 08:48:14: PowerON Counter Key Entry ... OK
2014/12/09 08:48:15: Key Entry ... OK
2014/12/09 08:48:15: Complete.
2014/12/09 08:48:15: COM PORT CLOSE ... OK
2014/12/09 08:48:15: 
2014/12/09 08:48:15: ==== Processing was completed ====
2014/12/09 08:48:15: 
*************************************************


*********** Start the Initialize Key Check **********
2014/12/09 08:53:03: Tool Ver: 2013.0605.01
2014/12/09 08:53:03: COM PORT OPEN ... OK
2014/12/09 08:53:03:
2014/12/09 08:53:03: ProductS/N:  VRW06A114Z00517
2014/12/09 08:53:03: TID: 860405213AE62080
2014/12/09 08:53:03: F/W Version: 00.00.08
2014/12/09 08:53:03:
2014/12/09 08:53:03: MasterKey Key Entry ... OK
2014/12/09 08:53:03: PowerON Counter Key Entry ... OK
2014/12/09 08:53:04: Key Entry ... OK
2014/12/09 08:53:04: Complete.
2014/12/09 08:53:04: COM PORT CLOSE ... OK
2014/12/09 08:53:04: 
2014/12/09 08:53:04: ==== Processing was completed ====
2014/12/09 08:53:04: 
*************************************************


*********** Start the Initialize Key Check **********
2014/12/09 08:54:59: Tool Ver: 2013.0605.01
2014/12/09 08:54:59: COM PORT OPEN ... OK
2014/12/09 08:54:59:
2014/12/09 08:54:59: ProductS/N:  VRW06A114Z00519
2014/12/09 08:54:59: TID: 86040C233AE62080
2014/12/09 08:54:59: F/W Version: 00.00.08
2014/12/09 08:54:59:
2014/12/09 08:54:59: MasterKey Key Entry ... OK
2014/12/09 08:54:59: PowerON Counter Key Entry ... OK
2014/12/09 08:54:59: Key Entry ... OK
2014/12/09 08:54:59: Complete.
2014/12/09 08:54:59: COM PORT CLOSE ... OK
2014/12/09 08:54:59: 
2014/12/09 08:54:59: ==== Processing was completed ====
2014/12/09 08:54:59: 
*************************************************


*********** Start the Initialize Key Check **********
2014/12/09 08:56:24: Tool Ver: 2013.0605.01
2014/12/09 08:56:24: COM PORT OPEN ... OK
2014/12/09 08:56:24:
2014/12/09 08:56:24: ProductS/N:  VRW06A114Z00524
2014/12/09 08:56:24: TID: 86042C0732E62080
2014/12/09 08:56:24: F/W Version: 00.00.08
2014/12/09 08:56:24:
2014/12/09 08:56:24: MasterKey Key Entry ... OK
2014/12/09 08:56:24: PowerON Counter Key Entry ... OK
2014/12/09 08:56:25: Key Entry ... OK
2014/12/09 08:56:25: Complete.
2014/12/09 08:56:25: COM PORT CLOSE ... OK
2014/12/09 08:56:25: 
2014/12/09 08:56:25: ==== Processing was completed ====
2014/12/09 08:56:25: 
*************************************************


*********** Start the Initialize Key Check **********
2014/12/09 08:57:52: Tool Ver: 2013.0605.01
2014/12/09 08:57:52: COM PORT OPEN ... OK
2014/12/09 08:57:52:
2014/12/09 08:57:52: ProductS/N:  VRW06A114Z00490
2014/12/09 08:57:52: TID: 860435263AE62080
2014/12/09 08:57:52: F/W Version: 00.00.08
2014/12/09 08:57:52:
2014/12/09 08:57:52: MasterKey Key Entry ... OK
2014/12/09 08:57:52: PowerON Counter Key Entry ... OK
2014/12/09 08:57:53: Key Entry ... OK
2014/12/09 08:57:53: Complete.
2014/12/09 08:57:53: COM PORT CLOSE ... OK
2014/12/09 08:57:53: 
2014/12/09 08:57:53: ==== Processing was completed ====
2014/12/09 08:57:53: 
*************************************************


*********** Start the Initialize Key Check **********
2014/12/09 09:00:50: Tool Ver: 2013.0605.01
2014/12/09 09:00:50: COM PORT OPEN ... OK
2014/12/09 09:00:51:
2014/12/09 09:00:51: ProductS/N:  VRW06A114Z00431
2014/12/09 09:00:51: TID: 8604180D32E62080
2014/12/09 09:00:51: F/W Version: 00.00.08
2014/12/09 09:00:51:
2014/12/09 09:00:51: MasterKey Key Entry ... OK
2014/12/09 09:00:51: PowerON Counter Key Entry ... OK
2014/12/09 09:00:51: Key Entry ... OK
2014/12/09 09:00:51: Complete.
2014/12/09 09:00:51: COM PORT CLOSE ... OK
2014/12/09 09:00:51: 
2014/12/09 09:00:51: ==== Processing was completed ====
2014/12/09 09:00:51: 
*************************************************


*********** Start the Initialize Key Check **********
2014/12/09 09:02:31: Tool Ver: 2013.0605.01
2014/12/09 09:02:31: COM PORT OPEN ... OK
2014/12/09 09:02:32:
2014/12/09 09:02:32: ProductS/N:  VRW06A114Z00504
2014/12/09 09:02:32: TID: 8604340AD2E52080
2014/12/09 09:02:32: F/W Version: 00.00.08
2014/12/09 09:02:32:
2014/12/09 09:02:32: MasterKey Key Entry ... OK
2014/12/09 09:02:32: PowerON Counter Key Entry ... OK
2014/12/09 09:02:32: Key Entry ... OK
2014/12/09 09:02:32: Complete.
2014/12/09 09:02:32: COM PORT CLOSE ... OK
2014/12/09 09:02:32: 
2014/12/09 09:02:32: ==== Processing was completed ====
2014/12/09 09:02:32: 
*************************************************


*********** Start the Initialize Key Check **********
2014/12/09 09:06:35: Tool Ver: 2013.0605.01
2014/12/09 09:06:35: COM PORT OPEN ... OK
2014/12/09 09:06:35:
2014/12/09 09:06:35: ProductS/N:  VRW06A114Z00495
2014/12/09 09:06:35: TID: 86042D38D2E52080
2014/12/09 09:06:35: F/W Version: 00.00.08
2014/12/09 09:06:35:
2014/12/09 09:06:35: MasterKey Key Entry ... OK
2014/12/09 09:06:35: PowerON Counter Key Entry ... OK
2014/12/09 09:06:36: Key Entry ... OK
2014/12/09 09:06:36: Complete.
2014/12/09 09:06:36: COM PORT CLOSE ... OK
2014/12/09 09:06:36: 
2014/12/09 09:06:36: ==== Processing was completed ====
2014/12/09 09:06:36: 
*************************************************


*********** Start the Initialize Key Check **********
2014/12/09 09:08:24: Tool Ver: 2013.0605.01
2014/12/09 09:08:24: COM PORT OPEN ... OK
2014/12/09 09:08:24:
2014/12/09 09:08:24: ProductS/N:  VRW06A114Z00530
2014/12/09 09:08:24: TID: 8604242322E62080
2014/12/09 09:08:24: F/W Version: 00.00.08
2014/12/09 09:08:24:
2014/12/09 09:08:24: MasterKey Key Entry ... OK
2014/12/09 09:08:25: PowerON Counter Key Entry ... OK
2014/12/09 09:08:25: Key Entry ... OK
2014/12/09 09:08:25: Complete.
2014/12/09 09:08:25: COM PORT CLOSE ... OK
2014/12/09 09:08:25: 
2014/12/09 09:08:25: ==== Processing was completed ====
2014/12/09 09:08:25: 
*************************************************


*********** Start the Initialize Key Check **********
2014/12/09 09:10:03: Tool Ver: 2013.0605.01
2014/12/09 09:10:03: COM PORT OPEN ... OK
2014/12/09 09:10:03:
2014/12/09 09:10:03: ProductS/N:  VRW06A114Z00506
2014/12/09 09:10:03: TID: 86042D2022E62080
2014/12/09 09:10:03: F/W Version: 00.00.08
2014/12/09 09:10:03:
2014/12/09 09:10:03: MasterKey Key Entry ... OK
2014/12/09 09:10:03: PowerON Counter Key Entry ... OK
2014/12/09 09:10:04: Key Entry ... OK
2014/12/09 09:10:04: Complete.
2014/12/09 09:10:04: COM PORT CLOSE ... OK
2014/12/09 09:10:04: 
2014/12/09 09:10:04: ==== Processing was completed ====
2014/12/09 09:10:04: 
*************************************************


*********** Start the Initialize Key Check **********
2014/12/09 09:11:45: Tool Ver: 2013.0605.01
2014/12/09 09:11:45: COM PORT OPEN ... OK
2014/12/09 09:11:46:
2014/12/09 09:11:46: ProductS/N:  VRW06A114Z00528
2014/12/09 09:11:46: TID: 86043E232AE62080
2014/12/09 09:11:46: F/W Version: 00.00.08
2014/12/09 09:11:46:
2014/12/09 09:11:46: MasterKey Key Entry ... OK
2014/12/09 09:11:46: PowerON Counter Key Entry ... OK
2014/12/09 09:11:46: Key Entry ... OK
2014/12/09 09:11:46: Complete.
2014/12/09 09:11:46: COM PORT CLOSE ... OK
2014/12/09 09:11:46: 
2014/12/09 09:11:46: ==== Processing was completed ====
2014/12/09 09:11:46: 
*************************************************


*********** Start the Initialize Key Check **********
2014/12/09 09:14:09: Tool Ver: 2013.0605.01
2014/12/09 09:14:09: COM PORT OPEN ... OK
2014/12/09 09:14:09:
2014/12/09 09:14:09: ProductS/N:  VRW06A114Z00465
2014/12/09 09:14:09: TID: 8604382B3AE62080
2014/12/09 09:14:09: F/W Version: 00.00.08
2014/12/09 09:14:09:
2014/12/09 09:14:09: MasterKey Key Entry ... OK
2014/12/09 09:14:09: PowerON Counter Key Entry ... OK
2014/12/09 09:14:10: Key Entry ... OK
2014/12/09 09:14:10: Complete.
2014/12/09 09:14:10: COM PORT CLOSE ... OK
2014/12/09 09:14:10: 
2014/12/09 09:14:10: ==== Processing was completed ====
2014/12/09 09:14:10: 
*************************************************


*********** Start the Initialize Key Check **********
2014/12/09 09:15:52: Tool Ver: 2013.0605.01
2014/12/09 09:15:52: COM PORT OPEN ... OK
2014/12/09 09:15:52:
2014/12/09 09:15:52: ProductS/N:  VRW06A114Z00527
2014/12/09 09:15:52: TID: 8604272022E62080
2014/12/09 09:15:52: F/W Version: 00.00.08
2014/12/09 09:15:52:
2014/12/09 09:15:52: MasterKey Key Entry ... OK
2014/12/09 09:15:52: PowerON Counter Key Entry ... OK
2014/12/09 09:15:53: Key Entry ... OK
2014/12/09 09:15:53: Complete.
2014/12/09 09:15:53: COM PORT CLOSE ... OK
2014/12/09 09:15:53: 
2014/12/09 09:15:53: ==== Processing was completed ====
2014/12/09 09:15:53: 
*************************************************


*********** Start the Initialize Key Check **********
2014/12/09 09:17:38: Tool Ver: 2013.0605.01
2014/12/09 09:17:38: COM PORT OPEN ... OK
2014/12/09 09:17:38:
2014/12/09 09:17:38: ProductS/N:  VRW06A114Z00522
2014/12/09 09:17:38: TID: 86040E0F32E62080
2014/12/09 09:17:38: F/W Version: 00.00.08
2014/12/09 09:17:38:
2014/12/09 09:17:38: MasterKey Key Entry ... OK
2014/12/09 09:17:38: PowerON Counter Key Entry ... OK
2014/12/09 09:17:39: Key Entry ... OK
2014/12/09 09:17:39: Complete.
2014/12/09 09:17:39: COM PORT CLOSE ... OK
2014/12/09 09:17:39: 
2014/12/09 09:17:39: ==== Processing was completed ====
2014/12/09 09:17:39: 
*************************************************


*********** Start the Initialize Key Check **********
2014/12/09 09:22:31: Tool Ver: 2013.0605.01
2014/12/09 09:22:31: COM PORT OPEN ... OK
2014/12/09 09:22:31:
2014/12/09 09:22:31: ProductS/N:  VRW06A114Z00534
2014/12/09 09:22:32: TID: 8604243CCAE52080
2014/12/09 09:22:32: F/W Version: 00.00.08
2014/12/09 09:22:32:
2014/12/09 09:22:32: MasterKey Key Entry ... OK
2014/12/09 09:22:32: PowerON Counter Key Entry ... OK
2014/12/09 09:22:32: Key Entry ... OK
2014/12/09 09:22:32: Complete.
2014/12/09 09:22:32: COM PORT CLOSE ... OK
2014/12/09 09:22:32: 
2014/12/09 09:22:32: ==== Processing was completed ====
2014/12/09 09:22:32: 
*************************************************


*********** Start the Initialize Key Check **********
2014/12/09 09:24:38: Tool Ver: 2013.0605.01
2014/12/09 09:24:38: Product S/N ... ERROR
2014/12/09 09:24:38: 
2014/12/09 09:24:38: ######## Error has occurred ########
2014/12/09 09:24:38: 
*************************************************


*********** Start the Initialize Key Check **********
2014/12/09 09:25:06: Tool Ver: 2013.0605.01
2014/12/09 09:25:06: COM PORT OPEN ... OK
2014/12/09 09:25:07:
2014/12/09 09:25:07: ProductS/N:  VRW06A114Z00529
2014/12/09 09:25:07: TID: 8604202022E62080
2014/12/09 09:25:07: F/W Version: 00.00.08
2014/12/09 09:25:07:
2014/12/09 09:25:07: MasterKey Key Entry ... OK
2014/12/09 09:25:07: PowerON Counter Key Entry ... OK
2014/12/09 09:25:07: Key Entry ... OK
2014/12/09 09:25:07: Complete.
2014/12/09 09:25:07: COM PORT CLOSE ... OK
2014/12/09 09:25:07: 
2014/12/09 09:25:07: ==== Processing was completed ====
2014/12/09 09:25:07: 
*************************************************


*********** Start the Initialize Key Check **********
2014/12/09 09:26:34: Tool Ver: 2013.0605.01
2014/12/09 09:26:34: COM PORT OPEN ... OK
2014/12/09 09:26:34:
2014/12/09 09:26:34: ProductS/N:  VRW06A114Z00531
2014/12/09 09:26:34: TID: 8604353CCAE52080
2014/12/09 09:26:34: F/W Version: 00.00.08
2014/12/09 09:26:34:
2014/12/09 09:26:34: MasterKey Key Entry ... OK
2014/12/09 09:26:34: PowerON Counter Key Entry ... OK
2014/12/09 09:26:35: Key Entry ... OK
2014/12/09 09:26:35: Complete.
2014/12/09 09:26:35: COM PORT CLOSE ... OK
2014/12/09 09:26:35: 
2014/12/09 09:26:35: ==== Processing was completed ====
2014/12/09 09:26:35: 
*************************************************


*********** Start the Initialize Key Check **********
2014/12/09 09:28:08: Tool Ver: 2013.0605.01
2014/12/09 09:28:08: COM PORT OPEN ... OK
2014/12/09 09:28:08:
2014/12/09 09:28:08: ProductS/N:  VRW06A114Z00538
2014/12/09 09:28:08: TID: 86041E153AE62080
2014/12/09 09:28:08: F/W Version: 00.00.08
2014/12/09 09:28:08:
2014/12/09 09:28:08: MasterKey Key Entry ... OK
2014/12/09 09:28:08: PowerON Counter Key Entry ... OK
2014/12/09 09:28:09: Key Entry ... OK
2014/12/09 09:28:09: Complete.
2014/12/09 09:28:09: COM PORT CLOSE ... OK
2014/12/09 09:28:09: 
2014/12/09 09:28:09: ==== Processing was completed ====
2014/12/09 09:28:09: 
*************************************************


*********** Start the Initialize Key Check **********
2014/12/09 09:29:54: Tool Ver: 2013.0605.01
2014/12/09 09:29:54: COM PORT OPEN ... OK
2014/12/09 09:29:54:
2014/12/09 09:29:54: ProductS/N:  VRW06A114Z00532
2014/12/09 09:29:54: TID: 86040B13D2E52080
2014/12/09 09:29:54: F/W Version: 00.00.08
2014/12/09 09:29:54:
2014/12/09 09:29:54: MasterKey Key Entry ... OK
2014/12/09 09:29:54: PowerON Counter Key Entry ... OK
2014/12/09 09:29:55: Key Entry ... OK
2014/12/09 09:29:55: Complete.
2014/12/09 09:29:55: COM PORT CLOSE ... OK
2014/12/09 09:29:55: 
2014/12/09 09:29:55: ==== Processing was completed ====
2014/12/09 09:29:55: 
*************************************************


*********** Start the Initialize Key Check **********
2014/12/09 09:40:32: Tool Ver: 2013.0605.01
2014/12/09 09:40:32: COM PORT OPEN ... OK
2014/12/09 09:40:33:
2014/12/09 09:40:33: ProductS/N:  VRW06A114Z00493
2014/12/09 09:40:33: TID: 86040E2522E62080
2014/12/09 09:40:33: F/W Version: 00.00.08
2014/12/09 09:40:33:
2014/12/09 09:40:33: MasterKey Key Entry ... OK
2014/12/09 09:40:33: PowerON Counter Key Entry ... OK
2014/12/09 09:40:33: Key Entry ... OK
2014/12/09 09:40:33: Complete.
2014/12/09 09:40:33: COM PORT CLOSE ... OK
2014/12/09 09:40:33: 
2014/12/09 09:40:33: ==== Processing was completed ====
2014/12/09 09:40:33: 
*************************************************


*********** Start the Initialize Key Check **********
2014/12/09 09:42:41: Tool Ver: 2013.0605.01
2014/12/09 09:42:41: COM PORT OPEN ... OK
2014/12/09 09:42:41:
2014/12/09 09:42:41: ProductS/N:  VRW06A114Z00518
2014/12/09 09:42:41: TID: 86041F233AE62080
2014/12/09 09:42:41: F/W Version: 00.00.08
2014/12/09 09:42:41:
2014/12/09 09:42:41: MasterKey Key Entry ... OK
2014/12/09 09:42:41: PowerON Counter Key Entry ... OK
2014/12/09 09:42:42: Key Entry ... OK
2014/12/09 09:42:42: Complete.
2014/12/09 09:42:42: COM PORT CLOSE ... OK
2014/12/09 09:42:42: 
2014/12/09 09:42:42: ==== Processing was completed ====
2014/12/09 09:42:42: 
*************************************************


*********** Start the Initialize Key Check **********
2014/12/09 09:45:16: Tool Ver: 2013.0605.01
2014/12/09 09:45:16: COM PORT OPEN ... OK
2014/12/09 09:45:16:
2014/12/09 09:45:16: ProductS/N:  VRW06A114Z00533
2014/12/09 09:45:16: TID: 8604323BCAE52080
2014/12/09 09:45:16: F/W Version: 00.00.08
2014/12/09 09:45:16:
2014/12/09 09:45:16: MasterKey Key Entry ... OK
2014/12/09 09:45:16: PowerON Counter Key Entry ... OK
2014/12/09 09:45:16: Key Entry ... OK
2014/12/09 09:45:16: Complete.
2014/12/09 09:45:16: COM PORT CLOSE ... OK
2014/12/09 09:45:16: 
2014/12/09 09:45:16: ==== Processing was completed ====
2014/12/09 09:45:16: 
*************************************************


*********** Start the Initialize Key Check **********
2014/12/09 09:47:17: Tool Ver: 2013.0605.01
2014/12/09 09:47:17: COM PORT OPEN ... OK
2014/12/09 09:47:18:
2014/12/09 09:47:18: ProductS/N:  VRW06A114Z00541
2014/12/09 09:47:18: TID: 8604303BCAE52080
2014/12/09 09:47:18: F/W Version: 00.00.08
2014/12/09 09:47:18:
2014/12/09 09:47:18: MasterKey Key Entry ... OK
2014/12/09 09:47:18: PowerON Counter Key Entry ... OK
2014/12/09 09:47:18: Key Entry ... OK
2014/12/09 09:47:18: Complete.
2014/12/09 09:47:18: COM PORT CLOSE ... OK
2014/12/09 09:47:18: 
2014/12/09 09:47:18: ==== Processing was completed ====
2014/12/09 09:47:18: 
*************************************************


*********** Start the Initialize Key Check **********
2014/12/09 09:48:48: Tool Ver: 2013.0605.01
2014/12/09 09:48:48: COM PORT OPEN ... OK
2014/12/09 09:48:48:
2014/12/09 09:48:48: ProductS/N:  VRW06A114Z00536
2014/12/09 09:48:48: TID: 86042E3FCAE52080
2014/12/09 09:48:48: F/W Version: 00.00.08
2014/12/09 09:48:48:
2014/12/09 09:48:48: MasterKey Key Entry ... OK
2014/12/09 09:48:48: PowerON Counter Key Entry ... OK
2014/12/09 09:48:49: Key Entry ... OK
2014/12/09 09:48:49: Complete.
2014/12/09 09:48:49: COM PORT CLOSE ... OK
2014/12/09 09:48:49: 
2014/12/09 09:48:49: ==== Processing was completed ====
2014/12/09 09:48:49: 
*************************************************


*********** Start the Initialize Key Check **********
2014/12/09 09:50:52: Tool Ver: 2013.0605.01
2014/12/09 09:50:52: COM PORT OPEN ... OK
2014/12/09 09:50:53:
2014/12/09 09:50:53: ProductS/N:  VRW06A114Z00537
2014/12/09 09:50:53: TID: 86042B143AE62080
2014/12/09 09:50:53: F/W Version: 00.00.08
2014/12/09 09:50:53:
2014/12/09 09:50:53: MasterKey Key Entry ... OK
2014/12/09 09:50:53: PowerON Counter Key Entry ... OK
2014/12/09 09:50:53: Key Entry ... OK
2014/12/09 09:50:53: Complete.
2014/12/09 09:50:53: COM PORT CLOSE ... OK
2014/12/09 09:50:53: 
2014/12/09 09:50:53: ==== Processing was completed ====
2014/12/09 09:50:53: 
*************************************************


*********** Start the Initialize Key Check **********
2014/12/09 10:14:27: Tool Ver: 2013.0605.01
2014/12/09 10:14:27: COM PORT OPEN ... OK
2014/12/09 10:14:27:
2014/12/09 10:14:27: ProductS/N:  VRW06A114Z00539
2014/12/09 10:14:27: TID: 860409203AE62080
2014/12/09 10:14:27: F/W Version: 00.00.08
2014/12/09 10:14:27:
2014/12/09 10:14:27: MasterKey Key Entry ... OK
2014/12/09 10:14:27: PowerON Counter Key Entry ... OK
2014/12/09 10:14:28: Key Entry ... OK
2014/12/09 10:14:28: Complete.
2014/12/09 10:14:28: COM PORT CLOSE ... OK
2014/12/09 10:14:28: 
2014/12/09 10:14:28: ==== Processing was completed ====
2014/12/09 10:14:28: 
*************************************************


*********** Start the Initialize Key Check **********
2014/12/09 10:17:39: Tool Ver: 2013.0605.01
2014/12/09 10:17:39: COM PORT OPEN ... OK
2014/12/09 10:17:39:
2014/12/09 10:17:39: ProductS/N:  VRW06A114Z00540
2014/12/09 10:17:40: TID: 860436103AE62080
2014/12/09 10:17:40: F/W Version: 00.00.08
2014/12/09 10:17:40:
2014/12/09 10:17:40: MasterKey Key Entry ... OK
2014/12/09 10:17:40: PowerON Counter Key Entry ... OK
2014/12/09 10:17:40: Key Entry ... OK
2014/12/09 10:17:40: Complete.
2014/12/09 10:17:40: COM PORT CLOSE ... OK
2014/12/09 10:17:40: 
2014/12/09 10:17:40: ==== Processing was completed ====
2014/12/09 10:17:40: 
*************************************************


*********** Start the Initialize Key Check **********
2014/12/09 10:19:12: Tool Ver: 2013.0605.01
2014/12/09 10:19:12: COM PORT OPEN ... OK
2014/12/09 10:19:12:
2014/12/09 10:19:12: ProductS/N:  VRW06A114Z00544
2014/12/09 10:19:12: TID: 86042540CAE52080
2014/12/09 10:19:12: F/W Version: 00.00.08
2014/12/09 10:19:12:
2014/12/09 10:19:12: MasterKey Key Entry ... OK
2014/12/09 10:19:12: PowerON Counter Key Entry ... OK
2014/12/09 10:19:13: Key Entry ... OK
2014/12/09 10:19:13: Complete.
2014/12/09 10:19:13: COM PORT CLOSE ... OK
2014/12/09 10:19:13: 
2014/12/09 10:19:13: ==== Processing was completed ====
2014/12/09 10:19:13: 
*************************************************


*********** Start the Initialize Key Check **********
2014/12/09 10:23:50: Tool Ver: 2013.0605.01
2014/12/09 10:23:50: COM PORT OPEN ... OK
2014/12/09 10:23:50:
2014/12/09 10:23:50: ProductS/N:  VRW06A114Z00546
2014/12/09 10:23:50: TID: 8604323ECAE52080
2014/12/09 10:23:50: F/W Version: 00.00.08
2014/12/09 10:23:50:
2014/12/09 10:23:50: MasterKey Key Entry ... OK
2014/12/09 10:23:50: PowerON Counter Key Entry ... OK
2014/12/09 10:23:50: Key Entry ... OK
2014/12/09 10:23:50: Complete.
2014/12/09 10:23:50: COM PORT CLOSE ... OK
2014/12/09 10:23:50: 
2014/12/09 10:23:50: ==== Processing was completed ====
2014/12/09 10:23:50: 
*************************************************


*********** Start the Initialize Key Check **********
2014/12/09 10:24:52: Tool Ver: 2013.0605.01
2014/12/09 10:24:52: COM PORT OPEN ... OK
2014/12/09 10:24:52:
2014/12/09 10:24:52: ProductS/N:  VRW06A114Z00550
2014/12/09 10:24:52: TID: 86042F0DD2E52080
2014/12/09 10:24:52: F/W Version: 00.00.08
2014/12/09 10:24:52:
2014/12/09 10:24:52: MasterKey Key Entry ... OK
2014/12/09 10:24:52: PowerON Counter Key Entry ... OK
2014/12/09 10:24:53: Key Entry ... OK
2014/12/09 10:24:53: Complete.
2014/12/09 10:24:53: COM PORT CLOSE ... OK
2014/12/09 10:24:53: 
2014/12/09 10:24:53: ==== Processing was completed ====
2014/12/09 10:24:53: 
*************************************************


*********** Start the Initialize Key Check **********
2014/12/09 10:27:08: Tool Ver: 2013.0605.01
2014/12/09 10:27:08: COM PORT OPEN ... OK
2014/12/09 10:27:08:
2014/12/09 10:27:08: ProductS/N:  VRW06A114Z00551
2014/12/09 10:27:08: TID: 860434263AE62080
2014/12/09 10:27:08: F/W Version: 00.00.08
2014/12/09 10:27:08:
2014/12/09 10:27:08: MasterKey Key Entry ... OK
2014/12/09 10:27:08: PowerON Counter Key Entry ... OK
2014/12/09 10:27:09: Key Entry ... OK
2014/12/09 10:27:09: Complete.
2014/12/09 10:27:09: COM PORT CLOSE ... OK
2014/12/09 10:27:09: 
2014/12/09 10:27:09: ==== Processing was completed ====
2014/12/09 10:27:09: 
*************************************************


*********** Start the Initialize Key Check **********
2014/12/09 10:29:07: Tool Ver: 2013.0605.01
2014/12/09 10:29:07: COM PORT OPEN ... OK
2014/12/09 10:29:08:
2014/12/09 10:29:08: ProductS/N:  VRW06A114Z00547
2014/12/09 10:29:08: TID: 86042138CAE52080
2014/12/09 10:29:08: F/W Version: 00.00.08
2014/12/09 10:29:08:
2014/12/09 10:29:08: MasterKey Key Entry ... OK
2014/12/09 10:29:08: PowerON Counter Key Entry ... OK
2014/12/09 10:29:08: Key Entry ... OK
2014/12/09 10:29:08: Complete.
2014/12/09 10:29:08: COM PORT CLOSE ... OK
2014/12/09 10:29:08: 
2014/12/09 10:29:08: ==== Processing was completed ====
2014/12/09 10:29:08: 
*************************************************


*********** Start the Initialize Key Check **********
2014/12/09 10:36:52: Tool Ver: 2013.0605.01
2014/12/09 10:36:52: COM PORT OPEN ... OK
2014/12/09 10:36:52:
2014/12/09 10:36:52: ProductS/N:  VRW06A114Z00543
2014/12/09 10:36:52: TID: 86040D2222E62080
2014/12/09 10:36:52: F/W Version: 00.00.08
2014/12/09 10:36:52:
2014/12/09 10:36:52: MasterKey Key Entry ... OK
2014/12/09 10:36:52: PowerON Counter Key Entry ... OK
2014/12/09 10:36:53: Key Entry ... OK
2014/12/09 10:36:53: Complete.
2014/12/09 10:36:53: COM PORT CLOSE ... OK
2014/12/09 10:36:53: 
2014/12/09 10:36:53: ==== Processing was completed ====
2014/12/09 10:36:53: 
*************************************************


*********** Start the Initialize Key Check **********
2014/12/09 10:38:52: Tool Ver: 2013.0605.01
2014/12/09 10:38:52: COM PORT OPEN ... OK
2014/12/09 10:38:52:
2014/12/09 10:38:52: ProductS/N:  VRW06A114Z00526
2014/12/09 10:38:52: TID: 86041F0E32E62080
2014/12/09 10:38:52: F/W Version: 00.00.08
2014/12/09 10:38:52:
2014/12/09 10:38:52: MasterKey Key Entry ... OK
2014/12/09 10:38:52: PowerON Counter Key Entry ... OK
2014/12/09 10:38:53: Key Entry ... OK
2014/12/09 10:38:53: Complete.
2014/12/09 10:38:53: COM PORT CLOSE ... OK
2014/12/09 10:38:53: 
2014/12/09 10:38:53: ==== Processing was completed ====
2014/12/09 10:38:53: 
*************************************************


*********** Start the Initialize Key Check **********
2014/12/09 10:44:21: Tool Ver: 2013.0605.01
2014/12/09 10:44:21: COM PORT OPEN ... OK
2014/12/09 10:44:21:
2014/12/09 10:44:21: ProductS/N:  VRW06A114Z00549
2014/12/09 10:44:21: TID: 86041A43CAE52080
2014/12/09 10:44:21: F/W Version: 00.00.08
2014/12/09 10:44:21:
2014/12/09 10:44:21: MasterKey Key Entry ... OK
2014/12/09 10:44:21: PowerON Counter Key Entry ... OK
2014/12/09 10:44:22: Key Entry ... OK
2014/12/09 10:44:22: Complete.
2014/12/09 10:44:22: COM PORT CLOSE ... OK
2014/12/09 10:44:22: 
2014/12/09 10:44:22: ==== Processing was completed ====
2014/12/09 10:44:22: 
*************************************************


*********** Start the Initialize Key Check **********
2014/12/09 10:46:03: Tool Ver: 2013.0605.01
2014/12/09 10:46:03: COM PORT OPEN ... OK
2014/12/09 10:46:04:
2014/12/09 10:46:04: ProductS/N:  VRW06A114Z00554
2014/12/09 10:46:04: TID: 86040B2322E62080
2014/12/09 10:46:04: F/W Version: 00.00.08
2014/12/09 10:46:04:
2014/12/09 10:46:04: MasterKey Key Entry ... OK
2014/12/09 10:46:04: PowerON Counter Key Entry ... OK
2014/12/09 10:46:04: Key Entry ... OK
2014/12/09 10:46:04: Complete.
2014/12/09 10:46:04: COM PORT CLOSE ... OK
2014/12/09 10:46:04: 
2014/12/09 10:46:04: ==== Processing was completed ====
2014/12/09 10:46:04: 
*************************************************


*********** Start the Initialize Key Check **********
2014/12/09 11:01:55: Tool Ver: 2013.0605.01
2014/12/09 11:01:55: COM PORT OPEN ... OK
2014/12/09 11:01:55:
2014/12/09 11:01:55: ProductS/N:  VRW06A114Z00553
2014/12/09 11:01:55: TID: 860439273AE62080
2014/12/09 11:01:55: F/W Version: 00.00.08
2014/12/09 11:01:55:
2014/12/09 11:01:55: MasterKey Key Entry ... OK
2014/12/09 11:01:55: PowerON Counter Key Entry ... OK
2014/12/09 11:01:56: Key Entry ... OK
2014/12/09 11:01:56: Complete.
2014/12/09 11:01:56: COM PORT CLOSE ... OK
2014/12/09 11:01:56: 
2014/12/09 11:01:56: ==== Processing was completed ====
2014/12/09 11:01:56: 
*************************************************


*********** Start the Initialize Key Check **********
2014/12/09 11:04:09: Tool Ver: 2013.0605.01
2014/12/09 11:04:09: COM PORT OPEN ... OK
2014/12/09 11:04:09:
2014/12/09 11:04:09: ProductS/N:  VRW06A114Z00556
2014/12/09 11:04:09: TID: 8604241032E62080
2014/12/09 11:04:09: F/W Version: 00.00.08
2014/12/09 11:04:09:
2014/12/09 11:04:09: MasterKey Key Entry ... OK
2014/12/09 11:04:09: PowerON Counter Key Entry ... OK
2014/12/09 11:04:10: Key Entry ... OK
2014/12/09 11:04:10: Complete.
2014/12/09 11:04:10: COM PORT CLOSE ... OK
2014/12/09 11:04:10: 
2014/12/09 11:04:10: ==== Processing was completed ====
2014/12/09 11:04:10: 
*************************************************


*********** Start the Initialize Key Check **********
2014/12/09 11:19:29: Tool Ver: 2013.0605.01
2014/12/09 11:19:29: COM PORT OPEN ... OK
2014/12/09 11:19:29:
2014/12/09 11:19:29: ProductS/N:  VRW06A114Z00563
2014/12/09 11:19:29: TID: 86040615D2E52080
2014/12/09 11:19:29: F/W Version: 00.00.08
2014/12/09 11:19:29:
2014/12/09 11:19:29: MasterKey Key Entry ... OK
2014/12/09 11:19:29: PowerON Counter Key Entry ... OK
2014/12/09 11:19:30: Key Entry ... OK
2014/12/09 11:19:30: Complete.
2014/12/09 11:19:30: COM PORT CLOSE ... OK
2014/12/09 11:19:30: 
2014/12/09 11:19:30: ==== Processing was completed ====
2014/12/09 11:19:30: 
*************************************************


*********** Start the Initialize Key Check **********
2014/12/09 11:22:07: Tool Ver: 2013.0605.01
2014/12/09 11:22:07: COM PORT OPEN ... OK
2014/12/09 11:22:07:
2014/12/09 11:22:07: ProductS/N:  VRW06A114Z00557
2014/12/09 11:22:07: TID: 86042D29CAE52080
2014/12/09 11:22:07: F/W Version: 00.00.08
2014/12/09 11:22:07:
2014/12/09 11:22:07: MasterKey Key Entry ... OK
2014/12/09 11:22:07: PowerON Counter Key Entry ... OK
2014/12/09 11:22:08: Key Entry ... OK
2014/12/09 11:22:08: Complete.
2014/12/09 11:22:08: COM PORT CLOSE ... OK
2014/12/09 11:22:08: 
2014/12/09 11:22:08: ==== Processing was completed ====
2014/12/09 11:22:08: 
*************************************************


*********** Start the Initialize Key Check **********
2014/12/09 11:29:43: Tool Ver: 2013.0605.01
2014/12/09 11:29:43: COM PORT OPEN ... OK
2014/12/09 11:29:44:
2014/12/09 11:29:44: ProductS/N:  VRW06A114Z00431
2014/12/09 11:29:44: TID: 8604180D32E62080
2014/12/09 11:29:44: F/W Version: 00.00.08
2014/12/09 11:29:44:
2014/12/09 11:29:44: MasterKey Key Entry ... OK
2014/12/09 11:29:44: PowerON Counter Key Entry ... OK
2014/12/09 11:29:44: Key Entry ... OK
2014/12/09 11:29:44: Complete.
2014/12/09 11:29:44: COM PORT CLOSE ... OK
2014/12/09 11:29:44: 
2014/12/09 11:29:44: ==== Processing was completed ====
2014/12/09 11:29:44: 
*************************************************


*********** Start the Initialize Key Check **********
2014/12/09 11:33:16: Tool Ver: 2013.0605.01
2014/12/09 11:33:16: COM PORT OPEN ... OK
2014/12/09 11:33:16:
2014/12/09 11:33:16: ProductS/N:  VRW06A114Z00562
2014/12/09 11:33:16: TID: 86041341CAE52080
2014/12/09 11:33:16: F/W Version: 00.00.08
2014/12/09 11:33:16:
2014/12/09 11:33:16: MasterKey Key Entry ... OK
2014/12/09 11:33:16: PowerON Counter Key Entry ... OK
2014/12/09 11:33:16: Key Entry ... OK
2014/12/09 11:33:16: Complete.
2014/12/09 11:33:16: COM PORT CLOSE ... OK
2014/12/09 11:33:16: 
2014/12/09 11:33:16: ==== Processing was completed ====
2014/12/09 11:33:16: 
*************************************************


*********** Start the Initialize Key Check **********
2014/12/09 11:37:41: Tool Ver: 2013.0605.01
2014/12/09 11:37:41: COM PORT OPEN ... OK
2014/12/09 11:37:41:
2014/12/09 11:37:41: ProductS/N:  VRW06A114Z00506
2014/12/09 11:37:41: TID: 86042D2022E62080
2014/12/09 11:37:41: F/W Version: 00.00.08
2014/12/09 11:37:41:
2014/12/09 11:37:41: MasterKey Key Entry ... OK
2014/12/09 11:37:41: PowerON Counter Key Entry ... OK
2014/12/09 11:37:41: Key Entry ... OK
2014/12/09 11:37:41: Complete.
2014/12/09 11:37:41: COM PORT CLOSE ... OK
2014/12/09 11:37:41: 
2014/12/09 11:37:41: ==== Processing was completed ====
2014/12/09 11:37:41: 
*************************************************


*********** Start the Initialize Key Check **********
2014/12/09 12:55:51: Tool Ver: 2013.0605.01
2014/12/09 12:55:51: COM PORT OPEN ... OK
2014/12/09 12:55:51:
2014/12/09 12:55:51: ProductS/N:  VRW06A114Z00561
2014/12/09 12:55:51: TID: 86043039CAE52080
2014/12/09 12:55:51: F/W Version: 00.00.08
2014/12/09 12:55:51:
2014/12/09 12:55:51: MasterKey Key Entry ... OK
2014/12/09 12:55:51: PowerON Counter Key Entry ... OK
2014/12/09 12:55:52: Key Entry ... OK
2014/12/09 12:55:52: Complete.
2014/12/09 12:55:52: COM PORT CLOSE ... OK
2014/12/09 12:55:52: 
2014/12/09 12:55:52: ==== Processing was completed ====
2014/12/09 12:55:52: 
*************************************************


*********** Start the Initialize Key Check **********
2014/12/09 12:58:18: Tool Ver: 2013.0605.01
2014/12/09 12:58:18: COM PORT OPEN ... OK
2014/12/09 12:58:18:
2014/12/09 12:58:18: ProductS/N:  VRW06A114Z00564
2014/12/09 12:58:18: TID: 86041616D2E52080
2014/12/09 12:58:18: F/W Version: 00.00.08
2014/12/09 12:58:18:
2014/12/09 12:58:18: MasterKey Key Entry ... OK
2014/12/09 12:58:18: PowerON Counter Key Entry ... OK
2014/12/09 12:58:19: Key Entry ... OK
2014/12/09 12:58:19: Complete.
2014/12/09 12:58:19: COM PORT CLOSE ... OK
2014/12/09 12:58:19: 
2014/12/09 12:58:19: ==== Processing was completed ====
2014/12/09 12:58:19: 
*************************************************


*********** Start the Initialize Key Check **********
2014/12/09 13:00:20: Tool Ver: 2013.0605.01
2014/12/09 13:00:20: COM PORT OPEN ... OK
2014/12/09 13:00:20:
2014/12/09 13:00:20: ProductS/N:  VRW06A114Z00559
2014/12/09 13:00:20: TID: 860438143AE62080
2014/12/09 13:00:20: F/W Version: 00.00.08
2014/12/09 13:00:20:
2014/12/09 13:00:20: MasterKey Key Entry ... OK
2014/12/09 13:00:20: PowerON Counter Key Entry ... OK
2014/12/09 13:00:20: Key Entry ... OK
2014/12/09 13:00:20: Complete.
2014/12/09 13:00:20: COM PORT CLOSE ... OK
2014/12/09 13:00:20: 
2014/12/09 13:00:20: ==== Processing was completed ====
2014/12/09 13:00:20: 
*************************************************


*********** Start the Initialize Key Check **********
2014/12/09 13:14:06: Tool Ver: 2013.0605.01
2014/12/09 13:14:06: COM PORT OPEN ... OK
2014/12/09 13:14:07:
2014/12/09 13:14:07: ProductS/N:  VRW06A114Z00567
2014/12/09 13:14:07: TID: 8604432622E62080
2014/12/09 13:14:07: F/W Version: 00.00.08
2014/12/09 13:14:07:
2014/12/09 13:14:07: MasterKey Key Entry ... OK
2014/12/09 13:14:07: PowerON Counter Key Entry ... OK
2014/12/09 13:14:07: Key Entry ... OK
2014/12/09 13:14:07: Complete.
2014/12/09 13:14:07: COM PORT CLOSE ... OK
2014/12/09 13:14:07: 
2014/12/09 13:14:07: ==== Processing was completed ====
2014/12/09 13:14:07: 
*************************************************


*********** Start the Initialize Key Check **********
2014/12/09 13:16:25: Tool Ver: 2013.0605.01
2014/12/09 13:16:25: COM PORT OPEN ... OK
2014/12/09 13:16:25:
2014/12/09 13:16:25: ProductS/N:  VRW06A114Z00566
2014/12/09 13:16:25: TID: 860407163AE62080
2014/12/09 13:16:25: F/W Version: 00.00.08
2014/12/09 13:16:25:
2014/12/09 13:16:25: MasterKey Key Entry ... OK
2014/12/09 13:16:25: PowerON Counter Key Entry ... OK
2014/12/09 13:16:26: Key Entry ... OK
2014/12/09 13:16:26: Complete.
2014/12/09 13:16:26: COM PORT CLOSE ... OK
2014/12/09 13:16:26: 
2014/12/09 13:16:26: ==== Processing was completed ====
2014/12/09 13:16:26: 
*************************************************


*********** Start the Initialize Key Check **********
2014/12/09 13:25:50: Tool Ver: 2013.0605.01
2014/12/09 13:25:50: COM PORT OPEN ... OK
2014/12/09 13:25:50:
2014/12/09 13:25:50: ProductS/N:  VRW06A114Z00535
2014/12/09 13:25:50: TID: 86042F223AE62080
2014/12/09 13:25:50: F/W Version: 00.00.08
2014/12/09 13:25:50:
2014/12/09 13:25:50: MasterKey Key Entry ... OK
2014/12/09 13:25:50: PowerON Counter Key Entry ... OK
2014/12/09 13:25:50: Key Entry ... OK
2014/12/09 13:25:50: Complete.
2014/12/09 13:25:50: COM PORT CLOSE ... OK
2014/12/09 13:25:50: 
2014/12/09 13:25:50: ==== Processing was completed ====
2014/12/09 13:25:50: 
*************************************************


*********** Start the Initialize Key Check **********
2014/12/09 13:31:05: Tool Ver: 2013.0605.01
2014/12/09 13:31:05: COM PORT OPEN ... OK
2014/12/09 13:31:05:
2014/12/09 13:31:05: ProductS/N:  VRW06A114Z00512
2014/12/09 13:31:05: TID: 86040F173AE62080
2014/12/09 13:31:05: F/W Version: 00.00.08
2014/12/09 13:31:05:
2014/12/09 13:31:05: MasterKey Key Entry ... OK
2014/12/09 13:31:05: PowerON Counter Key Entry ... OK
2014/12/09 13:31:05: Key Entry ... OK
2014/12/09 13:31:05: Complete.
2014/12/09 13:31:05: COM PORT CLOSE ... OK
2014/12/09 13:31:05: 
2014/12/09 13:31:05: ==== Processing was completed ====
2014/12/09 13:31:05: 
*************************************************


*********** Start the Initialize Key Check **********
2014/12/09 13:32:19: Tool Ver: 2013.0605.01
2014/12/09 13:32:19: COM PORT OPEN ... OK
2014/12/09 13:32:19:
2014/12/09 13:32:19: ProductS/N:  VRW06A114Z00535
2014/12/09 13:32:19: TID: 86042F223AE62080
2014/12/09 13:32:19: F/W Version: 00.00.08
2014/12/09 13:32:19:
2014/12/09 13:32:19: MasterKey Key Entry ... OK
2014/12/09 13:32:19: PowerON Counter Key Entry ... OK
2014/12/09 13:32:20: Key Entry ... OK
2014/12/09 13:32:20: Complete.
2014/12/09 13:32:20: COM PORT CLOSE ... OK
2014/12/09 13:32:20: 
2014/12/09 13:32:20: ==== Processing was completed ====
2014/12/09 13:32:20: 
*************************************************


*********** Start the Initialize Key Check **********
2014/12/09 13:33:00: Tool Ver: 2013.0605.01
2014/12/09 13:33:00: COM PORT OPEN ... OK
2014/12/09 13:33:00:
2014/12/09 13:33:00: ProductS/N:  VRW06A114Z00568
2014/12/09 13:33:00: TID: 8604331CD2E52080
2014/12/09 13:33:00: F/W Version: 00.00.08
2014/12/09 13:33:00:
2014/12/09 13:33:00: MasterKey Key Entry ... OK
2014/12/09 13:33:00: PowerON Counter Key Entry ... OK
2014/12/09 13:33:00: Key Entry ... OK
2014/12/09 13:33:00: Complete.
2014/12/09 13:33:00: COM PORT CLOSE ... OK
2014/12/09 13:33:00: 
2014/12/09 13:33:00: ==== Processing was completed ====
2014/12/09 13:33:00: 
*************************************************


*********** Start the Initialize Key Check **********
2014/12/09 13:34:23: Tool Ver: 2013.0605.01
2014/12/09 13:34:23: COM PORT OPEN ... OK
2014/12/09 13:34:23:
2014/12/09 13:34:23: ProductS/N:  VRW06A114Z00569
2014/12/09 13:34:23: TID: 8604392B3AE62080
2014/12/09 13:34:23: F/W Version: 00.00.08
2014/12/09 13:34:23:
2014/12/09 13:34:23: MasterKey Key Entry ... OK
2014/12/09 13:34:23: PowerON Counter Key Entry ... OK
2014/12/09 13:34:23: Key Entry ... OK
2014/12/09 13:34:23: Complete.
2014/12/09 13:34:23: COM PORT CLOSE ... OK
2014/12/09 13:34:23: 
2014/12/09 13:34:23: ==== Processing was completed ====
2014/12/09 13:34:23: 
*************************************************


*********** Start the Initialize Key Check **********
2014/12/09 13:41:49: Tool Ver: 2013.0605.01
2014/12/09 13:41:49: COM PORT OPEN ... OK
2014/12/09 13:41:49:
2014/12/09 13:41:49: ProductS/N:  VRW06A114Z00574
2014/12/09 13:41:49: TID: 86040C26CAE52080
2014/12/09 13:41:49: F/W Version: 00.00.08
2014/12/09 13:41:49:
2014/12/09 13:41:49: MasterKey Key Entry ... OK
2014/12/09 13:41:49: PowerON Counter Key Entry ... OK
2014/12/09 13:41:50: Key Entry ... OK
2014/12/09 13:41:50: Complete.
2014/12/09 13:41:50: COM PORT CLOSE ... OK
2014/12/09 13:41:50: 
2014/12/09 13:41:50: ==== Processing was completed ====
2014/12/09 13:41:50: 
*************************************************


*********** Start the Initialize Key Check **********
2014/12/09 13:46:21: Tool Ver: 2013.0605.01
2014/12/09 13:46:21: COM PORT OPEN ... OK
2014/12/09 13:46:22:
2014/12/09 13:46:22: ProductS/N:  VRW06A114Z00545
2014/12/09 13:46:22: TID: 860412113AE62080
2014/12/09 13:46:22: F/W Version: 00.00.08
2014/12/09 13:46:22:
2014/12/09 13:46:22: MasterKey Key Entry ... OK
2014/12/09 13:46:22: PowerON Counter Key Entry ... OK
2014/12/09 13:46:22: Key Entry ... OK
2014/12/09 13:46:22: Complete.
2014/12/09 13:46:22: COM PORT CLOSE ... OK
2014/12/09 13:46:22: 
2014/12/09 13:46:22: ==== Processing was completed ====
2014/12/09 13:46:22: 
*************************************************


*********** Start the Initialize Key Check **********
2014/12/09 13:59:36: Tool Ver: 2013.0605.01
2014/12/09 13:59:36: COM PORT OPEN ... OK
2014/12/09 13:59:36:
2014/12/09 13:59:36: ProductS/N:  VRW06A114Z00560
2014/12/09 13:59:36: TID: 8604242E3AE62080
2014/12/09 13:59:36: F/W Version: 00.00.08
2014/12/09 13:59:36:
2014/12/09 13:59:36: MasterKey Key Entry ... OK
2014/12/09 13:59:36: PowerON Counter Key Entry ... OK
2014/12/09 13:59:37: Key Entry ... OK
2014/12/09 13:59:37: Complete.
2014/12/09 13:59:37: COM PORT CLOSE ... OK
2014/12/09 13:59:37: 
2014/12/09 13:59:37: ==== Processing was completed ====
2014/12/09 13:59:37: 
*************************************************


*********** Start the Initialize Key Check **********
2014/12/09 14:16:55: Tool Ver: 2013.0605.01
2014/12/09 14:16:55: COM PORT OPEN ... OK
2014/12/09 14:16:55:
2014/12/09 14:16:55: ProductS/N:  VRW06A114Z00575
2014/12/09 14:16:55: TID: 8604343CCAE52080
2014/12/09 14:16:55: F/W Version: 00.00.08
2014/12/09 14:16:55:
2014/12/09 14:16:55: MasterKey Key Entry ... OK
2014/12/09 14:16:55: PowerON Counter Key Entry ... OK
2014/12/09 14:16:56: Key Entry ... OK
2014/12/09 14:16:56: Complete.
2014/12/09 14:16:56: COM PORT CLOSE ... OK
2014/12/09 14:16:56: 
2014/12/09 14:16:56: ==== Processing was completed ====
2014/12/09 14:16:56: 
*************************************************


*********** Start the Initialize Key Check **********
2014/12/09 14:18:27: Tool Ver: 2013.0605.01
2014/12/09 14:18:27: COM PORT OPEN ... OK
2014/12/09 14:18:27:
2014/12/09 14:18:27: ProductS/N:  VRW06A114Z00572
2014/12/09 14:18:27: TID: 8604062122E62080
2014/12/09 14:18:27: F/W Version: 00.00.08
2014/12/09 14:18:27:
2014/12/09 14:18:27: MasterKey Key Entry ... OK
2014/12/09 14:18:27: PowerON Counter Key Entry ... OK
2014/12/09 14:18:28: Key Entry ... OK
2014/12/09 14:18:28: Complete.
2014/12/09 14:18:28: COM PORT CLOSE ... OK
2014/12/09 14:18:28: 
2014/12/09 14:18:28: ==== Processing was completed ====
2014/12/09 14:18:28: 
*************************************************


*********** Start the Initialize Key Check **********
2014/12/09 14:19:23: Tool Ver: 2013.0605.01
2014/12/09 14:19:23: COM PORT OPEN ... ERROR(01)
2014/12/09 14:19:23: 
2014/12/09 14:19:23: ######## Error has occurred ########
2014/12/09 14:19:23: 
*************************************************


*********** Start the Initialize Key Check **********
2014/12/09 14:19:57: Tool Ver: 2013.0605.01
2014/12/09 14:19:57: COM PORT OPEN ... OK
2014/12/09 14:19:57:
2014/12/09 14:19:57: ProductS/N:  VRW06A114Z00569
2014/12/09 14:19:57: TID: 86040D2122E62080
2014/12/09 14:19:57: F/W Version: 00.00.08
2014/12/09 14:19:57:
2014/12/09 14:19:57: MasterKey Key Entry ... OK
2014/12/09 14:19:57: PowerON Counter Key Entry ... OK
2014/12/09 14:19:58: Key Entry ... OK
2014/12/09 14:19:58: Complete.
2014/12/09 14:19:58: COM PORT CLOSE ... OK
2014/12/09 14:19:58: 
2014/12/09 14:19:58: ==== Processing was completed ====
2014/12/09 14:19:58: 
*************************************************


*********** Start the Initialize Key Check **********
2014/12/09 14:20:33: Tool Ver: 2013.0605.01
2014/12/09 14:20:33: COM PORT OPEN ... OK
2014/12/09 14:20:33:
2014/12/09 14:20:33: ProductS/N:  VRW06A114Z00569
2014/12/09 14:20:33: TID: 86040D2122E62080
2014/12/09 14:20:33: F/W Version: 00.00.08
2014/12/09 14:20:33:
2014/12/09 14:20:33: MasterKey Key Entry ... OK
2014/12/09 14:20:33: PowerON Counter Key Entry ... OK
2014/12/09 14:20:34: Key Entry ... OK
2014/12/09 14:20:34: Complete.
2014/12/09 14:20:34: COM PORT CLOSE ... OK
2014/12/09 14:20:34: 
2014/12/09 14:20:34: ==== Processing was completed ====
2014/12/09 14:20:34: 
*************************************************


*********** Start the Initialize Key Check **********
2014/12/09 14:20:55: Tool Ver: 2013.0605.01
2014/12/09 14:20:55: COM PORT OPEN ... OK
2014/12/09 14:20:55:
2014/12/09 14:20:55: ProductS/N:  VRW06A114Z00569
2014/12/09 14:20:55: TID: 86040D2122E62080
2014/12/09 14:20:55: F/W Version: 00.00.08
2014/12/09 14:20:55:
2014/12/09 14:20:55: MasterKey Key Entry ... OK
2014/12/09 14:20:55: PowerON Counter Key Entry ... OK
2014/12/09 14:20:56: Key Entry ... OK
2014/12/09 14:20:56: Complete.
2014/12/09 14:20:56: COM PORT CLOSE ... OK
2014/12/09 14:20:56: 
2014/12/09 14:20:56: ==== Processing was completed ====
2014/12/09 14:20:56: 
*************************************************


*********** Start the Initialize Key Check **********
2014/12/09 14:21:31: Tool Ver: 2013.0605.01
2014/12/09 14:21:31: COM PORT OPEN ... OK
2014/12/09 14:21:31:
2014/12/09 14:21:31: ProductS/N:  VRW06A114Z00578
2014/12/09 14:21:31: TID: 8604162B3AE62080
2014/12/09 14:21:31: F/W Version: 00.00.08
2014/12/09 14:21:31:
2014/12/09 14:21:31: MasterKey Key Entry ... OK
2014/12/09 14:21:31: PowerON Counter Key Entry ... OK
2014/12/09 14:21:32: Key Entry ... OK
2014/12/09 14:21:32: Complete.
2014/12/09 14:21:32: COM PORT CLOSE ... OK
2014/12/09 14:21:32: 
2014/12/09 14:21:32: ==== Processing was completed ====
2014/12/09 14:21:32: 
*************************************************


*********** Start the Initialize Key Check **********
2014/12/09 14:22:12: Tool Ver: 2013.0605.01
2014/12/09 14:22:12: COM PORT OPEN ... OK
2014/12/09 14:22:12:
2014/12/09 14:22:12: ProductS/N:  VRW06A114Z00570
2014/12/09 14:22:12: TID: 86041F41CAE52080
2014/12/09 14:22:12: F/W Version: 00.00.08
2014/12/09 14:22:12:
2014/12/09 14:22:12: MasterKey Key Entry ... OK
2014/12/09 14:22:12: PowerON Counter Key Entry ... OK
2014/12/09 14:22:13: Key Entry ... OK
2014/12/09 14:22:13: Complete.
2014/12/09 14:22:13: COM PORT CLOSE ... OK
2014/12/09 14:22:13: 
2014/12/09 14:22:13: ==== Processing was completed ====
2014/12/09 14:22:13: 
*************************************************


*********** Start the Initialize Key Check **********
2014/12/09 14:23:37: Tool Ver: 2013.0605.01
2014/12/09 14:23:37: COM PORT OPEN ... OK
2014/12/09 14:23:37:
2014/12/09 14:23:37: ProductS/N:  VRW06A114Z00580
2014/12/09 14:23:37: TID: 86040916D2E52080
2014/12/09 14:23:37: F/W Version: 00.00.08
2014/12/09 14:23:37:
2014/12/09 14:23:37: MasterKey Key Entry ... OK
2014/12/09 14:23:37: PowerON Counter Key Entry ... OK
2014/12/09 14:23:38: Key Entry ... OK
2014/12/09 14:23:38: Complete.
2014/12/09 14:23:38: COM PORT CLOSE ... OK
2014/12/09 14:23:38: 
2014/12/09 14:23:38: ==== Processing was completed ====
2014/12/09 14:23:38: 
*************************************************


*********** Start the Initialize Key Check **********
2014/12/09 14:50:21: Tool Ver: 2013.0605.01
2014/12/09 14:50:21: COM PORT OPEN ... OK
2014/12/09 14:50:21:
2014/12/09 14:50:21: ProductS/N:  VRW06A114Z00586
2014/12/09 14:50:21: TID: 86041940CAE52080
2014/12/09 14:50:21: F/W Version: 00.00.08
2014/12/09 14:50:21:
2014/12/09 14:50:21: MasterKey Key Entry ... OK
2014/12/09 14:50:21: PowerON Counter Key Entry ... OK
2014/12/09 14:50:22: Key Entry ... OK
2014/12/09 14:50:22: Complete.
2014/12/09 14:50:22: COM PORT CLOSE ... OK
2014/12/09 14:50:22: 
2014/12/09 14:50:22: ==== Processing was completed ====
2014/12/09 14:50:22: 
*************************************************


*********** Start the Initialize Key Check **********
2014/12/09 15:10:41: Tool Ver: 2013.0605.01
2014/12/09 15:10:41: Product S/N ... ERROR
2014/12/09 15:10:41: 
2014/12/09 15:10:41: ######## Error has occurred ########
2014/12/09 15:10:41: 
*************************************************


*********** Start the Initialize Key Check **********
2014/12/09 15:14:21: Tool Ver: 2013.0605.01
2014/12/09 15:14:21: COM PORT OPEN ... OK
2014/12/09 15:14:21:
2014/12/09 15:14:21: ProductS/N:  VRW06A114Z00582
2014/12/09 15:14:21: TID: 860413203AE62080
2014/12/09 15:14:21: F/W Version: 00.00.08
2014/12/09 15:14:21:
2014/12/09 15:14:21: MasterKey Key Entry ... OK
2014/12/09 15:14:21: PowerON Counter Key Entry ... OK
2014/12/09 15:14:22: Key Entry ... OK
2014/12/09 15:14:22: Complete.
2014/12/09 15:14:22: COM PORT CLOSE ... OK
2014/12/09 15:14:22: 
2014/12/09 15:14:22: ==== Processing was completed ====
2014/12/09 15:14:22: 
*************************************************


*********** Start the Initialize Key Check **********
2014/12/09 15:18:29: Tool Ver: 2013.0605.01
2014/12/09 15:18:29: COM PORT OPEN ... OK
2014/12/09 15:18:29:
2014/12/09 15:18:29: ProductS/N:  VRW06A114Z00548
2014/12/09 15:18:30: TID: 86042B133AE62080
2014/12/09 15:18:30: F/W Version: 00.00.08
2014/12/09 15:18:30:
2014/12/09 15:18:30: MasterKey Key Entry ... OK
2014/12/09 15:18:30: PowerON Counter Key Entry ... OK
2014/12/09 15:18:30: Key Entry ... OK
2014/12/09 15:18:30: Complete.
2014/12/09 15:18:30: COM PORT CLOSE ... OK
2014/12/09 15:18:30: 
2014/12/09 15:18:30: ==== Processing was completed ====
2014/12/09 15:18:30: 
*************************************************


*********** Start the Initialize Key Check **********
2014/12/09 15:22:58: Tool Ver: 2013.0605.01
2014/12/09 15:22:58: COM PORT OPEN ... OK
2014/12/09 15:22:58:
2014/12/09 15:22:58: ProductS/N:  VRW06A114Z00581
2014/12/09 15:22:58: TID: 86041F2322E62080
2014/12/09 15:22:58: F/W Version: 00.00.08
2014/12/09 15:22:58:
2014/12/09 15:22:58: MasterKey Key Entry ... OK
2014/12/09 15:22:58: PowerON Counter Key Entry ... OK
2014/12/09 15:22:59: Key Entry ... OK
2014/12/09 15:22:59: Complete.
2014/12/09 15:22:59: COM PORT CLOSE ... OK
2014/12/09 15:22:59: 
2014/12/09 15:22:59: ==== Processing was completed ====
2014/12/09 15:22:59: 
*************************************************


*********** Start the Initialize Key Check **********
2014/12/09 15:26:00: Tool Ver: 2013.0605.01
2014/12/09 15:26:00: COM PORT OPEN ... OK
2014/12/09 15:26:00:
2014/12/09 15:26:00: ProductS/N:  VRW06A114Z00585
2014/12/09 15:26:00: TID: 86042F1CD2E52080
2014/12/09 15:26:00: F/W Version: 00.00.08
2014/12/09 15:26:00:
2014/12/09 15:26:00: MasterKey Key Entry ... OK
2014/12/09 15:26:00: PowerON Counter Key Entry ... OK
2014/12/09 15:26:01: Key Entry ... OK
2014/12/09 15:26:01: Complete.
2014/12/09 15:26:01: COM PORT CLOSE ... OK
2014/12/09 15:26:01: 
2014/12/09 15:26:01: ==== Processing was completed ====
2014/12/09 15:26:01: 
*************************************************


*********** Start the Initialize Key Check **********
2014/12/09 15:28:51: Tool Ver: 2013.0605.01
2014/12/09 15:28:51: COM PORT OPEN ... OK
2014/12/09 15:28:51:
2014/12/09 15:28:51: ProductS/N:  VRW06A114Z00579
2014/12/09 15:28:51: TID: 860412263AE62080
2014/12/09 15:28:51: F/W Version: 00.00.08
2014/12/09 15:28:51:
2014/12/09 15:28:51: MasterKey Key Entry ... OK
2014/12/09 15:28:51: PowerON Counter Key Entry ... OK
2014/12/09 15:28:52: Key Entry ... OK
2014/12/09 15:28:52: Complete.
2014/12/09 15:28:52: COM PORT CLOSE ... OK
2014/12/09 15:28:52: 
2014/12/09 15:28:52: ==== Processing was completed ====
2014/12/09 15:28:52: 
*************************************************


*********** Start the Initialize Key Check **********
2014/12/09 15:31:57: Tool Ver: 2013.0605.01
2014/12/09 15:31:57: COM PORT OPEN ... OK
2014/12/09 15:31:57:
2014/12/09 15:31:57: ProductS/N:  VRW06A114Z00583
2014/12/09 15:31:57: TID: 8604352C3AE62080
2014/12/09 15:31:57: F/W Version: 00.00.08
2014/12/09 15:31:57:
2014/12/09 15:31:57: MasterKey Key Entry ... OK
2014/12/09 15:31:57: PowerON Counter Key Entry ... OK
2014/12/09 15:31:58: Key Entry ... OK
2014/12/09 15:31:58: Complete.
2014/12/09 15:31:58: COM PORT CLOSE ... OK
2014/12/09 15:31:58: 
2014/12/09 15:31:58: ==== Processing was completed ====
2014/12/09 15:31:58: 
*************************************************


*********** Start the Initialize Key Check **********
2014/12/09 15:33:46: Tool Ver: 2013.0605.01
2014/12/09 15:33:46: COM PORT OPEN ... OK
2014/12/09 15:33:46:
2014/12/09 15:33:46: ProductS/N:  VRW06A114Z00583
2014/12/09 15:33:46: TID: 8604042022E62080
2014/12/09 15:33:46: F/W Version: 00.00.08
2014/12/09 15:33:46:
2014/12/09 15:33:46: MasterKey Key Entry ... OK
2014/12/09 15:33:46: PowerON Counter Key Entry ... OK
2014/12/09 15:33:47: Key Entry ... OK
2014/12/09 15:33:47: Complete.
2014/12/09 15:33:47: COM PORT CLOSE ... OK
2014/12/09 15:33:47: 
2014/12/09 15:33:47: ==== Processing was completed ====
2014/12/09 15:33:47: 
*************************************************


*********** Start the Initialize Key Check **********
2014/12/09 15:38:24: Tool Ver: 2013.0605.01
2014/12/09 15:38:24: COM PORT OPEN ... OK
2014/12/09 15:38:24:
2014/12/09 15:38:24: ProductS/N:  VRW06A114Z00565
2014/12/09 15:38:24: TID: 8604140632E62080
2014/12/09 15:38:24: F/W Version: 00.00.08
2014/12/09 15:38:24:
2014/12/09 15:38:24: MasterKey Key Entry ... OK
2014/12/09 15:38:24: PowerON Counter Key Entry ... OK
2014/12/09 15:38:25: Key Entry ... OK
2014/12/09 15:38:25: Complete.
2014/12/09 15:38:25: COM PORT CLOSE ... OK
2014/12/09 15:38:25: 
2014/12/09 15:38:25: ==== Processing was completed ====
2014/12/09 15:38:25: 
*************************************************


*********** Start the Initialize Key Check **********
2014/12/09 15:41:36: Tool Ver: 2013.0605.01
2014/12/09 15:41:36: COM PORT OPEN ... OK
2014/12/09 15:41:36:
2014/12/09 15:41:36: ProductS/N:  VRW06A114Z00581
2014/12/09 15:41:36: TID: 86041F2322E62080
2014/12/09 15:41:36: F/W Version: 00.00.08
2014/12/09 15:41:36:
2014/12/09 15:41:36: MasterKey Key Entry ... OK
2014/12/09 15:41:36: PowerON Counter Key Entry ... OK
2014/12/09 15:41:37: Key Entry ... OK
2014/12/09 15:41:37: Complete.
2014/12/09 15:41:37: COM PORT CLOSE ... OK
2014/12/09 15:41:37: 
2014/12/09 15:41:37: ==== Processing was completed ====
2014/12/09 15:41:37: 
*************************************************


*********** Start the Initialize Key Check **********
2014/12/09 15:52:57: Tool Ver: 2013.0605.01
2014/12/09 15:52:57: COM PORT OPEN ... OK
2014/12/09 15:52:57:
2014/12/09 15:52:57: ProductS/N:  VRW06A114Z00555
2014/12/09 15:52:57: TID: 86043A35CAE52080
2014/12/09 15:52:57: F/W Version: 00.00.08
2014/12/09 15:52:57:
2014/12/09 15:52:57: MasterKey Key Entry ... OK
2014/12/09 15:52:57: PowerON Counter Key Entry ... OK
2014/12/09 15:52:58: Key Entry ... OK
2014/12/09 15:52:58: Complete.
2014/12/09 15:52:58: COM PORT CLOSE ... OK
2014/12/09 15:52:58: 
2014/12/09 15:52:58: ==== Processing was completed ====
2014/12/09 15:52:58: 
*************************************************


*********** Start the Initialize Key Check **********
2014/12/09 16:05:21: Tool Ver: 2013.0605.01
2014/12/09 16:05:21: COM PORT OPEN ... OK
2014/12/09 16:05:21:
2014/12/09 16:05:21: ProductS/N:  VRW06A114Z00584
2014/12/09 16:05:21: TID: 86041F11D2E52080
2014/12/09 16:05:21: F/W Version: 00.00.08
2014/12/09 16:05:21:
2014/12/09 16:05:21: MasterKey Key Entry ... OK
2014/12/09 16:05:21: PowerON Counter Key Entry ... OK
2014/12/09 16:05:22: Key Entry ... OK
2014/12/09 16:05:22: Complete.
2014/12/09 16:05:22: COM PORT CLOSE ... OK
2014/12/09 16:05:22: 
2014/12/09 16:05:22: ==== Processing was completed ====
2014/12/09 16:05:22: 
*************************************************


*********** Start the Initialize Key Check **********
2014/12/09 16:07:50: Tool Ver: 2013.0605.01
2014/12/09 16:07:50: COM PORT OPEN ... OK
2014/12/09 16:07:51:
2014/12/09 16:07:51: ProductS/N:  VRW06A114Z00573
2014/12/09 16:07:51: TID: 8604350AD2E52080
2014/12/09 16:07:51: F/W Version: 00.00.08
2014/12/09 16:07:51:
2014/12/09 16:07:51: MasterKey Key Entry ... OK
2014/12/09 16:07:51: PowerON Counter Key Entry ... OK
2014/12/09 16:07:51: Key Entry ... OK
2014/12/09 16:07:51: Complete.
2014/12/09 16:07:51: COM PORT CLOSE ... OK
2014/12/09 16:07:51: 
2014/12/09 16:07:51: ==== Processing was completed ====
2014/12/09 16:07:51: 
*************************************************


*********** Start the Initialize Key Check **********
2014/12/09 16:11:02: Tool Ver: 2013.0605.01
2014/12/09 16:11:02: COM PORT OPEN ... OK
2014/12/09 16:11:02:
2014/12/09 16:11:02: ProductS/N:  VRW06A114Z00552
2014/12/09 16:11:02: TID: 86042835CAE52080
2014/12/09 16:11:02: F/W Version: 00.00.08
2014/12/09 16:11:02:
2014/12/09 16:11:02: MasterKey Key Entry ... OK
2014/12/09 16:11:02: PowerON Counter Key Entry ... OK
2014/12/09 16:11:03: Key Entry ... OK
2014/12/09 16:11:03: Complete.
2014/12/09 16:11:03: COM PORT CLOSE ... OK
2014/12/09 16:11:03: 
2014/12/09 16:11:03: ==== Processing was completed ====
2014/12/09 16:11:03: 
*************************************************


*********** Start the Initialize Key Check **********
2014/12/09 16:14:46: Tool Ver: 2013.0605.01
2014/12/09 16:14:46: COM PORT OPEN ... OK
2014/12/09 16:14:46:
2014/12/09 16:14:46: ProductS/N:  VRW06A114Z00571
2014/12/09 16:14:47: TID: 860410233AE62080
2014/12/09 16:14:47: F/W Version: 00.00.08
2014/12/09 16:14:47:
2014/12/09 16:14:47: MasterKey Key Entry ... OK
2014/12/09 16:14:47: PowerON Counter Key Entry ... OK
2014/12/09 16:14:47: Key Entry ... OK
2014/12/09 16:14:47: Complete.
2014/12/09 16:14:47: COM PORT CLOSE ... OK
2014/12/09 16:14:47: 
2014/12/09 16:14:47: ==== Processing was completed ====
2014/12/09 16:14:47: 
*************************************************


*********** Start the Initialize Key Check **********
2014/12/09 16:37:10: Tool Ver: 2013.0605.01
2014/12/09 16:37:10: COM PORT OPEN ... OK
2014/12/09 16:37:10:
2014/12/09 16:37:10: ProductS/N:  VRW06A114Z00589
2014/12/09 16:37:10: TID: 86041F2022E62080
2014/12/09 16:37:10: F/W Version: 00.00.08
2014/12/09 16:37:10:
2014/12/09 16:37:10: MasterKey Key Entry ... OK
2014/12/09 16:37:10: PowerON Counter Key Entry ... OK
2014/12/09 16:37:11: Key Entry ... OK
2014/12/09 16:37:11: Complete.
2014/12/09 16:37:11: COM PORT CLOSE ... OK
2014/12/09 16:37:11: 
2014/12/09 16:37:11: ==== Processing was completed ====
2014/12/09 16:37:11: 
*************************************************


*********** Start the Initialize Key Check **********
2014/12/09 16:47:01: Tool Ver: 2013.0605.01
2014/12/09 16:47:01: COM PORT OPEN ... OK
2014/12/09 16:47:01:
2014/12/09 16:47:01: ProductS/N:  VRW06A114Z00588
2014/12/09 16:47:01: TID: 86041D3DD2E52080
2014/12/09 16:47:01: F/W Version: 00.00.08
2014/12/09 16:47:01:
2014/12/09 16:47:01: MasterKey Key Entry ... OK
2014/12/09 16:47:01: PowerON Counter Key Entry ... OK
2014/12/09 16:47:02: Key Entry ... OK
2014/12/09 16:47:02: Complete.
2014/12/09 16:47:02: COM PORT CLOSE ... OK
2014/12/09 16:47:02: 
2014/12/09 16:47:02: ==== Processing was completed ====
2014/12/09 16:47:02: 
*************************************************


*********** Start the Initialize Key Check **********
2014/12/09 17:45:38: Tool Ver: 2013.0605.01
2014/12/09 17:45:38: COM PORT OPEN ... OK
2014/12/09 17:45:39:
2014/12/09 17:45:39: ProductS/N:  VRW06A114Z00590
2014/12/09 17:45:39: TID: 86043734CAE52080
2014/12/09 17:45:39: F/W Version: 00.00.08
2014/12/09 17:45:39:
2014/12/09 17:45:39: MasterKey Key Entry ... OK
2014/12/09 17:45:39: PowerON Counter Key Entry ... OK
2014/12/09 17:45:39: Key Entry ... OK
2014/12/09 17:45:39: Complete.
2014/12/09 17:45:39: COM PORT CLOSE ... OK
2014/12/09 17:45:39: 
2014/12/09 17:45:39: ==== Processing was completed ====
2014/12/09 17:45:39: 
*************************************************


