*********** Start the Initialize Key Check **********
2014/12/05 08:11:02: Tool Ver: 2013.0605.01
2014/12/05 08:11:02: COM PORT OPEN ... OK
2014/12/05 08:11:02:
2014/12/05 08:11:02: ProductS/N:  VRW06A114Z00310
2014/12/05 08:11:02: TID: 860409203AE62080
2014/12/05 08:11:02: F/W Version: 00.00.08
2014/12/05 08:11:02:
2014/12/05 08:11:02: MasterKey Key Entry ... OK
2014/12/05 08:11:02: PowerON Counter Key Entry ... OK
2014/12/05 08:11:02: Key Entry ... OK
2014/12/05 08:11:02: Complete.
2014/12/05 08:11:02: COM PORT CLOSE ... OK
2014/12/05 08:11:02: 
2014/12/05 08:11:02: ==== Processing was completed ====
2014/12/05 08:11:02: 
*************************************************


*********** Start the Initialize Key Check **********
2014/12/05 08:19:34: Tool Ver: 2013.0605.01
2014/12/05 08:19:34: COM PORT OPEN ... OK
2014/12/05 08:19:34:
2014/12/05 08:19:34: ProductS/N:  VRW06A114Z00348
2014/12/05 08:19:34: TID: 8604042122E62080
2014/12/05 08:19:34: F/W Version: 00.00.08
2014/12/05 08:19:34:
2014/12/05 08:19:34: MasterKey Key Entry ... OK
2014/12/05 08:19:34: PowerON Counter Key Entry ... OK
2014/12/05 08:19:35: Key Entry ... OK
2014/12/05 08:19:35: Complete.
2014/12/05 08:19:35: COM PORT CLOSE ... OK
2014/12/05 08:19:35: 
2014/12/05 08:19:35: ==== Processing was completed ====
2014/12/05 08:19:35: 
*************************************************


*********** Start the Initialize Key Check **********
2014/12/05 08:22:01: Tool Ver: 2013.0605.01
2014/12/05 08:22:01: COM PORT OPEN ... OK
2014/12/05 08:22:01:
2014/12/05 08:22:01: ProductS/N:  VRW06A114Z00333
2014/12/05 08:22:01: TID: 8604270932E62080
2014/12/05 08:22:01: F/W Version: 00.00.08
2014/12/05 08:22:01:
2014/12/05 08:22:01: MasterKey Key Entry ... OK
2014/12/05 08:22:01: PowerON Counter Key Entry ... OK
2014/12/05 08:22:02: Key Entry ... OK
2014/12/05 08:22:02: Complete.
2014/12/05 08:22:02: COM PORT CLOSE ... OK
2014/12/05 08:22:02: 
2014/12/05 08:22:02: ==== Processing was completed ====
2014/12/05 08:22:02: 
*************************************************


*********** Start the Initialize Key Check **********
2014/12/05 08:24:19: Tool Ver: 2013.0605.01
2014/12/05 08:24:19: COM PORT OPEN ... OK
2014/12/05 08:24:19:
2014/12/05 08:24:19: ProductS/N:  VRW06A114Z00302
2014/12/05 08:24:19: TID: 8604242622E62080
2014/12/05 08:24:19: F/W Version: 00.00.08
2014/12/05 08:24:19:
2014/12/05 08:24:19: MasterKey Key Entry ... OK
2014/12/05 08:24:19: PowerON Counter Key Entry ... OK
2014/12/05 08:24:19: Key Entry ... OK
2014/12/05 08:24:19: Complete.
2014/12/05 08:24:19: COM PORT CLOSE ... OK
2014/12/05 08:24:19: 
2014/12/05 08:24:19: ==== Processing was completed ====
2014/12/05 08:24:19: 
*************************************************


*********** Start the Initialize Key Check **********
2014/12/05 08:42:42: Tool Ver: 2013.0605.01
2014/12/05 08:42:42: COM PORT OPEN ... OK
2014/12/05 08:42:42:
2014/12/05 08:42:42: ProductS/N:  VRW06A114Z00345
2014/12/05 08:42:42: TID: 8604242322E62080
2014/12/05 08:42:42: F/W Version: 00.00.08
2014/12/05 08:42:42:
2014/12/05 08:42:42: MasterKey Key Entry ... OK
2014/12/05 08:42:42: PowerON Counter Key Entry ... OK
2014/12/05 08:42:43: Key Entry ... OK
2014/12/05 08:42:43: Complete.
2014/12/05 08:42:43: COM PORT CLOSE ... OK
2014/12/05 08:42:43: 
2014/12/05 08:42:43: ==== Processing was completed ====
2014/12/05 08:42:43: 
*************************************************


*********** Start the Initialize Key Check **********
2014/12/05 08:49:39: Tool Ver: 2013.0605.01
2014/12/05 08:49:39: COM PORT OPEN ... OK
2014/12/05 08:49:39:
2014/12/05 08:49:39: ProductS/N:  VRW06A114Z00285
2014/12/05 08:49:39: TID: 8604042022E62080
2014/12/05 08:49:39: F/W Version: 00.00.08
2014/12/05 08:49:39:
2014/12/05 08:49:39: MasterKey Key Entry ... OK
2014/12/05 08:49:39: PowerON Counter Key Entry ... OK
2014/12/05 08:49:40: Key Entry ... OK
2014/12/05 08:49:40: Complete.
2014/12/05 08:49:40: COM PORT CLOSE ... OK
2014/12/05 08:49:40: 
2014/12/05 08:49:40: ==== Processing was completed ====
2014/12/05 08:49:40: 
*************************************************


*********** Start the Initialize Key Check **********
2014/12/05 08:52:24: Tool Ver: 2013.0605.01
2014/12/05 08:52:24: COM PORT OPEN ... OK
2014/12/05 08:52:24:
2014/12/05 08:52:24: ProductS/N:  VRW06A114Z00346
2014/12/05 08:52:25: TID: 86041F2022E62080
2014/12/05 08:52:25: F/W Version: 00.00.08
2014/12/05 08:52:25:
2014/12/05 08:52:25: MasterKey Key Entry ... OK
2014/12/05 08:52:25: PowerON Counter Key Entry ... OK
2014/12/05 08:52:25: Key Entry ... OK
2014/12/05 08:52:25: Complete.
2014/12/05 08:52:25: COM PORT CLOSE ... OK
2014/12/05 08:52:25: 
2014/12/05 08:52:25: ==== Processing was completed ====
2014/12/05 08:52:25: 
*************************************************


*********** Start the Initialize Key Check **********
2014/12/05 08:54:39: Tool Ver: 2013.0605.01
2014/12/05 08:54:39: COM PORT OPEN ... OK
2014/12/05 08:54:39:
2014/12/05 08:54:39: ProductS/N:  VRW06A114Z00290
2014/12/05 08:54:39: TID: 860408233AE62080
2014/12/05 08:54:39: F/W Version: 00.00.08
2014/12/05 08:54:39:
2014/12/05 08:54:39: MasterKey Key Entry ... OK
2014/12/05 08:54:39: PowerON Counter Key Entry ... OK
2014/12/05 08:54:40: Key Entry ... OK
2014/12/05 08:54:40: Complete.
2014/12/05 08:54:40: COM PORT CLOSE ... OK
2014/12/05 08:54:40: 
2014/12/05 08:54:40: ==== Processing was completed ====
2014/12/05 08:54:40: 
*************************************************


*********** Start the Initialize Key Check **********
2014/12/05 08:56:50: Tool Ver: 2013.0605.01
2014/12/05 08:56:50: COM PORT OPEN ... OK
2014/12/05 08:56:50:
2014/12/05 08:56:50: ProductS/N:  VRW06A114Z00349
2014/12/05 08:56:51: TID: 8604402622E62080
2014/12/05 08:56:51: F/W Version: 00.00.08
2014/12/05 08:56:51:
2014/12/05 08:56:51: MasterKey Key Entry ... OK
2014/12/05 08:56:51: PowerON Counter Key Entry ... OK
2014/12/05 08:56:51: Key Entry ... OK
2014/12/05 08:56:51: Complete.
2014/12/05 08:56:51: COM PORT CLOSE ... OK
2014/12/05 08:56:51: 
2014/12/05 08:56:51: ==== Processing was completed ====
2014/12/05 08:56:51: 
*************************************************


*********** Start the Initialize Key Check **********
2014/12/05 09:02:11: Tool Ver: 2013.0605.01
2014/12/05 09:02:11: COM PORT OPEN ... OK
2014/12/05 09:02:11:
2014/12/05 09:02:11: ProductS/N:  VRW06A114Z00350
2014/12/05 09:02:11: TID: 86042B2622E62080
2014/12/05 09:02:11: F/W Version: 00.00.08
2014/12/05 09:02:11:
2014/12/05 09:02:11: MasterKey Key Entry ... OK
2014/12/05 09:02:11: PowerON Counter Key Entry ... OK
2014/12/05 09:02:12: Key Entry ... OK
2014/12/05 09:02:12: Complete.
2014/12/05 09:02:12: COM PORT CLOSE ... OK
2014/12/05 09:02:12: 
2014/12/05 09:02:12: ==== Processing was completed ====
2014/12/05 09:02:12: 
*************************************************


*********** Start the Initialize Key Check **********
2014/12/05 09:06:49: Tool Ver: 2013.0605.01
2014/12/05 09:06:49: COM PORT OPEN ... OK
2014/12/05 09:06:49:
2014/12/05 09:06:49: ProductS/N:  VRW06A114Z00351
2014/12/05 09:06:49: TID: 860424293AE62080
2014/12/05 09:06:49: F/W Version: 00.00.08
2014/12/05 09:06:49:
2014/12/05 09:06:49: MasterKey Key Entry ... OK
2014/12/05 09:06:49: PowerON Counter Key Entry ... OK
2014/12/05 09:06:50: Key Entry ... OK
2014/12/05 09:06:50: Complete.
2014/12/05 09:06:50: COM PORT CLOSE ... OK
2014/12/05 09:06:50: 
2014/12/05 09:06:50: ==== Processing was completed ====
2014/12/05 09:06:50: 
*************************************************


*********** Start the Initialize Key Check **********
2014/12/05 09:21:04: Tool Ver: 2013.0605.01
2014/12/05 09:21:04: COM PORT OPEN ... OK
2014/12/05 09:21:04:
2014/12/05 09:21:04: ProductS/N:  VRW06A114Z00264
2014/12/05 09:21:04: TID: 860438233AE62080
2014/12/05 09:21:04: F/W Version: 00.00.08
2014/12/05 09:21:04:
2014/12/05 09:21:04: MasterKey Key Entry ... OK
2014/12/05 09:21:04: PowerON Counter Key Entry ... OK
2014/12/05 09:21:05: Key Entry ... OK
2014/12/05 09:21:05: Complete.
2014/12/05 09:21:05: COM PORT CLOSE ... OK
2014/12/05 09:21:05: 
2014/12/05 09:21:05: ==== Processing was completed ====
2014/12/05 09:21:05: 
*************************************************


*********** Start the Initialize Key Check **********
2014/12/05 09:23:23: Tool Ver: 2013.0605.01
2014/12/05 09:23:23: COM PORT OPEN ... OK
2014/12/05 09:23:24:
2014/12/05 09:23:24: ProductS/N:  VRW06A114Z00354
2014/12/05 09:23:24: TID: 86042935CAE52080
2014/12/05 09:23:24: F/W Version: 00.00.08
2014/12/05 09:23:24:
2014/12/05 09:23:24: MasterKey Key Entry ... OK
2014/12/05 09:23:24: PowerON Counter Key Entry ... OK
2014/12/05 09:23:24: Key Entry ... OK
2014/12/05 09:23:24: Complete.
2014/12/05 09:23:24: COM PORT CLOSE ... OK
2014/12/05 09:23:24: 
2014/12/05 09:23:24: ==== Processing was completed ====
2014/12/05 09:23:24: 
*************************************************


*********** Start the Initialize Key Check **********
2014/12/05 09:25:34: Tool Ver: 2013.0605.01
2014/12/05 09:25:34: COM PORT OPEN ... OK
2014/12/05 09:25:34:
2014/12/05 09:25:34: ProductS/N:  VRW06A114Z00261
2014/12/05 09:25:34: TID: 8604323CCAE52080
2014/12/05 09:25:34: F/W Version: 00.00.08
2014/12/05 09:25:34:
2014/12/05 09:25:34: MasterKey Key Entry ... OK
2014/12/05 09:25:34: PowerON Counter Key Entry ... OK
2014/12/05 09:25:35: Key Entry ... OK
2014/12/05 09:25:35: Complete.
2014/12/05 09:25:35: COM PORT CLOSE ... OK
2014/12/05 09:25:35: 
2014/12/05 09:25:35: ==== Processing was completed ====
2014/12/05 09:25:35: 
*************************************************


*********** Start the Initialize Key Check **********
2014/12/05 09:33:14: Tool Ver: 2013.0605.01
2014/12/05 09:33:14: COM PORT OPEN ... OK
2014/12/05 09:33:14:
2014/12/05 09:33:14: ProductS/N:  VRW06A114Z00352
2014/12/05 09:33:14: TID: 8604241032E62080
2014/12/05 09:33:14: F/W Version: 00.00.08
2014/12/05 09:33:14:
2014/12/05 09:33:14: MasterKey Key Entry ... OK
2014/12/05 09:33:15: PowerON Counter Key Entry ... OK
2014/12/05 09:33:15: Key Entry ... OK
2014/12/05 09:33:15: Complete.
2014/12/05 09:33:15: COM PORT CLOSE ... OK
2014/12/05 09:33:15: 
2014/12/05 09:33:15: ==== Processing was completed ====
2014/12/05 09:33:15: 
*************************************************


*********** Start the Initialize Key Check **********
2014/12/05 09:45:04: Tool Ver: 2013.0605.01
2014/12/05 09:45:04: COM PORT OPEN ... OK
2014/12/05 09:45:04:
2014/12/05 09:45:04: ProductS/N:  VRW06A114Z00356
2014/12/05 09:45:04: TID: 86042835CAE52080
2014/12/05 09:45:04: F/W Version: 00.00.08
2014/12/05 09:45:04:
2014/12/05 09:45:04: MasterKey Key Entry ... OK
2014/12/05 09:45:04: PowerON Counter Key Entry ... OK
2014/12/05 09:45:05: Key Entry ... OK
2014/12/05 09:45:05: Complete.
2014/12/05 09:45:05: COM PORT CLOSE ... OK
2014/12/05 09:45:05: 
2014/12/05 09:45:05: ==== Processing was completed ====
2014/12/05 09:45:05: 
*************************************************


*********** Start the Initialize Key Check **********
2014/12/05 09:46:45: Tool Ver: 2013.0605.01
2014/12/05 09:46:45: COM PORT OPEN ... OK
2014/12/05 09:46:46:
2014/12/05 09:46:46: ProductS/N:  VRW06A114Z00258
2014/12/05 09:46:46: TID: 86042B133AE62080
2014/12/05 09:46:46: F/W Version: 00.00.08
2014/12/05 09:46:46:
2014/12/05 09:46:46: MasterKey Key Entry ... OK
2014/12/05 09:46:46: PowerON Counter Key Entry ... OK
2014/12/05 09:46:46: Key Entry ... OK
2014/12/05 09:46:46: Complete.
2014/12/05 09:46:46: COM PORT CLOSE ... OK
2014/12/05 09:46:46: 
2014/12/05 09:46:46: ==== Processing was completed ====
2014/12/05 09:46:46: 
*************************************************


*********** Start the Initialize Key Check **********
2014/12/05 10:15:22: Tool Ver: 2013.0605.01
2014/12/05 10:15:22: COM PORT OPEN ... OK
2014/12/05 10:15:22:
2014/12/05 10:15:22: ProductS/N:  VRW06A114Z00262
2014/12/05 10:15:22: TID: 860442243AE62080
2014/12/05 10:15:22: F/W Version: 00.00.08
2014/12/05 10:15:22:
2014/12/05 10:15:22: MasterKey Key Entry ... OK
2014/12/05 10:15:22: PowerON Counter Key Entry ... OK
2014/12/05 10:15:23: Key Entry ... OK
2014/12/05 10:15:23: Complete.
2014/12/05 10:15:23: COM PORT CLOSE ... OK
2014/12/05 10:15:23: 
2014/12/05 10:15:23: ==== Processing was completed ====
2014/12/05 10:15:23: 
*************************************************


*********** Start the Initialize Key Check **********
2014/12/05 10:17:03: Tool Ver: 2013.0605.01
2014/12/05 10:17:03: COM PORT OPEN ... OK
2014/12/05 10:17:03:
2014/12/05 10:17:03: ProductS/N:  VRW06A114Z00259
2014/12/05 10:17:03: TID: 86041A293AE62080
2014/12/05 10:17:03: F/W Version: 00.00.08
2014/12/05 10:17:03:
2014/12/05 10:17:03: MasterKey Key Entry ... OK
2014/12/05 10:17:03: PowerON Counter Key Entry ... OK
2014/12/05 10:17:03: Key Entry ... OK
2014/12/05 10:17:03: Complete.
2014/12/05 10:17:03: COM PORT CLOSE ... OK
2014/12/05 10:17:03: 
2014/12/05 10:17:03: ==== Processing was completed ====
2014/12/05 10:17:03: 
*************************************************


*********** Start the Initialize Key Check **********
2014/12/05 10:18:52: Tool Ver: 2013.0605.01
2014/12/05 10:18:52: COM PORT OPEN ... OK
2014/12/05 10:18:52:
2014/12/05 10:18:52: ProductS/N:  VRW06A114Z00353
2014/12/05 10:18:52: TID: 86043530CAE52080
2014/12/05 10:18:52: F/W Version: 00.00.08
2014/12/05 10:18:52:
2014/12/05 10:18:52: MasterKey Key Entry ... OK
2014/12/05 10:18:53: PowerON Counter Key Entry ... OK
2014/12/05 10:18:53: Key Entry ... OK
2014/12/05 10:18:53: Complete.
2014/12/05 10:18:53: COM PORT CLOSE ... OK
2014/12/05 10:18:53: 
2014/12/05 10:18:53: ==== Processing was completed ====
2014/12/05 10:18:53: 
*************************************************


*********** Start the Initialize Key Check **********
2014/12/05 10:20:48: Tool Ver: 2013.0605.01
2014/12/05 10:20:48: COM PORT OPEN ... OK
2014/12/05 10:20:48:
2014/12/05 10:20:48: ProductS/N:  VRW06A114Z00363
2014/12/05 10:20:48: TID: 86040D0F32E62080
2014/12/05 10:20:48: F/W Version: 00.00.08
2014/12/05 10:20:48:
2014/12/05 10:20:48: MasterKey Key Entry ... OK
2014/12/05 10:20:48: PowerON Counter Key Entry ... OK
2014/12/05 10:20:49: Key Entry ... OK
2014/12/05 10:20:49: Complete.
2014/12/05 10:20:49: COM PORT CLOSE ... OK
2014/12/05 10:20:49: 
2014/12/05 10:20:49: ==== Processing was completed ====
2014/12/05 10:20:49: 
*************************************************


*********** Start the Initialize Key Check **********
2014/12/05 10:22:55: Tool Ver: 2013.0605.01
2014/12/05 10:22:55: COM PORT OPEN ... OK
2014/12/05 10:22:55:
2014/12/05 10:22:55: ProductS/N:  VRW06A114Z00361
2014/12/05 10:22:56: TID: 86040615D2E52080
2014/12/05 10:22:56: F/W Version: 00.00.08
2014/12/05 10:22:56:
2014/12/05 10:22:56: MasterKey Key Entry ... OK
2014/12/05 10:22:56: PowerON Counter Key Entry ... OK
2014/12/05 10:22:56: Key Entry ... OK
2014/12/05 10:22:56: Complete.
2014/12/05 10:22:56: COM PORT CLOSE ... OK
2014/12/05 10:22:56: 
2014/12/05 10:22:56: ==== Processing was completed ====
2014/12/05 10:22:56: 
*************************************************


*********** Start the Initialize Key Check **********
2014/12/05 10:24:43: Tool Ver: 2013.0605.01
2014/12/05 10:24:43: COM PORT OPEN ... OK
2014/12/05 10:24:43:
2014/12/05 10:24:43: ProductS/N:  VRW06A114Z00252
2014/12/05 10:24:43: TID: 860407163AE62080
2014/12/05 10:24:43: F/W Version: 00.00.08
2014/12/05 10:24:43:
2014/12/05 10:24:43: MasterKey Key Entry ... OK
2014/12/05 10:24:43: PowerON Counter Key Entry ... OK
2014/12/05 10:24:44: Key Entry ... OK
2014/12/05 10:24:44: Complete.
2014/12/05 10:24:44: COM PORT CLOSE ... OK
2014/12/05 10:24:44: 
2014/12/05 10:24:44: ==== Processing was completed ====
2014/12/05 10:24:44: 
*************************************************


*********** Start the Initialize Key Check **********
2014/12/05 10:26:36: Tool Ver: 2013.0605.01
2014/12/05 10:26:36: COM PORT OPEN ... OK
2014/12/05 10:26:36:
2014/12/05 10:26:36: ProductS/N:  VRW06A114Z00360
2014/12/05 10:26:36: TID: 86043E17D2E52080
2014/12/05 10:26:36: F/W Version: 00.00.08
2014/12/05 10:26:36:
2014/12/05 10:26:36: MasterKey Key Entry ... OK
2014/12/05 10:26:36: PowerON Counter Key Entry ... OK
2014/12/05 10:26:37: Key Entry ... OK
2014/12/05 10:26:37: Complete.
2014/12/05 10:26:37: COM PORT CLOSE ... OK
2014/12/05 10:26:37: 
2014/12/05 10:26:37: ==== Processing was completed ====
2014/12/05 10:26:37: 
*************************************************


*********** Start the Initialize Key Check **********
2014/12/05 10:35:48: Tool Ver: 2013.0605.01
2014/12/05 10:35:48: COM PORT OPEN ... OK
2014/12/05 10:35:48:
2014/12/05 10:35:48: ProductS/N:  VRW06A114Z00368
2014/12/05 10:35:48: TID: 86040227CAE52080
2014/12/05 10:35:48: F/W Version: 00.00.08
2014/12/05 10:35:48:
2014/12/05 10:35:48: MasterKey Key Entry ... OK
2014/12/05 10:35:48: PowerON Counter Key Entry ... OK
2014/12/05 10:35:48: Key Entry ... OK
2014/12/05 10:35:48: Complete.
2014/12/05 10:35:48: COM PORT CLOSE ... OK
2014/12/05 10:35:48: 
2014/12/05 10:35:48: ==== Processing was completed ====
2014/12/05 10:35:48: 
*************************************************


*********** Start the Initialize Key Check **********
2014/12/05 10:37:33: Tool Ver: 2013.0605.01
2014/12/05 10:37:33: COM PORT OPEN ... OK
2014/12/05 10:37:33:
2014/12/05 10:37:33: ProductS/N:  VRW06A114Z00263
2014/12/05 10:37:33: TID: 8604350AD2E52080
2014/12/05 10:37:33: F/W Version: 00.00.08
2014/12/05 10:37:33:
2014/12/05 10:37:33: MasterKey Key Entry ... OK
2014/12/05 10:37:33: PowerON Counter Key Entry ... OK
2014/12/05 10:37:33: Key Entry ... OK
2014/12/05 10:37:33: Complete.
2014/12/05 10:37:33: COM PORT CLOSE ... OK
2014/12/05 10:37:33: 
2014/12/05 10:37:33: ==== Processing was completed ====
2014/12/05 10:37:33: 
*************************************************


*********** Start the Initialize Key Check **********
2014/12/05 10:42:05: Tool Ver: 2013.0605.01
2014/12/05 10:42:05: COM PORT OPEN ... OK
2014/12/05 10:42:05:
2014/12/05 10:42:05: ProductS/N:  VRW06A114Z00370
2014/12/05 10:42:05: TID: 86043A35CAE52080
2014/12/05 10:42:05: F/W Version: 00.00.08
2014/12/05 10:42:05:
2014/12/05 10:42:06: MasterKey Key Entry ... OK
2014/12/05 10:42:06: PowerON Counter Key Entry ... OK
2014/12/05 10:42:06: Key Entry ... OK
2014/12/05 10:42:06: Complete.
2014/12/05 10:42:06: COM PORT CLOSE ... OK
2014/12/05 10:42:06: 
2014/12/05 10:42:06: ==== Processing was completed ====
2014/12/05 10:42:06: 
*************************************************


*********** Start the Initialize Key Check **********
2014/12/05 10:44:10: Tool Ver: 2013.0605.01
2014/12/05 10:44:10: COM PORT OPEN ... OK
2014/12/05 10:44:10:
2014/12/05 10:44:10: ProductS/N:  VRW06A114Z00273
2014/12/05 10:44:10: TID: 86042B143AE62080
2014/12/05 10:44:10: F/W Version: 00.00.08
2014/12/05 10:44:10:
2014/12/05 10:44:10: MasterKey Key Entry ... OK
2014/12/05 10:44:10: PowerON Counter Key Entry ... OK
2014/12/05 10:44:11: Key Entry ... OK
2014/12/05 10:44:11: Complete.
2014/12/05 10:44:11: COM PORT CLOSE ... OK
2014/12/05 10:44:11: 
2014/12/05 10:44:11: ==== Processing was completed ====
2014/12/05 10:44:11: 
*************************************************


*********** Start the Initialize Key Check **********
2014/12/05 10:54:29: Tool Ver: 2013.0605.01
2014/12/05 10:54:29: COM PORT OPEN ... OK
2014/12/05 10:54:29:
2014/12/05 10:54:29: ProductS/N:  VRW06A114Z00366
2014/12/05 10:54:29: TID: 86042A2622E62080
2014/12/05 10:54:29: F/W Version: 00.00.08
2014/12/05 10:54:29:
2014/12/05 10:54:29: MasterKey Key Entry ... OK
2014/12/05 10:54:29: PowerON Counter Key Entry ... OK
2014/12/05 10:54:30: Key Entry ... OK
2014/12/05 10:54:30: Complete.
2014/12/05 10:54:30: COM PORT CLOSE ... OK
2014/12/05 10:54:30: 
2014/12/05 10:54:30: ==== Processing was completed ====
2014/12/05 10:54:30: 
*************************************************


*********** Start the Initialize Key Check **********
2014/12/05 10:58:58: Tool Ver: 2013.0605.01
2014/12/05 10:58:58: COM PORT OPEN ... OK
2014/12/05 10:58:58:
2014/12/05 10:58:58: ProductS/N:  VRW06A114Z00364
2014/12/05 10:58:58: TID: 8604380BD2E52080
2014/12/05 10:58:58: F/W Version: 00.00.08
2014/12/05 10:58:58:
2014/12/05 10:58:58: MasterKey Key Entry ... OK
2014/12/05 10:58:58: PowerON Counter Key Entry ... OK
2014/12/05 10:58:59: Key Entry ... OK
2014/12/05 10:58:59: Complete.
2014/12/05 10:58:59: COM PORT CLOSE ... OK
2014/12/05 10:58:59: 
2014/12/05 10:58:59: ==== Processing was completed ====
2014/12/05 10:58:59: 
*************************************************


*********** Start the Initialize Key Check **********
2014/12/05 11:11:57: Tool Ver: 2013.0605.01
2014/12/05 11:11:57: COM PORT OPEN ... OK
2014/12/05 11:11:57:
2014/12/05 11:11:57: ProductS/N:  VRW06A114Z00359
2014/12/05 11:11:57: TID: 86042F0DD2E52080
2014/12/05 11:11:57: F/W Version: 00.00.08
2014/12/05 11:11:57:
2014/12/05 11:11:57: MasterKey Key Entry ... OK
2014/12/05 11:11:57: PowerON Counter Key Entry ... OK
2014/12/05 11:11:58: Key Entry ... OK
2014/12/05 11:11:58: Complete.
2014/12/05 11:11:58: COM PORT CLOSE ... OK
2014/12/05 11:11:58: 
2014/12/05 11:11:58: ==== Processing was completed ====
2014/12/05 11:11:58: 
*************************************************


*********** Start the Initialize Key Check **********
2014/12/05 11:12:45: Tool Ver: 2013.0605.01
2014/12/05 11:12:45: COM PORT OPEN ... OK
2014/12/05 11:12:45:
2014/12/05 11:12:45: ProductS/N:  VRW06A114Z00365
2014/12/05 11:12:45: TID: 8604223DCAE52080
2014/12/05 11:12:45: F/W Version: 00.00.08
2014/12/05 11:12:45:
2014/12/05 11:12:45: MasterKey Key Entry ... OK
2014/12/05 11:12:45: PowerON Counter Key Entry ... OK
2014/12/05 11:12:45: Key Entry ... OK
2014/12/05 11:12:45: Complete.
2014/12/05 11:12:45: COM PORT CLOSE ... OK
2014/12/05 11:12:45: 
2014/12/05 11:12:45: ==== Processing was completed ====
2014/12/05 11:12:45: 
*************************************************


*********** Start the Initialize Key Check **********
2014/12/05 11:14:11: Tool Ver: 2013.0605.01
2014/12/05 11:14:11: COM PORT OPEN ... OK
2014/12/05 11:14:11:
2014/12/05 11:14:11: ProductS/N:  VRW06A114Z00372
2014/12/05 11:14:11: TID: 8604260532E62080
2014/12/05 11:14:11: F/W Version: 00.00.08
2014/12/05 11:14:11:
2014/12/05 11:14:11: MasterKey Key Entry ... OK
2014/12/05 11:14:11: PowerON Counter Key Entry ... OK
2014/12/05 11:14:12: Key Entry ... OK
2014/12/05 11:14:12: Complete.
2014/12/05 11:14:12: COM PORT CLOSE ... OK
2014/12/05 11:14:12: 
2014/12/05 11:14:12: ==== Processing was completed ====
2014/12/05 11:14:12: 
*************************************************


*********** Start the Initialize Key Check **********
2014/12/05 11:19:56: Tool Ver: 2013.0605.01
2014/12/05 11:19:56: COM PORT OPEN ... OK
2014/12/05 11:19:56:
2014/12/05 11:19:56: ProductS/N:  VRW06A114Z00015
2014/12/05 11:19:56: TID: 860407223AE62080
2014/12/05 11:19:56: F/W Version: 00.00.08
2014/12/05 11:19:56:
2014/12/05 11:19:56: MasterKey Key Entry ... OK
2014/12/05 11:19:56: PowerON Counter Key Entry ... OK
2014/12/05 11:19:57: Key Entry ... OK
2014/12/05 11:19:57: Complete.
2014/12/05 11:19:57: COM PORT CLOSE ... OK
2014/12/05 11:19:57: 
2014/12/05 11:19:57: ==== Processing was completed ====
2014/12/05 11:19:57: 
*************************************************


*********** Start the Initialize Key Check **********
2014/12/05 11:21:42: Tool Ver: 2013.0605.01
2014/12/05 11:21:42: COM PORT OPEN ... OK
2014/12/05 11:21:42:
2014/12/05 11:21:42: ProductS/N:  VRW06A114Z00375
2014/12/05 11:21:42: TID: 860410233AE62080
2014/12/05 11:21:42: F/W Version: 00.00.08
2014/12/05 11:21:42:
2014/12/05 11:21:42: MasterKey Key Entry ... OK
2014/12/05 11:21:42: PowerON Counter Key Entry ... OK
2014/12/05 11:21:43: Key Entry ... OK
2014/12/05 11:21:43: Complete.
2014/12/05 11:21:43: COM PORT CLOSE ... OK
2014/12/05 11:21:43: 
2014/12/05 11:21:43: ==== Processing was completed ====
2014/12/05 11:21:43: 
*************************************************


*********** Start the Initialize Key Check **********
2014/12/05 11:28:27: Tool Ver: 2013.0605.01
2014/12/05 11:28:27: COM PORT OPEN ... OK
2014/12/05 11:28:27:
2014/12/05 11:28:27: ProductS/N:  VRW06A114Z00373
2014/12/05 11:28:27: TID: 86041E2C3AE62080
2014/12/05 11:28:27: F/W Version: 00.00.08
2014/12/05 11:28:27:
2014/12/05 11:28:27: MasterKey Key Entry ... OK
2014/12/05 11:28:27: PowerON Counter Key Entry ... OK
2014/12/05 11:28:28: Key Entry ... OK
2014/12/05 11:28:28: Complete.
2014/12/05 11:28:28: COM PORT CLOSE ... OK
2014/12/05 11:28:28: 
2014/12/05 11:28:28: ==== Processing was completed ====
2014/12/05 11:28:28: 
*************************************************


*********** Start the Initialize Key Check **********
2014/12/05 11:30:04: Tool Ver: 2013.0605.01
2014/12/05 11:30:04: COM PORT OPEN ... OK
2014/12/05 11:30:04:
2014/12/05 11:30:04: ProductS/N:  VRW06A114Z00355
2014/12/05 11:30:04: TID: 86043039CAE52080
2014/12/05 11:30:04: F/W Version: 00.00.08
2014/12/05 11:30:04:
2014/12/05 11:30:04: MasterKey Key Entry ... OK
2014/12/05 11:30:04: PowerON Counter Key Entry ... OK
2014/12/05 11:30:04: Key Entry ... OK
2014/12/05 11:30:04: Complete.
2014/12/05 11:30:04: COM PORT CLOSE ... OK
2014/12/05 11:30:04: 
2014/12/05 11:30:04: ==== Processing was completed ====
2014/12/05 11:30:04: 
*************************************************


*********** Start the Initialize Key Check **********
2014/12/05 11:41:26: Tool Ver: 2013.0605.01
2014/12/05 11:41:26: COM PORT OPEN ... OK
2014/12/05 11:41:26:
2014/12/05 11:41:26: ProductS/N:  VRW06A114Z00369
2014/12/05 11:41:26: TID: 86043042CAE52080
2014/12/05 11:41:26: F/W Version: 00.00.08
2014/12/05 11:41:26:
2014/12/05 11:41:26: MasterKey Key Entry ... OK
2014/12/05 11:41:26: PowerON Counter Key Entry ... OK
2014/12/05 11:41:26: Key Entry ... OK
2014/12/05 11:41:26: Complete.
2014/12/05 11:41:26: COM PORT CLOSE ... OK
2014/12/05 11:41:26: 
2014/12/05 11:41:26: ==== Processing was completed ====
2014/12/05 11:41:26: 
*************************************************


*********** Start the Initialize Key Check **********
2014/12/05 11:43:01: Tool Ver: 2013.0605.01
2014/12/05 11:43:01: COM PORT OPEN ... OK
2014/12/05 11:43:01:
2014/12/05 11:43:01: ProductS/N:  VRW06A114Z00371
2014/12/05 11:43:01: TID: 86041F113AE62080
2014/12/05 11:43:01: F/W Version: 00.00.08
2014/12/05 11:43:01:
2014/12/05 11:43:01: MasterKey Key Entry ... OK
2014/12/05 11:43:01: PowerON Counter Key Entry ... OK
2014/12/05 11:43:02: Key Entry ... OK
2014/12/05 11:43:02: Complete.
2014/12/05 11:43:02: COM PORT CLOSE ... OK
2014/12/05 11:43:02: 
2014/12/05 11:43:02: ==== Processing was completed ====
2014/12/05 11:43:02: 
*************************************************


*********** Start the Initialize Key Check **********
2014/12/05 12:55:08: Tool Ver: 2013.0605.01
2014/12/05 12:55:08: COM PORT OPEN ... OK
2014/12/05 12:55:08:
2014/12/05 12:55:08: ProductS/N:  VRW06A114Z00357
2014/12/05 12:55:08: TID: 86041341CAE52080
2014/12/05 12:55:08: F/W Version: 00.00.08
2014/12/05 12:55:08:
2014/12/05 12:55:08: MasterKey Key Entry ... OK
2014/12/05 12:55:08: PowerON Counter Key Entry ... OK
2014/12/05 12:55:09: Key Entry ... OK
2014/12/05 12:55:09: Complete.
2014/12/05 12:55:09: COM PORT CLOSE ... OK
2014/12/05 12:55:09: 
2014/12/05 12:55:09: ==== Processing was completed ====
2014/12/05 12:55:09: 
*************************************************


*********** Start the Initialize Key Check **********
2014/12/05 12:57:11: Tool Ver: 2013.0605.01
2014/12/05 12:57:11: COM PORT OPEN ... OK
2014/12/05 12:57:11:
2014/12/05 12:57:11: ProductS/N:  VRW06A114Z00367
2014/12/05 12:57:11: TID: 86040D2122E62080
2014/12/05 12:57:11: F/W Version: 00.00.08
2014/12/05 12:57:11:
2014/12/05 12:57:11: MasterKey Key Entry ... OK
2014/12/05 12:57:11: PowerON Counter Key Entry ... OK
2014/12/05 12:57:12: Key Entry ... OK
2014/12/05 12:57:12: Complete.
2014/12/05 12:57:12: COM PORT CLOSE ... OK
2014/12/05 12:57:12: 
2014/12/05 12:57:12: ==== Processing was completed ====
2014/12/05 12:57:12: 
*************************************************


*********** Start the Initialize Key Check **********
2014/12/05 13:10:26: Tool Ver: 2013.0605.01
2014/12/05 13:10:26: COM PORT OPEN ... OK
2014/12/05 13:10:26:
2014/12/05 13:10:26: ProductS/N:  VRW06A114Z00377
2014/12/05 13:10:26: TID: 8604180D32E62080
2014/12/05 13:10:26: F/W Version: 00.00.08
2014/12/05 13:10:26:
2014/12/05 13:10:26: MasterKey Key Entry ... OK
2014/12/05 13:10:26: PowerON Counter Key Entry ... OK
2014/12/05 13:10:27: Key Entry ... OK
2014/12/05 13:10:27: Complete.
2014/12/05 13:10:27: COM PORT CLOSE ... OK
2014/12/05 13:10:27: 
2014/12/05 13:10:27: ==== Processing was completed ====
2014/12/05 13:10:27: 
*************************************************


*********** Start the Initialize Key Check **********
2014/12/05 13:12:44: Tool Ver: 2013.0605.01
2014/12/05 13:12:44: COM PORT OPEN ... OK
2014/12/05 13:12:44:
2014/12/05 13:12:44: ProductS/N:  VRW06A114Z00358
2014/12/05 13:12:44: TID: 8604340AD2E52080
2014/12/05 13:12:44: F/W Version: 00.00.08
2014/12/05 13:12:44:
2014/12/05 13:12:44: MasterKey Key Entry ... OK
2014/12/05 13:12:44: PowerON Counter Key Entry ... OK
2014/12/05 13:12:45: Key Entry ... OK
2014/12/05 13:12:45: Complete.
2014/12/05 13:12:45: COM PORT CLOSE ... OK
2014/12/05 13:12:45: 
2014/12/05 13:12:45: ==== Processing was completed ====
2014/12/05 13:12:45: 
*************************************************


*********** Start the Initialize Key Check **********
2014/12/05 13:17:54: Tool Ver: 2013.0605.01
2014/12/05 13:17:54: COM PORT OPEN ... OK
2014/12/05 13:17:54:
2014/12/05 13:17:54: ProductS/N:  VRW06A114Z00218
2014/12/05 13:17:54: TID: 8604402FCAE52080
2014/12/05 13:17:54: F/W Version: 00.00.08
2014/12/05 13:17:54:
2014/12/05 13:17:54: MasterKey Key Entry ... OK
2014/12/05 13:17:54: PowerON Counter Key Entry ... OK
2014/12/05 13:17:55: Key Entry ... OK
2014/12/05 13:17:55: Complete.
2014/12/05 13:17:55: COM PORT CLOSE ... OK
2014/12/05 13:17:55: 
2014/12/05 13:17:55: ==== Processing was completed ====
2014/12/05 13:17:55: 
*************************************************


*********** Start the Initialize Key Check **********
2014/12/05 13:20:17: Tool Ver: 2013.0605.01
2014/12/05 13:20:17: COM PORT OPEN ... OK
2014/12/05 13:20:17:
2014/12/05 13:20:17: ProductS/N:  VRW06A114Z00381
2014/12/05 13:20:17: TID: 860429283AE62080
2014/12/05 13:20:17: F/W Version: 00.00.08
2014/12/05 13:20:17:
2014/12/05 13:20:17: MasterKey Key Entry ... OK
2014/12/05 13:20:17: PowerON Counter Key Entry ... OK
2014/12/05 13:20:17: Key Entry ... OK
2014/12/05 13:20:17: Complete.
2014/12/05 13:20:17: COM PORT CLOSE ... OK
2014/12/05 13:20:17: 
2014/12/05 13:20:17: ==== Processing was completed ====
2014/12/05 13:20:17: 
*************************************************


*********** Start the Initialize Key Check **********
2014/12/05 13:30:38: Tool Ver: 2013.0605.01
2014/12/05 13:30:38: COM PORT OPEN ... OK
2014/12/05 13:30:38:
2014/12/05 13:30:38: ProductS/N:  VRW06A114Z00312
2014/12/05 13:30:38: TID: 8604322322E62080
2014/12/05 13:30:38: F/W Version: 00.00.08
2014/12/05 13:30:38:
2014/12/05 13:30:38: MasterKey Key Entry ... OK
2014/12/05 13:30:38: PowerON Counter Key Entry ... OK
2014/12/05 13:30:39: Key Entry ... OK
2014/12/05 13:30:39: Complete.
2014/12/05 13:30:39: COM PORT CLOSE ... OK
2014/12/05 13:30:39: 
2014/12/05 13:30:39: ==== Processing was completed ====
2014/12/05 13:30:39: 
*************************************************


*********** Start the Initialize Key Check **********
2014/12/05 13:34:10: Tool Ver: 2013.0605.01
2014/12/05 13:34:10: COM PORT OPEN ... OK
2014/12/05 13:34:10:
2014/12/05 13:34:10: ProductS/N:  VRW06A114Z00209
2014/12/05 13:34:10: TID: 86043F2FCAE52080
2014/12/05 13:34:10: F/W Version: 00.00.08
2014/12/05 13:34:10:
2014/12/05 13:34:10: MasterKey Key Entry ... OK
2014/12/05 13:34:10: PowerON Counter Key Entry ... OK
2014/12/05 13:34:11: Key Entry ... OK
2014/12/05 13:34:11: Complete.
2014/12/05 13:34:11: COM PORT CLOSE ... OK
2014/12/05 13:34:11: 
2014/12/05 13:34:11: ==== Processing was completed ====
2014/12/05 13:34:11: 
*************************************************


*********** Start the Initialize Key Check **********
2014/12/05 13:35:40: Tool Ver: 2013.0605.01
2014/12/05 13:35:40: COM PORT OPEN ... OK
2014/12/05 13:35:40:
2014/12/05 13:35:40: ProductS/N:  VRW06A114Z00334
2014/12/05 13:35:40: TID: 8604342E3AE62080
2014/12/05 13:35:40: F/W Version: 00.00.08
2014/12/05 13:35:40:
2014/12/05 13:35:40: MasterKey Key Entry ... OK
2014/12/05 13:35:40: PowerON Counter Key Entry ... OK
2014/12/05 13:35:41: Key Entry ... OK
2014/12/05 13:35:41: Complete.
2014/12/05 13:35:41: COM PORT CLOSE ... OK
2014/12/05 13:35:41: 
2014/12/05 13:35:41: ==== Processing was completed ====
2014/12/05 13:35:41: 
*************************************************


*********** Start the Initialize Key Check **********
2014/12/05 13:44:36: Tool Ver: 2013.0605.01
2014/12/05 13:44:36: COM PORT OPEN ... OK
2014/12/05 13:44:36:
2014/12/05 13:44:36: ProductS/N:  VRW06A114Z00289
2014/12/05 13:44:36: TID: 86041C2022E62080
2014/12/05 13:44:36: F/W Version: 00.00.08
2014/12/05 13:44:36:
2014/12/05 13:44:36: MasterKey Key Entry ... OK
2014/12/05 13:44:36: PowerON Counter Key Entry ... OK
2014/12/05 13:44:36: Key Entry ... OK
2014/12/05 13:44:36: Complete.
2014/12/05 13:44:36: COM PORT CLOSE ... OK
2014/12/05 13:44:36: 
2014/12/05 13:44:36: ==== Processing was completed ====
2014/12/05 13:44:36: 
*************************************************


*********** Start the Initialize Key Check **********
2014/12/05 13:45:09: Tool Ver: 2013.0605.01
2014/12/05 13:45:09: COM PORT OPEN ... OK
2014/12/05 13:45:09:
2014/12/05 13:45:09: ProductS/N:  VRW06A114Z00379
2014/12/05 13:45:09: TID: 860423293AE62080
2014/12/05 13:45:09: F/W Version: 00.00.08
2014/12/05 13:45:09:
2014/12/05 13:45:09: MasterKey Key Entry ... OK
2014/12/05 13:45:09: PowerON Counter Key Entry ... OK
2014/12/05 13:45:10: Key Entry ... OK
2014/12/05 13:45:10: Complete.
2014/12/05 13:45:10: COM PORT CLOSE ... OK
2014/12/05 13:45:10: 
2014/12/05 13:45:10: ==== Processing was completed ====
2014/12/05 13:45:10: 
*************************************************


*********** Start the Initialize Key Check **********
2014/12/05 13:47:51: Tool Ver: 2013.0605.01
2014/12/05 13:47:51: COM PORT OPEN ... OK
2014/12/05 13:47:51:
2014/12/05 13:47:51: ProductS/N:  VRW06A114Z00405
2014/12/05 13:47:51: TID: 8604180B32E62080
2014/12/05 13:47:51: F/W Version: 00.00.08
2014/12/05 13:47:51:
2014/12/05 13:47:51: MasterKey Key Entry ... OK
2014/12/05 13:47:51: PowerON Counter Key Entry ... OK
2014/12/05 13:47:51: Key Entry ... OK
2014/12/05 13:47:51: Complete.
2014/12/05 13:47:51: COM PORT CLOSE ... OK
2014/12/05 13:47:51: 
2014/12/05 13:47:51: ==== Processing was completed ====
2014/12/05 13:47:51: 
*************************************************


*********** Start the Initialize Key Check **********
2014/12/05 13:54:28: Tool Ver: 2013.0605.01
2014/12/05 13:54:28: COM PORT OPEN ... OK
2014/12/05 13:54:28:
2014/12/05 13:54:28: ProductS/N:  VRW06A114Z00387
2014/12/05 13:54:28: TID: 8604151AD2E52080
2014/12/05 13:54:28: F/W Version: 00.00.08
2014/12/05 13:54:28:
2014/12/05 13:54:28: MasterKey Key Entry ... OK
2014/12/05 13:54:28: PowerON Counter Key Entry ... OK
2014/12/05 13:54:29: Key Entry ... OK
2014/12/05 13:54:29: Complete.
2014/12/05 13:54:29: COM PORT CLOSE ... OK
2014/12/05 13:54:29: 
2014/12/05 13:54:29: ==== Processing was completed ====
2014/12/05 13:54:29: 
*************************************************


*********** Start the Initialize Key Check **********
2014/12/05 13:57:49: Tool Ver: 2013.0605.01
2014/12/05 13:57:49: COM PORT OPEN ... OK
2014/12/05 13:57:49:
2014/12/05 13:57:49: ProductS/N:  VRW06A114Z00406
2014/12/05 13:57:49: TID: 86042E2322E62080
2014/12/05 13:57:49: F/W Version: 00.00.08
2014/12/05 13:57:49:
2014/12/05 13:57:49: MasterKey Key Entry ... OK
2014/12/05 13:57:49: PowerON Counter Key Entry ... OK
2014/12/05 13:57:49: Key Entry ... OK
2014/12/05 13:57:49: Complete.
2014/12/05 13:57:49: COM PORT CLOSE ... OK
2014/12/05 13:57:49: 
2014/12/05 13:57:49: ==== Processing was completed ====
2014/12/05 13:57:49: 
*************************************************


*********** Start the Initialize Key Check **********
2014/12/05 14:00:01: Tool Ver: 2013.0605.01
2014/12/05 14:00:01: COM PORT OPEN ... OK
2014/12/05 14:00:02:
2014/12/05 14:00:02: ProductS/N:  VRW06A114Z00362
2014/12/05 14:00:02: TID: 86040E0F32E62080
2014/12/05 14:00:02: F/W Version: 00.00.08
2014/12/05 14:00:02:
2014/12/05 14:00:02: MasterKey Key Entry ... OK
2014/12/05 14:00:02: PowerON Counter Key Entry ... OK
2014/12/05 14:00:02: Key Entry ... OK
2014/12/05 14:00:02: Complete.
2014/12/05 14:00:02: COM PORT CLOSE ... OK
2014/12/05 14:00:02: 
2014/12/05 14:00:02: ==== Processing was completed ====
2014/12/05 14:00:02: 
*************************************************


*********** Start the Initialize Key Check **********
2014/12/05 14:08:48: Tool Ver: 2013.0605.01
2014/12/05 14:08:48: COM PORT OPEN ... OK
2014/12/05 14:08:49:
2014/12/05 14:08:49: ProductS/N:  VRW06A114Z00265
2014/12/05 14:08:49: TID: 860408163AE62080
2014/12/05 14:08:49: F/W Version: 00.00.08
2014/12/05 14:08:49:
2014/12/05 14:08:49: MasterKey Key Entry ... OK
2014/12/05 14:08:49: PowerON Counter Key Entry ... OK
2014/12/05 14:08:49: Key Entry ... OK
2014/12/05 14:08:49: Complete.
2014/12/05 14:08:49: COM PORT CLOSE ... OK
2014/12/05 14:08:49: 
2014/12/05 14:08:49: ==== Processing was completed ====
2014/12/05 14:08:49: 
*************************************************


*********** Start the Initialize Key Check **********
2014/12/05 14:09:30: Tool Ver: 2013.0605.01
2014/12/05 14:09:30: COM PORT OPEN ... OK
2014/12/05 14:09:30:
2014/12/05 14:09:30: ProductS/N:  VRW06A114Z00380
2014/12/05 14:09:30: TID: 86041C1AD2E52080
2014/12/05 14:09:30: F/W Version: 00.00.08
2014/12/05 14:09:30:
2014/12/05 14:09:30: MasterKey Key Entry ... OK
2014/12/05 14:09:30: PowerON Counter Key Entry ... OK
2014/12/05 14:09:31: Key Entry ... OK
2014/12/05 14:09:31: Complete.
2014/12/05 14:09:31: COM PORT CLOSE ... OK
2014/12/05 14:09:31: 
2014/12/05 14:09:31: ==== Processing was completed ====
2014/12/05 14:09:31: 
*************************************************


*********** Start the Initialize Key Check **********
2014/12/05 14:10:21: Tool Ver: 2013.0605.01
2014/12/05 14:10:21: COM PORT OPEN ... OK
2014/12/05 14:10:21:
2014/12/05 14:10:21: ProductS/N:  VRW06A114Z00386
2014/12/05 14:10:21: TID: 86041F233AE62080
2014/12/05 14:10:21: F/W Version: 00.00.08
2014/12/05 14:10:21:
2014/12/05 14:10:21: MasterKey Key Entry ... OK
2014/12/05 14:10:21: PowerON Counter Key Entry ... OK
2014/12/05 14:10:22: Key Entry ... OK
2014/12/05 14:10:22: Complete.
2014/12/05 14:10:22: COM PORT CLOSE ... OK
2014/12/05 14:10:22: 
2014/12/05 14:10:22: ==== Processing was completed ====
2014/12/05 14:10:22: 
*************************************************


*********** Start the Initialize Key Check **********
2014/12/05 14:26:04: Tool Ver: 2013.0605.01
2014/12/05 14:26:04: COM PORT OPEN ... OK
2014/12/05 14:26:04:
2014/12/05 14:26:04: ProductS/N:  VRW06A114Z00382
2014/12/05 14:26:04: TID: 86040D0B32E62080
2014/12/05 14:26:04: F/W Version: 00.00.08
2014/12/05 14:26:04:
2014/12/05 14:26:04: MasterKey Key Entry ... OK
2014/12/05 14:26:04: PowerON Counter Key Entry ... OK
2014/12/05 14:26:05: Key Entry ... OK
2014/12/05 14:26:05: Complete.
2014/12/05 14:26:05: COM PORT CLOSE ... OK
2014/12/05 14:26:05: 
2014/12/05 14:26:05: ==== Processing was completed ====
2014/12/05 14:26:05: 
*************************************************


*********** Start the Initialize Key Check **********
2014/12/05 14:28:53: Tool Ver: 2013.0605.01
2014/12/05 14:28:53: Product S/N ... ERROR
2014/12/05 14:28:53: 
2014/12/05 14:28:53: ######## Error has occurred ########
2014/12/05 14:28:53: 
*************************************************


*********** Start the Initialize Key Check **********
2014/12/05 14:30:09: Tool Ver: 2013.0605.01
2014/12/05 14:30:09: COM PORT OPEN ... OK
2014/12/05 14:30:10:
2014/12/05 14:30:10: ProductS/N:  VRW06A114Z00388
2014/12/05 14:30:10: TID: 86040C2522E62080
2014/12/05 14:30:10: F/W Version: 00.00.08
2014/12/05 14:30:10:
2014/12/05 14:30:10: MasterKey Key Entry ... OK
2014/12/05 14:30:10: PowerON Counter Key Entry ... OK
2014/12/05 14:30:10: Key Entry ... OK
2014/12/05 14:30:10: Complete.
2014/12/05 14:30:10: COM PORT CLOSE ... OK
2014/12/05 14:30:10: 
2014/12/05 14:30:10: ==== Processing was completed ====
2014/12/05 14:30:10: 
*************************************************


*********** Start the Initialize Key Check **********
2014/12/05 14:38:51: Tool Ver: 2013.0605.01
2014/12/05 14:38:51: COM PORT OPEN ... OK
2014/12/05 14:38:51:
2014/12/05 14:38:51: ProductS/N:  VRW06A114Z00383
2014/12/05 14:38:51: TID: 86041D3ACAE52080
2014/12/05 14:38:51: F/W Version: 00.00.08
2014/12/05 14:38:51:
2014/12/05 14:38:51: MasterKey Key Entry ... OK
2014/12/05 14:38:51: PowerON Counter Key Entry ... OK
2014/12/05 14:38:52: Key Entry ... OK
2014/12/05 14:38:52: Complete.
2014/12/05 14:38:52: COM PORT CLOSE ... OK
2014/12/05 14:38:52: 
2014/12/05 14:38:52: ==== Processing was completed ====
2014/12/05 14:38:52: 
*************************************************


*********** Start the Initialize Key Check **********
2014/12/05 14:41:17: Tool Ver: 2013.0605.01
2014/12/05 14:41:17: COM PORT OPEN ... OK
2014/12/05 14:41:17:
2014/12/05 14:41:17: ProductS/N:  VRW06A114Z00402
2014/12/05 14:41:17: TID: 8604072122E62080
2014/12/05 14:41:17: F/W Version: 00.00.08
2014/12/05 14:41:17:
2014/12/05 14:41:17: MasterKey Key Entry ... OK
2014/12/05 14:41:17: PowerON Counter Key Entry ... OK
2014/12/05 14:41:18: Key Entry ... OK
2014/12/05 14:41:18: Complete.
2014/12/05 14:41:18: COM PORT CLOSE ... OK
2014/12/05 14:41:18: 
2014/12/05 14:41:18: ==== Processing was completed ====
2014/12/05 14:41:18: 
*************************************************


*********** Start the Initialize Key Check **********
2014/12/05 14:47:08: Tool Ver: 2013.0605.01
2014/12/05 14:47:08: COM PORT OPEN ... OK
2014/12/05 14:47:08:
2014/12/05 14:47:08: ProductS/N:  VRW06A114Z00378
2014/12/05 14:47:08: TID: 86041E2B3AE62080
2014/12/05 14:47:08: F/W Version: 00.00.08
2014/12/05 14:47:08:
2014/12/05 14:47:08: MasterKey Key Entry ... OK
2014/12/05 14:47:08: PowerON Counter Key Entry ... OK
2014/12/05 14:47:08: Key Entry ... OK
2014/12/05 14:47:08: Complete.
2014/12/05 14:47:08: COM PORT CLOSE ... OK
2014/12/05 14:47:08: 
2014/12/05 14:47:08: ==== Processing was completed ====
2014/12/05 14:47:08: 
*************************************************


*********** Start the Initialize Key Check **********
2014/12/05 14:49:19: Tool Ver: 2013.0605.01
2014/12/05 14:49:19: COM PORT OPEN ... OK
2014/12/05 14:49:19:
2014/12/05 14:49:19: ProductS/N:  VRW06A114Z00389
2014/12/05 14:49:19: TID: 86040C2422E62080
2014/12/05 14:49:19: F/W Version: 00.00.08
2014/12/05 14:49:19:
2014/12/05 14:49:19: MasterKey Key Entry ... OK
2014/12/05 14:49:19: PowerON Counter Key Entry ... OK
2014/12/05 14:49:20: Key Entry ... OK
2014/12/05 14:49:20: Complete.
2014/12/05 14:49:20: COM PORT CLOSE ... OK
2014/12/05 14:49:20: 
2014/12/05 14:49:20: ==== Processing was completed ====
2014/12/05 14:49:20: 
*************************************************


*********** Start the Initialize Key Check **********
2014/12/05 14:57:01: Tool Ver: 2013.0605.01
2014/12/05 14:57:01: COM PORT OPEN ... OK
2014/12/05 14:57:01:
2014/12/05 14:57:01: ProductS/N:  VRW06A114Z00392
2014/12/05 14:57:01: TID: 86042A233AE62080
2014/12/05 14:57:01: F/W Version: 00.00.08
2014/12/05 14:57:01:
2014/12/05 14:57:01: MasterKey Key Entry ... OK
2014/12/05 14:57:01: PowerON Counter Key Entry ... OK
2014/12/05 14:57:02: Key Entry ... OK
2014/12/05 14:57:02: Complete.
2014/12/05 14:57:02: COM PORT CLOSE ... OK
2014/12/05 14:57:02: 
2014/12/05 14:57:02: ==== Processing was completed ====
2014/12/05 14:57:02: 
*************************************************


*********** Start the Initialize Key Check **********
2014/12/05 14:58:22: Tool Ver: 2013.0605.01
2014/12/05 14:58:22: COM PORT OPEN ... OK
2014/12/05 14:58:22:
2014/12/05 14:58:22: ProductS/N:  VRW06A114Z00401
2014/12/05 14:58:22: TID: 8604142122E62080
2014/12/05 14:58:22: F/W Version: 00.00.08
2014/12/05 14:58:22:
2014/12/05 14:58:22: MasterKey Key Entry ... OK
2014/12/05 14:58:22: PowerON Counter Key Entry ... OK
2014/12/05 14:58:23: Key Entry ... OK
2014/12/05 14:58:23: Complete.
2014/12/05 14:58:23: COM PORT CLOSE ... OK
2014/12/05 14:58:23: 
2014/12/05 14:58:23: ==== Processing was completed ====
2014/12/05 14:58:23: 
*************************************************


*********** Start the Initialize Key Check **********
2014/12/05 15:14:53: Tool Ver: 2013.0605.01
2014/12/05 15:14:53: COM PORT OPEN ... OK
2014/12/05 15:14:53:
2014/12/05 15:14:53: ProductS/N:  VRW06A114Z00234
2014/12/05 15:14:53: TID: 8604082022E62080
2014/12/05 15:14:53: F/W Version: 00.00.08
2014/12/05 15:14:53:
2014/12/05 15:14:53: MasterKey Key Entry ... OK
2014/12/05 15:14:53: PowerON Counter Key Entry ... OK
2014/12/05 15:14:54: Key Entry ... OK
2014/12/05 15:14:54: Complete.
2014/12/05 15:14:54: COM PORT CLOSE ... OK
2014/12/05 15:14:54: 
2014/12/05 15:14:54: ==== Processing was completed ====
2014/12/05 15:14:54: 
*************************************************


*********** Start the Initialize Key Check **********
2014/12/05 15:16:02: Tool Ver: 2013.0605.01
2014/12/05 15:16:02: COM PORT OPEN ... OK
2014/12/05 15:16:02:
2014/12/05 15:16:02: ProductS/N:  VRW06A114Z00320
2014/12/05 15:16:02: TID: 8604202022E62080
2014/12/05 15:16:02: F/W Version: 00.00.08
2014/12/05 15:16:02:
2014/12/05 15:16:02: MasterKey Key Entry ... OK
2014/12/05 15:16:02: PowerON Counter Key Entry ... OK
2014/12/05 15:16:02: Key Entry ... OK
2014/12/05 15:16:02: Complete.
2014/12/05 15:16:02: COM PORT CLOSE ... OK
2014/12/05 15:16:02: 
2014/12/05 15:16:02: ==== Processing was completed ====
2014/12/05 15:16:02: 
*************************************************


*********** Start the Initialize Key Check **********
2014/12/05 15:18:27: Tool Ver: 2013.0605.01
2014/12/05 15:18:27: COM PORT OPEN ... OK
2014/12/05 15:18:27:
2014/12/05 15:18:27: ProductS/N:  VRW06A114Z00396
2014/12/05 15:18:27: TID: 8604072022E62080
2014/12/05 15:18:27: F/W Version: 00.00.08
2014/12/05 15:18:27:
2014/12/05 15:18:27: MasterKey Key Entry ... OK
2014/12/05 15:18:27: PowerON Counter Key Entry ... OK
2014/12/05 15:18:27: Key Entry ... OK
2014/12/05 15:18:27: Complete.
2014/12/05 15:18:27: COM PORT CLOSE ... OK
2014/12/05 15:18:27: 
2014/12/05 15:18:27: ==== Processing was completed ====
2014/12/05 15:18:27: 
*************************************************


*********** Start the Initialize Key Check **********
2014/12/05 15:45:05: Tool Ver: 2013.0605.01
2014/12/05 15:45:05: COM PORT OPEN ... OK
2014/12/05 15:45:05:
2014/12/05 15:45:05: ProductS/N:  VRW06A114Z00376
2014/12/05 15:45:05: TID: 86042F253AE62080
2014/12/05 15:45:05: F/W Version: 00.00.08
2014/12/05 15:45:05:
2014/12/05 15:45:05: MasterKey Key Entry ... OK
2014/12/05 15:45:05: PowerON Counter Key Entry ... OK
2014/12/05 15:45:06: Key Entry ... OK
2014/12/05 15:45:06: Complete.
2014/12/05 15:45:06: COM PORT CLOSE ... OK
2014/12/05 15:45:06: 
2014/12/05 15:45:06: ==== Processing was completed ====
2014/12/05 15:45:06: 
*************************************************


*********** Start the Initialize Key Check **********
2014/12/05 15:46:45: Tool Ver: 2013.0605.01
2014/12/05 15:46:45: COM PORT OPEN ... OK
2014/12/05 15:46:45:
2014/12/05 15:46:45: ProductS/N:  VRW06A114Z00385
2014/12/05 15:46:45: TID: 86041A2E3AE62080
2014/12/05 15:46:45: F/W Version: 00.00.08
2014/12/05 15:46:45:
2014/12/05 15:46:45: MasterKey Key Entry ... OK
2014/12/05 15:46:45: PowerON Counter Key Entry ... OK
2014/12/05 15:46:45: Key Entry ... OK
2014/12/05 15:46:45: Complete.
2014/12/05 15:46:45: COM PORT CLOSE ... OK
2014/12/05 15:46:45: 
2014/12/05 15:46:45: ==== Processing was completed ====
2014/12/05 15:46:45: 
*************************************************


*********** Start the Initialize Key Check **********
2014/12/05 15:48:27: Tool Ver: 2013.0605.01
2014/12/05 15:48:27: COM PORT OPEN ... OK
2014/12/05 15:48:27:
2014/12/05 15:48:27: ProductS/N:  VRW06A114Z00391
2014/12/05 15:48:27: TID: 860426233AE62080
2014/12/05 15:48:27: F/W Version: 00.00.08
2014/12/05 15:48:27:
2014/12/05 15:48:27: MasterKey Key Entry ... OK
2014/12/05 15:48:27: PowerON Counter Key Entry ... OK
2014/12/05 15:48:28: Key Entry ... OK
2014/12/05 15:48:28: Complete.
2014/12/05 15:48:28: COM PORT CLOSE ... OK
2014/12/05 15:48:28: 
2014/12/05 15:48:28: ==== Processing was completed ====
2014/12/05 15:48:28: 
*************************************************


*********** Start the Initialize Key Check **********
2014/12/05 15:53:49: Tool Ver: 2013.0605.01
2014/12/05 15:53:49: COM PORT OPEN ... ERROR(01)
2014/12/05 15:53:49: 
2014/12/05 15:53:49: ######## Error has occurred ########
2014/12/05 15:53:49: 
*************************************************


*********** Start the Initialize Key Check **********
2014/12/05 15:54:36: Tool Ver: 2013.0605.01
2014/12/05 15:54:36: COM PORT OPEN ... OK
2014/12/05 15:54:36:
2014/12/05 15:54:36: ProductS/N:  VRW06A114Z00390
2014/12/05 15:54:36: TID: 8604052F3AE62080
2014/12/05 15:54:36: F/W Version: 00.00.08
2014/12/05 15:54:36:
2014/12/05 15:54:36: MasterKey Key Entry ... OK
2014/12/05 15:54:37: PowerON Counter Key Entry ... OK
2014/12/05 15:54:37: Key Entry ... OK
2014/12/05 15:54:37: Complete.
2014/12/05 15:54:37: COM PORT CLOSE ... OK
2014/12/05 15:54:37: 
2014/12/05 15:54:37: ==== Processing was completed ====
2014/12/05 15:54:37: 
*************************************************


*********** Start the Initialize Key Check **********
2014/12/05 16:01:16: Tool Ver: 2013.0605.01
2014/12/05 16:01:16: COM PORT OPEN ... OK
2014/12/05 16:01:17:
2014/12/05 16:01:17: ProductS/N:  VRW06A114Z00329
2014/12/05 16:01:17: TID: 8604102022E62080
2014/12/05 16:01:17: F/W Version: 00.00.08
2014/12/05 16:01:17:
2014/12/05 16:01:17: MasterKey Key Entry ... OK
2014/12/05 16:01:17: PowerON Counter Key Entry ... OK
2014/12/05 16:01:17: Key Entry ... OK
2014/12/05 16:01:17: Complete.
2014/12/05 16:01:17: COM PORT CLOSE ... OK
2014/12/05 16:01:17: 
2014/12/05 16:01:17: ==== Processing was completed ====
2014/12/05 16:01:17: 
*************************************************


*********** Start the Initialize Key Check **********
2014/12/05 16:03:59: Tool Ver: 2013.0605.01
2014/12/05 16:03:59: COM PORT OPEN ... OK
2014/12/05 16:03:59:
2014/12/05 16:03:59: ProductS/N:  VRW06A114Z00102
2014/12/05 16:03:59: TID: 86041B0F32E62080
2014/12/05 16:03:59: F/W Version: 00.00.08
2014/12/05 16:03:59:
2014/12/05 16:03:59: MasterKey Key Entry ... OK
2014/12/05 16:03:59: PowerON Counter Key Entry ... OK
2014/12/05 16:04:00: Key Entry ... OK
2014/12/05 16:04:00: Complete.
2014/12/05 16:04:00: COM PORT CLOSE ... OK
2014/12/05 16:04:00: 
2014/12/05 16:04:00: ==== Processing was completed ====
2014/12/05 16:04:00: 
*************************************************


*********** Start the Initialize Key Check **********
2014/12/05 16:12:08: Tool Ver: 2013.0605.01
2014/12/05 16:12:08: COM PORT OPEN ... OK
2014/12/05 16:12:08:
2014/12/05 16:12:08: ProductS/N:  4Z00043
2014/12/05 16:12:08: TID: 86041C2E3AE62080
2014/12/05 16:12:08: F/W Version: 00.00.08
2014/12/05 16:12:08:
2014/12/05 16:12:08: MasterKey Key Entry ... OK
2014/12/05 16:12:08: PowerON Counter Key Entry ... OK
2014/12/05 16:12:09: Key Entry ... OK
2014/12/05 16:12:09: Complete.
2014/12/05 16:12:09: COM PORT CLOSE ... OK
2014/12/05 16:12:09: 
2014/12/05 16:12:09: ==== Processing was completed ====
2014/12/05 16:12:09: 
*************************************************


*********** Start the Initialize Key Check **********
2014/12/05 16:12:51: Tool Ver: 2013.0605.01
2014/12/05 16:12:51: COM PORT OPEN ... OK
2014/12/05 16:12:51:
2014/12/05 16:12:51: ProductS/N:  VRW06A114Z00237
2014/12/05 16:12:51: TID: 8604302022E62080
2014/12/05 16:12:51: F/W Version: 00.00.08
2014/12/05 16:12:51:
2014/12/05 16:12:51: MasterKey Key Entry ... OK
2014/12/05 16:12:51: PowerON Counter Key Entry ... OK
2014/12/05 16:12:52: Key Entry ... OK
2014/12/05 16:12:52: Complete.
2014/12/05 16:12:52: COM PORT CLOSE ... OK
2014/12/05 16:12:52: 
2014/12/05 16:12:52: ==== Processing was completed ====
2014/12/05 16:12:52: 
*************************************************


*********** Start the Initialize Key Check **********
2014/12/05 16:15:53: Tool Ver: 2013.0605.01
2014/12/05 16:15:53: COM PORT OPEN ... OK
2014/12/05 16:15:53:
2014/12/05 16:15:53: ProductS/N:  VRW06A114Z00384
2014/12/05 16:15:53: TID: 8604190D32E62080
2014/12/05 16:15:53: F/W Version: 00.00.08
2014/12/05 16:15:53:
2014/12/05 16:15:53: MasterKey Key Entry ... OK
2014/12/05 16:15:53: PowerON Counter Key Entry ... OK
2014/12/05 16:15:54: Key Entry ... OK
2014/12/05 16:15:54: Complete.
2014/12/05 16:15:54: COM PORT CLOSE ... OK
2014/12/05 16:15:54: 
2014/12/05 16:15:54: ==== Processing was completed ====
2014/12/05 16:15:54: 
*************************************************


*********** Start the Initialize Key Check **********
2014/12/05 16:17:49: Tool Ver: 2013.0605.01
2014/12/05 16:17:49: COM PORT OPEN ... OK
2014/12/05 16:17:49:
2014/12/05 16:17:49: ProductS/N:  VRW06A114Z00374
2014/12/05 16:17:50: TID: 860406223AE62080
2014/12/05 16:17:50: F/W Version: 00.00.08
2014/12/05 16:17:50:
2014/12/05 16:17:50: MasterKey Key Entry ... OK
2014/12/05 16:17:50: PowerON Counter Key Entry ... OK
2014/12/05 16:17:50: Key Entry ... OK
2014/12/05 16:17:50: Complete.
2014/12/05 16:17:50: COM PORT CLOSE ... OK
2014/12/05 16:17:50: 
2014/12/05 16:17:50: ==== Processing was completed ====
2014/12/05 16:17:50: 
*************************************************


*********** Start the Initialize Key Check **********
2014/12/05 16:39:50: Tool Ver: 2013.0605.01
2014/12/05 16:39:50: COM PORT OPEN ... OK
2014/12/05 16:39:51:
2014/12/05 16:39:51: ProductS/N:  VRW06A114302614
2014/12/05 16:39:51: TID: 8604341A3AE62080
2014/12/05 16:39:51: F/W Version: 00.00.08
2014/12/05 16:39:51:
2014/12/05 16:39:51: MasterKey Key Entry ... OK
2014/12/05 16:39:51: PowerON Counter Key Entry ... OK
2014/12/05 16:39:51: Key Entry ... OK
2014/12/05 16:39:51: Complete.
2014/12/05 16:39:51: COM PORT CLOSE ... OK
2014/12/05 16:39:51: 
2014/12/05 16:39:51: ==== Processing was completed ====
2014/12/05 16:39:51: 
*************************************************


*********** Start the Initialize Key Check **********
2014/12/05 17:40:30: Tool Ver: 2013.0605.01
2014/12/05 17:40:30: COM PORT OPEN ... OK
2014/12/05 17:40:31:
2014/12/05 17:40:31: ProductS/N:  VRW06A114Z00395
2014/12/05 17:40:31: TID: 860412283AE62080
2014/12/05 17:40:31: F/W Version: 00.00.08
2014/12/05 17:40:31:
2014/12/05 17:40:31: MasterKey Key Entry ... OK
2014/12/05 17:40:31: PowerON Counter Key Entry ... OK
2014/12/05 17:40:31: Key Entry ... OK
2014/12/05 17:40:31: Complete.
2014/12/05 17:40:31: COM PORT CLOSE ... OK
2014/12/05 17:40:31: 
2014/12/05 17:40:31: ==== Processing was completed ====
2014/12/05 17:40:31: 
*************************************************


*********** Start the Initialize Key Check **********
2014/12/05 17:41:10: Tool Ver: 2013.0605.01
2014/12/05 17:41:10: COM PORT OPEN ... OK
2014/12/05 17:41:10:
2014/12/05 17:41:10: ProductS/N:  VRW06A114Z00394
2014/12/05 17:41:10: TID: 8604310B32E62080
2014/12/05 17:41:10: F/W Version: 00.00.08
2014/12/05 17:41:10:
2014/12/05 17:41:10: MasterKey Key Entry ... OK
2014/12/05 17:41:10: PowerON Counter Key Entry ... OK
2014/12/05 17:41:11: Key Entry ... OK
2014/12/05 17:41:11: Complete.
2014/12/05 17:41:11: COM PORT CLOSE ... OK
2014/12/05 17:41:11: 
2014/12/05 17:41:11: ==== Processing was completed ====
2014/12/05 17:41:11: 
*************************************************


*********** Start the Initialize Key Check **********
2014/12/05 17:41:47: Tool Ver: 2013.0605.01
2014/12/05 17:41:47: COM PORT OPEN ... OK
2014/12/05 17:41:47:
2014/12/05 17:41:47: ProductS/N:  VRW06A114Z00393
2014/12/05 17:41:47: TID: 86043C2D3AE62080
2014/12/05 17:41:47: F/W Version: 00.00.08
2014/12/05 17:41:47:
2014/12/05 17:41:47: MasterKey Key Entry ... OK
2014/12/05 17:41:47: PowerON Counter Key Entry ... OK
2014/12/05 17:41:48: Key Entry ... OK
2014/12/05 17:41:48: Complete.
2014/12/05 17:41:48: COM PORT CLOSE ... OK
2014/12/05 17:41:48: 
2014/12/05 17:41:48: ==== Processing was completed ====
2014/12/05 17:41:48: 
*************************************************


*********** Start the Initialize Key Check **********
2014/12/05 17:42:27: Tool Ver: 2013.0605.01
2014/12/05 17:42:27: COM PORT OPEN ... OK
2014/12/05 17:42:27:
2014/12/05 17:42:27: ProductS/N:  VRW06A114Z00397
2014/12/05 17:42:27: TID: 86041E2022E62080
2014/12/05 17:42:27: F/W Version: 00.00.08
2014/12/05 17:42:27:
2014/12/05 17:42:27: MasterKey Key Entry ... OK
2014/12/05 17:42:27: PowerON Counter Key Entry ... OK
2014/12/05 17:42:28: Key Entry ... OK
2014/12/05 17:42:28: Complete.
2014/12/05 17:42:28: COM PORT CLOSE ... OK
2014/12/05 17:42:28: 
2014/12/05 17:42:28: ==== Processing was completed ====
2014/12/05 17:42:28: 
*************************************************


*********** Start the Initialize Key Check **********
2014/12/05 17:51:33: Tool Ver: 2013.0605.01
2014/12/05 17:51:33: COM PORT OPEN ... OK
2014/12/05 17:51:33:
2014/12/05 17:51:33: ProductS/N:  VRW06A114Z00399
2014/12/05 17:51:33: TID: 860440173AE62080
2014/12/05 17:51:33: F/W Version: 00.00.08
2014/12/05 17:51:33:
2014/12/05 17:51:33: MasterKey Key Entry ... OK
2014/12/05 17:51:33: PowerON Counter Key Entry ... OK
2014/12/05 17:51:34: Key Entry ... OK
2014/12/05 17:51:34: Complete.
2014/12/05 17:51:34: COM PORT CLOSE ... OK
2014/12/05 17:51:34: 
2014/12/05 17:51:34: ==== Processing was completed ====
2014/12/05 17:51:34: 
*************************************************


*********** Start the Initialize Key Check **********
2014/12/05 17:54:38: Tool Ver: 2013.0605.01
2014/12/05 17:54:38: COM PORT OPEN ... OK
2014/12/05 17:54:38:
2014/12/05 17:54:38: ProductS/N:  VRW06A114Z00398
2014/12/05 17:54:38: TID: 8604320CD2E52080
2014/12/05 17:54:38: F/W Version: 00.00.08
2014/12/05 17:54:38:
2014/12/05 17:54:38: MasterKey Key Entry ... OK
2014/12/05 17:54:38: PowerON Counter Key Entry ... OK
2014/12/05 17:54:39: Key Entry ... OK
2014/12/05 17:54:39: Complete.
2014/12/05 17:54:39: COM PORT CLOSE ... OK
2014/12/05 17:54:39: 
2014/12/05 17:54:39: ==== Processing was completed ====
2014/12/05 17:54:39: 
*************************************************


*********** Start the Initialize Key Check **********
2014/12/05 18:05:18: Tool Ver: 2013.0605.01
2014/12/05 18:05:18: COM PORT OPEN ... OK
2014/12/05 18:05:18:
2014/12/05 18:05:18: ProductS/N:  VRW06A113X01091
2014/12/05 18:05:18: TID: 8604052A6A9F2980
2014/12/05 18:05:18: F/W Version: 00.00.08
2014/12/05 18:05:18:
2014/12/05 18:05:18: MasterKey Key Entry ... OK
2014/12/05 18:05:18: PowerON Counter Key Entry ... OK
2014/12/05 18:05:19: Key Entry ... OK
2014/12/05 18:05:19: Complete.
2014/12/05 18:05:19: COM PORT CLOSE ... OK
2014/12/05 18:05:19: 
2014/12/05 18:05:19: ==== Processing was completed ====
2014/12/05 18:05:19: 
*************************************************


*********** Start the Initialize Key Check **********
2014/12/05 18:08:05: Tool Ver: 2013.0605.01
2014/12/05 18:08:05: COM PORT OPEN ... OK
2014/12/05 18:08:05:
2014/12/05 18:08:05: ProductS/N:  VRW06A113801375
2014/12/05 18:08:05: TID: 8604271E2AE62080
2014/12/05 18:08:05: F/W Version: 00.00.08
2014/12/05 18:08:05:
2014/12/05 18:08:05: MasterKey Key Entry ... OK
2014/12/05 18:08:05: PowerON Counter Key Entry ... OK
2014/12/05 18:08:06: Key Entry ... OK
2014/12/05 18:08:06: Complete.
2014/12/05 18:08:06: COM PORT CLOSE ... OK
2014/12/05 18:08:06: 
2014/12/05 18:08:06: ==== Processing was completed ====
2014/12/05 18:08:06: 
*************************************************


*********** Start the Initialize Key Check **********
2014/12/05 18:10:36: Tool Ver: 2013.0605.01
2014/12/05 18:10:36: COM PORT OPEN ... OK
2014/12/05 18:10:36:
2014/12/05 18:10:36: ProductS/N:  VRW06A114201010
2014/12/05 18:10:36: TID: 8604123E72842D80
2014/12/05 18:10:36: F/W Version: 00.00.08
2014/12/05 18:10:36:
2014/12/05 18:10:36: MasterKey Key Entry ... OK
2014/12/05 18:10:36: PowerON Counter Key Entry ... OK
2014/12/05 18:10:37: Key Entry ... OK
2014/12/05 18:10:37: Complete.
2014/12/05 18:10:37: COM PORT CLOSE ... OK
2014/12/05 18:10:37: 
2014/12/05 18:10:37: ==== Processing was completed ====
2014/12/05 18:10:37: 
*************************************************


*********** Start the Initialize Key Check **********
2014/12/05 18:12:33: Tool Ver: 2013.0605.01
2014/12/05 18:12:33: COM PORT OPEN ... OK
2014/12/05 18:12:33:
2014/12/05 18:12:33: ProductS/N:  VRW06A113X02819
2014/12/05 18:12:33: TID: 86041D1E2AE62080
2014/12/05 18:12:33: F/W Version: 00.00.08
2014/12/05 18:12:33:
2014/12/05 18:12:33: MasterKey Key Entry ... OK
2014/12/05 18:12:33: PowerON Counter Key Entry ... OK
2014/12/05 18:12:33: Key Entry ... OK
2014/12/05 18:12:33: Complete.
2014/12/05 18:12:33: COM PORT CLOSE ... OK
2014/12/05 18:12:33: 
2014/12/05 18:12:33: ==== Processing was completed ====
2014/12/05 18:12:33: 
*************************************************


*********** Start the Initialize Key Check **********
2014/12/05 18:13:46: Tool Ver: 2013.0605.01
2014/12/05 18:13:46: COM PORT OPEN ... OK
*********** Start the Initialize Key Check **********
2014/12/05 18:14:19: Tool Ver: 2013.0605.01
2014/12/05 18:14:19: COM PORT OPEN ... OK
2014/12/05 18:14:19:
2014/12/05 18:14:19: ProductS/N:  VRW06A113X01840
2014/12/05 18:14:19: TID: 8604391B6A9F2980
2014/12/05 18:14:19: F/W Version: 00.00.08
2014/12/05 18:14:19:
2014/12/05 18:14:19: MasterKey Key Entry ... OK
2014/12/05 18:14:19: PowerON Counter Key Entry ... OK
2014/12/05 18:14:20: Key Entry ... OK
2014/12/05 18:14:20: Complete.
2014/12/05 18:14:20: COM PORT CLOSE ... OK
2014/12/05 18:14:20: 
2014/12/05 18:14:20: ==== Processing was completed ====
2014/12/05 18:14:20: 
*************************************************


*********** Start the Initialize Key Check **********
2014/12/05 18:17:02: Tool Ver: 2013.0605.01
2014/12/05 18:17:02: COM PORT OPEN ... OK
2014/12/05 18:17:02:
2014/12/05 18:17:02: ProductS/N:  VRW06A113X02295
2014/12/05 18:17:02: TID: 860433236A9F2980
2014/12/05 18:17:02: F/W Version: 00.00.08
2014/12/05 18:17:02:
2014/12/05 18:17:02: MasterKey Key Entry ... OK
2014/12/05 18:17:02: PowerON Counter Key Entry ... OK
2014/12/05 18:17:03: Key Entry ... OK
2014/12/05 18:17:03: Complete.
2014/12/05 18:17:03: COM PORT CLOSE ... OK
2014/12/05 18:17:03: 
2014/12/05 18:17:03: ==== Processing was completed ====
2014/12/05 18:17:03: 
*************************************************


*********** Start the Initialize Key Check **********
2014/12/05 18:20:39: Tool Ver: 2013.0605.01
2014/12/05 18:20:39: Product S/N ... ERROR
2014/12/05 18:20:39: 
2014/12/05 18:20:39: ######## Error has occurred ########
2014/12/05 18:20:39: 
*************************************************


*********** Start the Initialize Key Check **********
2014/12/05 18:21:16: Tool Ver: 2013.0605.01
2014/12/05 18:21:16: Product S/N ... ERROR
2014/12/05 18:21:16: 
2014/12/05 18:21:16: ######## Error has occurred ########
2014/12/05 18:21:16: 
*************************************************


*********** Start the Initialize Key Check **********
2014/12/05 18:22:34: Tool Ver: 2013.0605.01
2014/12/05 18:22:34: Product S/N ... ERROR
2014/12/05 18:22:34: 
2014/12/05 18:22:34: ######## Error has occurred ########
2014/12/05 18:22:34: 
*************************************************


*********** Start the Initialize Key Check **********
2014/12/05 18:22:54: Tool Ver: 2013.0605.01
2014/12/05 18:22:54: COM PORT OPEN ... OK
2014/12/05 18:22:54:
2014/12/05 18:22:54: ProductS/N:  VRW06A114201171
2014/12/05 18:22:55: TID: 860441202AE62080
2014/12/05 18:22:55: F/W Version: 00.00.08
2014/12/05 18:22:55:
2014/12/05 18:22:55: MasterKey Key Entry ... OK
2014/12/05 18:22:55: PowerON Counter Key Entry ... OK
2014/12/05 18:22:55: Key Entry ... OK
2014/12/05 18:22:55: Complete.
2014/12/05 18:22:55: COM PORT CLOSE ... OK
2014/12/05 18:22:55: 
2014/12/05 18:22:55: ==== Processing was completed ====
2014/12/05 18:22:55: 
*************************************************


*********** Start the Initialize Key Check **********
2014/12/05 18:26:26: Tool Ver: 2013.0605.01
2014/12/05 18:26:26: COM PORT OPEN ... OK
2014/12/05 18:26:26:
2014/12/05 18:26:26: ProductS/N:  VRW06A114401813
2014/12/05 18:26:26: TID: 8604171C2AE62080
2014/12/05 18:26:26: F/W Version: 00.00.08
2014/12/05 18:26:26:
2014/12/05 18:26:26: MasterKey Key Entry ... OK
2014/12/05 18:26:26: PowerON Counter Key Entry ... OK
2014/12/05 18:26:27: Key Entry ... OK
2014/12/05 18:26:27: Complete.
2014/12/05 18:26:27: COM PORT CLOSE ... OK
2014/12/05 18:26:27: 
2014/12/05 18:26:27: ==== Processing was completed ====
2014/12/05 18:26:27: 
*************************************************


*********** Start the Initialize Key Check **********
2014/12/05 18:29:46: Tool Ver: 2013.0605.01
2014/12/05 18:29:46: COM PORT OPEN ... OK
2014/12/05 18:29:46:
2014/12/05 18:29:46: ProductS/N:  VRW06A114302767
2014/12/05 18:29:46: TID: 860440253AE62080
2014/12/05 18:29:46: F/W Version: 00.00.08
2014/12/05 18:29:46:
2014/12/05 18:29:46: MasterKey Key Entry ... OK
2014/12/05 18:29:46: PowerON Counter Key Entry ... OK
2014/12/05 18:29:47: Key Entry ... OK
2014/12/05 18:29:47: Complete.
2014/12/05 18:29:47: COM PORT CLOSE ... OK
2014/12/05 18:29:47: 
2014/12/05 18:29:47: ==== Processing was completed ====
2014/12/05 18:29:47: 
*************************************************


*********** Start the Initialize Key Check **********
2014/12/05 18:34:01: Tool Ver: 2013.0605.01
2014/12/05 18:34:01: COM PORT OPEN ... OK
2014/12/05 18:34:01:
2014/12/05 18:34:01: ProductS/N:  VRW06A114200942
2014/12/05 18:34:01: TID: 8604212C025B2980
2014/12/05 18:34:01: F/W Version: 00.00.08
2014/12/05 18:34:01:
2014/12/05 18:34:01: MasterKey Key Entry ... OK
2014/12/05 18:34:01: PowerON Counter Key Entry ... OK
2014/12/05 18:34:02: Key Entry ... OK
2014/12/05 18:34:02: Complete.
2014/12/05 18:34:02: COM PORT CLOSE ... OK
2014/12/05 18:34:02: 
2014/12/05 18:34:02: ==== Processing was completed ====
2014/12/05 18:34:02: 
*************************************************


*********** Start the Initialize Key Check **********
2014/12/05 18:36:12: Tool Ver: 2013.0605.01
2014/12/05 18:36:12: COM PORT OPEN ... OK
2014/12/05 18:36:12:
2014/12/05 18:36:12: ProductS/N:  VRW06A114200083
2014/12/05 18:36:12: TID: 860429286A9F2980
2014/12/05 18:36:12: F/W Version: 00.00.08
2014/12/05 18:36:12:
2014/12/05 18:36:12: MasterKey Key Entry ... OK
2014/12/05 18:36:12: PowerON Counter Key Entry ... OK
2014/12/05 18:36:13: Key Entry ... OK
2014/12/05 18:36:13: Complete.
2014/12/05 18:36:13: COM PORT CLOSE ... OK
2014/12/05 18:36:13: 
2014/12/05 18:36:13: ==== Processing was completed ====
2014/12/05 18:36:13: 
*************************************************


*********** Start the Initialize Key Check **********
2014/12/05 18:37:19: Tool Ver: 2013.0605.01
2014/12/05 18:37:19: COM PORT OPEN ... OK
2014/12/05 18:37:19:
2014/12/05 18:37:19: ProductS/N:  VRW06A113X00014
2014/12/05 18:37:19: TID: 8604382072842D80
2014/12/05 18:37:19: F/W Version: 00.00.08
2014/12/05 18:37:19:
2014/12/05 18:37:19: MasterKey Key Entry ... OK
2014/12/05 18:37:19: PowerON Counter Key Entry ... OK
2014/12/05 18:37:20: Key Entry ... OK
2014/12/05 18:37:20: Complete.
2014/12/05 18:37:20: COM PORT CLOSE ... OK
2014/12/05 18:37:20: 
2014/12/05 18:37:20: ==== Processing was completed ====
2014/12/05 18:37:20: 
*************************************************


*********** Start the Initialize Key Check **********
2014/12/05 18:38:51: Tool Ver: 2013.0605.01
2014/12/05 18:38:51: COM PORT OPEN ... OK
2014/12/05 18:38:51:
2014/12/05 18:38:51: ProductS/N:  VRW06A114302450
2014/12/05 18:38:51: TID: 860424296A9F2980
2014/12/05 18:38:51: F/W Version: 00.00.08
2014/12/05 18:38:51:
2014/12/05 18:38:51: MasterKey Key Entry ... OK
2014/12/05 18:38:51: PowerON Counter Key Entry ... OK
2014/12/05 18:38:52: Key Entry ... OK
2014/12/05 18:38:52: Complete.
2014/12/05 18:38:52: COM PORT CLOSE ... OK
2014/12/05 18:38:52: 
2014/12/05 18:38:52: ==== Processing was completed ====
2014/12/05 18:38:52: 
*************************************************


*********** Start the Initialize Key Check **********
2014/12/05 18:39:40: Tool Ver: 2013.0605.01
2014/12/05 18:39:40: COM PORT OPEN ... OK
2014/12/05 18:39:40:
2014/12/05 18:39:40: ProductS/N:  VRW06A113800914
2014/12/05 18:39:40: TID: 860413416A9F2980
2014/12/05 18:39:40: F/W Version: 00.00.08
2014/12/05 18:39:40:
2014/12/05 18:39:40: MasterKey Key Entry ... OK
2014/12/05 18:39:40: PowerON Counter Key Entry ... OK
2014/12/05 18:39:41: Key Entry ... OK
2014/12/05 18:39:41: Complete.
2014/12/05 18:39:41: COM PORT CLOSE ... OK
2014/12/05 18:39:41: 
2014/12/05 18:39:41: ==== Processing was completed ====
2014/12/05 18:39:41: 
*************************************************


*********** Start the Initialize Key Check **********
2014/12/05 18:40:31: Tool Ver: 2013.0605.01
2014/12/05 18:40:31: COM PORT OPEN ... OK
2014/12/05 18:40:31:
2014/12/05 18:40:31: ProductS/N:  VRW06A113801151
2014/12/05 18:40:31: TID: 860409222AE62080
2014/12/05 18:40:31: F/W Version: 00.00.08
2014/12/05 18:40:31:
2014/12/05 18:40:31: MasterKey Key Entry ... OK
2014/12/05 18:40:31: PowerON Counter Key Entry ... OK
2014/12/05 18:40:32: Key Entry ... OK
2014/12/05 18:40:32: Complete.
2014/12/05 18:40:32: COM PORT CLOSE ... OK
2014/12/05 18:40:32: 
2014/12/05 18:40:32: ==== Processing was completed ====
2014/12/05 18:40:32: 
*************************************************


*********** Start the Initialize Key Check **********
2014/12/05 18:41:36: Tool Ver: 2013.0605.01
2014/12/05 18:41:36: COM PORT OPEN ... OK
2014/12/05 18:41:37:
2014/12/05 18:41:37: ProductS/N:  VRW06A114200900
2014/12/05 18:41:37: TID: 8604402A2AE62080
2014/12/05 18:41:37: F/W Version: 00.00.08
2014/12/05 18:41:37:
2014/12/05 18:41:37: MasterKey Key Entry ... OK
2014/12/05 18:41:37: PowerON Counter Key Entry ... OK
2014/12/05 18:41:37: Key Entry ... OK
2014/12/05 18:41:37: Complete.
2014/12/05 18:41:37: COM PORT CLOSE ... OK
2014/12/05 18:41:37: 
2014/12/05 18:41:37: ==== Processing was completed ====
2014/12/05 18:41:37: 
*************************************************


*********** Start the Initialize Key Check **********
2014/12/05 18:42:36: Tool Ver: 2013.0605.01
2014/12/05 18:42:36: COM PORT OPEN ... OK
2014/12/05 18:42:36:
2014/12/05 18:42:36: ProductS/N:  VRW06A113X00862
2014/12/05 18:42:36: TID: 860417423AE62080
2014/12/05 18:42:36: F/W Version: 00.00.08
2014/12/05 18:42:36:
2014/12/05 18:42:36: MasterKey Key Entry ... OK
2014/12/05 18:42:36: PowerON Counter Key Entry ... OK
2014/12/05 18:42:37: Key Entry ... OK
2014/12/05 18:42:37: Complete.
2014/12/05 18:42:37: COM PORT CLOSE ... OK
2014/12/05 18:42:37: 
2014/12/05 18:42:37: ==== Processing was completed ====
2014/12/05 18:42:37: 
*************************************************


*********** Start the Initialize Key Check **********
2014/12/05 18:43:30: Tool Ver: 2013.0605.01
2014/12/05 18:43:30: COM PORT OPEN ... OK
2014/12/05 18:43:30:
2014/12/05 18:43:30: ProductS/N:  VRW06A114201500
2014/12/05 18:43:30: TID: 86044016629F2980
2014/12/05 18:43:30: F/W Version: 00.00.08
2014/12/05 18:43:30:
2014/12/05 18:43:30: MasterKey Key Entry ... OK
2014/12/05 18:43:30: PowerON Counter Key Entry ... OK
2014/12/05 18:43:31: Key Entry ... OK
2014/12/05 18:43:31: Complete.
2014/12/05 18:43:31: COM PORT CLOSE ... OK
2014/12/05 18:43:31: 
2014/12/05 18:43:31: ==== Processing was completed ====
2014/12/05 18:43:31: 
*************************************************


*********** Start the Initialize Key Check **********
2014/12/05 18:44:44: Tool Ver: 2013.0605.01
2014/12/05 18:44:44: COM PORT OPEN ... OK
2014/12/05 18:44:44:
2014/12/05 18:44:44: ProductS/N:  VRW06A114300002
2014/12/05 18:44:44: TID: 86042A36025B2980
2014/12/05 18:44:44: F/W Version: 00.00.08
2014/12/05 18:44:44:
2014/12/05 18:44:44: MasterKey Key Entry ... OK
2014/12/05 18:44:44: PowerON Counter Key Entry ... OK
2014/12/05 18:44:45: Key Entry ... OK
2014/12/05 18:44:45: Complete.
2014/12/05 18:44:45: COM PORT CLOSE ... OK
2014/12/05 18:44:45: 
2014/12/05 18:44:45: ==== Processing was completed ====
2014/12/05 18:44:45: 
*************************************************


*********** Start the Initialize Key Check **********
2014/12/05 18:45:37: Tool Ver: 2013.0605.01
2014/12/05 18:45:37: COM PORT OPEN ... OK
*********** Start the Initialize Key Check **********
2014/12/05 18:45:53: Tool Ver: 2013.0605.01
2014/12/05 18:45:53: COM PORT OPEN ... OK
2014/12/05 18:45:54:
2014/12/05 18:45:54: ProductS/N:  VRW06A114400656
2014/12/05 18:45:54: TID: 860429123AE62080
2014/12/05 18:45:54: F/W Version: 00.00.08
2014/12/05 18:45:54:
2014/12/05 18:45:54: MasterKey Key Entry ... OK
2014/12/05 18:45:54: PowerON Counter Key Entry ... OK
2014/12/05 18:45:54: Key Entry ... OK
2014/12/05 18:45:54: Complete.
2014/12/05 18:45:54: COM PORT CLOSE ... OK
2014/12/05 18:45:54: 
2014/12/05 18:45:54: ==== Processing was completed ====
2014/12/05 18:45:54: 
*************************************************


*********** Start the Initialize Key Check **********
2014/12/05 18:46:37: Tool Ver: 2013.0605.01
2014/12/05 18:46:37: COM PORT OPEN ... OK
2014/12/05 18:46:37:
2014/12/05 18:46:37: ProductS/N:  VRW06A113801416
2014/12/05 18:46:37: TID: 860437116A9F2980
2014/12/05 18:46:37: F/W Version: 00.00.08
2014/12/05 18:46:37:
2014/12/05 18:46:37: MasterKey Key Entry ... OK
2014/12/05 18:46:37: PowerON Counter Key Entry ... OK
2014/12/05 18:46:38: Key Entry ... OK
2014/12/05 18:46:38: Complete.
2014/12/05 18:46:38: COM PORT CLOSE ... OK
2014/12/05 18:46:38: 
2014/12/05 18:46:38: ==== Processing was completed ====
2014/12/05 18:46:38: 
*************************************************


*********** Start the Initialize Key Check **********
2014/12/05 18:47:38: Tool Ver: 2013.0605.01
2014/12/05 18:47:38: COM PORT OPEN ... OK
*********** Start the Initialize Key Check **********
2014/12/05 18:47:51: Tool Ver: 2013.0605.01
2014/12/05 18:47:51: COM PORT OPEN ... OK
2014/12/05 18:47:51:
2014/12/05 18:47:51: ProductS/N:  VRW06A114401781
2014/12/05 18:47:51: TID: 8604262772842D80
2014/12/05 18:47:51: F/W Version: 00.00.08
2014/12/05 18:47:51:
2014/12/05 18:47:51: MasterKey Key Entry ... OK
2014/12/05 18:47:51: PowerON Counter Key Entry ... OK
2014/12/05 18:47:52: Key Entry ... OK
2014/12/05 18:47:52: Complete.
2014/12/05 18:47:52: COM PORT CLOSE ... OK
2014/12/05 18:47:52: 
2014/12/05 18:47:52: ==== Processing was completed ====
2014/12/05 18:47:52: 
*************************************************


*********** Start the Initialize Key Check **********
2014/12/05 18:48:21: Tool Ver: 2013.0605.01
2014/12/05 18:48:21: COM PORT OPEN ... OK
2014/12/05 18:48:21:
2014/12/05 18:48:21: ProductS/N:  VRW06A114201024
2014/12/05 18:48:21: TID: 86042727025B2980
2014/12/05 18:48:21: F/W Version: 00.00.08
2014/12/05 18:48:21:
2014/12/05 18:48:21: MasterKey Key Entry ... OK
2014/12/05 18:48:21: PowerON Counter Key Entry ... OK
2014/12/05 18:48:22: Key Entry ... OK
2014/12/05 18:48:22: Complete.
2014/12/05 18:48:22: COM PORT CLOSE ... OK
2014/12/05 18:48:22: 
2014/12/05 18:48:22: ==== Processing was completed ====
2014/12/05 18:48:22: 
*************************************************


*********** Start the Initialize Key Check **********
2014/12/05 18:49:27: Tool Ver: 2013.0605.01
2014/12/05 18:49:27: COM PORT OPEN ... OK
2014/12/05 18:49:27:
2014/12/05 18:49:27: ProductS/N:  VRW06A114200244
2014/12/05 18:49:27: TID: 860412242AE62080
2014/12/05 18:49:27: F/W Version: 00.00.08
2014/12/05 18:49:27:
2014/12/05 18:49:27: MasterKey Key Entry ... OK
2014/12/05 18:49:27: PowerON Counter Key Entry ... OK
2014/12/05 18:49:27: Key Entry ... OK
2014/12/05 18:49:27: Complete.
2014/12/05 18:49:27: COM PORT CLOSE ... OK
2014/12/05 18:49:27: 
2014/12/05 18:49:27: ==== Processing was completed ====
2014/12/05 18:49:27: 
*************************************************


*********** Start the Initialize Key Check **********
2014/12/05 18:50:13: Tool Ver: 2013.0605.01
2014/12/05 18:50:13: COM PORT OPEN ... OK
2014/12/05 18:50:13:
2014/12/05 18:50:13: ProductS/N:  VRW06A114200185
2014/12/05 18:50:13: TID: 8604171872842D80
2014/12/05 18:50:13: F/W Version: 00.00.08
2014/12/05 18:50:13:
2014/12/05 18:50:13: MasterKey Key Entry ... OK
2014/12/05 18:50:13: PowerON Counter Key Entry ... OK
2014/12/05 18:50:14: Key Entry ... OK
2014/12/05 18:50:14: Complete.
2014/12/05 18:50:14: COM PORT CLOSE ... OK
2014/12/05 18:50:14: 
2014/12/05 18:50:14: ==== Processing was completed ====
2014/12/05 18:50:14: 
*************************************************


*********** Start the Initialize Key Check **********
2014/12/05 18:51:56: Tool Ver: 2013.0605.01
2014/12/05 18:51:56: COM PORT OPEN ... OK
*********** Start the Initialize Key Check **********
2014/12/05 18:52:30: Tool Ver: 2013.0605.01
2014/12/05 18:52:30: COM PORT OPEN ... OK
2014/12/05 18:52:30:
2014/12/05 18:52:30: ProductS/N:  VRW06A114200835
2014/12/05 18:52:30: TID: 86040320025B2980
2014/12/05 18:52:30: F/W Version: 00.00.08
2014/12/05 18:52:30:
2014/12/05 18:52:30: MasterKey Key Entry ... OK
2014/12/05 18:52:30: PowerON Counter Key Entry ... OK
2014/12/05 18:52:31: Key Entry ... OK
2014/12/05 18:52:31: Complete.
2014/12/05 18:52:31: COM PORT CLOSE ... OK
2014/12/05 18:52:31: 
2014/12/05 18:52:31: ==== Processing was completed ====
2014/12/05 18:52:31: 
*************************************************


*********** Start the Initialize Key Check **********
2014/12/05 18:54:57: Tool Ver: 2013.0605.01
2014/12/05 18:54:57: COM PORT OPEN ... OK
*********** Start the Initialize Key Check **********
2014/12/05 18:55:21: Tool Ver: 2013.0605.01
2014/12/05 18:55:21: COM PORT OPEN ... OK
*********** Start the Initialize Key Check **********
2014/12/05 18:55:48: Tool Ver: 2013.0605.01
2014/12/05 18:55:48: COM PORT OPEN ... OK
2014/12/05 18:55:48:
2014/12/05 18:55:48: ProductS/N:  VRW06A114200285
2014/12/05 18:55:48: TID: 8604123B72842D80
2014/12/05 18:55:48: F/W Version: 00.00.08
2014/12/05 18:55:48:
2014/12/05 18:55:48: MasterKey Key Entry ... OK
2014/12/05 18:55:48: PowerON Counter Key Entry ... OK
2014/12/05 18:55:49: Key Entry ... OK
2014/12/05 18:55:49: Complete.
2014/12/05 18:55:49: COM PORT CLOSE ... OK
2014/12/05 18:55:49: 
2014/12/05 18:55:49: ==== Processing was completed ====
2014/12/05 18:55:49: 
*************************************************


*********** Start the Initialize Key Check **********
2014/12/05 18:57:28: Tool Ver: 2013.0605.01
2014/12/05 18:57:28: COM PORT OPEN ... OK
*********** Start the Initialize Key Check **********
2014/12/05 18:57:57: Tool Ver: 2013.0605.01
2014/12/05 18:57:57: COM PORT OPEN ... OK
2014/12/05 18:57:57:
2014/12/05 18:57:57: ProductS/N:  VRW06A114201558
2014/12/05 18:57:57: TID: 8604251172842D80
2014/12/05 18:57:57: F/W Version: 00.00.08
2014/12/05 18:57:57:
2014/12/05 18:57:57: MasterKey Key Entry ... OK
2014/12/05 18:57:57: PowerON Counter Key Entry ... OK
2014/12/05 18:57:58: Key Entry ... OK
2014/12/05 18:57:58: Complete.
2014/12/05 18:57:58: COM PORT CLOSE ... OK
2014/12/05 18:57:58: 
2014/12/05 18:57:58: ==== Processing was completed ====
2014/12/05 18:57:58: 
*************************************************


*********** Start the Initialize Key Check **********
2014/12/05 19:01:35: Tool Ver: 2013.0605.01
2014/12/05 19:01:35: COM PORT OPEN ... OK
*********** Start the Initialize Key Check **********
2014/12/05 19:01:57: Tool Ver: 2013.0605.01
2014/12/05 19:01:57: COM PORT OPEN ... OK
2014/12/05 19:01:57:
2014/12/05 19:01:57: ProductS/N:  VRW06A114401676
2014/12/05 19:01:57: TID: 86042F3C32E62080
2014/12/05 19:01:57: F/W Version: 00.00.08
2014/12/05 19:01:57:
2014/12/05 19:01:57: MasterKey Key Entry ... OK
2014/12/05 19:01:57: PowerON Counter Key Entry ... OK
2014/12/05 19:01:58: Key Entry ... OK
2014/12/05 19:01:58: Complete.
2014/12/05 19:01:58: COM PORT CLOSE ... OK
2014/12/05 19:01:58: 
2014/12/05 19:01:58: ==== Processing was completed ====
2014/12/05 19:01:58: 
*************************************************


*********** Start the Initialize Key Check **********
2014/12/05 19:03:39: Tool Ver: 2013.0605.01
2014/12/05 19:03:39: COM PORT OPEN ... OK
*********** Start the Initialize Key Check **********
2014/12/05 19:04:05: Tool Ver: 2013.0605.01
2014/12/05 19:04:05: COM PORT OPEN ... OK
2014/12/05 19:04:05:
2014/12/05 19:04:05: ProductS/N:  VRW06A213X00035
2014/12/05 19:04:05: TID: 86043014629F2980
2014/12/05 19:04:05: F/W Version: 00.00.08
2014/12/05 19:04:05:
2014/12/05 19:04:05: MasterKey Key Entry ... OK
2014/12/05 19:04:05: PowerON Counter Key Entry ... OK
2014/12/05 19:04:06: Key Entry ... OK
2014/12/05 19:04:06: Complete.
2014/12/05 19:04:06: COM PORT CLOSE ... OK
2014/12/05 19:04:06: 
2014/12/05 19:04:06: ==== Processing was completed ====
2014/12/05 19:04:06: 
*************************************************


*********** Start the Initialize Key Check **********
2014/12/05 19:06:17: Tool Ver: 2013.0605.01
2014/12/05 19:06:17: COM PORT OPEN ... OK
2014/12/05 19:06:17:
2014/12/05 19:06:17: ProductS/N:  VRW06A114200847
2014/12/05 19:06:17: TID: 860423103AE62080
2014/12/05 19:06:17: F/W Version: 00.00.08
2014/12/05 19:06:17:
2014/12/05 19:06:17: MasterKey Key Entry ... OK
2014/12/05 19:06:17: PowerON Counter Key Entry ... OK
2014/12/05 19:06:18: Key Entry ... OK
2014/12/05 19:06:18: Complete.
2014/12/05 19:06:18: COM PORT CLOSE ... OK
2014/12/05 19:06:18: 
2014/12/05 19:06:18: ==== Processing was completed ====
2014/12/05 19:06:18: 
*************************************************


*********** Start the Initialize Key Check **********
2014/12/05 19:08:57: Tool Ver: 2013.0605.01
2014/12/05 19:08:57: COM PORT OPEN ... OK
*********** Start the Initialize Key Check **********
2014/12/05 19:09:15: Tool Ver: 2013.0605.01
2014/12/05 19:09:15: COM PORT OPEN ... OK
*********** Start the Initialize Key Check **********
2014/12/05 19:09:47: Tool Ver: 2013.0605.01
2014/12/05 19:09:47: COM PORT OPEN ... OK
2014/12/05 19:09:47:
2014/12/05 19:09:47: ProductS/N:  VRW06A113801293
2014/12/05 19:09:47: TID: 860422316A9F2980
2014/12/05 19:09:47: F/W Version: 00.00.08
2014/12/05 19:09:47:
2014/12/05 19:09:47: MasterKey Key Entry ... OK
2014/12/05 19:09:47: PowerON Counter Key Entry ... OK
2014/12/05 19:09:48: Key Entry ... OK
2014/12/05 19:09:48: Complete.
2014/12/05 19:09:48: COM PORT CLOSE ... OK
2014/12/05 19:09:48: 
2014/12/05 19:09:48: ==== Processing was completed ====
2014/12/05 19:09:48: 
*************************************************


*********** Start the Initialize Key Check **********
2014/12/05 19:14:31: Tool Ver: 2013.0605.01
2014/12/05 19:14:31: COM PORT OPEN ... OK
2014/12/05 19:14:31:
2014/12/05 19:14:31: ProductS/N:  VRW06A113X00823
2014/12/05 19:14:31: TID: 86042D186A9F2980
2014/12/05 19:14:31: F/W Version: 00.00.08
2014/12/05 19:14:31:
2014/12/05 19:14:31: MasterKey Key Entry ... OK
2014/12/05 19:14:31: PowerON Counter Key Entry ... OK
2014/12/05 19:14:32: Key Entry ... OK
2014/12/05 19:14:32: Complete.
2014/12/05 19:14:32: COM PORT CLOSE ... OK
2014/12/05 19:14:32: 
2014/12/05 19:14:32: ==== Processing was completed ====
2014/12/05 19:14:32: 
*************************************************


*********** Start the Initialize Key Check **********
2014/12/05 19:16:00: Tool Ver: 2013.0605.01
2014/12/05 19:16:00: COM PORT OPEN ... OK
*********** Start the Initialize Key Check **********
2014/12/05 19:16:23: Tool Ver: 2013.0605.01
2014/12/05 19:16:23: COM PORT OPEN ... OK
*********** Start the Initialize Key Check **********
2014/12/05 19:16:55: Tool Ver: 2013.0605.01
2014/12/05 19:16:55: COM PORT OPEN ... OK
*********** Start the Initialize Key Check **********
2014/12/05 19:17:17: Tool Ver: 2013.0605.01
2014/12/05 19:17:17: COM PORT OPEN ... OK
2014/12/05 19:17:17:
2014/12/05 19:17:17: ProductS/N:  VRW06A114200031
2014/12/05 19:17:17: TID: 8604262E72842D80
2014/12/05 19:17:17: F/W Version: 00.00.08
2014/12/05 19:17:17:
2014/12/05 19:17:17: MasterKey Key Entry ... OK
2014/12/05 19:17:18: PowerON Counter Key Entry ... OK
2014/12/05 19:17:18: Key Entry ... OK
2014/12/05 19:17:18: Complete.
2014/12/05 19:17:18: COM PORT CLOSE ... OK
2014/12/05 19:17:18: 
2014/12/05 19:17:18: ==== Processing was completed ====
2014/12/05 19:17:18: 
*************************************************


*********** Start the Initialize Key Check **********
2014/12/05 19:18:32: Tool Ver: 2013.0605.01
2014/12/05 19:18:32: Product S/N ... ERROR
2014/12/05 19:18:32: 
2014/12/05 19:18:32: ######## Error has occurred ########
2014/12/05 19:18:32: 
*************************************************


*********** Start the Initialize Key Check **********
2014/12/05 19:18:42: Tool Ver: 2013.0605.01
2014/12/05 19:18:42: COM PORT OPEN ... OK
2014/12/05 19:18:42:
2014/12/05 19:18:42: ProductS/N:  VRW06A114302982
2014/12/05 19:18:42: TID: 860414193AE62080
2014/12/05 19:18:42: F/W Version: 00.00.08
2014/12/05 19:18:42:
2014/12/05 19:18:42: MasterKey Key Entry ... OK
2014/12/05 19:18:42: PowerON Counter Key Entry ... OK
2014/12/05 19:18:42: Key Entry ... OK
2014/12/05 19:18:42: Complete.
2014/12/05 19:18:42: COM PORT CLOSE ... OK
2014/12/05 19:18:42: 
2014/12/05 19:18:42: ==== Processing was completed ====
2014/12/05 19:18:42: 
*************************************************


*********** Start the Initialize Key Check **********
2014/12/05 19:19:38: Tool Ver: 2013.0605.01
2014/12/05 19:19:38: Product S/N ... ERROR
2014/12/05 19:19:38: 
2014/12/05 19:19:38: ######## Error has occurred ########
2014/12/05 19:19:38: 
*************************************************


*********** Start the Initialize Key Check **********
2014/12/05 19:19:52: Tool Ver: 2013.0605.01
2014/12/05 19:19:52: COM PORT OPEN ... OK
2014/12/05 19:19:53:
2014/12/05 19:19:53: ProductS/N:  VRW06A114200257
2014/12/05 19:19:53: TID: 8604303572842D80
2014/12/05 19:19:53: F/W Version: 00.00.08
2014/12/05 19:19:53:
2014/12/05 19:19:53: MasterKey Key Entry ... OK
2014/12/05 19:19:53: PowerON Counter Key Entry ... OK
2014/12/05 19:19:53: Key Entry ... OK
2014/12/05 19:19:53: Complete.
2014/12/05 19:19:53: COM PORT CLOSE ... OK
2014/12/05 19:19:53: 
2014/12/05 19:19:53: ==== Processing was completed ====
2014/12/05 19:19:53: 
*************************************************


*********** Start the Initialize Key Check **********
2014/12/05 19:20:45: Tool Ver: 2013.0605.01
2014/12/05 19:20:45: COM PORT OPEN ... OK
2014/12/05 19:20:45:
2014/12/05 19:20:45: ProductS/N:  VRW06A114300266
2014/12/05 19:20:45: TID: 86042435CAE52080
2014/12/05 19:20:45: F/W Version: 00.00.08
2014/12/05 19:20:45:
2014/12/05 19:20:45: MasterKey Key Entry ... OK
2014/12/05 19:20:45: PowerON Counter Key Entry ... OK
2014/12/05 19:20:46: Key Entry ... OK
2014/12/05 19:20:46: Complete.
2014/12/05 19:20:46: COM PORT CLOSE ... OK
2014/12/05 19:20:46: 
2014/12/05 19:20:46: ==== Processing was completed ====
2014/12/05 19:20:46: 
*************************************************


*********** Start the Initialize Key Check **********
2014/12/05 19:21:57: Tool Ver: 2013.0605.01
2014/12/05 19:21:57: COM PORT OPEN ... OK
*********** Start the Initialize Key Check **********
2014/12/05 19:22:15: Tool Ver: 2013.0605.01
2014/12/05 19:22:15: COM PORT OPEN ... OK
2014/12/05 19:22:15:
2014/12/05 19:22:15: ProductS/N:  VRW06A114200458
2014/12/05 19:22:15: TID: 86043523025B2980
2014/12/05 19:22:15: F/W Version: 00.00.08
2014/12/05 19:22:15:
2014/12/05 19:22:15: MasterKey Key Entry ... OK
2014/12/05 19:22:15: PowerON Counter Key Entry ... OK
2014/12/05 19:22:15: Key Entry ... OK
2014/12/05 19:22:15: Complete.
2014/12/05 19:22:15: COM PORT CLOSE ... OK
2014/12/05 19:22:15: 
2014/12/05 19:22:15: ==== Processing was completed ====
2014/12/05 19:22:15: 
*************************************************


*********** Start the Initialize Key Check **********
2014/12/05 19:22:49: Tool Ver: 2013.0605.01
2014/12/05 19:22:49: COM PORT OPEN ... OK
2014/12/05 19:22:49:
2014/12/05 19:22:49: ProductS/N:  VRW06A113800470
2014/12/05 19:22:49: TID: 8604142272842D80
2014/12/05 19:22:49: F/W Version: 00.00.08
2014/12/05 19:22:49:
2014/12/05 19:22:49: MasterKey Key Entry ... OK
2014/12/05 19:22:49: PowerON Counter Key Entry ... OK
2014/12/05 19:22:50: Key Entry ... OK
2014/12/05 19:22:50: Complete.
2014/12/05 19:22:50: COM PORT CLOSE ... OK
2014/12/05 19:22:50: 
2014/12/05 19:22:50: ==== Processing was completed ====
2014/12/05 19:22:50: 
*************************************************


*********** Start the Initialize Key Check **********
2014/12/05 19:23:23: Tool Ver: 2013.0605.01
2014/12/05 19:23:23: COM PORT OPEN ... OK
2014/12/05 19:23:23:
2014/12/05 19:23:23: ProductS/N:  VRW06A113X02900
2014/12/05 19:23:23: TID: 8604260872842D80
2014/12/05 19:23:23: F/W Version: 00.00.08
2014/12/05 19:23:23:
2014/12/05 19:23:23: MasterKey Key Entry ... OK
2014/12/05 19:23:23: PowerON Counter Key Entry ... OK
2014/12/05 19:23:24: Key Entry ... OK
2014/12/05 19:23:24: Complete.
2014/12/05 19:23:24: COM PORT CLOSE ... OK
2014/12/05 19:23:24: 
2014/12/05 19:23:24: ==== Processing was completed ====
2014/12/05 19:23:24: 
*************************************************


*********** Start the Initialize Key Check **********
2014/12/05 19:24:01: Tool Ver: 2013.0605.01
2014/12/05 19:24:01: COM PORT OPEN ... OK
2014/12/05 19:24:01:
2014/12/05 19:24:01: ProductS/N:  VRW06A113800082
2014/12/05 19:24:01: TID: 8604282F6A9F2980
2014/12/05 19:24:01: F/W Version: 00.00.08
2014/12/05 19:24:01:
2014/12/05 19:24:01: MasterKey Key Entry ... OK
2014/12/05 19:24:01: PowerON Counter Key Entry ... OK
2014/12/05 19:24:02: Key Entry ... OK
2014/12/05 19:24:02: Complete.
2014/12/05 19:24:02: COM PORT CLOSE ... OK
2014/12/05 19:24:02: 
2014/12/05 19:24:02: ==== Processing was completed ====
2014/12/05 19:24:02: 
*************************************************


*********** Start the Initialize Key Check **********
2014/12/05 19:24:48: Tool Ver: 2013.0605.01
2014/12/05 19:24:48: COM PORT OPEN ... OK
*********** Start the Initialize Key Check **********
2014/12/05 19:25:05: Tool Ver: 2013.0605.01
2014/12/05 19:25:05: COM PORT OPEN ... ERROR(02)
2014/12/05 19:25:05: 
2014/12/05 19:25:05: ######## Error has occurred ########
2014/12/05 19:25:05: 
*************************************************


*********** Start the Initialize Key Check **********
2014/12/05 19:25:23: Tool Ver: 2013.0605.01
2014/12/05 19:25:23: COM PORT OPEN ... OK
2014/12/05 19:25:23:
2014/12/05 19:25:23: ProductS/N:  VRW06A114201958
2014/12/05 19:25:23: TID: 86043122D2E52080
2014/12/05 19:25:23: F/W Version: 00.00.08
2014/12/05 19:25:23:
2014/12/05 19:25:23: MasterKey Key Entry ... OK
2014/12/05 19:25:23: PowerON Counter Key Entry ... OK
2014/12/05 19:25:24: Key Entry ... OK
2014/12/05 19:25:24: Complete.
2014/12/05 19:25:24: COM PORT CLOSE ... OK
2014/12/05 19:25:24: 
2014/12/05 19:25:24: ==== Processing was completed ====
2014/12/05 19:25:24: 
*************************************************


*********** Start the Initialize Key Check **********
2014/12/05 19:26:13: Tool Ver: 2013.0605.01
2014/12/05 19:26:13: COM PORT OPEN ... OK
2014/12/05 19:26:13:
2014/12/05 19:26:13: ProductS/N:  A113X01627
2014/12/05 19:26:13: TID: 8604352C6A9F2980
2014/12/05 19:26:13: F/W Version: 00.00.08
2014/12/05 19:26:13:
2014/12/05 19:26:13: MasterKey Key Entry ... OK
2014/12/05 19:26:13: PowerON Counter Key Entry ... OK
2014/12/05 19:26:14: Key Entry ... OK
2014/12/05 19:26:14: Complete.
2014/12/05 19:26:14: COM PORT CLOSE ... OK
2014/12/05 19:26:14: 
2014/12/05 19:26:14: ==== Processing was completed ====
2014/12/05 19:26:14: 
*************************************************


*********** Start the Initialize Key Check **********
2014/12/05 19:26:24: Tool Ver: 2013.0605.01
2014/12/05 19:26:24: COM PORT OPEN ... OK
2014/12/05 19:26:24:
2014/12/05 19:26:24: ProductS/N:  VRW06A113X01627
2014/12/05 19:26:24: TID: 8604352C6A9F2980
2014/12/05 19:26:24: F/W Version: 00.00.08
2014/12/05 19:26:24:
2014/12/05 19:26:24: MasterKey Key Entry ... OK
2014/12/05 19:26:24: PowerON Counter Key Entry ... OK
2014/12/05 19:26:25: Key Entry ... OK
2014/12/05 19:26:25: Complete.
2014/12/05 19:26:25: COM PORT CLOSE ... OK
2014/12/05 19:26:25: 
2014/12/05 19:26:25: ==== Processing was completed ====
2014/12/05 19:26:25: 
*************************************************


*********** Start the Initialize Key Check **********
2014/12/05 19:27:04: Tool Ver: 2013.0605.01
2014/12/05 19:27:04: COM PORT OPEN ... OK
*********** Start the Initialize Key Check **********
2014/12/05 19:27:20: Tool Ver: 2013.0605.01
2014/12/05 19:27:20: COM PORT OPEN ... OK
2014/12/05 19:27:20:
2014/12/05 19:27:20: ProductS/N:  VRW06A114302881
2014/12/05 19:27:20: TID: 8604321D3AE62080
2014/12/05 19:27:20: F/W Version: 00.00.08
2014/12/05 19:27:20:
2014/12/05 19:27:20: MasterKey Key Entry ... OK
2014/12/05 19:27:20: PowerON Counter Key Entry ... OK
2014/12/05 19:27:21: Key Entry ... OK
2014/12/05 19:27:21: Complete.
2014/12/05 19:27:21: COM PORT CLOSE ... OK
2014/12/05 19:27:21: 
2014/12/05 19:27:21: ==== Processing was completed ====
2014/12/05 19:27:21: 
*************************************************


