*********** Start the Initialize Key Check **********
2014/08/26 08:17:03: Tool Ver: 2013.0605.01
2014/08/26 08:17:03: COM PORT OPEN ... OK
2014/08/26 08:17:03:
2014/08/26 08:17:03: ProductS/N:  VRW06A114800321
2014/08/26 08:17:03: TID: 8604370BCAE52080
2014/08/26 08:17:03: F/W Version: 00.00.08
2014/08/26 08:17:03:
2014/08/26 08:17:03: MasterKey Key Entry ... OK
2014/08/26 08:17:03: PowerON Counter Key Entry ... OK
2014/08/26 08:17:04: Key Entry ... OK
2014/08/26 08:17:04: Complete.
2014/08/26 08:17:04: COM PORT CLOSE ... OK
2014/08/26 08:17:04: 
2014/08/26 08:17:04: ==== Processing was completed ====
2014/08/26 08:17:04: 
*************************************************


*********** Start the Initialize Key Check **********
2014/08/26 08:17:44: Tool Ver: 2013.0605.01
2014/08/26 08:17:44: COM PORT OPEN ... OK
2014/08/26 08:17:44:
2014/08/26 08:17:44: ProductS/N:  VRW06A114800347
2014/08/26 08:17:44: TID: 8604200BCAE52080
2014/08/26 08:17:44: F/W Version: 00.00.08
2014/08/26 08:17:44:
2014/08/26 08:17:44: MasterKey Key Entry ... OK
2014/08/26 08:17:44: PowerON Counter Key Entry ... OK
2014/08/26 08:17:45: Key Entry ... OK
2014/08/26 08:17:45: Complete.
2014/08/26 08:17:45: COM PORT CLOSE ... OK
2014/08/26 08:17:45: 
2014/08/26 08:17:45: ==== Processing was completed ====
2014/08/26 08:17:45: 
*************************************************


*********** Start the Initialize Key Check **********
2014/08/26 08:19:29: Tool Ver: 2013.0605.01
2014/08/26 08:19:29: COM PORT OPEN ... ERROR(01)
2014/08/26 08:19:29: 
2014/08/26 08:19:29: ######## Error has occurred ########
2014/08/26 08:19:29: 
*************************************************


*********** Start the Initialize Key Check **********
2014/08/26 08:19:50: Tool Ver: 2013.0605.01
2014/08/26 08:19:50: COM PORT OPEN ... OK
2014/08/26 08:19:50:
2014/08/26 08:19:50: ProductS/N:  VRW06A114800350
2014/08/26 08:19:50: TID: 8604301F2AE62080
2014/08/26 08:19:50: F/W Version: 00.00.08
2014/08/26 08:19:50:
2014/08/26 08:19:50: MasterKey Key Entry ... OK
2014/08/26 08:19:50: PowerON Counter Key Entry ... OK
2014/08/26 08:19:51: Key Entry ... OK
2014/08/26 08:19:51: Complete.
2014/08/26 08:19:51: COM PORT CLOSE ... OK
2014/08/26 08:19:51: 
2014/08/26 08:19:51: ==== Processing was completed ====
2014/08/26 08:19:51: 
*************************************************


*********** Start the Initialize Key Check **********
2014/08/26 08:22:24: Tool Ver: 2013.0605.01
2014/08/26 08:22:24: COM PORT OPEN ... OK
2014/08/26 08:22:24:
2014/08/26 08:22:24: ProductS/N:  VRW06A114800365
2014/08/26 08:22:24: TID: 8604203C32E62080
2014/08/26 08:22:24: F/W Version: 00.00.08
2014/08/26 08:22:24:
2014/08/26 08:22:24: MasterKey Key Entry ... OK
2014/08/26 08:22:25: PowerON Counter Key Entry ... OK
2014/08/26 08:22:25: Key Entry ... OK
2014/08/26 08:22:25: Complete.
2014/08/26 08:22:25: COM PORT CLOSE ... OK
2014/08/26 08:22:25: 
2014/08/26 08:22:25: ==== Processing was completed ====
2014/08/26 08:22:25: 
*************************************************


*********** Start the Initialize Key Check **********
2014/08/26 08:25:12: Tool Ver: 2013.0605.01
2014/08/26 08:25:12: COM PORT OPEN ... OK
2014/08/26 08:25:12:
2014/08/26 08:25:12: ProductS/N:  VRW06A114800356
2014/08/26 08:25:12: TID: 8604204232E62080
2014/08/26 08:25:12: F/W Version: 00.00.08
2014/08/26 08:25:12:
2014/08/26 08:25:12: MasterKey Key Entry ... OK
2014/08/26 08:25:12: PowerON Counter Key Entry ... OK
2014/08/26 08:25:12: Key Entry ... OK
2014/08/26 08:25:12: Complete.
2014/08/26 08:25:12: COM PORT CLOSE ... OK
2014/08/26 08:25:12: 
2014/08/26 08:25:12: ==== Processing was completed ====
2014/08/26 08:25:12: 
*************************************************


*********** Start the Initialize Key Check **********
2014/08/26 08:31:06: Tool Ver: 2013.0605.01
2014/08/26 08:31:06: COM PORT OPEN ... OK
2014/08/26 08:31:06:
2014/08/26 08:31:06: ProductS/N:  VRW06A114800251
2014/08/26 08:31:06: TID: 86042443D2E52080
2014/08/26 08:31:06: F/W Version: 00.00.08
2014/08/26 08:31:06:
2014/08/26 08:31:06: MasterKey Key Entry ... OK
2014/08/26 08:31:06: PowerON Counter Key Entry ... OK
2014/08/26 08:31:07: Key Entry ... OK
2014/08/26 08:31:07: Complete.
2014/08/26 08:31:07: COM PORT CLOSE ... OK
2014/08/26 08:31:07: 
2014/08/26 08:31:07: ==== Processing was completed ====
2014/08/26 08:31:07: 
*************************************************


*********** Start the Initialize Key Check **********
2014/08/26 08:32:08: Tool Ver: 2013.0605.01
2014/08/26 08:32:08: COM PORT OPEN ... OK
2014/08/26 08:32:08:
2014/08/26 08:32:08: ProductS/N:  VRW06A114800351
2014/08/26 08:32:08: TID: 8604264332E62080
2014/08/26 08:32:08: F/W Version: 00.00.08
2014/08/26 08:32:08:
2014/08/26 08:32:08: MasterKey Key Entry ... OK
2014/08/26 08:32:08: PowerON Counter Key Entry ... OK
2014/08/26 08:32:09: Key Entry ... OK
2014/08/26 08:32:09: Complete.
2014/08/26 08:32:09: COM PORT CLOSE ... OK
2014/08/26 08:32:09: 
2014/08/26 08:32:09: ==== Processing was completed ====
2014/08/26 08:32:09: 
*************************************************


*********** Start the Initialize Key Check **********
2014/08/26 08:34:35: Tool Ver: 2013.0605.01
2014/08/26 08:34:35: COM PORT OPEN ... OK
2014/08/26 08:34:35:
2014/08/26 08:34:35: ProductS/N:  VRW06A114800360
2014/08/26 08:34:35: TID: 86041E3E32E62080
2014/08/26 08:34:35: F/W Version: 00.00.08
2014/08/26 08:34:35:
2014/08/26 08:34:35: MasterKey Key Entry ... OK
2014/08/26 08:34:35: PowerON Counter Key Entry ... OK
2014/08/26 08:34:36: Key Entry ... OK
2014/08/26 08:34:36: Complete.
2014/08/26 08:34:36: COM PORT CLOSE ... OK
2014/08/26 08:34:36: 
2014/08/26 08:34:36: ==== Processing was completed ====
2014/08/26 08:34:36: 
*************************************************


*********** Start the Initialize Key Check **********
2014/08/26 08:36:55: Tool Ver: 2013.0605.01
2014/08/26 08:36:55: COM PORT OPEN ... OK
2014/08/26 08:36:55:
2014/08/26 08:36:55: ProductS/N:  VRW06A114800361
2014/08/26 08:36:55: TID: 8604140BCAE52080
2014/08/26 08:36:55: F/W Version: 00.00.08
2014/08/26 08:36:55:
2014/08/26 08:36:55: MasterKey Key Entry ... OK
2014/08/26 08:36:56: PowerON Counter Key Entry ... OK
2014/08/26 08:36:56: Key Entry ... OK
2014/08/26 08:36:56: Complete.
2014/08/26 08:36:56: COM PORT CLOSE ... OK
2014/08/26 08:36:56: 
2014/08/26 08:36:56: ==== Processing was completed ====
2014/08/26 08:36:56: 
*************************************************


*********** Start the Initialize Key Check **********
2014/08/26 08:49:17: Tool Ver: 2013.0605.01
2014/08/26 08:49:17: COM PORT OPEN ... OK
2014/08/26 08:49:17:
2014/08/26 08:49:17: ProductS/N:  VRW06A114800354
2014/08/26 08:49:17: TID: 86042F0BCAE52080
2014/08/26 08:49:17: F/W Version: 00.00.08
2014/08/26 08:49:17:
2014/08/26 08:49:17: MasterKey Key Entry ... OK
2014/08/26 08:49:17: PowerON Counter Key Entry ... OK
2014/08/26 08:49:18: Key Entry ... OK
2014/08/26 08:49:18: Complete.
2014/08/26 08:49:18: COM PORT CLOSE ... OK
2014/08/26 08:49:18: 
2014/08/26 08:49:18: ==== Processing was completed ====
2014/08/26 08:49:18: 
*************************************************


*********** Start the Initialize Key Check **********
2014/08/26 08:50:22: Tool Ver: 2013.0605.01
2014/08/26 08:50:22: COM PORT OPEN ... OK
2014/08/26 08:50:22:
2014/08/26 08:50:22: ProductS/N:  VRW06A114800370
2014/08/26 08:50:22: TID: 86041B42D2E52080
2014/08/26 08:50:22: F/W Version: 00.00.08
2014/08/26 08:50:22:
2014/08/26 08:50:22: MasterKey Key Entry ... OK
2014/08/26 08:50:22: PowerON Counter Key Entry ... OK
2014/08/26 08:50:23: Key Entry ... OK
2014/08/26 08:50:23: Complete.
2014/08/26 08:50:23: COM PORT CLOSE ... OK
2014/08/26 08:50:23: 
2014/08/26 08:50:23: ==== Processing was completed ====
2014/08/26 08:50:23: 
*************************************************


*********** Start the Initialize Key Check **********
2014/08/26 08:51:38: Tool Ver: 2013.0605.01
2014/08/26 08:51:38: COM PORT OPEN ... OK
2014/08/26 08:51:38:
2014/08/26 08:51:38: ProductS/N:  VRW06A114800195
2014/08/26 08:51:38: TID: 86041D4332E62080
2014/08/26 08:51:38: F/W Version: 00.00.08
2014/08/26 08:51:38:
2014/08/26 08:51:38: MasterKey Key Entry ... OK
2014/08/26 08:51:38: PowerON Counter Key Entry ... OK
2014/08/26 08:51:39: Key Entry ... OK
2014/08/26 08:51:39: Complete.
2014/08/26 08:51:39: COM PORT CLOSE ... OK
2014/08/26 08:51:39: 
2014/08/26 08:51:39: ==== Processing was completed ====
2014/08/26 08:51:39: 
*************************************************


*********** Start the Initialize Key Check **********
2014/08/26 09:36:36: Tool Ver: 2013.0605.01
2014/08/26 09:36:36: COM PORT OPEN ... OK
2014/08/26 09:36:36:
2014/08/26 09:36:36: ProductS/N:  VRW06A114800368
2014/08/26 09:36:36: TID: 86042C25CAE52080
2014/08/26 09:36:36: F/W Version: 00.00.08
2014/08/26 09:36:36:
2014/08/26 09:36:36: MasterKey Key Entry ... OK
2014/08/26 09:36:36: PowerON Counter Key Entry ... OK
2014/08/26 09:36:37: Key Entry ... OK
2014/08/26 09:36:37: Complete.
2014/08/26 09:36:37: COM PORT CLOSE ... OK
2014/08/26 09:36:37: 
2014/08/26 09:36:37: ==== Processing was completed ====
2014/08/26 09:36:37: 
*************************************************


*********** Start the Initialize Key Check **********
2014/08/26 09:37:31: Tool Ver: 2013.0605.01
2014/08/26 09:37:31: COM PORT OPEN ... OK
2014/08/26 09:37:31:
2014/08/26 09:37:31: ProductS/N:  VRW06A114800376
2014/08/26 09:37:31: TID: 860405202AE62080
2014/08/26 09:37:31: F/W Version: 00.00.08
2014/08/26 09:37:31:
2014/08/26 09:37:31: MasterKey Key Entry ... OK
2014/08/26 09:37:31: PowerON Counter Key Entry ... OK
2014/08/26 09:37:32: Key Entry ... OK
2014/08/26 09:37:32: Complete.
2014/08/26 09:37:32: COM PORT CLOSE ... OK
2014/08/26 09:37:32: 
2014/08/26 09:37:32: ==== Processing was completed ====
2014/08/26 09:37:32: 
*************************************************


*********** Start the Initialize Key Check **********
2014/08/26 09:38:00: Tool Ver: 2013.0605.01
2014/08/26 09:38:00: COM PORT OPEN ... OK
2014/08/26 09:38:00:
2014/08/26 09:38:00: ProductS/N:  VRW06A114800362
2014/08/26 09:38:00: TID: 860420082AE62080
2014/08/26 09:38:00: F/W Version: 00.00.08
2014/08/26 09:38:00:
2014/08/26 09:38:00: MasterKey Key Entry ... OK
2014/08/26 09:38:00: PowerON Counter Key Entry ... OK
2014/08/26 09:38:01: Key Entry ... OK
2014/08/26 09:38:01: Complete.
2014/08/26 09:38:01: COM PORT CLOSE ... OK
2014/08/26 09:38:01: 
2014/08/26 09:38:01: ==== Processing was completed ====
2014/08/26 09:38:01: 
*************************************************


*********** Start the Initialize Key Check **********
2014/08/26 09:38:26: Tool Ver: 2013.0605.01
2014/08/26 09:38:26: COM PORT OPEN ... OK
2014/08/26 09:38:26:
2014/08/26 09:38:26: ProductS/N:  VRW06A114800355
2014/08/26 09:38:26: TID: 8604303E32E62080
2014/08/26 09:38:26: F/W Version: 00.00.08
2014/08/26 09:38:26:
2014/08/26 09:38:26: MasterKey Key Entry ... OK
2014/08/26 09:38:26: PowerON Counter Key Entry ... OK
2014/08/26 09:38:27: Key Entry ... OK
2014/08/26 09:38:27: Complete.
2014/08/26 09:38:27: COM PORT CLOSE ... OK
2014/08/26 09:38:27: 
2014/08/26 09:38:27: ==== Processing was completed ====
2014/08/26 09:38:27: 
*************************************************


*********** Start the Initialize Key Check **********
2014/08/26 09:43:29: Tool Ver: 2013.0605.01
2014/08/26 09:43:29: COM PORT OPEN ... OK
2014/08/26 09:43:29:
2014/08/26 09:43:29: ProductS/N:  VRW06A114800343
2014/08/26 09:43:29: TID: 86042C4432E62080
2014/08/26 09:43:29: F/W Version: 00.00.08
2014/08/26 09:43:29:
2014/08/26 09:43:29: MasterKey Key Entry ... OK
2014/08/26 09:43:29: PowerON Counter Key Entry ... OK
2014/08/26 09:43:30: Key Entry ... OK
2014/08/26 09:43:30: Complete.
2014/08/26 09:43:30: COM PORT CLOSE ... OK
2014/08/26 09:43:30: 
2014/08/26 09:43:30: ==== Processing was completed ====
2014/08/26 09:43:30: 
*************************************************


*********** Start the Initialize Key Check **********
2014/08/26 09:44:02: Tool Ver: 2013.0605.01
2014/08/26 09:44:02: COM PORT OPEN ... OK
2014/08/26 09:44:02:
2014/08/26 09:44:02: ProductS/N:  VRW06A114800366
2014/08/26 09:44:02: TID: 86041323CAE52080
2014/08/26 09:44:02: F/W Version: 00.00.08
2014/08/26 09:44:02:
2014/08/26 09:44:02: MasterKey Key Entry ... OK
2014/08/26 09:44:02: PowerON Counter Key Entry ... OK
2014/08/26 09:44:02: Key Entry ... OK
2014/08/26 09:44:02: Complete.
2014/08/26 09:44:02: COM PORT CLOSE ... OK
2014/08/26 09:44:02: 
2014/08/26 09:44:02: ==== Processing was completed ====
2014/08/26 09:44:02: 
*************************************************


*********** Start the Initialize Key Check **********
2014/08/26 09:45:05: Tool Ver: 2013.0605.01
2014/08/26 09:45:05: COM PORT OPEN ... OK
2014/08/26 09:45:05:
2014/08/26 09:45:05: ProductS/N:  VRW06A114800364
2014/08/26 09:45:05: TID: 8604254432E62080
2014/08/26 09:45:05: F/W Version: 00.00.08
2014/08/26 09:45:05:
2014/08/26 09:45:05: MasterKey Key Entry ... OK
2014/08/26 09:45:05: PowerON Counter Key Entry ... OK
2014/08/26 09:45:06: Key Entry ... OK
2014/08/26 09:45:06: Complete.
2014/08/26 09:45:06: COM PORT CLOSE ... OK
2014/08/26 09:45:06: 
2014/08/26 09:45:06: ==== Processing was completed ====
2014/08/26 09:45:06: 
*************************************************


*********** Start the Initialize Key Check **********
2014/08/26 09:53:17: Tool Ver: 2013.0605.01
2014/08/26 09:53:17: COM PORT OPEN ... OK
2014/08/26 09:53:18:
2014/08/26 09:53:18: ProductS/N:  VRW06A114800380
2014/08/26 09:53:18: TID: 86042B032AE62080
2014/08/26 09:53:18: F/W Version: 00.00.08
2014/08/26 09:53:18:
2014/08/26 09:53:18: MasterKey Key Entry ... OK
2014/08/26 09:53:18: PowerON Counter Key Entry ... OK
2014/08/26 09:53:18: Key Entry ... OK
2014/08/26 09:53:18: Complete.
2014/08/26 09:53:18: COM PORT CLOSE ... OK
2014/08/26 09:53:18: 
2014/08/26 09:53:18: ==== Processing was completed ====
2014/08/26 09:53:18: 
*************************************************


*********** Start the Initialize Key Check **********
2014/08/26 09:54:09: Tool Ver: 2013.0605.01
2014/08/26 09:54:09: Product S/N ... ERROR
2014/08/26 09:54:09: 
2014/08/26 09:54:09: ######## Error has occurred ########
2014/08/26 09:54:09: 
*************************************************


*********** Start the Initialize Key Check **********
2014/08/26 09:54:39: Tool Ver: 2013.0605.01
2014/08/26 09:54:39: COM PORT OPEN ... OK
2014/08/26 09:54:39:
2014/08/26 09:54:39: ProductS/N:  VRW06A114800381
2014/08/26 09:54:40: TID: 860412092AE62080
2014/08/26 09:54:40: F/W Version: 00.00.08
2014/08/26 09:54:40:
2014/08/26 09:54:40: MasterKey Key Entry ... OK
2014/08/26 09:54:40: PowerON Counter Key Entry ... OK
2014/08/26 09:54:40: Key Entry ... OK
2014/08/26 09:54:40: Complete.
2014/08/26 09:54:40: COM PORT CLOSE ... OK
2014/08/26 09:54:40: 
2014/08/26 09:54:40: ==== Processing was completed ====
2014/08/26 09:54:40: 
*************************************************


*********** Start the Initialize Key Check **********
2014/08/26 09:55:21: Tool Ver: 2013.0605.01
2014/08/26 09:55:21: COM PORT OPEN ... OK
2014/08/26 09:55:21:
2014/08/26 09:55:21: ProductS/N:  VRW06A114800371
2014/08/26 09:55:21: TID: 86041D3F32E62080
2014/08/26 09:55:21: F/W Version: 00.00.08
2014/08/26 09:55:21:
2014/08/26 09:55:21: MasterKey Key Entry ... OK
2014/08/26 09:55:21: PowerON Counter Key Entry ... OK
2014/08/26 09:55:22: Key Entry ... OK
2014/08/26 09:55:22: Complete.
2014/08/26 09:55:22: COM PORT CLOSE ... OK
2014/08/26 09:55:22: 
2014/08/26 09:55:22: ==== Processing was completed ====
2014/08/26 09:55:22: 
*************************************************


*********** Start the Initialize Key Check **********
2014/08/26 10:11:32: Tool Ver: 2013.0605.01
2014/08/26 10:11:32: COM PORT OPEN ... OK
2014/08/26 10:11:32:
2014/08/26 10:11:32: ProductS/N:  VRW06A114800379
2014/08/26 10:11:32: TID: 86042E0BCAE52080
2014/08/26 10:11:32: F/W Version: 00.00.08
2014/08/26 10:11:32:
2014/08/26 10:11:32: MasterKey Key Entry ... OK
2014/08/26 10:11:32: PowerON Counter Key Entry ... OK
2014/08/26 10:11:32: Key Entry ... OK
2014/08/26 10:11:32: Complete.
2014/08/26 10:11:32: COM PORT CLOSE ... OK
2014/08/26 10:11:32: 
2014/08/26 10:11:32: ==== Processing was completed ====
2014/08/26 10:11:32: 
*************************************************


*********** Start the Initialize Key Check **********
2014/08/26 10:12:11: Tool Ver: 2013.0605.01
2014/08/26 10:12:11: COM PORT OPEN ... OK
2014/08/26 10:12:11:
2014/08/26 10:12:11: ProductS/N:  VRW06A114800374
2014/08/26 10:12:11: TID: 86042B0BCAE52080
2014/08/26 10:12:11: F/W Version: 00.00.08
2014/08/26 10:12:11:
2014/08/26 10:12:11: MasterKey Key Entry ... OK
2014/08/26 10:12:11: PowerON Counter Key Entry ... OK
2014/08/26 10:12:11: Key Entry ... OK
2014/08/26 10:12:11: Complete.
2014/08/26 10:12:11: COM PORT CLOSE ... OK
2014/08/26 10:12:11: 
2014/08/26 10:12:11: ==== Processing was completed ====
2014/08/26 10:12:11: 
*************************************************


*********** Start the Initialize Key Check **********
2014/08/26 10:12:57: Tool Ver: 2013.0605.01
2014/08/26 10:12:57: COM PORT OPEN ... OK
2014/08/26 10:12:57:
2014/08/26 10:12:57: ProductS/N:  VRW06A114800108
2014/08/26 10:12:57: TID: 86041F056A9F2980
2014/08/26 10:12:57: F/W Version: 00.00.08
2014/08/26 10:12:57:
2014/08/26 10:12:57: MasterKey Key Entry ... OK
2014/08/26 10:12:57: PowerON Counter Key Entry ... OK
2014/08/26 10:12:57: Key Entry ... OK
2014/08/26 10:12:57: Complete.
2014/08/26 10:12:57: COM PORT CLOSE ... OK
2014/08/26 10:12:57: 
2014/08/26 10:12:57: ==== Processing was completed ====
2014/08/26 10:12:57: 
*************************************************


*********** Start the Initialize Key Check **********
2014/08/26 10:13:12: Tool Ver: 2013.0605.01
2014/08/26 10:13:12: COM PORT OPEN ... OK
2014/08/26 10:13:12:
2014/08/26 10:13:12: ProductS/N:  VRW06A114800358
2014/08/26 10:13:12: TID: 8604183ED2E52080
2014/08/26 10:13:12: F/W Version: 00.00.08
2014/08/26 10:13:12:
2014/08/26 10:13:12: MasterKey Key Entry ... OK
2014/08/26 10:13:12: PowerON Counter Key Entry ... OK
2014/08/26 10:13:13: Key Entry ... OK
2014/08/26 10:13:13: Complete.
2014/08/26 10:13:13: COM PORT CLOSE ... OK
2014/08/26 10:13:13: 
2014/08/26 10:13:13: ==== Processing was completed ====
2014/08/26 10:13:13: 
*************************************************


*********** Start the Initialize Key Check **********
2014/08/26 10:24:59: Tool Ver: 2013.0605.01
2014/08/26 10:24:59: COM PORT OPEN ... OK
2014/08/26 10:24:59:
2014/08/26 10:24:59: ProductS/N:  RW06A114800375
2014/08/26 10:24:59: TID: 8604263D32E62080
2014/08/26 10:24:59: F/W Version: 00.00.08
2014/08/26 10:24:59:
2014/08/26 10:24:59: MasterKey Key Entry ... OK
2014/08/26 10:24:59: PowerON Counter Key Entry ... OK
2014/08/26 10:25:00: Key Entry ... OK
2014/08/26 10:25:00: Complete.
2014/08/26 10:25:00: COM PORT CLOSE ... OK
2014/08/26 10:25:00: 
2014/08/26 10:25:00: ==== Processing was completed ====
2014/08/26 10:25:00: 
*************************************************


*********** Start the Initialize Key Check **********
2014/08/26 10:26:47: Tool Ver: 2013.0605.01
2014/08/26 10:26:47: COM PORT OPEN ... OK
2014/08/26 10:26:48:
2014/08/26 10:26:48: ProductS/N:  VRW06A114800317
2014/08/26 10:26:48: TID: 8604141D2AE62080
2014/08/26 10:26:48: F/W Version: 00.00.08
2014/08/26 10:26:48:
2014/08/26 10:26:48: MasterKey Key Entry ... OK
2014/08/26 10:26:48: PowerON Counter Key Entry ... OK
2014/08/26 10:26:48: Key Entry ... OK
2014/08/26 10:26:48: Complete.
2014/08/26 10:26:48: COM PORT CLOSE ... OK
2014/08/26 10:26:48: 
2014/08/26 10:26:48: ==== Processing was completed ====
2014/08/26 10:26:48: 
*************************************************


*********** Start the Initialize Key Check **********
2014/08/26 10:29:37: Tool Ver: 2013.0605.01
2014/08/26 10:29:37: COM PORT OPEN ... OK
2014/08/26 10:29:37:
2014/08/26 10:29:37: ProductS/N:  VRW06A114800388
2014/08/26 10:29:37: TID: 86042C3F32E62080
2014/08/26 10:29:37: F/W Version: 00.00.08
2014/08/26 10:29:37:
2014/08/26 10:29:37: MasterKey Key Entry ... OK
2014/08/26 10:29:37: PowerON Counter Key Entry ... OK
2014/08/26 10:29:38: Key Entry ... OK
2014/08/26 10:29:38: Complete.
2014/08/26 10:29:38: COM PORT CLOSE ... OK
2014/08/26 10:29:38: 
2014/08/26 10:29:38: ==== Processing was completed ====
2014/08/26 10:29:38: 
*************************************************


*********** Start the Initialize Key Check **********
2014/08/26 10:33:43: Tool Ver: 2013.0605.01
2014/08/26 10:33:43: COM PORT OPEN ... OK
2014/08/26 10:33:43:
2014/08/26 10:33:43: ProductS/N:  VRW06A114800391
2014/08/26 10:33:43: TID: 86041907CAE52080
2014/08/26 10:33:43: F/W Version: 00.00.08
2014/08/26 10:33:43:
2014/08/26 10:33:43: MasterKey Key Entry ... OK
2014/08/26 10:33:43: PowerON Counter Key Entry ... OK
2014/08/26 10:33:44: Key Entry ... OK
2014/08/26 10:33:44: Complete.
2014/08/26 10:33:44: COM PORT CLOSE ... OK
2014/08/26 10:33:44: 
2014/08/26 10:33:44: ==== Processing was completed ====
2014/08/26 10:33:44: 
*************************************************


*********** Start the Initialize Key Check **********
2014/08/26 10:34:17: Tool Ver: 2013.0605.01
2014/08/26 10:34:17: COM PORT OPEN ... OK
2014/08/26 10:34:17:
2014/08/26 10:34:17: ProductS/N:  VRW06A114800359
2014/08/26 10:34:17: TID: 86042C0BCAE52080
2014/08/26 10:34:17: F/W Version: 00.00.08
2014/08/26 10:34:17:
2014/08/26 10:34:17: MasterKey Key Entry ... OK
2014/08/26 10:34:17: PowerON Counter Key Entry ... OK
2014/08/26 10:34:18: Key Entry ... OK
2014/08/26 10:34:18: Complete.
2014/08/26 10:34:18: COM PORT CLOSE ... OK
2014/08/26 10:34:18: 
2014/08/26 10:34:18: ==== Processing was completed ====
2014/08/26 10:34:18: 
*************************************************


*********** Start the Initialize Key Check **********
2014/08/26 10:35:55: Tool Ver: 2013.0605.01
2014/08/26 10:35:55: COM PORT OPEN ... OK
2014/08/26 10:35:55:
2014/08/26 10:35:55: ProductS/N:  VRW06A114800369
2014/08/26 10:35:55: TID: 86042B07CAE52080
2014/08/26 10:35:55: F/W Version: 00.00.08
2014/08/26 10:35:55:
2014/08/26 10:35:55: MasterKey Key Entry ... OK
2014/08/26 10:35:55: PowerON Counter Key Entry ... OK
2014/08/26 10:35:56: Key Entry ... OK
2014/08/26 10:35:56: Complete.
2014/08/26 10:35:56: COM PORT CLOSE ... OK
2014/08/26 10:35:56: 
2014/08/26 10:35:56: ==== Processing was completed ====
2014/08/26 10:35:56: 
*************************************************


*********** Start the Initialize Key Check **********
2014/08/26 10:37:35: Tool Ver: 2013.0605.01
2014/08/26 10:37:35: COM PORT OPEN ... OK
2014/08/26 10:37:35:
2014/08/26 10:37:35: ProductS/N:  VRW06A114800346
2014/08/26 10:37:35: TID: 86042E4332E62080
2014/08/26 10:37:35: F/W Version: 00.00.08
2014/08/26 10:37:35:
2014/08/26 10:37:35: MasterKey Key Entry ... OK
2014/08/26 10:37:35: PowerON Counter Key Entry ... OK
2014/08/26 10:37:36: Key Entry ... OK
2014/08/26 10:37:36: Complete.
2014/08/26 10:37:36: COM PORT CLOSE ... OK
2014/08/26 10:37:36: 
2014/08/26 10:37:36: ==== Processing was completed ====
2014/08/26 10:37:36: 
*************************************************


*********** Start the Initialize Key Check **********
2014/08/26 10:39:35: Tool Ver: 2013.0605.01
2014/08/26 10:39:35: COM PORT OPEN ... OK
2014/08/26 10:39:35:
2014/08/26 10:39:35: ProductS/N:  VRW06A114800387
2014/08/26 10:39:35: TID: 86043208CAE52080
2014/08/26 10:39:35: F/W Version: 00.00.08
2014/08/26 10:39:35:
2014/08/26 10:39:35: MasterKey Key Entry ... OK
2014/08/26 10:39:35: PowerON Counter Key Entry ... OK
2014/08/26 10:39:36: Key Entry ... OK
2014/08/26 10:39:36: Complete.
2014/08/26 10:39:36: COM PORT CLOSE ... OK
2014/08/26 10:39:36: 
2014/08/26 10:39:36: ==== Processing was completed ====
2014/08/26 10:39:36: 
*************************************************


*********** Start the Initialize Key Check **********
2014/08/26 10:41:15: Tool Ver: 2013.0605.01
2014/08/26 10:41:15: COM PORT OPEN ... OK
2014/08/26 10:41:15:
2014/08/26 10:41:15: ProductS/N:  VRW06A114800363
2014/08/26 10:41:16: TID: 8604323E32E62080
2014/08/26 10:41:16: F/W Version: 00.00.08
2014/08/26 10:41:16:
2014/08/26 10:41:16: MasterKey Key Entry ... OK
2014/08/26 10:41:16: PowerON Counter Key Entry ... OK
2014/08/26 10:41:16: Key Entry ... OK
2014/08/26 10:41:16: Complete.
2014/08/26 10:41:16: COM PORT CLOSE ... OK
2014/08/26 10:41:16: 
2014/08/26 10:41:16: ==== Processing was completed ====
2014/08/26 10:41:16: 
*************************************************


*********** Start the Initialize Key Check **********
2014/08/26 10:43:29: Tool Ver: 2013.0605.01
2014/08/26 10:43:29: COM PORT OPEN ... OK
2014/08/26 10:43:29:
2014/08/26 10:43:29: ProductS/N:  VRW06A114800385
2014/08/26 10:43:29: TID: 86042E232AE62080
2014/08/26 10:43:29: F/W Version: 00.00.08
2014/08/26 10:43:29:
2014/08/26 10:43:29: MasterKey Key Entry ... OK
2014/08/26 10:43:29: PowerON Counter Key Entry ... OK
2014/08/26 10:43:30: Key Entry ... OK
2014/08/26 10:43:30: Complete.
2014/08/26 10:43:30: COM PORT CLOSE ... OK
2014/08/26 10:43:30: 
2014/08/26 10:43:30: ==== Processing was completed ====
2014/08/26 10:43:30: 
*************************************************


*********** Start the Initialize Key Check **********
2014/08/26 10:45:21: Tool Ver: 2013.0605.01
2014/08/26 10:45:21: COM PORT OPEN ... OK
2014/08/26 10:45:21:
2014/08/26 10:45:21: ProductS/N:  VRW06A114800383
2014/08/26 10:45:21: TID: 86041942D2E52080
2014/08/26 10:45:21: F/W Version: 00.00.08
2014/08/26 10:45:21:
2014/08/26 10:45:21: MasterKey Key Entry ... OK
2014/08/26 10:45:21: PowerON Counter Key Entry ... OK
2014/08/26 10:45:22: Key Entry ... OK
2014/08/26 10:45:22: Complete.
2014/08/26 10:45:22: COM PORT CLOSE ... OK
2014/08/26 10:45:22: 
2014/08/26 10:45:22: ==== Processing was completed ====
2014/08/26 10:45:22: 
*************************************************


*********** Start the Initialize Key Check **********
2014/08/26 10:47:53: Tool Ver: 2013.0605.01
2014/08/26 10:47:53: COM PORT OPEN ... OK
2014/08/26 10:47:53:
2014/08/26 10:47:53: ProductS/N:  VRW06A114800384
2014/08/26 10:47:53: TID: 860413092AE62080
2014/08/26 10:47:53: F/W Version: 00.00.08
2014/08/26 10:47:53:
2014/08/26 10:47:53: MasterKey Key Entry ... OK
2014/08/26 10:47:53: PowerON Counter Key Entry ... OK
2014/08/26 10:47:54: Key Entry ... OK
2014/08/26 10:47:54: Complete.
2014/08/26 10:47:54: COM PORT CLOSE ... OK
2014/08/26 10:47:54: 
2014/08/26 10:47:54: ==== Processing was completed ====
2014/08/26 10:47:54: 
*************************************************


*********** Start the Initialize Key Check **********
2014/08/26 10:50:06: Tool Ver: 2013.0605.01
2014/08/26 10:50:06: COM PORT OPEN ... OK
2014/08/26 10:50:06:
2014/08/26 10:50:06: ProductS/N:  VRW06A114800373
2014/08/26 10:50:06: TID: 860426062AE62080
2014/08/26 10:50:06: F/W Version: 00.00.08
2014/08/26 10:50:06:
2014/08/26 10:50:06: MasterKey Key Entry ... OK
2014/08/26 10:50:06: PowerON Counter Key Entry ... OK
2014/08/26 10:50:07: Key Entry ... OK
2014/08/26 10:50:07: Complete.
2014/08/26 10:50:07: COM PORT CLOSE ... OK
2014/08/26 10:50:07: 
2014/08/26 10:50:07: ==== Processing was completed ====
2014/08/26 10:50:07: 
*************************************************


*********** Start the Initialize Key Check **********
2014/08/26 10:53:08: Tool Ver: 2013.0605.01
2014/08/26 10:53:08: COM PORT OPEN ... OK
2014/08/26 10:53:08:
2014/08/26 10:53:08: ProductS/N:  VRW06A114800393
2014/08/26 10:53:08: TID: 8604193C32E62080
2014/08/26 10:53:08: F/W Version: 00.00.08
2014/08/26 10:53:08:
2014/08/26 10:53:08: MasterKey Key Entry ... OK
2014/08/26 10:53:08: PowerON Counter Key Entry ... OK
2014/08/26 10:53:09: Key Entry ... OK
2014/08/26 10:53:09: Complete.
2014/08/26 10:53:09: COM PORT CLOSE ... OK
2014/08/26 10:53:09: 
2014/08/26 10:53:09: ==== Processing was completed ====
2014/08/26 10:53:09: 
*************************************************


*********** Start the Initialize Key Check **********
2014/08/26 10:59:18: Tool Ver: 2013.0605.01
2014/08/26 10:59:18: COM PORT OPEN ... OK
2014/08/26 10:59:18:
2014/08/26 10:59:18: ProductS/N:  VRW06A114800357
2014/08/26 10:59:18: TID: 86041F3C32E62080
2014/08/26 10:59:18: F/W Version: 00.00.08
2014/08/26 10:59:18:
2014/08/26 10:59:18: MasterKey Key Entry ... OK
2014/08/26 10:59:18: PowerON Counter Key Entry ... OK
2014/08/26 10:59:19: Key Entry ... OK
2014/08/26 10:59:19: Complete.
2014/08/26 10:59:19: COM PORT CLOSE ... OK
2014/08/26 10:59:19: 
2014/08/26 10:59:19: ==== Processing was completed ====
2014/08/26 10:59:19: 
*************************************************


*********** Start the Initialize Key Check **********
2014/08/26 11:02:30: Tool Ver: 2013.0605.01
2014/08/26 11:02:30: COM PORT OPEN ... OK
2014/08/26 11:02:31:
2014/08/26 11:02:31: ProductS/N:  VRW06A114800386
2014/08/26 11:02:31: TID: 860402222AE62080
2014/08/26 11:02:31: F/W Version: 00.00.08
2014/08/26 11:02:31:
2014/08/26 11:02:31: MasterKey Key Entry ... OK
2014/08/26 11:02:31: PowerON Counter Key Entry ... OK
2014/08/26 11:02:31: Key Entry ... OK
2014/08/26 11:02:31: Complete.
2014/08/26 11:02:31: COM PORT CLOSE ... OK
2014/08/26 11:02:31: 
2014/08/26 11:02:31: ==== Processing was completed ====
2014/08/26 11:02:31: 
*************************************************


*********** Start the Initialize Key Check **********
2014/08/26 11:09:07: Tool Ver: 2013.0605.01
2014/08/26 11:09:07: COM PORT OPEN ... OK
2014/08/26 11:09:07:
2014/08/26 11:09:07: ProductS/N:  VRW06A114800378
2014/08/26 11:09:07: TID: 860439232AE62080
2014/08/26 11:09:07: F/W Version: 00.00.08
2014/08/26 11:09:07:
2014/08/26 11:09:07: MasterKey Key Entry ... OK
2014/08/26 11:09:07: PowerON Counter Key Entry ... OK
2014/08/26 11:09:08: Key Entry ... OK
2014/08/26 11:09:08: Complete.
2014/08/26 11:09:08: COM PORT CLOSE ... OK
2014/08/26 11:09:08: 
2014/08/26 11:09:08: ==== Processing was completed ====
2014/08/26 11:09:08: 
*************************************************


*********** Start the Initialize Key Check **********
2014/08/26 11:11:36: Tool Ver: 2013.0605.01
2014/08/26 11:11:36: COM PORT OPEN ... OK
2014/08/26 11:11:36:
2014/08/26 11:11:36: ProductS/N:  VRW06A114800398
2014/08/26 11:11:36: TID: 8604264032E62080
2014/08/26 11:11:36: F/W Version: 00.00.08
2014/08/26 11:11:36:
2014/08/26 11:11:36: MasterKey Key Entry ... OK
2014/08/26 11:11:36: PowerON Counter Key Entry ... OK
2014/08/26 11:11:36: Key Entry ... OK
2014/08/26 11:11:36: Complete.
2014/08/26 11:11:36: COM PORT CLOSE ... OK
2014/08/26 11:11:36: 
2014/08/26 11:11:36: ==== Processing was completed ====
2014/08/26 11:11:36: 
*************************************************


*********** Start the Initialize Key Check **********
2014/08/26 11:14:26: Tool Ver: 2013.0605.01
2014/08/26 11:14:26: COM PORT OPEN ... OK
2014/08/26 11:14:26:
2014/08/26 11:14:26: ProductS/N:  VRW06A114800399
2014/08/26 11:14:26: TID: 860428032AE62080
2014/08/26 11:14:26: F/W Version: 00.00.08
2014/08/26 11:14:26:
2014/08/26 11:14:26: MasterKey Key Entry ... OK
2014/08/26 11:14:26: PowerON Counter Key Entry ... OK
2014/08/26 11:14:27: Key Entry ... OK
2014/08/26 11:14:27: Complete.
2014/08/26 11:14:27: COM PORT CLOSE ... OK
2014/08/26 11:14:27: 
2014/08/26 11:14:27: ==== Processing was completed ====
2014/08/26 11:14:27: 
*************************************************


*********** Start the Initialize Key Check **********
2014/08/26 11:17:34: Tool Ver: 2013.0605.01
2014/08/26 11:17:34: COM PORT OPEN ... OK
2014/08/26 11:17:34:
2014/08/26 11:17:34: ProductS/N:  VRW06A114800390
2014/08/26 11:17:34: TID: 860437232AE62080
2014/08/26 11:17:34: F/W Version: 00.00.08
2014/08/26 11:17:34:
2014/08/26 11:17:34: MasterKey Key Entry ... OK
2014/08/26 11:17:34: PowerON Counter Key Entry ... OK
2014/08/26 11:17:35: Key Entry ... OK
2014/08/26 11:17:35: Complete.
2014/08/26 11:17:35: COM PORT CLOSE ... OK
2014/08/26 11:17:35: 
2014/08/26 11:17:35: ==== Processing was completed ====
2014/08/26 11:17:35: 
*************************************************


*********** Start the Initialize Key Check **********
2014/08/26 11:18:45: Tool Ver: 2013.0605.01
2014/08/26 11:18:45: COM PORT OPEN ... OK
2014/08/26 11:18:45:
2014/08/26 11:18:45: ProductS/N:  VRW06A114800401
2014/08/26 11:18:45: TID: 860424032AE62080
2014/08/26 11:18:45: F/W Version: 00.00.08
2014/08/26 11:18:45:
2014/08/26 11:18:45: MasterKey Key Entry ... OK
2014/08/26 11:18:45: PowerON Counter Key Entry ... OK
2014/08/26 11:18:46: Key Entry ... OK
2014/08/26 11:18:46: Complete.
2014/08/26 11:18:46: COM PORT CLOSE ... OK
2014/08/26 11:18:46: 
2014/08/26 11:18:46: ==== Processing was completed ====
2014/08/26 11:18:46: 
*************************************************


*********** Start the Initialize Key Check **********
2014/08/26 11:26:06: Tool Ver: 2013.0605.01
2014/08/26 11:26:07: COM PORT OPEN ... OK
2014/08/26 11:26:07:
2014/08/26 11:26:07: ProductS/N:  VRW06A114800372
2014/08/26 11:26:07: TID: 8604350BCAE52080
2014/08/26 11:26:07: F/W Version: 00.00.08
2014/08/26 11:26:07:
2014/08/26 11:26:07: MasterKey Key Entry ... OK
2014/08/26 11:26:07: PowerON Counter Key Entry ... OK
2014/08/26 11:26:07: Key Entry ... OK
2014/08/26 11:26:07: Complete.
2014/08/26 11:26:07: COM PORT CLOSE ... OK
2014/08/26 11:26:07: 
2014/08/26 11:26:07: ==== Processing was completed ====
2014/08/26 11:26:07: 
*************************************************


*********** Start the Initialize Key Check **********
2014/08/26 11:28:01: Tool Ver: 2013.0605.01
2014/08/26 11:28:01: COM PORT OPEN ... OK
2014/08/26 11:28:01:
2014/08/26 11:28:01: ProductS/N:  VRW06A114800397
2014/08/26 11:28:01: TID: 86044026CAE52080
2014/08/26 11:28:01: F/W Version: 00.00.08
2014/08/26 11:28:01:
2014/08/26 11:28:01: MasterKey Key Entry ... OK
2014/08/26 11:28:01: PowerON Counter Key Entry ... OK
2014/08/26 11:28:02: Key Entry ... OK
2014/08/26 11:28:02: Complete.
2014/08/26 11:28:02: COM PORT CLOSE ... OK
2014/08/26 11:28:02: 
2014/08/26 11:28:02: ==== Processing was completed ====
2014/08/26 11:28:02: 
*************************************************


*********** Start the Initialize Key Check **********
2014/08/26 11:30:31: Tool Ver: 2013.0605.01
2014/08/26 11:30:31: COM PORT OPEN ... OK
2014/08/26 11:30:32:
2014/08/26 11:30:32: ProductS/N:  VRW06A114800408
2014/08/26 11:30:32: TID: 86042B3C32E62080
2014/08/26 11:30:32: F/W Version: 00.00.08
2014/08/26 11:30:32:
2014/08/26 11:30:32: MasterKey Key Entry ... OK
2014/08/26 11:30:32: PowerON Counter Key Entry ... OK
2014/08/26 11:30:32: Key Entry ... OK
2014/08/26 11:30:32: Complete.
2014/08/26 11:30:32: COM PORT CLOSE ... OK
2014/08/26 11:30:32: 
2014/08/26 11:30:32: ==== Processing was completed ====
2014/08/26 11:30:32: 
*************************************************


*********** Start the Initialize Key Check **********
2014/08/26 11:34:29: Tool Ver: 2013.0605.01
2014/08/26 11:34:29: COM PORT OPEN ... OK
2014/08/26 11:34:29:
2014/08/26 11:34:29: ProductS/N:  VRW06A114800407
2014/08/26 11:34:29: TID: 86041B062AE62080
2014/08/26 11:34:29: F/W Version: 00.00.08
2014/08/26 11:34:29:
2014/08/26 11:34:29: MasterKey Key Entry ... OK
2014/08/26 11:34:29: PowerON Counter Key Entry ... OK
2014/08/26 11:34:29: Key Entry ... OK
2014/08/26 11:34:29: Complete.
2014/08/26 11:34:29: COM PORT CLOSE ... OK
2014/08/26 11:34:29: 
2014/08/26 11:34:29: ==== Processing was completed ====
2014/08/26 11:34:29: 
*************************************************


*********** Start the Initialize Key Check **********
2014/08/26 11:40:49: Tool Ver: 2013.0605.01
2014/08/26 11:40:49: COM PORT OPEN ... OK
2014/08/26 11:40:49:
2014/08/26 11:40:49: ProductS/N:  VRW06A114800400
2014/08/26 11:40:49: TID: 8604224332E62080
2014/08/26 11:40:49: F/W Version: 00.00.08
2014/08/26 11:40:49:
2014/08/26 11:40:49: MasterKey Key Entry ... OK
2014/08/26 11:40:49: PowerON Counter Key Entry ... OK
2014/08/26 11:40:50: Key Entry ... OK
2014/08/26 11:40:50: Complete.
2014/08/26 11:40:50: COM PORT CLOSE ... OK
2014/08/26 11:40:50: 
2014/08/26 11:40:50: ==== Processing was completed ====
2014/08/26 11:40:50: 
*************************************************


*********** Start the Initialize Key Check **********
2014/08/26 11:43:13: Tool Ver: 2013.0605.01
2014/08/26 11:43:13: COM PORT OPEN ... OK
2014/08/26 11:43:14:
2014/08/26 11:43:14: ProductS/N:  VRW06A114800405
2014/08/26 11:43:14: TID: 86041B4032E62080
2014/08/26 11:43:14: F/W Version: 00.00.08
2014/08/26 11:43:14:
2014/08/26 11:43:14: MasterKey Key Entry ... OK
2014/08/26 11:43:14: PowerON Counter Key Entry ... OK
2014/08/26 11:43:14: Key Entry ... OK
2014/08/26 11:43:14: Complete.
2014/08/26 11:43:14: COM PORT CLOSE ... OK
2014/08/26 11:43:14: 
2014/08/26 11:43:14: ==== Processing was completed ====
2014/08/26 11:43:14: 
*************************************************


*********** Start the Initialize Key Check **********
2014/08/26 12:53:06: Tool Ver: 2013.0605.01
2014/08/26 12:53:06: COM PORT OPEN ... OK
2014/08/26 12:53:06:
2014/08/26 12:53:06: ProductS/N:  VRW06A114800396
2014/08/26 12:53:06: TID: 86042707CAE52080
2014/08/26 12:53:06: F/W Version: 00.00.08
2014/08/26 12:53:06:
2014/08/26 12:53:06: MasterKey Key Entry ... OK
2014/08/26 12:53:06: PowerON Counter Key Entry ... OK
2014/08/26 12:53:07: Key Entry ... OK
2014/08/26 12:53:07: Complete.
2014/08/26 12:53:07: COM PORT CLOSE ... OK
2014/08/26 12:53:07: 
2014/08/26 12:53:07: ==== Processing was completed ====
2014/08/26 12:53:07: 
*************************************************


*********** Start the Initialize Key Check **********
2014/08/26 13:04:15: Tool Ver: 2013.0605.01
2014/08/26 13:04:15: COM PORT OPEN ... OK
2014/08/26 13:04:15:
2014/08/26 13:04:15: ProductS/N:  VRW06A114800382
2014/08/26 13:04:16: TID: 8604290BCAE52080
2014/08/26 13:04:16: F/W Version: 00.00.08
2014/08/26 13:04:16:
2014/08/26 13:04:16: MasterKey Key Entry ... OK
2014/08/26 13:04:16: PowerON Counter Key Entry ... OK
2014/08/26 13:04:16: Key Entry ... OK
2014/08/26 13:04:16: Complete.
2014/08/26 13:04:16: COM PORT CLOSE ... OK
2014/08/26 13:04:16: 
2014/08/26 13:04:16: ==== Processing was completed ====
2014/08/26 13:04:16: 
*************************************************


*********** Start the Initialize Key Check **********
2014/08/26 13:28:27: Tool Ver: 2013.0605.01
2014/08/26 13:28:27: COM PORT OPEN ... OK
2014/08/26 13:28:28:
2014/08/26 13:28:28: ProductS/N:  VRW06A114800404
2014/08/26 13:28:28: TID: 8604391D2AE62080
2014/08/26 13:28:28: F/W Version: 00.00.08
2014/08/26 13:28:28:
2014/08/26 13:28:28: MasterKey Key Entry ... OK
2014/08/26 13:28:28: PowerON Counter Key Entry ... OK
2014/08/26 13:28:28: Key Entry ... OK
2014/08/26 13:28:28: Complete.
2014/08/26 13:28:28: COM PORT CLOSE ... OK
2014/08/26 13:28:28: 
2014/08/26 13:28:28: ==== Processing was completed ====
2014/08/26 13:28:28: 
*************************************************


*********** Start the Initialize Key Check **********
2014/08/26 13:29:38: Tool Ver: 2013.0605.01
2014/08/26 13:29:38: COM PORT OPEN ... OK
2014/08/26 13:29:38:
2014/08/26 13:29:38: ProductS/N:  VRW06A114800413
2014/08/26 13:29:38: TID: 8604370CCAE52080
2014/08/26 13:29:38: F/W Version: 00.00.08
2014/08/26 13:29:38:
2014/08/26 13:29:38: MasterKey Key Entry ... OK
2014/08/26 13:29:38: PowerON Counter Key Entry ... OK
2014/08/26 13:29:38: Key Entry ... OK
2014/08/26 13:29:38: Complete.
2014/08/26 13:29:38: COM PORT CLOSE ... OK
2014/08/26 13:29:38: 
2014/08/26 13:29:38: ==== Processing was completed ====
2014/08/26 13:29:38: 
*************************************************


*********** Start the Initialize Key Check **********
2014/08/26 13:30:16: Tool Ver: 2013.0605.01
2014/08/26 13:30:16: COM PORT OPEN ... OK
2014/08/26 13:30:16:
2014/08/26 13:30:16: ProductS/N:  VRW06A114800410
2014/08/26 13:30:16: TID: 86041E032AE62080
2014/08/26 13:30:16: F/W Version: 00.00.08
2014/08/26 13:30:16:
2014/08/26 13:30:16: MasterKey Key Entry ... OK
2014/08/26 13:30:16: PowerON Counter Key Entry ... OK
2014/08/26 13:30:17: Key Entry ... OK
2014/08/26 13:30:17: Complete.
2014/08/26 13:30:17: COM PORT CLOSE ... OK
2014/08/26 13:30:17: 
2014/08/26 13:30:17: ==== Processing was completed ====
2014/08/26 13:30:17: 
*************************************************


*********** Start the Initialize Key Check **********
2014/08/26 13:30:54: Tool Ver: 2013.0605.01
2014/08/26 13:30:54: COM PORT OPEN ... OK
2014/08/26 13:30:54:
2014/08/26 13:30:54: ProductS/N:  VRW06A114800403
2014/08/26 13:30:54: TID: 86043B20CAE52080
2014/08/26 13:30:54: F/W Version: 00.00.08
2014/08/26 13:30:54:
2014/08/26 13:30:54: MasterKey Key Entry ... OK
2014/08/26 13:30:54: PowerON Counter Key Entry ... OK
2014/08/26 13:30:55: Key Entry ... OK
2014/08/26 13:30:55: Complete.
2014/08/26 13:30:55: COM PORT CLOSE ... OK
2014/08/26 13:30:55: 
2014/08/26 13:30:55: ==== Processing was completed ====
2014/08/26 13:30:55: 
*************************************************


*********** Start the Initialize Key Check **********
2014/08/26 13:31:27: Tool Ver: 2013.0605.01
2014/08/26 13:31:27: COM PORT OPEN ... OK
2014/08/26 13:31:28:
2014/08/26 13:31:28: ProductS/N:  VRW06A114800409
2014/08/26 13:31:28: TID: 8604264432E62080
2014/08/26 13:31:28: F/W Version: 00.00.08
2014/08/26 13:31:28:
2014/08/26 13:31:28: MasterKey Key Entry ... OK
2014/08/26 13:31:28: PowerON Counter Key Entry ... OK
2014/08/26 13:31:28: Key Entry ... OK
2014/08/26 13:31:28: Complete.
2014/08/26 13:31:28: COM PORT CLOSE ... OK
2014/08/26 13:31:28: 
2014/08/26 13:31:28: ==== Processing was completed ====
2014/08/26 13:31:28: 
*************************************************


*********** Start the Initialize Key Check **********
2014/08/26 13:33:34: Tool Ver: 2013.0605.01
2014/08/26 13:33:34: COM PORT OPEN ... OK
2014/08/26 13:33:34:
2014/08/26 13:33:34: ProductS/N:  VRW06A114800412
2014/08/26 13:33:34: TID: 86043508CAE52080
2014/08/26 13:33:34: F/W Version: 00.00.08
2014/08/26 13:33:34:
2014/08/26 13:33:34: MasterKey Key Entry ... OK
2014/08/26 13:33:34: PowerON Counter Key Entry ... OK
2014/08/26 13:33:34: Key Entry ... OK
2014/08/26 13:33:34: Complete.
2014/08/26 13:33:34: COM PORT CLOSE ... OK
2014/08/26 13:33:34: 
2014/08/26 13:33:34: ==== Processing was completed ====
2014/08/26 13:33:34: 
*************************************************


*********** Start the Initialize Key Check **********
2014/08/26 13:43:46: Tool Ver: 2013.0605.01
2014/08/26 13:43:46: COM PORT OPEN ... OK
2014/08/26 13:43:46:
2014/08/26 13:43:46: ProductS/N:  VRW06A114800393
2014/08/26 13:43:46: TID: 8604193C32E62080
2014/08/26 13:43:46: F/W Version: 00.00.08
2014/08/26 13:43:46:
2014/08/26 13:43:46: MasterKey Key Entry ... OK
2014/08/26 13:43:46: PowerON Counter Key Entry ... OK
2014/08/26 13:43:47: Key Entry ... OK
2014/08/26 13:43:47: Complete.
2014/08/26 13:43:47: COM PORT CLOSE ... OK
2014/08/26 13:43:47: 
2014/08/26 13:43:47: ==== Processing was completed ====
2014/08/26 13:43:47: 
*************************************************


*********** Start the Initialize Key Check **********
2014/08/26 13:45:29: Tool Ver: 2013.0605.01
2014/08/26 13:45:29: COM PORT OPEN ... OK
2014/08/26 13:45:29:
2014/08/26 13:45:29: ProductS/N:  VRW06A114800411
2014/08/26 13:45:29: TID: 86042742D2E52080
2014/08/26 13:45:29: F/W Version: 00.00.08
2014/08/26 13:45:29:
2014/08/26 13:45:29: MasterKey Key Entry ... OK
2014/08/26 13:45:29: PowerON Counter Key Entry ... OK
2014/08/26 13:45:30: Key Entry ... OK
2014/08/26 13:45:30: Complete.
2014/08/26 13:45:30: COM PORT CLOSE ... OK
2014/08/26 13:45:30: 
2014/08/26 13:45:30: ==== Processing was completed ====
2014/08/26 13:45:30: 
*************************************************


*********** Start the Initialize Key Check **********
2014/08/26 13:48:28: Tool Ver: 2013.0605.01
2014/08/26 13:48:28: COM PORT OPEN ... OK
2014/08/26 13:48:28:
2014/08/26 13:48:28: ProductS/N:  VRW06A114800421
2014/08/26 13:48:28: TID: 8604134132E62080
2014/08/26 13:48:28: F/W Version: 00.00.08
2014/08/26 13:48:28:
2014/08/26 13:48:28: MasterKey Key Entry ... OK
2014/08/26 13:48:28: PowerON Counter Key Entry ... OK
2014/08/26 13:48:29: Key Entry ... OK
2014/08/26 13:48:29: Complete.
2014/08/26 13:48:29: COM PORT CLOSE ... OK
2014/08/26 13:48:29: 
2014/08/26 13:48:29: ==== Processing was completed ====
2014/08/26 13:48:29: 
*************************************************


*********** Start the Initialize Key Check **********
2014/08/26 13:50:56: Tool Ver: 2013.0605.01
2014/08/26 13:50:56: COM PORT OPEN ... OK
2014/08/26 13:50:56:
2014/08/26 13:50:56: ProductS/N:  VRW06A114800420
2014/08/26 13:50:56: TID: 86040620CAE52080
2014/08/26 13:50:56: F/W Version: 00.00.08
2014/08/26 13:50:56:
2014/08/26 13:50:56: MasterKey Key Entry ... OK
2014/08/26 13:50:56: PowerON Counter Key Entry ... OK
2014/08/26 13:50:57: Key Entry ... OK
2014/08/26 13:50:57: Complete.
2014/08/26 13:50:57: COM PORT CLOSE ... OK
2014/08/26 13:50:57: 
2014/08/26 13:50:57: ==== Processing was completed ====
2014/08/26 13:50:57: 
*************************************************


*********** Start the Initialize Key Check **********
2014/08/26 13:52:16: Tool Ver: 2013.0605.01
2014/08/26 13:52:16: COM PORT OPEN ... OK
2014/08/26 13:52:16:
2014/08/26 13:52:16: ProductS/N:  VRW06A114800414
2014/08/26 13:52:16: TID: 86041407CAE52080
2014/08/26 13:52:16: F/W Version: 00.00.08
2014/08/26 13:52:16:
2014/08/26 13:52:16: MasterKey Key Entry ... OK
2014/08/26 13:52:16: PowerON Counter Key Entry ... OK
2014/08/26 13:52:16: Key Entry ... OK
2014/08/26 13:52:16: Complete.
2014/08/26 13:52:16: COM PORT CLOSE ... OK
2014/08/26 13:52:16: 
2014/08/26 13:52:16: ==== Processing was completed ====
2014/08/26 13:52:16: 
*************************************************


*********** Start the Initialize Key Check **********
2014/08/26 13:52:31: Tool Ver: 2013.0605.01
2014/08/26 13:52:31: COM PORT OPEN ... OK
2014/08/26 13:52:31:
2014/08/26 13:52:31: ProductS/N:  VRW06A114800414
2014/08/26 13:52:31: TID: 86041407CAE52080
2014/08/26 13:52:31: F/W Version: 00.00.08
2014/08/26 13:52:31:
2014/08/26 13:52:31: MasterKey Key Entry ... OK
2014/08/26 13:52:31: PowerON Counter Key Entry ... OK
2014/08/26 13:52:31: Key Entry ... OK
2014/08/26 13:52:31: Complete.
2014/08/26 13:52:31: COM PORT CLOSE ... OK
2014/08/26 13:52:31: 
2014/08/26 13:52:31: ==== Processing was completed ====
2014/08/26 13:52:31: 
*************************************************


*********** Start the Initialize Key Check **********
2014/08/26 13:54:02: Tool Ver: 2013.0605.01
2014/08/26 13:54:02: COM PORT OPEN ... OK
2014/08/26 13:54:02:
2014/08/26 13:54:02: ProductS/N:  VRW06A114800417
2014/08/26 13:54:02: TID: 8604293E32E62080
2014/08/26 13:54:02: F/W Version: 00.00.08
2014/08/26 13:54:02:
2014/08/26 13:54:02: MasterKey Key Entry ... OK
2014/08/26 13:54:02: PowerON Counter Key Entry ... OK
2014/08/26 13:54:02: Key Entry ... OK
2014/08/26 13:54:02: Complete.
2014/08/26 13:54:02: COM PORT CLOSE ... OK
2014/08/26 13:54:02: 
2014/08/26 13:54:02: ==== Processing was completed ====
2014/08/26 13:54:02: 
*************************************************


*********** Start the Initialize Key Check **********
2014/08/26 14:18:46: Tool Ver: 2013.0605.01
2014/08/26 14:18:46: COM PORT OPEN ... OK
2014/08/26 14:18:46:
2014/08/26 14:18:46: ProductS/N:  4800395
2014/08/26 14:18:46: TID: 86042308CAE52080
2014/08/26 14:18:46: F/W Version: 00.00.08
2014/08/26 14:18:46:
2014/08/26 14:18:46: MasterKey Key Entry ... OK
2014/08/26 14:18:46: PowerON Counter Key Entry ... OK
2014/08/26 14:18:47: Key Entry ... OK
2014/08/26 14:18:47: Complete.
2014/08/26 14:18:47: COM PORT CLOSE ... OK
2014/08/26 14:18:47: 
2014/08/26 14:18:47: ==== Processing was completed ====
2014/08/26 14:18:47: 
*************************************************


*********** Start the Initialize Key Check **********
2014/08/26 14:33:40: Tool Ver: 2013.0605.01
2014/08/26 14:33:40: COM PORT OPEN ... OK
2014/08/26 14:33:40:
2014/08/26 14:33:40: ProductS/N:  4800395
2014/08/26 14:33:40: TID: 86042308CAE52080
2014/08/26 14:33:40: F/W Version: 00.00.08
2014/08/26 14:33:40:
2014/08/26 14:33:40: MasterKey Key Entry ... OK
2014/08/26 14:33:40: PowerON Counter Key Entry ... OK
2014/08/26 14:33:41: Key Entry ... OK
2014/08/26 14:33:41: Complete.
2014/08/26 14:33:41: COM PORT CLOSE ... OK
2014/08/26 14:33:41: 
2014/08/26 14:33:41: ==== Processing was completed ====
2014/08/26 14:33:41: 
*************************************************


