*********** Start the Initialize Key Check **********
2014/10/24 16:42:20: Tool Ver: 2013.0605.01
2014/10/24 16:42:20: COM PORT OPEN ... OK
2014/10/24 16:42:20:
2014/10/24 16:42:20: ProductS/N:  VRW06A114200257
2014/10/24 16:42:20: TID: 8604303572842D80
2014/10/24 16:42:20: F/W Version: 00.00.08
2014/10/24 16:42:20:
2014/10/24 16:42:20: MasterKey Key Entry ... OK
2014/10/24 16:42:20: PowerON Counter Key Entry ... OK
2014/10/24 16:42:21: Key Entry ... OK
2014/10/24 16:42:21: Complete.
2014/10/24 16:42:21: COM PORT CLOSE ... OK
2014/10/24 16:42:21: 
2014/10/24 16:42:21: ==== Processing was completed ====
2014/10/24 16:42:21: 
*************************************************


*********** Start the Initialize Key Check **********
2014/10/24 16:43:27: Tool Ver: 2013.0605.01
2014/10/24 16:43:27: COM PORT OPEN ... OK
2014/10/24 16:43:27:
2014/10/24 16:43:27: ProductS/N:  VRW06A114200257
2014/10/24 16:43:27: TID: 8604303572842D80
2014/10/24 16:43:27: F/W Version: 00.00.08
2014/10/24 16:43:27:
2014/10/24 16:43:27: MasterKey Key Entry ... OK
2014/10/24 16:43:27: PowerON Counter Key Entry ... OK
2014/10/24 16:43:28: Key Entry ... OK
2014/10/24 16:43:28: Complete.
2014/10/24 16:43:28: COM PORT CLOSE ... OK
2014/10/24 16:43:28: 
2014/10/24 16:43:28: ==== Processing was completed ====
2014/10/24 16:43:28: 
*************************************************


*********** Start the Initialize Key Check **********
2014/10/24 17:35:44: Tool Ver: 2013.0605.01
2014/10/24 17:35:44: COM PORT OPEN ... OK
2014/10/24 17:35:44:
2014/10/24 17:35:44: ProductS/N:  VRW06A113801462
2014/10/24 17:35:45: TID: 86043B1B6A9F2980
2014/10/24 17:35:45: F/W Version: 00.00.08
2014/10/24 17:35:45:
2014/10/24 17:35:45: MasterKey Key Entry ... OK
2014/10/24 17:35:45: PowerON Counter Key Entry ... OK
2014/10/24 17:35:45: Key Entry ... OK
2014/10/24 17:35:45: Complete.
2014/10/24 17:35:45: COM PORT CLOSE ... OK
2014/10/24 17:35:45: 
2014/10/24 17:35:45: ==== Processing was completed ====
2014/10/24 17:35:45: 
*************************************************


*********** Start the Initialize Key Check **********
2014/10/24 18:00:04: Tool Ver: 2013.0605.01
2014/10/24 18:00:04: COM PORT OPEN ... OK
2014/10/24 18:00:04:
2014/10/24 18:00:04: ProductS/N:  VRW06A113X02900V
2014/10/24 18:00:05: TID: 8604260872842D80
2014/10/24 18:00:05: F/W Version: 00.00.08
2014/10/24 18:00:05:
2014/10/24 18:00:05: MasterKey Key Entry ... OK
2014/10/24 18:00:05: PowerON Counter Key Entry ... OK
2014/10/24 18:00:05: Key Entry ... OK
2014/10/24 18:00:05: Complete.
2014/10/24 18:00:05: COM PORT CLOSE ... OK
2014/10/24 18:00:05: 
2014/10/24 18:00:05: ==== Processing was completed ====
2014/10/24 18:00:05: 
*************************************************


