*********** Start the Initialize Key Check **********
2014/10/28 09:02:47: Tool Ver: 2013.0605.01
2014/10/28 09:02:47: COM PORT OPEN ... OK
2014/10/28 09:02:48:
2014/10/28 09:02:48: ProductS/N:  VRW06A113X01840
2014/10/28 09:02:48: TID: 8604391B6A9F2980
2014/10/28 09:02:48: F/W Version: 00.00.08
2014/10/28 09:02:48:
2014/10/28 09:02:48: MasterKey Key Entry ... OK
2014/10/28 09:02:48: PowerON Counter Key Entry ... OK
2014/10/28 09:02:48: Key Entry ... OK
2014/10/28 09:02:48: Complete.
2014/10/28 09:02:48: COM PORT CLOSE ... OK
2014/10/28 09:02:48: 
2014/10/28 09:02:48: ==== Processing was completed ====
2014/10/28 09:02:48: 
*************************************************


*********** Start the Initialize Key Check **********
2014/10/28 09:03:34: Tool Ver: 2013.0605.01
2014/10/28 09:03:34: COM PORT OPEN ... OK
2014/10/28 09:03:34:
2014/10/28 09:03:34: ProductS/N:  VRW06A113X01091
2014/10/28 09:03:34: TID: 8604052A6A9F2980
2014/10/28 09:03:34: F/W Version: 00.00.08
2014/10/28 09:03:34:
2014/10/28 09:03:34: MasterKey Key Entry ... OK
2014/10/28 09:03:35: PowerON Counter Key Entry ... OK
2014/10/28 09:03:35: Key Entry ... OK
2014/10/28 09:03:35: Complete.
2014/10/28 09:03:35: COM PORT CLOSE ... OK
2014/10/28 09:03:35: 
2014/10/28 09:03:35: ==== Processing was completed ====
2014/10/28 09:03:35: 
*************************************************


*********** Start the Initialize Key Check **********
2014/10/28 09:04:20: Tool Ver: 2013.0605.01
2014/10/28 09:04:20: COM PORT OPEN ... OK
2014/10/28 09:04:20:
2014/10/28 09:04:20: ProductS/N:  VRW06A114200185
2014/10/28 09:04:20: TID: 8604171872842D80
2014/10/28 09:04:20: F/W Version: 00.00.08
2014/10/28 09:04:20:
2014/10/28 09:04:20: MasterKey Key Entry ... OK
2014/10/28 09:04:20: PowerON Counter Key Entry ... OK
2014/10/28 09:04:21: Key Entry ... OK
2014/10/28 09:04:21: Complete.
2014/10/28 09:04:21: COM PORT CLOSE ... OK
2014/10/28 09:04:21: 
2014/10/28 09:04:21: ==== Processing was completed ====
2014/10/28 09:04:21: 
*************************************************


*********** Start the Initialize Key Check **********
2014/10/28 09:05:07: Tool Ver: 2013.0605.01
2014/10/28 09:05:07: COM PORT OPEN ... OK
2014/10/28 09:05:07:
2014/10/28 09:05:07: ProductS/N:  VRW06A114401785
2014/10/28 09:05:07: TID: 8604082B2AE62080
2014/10/28 09:05:07: F/W Version: 00.00.08
2014/10/28 09:05:07:
2014/10/28 09:05:07: MasterKey Key Entry ... OK
2014/10/28 09:05:07: PowerON Counter Key Entry ... OK
2014/10/28 09:05:08: Key Entry ... OK
2014/10/28 09:05:08: Complete.
2014/10/28 09:05:08: COM PORT CLOSE ... OK
2014/10/28 09:05:08: 
2014/10/28 09:05:08: ==== Processing was completed ====
2014/10/28 09:05:08: 
*************************************************


*********** Start the Initialize Key Check **********
2014/10/28 09:05:46: Tool Ver: 2013.0605.01
2014/10/28 09:05:46: COM PORT OPEN ... OK
2014/10/28 09:05:46:
2014/10/28 09:05:46: ProductS/N:  VRW06A114200031
2014/10/28 09:05:46: TID: 8604262E72842D80
2014/10/28 09:05:46: F/W Version: 00.00.08
2014/10/28 09:05:46:
2014/10/28 09:05:46: MasterKey Key Entry ... OK
2014/10/28 09:05:46: PowerON Counter Key Entry ... OK
2014/10/28 09:05:47: Key Entry ... OK
2014/10/28 09:05:47: Complete.
2014/10/28 09:05:47: COM PORT CLOSE ... OK
2014/10/28 09:05:47: 
2014/10/28 09:05:47: ==== Processing was completed ====
2014/10/28 09:05:47: 
*************************************************


*********** Start the Initialize Key Check **********
2014/10/28 09:06:28: Tool Ver: 2013.0605.01
2014/10/28 09:06:28: COM PORT OPEN ... OK
2014/10/28 09:06:28:
2014/10/28 09:06:28: ProductS/N:  VRW06A114300266
2014/10/28 09:06:28: TID: 86042435CAE52080
2014/10/28 09:06:28: F/W Version: 00.00.08
2014/10/28 09:06:28:
2014/10/28 09:06:28: MasterKey Key Entry ... OK
2014/10/28 09:06:28: PowerON Counter Key Entry ... OK
2014/10/28 09:06:29: Key Entry ... OK
2014/10/28 09:06:29: Complete.
2014/10/28 09:06:29: COM PORT CLOSE ... OK
2014/10/28 09:06:29: 
2014/10/28 09:06:29: ==== Processing was completed ====
2014/10/28 09:06:29: 
*************************************************


*********** Start the Initialize Key Check **********
2014/10/28 09:07:04: Tool Ver: 2013.0605.01
2014/10/28 09:07:04: COM PORT OPEN ... OK
2014/10/28 09:07:04:
2014/10/28 09:07:04: ProductS/N:  VRW06A114200835
2014/10/28 09:07:04: TID: 86040320025B2980
2014/10/28 09:07:04: F/W Version: 00.00.08
2014/10/28 09:07:04:
2014/10/28 09:07:04: MasterKey Key Entry ... OK
2014/10/28 09:07:04: PowerON Counter Key Entry ... OK
2014/10/28 09:07:05: Key Entry ... OK
2014/10/28 09:07:05: Complete.
2014/10/28 09:07:05: COM PORT CLOSE ... OK
2014/10/28 09:07:05: 
2014/10/28 09:07:05: ==== Processing was completed ====
2014/10/28 09:07:05: 
*************************************************


*********** Start the Initialize Key Check **********
2014/10/28 09:07:39: Tool Ver: 2013.0605.01
2014/10/28 09:07:39: COM PORT OPEN ... OK
2014/10/28 09:07:39:
2014/10/28 09:07:39: ProductS/N:  VRW06A114201010
2014/10/28 09:07:39: TID: 8604123E72842D80
2014/10/28 09:07:39: F/W Version: 00.00.08
2014/10/28 09:07:39:
2014/10/28 09:07:39: MasterKey Key Entry ... OK
2014/10/28 09:07:39: PowerON Counter Key Entry ... OK
2014/10/28 09:07:40: Key Entry ... OK
2014/10/28 09:07:40: Complete.
2014/10/28 09:07:40: COM PORT CLOSE ... OK
2014/10/28 09:07:40: 
2014/10/28 09:07:40: ==== Processing was completed ====
2014/10/28 09:07:40: 
*************************************************


*********** Start the Initialize Key Check **********
2014/10/28 09:08:24: Tool Ver: 2013.0605.01
2014/10/28 09:08:24: COM PORT OPEN ... OK
2014/10/28 09:08:24:
2014/10/28 09:08:24: ProductS/N:  VRW06A114200942
2014/10/28 09:08:24: TID: 8604212C025B2980
2014/10/28 09:08:24: F/W Version: 00.00.08
2014/10/28 09:08:24:
2014/10/28 09:08:24: MasterKey Key Entry ... OK
2014/10/28 09:08:24: PowerON Counter Key Entry ... OK
2014/10/28 09:08:25: Key Entry ... OK
2014/10/28 09:08:25: Complete.
2014/10/28 09:08:25: COM PORT CLOSE ... OK
2014/10/28 09:08:25: 
2014/10/28 09:08:25: ==== Processing was completed ====
2014/10/28 09:08:25: 
*************************************************


*********** Start the Initialize Key Check **********
2014/10/28 10:32:00: Tool Ver: 2013.0605.01
2014/10/28 10:32:00: COM PORT OPEN ... OK
2014/10/28 10:32:00:
2014/10/28 10:32:00: ProductS/N:  VRW06A114201010
2014/10/28 10:32:00: TID: 8604123E72842D80
2014/10/28 10:32:00: F/W Version: 00.00.08
2014/10/28 10:32:00:
2014/10/28 10:32:00: MasterKey Key Entry ... OK
2014/10/28 10:32:00: PowerON Counter Key Entry ... OK
2014/10/28 10:32:01: Key Entry ... OK
2014/10/28 10:32:01: Complete.
2014/10/28 10:32:01: COM PORT CLOSE ... OK
2014/10/28 10:32:01: 
2014/10/28 10:32:01: ==== Processing was completed ====
2014/10/28 10:32:01: 
*************************************************


*********** Start the Initialize Key Check **********
2014/10/28 10:33:06: Tool Ver: 2013.0605.01
2014/10/28 10:33:06: COM PORT OPEN ... OK
2014/10/28 10:33:06:
2014/10/28 10:33:06: ProductS/N:  VRW06A114200835
2014/10/28 10:33:06: TID: 86040320025B2980
2014/10/28 10:33:06: F/W Version: 00.00.08
2014/10/28 10:33:06:
2014/10/28 10:33:06: MasterKey Key Entry ... OK
2014/10/28 10:33:06: PowerON Counter Key Entry ... OK
2014/10/28 10:33:07: Key Entry ... OK
2014/10/28 10:33:07: Complete.
2014/10/28 10:33:07: COM PORT CLOSE ... OK
2014/10/28 10:33:07: 
2014/10/28 10:33:07: ==== Processing was completed ====
2014/10/28 10:33:07: 
*************************************************


*********** Start the Initialize Key Check **********
2014/10/28 10:37:44: Tool Ver: 2013.0605.01
2014/10/28 10:37:44: COM PORT OPEN ... OK
2014/10/28 10:37:45:
2014/10/28 10:37:45: ProductS/N:  VRW06A113X02295
2014/10/28 10:37:45: TID: 860433236A9F2980
2014/10/28 10:37:45: F/W Version: 00.00.08
2014/10/28 10:37:45:
2014/10/28 10:37:45: MasterKey Key Entry ... OK
2014/10/28 10:37:45: PowerON Counter Key Entry ... OK
2014/10/28 10:37:45: Key Entry ... OK
2014/10/28 10:37:45: Complete.
2014/10/28 10:37:45: COM PORT CLOSE ... OK
2014/10/28 10:37:45: 
2014/10/28 10:37:45: ==== Processing was completed ====
2014/10/28 10:37:45: 
*************************************************


*********** Start the Initialize Key Check **********
2014/10/28 10:38:18: Tool Ver: 2013.0605.01
2014/10/28 10:38:18: COM PORT OPEN ... OK
2014/10/28 10:38:18:
2014/10/28 10:38:18: ProductS/N:  VRW06A113X01627
2014/10/28 10:38:18: TID: 8604352C6A9F2980
2014/10/28 10:38:18: F/W Version: 00.00.08
2014/10/28 10:38:18:
2014/10/28 10:38:18: MasterKey Key Entry ... OK
2014/10/28 10:38:18: PowerON Counter Key Entry ... OK
2014/10/28 10:38:18: Key Entry ... OK
2014/10/28 10:38:18: Complete.
2014/10/28 10:38:18: COM PORT CLOSE ... OK
2014/10/28 10:38:18: 
2014/10/28 10:38:18: ==== Processing was completed ====
2014/10/28 10:38:18: 
*************************************************


*********** Start the Initialize Key Check **********
2014/10/28 10:38:48: Tool Ver: 2013.0605.01
2014/10/28 10:38:48: COM PORT OPEN ... OK
2014/10/28 10:38:48:
2014/10/28 10:38:48: ProductS/N:  VRW06A114200244
2014/10/28 10:38:48: TID: 860412242AE62080
2014/10/28 10:38:48: F/W Version: 00.00.08
2014/10/28 10:38:48:
2014/10/28 10:38:48: MasterKey Key Entry ... OK
2014/10/28 10:38:48: PowerON Counter Key Entry ... OK
2014/10/28 10:38:48: Key Entry ... OK
2014/10/28 10:38:48: Complete.
2014/10/28 10:38:48: COM PORT CLOSE ... OK
2014/10/28 10:38:48: 
2014/10/28 10:38:48: ==== Processing was completed ====
2014/10/28 10:38:48: 
*************************************************


*********** Start the Initialize Key Check **********
2014/10/28 10:39:12: Tool Ver: 2013.0605.01
2014/10/28 10:39:12: COM PORT OPEN ... OK
2014/10/28 10:39:12:
2014/10/28 10:39:12: ProductS/N:  VRW06A114200920
2014/10/28 10:39:12: TID: 8604323E629F2980
2014/10/28 10:39:12: F/W Version: 00.00.08
2014/10/28 10:39:12:
2014/10/28 10:39:12: MasterKey Key Entry ... OK
2014/10/28 10:39:12: PowerON Counter Key Entry ... OK
2014/10/28 10:39:13: Key Entry ... OK
2014/10/28 10:39:13: Complete.
2014/10/28 10:39:13: COM PORT CLOSE ... OK
2014/10/28 10:39:13: 
2014/10/28 10:39:13: ==== Processing was completed ====
2014/10/28 10:39:13: 
*************************************************


*********** Start the Initialize Key Check **********
2014/10/28 11:30:48: Tool Ver: 2013.0605.01
2014/10/28 11:30:48: COM PORT OPEN ... OK
2014/10/28 11:30:48:
2014/10/28 11:30:48: ProductS/N:  VRW06A114201958
2014/10/28 11:30:48: TID: 86043122D2E52080
2014/10/28 11:30:48: F/W Version: 00.00.08
2014/10/28 11:30:48:
2014/10/28 11:30:48: MasterKey Key Entry ... OK
2014/10/28 11:30:48: PowerON Counter Key Entry ... OK
2014/10/28 11:30:48: Key Entry ... OK
2014/10/28 11:30:48: Complete.
2014/10/28 11:30:48: COM PORT CLOSE ... OK
2014/10/28 11:30:48: 
2014/10/28 11:30:48: ==== Processing was completed ====
2014/10/28 11:30:48: 
*************************************************


*********** Start the Initialize Key Check **********
2014/10/28 13:18:34: Tool Ver: 2013.0605.01
2014/10/28 13:18:34: COM PORT OPEN ... OK
2014/10/28 13:18:34:
2014/10/28 13:18:34: ProductS/N:  VRW06A114302982
2014/10/28 13:18:34: TID: 860414193AE62080
2014/10/28 13:18:34: F/W Version: 00.00.08
2014/10/28 13:18:34:
2014/10/28 13:18:35: MasterKey Key Entry ... OK
2014/10/28 13:18:35: PowerON Counter Key Entry ... OK
2014/10/28 13:18:35: Key Entry ... OK
2014/10/28 13:18:35: Complete.
2014/10/28 13:18:35: COM PORT CLOSE ... OK
2014/10/28 13:18:35: 
2014/10/28 13:18:35: ==== Processing was completed ====
2014/10/28 13:18:35: 
*************************************************


*********** Start the Initialize Key Check **********
2014/10/28 13:19:18: Tool Ver: 2013.0605.01
2014/10/28 13:19:18: COM PORT OPEN ... OK
2014/10/28 13:19:18:
2014/10/28 13:19:18: ProductS/N:  VRW06A114302881
2014/10/28 13:19:18: TID: 8604321D3AE62080
2014/10/28 13:19:18: F/W Version: 00.00.08
2014/10/28 13:19:18:
2014/10/28 13:19:18: MasterKey Key Entry ... OK
2014/10/28 13:19:18: PowerON Counter Key Entry ... OK
2014/10/28 13:19:19: Key Entry ... OK
2014/10/28 13:19:19: Complete.
2014/10/28 13:19:19: COM PORT CLOSE ... OK
2014/10/28 13:19:19: 
2014/10/28 13:19:19: ==== Processing was completed ====
2014/10/28 13:19:19: 
*************************************************


*********** Start the Initialize Key Check **********
2014/10/28 13:50:25: Tool Ver: 2013.0605.01
2014/10/28 13:50:25: COM PORT OPEN ... OK
2014/10/28 13:50:25:
2014/10/28 13:50:25: ProductS/N:  VRW06A114300166
2014/10/28 13:50:25: TID: 86042934025B2980
2014/10/28 13:50:25: F/W Version: 00.00.08
2014/10/28 13:50:25:
2014/10/28 13:50:25: MasterKey Key Entry ... OK
2014/10/28 13:50:25: PowerON Counter Key Entry ... OK
2014/10/28 13:50:25: Key Entry ... OK
2014/10/28 13:50:25: Complete.
2014/10/28 13:50:25: COM PORT CLOSE ... OK
2014/10/28 13:50:25: 
2014/10/28 13:50:25: ==== Processing was completed ====
2014/10/28 13:50:25: 
*************************************************


*********** Start the Initialize Key Check **********
2014/10/28 14:01:36: Tool Ver: 2013.0605.01
2014/10/28 14:01:36: COM PORT OPEN ... OK
2014/10/28 14:01:36:
2014/10/28 14:01:36: ProductS/N:  VRW06A113800082
2014/10/28 14:01:36: TID: 8604282F6A9F2980
2014/10/28 14:01:36: F/W Version: 00.00.08
2014/10/28 14:01:36:
2014/10/28 14:01:36: MasterKey Key Entry ... OK
2014/10/28 14:01:36: PowerON Counter Key Entry ... OK
2014/10/28 14:01:37: Key Entry ... OK
2014/10/28 14:01:37: Complete.
2014/10/28 14:01:37: COM PORT CLOSE ... OK
2014/10/28 14:01:37: 
2014/10/28 14:01:37: ==== Processing was completed ====
2014/10/28 14:01:37: 
*************************************************


*********** Start the Initialize Key Check **********
2014/10/28 16:45:51: Tool Ver: 2013.0605.01
2014/10/28 16:45:51: COM PORT OPEN ... OK
2014/10/28 16:45:51:
2014/10/28 16:45:51: ProductS/N:  VRW06A114201024
2014/10/28 16:45:51: TID: 86042727025B2980
2014/10/28 16:45:51: F/W Version: 00.00.08
2014/10/28 16:45:51:
2014/10/28 16:45:51: MasterKey Key Entry ... OK
2014/10/28 16:45:51: PowerON Counter Key Entry ... OK
2014/10/28 16:45:52: Key Entry ... OK
2014/10/28 16:45:52: Complete.
2014/10/28 16:45:52: COM PORT CLOSE ... OK
2014/10/28 16:45:52: 
2014/10/28 16:45:52: ==== Processing was completed ====
2014/10/28 16:45:52: 
*************************************************


*********** Start the Initialize Key Check **********
2014/10/28 16:46:27: Tool Ver: 2013.0605.01
2014/10/28 16:46:27: COM PORT OPEN ... OK
2014/10/28 16:46:27:
2014/10/28 16:46:27: ProductS/N:  VRW06A113800470
2014/10/28 16:46:27: TID: 8604142272842D80
2014/10/28 16:46:27: F/W Version: 00.00.08
2014/10/28 16:46:27:
2014/10/28 16:46:27: MasterKey Key Entry ... OK
2014/10/28 16:46:27: PowerON Counter Key Entry ... OK
2014/10/28 16:46:27: Key Entry ... OK
2014/10/28 16:46:27: Complete.
2014/10/28 16:46:27: COM PORT CLOSE ... OK
2014/10/28 16:46:27: 
2014/10/28 16:46:27: ==== Processing was completed ====
2014/10/28 16:46:27: 
*************************************************


