*********** Start the Initialize Key Check **********
2014/08/28 09:17:05: Tool Ver: 2013.0605.01
2014/08/28 09:17:05: COM PORT OPEN ... OK
2014/08/28 09:17:05:
2014/08/28 09:17:05: ProductS/N:  VRW06A114800503
2014/08/28 09:17:05: TID: 8604184432E62080
2014/08/28 09:17:05: F/W Version: 00.00.08
2014/08/28 09:17:05:
2014/08/28 09:17:05: MasterKey Key Entry ... OK
2014/08/28 09:17:05: PowerON Counter Key Entry ... OK
2014/08/28 09:17:06: Key Entry ... OK
2014/08/28 09:17:06: Complete.
2014/08/28 09:17:06: COM PORT CLOSE ... OK
2014/08/28 09:17:06: 
2014/08/28 09:17:06: ==== Processing was completed ====
2014/08/28 09:17:06: 
*************************************************


*********** Start the Initialize Key Check **********
2014/08/28 09:17:50: Tool Ver: 2013.0605.01
2014/08/28 09:17:50: COM PORT OPEN ... OK
2014/08/28 09:17:50:
2014/08/28 09:17:50: ProductS/N:  VRW06A114800483
2014/08/28 09:17:50: TID: 8604193F32E62080
2014/08/28 09:17:50: F/W Version: 00.00.08
2014/08/28 09:17:50:
2014/08/28 09:17:50: MasterKey Key Entry ... OK
2014/08/28 09:17:50: PowerON Counter Key Entry ... OK
2014/08/28 09:17:50: Key Entry ... OK
2014/08/28 09:17:50: Complete.
2014/08/28 09:17:50: COM PORT CLOSE ... OK
2014/08/28 09:17:50: 
2014/08/28 09:17:50: ==== Processing was completed ====
2014/08/28 09:17:50: 
*************************************************


*********** Start the Initialize Key Check **********
2014/08/28 09:19:19: Tool Ver: 2013.0605.01
2014/08/28 09:19:19: COM PORT OPEN ... OK
2014/08/28 09:19:19:
2014/08/28 09:19:19: ProductS/N:  VRW06A114800501
2014/08/28 09:19:19: TID: 8604241E2AE62080
2014/08/28 09:19:19: F/W Version: 00.00.08
2014/08/28 09:19:19:
2014/08/28 09:19:19: MasterKey Key Entry ... OK
2014/08/28 09:19:19: PowerON Counter Key Entry ... OK
2014/08/28 09:19:20: Key Entry ... OK
2014/08/28 09:19:20: Complete.
2014/08/28 09:19:20: COM PORT CLOSE ... OK
2014/08/28 09:19:20: 
2014/08/28 09:19:20: ==== Processing was completed ====
2014/08/28 09:19:20: 
*************************************************


*********** Start the Initialize Key Check **********
2014/08/28 09:20:16: Tool Ver: 2013.0605.01
2014/08/28 09:20:16: COM PORT OPEN ... OK
2014/08/28 09:20:17:
2014/08/28 09:20:17: ProductS/N:  VRW06A114800524
2014/08/28 09:20:17: TID: 860415072AE62080
2014/08/28 09:20:17: F/W Version: 00.00.08
2014/08/28 09:20:17:
2014/08/28 09:20:17: MasterKey Key Entry ... OK
2014/08/28 09:20:17: PowerON Counter Key Entry ... OK
2014/08/28 09:20:17: Key Entry ... OK
2014/08/28 09:20:17: Complete.
2014/08/28 09:20:17: COM PORT CLOSE ... OK
2014/08/28 09:20:17: 
2014/08/28 09:20:17: ==== Processing was completed ====
2014/08/28 09:20:17: 
*************************************************


*********** Start the Initialize Key Check **********
2014/08/28 09:20:53: Tool Ver: 2013.0605.01
2014/08/28 09:20:53: COM PORT OPEN ... OK
2014/08/28 09:20:53:
2014/08/28 09:20:53: ProductS/N:  VRW06A114800498
2014/08/28 09:20:53: TID: 86042807CAE52080
2014/08/28 09:20:53: F/W Version: 00.00.08
2014/08/28 09:20:53:
2014/08/28 09:20:53: MasterKey Key Entry ... OK
2014/08/28 09:20:53: PowerON Counter Key Entry ... OK
2014/08/28 09:20:54: Key Entry ... OK
2014/08/28 09:20:54: Complete.
2014/08/28 09:20:54: COM PORT CLOSE ... OK
2014/08/28 09:20:54: 
2014/08/28 09:20:54: ==== Processing was completed ====
2014/08/28 09:20:54: 
*************************************************


