*********** Start the Initialize Key Check **********
2014/11/17 09:09:13: Tool Ver: 2013.0605.01
2014/11/17 09:09:13: COM PORT OPEN ... OK
2014/11/17 09:09:13:
2014/11/17 09:09:13: ProductS/N:  VRW06A113X00862
2014/11/17 09:09:13: TID: 860417423AE62080
2014/11/17 09:09:13: F/W Version: 00.00.08
2014/11/17 09:09:13:
2014/11/17 09:09:13: MasterKey Key Entry ... OK
2014/11/17 09:09:13: PowerON Counter Key Entry ... OK
2014/11/17 09:09:14: Key Entry ... OK
2014/11/17 09:09:14: Complete.
2014/11/17 09:09:14: COM PORT CLOSE ... OK
2014/11/17 09:09:14: 
2014/11/17 09:09:14: ==== Processing was completed ====
2014/11/17 09:09:14: 
*************************************************


*********** Start the Initialize Key Check **********
2014/11/17 09:09:29: Tool Ver: 2013.0605.01
2014/11/17 09:09:29: COM PORT OPEN ... OK
2014/11/17 09:09:29:
2014/11/17 09:09:29: ProductS/N:  VRW06A113X00862
2014/11/17 09:09:29: TID: 860417423AE62080
2014/11/17 09:09:29: F/W Version: 00.00.08
2014/11/17 09:09:29:
2014/11/17 09:09:29: MasterKey Key Entry ... OK
2014/11/17 09:09:29: PowerON Counter Key Entry ... OK
2014/11/17 09:09:30: Key Entry ... OK
2014/11/17 09:09:30: Complete.
2014/11/17 09:09:30: COM PORT CLOSE ... OK
2014/11/17 09:09:30: 
2014/11/17 09:09:30: ==== Processing was completed ====
2014/11/17 09:09:30: 
*************************************************


*********** Start the Initialize Key Check **********
2014/11/17 09:10:26: Tool Ver: 2013.0605.01
2014/11/17 09:10:26: COM PORT OPEN ... OK
2014/11/17 09:10:26:
2014/11/17 09:10:26: ProductS/N:  VRW06A114201500
2014/11/17 09:10:27: TID: 86044016629F2980
2014/11/17 09:10:27: F/W Version: 00.00.08
2014/11/17 09:10:27:
2014/11/17 09:10:27: MasterKey Key Entry ... OK
2014/11/17 09:10:27: PowerON Counter Key Entry ... OK
2014/11/17 09:10:27: Key Entry ... OK
2014/11/17 09:10:27: Complete.
2014/11/17 09:10:27: COM PORT CLOSE ... OK
2014/11/17 09:10:27: 
2014/11/17 09:10:27: ==== Processing was completed ====
2014/11/17 09:10:27: 
*************************************************


*********** Start the Initialize Key Check **********
2014/11/17 09:12:19: Tool Ver: 2013.0605.01
2014/11/17 09:12:19: COM PORT OPEN ... OK
2014/11/17 09:12:19:
2014/11/17 09:12:19: ProductS/N:  VRW06A114200083
2014/11/17 09:12:19: TID: 86042F20025B2980
2014/11/17 09:12:19: F/W Version: 00.00.08
2014/11/17 09:12:19:
2014/11/17 09:12:19: MasterKey Key Entry ... OK
2014/11/17 09:12:19: PowerON Counter Key Entry ... OK
2014/11/17 09:12:19: [032] ... ERROR KeyNoCEK[20]
2014/11/17 09:12:19: [033] ... ERROR KeyNoCEK[20]
2014/11/17 09:12:19: [034] ... ERROR KeyNoCEK[20]
2014/11/17 09:12:19: [035] ... ERROR KeyNoCEK[20]
2014/11/17 09:12:19: [036] ... ERROR KeyNoCEK[20]
2014/11/17 09:12:20: [037] ... ERROR KeyNoCEK[20]
2014/11/17 09:12:20: [038] ... ERROR KeyNoCEK[20]
2014/11/17 09:12:20: [039] ... ERROR KeyNoCEK[20]
2014/11/17 09:12:20: [040] ... ERROR KeyNoCEK[20]
2014/11/17 09:12:20: [041] ... ERROR KeyNoCEK[20]
2014/11/17 09:12:20: [042] ... ERROR KeyNoCEK[20]
2014/11/17 09:12:20: [043] ... ERROR KeyNoCEK[20]
2014/11/17 09:12:20: [044] ... ERROR KeyNoCEK[20]
2014/11/17 09:12:20: [045] ... ERROR KeyNoCEK[20]
2014/11/17 09:12:20: [046] ... ERROR KeyNoCEK[20]
2014/11/17 09:12:20: [047] ... ERROR KeyNoCEK[20]
2014/11/17 09:12:20: [048] ... ERROR KeyNoCEK[30]
2014/11/17 09:12:20: [049] ... ERROR KeyNoCEK[30]
2014/11/17 09:12:20: [050] ... ERROR KeyNoCEK[30]
2014/11/17 09:12:20: [051] ... ERROR KeyNoCEK[30]
2014/11/17 09:12:20: [052] ... ERROR KeyNoCEK[30]
2014/11/17 09:12:20: [053] ... ERROR KeyNoCEK[30]
2014/11/17 09:12:20: [054] ... ERROR KeyNoCEK[30]
2014/11/17 09:12:20: [055] ... ERROR KeyNoCEK[30]
2014/11/17 09:12:20: [056] ... ERROR KeyNoCEK[30]
2014/11/17 09:12:20: [057] ... ERROR KeyNoCEK[30]
2014/11/17 09:12:20: [058] ... ERROR KeyNoCEK[30]
2014/11/17 09:12:20: [059] ... ERROR KeyNoCEK[30]
2014/11/17 09:12:20: [060] ... ERROR KeyNoCEK[30]
2014/11/17 09:12:20: [061] ... ERROR KeyNoCEK[30]
2014/11/17 09:12:20: [062] ... ERROR KeyNoCEK[30]
2014/11/17 09:12:20: [063] ... ERROR KeyNoCEK[30]
2014/11/17 09:12:20: [064] ... ERROR KeyNoCEK[40]
2014/11/17 09:12:20: [065] ... ERROR KeyNoCEK[40]
2014/11/17 09:12:20: [066] ... ERROR KeyNoCEK[40]
2014/11/17 09:12:20: [067] ... ERROR KeyNoCEK[40]
2014/11/17 09:12:20: [068] ... ERROR KeyNoCEK[40]
2014/11/17 09:12:20: [069] ... ERROR KeyNoCEK[40]
2014/11/17 09:12:20: [070] ... ERROR KeyNoCEK[40]
2014/11/17 09:12:20: [071] ... ERROR KeyNoCEK[40]
2014/11/17 09:12:20: [072] ... ERROR KeyNoCEK[40]
2014/11/17 09:12:20: [073] ... ERROR KeyNoCEK[40]
2014/11/17 09:12:20: [074] ... ERROR KeyNoCEK[40]
2014/11/17 09:12:20: [075] ... ERROR KeyNoCEK[40]
2014/11/17 09:12:20: [076] ... ERROR KeyNoCEK[40]
2014/11/17 09:12:20: [077] ... ERROR KeyNoCEK[40]
2014/11/17 09:12:20: [078] ... ERROR KeyNoCEK[40]
2014/11/17 09:12:20: [079] ... ERROR KeyNoCEK[40]
2014/11/17 09:12:20: [080] ... ERROR KeyNoCEK[50]
2014/11/17 09:12:20: [081] ... ERROR KeyNoCEK[50]
2014/11/17 09:12:20: [082] ... ERROR KeyNoCEK[50]
2014/11/17 09:12:20: [083] ... ERROR KeyNoCEK[50]
2014/11/17 09:12:20: [084] ... ERROR KeyNoCEK[50]
2014/11/17 09:12:20: [085] ... ERROR KeyNoCEK[50]
2014/11/17 09:12:20: [086] ... ERROR KeyNoCEK[50]
2014/11/17 09:12:20: [087] ... ERROR KeyNoCEK[50]
2014/11/17 09:12:20: [088] ... ERROR KeyNoCEK[58]
2014/11/17 09:12:20: [089] ... ERROR KeyNoCEK[58]
2014/11/17 09:12:20: [090] ... ERROR KeyNoCEK[58]
2014/11/17 09:12:20: [091] ... ERROR KeyNoCEK[58]
2014/11/17 09:12:20: [092] ... ERROR KeyNoCEK[58]
2014/11/17 09:12:20: [093] ... ERROR KeyNoCEK[58]
2014/11/17 09:12:20: [094] ... ERROR KeyNoCEK[58]
2014/11/17 09:12:20: [095] ... ERROR KeyNoCEK[58]
2014/11/17 09:12:20: [096] ... ERROR KeyNoCEK[60]
2014/11/17 09:12:20: [097] ... ERROR KeyNoCEK[60]
2014/11/17 09:12:20: [098] ... ERROR KeyNoCEK[60]
2014/11/17 09:12:20: [099] ... ERROR KeyNoCEK[60]
2014/11/17 09:12:20: [100] ... ERROR KeyNoCEK[60]
2014/11/17 09:12:20: [101] ... ERROR KeyNoCEK[60]
2014/11/17 09:12:20: [102] ... ERROR KeyNoCEK[60]
2014/11/17 09:12:20: [103] ... ERROR KeyNoCEK[60]
2014/11/17 09:12:20: [104] ... ERROR KeyNoCEK[68]
2014/11/17 09:12:20: [105] ... ERROR KeyNoCEK[68]
2014/11/17 09:12:20: [106] ... ERROR KeyNoCEK[68]
2014/11/17 09:12:20: [107] ... ERROR KeyNoCEK[68]
2014/11/17 09:12:20: [108] ... ERROR KeyNoCEK[68]
2014/11/17 09:12:20: [109] ... ERROR KeyNoCEK[68]
2014/11/17 09:12:20: [110] ... ERROR KeyNoCEK[68]
2014/11/17 09:12:20: [111] ... ERROR KeyNoCEK[68]
2014/11/17 09:12:20: [112] ... ERROR KeyNoCEK[70]
2014/11/17 09:12:20: [113] ... ERROR KeyNoCEK[70]
2014/11/17 09:12:20: [114] ... ERROR KeyNoCEK[70]
2014/11/17 09:12:20: [115] ... ERROR KeyNoCEK[70]
2014/11/17 09:12:20: [116] ... ERROR KeyNoCEK[70]
2014/11/17 09:12:20: [117] ... ERROR KeyNoCEK[70]
2014/11/17 09:12:20: [118] ... ERROR KeyNoCEK[70]
2014/11/17 09:12:20: [119] ... ERROR KeyNoCEK[70]
2014/11/17 09:12:20: [120] ... ERROR KeyNoCEK[78]
2014/11/17 09:12:20: [121] ... ERROR KeyNoCEK[78]
2014/11/17 09:12:20: [122] ... ERROR KeyNoCEK[78]
2014/11/17 09:12:20: [123] ... ERROR KeyNoCEK[78]
2014/11/17 09:12:20: [124] ... ERROR KeyNoCEK[78]
2014/11/17 09:12:20: [125] ... ERROR KeyNoCEK[78]
2014/11/17 09:12:20: [126] ... ERROR KeyNoCEK[78]
2014/11/17 09:12:20: [127] ... ERROR KeyNoCEK[78]
2014/11/17 09:12:20: COM PORT CLOSE ... OK
2014/11/17 09:12:20: 
2014/11/17 09:12:20: ######## Error has occurred ########
2014/11/17 09:12:20: 
*************************************************


*********** Start the Initialize Key Check **********
2014/11/17 09:14:58: Tool Ver: 2013.0605.01
2014/11/17 09:14:58: COM PORT OPEN ... OK
2014/11/17 09:14:58:
2014/11/17 09:14:58: ProductS/N:  VRW06A114200083
2014/11/17 09:14:58: TID: 86042F20025B2980
2014/11/17 09:14:58: F/W Version: 00.00.08
2014/11/17 09:14:58:
2014/11/17 09:14:58: MasterKey Key Entry ... OK
2014/11/17 09:14:58: PowerON Counter Key Entry ... OK
2014/11/17 09:14:59: [032] ... ERROR KeyNoCEK[20]
2014/11/17 09:14:59: [033] ... ERROR KeyNoCEK[20]
2014/11/17 09:14:59: [034] ... ERROR KeyNoCEK[20]
2014/11/17 09:14:59: [035] ... ERROR KeyNoCEK[20]
2014/11/17 09:14:59: [036] ... ERROR KeyNoCEK[20]
2014/11/17 09:14:59: [037] ... ERROR KeyNoCEK[20]
2014/11/17 09:14:59: [038] ... ERROR KeyNoCEK[20]
2014/11/17 09:14:59: [039] ... ERROR KeyNoCEK[20]
2014/11/17 09:14:59: [040] ... ERROR KeyNoCEK[20]
2014/11/17 09:14:59: [041] ... ERROR KeyNoCEK[20]
2014/11/17 09:14:59: [042] ... ERROR KeyNoCEK[20]
2014/11/17 09:14:59: [043] ... ERROR KeyNoCEK[20]
2014/11/17 09:14:59: [044] ... ERROR KeyNoCEK[20]
2014/11/17 09:14:59: [045] ... ERROR KeyNoCEK[20]
2014/11/17 09:14:59: [046] ... ERROR KeyNoCEK[20]
2014/11/17 09:14:59: [047] ... ERROR KeyNoCEK[20]
2014/11/17 09:14:59: [048] ... ERROR KeyNoCEK[30]
2014/11/17 09:14:59: [049] ... ERROR KeyNoCEK[30]
2014/11/17 09:14:59: [050] ... ERROR KeyNoCEK[30]
2014/11/17 09:14:59: [051] ... ERROR KeyNoCEK[30]
2014/11/17 09:14:59: [052] ... ERROR KeyNoCEK[30]
2014/11/17 09:14:59: [053] ... ERROR KeyNoCEK[30]
2014/11/17 09:14:59: [054] ... ERROR KeyNoCEK[30]
2014/11/17 09:14:59: [055] ... ERROR KeyNoCEK[30]
2014/11/17 09:14:59: [056] ... ERROR KeyNoCEK[30]
2014/11/17 09:14:59: [057] ... ERROR KeyNoCEK[30]
2014/11/17 09:14:59: [058] ... ERROR KeyNoCEK[30]
2014/11/17 09:14:59: [059] ... ERROR KeyNoCEK[30]
2014/11/17 09:14:59: [060] ... ERROR KeyNoCEK[30]
2014/11/17 09:14:59: [061] ... ERROR KeyNoCEK[30]
2014/11/17 09:14:59: [062] ... ERROR KeyNoCEK[30]
2014/11/17 09:14:59: [063] ... ERROR KeyNoCEK[30]
2014/11/17 09:14:59: [064] ... ERROR KeyNoCEK[40]
2014/11/17 09:14:59: [065] ... ERROR KeyNoCEK[40]
2014/11/17 09:14:59: [066] ... ERROR KeyNoCEK[40]
2014/11/17 09:14:59: [067] ... ERROR KeyNoCEK[40]
2014/11/17 09:14:59: [068] ... ERROR KeyNoCEK[40]
2014/11/17 09:14:59: [069] ... ERROR KeyNoCEK[40]
2014/11/17 09:14:59: [070] ... ERROR KeyNoCEK[40]
2014/11/17 09:14:59: [071] ... ERROR KeyNoCEK[40]
2014/11/17 09:14:59: [072] ... ERROR KeyNoCEK[40]
2014/11/17 09:14:59: [073] ... ERROR KeyNoCEK[40]
2014/11/17 09:14:59: [074] ... ERROR KeyNoCEK[40]
2014/11/17 09:14:59: [075] ... ERROR KeyNoCEK[40]
2014/11/17 09:14:59: [076] ... ERROR KeyNoCEK[40]
2014/11/17 09:14:59: [077] ... ERROR KeyNoCEK[40]
2014/11/17 09:14:59: [078] ... ERROR KeyNoCEK[40]
2014/11/17 09:14:59: [079] ... ERROR KeyNoCEK[40]
2014/11/17 09:14:59: [080] ... ERROR KeyNoCEK[50]
2014/11/17 09:14:59: [081] ... ERROR KeyNoCEK[50]
2014/11/17 09:14:59: [082] ... ERROR KeyNoCEK[50]
2014/11/17 09:14:59: [083] ... ERROR KeyNoCEK[50]
2014/11/17 09:14:59: [084] ... ERROR KeyNoCEK[50]
2014/11/17 09:14:59: [085] ... ERROR KeyNoCEK[50]
2014/11/17 09:14:59: [086] ... ERROR KeyNoCEK[50]
2014/11/17 09:14:59: [087] ... ERROR KeyNoCEK[50]
2014/11/17 09:14:59: [088] ... ERROR KeyNoCEK[58]
2014/11/17 09:14:59: [089] ... ERROR KeyNoCEK[58]
2014/11/17 09:14:59: [090] ... ERROR KeyNoCEK[58]
2014/11/17 09:14:59: [091] ... ERROR KeyNoCEK[58]
2014/11/17 09:14:59: [092] ... ERROR KeyNoCEK[58]
2014/11/17 09:14:59: [093] ... ERROR KeyNoCEK[58]
2014/11/17 09:14:59: [094] ... ERROR KeyNoCEK[58]
2014/11/17 09:14:59: [095] ... ERROR KeyNoCEK[58]
2014/11/17 09:14:59: [096] ... ERROR KeyNoCEK[60]
2014/11/17 09:14:59: [097] ... ERROR KeyNoCEK[60]
2014/11/17 09:14:59: [098] ... ERROR KeyNoCEK[60]
2014/11/17 09:14:59: [099] ... ERROR KeyNoCEK[60]
2014/11/17 09:14:59: [100] ... ERROR KeyNoCEK[60]
2014/11/17 09:14:59: [101] ... ERROR KeyNoCEK[60]
2014/11/17 09:14:59: [102] ... ERROR KeyNoCEK[60]
2014/11/17 09:14:59: [103] ... ERROR KeyNoCEK[60]
2014/11/17 09:14:59: [104] ... ERROR KeyNoCEK[68]
2014/11/17 09:14:59: [105] ... ERROR KeyNoCEK[68]
2014/11/17 09:14:59: [106] ... ERROR KeyNoCEK[68]
2014/11/17 09:14:59: [107] ... ERROR KeyNoCEK[68]
2014/11/17 09:14:59: [108] ... ERROR KeyNoCEK[68]
2014/11/17 09:14:59: [109] ... ERROR KeyNoCEK[68]
2014/11/17 09:14:59: [110] ... ERROR KeyNoCEK[68]
2014/11/17 09:14:59: [111] ... ERROR KeyNoCEK[68]
2014/11/17 09:14:59: [112] ... ERROR KeyNoCEK[70]
2014/11/17 09:14:59: [113] ... ERROR KeyNoCEK[70]
2014/11/17 09:14:59: [114] ... ERROR KeyNoCEK[70]
2014/11/17 09:14:59: [115] ... ERROR KeyNoCEK[70]
2014/11/17 09:14:59: [116] ... ERROR KeyNoCEK[70]
2014/11/17 09:14:59: [117] ... ERROR KeyNoCEK[70]
2014/11/17 09:14:59: [118] ... ERROR KeyNoCEK[70]
2014/11/17 09:14:59: [119] ... ERROR KeyNoCEK[70]
2014/11/17 09:14:59: [120] ... ERROR KeyNoCEK[78]
2014/11/17 09:14:59: [121] ... ERROR KeyNoCEK[78]
2014/11/17 09:14:59: [122] ... ERROR KeyNoCEK[78]
2014/11/17 09:14:59: [123] ... ERROR KeyNoCEK[78]
2014/11/17 09:14:59: [124] ... ERROR KeyNoCEK[78]
2014/11/17 09:14:59: [125] ... ERROR KeyNoCEK[78]
2014/11/17 09:14:59: [126] ... ERROR KeyNoCEK[78]
2014/11/17 09:14:59: [127] ... ERROR KeyNoCEK[78]
2014/11/17 09:14:59: COM PORT CLOSE ... OK
2014/11/17 09:14:59: 
2014/11/17 09:14:59: ######## Error has occurred ########
2014/11/17 09:14:59: 
*************************************************


*********** Start the Initialize Key Check **********
2014/11/17 09:43:55: Tool Ver: 2013.0605.01
2014/11/17 09:43:55: COM PORT OPEN ... OK
2014/11/17 09:43:55:
2014/11/17 09:43:55: ProductS/N:  VRW06A114201500
2014/11/17 09:43:55: TID: 86044016629F2980
2014/11/17 09:43:55: F/W Version: 00.00.08
2014/11/17 09:43:55:
2014/11/17 09:43:55: MasterKey Key Entry ... OK
2014/11/17 09:43:55: PowerON Counter Key Entry ... OK
2014/11/17 09:43:56: Key Entry ... OK
2014/11/17 09:43:56: Complete.
2014/11/17 09:43:56: COM PORT CLOSE ... OK
2014/11/17 09:43:56: 
2014/11/17 09:43:56: ==== Processing was completed ====
2014/11/17 09:43:56: 
*************************************************


*********** Start the Initialize Key Check **********
2014/11/17 09:45:01: Tool Ver: 2013.0605.01
2014/11/17 09:45:01: COM PORT OPEN ... OK
2014/11/17 09:45:01:
2014/11/17 09:45:01: ProductS/N:  VRW06A113X00862
2014/11/17 09:45:02: TID: 860417423AE62080
2014/11/17 09:45:02: F/W Version: 00.00.08
2014/11/17 09:45:02:
2014/11/17 09:45:02: MasterKey Key Entry ... OK
2014/11/17 09:45:02: PowerON Counter Key Entry ... OK
2014/11/17 09:45:02: Key Entry ... OK
2014/11/17 09:45:02: Complete.
2014/11/17 09:45:02: COM PORT CLOSE ... OK
2014/11/17 09:45:02: 
2014/11/17 09:45:02: ==== Processing was completed ====
2014/11/17 09:45:02: 
*************************************************


*********** Start the Initialize Key Check **********
2014/11/17 10:25:29: Tool Ver: 2013.0605.01
2014/11/17 10:25:29: COM PORT OPEN ... OK
2014/11/17 10:25:29:
2014/11/17 10:25:29: ProductS/N:  VRW06A114200083
2014/11/17 10:25:29: TID: 8604333272842D80
2014/11/17 10:25:29: F/W Version: 00.00.08
2014/11/17 10:25:29:
2014/11/17 10:25:29: MasterKey Key Entry ... OK
2014/11/17 10:25:29: PowerON Counter Key Entry ... OK
2014/11/17 10:25:29: [032] ... ERROR KeyNoCEK[20]
2014/11/17 10:25:29: [033] ... ERROR KeyNoCEK[20]
2014/11/17 10:25:29: [034] ... ERROR KeyNoCEK[20]
2014/11/17 10:25:29: [035] ... ERROR KeyNoCEK[20]
2014/11/17 10:25:29: [036] ... ERROR KeyNoCEK[20]
2014/11/17 10:25:29: [037] ... ERROR KeyNoCEK[20]
2014/11/17 10:25:29: [038] ... ERROR KeyNoCEK[20]
2014/11/17 10:25:29: [039] ... ERROR KeyNoCEK[20]
2014/11/17 10:25:29: [040] ... ERROR KeyNoCEK[20]
2014/11/17 10:25:29: [041] ... ERROR KeyNoCEK[20]
2014/11/17 10:25:29: [042] ... ERROR KeyNoCEK[20]
2014/11/17 10:25:29: [043] ... ERROR KeyNoCEK[20]
2014/11/17 10:25:29: [044] ... ERROR KeyNoCEK[20]
2014/11/17 10:25:29: [045] ... ERROR KeyNoCEK[20]
2014/11/17 10:25:29: [046] ... ERROR KeyNoCEK[20]
2014/11/17 10:25:29: [047] ... ERROR KeyNoCEK[20]
2014/11/17 10:25:29: [048] ... ERROR KeyNoCEK[30]
2014/11/17 10:25:29: [049] ... ERROR KeyNoCEK[30]
2014/11/17 10:25:29: [050] ... ERROR KeyNoCEK[30]
2014/11/17 10:25:29: [051] ... ERROR KeyNoCEK[30]
2014/11/17 10:25:29: [052] ... ERROR KeyNoCEK[30]
2014/11/17 10:25:29: [053] ... ERROR KeyNoCEK[30]
2014/11/17 10:25:29: [054] ... ERROR KeyNoCEK[30]
2014/11/17 10:25:29: [055] ... ERROR KeyNoCEK[30]
2014/11/17 10:25:29: [056] ... ERROR KeyNoCEK[30]
2014/11/17 10:25:29: [057] ... ERROR KeyNoCEK[30]
2014/11/17 10:25:29: [058] ... ERROR KeyNoCEK[30]
2014/11/17 10:25:29: [059] ... ERROR KeyNoCEK[30]
2014/11/17 10:25:29: [060] ... ERROR KeyNoCEK[30]
2014/11/17 10:25:29: [061] ... ERROR KeyNoCEK[30]
2014/11/17 10:25:29: [062] ... ERROR KeyNoCEK[30]
2014/11/17 10:25:29: [063] ... ERROR KeyNoCEK[30]
2014/11/17 10:25:29: [064] ... ERROR KeyNoCEK[40]
2014/11/17 10:25:29: [065] ... ERROR KeyNoCEK[40]
2014/11/17 10:25:29: [066] ... ERROR KeyNoCEK[40]
2014/11/17 10:25:29: [067] ... ERROR KeyNoCEK[40]
2014/11/17 10:25:29: [068] ... ERROR KeyNoCEK[40]
2014/11/17 10:25:29: [069] ... ERROR KeyNoCEK[40]
2014/11/17 10:25:29: [070] ... ERROR KeyNoCEK[40]
2014/11/17 10:25:29: [071] ... ERROR KeyNoCEK[40]
2014/11/17 10:25:29: [072] ... ERROR KeyNoCEK[40]
2014/11/17 10:25:29: [073] ... ERROR KeyNoCEK[40]
2014/11/17 10:25:29: [074] ... ERROR KeyNoCEK[40]
2014/11/17 10:25:29: [075] ... ERROR KeyNoCEK[40]
2014/11/17 10:25:29: [076] ... ERROR KeyNoCEK[40]
2014/11/17 10:25:29: [077] ... ERROR KeyNoCEK[40]
2014/11/17 10:25:29: [078] ... ERROR KeyNoCEK[40]
2014/11/17 10:25:29: [079] ... ERROR KeyNoCEK[40]
2014/11/17 10:25:29: [080] ... ERROR KeyNoCEK[50]
2014/11/17 10:25:29: [081] ... ERROR KeyNoCEK[50]
2014/11/17 10:25:29: [082] ... ERROR KeyNoCEK[50]
2014/11/17 10:25:29: [083] ... ERROR KeyNoCEK[50]
2014/11/17 10:25:29: [084] ... ERROR KeyNoCEK[50]
2014/11/17 10:25:29: [085] ... ERROR KeyNoCEK[50]
2014/11/17 10:25:29: [086] ... ERROR KeyNoCEK[50]
2014/11/17 10:25:29: [087] ... ERROR KeyNoCEK[50]
2014/11/17 10:25:29: [088] ... ERROR KeyNoCEK[58]
2014/11/17 10:25:29: [089] ... ERROR KeyNoCEK[58]
2014/11/17 10:25:29: [090] ... ERROR KeyNoCEK[58]
2014/11/17 10:25:29: [091] ... ERROR KeyNoCEK[58]
2014/11/17 10:25:29: [092] ... ERROR KeyNoCEK[58]
2014/11/17 10:25:29: [093] ... ERROR KeyNoCEK[58]
2014/11/17 10:25:29: [094] ... ERROR KeyNoCEK[58]
2014/11/17 10:25:29: [095] ... ERROR KeyNoCEK[58]
2014/11/17 10:25:29: [096] ... ERROR KeyNoCEK[60]
2014/11/17 10:25:29: [097] ... ERROR KeyNoCEK[60]
2014/11/17 10:25:29: [098] ... ERROR KeyNoCEK[60]
2014/11/17 10:25:29: [099] ... ERROR KeyNoCEK[60]
2014/11/17 10:25:29: [100] ... ERROR KeyNoCEK[60]
2014/11/17 10:25:29: [101] ... ERROR KeyNoCEK[60]
2014/11/17 10:25:29: [102] ... ERROR KeyNoCEK[60]
2014/11/17 10:25:29: [103] ... ERROR KeyNoCEK[60]
2014/11/17 10:25:29: [104] ... ERROR KeyNoCEK[68]
2014/11/17 10:25:29: [105] ... ERROR KeyNoCEK[68]
2014/11/17 10:25:29: [106] ... ERROR KeyNoCEK[68]
2014/11/17 10:25:29: [107] ... ERROR KeyNoCEK[68]
2014/11/17 10:25:30: [108] ... ERROR KeyNoCEK[68]
2014/11/17 10:25:30: [109] ... ERROR KeyNoCEK[68]
2014/11/17 10:25:30: [110] ... ERROR KeyNoCEK[68]
2014/11/17 10:25:30: [111] ... ERROR KeyNoCEK[68]
2014/11/17 10:25:30: [112] ... ERROR KeyNoCEK[70]
2014/11/17 10:25:30: [113] ... ERROR KeyNoCEK[70]
2014/11/17 10:25:30: [114] ... ERROR KeyNoCEK[70]
2014/11/17 10:25:30: [115] ... ERROR KeyNoCEK[70]
2014/11/17 10:25:30: [116] ... ERROR KeyNoCEK[70]
2014/11/17 10:25:30: [117] ... ERROR KeyNoCEK[70]
2014/11/17 10:25:30: [118] ... ERROR KeyNoCEK[70]
2014/11/17 10:25:30: [119] ... ERROR KeyNoCEK[70]
2014/11/17 10:25:30: [120] ... ERROR KeyNoCEK[78]
2014/11/17 10:25:30: [121] ... ERROR KeyNoCEK[78]
2014/11/17 10:25:30: [122] ... ERROR KeyNoCEK[78]
2014/11/17 10:25:30: [123] ... ERROR KeyNoCEK[78]
2014/11/17 10:25:30: [124] ... ERROR KeyNoCEK[78]
2014/11/17 10:25:30: [125] ... ERROR KeyNoCEK[78]
2014/11/17 10:25:30: [126] ... ERROR KeyNoCEK[78]
2014/11/17 10:25:30: [127] ... ERROR KeyNoCEK[78]
2014/11/17 10:25:30: COM PORT CLOSE ... OK
2014/11/17 10:25:30: 
2014/11/17 10:25:30: ######## Error has occurred ########
2014/11/17 10:25:30: 
*************************************************


*********** Start the Initialize Key Check **********
2014/11/17 10:27:51: Tool Ver: 2013.0605.01
2014/11/17 10:27:51: COM PORT OPEN ... OK
2014/11/17 10:27:51:
2014/11/17 10:27:51: ProductS/N:  VRW06A114200083
2014/11/17 10:27:51: TID: 8604333272842D80
2014/11/17 10:27:51: F/W Version: 00.00.08
2014/11/17 10:27:51:
2014/11/17 10:27:51: MasterKey Key Entry ... OK
2014/11/17 10:27:51: PowerON Counter Key Entry ... OK
2014/11/17 10:27:51: [032] ... ERROR KeyNoCEK[20]
2014/11/17 10:27:51: [033] ... ERROR KeyNoCEK[20]
2014/11/17 10:27:51: [034] ... ERROR KeyNoCEK[20]
2014/11/17 10:27:51: [035] ... ERROR KeyNoCEK[20]
2014/11/17 10:27:51: [036] ... ERROR KeyNoCEK[20]
2014/11/17 10:27:51: [037] ... ERROR KeyNoCEK[20]
2014/11/17 10:27:51: [038] ... ERROR KeyNoCEK[20]
2014/11/17 10:27:51: [039] ... ERROR KeyNoCEK[20]
2014/11/17 10:27:51: [040] ... ERROR KeyNoCEK[20]
2014/11/17 10:27:51: [041] ... ERROR KeyNoCEK[20]
2014/11/17 10:27:51: [042] ... ERROR KeyNoCEK[20]
2014/11/17 10:27:51: [043] ... ERROR KeyNoCEK[20]
2014/11/17 10:27:51: [044] ... ERROR KeyNoCEK[20]
2014/11/17 10:27:51: [045] ... ERROR KeyNoCEK[20]
2014/11/17 10:27:51: [046] ... ERROR KeyNoCEK[20]
2014/11/17 10:27:51: [047] ... ERROR KeyNoCEK[20]
2014/11/17 10:27:51: [048] ... ERROR KeyNoCEK[30]
2014/11/17 10:27:51: [049] ... ERROR KeyNoCEK[30]
2014/11/17 10:27:51: [050] ... ERROR KeyNoCEK[30]
2014/11/17 10:27:51: [051] ... ERROR KeyNoCEK[30]
2014/11/17 10:27:51: [052] ... ERROR KeyNoCEK[30]
2014/11/17 10:27:51: [053] ... ERROR KeyNoCEK[30]
2014/11/17 10:27:51: [054] ... ERROR KeyNoCEK[30]
2014/11/17 10:27:51: [055] ... ERROR KeyNoCEK[30]
2014/11/17 10:27:51: [056] ... ERROR KeyNoCEK[30]
2014/11/17 10:27:51: [057] ... ERROR KeyNoCEK[30]
2014/11/17 10:27:51: [058] ... ERROR KeyNoCEK[30]
2014/11/17 10:27:51: [059] ... ERROR KeyNoCEK[30]
2014/11/17 10:27:51: [060] ... ERROR KeyNoCEK[30]
2014/11/17 10:27:51: [061] ... ERROR KeyNoCEK[30]
2014/11/17 10:27:51: [062] ... ERROR KeyNoCEK[30]
2014/11/17 10:27:51: [063] ... ERROR KeyNoCEK[30]
2014/11/17 10:27:51: [064] ... ERROR KeyNoCEK[40]
2014/11/17 10:27:51: [065] ... ERROR KeyNoCEK[40]
2014/11/17 10:27:51: [066] ... ERROR KeyNoCEK[40]
2014/11/17 10:27:51: [067] ... ERROR KeyNoCEK[40]
2014/11/17 10:27:51: [068] ... ERROR KeyNoCEK[40]
2014/11/17 10:27:51: [069] ... ERROR KeyNoCEK[40]
2014/11/17 10:27:51: [070] ... ERROR KeyNoCEK[40]
2014/11/17 10:27:51: [071] ... ERROR KeyNoCEK[40]
2014/11/17 10:27:51: [072] ... ERROR KeyNoCEK[40]
2014/11/17 10:27:51: [073] ... ERROR KeyNoCEK[40]
2014/11/17 10:27:51: [074] ... ERROR KeyNoCEK[40]
2014/11/17 10:27:51: [075] ... ERROR KeyNoCEK[40]
2014/11/17 10:27:51: [076] ... ERROR KeyNoCEK[40]
2014/11/17 10:27:51: [077] ... ERROR KeyNoCEK[40]
2014/11/17 10:27:51: [078] ... ERROR KeyNoCEK[40]
2014/11/17 10:27:51: [079] ... ERROR KeyNoCEK[40]
2014/11/17 10:27:51: [080] ... ERROR KeyNoCEK[50]
2014/11/17 10:27:51: [081] ... ERROR KeyNoCEK[50]
2014/11/17 10:27:51: [082] ... ERROR KeyNoCEK[50]
2014/11/17 10:27:51: [083] ... ERROR KeyNoCEK[50]
2014/11/17 10:27:51: [084] ... ERROR KeyNoCEK[50]
2014/11/17 10:27:51: [085] ... ERROR KeyNoCEK[50]
2014/11/17 10:27:51: [086] ... ERROR KeyNoCEK[50]
2014/11/17 10:27:51: [087] ... ERROR KeyNoCEK[50]
2014/11/17 10:27:51: [088] ... ERROR KeyNoCEK[58]
2014/11/17 10:27:51: [089] ... ERROR KeyNoCEK[58]
2014/11/17 10:27:51: [090] ... ERROR KeyNoCEK[58]
2014/11/17 10:27:51: [091] ... ERROR KeyNoCEK[58]
2014/11/17 10:27:51: [092] ... ERROR KeyNoCEK[58]
2014/11/17 10:27:51: [093] ... ERROR KeyNoCEK[58]
2014/11/17 10:27:51: [094] ... ERROR KeyNoCEK[58]
2014/11/17 10:27:51: [095] ... ERROR KeyNoCEK[58]
2014/11/17 10:27:51: [096] ... ERROR KeyNoCEK[60]
2014/11/17 10:27:51: [097] ... ERROR KeyNoCEK[60]
2014/11/17 10:27:51: [098] ... ERROR KeyNoCEK[60]
2014/11/17 10:27:51: [099] ... ERROR KeyNoCEK[60]
2014/11/17 10:27:51: [100] ... ERROR KeyNoCEK[60]
2014/11/17 10:27:51: [101] ... ERROR KeyNoCEK[60]
2014/11/17 10:27:51: [102] ... ERROR KeyNoCEK[60]
2014/11/17 10:27:51: [103] ... ERROR KeyNoCEK[60]
2014/11/17 10:27:51: [104] ... ERROR KeyNoCEK[68]
2014/11/17 10:27:51: [105] ... ERROR KeyNoCEK[68]
2014/11/17 10:27:51: [106] ... ERROR KeyNoCEK[68]
2014/11/17 10:27:51: [107] ... ERROR KeyNoCEK[68]
2014/11/17 10:27:51: [108] ... ERROR KeyNoCEK[68]
2014/11/17 10:27:51: [109] ... ERROR KeyNoCEK[68]
2014/11/17 10:27:51: [110] ... ERROR KeyNoCEK[68]
2014/11/17 10:27:51: [111] ... ERROR KeyNoCEK[68]
2014/11/17 10:27:51: [112] ... ERROR KeyNoCEK[70]
2014/11/17 10:27:51: [113] ... ERROR KeyNoCEK[70]
2014/11/17 10:27:51: [114] ... ERROR KeyNoCEK[70]
2014/11/17 10:27:51: [115] ... ERROR KeyNoCEK[70]
2014/11/17 10:27:51: [116] ... ERROR KeyNoCEK[70]
2014/11/17 10:27:51: [117] ... ERROR KeyNoCEK[70]
2014/11/17 10:27:51: [118] ... ERROR KeyNoCEK[70]
2014/11/17 10:27:51: [119] ... ERROR KeyNoCEK[70]
2014/11/17 10:27:51: [120] ... ERROR KeyNoCEK[78]
2014/11/17 10:27:51: [121] ... ERROR KeyNoCEK[78]
2014/11/17 10:27:51: [122] ... ERROR KeyNoCEK[78]
2014/11/17 10:27:51: [123] ... ERROR KeyNoCEK[78]
2014/11/17 10:27:51: [124] ... ERROR KeyNoCEK[78]
2014/11/17 10:27:51: [125] ... ERROR KeyNoCEK[78]
2014/11/17 10:27:51: [126] ... ERROR KeyNoCEK[78]
2014/11/17 10:27:51: [127] ... ERROR KeyNoCEK[78]
2014/11/17 10:27:51: COM PORT CLOSE ... OK
2014/11/17 10:27:51: 
2014/11/17 10:27:51: ######## Error has occurred ########
2014/11/17 10:27:51: 
*************************************************


*********** Start the Initialize Key Check **********
2014/11/17 10:27:54: Tool Ver: 2013.0605.01
2014/11/17 10:27:54: COM PORT OPEN ... OK
2014/11/17 10:27:54:
2014/11/17 10:27:54: ProductS/N:  VRW06A114200083
2014/11/17 10:27:54: TID: 8604333272842D80
2014/11/17 10:27:54: F/W Version: 00.00.08
2014/11/17 10:27:54:
2014/11/17 10:27:54: MasterKey Key Entry ... OK
2014/11/17 10:27:54: PowerON Counter Key Entry ... OK
2014/11/17 10:27:54: [032] ... ERROR KeyNoCEK[20]
2014/11/17 10:27:54: [033] ... ERROR KeyNoCEK[20]
2014/11/17 10:27:54: [034] ... ERROR KeyNoCEK[20]
2014/11/17 10:27:54: [035] ... ERROR KeyNoCEK[20]
2014/11/17 10:27:54: [036] ... ERROR KeyNoCEK[20]
2014/11/17 10:27:54: [037] ... ERROR KeyNoCEK[20]
2014/11/17 10:27:54: [038] ... ERROR KeyNoCEK[20]
2014/11/17 10:27:54: [039] ... ERROR KeyNoCEK[20]
2014/11/17 10:27:54: [040] ... ERROR KeyNoCEK[20]
2014/11/17 10:27:54: [041] ... ERROR KeyNoCEK[20]
2014/11/17 10:27:54: [042] ... ERROR KeyNoCEK[20]
2014/11/17 10:27:54: [043] ... ERROR KeyNoCEK[20]
2014/11/17 10:27:54: [044] ... ERROR KeyNoCEK[20]
2014/11/17 10:27:54: [045] ... ERROR KeyNoCEK[20]
2014/11/17 10:27:54: [046] ... ERROR KeyNoCEK[20]
2014/11/17 10:27:54: [047] ... ERROR KeyNoCEK[20]
2014/11/17 10:27:54: [048] ... ERROR KeyNoCEK[30]
2014/11/17 10:27:54: [049] ... ERROR KeyNoCEK[30]
2014/11/17 10:27:54: [050] ... ERROR KeyNoCEK[30]
2014/11/17 10:27:54: [051] ... ERROR KeyNoCEK[30]
2014/11/17 10:27:54: [052] ... ERROR KeyNoCEK[30]
2014/11/17 10:27:54: [053] ... ERROR KeyNoCEK[30]
2014/11/17 10:27:54: [054] ... ERROR KeyNoCEK[30]
2014/11/17 10:27:54: [055] ... ERROR KeyNoCEK[30]
2014/11/17 10:27:54: [056] ... ERROR KeyNoCEK[30]
2014/11/17 10:27:54: [057] ... ERROR KeyNoCEK[30]
2014/11/17 10:27:55: [058] ... ERROR KeyNoCEK[30]
2014/11/17 10:27:55: [059] ... ERROR KeyNoCEK[30]
2014/11/17 10:27:55: [060] ... ERROR KeyNoCEK[30]
2014/11/17 10:27:55: [061] ... ERROR KeyNoCEK[30]
2014/11/17 10:27:55: [062] ... ERROR KeyNoCEK[30]
2014/11/17 10:27:55: [063] ... ERROR KeyNoCEK[30]
2014/11/17 10:27:55: [064] ... ERROR KeyNoCEK[40]
2014/11/17 10:27:55: [065] ... ERROR KeyNoCEK[40]
2014/11/17 10:27:55: [066] ... ERROR KeyNoCEK[40]
2014/11/17 10:27:55: [067] ... ERROR KeyNoCEK[40]
2014/11/17 10:27:55: [068] ... ERROR KeyNoCEK[40]
2014/11/17 10:27:55: [069] ... ERROR KeyNoCEK[40]
2014/11/17 10:27:55: [070] ... ERROR KeyNoCEK[40]
2014/11/17 10:27:55: [071] ... ERROR KeyNoCEK[40]
2014/11/17 10:27:55: [072] ... ERROR KeyNoCEK[40]
2014/11/17 10:27:55: [073] ... ERROR KeyNoCEK[40]
2014/11/17 10:27:55: [074] ... ERROR KeyNoCEK[40]
2014/11/17 10:27:55: [075] ... ERROR KeyNoCEK[40]
2014/11/17 10:27:55: [076] ... ERROR KeyNoCEK[40]
2014/11/17 10:27:55: [077] ... ERROR KeyNoCEK[40]
2014/11/17 10:27:55: [078] ... ERROR KeyNoCEK[40]
2014/11/17 10:27:55: [079] ... ERROR KeyNoCEK[40]
2014/11/17 10:27:55: [080] ... ERROR KeyNoCEK[50]
2014/11/17 10:27:55: [081] ... ERROR KeyNoCEK[50]
2014/11/17 10:27:55: [082] ... ERROR KeyNoCEK[50]
2014/11/17 10:27:55: [083] ... ERROR KeyNoCEK[50]
2014/11/17 10:27:55: [084] ... ERROR KeyNoCEK[50]
2014/11/17 10:27:55: [085] ... ERROR KeyNoCEK[50]
2014/11/17 10:27:55: [086] ... ERROR KeyNoCEK[50]
2014/11/17 10:27:55: [087] ... ERROR KeyNoCEK[50]
2014/11/17 10:27:55: [088] ... ERROR KeyNoCEK[58]
2014/11/17 10:27:55: [089] ... ERROR KeyNoCEK[58]
2014/11/17 10:27:55: [090] ... ERROR KeyNoCEK[58]
2014/11/17 10:27:55: [091] ... ERROR KeyNoCEK[58]
2014/11/17 10:27:55: [092] ... ERROR KeyNoCEK[58]
2014/11/17 10:27:55: [093] ... ERROR KeyNoCEK[58]
2014/11/17 10:27:55: [094] ... ERROR KeyNoCEK[58]
2014/11/17 10:27:55: [095] ... ERROR KeyNoCEK[58]
2014/11/17 10:27:55: [096] ... ERROR KeyNoCEK[60]
2014/11/17 10:27:55: [097] ... ERROR KeyNoCEK[60]
2014/11/17 10:27:55: [098] ... ERROR KeyNoCEK[60]
2014/11/17 10:27:55: [099] ... ERROR KeyNoCEK[60]
2014/11/17 10:27:55: [100] ... ERROR KeyNoCEK[60]
2014/11/17 10:27:55: [101] ... ERROR KeyNoCEK[60]
2014/11/17 10:27:55: [102] ... ERROR KeyNoCEK[60]
2014/11/17 10:27:55: [103] ... ERROR KeyNoCEK[60]
2014/11/17 10:27:55: [104] ... ERROR KeyNoCEK[68]
2014/11/17 10:27:55: [105] ... ERROR KeyNoCEK[68]
2014/11/17 10:27:55: [106] ... ERROR KeyNoCEK[68]
2014/11/17 10:27:55: [107] ... ERROR KeyNoCEK[68]
2014/11/17 10:27:55: [108] ... ERROR KeyNoCEK[68]
2014/11/17 10:27:55: [109] ... ERROR KeyNoCEK[68]
2014/11/17 10:27:55: [110] ... ERROR KeyNoCEK[68]
2014/11/17 10:27:55: [111] ... ERROR KeyNoCEK[68]
2014/11/17 10:27:55: [112] ... ERROR KeyNoCEK[70]
2014/11/17 10:27:55: [113] ... ERROR KeyNoCEK[70]
2014/11/17 10:27:55: [114] ... ERROR KeyNoCEK[70]
2014/11/17 10:27:55: [115] ... ERROR KeyNoCEK[70]
2014/11/17 10:27:55: [116] ... ERROR KeyNoCEK[70]
2014/11/17 10:27:55: [117] ... ERROR KeyNoCEK[70]
2014/11/17 10:27:55: [118] ... ERROR KeyNoCEK[70]
2014/11/17 10:27:55: [119] ... ERROR KeyNoCEK[70]
2014/11/17 10:27:55: [120] ... ERROR KeyNoCEK[78]
2014/11/17 10:27:55: [121] ... ERROR KeyNoCEK[78]
2014/11/17 10:27:55: [122] ... ERROR KeyNoCEK[78]
2014/11/17 10:27:55: [123] ... ERROR KeyNoCEK[78]
2014/11/17 10:27:55: [124] ... ERROR KeyNoCEK[78]
2014/11/17 10:27:55: [125] ... ERROR KeyNoCEK[78]
2014/11/17 10:27:55: [126] ... ERROR KeyNoCEK[78]
2014/11/17 10:27:55: [127] ... ERROR KeyNoCEK[78]
2014/11/17 10:27:55: COM PORT CLOSE ... OK
2014/11/17 10:27:55: 
2014/11/17 10:27:55: ######## Error has occurred ########
2014/11/17 10:27:55: 
*************************************************


*********** Start the Initialize Key Check **********
2014/11/17 11:04:40: Tool Ver: 2013.0605.01
2014/11/17 11:04:40: COM PORT OPEN ... OK
2014/11/17 11:04:40:
2014/11/17 11:04:40: ProductS/N:  VRW06A114200083
2014/11/17 11:04:40: GET TID ... ERROR(0B)
2014/11/17 11:04:40: COM PORT CLOSE ... OK
2014/11/17 11:04:40: 
2014/11/17 11:04:40: ######## Error has occurred ########
2014/11/17 11:04:40: 
*************************************************


*********** Start the Initialize Key Check **********
2014/11/17 11:11:06: Tool Ver: 2013.0605.01
2014/11/17 11:11:06: COM PORT OPEN ... OK
2014/11/17 11:11:22: AUTH1 POS ... ERROR(FF)
2014/11/17 11:11:22:
2014/11/17 11:11:22: ProductS/N:  VRW06A114200083
2014/11/17 11:11:22: GET TID ... ERROR(02)
2014/11/17 11:11:22: COM PORT CLOSE ... OK
2014/11/17 11:11:22: 
2014/11/17 11:11:22: ######## Error has occurred ########
2014/11/17 11:11:22: 
*************************************************


*********** Start the Initialize Key Check **********
2014/11/17 11:13:24: Tool Ver: 2013.0605.01
2014/11/17 11:13:24: COM PORT OPEN ... OK
2014/11/17 11:13:24:
2014/11/17 11:13:24: ProductS/N:  VRW06A114200083
2014/11/17 11:13:24: TID: 86042F20025B2980
2014/11/17 11:13:24: F/W Version: 00.00.08
2014/11/17 11:13:24:
2014/11/17 11:13:24: MasterKey Key Entry ... OK
2014/11/17 11:13:24: PowerON Counter Key Entry ... OK
2014/11/17 11:13:24: [032] ... ERROR KeyNoCEK[20]
2014/11/17 11:13:24: [033] ... ERROR KeyNoCEK[20]
2014/11/17 11:13:24: [034] ... ERROR KeyNoCEK[20]
2014/11/17 11:13:24: [035] ... ERROR KeyNoCEK[20]
2014/11/17 11:13:24: [036] ... ERROR KeyNoCEK[20]
2014/11/17 11:13:24: [037] ... ERROR KeyNoCEK[20]
2014/11/17 11:13:24: [038] ... ERROR KeyNoCEK[20]
2014/11/17 11:13:24: [039] ... ERROR KeyNoCEK[20]
2014/11/17 11:13:24: [040] ... ERROR KeyNoCEK[20]
2014/11/17 11:13:24: [041] ... ERROR KeyNoCEK[20]
2014/11/17 11:13:24: [042] ... ERROR KeyNoCEK[20]
2014/11/17 11:13:24: [043] ... ERROR KeyNoCEK[20]
2014/11/17 11:13:24: [044] ... ERROR KeyNoCEK[20]
2014/11/17 11:13:24: [045] ... ERROR KeyNoCEK[20]
2014/11/17 11:13:24: [046] ... ERROR KeyNoCEK[20]
2014/11/17 11:13:24: [047] ... ERROR KeyNoCEK[20]
2014/11/17 11:13:24: [048] ... ERROR KeyNoCEK[30]
2014/11/17 11:13:24: [049] ... ERROR KeyNoCEK[30]
2014/11/17 11:13:24: [050] ... ERROR KeyNoCEK[30]
2014/11/17 11:13:24: [051] ... ERROR KeyNoCEK[30]
2014/11/17 11:13:24: [052] ... ERROR KeyNoCEK[30]
2014/11/17 11:13:24: [053] ... ERROR KeyNoCEK[30]
2014/11/17 11:13:24: [054] ... ERROR KeyNoCEK[30]
2014/11/17 11:13:24: [055] ... ERROR KeyNoCEK[30]
2014/11/17 11:13:24: [056] ... ERROR KeyNoCEK[30]
2014/11/17 11:13:24: [057] ... ERROR KeyNoCEK[30]
2014/11/17 11:13:24: [058] ... ERROR KeyNoCEK[30]
2014/11/17 11:13:24: [059] ... ERROR KeyNoCEK[30]
2014/11/17 11:13:24: [060] ... ERROR KeyNoCEK[30]
2014/11/17 11:13:24: [061] ... ERROR KeyNoCEK[30]
2014/11/17 11:13:24: [062] ... ERROR KeyNoCEK[30]
2014/11/17 11:13:24: [063] ... ERROR KeyNoCEK[30]
2014/11/17 11:13:24: [064] ... ERROR KeyNoCEK[40]
2014/11/17 11:13:24: [065] ... ERROR KeyNoCEK[40]
2014/11/17 11:13:24: [066] ... ERROR KeyNoCEK[40]
2014/11/17 11:13:24: [067] ... ERROR KeyNoCEK[40]
2014/11/17 11:13:24: [068] ... ERROR KeyNoCEK[40]
2014/11/17 11:13:24: [069] ... ERROR KeyNoCEK[40]
2014/11/17 11:13:24: [070] ... ERROR KeyNoCEK[40]
2014/11/17 11:13:24: [071] ... ERROR KeyNoCEK[40]
2014/11/17 11:13:24: [072] ... ERROR KeyNoCEK[40]
2014/11/17 11:13:24: [073] ... ERROR KeyNoCEK[40]
2014/11/17 11:13:24: [074] ... ERROR KeyNoCEK[40]
2014/11/17 11:13:24: [075] ... ERROR KeyNoCEK[40]
2014/11/17 11:13:24: [076] ... ERROR KeyNoCEK[40]
2014/11/17 11:13:24: [077] ... ERROR KeyNoCEK[40]
2014/11/17 11:13:24: [078] ... ERROR KeyNoCEK[40]
2014/11/17 11:13:24: [079] ... ERROR KeyNoCEK[40]
2014/11/17 11:13:24: [080] ... ERROR KeyNoCEK[50]
2014/11/17 11:13:24: [081] ... ERROR KeyNoCEK[50]
2014/11/17 11:13:24: [082] ... ERROR KeyNoCEK[50]
2014/11/17 11:13:24: [083] ... ERROR KeyNoCEK[50]
2014/11/17 11:13:24: [084] ... ERROR KeyNoCEK[50]
2014/11/17 11:13:24: [085] ... ERROR KeyNoCEK[50]
2014/11/17 11:13:24: [086] ... ERROR KeyNoCEK[50]
2014/11/17 11:13:24: [087] ... ERROR KeyNoCEK[50]
2014/11/17 11:13:24: [088] ... ERROR KeyNoCEK[58]
2014/11/17 11:13:24: [089] ... ERROR KeyNoCEK[58]
2014/11/17 11:13:24: [090] ... ERROR KeyNoCEK[58]
2014/11/17 11:13:24: [091] ... ERROR KeyNoCEK[58]
2014/11/17 11:13:24: [092] ... ERROR KeyNoCEK[58]
2014/11/17 11:13:24: [093] ... ERROR KeyNoCEK[58]
2014/11/17 11:13:24: [094] ... ERROR KeyNoCEK[58]
2014/11/17 11:13:24: [095] ... ERROR KeyNoCEK[58]
2014/11/17 11:13:24: [096] ... ERROR KeyNoCEK[60]
2014/11/17 11:13:24: [097] ... ERROR KeyNoCEK[60]
2014/11/17 11:13:25: [098] ... ERROR KeyNoCEK[60]
2014/11/17 11:13:25: [099] ... ERROR KeyNoCEK[60]
2014/11/17 11:13:25: [100] ... ERROR KeyNoCEK[60]
2014/11/17 11:13:25: [101] ... ERROR KeyNoCEK[60]
2014/11/17 11:13:25: [102] ... ERROR KeyNoCEK[60]
2014/11/17 11:13:25: [103] ... ERROR KeyNoCEK[60]
2014/11/17 11:13:25: [104] ... ERROR KeyNoCEK[68]
2014/11/17 11:13:25: [105] ... ERROR KeyNoCEK[68]
2014/11/17 11:13:25: [106] ... ERROR KeyNoCEK[68]
2014/11/17 11:13:25: [107] ... ERROR KeyNoCEK[68]
2014/11/17 11:13:25: [108] ... ERROR KeyNoCEK[68]
2014/11/17 11:13:25: [109] ... ERROR KeyNoCEK[68]
2014/11/17 11:13:25: [110] ... ERROR KeyNoCEK[68]
2014/11/17 11:13:25: [111] ... ERROR KeyNoCEK[68]
2014/11/17 11:13:25: [112] ... ERROR KeyNoCEK[70]
2014/11/17 11:13:25: [113] ... ERROR KeyNoCEK[70]
2014/11/17 11:13:25: [114] ... ERROR KeyNoCEK[70]
2014/11/17 11:13:25: [115] ... ERROR KeyNoCEK[70]
2014/11/17 11:13:25: [116] ... ERROR KeyNoCEK[70]
2014/11/17 11:13:25: [117] ... ERROR KeyNoCEK[70]
2014/11/17 11:13:25: [118] ... ERROR KeyNoCEK[70]
2014/11/17 11:13:25: [119] ... ERROR KeyNoCEK[70]
2014/11/17 11:13:25: [120] ... ERROR KeyNoCEK[78]
2014/11/17 11:13:25: [121] ... ERROR KeyNoCEK[78]
2014/11/17 11:13:25: [122] ... ERROR KeyNoCEK[78]
2014/11/17 11:13:25: [123] ... ERROR KeyNoCEK[78]
2014/11/17 11:13:25: [124] ... ERROR KeyNoCEK[78]
2014/11/17 11:13:25: [125] ... ERROR KeyNoCEK[78]
2014/11/17 11:13:25: [126] ... ERROR KeyNoCEK[78]
2014/11/17 11:13:25: [127] ... ERROR KeyNoCEK[78]
2014/11/17 11:13:25: COM PORT CLOSE ... OK
2014/11/17 11:13:25: 
2014/11/17 11:13:25: ######## Error has occurred ########
2014/11/17 11:13:25: 
*************************************************


*********** Start the Initialize Key Check **********
2014/11/17 11:21:53: Tool Ver: 2013.0605.01
2014/11/17 11:21:53: COM PORT OPEN ... OK
2014/11/17 11:21:53:
2014/11/17 11:21:53: ProductS/N:  3801375
2014/11/17 11:21:53: TID: 860426126A9F2980
2014/11/17 11:21:53: F/W Version: 00.00.08
2014/11/17 11:21:53:
2014/11/17 11:21:53: MasterKey Key Entry ... OK
2014/11/17 11:21:53: PowerON Counter Key Entry ... OK
2014/11/17 11:21:53: [032] ... ERROR KeyNoCEK[20]
2014/11/17 11:21:53: [033] ... ERROR KeyNoCEK[20]
2014/11/17 11:21:53: [034] ... ERROR KeyNoCEK[20]
2014/11/17 11:21:53: [035] ... ERROR KeyNoCEK[20]
2014/11/17 11:21:53: [036] ... ERROR KeyNoCEK[20]
2014/11/17 11:21:53: [037] ... ERROR KeyNoCEK[20]
2014/11/17 11:21:53: [038] ... ERROR KeyNoCEK[20]
2014/11/17 11:21:53: [039] ... ERROR KeyNoCEK[20]
2014/11/17 11:21:53: [040] ... ERROR KeyNoCEK[20]
2014/11/17 11:21:53: [041] ... ERROR KeyNoCEK[20]
2014/11/17 11:21:53: [042] ... ERROR KeyNoCEK[20]
2014/11/17 11:21:53: [043] ... ERROR KeyNoCEK[20]
2014/11/17 11:21:53: [044] ... ERROR KeyNoCEK[20]
2014/11/17 11:21:53: [045] ... ERROR KeyNoCEK[20]
2014/11/17 11:21:53: [046] ... ERROR KeyNoCEK[20]
2014/11/17 11:21:53: [047] ... ERROR KeyNoCEK[20]
2014/11/17 11:21:53: [048] ... ERROR KeyNoCEK[30]
2014/11/17 11:21:53: [049] ... ERROR KeyNoCEK[30]
2014/11/17 11:21:53: [050] ... ERROR KeyNoCEK[30]
2014/11/17 11:21:53: [051] ... ERROR KeyNoCEK[30]
2014/11/17 11:21:53: [052] ... ERROR KeyNoCEK[30]
2014/11/17 11:21:53: [053] ... ERROR KeyNoCEK[30]
2014/11/17 11:21:53: [054] ... ERROR KeyNoCEK[30]
2014/11/17 11:21:53: [055] ... ERROR KeyNoCEK[30]
2014/11/17 11:21:53: [056] ... ERROR KeyNoCEK[30]
2014/11/17 11:21:53: [057] ... ERROR KeyNoCEK[30]
2014/11/17 11:21:53: [058] ... ERROR KeyNoCEK[30]
2014/11/17 11:21:53: [059] ... ERROR KeyNoCEK[30]
2014/11/17 11:21:53: [060] ... ERROR KeyNoCEK[30]
2014/11/17 11:21:53: [061] ... ERROR KeyNoCEK[30]
2014/11/17 11:21:53: [062] ... ERROR KeyNoCEK[30]
2014/11/17 11:21:53: [063] ... ERROR KeyNoCEK[30]
2014/11/17 11:21:53: [064] ... ERROR KeyNoCEK[40]
2014/11/17 11:21:53: [065] ... ERROR KeyNoCEK[40]
2014/11/17 11:21:53: [066] ... ERROR KeyNoCEK[40]
2014/11/17 11:21:53: [067] ... ERROR KeyNoCEK[40]
2014/11/17 11:21:53: [068] ... ERROR KeyNoCEK[40]
2014/11/17 11:21:53: [069] ... ERROR KeyNoCEK[40]
2014/11/17 11:21:53: [070] ... ERROR KeyNoCEK[40]
2014/11/17 11:21:53: [071] ... ERROR KeyNoCEK[40]
2014/11/17 11:21:53: [072] ... ERROR KeyNoCEK[40]
2014/11/17 11:21:53: [073] ... ERROR KeyNoCEK[40]
2014/11/17 11:21:53: [074] ... ERROR KeyNoCEK[40]
2014/11/17 11:21:53: [075] ... ERROR KeyNoCEK[40]
2014/11/17 11:21:53: [076] ... ERROR KeyNoCEK[40]
2014/11/17 11:21:53: [077] ... ERROR KeyNoCEK[40]
2014/11/17 11:21:53: [078] ... ERROR KeyNoCEK[40]
2014/11/17 11:21:53: [079] ... ERROR KeyNoCEK[40]
2014/11/17 11:21:53: [080] ... ERROR KeyNoCEK[50]
2014/11/17 11:21:53: [081] ... ERROR KeyNoCEK[50]
2014/11/17 11:21:53: [082] ... ERROR KeyNoCEK[50]
2014/11/17 11:21:53: [083] ... ERROR KeyNoCEK[50]
2014/11/17 11:21:53: [084] ... ERROR KeyNoCEK[50]
2014/11/17 11:21:53: [085] ... ERROR KeyNoCEK[50]
2014/11/17 11:21:53: [086] ... ERROR KeyNoCEK[50]
2014/11/17 11:21:53: [087] ... ERROR KeyNoCEK[50]
2014/11/17 11:21:53: [088] ... ERROR KeyNoCEK[58]
2014/11/17 11:21:53: [089] ... ERROR KeyNoCEK[58]
2014/11/17 11:21:53: [090] ... ERROR KeyNoCEK[58]
2014/11/17 11:21:53: [091] ... ERROR KeyNoCEK[58]
2014/11/17 11:21:53: [092] ... ERROR KeyNoCEK[58]
2014/11/17 11:21:53: [093] ... ERROR KeyNoCEK[58]
2014/11/17 11:21:53: [094] ... ERROR KeyNoCEK[58]
2014/11/17 11:21:53: [095] ... ERROR KeyNoCEK[58]
2014/11/17 11:21:53: [096] ... ERROR KeyNoCEK[60]
2014/11/17 11:21:53: [097] ... ERROR KeyNoCEK[60]
2014/11/17 11:21:53: [098] ... ERROR KeyNoCEK[60]
2014/11/17 11:21:53: [099] ... ERROR KeyNoCEK[60]
2014/11/17 11:21:53: [100] ... ERROR KeyNoCEK[60]
2014/11/17 11:21:53: [101] ... ERROR KeyNoCEK[60]
2014/11/17 11:21:53: [102] ... ERROR KeyNoCEK[60]
2014/11/17 11:21:53: [103] ... ERROR KeyNoCEK[60]
2014/11/17 11:21:53: [104] ... ERROR KeyNoCEK[68]
2014/11/17 11:21:53: [105] ... ERROR KeyNoCEK[68]
2014/11/17 11:21:53: [106] ... ERROR KeyNoCEK[68]
2014/11/17 11:21:53: [107] ... ERROR KeyNoCEK[68]
2014/11/17 11:21:53: [108] ... ERROR KeyNoCEK[68]
2014/11/17 11:21:53: [109] ... ERROR KeyNoCEK[68]
2014/11/17 11:21:53: [110] ... ERROR KeyNoCEK[68]
2014/11/17 11:21:53: [111] ... ERROR KeyNoCEK[68]
2014/11/17 11:21:53: [112] ... ERROR KeyNoCEK[70]
2014/11/17 11:21:53: [113] ... ERROR KeyNoCEK[70]
2014/11/17 11:21:53: [114] ... ERROR KeyNoCEK[70]
2014/11/17 11:21:53: [115] ... ERROR KeyNoCEK[70]
2014/11/17 11:21:53: [116] ... ERROR KeyNoCEK[70]
2014/11/17 11:21:53: [117] ... ERROR KeyNoCEK[70]
2014/11/17 11:21:53: [118] ... ERROR KeyNoCEK[70]
2014/11/17 11:21:53: [119] ... ERROR KeyNoCEK[70]
2014/11/17 11:21:53: [120] ... ERROR KeyNoCEK[78]
2014/11/17 11:21:53: [121] ... ERROR KeyNoCEK[78]
2014/11/17 11:21:53: [122] ... ERROR KeyNoCEK[78]
2014/11/17 11:21:53: [123] ... ERROR KeyNoCEK[78]
2014/11/17 11:21:53: [124] ... ERROR KeyNoCEK[78]
2014/11/17 11:21:53: [125] ... ERROR KeyNoCEK[78]
2014/11/17 11:21:53: [126] ... ERROR KeyNoCEK[78]
2014/11/17 11:21:53: [127] ... ERROR KeyNoCEK[78]
2014/11/17 11:21:53: COM PORT CLOSE ... OK
2014/11/17 11:21:53: 
2014/11/17 11:21:53: ######## Error has occurred ########
2014/11/17 11:21:53: 
*************************************************


*********** Start the Initialize Key Check **********
2014/11/17 11:25:11: Tool Ver: 2013.0605.01
2014/11/17 11:25:11: COM PORT OPEN ... OK
2014/11/17 11:25:11:
2014/11/17 11:25:11: ProductS/N:  VRW06A114200083
2014/11/17 11:25:11: TID: 860426126A9F2980
2014/11/17 11:25:11: F/W Version: 00.00.08
2014/11/17 11:25:11:
2014/11/17 11:25:11: MasterKey Key Entry ... OK
2014/11/17 11:25:11: PowerON Counter Key Entry ... OK
2014/11/17 11:25:11: [032] ... ERROR KeyNoCEK[20]
2014/11/17 11:25:11: [033] ... ERROR KeyNoCEK[20]
2014/11/17 11:25:11: [034] ... ERROR KeyNoCEK[20]
2014/11/17 11:25:11: [035] ... ERROR KeyNoCEK[20]
2014/11/17 11:25:11: [036] ... ERROR KeyNoCEK[20]
2014/11/17 11:25:11: [037] ... ERROR KeyNoCEK[20]
2014/11/17 11:25:11: [038] ... ERROR KeyNoCEK[20]
2014/11/17 11:25:11: [039] ... ERROR KeyNoCEK[20]
2014/11/17 11:25:11: [040] ... ERROR KeyNoCEK[20]
2014/11/17 11:25:11: [041] ... ERROR KeyNoCEK[20]
2014/11/17 11:25:11: [042] ... ERROR KeyNoCEK[20]
2014/11/17 11:25:11: [043] ... ERROR KeyNoCEK[20]
2014/11/17 11:25:11: [044] ... ERROR KeyNoCEK[20]
2014/11/17 11:25:11: [045] ... ERROR KeyNoCEK[20]
2014/11/17 11:25:12: [046] ... ERROR KeyNoCEK[20]
2014/11/17 11:25:12: [047] ... ERROR KeyNoCEK[20]
2014/11/17 11:25:12: [048] ... ERROR KeyNoCEK[30]
2014/11/17 11:25:12: [049] ... ERROR KeyNoCEK[30]
2014/11/17 11:25:12: [050] ... ERROR KeyNoCEK[30]
2014/11/17 11:25:12: [051] ... ERROR KeyNoCEK[30]
2014/11/17 11:25:12: [052] ... ERROR KeyNoCEK[30]
2014/11/17 11:25:12: [053] ... ERROR KeyNoCEK[30]
2014/11/17 11:25:12: [054] ... ERROR KeyNoCEK[30]
2014/11/17 11:25:12: [055] ... ERROR KeyNoCEK[30]
2014/11/17 11:25:12: [056] ... ERROR KeyNoCEK[30]
2014/11/17 11:25:12: [057] ... ERROR KeyNoCEK[30]
2014/11/17 11:25:12: [058] ... ERROR KeyNoCEK[30]
2014/11/17 11:25:12: [059] ... ERROR KeyNoCEK[30]
2014/11/17 11:25:12: [060] ... ERROR KeyNoCEK[30]
2014/11/17 11:25:12: [061] ... ERROR KeyNoCEK[30]
2014/11/17 11:25:12: [062] ... ERROR KeyNoCEK[30]
2014/11/17 11:25:12: [063] ... ERROR KeyNoCEK[30]
2014/11/17 11:25:12: [064] ... ERROR KeyNoCEK[40]
2014/11/17 11:25:12: [065] ... ERROR KeyNoCEK[40]
2014/11/17 11:25:12: [066] ... ERROR KeyNoCEK[40]
2014/11/17 11:25:12: [067] ... ERROR KeyNoCEK[40]
2014/11/17 11:25:12: [068] ... ERROR KeyNoCEK[40]
2014/11/17 11:25:12: [069] ... ERROR KeyNoCEK[40]
2014/11/17 11:25:12: [070] ... ERROR KeyNoCEK[40]
2014/11/17 11:25:12: [071] ... ERROR KeyNoCEK[40]
2014/11/17 11:25:12: [072] ... ERROR KeyNoCEK[40]
2014/11/17 11:25:12: [073] ... ERROR KeyNoCEK[40]
2014/11/17 11:25:12: [074] ... ERROR KeyNoCEK[40]
2014/11/17 11:25:12: [075] ... ERROR KeyNoCEK[40]
2014/11/17 11:25:12: [076] ... ERROR KeyNoCEK[40]
2014/11/17 11:25:12: [077] ... ERROR KeyNoCEK[40]
2014/11/17 11:25:12: [078] ... ERROR KeyNoCEK[40]
2014/11/17 11:25:12: [079] ... ERROR KeyNoCEK[40]
2014/11/17 11:25:12: [080] ... ERROR KeyNoCEK[50]
2014/11/17 11:25:12: [081] ... ERROR KeyNoCEK[50]
2014/11/17 11:25:12: [082] ... ERROR KeyNoCEK[50]
2014/11/17 11:25:12: [083] ... ERROR KeyNoCEK[50]
2014/11/17 11:25:12: [084] ... ERROR KeyNoCEK[50]
2014/11/17 11:25:12: [085] ... ERROR KeyNoCEK[50]
2014/11/17 11:25:12: [086] ... ERROR KeyNoCEK[50]
2014/11/17 11:25:12: [087] ... ERROR KeyNoCEK[50]
2014/11/17 11:25:12: [088] ... ERROR KeyNoCEK[58]
2014/11/17 11:25:12: [089] ... ERROR KeyNoCEK[58]
2014/11/17 11:25:12: [090] ... ERROR KeyNoCEK[58]
2014/11/17 11:25:12: [091] ... ERROR KeyNoCEK[58]
2014/11/17 11:25:12: [092] ... ERROR KeyNoCEK[58]
2014/11/17 11:25:12: [093] ... ERROR KeyNoCEK[58]
2014/11/17 11:25:12: [094] ... ERROR KeyNoCEK[58]
2014/11/17 11:25:12: [095] ... ERROR KeyNoCEK[58]
2014/11/17 11:25:12: [096] ... ERROR KeyNoCEK[60]
2014/11/17 11:25:12: [097] ... ERROR KeyNoCEK[60]
2014/11/17 11:25:12: [098] ... ERROR KeyNoCEK[60]
2014/11/17 11:25:12: [099] ... ERROR KeyNoCEK[60]
2014/11/17 11:25:12: [100] ... ERROR KeyNoCEK[60]
2014/11/17 11:25:12: [101] ... ERROR KeyNoCEK[60]
2014/11/17 11:25:12: [102] ... ERROR KeyNoCEK[60]
2014/11/17 11:25:12: [103] ... ERROR KeyNoCEK[60]
2014/11/17 11:25:12: [104] ... ERROR KeyNoCEK[68]
2014/11/17 11:25:12: [105] ... ERROR KeyNoCEK[68]
2014/11/17 11:25:12: [106] ... ERROR KeyNoCEK[68]
2014/11/17 11:25:12: [107] ... ERROR KeyNoCEK[68]
2014/11/17 11:25:12: [108] ... ERROR KeyNoCEK[68]
2014/11/17 11:25:12: [109] ... ERROR KeyNoCEK[68]
2014/11/17 11:25:12: [110] ... ERROR KeyNoCEK[68]
2014/11/17 11:25:12: [111] ... ERROR KeyNoCEK[68]
2014/11/17 11:25:12: [112] ... ERROR KeyNoCEK[70]
2014/11/17 11:25:12: [113] ... ERROR KeyNoCEK[70]
2014/11/17 11:25:12: [114] ... ERROR KeyNoCEK[70]
2014/11/17 11:25:12: [115] ... ERROR KeyNoCEK[70]
2014/11/17 11:25:12: [116] ... ERROR KeyNoCEK[70]
2014/11/17 11:25:12: [117] ... ERROR KeyNoCEK[70]
2014/11/17 11:25:12: [118] ... ERROR KeyNoCEK[70]
2014/11/17 11:25:12: [119] ... ERROR KeyNoCEK[70]
2014/11/17 11:25:12: [120] ... ERROR KeyNoCEK[78]
2014/11/17 11:25:12: [121] ... ERROR KeyNoCEK[78]
2014/11/17 11:25:12: [122] ... ERROR KeyNoCEK[78]
2014/11/17 11:25:12: [123] ... ERROR KeyNoCEK[78]
2014/11/17 11:25:12: [124] ... ERROR KeyNoCEK[78]
2014/11/17 11:25:12: [125] ... ERROR KeyNoCEK[78]
2014/11/17 11:25:12: [126] ... ERROR KeyNoCEK[78]
2014/11/17 11:25:12: [127] ... ERROR KeyNoCEK[78]
2014/11/17 11:25:12: COM PORT CLOSE ... OK
2014/11/17 11:25:12: 
2014/11/17 11:25:12: ######## Error has occurred ########
2014/11/17 11:25:12: 
*************************************************


*********** Start the Initialize Key Check **********
2014/11/17 11:25:13: Tool Ver: 2013.0605.01
2014/11/17 11:25:13: COM PORT OPEN ... OK
2014/11/17 11:25:13:
2014/11/17 11:25:13: ProductS/N:  VRW06A114200083
2014/11/17 11:25:13: TID: 860426126A9F2980
2014/11/17 11:25:13: F/W Version: 00.00.08
2014/11/17 11:25:13:
2014/11/17 11:25:13: MasterKey Key Entry ... OK
2014/11/17 11:25:13: PowerON Counter Key Entry ... OK
2014/11/17 11:25:14: [032] ... ERROR KeyNoCEK[20]
2014/11/17 11:25:14: [033] ... ERROR KeyNoCEK[20]
2014/11/17 11:25:14: [034] ... ERROR KeyNoCEK[20]
2014/11/17 11:25:14: [035] ... ERROR KeyNoCEK[20]
2014/11/17 11:25:14: [036] ... ERROR KeyNoCEK[20]
2014/11/17 11:25:14: [037] ... ERROR KeyNoCEK[20]
2014/11/17 11:25:14: [038] ... ERROR KeyNoCEK[20]
2014/11/17 11:25:14: [039] ... ERROR KeyNoCEK[20]
2014/11/17 11:25:14: [040] ... ERROR KeyNoCEK[20]
2014/11/17 11:25:14: [041] ... ERROR KeyNoCEK[20]
2014/11/17 11:25:14: [042] ... ERROR KeyNoCEK[20]
2014/11/17 11:25:14: [043] ... ERROR KeyNoCEK[20]
2014/11/17 11:25:14: [044] ... ERROR KeyNoCEK[20]
2014/11/17 11:25:14: [045] ... ERROR KeyNoCEK[20]
2014/11/17 11:25:14: [046] ... ERROR KeyNoCEK[20]
2014/11/17 11:25:14: [047] ... ERROR KeyNoCEK[20]
2014/11/17 11:25:14: [048] ... ERROR KeyNoCEK[30]
2014/11/17 11:25:14: [049] ... ERROR KeyNoCEK[30]
2014/11/17 11:25:14: [050] ... ERROR KeyNoCEK[30]
2014/11/17 11:25:14: [051] ... ERROR KeyNoCEK[30]
2014/11/17 11:25:14: [052] ... ERROR KeyNoCEK[30]
2014/11/17 11:25:14: [053] ... ERROR KeyNoCEK[30]
2014/11/17 11:25:14: [054] ... ERROR KeyNoCEK[30]
2014/11/17 11:25:14: [055] ... ERROR KeyNoCEK[30]
2014/11/17 11:25:14: [056] ... ERROR KeyNoCEK[30]
2014/11/17 11:25:14: [057] ... ERROR KeyNoCEK[30]
2014/11/17 11:25:14: [058] ... ERROR KeyNoCEK[30]
2014/11/17 11:25:14: [059] ... ERROR KeyNoCEK[30]
2014/11/17 11:25:14: [060] ... ERROR KeyNoCEK[30]
2014/11/17 11:25:14: [061] ... ERROR KeyNoCEK[30]
2014/11/17 11:25:14: [062] ... ERROR KeyNoCEK[30]
2014/11/17 11:25:14: [063] ... ERROR KeyNoCEK[30]
2014/11/17 11:25:14: [064] ... ERROR KeyNoCEK[40]
2014/11/17 11:25:14: [065] ... ERROR KeyNoCEK[40]
2014/11/17 11:25:14: [066] ... ERROR KeyNoCEK[40]
2014/11/17 11:25:14: [067] ... ERROR KeyNoCEK[40]
2014/11/17 11:25:14: [068] ... ERROR KeyNoCEK[40]
2014/11/17 11:25:14: [069] ... ERROR KeyNoCEK[40]
2014/11/17 11:25:14: [070] ... ERROR KeyNoCEK[40]
2014/11/17 11:25:14: [071] ... ERROR KeyNoCEK[40]
2014/11/17 11:25:14: [072] ... ERROR KeyNoCEK[40]
2014/11/17 11:25:14: [073] ... ERROR KeyNoCEK[40]
2014/11/17 11:25:14: [074] ... ERROR KeyNoCEK[40]
2014/11/17 11:25:14: [075] ... ERROR KeyNoCEK[40]
2014/11/17 11:25:14: [076] ... ERROR KeyNoCEK[40]
2014/11/17 11:25:14: [077] ... ERROR KeyNoCEK[40]
2014/11/17 11:25:14: [078] ... ERROR KeyNoCEK[40]
2014/11/17 11:25:14: [079] ... ERROR KeyNoCEK[40]
2014/11/17 11:25:14: [080] ... ERROR KeyNoCEK[50]
2014/11/17 11:25:14: [081] ... ERROR KeyNoCEK[50]
2014/11/17 11:25:14: [082] ... ERROR KeyNoCEK[50]
2014/11/17 11:25:14: [083] ... ERROR KeyNoCEK[50]
2014/11/17 11:25:14: [084] ... ERROR KeyNoCEK[50]
2014/11/17 11:25:14: [085] ... ERROR KeyNoCEK[50]
2014/11/17 11:25:14: [086] ... ERROR KeyNoCEK[50]
2014/11/17 11:25:14: [087] ... ERROR KeyNoCEK[50]
2014/11/17 11:25:14: [088] ... ERROR KeyNoCEK[58]
2014/11/17 11:25:14: [089] ... ERROR KeyNoCEK[58]
2014/11/17 11:25:14: [090] ... ERROR KeyNoCEK[58]
2014/11/17 11:25:14: [091] ... ERROR KeyNoCEK[58]
2014/11/17 11:25:14: [092] ... ERROR KeyNoCEK[58]
2014/11/17 11:25:14: [093] ... ERROR KeyNoCEK[58]
2014/11/17 11:25:14: [094] ... ERROR KeyNoCEK[58]
2014/11/17 11:25:14: [095] ... ERROR KeyNoCEK[58]
2014/11/17 11:25:14: [096] ... ERROR KeyNoCEK[60]
2014/11/17 11:25:14: [097] ... ERROR KeyNoCEK[60]
2014/11/17 11:25:14: [098] ... ERROR KeyNoCEK[60]
2014/11/17 11:25:14: [099] ... ERROR KeyNoCEK[60]
2014/11/17 11:25:14: [100] ... ERROR KeyNoCEK[60]
2014/11/17 11:25:14: [101] ... ERROR KeyNoCEK[60]
2014/11/17 11:25:14: [102] ... ERROR KeyNoCEK[60]
2014/11/17 11:25:14: [103] ... ERROR KeyNoCEK[60]
2014/11/17 11:25:14: [104] ... ERROR KeyNoCEK[68]
2014/11/17 11:25:14: [105] ... ERROR KeyNoCEK[68]
2014/11/17 11:25:14: [106] ... ERROR KeyNoCEK[68]
2014/11/17 11:25:14: [107] ... ERROR KeyNoCEK[68]
2014/11/17 11:25:14: [108] ... ERROR KeyNoCEK[68]
2014/11/17 11:25:14: [109] ... ERROR KeyNoCEK[68]
2014/11/17 11:25:14: [110] ... ERROR KeyNoCEK[68]
2014/11/17 11:25:14: [111] ... ERROR KeyNoCEK[68]
2014/11/17 11:25:14: [112] ... ERROR KeyNoCEK[70]
2014/11/17 11:25:14: [113] ... ERROR KeyNoCEK[70]
2014/11/17 11:25:14: [114] ... ERROR KeyNoCEK[70]
2014/11/17 11:25:14: [115] ... ERROR KeyNoCEK[70]
2014/11/17 11:25:14: [116] ... ERROR KeyNoCEK[70]
2014/11/17 11:25:14: [117] ... ERROR KeyNoCEK[70]
2014/11/17 11:25:14: [118] ... ERROR KeyNoCEK[70]
2014/11/17 11:25:14: [119] ... ERROR KeyNoCEK[70]
2014/11/17 11:25:14: [120] ... ERROR KeyNoCEK[78]
2014/11/17 11:25:14: [121] ... ERROR KeyNoCEK[78]
2014/11/17 11:25:14: [122] ... ERROR KeyNoCEK[78]
2014/11/17 11:25:14: [123] ... ERROR KeyNoCEK[78]
2014/11/17 11:25:14: [124] ... ERROR KeyNoCEK[78]
2014/11/17 11:25:14: [125] ... ERROR KeyNoCEK[78]
2014/11/17 11:25:14: [126] ... ERROR KeyNoCEK[78]
2014/11/17 11:25:14: [127] ... ERROR KeyNoCEK[78]
2014/11/17 11:25:14: COM PORT CLOSE ... OK
2014/11/17 11:25:14: 
2014/11/17 11:25:14: ######## Error has occurred ########
2014/11/17 11:25:14: 
*************************************************


*********** Start the Initialize Key Check **********
2014/11/17 11:28:51: Tool Ver: 2013.0605.01
2014/11/17 11:28:51: COM PORT OPEN ... OK
2014/11/17 11:28:51:
2014/11/17 11:28:51: ProductS/N:  VRW06A114200083
2014/11/17 11:28:51: TID: 86042F20025B2980
2014/11/17 11:28:51: F/W Version: 00.00.08
2014/11/17 11:28:51:
2014/11/17 11:28:51: MasterKey Key Entry ... OK
2014/11/17 11:28:51: PowerON Counter Key Entry ... OK
2014/11/17 11:28:51: [032] ... ERROR KeyNoCEK[20]
2014/11/17 11:28:52: [033] ... ERROR KeyNoCEK[20]
2014/11/17 11:28:52: [034] ... ERROR KeyNoCEK[20]
2014/11/17 11:28:52: [035] ... ERROR KeyNoCEK[20]
2014/11/17 11:28:52: [036] ... ERROR KeyNoCEK[20]
2014/11/17 11:28:52: [037] ... ERROR KeyNoCEK[20]
2014/11/17 11:28:52: [038] ... ERROR KeyNoCEK[20]
2014/11/17 11:28:52: [039] ... ERROR KeyNoCEK[20]
2014/11/17 11:28:52: [040] ... ERROR KeyNoCEK[20]
2014/11/17 11:28:52: [041] ... ERROR KeyNoCEK[20]
2014/11/17 11:28:52: [042] ... ERROR KeyNoCEK[20]
2014/11/17 11:28:52: [043] ... ERROR KeyNoCEK[20]
2014/11/17 11:28:52: [044] ... ERROR KeyNoCEK[20]
2014/11/17 11:28:52: [045] ... ERROR KeyNoCEK[20]
2014/11/17 11:28:52: [046] ... ERROR KeyNoCEK[20]
2014/11/17 11:28:52: [047] ... ERROR KeyNoCEK[20]
2014/11/17 11:28:52: [048] ... ERROR KeyNoCEK[30]
2014/11/17 11:28:52: [049] ... ERROR KeyNoCEK[30]
2014/11/17 11:28:52: [050] ... ERROR KeyNoCEK[30]
2014/11/17 11:28:52: [051] ... ERROR KeyNoCEK[30]
2014/11/17 11:28:52: [052] ... ERROR KeyNoCEK[30]
2014/11/17 11:28:52: [053] ... ERROR KeyNoCEK[30]
2014/11/17 11:28:52: [054] ... ERROR KeyNoCEK[30]
2014/11/17 11:28:52: [055] ... ERROR KeyNoCEK[30]
2014/11/17 11:28:52: [056] ... ERROR KeyNoCEK[30]
2014/11/17 11:28:52: [057] ... ERROR KeyNoCEK[30]
2014/11/17 11:28:52: [058] ... ERROR KeyNoCEK[30]
2014/11/17 11:28:52: [059] ... ERROR KeyNoCEK[30]
2014/11/17 11:28:52: [060] ... ERROR KeyNoCEK[30]
2014/11/17 11:28:52: [061] ... ERROR KeyNoCEK[30]
2014/11/17 11:28:52: [062] ... ERROR KeyNoCEK[30]
2014/11/17 11:28:52: [063] ... ERROR KeyNoCEK[30]
2014/11/17 11:28:52: [064] ... ERROR KeyNoCEK[40]
2014/11/17 11:28:52: [065] ... ERROR KeyNoCEK[40]
2014/11/17 11:28:52: [066] ... ERROR KeyNoCEK[40]
2014/11/17 11:28:52: [067] ... ERROR KeyNoCEK[40]
2014/11/17 11:28:52: [068] ... ERROR KeyNoCEK[40]
2014/11/17 11:28:52: [069] ... ERROR KeyNoCEK[40]
2014/11/17 11:28:52: [070] ... ERROR KeyNoCEK[40]
2014/11/17 11:28:52: [071] ... ERROR KeyNoCEK[40]
2014/11/17 11:28:52: [072] ... ERROR KeyNoCEK[40]
2014/11/17 11:28:52: [073] ... ERROR KeyNoCEK[40]
2014/11/17 11:28:52: [074] ... ERROR KeyNoCEK[40]
2014/11/17 11:28:52: [075] ... ERROR KeyNoCEK[40]
2014/11/17 11:28:52: [076] ... ERROR KeyNoCEK[40]
2014/11/17 11:28:52: [077] ... ERROR KeyNoCEK[40]
2014/11/17 11:28:52: [078] ... ERROR KeyNoCEK[40]
2014/11/17 11:28:52: [079] ... ERROR KeyNoCEK[40]
2014/11/17 11:28:52: [080] ... ERROR KeyNoCEK[50]
2014/11/17 11:28:52: [081] ... ERROR KeyNoCEK[50]
2014/11/17 11:28:52: [082] ... ERROR KeyNoCEK[50]
2014/11/17 11:28:52: [083] ... ERROR KeyNoCEK[50]
2014/11/17 11:28:52: [084] ... ERROR KeyNoCEK[50]
2014/11/17 11:28:52: [085] ... ERROR KeyNoCEK[50]
2014/11/17 11:28:52: [086] ... ERROR KeyNoCEK[50]
2014/11/17 11:28:52: [087] ... ERROR KeyNoCEK[50]
2014/11/17 11:28:52: [088] ... ERROR KeyNoCEK[58]
2014/11/17 11:28:52: [089] ... ERROR KeyNoCEK[58]
2014/11/17 11:28:52: [090] ... ERROR KeyNoCEK[58]
2014/11/17 11:28:52: [091] ... ERROR KeyNoCEK[58]
2014/11/17 11:28:52: [092] ... ERROR KeyNoCEK[58]
2014/11/17 11:28:52: [093] ... ERROR KeyNoCEK[58]
2014/11/17 11:28:52: [094] ... ERROR KeyNoCEK[58]
2014/11/17 11:28:52: [095] ... ERROR KeyNoCEK[58]
2014/11/17 11:28:52: [096] ... ERROR KeyNoCEK[60]
2014/11/17 11:28:52: [097] ... ERROR KeyNoCEK[60]
2014/11/17 11:28:52: [098] ... ERROR KeyNoCEK[60]
2014/11/17 11:28:52: [099] ... ERROR KeyNoCEK[60]
2014/11/17 11:28:52: [100] ... ERROR KeyNoCEK[60]
2014/11/17 11:28:52: [101] ... ERROR KeyNoCEK[60]
2014/11/17 11:28:52: [102] ... ERROR KeyNoCEK[60]
2014/11/17 11:28:52: [103] ... ERROR KeyNoCEK[60]
2014/11/17 11:28:52: [104] ... ERROR KeyNoCEK[68]
2014/11/17 11:28:52: [105] ... ERROR KeyNoCEK[68]
2014/11/17 11:28:52: [106] ... ERROR KeyNoCEK[68]
2014/11/17 11:28:52: [107] ... ERROR KeyNoCEK[68]
2014/11/17 11:28:52: [108] ... ERROR KeyNoCEK[68]
2014/11/17 11:28:52: [109] ... ERROR KeyNoCEK[68]
2014/11/17 11:28:52: [110] ... ERROR KeyNoCEK[68]
2014/11/17 11:28:52: [111] ... ERROR KeyNoCEK[68]
2014/11/17 11:28:52: [112] ... ERROR KeyNoCEK[70]
2014/11/17 11:28:52: [113] ... ERROR KeyNoCEK[70]
2014/11/17 11:28:52: [114] ... ERROR KeyNoCEK[70]
2014/11/17 11:28:52: [115] ... ERROR KeyNoCEK[70]
2014/11/17 11:28:52: [116] ... ERROR KeyNoCEK[70]
2014/11/17 11:28:52: [117] ... ERROR KeyNoCEK[70]
2014/11/17 11:28:52: [118] ... ERROR KeyNoCEK[70]
2014/11/17 11:28:52: [119] ... ERROR KeyNoCEK[70]
2014/11/17 11:28:52: [120] ... ERROR KeyNoCEK[78]
2014/11/17 11:28:52: [121] ... ERROR KeyNoCEK[78]
2014/11/17 11:28:52: [122] ... ERROR KeyNoCEK[78]
2014/11/17 11:28:52: [123] ... ERROR KeyNoCEK[78]
2014/11/17 11:28:52: [124] ... ERROR KeyNoCEK[78]
2014/11/17 11:28:52: [125] ... ERROR KeyNoCEK[78]
2014/11/17 11:28:52: [126] ... ERROR KeyNoCEK[78]
2014/11/17 11:28:52: [127] ... ERROR KeyNoCEK[78]
2014/11/17 11:28:52: COM PORT CLOSE ... OK
2014/11/17 11:28:52: 
2014/11/17 11:28:52: ######## Error has occurred ########
2014/11/17 11:28:52: 
*************************************************


*********** Start the Initialize Key Check **********
2014/11/17 13:01:07: Tool Ver: 2013.0605.01
2014/11/17 13:01:07: Product S/N ... ERROR
2014/11/17 13:01:07: 
2014/11/17 13:01:07: ######## Error has occurred ########
2014/11/17 13:01:07: 
*************************************************


*********** Start the Initialize Key Check **********
2014/11/17 13:01:07: Tool Ver: 2013.0605.01
2014/11/17 13:01:07: Product S/N ... ERROR
2014/11/17 13:01:07: 
2014/11/17 13:01:07: ######## Error has occurred ########
2014/11/17 13:01:07: 
*************************************************


*********** Start the Initialize Key Check **********
2014/11/17 13:01:08: Tool Ver: 2013.0605.01
2014/11/17 13:01:08: Product S/N ... ERROR
2014/11/17 13:01:08: 
2014/11/17 13:01:08: ######## Error has occurred ########
2014/11/17 13:01:08: 
*************************************************


*********** Start the Initialize Key Check **********
2014/11/17 13:01:08: Tool Ver: 2013.0605.01
2014/11/17 13:01:08: Product S/N ... ERROR
2014/11/17 13:01:08: 
2014/11/17 13:01:08: ######## Error has occurred ########
2014/11/17 13:01:08: 
*************************************************


*********** Start the Initialize Key Check **********
2014/11/17 13:02:20: Tool Ver: 2013.0605.01
2014/11/17 13:02:20: COM PORT OPEN ... OK
2014/11/17 13:02:20:
2014/11/17 13:02:20: ProductS/N:  VRW06A114200900
2014/11/17 13:02:20: TID: 8604402A2AE62080
2014/11/17 13:02:20: F/W Version: 00.00.08
2014/11/17 13:02:20:
2014/11/17 13:02:21: MasterKey Key Entry ... OK
2014/11/17 13:02:21: PowerON Counter Key Entry ... OK
2014/11/17 13:02:21: Key Entry ... OK
2014/11/17 13:02:21: Complete.
2014/11/17 13:02:21: COM PORT CLOSE ... OK
2014/11/17 13:02:21: 
2014/11/17 13:02:21: ==== Processing was completed ====
2014/11/17 13:02:21: 
*************************************************


*********** Start the Initialize Key Check **********
2014/11/17 13:04:37: Tool Ver: 2013.0605.01
2014/11/17 13:04:37: COM PORT OPEN ... OK
2014/11/17 13:04:38:
2014/11/17 13:04:38: ProductS/N:  VRW06A113801151
2014/11/17 13:04:38: TID: 860409222AE62080
2014/11/17 13:04:38: F/W Version: 00.00.08
2014/11/17 13:04:38:
2014/11/17 13:04:38: MasterKey Key Entry ... OK
2014/11/17 13:04:38: PowerON Counter Key Entry ... OK
2014/11/17 13:04:38: Key Entry ... OK
2014/11/17 13:04:38: Complete.
2014/11/17 13:04:38: COM PORT CLOSE ... OK
2014/11/17 13:04:38: 
2014/11/17 13:04:38: ==== Processing was completed ====
2014/11/17 13:04:38: 
*************************************************


*********** Start the Initialize Key Check **********
2014/11/17 13:08:02: Tool Ver: 2013.0605.01
2014/11/17 13:08:02: COM PORT OPEN ... OK
2014/11/17 13:08:02:
2014/11/17 13:08:02: ProductS/N:  3X00434
2014/11/17 13:08:02: TID: 86043335D2E52080
2014/11/17 13:08:02: F/W Version: 00.00.08
2014/11/17 13:08:02:
2014/11/17 13:08:02: MasterKey Key Entry ... OK
2014/11/17 13:08:02: PowerON Counter Key Entry ... OK
2014/11/17 13:08:03: Key Entry ... OK
2014/11/17 13:08:03: Complete.
2014/11/17 13:08:03: COM PORT CLOSE ... OK
2014/11/17 13:08:03: 
2014/11/17 13:08:03: ==== Processing was completed ====
2014/11/17 13:08:03: 
*************************************************


*********** Start the Initialize Key Check **********
2014/11/17 14:43:06: Tool Ver: 2013.0605.01
2014/11/17 14:43:06: COM PORT OPEN ... OK
2014/11/17 14:43:06:
2014/11/17 14:43:06: ProductS/N:  4Y00713
2014/11/17 14:43:06: TID: 86040C3C32E62080
2014/11/17 14:43:06: F/W Version: 00.00.08
2014/11/17 14:43:06:
2014/11/17 14:43:06: MasterKey Key Entry ... OK
2014/11/17 14:43:06: PowerON Counter Key Entry ... OK
2014/11/17 14:43:07: Key Entry ... OK
2014/11/17 14:43:07: Complete.
2014/11/17 14:43:07: COM PORT CLOSE ... OK
2014/11/17 14:43:07: 
2014/11/17 14:43:07: ==== Processing was completed ====
2014/11/17 14:43:07: 
*************************************************


*********** Start the Initialize Key Check **********
2014/11/17 14:45:43: Tool Ver: 2013.0605.01
2014/11/17 14:45:43: COM PORT OPEN ... OK
2014/11/17 14:45:43:
2014/11/17 14:45:43: ProductS/N:  VRW06A114201086
2014/11/17 14:45:43: TID: 86043B232AE62080
2014/11/17 14:45:43: F/W Version: 00.00.08
2014/11/17 14:45:43:
2014/11/17 14:45:43: MasterKey Key Entry ... OK
2014/11/17 14:45:43: PowerON Counter Key Entry ... OK
2014/11/17 14:45:43: Key Entry ... OK
2014/11/17 14:45:43: Complete.
2014/11/17 14:45:43: COM PORT CLOSE ... OK
2014/11/17 14:45:43: 
2014/11/17 14:45:43: ==== Processing was completed ====
2014/11/17 14:45:43: 
*************************************************


