*********** Start the Initialize Key Check **********
2014/10/27 09:10:49: Tool Ver: 2013.0605.01
2014/10/27 09:10:49: COM PORT OPEN ... OK
2014/10/27 09:10:49:
2014/10/27 09:10:49: ProductS/N:  VRW06A113800914
2014/10/27 09:10:49: TID: 860413416A9F2980
2014/10/27 09:10:49: F/W Version: 00.00.08
2014/10/27 09:10:49:
2014/10/27 09:10:49: MasterKey Key Entry ... OK
2014/10/27 09:10:49: PowerON Counter Key Entry ... OK
2014/10/27 09:10:50: Key Entry ... OK
2014/10/27 09:10:50: Complete.
2014/10/27 09:10:50: COM PORT CLOSE ... OK
2014/10/27 09:10:50: 
2014/10/27 09:10:50: ==== Processing was completed ====
2014/10/27 09:10:50: 
*************************************************


*********** Start the Initialize Key Check **********
2014/10/27 09:12:11: Tool Ver: 2013.0605.01
2014/10/27 09:12:11: COM PORT OPEN ... OK
2014/10/27 09:12:11:
2014/10/27 09:12:11: ProductS/N:  VRW06A113801293
2014/10/27 09:12:11: TID: 860422316A9F2980
2014/10/27 09:12:11: F/W Version: 00.00.08
2014/10/27 09:12:11:
2014/10/27 09:12:11: MasterKey Key Entry ... OK
2014/10/27 09:12:11: PowerON Counter Key Entry ... OK
2014/10/27 09:12:12: Key Entry ... OK
2014/10/27 09:12:12: Complete.
2014/10/27 09:12:12: COM PORT CLOSE ... OK
2014/10/27 09:12:12: 
2014/10/27 09:12:12: ==== Processing was completed ====
2014/10/27 09:12:12: 
*************************************************


*********** Start the Initialize Key Check **********
2014/10/27 09:13:25: Tool Ver: 2013.0605.01
2014/10/27 09:13:25: COM PORT OPEN ... OK
2014/10/27 09:13:26:
2014/10/27 09:13:26: ProductS/N:  VRW06A113X02900
2014/10/27 09:13:26: TID: 8604260872842D80
2014/10/27 09:13:26: F/W Version: 00.00.08
2014/10/27 09:13:26:
2014/10/27 09:13:26: MasterKey Key Entry ... OK
2014/10/27 09:13:26: PowerON Counter Key Entry ... OK
2014/10/27 09:13:26: Key Entry ... OK
2014/10/27 09:13:26: Complete.
2014/10/27 09:13:26: COM PORT CLOSE ... OK
2014/10/27 09:13:26: 
2014/10/27 09:13:26: ==== Processing was completed ====
2014/10/27 09:13:26: 
*************************************************


*********** Start the Initialize Key Check **********
2014/10/27 09:14:50: Tool Ver: 2013.0605.01
2014/10/27 09:14:50: COM PORT OPEN ... OK
2014/10/27 09:14:50:
2014/10/27 09:14:50: ProductS/N:  VRW06A114200257
2014/10/27 09:14:50: TID: 8604303572842D80
2014/10/27 09:14:50: F/W Version: 00.00.08
2014/10/27 09:14:50:
2014/10/27 09:14:50: MasterKey Key Entry ... OK
2014/10/27 09:14:50: PowerON Counter Key Entry ... OK
2014/10/27 09:14:50: Key Entry ... OK
2014/10/27 09:14:50: Complete.
2014/10/27 09:14:50: COM PORT CLOSE ... OK
2014/10/27 09:14:50: 
2014/10/27 09:14:50: ==== Processing was completed ====
2014/10/27 09:14:50: 
*************************************************


*********** Start the Initialize Key Check **********
2014/10/27 09:15:36: Tool Ver: 2013.0605.01
2014/10/27 09:15:36: COM PORT OPEN ... OK
2014/10/27 09:15:36:
2014/10/27 09:15:36: ProductS/N:  VRW06A113X01627
2014/10/27 09:15:36: TID: 8604352C6A9F2980
2014/10/27 09:15:36: F/W Version: 00.00.08
2014/10/27 09:15:36:
2014/10/27 09:15:36: MasterKey Key Entry ... OK
2014/10/27 09:15:36: PowerON Counter Key Entry ... OK
2014/10/27 09:15:37: Key Entry ... OK
2014/10/27 09:15:37: Complete.
2014/10/27 09:15:37: COM PORT CLOSE ... OK
2014/10/27 09:15:37: 
2014/10/27 09:15:37: ==== Processing was completed ====
2014/10/27 09:15:37: 
*************************************************


*********** Start the Initialize Key Check **********
2014/10/27 09:16:48: Tool Ver: 2013.0605.01
2014/10/27 09:16:48: COM PORT OPEN ... OK
2014/10/27 09:16:48:
2014/10/27 09:16:48: ProductS/N:  VRW06A113800082
2014/10/27 09:16:48: TID: 8604282F6A9F2980
2014/10/27 09:16:48: F/W Version: 00.00.08
2014/10/27 09:16:48:
2014/10/27 09:16:48: MasterKey Key Entry ... OK
2014/10/27 09:16:48: PowerON Counter Key Entry ... OK
2014/10/27 09:16:48: Key Entry ... OK
2014/10/27 09:16:48: Complete.
2014/10/27 09:16:48: COM PORT CLOSE ... OK
2014/10/27 09:16:48: 
2014/10/27 09:16:48: ==== Processing was completed ====
2014/10/27 09:16:48: 
*************************************************


*********** Start the Initialize Key Check **********
2014/10/27 09:17:46: Tool Ver: 2013.0605.01
2014/10/27 09:17:46: COM PORT OPEN ... OK
2014/10/27 09:18:16: AUTH1 POS ... ERROR(FE00)
2014/10/27 09:18:16:
2014/10/27 09:18:16: ProductS/N:  VRW06A114400656
*********** Start the Initialize Key Check **********
2014/10/27 09:18:34: Tool Ver: 2013.0605.01
2014/10/27 09:18:34: COM PORT OPEN ... OK
2014/10/27 09:18:34:
2014/10/27 09:18:34: ProductS/N:  VRW06A114400656
2014/10/27 09:18:34: TID: 860429123AE62080
2014/10/27 09:18:34: F/W Version: 00.00.08
2014/10/27 09:18:34:
2014/10/27 09:18:34: MasterKey Key Entry ... OK
2014/10/27 09:18:34: PowerON Counter Key Entry ... OK
2014/10/27 09:18:35: Key Entry ... OK
2014/10/27 09:18:35: Complete.
2014/10/27 09:18:35: COM PORT CLOSE ... OK
2014/10/27 09:18:35: 
2014/10/27 09:18:35: ==== Processing was completed ====
2014/10/27 09:18:35: 
*************************************************


*********** Start the Initialize Key Check **********
2014/10/27 11:45:23: Tool Ver: 2013.0605.01
2014/10/27 11:45:23: COM PORT OPEN ... OK
2014/10/27 11:45:23:
2014/10/27 11:45:23: ProductS/N:  VRW06A114400499
2014/10/27 11:45:23: TID: 86041C232AE62080
2014/10/27 11:45:23: F/W Version: 00.00.08
2014/10/27 11:45:23:
2014/10/27 11:45:23: MasterKey Key Entry ... OK
2014/10/27 11:45:23: PowerON Counter Key Entry ... OK
2014/10/27 11:45:24: Key Entry ... OK
2014/10/27 11:45:24: Complete.
2014/10/27 11:45:24: COM PORT CLOSE ... OK
2014/10/27 11:45:24: 
2014/10/27 11:45:24: ==== Processing was completed ====
2014/10/27 11:45:24: 
*************************************************


*********** Start the Initialize Key Check **********
2014/10/27 11:46:13: Tool Ver: 2013.0605.01
2014/10/27 11:46:13: COM PORT OPEN ... OK
2014/10/27 11:46:13:
2014/10/27 11:46:13: ProductS/N:  VRW06A114200083
2014/10/27 11:46:13: TID: 860429286A9F2980
2014/10/27 11:46:13: F/W Version: 00.00.08
2014/10/27 11:46:13:
2014/10/27 11:46:13: MasterKey Key Entry ... OK
2014/10/27 11:46:13: PowerON Counter Key Entry ... OK
2014/10/27 11:46:13: Key Entry ... OK
2014/10/27 11:46:13: Complete.
2014/10/27 11:46:13: COM PORT CLOSE ... OK
2014/10/27 11:46:13: 
2014/10/27 11:46:13: ==== Processing was completed ====
2014/10/27 11:46:13: 
*************************************************


*********** Start the Initialize Key Check **********
2014/10/27 13:05:59: Tool Ver: 2013.0605.01
2014/10/27 13:05:59: COM PORT OPEN ... OK
2014/10/27 13:05:59:
2014/10/27 13:05:59: ProductS/N:  VRW06A113801416
2014/10/27 13:05:59: TID: 860437116A9F2980
2014/10/27 13:05:59: F/W Version: 00.00.08
2014/10/27 13:05:59:
2014/10/27 13:05:59: MasterKey Key Entry ... OK
2014/10/27 13:05:59: PowerON Counter Key Entry ... OK
2014/10/27 13:06:00: Key Entry ... OK
2014/10/27 13:06:00: Complete.
2014/10/27 13:06:00: COM PORT CLOSE ... OK
2014/10/27 13:06:00: 
2014/10/27 13:06:00: ==== Processing was completed ====
2014/10/27 13:06:00: 
*************************************************


*********** Start the Initialize Key Check **********
2014/10/27 14:31:26: Tool Ver: 2013.0605.01
2014/10/27 14:31:26: COM PORT OPEN ... OK
2014/10/27 14:31:26:
2014/10/27 14:31:26: ProductS/N:  VRW06A114401676
2014/10/27 14:31:26: TID: 86042F3C32E62080
2014/10/27 14:31:26: F/W Version: 00.00.08
2014/10/27 14:31:26:
2014/10/27 14:31:26: MasterKey Key Entry ... OK
2014/10/27 14:31:26: PowerON Counter Key Entry ... OK
2014/10/27 14:31:27: Key Entry ... OK
2014/10/27 14:31:27: Complete.
2014/10/27 14:31:27: COM PORT CLOSE ... OK
2014/10/27 14:31:27: 
2014/10/27 14:31:27: ==== Processing was completed ====
2014/10/27 14:31:27: 
*************************************************


*********** Start the Initialize Key Check **********
2014/10/27 14:32:18: Tool Ver: 2013.0605.01
2014/10/27 14:32:18: COM PORT OPEN ... OK
2014/10/27 14:32:18:
2014/10/27 14:32:18: ProductS/N:  VRW06A114201558
2014/10/27 14:32:18: TID: 8604251172842D80
2014/10/27 14:32:18: F/W Version: 00.00.08
2014/10/27 14:32:18:
2014/10/27 14:32:18: MasterKey Key Entry ... OK
2014/10/27 14:32:18: PowerON Counter Key Entry ... OK
2014/10/27 14:32:19: Key Entry ... OK
2014/10/27 14:32:19: Complete.
2014/10/27 14:32:19: COM PORT CLOSE ... OK
2014/10/27 14:32:19: 
2014/10/27 14:32:19: ==== Processing was completed ====
2014/10/27 14:32:19: 
*************************************************


*********** Start the Initialize Key Check **********
2014/10/27 14:32:59: Tool Ver: 2013.0605.01
2014/10/27 14:32:59: COM PORT OPEN ... OK
2014/10/27 14:32:59:
2014/10/27 14:32:59: ProductS/N:  VRW06A113X00823
2014/10/27 14:32:59: TID: 86042D186A9F2980
2014/10/27 14:32:59: F/W Version: 00.00.08
2014/10/27 14:32:59:
2014/10/27 14:32:59: MasterKey Key Entry ... OK
2014/10/27 14:32:59: PowerON Counter Key Entry ... OK
2014/10/27 14:32:59: Key Entry ... OK
2014/10/27 14:32:59: Complete.
2014/10/27 14:32:59: COM PORT CLOSE ... OK
2014/10/27 14:32:59: 
2014/10/27 14:32:59: ==== Processing was completed ====
2014/10/27 14:32:59: 
*************************************************


*********** Start the Initialize Key Check **********
2014/10/27 14:45:48: Tool Ver: 2013.0605.01
2014/10/27 14:45:48: COM PORT OPEN ... OK
2014/10/27 14:45:48:
2014/10/27 14:45:48: ProductS/N:  VRW06A113X00014
2014/10/27 14:45:48: TID: 8604382072842D80
2014/10/27 14:45:48: F/W Version: 00.00.08
2014/10/27 14:45:48:
2014/10/27 14:45:48: MasterKey Key Entry ... OK
2014/10/27 14:45:48: PowerON Counter Key Entry ... OK
2014/10/27 14:45:48: Key Entry ... OK
2014/10/27 14:45:48: Complete.
2014/10/27 14:45:48: COM PORT CLOSE ... OK
2014/10/27 14:45:48: 
2014/10/27 14:45:48: ==== Processing was completed ====
2014/10/27 14:45:48: 
*************************************************


*********** Start the Initialize Key Check **********
2014/10/27 14:46:34: Tool Ver: 2013.0605.01
2014/10/27 14:46:34: COM PORT OPEN ... OK
2014/10/27 14:46:35:
2014/10/27 14:46:35: ProductS/N:  VRW06A113X02295
2014/10/27 14:46:35: TID: 860433236A9F2980
2014/10/27 14:46:35: F/W Version: 00.00.08
2014/10/27 14:46:35:
2014/10/27 14:46:35: MasterKey Key Entry ... OK
2014/10/27 14:46:35: PowerON Counter Key Entry ... OK
2014/10/27 14:46:35: Key Entry ... OK
2014/10/27 14:46:35: Complete.
2014/10/27 14:46:35: COM PORT CLOSE ... OK
2014/10/27 14:46:35: 
2014/10/27 14:46:35: ==== Processing was completed ====
2014/10/27 14:46:35: 
*************************************************


*********** Start the Initialize Key Check **********
2014/10/27 14:47:26: Tool Ver: 2013.0605.01
2014/10/27 14:47:26: COM PORT OPEN ... OK
2014/10/27 14:47:26:
2014/10/27 14:47:26: ProductS/N:  VRW06A114302450
2014/10/27 14:47:26: TID: 860424296A9F2980
2014/10/27 14:47:26: F/W Version: 00.00.08
2014/10/27 14:47:26:
2014/10/27 14:47:26: MasterKey Key Entry ... OK
2014/10/27 14:47:26: PowerON Counter Key Entry ... OK
2014/10/27 14:47:27: Key Entry ... OK
2014/10/27 14:47:27: Complete.
2014/10/27 14:47:27: COM PORT CLOSE ... OK
2014/10/27 14:47:27: 
2014/10/27 14:47:27: ==== Processing was completed ====
2014/10/27 14:47:27: 
*************************************************


*********** Start the Initialize Key Check **********
2014/10/27 15:29:28: Tool Ver: 2013.0605.01
2014/10/27 15:29:28: COM PORT OPEN ... OK
2014/10/27 15:29:28:
2014/10/27 15:29:28: ProductS/N:  VRW06A114302982
2014/10/27 15:29:28: TID: 860414193AE62080
2014/10/27 15:29:28: F/W Version: 00.00.08
2014/10/27 15:29:28:
2014/10/27 15:29:28: MasterKey Key Entry ... OK
2014/10/27 15:29:28: PowerON Counter Key Entry ... OK
2014/10/27 15:29:29: Key Entry ... OK
2014/10/27 15:29:29: Complete.
2014/10/27 15:29:29: COM PORT CLOSE ... OK
2014/10/27 15:29:29: 
2014/10/27 15:29:29: ==== Processing was completed ====
2014/10/27 15:29:29: 
*************************************************


*********** Start the Initialize Key Check **********
2014/10/27 15:30:17: Tool Ver: 2013.0605.01
2014/10/27 15:30:17: COM PORT OPEN ... OK
2014/10/27 15:30:17:
2014/10/27 15:30:17: ProductS/N:  VRW06A114200458
2014/10/27 15:30:17: TID: 86043523025B2980
2014/10/27 15:30:17: F/W Version: 00.00.08
2014/10/27 15:30:17:
2014/10/27 15:30:17: MasterKey Key Entry ... OK
2014/10/27 15:30:17: PowerON Counter Key Entry ... OK
2014/10/27 15:30:18: Key Entry ... OK
2014/10/27 15:30:18: Complete.
2014/10/27 15:30:18: COM PORT CLOSE ... OK
2014/10/27 15:30:18: 
2014/10/27 15:30:18: ==== Processing was completed ====
2014/10/27 15:30:18: 
*************************************************


*********** Start the Initialize Key Check **********
2014/10/27 15:31:01: Tool Ver: 2013.0605.01
2014/10/27 15:31:01: COM PORT OPEN ... OK
2014/10/27 15:31:02:
2014/10/27 15:31:02: ProductS/N:  VRW06A114200920
2014/10/27 15:31:02: TID: 8604323E629F2980
2014/10/27 15:31:02: F/W Version: 00.00.08
2014/10/27 15:31:02:
2014/10/27 15:31:02: MasterKey Key Entry ... OK
2014/10/27 15:31:02: PowerON Counter Key Entry ... OK
2014/10/27 15:31:02: Key Entry ... OK
2014/10/27 15:31:02: Complete.
2014/10/27 15:31:02: COM PORT CLOSE ... OK
2014/10/27 15:31:02: 
2014/10/27 15:31:02: ==== Processing was completed ====
2014/10/27 15:31:02: 
*************************************************


