*********** Start the Initialize Key Check **********
2014/11/07 08:11:21: Tool Ver: 2013.0605.01
2014/11/07 08:11:21: COM PORT OPEN ... OK
2014/11/07 08:11:21:
2014/11/07 08:11:21: ProductS/N:  VRW06A114Y00361
2014/11/07 08:11:21: TID: 8604383AD2E52080
2014/11/07 08:11:21: F/W Version: 00.00.08
2014/11/07 08:11:21:
2014/11/07 08:11:21: MasterKey Key Entry ... OK
2014/11/07 08:11:21: PowerON Counter Key Entry ... OK
2014/11/07 08:11:22: Key Entry ... OK
2014/11/07 08:11:22: Complete.
2014/11/07 08:11:22: COM PORT CLOSE ... OK
2014/11/07 08:11:22: 
2014/11/07 08:11:22: ==== Processing was completed ====
2014/11/07 08:11:22: 
*************************************************


*********** Start the Initialize Key Check **********
2014/11/07 08:34:44: Tool Ver: 2013.0605.01
2014/11/07 08:34:44: COM PORT OPEN ... OK
2014/11/07 08:34:45:
2014/11/07 08:34:45: ProductS/N:  VRW06A114Y00360
2014/11/07 08:34:45: TID: 86043736D2E52080
2014/11/07 08:34:45: F/W Version: 00.00.08
2014/11/07 08:34:45:
2014/11/07 08:34:45: MasterKey Key Entry ... OK
2014/11/07 08:34:45: PowerON Counter Key Entry ... OK
2014/11/07 08:34:45: Key Entry ... OK
2014/11/07 08:34:45: Complete.
2014/11/07 08:34:45: COM PORT CLOSE ... OK
2014/11/07 08:34:45: 
2014/11/07 08:34:45: ==== Processing was completed ====
2014/11/07 08:34:45: 
*************************************************


*********** Start the Initialize Key Check **********
2014/11/07 08:36:38: Tool Ver: 2013.0605.01
2014/11/07 08:36:38: COM PORT OPEN ... OK
2014/11/07 08:36:38:
2014/11/07 08:36:38: ProductS/N:  VRW06A114Y00363
2014/11/07 08:36:38: TID: 86040634D2E52080
2014/11/07 08:36:38: F/W Version: 00.00.08
2014/11/07 08:36:38:
2014/11/07 08:36:38: MasterKey Key Entry ... OK
2014/11/07 08:36:38: PowerON Counter Key Entry ... OK
2014/11/07 08:36:39: Key Entry ... OK
2014/11/07 08:36:39: Complete.
2014/11/07 08:36:39: COM PORT CLOSE ... OK
2014/11/07 08:36:39: 
2014/11/07 08:36:39: ==== Processing was completed ====
2014/11/07 08:36:39: 
*************************************************


*********** Start the Initialize Key Check **********
2014/11/07 08:37:42: Tool Ver: 2013.0605.01
2014/11/07 08:37:42: COM PORT OPEN ... OK
2014/11/07 08:37:42:
2014/11/07 08:37:42: ProductS/N:  VRW06A114Y00276
2014/11/07 08:37:42: TID: 8604323CD2E52080
2014/11/07 08:37:42: F/W Version: 00.00.08
2014/11/07 08:37:42:
2014/11/07 08:37:42: MasterKey Key Entry ... OK
2014/11/07 08:37:42: PowerON Counter Key Entry ... OK
2014/11/07 08:37:43: Key Entry ... OK
2014/11/07 08:37:43: Complete.
2014/11/07 08:37:43: COM PORT CLOSE ... OK
2014/11/07 08:37:43: 
2014/11/07 08:37:43: ==== Processing was completed ====
2014/11/07 08:37:43: 
*************************************************


*********** Start the Initialize Key Check **********
2014/11/07 09:07:37: Tool Ver: 2013.0605.01
2014/11/07 09:07:37: COM PORT OPEN ... OK
2014/11/07 09:07:37:
2014/11/07 09:07:37: ProductS/N:  VRW06A114Y00355
2014/11/07 09:07:37: TID: 86041D35D2E52080
2014/11/07 09:07:37: F/W Version: 00.00.08
2014/11/07 09:07:37:
2014/11/07 09:07:37: MasterKey Key Entry ... OK
2014/11/07 09:07:37: PowerON Counter Key Entry ... OK
2014/11/07 09:07:37: Key Entry ... OK
2014/11/07 09:07:37: Complete.
2014/11/07 09:07:37: COM PORT CLOSE ... OK
2014/11/07 09:07:37: 
2014/11/07 09:07:37: ==== Processing was completed ====
2014/11/07 09:07:37: 
*************************************************


*********** Start the Initialize Key Check **********
2014/11/07 09:11:22: Tool Ver: 2013.0605.01
2014/11/07 09:11:22: COM PORT OPEN ... OK
2014/11/07 09:11:22:
2014/11/07 09:11:22: ProductS/N:  VRW06A114Y00277
2014/11/07 09:11:22: TID: 86042734D2E52080
2014/11/07 09:11:22: F/W Version: 00.00.08
2014/11/07 09:11:22:
2014/11/07 09:11:22: MasterKey Key Entry ... OK
2014/11/07 09:11:22: PowerON Counter Key Entry ... OK
2014/11/07 09:11:23: Key Entry ... OK
2014/11/07 09:11:23: Complete.
2014/11/07 09:11:23: COM PORT CLOSE ... OK
2014/11/07 09:11:23: 
2014/11/07 09:11:23: ==== Processing was completed ====
2014/11/07 09:11:23: 
*************************************************


*********** Start the Initialize Key Check **********
2014/11/07 09:15:24: Tool Ver: 2013.0605.01
2014/11/07 09:15:24: COM PORT OPEN ... OK
2014/11/07 09:15:24:
2014/11/07 09:15:24: ProductS/N:  VRW06A114Y00359
2014/11/07 09:15:24: TID: 8604343ED2E52080
2014/11/07 09:15:24: F/W Version: 00.00.08
2014/11/07 09:15:24:
2014/11/07 09:15:24: MasterKey Key Entry ... OK
2014/11/07 09:15:24: PowerON Counter Key Entry ... OK
2014/11/07 09:15:25: Key Entry ... OK
2014/11/07 09:15:25: Complete.
2014/11/07 09:15:25: COM PORT CLOSE ... OK
2014/11/07 09:15:25: 
2014/11/07 09:15:25: ==== Processing was completed ====
2014/11/07 09:15:25: 
*************************************************


*********** Start the Initialize Key Check **********
2014/11/07 09:33:03: Tool Ver: 2013.0605.01
2014/11/07 09:33:03: COM PORT OPEN ... OK
2014/11/07 09:33:03:
2014/11/07 09:33:03: ProductS/N:  VRW06A114Y00373
2014/11/07 09:33:03: TID: 8604122ED2E52080
2014/11/07 09:33:03: F/W Version: 00.00.08
2014/11/07 09:33:03:
2014/11/07 09:33:03: MasterKey Key Entry ... OK
2014/11/07 09:33:03: PowerON Counter Key Entry ... OK
2014/11/07 09:33:04: Key Entry ... OK
2014/11/07 09:33:04: Complete.
2014/11/07 09:33:04: COM PORT CLOSE ... OK
2014/11/07 09:33:04: 
2014/11/07 09:33:04: ==== Processing was completed ====
2014/11/07 09:33:04: 
*************************************************


*********** Start the Initialize Key Check **********
2014/11/07 09:33:55: Tool Ver: 2013.0605.01
2014/11/07 09:33:55: COM PORT OPEN ... OK
2014/11/07 09:33:55:
2014/11/07 09:33:55: ProductS/N:  VRW06A114Y00380
2014/11/07 09:33:55: TID: 86042834D2E52080
2014/11/07 09:33:55: F/W Version: 00.00.08
2014/11/07 09:33:55:
2014/11/07 09:33:55: MasterKey Key Entry ... OK
2014/11/07 09:33:55: PowerON Counter Key Entry ... OK
2014/11/07 09:33:56: Key Entry ... OK
2014/11/07 09:33:56: Complete.
2014/11/07 09:33:56: COM PORT CLOSE ... OK
2014/11/07 09:33:56: 
2014/11/07 09:33:56: ==== Processing was completed ====
2014/11/07 09:33:56: 
*************************************************


*********** Start the Initialize Key Check **********
2014/11/07 09:39:09: Tool Ver: 2013.0605.01
2014/11/07 09:39:09: COM PORT OPEN ... OK
2014/11/07 09:39:09:
2014/11/07 09:39:09: ProductS/N:  VRW06A114Y00385
2014/11/07 09:39:09: TID: 8604133BD2E52080
2014/11/07 09:39:09: F/W Version: 00.00.08
2014/11/07 09:39:09:
2014/11/07 09:39:09: MasterKey Key Entry ... OK
2014/11/07 09:39:09: PowerON Counter Key Entry ... OK
2014/11/07 09:39:10: Key Entry ... OK
2014/11/07 09:39:10: Complete.
2014/11/07 09:39:10: COM PORT CLOSE ... OK
2014/11/07 09:39:10: 
2014/11/07 09:39:10: ==== Processing was completed ====
2014/11/07 09:39:10: 
*************************************************


*********** Start the Initialize Key Check **********
2014/11/07 09:48:38: Tool Ver: 2013.0605.01
2014/11/07 09:48:38: COM PORT OPEN ... OK
2014/11/07 09:48:38:
2014/11/07 09:48:38: ProductS/N:  VRW06A114Y00304
2014/11/07 09:48:38: TID: 8604233CD2E52080
2014/11/07 09:48:38: F/W Version: 00.00.08
2014/11/07 09:48:38:
2014/11/07 09:48:38: MasterKey Key Entry ... OK
2014/11/07 09:48:38: PowerON Counter Key Entry ... OK
2014/11/07 09:48:39: Key Entry ... OK
2014/11/07 09:48:39: Complete.
2014/11/07 09:48:39: COM PORT CLOSE ... OK
2014/11/07 09:48:39: 
2014/11/07 09:48:39: ==== Processing was completed ====
2014/11/07 09:48:39: 
*************************************************


*********** Start the Initialize Key Check **********
2014/11/07 09:51:19: Tool Ver: 2013.0605.01
2014/11/07 09:51:19: COM PORT OPEN ... OK
2014/11/07 09:51:19:
2014/11/07 09:51:19: ProductS/N:  VRW06A114Y00387
2014/11/07 09:51:19: TID: 86042A39D2E52080
2014/11/07 09:51:19: F/W Version: 00.00.08
2014/11/07 09:51:19:
2014/11/07 09:51:19: MasterKey Key Entry ... OK
2014/11/07 09:51:19: PowerON Counter Key Entry ... OK
2014/11/07 09:51:20: Key Entry ... OK
2014/11/07 09:51:20: Complete.
2014/11/07 09:51:20: COM PORT CLOSE ... OK
2014/11/07 09:51:20: 
2014/11/07 09:51:20: ==== Processing was completed ====
2014/11/07 09:51:20: 
*************************************************


*********** Start the Initialize Key Check **********
2014/11/07 09:55:31: Tool Ver: 2013.0605.01
2014/11/07 09:55:31: COM PORT OPEN ... OK
2014/11/07 09:55:31:
2014/11/07 09:55:31: ProductS/N:  VRW06A114Y00382
2014/11/07 09:55:31: TID: 860407292AE62080
2014/11/07 09:55:31: F/W Version: 00.00.08
2014/11/07 09:55:31:
2014/11/07 09:55:31: MasterKey Key Entry ... OK
2014/11/07 09:55:31: PowerON Counter Key Entry ... OK
2014/11/07 09:55:32: Key Entry ... OK
2014/11/07 09:55:32: Complete.
2014/11/07 09:55:32: COM PORT CLOSE ... OK
2014/11/07 09:55:32: 
2014/11/07 09:55:32: ==== Processing was completed ====
2014/11/07 09:55:32: 
*************************************************


*********** Start the Initialize Key Check **********
2014/11/07 10:10:33: Tool Ver: 2013.0605.01
2014/11/07 10:10:33: COM PORT OPEN ... OK
2014/11/07 10:10:33:
2014/11/07 10:10:33: ProductS/N:  VRW06A114Y00252
2014/11/07 10:10:33: TID: 8604273AD2E52080
2014/11/07 10:10:33: F/W Version: 00.00.08
2014/11/07 10:10:33:
2014/11/07 10:10:33: MasterKey Key Entry ... OK
2014/11/07 10:10:33: PowerON Counter Key Entry ... OK
2014/11/07 10:10:33: Key Entry ... OK
2014/11/07 10:10:33: Complete.
2014/11/07 10:10:33: COM PORT CLOSE ... OK
2014/11/07 10:10:33: 
2014/11/07 10:10:33: ==== Processing was completed ====
2014/11/07 10:10:33: 
*************************************************


*********** Start the Initialize Key Check **********
2014/11/07 10:15:21: Tool Ver: 2013.0605.01
2014/11/07 10:15:21: COM PORT OPEN ... OK
2014/11/07 10:15:21:
2014/11/07 10:15:21: ProductS/N:  VRW06A114Y00364
2014/11/07 10:15:21: TID: 86043A35D2E52080
2014/11/07 10:15:21: F/W Version: 00.00.08
2014/11/07 10:15:21:
2014/11/07 10:15:21: MasterKey Key Entry ... OK
2014/11/07 10:15:21: PowerON Counter Key Entry ... OK
2014/11/07 10:15:22: Key Entry ... OK
2014/11/07 10:15:22: Complete.
2014/11/07 10:15:22: COM PORT CLOSE ... OK
2014/11/07 10:15:22: 
2014/11/07 10:15:22: ==== Processing was completed ====
2014/11/07 10:15:22: 
*************************************************


*********** Start the Initialize Key Check **********
2014/11/07 10:19:01: Tool Ver: 2013.0605.01
2014/11/07 10:19:01: COM PORT OPEN ... OK
2014/11/07 10:19:01:
2014/11/07 10:19:01: ProductS/N:  VRW06A114Y00386
2014/11/07 10:19:01: TID: 86041736D2E52080
2014/11/07 10:19:01: F/W Version: 00.00.08
2014/11/07 10:19:01:
2014/11/07 10:19:01: MasterKey Key Entry ... OK
2014/11/07 10:19:01: PowerON Counter Key Entry ... OK
2014/11/07 10:19:02: Key Entry ... OK
2014/11/07 10:19:02: Complete.
2014/11/07 10:19:02: COM PORT CLOSE ... OK
2014/11/07 10:19:02: 
2014/11/07 10:19:02: ==== Processing was completed ====
2014/11/07 10:19:02: 
*************************************************


*********** Start the Initialize Key Check **********
2014/11/07 10:22:18: Tool Ver: 2013.0605.01
2014/11/07 10:22:18: COM PORT OPEN ... OK
2014/11/07 10:22:18:
2014/11/07 10:22:18: ProductS/N:  VRW06A114Y00389
2014/11/07 10:22:18: TID: 86040B1F2AE62080
2014/11/07 10:22:18: F/W Version: 00.00.08
2014/11/07 10:22:18:
2014/11/07 10:22:18: MasterKey Key Entry ... OK
2014/11/07 10:22:18: PowerON Counter Key Entry ... OK
2014/11/07 10:22:18: Key Entry ... OK
2014/11/07 10:22:18: Complete.
2014/11/07 10:22:18: COM PORT CLOSE ... OK
2014/11/07 10:22:18: 
2014/11/07 10:22:18: ==== Processing was completed ====
2014/11/07 10:22:18: 
*************************************************


*********** Start the Initialize Key Check **********
2014/11/07 10:25:06: Tool Ver: 2013.0605.01
2014/11/07 10:25:06: COM PORT OPEN ... OK
2014/11/07 10:25:06:
2014/11/07 10:25:06: ProductS/N:  VRW06A114Y00392
2014/11/07 10:25:06: TID: 86041D3BD2E52080
2014/11/07 10:25:06: F/W Version: 00.00.08
2014/11/07 10:25:06:
2014/11/07 10:25:06: MasterKey Key Entry ... OK
2014/11/07 10:25:06: PowerON Counter Key Entry ... OK
2014/11/07 10:25:07: Key Entry ... OK
2014/11/07 10:25:07: Complete.
2014/11/07 10:25:07: COM PORT CLOSE ... OK
2014/11/07 10:25:07: 
2014/11/07 10:25:07: ==== Processing was completed ====
2014/11/07 10:25:07: 
*************************************************


*********** Start the Initialize Key Check **********
2014/11/07 10:30:06: Tool Ver: 2013.0605.01
2014/11/07 10:30:06: COM PORT OPEN ... OK
2014/11/07 10:30:06:
2014/11/07 10:30:06: ProductS/N:  VRW06A114Y00396
2014/11/07 10:30:06: TID: 86041F3BD2E52080
2014/11/07 10:30:06: F/W Version: 00.00.08
2014/11/07 10:30:06:
2014/11/07 10:30:06: MasterKey Key Entry ... OK
2014/11/07 10:30:06: PowerON Counter Key Entry ... OK
2014/11/07 10:30:07: Key Entry ... OK
2014/11/07 10:30:07: Complete.
2014/11/07 10:30:07: COM PORT CLOSE ... OK
2014/11/07 10:30:07: 
2014/11/07 10:30:07: ==== Processing was completed ====
2014/11/07 10:30:07: 
*************************************************


*********** Start the Initialize Key Check **********
2014/11/07 10:32:34: Tool Ver: 2013.0605.01
2014/11/07 10:32:34: COM PORT OPEN ... OK
2014/11/07 10:32:34:
2014/11/07 10:32:34: ProductS/N:  VRW06A114Y00395
2014/11/07 10:32:34: TID: 86042334D2E52080
2014/11/07 10:32:34: F/W Version: 00.00.08
2014/11/07 10:32:34:
2014/11/07 10:32:34: MasterKey Key Entry ... OK
2014/11/07 10:32:34: PowerON Counter Key Entry ... OK
2014/11/07 10:32:35: Key Entry ... OK
2014/11/07 10:32:35: Complete.
2014/11/07 10:32:35: COM PORT CLOSE ... OK
2014/11/07 10:32:35: 
2014/11/07 10:32:35: ==== Processing was completed ====
2014/11/07 10:32:35: 
*************************************************


*********** Start the Initialize Key Check **********
2014/11/07 10:35:58: Tool Ver: 2013.0605.01
2014/11/07 10:35:58: COM PORT OPEN ... OK
2014/11/07 10:35:58:
2014/11/07 10:35:58: ProductS/N:  VRW06A114Y00399
2014/11/07 10:35:58: TID: 86042539D2E52080
2014/11/07 10:35:58: F/W Version: 00.00.08
2014/11/07 10:35:58:
2014/11/07 10:35:58: MasterKey Key Entry ... OK
2014/11/07 10:35:58: PowerON Counter Key Entry ... OK
2014/11/07 10:35:59: Key Entry ... OK
2014/11/07 10:35:59: Complete.
2014/11/07 10:35:59: COM PORT CLOSE ... OK
2014/11/07 10:35:59: 
2014/11/07 10:35:59: ==== Processing was completed ====
2014/11/07 10:35:59: 
*************************************************


*********** Start the Initialize Key Check **********
2014/11/07 10:38:48: Tool Ver: 2013.0605.01
2014/11/07 10:38:48: COM PORT OPEN ... OK
2014/11/07 10:38:48:
2014/11/07 10:38:48: ProductS/N:  VRW06A114Y00390
2014/11/07 10:38:48: TID: 86043238D2E52080
2014/11/07 10:38:48: F/W Version: 00.00.08
2014/11/07 10:38:48:
2014/11/07 10:38:48: MasterKey Key Entry ... OK
2014/11/07 10:38:48: PowerON Counter Key Entry ... OK
2014/11/07 10:38:49: Key Entry ... OK
2014/11/07 10:38:49: Complete.
2014/11/07 10:38:49: COM PORT CLOSE ... OK
2014/11/07 10:38:49: 
2014/11/07 10:38:49: ==== Processing was completed ====
2014/11/07 10:38:49: 
*************************************************


*********** Start the Initialize Key Check **********
2014/11/07 10:42:45: Tool Ver: 2013.0605.01
2014/11/07 10:42:45: COM PORT OPEN ... OK
2014/11/07 10:42:45:
2014/11/07 10:42:45: ProductS/N:  VRW06A114Y00400
2014/11/07 10:42:45: TID: 86043036D2E52080
2014/11/07 10:42:45: F/W Version: 00.00.08
2014/11/07 10:42:45:
2014/11/07 10:42:45: MasterKey Key Entry ... OK
2014/11/07 10:42:45: PowerON Counter Key Entry ... OK
2014/11/07 10:42:45: Key Entry ... OK
2014/11/07 10:42:45: Complete.
2014/11/07 10:42:45: COM PORT CLOSE ... OK
2014/11/07 10:42:45: 
2014/11/07 10:42:45: ==== Processing was completed ====
2014/11/07 10:42:45: 
*************************************************


*********** Start the Initialize Key Check **********
2014/11/07 10:46:07: Tool Ver: 2013.0605.01
2014/11/07 10:46:07: COM PORT OPEN ... OK
2014/11/07 10:46:07:
2014/11/07 10:46:07: ProductS/N:  VRW06A114Y00388
2014/11/07 10:46:07: TID: 86041B0BCAE52080
2014/11/07 10:46:07: F/W Version: 00.00.08
2014/11/07 10:46:07:
2014/11/07 10:46:07: MasterKey Key Entry ... OK
2014/11/07 10:46:07: PowerON Counter Key Entry ... OK
2014/11/07 10:46:08: Key Entry ... OK
2014/11/07 10:46:08: Complete.
2014/11/07 10:46:08: COM PORT CLOSE ... OK
2014/11/07 10:46:08: 
2014/11/07 10:46:08: ==== Processing was completed ====
2014/11/07 10:46:08: 
*************************************************


*********** Start the Initialize Key Check **********
2014/11/07 10:50:27: Tool Ver: 2013.0605.01
2014/11/07 10:50:27: COM PORT OPEN ... OK
2014/11/07 10:50:27:
2014/11/07 10:50:27: ProductS/N:  VRW06A114Y00394
2014/11/07 10:50:27: TID: 86043638D2E52080
2014/11/07 10:50:28: F/W Version: 00.00.08
2014/11/07 10:50:28:
2014/11/07 10:50:28: MasterKey Key Entry ... OK
2014/11/07 10:50:28: PowerON Counter Key Entry ... OK
2014/11/07 10:50:28: Key Entry ... OK
2014/11/07 10:50:28: Complete.
2014/11/07 10:50:28: COM PORT CLOSE ... OK
2014/11/07 10:50:28: 
2014/11/07 10:50:28: ==== Processing was completed ====
2014/11/07 10:50:28: 
*************************************************


*********** Start the Initialize Key Check **********
2014/11/07 10:53:34: Tool Ver: 2013.0605.01
2014/11/07 10:53:34: COM PORT OPEN ... OK
2014/11/07 10:53:34:
2014/11/07 10:53:34: ProductS/N:  VRW06A114Y00404
2014/11/07 10:53:34: TID: 86041409D2E52080
2014/11/07 10:53:34: F/W Version: 00.00.08
2014/11/07 10:53:34:
2014/11/07 10:53:34: MasterKey Key Entry ... OK
2014/11/07 10:53:34: PowerON Counter Key Entry ... OK
2014/11/07 10:53:35: Key Entry ... OK
2014/11/07 10:53:35: Complete.
2014/11/07 10:53:35: COM PORT CLOSE ... OK
2014/11/07 10:53:35: 
2014/11/07 10:53:35: ==== Processing was completed ====
2014/11/07 10:53:35: 
*************************************************


*********** Start the Initialize Key Check **********
2014/11/07 10:56:30: Tool Ver: 2013.0605.01
2014/11/07 10:56:30: COM PORT OPEN ... OK
2014/11/07 10:56:30:
2014/11/07 10:56:30: ProductS/N:  VRW06A114Y00384
2014/11/07 10:56:30: TID: 86041D38D2E52080
2014/11/07 10:56:30: F/W Version: 00.00.08
2014/11/07 10:56:30:
2014/11/07 10:56:30: MasterKey Key Entry ... OK
2014/11/07 10:56:30: PowerON Counter Key Entry ... OK
2014/11/07 10:56:31: Key Entry ... OK
2014/11/07 10:56:31: Complete.
2014/11/07 10:56:31: COM PORT CLOSE ... OK
2014/11/07 10:56:31: 
2014/11/07 10:56:31: ==== Processing was completed ====
2014/11/07 10:56:31: 
*************************************************


*********** Start the Initialize Key Check **********
2014/11/07 10:59:20: Tool Ver: 2013.0605.01
2014/11/07 10:59:20: COM PORT OPEN ... OK
2014/11/07 10:59:20:
2014/11/07 10:59:20: ProductS/N:  VRW06A114Y00398
2014/11/07 10:59:20: TID: 86042A3ED2E52080
2014/11/07 10:59:20: F/W Version: 00.00.08
2014/11/07 10:59:20:
2014/11/07 10:59:20: MasterKey Key Entry ... OK
2014/11/07 10:59:20: PowerON Counter Key Entry ... OK
2014/11/07 10:59:20: Key Entry ... OK
2014/11/07 10:59:20: Complete.
2014/11/07 10:59:20: COM PORT CLOSE ... OK
2014/11/07 10:59:20: 
2014/11/07 10:59:20: ==== Processing was completed ====
2014/11/07 10:59:20: 
*************************************************


*********** Start the Initialize Key Check **********
2014/11/07 11:01:38: Tool Ver: 2013.0605.01
2014/11/07 11:01:38: COM PORT OPEN ... OK
2014/11/07 11:01:38:
2014/11/07 11:01:38: ProductS/N:  VRW06A114Y00393
2014/11/07 11:01:38: TID: 8604103AD2E52080
2014/11/07 11:01:38: F/W Version: 00.00.08
2014/11/07 11:01:38:
2014/11/07 11:01:38: MasterKey Key Entry ... OK
2014/11/07 11:01:38: PowerON Counter Key Entry ... OK
2014/11/07 11:01:39: Key Entry ... OK
2014/11/07 11:01:39: Complete.
2014/11/07 11:01:39: COM PORT CLOSE ... OK
2014/11/07 11:01:39: 
2014/11/07 11:01:39: ==== Processing was completed ====
2014/11/07 11:01:39: 
*************************************************


*********** Start the Initialize Key Check **********
2014/11/07 11:05:16: Tool Ver: 2013.0605.01
2014/11/07 11:05:16: COM PORT OPEN ... OK
2014/11/07 11:05:16:
2014/11/07 11:05:16: ProductS/N:  VRW06A114Y00405
2014/11/07 11:05:16: TID: 8604113BD2E52080
2014/11/07 11:05:16: F/W Version: 00.00.08
2014/11/07 11:05:16:
2014/11/07 11:05:16: MasterKey Key Entry ... OK
2014/11/07 11:05:16: PowerON Counter Key Entry ... OK
2014/11/07 11:05:16: Key Entry ... OK
2014/11/07 11:05:16: Complete.
2014/11/07 11:05:16: COM PORT CLOSE ... OK
2014/11/07 11:05:16: 
2014/11/07 11:05:16: ==== Processing was completed ====
2014/11/07 11:05:16: 
*************************************************


*********** Start the Initialize Key Check **********
2014/11/07 11:10:53: Tool Ver: 2013.0605.01
2014/11/07 11:10:53: COM PORT OPEN ... OK
2014/11/07 11:10:53:
2014/11/07 11:10:53: ProductS/N:  VRW06A114Y00407
2014/11/07 11:10:53: TID: 8604343BD2E52080
2014/11/07 11:10:53: F/W Version: 00.00.08
2014/11/07 11:10:53:
2014/11/07 11:10:53: MasterKey Key Entry ... OK
2014/11/07 11:10:53: PowerON Counter Key Entry ... OK
2014/11/07 11:10:54: Key Entry ... OK
2014/11/07 11:10:54: Complete.
2014/11/07 11:10:54: COM PORT CLOSE ... OK
2014/11/07 11:10:54: 
2014/11/07 11:10:54: ==== Processing was completed ====
2014/11/07 11:10:54: 
*************************************************


*********** Start the Initialize Key Check **********
2014/11/07 11:13:20: Tool Ver: 2013.0605.01
2014/11/07 11:13:20: COM PORT OPEN ... OK
2014/11/07 11:13:21:
2014/11/07 11:13:21: ProductS/N:  VRW06A114Y00365
2014/11/07 11:13:21: TID: 86042E36D2E52080
2014/11/07 11:13:21: F/W Version: 00.00.08
2014/11/07 11:13:21:
2014/11/07 11:13:21: MasterKey Key Entry ... OK
2014/11/07 11:13:21: PowerON Counter Key Entry ... OK
2014/11/07 11:13:21: Key Entry ... OK
2014/11/07 11:13:21: Complete.
2014/11/07 11:13:21: COM PORT CLOSE ... OK
2014/11/07 11:13:21: 
2014/11/07 11:13:21: ==== Processing was completed ====
2014/11/07 11:13:21: 
*************************************************


*********** Start the Initialize Key Check **********
2014/11/07 11:16:29: Tool Ver: 2013.0605.01
2014/11/07 11:16:29: COM PORT OPEN ... OK
2014/11/07 11:16:29:
2014/11/07 11:16:29: ProductS/N:  VRW06A114Y00406
2014/11/07 11:16:29: TID: 8604190A3AE62080
2014/11/07 11:16:29: F/W Version: 00.00.08
2014/11/07 11:16:29:
2014/11/07 11:16:29: MasterKey Key Entry ... OK
2014/11/07 11:16:29: PowerON Counter Key Entry ... OK
2014/11/07 11:16:30: Key Entry ... OK
2014/11/07 11:16:30: Complete.
2014/11/07 11:16:30: COM PORT CLOSE ... OK
2014/11/07 11:16:30: 
2014/11/07 11:16:30: ==== Processing was completed ====
2014/11/07 11:16:30: 
*************************************************


*********** Start the Initialize Key Check **********
2014/11/07 11:25:15: Tool Ver: 2013.0605.01
2014/11/07 11:25:15: COM PORT OPEN ... OK
2014/11/07 11:25:15:
2014/11/07 11:25:15: ProductS/N:  VRW06A114Y00377
2014/11/07 11:25:15: TID: 860421262AE62080
2014/11/07 11:25:15: F/W Version: 00.00.08
2014/11/07 11:25:15:
2014/11/07 11:25:15: MasterKey Key Entry ... OK
2014/11/07 11:25:15: PowerON Counter Key Entry ... OK
2014/11/07 11:25:16: Key Entry ... OK
2014/11/07 11:25:16: Complete.
2014/11/07 11:25:16: COM PORT CLOSE ... OK
2014/11/07 11:25:16: 
2014/11/07 11:25:16: ==== Processing was completed ====
2014/11/07 11:25:16: 
*************************************************


*********** Start the Initialize Key Check **********
2014/11/07 11:28:51: Tool Ver: 2013.0605.01
2014/11/07 11:28:51: COM PORT OPEN ... OK
2014/11/07 11:28:51:
2014/11/07 11:28:51: ProductS/N:  VRW06A114Y00408
2014/11/07 11:28:51: TID: 86042407CAE52080
2014/11/07 11:28:51: F/W Version: 00.00.08
2014/11/07 11:28:51:
2014/11/07 11:28:51: MasterKey Key Entry ... OK
2014/11/07 11:28:51: PowerON Counter Key Entry ... OK
2014/11/07 11:28:52: Key Entry ... OK
2014/11/07 11:28:52: Complete.
2014/11/07 11:28:52: COM PORT CLOSE ... OK
2014/11/07 11:28:52: 
2014/11/07 11:28:52: ==== Processing was completed ====
2014/11/07 11:28:52: 
*************************************************


*********** Start the Initialize Key Check **********
2014/11/07 11:31:42: Tool Ver: 2013.0605.01
2014/11/07 11:31:42: COM PORT OPEN ... OK
2014/11/07 11:31:42:
2014/11/07 11:31:42: ProductS/N:  VRW06A114Y00391
2014/11/07 11:31:42: TID: 86042D1F2AE62080
2014/11/07 11:31:42: F/W Version: 00.00.08
2014/11/07 11:31:42:
2014/11/07 11:31:42: MasterKey Key Entry ... OK
2014/11/07 11:31:42: PowerON Counter Key Entry ... OK
2014/11/07 11:31:43: Key Entry ... OK
2014/11/07 11:31:43: Complete.
2014/11/07 11:31:43: COM PORT CLOSE ... OK
2014/11/07 11:31:43: 
2014/11/07 11:31:43: ==== Processing was completed ====
2014/11/07 11:31:43: 
*************************************************


*********** Start the Initialize Key Check **********
2014/11/07 11:35:32: Tool Ver: 2013.0605.01
2014/11/07 11:35:32: COM PORT OPEN ... OK
2014/11/07 11:35:32:
2014/11/07 11:35:32: ProductS/N:  VRW06A114Y00383
2014/11/07 11:35:32: TID: 86040F35D2E52080
2014/11/07 11:35:32: F/W Version: 00.00.08
2014/11/07 11:35:32:
2014/11/07 11:35:32: MasterKey Key Entry ... OK
2014/11/07 11:35:32: PowerON Counter Key Entry ... OK
2014/11/07 11:35:33: Key Entry ... OK
2014/11/07 11:35:33: Complete.
2014/11/07 11:35:33: COM PORT CLOSE ... OK
2014/11/07 11:35:33: 
2014/11/07 11:35:33: ==== Processing was completed ====
2014/11/07 11:35:33: 
*************************************************


*********** Start the Initialize Key Check **********
2014/11/07 11:38:57: Tool Ver: 2013.0605.01
2014/11/07 11:38:57: COM PORT OPEN ... OK
2014/11/07 11:38:57:
2014/11/07 11:38:57: ProductS/N:  VRW06A114Y00413
2014/11/07 11:38:57: TID: 86041D34D2E52080
2014/11/07 11:38:57: F/W Version: 00.00.08
2014/11/07 11:38:57:
2014/11/07 11:38:57: MasterKey Key Entry ... OK
2014/11/07 11:38:57: PowerON Counter Key Entry ... OK
2014/11/07 11:38:58: Key Entry ... OK
2014/11/07 11:38:58: Complete.
2014/11/07 11:38:58: COM PORT CLOSE ... OK
2014/11/07 11:38:58: 
2014/11/07 11:38:58: ==== Processing was completed ====
2014/11/07 11:38:58: 
*************************************************


*********** Start the Initialize Key Check **********
2014/11/07 12:56:22: Tool Ver: 2013.0605.01
2014/11/07 12:56:22: COM PORT OPEN ... OK
2014/11/07 12:56:22:
2014/11/07 12:56:22: ProductS/N:  VRW06A114Y00381
2014/11/07 12:56:22: TID: 86042F1D2AE62080
2014/11/07 12:56:22: F/W Version: 00.00.08
2014/11/07 12:56:22:
2014/11/07 12:56:22: MasterKey Key Entry ... OK
2014/11/07 12:56:22: PowerON Counter Key Entry ... OK
2014/11/07 12:56:23: Key Entry ... OK
2014/11/07 12:56:23: Complete.
2014/11/07 12:56:23: COM PORT CLOSE ... OK
2014/11/07 12:56:23: 
2014/11/07 12:56:23: ==== Processing was completed ====
2014/11/07 12:56:23: 
*************************************************


*********** Start the Initialize Key Check **********
2014/11/07 12:59:24: Tool Ver: 2013.0605.01
2014/11/07 12:59:24: COM PORT OPEN ... OK
2014/11/07 12:59:24:
2014/11/07 12:59:24: ProductS/N:  VRW06A114Y00411
2014/11/07 12:59:24: TID: 86041706CAE52080
2014/11/07 12:59:24: F/W Version: 00.00.08
2014/11/07 12:59:24:
2014/11/07 12:59:24: MasterKey Key Entry ... OK
2014/11/07 12:59:24: PowerON Counter Key Entry ... OK
2014/11/07 12:59:25: Key Entry ... OK
2014/11/07 12:59:25: Complete.
2014/11/07 12:59:25: COM PORT CLOSE ... OK
2014/11/07 12:59:25: 
2014/11/07 12:59:25: ==== Processing was completed ====
2014/11/07 12:59:25: 
*************************************************


*********** Start the Initialize Key Check **********
2014/11/07 13:02:47: Tool Ver: 2013.0605.01
2014/11/07 13:02:47: COM PORT OPEN ... OK
2014/11/07 13:02:47:
2014/11/07 13:02:47: ProductS/N:  VRW06A114Y00369
2014/11/07 13:02:47: TID: 86040B34D2E52080
2014/11/07 13:02:47: F/W Version: 00.00.08
2014/11/07 13:02:47:
2014/11/07 13:02:47: MasterKey Key Entry ... OK
2014/11/07 13:02:47: PowerON Counter Key Entry ... OK
2014/11/07 13:02:48: Key Entry ... OK
2014/11/07 13:02:48: Complete.
2014/11/07 13:02:48: COM PORT CLOSE ... OK
2014/11/07 13:02:48: 
2014/11/07 13:02:48: ==== Processing was completed ====
2014/11/07 13:02:48: 
*************************************************


*********** Start the Initialize Key Check **********
2014/11/07 13:06:15: Tool Ver: 2013.0605.01
2014/11/07 13:06:15: COM PORT OPEN ... OK
2014/11/07 13:06:15:
2014/11/07 13:06:15: ProductS/N:  VRW06A114Y00412
2014/11/07 13:06:15: TID: 86041834D2E52080
2014/11/07 13:06:15: F/W Version: 00.00.08
2014/11/07 13:06:15:
2014/11/07 13:06:15: MasterKey Key Entry ... OK
2014/11/07 13:06:15: PowerON Counter Key Entry ... OK
2014/11/07 13:06:16: Key Entry ... OK
2014/11/07 13:06:16: Complete.
2014/11/07 13:06:16: COM PORT CLOSE ... OK
2014/11/07 13:06:16: 
2014/11/07 13:06:16: ==== Processing was completed ====
2014/11/07 13:06:16: 
*************************************************


*********** Start the Initialize Key Check **********
2014/11/07 13:10:39: Tool Ver: 2013.0605.01
2014/11/07 13:10:39: COM PORT OPEN ... OK
2014/11/07 13:10:39:
2014/11/07 13:10:39: ProductS/N:  VRW06A114Y00415
2014/11/07 13:10:39: TID: 8604342B2AE62080
2014/11/07 13:10:39: F/W Version: 00.00.08
2014/11/07 13:10:39:
2014/11/07 13:10:39: MasterKey Key Entry ... OK
2014/11/07 13:10:39: PowerON Counter Key Entry ... OK
2014/11/07 13:10:39: Key Entry ... OK
2014/11/07 13:10:39: Complete.
2014/11/07 13:10:39: COM PORT CLOSE ... OK
2014/11/07 13:10:39: 
2014/11/07 13:10:39: ==== Processing was completed ====
2014/11/07 13:10:39: 
*************************************************


*********** Start the Initialize Key Check **********
2014/11/07 13:14:24: Tool Ver: 2013.0605.01
2014/11/07 13:14:24: COM PORT OPEN ... OK
2014/11/07 13:14:24:
2014/11/07 13:14:24: ProductS/N:  VRW06A114Y00416
2014/11/07 13:14:24: TID: 8604332B2AE62080
2014/11/07 13:14:24: F/W Version: 00.00.08
2014/11/07 13:14:24:
2014/11/07 13:14:24: MasterKey Key Entry ... OK
2014/11/07 13:14:24: PowerON Counter Key Entry ... OK
2014/11/07 13:14:25: Key Entry ... OK
2014/11/07 13:14:25: Complete.
2014/11/07 13:14:25: COM PORT CLOSE ... OK
2014/11/07 13:14:25: 
2014/11/07 13:14:25: ==== Processing was completed ====
2014/11/07 13:14:25: 
*************************************************


*********** Start the Initialize Key Check **********
2014/11/07 13:17:24: Tool Ver: 2013.0605.01
2014/11/07 13:17:24: COM PORT OPEN ... OK
2014/11/07 13:17:25:
2014/11/07 13:17:25: ProductS/N:  VRW06A114Y00372
2014/11/07 13:17:25: TID: 86041F2CD2E52080
2014/11/07 13:17:25: F/W Version: 00.00.08
2014/11/07 13:17:25:
2014/11/07 13:17:25: MasterKey Key Entry ... OK
2014/11/07 13:17:25: PowerON Counter Key Entry ... OK
2014/11/07 13:17:25: Key Entry ... OK
2014/11/07 13:17:25: Complete.
2014/11/07 13:17:25: COM PORT CLOSE ... OK
2014/11/07 13:17:25: 
2014/11/07 13:17:25: ==== Processing was completed ====
2014/11/07 13:17:25: 
*************************************************


*********** Start the Initialize Key Check **********
2014/11/07 13:21:04: Tool Ver: 2013.0605.01
2014/11/07 13:21:04: COM PORT OPEN ... OK
2014/11/07 13:21:04:
2014/11/07 13:21:04: ProductS/N:  VRW06A114Y00410
2014/11/07 13:21:04: TID: 86041E34D2E52080
2014/11/07 13:21:04: F/W Version: 00.00.08
2014/11/07 13:21:04:
2014/11/07 13:21:04: MasterKey Key Entry ... OK
2014/11/07 13:21:04: PowerON Counter Key Entry ... OK
2014/11/07 13:21:05: Key Entry ... OK
2014/11/07 13:21:05: Complete.
2014/11/07 13:21:05: COM PORT CLOSE ... OK
2014/11/07 13:21:05: 
2014/11/07 13:21:05: ==== Processing was completed ====
2014/11/07 13:21:05: 
*************************************************


*********** Start the Initialize Key Check **********
2014/11/07 13:24:02: Tool Ver: 2013.0605.01
2014/11/07 13:24:02: COM PORT OPEN ... OK
2014/11/07 13:24:02:
2014/11/07 13:24:02: ProductS/N:  VRW06A114Y00375
2014/11/07 13:24:02: TID: 86043334D2E52080
2014/11/07 13:24:02: F/W Version: 00.00.08
2014/11/07 13:24:02:
2014/11/07 13:24:02: MasterKey Key Entry ... OK
2014/11/07 13:24:02: PowerON Counter Key Entry ... OK
2014/11/07 13:24:03: Key Entry ... OK
2014/11/07 13:24:03: Complete.
2014/11/07 13:24:03: COM PORT CLOSE ... OK
2014/11/07 13:24:03: 
2014/11/07 13:24:03: ==== Processing was completed ====
2014/11/07 13:24:03: 
*************************************************


*********** Start the Initialize Key Check **********
2014/11/07 13:27:20: Tool Ver: 2013.0605.01
2014/11/07 13:27:20: COM PORT OPEN ... OK
2014/11/07 13:27:20:
2014/11/07 13:27:20: ProductS/N:  VRW06A114Y00417
2014/11/07 13:27:20: TID: 86043338D2E52080
2014/11/07 13:27:20: F/W Version: 00.00.08
2014/11/07 13:27:20:
2014/11/07 13:27:20: MasterKey Key Entry ... OK
2014/11/07 13:27:20: PowerON Counter Key Entry ... OK
2014/11/07 13:27:21: Key Entry ... OK
2014/11/07 13:27:21: Complete.
2014/11/07 13:27:21: COM PORT CLOSE ... OK
2014/11/07 13:27:21: 
2014/11/07 13:27:21: ==== Processing was completed ====
2014/11/07 13:27:21: 
*************************************************


*********** Start the Initialize Key Check **********
2014/11/07 13:30:22: Tool Ver: 2013.0605.01
2014/11/07 13:30:22: COM PORT OPEN ... OK
2014/11/07 13:30:22:
2014/11/07 13:30:22: ProductS/N:  VRW06A114Y00414
2014/11/07 13:30:22: TID: 86042D3DD2E52080
2014/11/07 13:30:22: F/W Version: 00.00.08
2014/11/07 13:30:22:
2014/11/07 13:30:22: MasterKey Key Entry ... OK
2014/11/07 13:30:22: PowerON Counter Key Entry ... OK
2014/11/07 13:30:23: Key Entry ... OK
2014/11/07 13:30:23: Complete.
2014/11/07 13:30:23: COM PORT CLOSE ... OK
2014/11/07 13:30:23: 
2014/11/07 13:30:23: ==== Processing was completed ====
2014/11/07 13:30:23: 
*************************************************


*********** Start the Initialize Key Check **********
2014/11/07 13:35:28: Tool Ver: 2013.0605.01
2014/11/07 13:35:28: COM PORT OPEN ... OK
2014/11/07 13:35:28:
2014/11/07 13:35:28: ProductS/N:  VRW06A114Y00368
2014/11/07 13:35:28: TID: 86040D36D2E52080
2014/11/07 13:35:28: F/W Version: 00.00.08
2014/11/07 13:35:28:
2014/11/07 13:35:28: MasterKey Key Entry ... OK
2014/11/07 13:35:28: PowerON Counter Key Entry ... OK
2014/11/07 13:35:28: Key Entry ... OK
2014/11/07 13:35:28: Complete.
2014/11/07 13:35:28: COM PORT CLOSE ... OK
2014/11/07 13:35:28: 
2014/11/07 13:35:28: ==== Processing was completed ====
2014/11/07 13:35:28: 
*************************************************


*********** Start the Initialize Key Check **********
2014/11/07 13:45:19: Tool Ver: 2013.0605.01
2014/11/07 13:45:19: COM PORT OPEN ... OK
2014/11/07 13:45:19:
2014/11/07 13:45:19: ProductS/N:  VRW06A114Y00418
2014/11/07 13:45:19: TID: 8604163DD2E52080
2014/11/07 13:45:19: F/W Version: 00.00.08
2014/11/07 13:45:19:
2014/11/07 13:45:19: MasterKey Key Entry ... OK
2014/11/07 13:45:19: PowerON Counter Key Entry ... OK
2014/11/07 13:45:19: Key Entry ... OK
2014/11/07 13:45:19: Complete.
2014/11/07 13:45:19: COM PORT CLOSE ... OK
2014/11/07 13:45:19: 
2014/11/07 13:45:19: ==== Processing was completed ====
2014/11/07 13:45:19: 
*************************************************


*********** Start the Initialize Key Check **********
2014/11/07 13:51:31: Tool Ver: 2013.0605.01
2014/11/07 13:51:31: COM PORT OPEN ... OK
2014/11/07 13:51:31:
2014/11/07 13:51:31: ProductS/N:  VRW06A114Y00425
2014/11/07 13:51:31: TID: 8604343AD2E52080
2014/11/07 13:51:31: F/W Version: 00.00.08
2014/11/07 13:51:31:
2014/11/07 13:51:31: MasterKey Key Entry ... OK
2014/11/07 13:51:31: PowerON Counter Key Entry ... OK
2014/11/07 13:51:32: Key Entry ... OK
2014/11/07 13:51:32: Complete.
2014/11/07 13:51:32: COM PORT CLOSE ... OK
2014/11/07 13:51:32: 
2014/11/07 13:51:32: ==== Processing was completed ====
2014/11/07 13:51:32: 
*************************************************


*********** Start the Initialize Key Check **********
2014/11/07 13:54:39: Tool Ver: 2013.0605.01
2014/11/07 13:54:39: COM PORT OPEN ... OK
2014/11/07 13:54:39:
2014/11/07 13:54:39: ProductS/N:  VRW06A114Y00423
2014/11/07 13:54:39: TID: 8604293DD2E52080
2014/11/07 13:54:39: F/W Version: 00.00.08
2014/11/07 13:54:39:
2014/11/07 13:54:39: MasterKey Key Entry ... OK
2014/11/07 13:54:39: PowerON Counter Key Entry ... OK
2014/11/07 13:54:40: Key Entry ... OK
2014/11/07 13:54:40: Complete.
2014/11/07 13:54:40: COM PORT CLOSE ... OK
2014/11/07 13:54:40: 
2014/11/07 13:54:40: ==== Processing was completed ====
2014/11/07 13:54:40: 
*************************************************


*********** Start the Initialize Key Check **********
2014/11/07 13:59:10: Tool Ver: 2013.0605.01
2014/11/07 13:59:10: COM PORT OPEN ... OK
2014/11/07 13:59:10:
2014/11/07 13:59:10: ProductS/N:  VRW06A114Y00379
2014/11/07 13:59:10: TID: 8604153DD2E52080
2014/11/07 13:59:10: F/W Version: 00.00.08
2014/11/07 13:59:10:
2014/11/07 13:59:10: MasterKey Key Entry ... OK
2014/11/07 13:59:10: PowerON Counter Key Entry ... OK
2014/11/07 13:59:10: Key Entry ... OK
2014/11/07 13:59:10: Complete.
2014/11/07 13:59:10: COM PORT CLOSE ... OK
2014/11/07 13:59:10: 
2014/11/07 13:59:10: ==== Processing was completed ====
2014/11/07 13:59:10: 
*************************************************


*********** Start the Initialize Key Check **********
2014/11/07 14:02:30: Tool Ver: 2013.0605.01
2014/11/07 14:02:30: COM PORT OPEN ... OK
2014/11/07 14:02:30:
2014/11/07 14:02:30: ProductS/N:  VRW06A114Y00424
2014/11/07 14:02:30: TID: 86041636D2E52080
2014/11/07 14:02:30: F/W Version: 00.00.08
2014/11/07 14:02:30:
2014/11/07 14:02:30: MasterKey Key Entry ... OK
2014/11/07 14:02:30: PowerON Counter Key Entry ... OK
2014/11/07 14:02:31: Key Entry ... OK
2014/11/07 14:02:31: Complete.
2014/11/07 14:02:31: COM PORT CLOSE ... OK
2014/11/07 14:02:31: 
2014/11/07 14:02:31: ==== Processing was completed ====
2014/11/07 14:02:31: 
*************************************************


*********** Start the Initialize Key Check **********
2014/11/07 14:15:06: Tool Ver: 2013.0605.01
2014/11/07 14:15:06: COM PORT OPEN ... OK
2014/11/07 14:15:06:
2014/11/07 14:15:06: ProductS/N:  VRW06A114Y00362
2014/11/07 14:15:07: TID: 86043C29D2E52080
2014/11/07 14:15:07: F/W Version: 00.00.08
2014/11/07 14:15:07:
2014/11/07 14:15:07: MasterKey Key Entry ... OK
2014/11/07 14:15:07: PowerON Counter Key Entry ... OK
2014/11/07 14:15:07: Key Entry ... OK
2014/11/07 14:15:07: Complete.
2014/11/07 14:15:07: COM PORT CLOSE ... OK
2014/11/07 14:15:07: 
2014/11/07 14:15:07: ==== Processing was completed ====
2014/11/07 14:15:07: 
*************************************************


*********** Start the Initialize Key Check **********
2014/11/07 14:22:52: Tool Ver: 2013.0605.01
2014/11/07 14:22:52: COM PORT OPEN ... OK
2014/11/07 14:22:52:
2014/11/07 14:22:52: ProductS/N:  VRW06A114Y00434
2014/11/07 14:22:52: TID: 860412262AE62080
2014/11/07 14:22:52: F/W Version: 00.00.08
2014/11/07 14:22:52:
2014/11/07 14:22:52: MasterKey Key Entry ... OK
2014/11/07 14:22:52: PowerON Counter Key Entry ... OK
2014/11/07 14:22:53: Key Entry ... OK
2014/11/07 14:22:53: Complete.
2014/11/07 14:22:53: COM PORT CLOSE ... OK
2014/11/07 14:22:53: 
2014/11/07 14:22:53: ==== Processing was completed ====
2014/11/07 14:22:53: 
*************************************************


*********** Start the Initialize Key Check **********
2014/11/07 14:28:44: Tool Ver: 2013.0605.01
2014/11/07 14:28:44: COM PORT OPEN ... OK
2014/11/07 14:28:44:
2014/11/07 14:28:44: ProductS/N:  VRW06A114Y00428
2014/11/07 14:28:44: TID: 86041542D2E52080
2014/11/07 14:28:44: F/W Version: 00.00.08
2014/11/07 14:28:44:
2014/11/07 14:28:44: MasterKey Key Entry ... OK
2014/11/07 14:28:44: PowerON Counter Key Entry ... OK
2014/11/07 14:28:45: Key Entry ... OK
2014/11/07 14:28:45: Complete.
2014/11/07 14:28:45: COM PORT CLOSE ... OK
2014/11/07 14:28:45: 
2014/11/07 14:28:45: ==== Processing was completed ====
2014/11/07 14:28:45: 
*************************************************


*********** Start the Initialize Key Check **********
2014/11/07 14:32:14: Tool Ver: 2013.0605.01
2014/11/07 14:32:14: COM PORT OPEN ... OK
2014/11/07 14:32:14:
2014/11/07 14:32:14: ProductS/N:  VRW06A114Y00440
2014/11/07 14:32:14: TID: 860406242AE62080
2014/11/07 14:32:14: F/W Version: 00.00.08
2014/11/07 14:32:14:
2014/11/07 14:32:14: MasterKey Key Entry ... OK
2014/11/07 14:32:14: PowerON Counter Key Entry ... OK
2014/11/07 14:32:14: Key Entry ... OK
2014/11/07 14:32:14: Complete.
2014/11/07 14:32:14: COM PORT CLOSE ... OK
2014/11/07 14:32:14: 
2014/11/07 14:32:14: ==== Processing was completed ====
2014/11/07 14:32:14: 
*************************************************


*********** Start the Initialize Key Check **********
2014/11/07 14:35:45: Tool Ver: 2013.0605.01
2014/11/07 14:35:45: COM PORT OPEN ... OK
2014/11/07 14:35:45:
2014/11/07 14:35:45: ProductS/N:  VRW06A114Y00378
2014/11/07 14:35:45: TID: 86042934D2E52080
2014/11/07 14:35:45: F/W Version: 00.00.08
2014/11/07 14:35:45:
2014/11/07 14:35:45: MasterKey Key Entry ... OK
2014/11/07 14:35:45: PowerON Counter Key Entry ... OK
2014/11/07 14:35:46: Key Entry ... OK
2014/11/07 14:35:46: Complete.
2014/11/07 14:35:46: COM PORT CLOSE ... OK
2014/11/07 14:35:46: 
2014/11/07 14:35:46: ==== Processing was completed ====
2014/11/07 14:35:46: 
*************************************************


*********** Start the Initialize Key Check **********
2014/11/07 14:39:02: Tool Ver: 2013.0605.01
2014/11/07 14:39:02: COM PORT OPEN ... OK
2014/11/07 14:39:02:
2014/11/07 14:39:02: ProductS/N:  VRW06A114Y00438
2014/11/07 14:39:02: TID: 86041B09CAE52080
2014/11/07 14:39:02: F/W Version: 00.00.08
2014/11/07 14:39:02:
2014/11/07 14:39:03: MasterKey Key Entry ... OK
2014/11/07 14:39:03: PowerON Counter Key Entry ... OK
2014/11/07 14:39:03: Key Entry ... OK
2014/11/07 14:39:03: Complete.
2014/11/07 14:39:03: COM PORT CLOSE ... OK
2014/11/07 14:39:03: 
2014/11/07 14:39:03: ==== Processing was completed ====
2014/11/07 14:39:03: 
*************************************************


*********** Start the Initialize Key Check **********
2014/11/07 14:46:00: Tool Ver: 2013.0605.01
2014/11/07 14:46:00: COM PORT OPEN ... OK
2014/11/07 14:46:00:
2014/11/07 14:46:00: ProductS/N:  VRW06A114Y00430
2014/11/07 14:46:00: TID: 860431252AE62080
2014/11/07 14:46:00: F/W Version: 00.00.08
2014/11/07 14:46:00:
2014/11/07 14:46:00: MasterKey Key Entry ... OK
2014/11/07 14:46:00: PowerON Counter Key Entry ... OK
2014/11/07 14:46:00: Key Entry ... OK
2014/11/07 14:46:00: Complete.
2014/11/07 14:46:01: COM PORT CLOSE ... OK
2014/11/07 14:46:01: 
2014/11/07 14:46:01: ==== Processing was completed ====
2014/11/07 14:46:01: 
*************************************************


*********** Start the Initialize Key Check **********
2014/11/07 14:48:52: Tool Ver: 2013.0605.01
2014/11/07 14:48:52: COM PORT OPEN ... OK
2014/11/07 14:48:52:
2014/11/07 14:48:52: ProductS/N:  VRW06A114Y00432
2014/11/07 14:48:52: TID: 860432252AE62080
2014/11/07 14:48:52: F/W Version: 00.00.08
2014/11/07 14:48:52:
2014/11/07 14:48:52: MasterKey Key Entry ... OK
2014/11/07 14:48:52: PowerON Counter Key Entry ... OK
2014/11/07 14:48:53: Key Entry ... OK
2014/11/07 14:48:53: Complete.
2014/11/07 14:48:53: COM PORT CLOSE ... OK
2014/11/07 14:48:53: 
2014/11/07 14:48:53: ==== Processing was completed ====
2014/11/07 14:48:53: 
*************************************************


*********** Start the Initialize Key Check **********
2014/11/07 14:51:10: Tool Ver: 2013.0605.01
2014/11/07 14:51:10: COM PORT OPEN ... OK
2014/11/07 14:51:10:
2014/11/07 14:51:10: ProductS/N:  VRW06A114Y00402
2014/11/07 14:51:10: TID: 8604350F3AE62080
2014/11/07 14:51:10: F/W Version: 00.00.08
2014/11/07 14:51:10:
2014/11/07 14:51:10: MasterKey Key Entry ... OK
2014/11/07 14:51:10: PowerON Counter Key Entry ... OK
2014/11/07 14:51:11: Key Entry ... OK
2014/11/07 14:51:11: Complete.
2014/11/07 14:51:11: COM PORT CLOSE ... OK
2014/11/07 14:51:11: 
2014/11/07 14:51:11: ==== Processing was completed ====
2014/11/07 14:51:11: 
*************************************************


*********** Start the Initialize Key Check **********
2014/11/07 14:53:27: Tool Ver: 2013.0605.01
2014/11/07 14:53:27: COM PORT OPEN ... OK
2014/11/07 14:53:27:
2014/11/07 14:53:27: ProductS/N:  VRW06A114Y00397
2014/11/07 14:53:27: TID: 86041F39D2E52080
2014/11/07 14:53:27: F/W Version: 00.00.08
2014/11/07 14:53:27:
2014/11/07 14:53:27: MasterKey Key Entry ... OK
2014/11/07 14:53:27: PowerON Counter Key Entry ... OK
2014/11/07 14:53:28: Key Entry ... OK
2014/11/07 14:53:28: Complete.
2014/11/07 14:53:28: COM PORT CLOSE ... OK
2014/11/07 14:53:28: 
2014/11/07 14:53:28: ==== Processing was completed ====
2014/11/07 14:53:28: 
*************************************************


*********** Start the Initialize Key Check **********
2014/11/07 14:56:54: Tool Ver: 2013.0605.01
2014/11/07 14:56:54: COM PORT OPEN ... OK
2014/11/07 14:56:54:
2014/11/07 14:56:54: ProductS/N:  VRW06A114Y00429
2014/11/07 14:56:54: TID: 86042242D2E52080
2014/11/07 14:56:54: F/W Version: 00.00.08
2014/11/07 14:56:54:
2014/11/07 14:56:54: MasterKey Key Entry ... OK
2014/11/07 14:56:54: PowerON Counter Key Entry ... OK
2014/11/07 14:56:54: Key Entry ... OK
2014/11/07 14:56:54: Complete.
2014/11/07 14:56:54: COM PORT CLOSE ... OK
2014/11/07 14:56:54: 
2014/11/07 14:56:54: ==== Processing was completed ====
2014/11/07 14:56:54: 
*************************************************


*********** Start the Initialize Key Check **********
2014/11/07 15:12:05: Tool Ver: 2013.0605.01
2014/11/07 15:12:05: COM PORT OPEN ... OK
2014/11/07 15:12:05:
2014/11/07 15:12:05: ProductS/N:  VRW06A114Y00442
2014/11/07 15:12:05: TID: 8604081D2AE62080
2014/11/07 15:12:05: F/W Version: 00.00.08
2014/11/07 15:12:05:
2014/11/07 15:12:05: MasterKey Key Entry ... OK
2014/11/07 15:12:05: PowerON Counter Key Entry ... OK
2014/11/07 15:12:06: Key Entry ... OK
2014/11/07 15:12:06: Complete.
2014/11/07 15:12:06: COM PORT CLOSE ... OK
2014/11/07 15:12:06: 
2014/11/07 15:12:06: ==== Processing was completed ====
2014/11/07 15:12:06: 
*************************************************


*********** Start the Initialize Key Check **********
2014/11/07 15:16:00: Tool Ver: 2013.0605.01
2014/11/07 15:16:00: COM PORT OPEN ... OK
2014/11/07 15:16:00:
2014/11/07 15:16:00: ProductS/N:  VRW06A114Y00435
2014/11/07 15:16:00: TID: 8604342C2AE62080
2014/11/07 15:16:00: F/W Version: 00.00.08
2014/11/07 15:16:00:
2014/11/07 15:16:00: MasterKey Key Entry ... OK
2014/11/07 15:16:00: PowerON Counter Key Entry ... OK
2014/11/07 15:16:01: Key Entry ... OK
2014/11/07 15:16:01: Complete.
2014/11/07 15:16:01: COM PORT CLOSE ... OK
2014/11/07 15:16:01: 
2014/11/07 15:16:01: ==== Processing was completed ====
2014/11/07 15:16:01: 
*************************************************


*********** Start the Initialize Key Check **********
2014/11/07 15:19:48: Tool Ver: 2013.0605.01
2014/11/07 15:19:48: COM PORT OPEN ... OK
2014/11/07 15:19:48:
2014/11/07 15:19:48: ProductS/N:  VRW06A114Y00374
2014/11/07 15:19:49: TID: 86040C0BCAE52080
2014/11/07 15:19:49: F/W Version: 00.00.08
2014/11/07 15:19:49:
2014/11/07 15:19:49: MasterKey Key Entry ... OK
2014/11/07 15:19:49: PowerON Counter Key Entry ... OK
2014/11/07 15:19:49: Key Entry ... OK
2014/11/07 15:19:49: Complete.
2014/11/07 15:19:49: COM PORT CLOSE ... OK
2014/11/07 15:19:49: 
2014/11/07 15:19:49: ==== Processing was completed ====
2014/11/07 15:19:49: 
*************************************************


*********** Start the Initialize Key Check **********
2014/11/07 15:23:35: Tool Ver: 2013.0605.01
2014/11/07 15:23:35: COM PORT OPEN ... OK
2014/11/07 15:23:35:
2014/11/07 15:23:35: ProductS/N:  VRW06A114Y00370
2014/11/07 15:23:35: TID: 8604133ED2E52080
2014/11/07 15:23:35: F/W Version: 00.00.08
2014/11/07 15:23:35:
2014/11/07 15:23:35: MasterKey Key Entry ... OK
2014/11/07 15:23:35: PowerON Counter Key Entry ... OK
2014/11/07 15:23:36: Key Entry ... OK
2014/11/07 15:23:36: Complete.
2014/11/07 15:23:36: COM PORT CLOSE ... OK
2014/11/07 15:23:36: 
2014/11/07 15:23:36: ==== Processing was completed ====
2014/11/07 15:23:36: 
*************************************************


*********** Start the Initialize Key Check **********
2014/11/07 15:28:29: Tool Ver: 2013.0605.01
2014/11/07 15:28:29: COM PORT OPEN ... OK
2014/11/07 15:28:29:
2014/11/07 15:28:29: ProductS/N:  VRW06A114Y00385
2014/11/07 15:28:29: TID: 8604133BD2E52080
2014/11/07 15:28:29: F/W Version: 00.00.08
2014/11/07 15:28:29:
2014/11/07 15:28:29: MasterKey Key Entry ... OK
2014/11/07 15:28:29: PowerON Counter Key Entry ... OK
2014/11/07 15:28:30: Key Entry ... OK
2014/11/07 15:28:30: Complete.
2014/11/07 15:28:30: COM PORT CLOSE ... OK
2014/11/07 15:28:30: 
2014/11/07 15:28:30: ==== Processing was completed ====
2014/11/07 15:28:30: 
*************************************************


*********** Start the Initialize Key Check **********
2014/11/07 15:34:24: Tool Ver: 2013.0605.01
2014/11/07 15:34:24: COM PORT OPEN ... OK
2014/11/07 15:34:24:
2014/11/07 15:34:24: ProductS/N:  VRW06A114Y00431
2014/11/07 15:34:24: TID: 86043E242AE62080
2014/11/07 15:34:24: F/W Version: 00.00.08
2014/11/07 15:34:24:
2014/11/07 15:34:24: MasterKey Key Entry ... OK
2014/11/07 15:34:24: PowerON Counter Key Entry ... OK
2014/11/07 15:34:24: Key Entry ... OK
2014/11/07 15:34:24: Complete.
2014/11/07 15:34:24: COM PORT CLOSE ... OK
2014/11/07 15:34:24: 
2014/11/07 15:34:24: ==== Processing was completed ====
2014/11/07 15:34:24: 
*************************************************


*********** Start the Initialize Key Check **********
2014/11/07 15:35:38: Tool Ver: 2013.0605.01
2014/11/07 15:35:38: COM PORT OPEN ... OK
2014/11/07 15:35:38:
2014/11/07 15:35:38: ProductS/N:  VRW06A114Y00437
2014/11/07 15:35:38: TID: 86040A113AE62080
2014/11/07 15:35:38: F/W Version: 00.00.08
2014/11/07 15:35:38:
2014/11/07 15:35:38: MasterKey Key Entry ... OK
2014/11/07 15:35:38: PowerON Counter Key Entry ... OK
2014/11/07 15:35:39: Key Entry ... OK
2014/11/07 15:35:39: Complete.
2014/11/07 15:35:39: COM PORT CLOSE ... OK
2014/11/07 15:35:39: 
2014/11/07 15:35:39: ==== Processing was completed ====
2014/11/07 15:35:39: 
*************************************************


*********** Start the Initialize Key Check **********
2014/11/07 15:38:54: Tool Ver: 2013.0605.01
2014/11/07 15:38:54: COM PORT OPEN ... OK
2014/11/07 15:38:54:
2014/11/07 15:38:54: ProductS/N:  VRW06A114Y00441
2014/11/07 15:38:54: TID: 8604261722E62080
2014/11/07 15:38:54: F/W Version: 00.00.08
2014/11/07 15:38:54:
2014/11/07 15:38:54: MasterKey Key Entry ... OK
2014/11/07 15:38:54: PowerON Counter Key Entry ... OK
2014/11/07 15:38:55: Key Entry ... OK
2014/11/07 15:38:55: Complete.
2014/11/07 15:38:55: COM PORT CLOSE ... OK
2014/11/07 15:38:55: 
2014/11/07 15:38:55: ==== Processing was completed ====
2014/11/07 15:38:55: 
*************************************************


*********** Start the Initialize Key Check **********
2014/11/07 15:45:16: Tool Ver: 2013.0605.01
2014/11/07 15:45:16: COM PORT OPEN ... OK
2014/11/07 15:45:16:
2014/11/07 15:45:16: ProductS/N:  VRW06A114Y00439
2014/11/07 15:45:16: TID: 86043107CAE52080
2014/11/07 15:45:16: F/W Version: 00.00.08
2014/11/07 15:45:16:
2014/11/07 15:45:16: MasterKey Key Entry ... OK
2014/11/07 15:45:16: PowerON Counter Key Entry ... OK
2014/11/07 15:45:16: Key Entry ... OK
2014/11/07 15:45:16: Complete.
2014/11/07 15:45:16: COM PORT CLOSE ... OK
2014/11/07 15:45:16: 
2014/11/07 15:45:16: ==== Processing was completed ====
2014/11/07 15:45:16: 
*************************************************


*********** Start the Initialize Key Check **********
2014/11/07 15:49:50: Tool Ver: 2013.0605.01
2014/11/07 15:49:50: COM PORT OPEN ... OK
2014/11/07 15:49:50:
2014/11/07 15:49:50: ProductS/N:  VRW06A114Y00433
2014/11/07 15:49:50: TID: 860430222AE62080
2014/11/07 15:49:50: F/W Version: 00.00.08
2014/11/07 15:49:50:
2014/11/07 15:49:50: MasterKey Key Entry ... OK
2014/11/07 15:49:50: PowerON Counter Key Entry ... OK
2014/11/07 15:49:51: Key Entry ... OK
2014/11/07 15:49:51: Complete.
2014/11/07 15:49:51: COM PORT CLOSE ... OK
2014/11/07 15:49:51: 
2014/11/07 15:49:51: ==== Processing was completed ====
2014/11/07 15:49:51: 
*************************************************


*********** Start the Initialize Key Check **********
2014/11/07 15:53:03: Tool Ver: 2013.0605.01
2014/11/07 15:53:03: COM PORT OPEN ... OK
2014/11/07 15:53:03:
2014/11/07 15:53:03: ProductS/N:  VRW06A114Y00425
2014/11/07 15:53:03: TID: 8604343AD2E52080
2014/11/07 15:53:03: F/W Version: 00.00.08
2014/11/07 15:53:03:
2014/11/07 15:53:03: MasterKey Key Entry ... OK
2014/11/07 15:53:03: PowerON Counter Key Entry ... OK
2014/11/07 15:53:03: Key Entry ... OK
2014/11/07 15:53:03: Complete.
2014/11/07 15:53:03: COM PORT CLOSE ... OK
2014/11/07 15:53:03: 
2014/11/07 15:53:03: ==== Processing was completed ====
2014/11/07 15:53:03: 
*************************************************


*********** Start the Initialize Key Check **********
2014/11/07 15:57:23: Tool Ver: 2013.0605.01
2014/11/07 15:57:23: COM PORT OPEN ... OK
2014/11/07 15:57:23:
2014/11/07 15:57:23: ProductS/N:  VRW06A114Y00436
2014/11/07 15:57:23: TID: 860429253AE62080
2014/11/07 15:57:23: F/W Version: 00.00.08
2014/11/07 15:57:23:
2014/11/07 15:57:23: MasterKey Key Entry ... OK
2014/11/07 15:57:23: PowerON Counter Key Entry ... OK
2014/11/07 15:57:24: Key Entry ... OK
2014/11/07 15:57:24: Complete.
2014/11/07 15:57:24: COM PORT CLOSE ... OK
2014/11/07 15:57:24: 
2014/11/07 15:57:24: ==== Processing was completed ====
2014/11/07 15:57:24: 
*************************************************


*********** Start the Initialize Key Check **********
2014/11/07 16:07:57: Tool Ver: 2013.0605.01
2014/11/07 16:07:57: COM PORT OPEN ... OK
2014/11/07 16:07:57:
2014/11/07 16:07:57: ProductS/N:  VRW06A114Y00445
2014/11/07 16:07:57: TID: 8604281E2AE62080
2014/11/07 16:07:57: F/W Version: 00.00.08
2014/11/07 16:07:57:
2014/11/07 16:07:57: MasterKey Key Entry ... OK
2014/11/07 16:07:57: PowerON Counter Key Entry ... OK
2014/11/07 16:07:57: Key Entry ... OK
2014/11/07 16:07:57: Complete.
2014/11/07 16:07:57: COM PORT CLOSE ... OK
2014/11/07 16:07:57: 
2014/11/07 16:07:57: ==== Processing was completed ====
2014/11/07 16:07:57: 
*************************************************


*********** Start the Initialize Key Check **********
2014/11/07 16:14:20: Tool Ver: 2013.0605.01
2014/11/07 16:14:20: COM PORT OPEN ... OK
2014/11/07 16:14:20:
2014/11/07 16:14:20: ProductS/N:  VRW06A114Y00426
2014/11/07 16:14:20: TID: 8604032A2AE62080
2014/11/07 16:14:20: F/W Version: 00.00.08
2014/11/07 16:14:20:
2014/11/07 16:14:20: MasterKey Key Entry ... OK
2014/11/07 16:14:20: PowerON Counter Key Entry ... OK
2014/11/07 16:14:21: Key Entry ... OK
2014/11/07 16:14:21: Complete.
2014/11/07 16:14:21: COM PORT CLOSE ... OK
2014/11/07 16:14:21: 
2014/11/07 16:14:21: ==== Processing was completed ====
2014/11/07 16:14:21: 
*************************************************


*********** Start the Initialize Key Check **********
2014/11/07 16:15:08: Tool Ver: 2013.0605.01
2014/11/07 16:15:08: COM PORT OPEN ... OK
2014/11/07 16:15:08:
2014/11/07 16:15:08: ProductS/N:  VRW06A114Y00401
2014/11/07 16:15:08: TID: 86043B263AE62080
2014/11/07 16:15:08: F/W Version: 00.00.08
2014/11/07 16:15:08:
2014/11/07 16:15:08: MasterKey Key Entry ... OK
2014/11/07 16:15:08: PowerON Counter Key Entry ... OK
2014/11/07 16:15:08: Key Entry ... OK
2014/11/07 16:15:08: Complete.
2014/11/07 16:15:08: COM PORT CLOSE ... OK
2014/11/07 16:15:08: 
2014/11/07 16:15:08: ==== Processing was completed ====
2014/11/07 16:15:08: 
*************************************************


*********** Start the Initialize Key Check **********
2014/11/07 16:19:13: Tool Ver: 2013.0605.01
2014/11/07 16:19:13: COM PORT OPEN ... OK
2014/11/07 16:19:13:
2014/11/07 16:19:13: ProductS/N:  VRW06A114Y00446
2014/11/07 16:19:13: TID: 8604162DD2E52080
2014/11/07 16:19:13: F/W Version: 00.00.08
2014/11/07 16:19:13:
2014/11/07 16:19:13: MasterKey Key Entry ... OK
2014/11/07 16:19:13: PowerON Counter Key Entry ... OK
2014/11/07 16:19:14: Key Entry ... OK
2014/11/07 16:19:14: Complete.
2014/11/07 16:19:14: COM PORT CLOSE ... OK
2014/11/07 16:19:14: 
2014/11/07 16:19:14: ==== Processing was completed ====
2014/11/07 16:19:14: 
*************************************************


*********** Start the Initialize Key Check **********
2014/11/07 16:22:21: Tool Ver: 2013.0605.01
2014/11/07 16:22:21: COM PORT OPEN ... OK
2014/11/07 16:22:21:
2014/11/07 16:22:21: ProductS/N:  VRW06A114Y00419
2014/11/07 16:22:21: TID: 860443252AE62080
2014/11/07 16:22:21: F/W Version: 00.00.08
2014/11/07 16:22:21:
2014/11/07 16:22:21: MasterKey Key Entry ... OK
2014/11/07 16:22:21: PowerON Counter Key Entry ... OK
2014/11/07 16:22:22: Key Entry ... OK
2014/11/07 16:22:22: Complete.
2014/11/07 16:22:22: COM PORT CLOSE ... OK
2014/11/07 16:22:22: 
2014/11/07 16:22:22: ==== Processing was completed ====
2014/11/07 16:22:22: 
*************************************************


*********** Start the Initialize Key Check **********
2014/11/07 16:27:12: Tool Ver: 2013.0605.01
2014/11/07 16:27:12: COM PORT OPEN ... OK
2014/11/07 16:27:12:
2014/11/07 16:27:12: ProductS/N:  VRW06A114Y00421
2014/11/07 16:27:12: TID: 86041F292AE62080
2014/11/07 16:27:12: F/W Version: 00.00.08
2014/11/07 16:27:12:
2014/11/07 16:27:12: MasterKey Key Entry ... OK
2014/11/07 16:27:12: PowerON Counter Key Entry ... OK
2014/11/07 16:27:12: Key Entry ... OK
2014/11/07 16:27:12: Complete.
2014/11/07 16:27:12: COM PORT CLOSE ... OK
2014/11/07 16:27:12: 
2014/11/07 16:27:12: ==== Processing was completed ====
2014/11/07 16:27:12: 
*************************************************


*********** Start the Initialize Key Check **********
2014/11/07 16:29:48: Tool Ver: 2013.0605.01
2014/11/07 16:29:48: COM PORT OPEN ... OK
2014/11/07 16:29:48:
2014/11/07 16:29:48: ProductS/N:  VRW06A114Y00420
2014/11/07 16:29:48: TID: 8604082A2AE62080
2014/11/07 16:29:48: F/W Version: 00.00.08
2014/11/07 16:29:48:
2014/11/07 16:29:48: MasterKey Key Entry ... OK
2014/11/07 16:29:48: PowerON Counter Key Entry ... OK
2014/11/07 16:29:49: Key Entry ... OK
2014/11/07 16:29:49: Complete.
2014/11/07 16:29:49: COM PORT CLOSE ... OK
2014/11/07 16:29:49: 
2014/11/07 16:29:49: ==== Processing was completed ====
2014/11/07 16:29:49: 
*************************************************


*********** Start the Initialize Key Check **********
2014/11/07 16:32:59: Tool Ver: 2013.0605.01
2014/11/07 16:32:59: COM PORT OPEN ... OK
2014/11/07 16:32:59:
2014/11/07 16:32:59: ProductS/N:  VRW06A114Y00452
2014/11/07 16:32:59: TID: 8604072ED2E52080
2014/11/07 16:32:59: F/W Version: 00.00.08
2014/11/07 16:32:59:
2014/11/07 16:32:59: MasterKey Key Entry ... OK
2014/11/07 16:32:59: PowerON Counter Key Entry ... OK
2014/11/07 16:33:00: Key Entry ... OK
2014/11/07 16:33:00: Complete.
2014/11/07 16:33:00: COM PORT CLOSE ... OK
2014/11/07 16:33:00: 
2014/11/07 16:33:00: ==== Processing was completed ====
2014/11/07 16:33:00: 
*************************************************


*********** Start the Initialize Key Check **********
2014/11/07 16:35:38: Tool Ver: 2013.0605.01
2014/11/07 16:35:38: COM PORT OPEN ... OK
2014/11/07 16:35:38:
2014/11/07 16:35:38: ProductS/N:  VRW06A114Y00444
2014/11/07 16:35:38: TID: 86042B282AE62080
2014/11/07 16:35:38: F/W Version: 00.00.08
2014/11/07 16:35:38:
2014/11/07 16:35:38: MasterKey Key Entry ... OK
2014/11/07 16:35:38: PowerON Counter Key Entry ... OK
2014/11/07 16:35:38: Key Entry ... OK
2014/11/07 16:35:38: Complete.
2014/11/07 16:35:38: COM PORT CLOSE ... OK
2014/11/07 16:35:38: 
2014/11/07 16:35:38: ==== Processing was completed ====
2014/11/07 16:35:38: 
*************************************************


*********** Start the Initialize Key Check **********
2014/11/07 16:41:43: Tool Ver: 2013.0605.01
2014/11/07 16:41:43: COM PORT OPEN ... OK
2014/11/07 16:41:43:
2014/11/07 16:41:43: ProductS/N:  VRW06A114Y00427
2014/11/07 16:41:43: TID: 860427212AE62080
2014/11/07 16:41:43: F/W Version: 00.00.08
2014/11/07 16:41:43:
2014/11/07 16:41:43: MasterKey Key Entry ... OK
2014/11/07 16:41:43: PowerON Counter Key Entry ... OK
2014/11/07 16:41:44: Key Entry ... OK
2014/11/07 16:41:44: Complete.
2014/11/07 16:41:44: COM PORT CLOSE ... OK
2014/11/07 16:41:44: 
2014/11/07 16:41:44: ==== Processing was completed ====
2014/11/07 16:41:44: 
*************************************************


*********** Start the Initialize Key Check **********
2014/11/07 16:45:36: Tool Ver: 2013.0605.01
2014/11/07 16:45:36: COM PORT OPEN ... OK
2014/11/07 16:45:37:
2014/11/07 16:45:37: ProductS/N:  VRW06A114Y00453
2014/11/07 16:45:37: TID: 86041F262AE62080
2014/11/07 16:45:37: F/W Version: 00.00.08
2014/11/07 16:45:37:
2014/11/07 16:45:37: MasterKey Key Entry ... OK
2014/11/07 16:45:37: PowerON Counter Key Entry ... OK
2014/11/07 16:45:37: Key Entry ... OK
2014/11/07 16:45:37: Complete.
2014/11/07 16:45:37: COM PORT CLOSE ... OK
2014/11/07 16:45:37: 
2014/11/07 16:45:37: ==== Processing was completed ====
2014/11/07 16:45:37: 
*************************************************


*********** Start the Initialize Key Check **********
2014/11/07 16:50:06: Tool Ver: 2013.0605.01
2014/11/07 16:50:06: COM PORT OPEN ... OK
2014/11/07 16:50:06:
2014/11/07 16:50:06: ProductS/N:  VRW06A114Y00298
2014/11/07 16:50:06: TID: 86042036D2E52080
2014/11/07 16:50:06: F/W Version: 00.00.08
2014/11/07 16:50:06:
2014/11/07 16:50:06: MasterKey Key Entry ... OK
2014/11/07 16:50:06: PowerON Counter Key Entry ... OK
2014/11/07 16:50:07: Key Entry ... OK
2014/11/07 16:50:07: Complete.
2014/11/07 16:50:07: COM PORT CLOSE ... OK
2014/11/07 16:50:07: 
2014/11/07 16:50:07: ==== Processing was completed ====
2014/11/07 16:50:07: 
*************************************************


*********** Start the Initialize Key Check **********
2014/11/07 17:33:49: Tool Ver: 2013.0605.01
2014/11/07 17:33:49: COM PORT OPEN ... OK
2014/11/07 17:33:49:
2014/11/07 17:33:49: ProductS/N:  VRW06A114Y00448
2014/11/07 17:33:49: TID: 8604341F2AE62080
2014/11/07 17:33:49: F/W Version: 00.00.08
2014/11/07 17:33:49:
2014/11/07 17:33:50: MasterKey Key Entry ... OK
2014/11/07 17:33:50: PowerON Counter Key Entry ... OK
2014/11/07 17:33:50: Key Entry ... OK
2014/11/07 17:33:50: Complete.
2014/11/07 17:33:50: COM PORT CLOSE ... OK
2014/11/07 17:33:50: 
2014/11/07 17:33:50: ==== Processing was completed ====
2014/11/07 17:33:50: 
*************************************************


*********** Start the Initialize Key Check **********
2014/11/07 17:38:39: Tool Ver: 2013.0605.01
2014/11/07 17:38:39: COM PORT OPEN ... OK
2014/11/07 17:38:39:
2014/11/07 17:38:39: ProductS/N:  VRW06A114Y00376
2014/11/07 17:38:39: TID: 860438242AE62080
2014/11/07 17:38:39: F/W Version: 00.00.08
2014/11/07 17:38:39:
2014/11/07 17:38:39: MasterKey Key Entry ... OK
2014/11/07 17:38:39: PowerON Counter Key Entry ... OK
2014/11/07 17:38:39: Key Entry ... OK
2014/11/07 17:38:39: Complete.
2014/11/07 17:38:39: COM PORT CLOSE ... OK
2014/11/07 17:38:39: 
2014/11/07 17:38:39: ==== Processing was completed ====
2014/11/07 17:38:39: 
*************************************************


*********** Start the Initialize Key Check **********
2014/11/07 17:43:18: Tool Ver: 2013.0605.01
2014/11/07 17:43:18: COM PORT OPEN ... OK
2014/11/07 17:43:18:
2014/11/07 17:43:18: ProductS/N:  VRW06A114Y00403
2014/11/07 17:43:18: TID: 86042A133AE62080
2014/11/07 17:43:18: F/W Version: 00.00.08
2014/11/07 17:43:18:
2014/11/07 17:43:18: MasterKey Key Entry ... OK
2014/11/07 17:43:18: PowerON Counter Key Entry ... OK
2014/11/07 17:43:19: Key Entry ... OK
2014/11/07 17:43:19: Complete.
2014/11/07 17:43:19: COM PORT CLOSE ... OK
2014/11/07 17:43:19: 
2014/11/07 17:43:19: ==== Processing was completed ====
2014/11/07 17:43:19: 
*************************************************


*********** Start the Initialize Key Check **********
2014/11/07 17:47:42: Tool Ver: 2013.0605.01
2014/11/07 17:47:42: COM PORT OPEN ... OK
2014/11/07 17:47:42:
2014/11/07 17:47:42: ProductS/N:  VRW06A114Y00450
2014/11/07 17:47:42: TID: 860429242AE62080
2014/11/07 17:47:42: F/W Version: 00.00.08
2014/11/07 17:47:42:
2014/11/07 17:47:42: MasterKey Key Entry ... OK
2014/11/07 17:47:42: PowerON Counter Key Entry ... OK
2014/11/07 17:47:43: Key Entry ... OK
2014/11/07 17:47:43: Complete.
2014/11/07 17:47:43: COM PORT CLOSE ... OK
2014/11/07 17:47:43: 
2014/11/07 17:47:43: ==== Processing was completed ====
2014/11/07 17:47:43: 
*************************************************


*********** Start the Initialize Key Check **********
2014/11/07 17:52:24: Tool Ver: 2013.0605.01
2014/11/07 17:52:24: COM PORT OPEN ... OK
2014/11/07 17:52:24:
2014/11/07 17:52:24: ProductS/N:  VRW06A114Y00217
2014/11/07 17:52:24: TID: 86043C1D2AE62080
2014/11/07 17:52:24: F/W Version: 00.00.08
2014/11/07 17:52:24:
2014/11/07 17:52:24: MasterKey Key Entry ... OK
2014/11/07 17:52:24: PowerON Counter Key Entry ... OK
2014/11/07 17:52:25: Key Entry ... OK
2014/11/07 17:52:25: Complete.
2014/11/07 17:52:25: COM PORT CLOSE ... OK
2014/11/07 17:52:25: 
2014/11/07 17:52:25: ==== Processing was completed ====
2014/11/07 17:52:25: 
*************************************************


*********** Start the Initialize Key Check **********
2014/11/07 17:55:05: Tool Ver: 2013.0605.01
2014/11/07 17:55:05: COM PORT OPEN ... OK
2014/11/07 17:55:05:
2014/11/07 17:55:05: ProductS/N:  VRW06A114Y00455
2014/11/07 17:55:05: TID: 86043339D2E52080
2014/11/07 17:55:05: F/W Version: 00.00.08
2014/11/07 17:55:05:
2014/11/07 17:55:05: MasterKey Key Entry ... OK
2014/11/07 17:55:05: PowerON Counter Key Entry ... OK
2014/11/07 17:55:05: Key Entry ... OK
2014/11/07 17:55:05: Complete.
2014/11/07 17:55:05: COM PORT CLOSE ... OK
2014/11/07 17:55:05: 
2014/11/07 17:55:05: ==== Processing was completed ====
2014/11/07 17:55:05: 
*************************************************


*********** Start the Initialize Key Check **********
2014/11/07 17:56:51: Tool Ver: 2013.0605.01
2014/11/07 17:56:51: COM PORT OPEN ... OK
2014/11/07 17:56:51:
2014/11/07 17:56:51: ProductS/N:  VRW06A114Y00422
2014/11/07 17:56:51: TID: 8604131C22E62080
2014/11/07 17:56:51: F/W Version: 00.00.08
2014/11/07 17:56:51:
2014/11/07 17:56:51: MasterKey Key Entry ... OK
2014/11/07 17:56:51: PowerON Counter Key Entry ... OK
2014/11/07 17:56:52: Key Entry ... OK
2014/11/07 17:56:52: Complete.
2014/11/07 17:56:52: COM PORT CLOSE ... OK
2014/11/07 17:56:52: 
2014/11/07 17:56:52: ==== Processing was completed ====
2014/11/07 17:56:52: 
*************************************************


*********** Start the Initialize Key Check **********
2014/11/07 17:59:05: Tool Ver: 2013.0605.01
2014/11/07 17:59:05: COM PORT OPEN ... ERROR(01)
2014/11/07 17:59:05: 
2014/11/07 17:59:05: ######## Error has occurred ########
2014/11/07 17:59:05: 
*************************************************


*********** Start the Initialize Key Check **********
2014/11/07 17:59:29: Tool Ver: 2013.0605.01
2014/11/07 17:59:29: COM PORT OPEN ... OK
2014/11/07 17:59:29:
2014/11/07 17:59:29: ProductS/N:  VRW06A114Y00371
2014/11/07 17:59:29: TID: 86041C37D2E52080
2014/11/07 17:59:29: F/W Version: 00.00.08
2014/11/07 17:59:29:
2014/11/07 17:59:29: MasterKey Key Entry ... OK
2014/11/07 17:59:29: PowerON Counter Key Entry ... OK
2014/11/07 17:59:30: Key Entry ... OK
2014/11/07 17:59:30: Complete.
2014/11/07 17:59:30: COM PORT CLOSE ... OK
2014/11/07 17:59:30: 
2014/11/07 17:59:30: ==== Processing was completed ====
2014/11/07 17:59:30: 
*************************************************


*********** Start the Initialize Key Check **********
2014/11/07 18:01:38: Tool Ver: 2013.0605.01
2014/11/07 18:01:38: COM PORT OPEN ... OK
2014/11/07 18:01:38:
2014/11/07 18:01:38: ProductS/N:  VRW06A114Y00459
2014/11/07 18:01:38: TID: 8604172FD2E52080
2014/11/07 18:01:38: F/W Version: 00.00.08
2014/11/07 18:01:38:
2014/11/07 18:01:39: MasterKey Key Entry ... OK
2014/11/07 18:01:39: PowerON Counter Key Entry ... OK
2014/11/07 18:01:39: Key Entry ... OK
2014/11/07 18:01:39: Complete.
2014/11/07 18:01:39: COM PORT CLOSE ... OK
2014/11/07 18:01:39: 
2014/11/07 18:01:39: ==== Processing was completed ====
2014/11/07 18:01:39: 
*************************************************


*********** Start the Initialize Key Check **********
2014/11/07 18:05:50: Tool Ver: 2013.0605.01
2014/11/07 18:05:50: COM PORT OPEN ... OK
2014/11/07 18:05:50:
2014/11/07 18:05:50: ProductS/N:  VRW06A114Y00409
2014/11/07 18:05:50: TID: 86040D37D2E52080
2014/11/07 18:05:50: F/W Version: 00.00.08
2014/11/07 18:05:50:
2014/11/07 18:05:50: MasterKey Key Entry ... OK
2014/11/07 18:05:50: PowerON Counter Key Entry ... OK
2014/11/07 18:05:50: Key Entry ... OK
2014/11/07 18:05:50: Complete.
2014/11/07 18:05:50: COM PORT CLOSE ... OK
2014/11/07 18:05:50: 
2014/11/07 18:05:50: ==== Processing was completed ====
2014/11/07 18:05:50: 
*************************************************


*********** Start the Initialize Key Check **********
2014/11/07 18:08:56: Tool Ver: 2013.0605.01
2014/11/07 18:08:56: COM PORT OPEN ... OK
2014/11/07 18:08:56:
2014/11/07 18:08:56: ProductS/N:  VRW06A114Y00464
2014/11/07 18:08:56: TID: 860426252AE62080
2014/11/07 18:08:56: F/W Version: 00.00.08
2014/11/07 18:08:56:
2014/11/07 18:08:56: MasterKey Key Entry ... OK
2014/11/07 18:08:56: PowerON Counter Key Entry ... OK
2014/11/07 18:08:57: Key Entry ... OK
2014/11/07 18:08:57: Complete.
2014/11/07 18:08:57: COM PORT CLOSE ... OK
2014/11/07 18:08:57: 
2014/11/07 18:08:57: ==== Processing was completed ====
2014/11/07 18:08:57: 
*************************************************


*********** Start the Initialize Key Check **********
2014/11/07 18:15:10: Tool Ver: 2013.0605.01
2014/11/07 18:15:10: COM PORT OPEN ... OK
2014/11/07 18:15:10:
2014/11/07 18:15:10: ProductS/N:  VRW06A114Y00453
2014/11/07 18:15:10: TID: 86041F262AE62080
2014/11/07 18:15:10: F/W Version: 00.00.08
2014/11/07 18:15:10:
2014/11/07 18:15:10: MasterKey Key Entry ... OK
2014/11/07 18:15:10: PowerON Counter Key Entry ... OK
2014/11/07 18:15:11: Key Entry ... OK
2014/11/07 18:15:11: Complete.
2014/11/07 18:15:11: COM PORT CLOSE ... OK
2014/11/07 18:15:11: 
2014/11/07 18:15:11: ==== Processing was completed ====
2014/11/07 18:15:11: 
*************************************************


*********** Start the Initialize Key Check **********
2014/11/07 18:17:43: Tool Ver: 2013.0605.01
2014/11/07 18:17:43: COM PORT OPEN ... OK
2014/11/07 18:17:43:
2014/11/07 18:17:43: ProductS/N:  VRW06A114Y00464
2014/11/07 18:17:43: TID: 860426252AE62080
2014/11/07 18:17:43: F/W Version: 00.00.08
2014/11/07 18:17:43:
2014/11/07 18:17:43: MasterKey Key Entry ... OK
2014/11/07 18:17:43: PowerON Counter Key Entry ... OK
2014/11/07 18:17:44: Key Entry ... OK
2014/11/07 18:17:44: Complete.
2014/11/07 18:17:44: COM PORT CLOSE ... OK
2014/11/07 18:17:44: 
2014/11/07 18:17:44: ==== Processing was completed ====
2014/11/07 18:17:44: 
*************************************************


*********** Start the Initialize Key Check **********
2014/11/07 18:19:44: Tool Ver: 2013.0605.01
2014/11/07 18:19:44: COM PORT OPEN ... OK
2014/11/07 18:19:44:
2014/11/07 18:19:44: ProductS/N:  VRW06A114Y00446
2014/11/07 18:19:44: TID: 8604162DD2E52080
2014/11/07 18:19:44: F/W Version: 00.00.08
2014/11/07 18:19:44:
2014/11/07 18:19:44: MasterKey Key Entry ... OK
2014/11/07 18:19:44: PowerON Counter Key Entry ... OK
2014/11/07 18:19:45: Key Entry ... OK
2014/11/07 18:19:45: Complete.
2014/11/07 18:19:45: COM PORT CLOSE ... OK
2014/11/07 18:19:45: 
2014/11/07 18:19:45: ==== Processing was completed ====
2014/11/07 18:19:45: 
*************************************************


*********** Start the Initialize Key Check **********
2014/11/07 18:22:59: Tool Ver: 2013.0605.01
2014/11/07 18:22:59: COM PORT OPEN ... OK
2014/11/07 18:22:59:
2014/11/07 18:22:59: ProductS/N:  VRW06A114Y00443
2014/11/07 18:22:59: TID: 8604271F2AE62080
2014/11/07 18:22:59: F/W Version: 00.00.08
2014/11/07 18:22:59:
2014/11/07 18:22:59: MasterKey Key Entry ... OK
2014/11/07 18:22:59: PowerON Counter Key Entry ... OK
2014/11/07 18:23:00: Key Entry ... OK
2014/11/07 18:23:00: Complete.
2014/11/07 18:23:00: COM PORT CLOSE ... OK
2014/11/07 18:23:00: 
2014/11/07 18:23:00: ==== Processing was completed ====
2014/11/07 18:23:00: 
*************************************************


*********** Start the Initialize Key Check **********
2014/11/07 18:58:59: Tool Ver: 2013.0605.01
2014/11/07 18:58:59: COM PORT OPEN ... ERROR(01)
2014/11/07 18:58:59: 
2014/11/07 18:58:59: ######## Error has occurred ########
2014/11/07 18:58:59: 
*************************************************


*********** Start the Initialize Key Check **********
2014/11/07 18:59:34: Tool Ver: 2013.0605.01
2014/11/07 18:59:34: COM PORT OPEN ... OK
2014/11/07 18:59:34:
2014/11/07 18:59:34: ProductS/N:  VRW06A114Y00449
2014/11/07 18:59:34: TID: 8604132ED2E52080
2014/11/07 18:59:34: F/W Version: 00.00.08
2014/11/07 18:59:34:
2014/11/07 18:59:34: MasterKey Key Entry ... OK
2014/11/07 18:59:34: PowerON Counter Key Entry ... OK
2014/11/07 18:59:34: Key Entry ... OK
2014/11/07 18:59:34: Complete.
2014/11/07 18:59:34: COM PORT CLOSE ... OK
2014/11/07 18:59:34: 
2014/11/07 18:59:34: ==== Processing was completed ====
2014/11/07 18:59:34: 
*************************************************


