*********** Start the Initialize Key Check **********
2014/12/11 10:10:26: Tool Ver: 2013.0605.01
2014/12/11 10:10:26: COM PORT OPEN ... OK
2014/12/11 10:10:27:
2014/12/11 10:10:27: ProductS/N:  VRW06A114Z00583
2014/12/11 10:10:27: TID: 8604042022E62080
2014/12/11 10:10:27: F/W Version: 00.00.08
2014/12/11 10:10:27:
2014/12/11 10:10:27: MasterKey Key Entry ... OK
2014/12/11 10:10:27: PowerON Counter Key Entry ... OK
2014/12/11 10:10:27: Key Entry ... OK
2014/12/11 10:10:27: Complete.
2014/12/11 10:10:27: COM PORT CLOSE ... OK
2014/12/11 10:10:27: 
2014/12/11 10:10:27: ==== Processing was completed ====
2014/12/11 10:10:27: 
*************************************************


*********** Start the Initialize Key Check **********
2014/12/11 10:14:35: Tool Ver: 2013.0605.01
2014/12/11 10:14:35: COM PORT OPEN ... OK
2014/12/11 10:14:35:
2014/12/11 10:14:35: ProductS/N:  VRW06A114Z00587
2014/12/11 10:14:35: TID: 8604352C3AE62080
2014/12/11 10:14:35: F/W Version: 00.00.08
2014/12/11 10:14:35:
2014/12/11 10:14:35: MasterKey Key Entry ... OK
2014/12/11 10:14:36: PowerON Counter Key Entry ... OK
2014/12/11 10:14:36: Key Entry ... OK
2014/12/11 10:14:36: Complete.
2014/12/11 10:14:36: COM PORT CLOSE ... OK
2014/12/11 10:14:36: 
2014/12/11 10:14:36: ==== Processing was completed ====
2014/12/11 10:14:36: 
*************************************************


*********** Start the Initialize Key Check **********
2014/12/11 10:16:39: Tool Ver: 2013.0605.01
2014/12/11 10:16:39: COM PORT OPEN ... OK
2014/12/11 10:16:39:
2014/12/11 10:16:39: ProductS/N:  VRW06A114Z00583
2014/12/11 10:16:39: TID: 8604042022E62080
2014/12/11 10:16:39: F/W Version: 00.00.08
2014/12/11 10:16:39:
2014/12/11 10:16:39: MasterKey Key Entry ... OK
2014/12/11 10:16:39: PowerON Counter Key Entry ... OK
2014/12/11 10:16:40: Key Entry ... OK
2014/12/11 10:16:40: Complete.
2014/12/11 10:16:40: COM PORT CLOSE ... OK
2014/12/11 10:16:40: 
2014/12/11 10:16:40: ==== Processing was completed ====
2014/12/11 10:16:40: 
*************************************************


*********** Start the Initialize Key Check **********
2014/12/11 10:25:03: Tool Ver: 2013.0605.01
2014/12/11 10:25:03: COM PORT OPEN ... OK
2014/12/11 10:25:03:
2014/12/11 10:25:03: ProductS/N:  VRW06A114Z00488
2014/12/11 10:25:03: TID: 86043F2FCAE52080
2014/12/11 10:25:03: F/W Version: 00.00.08
2014/12/11 10:25:03:
2014/12/11 10:25:03: MasterKey Key Entry ... OK
2014/12/11 10:25:03: PowerON Counter Key Entry ... OK
2014/12/11 10:25:04: Key Entry ... OK
2014/12/11 10:25:04: Complete.
2014/12/11 10:25:04: COM PORT CLOSE ... OK
2014/12/11 10:25:04: 
2014/12/11 10:25:04: ==== Processing was completed ====
2014/12/11 10:25:04: 
*************************************************


*********** Start the Initialize Key Check **********
2014/12/11 10:31:51: Tool Ver: 2013.0605.01
2014/12/11 10:31:51: COM PORT OPEN ... OK
2014/12/11 10:31:51:
2014/12/11 10:31:51: ProductS/N:  VRW06A114Z00458
2014/12/11 10:31:51: TID: 8604222222E62080
2014/12/11 10:31:51: F/W Version: 00.00.08
2014/12/11 10:31:51:
2014/12/11 10:31:51: MasterKey Key Entry ... OK
2014/12/11 10:31:51: PowerON Counter Key Entry ... OK
2014/12/11 10:31:52: Key Entry ... OK
2014/12/11 10:31:52: Complete.
2014/12/11 10:31:52: COM PORT CLOSE ... OK
2014/12/11 10:31:52: 
2014/12/11 10:31:52: ==== Processing was completed ====
2014/12/11 10:31:52: 
*************************************************


*********** Start the Initialize Key Check **********
2014/12/11 10:49:23: Tool Ver: 2013.0605.01
2014/12/11 10:49:23: COM PORT OPEN ... OK
2014/12/11 10:49:23:
2014/12/11 10:49:23: ProductS/N:  VRW06A114Z00569
2014/12/11 10:49:23: TID: 8604392B3AE62080
2014/12/11 10:49:23: F/W Version: 00.00.08
2014/12/11 10:49:23:
2014/12/11 10:49:23: MasterKey Key Entry ... OK
2014/12/11 10:49:23: PowerON Counter Key Entry ... OK
2014/12/11 10:49:24: Key Entry ... OK
2014/12/11 10:49:24: Complete.
2014/12/11 10:49:24: COM PORT CLOSE ... OK
2014/12/11 10:49:24: 
2014/12/11 10:49:24: ==== Processing was completed ====
2014/12/11 10:49:24: 
*************************************************


*********** Start the Initialize Key Check **********
2014/12/11 10:57:02: Tool Ver: 2013.0605.01
2014/12/11 10:57:02: COM PORT OPEN ... OK
2014/12/11 10:57:02:
2014/12/11 10:57:02: ProductS/N:  VRW06A114Z00577
2014/12/11 10:57:02: TID: 86043C2622E62080
2014/12/11 10:57:02: F/W Version: 00.00.08
2014/12/11 10:57:02:
2014/12/11 10:57:02: MasterKey Key Entry ... OK
2014/12/11 10:57:02: PowerON Counter Key Entry ... OK
2014/12/11 10:57:02: Key Entry ... OK
2014/12/11 10:57:02: Complete.
2014/12/11 10:57:02: COM PORT CLOSE ... OK
2014/12/11 10:57:02: 
2014/12/11 10:57:02: ==== Processing was completed ====
2014/12/11 10:57:02: 
*************************************************


*********** Start the Initialize Key Check **********
2014/12/11 10:58:38: Tool Ver: 2013.0605.01
2014/12/11 10:58:38: COM PORT OPEN ... OK
2014/12/11 10:58:38:
2014/12/11 10:58:38: ProductS/N:  VRW06A114Z00569
2014/12/11 10:58:38: TID: 86040D2122E62080
2014/12/11 10:58:38: F/W Version: 00.00.08
2014/12/11 10:58:38:
2014/12/11 10:58:38: MasterKey Key Entry ... OK
2014/12/11 10:58:38: PowerON Counter Key Entry ... OK
2014/12/11 10:58:39: Key Entry ... OK
2014/12/11 10:58:39: Complete.
2014/12/11 10:58:39: COM PORT CLOSE ... OK
2014/12/11 10:58:39: 
2014/12/11 10:58:39: ==== Processing was completed ====
2014/12/11 10:58:39: 
*************************************************


*********** Start the Initialize Key Check **********
2014/12/11 11:02:51: Tool Ver: 2013.0605.01
2014/12/11 11:02:51: COM PORT OPEN ... OK
2014/12/11 11:02:51:
2014/12/11 11:02:51: ProductS/N:  VRW06A114Z00558
2014/12/11 11:02:51: TID: 86040D2122E62080
2014/12/11 11:02:51: F/W Version: 00.00.08
2014/12/11 11:02:51:
2014/12/11 11:02:51: MasterKey Key Entry ... OK
2014/12/11 11:02:51: PowerON Counter Key Entry ... OK
2014/12/11 11:02:52: Key Entry ... OK
2014/12/11 11:02:52: Complete.
2014/12/11 11:02:52: COM PORT CLOSE ... OK
2014/12/11 11:02:52: 
2014/12/11 11:02:52: ==== Processing was completed ====
2014/12/11 11:02:52: 
*************************************************


