*********** Start the Initialize Key Check **********
2014/09/24 08:11:34: Tool Ver: 2013.0605.01
2014/09/24 08:11:34: COM PORT OPEN ... OK
2014/09/24 08:11:34:
2014/09/24 08:11:34: ProductS/N:  VRW06A114900474
2014/09/24 08:11:34: TID: 86040F2CCAE52080
2014/09/24 08:11:34: F/W Version: 00.00.08
2014/09/24 08:11:34:
2014/09/24 08:11:34: MasterKey Key Entry ... OK
2014/09/24 08:11:34: PowerON Counter Key Entry ... OK
2014/09/24 08:11:35: Key Entry ... OK
2014/09/24 08:11:35: Complete.
2014/09/24 08:11:35: COM PORT CLOSE ... OK
2014/09/24 08:11:35: 
2014/09/24 08:11:35: ==== Processing was completed ====
2014/09/24 08:11:35: 
*************************************************


*********** Start the Initialize Key Check **********
2014/09/24 08:12:41: Tool Ver: 2013.0605.01
2014/09/24 08:12:41: COM PORT OPEN ... OK
2014/09/24 08:12:41:
2014/09/24 08:12:41: ProductS/N:  VRW06A114900436
2014/09/24 08:12:41: TID: 8604272DCAE52080
2014/09/24 08:12:41: F/W Version: 00.00.08
2014/09/24 08:12:41:
2014/09/24 08:12:41: MasterKey Key Entry ... OK
2014/09/24 08:12:41: PowerON Counter Key Entry ... OK
2014/09/24 08:12:42: Key Entry ... OK
2014/09/24 08:12:42: Complete.
2014/09/24 08:12:42: COM PORT CLOSE ... OK
2014/09/24 08:12:42: 
2014/09/24 08:12:42: ==== Processing was completed ====
2014/09/24 08:12:42: 
*************************************************


*********** Start the Initialize Key Check **********
2014/09/24 08:19:23: Tool Ver: 2013.0605.01
2014/09/24 08:19:23: COM PORT OPEN ... OK
2014/09/24 08:19:23:
2014/09/24 08:19:23: ProductS/N:  VRW06A114900434
2014/09/24 08:19:23: TID: 860404222AE62080
2014/09/24 08:19:23: F/W Version: 00.00.08
2014/09/24 08:19:23:
2014/09/24 08:19:23: MasterKey Key Entry ... OK
2014/09/24 08:19:23: PowerON Counter Key Entry ... OK
2014/09/24 08:19:24: Key Entry ... OK
2014/09/24 08:19:24: Complete.
2014/09/24 08:19:24: COM PORT CLOSE ... OK
2014/09/24 08:19:24: 
2014/09/24 08:19:24: ==== Processing was completed ====
2014/09/24 08:19:24: 
*************************************************


*********** Start the Initialize Key Check **********
2014/09/24 08:24:01: Tool Ver: 2013.0605.01
2014/09/24 08:24:01: COM PORT OPEN ... OK
2014/09/24 08:24:01:
2014/09/24 08:24:01: ProductS/N:  VRW06A114900482
2014/09/24 08:24:01: TID: 86040428CAE52080
2014/09/24 08:24:01: F/W Version: 00.00.08
2014/09/24 08:24:01:
2014/09/24 08:24:01: MasterKey Key Entry ... OK
2014/09/24 08:24:01: PowerON Counter Key Entry ... OK
2014/09/24 08:24:02: Key Entry ... OK
2014/09/24 08:24:02: Complete.
2014/09/24 08:24:02: COM PORT CLOSE ... OK
2014/09/24 08:24:02: 
2014/09/24 08:24:02: ==== Processing was completed ====
2014/09/24 08:24:02: 
*************************************************


*********** Start the Initialize Key Check **********
2014/09/24 08:28:21: Tool Ver: 2013.0605.01
2014/09/24 08:28:21: COM PORT OPEN ... OK
2014/09/24 08:28:21:
2014/09/24 08:28:21: ProductS/N:  VRW06A114900467
2014/09/24 08:28:21: TID: 860429173AE62080
2014/09/24 08:28:21: F/W Version: 00.00.08
2014/09/24 08:28:21:
2014/09/24 08:28:21: MasterKey Key Entry ... OK
2014/09/24 08:28:21: PowerON Counter Key Entry ... OK
2014/09/24 08:28:22: Key Entry ... OK
2014/09/24 08:28:22: Complete.
2014/09/24 08:28:22: COM PORT CLOSE ... OK
2014/09/24 08:28:22: 
2014/09/24 08:28:22: ==== Processing was completed ====
2014/09/24 08:28:22: 
*************************************************


*********** Start the Initialize Key Check **********
2014/09/24 08:32:19: Tool Ver: 2013.0605.01
2014/09/24 08:32:19: COM PORT OPEN ... OK
2014/09/24 08:32:19:
2014/09/24 08:32:19: ProductS/N:  VRW06A114900278
2014/09/24 08:32:19: TID: 86041B183AE62080
2014/09/24 08:32:19: F/W Version: 00.00.08
2014/09/24 08:32:19:
2014/09/24 08:32:19: MasterKey Key Entry ... OK
2014/09/24 08:32:19: PowerON Counter Key Entry ... OK
2014/09/24 08:32:20: Key Entry ... OK
2014/09/24 08:32:20: Complete.
2014/09/24 08:32:20: COM PORT CLOSE ... OK
2014/09/24 08:32:20: 
2014/09/24 08:32:20: ==== Processing was completed ====
2014/09/24 08:32:20: 
*************************************************


*********** Start the Initialize Key Check **********
2014/09/24 08:42:02: Tool Ver: 2013.0605.01
2014/09/24 08:42:02: COM PORT OPEN ... OK
2014/09/24 08:42:02:
2014/09/24 08:42:02: ProductS/N:  VRW06A114900416
2014/09/24 08:42:02: TID: 8604122BCAE52080
2014/09/24 08:42:02: F/W Version: 00.00.08
2014/09/24 08:42:02:
2014/09/24 08:42:02: MasterKey Key Entry ... OK
2014/09/24 08:42:02: PowerON Counter Key Entry ... OK
2014/09/24 08:42:02: Key Entry ... OK
2014/09/24 08:42:02: Complete.
2014/09/24 08:42:02: COM PORT CLOSE ... OK
2014/09/24 08:42:02: 
2014/09/24 08:42:02: ==== Processing was completed ====
2014/09/24 08:42:02: 
*************************************************


*********** Start the Initialize Key Check **********
2014/09/24 08:44:19: Tool Ver: 2013.0605.01
2014/09/24 08:44:19: COM PORT OPEN ... OK
2014/09/24 08:44:19:
2014/09/24 08:44:19: ProductS/N:  VRW06A114900461
2014/09/24 08:44:19: TID: 8604202DCAE52080
2014/09/24 08:44:19: F/W Version: 00.00.08
2014/09/24 08:44:19:
2014/09/24 08:44:19: MasterKey Key Entry ... OK
2014/09/24 08:44:19: PowerON Counter Key Entry ... OK
2014/09/24 08:44:19: Key Entry ... OK
2014/09/24 08:44:19: Complete.
2014/09/24 08:44:19: COM PORT CLOSE ... OK
2014/09/24 08:44:19: 
2014/09/24 08:44:19: ==== Processing was completed ====
2014/09/24 08:44:19: 
*************************************************


*********** Start the Initialize Key Check **********
2014/09/24 08:50:59: Tool Ver: 2013.0605.01
2014/09/24 08:50:59: COM PORT OPEN ... OK
2014/09/24 08:50:59:
2014/09/24 08:50:59: ProductS/N:  VRW06A114900450
2014/09/24 08:50:59: TID: 86043434CAE52080
2014/09/24 08:50:59: F/W Version: 00.00.08
2014/09/24 08:50:59:
2014/09/24 08:50:59: MasterKey Key Entry ... OK
2014/09/24 08:50:59: PowerON Counter Key Entry ... OK
2014/09/24 08:50:59: Key Entry ... OK
2014/09/24 08:50:59: Complete.
2014/09/24 08:50:59: COM PORT CLOSE ... OK
2014/09/24 08:50:59: 
2014/09/24 08:50:59: ==== Processing was completed ====
2014/09/24 08:50:59: 
*************************************************


*********** Start the Initialize Key Check **********
2014/09/24 08:53:29: Tool Ver: 2013.0605.01
2014/09/24 08:53:29: COM PORT OPEN ... OK
2014/09/24 08:53:29:
2014/09/24 08:53:29: ProductS/N:  VRW06A114900441
2014/09/24 08:53:29: TID: 86043B2B2AE62080
2014/09/24 08:53:29: F/W Version: 00.00.08
2014/09/24 08:53:29:
2014/09/24 08:53:29: MasterKey Key Entry ... OK
2014/09/24 08:53:29: PowerON Counter Key Entry ... OK
2014/09/24 08:53:30: Key Entry ... OK
2014/09/24 08:53:30: Complete.
2014/09/24 08:53:30: COM PORT CLOSE ... OK
2014/09/24 08:53:30: 
2014/09/24 08:53:30: ==== Processing was completed ====
2014/09/24 08:53:30: 
*************************************************


*********** Start the Initialize Key Check **********
2014/09/24 08:57:18: Tool Ver: 2013.0605.01
2014/09/24 08:57:18: COM PORT OPEN ... OK
2014/09/24 08:57:18:
2014/09/24 08:57:18: ProductS/N:  VRW06A114900490
2014/09/24 08:57:18: TID: 86041031CAE52080
2014/09/24 08:57:18: F/W Version: 00.00.08
2014/09/24 08:57:18:
2014/09/24 08:57:18: MasterKey Key Entry ... OK
2014/09/24 08:57:18: PowerON Counter Key Entry ... OK
2014/09/24 08:57:19: Key Entry ... OK
2014/09/24 08:57:19: Complete.
2014/09/24 08:57:19: COM PORT CLOSE ... OK
2014/09/24 08:57:19: 
2014/09/24 08:57:19: ==== Processing was completed ====
2014/09/24 08:57:19: 
*************************************************


*********** Start the Initialize Key Check **********
2014/09/24 09:06:09: Tool Ver: 2013.0605.01
2014/09/24 09:06:09: COM PORT OPEN ... OK
2014/09/24 09:06:09:
2014/09/24 09:06:09: ProductS/N:  VRW06A114900225
2014/09/24 09:06:09: TID: 860417113AE62080
2014/09/24 09:06:09: F/W Version: 00.00.08
2014/09/24 09:06:09:
2014/09/24 09:06:09: MasterKey Key Entry ... OK
2014/09/24 09:06:09: PowerON Counter Key Entry ... OK
2014/09/24 09:06:10: Key Entry ... OK
2014/09/24 09:06:10: Complete.
2014/09/24 09:06:10: COM PORT CLOSE ... OK
2014/09/24 09:06:10: 
2014/09/24 09:06:10: ==== Processing was completed ====
2014/09/24 09:06:10: 
*************************************************


*********** Start the Initialize Key Check **********
2014/09/24 09:07:48: Tool Ver: 2013.0605.01
2014/09/24 09:07:48: COM PORT OPEN ... OK
2014/09/24 09:07:48:
2014/09/24 09:07:48: ProductS/N:  VRW06A114900207
2014/09/24 09:07:48: TID: 86042A28CAE52080
2014/09/24 09:07:48: F/W Version: 00.00.08
2014/09/24 09:07:48:
2014/09/24 09:07:49: MasterKey Key Entry ... OK
2014/09/24 09:07:49: PowerON Counter Key Entry ... OK
2014/09/24 09:07:49: Key Entry ... OK
2014/09/24 09:07:49: Complete.
2014/09/24 09:07:49: COM PORT CLOSE ... OK
2014/09/24 09:07:49: 
2014/09/24 09:07:49: ==== Processing was completed ====
2014/09/24 09:07:49: 
*************************************************


*********** Start the Initialize Key Check **********
2014/09/24 09:08:56: Tool Ver: 2013.0605.01
2014/09/24 09:08:56: COM PORT OPEN ... OK
2014/09/24 09:08:56:
2014/09/24 09:08:56: ProductS/N:  VRW06A114900387
2014/09/24 09:08:56: TID: 8604142A2AE62080
2014/09/24 09:08:56: F/W Version: 00.00.08
2014/09/24 09:08:56:
2014/09/24 09:08:56: MasterKey Key Entry ... OK
2014/09/24 09:08:56: PowerON Counter Key Entry ... OK
2014/09/24 09:08:57: Key Entry ... OK
2014/09/24 09:08:57: Complete.
2014/09/24 09:08:57: COM PORT CLOSE ... OK
2014/09/24 09:08:57: 
2014/09/24 09:08:57: ==== Processing was completed ====
2014/09/24 09:08:57: 
*************************************************


*********** Start the Initialize Key Check **********
2014/09/24 09:09:30: Tool Ver: 2013.0605.01
2014/09/24 09:09:30: COM PORT OPEN ... OK
2014/09/24 09:09:30:
2014/09/24 09:09:30: ProductS/N:  VRW06A114900387
2014/09/24 09:09:30: TID: 8604142A2AE62080
2014/09/24 09:09:30: F/W Version: 00.00.08
2014/09/24 09:09:30:
2014/09/24 09:09:30: MasterKey Key Entry ... OK
2014/09/24 09:09:30: PowerON Counter Key Entry ... OK
2014/09/24 09:09:31: Key Entry ... OK
2014/09/24 09:09:31: Complete.
2014/09/24 09:09:31: COM PORT CLOSE ... OK
2014/09/24 09:09:31: 
2014/09/24 09:09:31: ==== Processing was completed ====
2014/09/24 09:09:31: 
*************************************************


*********** Start the Initialize Key Check **********
2014/09/24 09:15:32: Tool Ver: 2013.0605.01
2014/09/24 09:15:32: COM PORT OPEN ... OK
2014/09/24 09:15:32:
2014/09/24 09:15:32: ProductS/N:  VRW06A114900485
2014/09/24 09:15:32: TID: 8604402ECAE52080
2014/09/24 09:15:32: F/W Version: 00.00.08
2014/09/24 09:15:32:
2014/09/24 09:15:32: MasterKey Key Entry ... OK
2014/09/24 09:15:32: PowerON Counter Key Entry ... OK
2014/09/24 09:15:33: Key Entry ... OK
2014/09/24 09:15:33: Complete.
2014/09/24 09:15:33: COM PORT CLOSE ... OK
2014/09/24 09:15:33: 
2014/09/24 09:15:33: ==== Processing was completed ====
2014/09/24 09:15:33: 
*************************************************


*********** Start the Initialize Key Check **********
2014/09/24 09:21:01: Tool Ver: 2013.0605.01
2014/09/24 09:21:01: COM PORT OPEN ... OK
2014/09/24 09:21:01:
2014/09/24 09:21:01: ProductS/N:  VRW06A114900483
2014/09/24 09:21:01: TID: 86042F0F3AE62080
2014/09/24 09:21:01: F/W Version: 00.00.08
2014/09/24 09:21:01:
2014/09/24 09:21:01: MasterKey Key Entry ... OK
2014/09/24 09:21:01: PowerON Counter Key Entry ... OK
2014/09/24 09:21:01: Key Entry ... OK
2014/09/24 09:21:01: Complete.
2014/09/24 09:21:01: COM PORT CLOSE ... OK
2014/09/24 09:21:01: 
2014/09/24 09:21:01: ==== Processing was completed ====
2014/09/24 09:21:01: 
*************************************************


*********** Start the Initialize Key Check **********
2014/09/24 09:25:56: Tool Ver: 2013.0605.01
2014/09/24 09:25:56: COM PORT OPEN ... OK
2014/09/24 09:25:57:
2014/09/24 09:25:57: ProductS/N:  VRW06A114900494
2014/09/24 09:25:57: TID: 860425143AE62080
2014/09/24 09:25:57: F/W Version: 00.00.08
2014/09/24 09:25:57:
2014/09/24 09:25:57: MasterKey Key Entry ... OK
2014/09/24 09:25:57: PowerON Counter Key Entry ... OK
2014/09/24 09:25:57: Key Entry ... OK
2014/09/24 09:25:57: Complete.
2014/09/24 09:25:57: COM PORT CLOSE ... OK
2014/09/24 09:25:57: 
2014/09/24 09:25:57: ==== Processing was completed ====
2014/09/24 09:25:57: 
*************************************************


*********** Start the Initialize Key Check **********
2014/09/24 09:38:04: Tool Ver: 2013.0605.01
2014/09/24 09:38:04: COM PORT OPEN ... OK
2014/09/24 09:38:05:
2014/09/24 09:38:05: ProductS/N:  VRW06A114900426
2014/09/24 09:38:05: TID: 86042D28CAE52080
2014/09/24 09:38:05: F/W Version: 00.00.08
2014/09/24 09:38:05:
2014/09/24 09:38:05: MasterKey Key Entry ... OK
2014/09/24 09:38:05: PowerON Counter Key Entry ... OK
2014/09/24 09:38:05: Key Entry ... OK
2014/09/24 09:38:05: Complete.
2014/09/24 09:38:05: COM PORT CLOSE ... OK
2014/09/24 09:38:05: 
2014/09/24 09:38:05: ==== Processing was completed ====
2014/09/24 09:38:05: 
*************************************************


*********** Start the Initialize Key Check **********
2014/09/24 09:41:24: Tool Ver: 2013.0605.01
2014/09/24 09:41:24: COM PORT OPEN ... OK
2014/09/24 09:41:24:
2014/09/24 09:41:24: ProductS/N:  VRW06A114900486
2014/09/24 09:41:24: TID: 86043C163AE62080
2014/09/24 09:41:24: F/W Version: 00.00.08
2014/09/24 09:41:24:
2014/09/24 09:41:24: MasterKey Key Entry ... OK
2014/09/24 09:41:25: PowerON Counter Key Entry ... OK
2014/09/24 09:41:25: Key Entry ... OK
2014/09/24 09:41:25: Complete.
2014/09/24 09:41:25: COM PORT CLOSE ... OK
2014/09/24 09:41:25: 
2014/09/24 09:41:25: ==== Processing was completed ====
2014/09/24 09:41:25: 
*************************************************


*********** Start the Initialize Key Check **********
2014/09/24 09:43:45: Tool Ver: 2013.0605.01
2014/09/24 09:43:45: COM PORT OPEN ... OK
2014/09/24 09:43:45:
2014/09/24 09:43:45: ProductS/N:  VRW06A114900488
2014/09/24 09:43:45: TID: 860423113AE62080
2014/09/24 09:43:45: F/W Version: 00.00.08
2014/09/24 09:43:45:
2014/09/24 09:43:45: MasterKey Key Entry ... OK
2014/09/24 09:43:46: PowerON Counter Key Entry ... OK
2014/09/24 09:43:46: Key Entry ... OK
2014/09/24 09:43:46: Complete.
2014/09/24 09:43:46: COM PORT CLOSE ... OK
2014/09/24 09:43:46: 
2014/09/24 09:43:46: ==== Processing was completed ====
2014/09/24 09:43:46: 
*************************************************


*********** Start the Initialize Key Check **********
2014/09/24 09:46:08: Tool Ver: 2013.0605.01
2014/09/24 09:46:08: COM PORT OPEN ... OK
2014/09/24 09:46:08:
2014/09/24 09:46:08: ProductS/N:  VRW06A114900433
2014/09/24 09:46:08: TID: 86041137CAE52080
2014/09/24 09:46:08: F/W Version: 00.00.08
2014/09/24 09:46:08:
2014/09/24 09:46:08: MasterKey Key Entry ... OK
2014/09/24 09:46:08: PowerON Counter Key Entry ... OK
2014/09/24 09:46:09: Key Entry ... OK
2014/09/24 09:46:09: Complete.
2014/09/24 09:46:09: COM PORT CLOSE ... OK
2014/09/24 09:46:09: 
2014/09/24 09:46:09: ==== Processing was completed ====
2014/09/24 09:46:09: 
*************************************************


*********** Start the Initialize Key Check **********
2014/09/24 09:49:06: Tool Ver: 2013.0605.01
2014/09/24 09:49:06: COM PORT OPEN ... OK
2014/09/24 09:49:06:
2014/09/24 09:49:06: ProductS/N:  VRW06A114900480
2014/09/24 09:49:06: TID: 86042A2BCAE52080
2014/09/24 09:49:06: F/W Version: 00.00.08
2014/09/24 09:49:06:
2014/09/24 09:49:06: MasterKey Key Entry ... OK
2014/09/24 09:49:06: PowerON Counter Key Entry ... OK
2014/09/24 09:49:07: Key Entry ... OK
2014/09/24 09:49:07: Complete.
2014/09/24 09:49:07: COM PORT CLOSE ... OK
2014/09/24 09:49:07: 
2014/09/24 09:49:07: ==== Processing was completed ====
2014/09/24 09:49:07: 
*************************************************


*********** Start the Initialize Key Check **********
2014/09/24 09:52:04: Tool Ver: 2013.0605.01
2014/09/24 09:52:04: COM PORT OPEN ... OK
2014/09/24 09:52:04:
2014/09/24 09:52:04: ProductS/N:  VRW06A114900489
2014/09/24 09:52:04: TID: 86040F31CAE52080
2014/09/24 09:52:04: F/W Version: 00.00.08
2014/09/24 09:52:04:
2014/09/24 09:52:04: MasterKey Key Entry ... OK
2014/09/24 09:52:04: PowerON Counter Key Entry ... OK
2014/09/24 09:52:04: Key Entry ... OK
2014/09/24 09:52:04: Complete.
2014/09/24 09:52:04: COM PORT CLOSE ... OK
2014/09/24 09:52:05: 
2014/09/24 09:52:05: ==== Processing was completed ====
2014/09/24 09:52:05: 
*************************************************


*********** Start the Initialize Key Check **********
2014/09/24 09:57:29: Tool Ver: 2013.0605.01
2014/09/24 09:57:29: COM PORT OPEN ... OK
2014/09/24 09:57:29:
2014/09/24 09:57:29: ProductS/N:  VRW06A114900370
2014/09/24 09:57:29: TID: 86042E292AE62080
2014/09/24 09:57:29: F/W Version: 00.00.08
2014/09/24 09:57:29:
2014/09/24 09:57:29: MasterKey Key Entry ... OK
2014/09/24 09:57:29: PowerON Counter Key Entry ... OK
2014/09/24 09:57:30: Key Entry ... OK
2014/09/24 09:57:30: Complete.
2014/09/24 09:57:30: COM PORT CLOSE ... OK
2014/09/24 09:57:30: 
2014/09/24 09:57:30: ==== Processing was completed ====
2014/09/24 09:57:30: 
*************************************************


*********** Start the Initialize Key Check **********
2014/09/24 10:16:13: Tool Ver: 2013.0605.01
2014/09/24 10:16:13: COM PORT OPEN ... OK
2014/09/24 10:16:13:
2014/09/24 10:16:13: ProductS/N:  VRW06A114900266
2014/09/24 10:16:13: TID: 86041E2ACAE52080
2014/09/24 10:16:13: F/W Version: 00.00.08
2014/09/24 10:16:13:
2014/09/24 10:16:13: MasterKey Key Entry ... OK
2014/09/24 10:16:13: PowerON Counter Key Entry ... OK
2014/09/24 10:16:14: Key Entry ... OK
2014/09/24 10:16:14: Complete.
2014/09/24 10:16:14: COM PORT CLOSE ... OK
2014/09/24 10:16:14: 
2014/09/24 10:16:14: ==== Processing was completed ====
2014/09/24 10:16:14: 
*************************************************


*********** Start the Initialize Key Check **********
2014/09/24 10:16:55: Tool Ver: 2013.0605.01
2014/09/24 10:16:55: COM PORT OPEN ... OK
2014/09/24 10:16:55:
2014/09/24 10:16:55: ProductS/N:  VRW06A114900502
2014/09/24 10:16:56: TID: 8604382DCAE52080
2014/09/24 10:16:56: F/W Version: 00.00.08
2014/09/24 10:16:56:
2014/09/24 10:16:56: MasterKey Key Entry ... OK
2014/09/24 10:16:56: PowerON Counter Key Entry ... OK
2014/09/24 10:16:56: Key Entry ... OK
2014/09/24 10:16:56: Complete.
2014/09/24 10:16:56: COM PORT CLOSE ... OK
2014/09/24 10:16:56: 
2014/09/24 10:16:56: ==== Processing was completed ====
2014/09/24 10:16:56: 
*************************************************


*********** Start the Initialize Key Check **********
2014/09/24 10:20:05: Tool Ver: 2013.0605.01
2014/09/24 10:20:05: COM PORT OPEN ... OK
2014/09/24 10:20:05:
2014/09/24 10:20:05: ProductS/N:  VRW06A114900506
2014/09/24 10:20:05: TID: 86042536CAE52080
2014/09/24 10:20:05: F/W Version: 00.00.08
2014/09/24 10:20:05:
2014/09/24 10:20:05: MasterKey Key Entry ... OK
2014/09/24 10:20:05: PowerON Counter Key Entry ... OK
2014/09/24 10:20:05: Key Entry ... OK
2014/09/24 10:20:05: Complete.
2014/09/24 10:20:05: COM PORT CLOSE ... OK
2014/09/24 10:20:05: 
2014/09/24 10:20:05: ==== Processing was completed ====
2014/09/24 10:20:05: 
*************************************************


*********** Start the Initialize Key Check **********
2014/09/24 10:22:59: Tool Ver: 2013.0605.01
2014/09/24 10:22:59: COM PORT OPEN ... OK
2014/09/24 10:22:59:
2014/09/24 10:22:59: ProductS/N:  VRW06A114900499
2014/09/24 10:22:59: TID: 86042E28CAE52080
2014/09/24 10:22:59: F/W Version: 00.00.08
2014/09/24 10:22:59:
2014/09/24 10:22:59: MasterKey Key Entry ... OK
2014/09/24 10:22:59: PowerON Counter Key Entry ... OK
2014/09/24 10:23:00: Key Entry ... OK
2014/09/24 10:23:00: Complete.
2014/09/24 10:23:00: COM PORT CLOSE ... OK
2014/09/24 10:23:00: 
2014/09/24 10:23:00: ==== Processing was completed ====
2014/09/24 10:23:00: 
*************************************************


*********** Start the Initialize Key Check **********
2014/09/24 10:25:48: Tool Ver: 2013.0605.01
2014/09/24 10:25:48: COM PORT OPEN ... OK
2014/09/24 10:25:48:
2014/09/24 10:25:48: ProductS/N:  VRW06A114900360
2014/09/24 10:25:48: TID: 8604353FD2E52080
2014/09/24 10:25:48: F/W Version: 00.00.08
2014/09/24 10:25:48:
2014/09/24 10:25:48: MasterKey Key Entry ... OK
2014/09/24 10:25:48: PowerON Counter Key Entry ... OK
2014/09/24 10:25:49: Key Entry ... OK
2014/09/24 10:25:49: Complete.
2014/09/24 10:25:49: COM PORT CLOSE ... OK
2014/09/24 10:25:49: 
2014/09/24 10:25:49: ==== Processing was completed ====
2014/09/24 10:25:49: 
*************************************************


*********** Start the Initialize Key Check **********
2014/09/24 10:28:10: Tool Ver: 2013.0605.01
2014/09/24 10:28:10: COM PORT OPEN ... OK
2014/09/24 10:28:10:
2014/09/24 10:28:10: ProductS/N:  VRW06A114900504
2014/09/24 10:28:10: TID: 8604102BCAE52080
2014/09/24 10:28:10: F/W Version: 00.00.08
2014/09/24 10:28:10:
2014/09/24 10:28:10: MasterKey Key Entry ... OK
2014/09/24 10:28:10: PowerON Counter Key Entry ... OK
2014/09/24 10:28:11: Key Entry ... OK
2014/09/24 10:28:11: Complete.
2014/09/24 10:28:11: COM PORT CLOSE ... OK
2014/09/24 10:28:11: 
2014/09/24 10:28:11: ==== Processing was completed ====
2014/09/24 10:28:11: 
*************************************************


*********** Start the Initialize Key Check **********
2014/09/24 10:31:19: Tool Ver: 2013.0605.01
2014/09/24 10:31:19: COM PORT OPEN ... OK
2014/09/24 10:31:19:
2014/09/24 10:31:19: ProductS/N:  VRW06A114900509
2014/09/24 10:31:19: TID: 860412173AE62080
2014/09/24 10:31:19: F/W Version: 00.00.08
2014/09/24 10:31:19:
2014/09/24 10:31:19: MasterKey Key Entry ... OK
2014/09/24 10:31:19: PowerON Counter Key Entry ... OK
2014/09/24 10:31:20: Key Entry ... OK
2014/09/24 10:31:20: Complete.
2014/09/24 10:31:20: COM PORT CLOSE ... OK
2014/09/24 10:31:20: 
2014/09/24 10:31:20: ==== Processing was completed ====
2014/09/24 10:31:20: 
*************************************************


*********** Start the Initialize Key Check **********
2014/09/24 10:35:16: Tool Ver: 2013.0605.01
2014/09/24 10:35:16: COM PORT OPEN ... OK
2014/09/24 10:35:16:
2014/09/24 10:35:16: ProductS/N:  VRW06A114900511
2014/09/24 10:35:16: TID: 86043134CAE52080
2014/09/24 10:35:16: F/W Version: 00.00.08
2014/09/24 10:35:16:
2014/09/24 10:35:16: MasterKey Key Entry ... OK
2014/09/24 10:35:16: PowerON Counter Key Entry ... OK
2014/09/24 10:35:17: Key Entry ... OK
2014/09/24 10:35:17: Complete.
2014/09/24 10:35:17: COM PORT CLOSE ... OK
2014/09/24 10:35:17: 
2014/09/24 10:35:17: ==== Processing was completed ====
2014/09/24 10:35:17: 
*************************************************


*********** Start the Initialize Key Check **********
2014/09/24 10:37:17: Tool Ver: 2013.0605.01
2014/09/24 10:37:17: COM PORT OPEN ... OK
2014/09/24 10:37:17:
2014/09/24 10:37:17: ProductS/N:  VRW06A114900507
2014/09/24 10:37:17: TID: 860428173AE62080
2014/09/24 10:37:17: F/W Version: 00.00.08
2014/09/24 10:37:17:
2014/09/24 10:37:17: MasterKey Key Entry ... OK
2014/09/24 10:37:17: PowerON Counter Key Entry ... OK
2014/09/24 10:37:18: Key Entry ... OK
2014/09/24 10:37:18: Complete.
2014/09/24 10:37:18: COM PORT CLOSE ... OK
2014/09/24 10:37:18: 
2014/09/24 10:37:18: ==== Processing was completed ====
2014/09/24 10:37:18: 
*************************************************


*********** Start the Initialize Key Check **********
2014/09/24 10:40:35: Tool Ver: 2013.0605.01
2014/09/24 10:40:35: COM PORT OPEN ... OK
2014/09/24 10:40:35:
2014/09/24 10:40:35: ProductS/N:  VRW06A114900503
2014/09/24 10:40:35: TID: 86043A2DCAE52080
2014/09/24 10:40:35: F/W Version: 00.00.08
2014/09/24 10:40:35:
2014/09/24 10:40:35: MasterKey Key Entry ... OK
2014/09/24 10:40:35: PowerON Counter Key Entry ... OK
2014/09/24 10:40:36: Key Entry ... OK
2014/09/24 10:40:36: Complete.
2014/09/24 10:40:36: COM PORT CLOSE ... OK
2014/09/24 10:40:36: 
2014/09/24 10:40:36: ==== Processing was completed ====
2014/09/24 10:40:36: 
*************************************************


*********** Start the Initialize Key Check **********
2014/09/24 10:43:52: Tool Ver: 2013.0605.01
2014/09/24 10:43:52: COM PORT OPEN ... OK
2014/09/24 10:43:52:
2014/09/24 10:43:52: ProductS/N:  VRW06A114900487
2014/09/24 10:43:52: TID: 86041331CAE52080
2014/09/24 10:43:52: F/W Version: 00.00.08
2014/09/24 10:43:52:
2014/09/24 10:43:52: MasterKey Key Entry ... OK
2014/09/24 10:43:52: PowerON Counter Key Entry ... OK
2014/09/24 10:43:53: Key Entry ... OK
2014/09/24 10:43:53: Complete.
2014/09/24 10:43:53: COM PORT CLOSE ... OK
2014/09/24 10:43:53: 
2014/09/24 10:43:53: ==== Processing was completed ====
2014/09/24 10:43:53: 
*************************************************


*********** Start the Initialize Key Check **********
2014/09/24 10:44:12: Tool Ver: 2013.0605.01
2014/09/24 10:44:12: COM PORT OPEN ... OK
2014/09/24 10:44:12:
2014/09/24 10:44:12: ProductS/N:  VRW06A114900435
2014/09/24 10:44:12: TID: 860418113AE62080
2014/09/24 10:44:12: F/W Version: 00.00.08
2014/09/24 10:44:12:
2014/09/24 10:44:12: MasterKey Key Entry ... OK
2014/09/24 10:44:12: PowerON Counter Key Entry ... OK
2014/09/24 10:44:13: Key Entry ... OK
2014/09/24 10:44:13: Complete.
2014/09/24 10:44:13: COM PORT CLOSE ... OK
2014/09/24 10:44:13: 
2014/09/24 10:44:13: ==== Processing was completed ====
2014/09/24 10:44:13: 
*************************************************


*********** Start the Initialize Key Check **********
2014/09/24 10:46:45: Tool Ver: 2013.0605.01
2014/09/24 10:46:45: COM PORT OPEN ... OK
2014/09/24 10:46:45:
2014/09/24 10:46:45: ProductS/N:  VRW06A114900495
2014/09/24 10:46:45: TID: 86042F36CAE52080
2014/09/24 10:46:45: F/W Version: 00.00.08
2014/09/24 10:46:45:
2014/09/24 10:46:45: MasterKey Key Entry ... OK
2014/09/24 10:46:45: PowerON Counter Key Entry ... OK
2014/09/24 10:46:46: Key Entry ... OK
2014/09/24 10:46:46: Complete.
2014/09/24 10:46:46: COM PORT CLOSE ... OK
2014/09/24 10:46:46: 
2014/09/24 10:46:46: ==== Processing was completed ====
2014/09/24 10:46:46: 
*************************************************


*********** Start the Initialize Key Check **********
2014/09/24 10:56:39: Tool Ver: 2013.0605.01
2014/09/24 10:56:39: COM PORT OPEN ... OK
2014/09/24 10:56:39:
2014/09/24 10:56:39: ProductS/N:  VRW06A114900505
2014/09/24 10:56:39: TID: 86042F2DCAE52080
2014/09/24 10:56:39: F/W Version: 00.00.08
2014/09/24 10:56:39:
2014/09/24 10:56:39: MasterKey Key Entry ... OK
2014/09/24 10:56:39: PowerON Counter Key Entry ... OK
2014/09/24 10:56:40: Key Entry ... OK
2014/09/24 10:56:40: Complete.
2014/09/24 10:56:40: COM PORT CLOSE ... OK
2014/09/24 10:56:40: 
2014/09/24 10:56:40: ==== Processing was completed ====
2014/09/24 10:56:40: 
*************************************************


*********** Start the Initialize Key Check **********
2014/09/24 11:01:00: Tool Ver: 2013.0605.01
2014/09/24 11:01:00: COM PORT OPEN ... ERROR(01)
2014/09/24 11:01:00: 
2014/09/24 11:01:00: ######## Error has occurred ########
2014/09/24 11:01:00: 
*************************************************


*********** Start the Initialize Key Check **********
2014/09/24 11:01:32: Tool Ver: 2013.0605.01
2014/09/24 11:01:32: COM PORT OPEN ... OK
2014/09/24 11:01:32:
2014/09/24 11:01:32: ProductS/N:  VRW06A114900496
2014/09/24 11:01:32: TID: 86040F28CAE52080
2014/09/24 11:01:32: F/W Version: 00.00.08
2014/09/24 11:01:32:
2014/09/24 11:01:32: MasterKey Key Entry ... OK
2014/09/24 11:01:32: PowerON Counter Key Entry ... OK
2014/09/24 11:01:33: Key Entry ... OK
2014/09/24 11:01:33: Complete.
2014/09/24 11:01:33: COM PORT CLOSE ... OK
2014/09/24 11:01:33: 
2014/09/24 11:01:33: ==== Processing was completed ====
2014/09/24 11:01:33: 
*************************************************


*********** Start the Initialize Key Check **********
2014/09/24 11:01:55: Tool Ver: 2013.0605.01
2014/09/24 11:01:55: COM PORT OPEN ... OK
2014/09/24 11:01:55:
2014/09/24 11:01:55: ProductS/N:  VRW06A114900496
2014/09/24 11:01:55: TID: 86040F28CAE52080
2014/09/24 11:01:55: F/W Version: 00.00.08
2014/09/24 11:01:55:
2014/09/24 11:01:55: MasterKey Key Entry ... OK
2014/09/24 11:01:55: PowerON Counter Key Entry ... OK
2014/09/24 11:01:56: Key Entry ... OK
2014/09/24 11:01:56: Complete.
2014/09/24 11:01:56: COM PORT CLOSE ... OK
2014/09/24 11:01:56: 
2014/09/24 11:01:56: ==== Processing was completed ====
2014/09/24 11:01:56: 
*************************************************


*********** Start the Initialize Key Check **********
2014/09/24 11:04:07: Tool Ver: 2013.0605.01
2014/09/24 11:04:07: COM PORT OPEN ... OK
2014/09/24 11:04:07:
2014/09/24 11:04:07: ProductS/N:  VRW06A114900515
2014/09/24 11:04:07: TID: 86040C113AE62080
2014/09/24 11:04:07: F/W Version: 00.00.08
2014/09/24 11:04:07:
2014/09/24 11:04:07: MasterKey Key Entry ... OK
2014/09/24 11:04:07: PowerON Counter Key Entry ... OK
2014/09/24 11:04:08: Key Entry ... OK
2014/09/24 11:04:08: Complete.
2014/09/24 11:04:08: COM PORT CLOSE ... OK
2014/09/24 11:04:08: 
2014/09/24 11:04:08: ==== Processing was completed ====
2014/09/24 11:04:08: 
*************************************************


*********** Start the Initialize Key Check **********
2014/09/24 11:32:08: Tool Ver: 2013.0605.01
2014/09/24 11:32:08: COM PORT OPEN ... OK
2014/09/24 11:32:08:
2014/09/24 11:32:08: ProductS/N:  VRW06A114900513
2014/09/24 11:32:08: TID: 86043234CAE52080
2014/09/24 11:32:08: F/W Version: 00.00.08
2014/09/24 11:32:08:
2014/09/24 11:32:08: MasterKey Key Entry ... OK
2014/09/24 11:32:08: PowerON Counter Key Entry ... OK
2014/09/24 11:32:09: Key Entry ... OK
2014/09/24 11:32:09: Complete.
2014/09/24 11:32:09: COM PORT CLOSE ... OK
2014/09/24 11:32:09: 
2014/09/24 11:32:09: ==== Processing was completed ====
2014/09/24 11:32:09: 
*************************************************


*********** Start the Initialize Key Check **********
2014/09/24 11:32:30: Tool Ver: 2013.0605.01
2014/09/24 11:32:30: COM PORT OPEN ... OK
2014/09/24 11:32:30:
2014/09/24 11:32:30: ProductS/N:  VRW06A114900517
2014/09/24 11:32:30: TID: 86042729CAE52080
2014/09/24 11:32:30: F/W Version: 00.00.08
2014/09/24 11:32:30:
2014/09/24 11:32:30: MasterKey Key Entry ... OK
2014/09/24 11:32:30: PowerON Counter Key Entry ... OK
2014/09/24 11:32:31: Key Entry ... OK
2014/09/24 11:32:31: Complete.
2014/09/24 11:32:31: COM PORT CLOSE ... OK
2014/09/24 11:32:31: 
2014/09/24 11:32:31: ==== Processing was completed ====
2014/09/24 11:32:31: 
*************************************************


*********** Start the Initialize Key Check **********
2014/09/24 11:41:33: Tool Ver: 2013.0605.01
2014/09/24 11:41:33: COM PORT OPEN ... OK
2014/09/24 11:41:33:
2014/09/24 11:41:33: ProductS/N:  VRW06A114900501
2014/09/24 11:41:33: TID: 8604372CCAE52080
2014/09/24 11:41:33: F/W Version: 00.00.08
2014/09/24 11:41:33:
2014/09/24 11:41:33: MasterKey Key Entry ... OK
2014/09/24 11:41:33: PowerON Counter Key Entry ... OK
2014/09/24 11:41:34: Key Entry ... OK
2014/09/24 11:41:34: Complete.
2014/09/24 11:41:34: COM PORT CLOSE ... OK
2014/09/24 11:41:34: 
2014/09/24 11:41:34: ==== Processing was completed ====
2014/09/24 11:41:34: 
*************************************************


*********** Start the Initialize Key Check **********
2014/09/24 11:47:59: Tool Ver: 2013.0605.01
2014/09/24 11:47:59: COM PORT OPEN ... OK
2014/09/24 11:47:59:
2014/09/24 11:47:59: ProductS/N:  VRW06A114900493
2014/09/24 11:48:00: TID: 860430103AE62080
2014/09/24 11:48:00: F/W Version: 00.00.08
2014/09/24 11:48:00:
2014/09/24 11:48:00: MasterKey Key Entry ... OK
2014/09/24 11:48:00: PowerON Counter Key Entry ... OK
2014/09/24 11:48:00: Key Entry ... OK
2014/09/24 11:48:00: Complete.
2014/09/24 11:48:00: COM PORT CLOSE ... OK
2014/09/24 11:48:00: 
2014/09/24 11:48:00: ==== Processing was completed ====
2014/09/24 11:48:00: 
*************************************************


*********** Start the Initialize Key Check **********
2014/09/24 12:59:26: Tool Ver: 2013.0605.01
2014/09/24 12:59:26: COM PORT OPEN ... OK
2014/09/24 12:59:26:
2014/09/24 12:59:26: ProductS/N:  VRW06A114900478
2014/09/24 12:59:26: TID: 86041130CAE52080
2014/09/24 12:59:26: F/W Version: 00.00.08
2014/09/24 12:59:26:
2014/09/24 12:59:26: MasterKey Key Entry ... OK
2014/09/24 12:59:26: PowerON Counter Key Entry ... OK
2014/09/24 12:59:27: Key Entry ... OK
2014/09/24 12:59:27: Complete.
2014/09/24 12:59:27: COM PORT CLOSE ... OK
2014/09/24 12:59:27: 
2014/09/24 12:59:27: ==== Processing was completed ====
2014/09/24 12:59:27: 
*************************************************


*********** Start the Initialize Key Check **********
2014/09/24 12:59:46: Tool Ver: 2013.0605.01
2014/09/24 12:59:46: COM PORT OPEN ... OK
2014/09/24 12:59:46:
2014/09/24 12:59:46: ProductS/N:  VRW06A114900500
2014/09/24 12:59:46: TID: 860411163AE62080
2014/09/24 12:59:46: F/W Version: 00.00.08
2014/09/24 12:59:46:
2014/09/24 12:59:46: MasterKey Key Entry ... OK
2014/09/24 12:59:46: PowerON Counter Key Entry ... OK
2014/09/24 12:59:47: Key Entry ... OK
2014/09/24 12:59:47: Complete.
2014/09/24 12:59:47: COM PORT CLOSE ... OK
2014/09/24 12:59:47: 
2014/09/24 12:59:47: ==== Processing was completed ====
2014/09/24 12:59:47: 
*************************************************


*********** Start the Initialize Key Check **********
2014/09/24 13:09:02: Tool Ver: 2013.0605.01
2014/09/24 13:09:02: COM PORT OPEN ... OK
2014/09/24 13:09:02:
2014/09/24 13:09:02: ProductS/N:  VRW06A114900524
2014/09/24 13:09:02: TID: 86043D163AE62080
2014/09/24 13:09:02: F/W Version: 00.00.08
2014/09/24 13:09:02:
2014/09/24 13:09:02: MasterKey Key Entry ... OK
2014/09/24 13:09:02: PowerON Counter Key Entry ... OK
2014/09/24 13:09:03: Key Entry ... OK
2014/09/24 13:09:03: Complete.
2014/09/24 13:09:03: COM PORT CLOSE ... OK
2014/09/24 13:09:03: 
2014/09/24 13:09:03: ==== Processing was completed ====
2014/09/24 13:09:03: 
*************************************************


*********** Start the Initialize Key Check **********
2014/09/24 13:18:17: Tool Ver: 2013.0605.01
2014/09/24 13:18:17: COM PORT OPEN ... OK
2014/09/24 13:18:17:
2014/09/24 13:18:17: ProductS/N:  VRW06A114900530
2014/09/24 13:18:17: TID: 86041F202AE62080
2014/09/24 13:18:17: F/W Version: 00.00.08
2014/09/24 13:18:17:
2014/09/24 13:18:17: MasterKey Key Entry ... OK
2014/09/24 13:18:17: PowerON Counter Key Entry ... OK
2014/09/24 13:18:18: Key Entry ... OK
2014/09/24 13:18:18: Complete.
2014/09/24 13:18:18: COM PORT CLOSE ... OK
2014/09/24 13:18:18: 
2014/09/24 13:18:18: ==== Processing was completed ====
2014/09/24 13:18:18: 
*************************************************


*********** Start the Initialize Key Check **********
2014/09/24 13:27:10: Tool Ver: 2013.0605.01
2014/09/24 13:27:10: COM PORT OPEN ... OK
2014/09/24 13:27:10:
2014/09/24 13:27:10: ProductS/N:  VRW06A114900527
2014/09/24 13:27:10: TID: 8604361D2AE62080
2014/09/24 13:27:10: F/W Version: 00.00.08
2014/09/24 13:27:10:
2014/09/24 13:27:10: MasterKey Key Entry ... OK
2014/09/24 13:27:11: PowerON Counter Key Entry ... OK
2014/09/24 13:27:11: Key Entry ... OK
2014/09/24 13:27:11: Complete.
2014/09/24 13:27:11: COM PORT CLOSE ... OK
2014/09/24 13:27:11: 
2014/09/24 13:27:11: ==== Processing was completed ====
2014/09/24 13:27:11: 
*************************************************


*********** Start the Initialize Key Check **********
2014/09/24 13:34:33: Tool Ver: 2013.0605.01
2014/09/24 13:34:33: COM PORT OPEN ... OK
2014/09/24 13:34:34:
2014/09/24 13:34:34: ProductS/N:  VRW06A114900526
2014/09/24 13:34:34: TID: 860410133AE62080
2014/09/24 13:34:34: F/W Version: 00.00.08
2014/09/24 13:34:34:
2014/09/24 13:34:34: MasterKey Key Entry ... OK
2014/09/24 13:34:34: PowerON Counter Key Entry ... OK
2014/09/24 13:34:34: Key Entry ... OK
2014/09/24 13:34:34: Complete.
2014/09/24 13:34:34: COM PORT CLOSE ... OK
2014/09/24 13:34:34: 
2014/09/24 13:34:34: ==== Processing was completed ====
2014/09/24 13:34:34: 
*************************************************


*********** Start the Initialize Key Check **********
2014/09/24 13:40:21: Tool Ver: 2013.0605.01
2014/09/24 13:40:21: COM PORT OPEN ... OK
2014/09/24 13:40:21:
2014/09/24 13:40:21: ProductS/N:  VRW06A114900526
2014/09/24 13:40:21: TID: 860410133AE62080
2014/09/24 13:40:21: F/W Version: 00.00.08
2014/09/24 13:40:21:
2014/09/24 13:40:21: MasterKey Key Entry ... OK
2014/09/24 13:40:21: PowerON Counter Key Entry ... OK
2014/09/24 13:40:22: Key Entry ... OK
2014/09/24 13:40:22: Complete.
2014/09/24 13:40:22: COM PORT CLOSE ... OK
2014/09/24 13:40:22: 
2014/09/24 13:40:22: ==== Processing was completed ====
2014/09/24 13:40:22: 
*************************************************


*********** Start the Initialize Key Check **********
2014/09/24 13:47:37: Tool Ver: 2013.0605.01
2014/09/24 13:47:37: COM PORT OPEN ... OK
2014/09/24 13:47:37:
2014/09/24 13:47:37: ProductS/N:  VRW06A114900523
2014/09/24 13:47:37: TID: 860437202AE62080
2014/09/24 13:47:37: F/W Version: 00.00.08
2014/09/24 13:47:37:
2014/09/24 13:47:37: MasterKey Key Entry ... OK
2014/09/24 13:47:37: PowerON Counter Key Entry ... OK
2014/09/24 13:47:38: Key Entry ... OK
2014/09/24 13:47:38: Complete.
2014/09/24 13:47:38: COM PORT CLOSE ... OK
2014/09/24 13:47:38: 
2014/09/24 13:47:38: ==== Processing was completed ====
2014/09/24 13:47:38: 
*************************************************


*********** Start the Initialize Key Check **********
2014/09/24 13:48:26: Tool Ver: 2013.0605.01
2014/09/24 13:48:26: COM PORT OPEN ... OK
2014/09/24 13:48:26:
2014/09/24 13:48:26: ProductS/N:  VRW06A114900539
2014/09/24 13:48:26: TID: 86040226CAE52080
2014/09/24 13:48:26: F/W Version: 00.00.08
2014/09/24 13:48:26:
2014/09/24 13:48:26: MasterKey Key Entry ... OK
2014/09/24 13:48:26: PowerON Counter Key Entry ... OK
2014/09/24 13:48:26: Key Entry ... OK
2014/09/24 13:48:26: Complete.
2014/09/24 13:48:26: COM PORT CLOSE ... OK
2014/09/24 13:48:26: 
2014/09/24 13:48:26: ==== Processing was completed ====
2014/09/24 13:48:26: 
*************************************************


*********** Start the Initialize Key Check **********
2014/09/24 14:27:32: Tool Ver: 2013.0605.01
2014/09/24 14:27:32: COM PORT OPEN ... OK
2014/09/24 14:27:32:
2014/09/24 14:27:32: ProductS/N:  VRW06A114900519
2014/09/24 14:27:32: TID: 86041A163AE62080
2014/09/24 14:27:32: F/W Version: 00.00.08
2014/09/24 14:27:32:
2014/09/24 14:27:32: MasterKey Key Entry ... OK
2014/09/24 14:27:32: PowerON Counter Key Entry ... OK
2014/09/24 14:27:33: Key Entry ... OK
2014/09/24 14:27:33: Complete.
2014/09/24 14:27:33: COM PORT CLOSE ... OK
2014/09/24 14:27:33: 
2014/09/24 14:27:33: ==== Processing was completed ====
2014/09/24 14:27:33: 
*************************************************


*********** Start the Initialize Key Check **********
2014/09/24 14:27:50: Tool Ver: 2013.0605.01
2014/09/24 14:27:50: COM PORT OPEN ... OK
2014/09/24 14:27:50:
2014/09/24 14:27:50: ProductS/N:  VRW06A114900544
2014/09/24 14:27:50: TID: 860409282AE62080
2014/09/24 14:27:50: F/W Version: 00.00.08
2014/09/24 14:27:50:
2014/09/24 14:27:50: MasterKey Key Entry ... OK
2014/09/24 14:27:50: PowerON Counter Key Entry ... OK
2014/09/24 14:27:51: Key Entry ... OK
2014/09/24 14:27:51: Complete.
2014/09/24 14:27:51: COM PORT CLOSE ... OK
2014/09/24 14:27:51: 
2014/09/24 14:27:51: ==== Processing was completed ====
2014/09/24 14:27:51: 
*************************************************


*********** Start the Initialize Key Check **********
2014/09/24 14:34:09: Tool Ver: 2013.0605.01
2014/09/24 14:34:09: COM PORT OPEN ... OK
2014/09/24 14:34:09:
2014/09/24 14:34:09: ProductS/N:  VRW06A114900538
2014/09/24 14:34:09: TID: 860413232AE62080
2014/09/24 14:34:09: F/W Version: 00.00.08
2014/09/24 14:34:09:
2014/09/24 14:34:09: MasterKey Key Entry ... OK
2014/09/24 14:34:09: PowerON Counter Key Entry ... OK
2014/09/24 14:34:10: Key Entry ... OK
2014/09/24 14:34:10: Complete.
2014/09/24 14:34:10: COM PORT CLOSE ... OK
2014/09/24 14:34:10: 
2014/09/24 14:34:10: ==== Processing was completed ====
2014/09/24 14:34:10: 
*************************************************


*********** Start the Initialize Key Check **********
2014/09/24 14:45:38: Tool Ver: 2013.0605.01
2014/09/24 14:45:38: COM PORT OPEN ... OK
2014/09/24 14:45:39:
2014/09/24 14:45:39: ProductS/N:  VRW06A114900492
2014/09/24 14:45:39: TID: 86041026CAE52080
2014/09/24 14:45:39: F/W Version: 00.00.08
2014/09/24 14:45:39:
2014/09/24 14:45:39: MasterKey Key Entry ... OK
2014/09/24 14:45:39: PowerON Counter Key Entry ... OK
2014/09/24 14:45:39: Key Entry ... OK
2014/09/24 14:45:39: Complete.
2014/09/24 14:45:39: COM PORT CLOSE ... OK
2014/09/24 14:45:39: 
2014/09/24 14:45:39: ==== Processing was completed ====
2014/09/24 14:45:39: 
*************************************************


*********** Start the Initialize Key Check **********
2014/09/24 14:46:26: Tool Ver: 2013.0605.01
2014/09/24 14:46:26: COM PORT OPEN ... OK
2014/09/24 14:46:26:
2014/09/24 14:46:26: ProductS/N:  VRW06A114900159
2014/09/24 14:46:26: TID: 8604272BCAE52080
2014/09/24 14:46:26: F/W Version: 00.00.08
2014/09/24 14:46:26:
2014/09/24 14:46:26: MasterKey Key Entry ... OK
2014/09/24 14:46:27: PowerON Counter Key Entry ... OK
2014/09/24 14:46:27: Key Entry ... OK
2014/09/24 14:46:27: Complete.
2014/09/24 14:46:27: COM PORT CLOSE ... OK
2014/09/24 14:46:27: 
2014/09/24 14:46:27: ==== Processing was completed ====
2014/09/24 14:46:27: 
*************************************************


*********** Start the Initialize Key Check **********
2014/09/24 14:55:20: Tool Ver: 2013.0605.01
2014/09/24 14:55:20: COM PORT OPEN ... OK
2014/09/24 14:55:20:
2014/09/24 14:55:20: ProductS/N:  VRW06A114900541
2014/09/24 14:55:20: TID: 860420232AE62080
2014/09/24 14:55:20: F/W Version: 00.00.08
2014/09/24 14:55:20:
2014/09/24 14:55:20: MasterKey Key Entry ... OK
2014/09/24 14:55:20: PowerON Counter Key Entry ... OK
2014/09/24 14:55:20: Key Entry ... OK
2014/09/24 14:55:20: Complete.
2014/09/24 14:55:20: COM PORT CLOSE ... OK
2014/09/24 14:55:20: 
2014/09/24 14:55:20: ==== Processing was completed ====
2014/09/24 14:55:20: 
*************************************************


*********** Start the Initialize Key Check **********
2014/09/24 15:19:38: Tool Ver: 2013.0605.01
2014/09/24 15:19:38: COM PORT OPEN ... OK
2014/09/24 15:19:38:
2014/09/24 15:19:38: ProductS/N:  VRW06A114900534
2014/09/24 15:19:38: TID: 86040C2ECAE52080
2014/09/24 15:19:38: F/W Version: 00.00.08
2014/09/24 15:19:38:
2014/09/24 15:19:38: MasterKey Key Entry ... OK
2014/09/24 15:19:38: PowerON Counter Key Entry ... OK
2014/09/24 15:19:39: Key Entry ... OK
2014/09/24 15:19:39: Complete.
2014/09/24 15:19:39: COM PORT CLOSE ... OK
2014/09/24 15:19:39: 
2014/09/24 15:19:39: ==== Processing was completed ====
2014/09/24 15:19:39: 
*************************************************


*********** Start the Initialize Key Check **********
2014/09/24 15:35:10: Tool Ver: 2013.0605.01
2014/09/24 15:35:10: COM PORT OPEN ... OK
2014/09/24 15:35:10:
2014/09/24 15:35:10: ProductS/N:  VRW06A114900476
2014/09/24 15:35:10: TID: 86041E31CAE52080
2014/09/24 15:35:10: F/W Version: 00.00.08
2014/09/24 15:35:10:
2014/09/24 15:35:10: MasterKey Key Entry ... OK
2014/09/24 15:35:10: PowerON Counter Key Entry ... OK
2014/09/24 15:35:11: Key Entry ... OK
2014/09/24 15:35:11: Complete.
2014/09/24 15:35:11: COM PORT CLOSE ... OK
2014/09/24 15:35:11: 
2014/09/24 15:35:11: ==== Processing was completed ====
2014/09/24 15:35:11: 
*************************************************


*********** Start the Initialize Key Check **********
2014/09/24 15:35:40: Tool Ver: 2013.0605.01
2014/09/24 15:35:40: COM PORT OPEN ... OK
2014/09/24 15:35:40:
2014/09/24 15:35:40: ProductS/N:  VRW06A114900557
2014/09/24 15:35:40: TID: 860420242AE62080
2014/09/24 15:35:40: F/W Version: 00.00.08
2014/09/24 15:35:40:
2014/09/24 15:35:40: MasterKey Key Entry ... OK
2014/09/24 15:35:40: PowerON Counter Key Entry ... OK
2014/09/24 15:35:41: Key Entry ... OK
2014/09/24 15:35:41: Complete.
2014/09/24 15:35:41: COM PORT CLOSE ... OK
2014/09/24 15:35:41: 
2014/09/24 15:35:41: ==== Processing was completed ====
2014/09/24 15:35:41: 
*************************************************


*********** Start the Initialize Key Check **********
2014/09/24 15:36:03: Tool Ver: 2013.0605.01
2014/09/24 15:36:03: COM PORT OPEN ... OK
2014/09/24 15:36:03:
2014/09/24 15:36:03: ProductS/N:  VRW06A114900543
2014/09/24 15:36:03: TID: 86042C34CAE52080
2014/09/24 15:36:03: F/W Version: 00.00.08
2014/09/24 15:36:03:
2014/09/24 15:36:03: MasterKey Key Entry ... OK
2014/09/24 15:36:03: PowerON Counter Key Entry ... OK
2014/09/24 15:36:04: Key Entry ... OK
2014/09/24 15:36:04: Complete.
2014/09/24 15:36:04: COM PORT CLOSE ... OK
2014/09/24 15:36:04: 
2014/09/24 15:36:04: ==== Processing was completed ====
2014/09/24 15:36:04: 
*************************************************


*********** Start the Initialize Key Check **********
2014/09/24 15:41:56: Tool Ver: 2013.0605.01
2014/09/24 15:41:56: COM PORT OPEN ... OK
2014/09/24 15:41:56:
2014/09/24 15:41:56: ProductS/N:  VRW06A114900531
2014/09/24 15:41:56: TID: 860415292AE62080
2014/09/24 15:41:56: F/W Version: 00.00.08
2014/09/24 15:41:56:
2014/09/24 15:41:56: MasterKey Key Entry ... OK
2014/09/24 15:41:56: PowerON Counter Key Entry ... OK
2014/09/24 15:41:56: Key Entry ... OK
2014/09/24 15:41:56: Complete.
2014/09/24 15:41:56: COM PORT CLOSE ... OK
2014/09/24 15:41:56: 
2014/09/24 15:41:56: ==== Processing was completed ====
2014/09/24 15:41:56: 
*************************************************


*********** Start the Initialize Key Check **********
2014/09/24 15:42:13: Tool Ver: 2013.0605.01
2014/09/24 15:42:13: COM PORT OPEN ... OK
2014/09/24 15:42:13:
2014/09/24 15:42:13: ProductS/N:  VRW06A114900559
2014/09/24 15:42:13: TID: 860421242AE62080
2014/09/24 15:42:13: F/W Version: 00.00.08
2014/09/24 15:42:13:
2014/09/24 15:42:13: MasterKey Key Entry ... OK
2014/09/24 15:42:13: PowerON Counter Key Entry ... OK
2014/09/24 15:42:14: Key Entry ... OK
2014/09/24 15:42:14: Complete.
2014/09/24 15:42:14: COM PORT CLOSE ... OK
2014/09/24 15:42:14: 
2014/09/24 15:42:14: ==== Processing was completed ====
2014/09/24 15:42:14: 
*************************************************


*********** Start the Initialize Key Check **********
2014/09/24 15:45:29: Tool Ver: 2013.0605.01
2014/09/24 15:45:29: COM PORT OPEN ... OK
2014/09/24 15:45:29:
2014/09/24 15:45:29: ProductS/N:  VRW06A114900537
2014/09/24 15:45:29: TID: 86042132CAE52080
2014/09/24 15:45:29: F/W Version: 00.00.08
2014/09/24 15:45:29:
2014/09/24 15:45:29: MasterKey Key Entry ... OK
2014/09/24 15:45:29: PowerON Counter Key Entry ... OK
2014/09/24 15:45:30: Key Entry ... OK
2014/09/24 15:45:30: Complete.
2014/09/24 15:45:30: COM PORT CLOSE ... OK
2014/09/24 15:45:30: 
2014/09/24 15:45:30: ==== Processing was completed ====
2014/09/24 15:45:30: 
*************************************************


*********** Start the Initialize Key Check **********
2014/09/24 15:51:03: Tool Ver: 2013.0605.01
2014/09/24 15:51:03: COM PORT OPEN ... OK
2014/09/24 15:51:03:
2014/09/24 15:51:03: ProductS/N:  VRW06A114900521
2014/09/24 15:51:03: TID: 8604172ECAE52080
2014/09/24 15:51:03: F/W Version: 00.00.08
2014/09/24 15:51:03:
2014/09/24 15:51:03: MasterKey Key Entry ... OK
2014/09/24 15:51:03: PowerON Counter Key Entry ... OK
2014/09/24 15:51:04: Key Entry ... OK
2014/09/24 15:51:04: Complete.
2014/09/24 15:51:04: COM PORT CLOSE ... OK
2014/09/24 15:51:04: 
2014/09/24 15:51:04: ==== Processing was completed ====
2014/09/24 15:51:04: 
*************************************************


*********** Start the Initialize Key Check **********
2014/09/24 16:14:36: Tool Ver: 2013.0605.01
2014/09/24 16:14:36: COM PORT OPEN ... OK
2014/09/24 16:14:36:
2014/09/24 16:14:36: ProductS/N:  VRW06A114900520
2014/09/24 16:14:36: TID: 86042C202AE62080
2014/09/24 16:14:36: F/W Version: 00.00.08
2014/09/24 16:14:36:
2014/09/24 16:14:36: MasterKey Key Entry ... OK
2014/09/24 16:14:36: PowerON Counter Key Entry ... OK
2014/09/24 16:14:37: Key Entry ... OK
2014/09/24 16:14:37: Complete.
2014/09/24 16:14:37: COM PORT CLOSE ... OK
2014/09/24 16:14:37: 
2014/09/24 16:14:37: ==== Processing was completed ====
2014/09/24 16:14:37: 
*************************************************


*********** Start the Initialize Key Check **********
2014/09/24 16:15:28: Tool Ver: 2013.0605.01
2014/09/24 16:15:28: COM PORT OPEN ... OK
2014/09/24 16:15:28:
2014/09/24 16:15:28: ProductS/N:  VRW06A114900562
2014/09/24 16:15:28: TID: 860411133AE62080
2014/09/24 16:15:28: F/W Version: 00.00.08
2014/09/24 16:15:28:
2014/09/24 16:15:28: MasterKey Key Entry ... OK
2014/09/24 16:15:28: PowerON Counter Key Entry ... OK
2014/09/24 16:15:29: Key Entry ... OK
2014/09/24 16:15:29: Complete.
2014/09/24 16:15:29: COM PORT CLOSE ... OK
2014/09/24 16:15:29: 
2014/09/24 16:15:29: ==== Processing was completed ====
2014/09/24 16:15:29: 
*************************************************


*********** Start the Initialize Key Check **********
2014/09/24 16:22:49: Tool Ver: 2013.0605.01
2014/09/24 16:22:49: COM PORT OPEN ... OK
2014/09/24 16:22:49:
2014/09/24 16:22:49: ProductS/N:  VRW06A114900561
2014/09/24 16:22:49: TID: 860425163AE62080
2014/09/24 16:22:49: F/W Version: 00.00.08
2014/09/24 16:22:49:
2014/09/24 16:22:49: MasterKey Key Entry ... OK
2014/09/24 16:22:49: PowerON Counter Key Entry ... OK
2014/09/24 16:22:49: Key Entry ... OK
2014/09/24 16:22:49: Complete.
2014/09/24 16:22:49: COM PORT CLOSE ... OK
2014/09/24 16:22:49: 
2014/09/24 16:22:49: ==== Processing was completed ====
2014/09/24 16:22:49: 
*************************************************


*********** Start the Initialize Key Check **********
2014/09/24 16:39:22: Tool Ver: 2013.0605.01
2014/09/24 16:39:22: COM PORT OPEN ... OK
2014/09/24 16:39:22:
2014/09/24 16:39:22: ProductS/N:  VRW06A114900132
2014/09/24 16:39:22: TID: 8604114032E62080
2014/09/24 16:39:22: F/W Version: 00.00.08
2014/09/24 16:39:22:
2014/09/24 16:39:22: MasterKey Key Entry ... OK
2014/09/24 16:39:22: PowerON Counter Key Entry ... OK
2014/09/24 16:39:23: Key Entry ... OK
2014/09/24 16:39:23: Complete.
2014/09/24 16:39:23: COM PORT CLOSE ... OK
2014/09/24 16:39:23: 
2014/09/24 16:39:23: ==== Processing was completed ====
2014/09/24 16:39:23: 
*************************************************


*********** Start the Initialize Key Check **********
2014/09/24 16:40:08: Tool Ver: 2013.0605.01
2014/09/24 16:40:08: Product S/N ... ERROR
2014/09/24 16:40:08: 
2014/09/24 16:40:08: ######## Error has occurred ########
2014/09/24 16:40:08: 
*************************************************


*********** Start the Initialize Key Check **********
2014/09/24 16:41:07: Tool Ver: 2013.0605.01
2014/09/24 16:41:07: COM PORT OPEN ... OK
2014/09/24 16:41:07:
2014/09/24 16:41:07: ProductS/N:  VRW06A114900569
2014/09/24 16:41:07: TID: 8604182ECAE52080
2014/09/24 16:41:07: F/W Version: 00.00.08
2014/09/24 16:41:07:
2014/09/24 16:41:07: MasterKey Key Entry ... OK
2014/09/24 16:41:07: PowerON Counter Key Entry ... OK
2014/09/24 16:41:08: Key Entry ... OK
2014/09/24 16:41:08: Complete.
2014/09/24 16:41:08: COM PORT CLOSE ... OK
2014/09/24 16:41:08: 
2014/09/24 16:41:08: ==== Processing was completed ====
2014/09/24 16:41:08: 
*************************************************


*********** Start the Initialize Key Check **********
2014/09/24 17:43:28: Tool Ver: 2013.0605.01
2014/09/24 17:43:28: COM PORT OPEN ... OK
2014/09/24 17:43:28:
2014/09/24 17:43:28: ProductS/N:  VRW06A114900560
2014/09/24 17:43:28: TID: 86040D3BD2E52080
2014/09/24 17:43:28: F/W Version: 00.00.08
2014/09/24 17:43:28:
2014/09/24 17:43:28: MasterKey Key Entry ... OK
2014/09/24 17:43:28: PowerON Counter Key Entry ... OK
2014/09/24 17:43:29: Key Entry ... OK
2014/09/24 17:43:29: Complete.
2014/09/24 17:43:29: COM PORT CLOSE ... OK
2014/09/24 17:43:29: 
2014/09/24 17:43:29: ==== Processing was completed ====
2014/09/24 17:43:29: 
*************************************************


*********** Start the Initialize Key Check **********
2014/09/24 17:44:39: Tool Ver: 2013.0605.01
2014/09/24 17:44:39: COM PORT OPEN ... OK
2014/09/24 17:44:39:
2014/09/24 17:44:39: ProductS/N:  VRW06A114900147
2014/09/24 17:44:39: TID: 860433133AE62080
2014/09/24 17:44:39: F/W Version: 00.00.08
2014/09/24 17:44:39:
2014/09/24 17:44:39: MasterKey Key Entry ... OK
2014/09/24 17:44:39: PowerON Counter Key Entry ... OK
2014/09/24 17:44:40: Key Entry ... OK
2014/09/24 17:44:40: Complete.
2014/09/24 17:44:40: COM PORT CLOSE ... OK
2014/09/24 17:44:40: 
2014/09/24 17:44:40: ==== Processing was completed ====
2014/09/24 17:44:40: 
*************************************************


*********** Start the Initialize Key Check **********
2014/09/24 17:45:58: Tool Ver: 2013.0605.01
2014/09/24 17:45:58: COM PORT OPEN ... OK
2014/09/24 17:45:58:
2014/09/24 17:45:58: ProductS/N:  VRW06A114900570
2014/09/24 17:45:58: TID: 86042A34CAE52080
2014/09/24 17:45:58: F/W Version: 00.00.08
2014/09/24 17:45:58:
2014/09/24 17:45:58: MasterKey Key Entry ... OK
2014/09/24 17:45:58: PowerON Counter Key Entry ... OK
2014/09/24 17:45:59: Key Entry ... OK
2014/09/24 17:45:59: Complete.
2014/09/24 17:45:59: COM PORT CLOSE ... OK
2014/09/24 17:45:59: 
2014/09/24 17:45:59: ==== Processing was completed ====
2014/09/24 17:45:59: 
*************************************************


*********** Start the Initialize Key Check **********
2014/09/24 17:55:45: Tool Ver: 2013.0605.01
2014/09/24 17:55:45: COM PORT OPEN ... OK
2014/09/24 17:55:46:
2014/09/24 17:55:46: ProductS/N:  VRW06A114900577
2014/09/24 17:55:46: TID: 8604223FD2E52080
2014/09/24 17:55:46: F/W Version: 00.00.08
2014/09/24 17:55:46:
2014/09/24 17:55:46: MasterKey Key Entry ... OK
2014/09/24 17:55:46: PowerON Counter Key Entry ... OK
2014/09/24 17:55:46: Key Entry ... OK
2014/09/24 17:55:46: Complete.
2014/09/24 17:55:46: COM PORT CLOSE ... OK
2014/09/24 17:55:46: 
2014/09/24 17:55:46: ==== Processing was completed ====
2014/09/24 17:55:46: 
*************************************************


*********** Start the Initialize Key Check **********
2014/09/24 18:07:24: Tool Ver: 2013.0605.01
2014/09/24 18:07:24: COM PORT OPEN ... OK
2014/09/24 18:07:24:
2014/09/24 18:07:24: ProductS/N:  VRW06A114900545
2014/09/24 18:07:24: TID: 86040F262AE62080
2014/09/24 18:07:24: F/W Version: 00.00.08
2014/09/24 18:07:24:
2014/09/24 18:07:24: MasterKey Key Entry ... OK
2014/09/24 18:07:24: PowerON Counter Key Entry ... OK
2014/09/24 18:07:24: Key Entry ... OK
2014/09/24 18:07:24: Complete.
2014/09/24 18:07:24: COM PORT CLOSE ... OK
2014/09/24 18:07:24: 
2014/09/24 18:07:24: ==== Processing was completed ====
2014/09/24 18:07:24: 
*************************************************


*********** Start the Initialize Key Check **********
2014/09/24 18:08:25: Tool Ver: 2013.0605.01
2014/09/24 18:08:25: COM PORT OPEN ... OK
2014/09/24 18:08:25:
2014/09/24 18:08:25: ProductS/N:  VRW06A114900573
2014/09/24 18:08:25: TID: 8604203FD2E52080
2014/09/24 18:08:25: F/W Version: 00.00.08
2014/09/24 18:08:25:
2014/09/24 18:08:25: MasterKey Key Entry ... OK
2014/09/24 18:08:25: PowerON Counter Key Entry ... OK
2014/09/24 18:08:26: Key Entry ... OK
2014/09/24 18:08:26: Complete.
2014/09/24 18:08:26: COM PORT CLOSE ... OK
2014/09/24 18:08:26: 
2014/09/24 18:08:26: ==== Processing was completed ====
2014/09/24 18:08:26: 
*************************************************


*********** Start the Initialize Key Check **********
2014/09/24 18:16:43: Tool Ver: 2013.0605.01
2014/09/24 18:16:43: COM PORT OPEN ... OK
2014/09/24 18:16:43:
2014/09/24 18:16:43: ProductS/N:  VRW06A114900540
2014/09/24 18:16:43: TID: 860418103AE62080
2014/09/24 18:16:43: F/W Version: 00.00.08
2014/09/24 18:16:43:
2014/09/24 18:16:43: MasterKey Key Entry ... OK
2014/09/24 18:16:43: PowerON Counter Key Entry ... OK
2014/09/24 18:16:43: Key Entry ... OK
2014/09/24 18:16:43: Complete.
2014/09/24 18:16:43: COM PORT CLOSE ... OK
2014/09/24 18:16:43: 
2014/09/24 18:16:43: ==== Processing was completed ====
2014/09/24 18:16:43: 
*************************************************


*********** Start the Initialize Key Check **********
2014/09/24 18:17:45: Tool Ver: 2013.0605.01
2014/09/24 18:17:45: COM PORT OPEN ... OK
2014/09/24 18:17:45:
2014/09/24 18:17:45: ProductS/N:  VRW06A114900564
2014/09/24 18:17:45: TID: 86041E09CAE52080
2014/09/24 18:17:45: F/W Version: 00.00.08
2014/09/24 18:17:45:
2014/09/24 18:17:45: MasterKey Key Entry ... OK
2014/09/24 18:17:45: PowerON Counter Key Entry ... OK
2014/09/24 18:17:46: Key Entry ... OK
2014/09/24 18:17:46: Complete.
2014/09/24 18:17:46: COM PORT CLOSE ... OK
2014/09/24 18:17:46: 
2014/09/24 18:17:46: ==== Processing was completed ====
2014/09/24 18:17:46: 
*************************************************


*********** Start the Initialize Key Check **********
2014/09/24 18:23:01: Tool Ver: 2013.0605.01
2014/09/24 18:23:01: COM PORT OPEN ... OK
2014/09/24 18:23:01:
2014/09/24 18:23:01: ProductS/N:  VRW06A114900518
2014/09/24 18:23:01: TID: 86042E103AE62080
2014/09/24 18:23:01: F/W Version: 00.00.08
2014/09/24 18:23:01:
2014/09/24 18:23:01: MasterKey Key Entry ... OK
2014/09/24 18:23:01: PowerON Counter Key Entry ... OK
2014/09/24 18:23:02: Key Entry ... OK
2014/09/24 18:23:02: Complete.
2014/09/24 18:23:02: COM PORT CLOSE ... OK
2014/09/24 18:23:02: 
2014/09/24 18:23:02: ==== Processing was completed ====
2014/09/24 18:23:02: 
*************************************************


*********** Start the Initialize Key Check **********
2014/09/24 18:25:50: Tool Ver: 2013.0605.01
2014/09/24 18:25:50: COM PORT OPEN ... OK
2014/09/24 18:25:50:
2014/09/24 18:25:50: ProductS/N:  VRW06A114900522
2014/09/24 18:25:50: TID: 86040C163AE62080
2014/09/24 18:25:50: F/W Version: 00.00.08
2014/09/24 18:25:50:
2014/09/24 18:25:50: MasterKey Key Entry ... OK
2014/09/24 18:25:50: PowerON Counter Key Entry ... OK
2014/09/24 18:25:51: Key Entry ... OK
2014/09/24 18:25:51: Complete.
2014/09/24 18:25:51: COM PORT CLOSE ... OK
2014/09/24 18:25:51: 
2014/09/24 18:25:51: ==== Processing was completed ====
2014/09/24 18:25:51: 
*************************************************


*********** Start the Initialize Key Check **********
2014/09/24 18:31:58: Tool Ver: 2013.0605.01
2014/09/24 18:31:58: COM PORT OPEN ... OK
2014/09/24 18:31:58:
2014/09/24 18:31:58: ProductS/N:  VRW06A114900571
2014/09/24 18:31:58: TID: 86042E113AE62080
2014/09/24 18:31:58: F/W Version: 00.00.08
2014/09/24 18:31:58:
2014/09/24 18:31:58: MasterKey Key Entry ... OK
2014/09/24 18:31:58: PowerON Counter Key Entry ... OK
2014/09/24 18:31:58: Key Entry ... OK
2014/09/24 18:31:58: Complete.
2014/09/24 18:31:58: COM PORT CLOSE ... OK
2014/09/24 18:31:58: 
2014/09/24 18:31:58: ==== Processing was completed ====
2014/09/24 18:31:58: 
*************************************************


*********** Start the Initialize Key Check **********
2014/09/24 18:32:47: Tool Ver: 2013.0605.01
2014/09/24 18:32:47: COM PORT OPEN ... OK
2014/09/24 18:32:47:
2014/09/24 18:32:47: ProductS/N:  4900542
2014/09/24 18:32:47: TID: 86042A2B2AE62080
2014/09/24 18:32:47: F/W Version: 00.00.08
2014/09/24 18:32:47:
2014/09/24 18:32:47: MasterKey Key Entry ... OK
2014/09/24 18:32:47: PowerON Counter Key Entry ... OK
2014/09/24 18:32:48: Key Entry ... OK
2014/09/24 18:32:48: Complete.
2014/09/24 18:32:48: COM PORT CLOSE ... OK
2014/09/24 18:32:48: 
2014/09/24 18:32:48: ==== Processing was completed ====
2014/09/24 18:32:48: 
*************************************************


*********** Start the Initialize Key Check **********
2014/09/24 18:40:42: Tool Ver: 2013.0605.01
2014/09/24 18:40:42: COM PORT OPEN ... OK
2014/09/24 18:40:42:
2014/09/24 18:40:42: ProductS/N:  4900535
2014/09/24 18:40:42: TID: 86042931CAE52080
2014/09/24 18:40:42: F/W Version: 00.00.08
2014/09/24 18:40:42:
2014/09/24 18:40:42: MasterKey Key Entry ... OK
2014/09/24 18:40:42: PowerON Counter Key Entry ... OK
2014/09/24 18:40:43: Key Entry ... OK
2014/09/24 18:40:43: Complete.
2014/09/24 18:40:43: COM PORT CLOSE ... OK
2014/09/24 18:40:43: 
2014/09/24 18:40:43: ==== Processing was completed ====
2014/09/24 18:40:43: 
*************************************************


*********** Start the Initialize Key Check **********
2014/09/24 18:41:15: Tool Ver: 2013.0605.01
2014/09/24 18:41:15: COM PORT OPEN ... OK
2014/09/24 18:41:15:
2014/09/24 18:41:15: ProductS/N:  4900468
2014/09/24 18:41:15: TID: 86040B2BCAE52080
2014/09/24 18:41:15: F/W Version: 00.00.08
2014/09/24 18:41:15:
2014/09/24 18:41:15: MasterKey Key Entry ... OK
2014/09/24 18:41:15: PowerON Counter Key Entry ... OK
2014/09/24 18:41:15: Key Entry ... OK
2014/09/24 18:41:15: Complete.
2014/09/24 18:41:15: COM PORT CLOSE ... OK
2014/09/24 18:41:15: 
2014/09/24 18:41:15: ==== Processing was completed ====
2014/09/24 18:41:15: 
*************************************************


*********** Start the Initialize Key Check **********
2014/09/24 18:44:14: Tool Ver: 2013.0605.01
2014/09/24 18:44:14: COM PORT OPEN ... OK
2014/09/24 18:44:14:
2014/09/24 18:44:14: ProductS/N:  4900510
2014/09/24 18:44:14: TID: 86042928CAE52080
2014/09/24 18:44:14: F/W Version: 00.00.08
2014/09/24 18:44:14:
2014/09/24 18:44:14: MasterKey Key Entry ... OK
2014/09/24 18:44:14: PowerON Counter Key Entry ... OK
2014/09/24 18:44:15: Key Entry ... OK
2014/09/24 18:44:15: Complete.
2014/09/24 18:44:15: COM PORT CLOSE ... OK
2014/09/24 18:44:15: 
2014/09/24 18:44:15: ==== Processing was completed ====
2014/09/24 18:44:15: 
*************************************************


*********** Start the Initialize Key Check **********
2014/09/24 18:46:46: Tool Ver: 2013.0605.01
2014/09/24 18:46:46: COM PORT OPEN ... OK
2014/09/24 18:46:46:
2014/09/24 18:46:46: ProductS/N:  4900498
2014/09/24 18:46:46: TID: 86042E2DCAE52080
2014/09/24 18:46:46: F/W Version: 00.00.08
2014/09/24 18:46:46:
2014/09/24 18:46:46: MasterKey Key Entry ... OK
2014/09/24 18:46:46: PowerON Counter Key Entry ... OK
2014/09/24 18:46:46: Key Entry ... OK
2014/09/24 18:46:46: Complete.
2014/09/24 18:46:46: COM PORT CLOSE ... OK
2014/09/24 18:46:46: 
2014/09/24 18:46:46: ==== Processing was completed ====
2014/09/24 18:46:46: 
*************************************************


*********** Start the Initialize Key Check **********
2014/09/24 18:51:17: Tool Ver: 2013.0605.01
2014/09/24 18:51:17: COM PORT OPEN ... OK
2014/09/24 18:51:17:
2014/09/24 18:51:17: ProductS/N:  4900479
2014/09/24 18:51:17: TID: 8604312ECAE52080
2014/09/24 18:51:17: F/W Version: 00.00.08
2014/09/24 18:51:17:
2014/09/24 18:51:17: MasterKey Key Entry ... OK
2014/09/24 18:51:17: PowerON Counter Key Entry ... OK
2014/09/24 18:51:18: Key Entry ... OK
2014/09/24 18:51:18: Complete.
2014/09/24 18:51:18: COM PORT CLOSE ... OK
2014/09/24 18:51:18: 
2014/09/24 18:51:18: ==== Processing was completed ====
2014/09/24 18:51:18: 
*************************************************


*********** Start the Initialize Key Check **********
2014/09/24 19:01:21: Tool Ver: 2013.0605.01
2014/09/24 19:01:21: COM PORT OPEN ... OK
2014/09/24 19:01:21:
2014/09/24 19:01:21: ProductS/N:  4900568
2014/09/24 19:01:21: TID: 86041A2ECAE52080
2014/09/24 19:01:21: F/W Version: 00.00.08
2014/09/24 19:01:21:
2014/09/24 19:01:21: MasterKey Key Entry ... OK
2014/09/24 19:01:21: PowerON Counter Key Entry ... OK
2014/09/24 19:01:22: Key Entry ... OK
2014/09/24 19:01:22: Complete.
2014/09/24 19:01:22: COM PORT CLOSE ... OK
2014/09/24 19:01:22: 
2014/09/24 19:01:22: ==== Processing was completed ====
2014/09/24 19:01:22: 
*************************************************


*********** Start the Initialize Key Check **********
2014/09/24 19:03:19: Tool Ver: 2013.0605.01
2014/09/24 19:03:19: COM PORT OPEN ... OK
2014/09/24 19:03:19:
2014/09/24 19:03:19: ProductS/N:  4900532
2014/09/24 19:03:19: TID: 86040C28CAE52080
2014/09/24 19:03:19: F/W Version: 00.00.08
2014/09/24 19:03:19:
2014/09/24 19:03:19: MasterKey Key Entry ... OK
2014/09/24 19:03:19: PowerON Counter Key Entry ... OK
2014/09/24 19:03:19: Key Entry ... OK
2014/09/24 19:03:19: Complete.
2014/09/24 19:03:19: COM PORT CLOSE ... OK
2014/09/24 19:03:19: 
2014/09/24 19:03:19: ==== Processing was completed ====
2014/09/24 19:03:19: 
*************************************************


*********** Start the Initialize Key Check **********
2014/09/24 19:10:39: Tool Ver: 2013.0605.01
2014/09/24 19:10:39: COM PORT OPEN ... OK
2014/09/24 19:10:39:
2014/09/24 19:10:39: ProductS/N:  4900481
2014/09/24 19:10:39: TID: 8604280F3AE62080
2014/09/24 19:10:39: F/W Version: 00.00.08
2014/09/24 19:10:39:
2014/09/24 19:10:39: MasterKey Key Entry ... OK
2014/09/24 19:10:39: PowerON Counter Key Entry ... OK
2014/09/24 19:10:40: Key Entry ... OK
2014/09/24 19:10:40: Complete.
2014/09/24 19:10:40: COM PORT CLOSE ... OK
2014/09/24 19:10:40: 
2014/09/24 19:10:40: ==== Processing was completed ====
2014/09/24 19:10:40: 
*************************************************


*********** Start the Initialize Key Check **********
2014/09/24 19:12:43: Tool Ver: 2013.0605.01
2014/09/24 19:12:43: COM PORT OPEN ... OK
2014/09/24 19:12:43:
2014/09/24 19:12:43: ProductS/N:  4900512
2014/09/24 19:12:43: TID: 86043334CAE52080
2014/09/24 19:12:43: F/W Version: 00.00.08
2014/09/24 19:12:43:
2014/09/24 19:12:43: MasterKey Key Entry ... OK
2014/09/24 19:12:43: PowerON Counter Key Entry ... OK
2014/09/24 19:12:43: Key Entry ... OK
2014/09/24 19:12:43: Complete.
2014/09/24 19:12:43: COM PORT CLOSE ... OK
2014/09/24 19:12:43: 
2014/09/24 19:12:43: ==== Processing was completed ====
2014/09/24 19:12:43: 
*************************************************


*********** Start the Initialize Key Check **********
2014/09/24 19:17:10: Tool Ver: 2013.0605.01
2014/09/24 19:17:10: COM PORT OPEN ... OK
2014/09/24 19:17:10:
2014/09/24 19:17:10: ProductS/N:  4900484
2014/09/24 19:17:10: TID: 86042827CAE52080
2014/09/24 19:17:10: F/W Version: 00.00.08
2014/09/24 19:17:10:
2014/09/24 19:17:10: MasterKey Key Entry ... OK
2014/09/24 19:17:10: PowerON Counter Key Entry ... OK
2014/09/24 19:17:10: Key Entry ... OK
2014/09/24 19:17:10: Complete.
2014/09/24 19:17:10: COM PORT CLOSE ... OK
2014/09/24 19:17:10: 
2014/09/24 19:17:10: ==== Processing was completed ====
2014/09/24 19:17:10: 
*************************************************


*********** Start the Initialize Key Check **********
2014/09/24 19:18:27: Tool Ver: 2013.0605.01
2014/09/24 19:18:27: COM PORT OPEN ... OK
2014/09/24 19:18:27:
2014/09/24 19:18:27: ProductS/N:  4900491
2014/09/24 19:18:27: TID: 8604332DCAE52080
2014/09/24 19:18:27: F/W Version: 00.00.08
2014/09/24 19:18:27:
2014/09/24 19:18:27: MasterKey Key Entry ... OK
2014/09/24 19:18:27: PowerON Counter Key Entry ... OK
2014/09/24 19:18:27: Key Entry ... OK
2014/09/24 19:18:27: Complete.
2014/09/24 19:18:27: COM PORT CLOSE ... OK
2014/09/24 19:18:27: 
2014/09/24 19:18:27: ==== Processing was completed ====
2014/09/24 19:18:27: 
*************************************************


