*********** Start the Initialize Key Check **********
2014/12/08 13:22:37: Tool Ver: 2013.0605.01
2014/12/08 13:22:37: COM PORT OPEN ... OK
2014/12/08 13:22:37:
2014/12/08 13:22:37: ProductS/N:  VRW06A114Z00417
2014/12/08 13:22:37: TID: 8604322322E62080
2014/12/08 13:22:37: F/W Version: 00.00.08
2014/12/08 13:22:37:
2014/12/08 13:22:37: MasterKey Key Entry ... OK
2014/12/08 13:22:37: PowerON Counter Key Entry ... OK
2014/12/08 13:22:38: Key Entry ... OK
2014/12/08 13:22:38: Complete.
2014/12/08 13:22:38: COM PORT CLOSE ... OK
2014/12/08 13:22:38: 
2014/12/08 13:22:38: ==== Processing was completed ====
2014/12/08 13:22:38: 
*************************************************


*********** Start the Initialize Key Check **********
2014/12/08 13:23:10: Tool Ver: 2013.0605.01
2014/12/08 13:23:10: COM PORT OPEN ... OK
2014/12/08 13:23:10:
2014/12/08 13:23:10: ProductS/N:  VRW06A114Z00417
2014/12/08 13:23:10: TID: 8604322322E62080
2014/12/08 13:23:10: F/W Version: 00.00.08
2014/12/08 13:23:10:
2014/12/08 13:23:10: MasterKey Key Entry ... OK
2014/12/08 13:23:10: PowerON Counter Key Entry ... OK
2014/12/08 13:23:11: Key Entry ... OK
2014/12/08 13:23:11: Complete.
2014/12/08 13:23:11: COM PORT CLOSE ... OK
2014/12/08 13:23:11: 
2014/12/08 13:23:11: ==== Processing was completed ====
2014/12/08 13:23:11: 
*************************************************


*********** Start the Initialize Key Check **********
2014/12/08 13:25:34: Tool Ver: 2013.0605.01
2014/12/08 13:25:34: COM PORT OPEN ... OK
2014/12/08 13:25:34:
2014/12/08 13:25:34: ProductS/N:  VRW06A114Z00419
2014/12/08 13:25:34: TID: 86040D2022E62080
2014/12/08 13:25:34: F/W Version: 00.00.08
2014/12/08 13:25:34:
2014/12/08 13:25:34: MasterKey Key Entry ... OK
2014/12/08 13:25:34: PowerON Counter Key Entry ... OK
2014/12/08 13:25:35: Key Entry ... OK
2014/12/08 13:25:35: Complete.
2014/12/08 13:25:35: COM PORT CLOSE ... OK
2014/12/08 13:25:35: 
2014/12/08 13:25:35: ==== Processing was completed ====
2014/12/08 13:25:35: 
*************************************************


*********** Start the Initialize Key Check **********
2014/12/08 13:27:08: Tool Ver: 2013.0605.01
2014/12/08 13:27:08: COM PORT OPEN ... OK
2014/12/08 13:27:08:
2014/12/08 13:27:08: ProductS/N:  VRW06A114Z00416
2014/12/08 13:27:08: TID: 86041B233AE62080
2014/12/08 13:27:08: F/W Version: 00.00.08
2014/12/08 13:27:08:
2014/12/08 13:27:08: MasterKey Key Entry ... OK
2014/12/08 13:27:08: PowerON Counter Key Entry ... OK
2014/12/08 13:27:08: Key Entry ... OK
2014/12/08 13:27:08: Complete.
2014/12/08 13:27:08: COM PORT CLOSE ... OK
2014/12/08 13:27:08: 
2014/12/08 13:27:08: ==== Processing was completed ====
2014/12/08 13:27:08: 
*************************************************


*********** Start the Initialize Key Check **********
2014/12/08 13:28:17: Tool Ver: 2013.0605.01
2014/12/08 13:28:17: COM PORT OPEN ... OK
2014/12/08 13:28:17:
2014/12/08 13:28:17: ProductS/N:  VRW06A114Z00414
2014/12/08 13:28:17: TID: 86041C1AD2E52080
2014/12/08 13:28:17: F/W Version: 00.00.08
2014/12/08 13:28:17:
2014/12/08 13:28:17: MasterKey Key Entry ... OK
2014/12/08 13:28:17: PowerON Counter Key Entry ... OK
2014/12/08 13:28:18: Key Entry ... OK
2014/12/08 13:28:18: Complete.
2014/12/08 13:28:18: COM PORT CLOSE ... OK
2014/12/08 13:28:18: 
2014/12/08 13:28:18: ==== Processing was completed ====
2014/12/08 13:28:18: 
*************************************************


*********** Start the Initialize Key Check **********
2014/12/08 13:31:02: Tool Ver: 2013.0605.01
2014/12/08 13:31:02: COM PORT OPEN ... OK
2014/12/08 13:31:02:
2014/12/08 13:31:02: ProductS/N:  VRW06A114Z00426
2014/12/08 13:31:02: TID: 86040E2122E62080
2014/12/08 13:31:02: F/W Version: 00.00.08
2014/12/08 13:31:02:
2014/12/08 13:31:02: MasterKey Key Entry ... OK
2014/12/08 13:31:02: PowerON Counter Key Entry ... OK
2014/12/08 13:31:03: Key Entry ... OK
2014/12/08 13:31:03: Complete.
2014/12/08 13:31:03: COM PORT CLOSE ... OK
2014/12/08 13:31:03: 
2014/12/08 13:31:03: ==== Processing was completed ====
2014/12/08 13:31:03: 
*************************************************


*********** Start the Initialize Key Check **********
2014/12/08 13:32:21: Tool Ver: 2013.0605.01
2014/12/08 13:32:21: COM PORT OPEN ... OK
2014/12/08 13:32:21:
2014/12/08 13:32:21: ProductS/N:  VRW06A114Z00422
2014/12/08 13:32:22: TID: 8604192E3AE62080
2014/12/08 13:32:22: F/W Version: 00.00.08
2014/12/08 13:32:22:
2014/12/08 13:32:22: MasterKey Key Entry ... OK
2014/12/08 13:32:22: PowerON Counter Key Entry ... OK
2014/12/08 13:32:22: Key Entry ... OK
2014/12/08 13:32:22: Complete.
2014/12/08 13:32:22: COM PORT CLOSE ... OK
2014/12/08 13:32:22: 
2014/12/08 13:32:22: ==== Processing was completed ====
2014/12/08 13:32:22: 
*************************************************


*********** Start the Initialize Key Check **********
2014/12/08 13:33:42: Tool Ver: 2013.0605.01
2014/12/08 13:33:42: COM PORT OPEN ... OK
2014/12/08 13:33:42:
2014/12/08 13:33:42: ProductS/N:  VRW06A114Z00415
2014/12/08 13:33:42: TID: 860403283AE62080
2014/12/08 13:33:42: F/W Version: 00.00.08
2014/12/08 13:33:42:
2014/12/08 13:33:42: MasterKey Key Entry ... OK
2014/12/08 13:33:42: PowerON Counter Key Entry ... OK
2014/12/08 13:33:42: Key Entry ... OK
2014/12/08 13:33:42: Complete.
2014/12/08 13:33:42: COM PORT CLOSE ... OK
2014/12/08 13:33:42: 
2014/12/08 13:33:42: ==== Processing was completed ====
2014/12/08 13:33:42: 
*************************************************


*********** Start the Initialize Key Check **********
2014/12/08 13:35:15: Tool Ver: 2013.0605.01
2014/12/08 13:35:15: COM PORT OPEN ... OK
2014/12/08 13:35:15:
2014/12/08 13:35:15: ProductS/N:  VRW06A114Z00407
2014/12/08 13:35:15: TID: 86041A223AE62080
2014/12/08 13:35:15: F/W Version: 00.00.08
2014/12/08 13:35:15:
2014/12/08 13:35:15: MasterKey Key Entry ... OK
2014/12/08 13:35:15: PowerON Counter Key Entry ... OK
2014/12/08 13:35:16: Key Entry ... OK
2014/12/08 13:35:16: Complete.
2014/12/08 13:35:16: COM PORT CLOSE ... OK
2014/12/08 13:35:16: 
2014/12/08 13:35:16: ==== Processing was completed ====
2014/12/08 13:35:16: 
*************************************************


*********** Start the Initialize Key Check **********
2014/12/08 13:36:54: Tool Ver: 2013.0605.01
2014/12/08 13:36:54: COM PORT OPEN ... OK
2014/12/08 13:36:54:
2014/12/08 13:36:54: ProductS/N:  VRW06A114Z00420
2014/12/08 13:36:54: TID: 860419253AE62080
2014/12/08 13:36:54: F/W Version: 00.00.08
2014/12/08 13:36:54:
2014/12/08 13:36:54: MasterKey Key Entry ... OK
2014/12/08 13:36:54: PowerON Counter Key Entry ... OK
2014/12/08 13:36:55: Key Entry ... OK
2014/12/08 13:36:55: Complete.
2014/12/08 13:36:55: COM PORT CLOSE ... OK
2014/12/08 13:36:55: 
2014/12/08 13:36:55: ==== Processing was completed ====
2014/12/08 13:36:55: 
*************************************************


*********** Start the Initialize Key Check **********
2014/12/08 13:39:02: Tool Ver: 2013.0605.01
2014/12/08 13:39:02: COM PORT OPEN ... OK
2014/12/08 13:39:02:
2014/12/08 13:39:02: ProductS/N:  VRW06A114Z00423
2014/12/08 13:39:02: TID: 86043019D2E52080
2014/12/08 13:39:02: F/W Version: 00.00.08
2014/12/08 13:39:02:
2014/12/08 13:39:02: MasterKey Key Entry ... OK
2014/12/08 13:39:02: PowerON Counter Key Entry ... OK
2014/12/08 13:39:02: Key Entry ... OK
2014/12/08 13:39:02: Complete.
2014/12/08 13:39:02: COM PORT CLOSE ... OK
2014/12/08 13:39:02: 
2014/12/08 13:39:02: ==== Processing was completed ====
2014/12/08 13:39:02: 
*************************************************


*********** Start the Initialize Key Check **********
2014/12/08 13:41:39: Tool Ver: 2013.0605.01
2014/12/08 13:41:39: COM PORT OPEN ... OK
2014/12/08 13:41:39:
2014/12/08 13:41:39: ProductS/N:  VRW06A114Z00412
2014/12/08 13:41:39: TID: 860428212AE62080
2014/12/08 13:41:39: F/W Version: 00.00.08
2014/12/08 13:41:39:
2014/12/08 13:41:39: MasterKey Key Entry ... OK
2014/12/08 13:41:39: PowerON Counter Key Entry ... OK
2014/12/08 13:41:40: Key Entry ... OK
2014/12/08 13:41:40: Complete.
2014/12/08 13:41:40: COM PORT CLOSE ... OK
2014/12/08 13:41:40: 
2014/12/08 13:41:40: ==== Processing was completed ====
2014/12/08 13:41:40: 
*************************************************


*********** Start the Initialize Key Check **********
2014/12/08 13:43:16: Tool Ver: 2013.0605.01
2014/12/08 13:43:16: COM PORT OPEN ... ERROR(01)
2014/12/08 13:43:16: 
2014/12/08 13:43:16: ######## Error has occurred ########
2014/12/08 13:43:16: 
*************************************************


*********** Start the Initialize Key Check **********
2014/12/08 13:43:51: Tool Ver: 2013.0605.01
2014/12/08 13:43:51: COM PORT OPEN ... OK
2014/12/08 13:43:51:
2014/12/08 13:43:51: ProductS/N:  VRW06A114Z00418
2014/12/08 13:43:51: TID: 86042029CAE52080
2014/12/08 13:43:51: F/W Version: 00.00.08
2014/12/08 13:43:51:
2014/12/08 13:43:51: MasterKey Key Entry ... OK
2014/12/08 13:43:51: PowerON Counter Key Entry ... OK
2014/12/08 13:43:52: Key Entry ... OK
2014/12/08 13:43:52: Complete.
2014/12/08 13:43:52: COM PORT CLOSE ... OK
2014/12/08 13:43:52: 
2014/12/08 13:43:52: ==== Processing was completed ====
2014/12/08 13:43:52: 
*************************************************


*********** Start the Initialize Key Check **********
2014/12/08 13:45:36: Tool Ver: 2013.0605.01
2014/12/08 13:45:36: COM PORT OPEN ... OK
2014/12/08 13:45:36:
2014/12/08 13:45:36: ProductS/N:  VRW06A114Z00411
2014/12/08 13:45:36: TID: 8604291D2AE62080
2014/12/08 13:45:36: F/W Version: 00.00.08
2014/12/08 13:45:36:
2014/12/08 13:45:36: MasterKey Key Entry ... OK
2014/12/08 13:45:36: PowerON Counter Key Entry ... OK
2014/12/08 13:45:37: Key Entry ... OK
2014/12/08 13:45:37: Complete.
2014/12/08 13:45:37: COM PORT CLOSE ... OK
2014/12/08 13:45:37: 
2014/12/08 13:45:37: ==== Processing was completed ====
2014/12/08 13:45:37: 
*************************************************


*********** Start the Initialize Key Check **********
2014/12/08 13:47:53: Tool Ver: 2013.0605.01
2014/12/08 13:47:53: COM PORT OPEN ... OK
2014/12/08 13:47:53:
2014/12/08 13:47:53: ProductS/N:  VRW06A114Z00408
2014/12/08 13:47:53: TID: 860408233AE62080
2014/12/08 13:47:53: F/W Version: 00.00.08
2014/12/08 13:47:53:
2014/12/08 13:47:53: MasterKey Key Entry ... OK
2014/12/08 13:47:53: PowerON Counter Key Entry ... OK
2014/12/08 13:47:54: Key Entry ... OK
2014/12/08 13:47:54: Complete.
2014/12/08 13:47:54: COM PORT CLOSE ... OK
2014/12/08 13:47:54: 
2014/12/08 13:47:54: ==== Processing was completed ====
2014/12/08 13:47:54: 
*************************************************


*********** Start the Initialize Key Check **********
2014/12/08 13:49:50: Tool Ver: 2013.0605.01
2014/12/08 13:49:50: COM PORT OPEN ... OK
2014/12/08 13:49:50:
2014/12/08 13:49:50: ProductS/N:  VRW06A114Z00421
2014/12/08 13:49:50: TID: 860411283AE62080
2014/12/08 13:49:50: F/W Version: 00.00.08
2014/12/08 13:49:50:
2014/12/08 13:49:50: MasterKey Key Entry ... OK
2014/12/08 13:49:50: PowerON Counter Key Entry ... OK
2014/12/08 13:49:50: Key Entry ... OK
2014/12/08 13:49:50: Complete.
2014/12/08 13:49:50: COM PORT CLOSE ... OK
2014/12/08 13:49:50: 
2014/12/08 13:49:50: ==== Processing was completed ====
2014/12/08 13:49:50: 
*************************************************


*********** Start the Initialize Key Check **********
2014/12/08 13:51:49: Tool Ver: 2013.0605.01
2014/12/08 13:51:49: COM PORT OPEN ... OK
2014/12/08 13:51:49:
2014/12/08 13:51:49: ProductS/N:  VRW06A114Z00410
2014/12/08 13:51:49: TID: 8604342E3AE62080
2014/12/08 13:51:49: F/W Version: 00.00.08
2014/12/08 13:51:49:
2014/12/08 13:51:49: MasterKey Key Entry ... OK
2014/12/08 13:51:49: PowerON Counter Key Entry ... OK
2014/12/08 13:51:50: Key Entry ... OK
2014/12/08 13:51:50: Complete.
2014/12/08 13:51:50: COM PORT CLOSE ... OK
2014/12/08 13:51:50: 
2014/12/08 13:51:50: ==== Processing was completed ====
2014/12/08 13:51:50: 
*************************************************


*********** Start the Initialize Key Check **********
2014/12/08 13:53:46: Tool Ver: 2013.0605.01
2014/12/08 13:53:46: COM PORT OPEN ... OK
2014/12/08 13:53:46:
2014/12/08 13:53:46: ProductS/N:  VRW06A114Z00409
2014/12/08 13:53:46: TID: 86042F253AE62080
2014/12/08 13:53:46: F/W Version: 00.00.08
2014/12/08 13:53:46:
2014/12/08 13:53:46: MasterKey Key Entry ... OK
2014/12/08 13:53:46: PowerON Counter Key Entry ... OK
2014/12/08 13:53:47: Key Entry ... OK
2014/12/08 13:53:47: Complete.
2014/12/08 13:53:47: COM PORT CLOSE ... OK
2014/12/08 13:53:47: 
2014/12/08 13:53:47: ==== Processing was completed ====
2014/12/08 13:53:47: 
*************************************************


*********** Start the Initialize Key Check **********
2014/12/08 13:55:37: Tool Ver: 2013.0605.01
2014/12/08 13:55:37: COM PORT OPEN ... OK
2014/12/08 13:55:37:
2014/12/08 13:55:37: ProductS/N:  VRW06A114Z00413
2014/12/08 13:55:37: TID: 8604022422E62080
2014/12/08 13:55:37: F/W Version: 00.00.08
2014/12/08 13:55:37:
2014/12/08 13:55:37: MasterKey Key Entry ... OK
2014/12/08 13:55:37: PowerON Counter Key Entry ... OK
2014/12/08 13:55:37: Key Entry ... OK
2014/12/08 13:55:37: Complete.
2014/12/08 13:55:37: COM PORT CLOSE ... OK
2014/12/08 13:55:37: 
2014/12/08 13:55:37: ==== Processing was completed ====
2014/12/08 13:55:37: 
*************************************************


*********** Start the Initialize Key Check **********
2014/12/08 13:57:16: Tool Ver: 2013.0605.01
2014/12/08 13:57:16: COM PORT OPEN ... OK
2014/12/08 13:57:16:
2014/12/08 13:57:16: ProductS/N:  VRW06A114Z00424
2014/12/08 13:57:16: TID: 860419293AE62080
2014/12/08 13:57:16: F/W Version: 00.00.08
2014/12/08 13:57:16:
2014/12/08 13:57:16: MasterKey Key Entry ... OK
2014/12/08 13:57:16: PowerON Counter Key Entry ... OK
2014/12/08 13:57:16: Key Entry ... OK
2014/12/08 13:57:16: Complete.
2014/12/08 13:57:16: COM PORT CLOSE ... OK
2014/12/08 13:57:16: 
2014/12/08 13:57:16: ==== Processing was completed ====
2014/12/08 13:57:16: 
*************************************************


*********** Start the Initialize Key Check **********
2014/12/08 13:58:29: Tool Ver: 2013.0605.01
2014/12/08 13:58:29: COM PORT OPEN ... OK
2014/12/08 13:58:29:
2014/12/08 13:58:29: ProductS/N:  VRW06A114Z00425
2014/12/08 13:58:29: TID: 86041726CAE52080
2014/12/08 13:58:29: F/W Version: 00.00.08
2014/12/08 13:58:29:
2014/12/08 13:58:29: MasterKey Key Entry ... OK
2014/12/08 13:58:29: PowerON Counter Key Entry ... OK
2014/12/08 13:58:30: Key Entry ... OK
2014/12/08 13:58:30: Complete.
2014/12/08 13:58:30: COM PORT CLOSE ... OK
2014/12/08 13:58:30: 
2014/12/08 13:58:30: ==== Processing was completed ====
2014/12/08 13:58:30: 
*************************************************


*********** Start the Initialize Key Check **********
2014/12/08 13:59:50: Tool Ver: 2013.0605.01
2014/12/08 13:59:50: COM PORT OPEN ... OK
2014/12/08 13:59:51:
2014/12/08 13:59:51: ProductS/N:  VRW06A114Z00436
2014/12/08 13:59:51: TID: 860413113AE62080
2014/12/08 13:59:51: F/W Version: 00.00.08
2014/12/08 13:59:51:
2014/12/08 13:59:51: MasterKey Key Entry ... OK
2014/12/08 13:59:51: PowerON Counter Key Entry ... OK
2014/12/08 13:59:51: Key Entry ... OK
2014/12/08 13:59:51: Complete.
2014/12/08 13:59:51: COM PORT CLOSE ... OK
2014/12/08 13:59:51: 
2014/12/08 13:59:51: ==== Processing was completed ====
2014/12/08 13:59:51: 
*************************************************


*********** Start the Initialize Key Check **********
2014/12/08 14:01:33: Tool Ver: 2013.0605.01
2014/12/08 14:01:33: COM PORT OPEN ... OK
2014/12/08 14:01:33:
2014/12/08 14:01:33: ProductS/N:  VRW06A114Z00427
2014/12/08 14:01:33: TID: 860412283AE62080
2014/12/08 14:01:33: F/W Version: 00.00.08
2014/12/08 14:01:33:
2014/12/08 14:01:33: MasterKey Key Entry ... OK
2014/12/08 14:01:34: PowerON Counter Key Entry ... OK
2014/12/08 14:01:34: Key Entry ... OK
2014/12/08 14:01:34: Complete.
2014/12/08 14:01:34: COM PORT CLOSE ... OK
2014/12/08 14:01:34: 
2014/12/08 14:01:34: ==== Processing was completed ====
2014/12/08 14:01:34: 
*************************************************


*********** Start the Initialize Key Check **********
2014/12/08 14:02:43: Tool Ver: 2013.0605.01
2014/12/08 14:02:43: COM PORT OPEN ... OK
2014/12/08 14:02:44:
2014/12/08 14:02:44: ProductS/N:  VRW06A114Z00430
2014/12/08 14:02:44: TID: 8604101D2AE62080
2014/12/08 14:02:44: F/W Version: 00.00.08
2014/12/08 14:02:44:
2014/12/08 14:02:44: MasterKey Key Entry ... OK
2014/12/08 14:02:44: PowerON Counter Key Entry ... OK
2014/12/08 14:02:44: Key Entry ... OK
2014/12/08 14:02:44: Complete.
2014/12/08 14:02:44: COM PORT CLOSE ... OK
2014/12/08 14:02:44: 
2014/12/08 14:02:44: ==== Processing was completed ====
2014/12/08 14:02:44: 
*************************************************


*********** Start the Initialize Key Check **********
2014/12/08 14:03:53: Tool Ver: 2013.0605.01
2014/12/08 14:03:53: COM PORT OPEN ... OK
2014/12/08 14:03:53:
2014/12/08 14:03:53: ProductS/N:  VRW06A114Z00400
2014/12/08 14:03:53: TID: 860442283AE62080
2014/12/08 14:03:53: F/W Version: 00.00.08
2014/12/08 14:03:53:
2014/12/08 14:03:53: MasterKey Key Entry ... OK
2014/12/08 14:03:53: PowerON Counter Key Entry ... OK
2014/12/08 14:03:54: Key Entry ... OK
2014/12/08 14:03:54: Complete.
2014/12/08 14:03:54: COM PORT CLOSE ... OK
2014/12/08 14:03:54: 
2014/12/08 14:03:54: ==== Processing was completed ====
2014/12/08 14:03:54: 
*************************************************


*********** Start the Initialize Key Check **********
2014/12/08 14:07:35: Tool Ver: 2013.0605.01
2014/12/08 14:07:35: COM PORT OPEN ... OK
2014/12/08 14:07:35:
2014/12/08 14:07:35: ProductS/N:  VRW06A114Z00435
2014/12/08 14:07:35: TID: 86041D29CAE52080
2014/12/08 14:07:35: F/W Version: 00.00.08
2014/12/08 14:07:35:
2014/12/08 14:07:35: MasterKey Key Entry ... OK
2014/12/08 14:07:35: PowerON Counter Key Entry ... OK
2014/12/08 14:07:36: Key Entry ... OK
2014/12/08 14:07:36: Complete.
2014/12/08 14:07:36: COM PORT CLOSE ... OK
2014/12/08 14:07:36: 
2014/12/08 14:07:36: ==== Processing was completed ====
2014/12/08 14:07:36: 
*************************************************


*********** Start the Initialize Key Check **********
2014/12/08 14:08:45: Tool Ver: 2013.0605.01
2014/12/08 14:08:45: COM PORT OPEN ... OK
2014/12/08 14:08:45:
2014/12/08 14:08:45: ProductS/N:  VRW06A114Z00443
2014/12/08 14:08:45: TID: 86043A263AE62080
2014/12/08 14:08:45: F/W Version: 00.00.08
2014/12/08 14:08:45:
2014/12/08 14:08:45: MasterKey Key Entry ... OK
2014/12/08 14:08:45: PowerON Counter Key Entry ... OK
2014/12/08 14:08:46: Key Entry ... OK
2014/12/08 14:08:46: Complete.
2014/12/08 14:08:46: COM PORT CLOSE ... OK
2014/12/08 14:08:46: 
2014/12/08 14:08:46: ==== Processing was completed ====
2014/12/08 14:08:46: 
*************************************************


*********** Start the Initialize Key Check **********
2014/12/08 14:10:30: Tool Ver: 2013.0605.01
2014/12/08 14:10:30: COM PORT OPEN ... OK
2014/12/08 14:10:30:
2014/12/08 14:10:30: ProductS/N:  VRW06A114Z00446
2014/12/08 14:10:30: TID: 86043C253AE62080
2014/12/08 14:10:30: F/W Version: 00.00.08
2014/12/08 14:10:30:
2014/12/08 14:10:30: MasterKey Key Entry ... OK
2014/12/08 14:10:30: PowerON Counter Key Entry ... OK
2014/12/08 14:10:31: Key Entry ... OK
2014/12/08 14:10:31: Complete.
2014/12/08 14:10:31: COM PORT CLOSE ... OK
2014/12/08 14:10:31: 
2014/12/08 14:10:31: ==== Processing was completed ====
2014/12/08 14:10:31: 
*************************************************


*********** Start the Initialize Key Check **********
2014/12/08 14:11:51: Tool Ver: 2013.0605.01
2014/12/08 14:11:51: COM PORT OPEN ... OK
2014/12/08 14:11:51:
2014/12/08 14:11:51: ProductS/N:  VRW06A114Z00429
2014/12/08 14:11:51: TID: 8604250CD2E52080
2014/12/08 14:11:51: F/W Version: 00.00.08
2014/12/08 14:11:51:
2014/12/08 14:11:51: MasterKey Key Entry ... OK
2014/12/08 14:11:51: PowerON Counter Key Entry ... OK
2014/12/08 14:11:52: Key Entry ... OK
2014/12/08 14:11:52: Complete.
2014/12/08 14:11:52: COM PORT CLOSE ... OK
2014/12/08 14:11:52: 
2014/12/08 14:11:52: ==== Processing was completed ====
2014/12/08 14:11:52: 
*************************************************


*********** Start the Initialize Key Check **********
2014/12/08 14:13:21: Tool Ver: 2013.0605.01
2014/12/08 14:13:21: COM PORT OPEN ... OK
2014/12/08 14:13:21:
2014/12/08 14:13:21: ProductS/N:  VRW06A114Z00438
2014/12/08 14:13:21: TID: 86042F3BCAE52080
2014/12/08 14:13:21: F/W Version: 00.00.08
2014/12/08 14:13:21:
2014/12/08 14:13:21: MasterKey Key Entry ... OK
2014/12/08 14:13:21: PowerON Counter Key Entry ... OK
2014/12/08 14:13:22: Key Entry ... OK
2014/12/08 14:13:22: Complete.
2014/12/08 14:13:22: COM PORT CLOSE ... OK
2014/12/08 14:13:22: 
2014/12/08 14:13:22: ==== Processing was completed ====
2014/12/08 14:13:22: 
*************************************************


*********** Start the Initialize Key Check **********
2014/12/08 14:14:12: Tool Ver: 2013.0605.01
2014/12/08 14:14:12: COM PORT OPEN ... OK
2014/12/08 14:14:12:
2014/12/08 14:14:12: ProductS/N:  VRW06A114Z00442
2014/12/08 14:14:12: TID: 86040D2E3AE62080
2014/12/08 14:14:13: F/W Version: 00.00.08
2014/12/08 14:14:13:
2014/12/08 14:14:13: MasterKey Key Entry ... OK
2014/12/08 14:14:13: PowerON Counter Key Entry ... OK
2014/12/08 14:14:13: Key Entry ... OK
2014/12/08 14:14:13: Complete.
2014/12/08 14:14:13: COM PORT CLOSE ... OK
2014/12/08 14:14:13: 
2014/12/08 14:14:13: ==== Processing was completed ====
2014/12/08 14:14:13: 
*************************************************


*********** Start the Initialize Key Check **********
2014/12/08 14:15:29: Tool Ver: 2013.0605.01
2014/12/08 14:15:29: COM PORT OPEN ... OK
2014/12/08 14:15:29:
2014/12/08 14:15:29: ProductS/N:  VRW06A114Z00437
2014/12/08 14:15:29: TID: 86042B38CAE52080
2014/12/08 14:15:29: F/W Version: 00.00.08
2014/12/08 14:15:29:
2014/12/08 14:15:29: MasterKey Key Entry ... OK
2014/12/08 14:15:29: PowerON Counter Key Entry ... OK
2014/12/08 14:15:30: Key Entry ... OK
2014/12/08 14:15:30: Complete.
2014/12/08 14:15:30: COM PORT CLOSE ... OK
2014/12/08 14:15:30: 
2014/12/08 14:15:30: ==== Processing was completed ====
2014/12/08 14:15:30: 
*************************************************


*********** Start the Initialize Key Check **********
2014/12/08 14:16:42: Tool Ver: 2013.0605.01
2014/12/08 14:16:42: COM PORT OPEN ... OK
2014/12/08 14:16:42:
2014/12/08 14:16:42: ProductS/N:  VRW06A114Z00440
2014/12/08 14:16:42: TID: 86043836CAE52080
2014/12/08 14:16:42: F/W Version: 00.00.08
2014/12/08 14:16:42:
2014/12/08 14:16:42: MasterKey Key Entry ... OK
2014/12/08 14:16:42: PowerON Counter Key Entry ... OK
2014/12/08 14:16:43: Key Entry ... OK
2014/12/08 14:16:43: Complete.
2014/12/08 14:16:43: COM PORT CLOSE ... OK
2014/12/08 14:16:43: 
2014/12/08 14:16:43: ==== Processing was completed ====
2014/12/08 14:16:43: 
*************************************************


*********** Start the Initialize Key Check **********
2014/12/08 14:17:57: Tool Ver: 2013.0605.01
2014/12/08 14:17:57: COM PORT OPEN ... OK
2014/12/08 14:17:57:
2014/12/08 14:17:57: ProductS/N:  VRW06A114Z00432
2014/12/08 14:17:57: TID: 86041B273AE62080
2014/12/08 14:17:57: F/W Version: 00.00.08
2014/12/08 14:17:57:
2014/12/08 14:17:58: MasterKey Key Entry ... OK
2014/12/08 14:17:58: PowerON Counter Key Entry ... OK
2014/12/08 14:17:58: Key Entry ... OK
2014/12/08 14:17:58: Complete.
2014/12/08 14:17:58: COM PORT CLOSE ... OK
2014/12/08 14:17:58: 
2014/12/08 14:17:58: ==== Processing was completed ====
2014/12/08 14:17:58: 
*************************************************


*********** Start the Initialize Key Check **********
2014/12/08 14:19:32: Tool Ver: 2013.0605.01
2014/12/08 14:19:32: COM PORT OPEN ... OK
2014/12/08 14:19:32:
2014/12/08 14:19:32: ProductS/N:  VRW06A114Z00441
2014/12/08 14:19:32: TID: 86041238CAE52080
2014/12/08 14:19:32: F/W Version: 00.00.08
2014/12/08 14:19:32:
2014/12/08 14:19:32: MasterKey Key Entry ... OK
2014/12/08 14:19:32: PowerON Counter Key Entry ... OK
2014/12/08 14:19:33: Key Entry ... OK
2014/12/08 14:19:33: Complete.
2014/12/08 14:19:33: COM PORT CLOSE ... OK
2014/12/08 14:19:33: 
2014/12/08 14:19:33: ==== Processing was completed ====
2014/12/08 14:19:33: 
*************************************************


*********** Start the Initialize Key Check **********
2014/12/08 14:20:52: Tool Ver: 2013.0605.01
2014/12/08 14:20:52: COM PORT OPEN ... OK
2014/12/08 14:20:52:
2014/12/08 14:20:52: ProductS/N:  VRW06A114Z00444
2014/12/08 14:20:52: TID: 86043D213AE62080
2014/12/08 14:20:52: F/W Version: 00.00.08
2014/12/08 14:20:52:
2014/12/08 14:20:52: MasterKey Key Entry ... OK
2014/12/08 14:20:52: PowerON Counter Key Entry ... OK
2014/12/08 14:20:53: Key Entry ... OK
2014/12/08 14:20:53: Complete.
2014/12/08 14:20:53: COM PORT CLOSE ... OK
2014/12/08 14:20:53: 
2014/12/08 14:20:53: ==== Processing was completed ====
2014/12/08 14:20:53: 
*************************************************


*********** Start the Initialize Key Check **********
2014/12/08 14:23:34: Tool Ver: 2013.0605.01
2014/12/08 14:23:34: COM PORT OPEN ... OK
2014/12/08 14:23:35:
2014/12/08 14:23:35: ProductS/N:  VRW06A114Z00447
2014/12/08 14:23:35: TID: 860423293AE62080
2014/12/08 14:23:35: F/W Version: 00.00.08
2014/12/08 14:23:35:
2014/12/08 14:23:35: MasterKey Key Entry ... OK
2014/12/08 14:23:35: PowerON Counter Key Entry ... OK
2014/12/08 14:23:35: Key Entry ... OK
2014/12/08 14:23:35: Complete.
2014/12/08 14:23:35: COM PORT CLOSE ... OK
2014/12/08 14:23:35: 
2014/12/08 14:23:35: ==== Processing was completed ====
2014/12/08 14:23:35: 
*************************************************


*********** Start the Initialize Key Check **********
2014/12/08 14:25:08: Tool Ver: 2013.0605.01
2014/12/08 14:25:08: COM PORT OPEN ... OK
2014/12/08 14:25:08:
2014/12/08 14:25:08: ProductS/N:  VRW06A114Z00448
2014/12/08 14:25:08: TID: 860437123AE62080
2014/12/08 14:25:08: F/W Version: 00.00.08
2014/12/08 14:25:08:
2014/12/08 14:25:08: MasterKey Key Entry ... OK
2014/12/08 14:25:09: PowerON Counter Key Entry ... OK
2014/12/08 14:25:09: Key Entry ... OK
2014/12/08 14:25:09: Complete.
2014/12/08 14:25:09: COM PORT CLOSE ... OK
2014/12/08 14:25:09: 
2014/12/08 14:25:09: ==== Processing was completed ====
2014/12/08 14:25:09: 
*************************************************


*********** Start the Initialize Key Check **********
2014/12/08 14:39:39: Tool Ver: 2013.0605.01
2014/12/08 14:39:39: COM PORT OPEN ... OK
2014/12/08 14:39:39:
2014/12/08 14:39:39: ProductS/N:  VRW06A114Z00454
2014/12/08 14:39:39: TID: 86043B2522E62080
2014/12/08 14:39:39: F/W Version: 00.00.08
2014/12/08 14:39:39:
2014/12/08 14:39:39: MasterKey Key Entry ... OK
2014/12/08 14:39:39: PowerON Counter Key Entry ... OK
2014/12/08 14:39:40: Key Entry ... OK
2014/12/08 14:39:40: Complete.
2014/12/08 14:39:40: COM PORT CLOSE ... OK
2014/12/08 14:39:40: 
2014/12/08 14:39:40: ==== Processing was completed ====
2014/12/08 14:39:40: 
*************************************************


*********** Start the Initialize Key Check **********
2014/12/08 14:41:12: Tool Ver: 2013.0605.01
2014/12/08 14:41:12: COM PORT OPEN ... OK
2014/12/08 14:41:12:
2014/12/08 14:41:12: ProductS/N:  VRW06A114Z00453
2014/12/08 14:41:12: TID: 8604411F22E62080
2014/12/08 14:41:12: F/W Version: 00.00.08
2014/12/08 14:41:12:
2014/12/08 14:41:12: MasterKey Key Entry ... OK
2014/12/08 14:41:12: PowerON Counter Key Entry ... OK
2014/12/08 14:41:13: Key Entry ... OK
2014/12/08 14:41:13: Complete.
2014/12/08 14:41:13: COM PORT CLOSE ... OK
2014/12/08 14:41:13: 
2014/12/08 14:41:13: ==== Processing was completed ====
2014/12/08 14:41:13: 
*************************************************


*********** Start the Initialize Key Check **********
2014/12/08 15:15:02: Tool Ver: 2013.0605.01
2014/12/08 15:15:02: COM PORT OPEN ... OK
2014/12/08 15:15:02:
2014/12/08 15:15:02: ProductS/N:  VRW06A114Z00439
2014/12/08 15:15:02: TID: 8604251F2AE62080
2014/12/08 15:15:02: F/W Version: 00.00.08
2014/12/08 15:15:02:
2014/12/08 15:15:02: MasterKey Key Entry ... OK
2014/12/08 15:15:02: PowerON Counter Key Entry ... OK
2014/12/08 15:15:03: Key Entry ... OK
2014/12/08 15:15:03: Complete.
2014/12/08 15:15:03: COM PORT CLOSE ... OK
2014/12/08 15:15:03: 
2014/12/08 15:15:03: ==== Processing was completed ====
2014/12/08 15:15:03: 
*************************************************


*********** Start the Initialize Key Check **********
2014/12/08 15:16:31: Tool Ver: 2013.0605.01
2014/12/08 15:16:31: COM PORT OPEN ... OK
2014/12/08 15:16:31:
2014/12/08 15:16:31: ProductS/N:  VRW06A114Z00457
2014/12/08 15:16:31: TID: 86040D202AE62080
2014/12/08 15:16:31: F/W Version: 00.00.08
2014/12/08 15:16:31:
2014/12/08 15:16:31: MasterKey Key Entry ... OK
2014/12/08 15:16:31: PowerON Counter Key Entry ... OK
2014/12/08 15:16:32: Key Entry ... OK
2014/12/08 15:16:32: Complete.
2014/12/08 15:16:32: COM PORT CLOSE ... OK
2014/12/08 15:16:32: 
2014/12/08 15:16:32: ==== Processing was completed ====
2014/12/08 15:16:32: 
*************************************************


*********** Start the Initialize Key Check **********
2014/12/08 15:18:04: Tool Ver: 2013.0605.01
2014/12/08 15:18:04: COM PORT OPEN ... OK
2014/12/08 15:18:04:
2014/12/08 15:18:04: ProductS/N:  VRW06A114Z00434
2014/12/08 15:18:04: TID: 86040A173AE62080
2014/12/08 15:18:04: F/W Version: 00.00.08
2014/12/08 15:18:04:
2014/12/08 15:18:04: MasterKey Key Entry ... OK
2014/12/08 15:18:05: PowerON Counter Key Entry ... OK
2014/12/08 15:18:05: Key Entry ... OK
2014/12/08 15:18:05: Complete.
2014/12/08 15:18:05: COM PORT CLOSE ... OK
2014/12/08 15:18:05: 
2014/12/08 15:18:05: ==== Processing was completed ====
2014/12/08 15:18:05: 
*************************************************


*********** Start the Initialize Key Check **********
2014/12/08 15:20:50: Tool Ver: 2013.0605.01
2014/12/08 15:20:50: COM PORT OPEN ... OK
2014/12/08 15:20:51:
2014/12/08 15:20:51: ProductS/N:  VRW06A114Z00455
2014/12/08 15:20:51: TID: 8604071F2AE62080
2014/12/08 15:20:51: F/W Version: 00.00.08
2014/12/08 15:20:51:
2014/12/08 15:20:51: MasterKey Key Entry ... OK
2014/12/08 15:20:51: PowerON Counter Key Entry ... OK
2014/12/08 15:20:51: Key Entry ... OK
2014/12/08 15:20:51: Complete.
2014/12/08 15:20:51: COM PORT CLOSE ... OK
2014/12/08 15:20:51: 
2014/12/08 15:20:51: ==== Processing was completed ====
2014/12/08 15:20:51: 
*************************************************


*********** Start the Initialize Key Check **********
2014/12/08 15:22:25: Tool Ver: 2013.0605.01
2014/12/08 15:22:25: COM PORT OPEN ... OK
2014/12/08 15:22:26:
2014/12/08 15:22:26: ProductS/N:  VRW06A114Z00456
2014/12/08 15:22:26: TID: 860408203AE62080
2014/12/08 15:22:26: F/W Version: 00.00.08
2014/12/08 15:22:26:
2014/12/08 15:22:26: MasterKey Key Entry ... OK
2014/12/08 15:22:26: PowerON Counter Key Entry ... OK
2014/12/08 15:22:26: Key Entry ... OK
2014/12/08 15:22:26: Complete.
2014/12/08 15:22:26: COM PORT CLOSE ... OK
2014/12/08 15:22:26: 
2014/12/08 15:22:26: ==== Processing was completed ====
2014/12/08 15:22:26: 
*************************************************


*********** Start the Initialize Key Check **********
2014/12/08 15:23:45: Tool Ver: 2013.0605.01
2014/12/08 15:23:45: COM PORT OPEN ... OK
2014/12/08 15:23:45:
2014/12/08 15:23:45: ProductS/N:  VRW06A114Z00463
2014/12/08 15:23:45: TID: 86043E212AE62080
2014/12/08 15:23:45: F/W Version: 00.00.08
2014/12/08 15:23:45:
2014/12/08 15:23:45: MasterKey Key Entry ... OK
2014/12/08 15:23:45: PowerON Counter Key Entry ... OK
2014/12/08 15:23:46: Key Entry ... OK
2014/12/08 15:23:46: Complete.
2014/12/08 15:23:46: COM PORT CLOSE ... OK
2014/12/08 15:23:46: 
2014/12/08 15:23:46: ==== Processing was completed ====
2014/12/08 15:23:46: 
*************************************************


*********** Start the Initialize Key Check **********
2014/12/08 15:38:38: Tool Ver: 2013.0605.01
2014/12/08 15:38:38: COM PORT OPEN ... OK
2014/12/08 15:38:38:
2014/12/08 15:38:38: ProductS/N:  VRW06A114Z00460
2014/12/08 15:38:38: TID: 8604082022E62080
2014/12/08 15:38:38: F/W Version: 00.00.08
2014/12/08 15:38:38:
2014/12/08 15:38:38: MasterKey Key Entry ... OK
2014/12/08 15:38:38: PowerON Counter Key Entry ... OK
2014/12/08 15:38:38: Key Entry ... OK
2014/12/08 15:38:38: Complete.
2014/12/08 15:38:38: COM PORT CLOSE ... OK
2014/12/08 15:38:38: 
2014/12/08 15:38:38: ==== Processing was completed ====
2014/12/08 15:38:38: 
*************************************************


*********** Start the Initialize Key Check **********
2014/12/08 15:40:01: Tool Ver: 2013.0605.01
2014/12/08 15:40:01: COM PORT OPEN ... OK
2014/12/08 15:40:01:
2014/12/08 15:40:01: ProductS/N:  VRW06A114Z00433
2014/12/08 15:40:01: TID: 8604242622E62080
2014/12/08 15:40:01: F/W Version: 00.00.08
2014/12/08 15:40:01:
2014/12/08 15:40:02: MasterKey Key Entry ... OK
2014/12/08 15:40:02: PowerON Counter Key Entry ... OK
2014/12/08 15:40:02: Key Entry ... OK
2014/12/08 15:40:02: Complete.
2014/12/08 15:40:02: COM PORT CLOSE ... OK
2014/12/08 15:40:02: 
2014/12/08 15:40:02: ==== Processing was completed ====
2014/12/08 15:40:02: 
*************************************************


*********** Start the Initialize Key Check **********
2014/12/08 15:41:40: Tool Ver: 2013.0605.01
2014/12/08 15:41:40: COM PORT OPEN ... OK
2014/12/08 15:41:40:
2014/12/08 15:41:40: ProductS/N:  VRW06A114Z00464
2014/12/08 15:41:40: TID: 86041C2022E62080
2014/12/08 15:41:40: F/W Version: 00.00.08
2014/12/08 15:41:40:
2014/12/08 15:41:40: MasterKey Key Entry ... OK
2014/12/08 15:41:40: PowerON Counter Key Entry ... OK
2014/12/08 15:41:41: Key Entry ... OK
2014/12/08 15:41:41: Complete.
2014/12/08 15:41:41: COM PORT CLOSE ... OK
2014/12/08 15:41:41: 
2014/12/08 15:41:41: ==== Processing was completed ====
2014/12/08 15:41:41: 
*************************************************


*********** Start the Initialize Key Check **********
2014/12/08 15:43:07: Tool Ver: 2013.0605.01
2014/12/08 15:43:07: COM PORT OPEN ... OK
2014/12/08 15:43:07:
2014/12/08 15:43:07: ProductS/N:  VRW06A114Z00459
2014/12/08 15:43:07: TID: 8604283CD2E52080
2014/12/08 15:43:07: F/W Version: 00.00.08
2014/12/08 15:43:07:
2014/12/08 15:43:07: MasterKey Key Entry ... OK
2014/12/08 15:43:07: PowerON Counter Key Entry ... OK
2014/12/08 15:43:08: Key Entry ... OK
2014/12/08 15:43:08: Complete.
2014/12/08 15:43:08: COM PORT CLOSE ... OK
2014/12/08 15:43:08: 
2014/12/08 15:43:08: ==== Processing was completed ====
2014/12/08 15:43:08: 
*************************************************


*********** Start the Initialize Key Check **********
2014/12/08 15:49:07: Tool Ver: 2013.0605.01
2014/12/08 15:49:07: COM PORT OPEN ... OK
2014/12/08 15:49:08:
2014/12/08 15:49:08: ProductS/N:  VRW06A114Z00445
2014/12/08 15:49:08: TID: 8604372522E62080
2014/12/08 15:49:08: F/W Version: 00.00.08
2014/12/08 15:49:08:
2014/12/08 15:49:08: MasterKey Key Entry ... OK
2014/12/08 15:49:08: PowerON Counter Key Entry ... OK
2014/12/08 15:49:08: Key Entry ... OK
2014/12/08 15:49:08: Complete.
2014/12/08 15:49:08: COM PORT CLOSE ... OK
2014/12/08 15:49:08: 
2014/12/08 15:49:08: ==== Processing was completed ====
2014/12/08 15:49:08: 
*************************************************


*********** Start the Initialize Key Check **********
2014/12/08 15:50:35: Tool Ver: 2013.0605.01
2014/12/08 15:50:35: COM PORT OPEN ... OK
2014/12/08 15:50:35:
2014/12/08 15:50:35: ProductS/N:  VRW06A114Z00468
2014/12/08 15:50:35: TID: 8604142B3AE62080
2014/12/08 15:50:35: F/W Version: 00.00.08
2014/12/08 15:50:35:
2014/12/08 15:50:35: MasterKey Key Entry ... OK
2014/12/08 15:50:35: PowerON Counter Key Entry ... OK
2014/12/08 15:50:36: Key Entry ... OK
2014/12/08 15:50:36: Complete.
2014/12/08 15:50:36: COM PORT CLOSE ... OK
2014/12/08 15:50:36: 
2014/12/08 15:50:36: ==== Processing was completed ====
2014/12/08 15:50:36: 
*************************************************


*********** Start the Initialize Key Check **********
2014/12/08 16:00:13: Tool Ver: 2013.0605.01
2014/12/08 16:00:13: COM PORT OPEN ... OK
2014/12/08 16:00:13:
2014/12/08 16:00:13: ProductS/N:  VRW06A114Z00451
2014/12/08 16:00:13: TID: 86043437D2E52080
2014/12/08 16:00:13: F/W Version: 00.00.08
2014/12/08 16:00:13:
2014/12/08 16:00:13: MasterKey Key Entry ... OK
2014/12/08 16:00:13: PowerON Counter Key Entry ... OK
2014/12/08 16:00:14: Key Entry ... OK
2014/12/08 16:00:14: Complete.
2014/12/08 16:00:14: COM PORT CLOSE ... OK
2014/12/08 16:00:14: 
2014/12/08 16:00:14: ==== Processing was completed ====
2014/12/08 16:00:14: 
*************************************************


*********** Start the Initialize Key Check **********
2014/12/08 16:01:41: Tool Ver: 2013.0605.01
2014/12/08 16:01:41: COM PORT OPEN ... OK
2014/12/08 16:01:41:
2014/12/08 16:01:41: ProductS/N:  VRW06A114Z00462
2014/12/08 16:01:41: TID: 86042F3FCAE52080
2014/12/08 16:01:41: F/W Version: 00.00.08
2014/12/08 16:01:41:
2014/12/08 16:01:41: MasterKey Key Entry ... OK
2014/12/08 16:01:41: PowerON Counter Key Entry ... OK
2014/12/08 16:01:41: Key Entry ... OK
2014/12/08 16:01:41: Complete.
2014/12/08 16:01:41: COM PORT CLOSE ... OK
2014/12/08 16:01:41: 
2014/12/08 16:01:41: ==== Processing was completed ====
2014/12/08 16:01:41: 
*************************************************


*********** Start the Initialize Key Check **********
2014/12/08 16:02:53: Tool Ver: 2013.0605.01
2014/12/08 16:02:53: COM PORT OPEN ... OK
2014/12/08 16:02:53:
2014/12/08 16:02:53: ProductS/N:  VRW06A114Z00474
2014/12/08 16:02:53: TID: 8604252522E62080
2014/12/08 16:02:53: F/W Version: 00.00.08
2014/12/08 16:02:53:
2014/12/08 16:02:53: MasterKey Key Entry ... OK
2014/12/08 16:02:53: PowerON Counter Key Entry ... OK
2014/12/08 16:02:54: Key Entry ... OK
2014/12/08 16:02:54: Complete.
2014/12/08 16:02:54: COM PORT CLOSE ... OK
2014/12/08 16:02:54: 
2014/12/08 16:02:54: ==== Processing was completed ====
2014/12/08 16:02:54: 
*************************************************


*********** Start the Initialize Key Check **********
2014/12/08 16:04:34: Tool Ver: 2013.0605.01
2014/12/08 16:04:34: COM PORT OPEN ... OK
2014/12/08 16:04:34:
2014/12/08 16:04:34: ProductS/N:  VRW06A114Z00461
2014/12/08 16:04:34: TID: 860423163AE62080
2014/12/08 16:04:34: F/W Version: 00.00.08
2014/12/08 16:04:34:
2014/12/08 16:04:34: MasterKey Key Entry ... OK
2014/12/08 16:04:34: PowerON Counter Key Entry ... OK
2014/12/08 16:04:35: Key Entry ... OK
2014/12/08 16:04:35: Complete.
2014/12/08 16:04:35: COM PORT CLOSE ... OK
2014/12/08 16:04:35: 
2014/12/08 16:04:35: ==== Processing was completed ====
2014/12/08 16:04:35: 
*************************************************


*********** Start the Initialize Key Check **********
2014/12/08 16:06:21: Tool Ver: 2013.0605.01
2014/12/08 16:06:21: COM PORT OPEN ... OK
2014/12/08 16:06:21:
2014/12/08 16:06:21: ProductS/N:  VRW06A114Z00469
2014/12/08 16:06:21: TID: 860428263AE62080
2014/12/08 16:06:21: F/W Version: 00.00.08
2014/12/08 16:06:21:
2014/12/08 16:06:21: MasterKey Key Entry ... OK
2014/12/08 16:06:21: PowerON Counter Key Entry ... OK
2014/12/08 16:06:22: Key Entry ... OK
2014/12/08 16:06:22: Complete.
2014/12/08 16:06:22: COM PORT CLOSE ... OK
2014/12/08 16:06:22: 
2014/12/08 16:06:22: ==== Processing was completed ====
2014/12/08 16:06:22: 
*************************************************


*********** Start the Initialize Key Check **********
2014/12/08 16:15:37: Tool Ver: 2013.0605.01
2014/12/08 16:15:37: COM PORT OPEN ... OK
2014/12/08 16:15:37:
2014/12/08 16:15:37: ProductS/N:  VRW06A114Z00473
2014/12/08 16:15:37: TID: 86042A2622E62080
2014/12/08 16:15:37: F/W Version: 00.00.08
2014/12/08 16:15:37:
2014/12/08 16:15:37: MasterKey Key Entry ... OK
2014/12/08 16:15:37: PowerON Counter Key Entry ... OK
2014/12/08 16:15:38: Key Entry ... OK
2014/12/08 16:15:38: Complete.
2014/12/08 16:15:38: COM PORT CLOSE ... OK
2014/12/08 16:15:38: 
2014/12/08 16:15:38: ==== Processing was completed ====
2014/12/08 16:15:38: 
*************************************************


*********** Start the Initialize Key Check **********
2014/12/08 16:16:55: Tool Ver: 2013.0605.01
2014/12/08 16:16:55: COM PORT OPEN ... OK
2014/12/08 16:16:55:
2014/12/08 16:16:55: ProductS/N:  VRW06A114Z00477
2014/12/08 16:16:55: TID: 860436143AE62080
2014/12/08 16:16:55: F/W Version: 00.00.08
2014/12/08 16:16:55:
2014/12/08 16:16:55: MasterKey Key Entry ... OK
2014/12/08 16:16:55: PowerON Counter Key Entry ... OK
2014/12/08 16:16:56: Key Entry ... OK
2014/12/08 16:16:56: Complete.
2014/12/08 16:16:56: COM PORT CLOSE ... OK
2014/12/08 16:16:56: 
2014/12/08 16:16:56: ==== Processing was completed ====
2014/12/08 16:16:56: 
*************************************************


*********** Start the Initialize Key Check **********
2014/12/08 16:29:11: Tool Ver: 2013.0605.01
2014/12/08 16:29:11: COM PORT OPEN ... ERROR(01)
2014/12/08 16:29:11: 
2014/12/08 16:29:11: ######## Error has occurred ########
2014/12/08 16:29:11: 
*************************************************


*********** Start the Initialize Key Check **********
2014/12/08 16:29:35: Tool Ver: 2013.0605.01
2014/12/08 16:29:35: COM PORT OPEN ... OK
2014/12/08 16:29:35:
2014/12/08 16:29:35: ProductS/N:  VRW06A114Z00478
2014/12/08 16:29:35: TID: 86043F173AE62080
2014/12/08 16:29:35: F/W Version: 00.00.08
2014/12/08 16:29:35:
2014/12/08 16:29:35: MasterKey Key Entry ... OK
2014/12/08 16:29:35: PowerON Counter Key Entry ... OK
2014/12/08 16:29:35: Key Entry ... OK
2014/12/08 16:29:35: Complete.
2014/12/08 16:29:35: COM PORT CLOSE ... OK
2014/12/08 16:29:35: 
2014/12/08 16:29:35: ==== Processing was completed ====
2014/12/08 16:29:35: 
*************************************************


*********** Start the Initialize Key Check **********
2014/12/08 16:30:42: Tool Ver: 2013.0605.01
2014/12/08 16:30:42: COM PORT OPEN ... OK
2014/12/08 16:30:42:
2014/12/08 16:30:42: ProductS/N:  VRW06A114Z00467
2014/12/08 16:30:42: TID: 86042129CAE52080
2014/12/08 16:30:42: F/W Version: 00.00.08
2014/12/08 16:30:42:
2014/12/08 16:30:42: MasterKey Key Entry ... OK
2014/12/08 16:30:42: PowerON Counter Key Entry ... OK
2014/12/08 16:30:42: Key Entry ... OK
2014/12/08 16:30:42: Complete.
2014/12/08 16:30:42: COM PORT CLOSE ... OK
2014/12/08 16:30:42: 
2014/12/08 16:30:42: ==== Processing was completed ====
2014/12/08 16:30:42: 
*************************************************


*********** Start the Initialize Key Check **********
2014/12/08 16:32:26: Tool Ver: 2013.0605.01
2014/12/08 16:32:26: COM PORT OPEN ... OK
2014/12/08 16:32:26:
2014/12/08 16:32:26: ProductS/N:  VRW06A114Z00466
2014/12/08 16:32:26: TID: 86042F263AE62080
2014/12/08 16:32:26: F/W Version: 00.00.08
2014/12/08 16:32:26:
2014/12/08 16:32:26: MasterKey Key Entry ... OK
2014/12/08 16:32:26: PowerON Counter Key Entry ... OK
2014/12/08 16:32:27: Key Entry ... OK
2014/12/08 16:32:27: Complete.
2014/12/08 16:32:27: COM PORT CLOSE ... OK
2014/12/08 16:32:27: 
2014/12/08 16:32:27: ==== Processing was completed ====
2014/12/08 16:32:27: 
*************************************************


*********** Start the Initialize Key Check **********
2014/12/08 16:33:44: Tool Ver: 2013.0605.01
2014/12/08 16:33:44: COM PORT OPEN ... OK
2014/12/08 16:33:44:
2014/12/08 16:33:44: ProductS/N:  VRW06A114Z00471
2014/12/08 16:33:44: TID: 860427263AE62080
2014/12/08 16:33:44: F/W Version: 00.00.08
2014/12/08 16:33:44:
2014/12/08 16:33:44: MasterKey Key Entry ... OK
2014/12/08 16:33:44: PowerON Counter Key Entry ... OK
2014/12/08 16:33:45: Key Entry ... OK
2014/12/08 16:33:45: Complete.
2014/12/08 16:33:45: COM PORT CLOSE ... OK
2014/12/08 16:33:45: 
2014/12/08 16:33:45: ==== Processing was completed ====
2014/12/08 16:33:45: 
*************************************************


*********** Start the Initialize Key Check **********
2014/12/08 16:34:51: Tool Ver: 2013.0605.01
2014/12/08 16:34:51: COM PORT OPEN ... OK
2014/12/08 16:34:51:
2014/12/08 16:34:51: ProductS/N:  VRW06A114Z00475
2014/12/08 16:34:51: TID: 86043829CAE52080
2014/12/08 16:34:51: F/W Version: 00.00.08
2014/12/08 16:34:51:
2014/12/08 16:34:51: MasterKey Key Entry ... OK
2014/12/08 16:34:51: PowerON Counter Key Entry ... OK
2014/12/08 16:34:52: Key Entry ... OK
2014/12/08 16:34:52: Complete.
2014/12/08 16:34:52: COM PORT CLOSE ... OK
2014/12/08 16:34:52: 
2014/12/08 16:34:52: ==== Processing was completed ====
2014/12/08 16:34:52: 
*************************************************


*********** Start the Initialize Key Check **********
2014/12/08 16:46:01: Tool Ver: 2013.0605.01
2014/12/08 16:46:01: COM PORT OPEN ... OK
2014/12/08 16:46:01:
2014/12/08 16:46:01: ProductS/N:  06A114Z00470
2014/12/08 16:46:01: TID: 86041B2022E62080
2014/12/08 16:46:01: F/W Version: 00.00.08
2014/12/08 16:46:01:
2014/12/08 16:46:01: MasterKey Key Entry ... OK
2014/12/08 16:46:02: PowerON Counter Key Entry ... OK
2014/12/08 16:46:02: Key Entry ... OK
2014/12/08 16:46:02: Complete.
2014/12/08 16:46:02: COM PORT CLOSE ... OK
2014/12/08 16:46:02: 
2014/12/08 16:46:02: ==== Processing was completed ====
2014/12/08 16:46:02: 
*************************************************


*********** Start the Initialize Key Check **********
2014/12/08 16:47:21: Tool Ver: 2013.0605.01
2014/12/08 16:47:21: COM PORT OPEN ... OK
2014/12/08 16:47:21:
2014/12/08 16:47:21: ProductS/N:  VRW06A114Z00479
2014/12/08 16:47:21: TID: 860435103AE62080
2014/12/08 16:47:21: F/W Version: 00.00.08
2014/12/08 16:47:21:
2014/12/08 16:47:21: MasterKey Key Entry ... OK
2014/12/08 16:47:21: PowerON Counter Key Entry ... OK
2014/12/08 16:47:21: Key Entry ... OK
2014/12/08 16:47:21: Complete.
2014/12/08 16:47:21: COM PORT CLOSE ... OK
2014/12/08 16:47:21: 
2014/12/08 16:47:21: ==== Processing was completed ====
2014/12/08 16:47:21: 
*************************************************


*********** Start the Initialize Key Check **********
2014/12/08 16:48:40: Tool Ver: 2013.0605.01
2014/12/08 16:48:40: COM PORT OPEN ... OK
2014/12/08 16:48:40:
2014/12/08 16:48:40: ProductS/N:  VRW06A114Z00449
2014/12/08 16:48:40: TID: 8604321F22E62080
2014/12/08 16:48:40: F/W Version: 00.00.08
2014/12/08 16:48:40:
2014/12/08 16:48:40: MasterKey Key Entry ... OK
2014/12/08 16:48:40: PowerON Counter Key Entry ... OK
2014/12/08 16:48:41: Key Entry ... OK
2014/12/08 16:48:41: Complete.
2014/12/08 16:48:41: COM PORT CLOSE ... OK
2014/12/08 16:48:41: 
2014/12/08 16:48:41: ==== Processing was completed ====
2014/12/08 16:48:41: 
*************************************************


*********** Start the Initialize Key Check **********
2014/12/08 16:49:52: Tool Ver: 2013.0605.01
2014/12/08 16:49:52: COM PORT OPEN ... OK
2014/12/08 16:49:52:
2014/12/08 16:49:52: ProductS/N:  VRW06A114Z00480
2014/12/08 16:49:52: TID: 8604212022E62080
2014/12/08 16:49:52: F/W Version: 00.00.08
2014/12/08 16:49:52:
2014/12/08 16:49:52: MasterKey Key Entry ... OK
2014/12/08 16:49:52: PowerON Counter Key Entry ... OK
2014/12/08 16:49:53: Key Entry ... OK
2014/12/08 16:49:53: Complete.
2014/12/08 16:49:53: COM PORT CLOSE ... OK
2014/12/08 16:49:53: 
2014/12/08 16:49:53: ==== Processing was completed ====
2014/12/08 16:49:53: 
*************************************************


*********** Start the Initialize Key Check **********
2014/12/08 16:51:15: Tool Ver: 2013.0605.01
2014/12/08 16:51:15: COM PORT OPEN ... OK
2014/12/08 16:51:16:
2014/12/08 16:51:16: ProductS/N:  VRW06A114Z00452
2014/12/08 16:51:16: TID: 8604242022E62080
2014/12/08 16:51:16: F/W Version: 00.00.08
2014/12/08 16:51:16:
2014/12/08 16:51:16: MasterKey Key Entry ... OK
2014/12/08 16:51:16: PowerON Counter Key Entry ... OK
2014/12/08 16:51:16: Key Entry ... OK
2014/12/08 16:51:16: Complete.
2014/12/08 16:51:16: COM PORT CLOSE ... OK
2014/12/08 16:51:16: 
2014/12/08 16:51:16: ==== Processing was completed ====
2014/12/08 16:51:16: 
*************************************************


*********** Start the Initialize Key Check **********
2014/12/08 16:52:31: Tool Ver: 2013.0605.01
2014/12/08 16:52:31: COM PORT OPEN ... OK
2014/12/08 16:52:31:
2014/12/08 16:52:31: ProductS/N:  VRW06A114Z00487
2014/12/08 16:52:31: TID: 860418173AE62080
2014/12/08 16:52:31: F/W Version: 00.00.08
2014/12/08 16:52:31:
2014/12/08 16:52:31: MasterKey Key Entry ... OK
2014/12/08 16:52:31: PowerON Counter Key Entry ... OK
2014/12/08 16:52:32: Key Entry ... OK
2014/12/08 16:52:32: Complete.
2014/12/08 16:52:32: COM PORT CLOSE ... OK
2014/12/08 16:52:32: 
2014/12/08 16:52:32: ==== Processing was completed ====
2014/12/08 16:52:32: 
*************************************************


*********** Start the Initialize Key Check **********
2014/12/08 16:53:28: Tool Ver: 2013.0605.01
2014/12/08 16:53:28: COM PORT OPEN ... OK
2014/12/08 16:53:28:
2014/12/08 16:53:28: ProductS/N:  VRW06A114Z00482
2014/12/08 16:53:28: TID: 86042E2322E62080
2014/12/08 16:53:28: F/W Version: 00.00.08
2014/12/08 16:53:28:
2014/12/08 16:53:28: MasterKey Key Entry ... OK
2014/12/08 16:53:28: PowerON Counter Key Entry ... OK
2014/12/08 16:53:29: Key Entry ... OK
2014/12/08 16:53:29: Complete.
2014/12/08 16:53:29: COM PORT CLOSE ... OK
2014/12/08 16:53:29: 
2014/12/08 16:53:29: ==== Processing was completed ====
2014/12/08 16:53:29: 
*************************************************


*********** Start the Initialize Key Check **********
2014/12/08 17:37:10: Tool Ver: 2013.0605.01
2014/12/08 17:37:10: COM PORT OPEN ... OK
2014/12/08 17:37:10:
2014/12/08 17:37:10: ProductS/N:  VRW06A114Z00486
2014/12/08 17:37:10: TID: 86043340CAE52080
2014/12/08 17:37:10: F/W Version: 00.00.08
2014/12/08 17:37:10:
2014/12/08 17:37:10: MasterKey Key Entry ... OK
2014/12/08 17:37:10: PowerON Counter Key Entry ... OK
2014/12/08 17:37:11: Key Entry ... OK
2014/12/08 17:37:11: Complete.
2014/12/08 17:37:11: COM PORT CLOSE ... OK
2014/12/08 17:37:11: 
2014/12/08 17:37:11: ==== Processing was completed ====
2014/12/08 17:37:11: 
*************************************************


*********** Start the Initialize Key Check **********
2014/12/08 17:43:32: Tool Ver: 2013.0605.01
2014/12/08 17:43:32: COM PORT OPEN ... OK
2014/12/08 17:43:32:
2014/12/08 17:43:32: ProductS/N:  VRW06A114Z00483
2014/12/08 17:43:32: TID: 860408163AE62080
2014/12/08 17:43:32: F/W Version: 00.00.08
2014/12/08 17:43:32:
2014/12/08 17:43:32: MasterKey Key Entry ... OK
2014/12/08 17:43:32: PowerON Counter Key Entry ... OK
2014/12/08 17:43:33: Key Entry ... OK
2014/12/08 17:43:33: Complete.
2014/12/08 17:43:33: COM PORT CLOSE ... OK
2014/12/08 17:43:33: 
2014/12/08 17:43:33: ==== Processing was completed ====
2014/12/08 17:43:33: 
*************************************************


*********** Start the Initialize Key Check **********
2014/12/08 17:44:05: Tool Ver: 2013.0605.01
2014/12/08 17:44:05: COM PORT OPEN ... OK
2014/12/08 17:44:05:
2014/12/08 17:44:05: ProductS/N:  VRW06A114Z00485
2014/12/08 17:44:05: TID: 860442253AE62080
2014/12/08 17:44:05: F/W Version: 00.00.08
2014/12/08 17:44:05:
2014/12/08 17:44:05: MasterKey Key Entry ... OK
2014/12/08 17:44:05: PowerON Counter Key Entry ... OK
2014/12/08 17:44:06: Key Entry ... OK
2014/12/08 17:44:06: Complete.
2014/12/08 17:44:06: COM PORT CLOSE ... OK
2014/12/08 17:44:06: 
2014/12/08 17:44:06: ==== Processing was completed ====
2014/12/08 17:44:06: 
*************************************************


*********** Start the Initialize Key Check **********
2014/12/08 17:54:08: Tool Ver: 2013.0605.01
2014/12/08 17:54:08: COM PORT OPEN ... OK
2014/12/08 17:54:08:
2014/12/08 17:54:08: ProductS/N:  VRW06A114Z00476
2014/12/08 17:54:08: TID: 8604181032E62080
2014/12/08 17:54:08: F/W Version: 00.00.08
2014/12/08 17:54:08:
2014/12/08 17:54:08: MasterKey Key Entry ... OK
2014/12/08 17:54:08: PowerON Counter Key Entry ... OK
2014/12/08 17:54:09: Key Entry ... OK
2014/12/08 17:54:09: Complete.
2014/12/08 17:54:09: COM PORT CLOSE ... OK
2014/12/08 17:54:09: 
2014/12/08 17:54:09: ==== Processing was completed ====
2014/12/08 17:54:09: 
*************************************************


*********** Start the Initialize Key Check **********
2014/12/08 17:54:46: Tool Ver: 2013.0605.01
2014/12/08 17:54:46: COM PORT OPEN ... OK
2014/12/08 17:54:46:
2014/12/08 17:54:46: ProductS/N:  VRW06A114Z00489
2014/12/08 17:54:46: TID: 8604302522E62080
2014/12/08 17:54:46: F/W Version: 00.00.08
2014/12/08 17:54:46:
2014/12/08 17:54:46: MasterKey Key Entry ... OK
2014/12/08 17:54:46: PowerON Counter Key Entry ... OK
2014/12/08 17:54:46: Key Entry ... OK
2014/12/08 17:54:46: Complete.
2014/12/08 17:54:46: COM PORT CLOSE ... OK
2014/12/08 17:54:46: 
2014/12/08 17:54:46: ==== Processing was completed ====
2014/12/08 17:54:46: 
*************************************************


*********** Start the Initialize Key Check **********
2014/12/08 18:05:37: Tool Ver: 2013.0605.01
2014/12/08 18:05:37: COM PORT OPEN ... OK
2014/12/08 18:05:37:
2014/12/08 18:05:37: ProductS/N:  VRW06A114Z00497
2014/12/08 18:05:37: TID: 860440263AE62080
2014/12/08 18:05:37: F/W Version: 00.00.08
2014/12/08 18:05:37:
2014/12/08 18:05:37: MasterKey Key Entry ... OK
2014/12/08 18:05:37: PowerON Counter Key Entry ... OK
2014/12/08 18:05:37: Key Entry ... OK
2014/12/08 18:05:37: Complete.
2014/12/08 18:05:37: COM PORT CLOSE ... OK
2014/12/08 18:05:37: 
2014/12/08 18:05:37: ==== Processing was completed ====
2014/12/08 18:05:37: 
*************************************************


*********** Start the Initialize Key Check **********
2014/12/08 18:06:06: Tool Ver: 2013.0605.01
2014/12/08 18:06:06: COM PORT OPEN ... OK
2014/12/08 18:06:06:
2014/12/08 18:06:06: ProductS/N:  VRW06A114Z00491
2014/12/08 18:06:06: TID: 860439113AE62080
2014/12/08 18:06:06: F/W Version: 00.00.08
2014/12/08 18:06:06:
2014/12/08 18:06:06: MasterKey Key Entry ... OK
2014/12/08 18:06:06: PowerON Counter Key Entry ... OK
2014/12/08 18:06:07: Key Entry ... OK
2014/12/08 18:06:07: Complete.
2014/12/08 18:06:07: COM PORT CLOSE ... OK
2014/12/08 18:06:07: 
2014/12/08 18:06:07: ==== Processing was completed ====
2014/12/08 18:06:07: 
*************************************************


*********** Start the Initialize Key Check **********
2014/12/08 18:11:57: Tool Ver: 2013.0605.01
2014/12/08 18:11:57: COM PORT OPEN ... OK
2014/12/08 18:11:57:
2014/12/08 18:11:57: ProductS/N:  VRW06A114Z00499
2014/12/08 18:11:58: TID: 86043140CAE52080
2014/12/08 18:11:58: F/W Version: 00.00.08
2014/12/08 18:11:58:
2014/12/08 18:11:58: MasterKey Key Entry ... OK
2014/12/08 18:11:58: PowerON Counter Key Entry ... OK
2014/12/08 18:11:58: Key Entry ... OK
2014/12/08 18:11:58: Complete.
2014/12/08 18:11:58: COM PORT CLOSE ... OK
2014/12/08 18:11:58: 
2014/12/08 18:11:58: ==== Processing was completed ====
2014/12/08 18:11:58: 
*************************************************


*********** Start the Initialize Key Check **********
2014/12/08 18:12:24: Tool Ver: 2013.0605.01
2014/12/08 18:12:24: COM PORT OPEN ... OK
2014/12/08 18:12:24:
2014/12/08 18:12:24: ProductS/N:  VRW06A114Z00472
2014/12/08 18:12:25: TID: 8604380BD2E52080
2014/12/08 18:12:25: F/W Version: 00.00.08
2014/12/08 18:12:25:
2014/12/08 18:12:25: MasterKey Key Entry ... OK
2014/12/08 18:12:25: PowerON Counter Key Entry ... OK
2014/12/08 18:12:25: Key Entry ... OK
2014/12/08 18:12:25: Complete.
2014/12/08 18:12:25: COM PORT CLOSE ... OK
2014/12/08 18:12:25: 
2014/12/08 18:12:25: ==== Processing was completed ====
2014/12/08 18:12:25: 
*************************************************


*********** Start the Initialize Key Check **********
2014/12/08 18:16:16: Tool Ver: 2013.0605.01
2014/12/08 18:16:16: COM PORT OPEN ... OK
2014/12/08 18:16:16:
2014/12/08 18:16:16: ProductS/N:  VRW06A114Z00484
2014/12/08 18:16:16: TID: 8604332AD2E52080
2014/12/08 18:16:16: F/W Version: 00.00.08
2014/12/08 18:16:16:
2014/12/08 18:16:16: MasterKey Key Entry ... OK
2014/12/08 18:16:16: PowerON Counter Key Entry ... OK
2014/12/08 18:16:17: Key Entry ... OK
2014/12/08 18:16:17: Complete.
2014/12/08 18:16:17: COM PORT CLOSE ... OK
2014/12/08 18:16:17: 
2014/12/08 18:16:17: ==== Processing was completed ====
2014/12/08 18:16:17: 
*************************************************


*********** Start the Initialize Key Check **********
2014/12/08 18:16:57: Tool Ver: 2013.0605.01
2014/12/08 18:16:57: COM PORT OPEN ... OK
2014/12/08 18:16:57:
2014/12/08 18:16:57: ProductS/N:  VRW06A114Z00492
2014/12/08 18:16:57: TID: 860412213AE62080
2014/12/08 18:16:57: F/W Version: 00.00.08
2014/12/08 18:16:57:
2014/12/08 18:16:57: MasterKey Key Entry ... OK
2014/12/08 18:16:57: PowerON Counter Key Entry ... OK
2014/12/08 18:16:58: Key Entry ... OK
2014/12/08 18:16:58: Complete.
2014/12/08 18:16:58: COM PORT CLOSE ... OK
2014/12/08 18:16:58: 
2014/12/08 18:16:58: ==== Processing was completed ====
2014/12/08 18:16:58: 
*************************************************


*********** Start the Initialize Key Check **********
2014/12/08 18:34:12: Tool Ver: 2013.0605.01
2014/12/08 18:34:12: COM PORT OPEN ... OK
2014/12/08 18:34:12:
2014/12/08 18:34:12: ProductS/N:  06A114Z00501
2014/12/08 18:34:12: TID: 86040C213AE62080
2014/12/08 18:34:12: F/W Version: 00.00.08
2014/12/08 18:34:12:
2014/12/08 18:34:12: MasterKey Key Entry ... OK
2014/12/08 18:34:12: PowerON Counter Key Entry ... OK
2014/12/08 18:34:13: Key Entry ... OK
2014/12/08 18:34:13: Complete.
2014/12/08 18:34:13: COM PORT CLOSE ... OK
2014/12/08 18:34:13: 
2014/12/08 18:34:13: ==== Processing was completed ====
2014/12/08 18:34:13: 
*************************************************


*********** Start the Initialize Key Check **********
2014/12/08 18:34:31: Tool Ver: 2013.0605.01
2014/12/08 18:34:31: COM PORT OPEN ... OK
2014/12/08 18:34:31:
2014/12/08 18:34:31: ProductS/N:  VRW06A114Z00496
2014/12/08 18:34:31: TID: 86042935CAE52080
2014/12/08 18:34:31: F/W Version: 00.00.08
2014/12/08 18:34:31:
2014/12/08 18:34:31: MasterKey Key Entry ... OK
2014/12/08 18:34:31: PowerON Counter Key Entry ... OK
2014/12/08 18:34:32: Key Entry ... OK
2014/12/08 18:34:32: Complete.
2014/12/08 18:34:32: COM PORT CLOSE ... OK
2014/12/08 18:34:32: 
2014/12/08 18:34:32: ==== Processing was completed ====
2014/12/08 18:34:32: 
*************************************************


*********** Start the Initialize Key Check **********
2014/12/08 18:35:14: Tool Ver: 2013.0605.01
2014/12/08 18:35:14: COM PORT OPEN ... OK
2014/12/08 18:35:14:
2014/12/08 18:35:14: ProductS/N:  VRW06A114Z00500
2014/12/08 18:35:14: TID: 8604362C3AE62080
2014/12/08 18:35:14: F/W Version: 00.00.08
2014/12/08 18:35:14:
2014/12/08 18:35:14: MasterKey Key Entry ... OK
2014/12/08 18:35:14: PowerON Counter Key Entry ... OK
2014/12/08 18:35:15: Key Entry ... OK
2014/12/08 18:35:15: Complete.
2014/12/08 18:35:15: COM PORT CLOSE ... OK
2014/12/08 18:35:15: 
2014/12/08 18:35:15: ==== Processing was completed ====
2014/12/08 18:35:15: 
*************************************************


*********** Start the Initialize Key Check **********
2014/12/08 18:46:58: Tool Ver: 2013.0605.01
2014/12/08 18:46:58: COM PORT OPEN ... OK
2014/12/08 18:46:58:
2014/12/08 18:46:58: ProductS/N:  VRW06A114Z00508
2014/12/08 18:46:58: TID: 8604242522E62080
2014/12/08 18:46:58: F/W Version: 00.00.08
2014/12/08 18:46:58:
2014/12/08 18:46:58: MasterKey Key Entry ... OK
2014/12/08 18:46:58: PowerON Counter Key Entry ... OK
2014/12/08 18:46:59: Key Entry ... OK
2014/12/08 18:46:59: Complete.
2014/12/08 18:46:59: COM PORT CLOSE ... OK
2014/12/08 18:46:59: 
2014/12/08 18:46:59: ==== Processing was completed ====
2014/12/08 18:46:59: 
*************************************************


*********** Start the Initialize Key Check **********
2014/12/08 18:47:18: Tool Ver: 2013.0605.01
2014/12/08 18:47:18: COM PORT OPEN ... OK
2014/12/08 18:47:18:
2014/12/08 18:47:18: ProductS/N:  VRW06A114Z00505
2014/12/08 18:47:18: TID: 860424293AE62080
2014/12/08 18:47:18: F/W Version: 00.00.08
2014/12/08 18:47:18:
2014/12/08 18:47:18: MasterKey Key Entry ... OK
2014/12/08 18:47:18: PowerON Counter Key Entry ... OK
2014/12/08 18:47:19: Key Entry ... OK
2014/12/08 18:47:19: Complete.
2014/12/08 18:47:19: COM PORT CLOSE ... OK
2014/12/08 18:47:19: 
2014/12/08 18:47:19: ==== Processing was completed ====
2014/12/08 18:47:19: 
*************************************************


*********** Start the Initialize Key Check **********
2014/12/08 18:56:05: Tool Ver: 2013.0605.01
2014/12/08 18:56:05: COM PORT OPEN ... OK
2014/12/08 18:56:05:
2014/12/08 18:56:05: ProductS/N:  VRW06A114Z00509
2014/12/08 18:56:05: TID: 860421133AE62080
2014/12/08 18:56:05: F/W Version: 00.00.08
2014/12/08 18:56:05:
2014/12/08 18:56:05: MasterKey Key Entry ... OK
2014/12/08 18:56:05: PowerON Counter Key Entry ... OK
2014/12/08 18:56:06: Key Entry ... OK
2014/12/08 18:56:06: Complete.
2014/12/08 18:56:06: COM PORT CLOSE ... OK
2014/12/08 18:56:06: 
2014/12/08 18:56:06: ==== Processing was completed ====
2014/12/08 18:56:06: 
*************************************************


*********** Start the Initialize Key Check **********
2014/12/08 18:56:23: Tool Ver: 2013.0605.01
2014/12/08 18:56:23: COM PORT OPEN ... OK
2014/12/08 18:56:23:
2014/12/08 18:56:23: ProductS/N:  VRW06A114Z00450
2014/12/08 18:56:23: TID: 86041526CAE52080
2014/12/08 18:56:23: F/W Version: 00.00.08
2014/12/08 18:56:23:
2014/12/08 18:56:23: MasterKey Key Entry ... OK
2014/12/08 18:56:23: PowerON Counter Key Entry ... OK
2014/12/08 18:56:24: Key Entry ... OK
2014/12/08 18:56:24: Complete.
2014/12/08 18:56:24: COM PORT CLOSE ... OK
2014/12/08 18:56:24: 
2014/12/08 18:56:24: ==== Processing was completed ====
2014/12/08 18:56:24: 
*************************************************


*********** Start the Initialize Key Check **********
2014/12/08 18:56:46: Tool Ver: 2013.0605.01
2014/12/08 18:56:46: COM PORT OPEN ... OK
2014/12/08 18:56:46:
2014/12/08 18:56:46: ProductS/N:  VRW06A114Z00510
2014/12/08 18:56:46: TID: 8604382BCAE52080
2014/12/08 18:56:46: F/W Version: 00.00.08
2014/12/08 18:56:46:
2014/12/08 18:56:46: MasterKey Key Entry ... OK
2014/12/08 18:56:46: PowerON Counter Key Entry ... OK
2014/12/08 18:56:47: Key Entry ... OK
2014/12/08 18:56:47: Complete.
2014/12/08 18:56:47: COM PORT CLOSE ... OK
2014/12/08 18:56:47: 
2014/12/08 18:56:47: ==== Processing was completed ====
2014/12/08 18:56:47: 
*************************************************


*********** Start the Initialize Key Check **********
2014/12/08 18:57:07: Tool Ver: 2013.0605.01
2014/12/08 18:57:07: COM PORT OPEN ... OK
2014/12/08 18:57:07:
2014/12/08 18:57:07: ProductS/N:  VRW06A114Z00513
2014/12/08 18:57:07: TID: 860417163AE62080
2014/12/08 18:57:07: F/W Version: 00.00.08
2014/12/08 18:57:07:
2014/12/08 18:57:07: MasterKey Key Entry ... OK
2014/12/08 18:57:07: PowerON Counter Key Entry ... OK
2014/12/08 18:57:08: Key Entry ... OK
2014/12/08 18:57:08: Complete.
2014/12/08 18:57:08: COM PORT CLOSE ... OK
2014/12/08 18:57:08: 
2014/12/08 18:57:08: ==== Processing was completed ====
2014/12/08 18:57:08: 
*************************************************


*********** Start the Initialize Key Check **********
2014/12/08 19:02:31: Tool Ver: 2013.0605.01
2014/12/08 19:02:31: COM PORT OPEN ... OK
2014/12/08 19:02:32:
2014/12/08 19:02:32: ProductS/N:  VRW06A114Z00511
2014/12/08 19:02:32: TID: 8604300B32E62080
2014/12/08 19:02:32: F/W Version: 00.00.08
2014/12/08 19:02:32:
2014/12/08 19:02:32: MasterKey Key Entry ... OK
2014/12/08 19:02:32: PowerON Counter Key Entry ... OK
2014/12/08 19:02:32: Key Entry ... OK
2014/12/08 19:02:32: Complete.
2014/12/08 19:02:32: COM PORT CLOSE ... OK
2014/12/08 19:02:32: 
2014/12/08 19:02:32: ==== Processing was completed ====
2014/12/08 19:02:32: 
*************************************************


*********** Start the Initialize Key Check **********
2014/12/08 19:02:47: Tool Ver: 2013.0605.01
2014/12/08 19:02:47: COM PORT OPEN ... OK
2014/12/08 19:02:47:
2014/12/08 19:02:47: ProductS/N:  VRW06A114Z00503
2014/12/08 19:02:47: TID: 86043736CAE52080
2014/12/08 19:02:47: F/W Version: 00.00.08
2014/12/08 19:02:47:
2014/12/08 19:02:47: MasterKey Key Entry ... OK
2014/12/08 19:02:47: PowerON Counter Key Entry ... OK
2014/12/08 19:02:47: Key Entry ... OK
2014/12/08 19:02:47: Complete.
2014/12/08 19:02:47: COM PORT CLOSE ... OK
2014/12/08 19:02:47: 
2014/12/08 19:02:47: ==== Processing was completed ====
2014/12/08 19:02:47: 
*************************************************


*********** Start the Initialize Key Check **********
2014/12/08 19:14:22: Tool Ver: 2013.0605.01
2014/12/08 19:14:22: COM PORT OPEN ... OK
2014/12/08 19:14:22:
2014/12/08 19:14:22: ProductS/N:  06A114Z00507
2014/12/08 19:14:22: TID: 8604182122E62080
2014/12/08 19:14:22: F/W Version: 00.00.08
2014/12/08 19:14:22:
2014/12/08 19:14:22: MasterKey Key Entry ... OK
2014/12/08 19:14:22: PowerON Counter Key Entry ... OK
2014/12/08 19:14:23: Key Entry ... OK
2014/12/08 19:14:23: Complete.
2014/12/08 19:14:23: COM PORT CLOSE ... OK
2014/12/08 19:14:23: 
2014/12/08 19:14:23: ==== Processing was completed ====
2014/12/08 19:14:23: 
*************************************************


*********** Start the Initialize Key Check **********
2014/12/08 19:14:37: Tool Ver: 2013.0605.01
2014/12/08 19:14:37: COM PORT OPEN ... OK
2014/12/08 19:14:37:
2014/12/08 19:14:37: ProductS/N:  VRW06A114Z00514
2014/12/08 19:14:37: TID: 86040B232AE62080
2014/12/08 19:14:37: F/W Version: 00.00.08
2014/12/08 19:14:37:
2014/12/08 19:14:37: MasterKey Key Entry ... OK
2014/12/08 19:14:37: PowerON Counter Key Entry ... OK
2014/12/08 19:14:38: Key Entry ... OK
2014/12/08 19:14:38: Complete.
2014/12/08 19:14:38: COM PORT CLOSE ... OK
2014/12/08 19:14:38: 
2014/12/08 19:14:38: ==== Processing was completed ====
2014/12/08 19:14:38: 
*************************************************


*********** Start the Initialize Key Check **********
2014/12/08 19:14:50: Tool Ver: 2013.0605.01
2014/12/08 19:14:50: COM PORT OPEN ... OK
2014/12/08 19:14:50:
2014/12/08 19:14:50: ProductS/N:  VRW06A114Z00502
2014/12/08 19:14:50: TID: 86041E0E32E62080
2014/12/08 19:14:50: F/W Version: 00.00.08
2014/12/08 19:14:50:
2014/12/08 19:14:50: MasterKey Key Entry ... OK
2014/12/08 19:14:50: PowerON Counter Key Entry ... OK
2014/12/08 19:14:50: Key Entry ... OK
2014/12/08 19:14:50: Complete.
2014/12/08 19:14:50: COM PORT CLOSE ... OK
2014/12/08 19:14:50: 
2014/12/08 19:14:50: ==== Processing was completed ====
2014/12/08 19:14:50: 
*************************************************


*********** Start the Initialize Key Check **********
2014/12/08 19:15:03: Tool Ver: 2013.0605.01
2014/12/08 19:15:03: COM PORT OPEN ... OK
2014/12/08 19:15:03:
2014/12/08 19:15:03: ProductS/N:  VRW06A114Z00498
2014/12/08 19:15:03: TID: 8604052F3AE62080
2014/12/08 19:15:03: F/W Version: 00.00.08
2014/12/08 19:15:03:
2014/12/08 19:15:03: MasterKey Key Entry ... OK
2014/12/08 19:15:03: PowerON Counter Key Entry ... OK
2014/12/08 19:15:04: Key Entry ... OK
2014/12/08 19:15:04: Complete.
2014/12/08 19:15:04: COM PORT CLOSE ... OK
2014/12/08 19:15:04: 
2014/12/08 19:15:04: ==== Processing was completed ====
2014/12/08 19:15:04: 
*************************************************


*********** Start the Initialize Key Check **********
2014/12/08 19:16:01: Tool Ver: 2013.0605.01
2014/12/08 19:16:01: COM PORT OPEN ... OK
2014/12/08 19:16:01:
2014/12/08 19:16:01: ProductS/N:  VRW06A114Z00516
2014/12/08 19:16:01: TID: 86041813D2E52080
2014/12/08 19:16:01: F/W Version: 00.00.08
2014/12/08 19:16:01:
2014/12/08 19:16:01: MasterKey Key Entry ... OK
2014/12/08 19:16:01: PowerON Counter Key Entry ... OK
2014/12/08 19:16:02: Key Entry ... OK
2014/12/08 19:16:02: Complete.
2014/12/08 19:16:02: COM PORT CLOSE ... OK
2014/12/08 19:16:02: 
2014/12/08 19:16:02: ==== Processing was completed ====
2014/12/08 19:16:02: 
*************************************************


