*********** Start the Initialize Key Check **********
2014/11/08 08:18:28: Tool Ver: 2013.0605.01
2014/11/08 08:18:28: COM PORT OPEN ... OK
2014/11/08 08:18:29:
2014/11/08 08:18:29: ProductS/N:  4Y00454
2014/11/08 08:18:29: TID: 860431212AE62080
2014/11/08 08:18:29: F/W Version: 00.00.08
2014/11/08 08:18:29:
2014/11/08 08:18:29: MasterKey Key Entry ... OK
2014/11/08 08:18:29: PowerON Counter Key Entry ... OK
2014/11/08 08:18:29: Key Entry ... OK
2014/11/08 08:18:29: Complete.
2014/11/08 08:18:29: COM PORT CLOSE ... OK
2014/11/08 08:18:29: 
2014/11/08 08:18:29: ==== Processing was completed ====
2014/11/08 08:18:29: 
*************************************************


*********** Start the Initialize Key Check **********
2014/11/08 08:20:21: Tool Ver: 2013.0605.01
2014/11/08 08:20:21: COM PORT OPEN ... OK
2014/11/08 08:20:22:
2014/11/08 08:20:22: ProductS/N:  4Y00454
2014/11/08 08:20:22: TID: 860431212AE62080
2014/11/08 08:20:22: F/W Version: 00.00.08
2014/11/08 08:20:22:
2014/11/08 08:20:22: MasterKey Key Entry ... OK
2014/11/08 08:20:22: PowerON Counter Key Entry ... OK
2014/11/08 08:20:22: Key Entry ... OK
2014/11/08 08:20:22: Complete.
2014/11/08 08:20:22: COM PORT CLOSE ... OK
2014/11/08 08:20:22: 
2014/11/08 08:20:22: ==== Processing was completed ====
2014/11/08 08:20:22: 
*************************************************


*********** Start the Initialize Key Check **********
2014/11/08 08:21:21: Tool Ver: 2013.0605.01
2014/11/08 08:21:21: COM PORT OPEN ... OK
2014/11/08 08:21:21:
2014/11/08 08:21:21: ProductS/N:  4Y00066
2014/11/08 08:21:21: TID: 86040E3CD2E52080
2014/11/08 08:21:21: F/W Version: 00.00.08
2014/11/08 08:21:21:
2014/11/08 08:21:21: MasterKey Key Entry ... OK
2014/11/08 08:21:21: PowerON Counter Key Entry ... OK
2014/11/08 08:21:22: Key Entry ... OK
2014/11/08 08:21:22: Complete.
2014/11/08 08:21:22: COM PORT CLOSE ... OK
2014/11/08 08:21:22: 
2014/11/08 08:21:22: ==== Processing was completed ====
2014/11/08 08:21:22: 
*************************************************


*********** Start the Initialize Key Check **********
2014/11/08 08:29:28: Tool Ver: 2013.0605.01
2014/11/08 08:29:28: COM PORT OPEN ... OK
2014/11/08 08:29:28:
2014/11/08 08:29:28: ProductS/N:  4Y00461
2014/11/08 08:29:28: TID: 86042032D2E52080
2014/11/08 08:29:28: F/W Version: 00.00.08
2014/11/08 08:29:28:
2014/11/08 08:29:28: MasterKey Key Entry ... OK
2014/11/08 08:29:28: PowerON Counter Key Entry ... OK
2014/11/08 08:29:29: Key Entry ... OK
2014/11/08 08:29:29: Complete.
2014/11/08 08:29:29: COM PORT CLOSE ... OK
2014/11/08 08:29:29: 
2014/11/08 08:29:29: ==== Processing was completed ====
2014/11/08 08:29:29: 
*************************************************


*********** Start the Initialize Key Check **********
2014/11/08 08:32:12: Tool Ver: 2013.0605.01
2014/11/08 08:32:12: COM PORT OPEN ... OK
2014/11/08 08:32:12:
2014/11/08 08:32:12: ProductS/N:  VRW06A114Y00468
2014/11/08 08:32:12: TID: 86042E0CCAE52080
2014/11/08 08:32:12: F/W Version: 00.00.08
2014/11/08 08:32:12:
2014/11/08 08:32:12: MasterKey Key Entry ... OK
2014/11/08 08:32:12: PowerON Counter Key Entry ... OK
2014/11/08 08:32:13: Key Entry ... OK
2014/11/08 08:32:13: Complete.
2014/11/08 08:32:13: COM PORT CLOSE ... OK
2014/11/08 08:32:13: 
2014/11/08 08:32:13: ==== Processing was completed ====
2014/11/08 08:32:13: 
*************************************************


*********** Start the Initialize Key Check **********
2014/11/08 08:35:18: Tool Ver: 2013.0605.01
2014/11/08 08:35:18: COM PORT OPEN ... OK
2014/11/08 08:35:18:
2014/11/08 08:35:18: ProductS/N:  VRW06A114Y00271
2014/11/08 08:35:18: TID: 8604113AD2E52080
2014/11/08 08:35:18: F/W Version: 00.00.08
2014/11/08 08:35:18:
2014/11/08 08:35:18: MasterKey Key Entry ... OK
2014/11/08 08:35:18: PowerON Counter Key Entry ... OK
2014/11/08 08:35:18: Key Entry ... OK
2014/11/08 08:35:18: Complete.
2014/11/08 08:35:18: COM PORT CLOSE ... OK
2014/11/08 08:35:18: 
2014/11/08 08:35:18: ==== Processing was completed ====
2014/11/08 08:35:18: 
*************************************************


*********** Start the Initialize Key Check **********
2014/11/08 08:41:27: Tool Ver: 2013.0605.01
2014/11/08 08:41:27: COM PORT OPEN ... OK
2014/11/08 08:41:27:
2014/11/08 08:41:27: ProductS/N:  4Y00466
2014/11/08 08:41:27: TID: 860424272AE62080
2014/11/08 08:41:27: F/W Version: 00.00.08
2014/11/08 08:41:27:
2014/11/08 08:41:27: MasterKey Key Entry ... OK
2014/11/08 08:41:27: PowerON Counter Key Entry ... OK
2014/11/08 08:41:27: Key Entry ... OK
2014/11/08 08:41:27: Complete.
2014/11/08 08:41:27: COM PORT CLOSE ... OK
2014/11/08 08:41:27: 
2014/11/08 08:41:27: ==== Processing was completed ====
2014/11/08 08:41:27: 
*************************************************


*********** Start the Initialize Key Check **********
2014/11/08 08:44:12: Tool Ver: 2013.0605.01
2014/11/08 08:44:12: COM PORT OPEN ... OK
2014/11/08 08:44:12:
2014/11/08 08:44:12: ProductS/N:  4Y00471
2014/11/08 08:44:12: TID: 86042736D2E52080
2014/11/08 08:44:12: F/W Version: 00.00.08
2014/11/08 08:44:12:
2014/11/08 08:44:12: MasterKey Key Entry ... OK
2014/11/08 08:44:12: PowerON Counter Key Entry ... OK
2014/11/08 08:44:13: Key Entry ... OK
2014/11/08 08:44:13: Complete.
2014/11/08 08:44:13: COM PORT CLOSE ... OK
2014/11/08 08:44:13: 
2014/11/08 08:44:13: ==== Processing was completed ====
2014/11/08 08:44:13: 
*************************************************


*********** Start the Initialize Key Check **********
2014/11/08 08:51:02: Tool Ver: 2013.0605.01
2014/11/08 08:51:02: COM PORT OPEN ... OK
2014/11/08 08:51:02:
2014/11/08 08:51:02: ProductS/N:  VRW06A114Y00467
2014/11/08 08:51:02: TID: 8604361A22E62080
2014/11/08 08:51:02: F/W Version: 00.00.08
2014/11/08 08:51:02:
2014/11/08 08:51:02: MasterKey Key Entry ... OK
2014/11/08 08:51:02: PowerON Counter Key Entry ... OK
2014/11/08 08:51:03: Key Entry ... OK
2014/11/08 08:51:03: Complete.
2014/11/08 08:51:03: COM PORT CLOSE ... OK
2014/11/08 08:51:03: 
2014/11/08 08:51:03: ==== Processing was completed ====
2014/11/08 08:51:03: 
*************************************************


*********** Start the Initialize Key Check **********
2014/11/08 09:01:35: Tool Ver: 2013.0605.01
2014/11/08 09:01:35: COM PORT OPEN ... OK
2014/11/08 09:01:35:
2014/11/08 09:01:35: ProductS/N:  VRW06A114Y00477
2014/11/08 09:01:35: TID: 86043537D2E52080
2014/11/08 09:01:35: F/W Version: 00.00.08
2014/11/08 09:01:35:
2014/11/08 09:01:35: MasterKey Key Entry ... OK
2014/11/08 09:01:35: PowerON Counter Key Entry ... OK
2014/11/08 09:01:36: Key Entry ... OK
2014/11/08 09:01:36: Complete.
2014/11/08 09:01:36: COM PORT CLOSE ... OK
2014/11/08 09:01:36: 
2014/11/08 09:01:36: ==== Processing was completed ====
2014/11/08 09:01:36: 
*************************************************


*********** Start the Initialize Key Check **********
2014/11/08 09:04:30: Tool Ver: 2013.0605.01
2014/11/08 09:04:30: COM PORT OPEN ... OK
2014/11/08 09:04:30:
2014/11/08 09:04:30: ProductS/N:  VRW06A114Y00200
2014/11/08 09:04:30: TID: 86043534D2E52080
2014/11/08 09:04:30: F/W Version: 00.00.08
2014/11/08 09:04:30:
2014/11/08 09:04:30: MasterKey Key Entry ... OK
2014/11/08 09:04:30: PowerON Counter Key Entry ... OK
2014/11/08 09:04:31: Key Entry ... OK
2014/11/08 09:04:31: Complete.
2014/11/08 09:04:31: COM PORT CLOSE ... OK
2014/11/08 09:04:31: 
2014/11/08 09:04:31: ==== Processing was completed ====
2014/11/08 09:04:31: 
*************************************************


*********** Start the Initialize Key Check **********
2014/11/08 09:10:51: Tool Ver: 2013.0605.01
2014/11/08 09:10:51: COM PORT OPEN ... OK
2014/11/08 09:10:51:
2014/11/08 09:10:51: ProductS/N:  VRW06A114Y00211
2014/11/08 09:10:51: TID: 8604323AD2E52080
2014/11/08 09:10:51: F/W Version: 00.00.08
2014/11/08 09:10:51:
2014/11/08 09:10:51: MasterKey Key Entry ... OK
2014/11/08 09:10:51: PowerON Counter Key Entry ... OK
2014/11/08 09:10:52: Key Entry ... OK
2014/11/08 09:10:52: Complete.
2014/11/08 09:10:52: COM PORT CLOSE ... OK
2014/11/08 09:10:52: 
2014/11/08 09:10:52: ==== Processing was completed ====
2014/11/08 09:10:52: 
*************************************************


*********** Start the Initialize Key Check **********
2014/11/08 09:12:28: Tool Ver: 2013.0605.01
2014/11/08 09:12:28: COM PORT OPEN ... OK
2014/11/08 09:12:28:
2014/11/08 09:12:28: ProductS/N:  VRW06A114Y00322
2014/11/08 09:12:28: TID: 86042A34D2E52080
2014/11/08 09:12:28: F/W Version: 00.00.08
2014/11/08 09:12:28:
2014/11/08 09:12:28: MasterKey Key Entry ... OK
2014/11/08 09:12:28: PowerON Counter Key Entry ... OK
2014/11/08 09:12:29: Key Entry ... OK
2014/11/08 09:12:29: Complete.
2014/11/08 09:12:29: COM PORT CLOSE ... OK
2014/11/08 09:12:29: 
2014/11/08 09:12:29: ==== Processing was completed ====
2014/11/08 09:12:29: 
*************************************************


*********** Start the Initialize Key Check **********
2014/11/08 09:32:50: Tool Ver: 2013.0605.01
2014/11/08 09:32:50: COM PORT OPEN ... OK
2014/11/08 09:32:50:
2014/11/08 09:32:50: ProductS/N:  VRW06A114Y00447
2014/11/08 09:32:50: TID: 86041238D2E52080
2014/11/08 09:32:50: F/W Version: 00.00.08
2014/11/08 09:32:50:
2014/11/08 09:32:50: MasterKey Key Entry ... OK
2014/11/08 09:32:50: PowerON Counter Key Entry ... OK
2014/11/08 09:32:51: Key Entry ... OK
2014/11/08 09:32:51: Complete.
2014/11/08 09:32:51: COM PORT CLOSE ... OK
2014/11/08 09:32:51: 
2014/11/08 09:32:51: ==== Processing was completed ====
2014/11/08 09:32:51: 
*************************************************


*********** Start the Initialize Key Check **********
2014/11/08 09:33:50: Tool Ver: 2013.0605.01
2014/11/08 09:33:50: COM PORT OPEN ... OK
2014/11/08 09:33:50:
2014/11/08 09:33:50: ProductS/N:  VRW06A114Y00463
2014/11/08 09:33:50: TID: 8604151A22E62080
2014/11/08 09:33:50: F/W Version: 00.00.08
2014/11/08 09:33:50:
2014/11/08 09:33:50: MasterKey Key Entry ... OK
2014/11/08 09:33:50: PowerON Counter Key Entry ... OK
2014/11/08 09:33:51: Key Entry ... OK
2014/11/08 09:33:51: Complete.
2014/11/08 09:33:51: COM PORT CLOSE ... OK
2014/11/08 09:33:51: 
2014/11/08 09:33:51: ==== Processing was completed ====
2014/11/08 09:33:51: 
*************************************************


*********** Start the Initialize Key Check **********
2014/11/08 09:44:53: Tool Ver: 2013.0605.01
2014/11/08 09:44:53: COM PORT OPEN ... OK
2014/11/08 09:44:53:
2014/11/08 09:44:53: ProductS/N:  VRW06A114Y00469
2014/11/08 09:44:53: TID: 86041434D2E52080
2014/11/08 09:44:53: F/W Version: 00.00.08
2014/11/08 09:44:53:
2014/11/08 09:44:53: MasterKey Key Entry ... OK
2014/11/08 09:44:53: PowerON Counter Key Entry ... OK
2014/11/08 09:44:54: Key Entry ... OK
2014/11/08 09:44:54: Complete.
2014/11/08 09:44:54: COM PORT CLOSE ... OK
2014/11/08 09:44:54: 
2014/11/08 09:44:54: ==== Processing was completed ====
2014/11/08 09:44:54: 
*************************************************


*********** Start the Initialize Key Check **********
2014/11/08 09:47:57: Tool Ver: 2013.0605.01
2014/11/08 09:47:57: COM PORT OPEN ... OK
2014/11/08 09:47:57:
2014/11/08 09:47:57: ProductS/N:  VRW06A114Y00271
2014/11/08 09:47:57: TID: 8604113AD2E52080
2014/11/08 09:47:57: F/W Version: 00.00.08
2014/11/08 09:47:57:
2014/11/08 09:47:57: MasterKey Key Entry ... OK
2014/11/08 09:47:57: PowerON Counter Key Entry ... OK
2014/11/08 09:47:58: Key Entry ... OK
2014/11/08 09:47:58: Complete.
2014/11/08 09:47:58: COM PORT CLOSE ... OK
2014/11/08 09:47:58: 
2014/11/08 09:47:58: ==== Processing was completed ====
2014/11/08 09:47:58: 
*************************************************


*********** Start the Initialize Key Check **********
2014/11/08 09:51:41: Tool Ver: 2013.0605.01
2014/11/08 09:51:41: COM PORT OPEN ... OK
2014/11/08 09:51:41:
2014/11/08 09:51:41: ProductS/N:  VRW06A114Y00458
2014/11/08 09:51:41: TID: 8604202CD2E52080
2014/11/08 09:51:41: F/W Version: 00.00.08
2014/11/08 09:51:41:
2014/11/08 09:51:41: MasterKey Key Entry ... OK
2014/11/08 09:51:41: PowerON Counter Key Entry ... OK
2014/11/08 09:51:41: Key Entry ... OK
2014/11/08 09:51:41: Complete.
2014/11/08 09:51:41: COM PORT CLOSE ... OK
2014/11/08 09:51:41: 
2014/11/08 09:51:41: ==== Processing was completed ====
2014/11/08 09:51:41: 
*************************************************


*********** Start the Initialize Key Check **********
2014/11/08 10:12:33: Tool Ver: 2013.0605.01
2014/11/08 10:12:33: COM PORT OPEN ... OK
2014/11/08 10:12:33:
2014/11/08 10:12:33: ProductS/N:  VRW06A114Y00472
2014/11/08 10:12:33: TID: 86040B212AE62080
2014/11/08 10:12:33: F/W Version: 00.00.08
2014/11/08 10:12:33:
2014/11/08 10:12:33: MasterKey Key Entry ... OK
2014/11/08 10:12:33: PowerON Counter Key Entry ... OK
2014/11/08 10:12:33: Key Entry ... OK
2014/11/08 10:12:33: Complete.
2014/11/08 10:12:33: COM PORT CLOSE ... OK
2014/11/08 10:12:34: 
2014/11/08 10:12:34: ==== Processing was completed ====
2014/11/08 10:12:34: 
*************************************************


*********** Start the Initialize Key Check **********
2014/11/08 10:24:49: Tool Ver: 2013.0605.01
2014/11/08 10:24:49: COM PORT OPEN ... OK
2014/11/08 10:24:49:
2014/11/08 10:24:49: ProductS/N:  VRW06A114Y00451
2014/11/08 10:24:49: TID: 86041C2AD2E52080
2014/11/08 10:24:49: F/W Version: 00.00.08
2014/11/08 10:24:49:
2014/11/08 10:24:49: MasterKey Key Entry ... OK
2014/11/08 10:24:49: PowerON Counter Key Entry ... OK
2014/11/08 10:24:50: Key Entry ... OK
2014/11/08 10:24:50: Complete.
2014/11/08 10:24:50: COM PORT CLOSE ... OK
2014/11/08 10:24:50: 
2014/11/08 10:24:50: ==== Processing was completed ====
2014/11/08 10:24:50: 
*************************************************


*********** Start the Initialize Key Check **********
2014/11/08 10:31:40: Tool Ver: 2013.0605.01
2014/11/08 10:31:40: COM PORT OPEN ... OK
2014/11/08 10:31:40:
2014/11/08 10:31:40: ProductS/N:  VRW06A114Y00475
2014/11/08 10:31:40: TID: 8604362CD2E52080
2014/11/08 10:31:41: F/W Version: 00.00.08
2014/11/08 10:31:41:
2014/11/08 10:31:41: MasterKey Key Entry ... OK
2014/11/08 10:31:41: PowerON Counter Key Entry ... OK
2014/11/08 10:31:41: Key Entry ... OK
2014/11/08 10:31:41: Complete.
2014/11/08 10:31:41: COM PORT CLOSE ... OK
2014/11/08 10:31:41: 
2014/11/08 10:31:41: ==== Processing was completed ====
2014/11/08 10:31:41: 
*************************************************


*********** Start the Initialize Key Check **********
2014/11/08 10:42:18: Tool Ver: 2013.0605.01
2014/11/08 10:42:18: COM PORT OPEN ... OK
2014/11/08 10:42:18:
2014/11/08 10:42:18: ProductS/N:  VRW06A114Y00480
2014/11/08 10:42:18: TID: 86042E42D2E52080
2014/11/08 10:42:18: F/W Version: 00.00.08
2014/11/08 10:42:18:
2014/11/08 10:42:18: MasterKey Key Entry ... OK
2014/11/08 10:42:18: PowerON Counter Key Entry ... OK
2014/11/08 10:42:19: Key Entry ... OK
2014/11/08 10:42:19: Complete.
2014/11/08 10:42:19: COM PORT CLOSE ... OK
2014/11/08 10:42:19: 
2014/11/08 10:42:19: ==== Processing was completed ====
2014/11/08 10:42:19: 
*************************************************


*********** Start the Initialize Key Check **********
2014/11/08 10:43:18: Tool Ver: 2013.0605.01
2014/11/08 10:43:18: COM PORT OPEN ... OK
2014/11/08 10:43:18:
2014/11/08 10:43:18: ProductS/N:  VRW06A114Y00476
2014/11/08 10:43:18: TID: 86042A37D2E52080
2014/11/08 10:43:18: F/W Version: 00.00.08
2014/11/08 10:43:18:
2014/11/08 10:43:18: MasterKey Key Entry ... OK
2014/11/08 10:43:18: PowerON Counter Key Entry ... OK
2014/11/08 10:43:18: Key Entry ... OK
2014/11/08 10:43:18: Complete.
2014/11/08 10:43:18: COM PORT CLOSE ... OK
2014/11/08 10:43:18: 
2014/11/08 10:43:18: ==== Processing was completed ====
2014/11/08 10:43:18: 
*************************************************


*********** Start the Initialize Key Check **********
2014/11/08 10:48:45: Tool Ver: 2013.0605.01
2014/11/08 10:48:45: COM PORT OPEN ... OK
2014/11/08 10:48:45:
2014/11/08 10:48:45: ProductS/N:  4Y00481
2014/11/08 10:48:45: TID: 8604261F2AE62080
2014/11/08 10:48:45: F/W Version: 00.00.08
2014/11/08 10:48:45:
2014/11/08 10:48:45: MasterKey Key Entry ... OK
2014/11/08 10:48:45: PowerON Counter Key Entry ... OK
2014/11/08 10:48:45: Key Entry ... OK
2014/11/08 10:48:45: Complete.
2014/11/08 10:48:45: COM PORT CLOSE ... OK
2014/11/08 10:48:45: 
2014/11/08 10:48:45: ==== Processing was completed ====
2014/11/08 10:48:45: 
*************************************************


*********** Start the Initialize Key Check **********
2014/11/08 10:58:52: Tool Ver: 2013.0605.01
2014/11/08 10:58:52: COM PORT OPEN ... OK
2014/11/08 10:58:53:
2014/11/08 10:58:53: ProductS/N:  VRW06A114Y00483
2014/11/08 10:58:53: TID: 8604181C2AE62080
2014/11/08 10:58:53: F/W Version: 00.00.08
2014/11/08 10:58:53:
2014/11/08 10:58:53: MasterKey Key Entry ... OK
2014/11/08 10:58:53: PowerON Counter Key Entry ... OK
2014/11/08 10:58:53: Key Entry ... OK
2014/11/08 10:58:53: Complete.
2014/11/08 10:58:53: COM PORT CLOSE ... OK
2014/11/08 10:58:53: 
2014/11/08 10:58:53: ==== Processing was completed ====
2014/11/08 10:58:53: 
*************************************************


*********** Start the Initialize Key Check **********
2014/11/08 11:03:24: Tool Ver: 2013.0605.01
2014/11/08 11:03:24: COM PORT OPEN ... OK
2014/11/08 11:03:24:
2014/11/08 11:03:24: ProductS/N:  VRW06A114Y00460
2014/11/08 11:03:24: TID: 86040D1C2AE62080
2014/11/08 11:03:24: F/W Version: 00.00.08
2014/11/08 11:03:24:
2014/11/08 11:03:24: MasterKey Key Entry ... OK
2014/11/08 11:03:24: PowerON Counter Key Entry ... OK
2014/11/08 11:03:25: Key Entry ... OK
2014/11/08 11:03:25: Complete.
2014/11/08 11:03:25: COM PORT CLOSE ... OK
2014/11/08 11:03:25: 
2014/11/08 11:03:25: ==== Processing was completed ====
2014/11/08 11:03:25: 
*************************************************


*********** Start the Initialize Key Check **********
2014/11/08 11:05:10: Tool Ver: 2013.0605.01
2014/11/08 11:05:10: COM PORT OPEN ... OK
2014/11/08 11:05:10:
2014/11/08 11:05:10: ProductS/N:  VRW06A114Y00481
2014/11/08 11:05:10: TID: 8604261F2AE62080
2014/11/08 11:05:10: F/W Version: 00.00.08
2014/11/08 11:05:10:
2014/11/08 11:05:10: MasterKey Key Entry ... OK
2014/11/08 11:05:10: PowerON Counter Key Entry ... OK
2014/11/08 11:05:11: Key Entry ... OK
2014/11/08 11:05:11: Complete.
2014/11/08 11:05:11: COM PORT CLOSE ... OK
2014/11/08 11:05:11: 
2014/11/08 11:05:11: ==== Processing was completed ====
2014/11/08 11:05:11: 
*************************************************


*********** Start the Initialize Key Check **********
2014/11/08 11:08:08: Tool Ver: 2013.0605.01
2014/11/08 11:08:08: COM PORT OPEN ... OK
2014/11/08 11:08:08:
2014/11/08 11:08:08: ProductS/N:  VRW06A114Y00482
2014/11/08 11:08:08: TID: 86043B222AE62080
2014/11/08 11:08:08: F/W Version: 00.00.08
2014/11/08 11:08:08:
2014/11/08 11:08:08: MasterKey Key Entry ... OK
2014/11/08 11:08:08: PowerON Counter Key Entry ... OK
2014/11/08 11:08:09: Key Entry ... OK
2014/11/08 11:08:09: Complete.
2014/11/08 11:08:09: COM PORT CLOSE ... OK
2014/11/08 11:08:09: 
2014/11/08 11:08:09: ==== Processing was completed ====
2014/11/08 11:08:09: 
*************************************************


*********** Start the Initialize Key Check **********
2014/11/08 11:09:56: Tool Ver: 2013.0605.01
2014/11/08 11:09:56: COM PORT OPEN ... OK
2014/11/08 11:09:56:
2014/11/08 11:09:56: ProductS/N:  VRW06A114Y00462
2014/11/08 11:09:56: TID: 86042C32D2E52080
2014/11/08 11:09:56: F/W Version: 00.00.08
2014/11/08 11:09:56:
2014/11/08 11:09:56: MasterKey Key Entry ... OK
2014/11/08 11:09:56: PowerON Counter Key Entry ... OK
2014/11/08 11:09:57: Key Entry ... OK
2014/11/08 11:09:57: Complete.
2014/11/08 11:09:57: COM PORT CLOSE ... OK
2014/11/08 11:09:57: 
2014/11/08 11:09:57: ==== Processing was completed ====
2014/11/08 11:09:57: 
*************************************************


*********** Start the Initialize Key Check **********
2014/11/08 11:13:13: Tool Ver: 2013.0605.01
2014/11/08 11:13:13: COM PORT OPEN ... OK
2014/11/08 11:13:13:
2014/11/08 11:13:13: ProductS/N:  VRW06A114Y00474
2014/11/08 11:13:13: TID: 86041037D2E52080
2014/11/08 11:13:13: F/W Version: 00.00.08
2014/11/08 11:13:13:
2014/11/08 11:13:13: MasterKey Key Entry ... OK
2014/11/08 11:13:13: PowerON Counter Key Entry ... OK
2014/11/08 11:13:13: Key Entry ... OK
2014/11/08 11:13:13: Complete.
2014/11/08 11:13:13: COM PORT CLOSE ... OK
2014/11/08 11:13:13: 
2014/11/08 11:13:13: ==== Processing was completed ====
2014/11/08 11:13:13: 
*************************************************


*********** Start the Initialize Key Check **********
2014/11/08 11:13:56: Tool Ver: 2013.0605.01
2014/11/08 11:13:56: COM PORT OPEN ... OK
2014/11/08 11:13:56:
2014/11/08 11:13:56: ProductS/N:  VRW06A114Y00465
2014/11/08 11:13:56: TID: 86040E2A2AE62080
2014/11/08 11:13:56: F/W Version: 00.00.08
2014/11/08 11:13:56:
2014/11/08 11:13:56: MasterKey Key Entry ... OK
2014/11/08 11:13:56: PowerON Counter Key Entry ... OK
2014/11/08 11:13:56: Key Entry ... OK
2014/11/08 11:13:56: Complete.
2014/11/08 11:13:56: COM PORT CLOSE ... OK
2014/11/08 11:13:56: 
2014/11/08 11:13:56: ==== Processing was completed ====
2014/11/08 11:13:56: 
*************************************************


*********** Start the Initialize Key Check **********
2014/11/08 11:17:54: Tool Ver: 2013.0605.01
2014/11/08 11:17:54: COM PORT OPEN ... OK
2014/11/08 11:17:54:
2014/11/08 11:17:54: ProductS/N:  4Y00470
2014/11/08 11:17:54: TID: 8604291E2AE62080
2014/11/08 11:17:54: F/W Version: 00.00.08
2014/11/08 11:17:54:
2014/11/08 11:17:54: MasterKey Key Entry ... OK
2014/11/08 11:17:54: PowerON Counter Key Entry ... OK
2014/11/08 11:17:55: Key Entry ... OK
2014/11/08 11:17:55: Complete.
2014/11/08 11:17:55: COM PORT CLOSE ... OK
2014/11/08 11:17:55: 
2014/11/08 11:17:55: ==== Processing was completed ====
2014/11/08 11:17:55: 
*************************************************


*********** Start the Initialize Key Check **********
2014/11/08 11:20:34: Tool Ver: 2013.0605.01
2014/11/08 11:20:34: COM PORT OPEN ... OK
2014/11/08 11:20:34:
2014/11/08 11:20:34: ProductS/N:  4Y00336
2014/11/08 11:20:34: TID: 8604211F2AE62080
2014/11/08 11:20:34: F/W Version: 00.00.08
2014/11/08 11:20:34:
2014/11/08 11:20:34: MasterKey Key Entry ... OK
2014/11/08 11:20:34: PowerON Counter Key Entry ... OK
2014/11/08 11:20:34: Key Entry ... OK
2014/11/08 11:20:34: Complete.
2014/11/08 11:20:34: COM PORT CLOSE ... OK
2014/11/08 11:20:34: 
2014/11/08 11:20:34: ==== Processing was completed ====
2014/11/08 11:20:34: 
*************************************************


*********** Start the Initialize Key Check **********
2014/11/08 11:24:07: Tool Ver: 2013.0605.01
2014/11/08 11:24:07: COM PORT OPEN ... OK
2014/11/08 11:24:07:
2014/11/08 11:24:07: ProductS/N:  4Y00486
2014/11/08 11:24:07: TID: 86043C33D2E52080
2014/11/08 11:24:07: F/W Version: 00.00.08
2014/11/08 11:24:07:
2014/11/08 11:24:07: MasterKey Key Entry ... OK
2014/11/08 11:24:07: PowerON Counter Key Entry ... OK
2014/11/08 11:24:07: Key Entry ... OK
2014/11/08 11:24:07: Complete.
2014/11/08 11:24:07: COM PORT CLOSE ... OK
2014/11/08 11:24:07: 
2014/11/08 11:24:07: ==== Processing was completed ====
2014/11/08 11:24:07: 
*************************************************


*********** Start the Initialize Key Check **********
2014/11/08 11:26:38: Tool Ver: 2013.0605.01
2014/11/08 11:26:38: COM PORT OPEN ... OK
2014/11/08 11:26:38:
2014/11/08 11:26:38: ProductS/N:  4Y00484
2014/11/08 11:26:38: TID: 86040C1C2AE62080
2014/11/08 11:26:38: F/W Version: 00.00.08
2014/11/08 11:26:38:
2014/11/08 11:26:38: MasterKey Key Entry ... OK
2014/11/08 11:26:38: PowerON Counter Key Entry ... OK
2014/11/08 11:26:39: Key Entry ... OK
2014/11/08 11:26:39: Complete.
2014/11/08 11:26:39: COM PORT CLOSE ... OK
2014/11/08 11:26:39: 
2014/11/08 11:26:39: ==== Processing was completed ====
2014/11/08 11:26:39: 
*************************************************


*********** Start the Initialize Key Check **********
2014/11/08 11:30:26: Tool Ver: 2013.0605.01
2014/11/08 11:30:26: COM PORT OPEN ... OK
2014/11/08 11:30:26:
2014/11/08 11:30:26: ProductS/N:  4Y00457
2014/11/08 11:30:26: TID: 86041A3DD2E52080
2014/11/08 11:30:26: F/W Version: 00.00.08
2014/11/08 11:30:26:
2014/11/08 11:30:26: MasterKey Key Entry ... OK
2014/11/08 11:30:26: PowerON Counter Key Entry ... OK
2014/11/08 11:30:27: Key Entry ... OK
2014/11/08 11:30:27: Complete.
2014/11/08 11:30:27: COM PORT CLOSE ... OK
2014/11/08 11:30:27: 
2014/11/08 11:30:27: ==== Processing was completed ====
2014/11/08 11:30:27: 
*************************************************


*********** Start the Initialize Key Check **********
2014/11/08 11:33:47: Tool Ver: 2013.0605.01
2014/11/08 11:33:47: COM PORT OPEN ... OK
2014/11/08 11:33:47:
2014/11/08 11:33:47: ProductS/N:  4Y00488
2014/11/08 11:33:47: TID: 8604340BCAE52080
2014/11/08 11:33:47: F/W Version: 00.00.08
2014/11/08 11:33:47:
2014/11/08 11:33:47: MasterKey Key Entry ... OK
2014/11/08 11:33:47: PowerON Counter Key Entry ... OK
2014/11/08 11:33:48: Key Entry ... OK
2014/11/08 11:33:48: Complete.
2014/11/08 11:33:48: COM PORT CLOSE ... OK
2014/11/08 11:33:48: 
2014/11/08 11:33:48: ==== Processing was completed ====
2014/11/08 11:33:48: 
*************************************************


*********** Start the Initialize Key Check **********
2014/11/08 11:36:48: Tool Ver: 2013.0605.01
2014/11/08 11:36:48: COM PORT OPEN ... OK
2014/11/08 11:36:48:
2014/11/08 11:36:48: ProductS/N:  4Y00478
2014/11/08 11:36:48: TID: 860423253AE62080
2014/11/08 11:36:48: F/W Version: 00.00.08
2014/11/08 11:36:48:
2014/11/08 11:36:48: MasterKey Key Entry ... OK
2014/11/08 11:36:48: PowerON Counter Key Entry ... OK
2014/11/08 11:36:49: Key Entry ... OK
2014/11/08 11:36:49: Complete.
2014/11/08 11:36:49: COM PORT CLOSE ... OK
2014/11/08 11:36:49: 
2014/11/08 11:36:49: ==== Processing was completed ====
2014/11/08 11:36:49: 
*************************************************


*********** Start the Initialize Key Check **********
2014/11/08 11:39:17: Tool Ver: 2013.0605.01
2014/11/08 11:39:17: COM PORT OPEN ... OK
2014/11/08 11:39:17:
2014/11/08 11:39:17: ProductS/N:  4Y00347
2014/11/08 11:39:17: TID: 8604283BD2E52080
2014/11/08 11:39:17: F/W Version: 00.00.08
2014/11/08 11:39:17:
2014/11/08 11:39:17: MasterKey Key Entry ... OK
2014/11/08 11:39:17: PowerON Counter Key Entry ... OK
2014/11/08 11:39:18: Key Entry ... OK
2014/11/08 11:39:18: Complete.
2014/11/08 11:39:18: COM PORT CLOSE ... OK
2014/11/08 11:39:18: 
2014/11/08 11:39:18: ==== Processing was completed ====
2014/11/08 11:39:18: 
*************************************************


*********** Start the Initialize Key Check **********
2014/11/08 12:59:11: Tool Ver: 2013.0605.01
2014/11/08 12:59:11: COM PORT OPEN ... OK
2014/11/08 12:59:11:
2014/11/08 12:59:11: ProductS/N:  VRW06A114Y00491
2014/11/08 12:59:11: TID: 86040834D2E52080
2014/11/08 12:59:11: F/W Version: 00.00.08
2014/11/08 12:59:11:
2014/11/08 12:59:11: MasterKey Key Entry ... OK
2014/11/08 12:59:11: PowerON Counter Key Entry ... OK
2014/11/08 12:59:12: Key Entry ... OK
2014/11/08 12:59:12: Complete.
2014/11/08 12:59:12: COM PORT CLOSE ... OK
2014/11/08 12:59:12: 
2014/11/08 12:59:12: ==== Processing was completed ====
2014/11/08 12:59:12: 
*************************************************


*********** Start the Initialize Key Check **********
2014/11/08 13:03:05: Tool Ver: 2013.0605.01
2014/11/08 13:03:05: COM PORT OPEN ... OK
2014/11/08 13:03:05:
2014/11/08 13:03:05: ProductS/N:  VRW06A114Y00489
2014/11/08 13:03:05: TID: 86041938D2E52080
2014/11/08 13:03:05: F/W Version: 00.00.08
2014/11/08 13:03:05:
2014/11/08 13:03:05: MasterKey Key Entry ... OK
2014/11/08 13:03:05: PowerON Counter Key Entry ... OK
2014/11/08 13:03:05: Key Entry ... OK
2014/11/08 13:03:05: Complete.
2014/11/08 13:03:05: COM PORT CLOSE ... OK
2014/11/08 13:03:05: 
2014/11/08 13:03:05: ==== Processing was completed ====
2014/11/08 13:03:05: 
*************************************************


*********** Start the Initialize Key Check **********
2014/11/08 13:08:56: Tool Ver: 2013.0605.01
2014/11/08 13:08:56: COM PORT OPEN ... OK
2014/11/08 13:08:56:
2014/11/08 13:08:56: ProductS/N:  VRW06A114Y00497
2014/11/08 13:08:56: TID: 86040C1F2AE62080
2014/11/08 13:08:56: F/W Version: 00.00.08
2014/11/08 13:08:56:
2014/11/08 13:08:56: MasterKey Key Entry ... OK
2014/11/08 13:08:56: PowerON Counter Key Entry ... OK
2014/11/08 13:08:57: Key Entry ... OK
2014/11/08 13:08:57: Complete.
2014/11/08 13:08:57: COM PORT CLOSE ... OK
2014/11/08 13:08:57: 
2014/11/08 13:08:57: ==== Processing was completed ====
2014/11/08 13:08:57: 
*************************************************


*********** Start the Initialize Key Check **********
2014/11/08 13:26:08: Tool Ver: 2013.0605.01
2014/11/08 13:26:08: COM PORT OPEN ... OK
2014/11/08 13:26:08:
2014/11/08 13:26:08: ProductS/N:  VRW06A114Y00493
2014/11/08 13:26:08: TID: 8604222BD2E52080
2014/11/08 13:26:08: F/W Version: 00.00.08
2014/11/08 13:26:08:
2014/11/08 13:26:08: MasterKey Key Entry ... OK
2014/11/08 13:26:08: PowerON Counter Key Entry ... OK
2014/11/08 13:26:09: Key Entry ... OK
2014/11/08 13:26:09: Complete.
2014/11/08 13:26:09: COM PORT CLOSE ... OK
2014/11/08 13:26:09: 
2014/11/08 13:26:09: ==== Processing was completed ====
2014/11/08 13:26:09: 
*************************************************


*********** Start the Initialize Key Check **********
2014/11/08 13:28:19: Tool Ver: 2013.0605.01
2014/11/08 13:28:19: COM PORT OPEN ... OK
2014/11/08 13:28:19:
2014/11/08 13:28:19: ProductS/N:  VRW06A114Y00498
2014/11/08 13:28:19: TID: 860422212AE62080
2014/11/08 13:28:19: F/W Version: 00.00.08
2014/11/08 13:28:19:
2014/11/08 13:28:19: MasterKey Key Entry ... OK
2014/11/08 13:28:19: PowerON Counter Key Entry ... OK
2014/11/08 13:28:20: Key Entry ... OK
2014/11/08 13:28:20: Complete.
2014/11/08 13:28:20: COM PORT CLOSE ... OK
2014/11/08 13:28:20: 
2014/11/08 13:28:20: ==== Processing was completed ====
2014/11/08 13:28:20: 
*************************************************


*********** Start the Initialize Key Check **********
2014/11/08 13:44:01: Tool Ver: 2013.0605.01
2014/11/08 13:44:01: COM PORT OPEN ... OK
2014/11/08 13:44:01:
2014/11/08 13:44:01: ProductS/N:  VRW06A114Y00494
2014/11/08 13:44:01: TID: 86042738D2E52080
2014/11/08 13:44:01: F/W Version: 00.00.08
2014/11/08 13:44:01:
2014/11/08 13:44:01: MasterKey Key Entry ... OK
2014/11/08 13:44:01: PowerON Counter Key Entry ... OK
2014/11/08 13:44:01: Key Entry ... OK
2014/11/08 13:44:01: Complete.
2014/11/08 13:44:01: COM PORT CLOSE ... OK
2014/11/08 13:44:01: 
2014/11/08 13:44:01: ==== Processing was completed ====
2014/11/08 13:44:01: 
*************************************************


*********** Start the Initialize Key Check **********
2014/11/08 13:45:02: Tool Ver: 2013.0605.01
2014/11/08 13:45:02: COM PORT OPEN ... OK
2014/11/08 13:45:02:
2014/11/08 13:45:02: ProductS/N:  VRW06A114Y00500
2014/11/08 13:45:02: TID: 86040B272AE62080
2014/11/08 13:45:02: F/W Version: 00.00.08
2014/11/08 13:45:02:
2014/11/08 13:45:02: MasterKey Key Entry ... OK
2014/11/08 13:45:02: PowerON Counter Key Entry ... OK
2014/11/08 13:45:03: Key Entry ... OK
2014/11/08 13:45:03: Complete.
2014/11/08 13:45:03: COM PORT CLOSE ... OK
2014/11/08 13:45:03: 
2014/11/08 13:45:03: ==== Processing was completed ====
2014/11/08 13:45:03: 
*************************************************


*********** Start the Initialize Key Check **********
2014/11/08 14:02:39: Tool Ver: 2013.0605.01
2014/11/08 14:02:39: COM PORT OPEN ... OK
2014/11/08 14:02:39:
2014/11/08 14:02:39: ProductS/N:  VRW06A114Y00473
2014/11/08 14:02:39: TID: 86041235D2E52080
2014/11/08 14:02:39: F/W Version: 00.00.08
2014/11/08 14:02:39:
2014/11/08 14:02:39: MasterKey Key Entry ... OK
2014/11/08 14:02:39: PowerON Counter Key Entry ... OK
2014/11/08 14:02:40: Key Entry ... OK
2014/11/08 14:02:40: Complete.
2014/11/08 14:02:40: COM PORT CLOSE ... OK
2014/11/08 14:02:40: 
2014/11/08 14:02:40: ==== Processing was completed ====
2014/11/08 14:02:40: 
*************************************************


*********** Start the Initialize Key Check **********
2014/11/08 14:32:33: Tool Ver: 2013.0605.01
2014/11/08 14:32:33: COM PORT OPEN ... OK
2014/11/08 14:32:33:
2014/11/08 14:32:33: ProductS/N:  4Y00501
2014/11/08 14:32:33: TID: 8604251722E62080
2014/11/08 14:32:33: F/W Version: 00.00.08
2014/11/08 14:32:33:
2014/11/08 14:32:33: MasterKey Key Entry ... OK
2014/11/08 14:32:33: PowerON Counter Key Entry ... OK
2014/11/08 14:32:34: Key Entry ... OK
2014/11/08 14:32:34: Complete.
2014/11/08 14:32:34: COM PORT CLOSE ... OK
2014/11/08 14:32:34: 
2014/11/08 14:32:34: ==== Processing was completed ====
2014/11/08 14:32:34: 
*************************************************


*********** Start the Initialize Key Check **********
2014/11/08 14:39:04: Tool Ver: 2013.0605.01
2014/11/08 14:39:04: COM PORT OPEN ... OK
2014/11/08 14:39:04:
2014/11/08 14:39:04: ProductS/N:  VRW06A114Y00509
2014/11/08 14:39:04: TID: 86042A1D2AE62080
2014/11/08 14:39:04: F/W Version: 00.00.08
2014/11/08 14:39:04:
2014/11/08 14:39:04: MasterKey Key Entry ... OK
2014/11/08 14:39:04: PowerON Counter Key Entry ... OK
2014/11/08 14:39:05: Key Entry ... OK
2014/11/08 14:39:05: Complete.
2014/11/08 14:39:05: COM PORT CLOSE ... OK
2014/11/08 14:39:05: 
2014/11/08 14:39:05: ==== Processing was completed ====
2014/11/08 14:39:05: 
*************************************************


*********** Start the Initialize Key Check **********
2014/11/08 14:40:55: Tool Ver: 2013.0605.01
2014/11/08 14:40:55: COM PORT OPEN ... OK
2014/11/08 14:40:55:
2014/11/08 14:40:55: ProductS/N:  4Y00511
2014/11/08 14:40:55: TID: 86042436D2E52080
2014/11/08 14:40:55: F/W Version: 00.00.08
2014/11/08 14:40:55:
2014/11/08 14:40:55: MasterKey Key Entry ... OK
2014/11/08 14:40:55: PowerON Counter Key Entry ... OK
2014/11/08 14:40:56: Key Entry ... OK
2014/11/08 14:40:56: Complete.
2014/11/08 14:40:56: COM PORT CLOSE ... OK
2014/11/08 14:40:56: 
2014/11/08 14:40:56: ==== Processing was completed ====
2014/11/08 14:40:56: 
*************************************************


*********** Start the Initialize Key Check **********
2014/11/08 14:44:39: Tool Ver: 2013.0605.01
2014/11/08 14:44:39: COM PORT OPEN ... OK
2014/11/08 14:44:39:
2014/11/08 14:44:39: ProductS/N:  4Y00503
2014/11/08 14:44:39: TID: 8604272AD2E52080
2014/11/08 14:44:39: F/W Version: 00.00.08
2014/11/08 14:44:39:
2014/11/08 14:44:39: MasterKey Key Entry ... OK
2014/11/08 14:44:39: PowerON Counter Key Entry ... OK
2014/11/08 14:44:40: Key Entry ... OK
2014/11/08 14:44:40: Complete.
2014/11/08 14:44:40: COM PORT CLOSE ... OK
2014/11/08 14:44:40: 
2014/11/08 14:44:40: ==== Processing was completed ====
2014/11/08 14:44:40: 
*************************************************


*********** Start the Initialize Key Check **********
2014/11/08 14:49:36: Tool Ver: 2013.0605.01
2014/11/08 14:49:36: COM PORT OPEN ... OK
2014/11/08 14:49:36:
2014/11/08 14:49:36: ProductS/N:  4Y00506
2014/11/08 14:49:36: TID: 86042838D2E52080
2014/11/08 14:49:36: F/W Version: 00.00.08
2014/11/08 14:49:36:
2014/11/08 14:49:36: MasterKey Key Entry ... OK
2014/11/08 14:49:36: PowerON Counter Key Entry ... OK
2014/11/08 14:49:37: Key Entry ... OK
2014/11/08 14:49:37: Complete.
2014/11/08 14:49:37: COM PORT CLOSE ... OK
2014/11/08 14:49:37: 
2014/11/08 14:49:37: ==== Processing was completed ====
2014/11/08 14:49:37: 
*************************************************


*********** Start the Initialize Key Check **********
2014/11/08 14:53:45: Tool Ver: 2013.0605.01
2014/11/08 14:53:45: COM PORT OPEN ... OK
2014/11/08 14:53:46:
2014/11/08 14:53:46: ProductS/N:  VRW06A114Y00502
2014/11/08 14:53:46: TID: 86041B1F2AE62080
2014/11/08 14:53:46: F/W Version: 00.00.08
2014/11/08 14:53:46:
2014/11/08 14:53:46: MasterKey Key Entry ... OK
2014/11/08 14:53:46: PowerON Counter Key Entry ... OK
2014/11/08 14:53:46: Key Entry ... OK
2014/11/08 14:53:46: Complete.
2014/11/08 14:53:46: COM PORT CLOSE ... OK
2014/11/08 14:53:46: 
2014/11/08 14:53:46: ==== Processing was completed ====
2014/11/08 14:53:46: 
*************************************************


*********** Start the Initialize Key Check **********
2014/11/08 14:54:27: Tool Ver: 2013.0605.01
2014/11/08 14:54:27: COM PORT OPEN ... OK
2014/11/08 14:54:28:
2014/11/08 14:54:28: ProductS/N:  VRW06A114Y00518
2014/11/08 14:54:28: TID: 86040F1E2AE62080
2014/11/08 14:54:28: F/W Version: 00.00.08
2014/11/08 14:54:28:
2014/11/08 14:54:28: MasterKey Key Entry ... OK
2014/11/08 14:54:28: PowerON Counter Key Entry ... OK
2014/11/08 14:54:28: Key Entry ... OK
2014/11/08 14:54:28: Complete.
2014/11/08 14:54:28: COM PORT CLOSE ... OK
2014/11/08 14:54:28: 
2014/11/08 14:54:28: ==== Processing was completed ====
2014/11/08 14:54:28: 
*************************************************


*********** Start the Initialize Key Check **********
2014/11/08 14:57:01: Tool Ver: 2013.0605.01
2014/11/08 14:57:01: COM PORT OPEN ... OK
2014/11/08 14:57:01:
2014/11/08 14:57:01: ProductS/N:  VRW06A114Y00496
2014/11/08 14:57:01: TID: 86041B26D2E52080
2014/11/08 14:57:01: F/W Version: 00.00.08
2014/11/08 14:57:01:
2014/11/08 14:57:01: MasterKey Key Entry ... OK
2014/11/08 14:57:01: PowerON Counter Key Entry ... OK
2014/11/08 14:57:02: Key Entry ... OK
2014/11/08 14:57:02: Complete.
2014/11/08 14:57:02: COM PORT CLOSE ... OK
2014/11/08 14:57:02: 
2014/11/08 14:57:02: ==== Processing was completed ====
2014/11/08 14:57:02: 
*************************************************


*********** Start the Initialize Key Check **********
2014/11/08 15:12:22: Tool Ver: 2013.0605.01
2014/11/08 15:12:22: COM PORT OPEN ... OK
2014/11/08 15:12:22:
2014/11/08 15:12:22: ProductS/N:  VRW06A114Y00510
2014/11/08 15:12:23: TID: 8604092B2AE62080
2014/11/08 15:12:23: F/W Version: 00.00.08
2014/11/08 15:12:23:
2014/11/08 15:12:23: MasterKey Key Entry ... OK
2014/11/08 15:12:23: PowerON Counter Key Entry ... OK
2014/11/08 15:12:23: Key Entry ... OK
2014/11/08 15:12:23: Complete.
2014/11/08 15:12:23: COM PORT CLOSE ... OK
2014/11/08 15:12:23: 
2014/11/08 15:12:23: ==== Processing was completed ====
2014/11/08 15:12:23: 
*************************************************


*********** Start the Initialize Key Check **********
2014/11/08 15:13:30: Tool Ver: 2013.0605.01
2014/11/08 15:13:30: COM PORT OPEN ... OK
2014/11/08 15:13:30:
2014/11/08 15:13:30: ProductS/N:  VRW06A114Y00514
2014/11/08 15:13:30: TID: 86040B2CD2E52080
2014/11/08 15:13:30: F/W Version: 00.00.08
2014/11/08 15:13:30:
2014/11/08 15:13:30: MasterKey Key Entry ... OK
2014/11/08 15:13:30: PowerON Counter Key Entry ... OK
2014/11/08 15:13:31: Key Entry ... OK
2014/11/08 15:13:31: Complete.
2014/11/08 15:13:31: COM PORT CLOSE ... OK
2014/11/08 15:13:31: 
2014/11/08 15:13:31: ==== Processing was completed ====
2014/11/08 15:13:31: 
*************************************************


*********** Start the Initialize Key Check **********
2014/11/08 15:20:39: Tool Ver: 2013.0605.01
2014/11/08 15:20:39: COM PORT OPEN ... OK
2014/11/08 15:20:39:
2014/11/08 15:20:39: ProductS/N:  VRW06A114Y00492
2014/11/08 15:20:40: TID: 86042B3CD2E52080
2014/11/08 15:20:40: F/W Version: 00.00.08
2014/11/08 15:20:40:
2014/11/08 15:20:40: MasterKey Key Entry ... OK
2014/11/08 15:20:40: PowerON Counter Key Entry ... OK
2014/11/08 15:20:40: Key Entry ... OK
2014/11/08 15:20:40: Complete.
2014/11/08 15:20:40: COM PORT CLOSE ... OK
2014/11/08 15:20:40: 
2014/11/08 15:20:40: ==== Processing was completed ====
2014/11/08 15:20:40: 
*************************************************


*********** Start the Initialize Key Check **********
2014/11/08 15:24:19: Tool Ver: 2013.0605.01
2014/11/08 15:24:19: COM PORT OPEN ... OK
2014/11/08 15:24:19:
2014/11/08 15:24:19: ProductS/N:  4Y00508
2014/11/08 15:24:19: TID: 86040B1E2AE62080
2014/11/08 15:24:19: F/W Version: 00.00.08
2014/11/08 15:24:19:
2014/11/08 15:24:19: MasterKey Key Entry ... OK
2014/11/08 15:24:19: PowerON Counter Key Entry ... OK
2014/11/08 15:24:19: Key Entry ... OK
2014/11/08 15:24:19: Complete.
2014/11/08 15:24:19: COM PORT CLOSE ... OK
2014/11/08 15:24:19: 
2014/11/08 15:24:19: ==== Processing was completed ====
2014/11/08 15:24:19: 
*************************************************


*********** Start the Initialize Key Check **********
2014/11/08 15:27:31: Tool Ver: 2013.0605.01
2014/11/08 15:27:31: COM PORT OPEN ... OK
2014/11/08 15:27:31:
2014/11/08 15:27:31: ProductS/N:  VRW06A114Y00513
2014/11/08 15:27:31: TID: 86040735D2E52080
2014/11/08 15:27:31: F/W Version: 00.00.08
2014/11/08 15:27:31:
2014/11/08 15:27:31: MasterKey Key Entry ... OK
2014/11/08 15:27:31: PowerON Counter Key Entry ... OK
2014/11/08 15:27:32: Key Entry ... OK
2014/11/08 15:27:32: Complete.
2014/11/08 15:27:32: COM PORT CLOSE ... OK
2014/11/08 15:27:32: 
2014/11/08 15:27:32: ==== Processing was completed ====
2014/11/08 15:27:32: 
*************************************************


*********** Start the Initialize Key Check **********
2014/11/08 15:30:55: Tool Ver: 2013.0605.01
2014/11/08 15:30:55: COM PORT OPEN ... OK
2014/11/08 15:30:55:
2014/11/08 15:30:55: ProductS/N:  4Y00379
2014/11/08 15:30:56: TID: 8604153DD2E52080
2014/11/08 15:30:56: F/W Version: 00.00.08
2014/11/08 15:30:56:
2014/11/08 15:30:56: MasterKey Key Entry ... OK
2014/11/08 15:30:56: PowerON Counter Key Entry ... OK
2014/11/08 15:30:56: Key Entry ... OK
2014/11/08 15:30:56: Complete.
2014/11/08 15:30:56: COM PORT CLOSE ... OK
2014/11/08 15:30:56: 
2014/11/08 15:30:56: ==== Processing was completed ====
2014/11/08 15:30:56: 
*************************************************


*********** Start the Initialize Key Check **********
2014/11/08 15:36:25: Tool Ver: 2013.0605.01
2014/11/08 15:36:25: COM PORT OPEN ... OK
2014/11/08 15:36:25:
2014/11/08 15:36:25: ProductS/N:  4Y00505
2014/11/08 15:36:25: TID: 86040D3CD2E52080
2014/11/08 15:36:25: F/W Version: 00.00.08
2014/11/08 15:36:25:
2014/11/08 15:36:25: MasterKey Key Entry ... OK
2014/11/08 15:36:26: PowerON Counter Key Entry ... OK
2014/11/08 15:36:26: Key Entry ... OK
2014/11/08 15:36:26: Complete.
2014/11/08 15:36:26: COM PORT CLOSE ... OK
2014/11/08 15:36:26: 
2014/11/08 15:36:26: ==== Processing was completed ====
2014/11/08 15:36:26: 
*************************************************


*********** Start the Initialize Key Check **********
2014/11/08 15:37:05: Tool Ver: 2013.0605.01
2014/11/08 15:37:05: COM PORT OPEN ... OK
2014/11/08 15:37:05:
2014/11/08 15:37:05: ProductS/N:  VRW06A114Y00487
2014/11/08 15:37:05: TID: 86043637D2E52080
2014/11/08 15:37:05: F/W Version: 00.00.08
2014/11/08 15:37:05:
2014/11/08 15:37:05: MasterKey Key Entry ... OK
2014/11/08 15:37:05: PowerON Counter Key Entry ... OK
2014/11/08 15:37:06: Key Entry ... OK
2014/11/08 15:37:06: Complete.
2014/11/08 15:37:06: COM PORT CLOSE ... OK
2014/11/08 15:37:06: 
2014/11/08 15:37:06: ==== Processing was completed ====
2014/11/08 15:37:06: 
*************************************************


*********** Start the Initialize Key Check **********
2014/11/08 15:39:42: Tool Ver: 2013.0605.01
2014/11/08 15:39:42: COM PORT OPEN ... OK
2014/11/08 15:39:42:
2014/11/08 15:39:42: ProductS/N:  VRW06A114Y00524
2014/11/08 15:39:42: TID: 86043038D2E52080
2014/11/08 15:39:42: F/W Version: 00.00.08
2014/11/08 15:39:42:
2014/11/08 15:39:42: MasterKey Key Entry ... OK
2014/11/08 15:39:42: PowerON Counter Key Entry ... OK
2014/11/08 15:39:42: Key Entry ... OK
2014/11/08 15:39:42: Complete.
2014/11/08 15:39:42: COM PORT CLOSE ... OK
2014/11/08 15:39:42: 
2014/11/08 15:39:42: ==== Processing was completed ====
2014/11/08 15:39:42: 
*************************************************


*********** Start the Initialize Key Check **********
2014/11/08 15:45:24: Tool Ver: 2013.0605.01
2014/11/08 15:45:24: COM PORT OPEN ... OK
2014/11/08 15:45:24:
2014/11/08 15:45:24: ProductS/N:  VRW06A114Y00519
2014/11/08 15:45:24: TID: 86043F222AE62080
2014/11/08 15:45:24: F/W Version: 00.00.08
2014/11/08 15:45:24:
2014/11/08 15:45:24: MasterKey Key Entry ... OK
2014/11/08 15:45:24: PowerON Counter Key Entry ... OK
2014/11/08 15:45:25: Key Entry ... OK
2014/11/08 15:45:25: Complete.
2014/11/08 15:45:25: COM PORT CLOSE ... OK
2014/11/08 15:45:25: 
2014/11/08 15:45:25: ==== Processing was completed ====
2014/11/08 15:45:25: 
*************************************************


*********** Start the Initialize Key Check **********
2014/11/08 16:00:30: Tool Ver: 2013.0605.01
2014/11/08 16:00:30: COM PORT OPEN ... OK
2014/11/08 16:00:30:
2014/11/08 16:00:30: ProductS/N:  VRW06A114Y00467
2014/11/08 16:00:30: TID: 8604361A22E62080
2014/11/08 16:00:30: F/W Version: 00.00.08
2014/11/08 16:00:30:
2014/11/08 16:00:30: MasterKey Key Entry ... OK
2014/11/08 16:00:30: PowerON Counter Key Entry ... OK
2014/11/08 16:00:31: Key Entry ... OK
2014/11/08 16:00:31: Complete.
2014/11/08 16:00:31: COM PORT CLOSE ... OK
2014/11/08 16:00:31: 
2014/11/08 16:00:31: ==== Processing was completed ====
2014/11/08 16:00:31: 
*************************************************


*********** Start the Initialize Key Check **********
2014/11/08 16:07:28: Tool Ver: 2013.0605.01
2014/11/08 16:07:28: COM PORT OPEN ... OK
2014/11/08 16:07:28:
2014/11/08 16:07:28: ProductS/N:  VRW06A114Y00534
2014/11/08 16:07:28: TID: 86043C232AE62080
2014/11/08 16:07:28: F/W Version: 00.00.08
2014/11/08 16:07:28:
2014/11/08 16:07:28: MasterKey Key Entry ... OK
2014/11/08 16:07:28: PowerON Counter Key Entry ... OK
2014/11/08 16:07:28: Key Entry ... OK
2014/11/08 16:07:28: Complete.
2014/11/08 16:07:28: COM PORT CLOSE ... OK
2014/11/08 16:07:28: 
2014/11/08 16:07:28: ==== Processing was completed ====
2014/11/08 16:07:28: 
*************************************************


*********** Start the Initialize Key Check **********
2014/11/08 16:10:02: Tool Ver: 2013.0605.01
2014/11/08 16:10:02: COM PORT OPEN ... OK
2014/11/08 16:10:02:
2014/11/08 16:10:02: ProductS/N:  4Y00529
2014/11/08 16:10:02: TID: 86041D36D2E52080
2014/11/08 16:10:02: F/W Version: 00.00.08
2014/11/08 16:10:02:
2014/11/08 16:10:02: MasterKey Key Entry ... OK
2014/11/08 16:10:02: PowerON Counter Key Entry ... OK
2014/11/08 16:10:03: Key Entry ... OK
2014/11/08 16:10:03: Complete.
2014/11/08 16:10:03: COM PORT CLOSE ... OK
2014/11/08 16:10:03: 
2014/11/08 16:10:03: ==== Processing was completed ====
2014/11/08 16:10:03: 
*************************************************


*********** Start the Initialize Key Check **********
2014/11/08 16:17:41: Tool Ver: 2013.0605.01
2014/11/08 16:17:41: COM PORT OPEN ... OK
2014/11/08 16:17:41:
2014/11/08 16:17:41: ProductS/N:  VRW06A114Y00174
2014/11/08 16:17:41: TID: 860432283AE62080
2014/11/08 16:17:41: F/W Version: 00.00.08
2014/11/08 16:17:41:
2014/11/08 16:17:41: MasterKey Key Entry ... OK
2014/11/08 16:17:41: PowerON Counter Key Entry ... OK
2014/11/08 16:17:42: Key Entry ... OK
2014/11/08 16:17:42: Complete.
2014/11/08 16:17:42: COM PORT CLOSE ... OK
2014/11/08 16:17:42: 
2014/11/08 16:17:42: ==== Processing was completed ====
2014/11/08 16:17:42: 
*************************************************


*********** Start the Initialize Key Check **********
2014/11/08 16:19:39: Tool Ver: 2013.0605.01
2014/11/08 16:19:39: COM PORT OPEN ... OK
2014/11/08 16:19:39:
2014/11/08 16:19:39: ProductS/N:  VRW06A114Y00507
2014/11/08 16:19:39: TID: 860426242AE62080
2014/11/08 16:19:39: F/W Version: 00.00.08
2014/11/08 16:19:39:
2014/11/08 16:19:39: MasterKey Key Entry ... OK
2014/11/08 16:19:39: PowerON Counter Key Entry ... OK
2014/11/08 16:19:40: Key Entry ... OK
2014/11/08 16:19:40: Complete.
2014/11/08 16:19:40: COM PORT CLOSE ... OK
2014/11/08 16:19:40: 
2014/11/08 16:19:40: ==== Processing was completed ====
2014/11/08 16:19:40: 
*************************************************


*********** Start the Initialize Key Check **********
2014/11/08 16:23:19: Tool Ver: 2013.0605.01
2014/11/08 16:23:19: COM PORT OPEN ... OK
2014/11/08 16:23:19:
2014/11/08 16:23:19: ProductS/N:  VRW06A114Y00501
2014/11/08 16:23:19: TID: 8604251722E62080
2014/11/08 16:23:19: F/W Version: 00.00.08
2014/11/08 16:23:19:
2014/11/08 16:23:19: MasterKey Key Entry ... OK
2014/11/08 16:23:19: PowerON Counter Key Entry ... OK
2014/11/08 16:23:19: Key Entry ... OK
2014/11/08 16:23:19: Complete.
2014/11/08 16:23:19: COM PORT CLOSE ... OK
2014/11/08 16:23:20: 
2014/11/08 16:23:20: ==== Processing was completed ====
2014/11/08 16:23:20: 
*************************************************


*********** Start the Initialize Key Check **********
2014/11/08 16:28:25: Tool Ver: 2013.0605.01
2014/11/08 16:28:25: COM PORT OPEN ... OK
2014/11/08 16:28:25:
2014/11/08 16:28:25: ProductS/N:  VRW06A114Y00379
2014/11/08 16:28:25: TID: 8604153DD2E52080
2014/11/08 16:28:25: F/W Version: 00.00.08
2014/11/08 16:28:25:
2014/11/08 16:28:25: MasterKey Key Entry ... OK
2014/11/08 16:28:25: PowerON Counter Key Entry ... OK
2014/11/08 16:28:26: Key Entry ... OK
2014/11/08 16:28:26: Complete.
2014/11/08 16:28:26: COM PORT CLOSE ... OK
2014/11/08 16:28:26: 
2014/11/08 16:28:26: ==== Processing was completed ====
2014/11/08 16:28:26: 
*************************************************


*********** Start the Initialize Key Check **********
2014/11/08 16:29:04: Tool Ver: 2013.0605.01
2014/11/08 16:29:04: COM PORT OPEN ... OK
2014/11/08 16:29:04:
2014/11/08 16:29:04: ProductS/N:  VRW06A114Y00532
2014/11/08 16:29:04: TID: 8604233DD2E52080
2014/11/08 16:29:04: F/W Version: 00.00.08
2014/11/08 16:29:04:
2014/11/08 16:29:04: MasterKey Key Entry ... OK
2014/11/08 16:29:04: PowerON Counter Key Entry ... OK
2014/11/08 16:29:05: Key Entry ... OK
2014/11/08 16:29:05: Complete.
2014/11/08 16:29:05: COM PORT CLOSE ... OK
2014/11/08 16:29:05: 
2014/11/08 16:29:05: ==== Processing was completed ====
2014/11/08 16:29:05: 
*************************************************


*********** Start the Initialize Key Check **********
2014/11/08 16:31:17: Tool Ver: 2013.0605.01
2014/11/08 16:31:17: COM PORT OPEN ... OK
2014/11/08 16:31:18:
2014/11/08 16:31:18: ProductS/N:  VRW06A114Y00529
2014/11/08 16:31:18: TID: 86041D36D2E52080
2014/11/08 16:31:18: F/W Version: 00.00.08
2014/11/08 16:31:18:
2014/11/08 16:31:18: MasterKey Key Entry ... OK
2014/11/08 16:31:18: PowerON Counter Key Entry ... OK
2014/11/08 16:31:18: Key Entry ... OK
2014/11/08 16:31:18: Complete.
2014/11/08 16:31:18: COM PORT CLOSE ... OK
2014/11/08 16:31:18: 
2014/11/08 16:31:18: ==== Processing was completed ====
2014/11/08 16:31:18: 
*************************************************


*********** Start the Initialize Key Check **********
2014/11/08 16:32:20: Tool Ver: 2013.0605.01
2014/11/08 16:32:20: COM PORT OPEN ... OK
2014/11/08 16:32:20:
2014/11/08 16:32:20: ProductS/N:  VRW06A114Y00490
2014/11/08 16:32:21: TID: 86041034D2E52080
2014/11/08 16:32:21: F/W Version: 00.00.08
2014/11/08 16:32:21:
2014/11/08 16:32:21: MasterKey Key Entry ... OK
2014/11/08 16:32:21: PowerON Counter Key Entry ... OK
2014/11/08 16:32:21: Key Entry ... OK
2014/11/08 16:32:21: Complete.
2014/11/08 16:32:21: COM PORT CLOSE ... OK
2014/11/08 16:32:21: 
2014/11/08 16:32:21: ==== Processing was completed ====
2014/11/08 16:32:21: 
*************************************************


*********** Start the Initialize Key Check **********
2014/11/08 16:33:24: Tool Ver: 2013.0605.01
2014/11/08 16:33:24: COM PORT OPEN ... OK
*********** Start the Initialize Key Check **********
2014/11/08 16:33:52: Tool Ver: 2013.0605.01
2014/11/08 16:33:52: COM PORT OPEN ... OK
*********** Start the Initialize Key Check **********
2014/11/08 16:35:21: Tool Ver: 2013.0605.01
2014/11/08 16:35:21: COM PORT OPEN ... OK
2014/11/08 16:35:21:
2014/11/08 16:35:21: ProductS/N:  VRW06A114Y00531
2014/11/08 16:35:22: TID: 86040B1C2AE62080
2014/11/08 16:35:22: F/W Version: 00.00.08
2014/11/08 16:35:22:
2014/11/08 16:35:22: MasterKey Key Entry ... OK
2014/11/08 16:35:22: PowerON Counter Key Entry ... OK
2014/11/08 16:35:22: Key Entry ... OK
2014/11/08 16:35:22: Complete.
2014/11/08 16:35:22: COM PORT CLOSE ... OK
2014/11/08 16:35:22: 
2014/11/08 16:35:22: ==== Processing was completed ====
2014/11/08 16:35:22: 
*************************************************


*********** Start the Initialize Key Check **********
2014/11/08 16:36:36: Tool Ver: 2013.0605.01
2014/11/08 16:36:36: COM PORT OPEN ... OK
2014/11/08 16:36:36:
2014/11/08 16:36:36: ProductS/N:  VRW06A114Y00485
2014/11/08 16:36:36: TID: 86041F2ED2E52080
2014/11/08 16:36:36: F/W Version: 00.00.08
2014/11/08 16:36:36:
2014/11/08 16:36:36: MasterKey Key Entry ... OK
2014/11/08 16:36:36: PowerON Counter Key Entry ... OK
2014/11/08 16:36:37: Key Entry ... OK
2014/11/08 16:36:37: Complete.
2014/11/08 16:36:37: COM PORT CLOSE ... OK
2014/11/08 16:36:37: 
2014/11/08 16:36:37: ==== Processing was completed ====
2014/11/08 16:36:37: 
*************************************************


*********** Start the Initialize Key Check **********
2014/11/08 16:38:22: Tool Ver: 2013.0605.01
2014/11/08 16:38:22: COM PORT OPEN ... OK
2014/11/08 16:38:23:
2014/11/08 16:38:23: ProductS/N:  VRW06A114Y00520
2014/11/08 16:38:23: TID: 86041E1E2AE62080
2014/11/08 16:38:23: F/W Version: 00.00.08
2014/11/08 16:38:23:
2014/11/08 16:38:23: MasterKey Key Entry ... OK
2014/11/08 16:38:23: PowerON Counter Key Entry ... OK
2014/11/08 16:38:23: Key Entry ... OK
2014/11/08 16:38:23: Complete.
2014/11/08 16:38:23: COM PORT CLOSE ... OK
2014/11/08 16:38:23: 
2014/11/08 16:38:23: ==== Processing was completed ====
2014/11/08 16:38:23: 
*************************************************


*********** Start the Initialize Key Check **********
2014/11/08 16:43:01: Tool Ver: 2013.0605.01
2014/11/08 16:43:01: COM PORT OPEN ... OK
2014/11/08 16:43:01:
2014/11/08 16:43:01: ProductS/N:  VRW06A114Y00535
2014/11/08 16:43:01: TID: 8604173DD2E52080
2014/11/08 16:43:01: F/W Version: 00.00.08
2014/11/08 16:43:01:
2014/11/08 16:43:01: MasterKey Key Entry ... OK
2014/11/08 16:43:01: PowerON Counter Key Entry ... OK
2014/11/08 16:43:01: Key Entry ... OK
2014/11/08 16:43:01: Complete.
2014/11/08 16:43:01: COM PORT CLOSE ... OK
2014/11/08 16:43:01: 
2014/11/08 16:43:01: ==== Processing was completed ====
2014/11/08 16:43:01: 
*************************************************


*********** Start the Initialize Key Check **********
2014/11/08 16:44:19: Tool Ver: 2013.0605.01
2014/11/08 16:44:19: COM PORT OPEN ... OK
2014/11/08 16:44:19:
2014/11/08 16:44:19: ProductS/N:  VRW06A114Y00530
2014/11/08 16:44:19: TID: 86042444D2E52080
2014/11/08 16:44:19: F/W Version: 00.00.08
2014/11/08 16:44:19:
2014/11/08 16:44:19: MasterKey Key Entry ... OK
2014/11/08 16:44:19: PowerON Counter Key Entry ... OK
2014/11/08 16:44:20: Key Entry ... OK
2014/11/08 16:44:20: Complete.
2014/11/08 16:44:20: COM PORT CLOSE ... OK
2014/11/08 16:44:20: 
2014/11/08 16:44:20: ==== Processing was completed ====
2014/11/08 16:44:20: 
*************************************************


