*********** Start the Initialize Key Check **********
2014/09/09 09:41:29: Tool Ver: 2013.0605.01
2014/09/09 09:41:29: COM PORT OPEN ... OK
2014/09/09 09:41:29:
2014/09/09 09:41:29: ProductS/N:  VRW06A114800693
2014/09/09 09:41:30: TID: 8604333D32E62080
2014/09/09 09:41:30: F/W Version: 00.00.08
2014/09/09 09:41:30:
2014/09/09 09:41:30: MasterKey Key Entry ... OK
2014/09/09 09:41:30: PowerON Counter Key Entry ... OK
2014/09/09 09:41:30: Key Entry ... OK
2014/09/09 09:41:30: Complete.
2014/09/09 09:41:30: COM PORT CLOSE ... OK
2014/09/09 09:41:30: 
2014/09/09 09:41:30: ==== Processing was completed ====
2014/09/09 09:41:30: 
*************************************************


*********** Start the Initialize Key Check **********
2014/09/09 09:43:28: Tool Ver: 2013.0605.01
2014/09/09 09:43:28: COM PORT OPEN ... OK
2014/09/09 09:43:28:
2014/09/09 09:43:28: ProductS/N:  VRW06A114800691
2014/09/09 09:43:28: TID: 86041708CAE52080
2014/09/09 09:43:28: F/W Version: 00.00.08
2014/09/09 09:43:28:
2014/09/09 09:43:28: MasterKey Key Entry ... OK
2014/09/09 09:43:28: PowerON Counter Key Entry ... OK
2014/09/09 09:43:28: Key Entry ... OK
2014/09/09 09:43:28: Complete.
2014/09/09 09:43:28: COM PORT CLOSE ... OK
2014/09/09 09:43:28: 
2014/09/09 09:43:28: ==== Processing was completed ====
2014/09/09 09:43:28: 
*************************************************


*********** Start the Initialize Key Check **********
2014/09/09 09:55:05: Tool Ver: 2013.0605.01
2014/09/09 09:55:05: COM PORT OPEN ... OK
2014/09/09 09:55:05:
2014/09/09 09:55:05: ProductS/N:  VRW06A114800699
2014/09/09 09:55:05: TID: 8604103E32E62080
2014/09/09 09:55:05: F/W Version: 00.00.08
2014/09/09 09:55:05:
2014/09/09 09:55:05: MasterKey Key Entry ... OK
2014/09/09 09:55:05: PowerON Counter Key Entry ... OK
2014/09/09 09:55:06: Key Entry ... OK
2014/09/09 09:55:06: Complete.
2014/09/09 09:55:06: COM PORT CLOSE ... OK
2014/09/09 09:55:06: 
2014/09/09 09:55:06: ==== Processing was completed ====
2014/09/09 09:55:06: 
*************************************************


*********** Start the Initialize Key Check **********
2014/09/09 09:58:48: Tool Ver: 2013.0605.01
2014/09/09 09:58:48: COM PORT OPEN ... OK
2014/09/09 09:58:48:
2014/09/09 09:58:48: ProductS/N:  VRW06A114800701
2014/09/09 09:58:48: TID: 86042F05CAE52080
2014/09/09 09:58:48: F/W Version: 00.00.08
2014/09/09 09:58:48:
2014/09/09 09:58:48: MasterKey Key Entry ... OK
2014/09/09 09:58:48: PowerON Counter Key Entry ... OK
2014/09/09 09:58:48: Key Entry ... OK
2014/09/09 09:58:48: Complete.
2014/09/09 09:58:48: COM PORT CLOSE ... OK
2014/09/09 09:58:48: 
2014/09/09 09:58:48: ==== Processing was completed ====
2014/09/09 09:58:48: 
*************************************************


*********** Start the Initialize Key Check **********
2014/09/09 10:22:01: Tool Ver: 2013.0605.01
2014/09/09 10:22:01: COM PORT OPEN ... OK
2014/09/09 10:22:01:
2014/09/09 10:22:01: ProductS/N:  VRW06A114800700
2014/09/09 10:22:01: TID: 8604161E2AE62080
2014/09/09 10:22:01: F/W Version: 00.00.08
2014/09/09 10:22:01:
2014/09/09 10:22:01: MasterKey Key Entry ... OK
2014/09/09 10:22:01: PowerON Counter Key Entry ... OK
2014/09/09 10:22:02: Key Entry ... OK
2014/09/09 10:22:02: Complete.
2014/09/09 10:22:02: COM PORT CLOSE ... OK
2014/09/09 10:22:02: 
2014/09/09 10:22:02: ==== Processing was completed ====
2014/09/09 10:22:02: 
*************************************************


*********** Start the Initialize Key Check **********
2014/09/09 10:36:41: Tool Ver: 2013.0605.01
2014/09/09 10:36:41: COM PORT OPEN ... OK
2014/09/09 10:36:41:
2014/09/09 10:36:41: ProductS/N:  VRW06A114800708
2014/09/09 10:36:41: TID: 86041F03CAE52080
2014/09/09 10:36:41: F/W Version: 00.00.08
2014/09/09 10:36:41:
2014/09/09 10:36:41: MasterKey Key Entry ... OK
2014/09/09 10:36:41: PowerON Counter Key Entry ... OK
2014/09/09 10:36:42: Key Entry ... OK
2014/09/09 10:36:42: Complete.
2014/09/09 10:36:42: COM PORT CLOSE ... OK
2014/09/09 10:36:42: 
2014/09/09 10:36:42: ==== Processing was completed ====
2014/09/09 10:36:42: 
*************************************************


*********** Start the Initialize Key Check **********
2014/09/09 10:37:42: Tool Ver: 2013.0605.01
2014/09/09 10:37:42: COM PORT OPEN ... OK
2014/09/09 10:37:42:
2014/09/09 10:37:42: ProductS/N:  VRW06A114800707
2014/09/09 10:37:42: TID: 86040F21CAE52080
2014/09/09 10:37:42: F/W Version: 00.00.08
2014/09/09 10:37:42:
2014/09/09 10:37:42: MasterKey Key Entry ... OK
2014/09/09 10:37:42: PowerON Counter Key Entry ... OK
2014/09/09 10:37:43: Key Entry ... OK
2014/09/09 10:37:43: Complete.
2014/09/09 10:37:43: COM PORT CLOSE ... OK
2014/09/09 10:37:43: 
2014/09/09 10:37:43: ==== Processing was completed ====
2014/09/09 10:37:43: 
*************************************************


*********** Start the Initialize Key Check **********
2014/09/09 10:38:34: Tool Ver: 2013.0605.01
2014/09/09 10:38:34: COM PORT OPEN ... OK
2014/09/09 10:38:34:
2014/09/09 10:38:34: ProductS/N:  VRW06A114800705
2014/09/09 10:38:34: TID: 86041A082AE62080
2014/09/09 10:38:34: F/W Version: 00.00.08
2014/09/09 10:38:34:
2014/09/09 10:38:34: MasterKey Key Entry ... OK
2014/09/09 10:38:34: PowerON Counter Key Entry ... OK
2014/09/09 10:38:35: Key Entry ... OK
2014/09/09 10:38:35: Complete.
2014/09/09 10:38:35: COM PORT CLOSE ... OK
2014/09/09 10:38:35: 
2014/09/09 10:38:35: ==== Processing was completed ====
2014/09/09 10:38:35: 
*************************************************


*********** Start the Initialize Key Check **********
2014/09/09 10:39:42: Tool Ver: 2013.0605.01
2014/09/09 10:39:42: COM PORT OPEN ... OK
2014/09/09 10:39:43:
2014/09/09 10:39:43: ProductS/N:  VRW06A114800698
2014/09/09 10:39:43: TID: 8604210BCAE52080
2014/09/09 10:39:43: F/W Version: 00.00.08
2014/09/09 10:39:43:
2014/09/09 10:39:43: MasterKey Key Entry ... OK
2014/09/09 10:39:43: PowerON Counter Key Entry ... OK
2014/09/09 10:39:43: Key Entry ... OK
2014/09/09 10:39:43: Complete.
2014/09/09 10:39:43: COM PORT CLOSE ... OK
2014/09/09 10:39:43: 
2014/09/09 10:39:43: ==== Processing was completed ====
2014/09/09 10:39:43: 
*************************************************


*********** Start the Initialize Key Check **********
2014/09/09 10:45:42: Tool Ver: 2013.0605.01
2014/09/09 10:45:42: COM PORT OPEN ... OK
2014/09/09 10:45:42:
2014/09/09 10:45:42: ProductS/N:  VRW06A114800703
2014/09/09 10:45:42: TID: 860432072AE62080
2014/09/09 10:45:42: F/W Version: 00.00.08
2014/09/09 10:45:42:
2014/09/09 10:45:42: MasterKey Key Entry ... OK
2014/09/09 10:45:42: PowerON Counter Key Entry ... OK
2014/09/09 10:45:42: Key Entry ... OK
2014/09/09 10:45:42: Complete.
2014/09/09 10:45:42: COM PORT CLOSE ... OK
2014/09/09 10:45:42: 
2014/09/09 10:45:42: ==== Processing was completed ====
2014/09/09 10:45:42: 
*************************************************


*********** Start the Initialize Key Check **********
2014/09/09 10:47:26: Tool Ver: 2013.0605.01
2014/09/09 10:47:26: COM PORT OPEN ... OK
2014/09/09 10:47:26:
2014/09/09 10:47:26: ProductS/N:  VRW06A114800709
2014/09/09 10:47:26: TID: 8604244032E62080
2014/09/09 10:47:26: F/W Version: 00.00.08
2014/09/09 10:47:26:
2014/09/09 10:47:26: MasterKey Key Entry ... OK
2014/09/09 10:47:26: PowerON Counter Key Entry ... OK
2014/09/09 10:47:26: Key Entry ... OK
2014/09/09 10:47:26: Complete.
2014/09/09 10:47:27: COM PORT CLOSE ... OK
2014/09/09 10:47:27: 
2014/09/09 10:47:27: ==== Processing was completed ====
2014/09/09 10:47:27: 
*************************************************


*********** Start the Initialize Key Check **********
2014/09/09 10:59:17: Tool Ver: 2013.0605.01
2014/09/09 10:59:17: COM PORT OPEN ... OK
2014/09/09 10:59:17:
2014/09/09 10:59:17: ProductS/N:  VRW06A114800662
2014/09/09 10:59:17: TID: 86042D20CAE52080
2014/09/09 10:59:17: F/W Version: 00.00.08
2014/09/09 10:59:17:
2014/09/09 10:59:17: MasterKey Key Entry ... OK
2014/09/09 10:59:17: PowerON Counter Key Entry ... OK
2014/09/09 10:59:18: Key Entry ... OK
2014/09/09 10:59:18: Complete.
2014/09/09 10:59:18: COM PORT CLOSE ... OK
2014/09/09 10:59:18: 
2014/09/09 10:59:18: ==== Processing was completed ====
2014/09/09 10:59:18: 
*************************************************


*********** Start the Initialize Key Check **********
2014/09/09 11:00:02: Tool Ver: 2013.0605.01
2014/09/09 11:00:02: COM PORT OPEN ... OK
2014/09/09 11:00:02:
2014/09/09 11:00:02: ProductS/N:  VRW06A114800702
2014/09/09 11:00:02: TID: 86041B0ACAE52080
2014/09/09 11:00:02: F/W Version: 00.00.08
2014/09/09 11:00:02:
2014/09/09 11:00:02: MasterKey Key Entry ... OK
2014/09/09 11:00:02: PowerON Counter Key Entry ... OK
2014/09/09 11:00:03: Key Entry ... OK
2014/09/09 11:00:03: Complete.
2014/09/09 11:00:03: COM PORT CLOSE ... OK
2014/09/09 11:00:03: 
2014/09/09 11:00:03: ==== Processing was completed ====
2014/09/09 11:00:03: 
*************************************************


*********** Start the Initialize Key Check **********
2014/09/09 11:06:41: Tool Ver: 2013.0605.01
2014/09/09 11:06:41: COM PORT OPEN ... OK
2014/09/09 11:06:41:
2014/09/09 11:06:41: ProductS/N:  VRW06A114800046
2014/09/09 11:06:41: TID: 86042506CAE52080
2014/09/09 11:06:41: F/W Version: 00.00.08
2014/09/09 11:06:41:
2014/09/09 11:06:41: MasterKey Key Entry ... OK
2014/09/09 11:06:41: PowerON Counter Key Entry ... OK
2014/09/09 11:06:41: Key Entry ... OK
2014/09/09 11:06:41: Complete.
2014/09/09 11:06:41: COM PORT CLOSE ... OK
2014/09/09 11:06:41: 
2014/09/09 11:06:41: ==== Processing was completed ====
2014/09/09 11:06:41: 
*************************************************


*********** Start the Initialize Key Check **********
2014/09/09 11:24:20: Tool Ver: 2013.0605.01
2014/09/09 11:24:20: COM PORT OPEN ... OK
2014/09/09 11:24:20:
2014/09/09 11:24:20: ProductS/N:  VRW06A114800697
2014/09/09 11:24:20: TID: 86042642D2E52080
2014/09/09 11:24:20: F/W Version: 00.00.08
2014/09/09 11:24:20:
2014/09/09 11:24:20: MasterKey Key Entry ... OK
2014/09/09 11:24:20: PowerON Counter Key Entry ... OK
2014/09/09 11:24:21: Key Entry ... OK
2014/09/09 11:24:21: Complete.
2014/09/09 11:24:21: COM PORT CLOSE ... OK
2014/09/09 11:24:21: 
2014/09/09 11:24:21: ==== Processing was completed ====
2014/09/09 11:24:21: 
*************************************************


*********** Start the Initialize Key Check **********
2014/09/09 11:35:10: Tool Ver: 2013.0605.01
2014/09/09 11:35:10: COM PORT OPEN ... OK
2014/09/09 11:35:10:
2014/09/09 11:35:10: ProductS/N:  VRW06A114800706
2014/09/09 11:35:10: TID: 860436292AE62080
2014/09/09 11:35:10: F/W Version: 00.00.08
2014/09/09 11:35:10:
2014/09/09 11:35:10: MasterKey Key Entry ... OK
2014/09/09 11:35:10: PowerON Counter Key Entry ... OK
2014/09/09 11:35:11: Key Entry ... OK
2014/09/09 11:35:11: Complete.
2014/09/09 11:35:11: COM PORT CLOSE ... OK
2014/09/09 11:35:11: 
2014/09/09 11:35:11: ==== Processing was completed ====
2014/09/09 11:35:11: 
*************************************************


*********** Start the Initialize Key Check **********
2014/09/09 11:37:08: Tool Ver: 2013.0605.01
2014/09/09 11:37:08: COM PORT OPEN ... OK
2014/09/09 11:37:08:
2014/09/09 11:37:08: ProductS/N:  VRW06A114800710
2014/09/09 11:37:08: TID: 8604123F32E62080
2014/09/09 11:37:08: F/W Version: 00.00.08
2014/09/09 11:37:08:
2014/09/09 11:37:08: MasterKey Key Entry ... OK
2014/09/09 11:37:08: PowerON Counter Key Entry ... OK
2014/09/09 11:37:09: Key Entry ... OK
2014/09/09 11:37:09: Complete.
2014/09/09 11:37:09: COM PORT CLOSE ... OK
2014/09/09 11:37:09: 
2014/09/09 11:37:09: ==== Processing was completed ====
2014/09/09 11:37:09: 
*************************************************


*********** Start the Initialize Key Check **********
2014/09/09 11:42:32: Tool Ver: 2013.0605.01
2014/09/09 11:42:32: COM PORT OPEN ... OK
2014/09/09 11:42:32:
2014/09/09 11:42:32: ProductS/N:  VRW06A114800704
2014/09/09 11:42:32: TID: 86042007CAE52080
2014/09/09 11:42:32: F/W Version: 00.00.08
2014/09/09 11:42:32:
2014/09/09 11:42:32: MasterKey Key Entry ... OK
2014/09/09 11:42:32: PowerON Counter Key Entry ... OK
2014/09/09 11:42:33: Key Entry ... OK
2014/09/09 11:42:33: Complete.
2014/09/09 11:42:33: COM PORT CLOSE ... OK
2014/09/09 11:42:33: 
2014/09/09 11:42:33: ==== Processing was completed ====
2014/09/09 11:42:33: 
*************************************************


*********** Start the Initialize Key Check **********
2014/09/09 11:43:15: Tool Ver: 2013.0605.01
2014/09/09 11:43:15: COM PORT OPEN ... OK
2014/09/09 11:43:15:
2014/09/09 11:43:15: ProductS/N:  VRW06A114800323
2014/09/09 11:43:15: TID: 8604293F32E62080
2014/09/09 11:43:15: F/W Version: 00.00.08
2014/09/09 11:43:15:
2014/09/09 11:43:15: MasterKey Key Entry ... OK
2014/09/09 11:43:15: PowerON Counter Key Entry ... OK
2014/09/09 11:43:16: Key Entry ... OK
2014/09/09 11:43:16: Complete.
2014/09/09 11:43:16: COM PORT CLOSE ... OK
2014/09/09 11:43:16: 
2014/09/09 11:43:16: ==== Processing was completed ====
2014/09/09 11:43:16: 
*************************************************


*********** Start the Initialize Key Check **********
2014/09/09 12:52:50: Tool Ver: 2013.0605.01
2014/09/09 12:52:50: COM PORT OPEN ... OK
2014/09/09 12:52:50:
2014/09/09 12:52:50: ProductS/N:  VRW06A114800711
2014/09/09 12:52:50: TID: 86042F26CAE52080
2014/09/09 12:52:50: F/W Version: 00.00.08
2014/09/09 12:52:50:
2014/09/09 12:52:50: MasterKey Key Entry ... OK
2014/09/09 12:52:50: PowerON Counter Key Entry ... OK
2014/09/09 12:52:51: Key Entry ... OK
2014/09/09 12:52:51: Complete.
2014/09/09 12:52:51: COM PORT CLOSE ... OK
2014/09/09 12:52:51: 
2014/09/09 12:52:51: ==== Processing was completed ====
2014/09/09 12:52:51: 
*************************************************


*********** Start the Initialize Key Check **********
2014/09/09 12:54:48: Tool Ver: 2013.0605.01
2014/09/09 12:54:48: COM PORT OPEN ... OK
2014/09/09 12:54:48:
2014/09/09 12:54:48: ProductS/N:  VRW06A114800660
2014/09/09 12:54:48: TID: 86040E35D2E52080
2014/09/09 12:54:48: F/W Version: 00.00.08
2014/09/09 12:54:48:
2014/09/09 12:54:48: MasterKey Key Entry ... OK
2014/09/09 12:54:48: PowerON Counter Key Entry ... OK
2014/09/09 12:54:48: Key Entry ... OK
2014/09/09 12:54:48: Complete.
2014/09/09 12:54:48: COM PORT CLOSE ... OK
2014/09/09 12:54:48: 
2014/09/09 12:54:48: ==== Processing was completed ====
2014/09/09 12:54:48: 
*************************************************


*********** Start the Initialize Key Check **********
2014/09/09 12:55:55: Tool Ver: 2013.0605.01
2014/09/09 12:55:55: COM PORT OPEN ... OK
2014/09/09 12:55:55:
2014/09/09 12:55:55: ProductS/N:  VRW06A114800594
2014/09/09 12:55:55: TID: 86041F1F2AE62080
2014/09/09 12:55:55: F/W Version: 00.00.08
2014/09/09 12:55:55:
2014/09/09 12:55:55: MasterKey Key Entry ... OK
2014/09/09 12:55:55: PowerON Counter Key Entry ... OK
2014/09/09 12:55:56: Key Entry ... OK
2014/09/09 12:55:56: Complete.
2014/09/09 12:55:56: COM PORT CLOSE ... OK
2014/09/09 12:55:56: 
2014/09/09 12:55:56: ==== Processing was completed ====
2014/09/09 12:55:56: 
*************************************************


*********** Start the Initialize Key Check **********
2014/09/09 12:58:26: Tool Ver: 2013.0605.01
2014/09/09 12:58:26: COM PORT OPEN ... OK
2014/09/09 12:58:26:
2014/09/09 12:58:26: ProductS/N:  VRW06A114800540
2014/09/09 12:58:26: TID: 86041909CAE52080
2014/09/09 12:58:26: F/W Version: 00.00.08
2014/09/09 12:58:26:
2014/09/09 12:58:26: MasterKey Key Entry ... OK
2014/09/09 12:58:26: PowerON Counter Key Entry ... OK
2014/09/09 12:58:27: Key Entry ... OK
2014/09/09 12:58:27: Complete.
2014/09/09 12:58:27: COM PORT CLOSE ... OK
2014/09/09 12:58:27: 
2014/09/09 12:58:27: ==== Processing was completed ====
2014/09/09 12:58:27: 
*************************************************


*********** Start the Initialize Key Check **********
2014/09/09 13:11:03: Tool Ver: 2013.0605.01
2014/09/09 13:11:03: COM PORT OPEN ... OK
2014/09/09 13:11:03:
2014/09/09 13:11:03: ProductS/N:  RW06A114800303
2014/09/09 13:11:03: TID: 86042B1E2AE62080
2014/09/09 13:11:03: F/W Version: 00.00.08
2014/09/09 13:11:03:
2014/09/09 13:11:03: MasterKey Key Entry ... OK
2014/09/09 13:11:03: PowerON Counter Key Entry ... OK
2014/09/09 13:11:03: Key Entry ... OK
2014/09/09 13:11:03: Complete.
2014/09/09 13:11:03: COM PORT CLOSE ... OK
2014/09/09 13:11:03: 
2014/09/09 13:11:03: ==== Processing was completed ====
2014/09/09 13:11:03: 
*************************************************


*********** Start the Initialize Key Check **********
2014/09/09 13:11:49: Tool Ver: 2013.0605.01
2014/09/09 13:11:49: COM PORT OPEN ... OK
2014/09/09 13:11:49:
2014/09/09 13:11:49: ProductS/N:  VRW06A114800606
2014/09/09 13:11:49: TID: 86042E042AE62080
2014/09/09 13:11:49: F/W Version: 00.00.08
2014/09/09 13:11:49:
2014/09/09 13:11:49: MasterKey Key Entry ... OK
2014/09/09 13:11:49: PowerON Counter Key Entry ... OK
2014/09/09 13:11:49: Key Entry ... OK
2014/09/09 13:11:49: Complete.
2014/09/09 13:11:49: COM PORT CLOSE ... OK
2014/09/09 13:11:49: 
2014/09/09 13:11:49: ==== Processing was completed ====
2014/09/09 13:11:49: 
*************************************************


*********** Start the Initialize Key Check **********
2014/09/09 13:24:32: Tool Ver: 2013.0605.01
2014/09/09 13:24:32: COM PORT OPEN ... OK
2014/09/09 13:24:32:
2014/09/09 13:24:32: ProductS/N:  VRW06A114800501
2014/09/09 13:24:32: TID: 8604241E2AE62080
2014/09/09 13:24:32: F/W Version: 00.00.08
2014/09/09 13:24:32:
2014/09/09 13:24:32: MasterKey Key Entry ... OK
2014/09/09 13:24:32: PowerON Counter Key Entry ... OK
2014/09/09 13:24:33: Key Entry ... OK
2014/09/09 13:24:33: Complete.
2014/09/09 13:24:33: COM PORT CLOSE ... OK
2014/09/09 13:24:33: 
2014/09/09 13:24:33: ==== Processing was completed ====
2014/09/09 13:24:33: 
*************************************************


*********** Start the Initialize Key Check **********
2014/09/09 13:25:38: Tool Ver: 2013.0605.01
2014/09/09 13:25:38: COM PORT OPEN ... OK
2014/09/09 13:25:38:
2014/09/09 13:25:38: ProductS/N:  VRW06A114800483
2014/09/09 13:25:38: TID: 8604193F32E62080
2014/09/09 13:25:38: F/W Version: 00.00.08
2014/09/09 13:25:38:
2014/09/09 13:25:38: MasterKey Key Entry ... OK
2014/09/09 13:25:38: PowerON Counter Key Entry ... OK
2014/09/09 13:25:39: Key Entry ... OK
2014/09/09 13:25:39: Complete.
2014/09/09 13:25:39: COM PORT CLOSE ... OK
2014/09/09 13:25:39: 
2014/09/09 13:25:39: ==== Processing was completed ====
2014/09/09 13:25:39: 
*************************************************


*********** Start the Initialize Key Check **********
2014/09/09 13:26:54: Tool Ver: 2013.0605.01
2014/09/09 13:26:54: COM PORT OPEN ... OK
2014/09/09 13:26:54:
2014/09/09 13:26:54: ProductS/N:  VRW06A114800503
2014/09/09 13:26:54: TID: 8604184432E62080
2014/09/09 13:26:54: F/W Version: 00.00.08
2014/09/09 13:26:54:
2014/09/09 13:26:54: MasterKey Key Entry ... OK
2014/09/09 13:26:54: PowerON Counter Key Entry ... OK
2014/09/09 13:26:55: Key Entry ... OK
2014/09/09 13:26:55: Complete.
2014/09/09 13:26:55: COM PORT CLOSE ... OK
2014/09/09 13:26:55: 
2014/09/09 13:26:55: ==== Processing was completed ====
2014/09/09 13:26:55: 
*************************************************


*********** Start the Initialize Key Check **********
2014/09/09 13:28:14: Tool Ver: 2013.0605.01
2014/09/09 13:28:14: COM PORT OPEN ... OK
2014/09/09 13:28:14:
2014/09/09 13:28:14: ProductS/N:  VRW06A114800524
2014/09/09 13:28:14: TID: 860415072AE62080
2014/09/09 13:28:14: F/W Version: 00.00.08
2014/09/09 13:28:14:
2014/09/09 13:28:15: MasterKey Key Entry ... OK
2014/09/09 13:28:15: PowerON Counter Key Entry ... OK
2014/09/09 13:28:15: Key Entry ... OK
2014/09/09 13:28:15: Complete.
2014/09/09 13:28:15: COM PORT CLOSE ... OK
2014/09/09 13:28:15: 
2014/09/09 13:28:15: ==== Processing was completed ====
2014/09/09 13:28:15: 
*************************************************


*********** Start the Initialize Key Check **********
2014/09/09 13:29:40: Tool Ver: 2013.0605.01
2014/09/09 13:29:40: COM PORT OPEN ... OK
2014/09/09 13:29:40:
2014/09/09 13:29:40: ProductS/N:  VRW06A114800498
2014/09/09 13:29:40: TID: 86042807CAE52080
2014/09/09 13:29:40: F/W Version: 00.00.08
2014/09/09 13:29:40:
2014/09/09 13:29:40: MasterKey Key Entry ... OK
2014/09/09 13:29:40: PowerON Counter Key Entry ... OK
2014/09/09 13:29:40: Key Entry ... OK
2014/09/09 13:29:40: Complete.
2014/09/09 13:29:40: COM PORT CLOSE ... OK
2014/09/09 13:29:40: 
2014/09/09 13:29:40: ==== Processing was completed ====
2014/09/09 13:29:40: 
*************************************************


*********** Start the Initialize Key Check **********
2014/09/09 13:51:39: Tool Ver: 2013.0605.01
2014/09/09 13:51:39: COM PORT OPEN ... ERROR(01)
2014/09/09 13:51:39: 
2014/09/09 13:51:39: ######## Error has occurred ########
2014/09/09 13:51:39: 
*************************************************


*********** Start the Initialize Key Check **********
2014/09/09 13:52:06: Tool Ver: 2013.0605.01
2014/09/09 13:52:06: COM PORT OPEN ... OK
2014/09/09 13:52:06:
2014/09/09 13:52:06: ProductS/N:  VRW06A114800712
2014/09/09 13:52:07: TID: 8604253FD2E52080
2014/09/09 13:52:07: F/W Version: 00.00.08
2014/09/09 13:52:07:
2014/09/09 13:52:07: MasterKey Key Entry ... OK
2014/09/09 13:52:07: PowerON Counter Key Entry ... OK
2014/09/09 13:52:07: Key Entry ... OK
2014/09/09 13:52:07: Complete.
2014/09/09 13:52:07: COM PORT CLOSE ... OK
2014/09/09 13:52:07: 
2014/09/09 13:52:07: ==== Processing was completed ====
2014/09/09 13:52:07: 
*************************************************


*********** Start the Initialize Key Check **********
2014/09/09 13:54:32: Tool Ver: 2013.0605.01
2014/09/09 13:54:32: COM PORT OPEN ... OK
2014/09/09 13:54:32:
2014/09/09 13:54:32: ProductS/N:  VRW06A114800578
2014/09/09 13:54:32: TID: 8604071E2AE62080
2014/09/09 13:54:32: F/W Version: 00.00.08
2014/09/09 13:54:32:
2014/09/09 13:54:32: MasterKey Key Entry ... OK
2014/09/09 13:54:32: PowerON Counter Key Entry ... OK
2014/09/09 13:54:32: Key Entry ... OK
2014/09/09 13:54:32: Complete.
2014/09/09 13:54:32: COM PORT CLOSE ... OK
2014/09/09 13:54:32: 
2014/09/09 13:54:32: ==== Processing was completed ====
2014/09/09 13:54:32: 
*************************************************


*********** Start the Initialize Key Check **********
2014/09/09 14:50:30: Tool Ver: 2013.0605.01
2014/09/09 14:50:30: COM PORT OPEN ... OK
2014/09/09 14:50:31:
2014/09/09 14:50:31: ProductS/N:  RW06A114800696
2014/09/09 14:50:31: TID: 8604113F32E62080
2014/09/09 14:50:31: F/W Version: 00.00.08
2014/09/09 14:50:31:
2014/09/09 14:50:31: MasterKey Key Entry ... OK
2014/09/09 14:50:31: PowerON Counter Key Entry ... OK
2014/09/09 14:50:31: Key Entry ... OK
2014/09/09 14:50:31: Complete.
2014/09/09 14:50:31: COM PORT CLOSE ... OK
2014/09/09 14:50:31: 
2014/09/09 14:50:31: ==== Processing was completed ====
2014/09/09 14:50:31: 
*************************************************


