*********** Start the Initialize Key Check **********
2014/09/22 08:15:04: Tool Ver: 2013.0605.01
2014/09/22 08:15:04: COM PORT OPEN ... OK
2014/09/22 08:15:04:
2014/09/22 08:15:04: ProductS/N:  VRW06A114900163
2014/09/22 08:15:04: TID: 86042A2ECAE52080
2014/09/22 08:15:04: F/W Version: 00.00.08
2014/09/22 08:15:04:
2014/09/22 08:15:04: MasterKey Key Entry ... OK
2014/09/22 08:15:04: PowerON Counter Key Entry ... OK
2014/09/22 08:15:05: Key Entry ... OK
2014/09/22 08:15:05: Complete.
2014/09/22 08:15:05: COM PORT CLOSE ... OK
2014/09/22 08:15:05: 
2014/09/22 08:15:05: ==== Processing was completed ====
2014/09/22 08:15:05: 
*************************************************


*********** Start the Initialize Key Check **********
2014/09/22 08:18:27: Tool Ver: 2013.0605.01
2014/09/22 08:18:27: COM PORT OPEN ... OK
2014/09/22 08:18:27:
2014/09/22 08:18:27: ProductS/N:  VRW06A114900248
2014/09/22 08:18:27: TID: 8604412ACAE52080
2014/09/22 08:18:27: F/W Version: 00.00.08
2014/09/22 08:18:27:
2014/09/22 08:18:27: MasterKey Key Entry ... OK
2014/09/22 08:18:27: PowerON Counter Key Entry ... OK
2014/09/22 08:18:28: Key Entry ... OK
2014/09/22 08:18:28: Complete.
2014/09/22 08:18:28: COM PORT CLOSE ... OK
2014/09/22 08:18:28: 
2014/09/22 08:18:28: ==== Processing was completed ====
2014/09/22 08:18:28: 
*************************************************


*********** Start the Initialize Key Check **********
2014/09/22 08:23:55: Tool Ver: 2013.0605.01
2014/09/22 08:23:55: COM PORT OPEN ... OK
2014/09/22 08:23:55:
2014/09/22 08:23:55: ProductS/N:  VRW06A114900127
2014/09/22 08:23:56: TID: 860431163AE62080
2014/09/22 08:23:56: F/W Version: 00.00.08
2014/09/22 08:23:56:
2014/09/22 08:23:56: MasterKey Key Entry ... OK
2014/09/22 08:23:56: PowerON Counter Key Entry ... OK
2014/09/22 08:23:56: Key Entry ... OK
2014/09/22 08:23:56: Complete.
2014/09/22 08:23:56: COM PORT CLOSE ... OK
2014/09/22 08:23:56: 
2014/09/22 08:23:56: ==== Processing was completed ====
2014/09/22 08:23:56: 
*************************************************


*********** Start the Initialize Key Check **********
2014/09/22 08:30:43: Tool Ver: 2013.0605.01
2014/09/22 08:30:43: COM PORT OPEN ... OK
2014/09/22 08:30:44:
2014/09/22 08:30:44: ProductS/N:  VRW06A114900111
2014/09/22 08:30:44: TID: 86040A28CAE52080
2014/09/22 08:30:44: F/W Version: 00.00.08
2014/09/22 08:30:44:
2014/09/22 08:30:44: MasterKey Key Entry ... OK
2014/09/22 08:30:44: PowerON Counter Key Entry ... OK
2014/09/22 08:30:44: Key Entry ... OK
2014/09/22 08:30:44: Complete.
2014/09/22 08:30:44: COM PORT CLOSE ... OK
2014/09/22 08:30:44: 
2014/09/22 08:30:44: ==== Processing was completed ====
2014/09/22 08:30:44: 
*************************************************


*********** Start the Initialize Key Check **********
2014/09/22 08:34:41: Tool Ver: 2013.0605.01
2014/09/22 08:34:41: COM PORT OPEN ... OK
2014/09/22 08:34:42:
2014/09/22 08:34:42: ProductS/N:  VRW06A114900145
2014/09/22 08:34:42: TID: 86042734CAE52080
2014/09/22 08:34:42: F/W Version: 00.00.08
2014/09/22 08:34:42:
2014/09/22 08:34:42: MasterKey Key Entry ... OK
2014/09/22 08:34:42: PowerON Counter Key Entry ... OK
2014/09/22 08:34:42: Key Entry ... OK
2014/09/22 08:34:42: Complete.
2014/09/22 08:34:42: COM PORT CLOSE ... OK
2014/09/22 08:34:42: 
2014/09/22 08:34:42: ==== Processing was completed ====
2014/09/22 08:34:42: 
*************************************************


*********** Start the Initialize Key Check **********
2014/09/22 08:37:00: Tool Ver: 2013.0605.01
2014/09/22 08:37:00: COM PORT OPEN ... OK
2014/09/22 08:37:00:
2014/09/22 08:37:00: ProductS/N:  VRW06A114900063
2014/09/22 08:37:00: TID: 86042E2ECAE52080
2014/09/22 08:37:00: F/W Version: 00.00.08
2014/09/22 08:37:00:
2014/09/22 08:37:00: MasterKey Key Entry ... OK
2014/09/22 08:37:00: PowerON Counter Key Entry ... OK
2014/09/22 08:37:00: Key Entry ... OK
2014/09/22 08:37:00: Complete.
2014/09/22 08:37:00: COM PORT CLOSE ... OK
2014/09/22 08:37:00: 
2014/09/22 08:37:00: ==== Processing was completed ====
2014/09/22 08:37:00: 
*************************************************


*********** Start the Initialize Key Check **********
2014/09/22 08:43:03: Tool Ver: 2013.0605.01
2014/09/22 08:43:03: COM PORT OPEN ... OK
2014/09/22 08:43:03:
2014/09/22 08:43:03: ProductS/N:  VRW06A114900237
2014/09/22 08:43:03: TID: 86040A34CAE52080
2014/09/22 08:43:03: F/W Version: 00.00.08
2014/09/22 08:43:03:
2014/09/22 08:43:03: MasterKey Key Entry ... OK
2014/09/22 08:43:03: PowerON Counter Key Entry ... OK
2014/09/22 08:43:04: Key Entry ... OK
2014/09/22 08:43:04: Complete.
2014/09/22 08:43:04: COM PORT CLOSE ... OK
2014/09/22 08:43:04: 
2014/09/22 08:43:04: ==== Processing was completed ====
2014/09/22 08:43:04: 
*************************************************


*********** Start the Initialize Key Check **********
2014/09/22 08:45:12: Tool Ver: 2013.0605.01
2014/09/22 08:45:12: COM PORT OPEN ... OK
2014/09/22 08:45:12:
2014/09/22 08:45:12: ProductS/N:  VRW06A114900250
2014/09/22 08:45:12: TID: 86040D33CAE52080
2014/09/22 08:45:12: F/W Version: 00.00.08
2014/09/22 08:45:12:
2014/09/22 08:45:12: MasterKey Key Entry ... OK
2014/09/22 08:45:12: PowerON Counter Key Entry ... OK
2014/09/22 08:45:12: Key Entry ... OK
2014/09/22 08:45:12: Complete.
2014/09/22 08:45:12: COM PORT CLOSE ... OK
2014/09/22 08:45:12: 
2014/09/22 08:45:12: ==== Processing was completed ====
2014/09/22 08:45:12: 
*************************************************


*********** Start the Initialize Key Check **********
2014/09/22 08:48:09: Tool Ver: 2013.0605.01
2014/09/22 08:48:09: COM PORT OPEN ... OK
2014/09/22 08:48:09:
2014/09/22 08:48:09: ProductS/N:  VRW06A114900257
2014/09/22 08:48:09: TID: 86042731CAE52080
2014/09/22 08:48:09: F/W Version: 00.00.08
2014/09/22 08:48:09:
2014/09/22 08:48:09: MasterKey Key Entry ... OK
2014/09/22 08:48:09: PowerON Counter Key Entry ... OK
2014/09/22 08:48:10: Key Entry ... OK
2014/09/22 08:48:10: Complete.
2014/09/22 08:48:10: COM PORT CLOSE ... OK
2014/09/22 08:48:10: 
2014/09/22 08:48:10: ==== Processing was completed ====
2014/09/22 08:48:10: 
*************************************************


*********** Start the Initialize Key Check **********
2014/09/22 08:56:00: Tool Ver: 2013.0605.01
2014/09/22 08:56:00: COM PORT OPEN ... OK
2014/09/22 08:56:00:
2014/09/22 08:56:00: ProductS/N:  VRW06A114900251
2014/09/22 08:56:00: TID: 86043A113AE62080
2014/09/22 08:56:00: F/W Version: 00.00.08
2014/09/22 08:56:00:
2014/09/22 08:56:00: MasterKey Key Entry ... OK
2014/09/22 08:56:00: PowerON Counter Key Entry ... OK
2014/09/22 08:56:01: Key Entry ... OK
2014/09/22 08:56:01: Complete.
2014/09/22 08:56:01: COM PORT CLOSE ... OK
2014/09/22 08:56:01: 
2014/09/22 08:56:01: ==== Processing was completed ====
2014/09/22 08:56:01: 
*************************************************


*********** Start the Initialize Key Check **********
2014/09/22 08:59:04: Tool Ver: 2013.0605.01
2014/09/22 08:59:04: COM PORT OPEN ... OK
2014/09/22 08:59:04:
2014/09/22 08:59:04: ProductS/N:  VRW06A114900255
2014/09/22 08:59:04: TID: 860421282AE62080
2014/09/22 08:59:04: F/W Version: 00.00.08
2014/09/22 08:59:04:
2014/09/22 08:59:04: MasterKey Key Entry ... OK
2014/09/22 08:59:04: PowerON Counter Key Entry ... OK
2014/09/22 08:59:04: Key Entry ... OK
2014/09/22 08:59:04: Complete.
2014/09/22 08:59:04: COM PORT CLOSE ... OK
2014/09/22 08:59:04: 
2014/09/22 08:59:04: ==== Processing was completed ====
2014/09/22 08:59:04: 
*************************************************


*********** Start the Initialize Key Check **********
2014/09/22 09:02:49: Tool Ver: 2013.0605.01
2014/09/22 09:02:49: COM PORT OPEN ... OK
2014/09/22 09:02:49:
2014/09/22 09:02:49: ProductS/N:  VRW06A114900252
2014/09/22 09:02:49: TID: 86040B2DCAE52080
2014/09/22 09:02:49: F/W Version: 00.00.08
2014/09/22 09:02:49:
2014/09/22 09:02:49: MasterKey Key Entry ... OK
2014/09/22 09:02:49: PowerON Counter Key Entry ... OK
2014/09/22 09:02:50: Key Entry ... OK
2014/09/22 09:02:50: Complete.
2014/09/22 09:02:50: COM PORT CLOSE ... OK
2014/09/22 09:02:50: 
2014/09/22 09:02:50: ==== Processing was completed ====
2014/09/22 09:02:50: 
*************************************************


*********** Start the Initialize Key Check **********
2014/09/22 09:05:59: Tool Ver: 2013.0605.01
2014/09/22 09:05:59: COM PORT OPEN ... OK
2014/09/22 09:05:59:
2014/09/22 09:05:59: ProductS/N:  VRW06A114900256
2014/09/22 09:05:59: TID: 860436262AE62080
2014/09/22 09:05:59: F/W Version: 00.00.08
2014/09/22 09:05:59:
2014/09/22 09:05:59: MasterKey Key Entry ... OK
2014/09/22 09:05:59: PowerON Counter Key Entry ... OK
2014/09/22 09:06:00: Key Entry ... OK
2014/09/22 09:06:00: Complete.
2014/09/22 09:06:00: COM PORT CLOSE ... OK
2014/09/22 09:06:00: 
2014/09/22 09:06:00: ==== Processing was completed ====
2014/09/22 09:06:00: 
*************************************************


*********** Start the Initialize Key Check **********
2014/09/22 09:09:58: Tool Ver: 2013.0605.01
2014/09/22 09:09:58: COM PORT OPEN ... OK
2014/09/22 09:09:58:
2014/09/22 09:09:58: ProductS/N:  VRW06A114900243
2014/09/22 09:09:58: TID: 8604092A2AE62080
2014/09/22 09:09:58: F/W Version: 00.00.08
2014/09/22 09:09:58:
2014/09/22 09:09:58: MasterKey Key Entry ... OK
2014/09/22 09:09:58: PowerON Counter Key Entry ... OK
2014/09/22 09:09:59: Key Entry ... OK
2014/09/22 09:09:59: Complete.
2014/09/22 09:09:59: COM PORT CLOSE ... OK
2014/09/22 09:09:59: 
2014/09/22 09:09:59: ==== Processing was completed ====
2014/09/22 09:09:59: 
*************************************************


*********** Start the Initialize Key Check **********
2014/09/22 09:14:09: Tool Ver: 2013.0605.01
2014/09/22 09:14:09: COM PORT OPEN ... OK
2014/09/22 09:14:09:
2014/09/22 09:14:09: ProductS/N:  VRW06A114900052
2014/09/22 09:14:09: TID: 86041628CAE52080
2014/09/22 09:14:09: F/W Version: 00.00.08
2014/09/22 09:14:09:
2014/09/22 09:14:09: MasterKey Key Entry ... OK
2014/09/22 09:14:09: PowerON Counter Key Entry ... OK
2014/09/22 09:14:09: Key Entry ... OK
2014/09/22 09:14:09: Complete.
2014/09/22 09:14:09: COM PORT CLOSE ... OK
2014/09/22 09:14:09: 
2014/09/22 09:14:09: ==== Processing was completed ====
2014/09/22 09:14:09: 
*************************************************


*********** Start the Initialize Key Check **********
2014/09/22 09:18:29: Tool Ver: 2013.0605.01
2014/09/22 09:18:29: COM PORT OPEN ... OK
2014/09/22 09:18:29:
2014/09/22 09:18:29: ProductS/N:  VRW06A114900109
2014/09/22 09:18:29: TID: 8604352ECAE52080
2014/09/22 09:18:29: F/W Version: 00.00.08
2014/09/22 09:18:29:
2014/09/22 09:18:29: MasterKey Key Entry ... OK
2014/09/22 09:18:29: PowerON Counter Key Entry ... OK
2014/09/22 09:18:30: Key Entry ... OK
2014/09/22 09:18:30: Complete.
2014/09/22 09:18:30: COM PORT CLOSE ... OK
2014/09/22 09:18:30: 
2014/09/22 09:18:30: ==== Processing was completed ====
2014/09/22 09:18:30: 
*************************************************


*********** Start the Initialize Key Check **********
2014/09/22 09:23:03: Tool Ver: 2013.0605.01
2014/09/22 09:23:03: COM PORT OPEN ... OK
2014/09/22 09:23:03:
2014/09/22 09:23:03: ProductS/N:  VRW06A114900107
2014/09/22 09:23:03: TID: 86042833CAE52080
2014/09/22 09:23:03: F/W Version: 00.00.08
2014/09/22 09:23:03:
2014/09/22 09:23:03: MasterKey Key Entry ... OK
2014/09/22 09:23:03: PowerON Counter Key Entry ... OK
2014/09/22 09:23:04: Key Entry ... OK
2014/09/22 09:23:04: Complete.
2014/09/22 09:23:04: COM PORT CLOSE ... OK
2014/09/22 09:23:04: 
2014/09/22 09:23:04: ==== Processing was completed ====
2014/09/22 09:23:04: 
*************************************************


*********** Start the Initialize Key Check **********
2014/09/22 09:27:48: Tool Ver: 2013.0605.01
2014/09/22 09:27:48: COM PORT OPEN ... OK
2014/09/22 09:27:48:
2014/09/22 09:27:48: ProductS/N:  VRW06A114900261
2014/09/22 09:27:48: TID: 86041C2FCAE52080
2014/09/22 09:27:48: F/W Version: 00.00.08
2014/09/22 09:27:48:
2014/09/22 09:27:48: MasterKey Key Entry ... OK
2014/09/22 09:27:48: PowerON Counter Key Entry ... OK
2014/09/22 09:27:49: Key Entry ... OK
2014/09/22 09:27:49: Complete.
2014/09/22 09:27:49: COM PORT CLOSE ... OK
2014/09/22 09:27:49: 
2014/09/22 09:27:49: ==== Processing was completed ====
2014/09/22 09:27:49: 
*************************************************


*********** Start the Initialize Key Check **********
2014/09/22 09:31:00: Tool Ver: 2013.0605.01
2014/09/22 09:31:00: COM PORT OPEN ... OK
2014/09/22 09:31:00:
2014/09/22 09:31:00: ProductS/N:  VRW06A114900152
2014/09/22 09:31:00: TID: 8604042DCAE52080
2014/09/22 09:31:00: F/W Version: 00.00.08
2014/09/22 09:31:00:
2014/09/22 09:31:00: MasterKey Key Entry ... OK
2014/09/22 09:31:00: PowerON Counter Key Entry ... OK
2014/09/22 09:31:01: Key Entry ... OK
2014/09/22 09:31:01: Complete.
2014/09/22 09:31:01: COM PORT CLOSE ... OK
2014/09/22 09:31:01: 
2014/09/22 09:31:01: ==== Processing was completed ====
2014/09/22 09:31:01: 
*************************************************


*********** Start the Initialize Key Check **********
2014/09/22 09:35:51: Tool Ver: 2013.0605.01
2014/09/22 09:35:51: COM PORT OPEN ... OK
2014/09/22 09:35:51:
2014/09/22 09:35:51: ProductS/N:  VRW06A114900180
2014/09/22 09:35:51: TID: 8604282ACAE52080
2014/09/22 09:35:51: F/W Version: 00.00.08
2014/09/22 09:35:51:
2014/09/22 09:35:51: MasterKey Key Entry ... OK
2014/09/22 09:35:51: PowerON Counter Key Entry ... OK
2014/09/22 09:35:52: Key Entry ... OK
2014/09/22 09:35:52: Complete.
2014/09/22 09:35:52: COM PORT CLOSE ... OK
2014/09/22 09:35:52: 
2014/09/22 09:35:52: ==== Processing was completed ====
2014/09/22 09:35:52: 
*************************************************


*********** Start the Initialize Key Check **********
2014/09/22 09:39:12: Tool Ver: 2013.0605.01
2014/09/22 09:39:12: COM PORT OPEN ... OK
2014/09/22 09:39:12:
2014/09/22 09:39:12: ProductS/N:  VRW06A114900259
2014/09/22 09:39:12: TID: 86042631CAE52080
2014/09/22 09:39:12: F/W Version: 00.00.08
2014/09/22 09:39:12:
2014/09/22 09:39:12: MasterKey Key Entry ... OK
2014/09/22 09:39:12: PowerON Counter Key Entry ... OK
2014/09/22 09:39:12: Key Entry ... OK
2014/09/22 09:39:12: Complete.
2014/09/22 09:39:12: COM PORT CLOSE ... OK
2014/09/22 09:39:12: 
2014/09/22 09:39:12: ==== Processing was completed ====
2014/09/22 09:39:12: 
*************************************************


*********** Start the Initialize Key Check **********
2014/09/22 09:43:33: Tool Ver: 2013.0605.01
2014/09/22 09:43:33: COM PORT OPEN ... OK
2014/09/22 09:43:33:
2014/09/22 09:43:33: ProductS/N:  VRW06A114900146
2014/09/22 09:43:33: TID: 86040F2ECAE52080
2014/09/22 09:43:33: F/W Version: 00.00.08
2014/09/22 09:43:33:
2014/09/22 09:43:33: MasterKey Key Entry ... OK
2014/09/22 09:43:33: PowerON Counter Key Entry ... OK
2014/09/22 09:43:33: Key Entry ... OK
2014/09/22 09:43:33: Complete.
2014/09/22 09:43:33: COM PORT CLOSE ... OK
2014/09/22 09:43:33: 
2014/09/22 09:43:33: ==== Processing was completed ====
2014/09/22 09:43:33: 
*************************************************


*********** Start the Initialize Key Check **********
2014/09/22 09:46:57: Tool Ver: 2013.0605.01
2014/09/22 09:46:57: COM PORT OPEN ... OK
2014/09/22 09:46:57:
2014/09/22 09:46:57: ProductS/N:  VRW06A114900258
2014/09/22 09:46:57: TID: 8604192DCAE52080
2014/09/22 09:46:57: F/W Version: 00.00.08
2014/09/22 09:46:57:
2014/09/22 09:46:57: MasterKey Key Entry ... OK
2014/09/22 09:46:57: PowerON Counter Key Entry ... OK
2014/09/22 09:46:57: Key Entry ... OK
2014/09/22 09:46:57: Complete.
2014/09/22 09:46:57: COM PORT CLOSE ... OK
2014/09/22 09:46:57: 
2014/09/22 09:46:57: ==== Processing was completed ====
2014/09/22 09:46:57: 
*************************************************


*********** Start the Initialize Key Check **********
2014/09/22 09:50:22: Tool Ver: 2013.0605.01
2014/09/22 09:50:22: COM PORT OPEN ... OK
2014/09/22 09:50:22:
2014/09/22 09:50:22: ProductS/N:  VRW06A114900263
2014/09/22 09:50:22: TID: 8604152ACAE52080
2014/09/22 09:50:22: F/W Version: 00.00.08
2014/09/22 09:50:22:
2014/09/22 09:50:22: MasterKey Key Entry ... OK
2014/09/22 09:50:22: PowerON Counter Key Entry ... OK
2014/09/22 09:50:22: Key Entry ... OK
2014/09/22 09:50:22: Complete.
2014/09/22 09:50:22: COM PORT CLOSE ... OK
2014/09/22 09:50:22: 
2014/09/22 09:50:22: ==== Processing was completed ====
2014/09/22 09:50:22: 
*************************************************


*********** Start the Initialize Key Check **********
2014/09/22 09:54:10: Tool Ver: 2013.0605.01
2014/09/22 09:54:10: COM PORT OPEN ... OK
2014/09/22 09:54:10:
2014/09/22 09:54:10: ProductS/N:  VRW06A114900267
2014/09/22 09:54:10: TID: 8604272ACAE52080
2014/09/22 09:54:10: F/W Version: 00.00.08
2014/09/22 09:54:10:
2014/09/22 09:54:10: MasterKey Key Entry ... OK
2014/09/22 09:54:10: PowerON Counter Key Entry ... OK
2014/09/22 09:54:11: Key Entry ... OK
2014/09/22 09:54:11: Complete.
2014/09/22 09:54:11: COM PORT CLOSE ... OK
2014/09/22 09:54:11: 
2014/09/22 09:54:11: ==== Processing was completed ====
2014/09/22 09:54:11: 
*************************************************


*********** Start the Initialize Key Check **********
2014/09/22 09:57:05: Tool Ver: 2013.0605.01
2014/09/22 09:57:05: COM PORT OPEN ... OK
2014/09/22 09:57:05:
2014/09/22 09:57:05: ProductS/N:  VRW06A114900105
2014/09/22 09:57:05: TID: 8604320F3AE62080
2014/09/22 09:57:05: F/W Version: 00.00.08
2014/09/22 09:57:05:
2014/09/22 09:57:05: MasterKey Key Entry ... OK
2014/09/22 09:57:05: PowerON Counter Key Entry ... OK
2014/09/22 09:57:06: Key Entry ... OK
2014/09/22 09:57:06: Complete.
2014/09/22 09:57:06: COM PORT CLOSE ... OK
2014/09/22 09:57:06: 
2014/09/22 09:57:06: ==== Processing was completed ====
2014/09/22 09:57:06: 
*************************************************


*********** Start the Initialize Key Check **********
2014/09/22 10:17:38: Tool Ver: 2013.0605.01
2014/09/22 10:17:38: COM PORT OPEN ... OK
2014/09/22 10:17:38:
2014/09/22 10:17:38: ProductS/N:  VRW06A114900184
2014/09/22 10:17:38: TID: 860408232AE62080
2014/09/22 10:17:38: F/W Version: 00.00.08
2014/09/22 10:17:38:
2014/09/22 10:17:38: MasterKey Key Entry ... OK
2014/09/22 10:17:39: PowerON Counter Key Entry ... OK
2014/09/22 10:17:39: Key Entry ... OK
2014/09/22 10:17:39: Complete.
2014/09/22 10:17:39: COM PORT CLOSE ... OK
2014/09/22 10:17:39: 
2014/09/22 10:17:39: ==== Processing was completed ====
2014/09/22 10:17:39: 
*************************************************


*********** Start the Initialize Key Check **********
2014/09/22 10:19:30: Tool Ver: 2013.0605.01
2014/09/22 10:19:30: COM PORT OPEN ... OK
2014/09/22 10:19:30:
2014/09/22 10:19:30: ProductS/N:  VRW06A114900262
2014/09/22 10:19:30: TID: 860422292AE62080
2014/09/22 10:19:30: F/W Version: 00.00.08
2014/09/22 10:19:30:
2014/09/22 10:19:30: MasterKey Key Entry ... OK
2014/09/22 10:19:30: PowerON Counter Key Entry ... OK
2014/09/22 10:19:31: Key Entry ... OK
2014/09/22 10:19:31: Complete.
2014/09/22 10:19:31: COM PORT CLOSE ... OK
2014/09/22 10:19:31: 
2014/09/22 10:19:31: ==== Processing was completed ====
2014/09/22 10:19:31: 
*************************************************


*********** Start the Initialize Key Check **********
2014/09/22 10:23:12: Tool Ver: 2013.0605.01
2014/09/22 10:23:12: COM PORT OPEN ... OK
2014/09/22 10:23:12:
2014/09/22 10:23:12: ProductS/N:  VRW06A114900265
2014/09/22 10:23:12: TID: 86043E2C2AE62080
2014/09/22 10:23:12: F/W Version: 00.00.08
2014/09/22 10:23:12:
2014/09/22 10:23:12: MasterKey Key Entry ... OK
2014/09/22 10:23:12: PowerON Counter Key Entry ... OK
2014/09/22 10:23:13: Key Entry ... OK
2014/09/22 10:23:13: Complete.
2014/09/22 10:23:13: COM PORT CLOSE ... OK
2014/09/22 10:23:13: 
2014/09/22 10:23:13: ==== Processing was completed ====
2014/09/22 10:23:13: 
*************************************************


*********** Start the Initialize Key Check **********
2014/09/22 10:28:41: Tool Ver: 2013.0605.01
2014/09/22 10:28:41: COM PORT OPEN ... OK
2014/09/22 10:28:41:
2014/09/22 10:28:41: ProductS/N:  VRW06A114900274
2014/09/22 10:28:41: TID: 86041C3FD2E52080
2014/09/22 10:28:41: F/W Version: 00.00.08
2014/09/22 10:28:41:
2014/09/22 10:28:41: MasterKey Key Entry ... OK
2014/09/22 10:28:41: PowerON Counter Key Entry ... OK
2014/09/22 10:28:41: Key Entry ... OK
2014/09/22 10:28:41: Complete.
2014/09/22 10:28:41: COM PORT CLOSE ... OK
2014/09/22 10:28:41: 
2014/09/22 10:28:41: ==== Processing was completed ====
2014/09/22 10:28:41: 
*************************************************


*********** Start the Initialize Key Check **********
2014/09/22 10:31:10: Tool Ver: 2013.0605.01
2014/09/22 10:31:10: COM PORT OPEN ... OK
2014/09/22 10:31:10:
2014/09/22 10:31:10: ProductS/N:  VRW06A114900249
2014/09/22 10:31:10: TID: 86040D35CAE52080
2014/09/22 10:31:10: F/W Version: 00.00.08
2014/09/22 10:31:10:
2014/09/22 10:31:10: MasterKey Key Entry ... OK
2014/09/22 10:31:10: PowerON Counter Key Entry ... OK
2014/09/22 10:31:11: Key Entry ... OK
2014/09/22 10:31:11: Complete.
2014/09/22 10:31:11: COM PORT CLOSE ... OK
2014/09/22 10:31:11: 
2014/09/22 10:31:11: ==== Processing was completed ====
2014/09/22 10:31:11: 
*************************************************


*********** Start the Initialize Key Check **********
2014/09/22 10:47:52: Tool Ver: 2013.0605.01
2014/09/22 10:47:52: COM PORT OPEN ... OK
2014/09/22 10:47:52:
2014/09/22 10:47:52: ProductS/N:  VRW06A114900268
2014/09/22 10:47:52: TID: 86043A27CAE52080
2014/09/22 10:47:52: F/W Version: 00.00.08
2014/09/22 10:47:52:
2014/09/22 10:47:52: MasterKey Key Entry ... OK
2014/09/22 10:47:52: PowerON Counter Key Entry ... OK
2014/09/22 10:47:53: Key Entry ... OK
2014/09/22 10:47:53: Complete.
2014/09/22 10:47:53: COM PORT CLOSE ... OK
2014/09/22 10:47:53: 
2014/09/22 10:47:53: ==== Processing was completed ====
2014/09/22 10:47:53: 
*************************************************


*********** Start the Initialize Key Check **********
2014/09/22 10:56:48: Tool Ver: 2013.0605.01
2014/09/22 10:56:48: COM PORT OPEN ... OK
2014/09/22 10:56:48:
2014/09/22 10:56:48: ProductS/N:  VRW06A114900271
2014/09/22 10:56:48: TID: 86041A31CAE52080
2014/09/22 10:56:48: F/W Version: 00.00.08
2014/09/22 10:56:48:
2014/09/22 10:56:48: MasterKey Key Entry ... OK
2014/09/22 10:56:48: PowerON Counter Key Entry ... OK
2014/09/22 10:56:49: Key Entry ... OK
2014/09/22 10:56:49: Complete.
2014/09/22 10:56:49: COM PORT CLOSE ... OK
2014/09/22 10:56:49: 
2014/09/22 10:56:49: ==== Processing was completed ====
2014/09/22 10:56:49: 
*************************************************


*********** Start the Initialize Key Check **********
2014/09/22 11:04:42: Tool Ver: 2013.0605.01
2014/09/22 11:04:42: COM PORT OPEN ... OK
2014/09/22 11:04:42:
2014/09/22 11:04:42: ProductS/N:  VRW06A114900279
2014/09/22 11:04:42: TID: 86041B133AE62080
2014/09/22 11:04:42: F/W Version: 00.00.08
2014/09/22 11:04:42:
2014/09/22 11:04:42: MasterKey Key Entry ... OK
2014/09/22 11:04:42: PowerON Counter Key Entry ... OK
2014/09/22 11:04:43: Key Entry ... OK
2014/09/22 11:04:43: Complete.
2014/09/22 11:04:43: COM PORT CLOSE ... OK
2014/09/22 11:04:43: 
2014/09/22 11:04:43: ==== Processing was completed ====
2014/09/22 11:04:43: 
*************************************************


*********** Start the Initialize Key Check **********
2014/09/22 11:08:12: Tool Ver: 2013.0605.01
2014/09/22 11:08:12: COM PORT OPEN ... OK
2014/09/22 11:08:12:
2014/09/22 11:08:12: ProductS/N:  VRW06A114900280
2014/09/22 11:08:12: TID: 86041C31CAE52080
2014/09/22 11:08:12: F/W Version: 00.00.08
2014/09/22 11:08:12:
2014/09/22 11:08:12: MasterKey Key Entry ... OK
2014/09/22 11:08:12: PowerON Counter Key Entry ... OK
2014/09/22 11:08:13: Key Entry ... OK
2014/09/22 11:08:13: Complete.
2014/09/22 11:08:13: COM PORT CLOSE ... OK
2014/09/22 11:08:13: 
2014/09/22 11:08:13: ==== Processing was completed ====
2014/09/22 11:08:13: 
*************************************************


*********** Start the Initialize Key Check **********
2014/09/22 11:10:52: Tool Ver: 2013.0605.01
2014/09/22 11:10:52: COM PORT OPEN ... OK
2014/09/22 11:10:52:
2014/09/22 11:10:52: ProductS/N:  VRW06A114900277
2014/09/22 11:10:52: TID: 86041C2ECAE52080
2014/09/22 11:10:52: F/W Version: 00.00.08
2014/09/22 11:10:52:
2014/09/22 11:10:52: MasterKey Key Entry ... OK
2014/09/22 11:10:52: PowerON Counter Key Entry ... OK
2014/09/22 11:10:53: Key Entry ... OK
2014/09/22 11:10:53: Complete.
2014/09/22 11:10:53: COM PORT CLOSE ... OK
2014/09/22 11:10:53: 
2014/09/22 11:10:53: ==== Processing was completed ====
2014/09/22 11:10:53: 
*************************************************


*********** Start the Initialize Key Check **********
2014/09/22 11:12:58: Tool Ver: 2013.0605.01
2014/09/22 11:12:58: COM PORT OPEN ... OK
2014/09/22 11:12:58:
2014/09/22 11:12:58: ProductS/N:  VRW06A114900269
2014/09/22 11:12:58: TID: 860421232AE62080
2014/09/22 11:12:58: F/W Version: 00.00.08
2014/09/22 11:12:58:
2014/09/22 11:12:58: MasterKey Key Entry ... OK
2014/09/22 11:12:58: PowerON Counter Key Entry ... OK
2014/09/22 11:12:59: Key Entry ... OK
2014/09/22 11:12:59: Complete.
2014/09/22 11:12:59: COM PORT CLOSE ... OK
2014/09/22 11:12:59: 
2014/09/22 11:12:59: ==== Processing was completed ====
2014/09/22 11:12:59: 
*************************************************


*********** Start the Initialize Key Check **********
2014/09/22 11:15:16: Tool Ver: 2013.0605.01
2014/09/22 11:15:16: COM PORT OPEN ... OK
2014/09/22 11:15:16:
2014/09/22 11:15:16: ProductS/N:  VRW06A114900273
2014/09/22 11:15:16: TID: 86040521CAE52080
2014/09/22 11:15:16: F/W Version: 00.00.08
2014/09/22 11:15:16:
2014/09/22 11:15:16: MasterKey Key Entry ... OK
2014/09/22 11:15:16: PowerON Counter Key Entry ... OK
2014/09/22 11:15:16: Key Entry ... OK
2014/09/22 11:15:16: Complete.
2014/09/22 11:15:16: COM PORT CLOSE ... OK
2014/09/22 11:15:16: 
2014/09/22 11:15:16: ==== Processing was completed ====
2014/09/22 11:15:16: 
*************************************************


*********** Start the Initialize Key Check **********
2014/09/22 11:17:44: Tool Ver: 2013.0605.01
2014/09/22 11:17:44: COM PORT OPEN ... OK
2014/09/22 11:17:44:
2014/09/22 11:17:44: ProductS/N:  VRW06A114900275
2014/09/22 11:17:44: TID: 86040B21CAE52080
2014/09/22 11:17:44: F/W Version: 00.00.08
2014/09/22 11:17:44:
2014/09/22 11:17:44: MasterKey Key Entry ... OK
2014/09/22 11:17:44: PowerON Counter Key Entry ... OK
2014/09/22 11:17:45: Key Entry ... OK
2014/09/22 11:17:45: Complete.
2014/09/22 11:17:45: COM PORT CLOSE ... OK
2014/09/22 11:17:45: 
2014/09/22 11:17:45: ==== Processing was completed ====
2014/09/22 11:17:45: 
*************************************************


*********** Start the Initialize Key Check **********
2014/09/22 11:29:05: Tool Ver: 2013.0605.01
2014/09/22 11:29:05: COM PORT OPEN ... OK
2014/09/22 11:29:05:
2014/09/22 11:29:05: ProductS/N:  VRW06A114900282
2014/09/22 11:29:05: TID: 860434133AE62080
2014/09/22 11:29:05: F/W Version: 00.00.08
2014/09/22 11:29:05:
2014/09/22 11:29:05: MasterKey Key Entry ... OK
2014/09/22 11:29:05: PowerON Counter Key Entry ... OK
2014/09/22 11:29:06: Key Entry ... OK
2014/09/22 11:29:06: Complete.
2014/09/22 11:29:06: COM PORT CLOSE ... OK
2014/09/22 11:29:06: 
2014/09/22 11:29:06: ==== Processing was completed ====
2014/09/22 11:29:06: 
*************************************************


*********** Start the Initialize Key Check **********
2014/09/22 11:37:01: Tool Ver: 2013.0605.01
2014/09/22 11:37:01: COM PORT OPEN ... OK
2014/09/22 11:37:02:
2014/09/22 11:37:02: ProductS/N:  VRW06A114900285
2014/09/22 11:37:02: TID: 860407173AE62080
2014/09/22 11:37:02: F/W Version: 00.00.08
2014/09/22 11:37:02:
2014/09/22 11:37:02: MasterKey Key Entry ... OK
2014/09/22 11:37:02: PowerON Counter Key Entry ... OK
2014/09/22 11:37:02: Key Entry ... OK
2014/09/22 11:37:02: Complete.
2014/09/22 11:37:02: COM PORT CLOSE ... OK
2014/09/22 11:37:02: 
2014/09/22 11:37:02: ==== Processing was completed ====
2014/09/22 11:37:02: 
*************************************************


*********** Start the Initialize Key Check **********
2014/09/22 11:43:24: Tool Ver: 2013.0605.01
2014/09/22 11:43:24: COM PORT OPEN ... OK
2014/09/22 11:43:24:
2014/09/22 11:43:24: ProductS/N:  VRW06A114900287
2014/09/22 11:43:24: TID: 8604072FCAE52080
2014/09/22 11:43:24: F/W Version: 00.00.08
2014/09/22 11:43:24:
2014/09/22 11:43:24: MasterKey Key Entry ... OK
2014/09/22 11:43:24: PowerON Counter Key Entry ... OK
2014/09/22 11:43:25: Key Entry ... OK
2014/09/22 11:43:25: Complete.
2014/09/22 11:43:25: COM PORT CLOSE ... OK
2014/09/22 11:43:25: 
2014/09/22 11:43:25: ==== Processing was completed ====
2014/09/22 11:43:25: 
*************************************************


*********** Start the Initialize Key Check **********
2014/09/22 11:46:02: Tool Ver: 2013.0605.01
2014/09/22 11:46:02: COM PORT OPEN ... OK
2014/09/22 11:46:02:
2014/09/22 11:46:02: ProductS/N:  VRW06A114900264
2014/09/22 11:46:02: TID: 860441282AE62080
2014/09/22 11:46:02: F/W Version: 00.00.08
2014/09/22 11:46:02:
2014/09/22 11:46:02: MasterKey Key Entry ... OK
2014/09/22 11:46:02: PowerON Counter Key Entry ... OK
2014/09/22 11:46:03: Key Entry ... OK
2014/09/22 11:46:03: Complete.
2014/09/22 11:46:03: COM PORT CLOSE ... OK
2014/09/22 11:46:03: 
2014/09/22 11:46:03: ==== Processing was completed ====
2014/09/22 11:46:03: 
*************************************************


*********** Start the Initialize Key Check **********
2014/09/22 12:55:28: Tool Ver: 2013.0605.01
2014/09/22 12:55:28: COM PORT OPEN ... OK
2014/09/22 12:55:28:
2014/09/22 12:55:28: ProductS/N:  VRW06A114900286
2014/09/22 12:55:28: TID: 8604342BCAE52080
2014/09/22 12:55:28: F/W Version: 00.00.08
2014/09/22 12:55:28:
2014/09/22 12:55:28: MasterKey Key Entry ... OK
2014/09/22 12:55:28: PowerON Counter Key Entry ... OK
2014/09/22 12:55:29: Key Entry ... OK
2014/09/22 12:55:29: Complete.
2014/09/22 12:55:29: COM PORT CLOSE ... OK
2014/09/22 12:55:29: 
2014/09/22 12:55:29: ==== Processing was completed ====
2014/09/22 12:55:29: 
*************************************************


*********** Start the Initialize Key Check **********
2014/09/22 13:02:15: Tool Ver: 2013.0605.01
2014/09/22 13:02:15: COM PORT OPEN ... OK
2014/09/22 13:02:15:
2014/09/22 13:02:15: ProductS/N:  VRW06A114900135
2014/09/22 13:02:15: TID: 8604222DCAE52080
2014/09/22 13:02:15: F/W Version: 00.00.08
2014/09/22 13:02:15:
2014/09/22 13:02:15: MasterKey Key Entry ... OK
2014/09/22 13:02:15: PowerON Counter Key Entry ... OK
2014/09/22 13:02:16: Key Entry ... OK
2014/09/22 13:02:16: Complete.
2014/09/22 13:02:16: COM PORT CLOSE ... OK
2014/09/22 13:02:16: 
2014/09/22 13:02:16: ==== Processing was completed ====
2014/09/22 13:02:16: 
*************************************************


*********** Start the Initialize Key Check **********
2014/09/22 13:08:44: Tool Ver: 2013.0605.01
2014/09/22 13:08:44: COM PORT OPEN ... OK
2014/09/22 13:08:44:
2014/09/22 13:08:44: ProductS/N:  VRW06A114900283
2014/09/22 13:08:44: TID: 8604412BCAE52080
2014/09/22 13:08:44: F/W Version: 00.00.08
2014/09/22 13:08:44:
2014/09/22 13:08:44: MasterKey Key Entry ... OK
2014/09/22 13:08:44: PowerON Counter Key Entry ... OK
2014/09/22 13:08:44: Key Entry ... OK
2014/09/22 13:08:44: Complete.
2014/09/22 13:08:44: COM PORT CLOSE ... OK
2014/09/22 13:08:44: 
2014/09/22 13:08:44: ==== Processing was completed ====
2014/09/22 13:08:44: 
*************************************************


*********** Start the Initialize Key Check **********
2014/09/22 13:19:40: Tool Ver: 2013.0605.01
2014/09/22 13:19:40: COM PORT OPEN ... OK
2014/09/22 13:19:40:
2014/09/22 13:19:40: ProductS/N:  VRW06A114900289
2014/09/22 13:19:40: TID: 860422103AE62080
2014/09/22 13:19:40: F/W Version: 00.00.08
2014/09/22 13:19:40:
2014/09/22 13:19:40: MasterKey Key Entry ... OK
2014/09/22 13:19:40: PowerON Counter Key Entry ... OK
2014/09/22 13:19:41: Key Entry ... OK
2014/09/22 13:19:41: Complete.
2014/09/22 13:19:41: COM PORT CLOSE ... OK
2014/09/22 13:19:41: 
2014/09/22 13:19:41: ==== Processing was completed ====
2014/09/22 13:19:41: 
*************************************************


*********** Start the Initialize Key Check **********
2014/09/22 13:30:33: Tool Ver: 2013.0605.01
2014/09/22 13:30:33: COM PORT OPEN ... OK
2014/09/22 13:30:33:
2014/09/22 13:30:33: ProductS/N:  VRW06A114900272
2014/09/22 13:30:33: TID: 86042726CAE52080
2014/09/22 13:30:33: F/W Version: 00.00.08
2014/09/22 13:30:33:
2014/09/22 13:30:33: MasterKey Key Entry ... OK
2014/09/22 13:30:33: PowerON Counter Key Entry ... OK
2014/09/22 13:30:34: Key Entry ... OK
2014/09/22 13:30:34: Complete.
2014/09/22 13:30:34: COM PORT CLOSE ... OK
2014/09/22 13:30:34: 
2014/09/22 13:30:34: ==== Processing was completed ====
2014/09/22 13:30:34: 
*************************************************


*********** Start the Initialize Key Check **********
2014/09/22 13:46:33: Tool Ver: 2013.0605.01
2014/09/22 13:46:33: COM PORT OPEN ... OK
2014/09/22 13:46:33:
2014/09/22 13:46:33: ProductS/N:  VRW06A114900254
2014/09/22 13:46:33: TID: 860432163AE62080
2014/09/22 13:46:33: F/W Version: 00.00.08
2014/09/22 13:46:33:
2014/09/22 13:46:33: MasterKey Key Entry ... OK
2014/09/22 13:46:33: PowerON Counter Key Entry ... OK
2014/09/22 13:46:34: Key Entry ... OK
2014/09/22 13:46:34: Complete.
2014/09/22 13:46:34: COM PORT CLOSE ... OK
2014/09/22 13:46:34: 
2014/09/22 13:46:34: ==== Processing was completed ====
2014/09/22 13:46:34: 
*************************************************


*********** Start the Initialize Key Check **********
2014/09/22 13:49:58: Tool Ver: 2013.0605.01
2014/09/22 13:49:58: COM PORT OPEN ... OK
2014/09/22 13:49:58:
2014/09/22 13:49:58: ProductS/N:  VRW06A114900291
2014/09/22 13:49:58: TID: 860435133AE62080
2014/09/22 13:49:58: F/W Version: 00.00.08
2014/09/22 13:49:58:
2014/09/22 13:49:58: MasterKey Key Entry ... OK
2014/09/22 13:49:58: PowerON Counter Key Entry ... OK
2014/09/22 13:49:58: Key Entry ... OK
2014/09/22 13:49:58: Complete.
2014/09/22 13:49:58: COM PORT CLOSE ... OK
2014/09/22 13:49:58: 
2014/09/22 13:49:58: ==== Processing was completed ====
2014/09/22 13:49:58: 
*************************************************


*********** Start the Initialize Key Check **********
2014/09/22 13:51:00: Tool Ver: 2013.0605.01
2014/09/22 13:51:00: COM PORT OPEN ... OK
2014/09/22 13:51:00:
2014/09/22 13:51:00: ProductS/N:  VRW06A114900289
2014/09/22 13:51:00: TID: 860422103AE62080
2014/09/22 13:51:00: F/W Version: 00.00.08
2014/09/22 13:51:00:
2014/09/22 13:51:00: MasterKey Key Entry ... OK
2014/09/22 13:51:00: PowerON Counter Key Entry ... OK
2014/09/22 13:51:01: Key Entry ... OK
2014/09/22 13:51:01: Complete.
2014/09/22 13:51:01: COM PORT CLOSE ... OK
2014/09/22 13:51:01: 
2014/09/22 13:51:01: ==== Processing was completed ====
2014/09/22 13:51:01: 
*************************************************


*********** Start the Initialize Key Check **********
2014/09/22 13:56:20: Tool Ver: 2013.0605.01
2014/09/22 13:56:20: COM PORT OPEN ... OK
2014/09/22 13:56:20:
2014/09/22 13:56:20: ProductS/N:  VRW06A114900270
2014/09/22 13:56:20: TID: 8604392B2AE62080
2014/09/22 13:56:20: F/W Version: 00.00.08
2014/09/22 13:56:20:
2014/09/22 13:56:20: MasterKey Key Entry ... OK
2014/09/22 13:56:20: PowerON Counter Key Entry ... OK
2014/09/22 13:56:20: Key Entry ... OK
2014/09/22 13:56:20: Complete.
2014/09/22 13:56:20: COM PORT CLOSE ... OK
2014/09/22 13:56:20: 
2014/09/22 13:56:20: ==== Processing was completed ====
2014/09/22 13:56:20: 
*************************************************


*********** Start the Initialize Key Check **********
2014/09/22 13:59:55: Tool Ver: 2013.0605.01
2014/09/22 13:59:55: COM PORT OPEN ... OK
2014/09/22 13:59:55:
2014/09/22 13:59:55: ProductS/N:  VRW06A114900302
2014/09/22 13:59:55: TID: 86043B2DCAE52080
2014/09/22 13:59:55: F/W Version: 00.00.08
2014/09/22 13:59:55:
2014/09/22 13:59:55: MasterKey Key Entry ... OK
2014/09/22 13:59:55: PowerON Counter Key Entry ... OK
2014/09/22 13:59:56: Key Entry ... OK
2014/09/22 13:59:56: Complete.
2014/09/22 13:59:56: COM PORT CLOSE ... OK
2014/09/22 13:59:56: 
2014/09/22 13:59:56: ==== Processing was completed ====
2014/09/22 13:59:56: 
*************************************************


*********** Start the Initialize Key Check **********
2014/09/22 14:01:38: Tool Ver: 2013.0605.01
2014/09/22 14:01:38: COM PORT OPEN ... OK
2014/09/22 14:01:38:
2014/09/22 14:01:38: ProductS/N:  VRW06A114900260
2014/09/22 14:01:38: TID: 86041335CAE52080
2014/09/22 14:01:38: F/W Version: 00.00.08
2014/09/22 14:01:38:
2014/09/22 14:01:38: MasterKey Key Entry ... OK
2014/09/22 14:01:38: PowerON Counter Key Entry ... OK
2014/09/22 14:01:39: Key Entry ... OK
2014/09/22 14:01:39: Complete.
2014/09/22 14:01:39: COM PORT CLOSE ... OK
2014/09/22 14:01:39: 
2014/09/22 14:01:39: ==== Processing was completed ====
2014/09/22 14:01:39: 
*************************************************


*********** Start the Initialize Key Check **********
2014/09/22 14:07:34: Tool Ver: 2013.0605.01
2014/09/22 14:07:34: COM PORT OPEN ... OK
2014/09/22 14:07:34:
2014/09/22 14:07:34: ProductS/N:  VRW06A114900294
2014/09/22 14:07:34: TID: 860419272AE62080
2014/09/22 14:07:34: F/W Version: 00.00.08
2014/09/22 14:07:34:
2014/09/22 14:07:34: MasterKey Key Entry ... OK
2014/09/22 14:07:34: PowerON Counter Key Entry ... OK
2014/09/22 14:07:35: Key Entry ... OK
2014/09/22 14:07:35: Complete.
2014/09/22 14:07:35: COM PORT CLOSE ... OK
2014/09/22 14:07:35: 
2014/09/22 14:07:35: ==== Processing was completed ====
2014/09/22 14:07:35: 
*************************************************


*********** Start the Initialize Key Check **********
2014/09/22 14:11:33: Tool Ver: 2013.0605.01
2014/09/22 14:11:33: COM PORT OPEN ... OK
2014/09/22 14:11:33:
2014/09/22 14:11:33: ProductS/N:  VRW06A114900293
2014/09/22 14:11:33: TID: 86042431CAE52080
2014/09/22 14:11:33: F/W Version: 00.00.08
2014/09/22 14:11:33:
2014/09/22 14:11:33: MasterKey Key Entry ... OK
2014/09/22 14:11:33: PowerON Counter Key Entry ... OK
2014/09/22 14:11:34: Key Entry ... OK
2014/09/22 14:11:34: Complete.
2014/09/22 14:11:34: COM PORT CLOSE ... OK
2014/09/22 14:11:34: 
2014/09/22 14:11:34: ==== Processing was completed ====
2014/09/22 14:11:34: 
*************************************************


*********** Start the Initialize Key Check **********
2014/09/22 14:23:47: Tool Ver: 2013.0605.01
2014/09/22 14:23:47: COM PORT OPEN ... OK
2014/09/22 14:23:48:
2014/09/22 14:23:48: ProductS/N:  VRW06A114900254
2014/09/22 14:23:48: TID: 860432163AE62080
2014/09/22 14:23:48: F/W Version: 00.00.08
2014/09/22 14:23:48:
2014/09/22 14:23:48: MasterKey Key Entry ... OK
2014/09/22 14:23:48: PowerON Counter Key Entry ... OK
2014/09/22 14:23:48: Key Entry ... OK
2014/09/22 14:23:48: Complete.
2014/09/22 14:23:48: COM PORT CLOSE ... OK
2014/09/22 14:23:48: 
2014/09/22 14:23:48: ==== Processing was completed ====
2014/09/22 14:23:48: 
*************************************************


*********** Start the Initialize Key Check **********
2014/09/22 14:29:08: Tool Ver: 2013.0605.01
2014/09/22 14:29:08: COM PORT OPEN ... OK
2014/09/22 14:29:08:
2014/09/22 14:29:08: ProductS/N:  VRW06A114900306
2014/09/22 14:29:08: TID: 86043F32CAE52080
2014/09/22 14:29:08: F/W Version: 00.00.08
2014/09/22 14:29:08:
2014/09/22 14:29:08: MasterKey Key Entry ... OK
2014/09/22 14:29:08: PowerON Counter Key Entry ... OK
2014/09/22 14:29:09: Key Entry ... OK
2014/09/22 14:29:09: Complete.
2014/09/22 14:29:09: COM PORT CLOSE ... OK
2014/09/22 14:29:09: 
2014/09/22 14:29:09: ==== Processing was completed ====
2014/09/22 14:29:09: 
*************************************************


*********** Start the Initialize Key Check **********
2014/09/22 14:31:14: Tool Ver: 2013.0605.01
2014/09/22 14:31:14: COM PORT OPEN ... OK
2014/09/22 14:31:14:
2014/09/22 14:31:14: ProductS/N:  VRW06A114900295
2014/09/22 14:31:14: TID: 86042A222AE62080
2014/09/22 14:31:14: F/W Version: 00.00.08
2014/09/22 14:31:14:
2014/09/22 14:31:14: MasterKey Key Entry ... OK
2014/09/22 14:31:14: PowerON Counter Key Entry ... OK
2014/09/22 14:31:15: Key Entry ... OK
2014/09/22 14:31:15: Complete.
2014/09/22 14:31:15: COM PORT CLOSE ... OK
2014/09/22 14:31:15: 
2014/09/22 14:31:15: ==== Processing was completed ====
2014/09/22 14:31:15: 
*************************************************


*********** Start the Initialize Key Check **********
2014/09/22 14:34:29: Tool Ver: 2013.0605.01
2014/09/22 14:34:29: COM PORT OPEN ... OK
2014/09/22 14:34:30:
2014/09/22 14:34:30: ProductS/N:  VRW06A114900281
2014/09/22 14:34:30: TID: 86041721CAE52080
2014/09/22 14:34:30: F/W Version: 00.00.08
2014/09/22 14:34:30:
2014/09/22 14:34:30: MasterKey Key Entry ... OK
2014/09/22 14:34:30: PowerON Counter Key Entry ... OK
2014/09/22 14:34:30: Key Entry ... OK
2014/09/22 14:34:30: Complete.
2014/09/22 14:34:30: COM PORT CLOSE ... OK
2014/09/22 14:34:30: 
2014/09/22 14:34:30: ==== Processing was completed ====
2014/09/22 14:34:30: 
*************************************************


*********** Start the Initialize Key Check **********
2014/09/22 14:38:10: Tool Ver: 2013.0605.01
2014/09/22 14:38:10: COM PORT OPEN ... OK
2014/09/22 14:38:10:
2014/09/22 14:38:10: ProductS/N:  VRW06A114900309
2014/09/22 14:38:11: TID: 86040B1B3AE62080
2014/09/22 14:38:11: F/W Version: 00.00.08
2014/09/22 14:38:11:
2014/09/22 14:38:11: MasterKey Key Entry ... OK
2014/09/22 14:38:11: PowerON Counter Key Entry ... OK
2014/09/22 14:38:11: Key Entry ... OK
2014/09/22 14:38:11: Complete.
2014/09/22 14:38:11: COM PORT CLOSE ... OK
2014/09/22 14:38:11: 
2014/09/22 14:38:11: ==== Processing was completed ====
2014/09/22 14:38:11: 
*************************************************


*********** Start the Initialize Key Check **********
2014/09/22 14:42:04: Tool Ver: 2013.0605.01
2014/09/22 14:42:04: COM PORT OPEN ... OK
2014/09/22 14:42:04:
2014/09/22 14:42:04: ProductS/N:  VRW06A114900314
2014/09/22 14:42:04: TID: 8604362FCAE52080
2014/09/22 14:42:04: F/W Version: 00.00.08
2014/09/22 14:42:04:
2014/09/22 14:42:04: MasterKey Key Entry ... OK
2014/09/22 14:42:04: PowerON Counter Key Entry ... OK
2014/09/22 14:42:05: Key Entry ... OK
2014/09/22 14:42:05: Complete.
2014/09/22 14:42:05: COM PORT CLOSE ... OK
2014/09/22 14:42:05: 
2014/09/22 14:42:05: ==== Processing was completed ====
2014/09/22 14:42:05: 
*************************************************


*********** Start the Initialize Key Check **********
2014/09/22 14:45:14: Tool Ver: 2013.0605.01
2014/09/22 14:45:14: COM PORT OPEN ... OK
2014/09/22 14:45:14:
2014/09/22 14:45:14: ProductS/N:  VRW06A114900307
2014/09/22 14:45:14: TID: 8604112FCAE52080
2014/09/22 14:45:14: F/W Version: 00.00.08
2014/09/22 14:45:14:
2014/09/22 14:45:14: MasterKey Key Entry ... OK
2014/09/22 14:45:14: PowerON Counter Key Entry ... OK
2014/09/22 14:45:15: Key Entry ... OK
2014/09/22 14:45:15: Complete.
2014/09/22 14:45:15: COM PORT CLOSE ... OK
2014/09/22 14:45:15: 
2014/09/22 14:45:15: ==== Processing was completed ====
2014/09/22 14:45:15: 
*************************************************


*********** Start the Initialize Key Check **********
2014/09/22 14:48:56: Tool Ver: 2013.0605.01
2014/09/22 14:48:56: COM PORT OPEN ... OK
2014/09/22 14:48:56:
2014/09/22 14:48:56: ProductS/N:  VRW06A114900305
2014/09/22 14:48:57: TID: 8604042ACAE52080
2014/09/22 14:48:57: F/W Version: 00.00.08
2014/09/22 14:48:57:
2014/09/22 14:48:57: MasterKey Key Entry ... OK
2014/09/22 14:48:57: PowerON Counter Key Entry ... OK
2014/09/22 14:48:57: Key Entry ... OK
2014/09/22 14:48:57: Complete.
2014/09/22 14:48:57: COM PORT CLOSE ... OK
2014/09/22 14:48:57: 
2014/09/22 14:48:57: ==== Processing was completed ====
2014/09/22 14:48:57: 
*************************************************


*********** Start the Initialize Key Check **********
2014/09/22 14:52:16: Tool Ver: 2013.0605.01
2014/09/22 14:52:16: COM PORT OPEN ... OK
2014/09/22 14:52:16:
2014/09/22 14:52:16: ProductS/N:  VRW06A114900315
2014/09/22 14:52:16: TID: 8604142ACAE52080
2014/09/22 14:52:16: F/W Version: 00.00.08
2014/09/22 14:52:16:
2014/09/22 14:52:16: MasterKey Key Entry ... OK
2014/09/22 14:52:16: PowerON Counter Key Entry ... OK
2014/09/22 14:52:17: Key Entry ... OK
2014/09/22 14:52:17: Complete.
2014/09/22 14:52:17: COM PORT CLOSE ... OK
2014/09/22 14:52:17: 
2014/09/22 14:52:17: ==== Processing was completed ====
2014/09/22 14:52:17: 
*************************************************


*********** Start the Initialize Key Check **********
2014/09/22 14:56:03: Tool Ver: 2013.0605.01
2014/09/22 14:56:03: COM PORT OPEN ... OK
2014/09/22 14:56:03:
2014/09/22 14:56:03: ProductS/N:  VRW06A114900303
2014/09/22 14:56:03: TID: 86043B27CAE52080
2014/09/22 14:56:03: F/W Version: 00.00.08
2014/09/22 14:56:03:
2014/09/22 14:56:03: MasterKey Key Entry ... OK
2014/09/22 14:56:03: PowerON Counter Key Entry ... OK
2014/09/22 14:56:04: Key Entry ... OK
2014/09/22 14:56:04: Complete.
2014/09/22 14:56:04: COM PORT CLOSE ... OK
2014/09/22 14:56:04: 
2014/09/22 14:56:04: ==== Processing was completed ====
2014/09/22 14:56:04: 
*************************************************


*********** Start the Initialize Key Check **********
2014/09/22 15:12:48: Tool Ver: 2013.0605.01
2014/09/22 15:12:48: COM PORT OPEN ... OK
2014/09/22 15:12:48:
2014/09/22 15:12:48: ProductS/N:  VRW06A114900300
2014/09/22 15:12:48: TID: 86040C2BCAE52080
2014/09/22 15:12:48: F/W Version: 00.00.08
2014/09/22 15:12:48:
2014/09/22 15:12:48: MasterKey Key Entry ... OK
2014/09/22 15:12:48: PowerON Counter Key Entry ... OK
2014/09/22 15:12:49: Key Entry ... OK
2014/09/22 15:12:49: Complete.
2014/09/22 15:12:49: COM PORT CLOSE ... OK
2014/09/22 15:12:49: 
2014/09/22 15:12:49: ==== Processing was completed ====
2014/09/22 15:12:49: 
*************************************************


*********** Start the Initialize Key Check **********
2014/09/22 15:15:14: Tool Ver: 2013.0605.01
2014/09/22 15:15:14: COM PORT OPEN ... OK
2014/09/22 15:15:15:
2014/09/22 15:15:15: ProductS/N:  VRW06A114900318
2014/09/22 15:15:15: TID: 860434173AE62080
2014/09/22 15:15:15: F/W Version: 00.00.08
2014/09/22 15:15:15:
2014/09/22 15:15:15: MasterKey Key Entry ... OK
2014/09/22 15:15:15: PowerON Counter Key Entry ... OK
2014/09/22 15:15:15: Key Entry ... OK
2014/09/22 15:15:15: Complete.
2014/09/22 15:15:15: COM PORT CLOSE ... OK
2014/09/22 15:15:15: 
2014/09/22 15:15:15: ==== Processing was completed ====
2014/09/22 15:15:15: 
*************************************************


*********** Start the Initialize Key Check **********
2014/09/22 15:17:23: Tool Ver: 2013.0605.01
2014/09/22 15:17:23: COM PORT OPEN ... OK
2014/09/22 15:17:24:
2014/09/22 15:17:24: ProductS/N:  VRW06A114900288
2014/09/22 15:17:24: TID: 86041532CAE52080
2014/09/22 15:17:24: F/W Version: 00.00.08
2014/09/22 15:17:24:
2014/09/22 15:17:24: MasterKey Key Entry ... OK
2014/09/22 15:17:24: PowerON Counter Key Entry ... OK
2014/09/22 15:17:24: Key Entry ... OK
2014/09/22 15:17:24: Complete.
2014/09/22 15:17:24: COM PORT CLOSE ... OK
2014/09/22 15:17:24: 
2014/09/22 15:17:24: ==== Processing was completed ====
2014/09/22 15:17:24: 
*************************************************


*********** Start the Initialize Key Check **********
2014/09/22 15:20:02: Tool Ver: 2013.0605.01
2014/09/22 15:20:02: COM PORT OPEN ... OK
2014/09/22 15:20:02:
2014/09/22 15:20:02: ProductS/N:  VRW06A114900308
2014/09/22 15:20:02: TID: 8604381F2AE62080
2014/09/22 15:20:02: F/W Version: 00.00.08
2014/09/22 15:20:02:
2014/09/22 15:20:02: MasterKey Key Entry ... OK
2014/09/22 15:20:02: PowerON Counter Key Entry ... OK
2014/09/22 15:20:02: Key Entry ... OK
2014/09/22 15:20:02: Complete.
2014/09/22 15:20:02: COM PORT CLOSE ... OK
2014/09/22 15:20:02: 
2014/09/22 15:20:02: ==== Processing was completed ====
2014/09/22 15:20:02: 
*************************************************


*********** Start the Initialize Key Check **********
2014/09/22 15:23:11: Tool Ver: 2013.0605.01
2014/09/22 15:23:11: COM PORT OPEN ... OK
2014/09/22 15:23:12:
2014/09/22 15:23:12: ProductS/N:  VRW06A114900313
2014/09/22 15:23:12: TID: 86040F32CAE52080
2014/09/22 15:23:12: F/W Version: 00.00.08
2014/09/22 15:23:12:
2014/09/22 15:23:12: MasterKey Key Entry ... OK
2014/09/22 15:23:12: PowerON Counter Key Entry ... OK
2014/09/22 15:23:12: Key Entry ... OK
2014/09/22 15:23:12: Complete.
2014/09/22 15:23:12: COM PORT CLOSE ... OK
2014/09/22 15:23:12: 
2014/09/22 15:23:12: ==== Processing was completed ====
2014/09/22 15:23:12: 
*************************************************


*********** Start the Initialize Key Check **********
2014/09/22 15:26:31: Tool Ver: 2013.0605.01
2014/09/22 15:26:31: COM PORT OPEN ... OK
2014/09/22 15:26:31:
2014/09/22 15:26:31: ProductS/N:  VRW06A114900316
2014/09/22 15:26:31: TID: 86041C2DCAE52080
2014/09/22 15:26:31: F/W Version: 00.00.08
2014/09/22 15:26:31:
2014/09/22 15:26:31: MasterKey Key Entry ... OK
2014/09/22 15:26:31: PowerON Counter Key Entry ... OK
2014/09/22 15:26:31: Key Entry ... OK
2014/09/22 15:26:31: Complete.
2014/09/22 15:26:31: COM PORT CLOSE ... OK
2014/09/22 15:26:31: 
2014/09/22 15:26:31: ==== Processing was completed ====
2014/09/22 15:26:31: 
*************************************************


*********** Start the Initialize Key Check **********
2014/09/22 15:30:03: Tool Ver: 2013.0605.01
2014/09/22 15:30:03: COM PORT OPEN ... OK
2014/09/22 15:30:03:
2014/09/22 15:30:03: ProductS/N:  VRW06A114900310
2014/09/22 15:30:03: TID: 860437282AE62080
2014/09/22 15:30:03: F/W Version: 00.00.08
2014/09/22 15:30:03:
2014/09/22 15:30:03: MasterKey Key Entry ... OK
2014/09/22 15:30:03: PowerON Counter Key Entry ... OK
2014/09/22 15:30:04: Key Entry ... OK
2014/09/22 15:30:04: Complete.
2014/09/22 15:30:04: COM PORT CLOSE ... OK
2014/09/22 15:30:04: 
2014/09/22 15:30:04: ==== Processing was completed ====
2014/09/22 15:30:04: 
*************************************************


*********** Start the Initialize Key Check **********
2014/09/22 15:32:52: Tool Ver: 2013.0605.01
2014/09/22 15:32:52: COM PORT OPEN ... OK
2014/09/22 15:32:52:
2014/09/22 15:32:52: ProductS/N:  VRW06A114900304
2014/09/22 15:32:52: TID: 86043F2ECAE52080
2014/09/22 15:32:52: F/W Version: 00.00.08
2014/09/22 15:32:52:
2014/09/22 15:32:52: MasterKey Key Entry ... OK
2014/09/22 15:32:52: PowerON Counter Key Entry ... OK
2014/09/22 15:32:52: Key Entry ... OK
2014/09/22 15:32:52: Complete.
2014/09/22 15:32:52: COM PORT CLOSE ... OK
2014/09/22 15:32:52: 
2014/09/22 15:32:52: ==== Processing was completed ====
2014/09/22 15:32:52: 
*************************************************


*********** Start the Initialize Key Check **********
2014/09/22 15:35:26: Tool Ver: 2013.0605.01
2014/09/22 15:35:26: COM PORT OPEN ... OK
2014/09/22 15:35:26:
2014/09/22 15:35:26: ProductS/N:  VRW06A114900284
2014/09/22 15:35:26: TID: 860439103AE62080
2014/09/22 15:35:26: F/W Version: 00.00.08
2014/09/22 15:35:26:
2014/09/22 15:35:26: MasterKey Key Entry ... OK
2014/09/22 15:35:26: PowerON Counter Key Entry ... OK
2014/09/22 15:35:27: Key Entry ... OK
2014/09/22 15:35:27: Complete.
2014/09/22 15:35:27: COM PORT CLOSE ... OK
2014/09/22 15:35:27: 
2014/09/22 15:35:27: ==== Processing was completed ====
2014/09/22 15:35:27: 
*************************************************


*********** Start the Initialize Key Check **********
2014/09/22 15:39:02: Tool Ver: 2013.0605.01
2014/09/22 15:39:02: COM PORT OPEN ... OK
2014/09/22 15:39:02:
2014/09/22 15:39:02: ProductS/N:  VRW06A114900297
2014/09/22 15:39:02: TID: 86042F31CAE52080
2014/09/22 15:39:02: F/W Version: 00.00.08
2014/09/22 15:39:02:
2014/09/22 15:39:02: MasterKey Key Entry ... OK
2014/09/22 15:39:02: PowerON Counter Key Entry ... OK
2014/09/22 15:39:03: Key Entry ... OK
2014/09/22 15:39:03: Complete.
2014/09/22 15:39:03: COM PORT CLOSE ... OK
2014/09/22 15:39:03: 
2014/09/22 15:39:03: ==== Processing was completed ====
2014/09/22 15:39:03: 
*************************************************


*********** Start the Initialize Key Check **********
2014/09/22 15:42:58: Tool Ver: 2013.0605.01
2014/09/22 15:42:58: COM PORT OPEN ... OK
2014/09/22 15:42:58:
2014/09/22 15:42:58: ProductS/N:  VRW06A114900322
2014/09/22 15:42:58: TID: 86042F242AE62080
2014/09/22 15:42:58: F/W Version: 00.00.08
2014/09/22 15:42:58:
2014/09/22 15:42:58: MasterKey Key Entry ... OK
2014/09/22 15:42:58: PowerON Counter Key Entry ... OK
2014/09/22 15:42:58: Key Entry ... OK
2014/09/22 15:42:58: Complete.
2014/09/22 15:42:58: COM PORT CLOSE ... OK
2014/09/22 15:42:58: 
2014/09/22 15:42:58: ==== Processing was completed ====
2014/09/22 15:42:58: 
*************************************************


*********** Start the Initialize Key Check **********
2014/09/22 15:47:25: Tool Ver: 2013.0605.01
2014/09/22 15:47:25: COM PORT OPEN ... OK
2014/09/22 15:47:26:
2014/09/22 15:47:26: ProductS/N:  VRW06A114900290
2014/09/22 15:47:26: TID: 860424163AE62080
2014/09/22 15:47:26: F/W Version: 00.00.08
2014/09/22 15:47:26:
2014/09/22 15:47:26: MasterKey Key Entry ... OK
2014/09/22 15:47:26: PowerON Counter Key Entry ... OK
2014/09/22 15:47:26: Key Entry ... OK
2014/09/22 15:47:26: Complete.
2014/09/22 15:47:26: COM PORT CLOSE ... OK
2014/09/22 15:47:26: 
2014/09/22 15:47:26: ==== Processing was completed ====
2014/09/22 15:47:26: 
*************************************************


*********** Start the Initialize Key Check **********
2014/09/22 15:50:25: Tool Ver: 2013.0605.01
2014/09/22 15:50:25: COM PORT OPEN ... OK
2014/09/22 15:50:25:
2014/09/22 15:50:25: ProductS/N:  VRW06A114900296
2014/09/22 15:50:25: TID: 86042C23CAE52080
2014/09/22 15:50:25: F/W Version: 00.00.08
2014/09/22 15:50:25:
2014/09/22 15:50:25: MasterKey Key Entry ... OK
2014/09/22 15:50:25: PowerON Counter Key Entry ... OK
2014/09/22 15:50:26: Key Entry ... OK
2014/09/22 15:50:26: Complete.
2014/09/22 15:50:26: COM PORT CLOSE ... OK
2014/09/22 15:50:26: 
2014/09/22 15:50:26: ==== Processing was completed ====
2014/09/22 15:50:26: 
*************************************************


*********** Start the Initialize Key Check **********
2014/09/22 15:54:51: Tool Ver: 2013.0605.01
2014/09/22 15:54:51: COM PORT OPEN ... OK
2014/09/22 15:54:51:
2014/09/22 15:54:51: ProductS/N:  VRW06A114900292
2014/09/22 15:54:51: TID: 860428133AE62080
2014/09/22 15:54:51: F/W Version: 00.00.08
2014/09/22 15:54:51:
2014/09/22 15:54:51: MasterKey Key Entry ... OK
2014/09/22 15:54:51: PowerON Counter Key Entry ... OK
2014/09/22 15:54:52: Key Entry ... OK
2014/09/22 15:54:52: Complete.
2014/09/22 15:54:52: COM PORT CLOSE ... OK
2014/09/22 15:54:52: 
2014/09/22 15:54:52: ==== Processing was completed ====
2014/09/22 15:54:52: 
*************************************************


*********** Start the Initialize Key Check **********
2014/09/22 15:58:22: Tool Ver: 2013.0605.01
2014/09/22 15:58:22: COM PORT OPEN ... OK
2014/09/22 15:58:22:
2014/09/22 15:58:22: ProductS/N:  VRW06A114900328
2014/09/22 15:58:22: TID: 86041B2FCAE52080
2014/09/22 15:58:22: F/W Version: 00.00.08
2014/09/22 15:58:22:
2014/09/22 15:58:22: MasterKey Key Entry ... OK
2014/09/22 15:58:22: PowerON Counter Key Entry ... OK
2014/09/22 15:58:23: Key Entry ... OK
2014/09/22 15:58:23: Complete.
2014/09/22 15:58:23: COM PORT CLOSE ... OK
2014/09/22 15:58:23: 
2014/09/22 15:58:23: ==== Processing was completed ====
2014/09/22 15:58:23: 
*************************************************


*********** Start the Initialize Key Check **********
2014/09/22 16:12:08: Tool Ver: 2013.0605.01
2014/09/22 16:12:08: COM PORT OPEN ... OK
2014/09/22 16:12:08:
2014/09/22 16:12:08: ProductS/N:  VRW06A114900311
2014/09/22 16:12:08: TID: 860411103AE62080
2014/09/22 16:12:08: F/W Version: 00.00.08
2014/09/22 16:12:08:
2014/09/22 16:12:08: MasterKey Key Entry ... OK
2014/09/22 16:12:08: PowerON Counter Key Entry ... OK
2014/09/22 16:12:09: Key Entry ... OK
2014/09/22 16:12:09: Complete.
2014/09/22 16:12:09: COM PORT CLOSE ... OK
2014/09/22 16:12:09: 
2014/09/22 16:12:09: ==== Processing was completed ====
2014/09/22 16:12:09: 
*************************************************


*********** Start the Initialize Key Check **********
2014/09/22 16:15:52: Tool Ver: 2013.0605.01
2014/09/22 16:15:52: COM PORT OPEN ... OK
2014/09/22 16:15:52:
2014/09/22 16:15:52: ProductS/N:  VRW06A114900298
2014/09/22 16:15:52: TID: 8604262ACAE52080
2014/09/22 16:15:52: F/W Version: 00.00.08
2014/09/22 16:15:52:
2014/09/22 16:15:52: MasterKey Key Entry ... OK
2014/09/22 16:15:52: PowerON Counter Key Entry ... OK
2014/09/22 16:15:53: Key Entry ... OK
2014/09/22 16:15:53: Complete.
2014/09/22 16:15:53: COM PORT CLOSE ... OK
2014/09/22 16:15:53: 
2014/09/22 16:15:53: ==== Processing was completed ====
2014/09/22 16:15:53: 
*************************************************


*********** Start the Initialize Key Check **********
2014/09/22 16:18:03: Tool Ver: 2013.0605.01
2014/09/22 16:18:03: COM PORT OPEN ... OK
2014/09/22 16:18:03:
2014/09/22 16:18:03: ProductS/N:  VRW06A114900309
2014/09/22 16:18:03: TID: 86040B1B3AE62080
2014/09/22 16:18:03: F/W Version: 00.00.08
2014/09/22 16:18:03:
2014/09/22 16:18:03: MasterKey Key Entry ... OK
2014/09/22 16:18:03: PowerON Counter Key Entry ... OK
2014/09/22 16:18:04: Key Entry ... OK
2014/09/22 16:18:04: Complete.
2014/09/22 16:18:04: COM PORT CLOSE ... OK
2014/09/22 16:18:04: 
2014/09/22 16:18:04: ==== Processing was completed ====
2014/09/22 16:18:04: 
*************************************************


*********** Start the Initialize Key Check **********
2014/09/22 16:24:45: Tool Ver: 2013.0605.01
2014/09/22 16:24:45: COM PORT OPEN ... OK
2014/09/22 16:24:45:
2014/09/22 16:24:45: ProductS/N:  VRW06A114900253
2014/09/22 16:24:45: TID: 86042B34CAE52080
2014/09/22 16:24:45: F/W Version: 00.00.08
2014/09/22 16:24:45:
2014/09/22 16:24:45: MasterKey Key Entry ... OK
2014/09/22 16:24:45: PowerON Counter Key Entry ... OK
2014/09/22 16:24:46: Key Entry ... OK
2014/09/22 16:24:46: Complete.
2014/09/22 16:24:46: COM PORT CLOSE ... OK
2014/09/22 16:24:46: 
2014/09/22 16:24:46: ==== Processing was completed ====
2014/09/22 16:24:46: 
*************************************************


*********** Start the Initialize Key Check **********
2014/09/22 16:29:46: Tool Ver: 2013.0605.01
2014/09/22 16:29:46: COM PORT OPEN ... OK
2014/09/22 16:29:46:
2014/09/22 16:29:46: ProductS/N:  VRW06A114900299
2014/09/22 16:29:46: TID: 86042D212AE62080
2014/09/22 16:29:46: F/W Version: 00.00.08
2014/09/22 16:29:46:
2014/09/22 16:29:46: MasterKey Key Entry ... OK
2014/09/22 16:29:46: PowerON Counter Key Entry ... OK
2014/09/22 16:29:47: Key Entry ... OK
2014/09/22 16:29:47: Complete.
2014/09/22 16:29:47: COM PORT CLOSE ... OK
2014/09/22 16:29:47: 
2014/09/22 16:29:47: ==== Processing was completed ====
2014/09/22 16:29:47: 
*************************************************


*********** Start the Initialize Key Check **********
2014/09/22 16:38:58: Tool Ver: 2013.0605.01
2014/09/22 16:38:58: COM PORT OPEN ... OK
2014/09/22 16:38:58:
2014/09/22 16:38:58: ProductS/N:  VRW06A114900314
2014/09/22 16:38:58: TID: 8604362FCAE52080
2014/09/22 16:38:58: F/W Version: 00.00.08
2014/09/22 16:38:58:
2014/09/22 16:38:58: MasterKey Key Entry ... OK
2014/09/22 16:38:58: PowerON Counter Key Entry ... OK
2014/09/22 16:38:58: Key Entry ... OK
2014/09/22 16:38:58: Complete.
2014/09/22 16:38:58: COM PORT CLOSE ... OK
2014/09/22 16:38:58: 
2014/09/22 16:38:58: ==== Processing was completed ====
2014/09/22 16:38:58: 
*************************************************


*********** Start the Initialize Key Check **********
2014/09/22 16:41:40: Tool Ver: 2013.0605.01
2014/09/22 16:41:40: COM PORT OPEN ... OK
2014/09/22 16:41:40:
2014/09/22 16:41:40: ProductS/N:  VRW06A114900338
2014/09/22 16:41:41: TID: 8604331D2AE62080
2014/09/22 16:41:41: F/W Version: 00.00.08
2014/09/22 16:41:41:
2014/09/22 16:41:41: MasterKey Key Entry ... OK
2014/09/22 16:41:41: PowerON Counter Key Entry ... OK
2014/09/22 16:41:41: Key Entry ... OK
2014/09/22 16:41:41: Complete.
2014/09/22 16:41:41: COM PORT CLOSE ... OK
2014/09/22 16:41:41: 
2014/09/22 16:41:41: ==== Processing was completed ====
2014/09/22 16:41:41: 
*************************************************


*********** Start the Initialize Key Check **********
2014/09/22 16:42:45: Tool Ver: 2013.0605.01
2014/09/22 16:42:45: COM PORT OPEN ... OK
2014/09/22 16:42:45:
2014/09/22 16:42:45: ProductS/N:  VRW06A114900241
2014/09/22 16:42:45: TID: 86042D292AE62080
2014/09/22 16:42:45: F/W Version: 00.00.08
2014/09/22 16:42:45:
2014/09/22 16:42:45: MasterKey Key Entry ... OK
2014/09/22 16:42:45: PowerON Counter Key Entry ... OK
2014/09/22 16:42:46: Key Entry ... OK
2014/09/22 16:42:46: Complete.
2014/09/22 16:42:46: COM PORT CLOSE ... OK
2014/09/22 16:42:46: 
2014/09/22 16:42:46: ==== Processing was completed ====
2014/09/22 16:42:46: 
*************************************************


*********** Start the Initialize Key Check **********
2014/09/22 16:49:44: Tool Ver: 2013.0605.01
2014/09/22 16:49:44: COM PORT OPEN ... OK
2014/09/22 16:49:44:
2014/09/22 16:49:44: ProductS/N:  VRW06A114900341
2014/09/22 16:49:44: TID: 8604401D2AE62080
2014/09/22 16:49:44: F/W Version: 00.00.08
2014/09/22 16:49:44:
2014/09/22 16:49:44: MasterKey Key Entry ... OK
2014/09/22 16:49:44: PowerON Counter Key Entry ... OK
2014/09/22 16:49:45: Key Entry ... OK
2014/09/22 16:49:45: Complete.
2014/09/22 16:49:45: COM PORT CLOSE ... OK
2014/09/22 16:49:45: 
2014/09/22 16:49:45: ==== Processing was completed ====
2014/09/22 16:49:45: 
*************************************************


*********** Start the Initialize Key Check **********
2014/09/22 16:51:59: Tool Ver: 2013.0605.01
2014/09/22 16:51:59: COM PORT OPEN ... OK
2014/09/22 16:51:59:
2014/09/22 16:51:59: ProductS/N:  VRW06A114900339
2014/09/22 16:51:59: TID: 86040E232AE62080
2014/09/22 16:51:59: F/W Version: 00.00.08
2014/09/22 16:51:59:
2014/09/22 16:51:59: MasterKey Key Entry ... OK
2014/09/22 16:51:59: PowerON Counter Key Entry ... OK
2014/09/22 16:52:00: Key Entry ... OK
2014/09/22 16:52:00: Complete.
2014/09/22 16:52:00: COM PORT CLOSE ... OK
2014/09/22 16:52:00: 
2014/09/22 16:52:00: ==== Processing was completed ====
2014/09/22 16:52:00: 
*************************************************


*********** Start the Initialize Key Check **********
2014/09/22 16:54:48: Tool Ver: 2013.0605.01
2014/09/22 16:54:48: COM PORT OPEN ... OK
2014/09/22 16:54:48:
2014/09/22 16:54:48: ProductS/N:  VRW06A114900330
2014/09/22 16:54:48: TID: 860420202AE62080
2014/09/22 16:54:48: F/W Version: 00.00.08
2014/09/22 16:54:48:
2014/09/22 16:54:48: MasterKey Key Entry ... OK
2014/09/22 16:54:48: PowerON Counter Key Entry ... OK
2014/09/22 16:54:49: Key Entry ... OK
2014/09/22 16:54:49: Complete.
2014/09/22 16:54:49: COM PORT CLOSE ... OK
2014/09/22 16:54:49: 
2014/09/22 16:54:49: ==== Processing was completed ====
2014/09/22 16:54:49: 
*************************************************


*********** Start the Initialize Key Check **********
2014/09/22 16:57:30: Tool Ver: 2013.0605.01
2014/09/22 16:57:30: COM PORT OPEN ... OK
2014/09/22 16:57:30:
2014/09/22 16:57:30: ProductS/N:  VRW06A114900321
2014/09/22 16:57:30: TID: 860408262AE62080
2014/09/22 16:57:30: F/W Version: 00.00.08
2014/09/22 16:57:30:
2014/09/22 16:57:30: MasterKey Key Entry ... OK
2014/09/22 16:57:30: PowerON Counter Key Entry ... OK
2014/09/22 16:57:30: Key Entry ... OK
2014/09/22 16:57:30: Complete.
2014/09/22 16:57:30: COM PORT CLOSE ... OK
2014/09/22 16:57:30: 
2014/09/22 16:57:30: ==== Processing was completed ====
2014/09/22 16:57:30: 
*************************************************


*********** Start the Initialize Key Check **********
2014/09/22 17:33:59: Tool Ver: 2013.0605.01
2014/09/22 17:33:59: COM PORT OPEN ... OK
2014/09/22 17:34:00:
2014/09/22 17:34:00: ProductS/N:  VRW06A114900335
2014/09/22 17:34:00: TID: 860426232AE62080
2014/09/22 17:34:00: F/W Version: 00.00.08
2014/09/22 17:34:00:
2014/09/22 17:34:00: MasterKey Key Entry ... OK
2014/09/22 17:34:00: PowerON Counter Key Entry ... OK
2014/09/22 17:34:00: Key Entry ... OK
2014/09/22 17:34:00: Complete.
2014/09/22 17:34:00: COM PORT CLOSE ... OK
2014/09/22 17:34:00: 
2014/09/22 17:34:00: ==== Processing was completed ====
2014/09/22 17:34:00: 
*************************************************


*********** Start the Initialize Key Check **********
2014/09/22 17:38:05: Tool Ver: 2013.0605.01
2014/09/22 17:38:05: COM PORT OPEN ... OK
2014/09/22 17:38:05:
2014/09/22 17:38:05: ProductS/N:  VRW06A114900340
2014/09/22 17:38:05: TID: 8604202ACAE52080
2014/09/22 17:38:05: F/W Version: 00.00.08
2014/09/22 17:38:05:
2014/09/22 17:38:05: MasterKey Key Entry ... OK
2014/09/22 17:38:05: PowerON Counter Key Entry ... OK
2014/09/22 17:38:06: Key Entry ... OK
2014/09/22 17:38:06: Complete.
2014/09/22 17:38:06: COM PORT CLOSE ... OK
2014/09/22 17:38:06: 
2014/09/22 17:38:06: ==== Processing was completed ====
2014/09/22 17:38:06: 
*************************************************


*********** Start the Initialize Key Check **********
2014/09/22 17:43:01: Tool Ver: 2013.0605.01
2014/09/22 17:43:01: COM PORT OPEN ... OK
2014/09/22 17:43:01:
2014/09/22 17:43:01: ProductS/N:  VRW06A114900323
2014/09/22 17:43:01: TID: 8604322ECAE52080
2014/09/22 17:43:01: F/W Version: 00.00.08
2014/09/22 17:43:01:
2014/09/22 17:43:01: MasterKey Key Entry ... OK
2014/09/22 17:43:02: PowerON Counter Key Entry ... OK
2014/09/22 17:43:02: Key Entry ... OK
2014/09/22 17:43:02: Complete.
2014/09/22 17:43:02: COM PORT CLOSE ... OK
2014/09/22 17:43:02: 
2014/09/22 17:43:02: ==== Processing was completed ====
2014/09/22 17:43:02: 
*************************************************


*********** Start the Initialize Key Check **********
2014/09/22 17:46:56: Tool Ver: 2013.0605.01
2014/09/22 17:46:56: COM PORT OPEN ... OK
2014/09/22 17:46:56:
2014/09/22 17:46:56: ProductS/N:  VRW06A114900327
2014/09/22 17:46:56: TID: 86042336CAE52080
2014/09/22 17:46:56: F/W Version: 00.00.08
2014/09/22 17:46:56:
2014/09/22 17:46:56: MasterKey Key Entry ... OK
2014/09/22 17:46:56: PowerON Counter Key Entry ... OK
2014/09/22 17:46:57: Key Entry ... OK
2014/09/22 17:46:57: Complete.
2014/09/22 17:46:57: COM PORT CLOSE ... OK
2014/09/22 17:46:57: 
2014/09/22 17:46:57: ==== Processing was completed ====
2014/09/22 17:46:57: 
*************************************************


*********** Start the Initialize Key Check **********
2014/09/22 17:53:06: Tool Ver: 2013.0605.01
2014/09/22 17:53:06: COM PORT OPEN ... OK
2014/09/22 17:53:06:
2014/09/22 17:53:06: ProductS/N:  VRW06A114900334
2014/09/22 17:53:06: TID: 860442282AE62080
2014/09/22 17:53:06: F/W Version: 00.00.08
2014/09/22 17:53:06:
2014/09/22 17:53:06: MasterKey Key Entry ... OK
2014/09/22 17:53:06: PowerON Counter Key Entry ... OK
2014/09/22 17:53:07: Key Entry ... OK
2014/09/22 17:53:07: Complete.
2014/09/22 17:53:07: COM PORT CLOSE ... OK
2014/09/22 17:53:07: 
2014/09/22 17:53:07: ==== Processing was completed ====
2014/09/22 17:53:07: 
*************************************************


*********** Start the Initialize Key Check **********
2014/09/22 17:55:49: Tool Ver: 2013.0605.01
2014/09/22 17:55:49: COM PORT OPEN ... OK
2014/09/22 17:55:49:
2014/09/22 17:55:49: ProductS/N:  VRW06A114900337
2014/09/22 17:55:49: TID: 86044127CAE52080
2014/09/22 17:55:49: F/W Version: 00.00.08
2014/09/22 17:55:49:
2014/09/22 17:55:49: MasterKey Key Entry ... OK
2014/09/22 17:55:49: PowerON Counter Key Entry ... OK
2014/09/22 17:55:50: Key Entry ... OK
2014/09/22 17:55:50: Complete.
2014/09/22 17:55:50: COM PORT CLOSE ... OK
2014/09/22 17:55:50: 
2014/09/22 17:55:50: ==== Processing was completed ====
2014/09/22 17:55:50: 
*************************************************


*********** Start the Initialize Key Check **********
2014/09/22 18:01:38: Tool Ver: 2013.0605.01
2014/09/22 18:01:38: COM PORT OPEN ... OK
2014/09/22 18:01:38:
2014/09/22 18:01:38: ProductS/N:  VRW06A114900336
2014/09/22 18:01:38: TID: 860438212AE62080
2014/09/22 18:01:38: F/W Version: 00.00.08
2014/09/22 18:01:38:
2014/09/22 18:01:38: MasterKey Key Entry ... OK
2014/09/22 18:01:38: PowerON Counter Key Entry ... OK
2014/09/22 18:01:39: Key Entry ... OK
2014/09/22 18:01:39: Complete.
2014/09/22 18:01:39: COM PORT CLOSE ... OK
2014/09/22 18:01:39: 
2014/09/22 18:01:39: ==== Processing was completed ====
2014/09/22 18:01:39: 
*************************************************


*********** Start the Initialize Key Check **********
2014/09/22 18:04:59: Tool Ver: 2013.0605.01
2014/09/22 18:04:59: COM PORT OPEN ... OK
2014/09/22 18:04:59:
2014/09/22 18:04:59: ProductS/N:  VRW06A114900344
2014/09/22 18:04:59: TID: 8604122ACAE52080
2014/09/22 18:04:59: F/W Version: 00.00.08
2014/09/22 18:04:59:
2014/09/22 18:04:59: MasterKey Key Entry ... OK
2014/09/22 18:04:59: PowerON Counter Key Entry ... OK
2014/09/22 18:05:00: Key Entry ... OK
2014/09/22 18:05:00: Complete.
2014/09/22 18:05:00: COM PORT CLOSE ... OK
2014/09/22 18:05:00: 
2014/09/22 18:05:00: ==== Processing was completed ====
2014/09/22 18:05:00: 
*************************************************


*********** Start the Initialize Key Check **********
2014/09/22 18:07:30: Tool Ver: 2013.0605.01
2014/09/22 18:07:30: COM PORT OPEN ... OK
2014/09/22 18:07:31:
2014/09/22 18:07:31: ProductS/N:  VRW06A114900347
2014/09/22 18:07:31: TID: 86042C28CAE52080
2014/09/22 18:07:31: F/W Version: 00.00.08
2014/09/22 18:07:31:
2014/09/22 18:07:31: MasterKey Key Entry ... OK
2014/09/22 18:07:31: PowerON Counter Key Entry ... OK
2014/09/22 18:07:31: Key Entry ... OK
2014/09/22 18:07:31: Complete.
2014/09/22 18:07:31: COM PORT CLOSE ... OK
2014/09/22 18:07:31: 
2014/09/22 18:07:31: ==== Processing was completed ====
2014/09/22 18:07:31: 
*************************************************


*********** Start the Initialize Key Check **********
2014/09/22 18:10:11: Tool Ver: 2013.0605.01
2014/09/22 18:10:11: COM PORT OPEN ... OK
2014/09/22 18:10:11:
2014/09/22 18:10:11: ProductS/N:  VRW06A114900345
2014/09/22 18:10:11: TID: 86044028CAE52080
2014/09/22 18:10:11: F/W Version: 00.00.08
2014/09/22 18:10:11:
2014/09/22 18:10:11: MasterKey Key Entry ... OK
2014/09/22 18:10:11: PowerON Counter Key Entry ... OK
2014/09/22 18:10:12: Key Entry ... OK
2014/09/22 18:10:12: Complete.
2014/09/22 18:10:12: COM PORT CLOSE ... OK
2014/09/22 18:10:12: 
2014/09/22 18:10:12: ==== Processing was completed ====
2014/09/22 18:10:12: 
*************************************************


*********** Start the Initialize Key Check **********
2014/09/22 18:13:33: Tool Ver: 2013.0605.01
2014/09/22 18:13:33: COM PORT OPEN ... OK
2014/09/22 18:13:33:
2014/09/22 18:13:33: ProductS/N:  VRW06A114900329
2014/09/22 18:13:33: TID: 86043332CAE52080
2014/09/22 18:13:33: F/W Version: 00.00.08
2014/09/22 18:13:33:
2014/09/22 18:13:33: MasterKey Key Entry ... OK
2014/09/22 18:13:33: PowerON Counter Key Entry ... OK
2014/09/22 18:13:34: Key Entry ... OK
2014/09/22 18:13:34: Complete.
2014/09/22 18:13:34: COM PORT CLOSE ... OK
2014/09/22 18:13:34: 
2014/09/22 18:13:34: ==== Processing was completed ====
2014/09/22 18:13:34: 
*************************************************


*********** Start the Initialize Key Check **********
2014/09/22 18:16:04: Tool Ver: 2013.0605.01
2014/09/22 18:16:04: COM PORT OPEN ... OK
2014/09/22 18:16:04:
2014/09/22 18:16:04: ProductS/N:  VRW06A114900343
2014/09/22 18:16:04: TID: 86042832CAE52080
2014/09/22 18:16:04: F/W Version: 00.00.08
2014/09/22 18:16:04:
2014/09/22 18:16:04: MasterKey Key Entry ... OK
2014/09/22 18:16:04: PowerON Counter Key Entry ... OK
2014/09/22 18:16:05: Key Entry ... OK
2014/09/22 18:16:05: Complete.
2014/09/22 18:16:05: COM PORT CLOSE ... OK
2014/09/22 18:16:05: 
2014/09/22 18:16:05: ==== Processing was completed ====
2014/09/22 18:16:05: 
*************************************************


*********** Start the Initialize Key Check **********
2014/09/22 18:18:12: Tool Ver: 2013.0605.01
2014/09/22 18:18:12: COM PORT OPEN ... OK
2014/09/22 18:18:12:
2014/09/22 18:18:12: ProductS/N:  VRW06A114900349
2014/09/22 18:18:12: TID: 86043C2DCAE52080
2014/09/22 18:18:12: F/W Version: 00.00.08
2014/09/22 18:18:12:
2014/09/22 18:18:12: MasterKey Key Entry ... OK
2014/09/22 18:18:12: PowerON Counter Key Entry ... OK
2014/09/22 18:18:13: Key Entry ... OK
2014/09/22 18:18:13: Complete.
2014/09/22 18:18:13: COM PORT CLOSE ... OK
2014/09/22 18:18:13: 
2014/09/22 18:18:13: ==== Processing was completed ====
2014/09/22 18:18:13: 
*************************************************


*********** Start the Initialize Key Check **********
2014/09/22 18:21:40: Tool Ver: 2013.0605.01
2014/09/22 18:21:40: COM PORT OPEN ... OK
2014/09/22 18:21:41:
2014/09/22 18:21:41: ProductS/N:  VRW06A114900348
2014/09/22 18:21:41: TID: 86042732CAE52080
2014/09/22 18:21:41: F/W Version: 00.00.08
2014/09/22 18:21:41:
2014/09/22 18:21:41: MasterKey Key Entry ... OK
2014/09/22 18:21:41: PowerON Counter Key Entry ... OK
2014/09/22 18:21:41: Key Entry ... OK
2014/09/22 18:21:41: Complete.
2014/09/22 18:21:41: COM PORT CLOSE ... OK
2014/09/22 18:21:41: 
2014/09/22 18:21:41: ==== Processing was completed ====
2014/09/22 18:21:41: 
*************************************************


*********** Start the Initialize Key Check **********
2014/09/22 18:25:50: Tool Ver: 2013.0605.01
2014/09/22 18:25:50: COM PORT OPEN ... OK
2014/09/22 18:25:50:
2014/09/22 18:25:50: ProductS/N:  VRW06A114900332
2014/09/22 18:25:50: TID: 86043A292AE62080
2014/09/22 18:25:50: F/W Version: 00.00.08
2014/09/22 18:25:50:
2014/09/22 18:25:50: MasterKey Key Entry ... OK
2014/09/22 18:25:50: PowerON Counter Key Entry ... OK
2014/09/22 18:25:51: Key Entry ... OK
2014/09/22 18:25:51: Complete.
2014/09/22 18:25:51: COM PORT CLOSE ... OK
2014/09/22 18:25:51: 
2014/09/22 18:25:51: ==== Processing was completed ====
2014/09/22 18:25:51: 
*************************************************


*********** Start the Initialize Key Check **********
2014/09/22 18:32:13: Tool Ver: 2013.0605.01
2014/09/22 18:32:13: COM PORT OPEN ... OK
2014/09/22 18:32:13:
2014/09/22 18:32:13: ProductS/N:  VRW06A114900317
2014/09/22 18:32:13: TID: 8604412DCAE52080
2014/09/22 18:32:13: F/W Version: 00.00.08
2014/09/22 18:32:13:
2014/09/22 18:32:13: MasterKey Key Entry ... OK
2014/09/22 18:32:13: PowerON Counter Key Entry ... OK
2014/09/22 18:32:14: Key Entry ... OK
2014/09/22 18:32:14: Complete.
2014/09/22 18:32:14: COM PORT CLOSE ... OK
2014/09/22 18:32:14: 
2014/09/22 18:32:14: ==== Processing was completed ====
2014/09/22 18:32:14: 
*************************************************


*********** Start the Initialize Key Check **********
2014/09/22 18:38:56: Tool Ver: 2013.0605.01
2014/09/22 18:38:56: COM PORT OPEN ... OK
2014/09/22 18:38:56:
2014/09/22 18:38:56: ProductS/N:  VRW06A114900353
2014/09/22 18:38:56: TID: 8604332C2AE62080
2014/09/22 18:38:56: F/W Version: 00.00.08
2014/09/22 18:38:56:
2014/09/22 18:38:56: MasterKey Key Entry ... OK
2014/09/22 18:38:56: PowerON Counter Key Entry ... OK
2014/09/22 18:38:57: Key Entry ... OK
2014/09/22 18:38:57: Complete.
2014/09/22 18:38:57: COM PORT CLOSE ... OK
2014/09/22 18:38:57: 
2014/09/22 18:38:57: ==== Processing was completed ====
2014/09/22 18:38:57: 
*************************************************


*********** Start the Initialize Key Check **********
2014/09/22 18:43:36: Tool Ver: 2013.0605.01
2014/09/22 18:43:36: COM PORT OPEN ... OK
2014/09/22 18:43:36:
2014/09/22 18:43:36: ProductS/N:  VRW06A114900358
2014/09/22 18:43:36: TID: 8604271D2AE62080
2014/09/22 18:43:36: F/W Version: 00.00.08
2014/09/22 18:43:36:
2014/09/22 18:43:36: MasterKey Key Entry ... OK
2014/09/22 18:43:36: PowerON Counter Key Entry ... OK
2014/09/22 18:43:37: Key Entry ... OK
2014/09/22 18:43:37: Complete.
2014/09/22 18:43:37: COM PORT CLOSE ... OK
2014/09/22 18:43:37: 
2014/09/22 18:43:37: ==== Processing was completed ====
2014/09/22 18:43:37: 
*************************************************


*********** Start the Initialize Key Check **********
2014/09/22 18:49:34: Tool Ver: 2013.0605.01
2014/09/22 18:49:34: COM PORT OPEN ... OK
2014/09/22 18:49:34:
2014/09/22 18:49:34: ProductS/N:  VRW06A114900346
2014/09/22 18:49:34: TID: 86041435CAE52080
2014/09/22 18:49:34: F/W Version: 00.00.08
2014/09/22 18:49:34:
2014/09/22 18:49:34: MasterKey Key Entry ... OK
2014/09/22 18:49:34: PowerON Counter Key Entry ... OK
2014/09/22 18:49:34: Key Entry ... OK
2014/09/22 18:49:34: Complete.
2014/09/22 18:49:34: COM PORT CLOSE ... OK
2014/09/22 18:49:34: 
2014/09/22 18:49:34: ==== Processing was completed ====
2014/09/22 18:49:34: 
*************************************************


*********** Start the Initialize Key Check **********
2014/09/22 18:52:18: Tool Ver: 2013.0605.01
2014/09/22 18:52:18: COM PORT OPEN ... OK
2014/09/22 18:52:18:
2014/09/22 18:52:18: ProductS/N:  VRW06A114900295
2014/09/22 18:52:18: TID: 86042A222AE62080
2014/09/22 18:52:18: F/W Version: 00.00.08
2014/09/22 18:52:18:
2014/09/22 18:52:18: MasterKey Key Entry ... OK
2014/09/22 18:52:18: PowerON Counter Key Entry ... OK
2014/09/22 18:52:19: Key Entry ... OK
2014/09/22 18:52:19: Complete.
2014/09/22 18:52:19: COM PORT CLOSE ... OK
2014/09/22 18:52:19: 
2014/09/22 18:52:19: ==== Processing was completed ====
2014/09/22 18:52:19: 
*************************************************


*********** Start the Initialize Key Check **********
2014/09/22 18:54:57: Tool Ver: 2013.0605.01
2014/09/22 18:54:57: COM PORT OPEN ... OK
2014/09/22 18:54:57:
2014/09/22 18:54:57: ProductS/N:  VRW06A114900354
2014/09/22 18:54:57: TID: 86043C2ECAE52080
2014/09/22 18:54:57: F/W Version: 00.00.08
2014/09/22 18:54:57:
2014/09/22 18:54:57: MasterKey Key Entry ... OK
2014/09/22 18:54:57: PowerON Counter Key Entry ... OK
2014/09/22 18:54:58: Key Entry ... OK
2014/09/22 18:54:58: Complete.
2014/09/22 18:54:58: COM PORT CLOSE ... OK
2014/09/22 18:54:58: 
2014/09/22 18:54:58: ==== Processing was completed ====
2014/09/22 18:54:58: 
*************************************************


*********** Start the Initialize Key Check **********
2014/09/22 18:57:27: Tool Ver: 2013.0605.01
2014/09/22 18:57:27: COM PORT OPEN ... OK
2014/09/22 18:57:27:
2014/09/22 18:57:27: ProductS/N:  VRW06A114900357
2014/09/22 18:57:27: TID: 8604281D2AE62080
2014/09/22 18:57:27: F/W Version: 00.00.08
2014/09/22 18:57:27:
2014/09/22 18:57:27: MasterKey Key Entry ... OK
2014/09/22 18:57:27: PowerON Counter Key Entry ... OK
2014/09/22 18:57:28: Key Entry ... OK
2014/09/22 18:57:28: Complete.
2014/09/22 18:57:28: COM PORT CLOSE ... OK
2014/09/22 18:57:28: 
2014/09/22 18:57:28: ==== Processing was completed ====
2014/09/22 18:57:28: 
*************************************************


*********** Start the Initialize Key Check **********
2014/09/22 18:59:48: Tool Ver: 2013.0605.01
2014/09/22 18:59:48: COM PORT OPEN ... OK
2014/09/22 18:59:48:
2014/09/22 18:59:48: ProductS/N:  VRW06A114900276
2014/09/22 18:59:48: TID: 86042537D2E52080
2014/09/22 18:59:48: F/W Version: 00.00.08
2014/09/22 18:59:48:
2014/09/22 18:59:48: MasterKey Key Entry ... OK
2014/09/22 18:59:48: PowerON Counter Key Entry ... OK
2014/09/22 18:59:49: Key Entry ... OK
2014/09/22 18:59:49: Complete.
2014/09/22 18:59:49: COM PORT CLOSE ... OK
2014/09/22 18:59:49: 
2014/09/22 18:59:49: ==== Processing was completed ====
2014/09/22 18:59:49: 
*************************************************


*********** Start the Initialize Key Check **********
2014/09/22 19:06:10: Tool Ver: 2013.0605.01
2014/09/22 19:06:10: COM PORT OPEN ... OK
2014/09/22 19:06:10:
2014/09/22 19:06:10: ProductS/N:  VRW06A114900351
2014/09/22 19:06:10: TID: 860438272AE62080
2014/09/22 19:06:10: F/W Version: 00.00.08
2014/09/22 19:06:10:
2014/09/22 19:06:10: MasterKey Key Entry ... OK
2014/09/22 19:06:10: PowerON Counter Key Entry ... OK
2014/09/22 19:06:11: Key Entry ... OK
2014/09/22 19:06:11: Complete.
2014/09/22 19:06:11: COM PORT CLOSE ... OK
2014/09/22 19:06:11: 
2014/09/22 19:06:11: ==== Processing was completed ====
2014/09/22 19:06:11: 
*************************************************


*********** Start the Initialize Key Check **********
2014/09/22 19:08:17: Tool Ver: 2013.0605.01
2014/09/22 19:08:17: COM PORT OPEN ... OK
2014/09/22 19:08:17:
2014/09/22 19:08:17: ProductS/N:  VRW06A114900359
2014/09/22 19:08:17: TID: 860420212AE62080
2014/09/22 19:08:17: F/W Version: 00.00.08
2014/09/22 19:08:17:
2014/09/22 19:08:17: MasterKey Key Entry ... OK
2014/09/22 19:08:17: PowerON Counter Key Entry ... OK
2014/09/22 19:08:18: Key Entry ... OK
2014/09/22 19:08:18: Complete.
2014/09/22 19:08:18: COM PORT CLOSE ... OK
2014/09/22 19:08:18: 
2014/09/22 19:08:18: ==== Processing was completed ====
2014/09/22 19:08:18: 
*************************************************


*********** Start the Initialize Key Check **********
2014/09/22 19:10:45: Tool Ver: 2013.0605.01
2014/09/22 19:10:45: COM PORT OPEN ... OK
2014/09/22 19:10:45:
2014/09/22 19:10:45: ProductS/N:  VRW06A114900363
2014/09/22 19:10:45: TID: 86041C04CAE52080
2014/09/22 19:10:45: F/W Version: 00.00.08
2014/09/22 19:10:45:
2014/09/22 19:10:45: MasterKey Key Entry ... OK
2014/09/22 19:10:45: PowerON Counter Key Entry ... OK
2014/09/22 19:10:45: Key Entry ... OK
2014/09/22 19:10:45: Complete.
2014/09/22 19:10:45: COM PORT CLOSE ... OK
2014/09/22 19:10:45: 
2014/09/22 19:10:45: ==== Processing was completed ====
2014/09/22 19:10:45: 
*************************************************


*********** Start the Initialize Key Check **********
2014/09/22 19:13:03: Tool Ver: 2013.0605.01
2014/09/22 19:13:03: COM PORT OPEN ... OK
2014/09/22 19:13:04:
2014/09/22 19:13:04: ProductS/N:  VRW06A114900355
2014/09/22 19:13:04: TID: 86041A3FD2E52080
2014/09/22 19:13:04: F/W Version: 00.00.08
2014/09/22 19:13:04:
2014/09/22 19:13:04: MasterKey Key Entry ... OK
2014/09/22 19:13:04: PowerON Counter Key Entry ... OK
2014/09/22 19:13:04: Key Entry ... OK
2014/09/22 19:13:04: Complete.
2014/09/22 19:13:04: COM PORT CLOSE ... OK
2014/09/22 19:13:04: 
2014/09/22 19:13:04: ==== Processing was completed ====
2014/09/22 19:13:04: 
*************************************************


*********** Start the Initialize Key Check **********
2014/09/22 19:16:57: Tool Ver: 2013.0605.01
2014/09/22 19:16:57: COM PORT OPEN ... OK
2014/09/22 19:16:57:
2014/09/22 19:16:57: ProductS/N:  VRW06A114900350
2014/09/22 19:16:57: TID: 860402272AE62080
2014/09/22 19:16:57: F/W Version: 00.00.08
2014/09/22 19:16:57:
2014/09/22 19:16:57: MasterKey Key Entry ... OK
2014/09/22 19:16:57: PowerON Counter Key Entry ... OK
2014/09/22 19:16:58: Key Entry ... OK
2014/09/22 19:16:58: Complete.
2014/09/22 19:16:58: COM PORT CLOSE ... OK
2014/09/22 19:16:58: 
2014/09/22 19:16:58: ==== Processing was completed ====
2014/09/22 19:16:58: 
*************************************************


