*********** Start the Initialize Key Check **********
2014/10/22 08:18:22: Tool Ver: 2013.0605.01
2014/10/22 08:18:22: COM PORT OPEN ... OK
2014/10/22 08:18:22:
2014/10/22 08:18:22: ProductS/N:  440499
2014/10/22 08:18:22: GET TID ... ERROR(0B)
2014/10/22 08:18:22: COM PORT CLOSE ... OK
2014/10/22 08:18:22: 
2014/10/22 08:18:22: ######## Error has occurred ########
2014/10/22 08:18:22: 
*************************************************


*********** Start the Initialize Key Check **********
2014/10/22 08:18:28: Tool Ver: 2013.0605.01
2014/10/22 08:18:28: COM PORT OPEN ... OK
2014/10/22 08:18:28:
2014/10/22 08:18:28: ProductS/N:  440499
2014/10/22 08:18:28: GET TID ... ERROR(0B)
2014/10/22 08:18:28: COM PORT CLOSE ... OK
2014/10/22 08:18:28: 
2014/10/22 08:18:28: ######## Error has occurred ########
2014/10/22 08:18:28: 
*************************************************


*********** Start the Initialize Key Check **********
2014/10/22 08:18:46: Tool Ver: 2013.0605.01
2014/10/22 08:18:46: COM PORT OPEN ... OK
2014/10/22 08:18:46:
2014/10/22 08:18:46: ProductS/N:  440499
2014/10/22 08:18:46: GET TID ... ERROR(0B)
2014/10/22 08:18:46: COM PORT CLOSE ... OK
2014/10/22 08:18:46: 
2014/10/22 08:18:46: ######## Error has occurred ########
2014/10/22 08:18:46: 
*************************************************


*********** Start the Initialize Key Check **********
2014/10/22 08:20:27: Tool Ver: 2013.0605.01
2014/10/22 08:20:27: COM PORT OPEN ... OK
2014/10/22 08:20:28:
2014/10/22 08:20:28: ProductS/N:  440499
2014/10/22 08:20:28: GET TID ... ERROR(0B)
2014/10/22 08:20:28: COM PORT CLOSE ... OK
2014/10/22 08:20:28: 
2014/10/22 08:20:28: ######## Error has occurred ########
2014/10/22 08:20:28: 
*************************************************


*********** Start the Initialize Key Check **********
2014/10/22 08:20:48: Tool Ver: 2013.0605.01
2014/10/22 08:20:48: COM PORT OPEN ... OK
2014/10/22 08:20:48:
2014/10/22 08:20:48: ProductS/N:  .4400499
2014/10/22 08:20:48: GET TID ... ERROR(0B)
2014/10/22 08:20:48: COM PORT CLOSE ... OK
2014/10/22 08:20:48: 
2014/10/22 08:20:48: ######## Error has occurred ########
2014/10/22 08:20:48: 
*************************************************


*********** Start the Initialize Key Check **********
2014/10/22 08:20:59: Tool Ver: 2013.0605.01
2014/10/22 08:20:59: COM PORT OPEN ... OK
2014/10/22 08:20:59:
2014/10/22 08:20:59: ProductS/N:  4400499
2014/10/22 08:20:59: GET TID ... ERROR(0B)
2014/10/22 08:20:59: COM PORT CLOSE ... OK
2014/10/22 08:20:59: 
2014/10/22 08:20:59: ######## Error has occurred ########
2014/10/22 08:20:59: 
*************************************************


*********** Start the Initialize Key Check **********
2014/10/22 08:46:50: Tool Ver: 2013.0605.01
2014/10/22 08:46:50: COM PORT OPEN ... OK
2014/10/22 08:46:50:
2014/10/22 08:46:50: ProductS/N:  3x00014
2014/10/22 08:46:50: TID: 8604382072842D80
2014/10/22 08:46:50: F/W Version: 00.00.08
2014/10/22 08:46:50:
2014/10/22 08:46:50: MasterKey Key Entry ... OK
2014/10/22 08:46:50: PowerON Counter Key Entry ... OK
2014/10/22 08:46:50: Key Entry ... OK
2014/10/22 08:46:50: Complete.
2014/10/22 08:46:50: COM PORT CLOSE ... OK
2014/10/22 08:46:50: 
2014/10/22 08:46:50: ==== Processing was completed ====
2014/10/22 08:46:50: 
*************************************************


*********** Start the Initialize Key Check **********
2014/10/22 09:19:21: Tool Ver: 2013.0605.01
2014/10/22 09:19:21: COM PORT OPEN ... OK
2014/10/22 09:19:21:
2014/10/22 09:19:21: ProductS/N:  4302450
2014/10/22 09:19:21: GET TID ... ERROR(0B)
2014/10/22 09:19:21: COM PORT CLOSE ... OK
2014/10/22 09:19:21: 
2014/10/22 09:19:21: ######## Error has occurred ########
2014/10/22 09:19:21: 
*************************************************


*********** Start the Initialize Key Check **********
2014/10/22 09:21:22: Tool Ver: 2013.0605.01
2014/10/22 09:21:22: COM PORT OPEN ... OK
2014/10/22 09:21:22:
2014/10/22 09:21:22: ProductS/N:  4400499
2014/10/22 09:21:22: GET TID ... ERROR(0B)
2014/10/22 09:21:22: COM PORT CLOSE ... OK
2014/10/22 09:21:22: 
2014/10/22 09:21:22: ######## Error has occurred ########
2014/10/22 09:21:22: 
*************************************************


*********** Start the Initialize Key Check **********
2014/10/22 09:23:35: Tool Ver: 2013.0605.01
2014/10/22 09:23:35: COM PORT OPEN ... OK
2014/10/22 09:23:35:
2014/10/22 09:23:35: ProductS/N:  3x00862
2014/10/22 09:23:35: TID: 86042A0B6A9F2980
2014/10/22 09:23:35: F/W Version: 00.00.08
2014/10/22 09:23:35:
2014/10/22 09:23:35: MasterKey Key Entry ... OK
2014/10/22 09:23:35: PowerON Counter Key Entry ... OK
2014/10/22 09:23:36: Key Entry ... OK
2014/10/22 09:23:36: Complete.
2014/10/22 09:23:36: COM PORT CLOSE ... OK
2014/10/22 09:23:36: 
2014/10/22 09:23:36: ==== Processing was completed ====
2014/10/22 09:23:36: 
*************************************************


*********** Start the Initialize Key Check **********
2014/10/22 09:24:16: Tool Ver: 2013.0605.01
2014/10/22 09:24:16: COM PORT OPEN ... OK
2014/10/22 09:24:16:
2014/10/22 09:24:16: ProductS/N:  3x00862
2014/10/22 09:24:16: TID: 86042A0B6A9F2980
2014/10/22 09:24:16: F/W Version: 00.00.08
2014/10/22 09:24:16:
2014/10/22 09:24:16: MasterKey Key Entry ... OK
2014/10/22 09:24:16: PowerON Counter Key Entry ... OK
2014/10/22 09:24:17: Key Entry ... OK
2014/10/22 09:24:17: Complete.
2014/10/22 09:24:17: COM PORT CLOSE ... OK
2014/10/22 09:24:17: 
2014/10/22 09:24:17: ==== Processing was completed ====
2014/10/22 09:24:17: 
*************************************************


*********** Start the Initialize Key Check **********
2014/10/22 09:25:34: Tool Ver: 2013.0605.01
2014/10/22 09:25:34: COM PORT OPEN ... OK
2014/10/22 09:25:34:
2014/10/22 09:25:34: ProductS/N:  4302450
2014/10/22 09:25:34: GET TID ... ERROR(0B)
2014/10/22 09:25:34: COM PORT CLOSE ... OK
2014/10/22 09:25:34: 
2014/10/22 09:25:34: ######## Error has occurred ########
2014/10/22 09:25:34: 
*************************************************


*********** Start the Initialize Key Check **********
2014/10/22 09:25:41: Tool Ver: 2013.0605.01
2014/10/22 09:25:41: COM PORT OPEN ... OK
2014/10/22 09:25:41:
2014/10/22 09:25:41: ProductS/N:  4302450
2014/10/22 09:25:41: GET TID ... ERROR(0B)
2014/10/22 09:25:41: COM PORT CLOSE ... OK
2014/10/22 09:25:41: 
2014/10/22 09:25:41: ######## Error has occurred ########
2014/10/22 09:25:41: 
*************************************************


*********** Start the Initialize Key Check **********
2014/10/22 09:37:49: Tool Ver: 2013.0605.01
2014/10/22 09:37:49: COM PORT OPEN ... OK
2014/10/22 09:37:49:
2014/10/22 09:37:49: ProductS/N:  3x00862
2014/10/22 09:37:49: TID: 86042A0B6A9F2980
2014/10/22 09:37:49: F/W Version: 00.00.08
2014/10/22 09:37:49:
2014/10/22 09:37:49: MasterKey Key Entry ... OK
2014/10/22 09:37:49: PowerON Counter Key Entry ... OK
2014/10/22 09:37:50: Key Entry ... OK
2014/10/22 09:37:50: Complete.
2014/10/22 09:37:50: COM PORT CLOSE ... OK
2014/10/22 09:37:50: 
2014/10/22 09:37:50: ==== Processing was completed ====
2014/10/22 09:37:50: 
*************************************************


*********** Start the Initialize Key Check **********
2014/10/22 09:40:48: Tool Ver: 2013.0605.01
2014/10/22 09:40:48: COM PORT OPEN ... OK
2014/10/22 09:40:48:
2014/10/22 09:40:48: ProductS/N:  3x00862
2014/10/22 09:40:48: GET TID ... ERROR(0B)
2014/10/22 09:40:48: COM PORT CLOSE ... OK
2014/10/22 09:40:48: 
2014/10/22 09:40:48: ######## Error has occurred ########
2014/10/22 09:40:48: 
*************************************************


*********** Start the Initialize Key Check **********
2014/10/22 09:42:00: Tool Ver: 2013.0605.01
2014/10/22 09:42:00: COM PORT OPEN ... OK
2014/10/22 09:42:00:
2014/10/22 09:42:00: ProductS/N:  4302450
2014/10/22 09:42:00: TID: 86042A0B6A9F2980
2014/10/22 09:42:00: F/W Version: 00.00.08
2014/10/22 09:42:00:
2014/10/22 09:42:00: MasterKey Key Entry ... OK
2014/10/22 09:42:00: PowerON Counter Key Entry ... OK
2014/10/22 09:42:01: Key Entry ... OK
2014/10/22 09:42:01: Complete.
2014/10/22 09:42:01: COM PORT CLOSE ... OK
2014/10/22 09:42:01: 
2014/10/22 09:42:01: ==== Processing was completed ====
2014/10/22 09:42:01: 
*************************************************


*********** Start the Initialize Key Check **********
2014/10/22 10:52:01: Tool Ver: 2013.0605.01
2014/10/22 10:52:01: COM PORT OPEN ... OK
2014/10/22 10:52:02:
2014/10/22 10:52:02: ProductS/N:  VRW06A213X02434
2014/10/22 10:52:02: TID: 86041F1D6A9F2980
2014/10/22 10:52:02: F/W Version: 00.00.08
2014/10/22 10:52:02:
2014/10/22 10:52:02: MasterKey Key Entry ... OK
2014/10/22 10:52:02: PowerON Counter Key Entry ... OK
2014/10/22 10:52:02: Key Entry ... OK
2014/10/22 10:52:02: Complete.
2014/10/22 10:52:02: COM PORT CLOSE ... OK
2014/10/22 10:52:02: 
2014/10/22 10:52:02: ==== Processing was completed ====
2014/10/22 10:52:02: 
*************************************************


