*********** Start the Initialize Key Check **********
2014/08/25 09:32:50: Tool Ver: 2013.0605.01
2014/08/25 09:32:50: COM PORT OPEN ... OK
2014/08/25 09:32:50:
2014/08/25 09:32:50: ProductS/N:  VRW06A114800266
2014/08/25 09:32:50: TID: 86041F042AE62080
2014/08/25 09:32:50: F/W Version: 00.00.08
2014/08/25 09:32:50:
2014/08/25 09:32:50: MasterKey Key Entry ... OK
2014/08/25 09:32:50: PowerON Counter Key Entry ... OK
2014/08/25 09:32:51: Key Entry ... OK
2014/08/25 09:32:51: Complete.
2014/08/25 09:32:51: COM PORT CLOSE ... OK
2014/08/25 09:32:51: 
2014/08/25 09:32:51: ==== Processing was completed ====
2014/08/25 09:32:51: 
*************************************************


*********** Start the Initialize Key Check **********
2014/08/25 09:33:34: Tool Ver: 2013.0605.01
2014/08/25 09:33:34: COM PORT OPEN ... OK
2014/08/25 09:33:34:
2014/08/25 09:33:34: ProductS/N:  VRW06A114800264
2014/08/25 09:33:34: TID: 8604234032E62080
2014/08/25 09:33:34: F/W Version: 00.00.08
2014/08/25 09:33:34:
2014/08/25 09:33:34: MasterKey Key Entry ... OK
2014/08/25 09:33:34: PowerON Counter Key Entry ... OK
2014/08/25 09:33:35: Key Entry ... OK
2014/08/25 09:33:35: Complete.
2014/08/25 09:33:35: COM PORT CLOSE ... OK
2014/08/25 09:33:35: 
2014/08/25 09:33:35: ==== Processing was completed ====
2014/08/25 09:33:35: 
*************************************************


*********** Start the Initialize Key Check **********
2014/08/25 09:34:08: Tool Ver: 2013.0605.01
2014/08/25 09:34:08: COM PORT OPEN ... OK
2014/08/25 09:34:08:
2014/08/25 09:34:08: ProductS/N:  VRW06A114800267
2014/08/25 09:34:08: TID: 86041E4232E62080
2014/08/25 09:34:08: F/W Version: 00.00.08
2014/08/25 09:34:08:
2014/08/25 09:34:08: MasterKey Key Entry ... OK
2014/08/25 09:34:08: PowerON Counter Key Entry ... OK
2014/08/25 09:34:09: Key Entry ... OK
2014/08/25 09:34:09: Complete.
2014/08/25 09:34:09: COM PORT CLOSE ... OK
2014/08/25 09:34:09: 
2014/08/25 09:34:09: ==== Processing was completed ====
2014/08/25 09:34:09: 
*************************************************


*********** Start the Initialize Key Check **********
2014/08/25 09:34:50: Tool Ver: 2013.0605.01
2014/08/25 09:34:50: COM PORT OPEN ... OK
2014/08/25 09:34:50:
2014/08/25 09:34:50: ProductS/N:  VRW06A114800248
2014/08/25 09:34:50: TID: 860423202AE62080
2014/08/25 09:34:50: F/W Version: 00.00.08
2014/08/25 09:34:50:
2014/08/25 09:34:50: MasterKey Key Entry ... OK
2014/08/25 09:34:50: PowerON Counter Key Entry ... OK
2014/08/25 09:34:51: Key Entry ... OK
2014/08/25 09:34:51: Complete.
2014/08/25 09:34:51: COM PORT CLOSE ... OK
2014/08/25 09:34:51: 
2014/08/25 09:34:51: ==== Processing was completed ====
2014/08/25 09:34:51: 
*************************************************


*********** Start the Initialize Key Check **********
2014/08/25 09:35:26: Tool Ver: 2013.0605.01
2014/08/25 09:35:26: COM PORT OPEN ... OK
2014/08/25 09:35:26:
2014/08/25 09:35:26: ProductS/N:  VRW06A114800272
2014/08/25 09:35:26: TID: 86042A44D2E52080
2014/08/25 09:35:26: F/W Version: 00.00.08
2014/08/25 09:35:26:
2014/08/25 09:35:26: MasterKey Key Entry ... OK
2014/08/25 09:35:26: PowerON Counter Key Entry ... OK
2014/08/25 09:35:27: Key Entry ... OK
2014/08/25 09:35:27: Complete.
2014/08/25 09:35:27: COM PORT CLOSE ... OK
2014/08/25 09:35:27: 
2014/08/25 09:35:27: ==== Processing was completed ====
2014/08/25 09:35:27: 
*************************************************


*********** Start the Initialize Key Check **********
2014/08/25 09:38:39: Tool Ver: 2013.0605.01
2014/08/25 09:38:39: COM PORT OPEN ... OK
2014/08/25 09:38:39:
2014/08/25 09:38:39: ProductS/N:  VRW06A114800265
2014/08/25 09:38:39: TID: 8604151F2AE62080
2014/08/25 09:38:39: F/W Version: 00.00.08
2014/08/25 09:38:39:
2014/08/25 09:38:39: MasterKey Key Entry ... OK
2014/08/25 09:38:39: PowerON Counter Key Entry ... OK
2014/08/25 09:38:40: Key Entry ... OK
2014/08/25 09:38:40: Complete.
2014/08/25 09:38:40: COM PORT CLOSE ... OK
2014/08/25 09:38:40: 
2014/08/25 09:38:40: ==== Processing was completed ====
2014/08/25 09:38:40: 
*************************************************


*********** Start the Initialize Key Check **********
2014/08/25 09:42:15: Tool Ver: 2013.0605.01
2014/08/25 09:42:15: COM PORT OPEN ... OK
2014/08/25 09:42:15:
2014/08/25 09:42:15: ProductS/N:  VRW06A114800184
2014/08/25 09:42:15: TID: 8604284132E62080
2014/08/25 09:42:15: F/W Version: 00.00.08
2014/08/25 09:42:15:
2014/08/25 09:42:15: MasterKey Key Entry ... OK
2014/08/25 09:42:15: PowerON Counter Key Entry ... OK
2014/08/25 09:42:16: Key Entry ... OK
2014/08/25 09:42:16: Complete.
2014/08/25 09:42:16: COM PORT CLOSE ... OK
2014/08/25 09:42:16: 
2014/08/25 09:42:16: ==== Processing was completed ====
2014/08/25 09:42:16: 
*************************************************


*********** Start the Initialize Key Check **********
2014/08/25 09:42:55: Tool Ver: 2013.0605.01
2014/08/25 09:42:55: COM PORT OPEN ... OK
2014/08/25 09:42:55:
2014/08/25 09:42:55: ProductS/N:  VRW06A114800261
2014/08/25 09:42:55: TID: 8604203D32E62080
2014/08/25 09:42:55: F/W Version: 00.00.08
2014/08/25 09:42:55:
2014/08/25 09:42:55: MasterKey Key Entry ... OK
2014/08/25 09:42:55: PowerON Counter Key Entry ... OK
2014/08/25 09:42:56: Key Entry ... OK
2014/08/25 09:42:56: Complete.
2014/08/25 09:42:56: COM PORT CLOSE ... OK
2014/08/25 09:42:56: 
2014/08/25 09:42:56: ==== Processing was completed ====
2014/08/25 09:42:56: 
*************************************************


*********** Start the Initialize Key Check **********
2014/08/25 09:46:46: Tool Ver: 2013.0605.01
2014/08/25 09:46:46: COM PORT OPEN ... OK
2014/08/25 09:46:47:
2014/08/25 09:46:47: ProductS/N:  VRW06A114800268
2014/08/25 09:46:47: TID: 8604343D32E62080
2014/08/25 09:46:47: F/W Version: 00.00.08
2014/08/25 09:46:47:
2014/08/25 09:46:47: MasterKey Key Entry ... OK
2014/08/25 09:46:47: PowerON Counter Key Entry ... OK
2014/08/25 09:46:47: Key Entry ... OK
2014/08/25 09:46:47: Complete.
2014/08/25 09:46:47: COM PORT CLOSE ... OK
2014/08/25 09:46:47: 
2014/08/25 09:46:47: ==== Processing was completed ====
2014/08/25 09:46:47: 
*************************************************


*********** Start the Initialize Key Check **********
2014/08/25 09:48:30: Tool Ver: 2013.0605.01
2014/08/25 09:48:30: COM PORT OPEN ... OK
2014/08/25 09:48:30:
2014/08/25 09:48:30: ProductS/N:  VRW06A114800258
2014/08/25 09:48:30: TID: 86042C4032E62080
2014/08/25 09:48:30: F/W Version: 00.00.08
2014/08/25 09:48:30:
2014/08/25 09:48:30: MasterKey Key Entry ... OK
2014/08/25 09:48:30: PowerON Counter Key Entry ... OK
2014/08/25 09:48:31: Key Entry ... OK
2014/08/25 09:48:31: Complete.
2014/08/25 09:48:31: COM PORT CLOSE ... OK
2014/08/25 09:48:31: 
2014/08/25 09:48:31: ==== Processing was completed ====
2014/08/25 09:48:31: 
*************************************************


*********** Start the Initialize Key Check **********
2014/08/25 09:51:05: Tool Ver: 2013.0605.01
2014/08/25 09:51:05: COM PORT OPEN ... OK
2014/08/25 09:51:06:
2014/08/25 09:51:06: ProductS/N:  VRW06A114800275
2014/08/25 09:51:06: TID: 86041A08CAE52080
2014/08/25 09:51:06: F/W Version: 00.00.08
2014/08/25 09:51:06:
2014/08/25 09:51:06: MasterKey Key Entry ... OK
2014/08/25 09:51:06: PowerON Counter Key Entry ... OK
2014/08/25 09:51:06: Key Entry ... OK
2014/08/25 09:51:06: Complete.
2014/08/25 09:51:06: COM PORT CLOSE ... OK
2014/08/25 09:51:06: 
2014/08/25 09:51:06: ==== Processing was completed ====
2014/08/25 09:51:06: 
*************************************************


*********** Start the Initialize Key Check **********
2014/08/25 10:39:15: Tool Ver: 2013.0605.01
2014/08/25 10:39:15: COM PORT OPEN ... OK
2014/08/25 10:39:15:
2014/08/25 10:39:15: ProductS/N:  RW06A114800279
2014/08/25 10:39:15: TID: 8604263BD2E52080
2014/08/25 10:39:15: F/W Version: 00.00.08
2014/08/25 10:39:15:
2014/08/25 10:39:15: MasterKey Key Entry ... OK
2014/08/25 10:39:15: PowerON Counter Key Entry ... OK
2014/08/25 10:39:15: Key Entry ... OK
2014/08/25 10:39:15: Complete.
2014/08/25 10:39:15: COM PORT CLOSE ... OK
2014/08/25 10:39:15: 
2014/08/25 10:39:15: ==== Processing was completed ====
2014/08/25 10:39:15: 
*************************************************


*********** Start the Initialize Key Check **********
2014/08/25 10:41:36: Tool Ver: 2013.0605.01
2014/08/25 10:41:36: COM PORT OPEN ... OK
2014/08/25 10:41:37:
2014/08/25 10:41:37: ProductS/N:  VRW06A114800276
2014/08/25 10:41:37: TID: 86042941D2E52080
2014/08/25 10:41:37: F/W Version: 00.00.08
2014/08/25 10:41:37:
2014/08/25 10:41:37: MasterKey Key Entry ... OK
2014/08/25 10:41:37: PowerON Counter Key Entry ... OK
2014/08/25 10:41:37: Key Entry ... OK
2014/08/25 10:41:37: Complete.
2014/08/25 10:41:37: COM PORT CLOSE ... OK
2014/08/25 10:41:37: 
2014/08/25 10:41:37: ==== Processing was completed ====
2014/08/25 10:41:37: 
*************************************************


*********** Start the Initialize Key Check **********
2014/08/25 10:56:22: Tool Ver: 2013.0605.01
2014/08/25 10:56:22: COM PORT OPEN ... OK
2014/08/25 10:56:22:
2014/08/25 10:56:22: ProductS/N:  VRW06A114800281
2014/08/25 10:56:22: TID: 860409212AE62080
2014/08/25 10:56:22: F/W Version: 00.00.08
2014/08/25 10:56:22:
2014/08/25 10:56:23: MasterKey Key Entry ... OK
2014/08/25 10:56:23: PowerON Counter Key Entry ... OK
2014/08/25 10:56:23: Key Entry ... OK
2014/08/25 10:56:23: Complete.
2014/08/25 10:56:23: COM PORT CLOSE ... OK
2014/08/25 10:56:23: 
2014/08/25 10:56:23: ==== Processing was completed ====
2014/08/25 10:56:23: 
*************************************************


*********** Start the Initialize Key Check **********
2014/08/25 10:57:01: Tool Ver: 2013.0605.01
2014/08/25 10:57:01: COM PORT OPEN ... OK
2014/08/25 10:57:02:
2014/08/25 10:57:02: ProductS/N:  VRW06A114800270
2014/08/25 10:57:02: TID: 8604373B32E62080
2014/08/25 10:57:02: F/W Version: 00.00.08
2014/08/25 10:57:02:
2014/08/25 10:57:02: MasterKey Key Entry ... OK
2014/08/25 10:57:02: PowerON Counter Key Entry ... OK
2014/08/25 10:57:02: Key Entry ... OK
2014/08/25 10:57:02: Complete.
2014/08/25 10:57:02: COM PORT CLOSE ... OK
2014/08/25 10:57:02: 
2014/08/25 10:57:02: ==== Processing was completed ====
2014/08/25 10:57:02: 
*************************************************


*********** Start the Initialize Key Check **********
2014/08/25 10:57:35: Tool Ver: 2013.0605.01
2014/08/25 10:57:35: COM PORT OPEN ... OK
2014/08/25 10:57:35:
2014/08/25 10:57:35: ProductS/N:  VRW06A114800274
2014/08/25 10:57:35: TID: 86042542D2E52080
2014/08/25 10:57:35: F/W Version: 00.00.08
2014/08/25 10:57:35:
2014/08/25 10:57:35: MasterKey Key Entry ... OK
2014/08/25 10:57:35: PowerON Counter Key Entry ... OK
2014/08/25 10:57:36: Key Entry ... OK
2014/08/25 10:57:36: Complete.
2014/08/25 10:57:36: COM PORT CLOSE ... OK
2014/08/25 10:57:36: 
2014/08/25 10:57:36: ==== Processing was completed ====
2014/08/25 10:57:36: 
*************************************************


*********** Start the Initialize Key Check **********
2014/08/25 10:57:53: Tool Ver: 2013.0605.01
2014/08/25 10:57:53: COM PORT OPEN ... OK
2014/08/25 10:57:54:
2014/08/25 10:57:54: ProductS/N:  VRW06A114800269
2014/08/25 10:57:54: TID: 86042D0BCAE52080
2014/08/25 10:57:54: F/W Version: 00.00.08
2014/08/25 10:57:54:
2014/08/25 10:57:54: MasterKey Key Entry ... OK
2014/08/25 10:57:54: PowerON Counter Key Entry ... OK
2014/08/25 10:57:54: Key Entry ... OK
2014/08/25 10:57:54: Complete.
2014/08/25 10:57:54: COM PORT CLOSE ... OK
2014/08/25 10:57:54: 
2014/08/25 10:57:54: ==== Processing was completed ====
2014/08/25 10:57:54: 
*************************************************


*********** Start the Initialize Key Check **********
2014/08/25 10:58:27: Tool Ver: 2013.0605.01
2014/08/25 10:58:27: COM PORT OPEN ... OK
2014/08/25 10:58:27:
2014/08/25 10:58:27: ProductS/N:  VRW06A114800284
2014/08/25 10:58:27: TID: 8604133FD2E52080
2014/08/25 10:58:27: F/W Version: 00.00.08
2014/08/25 10:58:27:
2014/08/25 10:58:27: MasterKey Key Entry ... OK
2014/08/25 10:58:27: PowerON Counter Key Entry ... OK
2014/08/25 10:58:27: Key Entry ... OK
2014/08/25 10:58:27: Complete.
2014/08/25 10:58:27: COM PORT CLOSE ... OK
2014/08/25 10:58:27: 
2014/08/25 10:58:27: ==== Processing was completed ====
2014/08/25 10:58:27: 
*************************************************


*********** Start the Initialize Key Check **********
2014/08/25 11:00:02: Tool Ver: 2013.0605.01
2014/08/25 11:00:02: COM PORT OPEN ... OK
2014/08/25 11:00:02:
2014/08/25 11:00:02: ProductS/N:  VRW06A114800273
2014/08/25 11:00:03: TID: 86042E07CAE52080
2014/08/25 11:00:03: F/W Version: 00.00.08
2014/08/25 11:00:03:
2014/08/25 11:00:03: MasterKey Key Entry ... OK
2014/08/25 11:00:03: PowerON Counter Key Entry ... OK
2014/08/25 11:00:03: Key Entry ... OK
2014/08/25 11:00:03: Complete.
2014/08/25 11:00:03: COM PORT CLOSE ... OK
2014/08/25 11:00:03: 
2014/08/25 11:00:03: ==== Processing was completed ====
2014/08/25 11:00:03: 
*************************************************


*********** Start the Initialize Key Check **********
2014/08/25 11:02:19: Tool Ver: 2013.0605.01
2014/08/25 11:02:19: COM PORT OPEN ... OK
2014/08/25 11:02:19:
2014/08/25 11:02:19: ProductS/N:  VRW06A114800291
2014/08/25 11:02:19: TID: 8604310CCAE52080
2014/08/25 11:02:19: F/W Version: 00.00.08
2014/08/25 11:02:19:
2014/08/25 11:02:19: MasterKey Key Entry ... OK
2014/08/25 11:02:19: PowerON Counter Key Entry ... OK
2014/08/25 11:02:20: Key Entry ... OK
2014/08/25 11:02:20: Complete.
2014/08/25 11:02:20: COM PORT CLOSE ... OK
2014/08/25 11:02:20: 
2014/08/25 11:02:20: ==== Processing was completed ====
2014/08/25 11:02:20: 
*************************************************


*********** Start the Initialize Key Check **********
2014/08/25 11:04:46: Tool Ver: 2013.0605.01
2014/08/25 11:04:46: COM PORT OPEN ... OK
2014/08/25 11:04:47:
2014/08/25 11:04:47: ProductS/N:  VRW06A114800286
2014/08/25 11:04:47: TID: 86042544D2E52080
2014/08/25 11:04:47: F/W Version: 00.00.08
2014/08/25 11:04:47:
2014/08/25 11:04:47: MasterKey Key Entry ... OK
2014/08/25 11:04:47: PowerON Counter Key Entry ... OK
2014/08/25 11:04:47: Key Entry ... OK
2014/08/25 11:04:47: Complete.
2014/08/25 11:04:47: COM PORT CLOSE ... OK
2014/08/25 11:04:47: 
2014/08/25 11:04:47: ==== Processing was completed ====
2014/08/25 11:04:47: 
*************************************************


*********** Start the Initialize Key Check **********
2014/08/25 11:07:50: Tool Ver: 2013.0605.01
2014/08/25 11:07:50: COM PORT OPEN ... OK
2014/08/25 11:07:50:
2014/08/25 11:07:50: ProductS/N:  VRW06A114800271
2014/08/25 11:07:50: TID: 860422232AE62080
2014/08/25 11:07:50: F/W Version: 00.00.08
2014/08/25 11:07:50:
2014/08/25 11:07:50: MasterKey Key Entry ... OK
2014/08/25 11:07:50: PowerON Counter Key Entry ... OK
2014/08/25 11:07:51: Key Entry ... OK
2014/08/25 11:07:51: Complete.
2014/08/25 11:07:51: COM PORT CLOSE ... OK
2014/08/25 11:07:51: 
2014/08/25 11:07:51: ==== Processing was completed ====
2014/08/25 11:07:51: 
*************************************************


*********** Start the Initialize Key Check **********
2014/08/25 11:13:35: Tool Ver: 2013.0605.01
2014/08/25 11:13:35: COM PORT OPEN ... OK
2014/08/25 11:13:35:
2014/08/25 11:13:35: ProductS/N:  VRW06A114800293
2014/08/25 11:13:35: TID: 86042844D2E52080
2014/08/25 11:13:35: F/W Version: 00.00.08
2014/08/25 11:13:35:
2014/08/25 11:13:35: MasterKey Key Entry ... OK
2014/08/25 11:13:35: PowerON Counter Key Entry ... OK
2014/08/25 11:13:36: Key Entry ... OK
2014/08/25 11:13:36: Complete.
2014/08/25 11:13:36: COM PORT CLOSE ... OK
2014/08/25 11:13:36: 
2014/08/25 11:13:36: ==== Processing was completed ====
2014/08/25 11:13:36: 
*************************************************


*********** Start the Initialize Key Check **********
2014/08/25 11:16:59: Tool Ver: 2013.0605.01
2014/08/25 11:16:59: COM PORT OPEN ... OK
2014/08/25 11:16:59:
2014/08/25 11:16:59: ProductS/N:  VRW06A114800297
2014/08/25 11:16:59: TID: 8604360BCAE52080
2014/08/25 11:16:59: F/W Version: 00.00.08
2014/08/25 11:16:59:
2014/08/25 11:16:59: MasterKey Key Entry ... OK
2014/08/25 11:17:00: PowerON Counter Key Entry ... OK
2014/08/25 11:17:00: Key Entry ... OK
2014/08/25 11:17:00: Complete.
2014/08/25 11:17:00: COM PORT CLOSE ... OK
2014/08/25 11:17:00: 
2014/08/25 11:17:00: ==== Processing was completed ====
2014/08/25 11:17:00: 
*************************************************


*********** Start the Initialize Key Check **********
2014/08/25 11:25:27: Tool Ver: 2013.0605.01
2014/08/25 11:25:27: COM PORT OPEN ... OK
2014/08/25 11:25:27:
2014/08/25 11:25:27: ProductS/N:  VRW06A114800282
2014/08/25 11:25:27: TID: 86041B43D2E52080
2014/08/25 11:25:27: F/W Version: 00.00.08
2014/08/25 11:25:27:
2014/08/25 11:25:27: MasterKey Key Entry ... OK
2014/08/25 11:25:27: PowerON Counter Key Entry ... OK
2014/08/25 11:25:28: Key Entry ... OK
2014/08/25 11:25:28: Complete.
2014/08/25 11:25:28: COM PORT CLOSE ... OK
2014/08/25 11:25:28: 
2014/08/25 11:25:28: ==== Processing was completed ====
2014/08/25 11:25:28: 
*************************************************


*********** Start the Initialize Key Check **********
2014/08/25 11:28:43: Tool Ver: 2013.0605.01
2014/08/25 11:28:43: COM PORT OPEN ... OK
2014/08/25 11:28:43:
2014/08/25 11:28:43: ProductS/N:  VRW06A114800298
2014/08/25 11:28:43: TID: 86041743D2E52080
2014/08/25 11:28:43: F/W Version: 00.00.08
2014/08/25 11:28:43:
2014/08/25 11:28:43: MasterKey Key Entry ... OK
2014/08/25 11:28:43: PowerON Counter Key Entry ... OK
2014/08/25 11:28:44: Key Entry ... OK
2014/08/25 11:28:44: Complete.
2014/08/25 11:28:44: COM PORT CLOSE ... OK
2014/08/25 11:28:44: 
2014/08/25 11:28:44: ==== Processing was completed ====
2014/08/25 11:28:44: 
*************************************************


*********** Start the Initialize Key Check **********
2014/08/25 11:31:51: Tool Ver: 2013.0605.01
2014/08/25 11:31:51: COM PORT OPEN ... OK
2014/08/25 11:31:52:
2014/08/25 11:31:52: ProductS/N:  VRW06A114800296
2014/08/25 11:31:52: TID: 86043D202AE62080
2014/08/25 11:31:52: F/W Version: 00.00.08
2014/08/25 11:31:52:
2014/08/25 11:31:52: MasterKey Key Entry ... OK
2014/08/25 11:31:52: PowerON Counter Key Entry ... OK
2014/08/25 11:31:52: Key Entry ... OK
2014/08/25 11:31:52: Complete.
2014/08/25 11:31:52: COM PORT CLOSE ... OK
2014/08/25 11:31:52: 
2014/08/25 11:31:52: ==== Processing was completed ====
2014/08/25 11:31:52: 
*************************************************


*********** Start the Initialize Key Check **********
2014/08/25 11:34:14: Tool Ver: 2013.0605.01
2014/08/25 11:34:14: COM PORT OPEN ... OK
2014/08/25 11:34:14:
2014/08/25 11:34:14: ProductS/N:  VRW06A114800283
2014/08/25 11:34:14: TID: 86041E07CAE52080
2014/08/25 11:34:14: F/W Version: 00.00.08
2014/08/25 11:34:14:
2014/08/25 11:34:14: MasterKey Key Entry ... OK
2014/08/25 11:34:14: PowerON Counter Key Entry ... OK
2014/08/25 11:34:15: Key Entry ... OK
2014/08/25 11:34:15: Complete.
2014/08/25 11:34:15: COM PORT CLOSE ... OK
2014/08/25 11:34:15: 
2014/08/25 11:34:15: ==== Processing was completed ====
2014/08/25 11:34:15: 
*************************************************


*********** Start the Initialize Key Check **********
2014/08/25 11:37:43: Tool Ver: 2013.0605.01
2014/08/25 11:37:43: COM PORT OPEN ... OK
2014/08/25 11:37:43:
2014/08/25 11:37:43: ProductS/N:  VRW06A114800278
2014/08/25 11:37:43: TID: 860426032AE62080
2014/08/25 11:37:43: F/W Version: 00.00.08
2014/08/25 11:37:43:
2014/08/25 11:37:43: MasterKey Key Entry ... OK
2014/08/25 11:37:43: PowerON Counter Key Entry ... OK
2014/08/25 11:37:44: Key Entry ... OK
2014/08/25 11:37:44: Complete.
2014/08/25 11:37:44: COM PORT CLOSE ... OK
2014/08/25 11:37:44: 
2014/08/25 11:37:44: ==== Processing was completed ====
2014/08/25 11:37:44: 
*************************************************


*********** Start the Initialize Key Check **********
2014/08/25 11:39:53: Tool Ver: 2013.0605.01
2014/08/25 11:39:53: COM PORT OPEN ... OK
2014/08/25 11:39:53:
2014/08/25 11:39:53: ProductS/N:  VRW06A114800295
2014/08/25 11:39:53: TID: 86042E08CAE52080
2014/08/25 11:39:53: F/W Version: 00.00.08
2014/08/25 11:39:53:
2014/08/25 11:39:53: MasterKey Key Entry ... OK
2014/08/25 11:39:53: PowerON Counter Key Entry ... OK
2014/08/25 11:39:54: Key Entry ... OK
2014/08/25 11:39:54: Complete.
2014/08/25 11:39:54: COM PORT CLOSE ... OK
2014/08/25 11:39:54: 
2014/08/25 11:39:54: ==== Processing was completed ====
2014/08/25 11:39:54: 
*************************************************


*********** Start the Initialize Key Check **********
2014/08/25 11:42:10: Tool Ver: 2013.0605.01
2014/08/25 11:42:10: COM PORT OPEN ... OK
2014/08/25 11:42:10:
2014/08/25 11:42:10: ProductS/N:  VRW06A114800280
2014/08/25 11:42:10: TID: 86042B34D2E52080
2014/08/25 11:42:10: F/W Version: 00.00.08
2014/08/25 11:42:10:
2014/08/25 11:42:10: MasterKey Key Entry ... OK
2014/08/25 11:42:10: PowerON Counter Key Entry ... OK
2014/08/25 11:42:10: Key Entry ... OK
2014/08/25 11:42:10: Complete.
2014/08/25 11:42:10: COM PORT CLOSE ... OK
2014/08/25 11:42:10: 
2014/08/25 11:42:10: ==== Processing was completed ====
2014/08/25 11:42:10: 
*************************************************


*********** Start the Initialize Key Check **********
2014/08/25 12:51:47: Tool Ver: 2013.0605.01
2014/08/25 12:51:47: Product S/N ... ERROR
2014/08/25 12:51:47: 
2014/08/25 12:51:47: ######## Error has occurred ########
2014/08/25 12:51:47: 
*************************************************


*********** Start the Initialize Key Check **********
2014/08/25 12:51:47: Tool Ver: 2013.0605.01
2014/08/25 12:51:47: Product S/N ... ERROR
2014/08/25 12:51:47: 
2014/08/25 12:51:47: ######## Error has occurred ########
2014/08/25 12:51:47: 
*************************************************


*********** Start the Initialize Key Check **********
2014/08/25 12:51:48: Tool Ver: 2013.0605.01
2014/08/25 12:51:48: Product S/N ... ERROR
2014/08/25 12:51:48: 
2014/08/25 12:51:48: ######## Error has occurred ########
2014/08/25 12:51:48: 
*************************************************


*********** Start the Initialize Key Check **********
2014/08/25 12:51:48: Tool Ver: 2013.0605.01
2014/08/25 12:51:48: Product S/N ... ERROR
2014/08/25 12:51:48: 
2014/08/25 12:51:48: ######## Error has occurred ########
2014/08/25 12:51:48: 
*************************************************


*********** Start the Initialize Key Check **********
2014/08/25 12:51:48: Tool Ver: 2013.0605.01
2014/08/25 12:51:48: Product S/N ... ERROR
2014/08/25 12:51:48: 
2014/08/25 12:51:48: ######## Error has occurred ########
2014/08/25 12:51:48: 
*************************************************


*********** Start the Initialize Key Check **********
2014/08/25 12:51:48: Tool Ver: 2013.0605.01
2014/08/25 12:51:48: Product S/N ... ERROR
2014/08/25 12:51:48: 
2014/08/25 12:51:48: ######## Error has occurred ########
2014/08/25 12:51:48: 
*************************************************


*********** Start the Initialize Key Check **********
2014/08/25 12:51:48: Tool Ver: 2013.0605.01
2014/08/25 12:51:48: Product S/N ... ERROR
2014/08/25 12:51:48: 
2014/08/25 12:51:48: ######## Error has occurred ########
2014/08/25 12:51:48: 
*************************************************


*********** Start the Initialize Key Check **********
2014/08/25 12:51:49: Tool Ver: 2013.0605.01
2014/08/25 12:51:49: Product S/N ... ERROR
2014/08/25 12:51:49: 
2014/08/25 12:51:49: ######## Error has occurred ########
2014/08/25 12:51:49: 
*************************************************


*********** Start the Initialize Key Check **********
2014/08/25 12:51:49: Tool Ver: 2013.0605.01
2014/08/25 12:51:49: Product S/N ... ERROR
2014/08/25 12:51:49: 
2014/08/25 12:51:49: ######## Error has occurred ########
2014/08/25 12:51:49: 
*************************************************


*********** Start the Initialize Key Check **********
2014/08/25 12:51:49: Tool Ver: 2013.0605.01
2014/08/25 12:51:49: Product S/N ... ERROR
2014/08/25 12:51:49: 
2014/08/25 12:51:49: ######## Error has occurred ########
2014/08/25 12:51:49: 
*************************************************


*********** Start the Initialize Key Check **********
2014/08/25 12:51:49: Tool Ver: 2013.0605.01
2014/08/25 12:51:49: Product S/N ... ERROR
2014/08/25 12:51:49: 
2014/08/25 12:51:49: ######## Error has occurred ########
2014/08/25 12:51:49: 
*************************************************


*********** Start the Initialize Key Check **********
2014/08/25 12:51:49: Tool Ver: 2013.0605.01
2014/08/25 12:51:49: Product S/N ... ERROR
2014/08/25 12:51:49: 
2014/08/25 12:51:49: ######## Error has occurred ########
2014/08/25 12:51:49: 
*************************************************


*********** Start the Initialize Key Check **********
2014/08/25 12:51:50: Tool Ver: 2013.0605.01
2014/08/25 12:51:50: Product S/N ... ERROR
2014/08/25 12:51:50: 
2014/08/25 12:51:50: ######## Error has occurred ########
2014/08/25 12:51:50: 
*************************************************


*********** Start the Initialize Key Check **********
2014/08/25 12:51:50: Tool Ver: 2013.0605.01
2014/08/25 12:51:50: Product S/N ... ERROR
2014/08/25 12:51:50: 
2014/08/25 12:51:50: ######## Error has occurred ########
2014/08/25 12:51:50: 
*************************************************


*********** Start the Initialize Key Check **********
2014/08/25 12:51:50: Tool Ver: 2013.0605.01
2014/08/25 12:51:50: Product S/N ... ERROR
2014/08/25 12:51:50: 
2014/08/25 12:51:50: ######## Error has occurred ########
2014/08/25 12:51:50: 
*************************************************


*********** Start the Initialize Key Check **********
2014/08/25 12:51:50: Tool Ver: 2013.0605.01
2014/08/25 12:51:50: Product S/N ... ERROR
2014/08/25 12:51:50: 
2014/08/25 12:51:50: ######## Error has occurred ########
2014/08/25 12:51:50: 
*************************************************


*********** Start the Initialize Key Check **********
2014/08/25 12:51:51: Tool Ver: 2013.0605.01
2014/08/25 12:51:51: Product S/N ... ERROR
2014/08/25 12:51:51: 
2014/08/25 12:51:51: ######## Error has occurred ########
2014/08/25 12:51:51: 
*************************************************


*********** Start the Initialize Key Check **********
2014/08/25 12:51:51: Tool Ver: 2013.0605.01
2014/08/25 12:51:51: Product S/N ... ERROR
2014/08/25 12:51:51: 
2014/08/25 12:51:51: ######## Error has occurred ########
2014/08/25 12:51:51: 
*************************************************


*********** Start the Initialize Key Check **********
2014/08/25 12:51:51: Tool Ver: 2013.0605.01
2014/08/25 12:51:51: Product S/N ... ERROR
2014/08/25 12:51:51: 
2014/08/25 12:51:51: ######## Error has occurred ########
2014/08/25 12:51:51: 
*************************************************


*********** Start the Initialize Key Check **********
2014/08/25 12:51:51: Tool Ver: 2013.0605.01
2014/08/25 12:51:51: Product S/N ... ERROR
2014/08/25 12:51:51: 
2014/08/25 12:51:51: ######## Error has occurred ########
2014/08/25 12:51:51: 
*************************************************


*********** Start the Initialize Key Check **********
2014/08/25 12:51:51: Tool Ver: 2013.0605.01
2014/08/25 12:51:51: Product S/N ... ERROR
2014/08/25 12:51:51: 
2014/08/25 12:51:51: ######## Error has occurred ########
2014/08/25 12:51:51: 
*************************************************


*********** Start the Initialize Key Check **********
2014/08/25 12:51:52: Tool Ver: 2013.0605.01
2014/08/25 12:51:52: Product S/N ... ERROR
2014/08/25 12:51:52: 
2014/08/25 12:51:52: ######## Error has occurred ########
2014/08/25 12:51:52: 
*************************************************


*********** Start the Initialize Key Check **********
2014/08/25 12:51:52: Tool Ver: 2013.0605.01
2014/08/25 12:51:52: Product S/N ... ERROR
2014/08/25 12:51:52: 
2014/08/25 12:51:52: ######## Error has occurred ########
2014/08/25 12:51:52: 
*************************************************


*********** Start the Initialize Key Check **********
2014/08/25 12:51:52: Tool Ver: 2013.0605.01
2014/08/25 12:51:52: Product S/N ... ERROR
2014/08/25 12:51:52: 
2014/08/25 12:51:52: ######## Error has occurred ########
2014/08/25 12:51:52: 
*************************************************


*********** Start the Initialize Key Check **********
2014/08/25 12:51:52: Tool Ver: 2013.0605.01
2014/08/25 12:51:52: Product S/N ... ERROR
2014/08/25 12:51:52: 
2014/08/25 12:51:52: ######## Error has occurred ########
2014/08/25 12:51:52: 
*************************************************


*********** Start the Initialize Key Check **********
2014/08/25 12:51:52: Tool Ver: 2013.0605.01
2014/08/25 12:51:52: Product S/N ... ERROR
2014/08/25 12:51:52: 
2014/08/25 12:51:52: ######## Error has occurred ########
2014/08/25 12:51:52: 
*************************************************


*********** Start the Initialize Key Check **********
2014/08/25 12:51:53: Tool Ver: 2013.0605.01
2014/08/25 12:51:53: Product S/N ... ERROR
2014/08/25 12:51:53: 
2014/08/25 12:51:53: ######## Error has occurred ########
2014/08/25 12:51:53: 
*************************************************


*********** Start the Initialize Key Check **********
2014/08/25 12:51:53: Tool Ver: 2013.0605.01
2014/08/25 12:51:53: Product S/N ... ERROR
2014/08/25 12:51:53: 
2014/08/25 12:51:53: ######## Error has occurred ########
2014/08/25 12:51:53: 
*************************************************


*********** Start the Initialize Key Check **********
2014/08/25 12:51:53: Tool Ver: 2013.0605.01
2014/08/25 12:51:53: Product S/N ... ERROR
2014/08/25 12:51:53: 
2014/08/25 12:51:53: ######## Error has occurred ########
2014/08/25 12:51:53: 
*************************************************


*********** Start the Initialize Key Check **********
2014/08/25 12:51:53: Tool Ver: 2013.0605.01
2014/08/25 12:51:53: Product S/N ... ERROR
2014/08/25 12:51:53: 
2014/08/25 12:51:53: ######## Error has occurred ########
2014/08/25 12:51:53: 
*************************************************


*********** Start the Initialize Key Check **********
2014/08/25 12:51:53: Tool Ver: 2013.0605.01
2014/08/25 12:51:53: Product S/N ... ERROR
2014/08/25 12:51:53: 
2014/08/25 12:51:53: ######## Error has occurred ########
2014/08/25 12:51:53: 
*************************************************


*********** Start the Initialize Key Check **********
2014/08/25 12:51:54: Tool Ver: 2013.0605.01
2014/08/25 12:51:54: Product S/N ... ERROR
2014/08/25 12:51:54: 
2014/08/25 12:51:54: ######## Error has occurred ########
2014/08/25 12:51:54: 
*************************************************


*********** Start the Initialize Key Check **********
2014/08/25 12:51:54: Tool Ver: 2013.0605.01
2014/08/25 12:51:54: Product S/N ... ERROR
2014/08/25 12:51:54: 
2014/08/25 12:51:54: ######## Error has occurred ########
2014/08/25 12:51:54: 
*************************************************


*********** Start the Initialize Key Check **********
2014/08/25 12:51:54: Tool Ver: 2013.0605.01
2014/08/25 12:51:54: Product S/N ... ERROR
2014/08/25 12:51:54: 
2014/08/25 12:51:54: ######## Error has occurred ########
2014/08/25 12:51:54: 
*************************************************


*********** Start the Initialize Key Check **********
2014/08/25 12:51:54: Tool Ver: 2013.0605.01
2014/08/25 12:51:54: Product S/N ... ERROR
2014/08/25 12:51:54: 
2014/08/25 12:51:54: ######## Error has occurred ########
2014/08/25 12:51:54: 
*************************************************


*********** Start the Initialize Key Check **********
2014/08/25 12:51:54: Tool Ver: 2013.0605.01
2014/08/25 12:51:54: Product S/N ... ERROR
2014/08/25 12:51:54: 
2014/08/25 12:51:54: ######## Error has occurred ########
2014/08/25 12:51:54: 
*************************************************


*********** Start the Initialize Key Check **********
2014/08/25 12:55:14: Tool Ver: 2013.0605.01
2014/08/25 12:55:14: COM PORT OPEN ... OK
2014/08/25 12:55:15:
2014/08/25 12:55:15: ProductS/N:  VRW06A114800289
2014/08/25 12:55:15: TID: 86040F3FD2E52080
2014/08/25 12:55:15: F/W Version: 00.00.08
2014/08/25 12:55:15:
2014/08/25 12:55:15: MasterKey Key Entry ... OK
2014/08/25 12:55:15: PowerON Counter Key Entry ... OK
2014/08/25 12:55:15: Key Entry ... OK
2014/08/25 12:55:15: Complete.
2014/08/25 12:55:15: COM PORT CLOSE ... OK
2014/08/25 12:55:15: 
2014/08/25 12:55:15: ==== Processing was completed ====
2014/08/25 12:55:15: 
*************************************************


*********** Start the Initialize Key Check **********
2014/08/25 12:58:17: Tool Ver: 2013.0605.01
2014/08/25 12:58:17: COM PORT OPEN ... OK
2014/08/25 12:58:17:
2014/08/25 12:58:17: ProductS/N:  VRW06A114800290
2014/08/25 12:58:17: TID: 86040E3E32E62080
2014/08/25 12:58:17: F/W Version: 00.00.08
2014/08/25 12:58:17:
2014/08/25 12:58:17: MasterKey Key Entry ... OK
2014/08/25 12:58:17: PowerON Counter Key Entry ... OK
2014/08/25 12:58:17: Key Entry ... OK
2014/08/25 12:58:17: Complete.
2014/08/25 12:58:17: COM PORT CLOSE ... OK
2014/08/25 12:58:17: 
2014/08/25 12:58:17: ==== Processing was completed ====
2014/08/25 12:58:17: 
*************************************************


*********** Start the Initialize Key Check **********
2014/08/25 13:01:14: Tool Ver: 2013.0605.01
2014/08/25 13:01:14: COM PORT OPEN ... OK
2014/08/25 13:01:15:
2014/08/25 13:01:15: ProductS/N:  VRW06A114800299
2014/08/25 13:01:15: TID: 8604120BCAE52080
2014/08/25 13:01:15: F/W Version: 00.00.08
2014/08/25 13:01:15:
2014/08/25 13:01:15: MasterKey Key Entry ... OK
2014/08/25 13:01:15: PowerON Counter Key Entry ... OK
2014/08/25 13:01:15: Key Entry ... OK
2014/08/25 13:01:15: Complete.
2014/08/25 13:01:15: COM PORT CLOSE ... OK
2014/08/25 13:01:15: 
2014/08/25 13:01:15: ==== Processing was completed ====
2014/08/25 13:01:15: 
*************************************************


*********** Start the Initialize Key Check **********
2014/08/25 13:03:55: Tool Ver: 2013.0605.01
2014/08/25 13:03:55: COM PORT OPEN ... OK
2014/08/25 13:03:56:
2014/08/25 13:03:56: ProductS/N:  VRW06A114800249
2014/08/25 13:03:56: TID: 86043108CAE52080
2014/08/25 13:03:56: F/W Version: 00.00.08
2014/08/25 13:03:56:
2014/08/25 13:03:56: MasterKey Key Entry ... OK
2014/08/25 13:03:56: PowerON Counter Key Entry ... OK
2014/08/25 13:03:56: Key Entry ... OK
2014/08/25 13:03:56: Complete.
2014/08/25 13:03:56: COM PORT CLOSE ... OK
2014/08/25 13:03:56: 
2014/08/25 13:03:56: ==== Processing was completed ====
2014/08/25 13:03:56: 
*************************************************


*********** Start the Initialize Key Check **********
2014/08/25 13:07:00: Tool Ver: 2013.0605.01
2014/08/25 13:07:00: COM PORT OPEN ... OK
2014/08/25 13:07:00:
2014/08/25 13:07:00: ProductS/N:  VRW06A114800285
2014/08/25 13:07:00: TID: 86042B25CAE52080
2014/08/25 13:07:00: F/W Version: 00.00.08
2014/08/25 13:07:00:
2014/08/25 13:07:00: MasterKey Key Entry ... OK
2014/08/25 13:07:00: PowerON Counter Key Entry ... OK
2014/08/25 13:07:01: Key Entry ... OK
2014/08/25 13:07:01: Complete.
2014/08/25 13:07:01: COM PORT CLOSE ... OK
2014/08/25 13:07:01: 
2014/08/25 13:07:01: ==== Processing was completed ====
2014/08/25 13:07:01: 
*************************************************


*********** Start the Initialize Key Check **********
2014/08/25 13:11:15: Tool Ver: 2013.0605.01
2014/08/25 13:11:15: Product S/N ... ERROR
2014/08/25 13:11:15: 
2014/08/25 13:11:15: ######## Error has occurred ########
2014/08/25 13:11:15: 
*************************************************


*********** Start the Initialize Key Check **********
2014/08/25 13:11:16: Tool Ver: 2013.0605.01
2014/08/25 13:11:16: Product S/N ... ERROR
2014/08/25 13:11:16: 
2014/08/25 13:11:16: ######## Error has occurred ########
2014/08/25 13:11:16: 
*************************************************


*********** Start the Initialize Key Check **********
2014/08/25 13:11:16: Tool Ver: 2013.0605.01
2014/08/25 13:11:16: Product S/N ... ERROR
2014/08/25 13:11:16: 
2014/08/25 13:11:16: ######## Error has occurred ########
2014/08/25 13:11:16: 
*************************************************


*********** Start the Initialize Key Check **********
2014/08/25 13:11:53: Tool Ver: 2013.0605.01
2014/08/25 13:11:53: COM PORT OPEN ... OK
2014/08/25 13:11:53:
2014/08/25 13:11:53: ProductS/N:  VRW06A114800287
2014/08/25 13:11:53: TID: 8604380CCAE52080
2014/08/25 13:11:53: F/W Version: 00.00.08
2014/08/25 13:11:53:
2014/08/25 13:11:53: MasterKey Key Entry ... OK
2014/08/25 13:11:53: PowerON Counter Key Entry ... OK
2014/08/25 13:11:54: Key Entry ... OK
2014/08/25 13:11:54: Complete.
2014/08/25 13:11:54: COM PORT CLOSE ... OK
2014/08/25 13:11:54: 
2014/08/25 13:11:54: ==== Processing was completed ====
2014/08/25 13:11:54: 
*************************************************


*********** Start the Initialize Key Check **********
2014/08/25 13:21:49: Tool Ver: 2013.0605.01
2014/08/25 13:21:49: COM PORT OPEN ... OK
2014/08/25 13:21:49:
2014/08/25 13:21:49: ProductS/N:  VRW06A114800300
2014/08/25 13:21:49: TID: 860406232AE62080
2014/08/25 13:21:49: F/W Version: 00.00.08
2014/08/25 13:21:49:
2014/08/25 13:21:49: MasterKey Key Entry ... OK
2014/08/25 13:21:49: PowerON Counter Key Entry ... OK
2014/08/25 13:21:50: Key Entry ... OK
2014/08/25 13:21:50: Complete.
2014/08/25 13:21:50: COM PORT CLOSE ... OK
2014/08/25 13:21:50: 
2014/08/25 13:21:50: ==== Processing was completed ====
2014/08/25 13:21:50: 
*************************************************


*********** Start the Initialize Key Check **********
2014/08/25 13:24:57: Tool Ver: 2013.0605.01
2014/08/25 13:24:57: COM PORT OPEN ... OK
2014/08/25 13:24:57:
2014/08/25 13:24:57: ProductS/N:  VRW06A114800277
2014/08/25 13:24:57: TID: 86042243D2E52080
2014/08/25 13:24:57: F/W Version: 00.00.08
2014/08/25 13:24:57:
2014/08/25 13:24:57: MasterKey Key Entry ... OK
2014/08/25 13:24:57: PowerON Counter Key Entry ... OK
2014/08/25 13:24:58: Key Entry ... OK
2014/08/25 13:24:58: Complete.
2014/08/25 13:24:58: COM PORT CLOSE ... OK
2014/08/25 13:24:58: 
2014/08/25 13:24:58: ==== Processing was completed ====
2014/08/25 13:24:58: 
*************************************************


*********** Start the Initialize Key Check **********
2014/08/25 13:46:49: Tool Ver: 2013.0605.01
2014/08/25 13:46:49: COM PORT OPEN ... OK
2014/08/25 13:46:50:
2014/08/25 13:46:50: ProductS/N:  VRW06A114800308
2014/08/25 13:46:50: TID: 86041F3FD2E52080
2014/08/25 13:46:50: F/W Version: 00.00.08
2014/08/25 13:46:50:
2014/08/25 13:46:50: MasterKey Key Entry ... OK
2014/08/25 13:46:50: PowerON Counter Key Entry ... OK
2014/08/25 13:46:50: Key Entry ... OK
2014/08/25 13:46:50: Complete.
2014/08/25 13:46:50: COM PORT CLOSE ... OK
2014/08/25 13:46:50: 
2014/08/25 13:46:50: ==== Processing was completed ====
2014/08/25 13:46:50: 
*************************************************


*********** Start the Initialize Key Check **********
2014/08/25 13:47:55: Tool Ver: 2013.0605.01
2014/08/25 13:47:55: COM PORT OPEN ... OK
2014/08/25 13:47:55:
2014/08/25 13:47:55: ProductS/N:  VRW06A114800294
2014/08/25 13:47:55: TID: 860432202AE62080
2014/08/25 13:47:55: F/W Version: 00.00.08
2014/08/25 13:47:55:
2014/08/25 13:47:55: MasterKey Key Entry ... OK
2014/08/25 13:47:55: PowerON Counter Key Entry ... OK
2014/08/25 13:47:55: Key Entry ... OK
2014/08/25 13:47:55: Complete.
2014/08/25 13:47:55: COM PORT CLOSE ... OK
2014/08/25 13:47:55: 
2014/08/25 13:47:55: ==== Processing was completed ====
2014/08/25 13:47:55: 
*************************************************


*********** Start the Initialize Key Check **********
2014/08/25 13:48:38: Tool Ver: 2013.0605.01
2014/08/25 13:48:38: COM PORT OPEN ... OK
2014/08/25 13:48:38:
2014/08/25 13:48:38: ProductS/N:  VRW06A114800198
2014/08/25 13:48:39: TID: 8604320CCAE52080
2014/08/25 13:48:39: F/W Version: 00.00.08
2014/08/25 13:48:39:
2014/08/25 13:48:39: MasterKey Key Entry ... OK
2014/08/25 13:48:39: PowerON Counter Key Entry ... OK
2014/08/25 13:48:39: Key Entry ... OK
2014/08/25 13:48:39: Complete.
2014/08/25 13:48:39: COM PORT CLOSE ... OK
2014/08/25 13:48:39: 
2014/08/25 13:48:39: ==== Processing was completed ====
2014/08/25 13:48:39: 
*************************************************


*********** Start the Initialize Key Check **********
2014/08/25 14:02:32: Tool Ver: 2013.0605.01
2014/08/25 14:02:32: COM PORT OPEN ... OK
2014/08/25 14:02:32:
2014/08/25 14:02:32: ProductS/N:  VRW06A114800236
2014/08/25 14:02:32: TID: 86041A042AE62080
2014/08/25 14:02:32: F/W Version: 00.00.08
2014/08/25 14:02:32:
2014/08/25 14:02:32: MasterKey Key Entry ... OK
2014/08/25 14:02:32: PowerON Counter Key Entry ... OK
2014/08/25 14:02:33: Key Entry ... OK
2014/08/25 14:02:33: Complete.
2014/08/25 14:02:33: COM PORT CLOSE ... OK
2014/08/25 14:02:33: 
2014/08/25 14:02:33: ==== Processing was completed ====
2014/08/25 14:02:33: 
*************************************************


*********** Start the Initialize Key Check **********
2014/08/25 14:08:03: Tool Ver: 2013.0605.01
2014/08/25 14:08:03: COM PORT OPEN ... OK
2014/08/25 14:08:03:
2014/08/25 14:08:03: ProductS/N:  VRW06A114800292
2014/08/25 14:08:03: TID: 86041F1E2AE62080
2014/08/25 14:08:03: F/W Version: 00.00.08
2014/08/25 14:08:03:
2014/08/25 14:08:03: MasterKey Key Entry ... OK
2014/08/25 14:08:03: PowerON Counter Key Entry ... OK
2014/08/25 14:08:04: Key Entry ... OK
2014/08/25 14:08:04: Complete.
2014/08/25 14:08:04: COM PORT CLOSE ... OK
2014/08/25 14:08:04: 
2014/08/25 14:08:04: ==== Processing was completed ====
2014/08/25 14:08:04: 
*************************************************


*********** Start the Initialize Key Check **********
2014/08/25 14:09:40: Tool Ver: 2013.0605.01
2014/08/25 14:09:40: COM PORT OPEN ... OK
2014/08/25 14:09:40:
2014/08/25 14:09:40: ProductS/N:  VRW06A114800246
2014/08/25 14:09:40: TID: 86042806CAE52080
2014/08/25 14:09:40: F/W Version: 00.00.08
2014/08/25 14:09:40:
2014/08/25 14:09:40: MasterKey Key Entry ... OK
2014/08/25 14:09:40: PowerON Counter Key Entry ... OK
2014/08/25 14:09:41: Key Entry ... OK
2014/08/25 14:09:41: Complete.
2014/08/25 14:09:41: COM PORT CLOSE ... OK
2014/08/25 14:09:41: 
2014/08/25 14:09:41: ==== Processing was completed ====
2014/08/25 14:09:41: 
*************************************************


*********** Start the Initialize Key Check **********
2014/08/25 14:13:59: Tool Ver: 2013.0605.01
2014/08/25 14:13:59: COM PORT OPEN ... OK
2014/08/25 14:13:59:
2014/08/25 14:13:59: ProductS/N:  VRW06A114800305
2014/08/25 14:13:59: TID: 860421032AE62080
2014/08/25 14:13:59: F/W Version: 00.00.08
2014/08/25 14:13:59:
2014/08/25 14:13:59: MasterKey Key Entry ... OK
2014/08/25 14:13:59: PowerON Counter Key Entry ... OK
2014/08/25 14:13:59: Key Entry ... OK
2014/08/25 14:13:59: Complete.
2014/08/25 14:13:59: COM PORT CLOSE ... OK
2014/08/25 14:13:59: 
2014/08/25 14:13:59: ==== Processing was completed ====
2014/08/25 14:13:59: 
*************************************************


*********** Start the Initialize Key Check **********
2014/08/25 14:17:51: Tool Ver: 2013.0605.01
2014/08/25 14:17:51: COM PORT OPEN ... OK
2014/08/25 14:17:51:
2014/08/25 14:17:51: ProductS/N:  VRW06A114800311
2014/08/25 14:17:51: TID: 86042020CAE52080
2014/08/25 14:17:51: F/W Version: 00.00.08
2014/08/25 14:17:51:
2014/08/25 14:17:51: MasterKey Key Entry ... OK
2014/08/25 14:17:51: PowerON Counter Key Entry ... OK
2014/08/25 14:17:52: Key Entry ... OK
2014/08/25 14:17:52: Complete.
2014/08/25 14:17:52: COM PORT CLOSE ... OK
2014/08/25 14:17:52: 
2014/08/25 14:17:52: ==== Processing was completed ====
2014/08/25 14:17:52: 
*************************************************


*********** Start the Initialize Key Check **********
2014/08/25 14:24:07: Tool Ver: 2013.0605.01
2014/08/25 14:24:07: COM PORT OPEN ... OK
2014/08/25 14:24:07:
2014/08/25 14:24:07: ProductS/N:  VRW06A114800210
2014/08/25 14:24:07: TID: 86041D232AE62080
2014/08/25 14:24:07: F/W Version: 00.00.08
2014/08/25 14:24:07:
2014/08/25 14:24:07: MasterKey Key Entry ... OK
2014/08/25 14:24:07: PowerON Counter Key Entry ... OK
2014/08/25 14:24:07: Key Entry ... OK
2014/08/25 14:24:07: Complete.
2014/08/25 14:24:07: COM PORT CLOSE ... OK
2014/08/25 14:24:07: 
2014/08/25 14:24:07: ==== Processing was completed ====
2014/08/25 14:24:07: 
*************************************************


*********** Start the Initialize Key Check **********
2014/08/25 14:28:06: Tool Ver: 2013.0605.01
2014/08/25 14:28:06: COM PORT OPEN ... OK
2014/08/25 14:28:06:
2014/08/25 14:28:06: ProductS/N:  VRW06A114800319
2014/08/25 14:28:06: TID: 86042B3ED2E52080
2014/08/25 14:28:06: F/W Version: 00.00.08
2014/08/25 14:28:06:
2014/08/25 14:28:06: MasterKey Key Entry ... OK
2014/08/25 14:28:06: PowerON Counter Key Entry ... OK
2014/08/25 14:28:07: Key Entry ... OK
2014/08/25 14:28:07: Complete.
2014/08/25 14:28:07: COM PORT CLOSE ... OK
2014/08/25 14:28:07: 
2014/08/25 14:28:07: ==== Processing was completed ====
2014/08/25 14:28:07: 
*************************************************


*********** Start the Initialize Key Check **********
2014/08/25 14:30:57: Tool Ver: 2013.0605.01
2014/08/25 14:30:57: COM PORT OPEN ... OK
2014/08/25 14:30:57:
2014/08/25 14:30:57: ProductS/N:  VRW06A114800312
2014/08/25 14:30:57: TID: 86041B3D32E62080
2014/08/25 14:30:57: F/W Version: 00.00.08
2014/08/25 14:30:57:
2014/08/25 14:30:57: MasterKey Key Entry ... OK
2014/08/25 14:30:57: PowerON Counter Key Entry ... OK
2014/08/25 14:30:57: Key Entry ... OK
2014/08/25 14:30:57: Complete.
2014/08/25 14:30:57: COM PORT CLOSE ... OK
2014/08/25 14:30:57: 
2014/08/25 14:30:57: ==== Processing was completed ====
2014/08/25 14:30:57: 
*************************************************


*********** Start the Initialize Key Check **********
2014/08/25 14:33:48: Tool Ver: 2013.0605.01
2014/08/25 14:33:48: COM PORT OPEN ... OK
2014/08/25 14:33:48:
2014/08/25 14:33:48: ProductS/N:  VRW06A114800243
2014/08/25 14:33:48: TID: 86041B3C32E62080
2014/08/25 14:33:48: F/W Version: 00.00.08
2014/08/25 14:33:48:
2014/08/25 14:33:48: MasterKey Key Entry ... OK
2014/08/25 14:33:48: PowerON Counter Key Entry ... OK
2014/08/25 14:33:49: Key Entry ... OK
2014/08/25 14:33:49: Complete.
2014/08/25 14:33:49: COM PORT CLOSE ... OK
2014/08/25 14:33:49: 
2014/08/25 14:33:49: ==== Processing was completed ====
2014/08/25 14:33:49: 
*************************************************


*********** Start the Initialize Key Check **********
2014/08/25 14:38:37: Tool Ver: 2013.0605.01
2014/08/25 14:38:37: COM PORT OPEN ... OK
2014/08/25 14:38:37:
2014/08/25 14:38:37: ProductS/N:  VRW06A114800309
2014/08/25 14:38:37: TID: 86041C44D2E52080
2014/08/25 14:38:37: F/W Version: 00.00.08
2014/08/25 14:38:37:
2014/08/25 14:38:37: MasterKey Key Entry ... OK
2014/08/25 14:38:37: PowerON Counter Key Entry ... OK
2014/08/25 14:38:38: Key Entry ... OK
2014/08/25 14:38:38: Complete.
2014/08/25 14:38:38: COM PORT CLOSE ... OK
2014/08/25 14:38:38: 
2014/08/25 14:38:38: ==== Processing was completed ====
2014/08/25 14:38:38: 
*************************************************


*********** Start the Initialize Key Check **********
2014/08/25 14:43:36: Tool Ver: 2013.0605.01
2014/08/25 14:43:36: COM PORT OPEN ... OK
2014/08/25 14:43:36:
2014/08/25 14:43:36: ProductS/N:  VRW06A114800313
2014/08/25 14:43:36: TID: 860416272AE62080
2014/08/25 14:43:36: F/W Version: 00.00.08
2014/08/25 14:43:36:
2014/08/25 14:43:36: MasterKey Key Entry ... OK
2014/08/25 14:43:36: PowerON Counter Key Entry ... OK
2014/08/25 14:43:37: Key Entry ... OK
2014/08/25 14:43:37: Complete.
2014/08/25 14:43:37: COM PORT CLOSE ... OK
2014/08/25 14:43:37: 
2014/08/25 14:43:37: ==== Processing was completed ====
2014/08/25 14:43:37: 
*************************************************


*********** Start the Initialize Key Check **********
2014/08/25 15:12:55: Tool Ver: 2013.0605.01
2014/08/25 15:12:55: COM PORT OPEN ... OK
2014/08/25 15:12:55:
2014/08/25 15:12:55: ProductS/N:  RW06A114800324
2014/08/25 15:12:55: TID: 86042134D2E52080
2014/08/25 15:12:55: F/W Version: 00.00.08
2014/08/25 15:12:55:
2014/08/25 15:12:55: MasterKey Key Entry ... OK
2014/08/25 15:12:55: PowerON Counter Key Entry ... OK
2014/08/25 15:12:56: Key Entry ... OK
2014/08/25 15:12:56: Complete.
2014/08/25 15:12:56: COM PORT CLOSE ... OK
2014/08/25 15:12:56: 
2014/08/25 15:12:56: ==== Processing was completed ====
2014/08/25 15:12:56: 
*************************************************


*********** Start the Initialize Key Check **********
2014/08/25 15:13:34: Tool Ver: 2013.0605.01
2014/08/25 15:13:34: COM PORT OPEN ... OK
2014/08/25 15:13:34:
2014/08/25 15:13:34: ProductS/N:  VRW06A114800306
2014/08/25 15:13:34: TID: 86042D272AE62080
2014/08/25 15:13:34: F/W Version: 00.00.08
2014/08/25 15:13:34:
2014/08/25 15:13:34: MasterKey Key Entry ... OK
2014/08/25 15:13:34: PowerON Counter Key Entry ... OK
2014/08/25 15:13:34: Key Entry ... OK
2014/08/25 15:13:34: Complete.
2014/08/25 15:13:34: COM PORT CLOSE ... OK
2014/08/25 15:13:34: 
2014/08/25 15:13:34: ==== Processing was completed ====
2014/08/25 15:13:34: 
*************************************************


*********** Start the Initialize Key Check **********
2014/08/25 15:14:06: Tool Ver: 2013.0605.01
2014/08/25 15:14:06: COM PORT OPEN ... OK
2014/08/25 15:14:06:
2014/08/25 15:14:06: ProductS/N:  VRW06A114800329
2014/08/25 15:14:06: TID: 86040F36D2E52080
2014/08/25 15:14:06: F/W Version: 00.00.08
2014/08/25 15:14:06:
2014/08/25 15:14:06: MasterKey Key Entry ... OK
2014/08/25 15:14:06: PowerON Counter Key Entry ... OK
2014/08/25 15:14:06: Key Entry ... OK
2014/08/25 15:14:06: Complete.
2014/08/25 15:14:06: COM PORT CLOSE ... OK
2014/08/25 15:14:06: 
2014/08/25 15:14:06: ==== Processing was completed ====
2014/08/25 15:14:06: 
*************************************************


*********** Start the Initialize Key Check **********
2014/08/25 15:23:34: Tool Ver: 2013.0605.01
2014/08/25 15:23:34: COM PORT OPEN ... OK
2014/08/25 15:23:34:
2014/08/25 15:23:34: ProductS/N:  VRW06A114800320
2014/08/25 15:23:34: TID: 8604201D2AE62080
2014/08/25 15:23:34: F/W Version: 00.00.08
2014/08/25 15:23:34:
2014/08/25 15:23:34: MasterKey Key Entry ... OK
2014/08/25 15:23:34: PowerON Counter Key Entry ... OK
2014/08/25 15:23:35: Key Entry ... OK
2014/08/25 15:23:35: Complete.
2014/08/25 15:23:35: COM PORT CLOSE ... OK
2014/08/25 15:23:35: 
2014/08/25 15:23:35: ==== Processing was completed ====
2014/08/25 15:23:35: 
*************************************************


*********** Start the Initialize Key Check **********
2014/08/25 15:36:03: Tool Ver: 2013.0605.01
2014/08/25 15:36:03: COM PORT OPEN ... OK
2014/08/25 15:36:03:
2014/08/25 15:36:03: ProductS/N:  VRW06A114800331
2014/08/25 15:36:03: TID: 86043142D2E52080
2014/08/25 15:36:03: F/W Version: 00.00.08
2014/08/25 15:36:03:
2014/08/25 15:36:03: MasterKey Key Entry ... OK
2014/08/25 15:36:03: PowerON Counter Key Entry ... OK
2014/08/25 15:36:03: Key Entry ... OK
2014/08/25 15:36:03: Complete.
2014/08/25 15:36:03: COM PORT CLOSE ... OK
2014/08/25 15:36:03: 
2014/08/25 15:36:03: ==== Processing was completed ====
2014/08/25 15:36:03: 
*************************************************


*********** Start the Initialize Key Check **********
2014/08/25 15:36:44: Tool Ver: 2013.0605.01
2014/08/25 15:36:44: COM PORT OPEN ... OK
2014/08/25 15:36:45:
2014/08/25 15:36:45: ProductS/N:  VRW06A114800310
2014/08/25 15:36:45: TID: 860427222AE62080
2014/08/25 15:36:45: F/W Version: 00.00.08
2014/08/25 15:36:45:
2014/08/25 15:36:45: MasterKey Key Entry ... OK
2014/08/25 15:36:45: PowerON Counter Key Entry ... OK
2014/08/25 15:36:45: Key Entry ... OK
2014/08/25 15:36:45: Complete.
2014/08/25 15:36:45: COM PORT CLOSE ... OK
2014/08/25 15:36:45: 
2014/08/25 15:36:45: ==== Processing was completed ====
2014/08/25 15:36:45: 
*************************************************


*********** Start the Initialize Key Check **********
2014/08/25 15:37:00: Tool Ver: 2013.0605.01
2014/08/25 15:37:00: COM PORT OPEN ... OK
2014/08/25 15:37:00:
2014/08/25 15:37:00: ProductS/N:  VRW06A114800322
2014/08/25 15:37:00: TID: 860423072AE62080
2014/08/25 15:37:00: F/W Version: 00.00.08
2014/08/25 15:37:00:
2014/08/25 15:37:00: MasterKey Key Entry ... OK
2014/08/25 15:37:00: PowerON Counter Key Entry ... OK
2014/08/25 15:37:01: Key Entry ... OK
2014/08/25 15:37:01: Complete.
2014/08/25 15:37:01: COM PORT CLOSE ... OK
2014/08/25 15:37:01: 
2014/08/25 15:37:01: ==== Processing was completed ====
2014/08/25 15:37:01: 
*************************************************


*********** Start the Initialize Key Check **********
2014/08/25 15:37:27: Tool Ver: 2013.0605.01
2014/08/25 15:37:27: COM PORT OPEN ... OK
2014/08/25 15:37:27:
2014/08/25 15:37:27: ProductS/N:  VRW06A114800301
2014/08/25 15:37:27: TID: 86041B3F32E62080
2014/08/25 15:37:27: F/W Version: 00.00.08
2014/08/25 15:37:27:
2014/08/25 15:37:27: MasterKey Key Entry ... OK
2014/08/25 15:37:27: PowerON Counter Key Entry ... OK
2014/08/25 15:37:28: Key Entry ... OK
2014/08/25 15:37:28: Complete.
2014/08/25 15:37:28: COM PORT CLOSE ... OK
2014/08/25 15:37:28: 
2014/08/25 15:37:28: ==== Processing was completed ====
2014/08/25 15:37:28: 
*************************************************


*********** Start the Initialize Key Check **********
2014/08/25 15:39:12: Tool Ver: 2013.0605.01
2014/08/25 15:39:12: COM PORT OPEN ... OK
2014/08/25 15:39:13:
2014/08/25 15:39:13: ProductS/N:  VRW06A114800325
2014/08/25 15:39:13: TID: 860408242AE62080
2014/08/25 15:39:13: F/W Version: 00.00.08
2014/08/25 15:39:13:
2014/08/25 15:39:13: MasterKey Key Entry ... OK
2014/08/25 15:39:13: PowerON Counter Key Entry ... OK
2014/08/25 15:39:13: Key Entry ... OK
2014/08/25 15:39:13: Complete.
2014/08/25 15:39:13: COM PORT CLOSE ... OK
2014/08/25 15:39:13: 
2014/08/25 15:39:13: ==== Processing was completed ====
2014/08/25 15:39:13: 
*************************************************


*********** Start the Initialize Key Check **********
2014/08/25 15:41:52: Tool Ver: 2013.0605.01
2014/08/25 15:41:52: COM PORT OPEN ... OK
2014/08/25 15:41:53:
2014/08/25 15:41:53: ProductS/N:  VRW06A114800327
2014/08/25 15:41:53: TID: 86041B4332E62080
2014/08/25 15:41:53: F/W Version: 00.00.08
2014/08/25 15:41:53:
2014/08/25 15:41:53: MasterKey Key Entry ... OK
2014/08/25 15:41:53: PowerON Counter Key Entry ... OK
2014/08/25 15:41:53: Key Entry ... OK
2014/08/25 15:41:53: Complete.
2014/08/25 15:41:53: COM PORT CLOSE ... OK
2014/08/25 15:41:53: 
2014/08/25 15:41:53: ==== Processing was completed ====
2014/08/25 15:41:53: 
*************************************************


*********** Start the Initialize Key Check **********
2014/08/25 15:45:33: Tool Ver: 2013.0605.01
2014/08/25 15:45:33: COM PORT OPEN ... OK
2014/08/25 15:45:34:
2014/08/25 15:45:34: ProductS/N:  VRW06A114800304
2014/08/25 15:45:34: TID: 86043E202AE62080
2014/08/25 15:45:34: F/W Version: 00.00.08
2014/08/25 15:45:34:
2014/08/25 15:45:34: MasterKey Key Entry ... OK
2014/08/25 15:45:34: PowerON Counter Key Entry ... OK
2014/08/25 15:45:34: Key Entry ... OK
2014/08/25 15:45:34: Complete.
2014/08/25 15:45:34: COM PORT CLOSE ... OK
2014/08/25 15:45:34: 
2014/08/25 15:45:34: ==== Processing was completed ====
2014/08/25 15:45:34: 
*************************************************


*********** Start the Initialize Key Check **********
2014/08/25 15:46:02: Tool Ver: 2013.0605.01
2014/08/25 15:46:02: COM PORT OPEN ... OK
2014/08/25 15:46:02:
2014/08/25 15:46:02: ProductS/N:  VRW06A114800304
2014/08/25 15:46:02: TID: 86043E202AE62080
2014/08/25 15:46:02: F/W Version: 00.00.08
2014/08/25 15:46:02:
2014/08/25 15:46:02: MasterKey Key Entry ... OK
2014/08/25 15:46:02: PowerON Counter Key Entry ... OK
2014/08/25 15:46:03: Key Entry ... OK
2014/08/25 15:46:03: Complete.
2014/08/25 15:46:03: COM PORT CLOSE ... OK
2014/08/25 15:46:03: 
2014/08/25 15:46:03: ==== Processing was completed ====
2014/08/25 15:46:03: 
*************************************************


*********** Start the Initialize Key Check **********
2014/08/25 16:08:32: Tool Ver: 2013.0605.01
2014/08/25 16:08:32: COM PORT OPEN ... OK
2014/08/25 16:08:32:
2014/08/25 16:08:32: ProductS/N:  VRW06A114800315
2014/08/25 16:08:32: TID: 86042143D2E52080
2014/08/25 16:08:32: F/W Version: 00.00.08
2014/08/25 16:08:32:
2014/08/25 16:08:32: MasterKey Key Entry ... OK
2014/08/25 16:08:32: PowerON Counter Key Entry ... OK
2014/08/25 16:08:33: Key Entry ... OK
2014/08/25 16:08:33: Complete.
2014/08/25 16:08:33: COM PORT CLOSE ... OK
2014/08/25 16:08:33: 
2014/08/25 16:08:33: ==== Processing was completed ====
2014/08/25 16:08:33: 
*************************************************


*********** Start the Initialize Key Check **********
2014/08/25 16:11:47: Tool Ver: 2013.0605.01
2014/08/25 16:11:47: COM PORT OPEN ... OK
2014/08/25 16:11:47:
2014/08/25 16:11:47: ProductS/N:  VRW06A114800333
2014/08/25 16:11:47: TID: 860425202AE62080
2014/08/25 16:11:47: F/W Version: 00.00.08
2014/08/25 16:11:47:
2014/08/25 16:11:47: MasterKey Key Entry ... OK
2014/08/25 16:11:47: PowerON Counter Key Entry ... OK
2014/08/25 16:11:47: Key Entry ... OK
2014/08/25 16:11:47: Complete.
2014/08/25 16:11:47: COM PORT CLOSE ... OK
2014/08/25 16:11:47: 
2014/08/25 16:11:47: ==== Processing was completed ====
2014/08/25 16:11:47: 
*************************************************


*********** Start the Initialize Key Check **********
2014/08/25 16:13:38: Tool Ver: 2013.0605.01
2014/08/25 16:13:38: COM PORT OPEN ... OK
2014/08/25 16:13:38:
2014/08/25 16:13:38: ProductS/N:  VRW06A114800316
2014/08/25 16:13:38: TID: 86042D44D2E52080
2014/08/25 16:13:38: F/W Version: 00.00.08
2014/08/25 16:13:38:
2014/08/25 16:13:38: MasterKey Key Entry ... OK
2014/08/25 16:13:38: PowerON Counter Key Entry ... OK
2014/08/25 16:13:39: Key Entry ... OK
2014/08/25 16:13:39: Complete.
2014/08/25 16:13:39: COM PORT CLOSE ... OK
2014/08/25 16:13:39: 
2014/08/25 16:13:39: ==== Processing was completed ====
2014/08/25 16:13:39: 
*************************************************


*********** Start the Initialize Key Check **********
2014/08/25 16:15:06: Tool Ver: 2013.0605.01
2014/08/25 16:15:06: COM PORT OPEN ... OK
2014/08/25 16:15:06:
2014/08/25 16:15:06: ProductS/N:  VRW06A114800332
2014/08/25 16:15:06: TID: 8604153F32E62080
2014/08/25 16:15:06: F/W Version: 00.00.08
2014/08/25 16:15:06:
2014/08/25 16:15:06: MasterKey Key Entry ... OK
2014/08/25 16:15:06: PowerON Counter Key Entry ... OK
2014/08/25 16:15:07: Key Entry ... OK
2014/08/25 16:15:07: Complete.
2014/08/25 16:15:07: COM PORT CLOSE ... OK
2014/08/25 16:15:07: 
2014/08/25 16:15:07: ==== Processing was completed ====
2014/08/25 16:15:07: 
*************************************************


*********** Start the Initialize Key Check **********
2014/08/25 16:22:23: Tool Ver: 2013.0605.01
2014/08/25 16:22:23: COM PORT OPEN ... OK
2014/08/25 16:22:23:
2014/08/25 16:22:23: ProductS/N:  VRW06A114800337
2014/08/25 16:22:24: TID: 8604123E32E62080
2014/08/25 16:22:24: F/W Version: 00.00.08
2014/08/25 16:22:24:
2014/08/25 16:22:24: MasterKey Key Entry ... OK
2014/08/25 16:22:24: PowerON Counter Key Entry ... OK
2014/08/25 16:22:24: Key Entry ... OK
2014/08/25 16:22:24: Complete.
2014/08/25 16:22:24: COM PORT CLOSE ... OK
2014/08/25 16:22:24: 
2014/08/25 16:22:24: ==== Processing was completed ====
2014/08/25 16:22:24: 
*************************************************


*********** Start the Initialize Key Check **********
2014/08/25 16:23:46: Tool Ver: 2013.0605.01
2014/08/25 16:23:46: COM PORT OPEN ... OK
2014/08/25 16:23:46:
2014/08/25 16:23:46: ProductS/N:  VRW06A114800341
2014/08/25 16:23:46: TID: 8604203AD2E52080
2014/08/25 16:23:46: F/W Version: 00.00.08
2014/08/25 16:23:46:
2014/08/25 16:23:46: MasterKey Key Entry ... OK
2014/08/25 16:23:46: PowerON Counter Key Entry ... OK
2014/08/25 16:23:46: Key Entry ... OK
2014/08/25 16:23:46: Complete.
2014/08/25 16:23:46: COM PORT CLOSE ... OK
2014/08/25 16:23:46: 
2014/08/25 16:23:46: ==== Processing was completed ====
2014/08/25 16:23:46: 
*************************************************


*********** Start the Initialize Key Check **********
2014/08/25 16:25:37: Tool Ver: 2013.0605.01
2014/08/25 16:25:37: COM PORT OPEN ... OK
2014/08/25 16:25:37:
2014/08/25 16:25:37: ProductS/N:  VRW06A114800334
2014/08/25 16:25:37: TID: 860416082AE62080
2014/08/25 16:25:37: F/W Version: 00.00.08
2014/08/25 16:25:37:
2014/08/25 16:25:37: MasterKey Key Entry ... OK
2014/08/25 16:25:37: PowerON Counter Key Entry ... OK
2014/08/25 16:25:38: Key Entry ... OK
2014/08/25 16:25:38: Complete.
2014/08/25 16:25:38: COM PORT CLOSE ... OK
2014/08/25 16:25:38: 
2014/08/25 16:25:38: ==== Processing was completed ====
2014/08/25 16:25:38: 
*************************************************


*********** Start the Initialize Key Check **********
2014/08/25 16:27:14: Tool Ver: 2013.0605.01
2014/08/25 16:27:14: COM PORT OPEN ... OK
2014/08/25 16:27:14:
2014/08/25 16:27:14: ProductS/N:  VRW06A114800330
2014/08/25 16:27:14: TID: 86043141D2E52080
2014/08/25 16:27:14: F/W Version: 00.00.08
2014/08/25 16:27:14:
2014/08/25 16:27:14: MasterKey Key Entry ... OK
2014/08/25 16:27:14: PowerON Counter Key Entry ... OK
2014/08/25 16:27:15: Key Entry ... OK
2014/08/25 16:27:15: Complete.
2014/08/25 16:27:15: COM PORT CLOSE ... OK
2014/08/25 16:27:15: 
2014/08/25 16:27:15: ==== Processing was completed ====
2014/08/25 16:27:15: 
*************************************************


*********** Start the Initialize Key Check **********
2014/08/25 16:31:32: Tool Ver: 2013.0605.01
2014/08/25 16:31:32: COM PORT OPEN ... OK
2014/08/25 16:31:33:
2014/08/25 16:31:33: ProductS/N:  VRW06A114800338
2014/08/25 16:31:33: TID: 8604154332E62080
2014/08/25 16:31:33: F/W Version: 00.00.08
2014/08/25 16:31:33:
2014/08/25 16:31:33: MasterKey Key Entry ... OK
2014/08/25 16:31:33: PowerON Counter Key Entry ... OK
2014/08/25 16:31:33: Key Entry ... OK
2014/08/25 16:31:33: Complete.
2014/08/25 16:31:33: COM PORT CLOSE ... OK
2014/08/25 16:31:33: 
2014/08/25 16:31:33: ==== Processing was completed ====
2014/08/25 16:31:33: 
*************************************************


*********** Start the Initialize Key Check **********
2014/08/25 17:42:48: Tool Ver: 2013.0605.01
2014/08/25 17:42:48: COM PORT OPEN ... OK
2014/08/25 17:42:48:
2014/08/25 17:42:48: ProductS/N:  VRW06A114800345
2014/08/25 17:42:48: TID: 8604301E2AE62080
2014/08/25 17:42:49: F/W Version: 00.00.08
2014/08/25 17:42:49:
2014/08/25 17:42:49: MasterKey Key Entry ... OK
2014/08/25 17:42:49: PowerON Counter Key Entry ... OK
2014/08/25 17:42:49: Key Entry ... OK
2014/08/25 17:42:49: Complete.
2014/08/25 17:42:49: COM PORT CLOSE ... OK
2014/08/25 17:42:49: 
2014/08/25 17:42:49: ==== Processing was completed ====
2014/08/25 17:42:49: 
*************************************************


*********** Start the Initialize Key Check **********
2014/08/25 17:43:54: Tool Ver: 2013.0605.01
2014/08/25 17:43:54: COM PORT OPEN ... OK
2014/08/25 17:43:54:
2014/08/25 17:43:54: ProductS/N:  VRW06A114800340
2014/08/25 17:43:54: TID: 860427202AE62080
2014/08/25 17:43:54: F/W Version: 00.00.08
2014/08/25 17:43:54:
2014/08/25 17:43:54: MasterKey Key Entry ... OK
2014/08/25 17:43:54: PowerON Counter Key Entry ... OK
2014/08/25 17:43:54: Key Entry ... OK
2014/08/25 17:43:54: Complete.
2014/08/25 17:43:54: COM PORT CLOSE ... OK
2014/08/25 17:43:54: 
2014/08/25 17:43:54: ==== Processing was completed ====
2014/08/25 17:43:54: 
*************************************************


*********** Start the Initialize Key Check **********
2014/08/25 17:44:40: Tool Ver: 2013.0605.01
2014/08/25 17:44:40: COM PORT OPEN ... OK
2014/08/25 17:44:40:
2014/08/25 17:44:40: ProductS/N:  VRW06A114800314
2014/08/25 17:44:40: TID: 86042408CAE52080
2014/08/25 17:44:40: F/W Version: 00.00.08
2014/08/25 17:44:40:
2014/08/25 17:44:40: MasterKey Key Entry ... OK
2014/08/25 17:44:40: PowerON Counter Key Entry ... OK
2014/08/25 17:44:40: Key Entry ... OK
2014/08/25 17:44:40: Complete.
2014/08/25 17:44:40: COM PORT CLOSE ... OK
2014/08/25 17:44:40: 
2014/08/25 17:44:40: ==== Processing was completed ====
2014/08/25 17:44:40: 
*************************************************


*********** Start the Initialize Key Check **********
2014/08/25 17:45:38: Tool Ver: 2013.0605.01
2014/08/25 17:45:38: COM PORT OPEN ... OK
2014/08/25 17:45:38:
2014/08/25 17:45:38: ProductS/N:  VRW06A114800342
2014/08/25 17:45:38: TID: 860419202AE62080
2014/08/25 17:45:38: F/W Version: 00.00.08
2014/08/25 17:45:38:
2014/08/25 17:45:38: MasterKey Key Entry ... OK
2014/08/25 17:45:38: PowerON Counter Key Entry ... OK
2014/08/25 17:45:39: Key Entry ... OK
2014/08/25 17:45:39: Complete.
2014/08/25 17:45:39: COM PORT CLOSE ... OK
2014/08/25 17:45:39: 
2014/08/25 17:45:39: ==== Processing was completed ====
2014/08/25 17:45:39: 
*************************************************


*********** Start the Initialize Key Check **********
2014/08/25 18:10:30: Tool Ver: 2013.0605.01
2014/08/25 18:10:30: COM PORT OPEN ... OK
2014/08/25 18:10:31:
2014/08/25 18:10:31: ProductS/N:  VRW06A114800328
2014/08/25 18:10:31: TID: 8604310BCAE52080
2014/08/25 18:10:31: F/W Version: 00.00.08
2014/08/25 18:10:31:
2014/08/25 18:10:31: MasterKey Key Entry ... OK
2014/08/25 18:10:31: PowerON Counter Key Entry ... OK
2014/08/25 18:10:31: Key Entry ... OK
2014/08/25 18:10:31: Complete.
2014/08/25 18:10:31: COM PORT CLOSE ... OK
2014/08/25 18:10:31: 
2014/08/25 18:10:31: ==== Processing was completed ====
2014/08/25 18:10:31: 
*************************************************


*********** Start the Initialize Key Check **********
2014/08/25 18:11:14: Tool Ver: 2013.0605.01
2014/08/25 18:11:14: COM PORT OPEN ... OK
2014/08/25 18:11:14:
2014/08/25 18:11:14: ProductS/N:  VRW06A114800335
2014/08/25 18:11:14: TID: 860433072AE62080
2014/08/25 18:11:14: F/W Version: 00.00.08
2014/08/25 18:11:14:
2014/08/25 18:11:14: MasterKey Key Entry ... OK
2014/08/25 18:11:14: PowerON Counter Key Entry ... OK
2014/08/25 18:11:15: Key Entry ... OK
2014/08/25 18:11:15: Complete.
2014/08/25 18:11:15: COM PORT CLOSE ... OK
2014/08/25 18:11:15: 
2014/08/25 18:11:15: ==== Processing was completed ====
2014/08/25 18:11:15: 
*************************************************


*********** Start the Initialize Key Check **********
2014/08/25 18:11:52: Tool Ver: 2013.0605.01
2014/08/25 18:11:52: COM PORT OPEN ... OK
2014/08/25 18:11:52:
2014/08/25 18:11:52: ProductS/N:  VRW06A114800344
2014/08/25 18:11:52: TID: 8604320BCAE52080
2014/08/25 18:11:52: F/W Version: 00.00.08
2014/08/25 18:11:52:
2014/08/25 18:11:52: MasterKey Key Entry ... OK
2014/08/25 18:11:52: PowerON Counter Key Entry ... OK
2014/08/25 18:11:53: Key Entry ... OK
2014/08/25 18:11:53: Complete.
2014/08/25 18:11:53: COM PORT CLOSE ... OK
2014/08/25 18:11:53: 
2014/08/25 18:11:53: ==== Processing was completed ====
2014/08/25 18:11:53: 
*************************************************


*********** Start the Initialize Key Check **********
2014/08/25 18:12:24: Tool Ver: 2013.0605.01
2014/08/25 18:12:24: COM PORT OPEN ... OK
2014/08/25 18:12:25:
2014/08/25 18:12:25: ProductS/N:  VRW06A114800352
2014/08/25 18:12:25: TID: 86043B1F2AE62080
2014/08/25 18:12:25: F/W Version: 00.00.08
2014/08/25 18:12:25:
2014/08/25 18:12:25: MasterKey Key Entry ... OK
2014/08/25 18:12:25: PowerON Counter Key Entry ... OK
2014/08/25 18:12:25: Key Entry ... OK
2014/08/25 18:12:25: Complete.
2014/08/25 18:12:25: COM PORT CLOSE ... OK
2014/08/25 18:12:25: 
2014/08/25 18:12:25: ==== Processing was completed ====
2014/08/25 18:12:25: 
*************************************************


*********** Start the Initialize Key Check **********
2014/08/25 18:13:00: Tool Ver: 2013.0605.01
2014/08/25 18:13:00: COM PORT OPEN ... OK
2014/08/25 18:13:00:
2014/08/25 18:13:00: ProductS/N:  VRW06A114800349
2014/08/25 18:13:00: TID: 86043042D2E52080
2014/08/25 18:13:00: F/W Version: 00.00.08
2014/08/25 18:13:00:
2014/08/25 18:13:00: MasterKey Key Entry ... OK
2014/08/25 18:13:00: PowerON Counter Key Entry ... OK
2014/08/25 18:13:00: Key Entry ... OK
2014/08/25 18:13:00: Complete.
2014/08/25 18:13:00: COM PORT CLOSE ... OK
2014/08/25 18:13:00: 
2014/08/25 18:13:00: ==== Processing was completed ====
2014/08/25 18:13:00: 
*************************************************


*********** Start the Initialize Key Check **********
2014/08/25 18:13:34: Tool Ver: 2013.0605.01
2014/08/25 18:13:34: COM PORT OPEN ... OK
2014/08/25 18:13:34:
2014/08/25 18:13:34: ProductS/N:  VRW06A114800318
2014/08/25 18:13:34: TID: 86042843D2E52080
2014/08/25 18:13:34: F/W Version: 00.00.08
2014/08/25 18:13:34:
2014/08/25 18:13:34: MasterKey Key Entry ... OK
2014/08/25 18:13:34: PowerON Counter Key Entry ... OK
2014/08/25 18:13:34: Key Entry ... OK
2014/08/25 18:13:34: Complete.
2014/08/25 18:13:34: COM PORT CLOSE ... OK
2014/08/25 18:13:34: 
2014/08/25 18:13:34: ==== Processing was completed ====
2014/08/25 18:13:34: 
*************************************************


*********** Start the Initialize Key Check **********
2014/08/25 18:34:04: Tool Ver: 2013.0605.01
2014/08/25 18:34:04: COM PORT OPEN ... OK
2014/08/25 18:34:04:
2014/08/25 18:34:04: ProductS/N:  VRW06A114800307
2014/08/25 18:34:04: TID: 860422032AE62080
2014/08/25 18:34:04: F/W Version: 00.00.08
2014/08/25 18:34:04:
2014/08/25 18:34:04: MasterKey Key Entry ... OK
2014/08/25 18:34:04: PowerON Counter Key Entry ... OK
2014/08/25 18:34:05: Key Entry ... OK
2014/08/25 18:34:05: Complete.
2014/08/25 18:34:05: COM PORT CLOSE ... OK
2014/08/25 18:34:05: 
2014/08/25 18:34:05: ==== Processing was completed ====
2014/08/25 18:34:05: 
*************************************************


*********** Start the Initialize Key Check **********
2014/08/25 18:35:11: Tool Ver: 2013.0605.01
2014/08/25 18:35:11: COM PORT OPEN ... OK
2014/08/25 18:35:11:
2014/08/25 18:35:11: ProductS/N:  VRW06A114800353
2014/08/25 18:35:11: TID: 86042908CAE52080
2014/08/25 18:35:11: F/W Version: 00.00.08
2014/08/25 18:35:11:
2014/08/25 18:35:11: MasterKey Key Entry ... OK
2014/08/25 18:35:11: PowerON Counter Key Entry ... OK
2014/08/25 18:35:12: Key Entry ... OK
2014/08/25 18:35:12: Complete.
2014/08/25 18:35:12: COM PORT CLOSE ... OK
2014/08/25 18:35:12: 
2014/08/25 18:35:12: ==== Processing was completed ====
2014/08/25 18:35:12: 
*************************************************


*********** Start the Initialize Key Check **********
2014/08/25 18:56:03: Tool Ver: 2013.0605.01
2014/08/25 18:56:03: COM PORT OPEN ... OK
2014/08/25 18:56:03:
2014/08/25 18:56:03: ProductS/N:  VRW06A114800169
2014/08/25 18:56:03: TID: 86043008CAE52080
2014/08/25 18:56:03: F/W Version: 00.00.08
2014/08/25 18:56:03:
2014/08/25 18:56:03: MasterKey Key Entry ... OK
2014/08/25 18:56:03: PowerON Counter Key Entry ... OK
2014/08/25 18:56:03: Key Entry ... OK
2014/08/25 18:56:03: Complete.
2014/08/25 18:56:03: COM PORT CLOSE ... OK
2014/08/25 18:56:03: 
2014/08/25 18:56:03: ==== Processing was completed ====
2014/08/25 18:56:03: 
*************************************************


*********** Start the Initialize Key Check **********
2014/08/25 19:02:31: Tool Ver: 2013.0605.01
2014/08/25 19:02:31: COM PORT OPEN ... OK
2014/08/25 19:02:31:
2014/08/25 19:02:31: ProductS/N:  VRW06A114800201
2014/08/25 19:02:31: TID: 86041B3BD2E52080
2014/08/25 19:02:31: F/W Version: 00.00.08
2014/08/25 19:02:31:
2014/08/25 19:02:31: MasterKey Key Entry ... OK
2014/08/25 19:02:31: PowerON Counter Key Entry ... OK
2014/08/25 19:02:32: Key Entry ... OK
2014/08/25 19:02:32: Complete.
2014/08/25 19:02:32: COM PORT CLOSE ... OK
2014/08/25 19:02:32: 
2014/08/25 19:02:32: ==== Processing was completed ====
2014/08/25 19:02:32: 
*************************************************


*********** Start the Initialize Key Check **********
2014/08/25 19:06:07: Tool Ver: 2013.0605.01
2014/08/25 19:06:07: COM PORT OPEN ... OK
2014/08/25 19:06:07:
2014/08/25 19:06:07: ProductS/N:  VRW06A114800194
2014/08/25 19:06:07: TID: 86041B3E32E62080
2014/08/25 19:06:07: F/W Version: 00.00.08
2014/08/25 19:06:07:
2014/08/25 19:06:07: MasterKey Key Entry ... OK
2014/08/25 19:06:07: PowerON Counter Key Entry ... OK
2014/08/25 19:06:08: Key Entry ... OK
2014/08/25 19:06:08: Complete.
2014/08/25 19:06:08: COM PORT CLOSE ... OK
2014/08/25 19:06:08: 
2014/08/25 19:06:08: ==== Processing was completed ====
2014/08/25 19:06:08: 
*************************************************


*********** Start the Initialize Key Check **********
2014/08/25 19:09:26: Tool Ver: 2013.0605.01
2014/08/25 19:09:26: COM PORT OPEN ... OK
2014/08/25 19:09:26:
2014/08/25 19:09:26: ProductS/N:  VRW06A114800024
2014/08/25 19:09:26: TID: 8604154232E62080
2014/08/25 19:09:26: F/W Version: 00.00.08
2014/08/25 19:09:26:
2014/08/25 19:09:26: MasterKey Key Entry ... OK
2014/08/25 19:09:26: PowerON Counter Key Entry ... OK
2014/08/25 19:09:27: Key Entry ... OK
2014/08/25 19:09:27: Complete.
2014/08/25 19:09:27: COM PORT CLOSE ... OK
2014/08/25 19:09:27: 
2014/08/25 19:09:27: ==== Processing was completed ====
2014/08/25 19:09:27: 
*************************************************


*********** Start the Initialize Key Check **********
2014/08/25 19:11:58: Tool Ver: 2013.0605.01
2014/08/25 19:11:58: COM PORT OPEN ... OK
2014/08/25 19:11:58:
2014/08/25 19:11:58: ProductS/N:  VRW06A114800096
2014/08/25 19:11:59: TID: 86043F26CAE52080
2014/08/25 19:11:59: F/W Version: 00.00.08
2014/08/25 19:11:59:
2014/08/25 19:11:59: MasterKey Key Entry ... OK
2014/08/25 19:11:59: PowerON Counter Key Entry ... OK
2014/08/25 19:11:59: Key Entry ... OK
2014/08/25 19:11:59: Complete.
2014/08/25 19:11:59: COM PORT CLOSE ... OK
2014/08/25 19:11:59: 
2014/08/25 19:11:59: ==== Processing was completed ====
2014/08/25 19:11:59: 
*************************************************


