*********** Start the Initialize Key Check **********
2014/11/06 08:14:05: Tool Ver: 2013.0605.01
2014/11/06 08:14:05: COM PORT OPEN ... OK
2014/11/06 08:14:05:
2014/11/06 08:14:05: ProductS/N:  VRW06A114Y00247
2014/11/06 08:14:05: TID: 86042B212AE62080
2014/11/06 08:14:05: F/W Version: 00.00.08
2014/11/06 08:14:05:
2014/11/06 08:14:05: MasterKey Key Entry ... OK
2014/11/06 08:14:05: PowerON Counter Key Entry ... OK
2014/11/06 08:14:06: Key Entry ... OK
2014/11/06 08:14:06: Complete.
2014/11/06 08:14:06: COM PORT CLOSE ... OK
2014/11/06 08:14:06: 
2014/11/06 08:14:06: ==== Processing was completed ====
2014/11/06 08:14:06: 
*************************************************


*********** Start the Initialize Key Check **********
2014/11/06 08:17:48: Tool Ver: 2013.0605.01
2014/11/06 08:17:48: COM PORT OPEN ... OK
2014/11/06 08:17:48:
2014/11/06 08:17:48: ProductS/N:  VRW06A114Y00241
2014/11/06 08:17:48: TID: 86042C3BD2E52080
2014/11/06 08:17:48: F/W Version: 00.00.08
2014/11/06 08:17:48:
2014/11/06 08:17:48: MasterKey Key Entry ... OK
2014/11/06 08:17:48: PowerON Counter Key Entry ... OK
2014/11/06 08:17:49: Key Entry ... OK
2014/11/06 08:17:49: Complete.
2014/11/06 08:17:49: COM PORT CLOSE ... OK
2014/11/06 08:17:49: 
2014/11/06 08:17:49: ==== Processing was completed ====
2014/11/06 08:17:49: 
*************************************************


*********** Start the Initialize Key Check **********
2014/11/06 08:21:50: Tool Ver: 2013.0605.01
2014/11/06 08:21:50: COM PORT OPEN ... OK
2014/11/06 08:21:50:
2014/11/06 08:21:50: ProductS/N:  VRW06A114Y00257
2014/11/06 08:21:50: TID: 86042739D2E52080
2014/11/06 08:21:50: F/W Version: 00.00.08
2014/11/06 08:21:50:
2014/11/06 08:21:50: MasterKey Key Entry ... OK
2014/11/06 08:21:50: PowerON Counter Key Entry ... OK
2014/11/06 08:21:51: Key Entry ... OK
2014/11/06 08:21:51: Complete.
2014/11/06 08:21:51: COM PORT CLOSE ... OK
2014/11/06 08:21:51: 
2014/11/06 08:21:51: ==== Processing was completed ====
2014/11/06 08:21:51: 
*************************************************


*********** Start the Initialize Key Check **********
2014/11/06 08:44:58: Tool Ver: 2013.0605.01
2014/11/06 08:44:58: COM PORT OPEN ... OK
2014/11/06 08:44:58:
2014/11/06 08:44:58: ProductS/N:  VRW06A114Y00263
2014/11/06 08:44:58: TID: 86042344D2E52080
2014/11/06 08:44:58: F/W Version: 00.00.08
2014/11/06 08:44:58:
2014/11/06 08:44:58: MasterKey Key Entry ... OK
2014/11/06 08:44:58: PowerON Counter Key Entry ... OK
2014/11/06 08:44:58: Key Entry ... OK
2014/11/06 08:44:58: Complete.
2014/11/06 08:44:58: COM PORT CLOSE ... OK
2014/11/06 08:44:58: 
2014/11/06 08:44:58: ==== Processing was completed ====
2014/11/06 08:44:58: 
*************************************************


*********** Start the Initialize Key Check **********
2014/11/06 08:52:02: Tool Ver: 2013.0605.01
2014/11/06 08:52:02: COM PORT OPEN ... OK
2014/11/06 08:52:02:
2014/11/06 08:52:02: ProductS/N:  VRW06A114Y00266
2014/11/06 08:52:03: TID: 8604313ED2E52080
2014/11/06 08:52:03: F/W Version: 00.00.08
2014/11/06 08:52:03:
2014/11/06 08:52:03: MasterKey Key Entry ... OK
2014/11/06 08:52:03: PowerON Counter Key Entry ... OK
2014/11/06 08:52:03: Key Entry ... OK
2014/11/06 08:52:03: Complete.
2014/11/06 08:52:03: COM PORT CLOSE ... OK
2014/11/06 08:52:03: 
2014/11/06 08:52:03: ==== Processing was completed ====
2014/11/06 08:52:03: 
*************************************************


*********** Start the Initialize Key Check **********
2014/11/06 08:56:28: Tool Ver: 2013.0605.01
2014/11/06 08:56:28: COM PORT OPEN ... OK
2014/11/06 08:56:28:
2014/11/06 08:56:28: ProductS/N:  VRW06A114Y00262
2014/11/06 08:56:28: TID: 86041A33D2E52080
2014/11/06 08:56:28: F/W Version: 00.00.08
2014/11/06 08:56:28:
2014/11/06 08:56:28: MasterKey Key Entry ... OK
2014/11/06 08:56:28: PowerON Counter Key Entry ... OK
2014/11/06 08:56:29: Key Entry ... OK
2014/11/06 08:56:29: Complete.
2014/11/06 08:56:29: COM PORT CLOSE ... OK
2014/11/06 08:56:29: 
2014/11/06 08:56:29: ==== Processing was completed ====
2014/11/06 08:56:29: 
*************************************************


*********** Start the Initialize Key Check **********
2014/11/06 09:02:23: Tool Ver: 2013.0605.01
2014/11/06 09:02:23: COM PORT OPEN ... OK
2014/11/06 09:02:23:
2014/11/06 09:02:23: ProductS/N:  VRW06A114Y00269
2014/11/06 09:02:23: TID: 8604323BD2E52080
2014/11/06 09:02:23: F/W Version: 00.00.08
2014/11/06 09:02:23:
2014/11/06 09:02:23: MasterKey Key Entry ... OK
2014/11/06 09:02:23: PowerON Counter Key Entry ... OK
2014/11/06 09:02:24: Key Entry ... OK
2014/11/06 09:02:24: Complete.
2014/11/06 09:02:24: COM PORT CLOSE ... OK
2014/11/06 09:02:24: 
2014/11/06 09:02:24: ==== Processing was completed ====
2014/11/06 09:02:24: 
*************************************************


*********** Start the Initialize Key Check **********
2014/11/06 09:10:10: Tool Ver: 2013.0605.01
2014/11/06 09:10:10: COM PORT OPEN ... OK
2014/11/06 09:10:10:
2014/11/06 09:10:10: ProductS/N:  VRW06A114Y00259
2014/11/06 09:10:10: TID: 86041C34D2E52080
2014/11/06 09:10:10: F/W Version: 00.00.08
2014/11/06 09:10:10:
2014/11/06 09:10:10: MasterKey Key Entry ... OK
2014/11/06 09:10:10: PowerON Counter Key Entry ... OK
2014/11/06 09:10:11: Key Entry ... OK
2014/11/06 09:10:11: Complete.
2014/11/06 09:10:11: COM PORT CLOSE ... OK
2014/11/06 09:10:11: 
2014/11/06 09:10:11: ==== Processing was completed ====
2014/11/06 09:10:11: 
*************************************************


*********** Start the Initialize Key Check **********
2014/11/06 09:16:48: Tool Ver: 2013.0605.01
2014/11/06 09:16:48: COM PORT OPEN ... OK
2014/11/06 09:16:48:
2014/11/06 09:16:48: ProductS/N:  VRW06A114Y00260
2014/11/06 09:16:48: TID: 86042325D2E52080
2014/11/06 09:16:48: F/W Version: 00.00.08
2014/11/06 09:16:48:
2014/11/06 09:16:48: MasterKey Key Entry ... OK
2014/11/06 09:16:48: PowerON Counter Key Entry ... OK
2014/11/06 09:16:49: Key Entry ... OK
2014/11/06 09:16:49: Complete.
2014/11/06 09:16:49: COM PORT CLOSE ... OK
2014/11/06 09:16:49: 
2014/11/06 09:16:49: ==== Processing was completed ====
2014/11/06 09:16:49: 
*************************************************


*********** Start the Initialize Key Check **********
2014/11/06 09:19:41: Tool Ver: 2013.0605.01
2014/11/06 09:19:41: COM PORT OPEN ... OK
2014/11/06 09:19:41:
2014/11/06 09:19:41: ProductS/N:  VRW06A114Y00273
2014/11/06 09:19:41: TID: 86041E36D2E52080
2014/11/06 09:19:41: F/W Version: 00.00.08
2014/11/06 09:19:41:
2014/11/06 09:19:41: MasterKey Key Entry ... OK
2014/11/06 09:19:41: PowerON Counter Key Entry ... OK
2014/11/06 09:19:41: Key Entry ... OK
2014/11/06 09:19:41: Complete.
2014/11/06 09:19:41: COM PORT CLOSE ... OK
2014/11/06 09:19:41: 
2014/11/06 09:19:41: ==== Processing was completed ====
2014/11/06 09:19:41: 
*************************************************


*********** Start the Initialize Key Check **********
2014/11/06 09:24:36: Tool Ver: 2013.0605.01
2014/11/06 09:24:36: COM PORT OPEN ... OK
2014/11/06 09:24:36:
2014/11/06 09:24:36: ProductS/N:  VRW06A114Y00220
2014/11/06 09:24:36: TID: 860428202AE62080
2014/11/06 09:24:36: F/W Version: 00.00.08
2014/11/06 09:24:36:
2014/11/06 09:24:36: MasterKey Key Entry ... OK
2014/11/06 09:24:36: PowerON Counter Key Entry ... OK
2014/11/06 09:24:37: Key Entry ... OK
2014/11/06 09:24:37: Complete.
2014/11/06 09:24:37: COM PORT CLOSE ... OK
2014/11/06 09:24:37: 
2014/11/06 09:24:37: ==== Processing was completed ====
2014/11/06 09:24:37: 
*************************************************


*********** Start the Initialize Key Check **********
2014/11/06 09:26:46: Tool Ver: 2013.0605.01
2014/11/06 09:26:46: COM PORT OPEN ... OK
2014/11/06 09:26:46:
2014/11/06 09:26:46: ProductS/N:  VRW06A114Y00275
2014/11/06 09:26:46: TID: 86041335D2E52080
2014/11/06 09:26:46: F/W Version: 00.00.08
2014/11/06 09:26:46:
2014/11/06 09:26:46: MasterKey Key Entry ... OK
2014/11/06 09:26:46: PowerON Counter Key Entry ... OK
2014/11/06 09:26:46: Key Entry ... OK
2014/11/06 09:26:46: Complete.
2014/11/06 09:26:46: COM PORT CLOSE ... OK
2014/11/06 09:26:46: 
2014/11/06 09:26:46: ==== Processing was completed ====
2014/11/06 09:26:46: 
*************************************************


*********** Start the Initialize Key Check **********
2014/11/06 09:30:53: Tool Ver: 2013.0605.01
2014/11/06 09:30:53: COM PORT OPEN ... OK
2014/11/06 09:30:53:
2014/11/06 09:30:53: ProductS/N:  VRW06A114Y00272
2014/11/06 09:30:53: TID: 86041336D2E52080
2014/11/06 09:30:53: F/W Version: 00.00.08
2014/11/06 09:30:53:
2014/11/06 09:30:53: MasterKey Key Entry ... OK
2014/11/06 09:30:53: PowerON Counter Key Entry ... OK
2014/11/06 09:30:54: Key Entry ... OK
2014/11/06 09:30:54: Complete.
2014/11/06 09:30:54: COM PORT CLOSE ... OK
2014/11/06 09:30:54: 
2014/11/06 09:30:54: ==== Processing was completed ====
2014/11/06 09:30:54: 
*************************************************


*********** Start the Initialize Key Check **********
2014/11/06 09:50:49: Tool Ver: 2013.0605.01
2014/11/06 09:50:49: COM PORT OPEN ... OK
2014/11/06 09:50:50:
2014/11/06 09:50:50: ProductS/N:  VRW06A114Y00263
2014/11/06 09:50:50: TID: 86042344D2E52080
2014/11/06 09:50:50: F/W Version: 00.00.08
2014/11/06 09:50:50:
2014/11/06 09:50:50: MasterKey Key Entry ... OK
2014/11/06 09:50:50: PowerON Counter Key Entry ... OK
2014/11/06 09:50:50: Key Entry ... OK
2014/11/06 09:50:50: Complete.
2014/11/06 09:50:50: COM PORT CLOSE ... OK
2014/11/06 09:50:50: 
2014/11/06 09:50:50: ==== Processing was completed ====
2014/11/06 09:50:50: 
*************************************************


*********** Start the Initialize Key Check **********
2014/11/06 10:13:17: Tool Ver: 2013.0605.01
2014/11/06 10:13:17: COM PORT OPEN ... OK
2014/11/06 10:13:18:
2014/11/06 10:13:18: ProductS/N:  VRW06A114Y00278
2014/11/06 10:13:18: TID: 860429222AE62080
2014/11/06 10:13:18: F/W Version: 00.00.08
2014/11/06 10:13:18:
2014/11/06 10:13:18: MasterKey Key Entry ... OK
2014/11/06 10:13:18: PowerON Counter Key Entry ... OK
2014/11/06 10:13:18: Key Entry ... OK
2014/11/06 10:13:18: Complete.
2014/11/06 10:13:18: COM PORT CLOSE ... OK
2014/11/06 10:13:18: 
2014/11/06 10:13:18: ==== Processing was completed ====
2014/11/06 10:13:18: 
*************************************************


*********** Start the Initialize Key Check **********
2014/11/06 10:15:41: Tool Ver: 2013.0605.01
2014/11/06 10:15:41: COM PORT OPEN ... OK
2014/11/06 10:15:41:
2014/11/06 10:15:41: ProductS/N:  VRW06A114Y00281
2014/11/06 10:15:41: TID: 8604101C2AE62080
2014/11/06 10:15:41: F/W Version: 00.00.08
2014/11/06 10:15:41:
2014/11/06 10:15:41: MasterKey Key Entry ... OK
2014/11/06 10:15:41: PowerON Counter Key Entry ... OK
2014/11/06 10:15:42: Key Entry ... OK
2014/11/06 10:15:42: Complete.
2014/11/06 10:15:42: COM PORT CLOSE ... OK
2014/11/06 10:15:42: 
2014/11/06 10:15:42: ==== Processing was completed ====
2014/11/06 10:15:42: 
*************************************************


*********** Start the Initialize Key Check **********
2014/11/06 10:16:48: Tool Ver: 2013.0605.01
2014/11/06 10:16:48: COM PORT OPEN ... OK
2014/11/06 10:16:48:
2014/11/06 10:16:48: ProductS/N:  VRW06A114Y00284
2014/11/06 10:16:48: TID: 86041039D2E52080
2014/11/06 10:16:48: F/W Version: 00.00.08
2014/11/06 10:16:48:
2014/11/06 10:16:48: MasterKey Key Entry ... OK
2014/11/06 10:16:48: PowerON Counter Key Entry ... OK
2014/11/06 10:16:49: Key Entry ... OK
2014/11/06 10:16:49: Complete.
2014/11/06 10:16:49: COM PORT CLOSE ... OK
2014/11/06 10:16:49: 
2014/11/06 10:16:49: ==== Processing was completed ====
2014/11/06 10:16:49: 
*************************************************


*********** Start the Initialize Key Check **********
2014/11/06 10:20:11: Tool Ver: 2013.0605.01
2014/11/06 10:20:11: COM PORT OPEN ... OK
2014/11/06 10:20:11:
2014/11/06 10:20:11: ProductS/N:  VRW06A114Y00280
2014/11/06 10:20:11: TID: 8604223CD2E52080
2014/11/06 10:20:11: F/W Version: 00.00.08
2014/11/06 10:20:11:
2014/11/06 10:20:11: MasterKey Key Entry ... OK
2014/11/06 10:20:11: PowerON Counter Key Entry ... OK
2014/11/06 10:20:12: Key Entry ... OK
2014/11/06 10:20:12: Complete.
2014/11/06 10:20:12: COM PORT CLOSE ... OK
2014/11/06 10:20:12: 
2014/11/06 10:20:12: ==== Processing was completed ====
2014/11/06 10:20:12: 
*************************************************


*********** Start the Initialize Key Check **********
2014/11/06 10:22:54: Tool Ver: 2013.0605.01
2014/11/06 10:22:54: COM PORT OPEN ... OK
2014/11/06 10:22:54:
2014/11/06 10:22:54: ProductS/N:  VRW06A114Y00287
2014/11/06 10:22:54: TID: 86042A242AE62080
2014/11/06 10:22:54: F/W Version: 00.00.08
2014/11/06 10:22:54:
2014/11/06 10:22:54: MasterKey Key Entry ... OK
2014/11/06 10:22:54: PowerON Counter Key Entry ... OK
2014/11/06 10:22:55: Key Entry ... OK
2014/11/06 10:22:55: Complete.
2014/11/06 10:22:55: COM PORT CLOSE ... OK
2014/11/06 10:22:55: 
2014/11/06 10:22:55: ==== Processing was completed ====
2014/11/06 10:22:55: 
*************************************************


*********** Start the Initialize Key Check **********
2014/11/06 10:26:01: Tool Ver: 2013.0605.01
2014/11/06 10:26:01: COM PORT OPEN ... OK
2014/11/06 10:26:01:
2014/11/06 10:26:01: ProductS/N:  VRW06A114Y00285
2014/11/06 10:26:01: TID: 86041B39D2E52080
2014/11/06 10:26:01: F/W Version: 00.00.08
2014/11/06 10:26:01:
2014/11/06 10:26:01: MasterKey Key Entry ... OK
2014/11/06 10:26:01: PowerON Counter Key Entry ... OK
2014/11/06 10:26:02: Key Entry ... OK
2014/11/06 10:26:02: Complete.
2014/11/06 10:26:02: COM PORT CLOSE ... OK
2014/11/06 10:26:02: 
2014/11/06 10:26:02: ==== Processing was completed ====
2014/11/06 10:26:02: 
*************************************************


*********** Start the Initialize Key Check **********
2014/11/06 10:28:57: Tool Ver: 2013.0605.01
2014/11/06 10:28:57: COM PORT OPEN ... OK
2014/11/06 10:28:57:
2014/11/06 10:28:57: ProductS/N:  VRW06A114Y00274
2014/11/06 10:28:57: TID: 8604213CD2E52080
2014/11/06 10:28:57: F/W Version: 00.00.08
2014/11/06 10:28:57:
2014/11/06 10:28:57: MasterKey Key Entry ... OK
2014/11/06 10:28:57: PowerON Counter Key Entry ... OK
2014/11/06 10:28:57: Key Entry ... OK
2014/11/06 10:28:57: Complete.
2014/11/06 10:28:57: COM PORT CLOSE ... OK
2014/11/06 10:28:57: 
2014/11/06 10:28:57: ==== Processing was completed ====
2014/11/06 10:28:57: 
*************************************************


*********** Start the Initialize Key Check **********
2014/11/06 10:31:55: Tool Ver: 2013.0605.01
2014/11/06 10:31:55: COM PORT OPEN ... OK
2014/11/06 10:31:55:
2014/11/06 10:31:55: ProductS/N:  VRW06A114Y00286
2014/11/06 10:31:55: TID: 860430212AE62080
2014/11/06 10:31:55: F/W Version: 00.00.08
2014/11/06 10:31:55:
2014/11/06 10:31:55: MasterKey Key Entry ... OK
2014/11/06 10:31:55: PowerON Counter Key Entry ... OK
2014/11/06 10:31:56: Key Entry ... OK
2014/11/06 10:31:56: Complete.
2014/11/06 10:31:56: COM PORT CLOSE ... OK
2014/11/06 10:31:56: 
2014/11/06 10:31:56: ==== Processing was completed ====
2014/11/06 10:31:56: 
*************************************************


*********** Start the Initialize Key Check **********
2014/11/06 10:34:31: Tool Ver: 2013.0605.01
2014/11/06 10:34:31: COM PORT OPEN ... OK
2014/11/06 10:34:31:
2014/11/06 10:34:31: ProductS/N:  VRW06A114Y00293
2014/11/06 10:34:31: TID: 860442212AE62080
2014/11/06 10:34:31: F/W Version: 00.00.08
2014/11/06 10:34:31:
2014/11/06 10:34:31: MasterKey Key Entry ... OK
2014/11/06 10:34:31: PowerON Counter Key Entry ... OK
2014/11/06 10:34:32: Key Entry ... OK
2014/11/06 10:34:32: Complete.
2014/11/06 10:34:32: COM PORT CLOSE ... OK
2014/11/06 10:34:32: 
2014/11/06 10:34:32: ==== Processing was completed ====
2014/11/06 10:34:32: 
*************************************************


*********** Start the Initialize Key Check **********
2014/11/06 10:39:48: Tool Ver: 2013.0605.01
2014/11/06 10:39:48: COM PORT OPEN ... OK
2014/11/06 10:39:48:
2014/11/06 10:39:48: ProductS/N:  VRW06A114Y00258
2014/11/06 10:39:48: TID: 86043439D2E52080
2014/11/06 10:39:48: F/W Version: 00.00.08
2014/11/06 10:39:48:
2014/11/06 10:39:48: MasterKey Key Entry ... OK
2014/11/06 10:39:48: PowerON Counter Key Entry ... OK
2014/11/06 10:39:49: Key Entry ... OK
2014/11/06 10:39:49: Complete.
2014/11/06 10:39:49: COM PORT CLOSE ... OK
2014/11/06 10:39:49: 
2014/11/06 10:39:49: ==== Processing was completed ====
2014/11/06 10:39:49: 
*************************************************


*********** Start the Initialize Key Check **********
2014/11/06 10:42:20: Tool Ver: 2013.0605.01
2014/11/06 10:42:20: Product S/N ... ERROR
2014/11/06 10:42:20: 
2014/11/06 10:42:20: ######## Error has occurred ########
2014/11/06 10:42:20: 
*************************************************


*********** Start the Initialize Key Check **********
2014/11/06 10:43:47: Tool Ver: 2013.0605.01
2014/11/06 10:43:47: COM PORT OPEN ... OK
2014/11/06 10:43:47:
2014/11/06 10:43:47: ProductS/N:  VRW06A114Y00292
2014/11/06 10:43:47: TID: 8604253AD2E52080
2014/11/06 10:43:47: F/W Version: 00.00.08
2014/11/06 10:43:47:
2014/11/06 10:43:47: MasterKey Key Entry ... OK
2014/11/06 10:43:47: PowerON Counter Key Entry ... OK
2014/11/06 10:43:48: Key Entry ... OK
2014/11/06 10:43:48: Complete.
2014/11/06 10:43:48: COM PORT CLOSE ... OK
2014/11/06 10:43:48: 
2014/11/06 10:43:48: ==== Processing was completed ====
2014/11/06 10:43:48: 
*************************************************


*********** Start the Initialize Key Check **********
2014/11/06 10:45:21: Tool Ver: 2013.0605.01
2014/11/06 10:45:21: COM PORT OPEN ... OK
2014/11/06 10:45:21:
2014/11/06 10:45:21: ProductS/N:  VRW06A114Y00268
2014/11/06 10:45:21: TID: 86042238D2E52080
2014/11/06 10:45:21: F/W Version: 00.00.08
2014/11/06 10:45:21:
2014/11/06 10:45:21: MasterKey Key Entry ... OK
2014/11/06 10:45:21: PowerON Counter Key Entry ... OK
2014/11/06 10:45:22: Key Entry ... OK
2014/11/06 10:45:22: Complete.
2014/11/06 10:45:22: COM PORT CLOSE ... OK
2014/11/06 10:45:22: 
2014/11/06 10:45:22: ==== Processing was completed ====
2014/11/06 10:45:22: 
*************************************************


*********** Start the Initialize Key Check **********
2014/11/06 10:47:19: Tool Ver: 2013.0605.01
2014/11/06 10:47:19: COM PORT OPEN ... OK
2014/11/06 10:47:19:
2014/11/06 10:47:19: ProductS/N:  VRW06A114Y00283
2014/11/06 10:47:19: TID: 8604202DD2E52080
2014/11/06 10:47:19: F/W Version: 00.00.08
2014/11/06 10:47:19:
2014/11/06 10:47:19: MasterKey Key Entry ... OK
2014/11/06 10:47:19: PowerON Counter Key Entry ... OK
2014/11/06 10:47:20: Key Entry ... OK
2014/11/06 10:47:20: Complete.
2014/11/06 10:47:20: COM PORT CLOSE ... OK
2014/11/06 10:47:20: 
2014/11/06 10:47:20: ==== Processing was completed ====
2014/11/06 10:47:20: 
*************************************************


*********** Start the Initialize Key Check **********
2014/11/06 10:55:14: Tool Ver: 2013.0605.01
2014/11/06 10:55:14: Product S/N ... ERROR
2014/11/06 10:55:14: 
2014/11/06 10:55:14: ######## Error has occurred ########
2014/11/06 10:55:14: 
*************************************************


*********** Start the Initialize Key Check **********
2014/11/06 10:55:46: Tool Ver: 2013.0605.01
2014/11/06 10:55:46: COM PORT OPEN ... OK
2014/11/06 10:55:46:
2014/11/06 10:55:46: ProductS/N:  VRW06A114Y00244
2014/11/06 10:55:46: TID: 86043636D2E52080
2014/11/06 10:55:46: F/W Version: 00.00.08
2014/11/06 10:55:46:
2014/11/06 10:55:46: MasterKey Key Entry ... OK
2014/11/06 10:55:46: PowerON Counter Key Entry ... OK
2014/11/06 10:55:47: Key Entry ... OK
2014/11/06 10:55:47: Complete.
2014/11/06 10:55:47: COM PORT CLOSE ... OK
2014/11/06 10:55:47: 
2014/11/06 10:55:47: ==== Processing was completed ====
2014/11/06 10:55:47: 
*************************************************


*********** Start the Initialize Key Check **********
2014/11/06 10:56:29: Tool Ver: 2013.0605.01
2014/11/06 10:56:29: COM PORT OPEN ... OK
2014/11/06 10:56:29:
2014/11/06 10:56:29: ProductS/N:  VRW06A114Y00261
2014/11/06 10:56:29: TID: 86043B262AE62080
2014/11/06 10:56:29: F/W Version: 00.00.08
2014/11/06 10:56:29:
2014/11/06 10:56:29: MasterKey Key Entry ... OK
2014/11/06 10:56:29: PowerON Counter Key Entry ... OK
2014/11/06 10:56:29: Key Entry ... OK
2014/11/06 10:56:29: Complete.
2014/11/06 10:56:29: COM PORT CLOSE ... OK
2014/11/06 10:56:29: 
2014/11/06 10:56:29: ==== Processing was completed ====
2014/11/06 10:56:29: 
*************************************************


*********** Start the Initialize Key Check **********
2014/11/06 10:57:20: Tool Ver: 2013.0605.01
2014/11/06 10:57:20: COM PORT OPEN ... OK
2014/11/06 10:57:20:
2014/11/06 10:57:20: ProductS/N:  VRW06A114Y00267
2014/11/06 10:57:20: TID: 86041035D2E52080
2014/11/06 10:57:20: F/W Version: 00.00.08
2014/11/06 10:57:20:
2014/11/06 10:57:20: MasterKey Key Entry ... OK
2014/11/06 10:57:20: PowerON Counter Key Entry ... OK
2014/11/06 10:57:21: Key Entry ... OK
2014/11/06 10:57:21: Complete.
2014/11/06 10:57:21: COM PORT CLOSE ... OK
2014/11/06 10:57:21: 
2014/11/06 10:57:21: ==== Processing was completed ====
2014/11/06 10:57:21: 
*************************************************


*********** Start the Initialize Key Check **********
2014/11/06 10:58:21: Tool Ver: 2013.0605.01
2014/11/06 10:58:21: COM PORT OPEN ... ERROR(01)
2014/11/06 10:58:21: 
2014/11/06 10:58:21: ######## Error has occurred ########
2014/11/06 10:58:21: 
*************************************************


*********** Start the Initialize Key Check **********
2014/11/06 10:58:56: Tool Ver: 2013.0605.01
2014/11/06 10:58:56: COM PORT OPEN ... ERROR(01)
2014/11/06 10:58:56: 
2014/11/06 10:58:56: ######## Error has occurred ########
2014/11/06 10:58:56: 
*************************************************


*********** Start the Initialize Key Check **********
2014/11/06 10:59:41: Tool Ver: 2013.0605.01
2014/11/06 10:59:41: COM PORT OPEN ... OK
2014/11/06 10:59:41:
2014/11/06 10:59:41: ProductS/N:  VRW06A114Y00240
2014/11/06 10:59:41: TID: 8604031D2AE62080
2014/11/06 10:59:41: F/W Version: 00.00.08
2014/11/06 10:59:41:
2014/11/06 10:59:42: MasterKey Key Entry ... OK
2014/11/06 10:59:42: PowerON Counter Key Entry ... OK
2014/11/06 10:59:42: Key Entry ... OK
2014/11/06 10:59:42: Complete.
2014/11/06 10:59:42: COM PORT CLOSE ... OK
2014/11/06 10:59:42: 
2014/11/06 10:59:42: ==== Processing was completed ====
2014/11/06 10:59:42: 
*************************************************


*********** Start the Initialize Key Check **********
2014/11/06 10:59:52: Tool Ver: 2013.0605.01
2014/11/06 10:59:55: COM PORT OPEN ... OK
2014/11/06 11:00:26: AUTH1 POS ... ERROR(FE00)
2014/11/06 11:00:26:
2014/11/06 11:00:26: ProductS/N:  VRW06A114Y00240
2014/11/06 11:00:57: GET TID ... ERROR(FE00)
2014/11/06 11:00:58: COM PORT CLOSE ... OK
2014/11/06 11:00:58: 
2014/11/06 11:00:58: ######## Error has occurred ########
2014/11/06 11:00:58: 
*************************************************


*********** Start the Initialize Key Check **********
2014/11/06 11:01:19: Tool Ver: 2013.0605.01
2014/11/06 11:01:19: COM PORT OPEN ... OK
2014/11/06 11:01:19:
2014/11/06 11:01:19: ProductS/N:  VRW06A114Y00240
2014/11/06 11:01:19: TID: 8604031D2AE62080
2014/11/06 11:01:19: F/W Version: 00.00.08
2014/11/06 11:01:19:
2014/11/06 11:01:19: MasterKey Key Entry ... OK
2014/11/06 11:01:19: PowerON Counter Key Entry ... OK
2014/11/06 11:01:19: Key Entry ... OK
2014/11/06 11:01:19: Complete.
2014/11/06 11:01:19: COM PORT CLOSE ... OK
2014/11/06 11:01:19: 
2014/11/06 11:01:19: ==== Processing was completed ====
2014/11/06 11:01:19: 
*************************************************


*********** Start the Initialize Key Check **********
2014/11/06 11:01:42: Tool Ver: 2013.0605.01
2014/11/06 11:01:42: COM PORT OPEN ... ERROR(01)
2014/11/06 11:01:42: 
2014/11/06 11:01:42: ######## Error has occurred ########
2014/11/06 11:01:42: 
*************************************************


*********** Start the Initialize Key Check **********
2014/11/06 11:02:09: Tool Ver: 2013.0605.01
2014/11/06 11:02:09: COM PORT OPEN ... OK
2014/11/06 11:02:09:
2014/11/06 11:02:09: ProductS/N:  VRW06A114Y00240
2014/11/06 11:02:09: TID: 8604031D2AE62080
2014/11/06 11:02:09: F/W Version: 00.00.08
2014/11/06 11:02:09:
2014/11/06 11:02:09: MasterKey Key Entry ... OK
2014/11/06 11:02:09: PowerON Counter Key Entry ... OK
2014/11/06 11:02:10: Key Entry ... OK
2014/11/06 11:02:10: Complete.
2014/11/06 11:02:10: COM PORT CLOSE ... OK
2014/11/06 11:02:10: 
2014/11/06 11:02:10: ==== Processing was completed ====
2014/11/06 11:02:10: 
*************************************************


*********** Start the Initialize Key Check **********
2014/11/06 11:05:56: Tool Ver: 2013.0605.01
2014/11/06 11:05:56: COM PORT OPEN ... OK
2014/11/06 11:05:56:
2014/11/06 11:05:56: ProductS/N:  VRW06A114Y00290
2014/11/06 11:05:56: TID: 8604353AD2E52080
2014/11/06 11:05:56: F/W Version: 00.00.08
2014/11/06 11:05:56:
2014/11/06 11:05:56: MasterKey Key Entry ... OK
2014/11/06 11:05:56: PowerON Counter Key Entry ... OK
2014/11/06 11:05:57: Key Entry ... OK
2014/11/06 11:05:57: Complete.
2014/11/06 11:05:57: COM PORT CLOSE ... OK
2014/11/06 11:05:57: 
2014/11/06 11:05:57: ==== Processing was completed ====
2014/11/06 11:05:57: 
*************************************************


*********** Start the Initialize Key Check **********
2014/11/06 11:08:57: Tool Ver: 2013.0605.01
2014/11/06 11:08:57: COM PORT OPEN ... OK
2014/11/06 11:08:57:
2014/11/06 11:08:57: ProductS/N:  VRW06A114Y00288
2014/11/06 11:08:57: TID: 8604330BCAE52080
2014/11/06 11:08:57: F/W Version: 00.00.08
2014/11/06 11:08:57:
2014/11/06 11:08:57: MasterKey Key Entry ... OK
2014/11/06 11:08:57: PowerON Counter Key Entry ... OK
2014/11/06 11:08:58: Key Entry ... OK
2014/11/06 11:08:58: Complete.
2014/11/06 11:08:58: COM PORT CLOSE ... OK
2014/11/06 11:08:58: 
2014/11/06 11:08:58: ==== Processing was completed ====
2014/11/06 11:08:58: 
*************************************************


*********** Start the Initialize Key Check **********
2014/11/06 11:16:55: Tool Ver: 2013.0605.01
2014/11/06 11:16:55: COM PORT OPEN ... OK
2014/11/06 11:16:55:
2014/11/06 11:16:55: ProductS/N:  VRW06A114Y00297
2014/11/06 11:16:55: TID: 86041536D2E52080
2014/11/06 11:16:55: F/W Version: 00.00.08
2014/11/06 11:16:55:
2014/11/06 11:16:55: MasterKey Key Entry ... OK
2014/11/06 11:16:55: PowerON Counter Key Entry ... OK
2014/11/06 11:16:55: Key Entry ... OK
2014/11/06 11:16:55: Complete.
2014/11/06 11:16:55: COM PORT CLOSE ... OK
2014/11/06 11:16:55: 
2014/11/06 11:16:55: ==== Processing was completed ====
2014/11/06 11:16:55: 
*************************************************


*********** Start the Initialize Key Check **********
2014/11/06 11:22:46: Tool Ver: 2013.0605.01
2014/11/06 11:22:46: COM PORT OPEN ... OK
2014/11/06 11:22:46:
2014/11/06 11:22:46: ProductS/N:  VRW06A114Y00295
2014/11/06 11:22:46: TID: 86040F33D2E52080
2014/11/06 11:22:46: F/W Version: 00.00.08
2014/11/06 11:22:46:
2014/11/06 11:22:46: MasterKey Key Entry ... OK
2014/11/06 11:22:46: PowerON Counter Key Entry ... OK
2014/11/06 11:22:47: Key Entry ... OK
2014/11/06 11:22:47: Complete.
2014/11/06 11:22:47: COM PORT CLOSE ... OK
2014/11/06 11:22:47: 
2014/11/06 11:22:47: ==== Processing was completed ====
2014/11/06 11:22:47: 
*************************************************


*********** Start the Initialize Key Check **********
2014/11/06 11:25:18: Tool Ver: 2013.0605.01
2014/11/06 11:25:18: COM PORT OPEN ... OK
2014/11/06 11:25:18:
2014/11/06 11:25:18: ProductS/N:  VRW06A114Y00299
2014/11/06 11:25:19: TID: 86042B2DD2E52080
2014/11/06 11:25:19: F/W Version: 00.00.08
2014/11/06 11:25:19:
2014/11/06 11:25:19: MasterKey Key Entry ... OK
2014/11/06 11:25:19: PowerON Counter Key Entry ... OK
2014/11/06 11:25:19: Key Entry ... OK
2014/11/06 11:25:19: Complete.
2014/11/06 11:25:19: COM PORT CLOSE ... OK
2014/11/06 11:25:19: 
2014/11/06 11:25:19: ==== Processing was completed ====
2014/11/06 11:25:19: 
*************************************************


*********** Start the Initialize Key Check **********
2014/11/06 11:28:13: Tool Ver: 2013.0605.01
2014/11/06 11:28:13: COM PORT OPEN ... OK
2014/11/06 11:28:13:
2014/11/06 11:28:13: ProductS/N:  VRW06A114Y00306
2014/11/06 11:28:13: TID: 8604313DD2E52080
2014/11/06 11:28:13: F/W Version: 00.00.08
2014/11/06 11:28:13:
2014/11/06 11:28:13: MasterKey Key Entry ... OK
2014/11/06 11:28:13: PowerON Counter Key Entry ... OK
2014/11/06 11:28:14: Key Entry ... OK
2014/11/06 11:28:14: Complete.
2014/11/06 11:28:14: COM PORT CLOSE ... OK
2014/11/06 11:28:14: 
2014/11/06 11:28:14: ==== Processing was completed ====
2014/11/06 11:28:14: 
*************************************************


*********** Start the Initialize Key Check **********
2014/11/06 11:30:43: Tool Ver: 2013.0605.01
2014/11/06 11:30:43: COM PORT OPEN ... OK
2014/11/06 11:30:43:
2014/11/06 11:30:43: ProductS/N:  VRW06A114Y00308
2014/11/06 11:30:43: TID: 86040D38D2E52080
2014/11/06 11:30:43: F/W Version: 00.00.08
2014/11/06 11:30:43:
2014/11/06 11:30:43: MasterKey Key Entry ... OK
2014/11/06 11:30:43: PowerON Counter Key Entry ... OK
2014/11/06 11:30:44: Key Entry ... OK
2014/11/06 11:30:44: Complete.
2014/11/06 11:30:44: COM PORT CLOSE ... OK
2014/11/06 11:30:44: 
2014/11/06 11:30:44: ==== Processing was completed ====
2014/11/06 11:30:44: 
*************************************************


*********** Start the Initialize Key Check **********
2014/11/06 11:35:16: Tool Ver: 2013.0605.01
2014/11/06 11:35:16: COM PORT OPEN ... OK
2014/11/06 11:35:16:
2014/11/06 11:35:16: ProductS/N:  VRW06A114Y00305
2014/11/06 11:35:16: TID: 86042735D2E52080
2014/11/06 11:35:16: F/W Version: 00.00.08
2014/11/06 11:35:16:
2014/11/06 11:35:16: MasterKey Key Entry ... OK
2014/11/06 11:35:16: PowerON Counter Key Entry ... OK
2014/11/06 11:35:17: Key Entry ... OK
2014/11/06 11:35:17: Complete.
2014/11/06 11:35:17: COM PORT CLOSE ... OK
2014/11/06 11:35:17: 
2014/11/06 11:35:17: ==== Processing was completed ====
2014/11/06 11:35:17: 
*************************************************


*********** Start the Initialize Key Check **********
2014/11/06 11:40:37: Tool Ver: 2013.0605.01
2014/11/06 11:40:37: COM PORT OPEN ... OK
2014/11/06 11:40:37:
2014/11/06 11:40:37: ProductS/N:  VRW06A114Y00307
2014/11/06 11:40:37: TID: 8604323ED2E52080
2014/11/06 11:40:37: F/W Version: 00.00.08
2014/11/06 11:40:37:
2014/11/06 11:40:37: MasterKey Key Entry ... OK
2014/11/06 11:40:37: PowerON Counter Key Entry ... OK
2014/11/06 11:40:38: Key Entry ... OK
2014/11/06 11:40:38: Complete.
2014/11/06 11:40:38: COM PORT CLOSE ... OK
2014/11/06 11:40:38: 
2014/11/06 11:40:38: ==== Processing was completed ====
2014/11/06 11:40:38: 
*************************************************


*********** Start the Initialize Key Check **********
2014/11/06 11:44:20: Tool Ver: 2013.0605.01
2014/11/06 11:44:20: COM PORT OPEN ... OK
2014/11/06 11:44:20:
2014/11/06 11:44:20: ProductS/N:  VRW06A114Y00300
2014/11/06 11:44:20: TID: 8604263DD2E52080
2014/11/06 11:44:20: F/W Version: 00.00.08
2014/11/06 11:44:20:
2014/11/06 11:44:20: MasterKey Key Entry ... OK
2014/11/06 11:44:20: PowerON Counter Key Entry ... OK
2014/11/06 11:44:21: Key Entry ... OK
2014/11/06 11:44:21: Complete.
2014/11/06 11:44:21: COM PORT CLOSE ... OK
2014/11/06 11:44:21: 
2014/11/06 11:44:21: ==== Processing was completed ====
2014/11/06 11:44:21: 
*************************************************


*********** Start the Initialize Key Check **********
2014/11/06 13:12:16: Tool Ver: 2013.0605.01
2014/11/06 13:12:16: COM PORT OPEN ... OK
2014/11/06 13:12:16:
2014/11/06 13:12:16: ProductS/N:  VRW06A114Y00301
2014/11/06 13:12:16: TID: 8604323DD2E52080
2014/11/06 13:12:16: F/W Version: 00.00.08
2014/11/06 13:12:16:
2014/11/06 13:12:16: MasterKey Key Entry ... OK
2014/11/06 13:12:16: PowerON Counter Key Entry ... OK
2014/11/06 13:12:17: Key Entry ... OK
2014/11/06 13:12:17: Complete.
2014/11/06 13:12:17: COM PORT CLOSE ... OK
2014/11/06 13:12:17: 
2014/11/06 13:12:17: ==== Processing was completed ====
2014/11/06 13:12:17: 
*************************************************


*********** Start the Initialize Key Check **********
2014/11/06 13:24:02: Tool Ver: 2013.0605.01
2014/11/06 13:24:02: COM PORT OPEN ... OK
2014/11/06 13:24:02:
2014/11/06 13:24:02: ProductS/N:  VRW06A114Y00319
2014/11/06 13:24:02: TID: 860435222AE62080
2014/11/06 13:24:02: F/W Version: 00.00.08
2014/11/06 13:24:02:
2014/11/06 13:24:02: MasterKey Key Entry ... OK
2014/11/06 13:24:02: PowerON Counter Key Entry ... OK
2014/11/06 13:24:03: Key Entry ... OK
2014/11/06 13:24:03: Complete.
2014/11/06 13:24:03: COM PORT CLOSE ... OK
2014/11/06 13:24:03: 
2014/11/06 13:24:03: ==== Processing was completed ====
2014/11/06 13:24:03: 
*************************************************


*********** Start the Initialize Key Check **********
2014/11/06 13:27:28: Tool Ver: 2013.0605.01
2014/11/06 13:27:28: COM PORT OPEN ... OK
2014/11/06 13:27:28:
2014/11/06 13:27:28: ProductS/N:  VRW06A114Y00311
2014/11/06 13:27:28: TID: 86042935D2E52080
2014/11/06 13:27:28: F/W Version: 00.00.08
2014/11/06 13:27:28:
2014/11/06 13:27:28: MasterKey Key Entry ... OK
2014/11/06 13:27:28: PowerON Counter Key Entry ... OK
2014/11/06 13:27:29: Key Entry ... OK
2014/11/06 13:27:29: Complete.
2014/11/06 13:27:29: COM PORT CLOSE ... OK
2014/11/06 13:27:29: 
2014/11/06 13:27:29: ==== Processing was completed ====
2014/11/06 13:27:29: 
*************************************************


*********** Start the Initialize Key Check **********
2014/11/06 13:33:35: Tool Ver: 2013.0605.01
2014/11/06 13:33:35: COM PORT OPEN ... OK
2014/11/06 13:33:36:
2014/11/06 13:33:36: ProductS/N:  VRW06A114Y00291
2014/11/06 13:33:36: TID: 86042E193AE62080
2014/11/06 13:33:36: F/W Version: 00.00.08
2014/11/06 13:33:36:
2014/11/06 13:33:36: MasterKey Key Entry ... OK
2014/11/06 13:33:36: PowerON Counter Key Entry ... OK
2014/11/06 13:33:36: Key Entry ... OK
2014/11/06 13:33:36: Complete.
2014/11/06 13:33:36: COM PORT CLOSE ... OK
2014/11/06 13:33:36: 
2014/11/06 13:33:36: ==== Processing was completed ====
2014/11/06 13:33:36: 
*************************************************


*********** Start the Initialize Key Check **********
2014/11/06 13:37:30: Tool Ver: 2013.0605.01
2014/11/06 13:37:30: COM PORT OPEN ... OK
2014/11/06 13:37:30:
2014/11/06 13:37:30: ProductS/N:  VRW06A114Y00318
2014/11/06 13:37:30: TID: 86041F3AD2E52080
2014/11/06 13:37:30: F/W Version: 00.00.08
2014/11/06 13:37:30:
2014/11/06 13:37:30: MasterKey Key Entry ... OK
2014/11/06 13:37:30: PowerON Counter Key Entry ... OK
2014/11/06 13:37:30: Key Entry ... OK
2014/11/06 13:37:30: Complete.
2014/11/06 13:37:30: COM PORT CLOSE ... OK
2014/11/06 13:37:30: 
2014/11/06 13:37:30: ==== Processing was completed ====
2014/11/06 13:37:30: 
*************************************************


*********** Start the Initialize Key Check **********
2014/11/06 13:43:11: Tool Ver: 2013.0605.01
2014/11/06 13:43:11: Product S/N ... ERROR
2014/11/06 13:43:11: 
2014/11/06 13:43:11: ######## Error has occurred ########
2014/11/06 13:43:11: 
*************************************************


*********** Start the Initialize Key Check **********
2014/11/06 13:43:38: Tool Ver: 2013.0605.01
2014/11/06 13:43:38: COM PORT OPEN ... OK
2014/11/06 13:43:38:
2014/11/06 13:43:38: ProductS/N:  VRW06A114Y00314
2014/11/06 13:43:38: TID: 86040C292AE62080
2014/11/06 13:43:38: F/W Version: 00.00.08
2014/11/06 13:43:38:
2014/11/06 13:43:38: MasterKey Key Entry ... OK
2014/11/06 13:43:38: PowerON Counter Key Entry ... OK
2014/11/06 13:43:39: Key Entry ... OK
2014/11/06 13:43:39: Complete.
2014/11/06 13:43:39: COM PORT CLOSE ... OK
2014/11/06 13:43:39: 
2014/11/06 13:43:39: ==== Processing was completed ====
2014/11/06 13:43:39: 
*************************************************


*********** Start the Initialize Key Check **********
2014/11/06 13:46:10: Tool Ver: 2013.0605.01
2014/11/06 13:46:10: COM PORT OPEN ... OK
2014/11/06 13:46:10:
2014/11/06 13:46:10: ProductS/N:  VRW06A114Y00279
2014/11/06 13:46:10: TID: 86042E1F2AE62080
2014/11/06 13:46:10: F/W Version: 00.00.08
2014/11/06 13:46:10:
2014/11/06 13:46:10: MasterKey Key Entry ... OK
2014/11/06 13:46:10: PowerON Counter Key Entry ... OK
2014/11/06 13:46:11: Key Entry ... OK
2014/11/06 13:46:11: Complete.
2014/11/06 13:46:11: COM PORT CLOSE ... OK
2014/11/06 13:46:11: 
2014/11/06 13:46:11: ==== Processing was completed ====
2014/11/06 13:46:11: 
*************************************************


*********** Start the Initialize Key Check **********
2014/11/06 13:54:44: Tool Ver: 2013.0605.01
2014/11/06 13:54:44: COM PORT OPEN ... OK
2014/11/06 13:54:44:
2014/11/06 13:54:44: ProductS/N:  VRW06A114Y00310
2014/11/06 13:54:44: TID: 86040938D2E52080
2014/11/06 13:54:44: F/W Version: 00.00.08
2014/11/06 13:54:44:
2014/11/06 13:54:44: MasterKey Key Entry ... OK
2014/11/06 13:54:44: PowerON Counter Key Entry ... OK
2014/11/06 13:54:45: Key Entry ... OK
2014/11/06 13:54:45: Complete.
2014/11/06 13:54:45: COM PORT CLOSE ... OK
2014/11/06 13:54:45: 
2014/11/06 13:54:45: ==== Processing was completed ====
2014/11/06 13:54:45: 
*************************************************


*********** Start the Initialize Key Check **********
2014/11/06 13:59:16: Tool Ver: 2013.0605.01
2014/11/06 13:59:16: COM PORT OPEN ... OK
2014/11/06 13:59:16:
2014/11/06 13:59:16: ProductS/N:  VRW06A114Y00330
2014/11/06 13:59:16: TID: 860412292AE62080
2014/11/06 13:59:16: F/W Version: 00.00.08
2014/11/06 13:59:16:
2014/11/06 13:59:16: MasterKey Key Entry ... OK
2014/11/06 13:59:16: PowerON Counter Key Entry ... OK
2014/11/06 13:59:17: Key Entry ... OK
2014/11/06 13:59:17: Complete.
2014/11/06 13:59:17: COM PORT CLOSE ... OK
2014/11/06 13:59:17: 
2014/11/06 13:59:17: ==== Processing was completed ====
2014/11/06 13:59:17: 
*************************************************


*********** Start the Initialize Key Check **********
2014/11/06 14:07:29: Tool Ver: 2013.0605.01
2014/11/06 14:07:29: COM PORT OPEN ... OK
2014/11/06 14:07:29:
2014/11/06 14:07:29: ProductS/N:  VRW06A114Y00326
2014/11/06 14:07:29: TID: 860411292AE62080
2014/11/06 14:07:29: F/W Version: 00.00.08
2014/11/06 14:07:29:
2014/11/06 14:07:29: MasterKey Key Entry ... OK
2014/11/06 14:07:29: PowerON Counter Key Entry ... OK
2014/11/06 14:07:30: Key Entry ... OK
2014/11/06 14:07:30: Complete.
2014/11/06 14:07:30: COM PORT CLOSE ... OK
2014/11/06 14:07:30: 
2014/11/06 14:07:30: ==== Processing was completed ====
2014/11/06 14:07:30: 
*************************************************


*********** Start the Initialize Key Check **********
2014/11/06 14:09:52: Tool Ver: 2013.0605.01
2014/11/06 14:09:52: COM PORT OPEN ... OK
2014/11/06 14:09:52:
2014/11/06 14:09:52: ProductS/N:  VRW06A114Y00302
2014/11/06 14:09:52: TID: 86041428D2E52080
2014/11/06 14:09:52: F/W Version: 00.00.08
2014/11/06 14:09:52:
2014/11/06 14:09:52: MasterKey Key Entry ... OK
2014/11/06 14:09:52: PowerON Counter Key Entry ... OK
2014/11/06 14:09:52: Key Entry ... OK
2014/11/06 14:09:52: Complete.
2014/11/06 14:09:52: COM PORT CLOSE ... OK
2014/11/06 14:09:52: 
2014/11/06 14:09:52: ==== Processing was completed ====
2014/11/06 14:09:52: 
*************************************************


*********** Start the Initialize Key Check **********
2014/11/06 14:13:06: Tool Ver: 2013.0605.01
2014/11/06 14:13:06: COM PORT OPEN ... OK
2014/11/06 14:13:06:
2014/11/06 14:13:06: ProductS/N:  VRW06A114Y00320
2014/11/06 14:13:06: TID: 86042F1F2AE62080
2014/11/06 14:13:07: F/W Version: 00.00.08
2014/11/06 14:13:07:
2014/11/06 14:13:07: MasterKey Key Entry ... OK
2014/11/06 14:13:07: PowerON Counter Key Entry ... OK
2014/11/06 14:13:07: Key Entry ... OK
2014/11/06 14:13:07: Complete.
2014/11/06 14:13:07: COM PORT CLOSE ... OK
2014/11/06 14:13:07: 
2014/11/06 14:13:07: ==== Processing was completed ====
2014/11/06 14:13:07: 
*************************************************


*********** Start the Initialize Key Check **********
2014/11/06 14:18:22: Tool Ver: 2013.0605.01
2014/11/06 14:18:22: COM PORT OPEN ... OK
2014/11/06 14:18:22:
2014/11/06 14:18:22: ProductS/N:  VRW06A114Y00333
2014/11/06 14:18:22: TID: 86041E1D2AE62080
2014/11/06 14:18:22: F/W Version: 00.00.08
2014/11/06 14:18:22:
2014/11/06 14:18:22: MasterKey Key Entry ... OK
2014/11/06 14:18:22: PowerON Counter Key Entry ... OK
2014/11/06 14:18:23: Key Entry ... OK
2014/11/06 14:18:23: Complete.
2014/11/06 14:18:23: COM PORT CLOSE ... OK
2014/11/06 14:18:23: 
2014/11/06 14:18:23: ==== Processing was completed ====
2014/11/06 14:18:23: 
*************************************************


*********** Start the Initialize Key Check **********
2014/11/06 14:25:54: Tool Ver: 2013.0605.01
2014/11/06 14:25:54: COM PORT OPEN ... OK
2014/11/06 14:25:54:
2014/11/06 14:25:54: ProductS/N:  VRW06A114Y00335
2014/11/06 14:25:54: TID: 86042E212AE62080
2014/11/06 14:25:54: F/W Version: 00.00.08
2014/11/06 14:25:54:
2014/11/06 14:25:54: MasterKey Key Entry ... OK
2014/11/06 14:25:54: PowerON Counter Key Entry ... OK
2014/11/06 14:25:55: Key Entry ... OK
2014/11/06 14:25:55: Complete.
2014/11/06 14:25:55: COM PORT CLOSE ... OK
2014/11/06 14:25:55: 
2014/11/06 14:25:55: ==== Processing was completed ====
2014/11/06 14:25:55: 
*************************************************


*********** Start the Initialize Key Check **********
2014/11/06 14:29:03: Tool Ver: 2013.0605.01
2014/11/06 14:29:03: COM PORT OPEN ... OK
2014/11/06 14:29:03:
2014/11/06 14:29:03: ProductS/N:  VRW06A114Y00321
2014/11/06 14:29:03: TID: 860414222AE62080
2014/11/06 14:29:03: F/W Version: 00.00.08
2014/11/06 14:29:03:
2014/11/06 14:29:03: MasterKey Key Entry ... OK
2014/11/06 14:29:03: PowerON Counter Key Entry ... OK
2014/11/06 14:29:04: Key Entry ... OK
2014/11/06 14:29:04: Complete.
2014/11/06 14:29:04: COM PORT CLOSE ... OK
2014/11/06 14:29:04: 
2014/11/06 14:29:04: ==== Processing was completed ====
2014/11/06 14:29:04: 
*************************************************


*********** Start the Initialize Key Check **********
2014/11/06 14:34:55: Tool Ver: 2013.0605.01
2014/11/06 14:34:55: COM PORT OPEN ... OK
2014/11/06 14:34:55:
2014/11/06 14:34:55: ProductS/N:  VRW06A114Y00328
2014/11/06 14:34:55: TID: 86041D1D2AE62080
2014/11/06 14:34:55: F/W Version: 00.00.08
2014/11/06 14:34:55:
2014/11/06 14:34:55: MasterKey Key Entry ... OK
2014/11/06 14:34:55: PowerON Counter Key Entry ... OK
2014/11/06 14:34:56: Key Entry ... OK
2014/11/06 14:34:56: Complete.
2014/11/06 14:34:56: COM PORT CLOSE ... OK
2014/11/06 14:34:56: 
2014/11/06 14:34:56: ==== Processing was completed ====
2014/11/06 14:34:56: 
*************************************************


*********** Start the Initialize Key Check **********
2014/11/06 14:37:37: Tool Ver: 2013.0605.01
2014/11/06 14:37:37: COM PORT OPEN ... OK
2014/11/06 14:37:37:
2014/11/06 14:37:37: ProductS/N:  VRW06A114Y00309
2014/11/06 14:37:37: TID: 86042D3CD2E52080
2014/11/06 14:37:37: F/W Version: 00.00.08
2014/11/06 14:37:37:
2014/11/06 14:37:37: MasterKey Key Entry ... OK
2014/11/06 14:37:37: PowerON Counter Key Entry ... OK
2014/11/06 14:37:38: Key Entry ... OK
2014/11/06 14:37:38: Complete.
2014/11/06 14:37:38: COM PORT CLOSE ... OK
2014/11/06 14:37:38: 
2014/11/06 14:37:38: ==== Processing was completed ====
2014/11/06 14:37:38: 
*************************************************


*********** Start the Initialize Key Check **********
2014/11/06 14:40:33: Tool Ver: 2013.0605.01
2014/11/06 14:40:33: COM PORT OPEN ... OK
2014/11/06 14:40:33:
2014/11/06 14:40:33: ProductS/N:  VRW06A114Y00332
2014/11/06 14:40:33: TID: 86041A37D2E52080
2014/11/06 14:40:33: F/W Version: 00.00.08
2014/11/06 14:40:33:
2014/11/06 14:40:33: MasterKey Key Entry ... OK
2014/11/06 14:40:33: PowerON Counter Key Entry ... OK
2014/11/06 14:40:34: Key Entry ... OK
2014/11/06 14:40:34: Complete.
2014/11/06 14:40:34: COM PORT CLOSE ... OK
2014/11/06 14:40:34: 
2014/11/06 14:40:34: ==== Processing was completed ====
2014/11/06 14:40:34: 
*************************************************


*********** Start the Initialize Key Check **********
2014/11/06 14:48:22: Tool Ver: 2013.0605.01
2014/11/06 14:48:22: COM PORT OPEN ... OK
2014/11/06 14:48:23:
2014/11/06 14:48:23: ProductS/N:  VRW06A114Y00329
2014/11/06 14:48:23: TID: 860406222AE62080
2014/11/06 14:48:23: F/W Version: 00.00.08
2014/11/06 14:48:23:
2014/11/06 14:48:23: MasterKey Key Entry ... OK
2014/11/06 14:48:23: PowerON Counter Key Entry ... OK
2014/11/06 14:48:23: Key Entry ... OK
2014/11/06 14:48:23: Complete.
2014/11/06 14:48:23: COM PORT CLOSE ... OK
2014/11/06 14:48:23: 
2014/11/06 14:48:23: ==== Processing was completed ====
2014/11/06 14:48:23: 
*************************************************


*********** Start the Initialize Key Check **********
2014/11/06 14:52:39: Tool Ver: 2013.0605.01
2014/11/06 14:52:39: COM PORT OPEN ... OK
2014/11/06 14:52:40:
2014/11/06 14:52:40: ProductS/N:  VRW06A114Y00313
2014/11/06 14:52:40: TID: 86042839D2E52080
2014/11/06 14:52:40: F/W Version: 00.00.08
2014/11/06 14:52:40:
2014/11/06 14:52:40: MasterKey Key Entry ... OK
2014/11/06 14:52:40: PowerON Counter Key Entry ... OK
2014/11/06 14:52:40: Key Entry ... OK
2014/11/06 14:52:40: Complete.
2014/11/06 14:52:40: COM PORT CLOSE ... OK
2014/11/06 14:52:40: 
2014/11/06 14:52:40: ==== Processing was completed ====
2014/11/06 14:52:40: 
*************************************************


*********** Start the Initialize Key Check **********
2014/11/06 14:57:04: Tool Ver: 2013.0605.01
2014/11/06 14:57:04: COM PORT OPEN ... OK
2014/11/06 14:57:04:
2014/11/06 14:57:04: ProductS/N:  VRW06A114Y00303
2014/11/06 14:57:05: TID: 86042A2CD2E52080
2014/11/06 14:57:05: F/W Version: 00.00.08
2014/11/06 14:57:05:
2014/11/06 14:57:05: MasterKey Key Entry ... OK
2014/11/06 14:57:05: PowerON Counter Key Entry ... OK
2014/11/06 14:57:05: Key Entry ... OK
2014/11/06 14:57:05: Complete.
2014/11/06 14:57:05: COM PORT CLOSE ... OK
2014/11/06 14:57:05: 
2014/11/06 14:57:05: ==== Processing was completed ====
2014/11/06 14:57:05: 
*************************************************


*********** Start the Initialize Key Check **********
2014/11/06 15:10:11: Tool Ver: 2013.0605.01
2014/11/06 15:10:11: COM PORT OPEN ... OK
2014/11/06 15:10:11:
2014/11/06 15:10:11: ProductS/N:  VRW06A114Y00323
2014/11/06 15:10:11: TID: 86042836D2E52080
2014/11/06 15:10:11: F/W Version: 00.00.08
2014/11/06 15:10:11:
2014/11/06 15:10:11: MasterKey Key Entry ... OK
2014/11/06 15:10:11: PowerON Counter Key Entry ... OK
2014/11/06 15:10:11: Key Entry ... OK
2014/11/06 15:10:11: Complete.
2014/11/06 15:10:11: COM PORT CLOSE ... OK
2014/11/06 15:10:11: 
2014/11/06 15:10:11: ==== Processing was completed ====
2014/11/06 15:10:11: 
*************************************************


*********** Start the Initialize Key Check **********
2014/11/06 15:14:15: Tool Ver: 2013.0605.01
2014/11/06 15:14:15: COM PORT OPEN ... OK
2014/11/06 15:14:15:
2014/11/06 15:14:15: ProductS/N:  VRW06A114Y00341
2014/11/06 15:14:15: TID: 860436202AE62080
2014/11/06 15:14:15: F/W Version: 00.00.08
2014/11/06 15:14:15:
2014/11/06 15:14:15: MasterKey Key Entry ... OK
2014/11/06 15:14:15: PowerON Counter Key Entry ... OK
2014/11/06 15:14:15: Key Entry ... OK
2014/11/06 15:14:15: Complete.
2014/11/06 15:14:15: COM PORT CLOSE ... OK
2014/11/06 15:14:15: 
2014/11/06 15:14:15: ==== Processing was completed ====
2014/11/06 15:14:15: 
*************************************************


*********** Start the Initialize Key Check **********
2014/11/06 15:21:41: Tool Ver: 2013.0605.01
2014/11/06 15:21:41: COM PORT OPEN ... OK
2014/11/06 15:21:41:
2014/11/06 15:21:41: ProductS/N:  VRW06A114Y00348
2014/11/06 15:21:41: TID: 86041734D2E52080
2014/11/06 15:21:41: F/W Version: 00.00.08
2014/11/06 15:21:41:
2014/11/06 15:21:41: MasterKey Key Entry ... OK
2014/11/06 15:21:41: PowerON Counter Key Entry ... OK
2014/11/06 15:21:42: Key Entry ... OK
2014/11/06 15:21:42: Complete.
2014/11/06 15:21:42: COM PORT CLOSE ... OK
2014/11/06 15:21:42: 
2014/11/06 15:21:42: ==== Processing was completed ====
2014/11/06 15:21:42: 
*************************************************


*********** Start the Initialize Key Check **********
2014/11/06 15:24:50: Tool Ver: 2013.0605.01
2014/11/06 15:24:50: COM PORT OPEN ... OK
2014/11/06 15:24:50:
2014/11/06 15:24:50: ProductS/N:  VRW06A114Y00325
2014/11/06 15:24:50: TID: 86041E3BD2E52080
2014/11/06 15:24:50: F/W Version: 00.00.08
2014/11/06 15:24:50:
2014/11/06 15:24:50: MasterKey Key Entry ... OK
2014/11/06 15:24:50: PowerON Counter Key Entry ... OK
2014/11/06 15:24:51: Key Entry ... OK
2014/11/06 15:24:51: Complete.
2014/11/06 15:24:51: COM PORT CLOSE ... OK
2014/11/06 15:24:51: 
2014/11/06 15:24:51: ==== Processing was completed ====
2014/11/06 15:24:51: 
*************************************************


*********** Start the Initialize Key Check **********
2014/11/06 15:34:53: Tool Ver: 2013.0605.01
2014/11/06 15:34:53: COM PORT OPEN ... OK
2014/11/06 15:34:53:
2014/11/06 15:34:53: ProductS/N:  VRW06A114Y00340
2014/11/06 15:34:53: TID: 86042234D2E52080
2014/11/06 15:34:53: F/W Version: 00.00.08
2014/11/06 15:34:53:
2014/11/06 15:34:53: MasterKey Key Entry ... OK
2014/11/06 15:34:53: PowerON Counter Key Entry ... OK
2014/11/06 15:34:54: Key Entry ... OK
2014/11/06 15:34:54: Complete.
2014/11/06 15:34:54: COM PORT CLOSE ... OK
2014/11/06 15:34:54: 
2014/11/06 15:34:54: ==== Processing was completed ====
2014/11/06 15:34:54: 
*************************************************


*********** Start the Initialize Key Check **********
2014/11/06 15:38:01: Tool Ver: 2013.0605.01
2014/11/06 15:38:01: COM PORT OPEN ... OK
2014/11/06 15:38:02:
2014/11/06 15:38:02: ProductS/N:  VRW06A114Y00150
2014/11/06 15:38:02: TID: 8604193BD2E52080
2014/11/06 15:38:02: F/W Version: 00.00.08
2014/11/06 15:38:02:
2014/11/06 15:38:02: MasterKey Key Entry ... OK
2014/11/06 15:38:02: PowerON Counter Key Entry ... OK
2014/11/06 15:38:02: Key Entry ... OK
2014/11/06 15:38:02: Complete.
2014/11/06 15:38:02: COM PORT CLOSE ... OK
2014/11/06 15:38:02: 
2014/11/06 15:38:02: ==== Processing was completed ====
2014/11/06 15:38:02: 
*************************************************


*********** Start the Initialize Key Check **********
2014/11/06 15:53:06: Tool Ver: 2013.0605.01
2014/11/06 15:53:06: COM PORT OPEN ... OK
2014/11/06 15:53:06:
2014/11/06 15:53:06: ProductS/N:  RW06A114Y00349
2014/11/06 15:53:06: TID: 860434222AE62080
2014/11/06 15:53:06: F/W Version: 00.00.08
2014/11/06 15:53:06:
2014/11/06 15:53:06: MasterKey Key Entry ... OK
2014/11/06 15:53:06: PowerON Counter Key Entry ... OK
2014/11/06 15:53:06: Key Entry ... OK
2014/11/06 15:53:06: Complete.
2014/11/06 15:53:06: COM PORT CLOSE ... OK
2014/11/06 15:53:06: 
2014/11/06 15:53:06: ==== Processing was completed ====
2014/11/06 15:53:06: 
*************************************************


*********** Start the Initialize Key Check **********
2014/11/06 15:55:25: Tool Ver: 2013.0605.01
2014/11/06 15:55:25: COM PORT OPEN ... OK
2014/11/06 15:55:25:
2014/11/06 15:55:25: ProductS/N:  VRW06A114Y00342
2014/11/06 15:55:25: TID: 8604351D2AE62080
2014/11/06 15:55:25: F/W Version: 00.00.08
2014/11/06 15:55:25:
2014/11/06 15:55:25: MasterKey Key Entry ... OK
2014/11/06 15:55:25: PowerON Counter Key Entry ... OK
2014/11/06 15:55:26: Key Entry ... OK
2014/11/06 15:55:26: Complete.
2014/11/06 15:55:26: COM PORT CLOSE ... OK
2014/11/06 15:55:26: 
2014/11/06 15:55:26: ==== Processing was completed ====
2014/11/06 15:55:26: 
*************************************************


*********** Start the Initialize Key Check **********
2014/11/06 16:05:32: Tool Ver: 2013.0605.01
2014/11/06 16:05:32: COM PORT OPEN ... ERROR(01)
2014/11/06 16:05:32: 
2014/11/06 16:05:32: ######## Error has occurred ########
2014/11/06 16:05:32: 
*************************************************


*********** Start the Initialize Key Check **********
2014/11/06 16:06:57: Tool Ver: 2013.0605.01
2014/11/06 16:06:57: COM PORT OPEN ... OK
2014/11/06 16:06:57:
2014/11/06 16:06:57: ProductS/N:  VRW06A114Y00346
2014/11/06 16:06:57: TID: 86040F37D2E52080
2014/11/06 16:06:57: F/W Version: 00.00.08
2014/11/06 16:06:57:
2014/11/06 16:06:57: MasterKey Key Entry ... OK
2014/11/06 16:06:57: PowerON Counter Key Entry ... OK
2014/11/06 16:06:58: Key Entry ... OK
2014/11/06 16:06:58: Complete.
2014/11/06 16:06:58: COM PORT CLOSE ... OK
2014/11/06 16:06:58: 
2014/11/06 16:06:58: ==== Processing was completed ====
2014/11/06 16:06:58: 
*************************************************


*********** Start the Initialize Key Check **********
2014/11/06 16:20:46: Tool Ver: 2013.0605.01
2014/11/06 16:20:46: COM PORT OPEN ... OK
2014/11/06 16:20:46:
2014/11/06 16:20:46: ProductS/N:  VRW06A114Y00337
2014/11/06 16:20:46: TID: 860433222AE62080
2014/11/06 16:20:46: F/W Version: 00.00.08
2014/11/06 16:20:46:
2014/11/06 16:20:46: MasterKey Key Entry ... OK
2014/11/06 16:20:46: PowerON Counter Key Entry ... OK
2014/11/06 16:20:47: Key Entry ... OK
2014/11/06 16:20:47: Complete.
2014/11/06 16:20:47: COM PORT CLOSE ... OK
2014/11/06 16:20:47: 
2014/11/06 16:20:47: ==== Processing was completed ====
2014/11/06 16:20:47: 
*************************************************


*********** Start the Initialize Key Check **********
2014/11/06 16:46:08: Tool Ver: 2013.0605.01
2014/11/06 16:46:08: COM PORT OPEN ... OK
2014/11/06 16:46:08:
2014/11/06 16:46:08: ProductS/N:  VRW06A114Y00296
2014/11/06 16:46:08: TID: 8604313AD2E52080
2014/11/06 16:46:08: F/W Version: 00.00.08
2014/11/06 16:46:08:
2014/11/06 16:46:08: MasterKey Key Entry ... OK
2014/11/06 16:46:08: PowerON Counter Key Entry ... OK
2014/11/06 16:46:09: Key Entry ... OK
2014/11/06 16:46:09: Complete.
2014/11/06 16:46:09: COM PORT CLOSE ... OK
2014/11/06 16:46:09: 
2014/11/06 16:46:09: ==== Processing was completed ====
2014/11/06 16:46:09: 
*************************************************


*********** Start the Initialize Key Check **********
2014/11/06 16:49:45: Tool Ver: 2013.0605.01
2014/11/06 16:49:45: COM PORT OPEN ... OK
2014/11/06 16:49:46:
2014/11/06 16:49:46: ProductS/N:  VRW06A114Y00338
2014/11/06 16:49:46: TID: 8604161F2AE62080
2014/11/06 16:49:46: F/W Version: 00.00.08
2014/11/06 16:49:46:
2014/11/06 16:49:46: MasterKey Key Entry ... OK
2014/11/06 16:49:46: PowerON Counter Key Entry ... OK
2014/11/06 16:49:46: Key Entry ... OK
2014/11/06 16:49:46: Complete.
2014/11/06 16:49:46: COM PORT CLOSE ... OK
2014/11/06 16:49:46: 
2014/11/06 16:49:46: ==== Processing was completed ====
2014/11/06 16:49:46: 
*************************************************


*********** Start the Initialize Key Check **********
2014/11/06 16:53:33: Tool Ver: 2013.0605.01
2014/11/06 16:53:33: COM PORT OPEN ... OK
2014/11/06 16:53:33:
2014/11/06 16:53:33: ProductS/N:  VRW06A114Y00351
2014/11/06 16:53:33: TID: 8604353ED2E52080
2014/11/06 16:53:33: F/W Version: 00.00.08
2014/11/06 16:53:33:
2014/11/06 16:53:33: MasterKey Key Entry ... OK
2014/11/06 16:53:33: PowerON Counter Key Entry ... OK
2014/11/06 16:53:34: Key Entry ... OK
2014/11/06 16:53:34: Complete.
2014/11/06 16:53:34: COM PORT CLOSE ... OK
2014/11/06 16:53:34: 
2014/11/06 16:53:34: ==== Processing was completed ====
2014/11/06 16:53:34: 
*************************************************


*********** Start the Initialize Key Check **********
2014/11/06 17:31:17: Tool Ver: 2013.0605.01
2014/11/06 17:31:17: COM PORT OPEN ... OK
2014/11/06 17:31:18:
2014/11/06 17:31:18: ProductS/N:  VRW06A114Y00350
2014/11/06 17:31:18: TID: 860423262AE62080
2014/11/06 17:31:18: F/W Version: 00.00.08
2014/11/06 17:31:18:
2014/11/06 17:31:18: MasterKey Key Entry ... OK
2014/11/06 17:31:18: PowerON Counter Key Entry ... OK
2014/11/06 17:31:18: Key Entry ... OK
2014/11/06 17:31:18: Complete.
2014/11/06 17:31:18: COM PORT CLOSE ... OK
2014/11/06 17:31:18: 
2014/11/06 17:31:18: ==== Processing was completed ====
2014/11/06 17:31:18: 
*************************************************


*********** Start the Initialize Key Check **********
2014/11/06 17:34:31: Tool Ver: 2013.0605.01
2014/11/06 17:34:31: COM PORT OPEN ... OK
2014/11/06 17:34:31:
2014/11/06 17:34:31: ProductS/N:  VRW06A114Y00254
2014/11/06 17:34:31: TID: 8604193DD2E52080
2014/11/06 17:34:31: F/W Version: 00.00.08
2014/11/06 17:34:31:
2014/11/06 17:34:31: MasterKey Key Entry ... OK
2014/11/06 17:34:31: PowerON Counter Key Entry ... OK
2014/11/06 17:34:32: Key Entry ... OK
2014/11/06 17:34:32: Complete.
2014/11/06 17:34:32: COM PORT CLOSE ... OK
2014/11/06 17:34:32: 
2014/11/06 17:34:32: ==== Processing was completed ====
2014/11/06 17:34:32: 
*************************************************


*********** Start the Initialize Key Check **********
2014/11/06 17:38:21: Tool Ver: 2013.0605.01
2014/11/06 17:38:21: COM PORT OPEN ... ERROR(01)
2014/11/06 17:38:21: 
2014/11/06 17:38:21: ######## Error has occurred ########
2014/11/06 17:38:21: 
*************************************************


*********** Start the Initialize Key Check **********
2014/11/06 17:38:53: Tool Ver: 2013.0605.01
2014/11/06 17:38:53: COM PORT OPEN ... OK
2014/11/06 17:38:53:
2014/11/06 17:38:53: ProductS/N:  VRW06A114Y00354
2014/11/06 17:38:53: TID: 860405222AE62080
2014/11/06 17:38:53: F/W Version: 00.00.08
2014/11/06 17:38:53:
2014/11/06 17:38:53: MasterKey Key Entry ... OK
2014/11/06 17:38:53: PowerON Counter Key Entry ... OK
2014/11/06 17:38:54: Key Entry ... OK
2014/11/06 17:38:54: Complete.
2014/11/06 17:38:54: COM PORT CLOSE ... OK
2014/11/06 17:38:54: 
2014/11/06 17:38:54: ==== Processing was completed ====
2014/11/06 17:38:54: 
*************************************************


*********** Start the Initialize Key Check **********
2014/11/06 17:40:46: Tool Ver: 2013.0605.01
2014/11/06 17:40:46: COM PORT OPEN ... OK
2014/11/06 17:40:46:
2014/11/06 17:40:46: ProductS/N:  VRW06A114Y00353
2014/11/06 17:40:46: TID: 86041E222AE62080
2014/11/06 17:40:46: F/W Version: 00.00.08
2014/11/06 17:40:46:
2014/11/06 17:40:46: MasterKey Key Entry ... OK
2014/11/06 17:40:46: PowerON Counter Key Entry ... OK
2014/11/06 17:40:47: Key Entry ... OK
2014/11/06 17:40:47: Complete.
2014/11/06 17:40:47: COM PORT CLOSE ... OK
2014/11/06 17:40:47: 
2014/11/06 17:40:47: ==== Processing was completed ====
2014/11/06 17:40:47: 
*************************************************


*********** Start the Initialize Key Check **********
2014/11/06 17:44:51: Tool Ver: 2013.0605.01
2014/11/06 17:44:51: COM PORT OPEN ... OK
2014/11/06 17:44:51:
2014/11/06 17:44:51: ProductS/N:  VRW06A114Y00343
2014/11/06 17:44:51: TID: 86041036D2E52080
2014/11/06 17:44:51: F/W Version: 00.00.08
2014/11/06 17:44:51:
2014/11/06 17:44:51: MasterKey Key Entry ... OK
2014/11/06 17:44:51: PowerON Counter Key Entry ... OK
2014/11/06 17:44:51: Key Entry ... OK
2014/11/06 17:44:51: Complete.
2014/11/06 17:44:51: COM PORT CLOSE ... OK
2014/11/06 17:44:51: 
2014/11/06 17:44:51: ==== Processing was completed ====
2014/11/06 17:44:51: 
*************************************************


*********** Start the Initialize Key Check **********
2014/11/06 17:51:34: Tool Ver: 2013.0605.01
2014/11/06 17:51:34: COM PORT OPEN ... OK
2014/11/06 17:51:34:
2014/11/06 17:51:34: ProductS/N:  VRW06A114Y00270
2014/11/06 17:51:34: TID: 8604103BD2E52080
2014/11/06 17:51:34: F/W Version: 00.00.08
2014/11/06 17:51:34:
2014/11/06 17:51:34: MasterKey Key Entry ... OK
2014/11/06 17:51:34: PowerON Counter Key Entry ... OK
2014/11/06 17:51:35: Key Entry ... OK
2014/11/06 17:51:35: Complete.
2014/11/06 17:51:35: COM PORT CLOSE ... OK
2014/11/06 17:51:35: 
2014/11/06 17:51:35: ==== Processing was completed ====
2014/11/06 17:51:35: 
*************************************************


*********** Start the Initialize Key Check **********
2014/11/06 17:53:21: Tool Ver: 2013.0605.01
2014/11/06 17:53:21: COM PORT OPEN ... OK
2014/11/06 17:53:21:
2014/11/06 17:53:21: ProductS/N:  VRW06A114Y00352
2014/11/06 17:53:21: TID: 86043C31D2E52080
2014/11/06 17:53:21: F/W Version: 00.00.08
2014/11/06 17:53:21:
2014/11/06 17:53:21: MasterKey Key Entry ... OK
2014/11/06 17:53:21: PowerON Counter Key Entry ... OK
2014/11/06 17:53:22: Key Entry ... OK
2014/11/06 17:53:22: Complete.
2014/11/06 17:53:22: COM PORT CLOSE ... OK
2014/11/06 17:53:22: 
2014/11/06 17:53:22: ==== Processing was completed ====
2014/11/06 17:53:22: 
*************************************************


*********** Start the Initialize Key Check **********
2014/11/06 17:56:32: Tool Ver: 2013.0605.01
2014/11/06 17:56:32: COM PORT OPEN ... OK
2014/11/06 17:56:33:
2014/11/06 17:56:33: ProductS/N:  VRW06A114Y00358
2014/11/06 17:56:33: TID: 86041535D2E52080
2014/11/06 17:56:33: F/W Version: 00.00.08
2014/11/06 17:56:33:
2014/11/06 17:56:33: MasterKey Key Entry ... OK
2014/11/06 17:56:33: PowerON Counter Key Entry ... OK
2014/11/06 17:56:33: Key Entry ... OK
2014/11/06 17:56:33: Complete.
2014/11/06 17:56:33: COM PORT CLOSE ... OK
2014/11/06 17:56:33: 
2014/11/06 17:56:33: ==== Processing was completed ====
2014/11/06 17:56:33: 
*************************************************


*********** Start the Initialize Key Check **********
2014/11/06 17:57:42: Tool Ver: 2013.0605.01
2014/11/06 17:57:42: COM PORT OPEN ... OK
2014/11/06 17:57:42:
2014/11/06 17:57:42: ProductS/N:  VRW06A114Y00345
2014/11/06 17:57:42: TID: 86040C2FD2E52080
2014/11/06 17:57:42: F/W Version: 00.00.08
2014/11/06 17:57:42:
2014/11/06 17:57:42: MasterKey Key Entry ... OK
2014/11/06 17:57:42: PowerON Counter Key Entry ... OK
2014/11/06 17:57:43: Key Entry ... OK
2014/11/06 17:57:43: Complete.
2014/11/06 17:57:43: COM PORT CLOSE ... OK
2014/11/06 17:57:43: 
2014/11/06 17:57:43: ==== Processing was completed ====
2014/11/06 17:57:43: 
*************************************************


*********** Start the Initialize Key Check **********
2014/11/06 17:59:50: Tool Ver: 2013.0605.01
2014/11/06 17:59:50: COM PORT OPEN ... OK
2014/11/06 17:59:50:
2014/11/06 17:59:50: ProductS/N:  VRW06A114Y00281
2014/11/06 17:59:50: TID: 8604101C2AE62080
2014/11/06 17:59:50: F/W Version: 00.00.08
2014/11/06 17:59:50:
2014/11/06 17:59:50: MasterKey Key Entry ... OK
2014/11/06 17:59:50: PowerON Counter Key Entry ... OK
2014/11/06 17:59:51: Key Entry ... OK
2014/11/06 17:59:51: Complete.
2014/11/06 17:59:51: COM PORT CLOSE ... OK
2014/11/06 17:59:51: 
2014/11/06 17:59:51: ==== Processing was completed ====
2014/11/06 17:59:51: 
*************************************************


*********** Start the Initialize Key Check **********
2014/11/06 18:01:41: Tool Ver: 2013.0605.01
2014/11/06 18:01:41: COM PORT OPEN ... ERROR(01)
2014/11/06 18:01:41: 
2014/11/06 18:01:41: ######## Error has occurred ########
2014/11/06 18:01:41: 
*************************************************


*********** Start the Initialize Key Check **********
2014/11/06 18:02:24: Tool Ver: 2013.0605.01
2014/11/06 18:02:24: COM PORT OPEN ... OK
2014/11/06 18:02:24:
2014/11/06 18:02:24: ProductS/N:  VRW06A114Y00294
2014/11/06 18:02:24: TID: 86042D242AE62080
2014/11/06 18:02:24: F/W Version: 00.00.08
2014/11/06 18:02:24:
2014/11/06 18:02:24: MasterKey Key Entry ... OK
2014/11/06 18:02:24: PowerON Counter Key Entry ... OK
2014/11/06 18:02:25: Key Entry ... OK
2014/11/06 18:02:25: Complete.
2014/11/06 18:02:25: COM PORT CLOSE ... OK
2014/11/06 18:02:25: 
2014/11/06 18:02:25: ==== Processing was completed ====
2014/11/06 18:02:25: 
*************************************************


*********** Start the Initialize Key Check **********
2014/11/06 18:05:43: Tool Ver: 2013.0605.01
2014/11/06 18:05:43: COM PORT OPEN ... OK
2014/11/06 18:05:43:
2014/11/06 18:05:43: ProductS/N:  VRW06A114Y00265
2014/11/06 18:05:43: TID: 8604223ED2E52080
2014/11/06 18:05:43: F/W Version: 00.00.08
2014/11/06 18:05:43:
2014/11/06 18:05:43: MasterKey Key Entry ... OK
2014/11/06 18:05:43: PowerON Counter Key Entry ... OK
2014/11/06 18:05:44: Key Entry ... OK
2014/11/06 18:05:44: Complete.
2014/11/06 18:05:44: COM PORT CLOSE ... OK
2014/11/06 18:05:44: 
2014/11/06 18:05:44: ==== Processing was completed ====
2014/11/06 18:05:44: 
*************************************************


*********** Start the Initialize Key Check **********
2014/11/06 18:08:47: Tool Ver: 2013.0605.01
2014/11/06 18:08:47: COM PORT OPEN ... OK
2014/11/06 18:08:47:
2014/11/06 18:08:47: ProductS/N:  VRW06A114Y00358
2014/11/06 18:08:47: TID: 86041535D2E52080
2014/11/06 18:08:47: F/W Version: 00.00.08
2014/11/06 18:08:47:
2014/11/06 18:08:47: MasterKey Key Entry ... OK
2014/11/06 18:08:47: PowerON Counter Key Entry ... OK
2014/11/06 18:08:47: Key Entry ... OK
2014/11/06 18:08:47: Complete.
2014/11/06 18:08:47: COM PORT CLOSE ... OK
2014/11/06 18:08:47: 
2014/11/06 18:08:47: ==== Processing was completed ====
2014/11/06 18:08:47: 
*************************************************


*********** Start the Initialize Key Check **********
2014/11/06 18:15:25: Tool Ver: 2013.0605.01
2014/11/06 18:15:25: COM PORT OPEN ... OK
2014/11/06 18:15:25:
2014/11/06 18:15:25: ProductS/N:  VRW06A114Y00339
2014/11/06 18:15:25: TID: 86043138D2E52080
2014/11/06 18:15:25: F/W Version: 00.00.08
2014/11/06 18:15:25:
2014/11/06 18:15:25: MasterKey Key Entry ... OK
2014/11/06 18:15:25: PowerON Counter Key Entry ... OK
2014/11/06 18:15:26: Key Entry ... OK
2014/11/06 18:15:26: Complete.
2014/11/06 18:15:26: COM PORT CLOSE ... OK
2014/11/06 18:15:26: 
2014/11/06 18:15:26: ==== Processing was completed ====
2014/11/06 18:15:26: 
*************************************************


*********** Start the Initialize Key Check **********
2014/11/06 18:22:44: Tool Ver: 2013.0605.01
2014/11/06 18:22:44: COM PORT OPEN ... ERROR(01)
2014/11/06 18:22:44: 
2014/11/06 18:22:44: ######## Error has occurred ########
2014/11/06 18:22:44: 
*************************************************


*********** Start the Initialize Key Check **********
2014/11/06 18:23:21: Tool Ver: 2013.0605.01
2014/11/06 18:23:21: COM PORT OPEN ... OK
2014/11/06 18:23:22:
2014/11/06 18:23:22: ProductS/N:  VRW06A114Y00317
2014/11/06 18:23:22: TID: 86043336D2E52080
2014/11/06 18:23:22: F/W Version: 00.00.08
2014/11/06 18:23:22:
2014/11/06 18:23:22: MasterKey Key Entry ... OK
2014/11/06 18:23:22: PowerON Counter Key Entry ... OK
2014/11/06 18:23:22: Key Entry ... OK
2014/11/06 18:23:22: Complete.
2014/11/06 18:23:22: COM PORT CLOSE ... OK
2014/11/06 18:23:22: 
2014/11/06 18:23:22: ==== Processing was completed ====
2014/11/06 18:23:22: 
*************************************************


*********** Start the Initialize Key Check **********
2014/11/06 18:26:00: Tool Ver: 2013.0605.01
2014/11/06 18:26:00: COM PORT OPEN ... OK
2014/11/06 18:26:00:
2014/11/06 18:26:00: ProductS/N:  VRW06A114Y00357
2014/11/06 18:26:00: TID: 86043C1C3AE62080
2014/11/06 18:26:00: F/W Version: 00.00.08
2014/11/06 18:26:00:
2014/11/06 18:26:00: MasterKey Key Entry ... OK
2014/11/06 18:26:00: PowerON Counter Key Entry ... OK
2014/11/06 18:26:01: Key Entry ... OK
2014/11/06 18:26:01: Complete.
2014/11/06 18:26:01: COM PORT CLOSE ... OK
2014/11/06 18:26:01: 
2014/11/06 18:26:01: ==== Processing was completed ====
2014/11/06 18:26:01: 
*************************************************


*********** Start the Initialize Key Check **********
2014/11/06 18:29:29: Tool Ver: 2013.0605.01
2014/11/06 18:29:29: COM PORT OPEN ... OK
2014/11/06 18:29:29:
2014/11/06 18:29:29: ProductS/N:  VRW06A114Y00356
2014/11/06 18:29:29: TID: 86043435D2E52080
2014/11/06 18:29:29: F/W Version: 00.00.08
2014/11/06 18:29:29:
2014/11/06 18:29:29: MasterKey Key Entry ... OK
2014/11/06 18:29:29: PowerON Counter Key Entry ... OK
2014/11/06 18:29:30: Key Entry ... OK
2014/11/06 18:29:30: Complete.
2014/11/06 18:29:30: COM PORT CLOSE ... OK
2014/11/06 18:29:30: 
2014/11/06 18:29:30: ==== Processing was completed ====
2014/11/06 18:29:30: 
*************************************************


*********** Start the Initialize Key Check **********
2014/11/06 18:33:33: Tool Ver: 2013.0605.01
2014/11/06 18:33:33: COM PORT OPEN ... OK
2014/11/06 18:33:33:
2014/11/06 18:33:33: ProductS/N:  VRW06A114Y00282
2014/11/06 18:33:33: TID: 86040732D2E52080
2014/11/06 18:33:33: F/W Version: 00.00.08
2014/11/06 18:33:33:
2014/11/06 18:33:33: MasterKey Key Entry ... OK
2014/11/06 18:33:33: PowerON Counter Key Entry ... OK
2014/11/06 18:33:34: Key Entry ... OK
2014/11/06 18:33:34: Complete.
2014/11/06 18:33:34: COM PORT CLOSE ... OK
2014/11/06 18:33:34: 
2014/11/06 18:33:34: ==== Processing was completed ====
2014/11/06 18:33:34: 
*************************************************


*********** Start the Initialize Key Check **********
2014/11/06 18:53:42: Tool Ver: 2013.0605.01
2014/11/06 18:53:42: COM PORT OPEN ... OK
2014/11/06 18:53:42:
2014/11/06 18:53:42: ProductS/N:  VRW06A114Y00362
2014/11/06 18:53:42: TID: 86043C29D2E52080
2014/11/06 18:53:42: F/W Version: 00.00.08
2014/11/06 18:53:42:
2014/11/06 18:53:42: MasterKey Key Entry ... OK
2014/11/06 18:53:42: PowerON Counter Key Entry ... OK
2014/11/06 18:53:43: Key Entry ... OK
2014/11/06 18:53:43: Complete.
2014/11/06 18:53:43: COM PORT CLOSE ... OK
2014/11/06 18:53:43: 
2014/11/06 18:53:43: ==== Processing was completed ====
2014/11/06 18:53:43: 
*************************************************


*********** Start the Initialize Key Check **********
2014/11/06 18:56:45: Tool Ver: 2013.0605.01
2014/11/06 18:56:45: COM PORT OPEN ... OK
2014/11/06 18:56:45:
2014/11/06 18:56:45: ProductS/N:  VRW06A114Y00367
2014/11/06 18:56:45: TID: 86040F3AD2E52080
2014/11/06 18:56:45: F/W Version: 00.00.08
2014/11/06 18:56:45:
2014/11/06 18:56:45: MasterKey Key Entry ... OK
2014/11/06 18:56:45: PowerON Counter Key Entry ... OK
2014/11/06 18:56:46: Key Entry ... OK
2014/11/06 18:56:46: Complete.
2014/11/06 18:56:46: COM PORT CLOSE ... OK
2014/11/06 18:56:46: 
2014/11/06 18:56:46: ==== Processing was completed ====
2014/11/06 18:56:46: 
*************************************************


