*********** Start the Initialize Key Check **********
2014/11/05 08:10:40: Tool Ver: 2013.0605.01
2014/11/05 08:10:40: COM PORT OPEN ... OK
2014/11/05 08:10:40:
2014/11/05 08:10:40: ProductS/N:  VRW06A114Y00147
2014/11/05 08:10:40: TID: 86043D1B3AE62080
2014/11/05 08:10:40: F/W Version: 00.00.08
2014/11/05 08:10:40:
2014/11/05 08:10:40: MasterKey Key Entry ... OK
2014/11/05 08:10:40: PowerON Counter Key Entry ... OK
2014/11/05 08:10:40: Key Entry ... OK
2014/11/05 08:10:40: Complete.
2014/11/05 08:10:40: COM PORT CLOSE ... OK
2014/11/05 08:10:40: 
2014/11/05 08:10:40: ==== Processing was completed ====
2014/11/05 08:10:40: 
*************************************************


*********** Start the Initialize Key Check **********
2014/11/05 08:14:10: Tool Ver: 2013.0605.01
2014/11/05 08:14:10: COM PORT OPEN ... OK
2014/11/05 08:14:11:
2014/11/05 08:14:11: ProductS/N:  VRW06A114Y00162
2014/11/05 08:14:11: TID: 8604153BD2E52080
2014/11/05 08:14:11: F/W Version: 00.00.08
2014/11/05 08:14:11:
2014/11/05 08:14:11: MasterKey Key Entry ... OK
2014/11/05 08:14:11: PowerON Counter Key Entry ... OK
2014/11/05 08:14:11: Key Entry ... OK
2014/11/05 08:14:11: Complete.
2014/11/05 08:14:11: COM PORT CLOSE ... OK
2014/11/05 08:14:11: 
2014/11/05 08:14:11: ==== Processing was completed ====
2014/11/05 08:14:11: 
*************************************************


*********** Start the Initialize Key Check **********
2014/11/05 08:17:46: Tool Ver: 2013.0605.01
2014/11/05 08:17:46: COM PORT OPEN ... OK
2014/11/05 08:17:46:
2014/11/05 08:17:46: ProductS/N:  VRW06A114Y00157
2014/11/05 08:17:46: TID: 86042135D2E52080
2014/11/05 08:17:46: F/W Version: 00.00.08
2014/11/05 08:17:46:
2014/11/05 08:17:46: MasterKey Key Entry ... OK
2014/11/05 08:17:46: PowerON Counter Key Entry ... OK
2014/11/05 08:17:46: Key Entry ... OK
2014/11/05 08:17:46: Complete.
2014/11/05 08:17:46: COM PORT CLOSE ... OK
2014/11/05 08:17:46: 
2014/11/05 08:17:46: ==== Processing was completed ====
2014/11/05 08:17:46: 
*************************************************


*********** Start the Initialize Key Check **********
2014/11/05 08:20:50: Tool Ver: 2013.0605.01
2014/11/05 08:20:50: COM PORT OPEN ... OK
2014/11/05 08:20:50:
2014/11/05 08:20:50: ProductS/N:  VRW06A114Y00161
2014/11/05 08:20:50: TID: 8604142CD2E52080
2014/11/05 08:20:50: F/W Version: 00.00.08
2014/11/05 08:20:50:
2014/11/05 08:20:50: MasterKey Key Entry ... OK
2014/11/05 08:20:51: PowerON Counter Key Entry ... OK
2014/11/05 08:20:51: Key Entry ... OK
2014/11/05 08:20:51: Complete.
2014/11/05 08:20:51: COM PORT CLOSE ... OK
2014/11/05 08:20:51: 
2014/11/05 08:20:51: ==== Processing was completed ====
2014/11/05 08:20:51: 
*************************************************


*********** Start the Initialize Key Check **********
2014/11/05 08:23:41: Tool Ver: 2013.0605.01
2014/11/05 08:23:41: COM PORT OPEN ... OK
2014/11/05 08:23:41:
2014/11/05 08:23:41: ProductS/N:  VRW06A114Y00133
2014/11/05 08:23:41: TID: 86042C35D2E52080
2014/11/05 08:23:41: F/W Version: 00.00.08
2014/11/05 08:23:41:
2014/11/05 08:23:41: MasterKey Key Entry ... OK
2014/11/05 08:23:41: PowerON Counter Key Entry ... OK
2014/11/05 08:23:41: Key Entry ... OK
2014/11/05 08:23:41: Complete.
2014/11/05 08:23:41: COM PORT CLOSE ... OK
2014/11/05 08:23:41: 
2014/11/05 08:23:41: ==== Processing was completed ====
2014/11/05 08:23:41: 
*************************************************


*********** Start the Initialize Key Check **********
2014/11/05 08:28:03: Tool Ver: 2013.0605.01
2014/11/05 08:28:03: COM PORT OPEN ... OK
2014/11/05 08:28:03:
2014/11/05 08:28:03: ProductS/N:  VRW06A114Y00156
2014/11/05 08:28:03: TID: 8604412ED2E52080
2014/11/05 08:28:03: F/W Version: 00.00.08
2014/11/05 08:28:03:
2014/11/05 08:28:03: MasterKey Key Entry ... OK
2014/11/05 08:28:03: PowerON Counter Key Entry ... OK
2014/11/05 08:28:04: Key Entry ... OK
2014/11/05 08:28:04: Complete.
2014/11/05 08:28:04: COM PORT CLOSE ... OK
2014/11/05 08:28:04: 
2014/11/05 08:28:04: ==== Processing was completed ====
2014/11/05 08:28:04: 
*************************************************


*********** Start the Initialize Key Check **********
2014/11/05 08:59:52: Tool Ver: 2013.0605.01
2014/11/05 08:59:52: Product S/N ... ERROR
2014/11/05 08:59:52: 
2014/11/05 08:59:52: ######## Error has occurred ########
2014/11/05 08:59:52: 
*************************************************


*********** Start the Initialize Key Check **********
2014/11/05 08:59:52: Tool Ver: 2013.0605.01
2014/11/05 08:59:52: Product S/N ... ERROR
2014/11/05 08:59:52: 
2014/11/05 08:59:52: ######## Error has occurred ########
2014/11/05 08:59:52: 
*************************************************


*********** Start the Initialize Key Check **********
2014/11/05 08:59:52: Tool Ver: 2013.0605.01
2014/11/05 08:59:52: Product S/N ... ERROR
2014/11/05 08:59:52: 
2014/11/05 08:59:52: ######## Error has occurred ########
2014/11/05 08:59:52: 
*************************************************


*********** Start the Initialize Key Check **********
2014/11/05 08:59:58: Tool Ver: 2013.0605.01
2014/11/05 08:59:58: Product S/N ... ERROR
2014/11/05 08:59:58: 
2014/11/05 08:59:58: ######## Error has occurred ########
2014/11/05 08:59:58: 
*************************************************


*********** Start the Initialize Key Check **********
2014/11/05 09:00:03: Tool Ver: 2013.0605.01
2014/11/05 09:00:03: Product S/N ... ERROR
2014/11/05 09:00:03: 
2014/11/05 09:00:03: ######## Error has occurred ########
2014/11/05 09:00:03: 
*************************************************


*********** Start the Initialize Key Check **********
2014/11/05 09:26:57: Tool Ver: 2013.0605.01
2014/11/05 09:26:57: COM PORT OPEN ... OK
2014/11/05 09:26:57:
2014/11/05 09:26:57: ProductS/N:  VRW06A114Y00138
2014/11/05 09:26:57: TID: 86041239D2E52080
2014/11/05 09:26:57: F/W Version: 00.00.08
2014/11/05 09:26:57:
2014/11/05 09:26:58: MasterKey Key Entry ... OK
2014/11/05 09:26:58: PowerON Counter Key Entry ... OK
2014/11/05 09:26:58: Key Entry ... OK
2014/11/05 09:26:58: Complete.
2014/11/05 09:26:58: COM PORT CLOSE ... OK
2014/11/05 09:26:58: 
2014/11/05 09:26:58: ==== Processing was completed ====
2014/11/05 09:26:58: 
*************************************************


*********** Start the Initialize Key Check **********
2014/11/05 09:29:09: Tool Ver: 2013.0605.01
2014/11/05 09:29:09: COM PORT OPEN ... OK
2014/11/05 09:29:09:
2014/11/05 09:29:09: ProductS/N:  VRW06A114Y00143
2014/11/05 09:29:09: TID: 86043131D2E52080
2014/11/05 09:29:09: F/W Version: 00.00.08
2014/11/05 09:29:09:
2014/11/05 09:29:09: MasterKey Key Entry ... OK
2014/11/05 09:29:09: PowerON Counter Key Entry ... OK
2014/11/05 09:29:10: Key Entry ... OK
2014/11/05 09:29:10: Complete.
2014/11/05 09:29:10: COM PORT CLOSE ... OK
2014/11/05 09:29:10: 
2014/11/05 09:29:10: ==== Processing was completed ====
2014/11/05 09:29:10: 
*************************************************


*********** Start the Initialize Key Check **********
2014/11/05 09:30:36: Tool Ver: 2013.0605.01
2014/11/05 09:30:36: COM PORT OPEN ... OK
2014/11/05 09:30:36:
2014/11/05 09:30:36: ProductS/N:  VRW06A114Y00155
2014/11/05 09:30:36: TID: 86043330D2E52080
2014/11/05 09:30:36: F/W Version: 00.00.08
2014/11/05 09:30:36:
2014/11/05 09:30:36: MasterKey Key Entry ... OK
2014/11/05 09:30:36: PowerON Counter Key Entry ... OK
2014/11/05 09:30:37: Key Entry ... OK
2014/11/05 09:30:37: Complete.
2014/11/05 09:30:37: COM PORT CLOSE ... OK
2014/11/05 09:30:37: 
2014/11/05 09:30:37: ==== Processing was completed ====
2014/11/05 09:30:37: 
*************************************************


*********** Start the Initialize Key Check **********
2014/11/05 09:32:03: Tool Ver: 2013.0605.01
2014/11/05 09:32:03: COM PORT OPEN ... OK
2014/11/05 09:32:03:
2014/11/05 09:32:03: ProductS/N:  VRW06A114Y00165
2014/11/05 09:32:03: TID: 86041B34D2E52080
2014/11/05 09:32:03: F/W Version: 00.00.08
2014/11/05 09:32:03:
2014/11/05 09:32:03: MasterKey Key Entry ... OK
2014/11/05 09:32:03: PowerON Counter Key Entry ... OK
2014/11/05 09:32:04: Key Entry ... OK
2014/11/05 09:32:04: Complete.
2014/11/05 09:32:04: COM PORT CLOSE ... OK
2014/11/05 09:32:04: 
2014/11/05 09:32:04: ==== Processing was completed ====
2014/11/05 09:32:04: 
*************************************************


*********** Start the Initialize Key Check **********
2014/11/05 09:35:03: Tool Ver: 2013.0605.01
2014/11/05 09:35:03: COM PORT OPEN ... OK
2014/11/05 09:35:03:
2014/11/05 09:35:03: ProductS/N:  VRW06A114Y00160
2014/11/05 09:35:03: TID: 8604163FD2E52080
2014/11/05 09:35:03: F/W Version: 00.00.08
2014/11/05 09:35:03:
2014/11/05 09:35:03: MasterKey Key Entry ... OK
2014/11/05 09:35:03: PowerON Counter Key Entry ... OK
2014/11/05 09:35:04: Key Entry ... OK
2014/11/05 09:35:04: Complete.
2014/11/05 09:35:04: COM PORT CLOSE ... OK
2014/11/05 09:35:04: 
2014/11/05 09:35:04: ==== Processing was completed ====
2014/11/05 09:35:04: 
*************************************************


*********** Start the Initialize Key Check **********
2014/11/05 09:35:34: Tool Ver: 2013.0605.01
2014/11/05 09:35:34: COM PORT OPEN ... OK
2014/11/05 09:35:34:
2014/11/05 09:35:34: ProductS/N:  VRW06A114Y00151
2014/11/05 09:35:34: TID: 86042337D2E52080
2014/11/05 09:35:34: F/W Version: 00.00.08
2014/11/05 09:35:34:
2014/11/05 09:35:34: MasterKey Key Entry ... OK
2014/11/05 09:35:34: PowerON Counter Key Entry ... OK
2014/11/05 09:35:35: Key Entry ... OK
2014/11/05 09:35:35: Complete.
2014/11/05 09:35:35: COM PORT CLOSE ... OK
2014/11/05 09:35:35: 
2014/11/05 09:35:35: ==== Processing was completed ====
2014/11/05 09:35:35: 
*************************************************


*********** Start the Initialize Key Check **********
2014/11/05 09:36:54: Tool Ver: 2013.0605.01
2014/11/05 09:36:54: COM PORT OPEN ... OK
2014/11/05 09:36:54:
2014/11/05 09:36:54: ProductS/N:  VRW06A114Y00169
2014/11/05 09:36:54: TID: 86041936D2E52080
2014/11/05 09:36:54: F/W Version: 00.00.08
2014/11/05 09:36:54:
2014/11/05 09:36:54: MasterKey Key Entry ... OK
2014/11/05 09:36:54: PowerON Counter Key Entry ... OK
2014/11/05 09:36:55: Key Entry ... OK
2014/11/05 09:36:55: Complete.
2014/11/05 09:36:55: COM PORT CLOSE ... OK
2014/11/05 09:36:55: 
2014/11/05 09:36:55: ==== Processing was completed ====
2014/11/05 09:36:55: 
*************************************************


*********** Start the Initialize Key Check **********
2014/11/05 09:43:02: Tool Ver: 2013.0605.01
2014/11/05 09:43:02: COM PORT OPEN ... OK
2014/11/05 09:43:02:
2014/11/05 09:43:02: ProductS/N:  VRW06A114Y00166
2014/11/05 09:43:02: TID: 86042A36D2E52080
2014/11/05 09:43:02: F/W Version: 00.00.08
2014/11/05 09:43:02:
2014/11/05 09:43:02: MasterKey Key Entry ... OK
2014/11/05 09:43:02: PowerON Counter Key Entry ... OK
2014/11/05 09:43:03: Key Entry ... OK
2014/11/05 09:43:03: Complete.
2014/11/05 09:43:03: COM PORT CLOSE ... OK
2014/11/05 09:43:03: 
2014/11/05 09:43:03: ==== Processing was completed ====
2014/11/05 09:43:03: 
*************************************************


*********** Start the Initialize Key Check **********
2014/11/05 09:45:31: Tool Ver: 2013.0605.01
2014/11/05 09:45:31: COM PORT OPEN ... OK
2014/11/05 09:45:31:
2014/11/05 09:45:31: ProductS/N:  VRW06A114Y00166
2014/11/05 09:45:31: TID: 86042A36D2E52080
2014/11/05 09:45:31: F/W Version: 00.00.08
2014/11/05 09:45:31:
2014/11/05 09:45:31: MasterKey Key Entry ... OK
2014/11/05 09:45:31: PowerON Counter Key Entry ... OK
2014/11/05 09:45:31: Key Entry ... OK
2014/11/05 09:45:31: Complete.
2014/11/05 09:45:31: COM PORT CLOSE ... OK
2014/11/05 09:45:31: 
2014/11/05 09:45:31: ==== Processing was completed ====
2014/11/05 09:45:31: 
*************************************************


*********** Start the Initialize Key Check **********
2014/11/05 09:48:24: Tool Ver: 2013.0605.01
2014/11/05 09:48:24: COM PORT OPEN ... OK
2014/11/05 09:48:24:
2014/11/05 09:48:24: ProductS/N:  VRW06A114Y00136
2014/11/05 09:48:24: TID: 86041537D2E52080
2014/11/05 09:48:24: F/W Version: 00.00.08
2014/11/05 09:48:24:
2014/11/05 09:48:24: MasterKey Key Entry ... OK
2014/11/05 09:48:24: PowerON Counter Key Entry ... OK
2014/11/05 09:48:25: Key Entry ... OK
2014/11/05 09:48:25: Complete.
2014/11/05 09:48:25: COM PORT CLOSE ... OK
2014/11/05 09:48:25: 
2014/11/05 09:48:25: ==== Processing was completed ====
2014/11/05 09:48:25: 
*************************************************


*********** Start the Initialize Key Check **********
2014/11/05 09:52:38: Tool Ver: 2013.0605.01
2014/11/05 09:52:38: COM PORT OPEN ... OK
2014/11/05 09:52:38:
2014/11/05 09:52:38: ProductS/N:  VRW06A114Y00149
2014/11/05 09:52:38: TID: 86043E30D2E52080
2014/11/05 09:52:38: F/W Version: 00.00.08
2014/11/05 09:52:38:
2014/11/05 09:52:38: MasterKey Key Entry ... OK
2014/11/05 09:52:38: PowerON Counter Key Entry ... OK
2014/11/05 09:52:39: Key Entry ... OK
2014/11/05 09:52:39: Complete.
2014/11/05 09:52:39: COM PORT CLOSE ... OK
2014/11/05 09:52:39: 
2014/11/05 09:52:39: ==== Processing was completed ====
2014/11/05 09:52:39: 
*************************************************


*********** Start the Initialize Key Check **********
2014/11/05 09:53:16: Tool Ver: 2013.0605.01
2014/11/05 09:53:16: COM PORT OPEN ... OK
2014/11/05 09:53:16:
2014/11/05 09:53:16: ProductS/N:  VRW06A114Y00149
2014/11/05 09:53:16: TID: 86043E30D2E52080
2014/11/05 09:53:16: F/W Version: 00.00.08
2014/11/05 09:53:16:
2014/11/05 09:53:16: MasterKey Key Entry ... OK
2014/11/05 09:53:16: PowerON Counter Key Entry ... OK
2014/11/05 09:53:17: Key Entry ... OK
2014/11/05 09:53:17: Complete.
2014/11/05 09:53:17: COM PORT CLOSE ... OK
2014/11/05 09:53:17: 
2014/11/05 09:53:17: ==== Processing was completed ====
2014/11/05 09:53:17: 
*************************************************


*********** Start the Initialize Key Check **********
2014/11/05 09:57:16: Tool Ver: 2013.0605.01
2014/11/05 09:57:16: Product S/N ... ERROR
2014/11/05 09:57:16: 
2014/11/05 09:57:16: ######## Error has occurred ########
2014/11/05 09:57:16: 
*************************************************


*********** Start the Initialize Key Check **********
2014/11/05 09:58:01: Tool Ver: 2013.0605.01
2014/11/05 09:58:01: COM PORT OPEN ... OK
2014/11/05 09:58:01:
2014/11/05 09:58:01: ProductS/N:  VRW06A114Y00164
2014/11/05 09:58:01: TID: 8604303AD2E52080
2014/11/05 09:58:01: F/W Version: 00.00.08
2014/11/05 09:58:01:
2014/11/05 09:58:01: MasterKey Key Entry ... OK
2014/11/05 09:58:01: PowerON Counter Key Entry ... OK
2014/11/05 09:58:02: Key Entry ... OK
2014/11/05 09:58:02: Complete.
2014/11/05 09:58:02: COM PORT CLOSE ... OK
2014/11/05 09:58:02: 
2014/11/05 09:58:02: ==== Processing was completed ====
2014/11/05 09:58:02: 
*************************************************


*********** Start the Initialize Key Check **********
2014/11/05 10:17:11: Tool Ver: 2013.0605.01
2014/11/05 10:17:11: COM PORT OPEN ... OK
2014/11/05 10:17:12:
2014/11/05 10:17:12: ProductS/N:  VRW06A114Y00167
2014/11/05 10:17:12: TID: 8604382FD2E52080
2014/11/05 10:17:12: F/W Version: 00.00.08
2014/11/05 10:17:12:
2014/11/05 10:17:12: MasterKey Key Entry ... OK
2014/11/05 10:17:12: PowerON Counter Key Entry ... OK
2014/11/05 10:17:12: Key Entry ... OK
2014/11/05 10:17:12: Complete.
2014/11/05 10:17:12: COM PORT CLOSE ... OK
2014/11/05 10:17:12: 
2014/11/05 10:17:12: ==== Processing was completed ====
2014/11/05 10:17:12: 
*************************************************


*********** Start the Initialize Key Check **********
2014/11/05 10:23:16: Tool Ver: 2013.0605.01
2014/11/05 10:23:16: COM PORT OPEN ... OK
2014/11/05 10:23:16:
2014/11/05 10:23:16: ProductS/N:  VRW06A114Y00171
2014/11/05 10:23:16: TID: 8604051A3AE62080
2014/11/05 10:23:16: F/W Version: 00.00.08
2014/11/05 10:23:16:
2014/11/05 10:23:16: MasterKey Key Entry ... OK
2014/11/05 10:23:16: PowerON Counter Key Entry ... OK
2014/11/05 10:23:17: Key Entry ... OK
2014/11/05 10:23:17: Complete.
2014/11/05 10:23:17: COM PORT CLOSE ... OK
2014/11/05 10:23:17: 
2014/11/05 10:23:17: ==== Processing was completed ====
2014/11/05 10:23:17: 
*************************************************


*********** Start the Initialize Key Check **********
2014/11/05 10:31:46: Tool Ver: 2013.0605.01
2014/11/05 10:31:46: COM PORT OPEN ... OK
2014/11/05 10:31:46:
2014/11/05 10:31:46: ProductS/N:  VRW06A114Y00180
2014/11/05 10:31:46: TID: 8604273BD2E52080
2014/11/05 10:31:46: F/W Version: 00.00.08
2014/11/05 10:31:46:
2014/11/05 10:31:46: MasterKey Key Entry ... OK
2014/11/05 10:31:46: PowerON Counter Key Entry ... OK
2014/11/05 10:31:47: Key Entry ... OK
2014/11/05 10:31:47: Complete.
2014/11/05 10:31:47: COM PORT CLOSE ... OK
2014/11/05 10:31:47: 
2014/11/05 10:31:47: ==== Processing was completed ====
2014/11/05 10:31:47: 
*************************************************


*********** Start the Initialize Key Check **********
2014/11/05 10:36:40: Tool Ver: 2013.0605.01
2014/11/05 10:36:40: COM PORT OPEN ... OK
2014/11/05 10:36:40:
2014/11/05 10:36:40: ProductS/N:  VRW06A114Y00170
2014/11/05 10:36:40: TID: 8604372FD2E52080
2014/11/05 10:36:40: F/W Version: 00.00.08
2014/11/05 10:36:40:
2014/11/05 10:36:40: MasterKey Key Entry ... OK
2014/11/05 10:36:40: PowerON Counter Key Entry ... OK
2014/11/05 10:36:41: Key Entry ... OK
2014/11/05 10:36:41: Complete.
2014/11/05 10:36:41: COM PORT CLOSE ... OK
2014/11/05 10:36:41: 
2014/11/05 10:36:41: ==== Processing was completed ====
2014/11/05 10:36:41: 
*************************************************


*********** Start the Initialize Key Check **********
2014/11/05 10:40:36: Tool Ver: 2013.0605.01
2014/11/05 10:40:36: COM PORT OPEN ... OK
2014/11/05 10:40:37:
2014/11/05 10:40:37: ProductS/N:  VRW06A114Y00168
2014/11/05 10:40:37: TID: 86042136D2E52080
2014/11/05 10:40:37: F/W Version: 00.00.08
2014/11/05 10:40:37:
2014/11/05 10:40:37: MasterKey Key Entry ... OK
2014/11/05 10:40:37: PowerON Counter Key Entry ... OK
2014/11/05 10:40:37: Key Entry ... OK
2014/11/05 10:40:37: Complete.
2014/11/05 10:40:37: COM PORT CLOSE ... OK
2014/11/05 10:40:37: 
2014/11/05 10:40:37: ==== Processing was completed ====
2014/11/05 10:40:37: 
*************************************************


*********** Start the Initialize Key Check **********
2014/11/05 10:46:13: Tool Ver: 2013.0605.01
2014/11/05 10:46:13: COM PORT OPEN ... OK
2014/11/05 10:46:13:
2014/11/05 10:46:13: ProductS/N:  VRW06A114Y00179
2014/11/05 10:46:13: TID: 86041739D2E52080
2014/11/05 10:46:13: F/W Version: 00.00.08
2014/11/05 10:46:13:
2014/11/05 10:46:13: MasterKey Key Entry ... OK
2014/11/05 10:46:13: PowerON Counter Key Entry ... OK
2014/11/05 10:46:13: Key Entry ... OK
2014/11/05 10:46:13: Complete.
2014/11/05 10:46:13: COM PORT CLOSE ... OK
2014/11/05 10:46:13: 
2014/11/05 10:46:13: ==== Processing was completed ====
2014/11/05 10:46:13: 
*************************************************


*********** Start the Initialize Key Check **********
2014/11/05 10:53:27: Tool Ver: 2013.0605.01
2014/11/05 10:53:27: COM PORT OPEN ... OK
2014/11/05 10:53:27:
2014/11/05 10:53:27: ProductS/N:  VRW06A114Y00183
2014/11/05 10:53:27: TID: 86042D2FD2E52080
2014/11/05 10:53:27: F/W Version: 00.00.08
2014/11/05 10:53:27:
2014/11/05 10:53:28: MasterKey Key Entry ... OK
2014/11/05 10:53:28: PowerON Counter Key Entry ... OK
2014/11/05 10:53:28: Key Entry ... OK
2014/11/05 10:53:28: Complete.
2014/11/05 10:53:28: COM PORT CLOSE ... OK
2014/11/05 10:53:28: 
2014/11/05 10:53:28: ==== Processing was completed ====
2014/11/05 10:53:28: 
*************************************************


*********** Start the Initialize Key Check **********
2014/11/05 10:57:55: Tool Ver: 2013.0605.01
2014/11/05 10:57:55: COM PORT OPEN ... OK
2014/11/05 10:57:55:
2014/11/05 10:57:55: ProductS/N:  VRW06A114Y00184
2014/11/05 10:57:55: TID: 86041E38D2E52080
2014/11/05 10:57:55: F/W Version: 00.00.08
2014/11/05 10:57:55:
2014/11/05 10:57:55: MasterKey Key Entry ... OK
2014/11/05 10:57:55: PowerON Counter Key Entry ... OK
2014/11/05 10:57:56: Key Entry ... OK
2014/11/05 10:57:56: Complete.
2014/11/05 10:57:56: COM PORT CLOSE ... OK
2014/11/05 10:57:56: 
2014/11/05 10:57:56: ==== Processing was completed ====
2014/11/05 10:57:56: 
*************************************************


*********** Start the Initialize Key Check **********
2014/11/05 11:02:28: Tool Ver: 2013.0605.01
2014/11/05 11:02:28: COM PORT OPEN ... OK
2014/11/05 11:02:29:
2014/11/05 11:02:29: ProductS/N:  VRW06A114Y00185
2014/11/05 11:02:29: TID: 86043F30D2E52080
2014/11/05 11:02:29: F/W Version: 00.00.08
2014/11/05 11:02:29:
2014/11/05 11:02:29: MasterKey Key Entry ... OK
2014/11/05 11:02:29: PowerON Counter Key Entry ... OK
2014/11/05 11:02:29: Key Entry ... OK
2014/11/05 11:02:29: Complete.
2014/11/05 11:02:29: COM PORT CLOSE ... OK
2014/11/05 11:02:29: 
2014/11/05 11:02:29: ==== Processing was completed ====
2014/11/05 11:02:29: 
*************************************************


*********** Start the Initialize Key Check **********
2014/11/05 11:09:15: Tool Ver: 2013.0605.01
2014/11/05 11:09:15: COM PORT OPEN ... OK
2014/11/05 11:09:15:
2014/11/05 11:09:15: ProductS/N:  VRW06A114Y00175
2014/11/05 11:09:15: TID: 8604333CD2E52080
2014/11/05 11:09:15: F/W Version: 00.00.08
2014/11/05 11:09:15:
2014/11/05 11:09:15: MasterKey Key Entry ... OK
2014/11/05 11:09:15: PowerON Counter Key Entry ... OK
2014/11/05 11:09:16: Key Entry ... OK
2014/11/05 11:09:16: Complete.
2014/11/05 11:09:16: COM PORT CLOSE ... OK
2014/11/05 11:09:16: 
2014/11/05 11:09:16: ==== Processing was completed ====
2014/11/05 11:09:16: 
*************************************************


*********** Start the Initialize Key Check **********
2014/11/05 11:11:02: Tool Ver: 2013.0605.01
2014/11/05 11:11:02: COM PORT OPEN ... OK
2014/11/05 11:11:02:
2014/11/05 11:11:02: ProductS/N:  VRW06A114Y00172
2014/11/05 11:11:02: TID: 8604173CD2E52080
2014/11/05 11:11:02: F/W Version: 00.00.08
2014/11/05 11:11:02:
2014/11/05 11:11:02: MasterKey Key Entry ... OK
2014/11/05 11:11:02: PowerON Counter Key Entry ... OK
2014/11/05 11:11:03: Key Entry ... OK
2014/11/05 11:11:03: Complete.
2014/11/05 11:11:03: COM PORT CLOSE ... OK
2014/11/05 11:11:03: 
2014/11/05 11:11:03: ==== Processing was completed ====
2014/11/05 11:11:03: 
*************************************************


*********** Start the Initialize Key Check **********
2014/11/05 11:19:52: Tool Ver: 2013.0605.01
2014/11/05 11:19:52: COM PORT OPEN ... OK
2014/11/05 11:19:53:
2014/11/05 11:19:53: ProductS/N:  VRW06A114Y00186
2014/11/05 11:19:53: TID: 86042D2DD2E52080
2014/11/05 11:19:53: F/W Version: 00.00.08
2014/11/05 11:19:53:
2014/11/05 11:19:53: MasterKey Key Entry ... OK
2014/11/05 11:19:53: PowerON Counter Key Entry ... OK
2014/11/05 11:19:53: Key Entry ... OK
2014/11/05 11:19:53: Complete.
2014/11/05 11:19:53: COM PORT CLOSE ... OK
2014/11/05 11:19:53: 
2014/11/05 11:19:53: ==== Processing was completed ====
2014/11/05 11:19:53: 
*************************************************


*********** Start the Initialize Key Check **********
2014/11/05 11:24:48: Tool Ver: 2013.0605.01
2014/11/05 11:24:48: COM PORT OPEN ... OK
2014/11/05 11:24:48:
2014/11/05 11:24:48: ProductS/N:  VRW06A114Y00176
2014/11/05 11:24:48: TID: 86041C3BD2E52080
2014/11/05 11:24:48: F/W Version: 00.00.08
2014/11/05 11:24:48:
2014/11/05 11:24:48: MasterKey Key Entry ... OK
2014/11/05 11:24:48: PowerON Counter Key Entry ... OK
2014/11/05 11:24:48: Key Entry ... OK
2014/11/05 11:24:48: Complete.
2014/11/05 11:24:48: COM PORT CLOSE ... OK
2014/11/05 11:24:48: 
2014/11/05 11:24:48: ==== Processing was completed ====
2014/11/05 11:24:48: 
*************************************************


*********** Start the Initialize Key Check **********
2014/11/05 11:32:26: Tool Ver: 2013.0605.01
2014/11/05 11:32:26: COM PORT OPEN ... OK
2014/11/05 11:32:26:
2014/11/05 11:32:26: ProductS/N:  VRW06A114Y00177
2014/11/05 11:32:26: TID: 8604363AD2E52080
2014/11/05 11:32:26: F/W Version: 00.00.08
2014/11/05 11:32:26:
2014/11/05 11:32:26: MasterKey Key Entry ... OK
2014/11/05 11:32:26: PowerON Counter Key Entry ... OK
2014/11/05 11:32:27: Key Entry ... OK
2014/11/05 11:32:27: Complete.
2014/11/05 11:32:27: COM PORT CLOSE ... OK
2014/11/05 11:32:27: 
2014/11/05 11:32:27: ==== Processing was completed ====
2014/11/05 11:32:27: 
*************************************************


*********** Start the Initialize Key Check **********
2014/11/05 11:38:55: Tool Ver: 2013.0605.01
2014/11/05 11:38:55: COM PORT OPEN ... OK
2014/11/05 11:38:55:
2014/11/05 11:38:55: ProductS/N:  VRW06A114Y00194
2014/11/05 11:38:55: TID: 86040F3CD2E52080
2014/11/05 11:38:55: F/W Version: 00.00.08
2014/11/05 11:38:55:
2014/11/05 11:38:55: MasterKey Key Entry ... OK
2014/11/05 11:38:55: PowerON Counter Key Entry ... OK
2014/11/05 11:38:56: Key Entry ... OK
2014/11/05 11:38:56: Complete.
2014/11/05 11:38:56: COM PORT CLOSE ... OK
2014/11/05 11:38:56: 
2014/11/05 11:38:56: ==== Processing was completed ====
2014/11/05 11:38:56: 
*************************************************


*********** Start the Initialize Key Check **********
2014/11/05 11:43:32: Tool Ver: 2013.0605.01
2014/11/05 11:43:32: COM PORT OPEN ... OK
2014/11/05 11:43:32:
2014/11/05 11:43:32: ProductS/N:  VRW06A114Y00191
2014/11/05 11:43:32: TID: 86041836D2E52080
2014/11/05 11:43:32: F/W Version: 00.00.08
2014/11/05 11:43:32:
2014/11/05 11:43:32: MasterKey Key Entry ... OK
2014/11/05 11:43:32: PowerON Counter Key Entry ... OK
2014/11/05 11:43:33: Key Entry ... OK
2014/11/05 11:43:33: Complete.
2014/11/05 11:43:33: COM PORT CLOSE ... OK
2014/11/05 11:43:33: 
2014/11/05 11:43:33: ==== Processing was completed ====
2014/11/05 11:43:33: 
*************************************************


*********** Start the Initialize Key Check **********
2014/11/05 12:57:35: Tool Ver: 2013.0605.01
2014/11/05 12:57:35: COM PORT OPEN ... OK
2014/11/05 12:57:36:
2014/11/05 12:57:36: ProductS/N:  VRW06A114Y00190
2014/11/05 12:57:36: TID: 86040937D2E52080
2014/11/05 12:57:36: F/W Version: 00.00.08
2014/11/05 12:57:36:
2014/11/05 12:57:36: MasterKey Key Entry ... OK
2014/11/05 12:57:36: PowerON Counter Key Entry ... OK
2014/11/05 12:57:36: Key Entry ... OK
2014/11/05 12:57:36: Complete.
2014/11/05 12:57:36: COM PORT CLOSE ... OK
2014/11/05 12:57:36: 
2014/11/05 12:57:36: ==== Processing was completed ====
2014/11/05 12:57:36: 
*************************************************


*********** Start the Initialize Key Check **********
2014/11/05 13:02:37: Tool Ver: 2013.0605.01
2014/11/05 13:02:37: COM PORT OPEN ... OK
2014/11/05 13:02:37:
2014/11/05 13:02:37: ProductS/N:  VRW06A114Y00173
2014/11/05 13:02:37: TID: 8604133AD2E52080
2014/11/05 13:02:37: F/W Version: 00.00.08
2014/11/05 13:02:37:
2014/11/05 13:02:37: MasterKey Key Entry ... OK
2014/11/05 13:02:37: PowerON Counter Key Entry ... OK
2014/11/05 13:02:38: Key Entry ... OK
2014/11/05 13:02:38: Complete.
2014/11/05 13:02:38: COM PORT CLOSE ... OK
2014/11/05 13:02:38: 
2014/11/05 13:02:38: ==== Processing was completed ====
2014/11/05 13:02:38: 
*************************************************


*********** Start the Initialize Key Check **********
2014/11/05 13:03:36: Tool Ver: 2013.0605.01
2014/11/05 13:03:36: COM PORT OPEN ... OK
2014/11/05 13:03:36:
2014/11/05 13:03:36: ProductS/N:  VRW06A114Y00173
2014/11/05 13:03:36: TID: 8604133AD2E52080
2014/11/05 13:03:36: F/W Version: 00.00.08
2014/11/05 13:03:36:
2014/11/05 13:03:36: MasterKey Key Entry ... OK
2014/11/05 13:03:36: PowerON Counter Key Entry ... OK
2014/11/05 13:03:37: Key Entry ... OK
2014/11/05 13:03:37: Complete.
2014/11/05 13:03:37: COM PORT CLOSE ... OK
2014/11/05 13:03:37: 
2014/11/05 13:03:37: ==== Processing was completed ====
2014/11/05 13:03:37: 
*************************************************


*********** Start the Initialize Key Check **********
2014/11/05 13:07:37: Tool Ver: 2013.0605.01
2014/11/05 13:07:37: COM PORT OPEN ... OK
2014/11/05 13:07:37:
2014/11/05 13:07:37: ProductS/N:  VRW06A114Y00193
2014/11/05 13:07:37: TID: 86040A38D2E52080
2014/11/05 13:07:37: F/W Version: 00.00.08
2014/11/05 13:07:37:
2014/11/05 13:07:37: MasterKey Key Entry ... OK
2014/11/05 13:07:37: PowerON Counter Key Entry ... OK
2014/11/05 13:07:38: Key Entry ... OK
2014/11/05 13:07:38: Complete.
2014/11/05 13:07:38: COM PORT CLOSE ... OK
2014/11/05 13:07:38: 
2014/11/05 13:07:38: ==== Processing was completed ====
2014/11/05 13:07:38: 
*************************************************


*********** Start the Initialize Key Check **********
2014/11/05 13:10:30: Tool Ver: 2013.0605.01
2014/11/05 13:10:30: COM PORT OPEN ... OK
2014/11/05 13:10:30:
2014/11/05 13:10:30: ProductS/N:  VRW06A114Y00189
2014/11/05 13:10:30: TID: 86040E37D2E52080
2014/11/05 13:10:30: F/W Version: 00.00.08
2014/11/05 13:10:30:
2014/11/05 13:10:30: MasterKey Key Entry ... OK
2014/11/05 13:10:30: PowerON Counter Key Entry ... OK
2014/11/05 13:10:31: Key Entry ... OK
2014/11/05 13:10:31: Complete.
2014/11/05 13:10:31: COM PORT CLOSE ... OK
2014/11/05 13:10:31: 
2014/11/05 13:10:31: ==== Processing was completed ====
2014/11/05 13:10:31: 
*************************************************


*********** Start the Initialize Key Check **********
2014/11/05 13:14:02: Tool Ver: 2013.0605.01
2014/11/05 13:14:02: COM PORT OPEN ... OK
2014/11/05 13:14:02:
2014/11/05 13:14:02: ProductS/N:  VRW06A114Y00178
2014/11/05 13:14:02: TID: 86041339D2E52080
2014/11/05 13:14:02: F/W Version: 00.00.08
2014/11/05 13:14:02:
2014/11/05 13:14:02: MasterKey Key Entry ... OK
2014/11/05 13:14:02: PowerON Counter Key Entry ... OK
2014/11/05 13:14:02: Key Entry ... OK
2014/11/05 13:14:02: Complete.
2014/11/05 13:14:02: COM PORT CLOSE ... OK
2014/11/05 13:14:02: 
2014/11/05 13:14:02: ==== Processing was completed ====
2014/11/05 13:14:02: 
*************************************************


*********** Start the Initialize Key Check **********
2014/11/05 13:17:29: Tool Ver: 2013.0605.01
2014/11/05 13:17:29: COM PORT OPEN ... OK
2014/11/05 13:17:29:
2014/11/05 13:17:29: ProductS/N:  VRW06A114Y00137
2014/11/05 13:17:29: TID: 86041D44D2E52080
2014/11/05 13:17:29: F/W Version: 00.00.08
2014/11/05 13:17:29:
2014/11/05 13:17:29: MasterKey Key Entry ... OK
2014/11/05 13:17:29: PowerON Counter Key Entry ... OK
2014/11/05 13:17:30: Key Entry ... OK
2014/11/05 13:17:30: Complete.
2014/11/05 13:17:30: COM PORT CLOSE ... OK
2014/11/05 13:17:30: 
2014/11/05 13:17:30: ==== Processing was completed ====
2014/11/05 13:17:30: 
*************************************************


*********** Start the Initialize Key Check **********
2014/11/05 13:25:01: Tool Ver: 2013.0605.01
2014/11/05 13:25:01: COM PORT OPEN ... OK
2014/11/05 13:25:01:
2014/11/05 13:25:01: ProductS/N:  VRW06A114Y00196
2014/11/05 13:25:02: TID: 86040B38D2E52080
2014/11/05 13:25:02: F/W Version: 00.00.08
2014/11/05 13:25:02:
2014/11/05 13:25:02: MasterKey Key Entry ... OK
2014/11/05 13:25:02: PowerON Counter Key Entry ... OK
2014/11/05 13:25:02: Key Entry ... OK
2014/11/05 13:25:02: Complete.
2014/11/05 13:25:02: COM PORT CLOSE ... OK
2014/11/05 13:25:02: 
2014/11/05 13:25:02: ==== Processing was completed ====
2014/11/05 13:25:02: 
*************************************************


*********** Start the Initialize Key Check **********
2014/11/05 13:28:56: Tool Ver: 2013.0605.01
2014/11/05 13:28:56: COM PORT OPEN ... OK
2014/11/05 13:28:56:
2014/11/05 13:28:56: ProductS/N:  VRW06A114Y00188
2014/11/05 13:28:56: TID: 86040936D2E52080
2014/11/05 13:28:56: F/W Version: 00.00.08
2014/11/05 13:28:56:
2014/11/05 13:28:56: MasterKey Key Entry ... OK
2014/11/05 13:28:56: PowerON Counter Key Entry ... OK
2014/11/05 13:28:57: Key Entry ... OK
2014/11/05 13:28:57: Complete.
2014/11/05 13:28:57: COM PORT CLOSE ... OK
2014/11/05 13:28:57: 
2014/11/05 13:28:57: ==== Processing was completed ====
2014/11/05 13:28:57: 
*************************************************


*********** Start the Initialize Key Check **********
2014/11/05 13:32:58: Tool Ver: 2013.0605.01
2014/11/05 13:32:58: COM PORT OPEN ... OK
2014/11/05 13:32:58:
2014/11/05 13:32:58: ProductS/N:  VRW06A114Y00206
2014/11/05 13:32:58: TID: 860422252AE62080
2014/11/05 13:32:58: F/W Version: 00.00.08
2014/11/05 13:32:58:
2014/11/05 13:32:58: MasterKey Key Entry ... OK
2014/11/05 13:32:58: PowerON Counter Key Entry ... OK
2014/11/05 13:32:58: Key Entry ... OK
2014/11/05 13:32:58: Complete.
2014/11/05 13:32:58: COM PORT CLOSE ... OK
2014/11/05 13:32:58: 
2014/11/05 13:32:58: ==== Processing was completed ====
2014/11/05 13:32:58: 
*************************************************


*********** Start the Initialize Key Check **********
2014/11/05 13:37:17: Tool Ver: 2013.0605.01
2014/11/05 13:37:17: COM PORT OPEN ... OK
2014/11/05 13:37:17:
2014/11/05 13:37:17: ProductS/N:  VRW06A114Y00198
2014/11/05 13:37:17: TID: 86042C43D2E52080
2014/11/05 13:37:17: F/W Version: 00.00.08
2014/11/05 13:37:17:
2014/11/05 13:37:17: MasterKey Key Entry ... OK
2014/11/05 13:37:17: PowerON Counter Key Entry ... OK
2014/11/05 13:37:18: Key Entry ... OK
2014/11/05 13:37:18: Complete.
2014/11/05 13:37:18: COM PORT CLOSE ... OK
2014/11/05 13:37:18: 
2014/11/05 13:37:18: ==== Processing was completed ====
2014/11/05 13:37:18: 
*************************************************


*********** Start the Initialize Key Check **********
2014/11/05 13:45:17: Tool Ver: 2013.0605.01
2014/11/05 13:45:17: COM PORT OPEN ... OK
2014/11/05 13:45:17:
2014/11/05 13:45:17: ProductS/N:  VRW06A114Y00201
2014/11/05 13:45:17: TID: 8604373ED2E52080
2014/11/05 13:45:17: F/W Version: 00.00.08
2014/11/05 13:45:17:
2014/11/05 13:45:17: MasterKey Key Entry ... OK
2014/11/05 13:45:17: PowerON Counter Key Entry ... OK
2014/11/05 13:45:18: Key Entry ... OK
2014/11/05 13:45:18: Complete.
2014/11/05 13:45:18: COM PORT CLOSE ... OK
2014/11/05 13:45:18: 
2014/11/05 13:45:18: ==== Processing was completed ====
2014/11/05 13:45:18: 
*************************************************


*********** Start the Initialize Key Check **********
2014/11/05 13:51:35: Tool Ver: 2013.0605.01
2014/11/05 13:51:35: COM PORT OPEN ... OK
2014/11/05 13:51:35:
2014/11/05 13:51:35: ProductS/N:  VRW06A114Y00197
2014/11/05 13:51:35: TID: 86043D2ED2E52080
2014/11/05 13:51:35: F/W Version: 00.00.08
2014/11/05 13:51:35:
2014/11/05 13:51:35: MasterKey Key Entry ... OK
2014/11/05 13:51:35: PowerON Counter Key Entry ... OK
2014/11/05 13:51:36: Key Entry ... OK
2014/11/05 13:51:36: Complete.
2014/11/05 13:51:36: COM PORT CLOSE ... OK
2014/11/05 13:51:36: 
2014/11/05 13:51:36: ==== Processing was completed ====
2014/11/05 13:51:36: 
*************************************************


*********** Start the Initialize Key Check **********
2014/11/05 13:55:57: Tool Ver: 2013.0605.01
2014/11/05 13:55:57: COM PORT OPEN ... OK
2014/11/05 13:55:57:
2014/11/05 13:55:57: ProductS/N:  VRW06A114Y00209
2014/11/05 13:55:57: TID: 860417252AE62080
2014/11/05 13:55:57: F/W Version: 00.00.08
2014/11/05 13:55:57:
2014/11/05 13:55:57: MasterKey Key Entry ... OK
2014/11/05 13:55:57: PowerON Counter Key Entry ... OK
2014/11/05 13:55:58: Key Entry ... OK
2014/11/05 13:55:58: Complete.
2014/11/05 13:55:58: COM PORT CLOSE ... OK
2014/11/05 13:55:58: 
2014/11/05 13:55:58: ==== Processing was completed ====
2014/11/05 13:55:58: 
*************************************************


*********** Start the Initialize Key Check **********
2014/11/05 14:00:37: Tool Ver: 2013.0605.01
2014/11/05 14:00:37: COM PORT OPEN ... OK
2014/11/05 14:00:37:
2014/11/05 14:00:37: ProductS/N:  VRW06A114Y00187
2014/11/05 14:00:37: TID: 86042709CAE52080
2014/11/05 14:00:37: F/W Version: 00.00.08
2014/11/05 14:00:37:
2014/11/05 14:00:37: MasterKey Key Entry ... OK
2014/11/05 14:00:37: PowerON Counter Key Entry ... OK
2014/11/05 14:00:38: Key Entry ... OK
2014/11/05 14:00:38: Complete.
2014/11/05 14:00:38: COM PORT CLOSE ... OK
2014/11/05 14:00:38: 
2014/11/05 14:00:38: ==== Processing was completed ====
2014/11/05 14:00:38: 
*************************************************


*********** Start the Initialize Key Check **********
2014/11/05 14:04:08: Tool Ver: 2013.0605.01
2014/11/05 14:04:08: COM PORT OPEN ... OK
2014/11/05 14:04:08:
2014/11/05 14:04:08: ProductS/N:  VRW06A114Y00202
2014/11/05 14:04:08: TID: 860403222AE62080
2014/11/05 14:04:08: F/W Version: 00.00.08
2014/11/05 14:04:08:
2014/11/05 14:04:08: MasterKey Key Entry ... OK
2014/11/05 14:04:08: PowerON Counter Key Entry ... OK
2014/11/05 14:04:08: Key Entry ... OK
2014/11/05 14:04:08: Complete.
2014/11/05 14:04:08: COM PORT CLOSE ... OK
2014/11/05 14:04:08: 
2014/11/05 14:04:08: ==== Processing was completed ====
2014/11/05 14:04:08: 
*************************************************


*********** Start the Initialize Key Check **********
2014/11/05 14:08:38: Tool Ver: 2013.0605.01
2014/11/05 14:08:38: COM PORT OPEN ... OK
2014/11/05 14:08:38:
2014/11/05 14:08:38: ProductS/N:  VRW06A114Y00212
2014/11/05 14:08:39: TID: 86041C163AE62080
2014/11/05 14:08:39: F/W Version: 00.00.08
2014/11/05 14:08:39:
2014/11/05 14:08:39: MasterKey Key Entry ... OK
2014/11/05 14:08:39: PowerON Counter Key Entry ... OK
2014/11/05 14:08:39: Key Entry ... OK
2014/11/05 14:08:39: Complete.
2014/11/05 14:08:39: COM PORT CLOSE ... OK
2014/11/05 14:08:39: 
2014/11/05 14:08:39: ==== Processing was completed ====
2014/11/05 14:08:39: 
*************************************************


*********** Start the Initialize Key Check **********
2014/11/05 14:16:47: Tool Ver: 2013.0605.01
2014/11/05 14:16:47: COM PORT OPEN ... OK
2014/11/05 14:16:48:
2014/11/05 14:16:48: ProductS/N:  VRW06A114Y00204
2014/11/05 14:16:48: TID: 8604302C2AE62080
2014/11/05 14:16:48: F/W Version: 00.00.08
2014/11/05 14:16:48:
2014/11/05 14:16:48: MasterKey Key Entry ... OK
2014/11/05 14:16:48: PowerON Counter Key Entry ... OK
2014/11/05 14:16:48: Key Entry ... OK
2014/11/05 14:16:48: Complete.
2014/11/05 14:16:48: COM PORT CLOSE ... OK
2014/11/05 14:16:48: 
2014/11/05 14:16:48: ==== Processing was completed ====
2014/11/05 14:16:48: 
*************************************************


*********** Start the Initialize Key Check **********
2014/11/05 14:20:15: Tool Ver: 2013.0605.01
2014/11/05 14:20:15: COM PORT OPEN ... OK
2014/11/05 14:20:15:
2014/11/05 14:20:15: ProductS/N:  VRW06A114Y00195
2014/11/05 14:20:15: TID: 86041F3CD2E52080
2014/11/05 14:20:15: F/W Version: 00.00.08
2014/11/05 14:20:15:
2014/11/05 14:20:15: MasterKey Key Entry ... OK
2014/11/05 14:20:15: PowerON Counter Key Entry ... OK
2014/11/05 14:20:16: Key Entry ... OK
2014/11/05 14:20:16: Complete.
2014/11/05 14:20:16: COM PORT CLOSE ... OK
2014/11/05 14:20:16: 
2014/11/05 14:20:16: ==== Processing was completed ====
2014/11/05 14:20:16: 
*************************************************


*********** Start the Initialize Key Check **********
2014/11/05 14:23:43: Tool Ver: 2013.0605.01
2014/11/05 14:23:43: COM PORT OPEN ... OK
2014/11/05 14:23:44:
2014/11/05 14:23:44: ProductS/N:  VRW06A114Y00208
2014/11/05 14:23:44: TID: 86042C252AE62080
2014/11/05 14:23:44: F/W Version: 00.00.08
2014/11/05 14:23:44:
2014/11/05 14:23:44: MasterKey Key Entry ... OK
2014/11/05 14:23:44: PowerON Counter Key Entry ... OK
2014/11/05 14:23:44: Key Entry ... OK
2014/11/05 14:23:44: Complete.
2014/11/05 14:23:44: COM PORT CLOSE ... OK
2014/11/05 14:23:44: 
2014/11/05 14:23:44: ==== Processing was completed ====
2014/11/05 14:23:44: 
*************************************************


*********** Start the Initialize Key Check **********
2014/11/05 14:27:12: Tool Ver: 2013.0605.01
2014/11/05 14:27:12: COM PORT OPEN ... OK
2014/11/05 14:27:12:
2014/11/05 14:27:12: ProductS/N:  VRW06A114Y00203
2014/11/05 14:27:12: TID: 8604292ED2E52080
2014/11/05 14:27:12: F/W Version: 00.00.08
2014/11/05 14:27:12:
2014/11/05 14:27:12: MasterKey Key Entry ... OK
2014/11/05 14:27:12: PowerON Counter Key Entry ... OK
2014/11/05 14:27:12: Key Entry ... OK
2014/11/05 14:27:12: Complete.
2014/11/05 14:27:12: COM PORT CLOSE ... OK
2014/11/05 14:27:12: 
2014/11/05 14:27:12: ==== Processing was completed ====
2014/11/05 14:27:12: 
*************************************************


*********** Start the Initialize Key Check **********
2014/11/05 14:37:01: Tool Ver: 2013.0605.01
2014/11/05 14:37:01: COM PORT OPEN ... OK
2014/11/05 14:37:01:
2014/11/05 14:37:01: ProductS/N:  VRW06A114Y00210
2014/11/05 14:37:01: TID: 86042A09CAE52080
2014/11/05 14:37:01: F/W Version: 00.00.08
2014/11/05 14:37:01:
2014/11/05 14:37:01: MasterKey Key Entry ... OK
2014/11/05 14:37:01: PowerON Counter Key Entry ... OK
2014/11/05 14:37:02: Key Entry ... OK
2014/11/05 14:37:02: Complete.
2014/11/05 14:37:02: COM PORT CLOSE ... OK
2014/11/05 14:37:02: 
2014/11/05 14:37:02: ==== Processing was completed ====
2014/11/05 14:37:02: 
*************************************************


*********** Start the Initialize Key Check **********
2014/11/05 14:46:47: Tool Ver: 2013.0605.01
2014/11/05 14:46:47: COM PORT OPEN ... OK
2014/11/05 14:46:47:
2014/11/05 14:46:47: ProductS/N:  VRW06A114Y00221
2014/11/05 14:46:47: TID: 860429133AE62080
2014/11/05 14:46:47: F/W Version: 00.00.08
2014/11/05 14:46:47:
2014/11/05 14:46:47: MasterKey Key Entry ... OK
2014/11/05 14:46:47: PowerON Counter Key Entry ... OK
2014/11/05 14:46:48: Key Entry ... OK
2014/11/05 14:46:48: Complete.
2014/11/05 14:46:48: COM PORT CLOSE ... OK
2014/11/05 14:46:48: 
2014/11/05 14:46:48: ==== Processing was completed ====
2014/11/05 14:46:48: 
*************************************************


*********** Start the Initialize Key Check **********
2014/11/05 14:50:38: Tool Ver: 2013.0605.01
2014/11/05 14:50:38: COM PORT OPEN ... OK
2014/11/05 14:50:38:
2014/11/05 14:50:38: ProductS/N:  VRW06A114Y00216
2014/11/05 14:50:38: TID: 860419282AE62080
2014/11/05 14:50:38: F/W Version: 00.00.08
2014/11/05 14:50:38:
2014/11/05 14:50:38: MasterKey Key Entry ... OK
2014/11/05 14:50:38: PowerON Counter Key Entry ... OK
2014/11/05 14:50:39: Key Entry ... OK
2014/11/05 14:50:39: Complete.
2014/11/05 14:50:39: COM PORT CLOSE ... OK
2014/11/05 14:50:39: 
2014/11/05 14:50:39: ==== Processing was completed ====
2014/11/05 14:50:39: 
*************************************************


*********** Start the Initialize Key Check **********
2014/11/05 14:56:31: Tool Ver: 2013.0605.01
2014/11/05 14:56:31: COM PORT OPEN ... OK
2014/11/05 14:56:31:
2014/11/05 14:56:31: ProductS/N:  VRW06A114Y00223
2014/11/05 14:56:31: TID: 86042437D2E52080
2014/11/05 14:56:31: F/W Version: 00.00.08
2014/11/05 14:56:31:
2014/11/05 14:56:31: MasterKey Key Entry ... OK
2014/11/05 14:56:31: PowerON Counter Key Entry ... OK
2014/11/05 14:56:32: Key Entry ... OK
2014/11/05 14:56:32: Complete.
2014/11/05 14:56:32: COM PORT CLOSE ... OK
2014/11/05 14:56:32: 
2014/11/05 14:56:32: ==== Processing was completed ====
2014/11/05 14:56:32: 
*************************************************


*********** Start the Initialize Key Check **********
2014/11/05 15:16:19: Tool Ver: 2013.0605.01
2014/11/05 15:16:19: COM PORT OPEN ... OK
2014/11/05 15:16:19:
2014/11/05 15:16:19: ProductS/N:  VRW06A114Y00199
2014/11/05 15:16:19: TID: 86043539D2E52080
2014/11/05 15:16:19: F/W Version: 00.00.08
2014/11/05 15:16:19:
2014/11/05 15:16:19: MasterKey Key Entry ... OK
2014/11/05 15:16:19: PowerON Counter Key Entry ... OK
2014/11/05 15:16:20: Key Entry ... OK
2014/11/05 15:16:20: Complete.
2014/11/05 15:16:20: COM PORT CLOSE ... OK
2014/11/05 15:16:20: 
2014/11/05 15:16:20: ==== Processing was completed ====
2014/11/05 15:16:20: 
*************************************************


*********** Start the Initialize Key Check **********
2014/11/05 15:18:54: Tool Ver: 2013.0605.01
2014/11/05 15:18:54: COM PORT OPEN ... OK
2014/11/05 15:18:54:
2014/11/05 15:18:54: ProductS/N:  VRW06A114Y00214
2014/11/05 15:18:54: TID: 86042804CAE52080
2014/11/05 15:18:54: F/W Version: 00.00.08
2014/11/05 15:18:54:
2014/11/05 15:18:54: MasterKey Key Entry ... OK
2014/11/05 15:18:54: PowerON Counter Key Entry ... OK
2014/11/05 15:18:55: Key Entry ... OK
2014/11/05 15:18:55: Complete.
2014/11/05 15:18:55: COM PORT CLOSE ... OK
2014/11/05 15:18:55: 
2014/11/05 15:18:55: ==== Processing was completed ====
2014/11/05 15:18:55: 
*************************************************


*********** Start the Initialize Key Check **********
2014/11/05 15:20:52: Tool Ver: 2013.0605.01
2014/11/05 15:20:52: COM PORT OPEN ... OK
2014/11/05 15:20:52:
2014/11/05 15:20:52: ProductS/N:  VRW06A114Y00213
2014/11/05 15:20:52: TID: 86041409CAE52080
2014/11/05 15:20:52: F/W Version: 00.00.08
2014/11/05 15:20:52:
2014/11/05 15:20:53: MasterKey Key Entry ... OK
2014/11/05 15:20:53: PowerON Counter Key Entry ... OK
2014/11/05 15:20:53: Key Entry ... OK
2014/11/05 15:20:53: Complete.
2014/11/05 15:20:53: COM PORT CLOSE ... OK
2014/11/05 15:20:53: 
2014/11/05 15:20:53: ==== Processing was completed ====
2014/11/05 15:20:53: 
*************************************************


*********** Start the Initialize Key Check **********
2014/11/05 15:26:51: Tool Ver: 2013.0605.01
2014/11/05 15:26:51: COM PORT OPEN ... OK
2014/11/05 15:26:51:
2014/11/05 15:26:51: ProductS/N:  VRW06A114Y00219
2014/11/05 15:26:51: TID: 860429202AE62080
2014/11/05 15:26:51: F/W Version: 00.00.08
2014/11/05 15:26:51:
2014/11/05 15:26:52: MasterKey Key Entry ... OK
2014/11/05 15:26:52: PowerON Counter Key Entry ... OK
2014/11/05 15:26:52: Key Entry ... OK
2014/11/05 15:26:52: Complete.
2014/11/05 15:26:52: COM PORT CLOSE ... OK
2014/11/05 15:26:52: 
2014/11/05 15:26:52: ==== Processing was completed ====
2014/11/05 15:26:52: 
*************************************************


*********** Start the Initialize Key Check **********
2014/11/05 15:29:50: Tool Ver: 2013.0605.01
2014/11/05 15:29:50: COM PORT OPEN ... OK
2014/11/05 15:29:50:
2014/11/05 15:29:50: ProductS/N:  VRW06A114Y00225
2014/11/05 15:29:50: TID: 8604333BD2E52080
2014/11/05 15:29:50: F/W Version: 00.00.08
2014/11/05 15:29:50:
2014/11/05 15:29:50: MasterKey Key Entry ... OK
2014/11/05 15:29:50: PowerON Counter Key Entry ... OK
2014/11/05 15:29:50: Key Entry ... OK
2014/11/05 15:29:50: Complete.
2014/11/05 15:29:50: COM PORT CLOSE ... OK
2014/11/05 15:29:50: 
2014/11/05 15:29:50: ==== Processing was completed ====
2014/11/05 15:29:50: 
*************************************************


*********** Start the Initialize Key Check **********
2014/11/05 15:33:11: Tool Ver: 2013.0605.01
2014/11/05 15:33:11: COM PORT OPEN ... OK
2014/11/05 15:33:11:
2014/11/05 15:33:11: ProductS/N:  VRW06A114Y00228
2014/11/05 15:33:12: TID: 86042C04CAE52080
2014/11/05 15:33:12: F/W Version: 00.00.08
2014/11/05 15:33:12:
2014/11/05 15:33:12: MasterKey Key Entry ... OK
2014/11/05 15:33:12: PowerON Counter Key Entry ... OK
2014/11/05 15:33:12: Key Entry ... OK
2014/11/05 15:33:12: Complete.
2014/11/05 15:33:12: COM PORT CLOSE ... OK
2014/11/05 15:33:12: 
2014/11/05 15:33:12: ==== Processing was completed ====
2014/11/05 15:33:12: 
*************************************************


*********** Start the Initialize Key Check **********
2014/11/05 15:39:14: Tool Ver: 2013.0605.01
2014/11/05 15:39:14: COM PORT OPEN ... OK
2014/11/05 15:39:14:
2014/11/05 15:39:14: ProductS/N:  VRW06A114Y00224
2014/11/05 15:39:14: TID: 86041D3AD2E52080
2014/11/05 15:39:14: F/W Version: 00.00.08
2014/11/05 15:39:14:
2014/11/05 15:39:14: MasterKey Key Entry ... OK
2014/11/05 15:39:14: PowerON Counter Key Entry ... OK
2014/11/05 15:39:15: Key Entry ... OK
2014/11/05 15:39:15: Complete.
2014/11/05 15:39:15: COM PORT CLOSE ... OK
2014/11/05 15:39:15: 
2014/11/05 15:39:15: ==== Processing was completed ====
2014/11/05 15:39:15: 
*************************************************


*********** Start the Initialize Key Check **********
2014/11/05 15:42:01: Tool Ver: 2013.0605.01
2014/11/05 15:42:01: COM PORT OPEN ... ERROR(01)
2014/11/05 15:42:01: 
2014/11/05 15:42:01: ######## Error has occurred ########
2014/11/05 15:42:01: 
*************************************************


*********** Start the Initialize Key Check **********
2014/11/05 15:42:45: Tool Ver: 2013.0605.01
2014/11/05 15:42:45: COM PORT OPEN ... OK
2014/11/05 15:42:45:
2014/11/05 15:42:45: ProductS/N:  VRW06A114Y00215
2014/11/05 15:42:45: TID: 860418282AE62080
2014/11/05 15:42:45: F/W Version: 00.00.08
2014/11/05 15:42:45:
2014/11/05 15:42:45: MasterKey Key Entry ... OK
2014/11/05 15:42:45: PowerON Counter Key Entry ... OK
2014/11/05 15:42:46: Key Entry ... OK
2014/11/05 15:42:46: Complete.
2014/11/05 15:42:46: COM PORT CLOSE ... OK
2014/11/05 15:42:46: 
2014/11/05 15:42:46: ==== Processing was completed ====
2014/11/05 15:42:46: 
*************************************************


*********** Start the Initialize Key Check **********
2014/11/05 15:45:05: Tool Ver: 2013.0605.01
2014/11/05 15:45:05: COM PORT OPEN ... OK
2014/11/05 15:45:05:
2014/11/05 15:45:05: ProductS/N:  VRW06A114Y00222
2014/11/05 15:45:05: TID: 8604333AD2E52080
2014/11/05 15:45:05: F/W Version: 00.00.08
2014/11/05 15:45:05:
2014/11/05 15:45:05: MasterKey Key Entry ... OK
2014/11/05 15:45:05: PowerON Counter Key Entry ... OK
2014/11/05 15:45:06: Key Entry ... OK
2014/11/05 15:45:06: Complete.
2014/11/05 15:45:06: COM PORT CLOSE ... OK
2014/11/05 15:45:06: 
2014/11/05 15:45:06: ==== Processing was completed ====
2014/11/05 15:45:06: 
*************************************************


*********** Start the Initialize Key Check **********
2014/11/05 15:49:04: Tool Ver: 2013.0605.01
2014/11/05 15:49:04: COM PORT OPEN ... OK
2014/11/05 15:49:04:
2014/11/05 15:49:04: ProductS/N:  VRW06A114Y00207
2014/11/05 15:49:04: TID: 86042B3FD2E52080
2014/11/05 15:49:04: F/W Version: 00.00.08
2014/11/05 15:49:04:
2014/11/05 15:49:05: MasterKey Key Entry ... OK
2014/11/05 15:49:05: PowerON Counter Key Entry ... OK
2014/11/05 15:49:05: Key Entry ... OK
2014/11/05 15:49:05: Complete.
2014/11/05 15:49:05: COM PORT CLOSE ... OK
2014/11/05 15:49:05: 
2014/11/05 15:49:05: ==== Processing was completed ====
2014/11/05 15:49:05: 
*************************************************


*********** Start the Initialize Key Check **********
2014/11/05 15:54:18: Tool Ver: 2013.0605.01
2014/11/05 15:54:18: COM PORT OPEN ... OK
2014/11/05 15:54:18:
2014/11/05 15:54:18: ProductS/N:  VRW06A114Y00192
2014/11/05 15:54:18: TID: 86041E3AD2E52080
2014/11/05 15:54:18: F/W Version: 00.00.08
2014/11/05 15:54:18:
2014/11/05 15:54:18: MasterKey Key Entry ... OK
2014/11/05 15:54:18: PowerON Counter Key Entry ... OK
2014/11/05 15:54:19: Key Entry ... OK
2014/11/05 15:54:19: Complete.
2014/11/05 15:54:19: COM PORT CLOSE ... OK
2014/11/05 15:54:19: 
2014/11/05 15:54:19: ==== Processing was completed ====
2014/11/05 15:54:19: 
*************************************************


*********** Start the Initialize Key Check **********
2014/11/05 16:07:54: Tool Ver: 2013.0605.01
2014/11/05 16:07:54: COM PORT OPEN ... OK
2014/11/05 16:07:54:
2014/11/05 16:07:54: ProductS/N:  VRW06A114Y00227
2014/11/05 16:07:54: TID: 86042203CAE52080
2014/11/05 16:07:54: F/W Version: 00.00.08
2014/11/05 16:07:54:
2014/11/05 16:07:54: MasterKey Key Entry ... OK
2014/11/05 16:07:54: PowerON Counter Key Entry ... OK
2014/11/05 16:07:55: Key Entry ... OK
2014/11/05 16:07:55: Complete.
2014/11/05 16:07:55: COM PORT CLOSE ... OK
2014/11/05 16:07:55: 
2014/11/05 16:07:55: ==== Processing was completed ====
2014/11/05 16:07:55: 
*************************************************


*********** Start the Initialize Key Check **********
2014/11/05 16:13:12: Tool Ver: 2013.0605.01
2014/11/05 16:13:12: COM PORT OPEN ... OK
2014/11/05 16:13:12:
2014/11/05 16:13:12: ProductS/N:  VRW06A114Y00235
2014/11/05 16:13:12: TID: 860419222AE62080
2014/11/05 16:13:12: F/W Version: 00.00.08
2014/11/05 16:13:12:
2014/11/05 16:13:12: MasterKey Key Entry ... OK
2014/11/05 16:13:12: PowerON Counter Key Entry ... OK
2014/11/05 16:13:13: Key Entry ... OK
2014/11/05 16:13:13: Complete.
2014/11/05 16:13:13: COM PORT CLOSE ... OK
2014/11/05 16:13:13: 
2014/11/05 16:13:13: ==== Processing was completed ====
2014/11/05 16:13:13: 
*************************************************


*********** Start the Initialize Key Check **********
2014/11/05 16:16:45: Tool Ver: 2013.0605.01
2014/11/05 16:16:45: COM PORT OPEN ... OK
2014/11/05 16:16:45:
2014/11/05 16:16:45: ProductS/N:  VRW06A114Y00226
2014/11/05 16:16:45: TID: 86042303CAE52080
2014/11/05 16:16:45: F/W Version: 00.00.08
2014/11/05 16:16:45:
2014/11/05 16:16:45: MasterKey Key Entry ... OK
2014/11/05 16:16:45: PowerON Counter Key Entry ... OK
2014/11/05 16:16:45: Key Entry ... OK
2014/11/05 16:16:45: Complete.
2014/11/05 16:16:45: COM PORT CLOSE ... OK
2014/11/05 16:16:45: 
2014/11/05 16:16:45: ==== Processing was completed ====
2014/11/05 16:16:45: 
*************************************************


*********** Start the Initialize Key Check **********
2014/11/05 16:20:04: Tool Ver: 2013.0605.01
2014/11/05 16:20:04: COM PORT OPEN ... OK
2014/11/05 16:20:04:
2014/11/05 16:20:04: ProductS/N:  VRW06A114Y00182
2014/11/05 16:20:04: TID: 8604072CD2E52080
2014/11/05 16:20:04: F/W Version: 00.00.08
2014/11/05 16:20:04:
2014/11/05 16:20:04: MasterKey Key Entry ... OK
2014/11/05 16:20:04: PowerON Counter Key Entry ... OK
2014/11/05 16:20:05: Key Entry ... OK
2014/11/05 16:20:05: Complete.
2014/11/05 16:20:05: COM PORT CLOSE ... OK
2014/11/05 16:20:05: 
2014/11/05 16:20:05: ==== Processing was completed ====
2014/11/05 16:20:05: 
*************************************************


*********** Start the Initialize Key Check **********
2014/11/05 16:22:58: Tool Ver: 2013.0605.01
2014/11/05 16:22:58: COM PORT OPEN ... OK
2014/11/05 16:22:58:
2014/11/05 16:22:58: ProductS/N:  VRW06A114Y00232
2014/11/05 16:22:58: TID: 8604102B2AE62080
2014/11/05 16:22:58: F/W Version: 00.00.08
2014/11/05 16:22:58:
2014/11/05 16:22:58: MasterKey Key Entry ... OK
2014/11/05 16:22:58: PowerON Counter Key Entry ... OK
2014/11/05 16:22:59: Key Entry ... OK
2014/11/05 16:22:59: Complete.
2014/11/05 16:22:59: COM PORT CLOSE ... OK
2014/11/05 16:22:59: 
2014/11/05 16:22:59: ==== Processing was completed ====
2014/11/05 16:22:59: 
*************************************************


*********** Start the Initialize Key Check **********
2014/11/05 16:25:44: Tool Ver: 2013.0605.01
2014/11/05 16:25:44: COM PORT OPEN ... OK
2014/11/05 16:25:44:
2014/11/05 16:25:44: ProductS/N:  VRW06A114Y00218
2014/11/05 16:25:44: TID: 86042A08CAE52080
2014/11/05 16:25:44: F/W Version: 00.00.08
2014/11/05 16:25:44:
2014/11/05 16:25:44: MasterKey Key Entry ... OK
2014/11/05 16:25:44: PowerON Counter Key Entry ... OK
2014/11/05 16:25:45: Key Entry ... OK
2014/11/05 16:25:45: Complete.
2014/11/05 16:25:45: COM PORT CLOSE ... OK
2014/11/05 16:25:45: 
2014/11/05 16:25:45: ==== Processing was completed ====
2014/11/05 16:25:45: 
*************************************************


*********** Start the Initialize Key Check **********
2014/11/05 16:35:21: Tool Ver: 2013.0605.01
2014/11/05 16:35:21: COM PORT OPEN ... OK
2014/11/05 16:35:21:
2014/11/05 16:35:21: ProductS/N:  VRW06A114Y00205
2014/11/05 16:35:21: TID: 860420292AE62080
2014/11/05 16:35:21: F/W Version: 00.00.08
2014/11/05 16:35:21:
2014/11/05 16:35:21: MasterKey Key Entry ... OK
2014/11/05 16:35:21: PowerON Counter Key Entry ... OK
2014/11/05 16:35:21: Key Entry ... OK
2014/11/05 16:35:21: Complete.
2014/11/05 16:35:21: COM PORT CLOSE ... OK
2014/11/05 16:35:21: 
2014/11/05 16:35:21: ==== Processing was completed ====
2014/11/05 16:35:21: 
*************************************************


*********** Start the Initialize Key Check **********
2014/11/05 16:38:40: Tool Ver: 2013.0605.01
2014/11/05 16:38:40: COM PORT OPEN ... OK
2014/11/05 16:38:40:
2014/11/05 16:38:40: ProductS/N:  VRW06A114Y00229
2014/11/05 16:38:40: TID: 8604323FD2E52080
2014/11/05 16:38:40: F/W Version: 00.00.08
2014/11/05 16:38:40:
2014/11/05 16:38:40: MasterKey Key Entry ... OK
2014/11/05 16:38:40: PowerON Counter Key Entry ... OK
2014/11/05 16:38:41: Key Entry ... OK
2014/11/05 16:38:41: Complete.
2014/11/05 16:38:41: COM PORT CLOSE ... OK
2014/11/05 16:38:41: 
2014/11/05 16:38:41: ==== Processing was completed ====
2014/11/05 16:38:41: 
*************************************************


*********** Start the Initialize Key Check **********
2014/11/05 16:41:30: Tool Ver: 2013.0605.01
2014/11/05 16:41:30: COM PORT OPEN ... OK
2014/11/05 16:41:30:
2014/11/05 16:41:30: ProductS/N:  VRW06A114Y00243
2014/11/05 16:41:30: TID: 86042F38D2E52080
2014/11/05 16:41:30: F/W Version: 00.00.08
2014/11/05 16:41:30:
2014/11/05 16:41:30: MasterKey Key Entry ... OK
2014/11/05 16:41:30: PowerON Counter Key Entry ... OK
2014/11/05 16:41:31: Key Entry ... OK
2014/11/05 16:41:31: Complete.
2014/11/05 16:41:31: COM PORT CLOSE ... OK
2014/11/05 16:41:31: 
2014/11/05 16:41:31: ==== Processing was completed ====
2014/11/05 16:41:31: 
*************************************************


*********** Start the Initialize Key Check **********
2014/11/05 16:44:57: Tool Ver: 2013.0605.01
2014/11/05 16:44:57: COM PORT OPEN ... OK
2014/11/05 16:44:57:
2014/11/05 16:44:57: ProductS/N:  VRW06A114Y00239
2014/11/05 16:44:57: TID: 86041A3BD2E52080
2014/11/05 16:44:57: F/W Version: 00.00.08
2014/11/05 16:44:57:
2014/11/05 16:44:57: MasterKey Key Entry ... OK
2014/11/05 16:44:57: PowerON Counter Key Entry ... OK
2014/11/05 16:44:58: Key Entry ... OK
2014/11/05 16:44:58: Complete.
2014/11/05 16:44:58: COM PORT CLOSE ... OK
2014/11/05 16:44:58: 
2014/11/05 16:44:58: ==== Processing was completed ====
2014/11/05 16:44:58: 
*************************************************


*********** Start the Initialize Key Check **********
2014/11/05 16:51:50: Tool Ver: 2013.0605.01
2014/11/05 16:51:50: COM PORT OPEN ... OK
2014/11/05 16:51:50:
2014/11/05 16:51:50: ProductS/N:  VRW06A114Y00245
2014/11/05 16:51:50: TID: 860414262AE62080
2014/11/05 16:51:50: F/W Version: 00.00.08
2014/11/05 16:51:50:
2014/11/05 16:51:50: MasterKey Key Entry ... OK
2014/11/05 16:51:50: PowerON Counter Key Entry ... OK
2014/11/05 16:51:51: Key Entry ... OK
2014/11/05 16:51:51: Complete.
2014/11/05 16:51:51: COM PORT CLOSE ... OK
2014/11/05 16:51:51: 
2014/11/05 16:51:51: ==== Processing was completed ====
2014/11/05 16:51:51: 
*************************************************


*********** Start the Initialize Key Check **********
2014/11/05 17:48:47: Tool Ver: 2013.0605.01
2014/11/05 17:48:47: COM PORT OPEN ... OK
2014/11/05 17:48:47:
2014/11/05 17:48:47: ProductS/N:  VRW06A114Y00249
2014/11/05 17:48:47: TID: 86040E2AD2E52080
2014/11/05 17:48:47: F/W Version: 00.00.08
2014/11/05 17:48:47:
2014/11/05 17:48:47: MasterKey Key Entry ... OK
2014/11/05 17:48:47: PowerON Counter Key Entry ... OK
2014/11/05 17:48:48: Key Entry ... OK
2014/11/05 17:48:48: Complete.
2014/11/05 17:48:48: COM PORT CLOSE ... OK
2014/11/05 17:48:48: 
2014/11/05 17:48:48: ==== Processing was completed ====
2014/11/05 17:48:48: 
*************************************************


*********** Start the Initialize Key Check **********
2014/11/05 17:57:43: Tool Ver: 2013.0605.01
2014/11/05 17:57:43: COM PORT OPEN ... OK
2014/11/05 17:57:43:
2014/11/05 17:57:43: ProductS/N:  VRW06A114Y00181
2014/11/05 17:57:43: TID: 86043137D2E52080
2014/11/05 17:57:43: F/W Version: 00.00.08
2014/11/05 17:57:43:
2014/11/05 17:57:43: MasterKey Key Entry ... OK
2014/11/05 17:57:43: PowerON Counter Key Entry ... OK
2014/11/05 17:57:44: Key Entry ... OK
2014/11/05 17:57:44: Complete.
2014/11/05 17:57:44: COM PORT CLOSE ... OK
2014/11/05 17:57:44: 
2014/11/05 17:57:44: ==== Processing was completed ====
2014/11/05 17:57:44: 
*************************************************


*********** Start the Initialize Key Check **********
2014/11/05 18:00:56: Tool Ver: 2013.0605.01
2014/11/05 18:00:56: COM PORT OPEN ... OK
2014/11/05 18:00:56:
2014/11/05 18:00:56: ProductS/N:  VRW06A114Y00238
2014/11/05 18:00:56: TID: 8604253BD2E52080
2014/11/05 18:00:56: F/W Version: 00.00.08
2014/11/05 18:00:56:
2014/11/05 18:00:56: MasterKey Key Entry ... OK
2014/11/05 18:00:56: PowerON Counter Key Entry ... OK
2014/11/05 18:00:57: Key Entry ... OK
2014/11/05 18:00:57: Complete.
2014/11/05 18:00:57: COM PORT CLOSE ... OK
2014/11/05 18:00:57: 
2014/11/05 18:00:57: ==== Processing was completed ====
2014/11/05 18:00:57: 
*************************************************


*********** Start the Initialize Key Check **********
2014/11/05 18:07:09: Tool Ver: 2013.0605.01
2014/11/05 18:07:09: COM PORT OPEN ... OK
2014/11/05 18:07:09:
2014/11/05 18:07:09: ProductS/N:  VRW06A114Y00247
2014/11/05 18:07:09: TID: 86042B212AE62080
2014/11/05 18:07:09: F/W Version: 00.00.08
2014/11/05 18:07:09:
2014/11/05 18:07:09: MasterKey Key Entry ... OK
2014/11/05 18:07:09: PowerON Counter Key Entry ... OK
2014/11/05 18:07:10: Key Entry ... OK
2014/11/05 18:07:10: Complete.
2014/11/05 18:07:10: COM PORT CLOSE ... OK
2014/11/05 18:07:10: 
2014/11/05 18:07:10: ==== Processing was completed ====
2014/11/05 18:07:10: 
*************************************************


*********** Start the Initialize Key Check **********
2014/11/05 18:10:36: Tool Ver: 2013.0605.01
2014/11/05 18:10:36: COM PORT OPEN ... OK
2014/11/05 18:10:37:
2014/11/05 18:10:37: ProductS/N:  VRW06A114Y00148
2014/11/05 18:10:37: TID: 86042043D2E52080
2014/11/05 18:10:37: F/W Version: 00.00.08
2014/11/05 18:10:37:
2014/11/05 18:10:37: MasterKey Key Entry ... OK
2014/11/05 18:10:37: PowerON Counter Key Entry ... OK
2014/11/05 18:10:37: Key Entry ... OK
2014/11/05 18:10:37: Complete.
2014/11/05 18:10:37: COM PORT CLOSE ... OK
2014/11/05 18:10:37: 
2014/11/05 18:10:37: ==== Processing was completed ====
2014/11/05 18:10:37: 
*************************************************


*********** Start the Initialize Key Check **********
2014/11/05 18:15:35: Tool Ver: 2013.0605.01
2014/11/05 18:15:35: COM PORT OPEN ... OK
2014/11/05 18:15:35:
2014/11/05 18:15:35: ProductS/N:  VRW06A114Y00250
2014/11/05 18:15:35: TID: 86043207CAE52080
2014/11/05 18:15:35: F/W Version: 00.00.08
2014/11/05 18:15:35:
2014/11/05 18:15:35: MasterKey Key Entry ... OK
2014/11/05 18:15:35: PowerON Counter Key Entry ... OK
2014/11/05 18:15:36: Key Entry ... OK
2014/11/05 18:15:36: Complete.
2014/11/05 18:15:36: COM PORT CLOSE ... OK
2014/11/05 18:15:36: 
2014/11/05 18:15:36: ==== Processing was completed ====
2014/11/05 18:15:36: 
*************************************************


*********** Start the Initialize Key Check **********
2014/11/05 18:19:10: Tool Ver: 2013.0605.01
2014/11/05 18:19:10: COM PORT OPEN ... OK
2014/11/05 18:19:10:
2014/11/05 18:19:10: ProductS/N:  VRW06A114Y00242
2014/11/05 18:19:10: TID: 8604352CD2E52080
2014/11/05 18:19:10: F/W Version: 00.00.08
2014/11/05 18:19:10:
2014/11/05 18:19:10: MasterKey Key Entry ... OK
2014/11/05 18:19:10: PowerON Counter Key Entry ... OK
2014/11/05 18:19:11: Key Entry ... OK
2014/11/05 18:19:11: Complete.
2014/11/05 18:19:11: COM PORT CLOSE ... OK
2014/11/05 18:19:11: 
2014/11/05 18:19:11: ==== Processing was completed ====
2014/11/05 18:19:11: 
*************************************************


*********** Start the Initialize Key Check **********
2014/11/05 18:22:43: Tool Ver: 2013.0605.01
2014/11/05 18:22:43: COM PORT OPEN ... OK
2014/11/05 18:22:43:
2014/11/05 18:22:43: ProductS/N:  VRW06A114Y00253
2014/11/05 18:22:43: TID: 86041B37D2E52080
2014/11/05 18:22:43: F/W Version: 00.00.08
2014/11/05 18:22:43:
2014/11/05 18:22:43: MasterKey Key Entry ... OK
2014/11/05 18:22:43: PowerON Counter Key Entry ... OK
2014/11/05 18:22:44: Key Entry ... OK
2014/11/05 18:22:44: Complete.
2014/11/05 18:22:44: COM PORT CLOSE ... OK
2014/11/05 18:22:44: 
2014/11/05 18:22:44: ==== Processing was completed ====
2014/11/05 18:22:44: 
*************************************************


*********** Start the Initialize Key Check **********
2014/11/05 18:25:55: Tool Ver: 2013.0605.01
2014/11/05 18:25:55: COM PORT OPEN ... OK
2014/11/05 18:25:55:
2014/11/05 18:25:55: ProductS/N:  VRW06A114Y00234
2014/11/05 18:25:56: TID: 86040A35D2E52080
2014/11/05 18:25:56: F/W Version: 00.00.08
2014/11/05 18:25:56:
2014/11/05 18:25:56: MasterKey Key Entry ... OK
2014/11/05 18:25:56: PowerON Counter Key Entry ... OK
2014/11/05 18:25:56: Key Entry ... OK
2014/11/05 18:25:56: Complete.
2014/11/05 18:25:56: COM PORT CLOSE ... OK
2014/11/05 18:25:56: 
2014/11/05 18:25:56: ==== Processing was completed ====
2014/11/05 18:25:56: 
*************************************************


*********** Start the Initialize Key Check **********
2014/11/05 18:28:34: Tool Ver: 2013.0605.01
2014/11/05 18:28:34: COM PORT OPEN ... OK
2014/11/05 18:28:34:
2014/11/05 18:28:34: ProductS/N:  VRW06A114Y00230
2014/11/05 18:28:34: TID: 8604132CD2E52080
2014/11/05 18:28:34: F/W Version: 00.00.08
2014/11/05 18:28:34:
2014/11/05 18:28:34: MasterKey Key Entry ... OK
2014/11/05 18:28:34: PowerON Counter Key Entry ... OK
2014/11/05 18:28:35: Key Entry ... OK
2014/11/05 18:28:35: Complete.
2014/11/05 18:28:35: COM PORT CLOSE ... OK
2014/11/05 18:28:35: 
2014/11/05 18:28:35: ==== Processing was completed ====
2014/11/05 18:28:35: 
*************************************************


*********** Start the Initialize Key Check **********
2014/11/05 18:31:55: Tool Ver: 2013.0605.01
2014/11/05 18:31:55: COM PORT OPEN ... ERROR(01)
2014/11/05 18:31:55: 
2014/11/05 18:31:55: ######## Error has occurred ########
2014/11/05 18:31:55: 
*************************************************


*********** Start the Initialize Key Check **********
2014/11/05 18:35:43: Tool Ver: 2013.0605.01
2014/11/05 18:35:43: COM PORT OPEN ... ERROR(01)
2014/11/05 18:35:43: 
2014/11/05 18:35:43: ######## Error has occurred ########
2014/11/05 18:35:43: 
*************************************************


*********** Start the Initialize Key Check **********
2014/11/05 18:36:10: Tool Ver: 2013.0605.01
2014/11/05 18:36:10: COM PORT OPEN ... OK
2014/11/05 18:36:10:
2014/11/05 18:36:10: ProductS/N:  VRW06A114Y00244
2014/11/05 18:36:10: TID: 86043636D2E52080
2014/11/05 18:36:10: F/W Version: 00.00.08
2014/11/05 18:36:10:
2014/11/05 18:36:10: MasterKey Key Entry ... OK
2014/11/05 18:36:10: PowerON Counter Key Entry ... OK
2014/11/05 18:36:11: Key Entry ... OK
2014/11/05 18:36:11: Complete.
2014/11/05 18:36:11: COM PORT CLOSE ... OK
2014/11/05 18:36:11: 
2014/11/05 18:36:11: ==== Processing was completed ====
2014/11/05 18:36:11: 
*************************************************


*********** Start the Initialize Key Check **********
2014/11/05 18:38:02: Tool Ver: 2013.0605.01
2014/11/05 18:38:02: COM PORT OPEN ... OK
2014/11/05 18:38:02:
2014/11/05 18:38:02: ProductS/N:  VRW06A114Y00231
2014/11/05 18:38:02: TID: 86041134D2E52080
2014/11/05 18:38:02: F/W Version: 00.00.08
2014/11/05 18:38:02:
2014/11/05 18:38:02: MasterKey Key Entry ... OK
2014/11/05 18:38:02: PowerON Counter Key Entry ... OK
2014/11/05 18:38:03: Key Entry ... OK
2014/11/05 18:38:03: Complete.
2014/11/05 18:38:03: COM PORT CLOSE ... OK
2014/11/05 18:38:03: 
2014/11/05 18:38:03: ==== Processing was completed ====
2014/11/05 18:38:03: 
*************************************************


*********** Start the Initialize Key Check **********
2014/11/05 18:42:34: Tool Ver: 2013.0605.01
2014/11/05 18:42:34: COM PORT OPEN ... OK
2014/11/05 18:42:34:
2014/11/05 18:42:34: ProductS/N:  VRW06A114Y00248
2014/11/05 18:42:34: TID: 86042B3BD2E52080
2014/11/05 18:42:34: F/W Version: 00.00.08
2014/11/05 18:42:34:
2014/11/05 18:42:34: MasterKey Key Entry ... OK
2014/11/05 18:42:34: PowerON Counter Key Entry ... OK
2014/11/05 18:42:35: Key Entry ... OK
2014/11/05 18:42:35: Complete.
2014/11/05 18:42:35: COM PORT CLOSE ... OK
2014/11/05 18:42:35: 
2014/11/05 18:42:35: ==== Processing was completed ====
2014/11/05 18:42:35: 
*************************************************


*********** Start the Initialize Key Check **********
2014/11/05 18:46:50: Tool Ver: 2013.0605.01
2014/11/05 18:46:50: COM PORT OPEN ... OK
2014/11/05 18:46:51:
2014/11/05 18:46:51: ProductS/N:  VRW06A114Y00251
2014/11/05 18:46:51: TID: 86040935D2E52080
2014/11/05 18:46:51: F/W Version: 00.00.08
2014/11/05 18:46:51:
2014/11/05 18:46:51: MasterKey Key Entry ... OK
2014/11/05 18:46:51: PowerON Counter Key Entry ... OK
2014/11/05 18:46:51: Key Entry ... OK
2014/11/05 18:46:51: Complete.
2014/11/05 18:46:51: COM PORT CLOSE ... OK
2014/11/05 18:46:51: 
2014/11/05 18:46:51: ==== Processing was completed ====
2014/11/05 18:46:51: 
*************************************************


*********** Start the Initialize Key Check **********
2014/11/05 18:53:30: Tool Ver: 2013.0605.01
2014/11/05 18:53:30: COM PORT OPEN ... OK
2014/11/05 18:53:30:
2014/11/05 18:53:30: ProductS/N:  VRW06A114Y00233
2014/11/05 18:53:30: TID: 8604082CD2E52080
2014/11/05 18:53:30: F/W Version: 00.00.08
2014/11/05 18:53:30:
2014/11/05 18:53:30: MasterKey Key Entry ... OK
2014/11/05 18:53:30: PowerON Counter Key Entry ... OK
2014/11/05 18:53:31: Key Entry ... OK
2014/11/05 18:53:31: Complete.
2014/11/05 18:53:31: COM PORT CLOSE ... OK
2014/11/05 18:53:31: 
2014/11/05 18:53:31: ==== Processing was completed ====
2014/11/05 18:53:31: 
*************************************************


*********** Start the Initialize Key Check **********
2014/11/05 18:56:06: Tool Ver: 2013.0605.01
2014/11/05 18:56:06: COM PORT OPEN ... OK
2014/11/05 18:56:06:
2014/11/05 18:56:06: ProductS/N:  VRW06A114Y00256
2014/11/05 18:56:06: TID: 86043C262AE62080
2014/11/05 18:56:06: F/W Version: 00.00.08
2014/11/05 18:56:06:
2014/11/05 18:56:06: MasterKey Key Entry ... OK
2014/11/05 18:56:06: PowerON Counter Key Entry ... OK
2014/11/05 18:56:07: Key Entry ... OK
2014/11/05 18:56:07: Complete.
2014/11/05 18:56:07: COM PORT CLOSE ... OK
2014/11/05 18:56:07: 
2014/11/05 18:56:07: ==== Processing was completed ====
2014/11/05 18:56:07: 
*************************************************


*********** Start the Initialize Key Check **********
2014/11/05 18:58:57: Tool Ver: 2013.0605.01
2014/11/05 18:58:57: COM PORT OPEN ... OK
2014/11/05 18:58:57:
2014/11/05 18:58:57: ProductS/N:  VRW06A114Y00255
2014/11/05 18:58:57: TID: 8604253DD2E52080
2014/11/05 18:58:57: F/W Version: 00.00.08
2014/11/05 18:58:57:
2014/11/05 18:58:57: MasterKey Key Entry ... OK
2014/11/05 18:58:57: PowerON Counter Key Entry ... OK
2014/11/05 18:58:58: Key Entry ... OK
2014/11/05 18:58:58: Complete.
2014/11/05 18:58:58: COM PORT CLOSE ... OK
2014/11/05 18:58:58: 
2014/11/05 18:58:58: ==== Processing was completed ====
2014/11/05 18:58:58: 
*************************************************


