*********** Start the Initialize Key Check **********
2014/11/04 08:12:08: Tool Ver: 2013.0605.01
2014/11/04 08:12:08: COM PORT OPEN ... OK
2014/11/04 08:12:09:
2014/11/04 08:12:09: ProductS/N:  VRW06A114Y00075
2014/11/04 08:12:09: TID: 86042D3ED2E52080
2014/11/04 08:12:09: F/W Version: 00.00.08
2014/11/04 08:12:09:
2014/11/04 08:12:09: MasterKey Key Entry ... OK
2014/11/04 08:12:09: PowerON Counter Key Entry ... OK
2014/11/04 08:12:09: Key Entry ... OK
2014/11/04 08:12:09: Complete.
2014/11/04 08:12:09: COM PORT CLOSE ... OK
2014/11/04 08:12:09: 
2014/11/04 08:12:09: ==== Processing was completed ====
2014/11/04 08:12:09: 
*************************************************


*********** Start the Initialize Key Check **********
2014/11/04 08:14:02: Tool Ver: 2013.0605.01
2014/11/04 08:14:02: COM PORT OPEN ... OK
2014/11/04 08:14:02:
2014/11/04 08:14:02: ProductS/N:  VRW06A114Y00003
2014/11/04 08:14:02: TID: 8604143BD2E52080
2014/11/04 08:14:02: F/W Version: 00.00.08
2014/11/04 08:14:02:
2014/11/04 08:14:02: MasterKey Key Entry ... OK
2014/11/04 08:14:02: PowerON Counter Key Entry ... OK
2014/11/04 08:14:03: Key Entry ... OK
2014/11/04 08:14:03: Complete.
2014/11/04 08:14:03: COM PORT CLOSE ... OK
2014/11/04 08:14:03: 
2014/11/04 08:14:03: ==== Processing was completed ====
2014/11/04 08:14:03: 
*************************************************


*********** Start the Initialize Key Check **********
2014/11/04 08:16:42: Tool Ver: 2013.0605.01
2014/11/04 08:16:42: COM PORT OPEN ... OK
2014/11/04 08:16:42:
2014/11/04 08:16:42: ProductS/N:  VRW06A114Y00076
2014/11/04 08:16:42: TID: 86040736D2E52080
2014/11/04 08:16:42: F/W Version: 00.00.08
2014/11/04 08:16:42:
2014/11/04 08:16:42: MasterKey Key Entry ... OK
2014/11/04 08:16:42: PowerON Counter Key Entry ... OK
2014/11/04 08:16:43: Key Entry ... OK
2014/11/04 08:16:43: Complete.
2014/11/04 08:16:43: COM PORT CLOSE ... OK
2014/11/04 08:16:43: 
2014/11/04 08:16:43: ==== Processing was completed ====
2014/11/04 08:16:43: 
*************************************************


*********** Start the Initialize Key Check **********
2014/11/04 08:19:00: Tool Ver: 2013.0605.01
2014/11/04 08:19:00: COM PORT OPEN ... OK
2014/11/04 08:19:00:
2014/11/04 08:19:00: ProductS/N:  VRW06A114Y00059
2014/11/04 08:19:00: TID: 86042737D2E52080
2014/11/04 08:19:00: F/W Version: 00.00.08
2014/11/04 08:19:00:
2014/11/04 08:19:00: MasterKey Key Entry ... OK
2014/11/04 08:19:00: PowerON Counter Key Entry ... OK
2014/11/04 08:19:01: Key Entry ... OK
2014/11/04 08:19:01: Complete.
2014/11/04 08:19:01: COM PORT CLOSE ... OK
2014/11/04 08:19:01: 
2014/11/04 08:19:01: ==== Processing was completed ====
2014/11/04 08:19:01: 
*************************************************


*********** Start the Initialize Key Check **********
2014/11/04 08:21:38: Tool Ver: 2013.0605.01
2014/11/04 08:21:38: COM PORT OPEN ... OK
2014/11/04 08:21:38:
2014/11/04 08:21:38: ProductS/N:  VRW06A114Y00054
2014/11/04 08:21:38: TID: 86041234D2E52080
2014/11/04 08:21:38: F/W Version: 00.00.08
2014/11/04 08:21:38:
2014/11/04 08:21:38: MasterKey Key Entry ... OK
2014/11/04 08:21:38: PowerON Counter Key Entry ... OK
2014/11/04 08:21:38: Key Entry ... OK
2014/11/04 08:21:38: Complete.
2014/11/04 08:21:38: COM PORT CLOSE ... OK
2014/11/04 08:21:38: 
2014/11/04 08:21:38: ==== Processing was completed ====
2014/11/04 08:21:38: 
*************************************************


*********** Start the Initialize Key Check **********
2014/11/04 08:24:26: Tool Ver: 2013.0605.01
2014/11/04 08:24:26: COM PORT OPEN ... OK
2014/11/04 08:24:26:
2014/11/04 08:24:26: ProductS/N:  VRW06A114Y00056
2014/11/04 08:24:26: TID: 8604283DD2E52080
2014/11/04 08:24:26: F/W Version: 00.00.08
2014/11/04 08:24:26:
2014/11/04 08:24:26: MasterKey Key Entry ... OK
2014/11/04 08:24:26: PowerON Counter Key Entry ... OK
2014/11/04 08:24:27: Key Entry ... OK
2014/11/04 08:24:27: Complete.
2014/11/04 08:24:27: COM PORT CLOSE ... OK
2014/11/04 08:24:27: 
2014/11/04 08:24:27: ==== Processing was completed ====
2014/11/04 08:24:27: 
*************************************************


*********** Start the Initialize Key Check **********
2014/11/04 08:26:46: Tool Ver: 2013.0605.01
2014/11/04 08:26:46: COM PORT OPEN ... OK
2014/11/04 08:26:46:
2014/11/04 08:26:46: ProductS/N:  VRW06A114Y00051
2014/11/04 08:26:46: TID: 86043039D2E52080
2014/11/04 08:26:46: F/W Version: 00.00.08
2014/11/04 08:26:46:
2014/11/04 08:26:46: MasterKey Key Entry ... OK
2014/11/04 08:26:46: PowerON Counter Key Entry ... OK
2014/11/04 08:26:47: Key Entry ... OK
2014/11/04 08:26:47: Complete.
2014/11/04 08:26:47: COM PORT CLOSE ... OK
2014/11/04 08:26:47: 
2014/11/04 08:26:47: ==== Processing was completed ====
2014/11/04 08:26:47: 
*************************************************


*********** Start the Initialize Key Check **********
2014/11/04 08:29:30: Tool Ver: 2013.0605.01
2014/11/04 08:29:30: COM PORT OPEN ... OK
2014/11/04 08:29:30:
2014/11/04 08:29:30: ProductS/N:  VRW06A114Y00044
2014/11/04 08:29:30: TID: 86042B37D2E52080
2014/11/04 08:29:30: F/W Version: 00.00.08
2014/11/04 08:29:30:
2014/11/04 08:29:30: MasterKey Key Entry ... OK
2014/11/04 08:29:30: PowerON Counter Key Entry ... OK
2014/11/04 08:29:31: Key Entry ... OK
2014/11/04 08:29:31: Complete.
2014/11/04 08:29:31: COM PORT CLOSE ... OK
2014/11/04 08:29:31: 
2014/11/04 08:29:31: ==== Processing was completed ====
2014/11/04 08:29:31: 
*************************************************


*********** Start the Initialize Key Check **********
2014/11/04 08:35:19: Tool Ver: 2013.0605.01
2014/11/04 08:35:19: COM PORT OPEN ... OK
2014/11/04 08:35:19:
2014/11/04 08:35:19: ProductS/N:  VRW06A114Y00058
2014/11/04 08:35:19: TID: 8604222FD2E52080
2014/11/04 08:35:19: F/W Version: 00.00.08
2014/11/04 08:35:19:
2014/11/04 08:35:19: MasterKey Key Entry ... OK
2014/11/04 08:35:19: PowerON Counter Key Entry ... OK
2014/11/04 08:35:20: Key Entry ... OK
2014/11/04 08:35:20: Complete.
2014/11/04 08:35:20: COM PORT CLOSE ... OK
2014/11/04 08:35:20: 
2014/11/04 08:35:20: ==== Processing was completed ====
2014/11/04 08:35:20: 
*************************************************


*********** Start the Initialize Key Check **********
2014/11/04 08:40:22: Tool Ver: 2013.0605.01
2014/11/04 08:40:22: COM PORT OPEN ... OK
2014/11/04 08:40:22:
2014/11/04 08:40:22: ProductS/N:  VRW06A114Y00070
2014/11/04 08:40:22: TID: 86041B30D2E52080
2014/11/04 08:40:22: F/W Version: 00.00.08
2014/11/04 08:40:22:
2014/11/04 08:40:22: MasterKey Key Entry ... OK
2014/11/04 08:40:22: PowerON Counter Key Entry ... OK
2014/11/04 08:40:23: Key Entry ... OK
2014/11/04 08:40:23: Complete.
2014/11/04 08:40:23: COM PORT CLOSE ... OK
2014/11/04 08:40:23: 
2014/11/04 08:40:23: ==== Processing was completed ====
2014/11/04 08:40:23: 
*************************************************


*********** Start the Initialize Key Check **********
2014/11/04 08:43:14: Tool Ver: 2013.0605.01
2014/11/04 08:43:14: COM PORT OPEN ... OK
2014/11/04 08:43:14:
2014/11/04 08:43:14: ProductS/N:  VRW06A114Y00084
2014/11/04 08:43:14: TID: 86042D3AD2E52080
2014/11/04 08:43:14: F/W Version: 00.00.08
2014/11/04 08:43:14:
2014/11/04 08:43:14: MasterKey Key Entry ... OK
2014/11/04 08:43:14: PowerON Counter Key Entry ... OK
2014/11/04 08:43:15: Key Entry ... OK
2014/11/04 08:43:15: Complete.
2014/11/04 08:43:15: COM PORT CLOSE ... OK
2014/11/04 08:43:15: 
2014/11/04 08:43:15: ==== Processing was completed ====
2014/11/04 08:43:15: 
*************************************************


*********** Start the Initialize Key Check **********
2014/11/04 08:53:32: Tool Ver: 2013.0605.01
2014/11/04 08:53:32: COM PORT OPEN ... OK
2014/11/04 08:53:32:
2014/11/04 08:53:32: ProductS/N:  VRW06A114Y00077
2014/11/04 08:53:32: TID: 8604123CD2E52080
2014/11/04 08:53:32: F/W Version: 00.00.08
2014/11/04 08:53:32:
2014/11/04 08:53:32: MasterKey Key Entry ... OK
2014/11/04 08:53:32: PowerON Counter Key Entry ... OK
2014/11/04 08:53:33: Key Entry ... OK
2014/11/04 08:53:33: Complete.
2014/11/04 08:53:33: COM PORT CLOSE ... OK
2014/11/04 08:53:33: 
2014/11/04 08:53:33: ==== Processing was completed ====
2014/11/04 08:53:33: 
*************************************************


*********** Start the Initialize Key Check **********
2014/11/04 08:57:35: Tool Ver: 2013.0605.01
2014/11/04 08:57:35: COM PORT OPEN ... OK
2014/11/04 08:57:35:
2014/11/04 08:57:35: ProductS/N:  VRW06A114Y00078
2014/11/04 08:57:35: TID: 86040E3DD2E52080
2014/11/04 08:57:35: F/W Version: 00.00.08
2014/11/04 08:57:35:
2014/11/04 08:57:35: MasterKey Key Entry ... OK
2014/11/04 08:57:35: PowerON Counter Key Entry ... OK
2014/11/04 08:57:35: Key Entry ... OK
2014/11/04 08:57:35: Complete.
2014/11/04 08:57:35: COM PORT CLOSE ... OK
2014/11/04 08:57:35: 
2014/11/04 08:57:35: ==== Processing was completed ====
2014/11/04 08:57:35: 
*************************************************


*********** Start the Initialize Key Check **********
2014/11/04 09:04:10: Tool Ver: 2013.0605.01
2014/11/04 09:04:10: COM PORT OPEN ... OK
2014/11/04 09:04:10:
2014/11/04 09:04:10: ProductS/N:  VRW06A114Y00087
2014/11/04 09:04:11: TID: 8604212FD2E52080
2014/11/04 09:04:11: F/W Version: 00.00.08
2014/11/04 09:04:11:
2014/11/04 09:04:11: MasterKey Key Entry ... OK
2014/11/04 09:04:11: PowerON Counter Key Entry ... OK
2014/11/04 09:04:11: Key Entry ... OK
2014/11/04 09:04:11: Complete.
2014/11/04 09:04:11: COM PORT CLOSE ... OK
2014/11/04 09:04:11: 
2014/11/04 09:04:11: ==== Processing was completed ====
2014/11/04 09:04:11: 
*************************************************


*********** Start the Initialize Key Check **********
2014/11/04 09:08:38: Tool Ver: 2013.0605.01
2014/11/04 09:08:38: COM PORT OPEN ... OK
2014/11/04 09:08:38:
2014/11/04 09:08:38: ProductS/N:  VRW06A114Y00020
2014/11/04 09:08:38: TID: 860432242AE62080
2014/11/04 09:08:38: F/W Version: 00.00.08
2014/11/04 09:08:38:
2014/11/04 09:08:38: MasterKey Key Entry ... OK
2014/11/04 09:08:38: PowerON Counter Key Entry ... OK
2014/11/04 09:08:39: Key Entry ... OK
2014/11/04 09:08:39: Complete.
2014/11/04 09:08:39: COM PORT CLOSE ... OK
2014/11/04 09:08:39: 
2014/11/04 09:08:39: ==== Processing was completed ====
2014/11/04 09:08:39: 
*************************************************


*********** Start the Initialize Key Check **********
2014/11/04 09:19:12: Tool Ver: 2013.0605.01
2014/11/04 09:19:12: Product S/N ... ERROR
2014/11/04 09:19:12: 
2014/11/04 09:19:12: ######## Error has occurred ########
2014/11/04 09:19:12: 
*************************************************


*********** Start the Initialize Key Check **********
2014/11/04 09:19:17: Tool Ver: 2013.0605.01
2014/11/04 09:19:17: Product S/N ... ERROR
2014/11/04 09:19:17: 
2014/11/04 09:19:17: ######## Error has occurred ########
2014/11/04 09:19:17: 
*************************************************


*********** Start the Initialize Key Check **********
2014/11/04 09:19:48: Tool Ver: 2013.0605.01
2014/11/04 09:19:48: COM PORT OPEN ... OK
2014/11/04 09:19:48:
2014/11/04 09:19:48: ProductS/N:  VRW06A114Y00085
2014/11/04 09:19:48: TID: 86041139D2E52080
2014/11/04 09:19:48: F/W Version: 00.00.08
2014/11/04 09:19:48:
2014/11/04 09:19:48: MasterKey Key Entry ... OK
2014/11/04 09:19:48: PowerON Counter Key Entry ... OK
2014/11/04 09:19:48: Key Entry ... OK
2014/11/04 09:19:48: Complete.
2014/11/04 09:19:48: COM PORT CLOSE ... OK
2014/11/04 09:19:48: 
2014/11/04 09:19:48: ==== Processing was completed ====
2014/11/04 09:19:48: 
*************************************************


*********** Start the Initialize Key Check **********
2014/11/04 09:27:24: Tool Ver: 2013.0605.01
2014/11/04 09:27:24: COM PORT OPEN ... OK
2014/11/04 09:27:24:
2014/11/04 09:27:24: ProductS/N:  VRW06A114Y00089
2014/11/04 09:27:24: TID: 8604213AD2E52080
2014/11/04 09:27:24: F/W Version: 00.00.08
2014/11/04 09:27:24:
2014/11/04 09:27:24: MasterKey Key Entry ... OK
2014/11/04 09:27:24: PowerON Counter Key Entry ... OK
2014/11/04 09:27:25: Key Entry ... OK
2014/11/04 09:27:25: Complete.
2014/11/04 09:27:25: COM PORT CLOSE ... OK
2014/11/04 09:27:25: 
2014/11/04 09:27:25: ==== Processing was completed ====
2014/11/04 09:27:25: 
*************************************************


*********** Start the Initialize Key Check **********
2014/11/04 09:30:30: Tool Ver: 2013.0605.01
2014/11/04 09:30:30: COM PORT OPEN ... OK
2014/11/04 09:30:30:
2014/11/04 09:30:30: ProductS/N:  VRW06A114Y00083
2014/11/04 09:30:30: TID: 8604223DD2E52080
2014/11/04 09:30:30: F/W Version: 00.00.08
2014/11/04 09:30:30:
2014/11/04 09:30:30: MasterKey Key Entry ... OK
2014/11/04 09:30:30: PowerON Counter Key Entry ... OK
2014/11/04 09:30:31: Key Entry ... OK
2014/11/04 09:30:31: Complete.
2014/11/04 09:30:31: COM PORT CLOSE ... OK
2014/11/04 09:30:31: 
2014/11/04 09:30:31: ==== Processing was completed ====
2014/11/04 09:30:31: 
*************************************************


*********** Start the Initialize Key Check **********
2014/11/04 09:33:09: Tool Ver: 2013.0605.01
2014/11/04 09:33:09: COM PORT OPEN ... OK
2014/11/04 09:33:09:
2014/11/04 09:33:09: ProductS/N:  VRW06A114Y00067
2014/11/04 09:33:09: TID: 86041F3ED2E52080
2014/11/04 09:33:09: F/W Version: 00.00.08
2014/11/04 09:33:09:
2014/11/04 09:33:09: MasterKey Key Entry ... OK
2014/11/04 09:33:09: PowerON Counter Key Entry ... OK
2014/11/04 09:33:10: Key Entry ... OK
2014/11/04 09:33:10: Complete.
2014/11/04 09:33:10: COM PORT CLOSE ... OK
2014/11/04 09:33:10: 
2014/11/04 09:33:10: ==== Processing was completed ====
2014/11/04 09:33:10: 
*************************************************


*********** Start the Initialize Key Check **********
2014/11/04 09:35:52: Tool Ver: 2013.0605.01
2014/11/04 09:35:52: COM PORT OPEN ... OK
2014/11/04 09:35:52:
2014/11/04 09:35:52: ProductS/N:  VRW06A114Y00095
2014/11/04 09:35:52: TID: 8604183DD2E52080
2014/11/04 09:35:52: F/W Version: 00.00.08
2014/11/04 09:35:52:
2014/11/04 09:35:52: MasterKey Key Entry ... OK
2014/11/04 09:35:52: PowerON Counter Key Entry ... OK
2014/11/04 09:35:53: Key Entry ... OK
2014/11/04 09:35:53: Complete.
2014/11/04 09:35:53: COM PORT CLOSE ... OK
2014/11/04 09:35:53: 
2014/11/04 09:35:53: ==== Processing was completed ====
2014/11/04 09:35:53: 
*************************************************


*********** Start the Initialize Key Check **********
2014/11/04 09:42:43: Tool Ver: 2013.0605.01
2014/11/04 09:42:43: COM PORT OPEN ... OK
2014/11/04 09:42:43:
2014/11/04 09:42:43: ProductS/N:  VRW06A114Y00063
2014/11/04 09:42:43: TID: 8604103DD2E52080
2014/11/04 09:42:43: F/W Version: 00.00.08
2014/11/04 09:42:43:
2014/11/04 09:42:43: MasterKey Key Entry ... OK
2014/11/04 09:42:43: PowerON Counter Key Entry ... OK
2014/11/04 09:42:44: Key Entry ... OK
2014/11/04 09:42:44: Complete.
2014/11/04 09:42:44: COM PORT CLOSE ... OK
2014/11/04 09:42:44: 
2014/11/04 09:42:44: ==== Processing was completed ====
2014/11/04 09:42:44: 
*************************************************


*********** Start the Initialize Key Check **********
2014/11/04 09:47:21: Tool Ver: 2013.0605.01
2014/11/04 09:47:21: COM PORT OPEN ... OK
2014/11/04 09:47:21:
2014/11/04 09:47:21: ProductS/N:  VRW06A114Y00096
2014/11/04 09:47:21: TID: 86040F39D2E52080
2014/11/04 09:47:21: F/W Version: 00.00.08
2014/11/04 09:47:21:
2014/11/04 09:47:21: MasterKey Key Entry ... OK
2014/11/04 09:47:21: PowerON Counter Key Entry ... OK
2014/11/04 09:47:22: Key Entry ... OK
2014/11/04 09:47:22: Complete.
2014/11/04 09:47:22: COM PORT CLOSE ... OK
2014/11/04 09:47:22: 
2014/11/04 09:47:22: ==== Processing was completed ====
2014/11/04 09:47:22: 
*************************************************


*********** Start the Initialize Key Check **********
2014/11/04 09:58:33: Tool Ver: 2013.0605.01
2014/11/04 09:58:33: COM PORT OPEN ... OK
2014/11/04 09:58:33:
2014/11/04 09:58:33: ProductS/N:  VRW06A114Y00099
2014/11/04 09:58:33: TID: 86041F36D2E52080
2014/11/04 09:58:33: F/W Version: 00.00.08
2014/11/04 09:58:33:
2014/11/04 09:58:33: MasterKey Key Entry ... OK
2014/11/04 09:58:33: PowerON Counter Key Entry ... OK
2014/11/04 09:58:34: Key Entry ... OK
2014/11/04 09:58:34: Complete.
2014/11/04 09:58:34: COM PORT CLOSE ... OK
2014/11/04 09:58:34: 
2014/11/04 09:58:34: ==== Processing was completed ====
2014/11/04 09:58:34: 
*************************************************


*********** Start the Initialize Key Check **********
2014/11/04 10:12:43: Tool Ver: 2013.0605.01
2014/11/04 10:12:43: COM PORT OPEN ... OK
2014/11/04 10:12:43:
2014/11/04 10:12:43: ProductS/N:  VRW06A114Y00102
2014/11/04 10:12:43: TID: 86040836D2E52080
2014/11/04 10:12:43: F/W Version: 00.00.08
2014/11/04 10:12:43:
2014/11/04 10:12:43: MasterKey Key Entry ... OK
2014/11/04 10:12:43: PowerON Counter Key Entry ... OK
2014/11/04 10:12:44: Key Entry ... OK
2014/11/04 10:12:44: Complete.
2014/11/04 10:12:44: COM PORT CLOSE ... OK
2014/11/04 10:12:44: 
2014/11/04 10:12:44: ==== Processing was completed ====
2014/11/04 10:12:44: 
*************************************************


*********** Start the Initialize Key Check **********
2014/11/04 10:17:09: Tool Ver: 2013.0605.01
2014/11/04 10:17:09: COM PORT OPEN ... OK
2014/11/04 10:17:09:
2014/11/04 10:17:09: ProductS/N:  VRW06A114Y00094
2014/11/04 10:17:09: TID: 86040E38D2E52080
2014/11/04 10:17:09: F/W Version: 00.00.08
2014/11/04 10:17:09:
2014/11/04 10:17:09: MasterKey Key Entry ... OK
2014/11/04 10:17:10: PowerON Counter Key Entry ... OK
2014/11/04 10:17:10: Key Entry ... OK
2014/11/04 10:17:10: Complete.
2014/11/04 10:17:10: COM PORT CLOSE ... OK
2014/11/04 10:17:10: 
2014/11/04 10:17:10: ==== Processing was completed ====
2014/11/04 10:17:10: 
*************************************************


*********** Start the Initialize Key Check **********
2014/11/04 10:19:42: Tool Ver: 2013.0605.01
2014/11/04 10:19:42: COM PORT OPEN ... OK
2014/11/04 10:19:42:
2014/11/04 10:19:42: ProductS/N:  VRW06A114Y00061
2014/11/04 10:19:42: TID: 86041D39D2E52080
2014/11/04 10:19:42: F/W Version: 00.00.08
2014/11/04 10:19:42:
2014/11/04 10:19:42: MasterKey Key Entry ... OK
2014/11/04 10:19:42: PowerON Counter Key Entry ... OK
2014/11/04 10:19:42: Key Entry ... OK
2014/11/04 10:19:42: Complete.
2014/11/04 10:19:42: COM PORT CLOSE ... OK
2014/11/04 10:19:42: 
2014/11/04 10:19:42: ==== Processing was completed ====
2014/11/04 10:19:42: 
*************************************************


*********** Start the Initialize Key Check **********
2014/11/04 10:30:25: Tool Ver: 2013.0605.01
2014/11/04 10:30:25: COM PORT OPEN ... OK
2014/11/04 10:30:25:
2014/11/04 10:30:25: ProductS/N:  VRW06A114Y00090
2014/11/04 10:30:26: TID: 8604162FD2E52080
2014/11/04 10:30:26: F/W Version: 00.00.08
2014/11/04 10:30:26:
2014/11/04 10:30:26: MasterKey Key Entry ... OK
2014/11/04 10:30:26: PowerON Counter Key Entry ... OK
2014/11/04 10:30:26: Key Entry ... OK
2014/11/04 10:30:26: Complete.
2014/11/04 10:30:26: COM PORT CLOSE ... OK
2014/11/04 10:30:26: 
2014/11/04 10:30:26: ==== Processing was completed ====
2014/11/04 10:30:26: 
*************************************************


*********** Start the Initialize Key Check **********
2014/11/04 10:32:41: Tool Ver: 2013.0605.01
2014/11/04 10:32:41: COM PORT OPEN ... OK
2014/11/04 10:32:41:
2014/11/04 10:32:41: ProductS/N:  VRW06A114Y00100
2014/11/04 10:32:41: TID: 86041337D2E52080
2014/11/04 10:32:41: F/W Version: 00.00.08
2014/11/04 10:32:41:
2014/11/04 10:32:41: MasterKey Key Entry ... OK
2014/11/04 10:32:41: PowerON Counter Key Entry ... OK
2014/11/04 10:32:42: Key Entry ... OK
2014/11/04 10:32:42: Complete.
2014/11/04 10:32:42: COM PORT CLOSE ... OK
2014/11/04 10:32:42: 
2014/11/04 10:32:42: ==== Processing was completed ====
2014/11/04 10:32:42: 
*************************************************


*********** Start the Initialize Key Check **********
2014/11/04 10:35:42: Tool Ver: 2013.0605.01
2014/11/04 10:35:42: COM PORT OPEN ... OK
2014/11/04 10:35:42:
2014/11/04 10:35:42: ProductS/N:  VRW06A114Y00104
2014/11/04 10:35:42: TID: 86042B35D2E52080
2014/11/04 10:35:42: F/W Version: 00.00.08
2014/11/04 10:35:42:
2014/11/04 10:35:42: MasterKey Key Entry ... OK
2014/11/04 10:35:42: PowerON Counter Key Entry ... OK
2014/11/04 10:35:42: Key Entry ... OK
2014/11/04 10:35:42: Complete.
2014/11/04 10:35:42: COM PORT CLOSE ... OK
2014/11/04 10:35:42: 
2014/11/04 10:35:42: ==== Processing was completed ====
2014/11/04 10:35:42: 
*************************************************


*********** Start the Initialize Key Check **********
2014/11/04 10:38:26: Tool Ver: 2013.0605.01
2014/11/04 10:38:26: COM PORT OPEN ... OK
2014/11/04 10:38:26:
2014/11/04 10:38:26: ProductS/N:  VRW06A114Y00071
2014/11/04 10:38:26: TID: 8604353DD2E52080
2014/11/04 10:38:26: F/W Version: 00.00.08
2014/11/04 10:38:26:
2014/11/04 10:38:26: MasterKey Key Entry ... OK
2014/11/04 10:38:26: PowerON Counter Key Entry ... OK
2014/11/04 10:38:27: Key Entry ... OK
2014/11/04 10:38:27: Complete.
2014/11/04 10:38:27: COM PORT CLOSE ... OK
2014/11/04 10:38:27: 
2014/11/04 10:38:27: ==== Processing was completed ====
2014/11/04 10:38:27: 
*************************************************


*********** Start the Initialize Key Check **********
2014/11/04 10:42:59: Tool Ver: 2013.0605.01
2014/11/04 10:42:59: COM PORT OPEN ... OK
2014/11/04 10:42:59:
2014/11/04 10:42:59: ProductS/N:  VRW06A114Y00072
2014/11/04 10:42:59: TID: 86042B36D2E52080
2014/11/04 10:42:59: F/W Version: 00.00.08
2014/11/04 10:42:59:
2014/11/04 10:42:59: MasterKey Key Entry ... OK
2014/11/04 10:42:59: PowerON Counter Key Entry ... OK
2014/11/04 10:43:00: Key Entry ... OK
2014/11/04 10:43:00: Complete.
2014/11/04 10:43:00: COM PORT CLOSE ... OK
2014/11/04 10:43:00: 
2014/11/04 10:43:00: ==== Processing was completed ====
2014/11/04 10:43:00: 
*************************************************


*********** Start the Initialize Key Check **********
2014/11/04 10:46:02: Tool Ver: 2013.0605.01
2014/11/04 10:46:02: COM PORT OPEN ... OK
2014/11/04 10:46:02:
2014/11/04 10:46:02: ProductS/N:  VRW06A114Y00103
2014/11/04 10:46:02: TID: 8604233AD2E52080
2014/11/04 10:46:02: F/W Version: 00.00.08
2014/11/04 10:46:02:
2014/11/04 10:46:02: MasterKey Key Entry ... OK
2014/11/04 10:46:02: PowerON Counter Key Entry ... OK
2014/11/04 10:46:03: Key Entry ... OK
2014/11/04 10:46:03: Complete.
2014/11/04 10:46:03: COM PORT CLOSE ... OK
2014/11/04 10:46:03: 
2014/11/04 10:46:03: ==== Processing was completed ====
2014/11/04 10:46:03: 
*************************************************


*********** Start the Initialize Key Check **********
2014/11/04 10:48:45: Tool Ver: 2013.0605.01
2014/11/04 10:48:45: COM PORT OPEN ... OK
2014/11/04 10:48:45:
2014/11/04 10:48:45: ProductS/N:  VRW06A114Y00091
2014/11/04 10:48:45: TID: 86043735D2E52080
2014/11/04 10:48:45: F/W Version: 00.00.08
2014/11/04 10:48:45:
2014/11/04 10:48:45: MasterKey Key Entry ... OK
2014/11/04 10:48:45: PowerON Counter Key Entry ... OK
2014/11/04 10:48:45: Key Entry ... OK
2014/11/04 10:48:45: Complete.
2014/11/04 10:48:45: COM PORT CLOSE ... OK
2014/11/04 10:48:45: 
2014/11/04 10:48:45: ==== Processing was completed ====
2014/11/04 10:48:45: 
*************************************************


*********** Start the Initialize Key Check **********
2014/11/04 10:51:55: Tool Ver: 2013.0605.01
2014/11/04 10:51:55: COM PORT OPEN ... OK
2014/11/04 10:51:55:
2014/11/04 10:51:55: ProductS/N:  VRW06A114Y00065
2014/11/04 10:51:55: TID: 86042A292AE62080
2014/11/04 10:51:55: F/W Version: 00.00.08
2014/11/04 10:51:55:
2014/11/04 10:51:55: MasterKey Key Entry ... OK
2014/11/04 10:51:55: PowerON Counter Key Entry ... OK
2014/11/04 10:51:56: Key Entry ... OK
2014/11/04 10:51:56: Complete.
2014/11/04 10:51:56: COM PORT CLOSE ... OK
2014/11/04 10:51:56: 
2014/11/04 10:51:56: ==== Processing was completed ====
2014/11/04 10:51:56: 
*************************************************


*********** Start the Initialize Key Check **********
2014/11/04 10:54:50: Tool Ver: 2013.0605.01
2014/11/04 10:54:50: COM PORT OPEN ... OK
2014/11/04 10:54:50:
2014/11/04 10:54:50: ProductS/N:  VRW06A114Y00109
2014/11/04 10:54:50: TID: 86042609CAE52080
2014/11/04 10:54:50: F/W Version: 00.00.08
2014/11/04 10:54:50:
2014/11/04 10:54:50: MasterKey Key Entry ... OK
2014/11/04 10:54:50: PowerON Counter Key Entry ... OK
2014/11/04 10:54:51: Key Entry ... OK
2014/11/04 10:54:51: Complete.
2014/11/04 10:54:51: COM PORT CLOSE ... OK
2014/11/04 10:54:51: 
2014/11/04 10:54:51: ==== Processing was completed ====
2014/11/04 10:54:51: 
*************************************************


*********** Start the Initialize Key Check **********
2014/11/04 10:57:05: Tool Ver: 2013.0605.01
2014/11/04 10:57:05: COM PORT OPEN ... OK
2014/11/04 10:57:06:
2014/11/04 10:57:06: ProductS/N:  VRW06A114Y00098
2014/11/04 10:57:06: TID: 860435242AE62080
2014/11/04 10:57:06: F/W Version: 00.00.08
2014/11/04 10:57:06:
2014/11/04 10:57:06: MasterKey Key Entry ... OK
2014/11/04 10:57:06: PowerON Counter Key Entry ... OK
2014/11/04 10:57:06: Key Entry ... OK
2014/11/04 10:57:06: Complete.
2014/11/04 10:57:06: COM PORT CLOSE ... OK
2014/11/04 10:57:06: 
2014/11/04 10:57:06: ==== Processing was completed ====
2014/11/04 10:57:06: 
*************************************************


*********** Start the Initialize Key Check **********
2014/11/04 10:59:59: Tool Ver: 2013.0605.01
2014/11/04 10:59:59: COM PORT OPEN ... OK
2014/11/04 10:59:59:
2014/11/04 10:59:59: ProductS/N:  VRW06A114Y00106
2014/11/04 10:59:59: TID: 86041B3DD2E52080
2014/11/04 10:59:59: F/W Version: 00.00.08
2014/11/04 10:59:59:
2014/11/04 10:59:59: MasterKey Key Entry ... OK
2014/11/04 10:59:59: PowerON Counter Key Entry ... OK
2014/11/04 11:00:00: Key Entry ... OK
2014/11/04 11:00:00: Complete.
2014/11/04 11:00:00: COM PORT CLOSE ... OK
2014/11/04 11:00:00: 
2014/11/04 11:00:00: ==== Processing was completed ====
2014/11/04 11:00:00: 
*************************************************


*********** Start the Initialize Key Check **********
2014/11/04 11:03:00: Tool Ver: 2013.0605.01
2014/11/04 11:03:00: COM PORT OPEN ... OK
2014/11/04 11:03:00:
2014/11/04 11:03:00: ProductS/N:  VRW06A114Y00073
2014/11/04 11:03:00: TID: 86043739D2E52080
2014/11/04 11:03:00: F/W Version: 00.00.08
2014/11/04 11:03:00:
2014/11/04 11:03:00: MasterKey Key Entry ... OK
2014/11/04 11:03:00: PowerON Counter Key Entry ... OK
2014/11/04 11:03:01: Key Entry ... OK
2014/11/04 11:03:01: Complete.
2014/11/04 11:03:01: COM PORT CLOSE ... OK
2014/11/04 11:03:01: 
2014/11/04 11:03:01: ==== Processing was completed ====
2014/11/04 11:03:01: 
*************************************************


*********** Start the Initialize Key Check **********
2014/11/04 11:08:08: Tool Ver: 2013.0605.01
2014/11/04 11:08:08: COM PORT OPEN ... OK
2014/11/04 11:08:08:
2014/11/04 11:08:08: ProductS/N:  VRW06A114Y00107
2014/11/04 11:08:08: TID: 8604273DD2E52080
2014/11/04 11:08:08: F/W Version: 00.00.08
2014/11/04 11:08:08:
2014/11/04 11:08:08: MasterKey Key Entry ... OK
2014/11/04 11:08:08: PowerON Counter Key Entry ... OK
2014/11/04 11:08:09: Key Entry ... OK
2014/11/04 11:08:09: Complete.
2014/11/04 11:08:09: COM PORT CLOSE ... OK
2014/11/04 11:08:09: 
2014/11/04 11:08:09: ==== Processing was completed ====
2014/11/04 11:08:09: 
*************************************************


*********** Start the Initialize Key Check **********
2014/11/04 11:09:47: Tool Ver: 2013.0605.01
2014/11/04 11:09:47: COM PORT OPEN ... OK
2014/11/04 11:09:47:
2014/11/04 11:09:47: ProductS/N:  VRW06A114Y00092
2014/11/04 11:09:47: TID: 86042E3AD2E52080
2014/11/04 11:09:47: F/W Version: 00.00.08
2014/11/04 11:09:47:
2014/11/04 11:09:47: MasterKey Key Entry ... OK
2014/11/04 11:09:47: PowerON Counter Key Entry ... OK
2014/11/04 11:09:47: Key Entry ... OK
2014/11/04 11:09:47: Complete.
2014/11/04 11:09:47: COM PORT CLOSE ... OK
2014/11/04 11:09:47: 
2014/11/04 11:09:47: ==== Processing was completed ====
2014/11/04 11:09:47: 
*************************************************


*********** Start the Initialize Key Check **********
2014/11/04 11:11:42: Tool Ver: 2013.0605.01
2014/11/04 11:11:42: COM PORT OPEN ... OK
2014/11/04 11:11:43:
2014/11/04 11:11:43: ProductS/N:  VRW06A114Y00105
2014/11/04 11:11:43: TID: 86041439D2E52080
2014/11/04 11:11:43: F/W Version: 00.00.08
2014/11/04 11:11:43:
2014/11/04 11:11:43: MasterKey Key Entry ... OK
2014/11/04 11:11:43: PowerON Counter Key Entry ... OK
2014/11/04 11:11:43: Key Entry ... OK
2014/11/04 11:11:43: Complete.
2014/11/04 11:11:43: COM PORT CLOSE ... OK
2014/11/04 11:11:43: 
2014/11/04 11:11:43: ==== Processing was completed ====
2014/11/04 11:11:43: 
*************************************************


*********** Start the Initialize Key Check **********
2014/11/04 11:21:59: Tool Ver: 2013.0605.01
2014/11/04 11:21:59: COM PORT OPEN ... OK
2014/11/04 11:21:59:
2014/11/04 11:21:59: ProductS/N:  VRW06A114Y00097
2014/11/04 11:21:59: TID: 860407262AE62080
2014/11/04 11:21:59: F/W Version: 00.00.08
2014/11/04 11:21:59:
2014/11/04 11:21:59: MasterKey Key Entry ... OK
2014/11/04 11:21:59: PowerON Counter Key Entry ... OK
2014/11/04 11:22:00: Key Entry ... OK
2014/11/04 11:22:00: Complete.
2014/11/04 11:22:00: COM PORT CLOSE ... OK
2014/11/04 11:22:00: 
2014/11/04 11:22:00: ==== Processing was completed ====
2014/11/04 11:22:00: 
*************************************************


*********** Start the Initialize Key Check **********
2014/11/04 11:35:29: Tool Ver: 2013.0605.01
2014/11/04 11:35:29: COM PORT OPEN ... OK
2014/11/04 11:35:29:
2014/11/04 11:35:29: ProductS/N:  VRW06A114Y00081
2014/11/04 11:35:29: TID: 8604173FD2E52080
2014/11/04 11:35:29: F/W Version: 00.00.08
2014/11/04 11:35:29:
2014/11/04 11:35:29: MasterKey Key Entry ... OK
2014/11/04 11:35:29: PowerON Counter Key Entry ... OK
2014/11/04 11:35:30: Key Entry ... OK
2014/11/04 11:35:30: Complete.
2014/11/04 11:35:30: COM PORT CLOSE ... OK
2014/11/04 11:35:30: 
2014/11/04 11:35:30: ==== Processing was completed ====
2014/11/04 11:35:30: 
*************************************************


*********** Start the Initialize Key Check **********
2014/11/04 11:39:18: Tool Ver: 2013.0605.01
2014/11/04 11:39:18: COM PORT OPEN ... OK
2014/11/04 11:39:18:
2014/11/04 11:39:18: ProductS/N:  VRW06A114Y00111
2014/11/04 11:39:18: TID: 86041F35D2E52080
2014/11/04 11:39:18: F/W Version: 00.00.08
2014/11/04 11:39:18:
2014/11/04 11:39:18: MasterKey Key Entry ... OK
2014/11/04 11:39:18: PowerON Counter Key Entry ... OK
2014/11/04 11:39:19: Key Entry ... OK
2014/11/04 11:39:19: Complete.
2014/11/04 11:39:19: COM PORT CLOSE ... OK
2014/11/04 11:39:19: 
2014/11/04 11:39:19: ==== Processing was completed ====
2014/11/04 11:39:19: 
*************************************************


*********** Start the Initialize Key Check **********
2014/11/04 11:43:36: Tool Ver: 2013.0605.01
2014/11/04 11:43:36: COM PORT OPEN ... OK
2014/11/04 11:43:36:
2014/11/04 11:43:36: ProductS/N:  VRW06A114Y00114
2014/11/04 11:43:36: TID: 8604143CD2E52080
2014/11/04 11:43:36: F/W Version: 00.00.08
2014/11/04 11:43:36:
2014/11/04 11:43:36: MasterKey Key Entry ... OK
2014/11/04 11:43:36: PowerON Counter Key Entry ... OK
2014/11/04 11:43:37: Key Entry ... OK
2014/11/04 11:43:37: Complete.
2014/11/04 11:43:37: COM PORT CLOSE ... OK
2014/11/04 11:43:37: 
2014/11/04 11:43:37: ==== Processing was completed ====
2014/11/04 11:43:37: 
*************************************************


*********** Start the Initialize Key Check **********
2014/11/04 13:02:53: Tool Ver: 2013.0605.01
2014/11/04 13:02:53: COM PORT OPEN ... OK
2014/11/04 13:02:54:
2014/11/04 13:02:54: ProductS/N:  VRW06A114Y00088
2014/11/04 13:02:54: TID: 86043135D2E52080
2014/11/04 13:02:54: F/W Version: 00.00.08
2014/11/04 13:02:54:
2014/11/04 13:02:54: MasterKey Key Entry ... OK
2014/11/04 13:02:54: PowerON Counter Key Entry ... OK
2014/11/04 13:02:54: Key Entry ... OK
2014/11/04 13:02:54: Complete.
2014/11/04 13:02:54: COM PORT CLOSE ... OK
2014/11/04 13:02:54: 
2014/11/04 13:02:54: ==== Processing was completed ====
2014/11/04 13:02:54: 
*************************************************


*********** Start the Initialize Key Check **********
2014/11/04 13:10:32: Tool Ver: 2013.0605.01
2014/11/04 13:10:32: COM PORT OPEN ... OK
2014/11/04 13:10:32:
2014/11/04 13:10:32: ProductS/N:  VRW06A114Y00069
2014/11/04 13:10:32: TID: 86042930D2E52080
2014/11/04 13:10:32: F/W Version: 00.00.08
2014/11/04 13:10:32:
2014/11/04 13:10:32: MasterKey Key Entry ... OK
2014/11/04 13:10:32: PowerON Counter Key Entry ... OK
2014/11/04 13:10:32: Key Entry ... OK
2014/11/04 13:10:32: Complete.
2014/11/04 13:10:32: COM PORT CLOSE ... OK
2014/11/04 13:10:32: 
2014/11/04 13:10:32: ==== Processing was completed ====
2014/11/04 13:10:32: 
*************************************************


*********** Start the Initialize Key Check **********
2014/11/04 13:14:50: Tool Ver: 2013.0605.01
2014/11/04 13:14:50: COM PORT OPEN ... OK
2014/11/04 13:14:50:
2014/11/04 13:14:50: ProductS/N:  VRW06A114Y00118
2014/11/04 13:14:50: TID: 86041E39D2E52080
2014/11/04 13:14:50: F/W Version: 00.00.08
2014/11/04 13:14:50:
2014/11/04 13:14:50: MasterKey Key Entry ... OK
2014/11/04 13:14:50: PowerON Counter Key Entry ... OK
2014/11/04 13:14:51: Key Entry ... OK
2014/11/04 13:14:51: Complete.
2014/11/04 13:14:51: COM PORT CLOSE ... OK
2014/11/04 13:14:51: 
2014/11/04 13:14:51: ==== Processing was completed ====
2014/11/04 13:14:51: 
*************************************************


*********** Start the Initialize Key Check **********
2014/11/04 13:18:11: Tool Ver: 2013.0605.01
2014/11/04 13:18:11: COM PORT OPEN ... OK
2014/11/04 13:18:11:
2014/11/04 13:18:11: ProductS/N:  VRW06A114Y00121
2014/11/04 13:18:11: TID: 86042A35D2E52080
2014/11/04 13:18:11: F/W Version: 00.00.08
2014/11/04 13:18:11:
2014/11/04 13:18:11: MasterKey Key Entry ... OK
2014/11/04 13:18:11: PowerON Counter Key Entry ... OK
2014/11/04 13:18:12: Key Entry ... OK
2014/11/04 13:18:12: Complete.
2014/11/04 13:18:12: COM PORT CLOSE ... OK
2014/11/04 13:18:12: 
2014/11/04 13:18:12: ==== Processing was completed ====
2014/11/04 13:18:12: 
*************************************************


*********** Start the Initialize Key Check **********
2014/11/04 13:24:34: Tool Ver: 2013.0605.01
2014/11/04 13:24:34: COM PORT OPEN ... OK
2014/11/04 13:24:34:
2014/11/04 13:24:34: ProductS/N:  VRW06A114Y00093
2014/11/04 13:24:34: TID: 86040A2DD2E52080
2014/11/04 13:24:34: F/W Version: 00.00.08
2014/11/04 13:24:34:
2014/11/04 13:24:35: MasterKey Key Entry ... OK
2014/11/04 13:24:35: PowerON Counter Key Entry ... OK
2014/11/04 13:24:35: Key Entry ... OK
2014/11/04 13:24:35: Complete.
2014/11/04 13:24:35: COM PORT CLOSE ... OK
2014/11/04 13:24:35: 
2014/11/04 13:24:35: ==== Processing was completed ====
2014/11/04 13:24:35: 
*************************************************


*********** Start the Initialize Key Check **********
2014/11/04 13:28:11: Tool Ver: 2013.0605.01
2014/11/04 13:28:11: COM PORT OPEN ... OK
2014/11/04 13:28:11:
2014/11/04 13:28:11: ProductS/N:  VRW06A114Y00115
2014/11/04 13:28:11: TID: 8604193CD2E52080
2014/11/04 13:28:11: F/W Version: 00.00.08
2014/11/04 13:28:11:
2014/11/04 13:28:11: MasterKey Key Entry ... OK
2014/11/04 13:28:11: PowerON Counter Key Entry ... OK
2014/11/04 13:28:12: Key Entry ... OK
2014/11/04 13:28:12: Complete.
2014/11/04 13:28:12: COM PORT CLOSE ... OK
2014/11/04 13:28:12: 
2014/11/04 13:28:12: ==== Processing was completed ====
2014/11/04 13:28:12: 
*************************************************


*********** Start the Initialize Key Check **********
2014/11/04 13:30:29: Tool Ver: 2013.0605.01
2014/11/04 13:30:29: COM PORT OPEN ... OK
2014/11/04 13:30:29:
2014/11/04 13:30:29: ProductS/N:  VRW06A114Y00068
2014/11/04 13:30:29: TID: 86042E34D2E52080
2014/11/04 13:30:29: F/W Version: 00.00.08
2014/11/04 13:30:29:
2014/11/04 13:30:29: MasterKey Key Entry ... OK
2014/11/04 13:30:29: PowerON Counter Key Entry ... OK
2014/11/04 13:30:30: Key Entry ... OK
2014/11/04 13:30:30: Complete.
2014/11/04 13:30:30: COM PORT CLOSE ... OK
2014/11/04 13:30:30: 
2014/11/04 13:30:30: ==== Processing was completed ====
2014/11/04 13:30:30: 
*************************************************


*********** Start the Initialize Key Check **********
2014/11/04 13:36:13: Tool Ver: 2013.0605.01
2014/11/04 13:36:13: COM PORT OPEN ... OK
2014/11/04 13:36:13:
2014/11/04 13:36:13: ProductS/N:  VRW06A114Y00110
2014/11/04 13:36:13: TID: 8604333DD2E52080
2014/11/04 13:36:13: F/W Version: 00.00.08
2014/11/04 13:36:13:
2014/11/04 13:36:13: MasterKey Key Entry ... OK
2014/11/04 13:36:13: PowerON Counter Key Entry ... OK
2014/11/04 13:36:14: Key Entry ... OK
2014/11/04 13:36:14: Complete.
2014/11/04 13:36:14: COM PORT CLOSE ... OK
2014/11/04 13:36:14: 
2014/11/04 13:36:14: ==== Processing was completed ====
2014/11/04 13:36:14: 
*************************************************


*********** Start the Initialize Key Check **********
2014/11/04 13:38:45: Tool Ver: 2013.0605.01
2014/11/04 13:38:45: COM PORT OPEN ... OK
2014/11/04 13:38:45:
2014/11/04 13:38:45: ProductS/N:  VRW06A114Y00123
2014/11/04 13:38:45: TID: 86042F3ED2E52080
2014/11/04 13:38:45: F/W Version: 00.00.08
2014/11/04 13:38:45:
2014/11/04 13:38:45: MasterKey Key Entry ... OK
2014/11/04 13:38:45: PowerON Counter Key Entry ... OK
2014/11/04 13:38:46: Key Entry ... OK
2014/11/04 13:38:46: Complete.
2014/11/04 13:38:46: COM PORT CLOSE ... OK
2014/11/04 13:38:46: 
2014/11/04 13:38:46: ==== Processing was completed ====
2014/11/04 13:38:46: 
*************************************************


*********** Start the Initialize Key Check **********
2014/11/04 13:41:58: Tool Ver: 2013.0605.01
2014/11/04 13:41:58: COM PORT OPEN ... OK
2014/11/04 13:41:58:
2014/11/04 13:41:58: ProductS/N:  VRW06A114Y00101
2014/11/04 13:41:58: TID: 86042F3AD2E52080
2014/11/04 13:41:58: F/W Version: 00.00.08
2014/11/04 13:41:58:
2014/11/04 13:41:58: MasterKey Key Entry ... OK
2014/11/04 13:41:58: PowerON Counter Key Entry ... OK
2014/11/04 13:41:59: Key Entry ... OK
2014/11/04 13:41:59: Complete.
2014/11/04 13:41:59: COM PORT CLOSE ... OK
2014/11/04 13:41:59: 
2014/11/04 13:41:59: ==== Processing was completed ====
2014/11/04 13:41:59: 
*************************************************


*********** Start the Initialize Key Check **********
2014/11/04 13:46:31: Tool Ver: 2013.0605.01
2014/11/04 13:46:31: COM PORT OPEN ... OK
2014/11/04 13:46:31:
2014/11/04 13:46:31: ProductS/N:  VRW06A114Y00125
2014/11/04 13:46:31: TID: 86042004CAE52080
2014/11/04 13:46:31: F/W Version: 00.00.08
2014/11/04 13:46:31:
2014/11/04 13:46:31: MasterKey Key Entry ... OK
2014/11/04 13:46:31: PowerON Counter Key Entry ... OK
2014/11/04 13:46:32: Key Entry ... OK
2014/11/04 13:46:32: Complete.
2014/11/04 13:46:32: COM PORT CLOSE ... OK
2014/11/04 13:46:32: 
2014/11/04 13:46:32: ==== Processing was completed ====
2014/11/04 13:46:32: 
*************************************************


*********** Start the Initialize Key Check **********
2014/11/04 13:48:45: Tool Ver: 2013.0605.01
2014/11/04 13:48:45: COM PORT OPEN ... OK
2014/11/04 13:48:45:
2014/11/04 13:48:45: ProductS/N:  VRW06A114Y00108
2014/11/04 13:48:45: TID: 8604333FD2E52080
2014/11/04 13:48:45: F/W Version: 00.00.08
2014/11/04 13:48:45:
2014/11/04 13:48:45: MasterKey Key Entry ... OK
2014/11/04 13:48:45: PowerON Counter Key Entry ... OK
2014/11/04 13:48:46: Key Entry ... OK
2014/11/04 13:48:46: Complete.
2014/11/04 13:48:46: COM PORT CLOSE ... OK
2014/11/04 13:48:46: 
2014/11/04 13:48:46: ==== Processing was completed ====
2014/11/04 13:48:46: 
*************************************************


*********** Start the Initialize Key Check **********
2014/11/04 13:50:47: Tool Ver: 2013.0605.01
2014/11/04 13:50:47: COM PORT OPEN ... OK
2014/11/04 13:50:47:
2014/11/04 13:50:47: ProductS/N:  VRW06A114Y00127
2014/11/04 13:50:47: TID: 86042939D2E52080
2014/11/04 13:50:47: F/W Version: 00.00.08
2014/11/04 13:50:47:
2014/11/04 13:50:47: MasterKey Key Entry ... OK
2014/11/04 13:50:47: PowerON Counter Key Entry ... OK
2014/11/04 13:50:48: Key Entry ... OK
2014/11/04 13:50:48: Complete.
2014/11/04 13:50:48: COM PORT CLOSE ... OK
2014/11/04 13:50:48: 
2014/11/04 13:50:48: ==== Processing was completed ====
2014/11/04 13:50:48: 
*************************************************


*********** Start the Initialize Key Check **********
2014/11/04 13:58:40: Tool Ver: 2013.0605.01
2014/11/04 13:58:40: COM PORT OPEN ... OK
2014/11/04 13:58:40:
2014/11/04 13:58:40: ProductS/N:  VRW06A114Y00082
2014/11/04 13:58:40: TID: 8604343DD2E52080
2014/11/04 13:58:40: F/W Version: 00.00.08
2014/11/04 13:58:40:
2014/11/04 13:58:40: MasterKey Key Entry ... OK
2014/11/04 13:58:40: PowerON Counter Key Entry ... OK
2014/11/04 13:58:41: Key Entry ... OK
2014/11/04 13:58:41: Complete.
2014/11/04 13:58:41: COM PORT CLOSE ... OK
2014/11/04 13:58:41: 
2014/11/04 13:58:41: ==== Processing was completed ====
2014/11/04 13:58:41: 
*************************************************


*********** Start the Initialize Key Check **********
2014/11/04 14:00:31: Tool Ver: 2013.0605.01
2014/11/04 14:00:31: COM PORT OPEN ... OK
2014/11/04 14:00:31:
2014/11/04 14:00:31: ProductS/N:  VRW06A114Y00080
2014/11/04 14:00:31: TID: 86041B03CAE52080
2014/11/04 14:00:31: F/W Version: 00.00.08
2014/11/04 14:00:31:
2014/11/04 14:00:31: MasterKey Key Entry ... OK
2014/11/04 14:00:31: PowerON Counter Key Entry ... OK
2014/11/04 14:00:32: Key Entry ... OK
2014/11/04 14:00:32: Complete.
2014/11/04 14:00:32: COM PORT CLOSE ... OK
2014/11/04 14:00:32: 
2014/11/04 14:00:32: ==== Processing was completed ====
2014/11/04 14:00:32: 
*************************************************


*********** Start the Initialize Key Check **********
2014/11/04 14:06:27: Tool Ver: 2013.0605.01
2014/11/04 14:06:27: COM PORT OPEN ... OK
2014/11/04 14:06:27:
2014/11/04 14:06:27: ProductS/N:  VRW06A114Y00084
2014/11/04 14:06:27: TID: 86042D3AD2E52080
2014/11/04 14:06:27: F/W Version: 00.00.08
2014/11/04 14:06:27:
2014/11/04 14:06:27: MasterKey Key Entry ... OK
2014/11/04 14:06:27: PowerON Counter Key Entry ... OK
2014/11/04 14:06:27: Key Entry ... OK
2014/11/04 14:06:27: Complete.
2014/11/04 14:06:27: COM PORT CLOSE ... OK
2014/11/04 14:06:27: 
2014/11/04 14:06:27: ==== Processing was completed ====
2014/11/04 14:06:27: 
*************************************************


*********** Start the Initialize Key Check **********
2014/11/04 14:16:58: Tool Ver: 2013.0605.01
2014/11/04 14:16:58: COM PORT OPEN ... OK
2014/11/04 14:16:58:
2014/11/04 14:16:58: ProductS/N:  VRW06A114Y00079
2014/11/04 14:16:58: TID: 86043436D2E52080
2014/11/04 14:16:58: F/W Version: 00.00.08
2014/11/04 14:16:58:
2014/11/04 14:16:58: MasterKey Key Entry ... OK
2014/11/04 14:16:59: PowerON Counter Key Entry ... OK
2014/11/04 14:16:59: Key Entry ... OK
2014/11/04 14:16:59: Complete.
2014/11/04 14:16:59: COM PORT CLOSE ... OK
2014/11/04 14:16:59: 
2014/11/04 14:16:59: ==== Processing was completed ====
2014/11/04 14:16:59: 
*************************************************


*********** Start the Initialize Key Check **********
2014/11/04 14:19:49: Tool Ver: 2013.0605.01
2014/11/04 14:19:49: COM PORT OPEN ... OK
2014/11/04 14:19:49:
2014/11/04 14:19:49: ProductS/N:  VRW06A114Y00126
2014/11/04 14:19:49: TID: 86043639D2E52080
2014/11/04 14:19:49: F/W Version: 00.00.08
2014/11/04 14:19:49:
2014/11/04 14:19:49: MasterKey Key Entry ... OK
2014/11/04 14:19:49: PowerON Counter Key Entry ... OK
2014/11/04 14:19:50: Key Entry ... OK
2014/11/04 14:19:50: Complete.
2014/11/04 14:19:50: COM PORT CLOSE ... OK
2014/11/04 14:19:50: 
2014/11/04 14:19:50: ==== Processing was completed ====
2014/11/04 14:19:50: 
*************************************************


*********** Start the Initialize Key Check **********
2014/11/04 14:22:18: Tool Ver: 2013.0605.01
2014/11/04 14:22:18: COM PORT OPEN ... OK
2014/11/04 14:22:18:
2014/11/04 14:22:18: ProductS/N:  VRW06A114Y00117
2014/11/04 14:22:18: TID: 86042F34D2E52080
2014/11/04 14:22:18: F/W Version: 00.00.08
2014/11/04 14:22:18:
2014/11/04 14:22:18: MasterKey Key Entry ... OK
2014/11/04 14:22:18: PowerON Counter Key Entry ... OK
2014/11/04 14:22:19: Key Entry ... OK
2014/11/04 14:22:19: Complete.
2014/11/04 14:22:19: COM PORT CLOSE ... OK
2014/11/04 14:22:19: 
2014/11/04 14:22:19: ==== Processing was completed ====
2014/11/04 14:22:19: 
*************************************************


*********** Start the Initialize Key Check **********
2014/11/04 14:24:22: Tool Ver: 2013.0605.01
2014/11/04 14:24:22: COM PORT OPEN ... OK
2014/11/04 14:24:23:
2014/11/04 14:24:23: ProductS/N:  VRW06A114Y00119
2014/11/04 14:24:23: TID: 86043737D2E52080
2014/11/04 14:24:23: F/W Version: 00.00.08
2014/11/04 14:24:23:
2014/11/04 14:24:23: MasterKey Key Entry ... OK
2014/11/04 14:24:23: PowerON Counter Key Entry ... OK
2014/11/04 14:24:23: Key Entry ... OK
2014/11/04 14:24:23: Complete.
2014/11/04 14:24:23: COM PORT CLOSE ... OK
2014/11/04 14:24:23: 
2014/11/04 14:24:23: ==== Processing was completed ====
2014/11/04 14:24:23: 
*************************************************


*********** Start the Initialize Key Check **********
2014/11/04 14:26:36: Tool Ver: 2013.0605.01
2014/11/04 14:26:36: COM PORT OPEN ... OK
2014/11/04 14:26:36:
2014/11/04 14:26:36: ProductS/N:  VRW06A114Y00107
2014/11/04 14:26:36: TID: 8604273DD2E52080
2014/11/04 14:26:36: F/W Version: 00.00.08
2014/11/04 14:26:36:
2014/11/04 14:26:36: MasterKey Key Entry ... OK
2014/11/04 14:26:36: PowerON Counter Key Entry ... OK
2014/11/04 14:26:37: Key Entry ... OK
2014/11/04 14:26:37: Complete.
2014/11/04 14:26:37: COM PORT CLOSE ... OK
2014/11/04 14:26:37: 
2014/11/04 14:26:37: ==== Processing was completed ====
2014/11/04 14:26:37: 
*************************************************


*********** Start the Initialize Key Check **********
2014/11/04 14:29:39: Tool Ver: 2013.0605.01
2014/11/04 14:29:39: COM PORT OPEN ... OK
2014/11/04 14:29:39:
2014/11/04 14:29:39: ProductS/N:  VRW06A114Y00130
2014/11/04 14:29:39: TID: 86041136D2E52080
2014/11/04 14:29:39: F/W Version: 00.00.08
2014/11/04 14:29:39:
2014/11/04 14:29:39: MasterKey Key Entry ... OK
2014/11/04 14:29:40: PowerON Counter Key Entry ... OK
2014/11/04 14:29:40: Key Entry ... OK
2014/11/04 14:29:40: Complete.
2014/11/04 14:29:40: COM PORT CLOSE ... OK
2014/11/04 14:29:40: 
2014/11/04 14:29:40: ==== Processing was completed ====
2014/11/04 14:29:40: 
*************************************************


*********** Start the Initialize Key Check **********
2014/11/04 14:31:37: Tool Ver: 2013.0605.01
2014/11/04 14:31:37: COM PORT OPEN ... OK
2014/11/04 14:31:37:
2014/11/04 14:31:37: ProductS/N:  VRW06A114Y00105
2014/11/04 14:31:37: TID: 86041439D2E52080
2014/11/04 14:31:37: F/W Version: 00.00.08
2014/11/04 14:31:37:
2014/11/04 14:31:37: MasterKey Key Entry ... OK
2014/11/04 14:31:37: PowerON Counter Key Entry ... OK
2014/11/04 14:31:38: Key Entry ... OK
2014/11/04 14:31:38: Complete.
2014/11/04 14:31:38: COM PORT CLOSE ... OK
2014/11/04 14:31:38: 
2014/11/04 14:31:38: ==== Processing was completed ====
2014/11/04 14:31:38: 
*************************************************


*********** Start the Initialize Key Check **********
2014/11/04 14:32:27: Tool Ver: 2013.0605.01
2014/11/04 14:32:27: COM PORT OPEN ... OK
2014/11/04 14:32:27:
2014/11/04 14:32:27: ProductS/N:  VRW06A114Y00124
2014/11/04 14:32:27: TID: 86041436D2E52080
2014/11/04 14:32:27: F/W Version: 00.00.08
2014/11/04 14:32:27:
2014/11/04 14:32:27: MasterKey Key Entry ... OK
2014/11/04 14:32:27: PowerON Counter Key Entry ... OK
2014/11/04 14:32:28: Key Entry ... OK
2014/11/04 14:32:28: Complete.
2014/11/04 14:32:28: COM PORT CLOSE ... OK
2014/11/04 14:32:28: 
2014/11/04 14:32:28: ==== Processing was completed ====
2014/11/04 14:32:28: 
*************************************************


*********** Start the Initialize Key Check **********
2014/11/04 14:34:09: Tool Ver: 2013.0605.01
2014/11/04 14:34:09: COM PORT OPEN ... OK
2014/11/04 14:34:09:
2014/11/04 14:34:09: ProductS/N:  VRW06A114Y00120
2014/11/04 14:34:09: TID: 86041E3CD2E52080
2014/11/04 14:34:09: F/W Version: 00.00.08
2014/11/04 14:34:09:
2014/11/04 14:34:09: MasterKey Key Entry ... OK
2014/11/04 14:34:09: PowerON Counter Key Entry ... OK
2014/11/04 14:34:10: Key Entry ... OK
2014/11/04 14:34:10: Complete.
2014/11/04 14:34:10: COM PORT CLOSE ... OK
2014/11/04 14:34:10: 
2014/11/04 14:34:10: ==== Processing was completed ====
2014/11/04 14:34:10: 
*************************************************


*********** Start the Initialize Key Check **********
2014/11/04 14:37:38: Tool Ver: 2013.0605.01
2014/11/04 14:37:38: COM PORT OPEN ... OK
2014/11/04 14:37:38:
2014/11/04 14:37:38: ProductS/N:  VRW06A114Y00116
2014/11/04 14:37:38: TID: 86041D3CD2E52080
2014/11/04 14:37:38: F/W Version: 00.00.08
2014/11/04 14:37:38:
2014/11/04 14:37:38: MasterKey Key Entry ... OK
2014/11/04 14:37:38: PowerON Counter Key Entry ... OK
2014/11/04 14:37:39: Key Entry ... OK
2014/11/04 14:37:39: Complete.
2014/11/04 14:37:39: COM PORT CLOSE ... OK
2014/11/04 14:37:39: 
2014/11/04 14:37:39: ==== Processing was completed ====
2014/11/04 14:37:39: 
*************************************************


*********** Start the Initialize Key Check **********
2014/11/04 14:40:33: Tool Ver: 2013.0605.01
2014/11/04 14:40:33: COM PORT OPEN ... OK
2014/11/04 14:40:33:
2014/11/04 14:40:33: ProductS/N:  VRW06A114Y00052
2014/11/04 14:40:33: TID: 8604283AD2E52080
2014/11/04 14:40:33: F/W Version: 00.00.08
2014/11/04 14:40:33:
2014/11/04 14:40:33: MasterKey Key Entry ... OK
2014/11/04 14:40:33: PowerON Counter Key Entry ... OK
2014/11/04 14:40:34: Key Entry ... OK
2014/11/04 14:40:34: Complete.
2014/11/04 14:40:34: COM PORT CLOSE ... OK
2014/11/04 14:40:34: 
2014/11/04 14:40:34: ==== Processing was completed ====
2014/11/04 14:40:34: 
*************************************************


*********** Start the Initialize Key Check **********
2014/11/04 14:43:07: Tool Ver: 2013.0605.01
2014/11/04 14:43:07: COM PORT OPEN ... OK
2014/11/04 14:43:07:
2014/11/04 14:43:07: ProductS/N:  VRW06A114Y00112
2014/11/04 14:43:07: TID: 86041738D2E52080
2014/11/04 14:43:07: F/W Version: 00.00.08
2014/11/04 14:43:07:
2014/11/04 14:43:07: MasterKey Key Entry ... OK
2014/11/04 14:43:07: PowerON Counter Key Entry ... OK
2014/11/04 14:43:08: Key Entry ... OK
2014/11/04 14:43:08: Complete.
2014/11/04 14:43:08: COM PORT CLOSE ... OK
2014/11/04 14:43:08: 
2014/11/04 14:43:08: ==== Processing was completed ====
2014/11/04 14:43:08: 
*************************************************


*********** Start the Initialize Key Check **********
2014/11/04 14:45:17: Tool Ver: 2013.0605.01
2014/11/04 14:45:17: COM PORT OPEN ... OK
2014/11/04 14:45:18:
2014/11/04 14:45:18: ProductS/N:  VRW06A114Y00122
2014/11/04 14:45:18: TID: 86043109CAE52080
2014/11/04 14:45:18: F/W Version: 00.00.08
2014/11/04 14:45:18:
2014/11/04 14:45:18: MasterKey Key Entry ... OK
2014/11/04 14:45:18: PowerON Counter Key Entry ... OK
2014/11/04 14:45:18: Key Entry ... OK
2014/11/04 14:45:18: Complete.
2014/11/04 14:45:18: COM PORT CLOSE ... OK
2014/11/04 14:45:18: 
2014/11/04 14:45:18: ==== Processing was completed ====
2014/11/04 14:45:18: 
*************************************************


*********** Start the Initialize Key Check **********
2014/11/04 14:50:53: Tool Ver: 2013.0605.01
2014/11/04 14:50:53: COM PORT OPEN ... OK
2014/11/04 14:50:53:
2014/11/04 14:50:53: ProductS/N:  VRW06A114Y00093
2014/11/04 14:50:53: TID: 86040A2DD2E52080
2014/11/04 14:50:53: F/W Version: 00.00.08
2014/11/04 14:50:53:
2014/11/04 14:50:53: MasterKey Key Entry ... OK
2014/11/04 14:50:53: PowerON Counter Key Entry ... OK
2014/11/04 14:50:54: Key Entry ... OK
2014/11/04 14:50:54: Complete.
2014/11/04 14:50:54: COM PORT CLOSE ... OK
2014/11/04 14:50:54: 
2014/11/04 14:50:54: ==== Processing was completed ====
2014/11/04 14:50:54: 
*************************************************


*********** Start the Initialize Key Check **********
2014/11/04 14:53:57: Tool Ver: 2013.0605.01
2014/11/04 14:53:57: COM PORT OPEN ... OK
2014/11/04 14:53:57:
2014/11/04 14:53:57: ProductS/N:  VRW06A114Y00113
2014/11/04 14:53:57: TID: 86040835D2E52080
2014/11/04 14:53:57: F/W Version: 00.00.08
2014/11/04 14:53:57:
2014/11/04 14:53:57: MasterKey Key Entry ... OK
2014/11/04 14:53:57: PowerON Counter Key Entry ... OK
2014/11/04 14:53:58: Key Entry ... OK
2014/11/04 14:53:58: Complete.
2014/11/04 14:53:58: COM PORT CLOSE ... OK
2014/11/04 14:53:58: 
2014/11/04 14:53:58: ==== Processing was completed ====
2014/11/04 14:53:58: 
*************************************************


*********** Start the Initialize Key Check **********
2014/11/04 15:16:39: Tool Ver: 2013.0605.01
2014/11/04 15:16:39: COM PORT OPEN ... OK
2014/11/04 15:16:39:
2014/11/04 15:16:39: ProductS/N:  VRW06A114Y00064
2014/11/04 15:16:39: TID: 860413242AE62080
2014/11/04 15:16:39: F/W Version: 00.00.08
2014/11/04 15:16:39:
2014/11/04 15:16:39: MasterKey Key Entry ... OK
2014/11/04 15:16:39: PowerON Counter Key Entry ... OK
2014/11/04 15:16:40: Key Entry ... OK
2014/11/04 15:16:40: Complete.
2014/11/04 15:16:40: COM PORT CLOSE ... OK
2014/11/04 15:16:40: 
2014/11/04 15:16:40: ==== Processing was completed ====
2014/11/04 15:16:40: 
*************************************************


*********** Start the Initialize Key Check **********
2014/11/04 15:22:59: Tool Ver: 2013.0605.01
2014/11/04 15:22:59: COM PORT OPEN ... OK
2014/11/04 15:22:59:
2014/11/04 15:22:59: ProductS/N:  VRW06A114Y00132
2014/11/04 15:22:59: TID: 86040F3DD2E52080
2014/11/04 15:22:59: F/W Version: 00.00.08
2014/11/04 15:22:59:
2014/11/04 15:22:59: MasterKey Key Entry ... OK
2014/11/04 15:22:59: PowerON Counter Key Entry ... OK
2014/11/04 15:22:59: Key Entry ... OK
2014/11/04 15:22:59: Complete.
2014/11/04 15:22:59: COM PORT CLOSE ... OK
2014/11/04 15:22:59: 
2014/11/04 15:22:59: ==== Processing was completed ====
2014/11/04 15:22:59: 
*************************************************


*********** Start the Initialize Key Check **********
2014/11/04 15:30:13: Tool Ver: 2013.0605.01
2014/11/04 15:30:13: COM PORT OPEN ... OK
2014/11/04 15:30:13:
2014/11/04 15:30:13: ProductS/N:  VRW06A114Y00135
2014/11/04 15:30:13: TID: 86040B2DD2E52080
2014/11/04 15:30:13: F/W Version: 00.00.08
2014/11/04 15:30:13:
2014/11/04 15:30:13: MasterKey Key Entry ... OK
2014/11/04 15:30:13: PowerON Counter Key Entry ... OK
2014/11/04 15:30:14: Key Entry ... OK
2014/11/04 15:30:14: Complete.
2014/11/04 15:30:14: COM PORT CLOSE ... OK
2014/11/04 15:30:14: 
2014/11/04 15:30:14: ==== Processing was completed ====
2014/11/04 15:30:14: 
*************************************************


*********** Start the Initialize Key Check **********
2014/11/04 15:32:19: Tool Ver: 2013.0605.01
2014/11/04 15:32:19: COM PORT OPEN ... OK
2014/11/04 15:32:19:
2014/11/04 15:32:19: ProductS/N:  VRW06A114Y00129
2014/11/04 15:32:19: TID: 86041E08CAE52080
2014/11/04 15:32:19: F/W Version: 00.00.08
2014/11/04 15:32:19:
2014/11/04 15:32:19: MasterKey Key Entry ... OK
2014/11/04 15:32:19: PowerON Counter Key Entry ... OK
2014/11/04 15:32:20: Key Entry ... OK
2014/11/04 15:32:20: Complete.
2014/11/04 15:32:20: COM PORT CLOSE ... OK
2014/11/04 15:32:20: 
2014/11/04 15:32:20: ==== Processing was completed ====
2014/11/04 15:32:20: 
*************************************************


*********** Start the Initialize Key Check **********
2014/11/04 15:35:02: Tool Ver: 2013.0605.01
2014/11/04 15:35:02: COM PORT OPEN ... OK
2014/11/04 15:35:02:
2014/11/04 15:35:02: ProductS/N:  VRW06A114Y00131
2014/11/04 15:35:02: TID: 8604223AD2E52080
2014/11/04 15:35:02: F/W Version: 00.00.08
2014/11/04 15:35:02:
2014/11/04 15:35:02: MasterKey Key Entry ... OK
2014/11/04 15:35:02: PowerON Counter Key Entry ... OK
2014/11/04 15:35:03: Key Entry ... OK
2014/11/04 15:35:03: Complete.
2014/11/04 15:35:03: COM PORT CLOSE ... OK
2014/11/04 15:35:03: 
2014/11/04 15:35:03: ==== Processing was completed ====
2014/11/04 15:35:03: 
*************************************************


*********** Start the Initialize Key Check **********
2014/11/04 15:49:22: Tool Ver: 2013.0605.01
2014/11/04 15:49:22: COM PORT OPEN ... OK
2014/11/04 15:49:22:
2014/11/04 15:49:22: ProductS/N:  VRW06A114Y00140
2014/11/04 15:49:22: TID: 8604173AD2E52080
2014/11/04 15:49:22: F/W Version: 00.00.08
2014/11/04 15:49:22:
2014/11/04 15:49:22: MasterKey Key Entry ... OK
2014/11/04 15:49:22: PowerON Counter Key Entry ... OK
2014/11/04 15:49:23: Key Entry ... OK
2014/11/04 15:49:23: Complete.
2014/11/04 15:49:23: COM PORT CLOSE ... OK
2014/11/04 15:49:23: 
2014/11/04 15:49:23: ==== Processing was completed ====
2014/11/04 15:49:23: 
*************************************************


*********** Start the Initialize Key Check **********
2014/11/04 16:12:41: Tool Ver: 2013.0605.01
2014/11/04 16:12:41: COM PORT OPEN ... OK
2014/11/04 16:12:41:
2014/11/04 16:12:41: ProductS/N:  VRW06A114Y00134
2014/11/04 16:12:41: TID: 86042C2FD2E52080
2014/11/04 16:12:41: F/W Version: 00.00.08
2014/11/04 16:12:41:
2014/11/04 16:12:41: MasterKey Key Entry ... OK
2014/11/04 16:12:41: PowerON Counter Key Entry ... OK
2014/11/04 16:12:42: Key Entry ... OK
2014/11/04 16:12:42: Complete.
2014/11/04 16:12:42: COM PORT CLOSE ... OK
2014/11/04 16:12:42: 
2014/11/04 16:12:42: ==== Processing was completed ====
2014/11/04 16:12:42: 
*************************************************


*********** Start the Initialize Key Check **********
2014/11/04 16:16:12: Tool Ver: 2013.0605.01
2014/11/04 16:16:12: COM PORT OPEN ... OK
2014/11/04 16:16:12:
2014/11/04 16:16:12: ProductS/N:  VRW06A114Y00113
2014/11/04 16:16:12: TID: 86040835D2E52080
2014/11/04 16:16:12: F/W Version: 00.00.08
2014/11/04 16:16:12:
2014/11/04 16:16:12: MasterKey Key Entry ... OK
2014/11/04 16:16:12: PowerON Counter Key Entry ... OK
2014/11/04 16:16:13: Key Entry ... OK
2014/11/04 16:16:13: Complete.
2014/11/04 16:16:13: COM PORT CLOSE ... OK
2014/11/04 16:16:13: 
2014/11/04 16:16:13: ==== Processing was completed ====
2014/11/04 16:16:13: 
*************************************************


*********** Start the Initialize Key Check **********
2014/11/04 16:20:08: Tool Ver: 2013.0605.01
2014/11/04 16:20:08: COM PORT OPEN ... OK
2014/11/04 16:20:08:
2014/11/04 16:20:08: ProductS/N:  VRW06A114900594
2014/11/04 16:20:08: TID: 86043231CAE52080
2014/11/04 16:20:08: F/W Version: 00.00.08
2014/11/04 16:20:08:
2014/11/04 16:20:08: MasterKey Key Entry ... OK
2014/11/04 16:20:08: PowerON Counter Key Entry ... OK
2014/11/04 16:20:09: Key Entry ... OK
2014/11/04 16:20:09: Complete.
2014/11/04 16:20:09: COM PORT CLOSE ... OK
2014/11/04 16:20:09: 
2014/11/04 16:20:09: ==== Processing was completed ====
2014/11/04 16:20:09: 
*************************************************


*********** Start the Initialize Key Check **********
2014/11/04 16:23:10: Tool Ver: 2013.0605.01
2014/11/04 16:23:10: COM PORT OPEN ... OK
2014/11/04 16:23:11:
2014/11/04 16:23:11: ProductS/N:  VRW06A114Y00052
2014/11/04 16:23:11: TID: 8604283AD2E52080
2014/11/04 16:23:11: F/W Version: 00.00.08
2014/11/04 16:23:11:
2014/11/04 16:23:11: MasterKey Key Entry ... OK
2014/11/04 16:23:11: PowerON Counter Key Entry ... OK
2014/11/04 16:23:11: Key Entry ... OK
2014/11/04 16:23:11: Complete.
2014/11/04 16:23:11: COM PORT CLOSE ... OK
2014/11/04 16:23:11: 
2014/11/04 16:23:11: ==== Processing was completed ====
2014/11/04 16:23:11: 
*************************************************


*********** Start the Initialize Key Check **********
2014/11/04 16:25:37: Tool Ver: 2013.0605.01
2014/11/04 16:25:37: COM PORT OPEN ... OK
2014/11/04 16:25:37:
2014/11/04 16:25:37: ProductS/N:  VRW06A114Y00128
2014/11/04 16:25:37: TID: 8604382DD2E52080
2014/11/04 16:25:37: F/W Version: 00.00.08
2014/11/04 16:25:37:
2014/11/04 16:25:37: MasterKey Key Entry ... OK
2014/11/04 16:25:37: PowerON Counter Key Entry ... OK
2014/11/04 16:25:38: Key Entry ... OK
2014/11/04 16:25:38: Complete.
2014/11/04 16:25:38: COM PORT CLOSE ... OK
2014/11/04 16:25:38: 
2014/11/04 16:25:38: ==== Processing was completed ====
2014/11/04 16:25:38: 
*************************************************


*********** Start the Initialize Key Check **********
2014/11/04 16:30:23: Tool Ver: 2013.0605.01
2014/11/04 16:30:23: COM PORT OPEN ... OK
2014/11/04 16:30:23:
2014/11/04 16:30:23: ProductS/N:  VRW06A114Y00141
2014/11/04 16:30:23: TID: 8604123ED2E52080
2014/11/04 16:30:23: F/W Version: 00.00.08
2014/11/04 16:30:23:
2014/11/04 16:30:23: MasterKey Key Entry ... OK
2014/11/04 16:30:23: PowerON Counter Key Entry ... OK
2014/11/04 16:30:24: Key Entry ... OK
2014/11/04 16:30:24: Complete.
2014/11/04 16:30:24: COM PORT CLOSE ... OK
2014/11/04 16:30:24: 
2014/11/04 16:30:24: ==== Processing was completed ====
2014/11/04 16:30:24: 
*************************************************


*********** Start the Initialize Key Check **********
2014/11/04 16:33:40: Tool Ver: 2013.0605.01
2014/11/04 16:33:40: COM PORT OPEN ... OK
2014/11/04 16:33:40:
2014/11/04 16:33:40: ProductS/N:  VRW06A114Y00145
2014/11/04 16:33:40: TID: 86041C36D2E52080
2014/11/04 16:33:40: F/W Version: 00.00.08
2014/11/04 16:33:40:
2014/11/04 16:33:40: MasterKey Key Entry ... OK
2014/11/04 16:33:40: PowerON Counter Key Entry ... OK
2014/11/04 16:33:41: Key Entry ... OK
2014/11/04 16:33:41: Complete.
2014/11/04 16:33:41: COM PORT CLOSE ... OK
2014/11/04 16:33:41: 
2014/11/04 16:33:41: ==== Processing was completed ====
2014/11/04 16:33:41: 
*************************************************


*********** Start the Initialize Key Check **********
2014/11/04 16:43:12: Tool Ver: 2013.0605.01
2014/11/04 16:43:12: COM PORT OPEN ... OK
2014/11/04 16:43:13:
2014/11/04 16:43:13: ProductS/N:  VRW06A114Y00150
2014/11/04 16:43:13: TID: 8604193BD2E52080
2014/11/04 16:43:13: F/W Version: 00.00.08
2014/11/04 16:43:13:
2014/11/04 16:43:13: MasterKey Key Entry ... OK
2014/11/04 16:43:13: PowerON Counter Key Entry ... OK
2014/11/04 16:43:13: Key Entry ... OK
2014/11/04 16:43:13: Complete.
2014/11/04 16:43:13: COM PORT CLOSE ... OK
2014/11/04 16:43:13: 
2014/11/04 16:43:13: ==== Processing was completed ====
2014/11/04 16:43:13: 
*************************************************


*********** Start the Initialize Key Check **********
2014/11/04 16:46:59: Tool Ver: 2013.0605.01
2014/11/04 16:46:59: COM PORT OPEN ... OK
2014/11/04 16:46:59:
2014/11/04 16:46:59: ProductS/N:  VRW06A114Y00142
2014/11/04 16:46:59: TID: 86041F08CAE52080
2014/11/04 16:46:59: F/W Version: 00.00.08
2014/11/04 16:46:59:
2014/11/04 16:46:59: MasterKey Key Entry ... OK
2014/11/04 16:46:59: PowerON Counter Key Entry ... OK
2014/11/04 16:47:00: Key Entry ... OK
2014/11/04 16:47:00: Complete.
2014/11/04 16:47:00: COM PORT CLOSE ... OK
2014/11/04 16:47:00: 
2014/11/04 16:47:00: ==== Processing was completed ====
2014/11/04 16:47:00: 
*************************************************


*********** Start the Initialize Key Check **********
2014/11/04 16:52:21: Tool Ver: 2013.0605.01
2014/11/04 16:52:21: COM PORT OPEN ... OK
2014/11/04 16:52:21:
2014/11/04 16:52:21: ProductS/N:  VRW06A114Y00144
2014/11/04 16:52:21: TID: 86042830D2E52080
2014/11/04 16:52:21: F/W Version: 00.00.08
2014/11/04 16:52:21:
2014/11/04 16:52:21: MasterKey Key Entry ... OK
2014/11/04 16:52:21: PowerON Counter Key Entry ... OK
2014/11/04 16:52:22: Key Entry ... OK
2014/11/04 16:52:22: Complete.
2014/11/04 16:52:22: COM PORT CLOSE ... OK
2014/11/04 16:52:22: 
2014/11/04 16:52:22: ==== Processing was completed ====
2014/11/04 16:52:22: 
*************************************************


*********** Start the Initialize Key Check **********
2014/11/04 16:55:38: Tool Ver: 2013.0605.01
2014/11/04 16:55:38: COM PORT OPEN ... OK
2014/11/04 16:55:38:
2014/11/04 16:55:38: ProductS/N:  VRW06A114Y00152
2014/11/04 16:55:38: TID: 8604372DD2E52080
2014/11/04 16:55:38: F/W Version: 00.00.08
2014/11/04 16:55:38:
2014/11/04 16:55:38: MasterKey Key Entry ... OK
2014/11/04 16:55:38: PowerON Counter Key Entry ... OK
2014/11/04 16:55:39: Key Entry ... OK
2014/11/04 16:55:39: Complete.
2014/11/04 16:55:39: COM PORT CLOSE ... OK
2014/11/04 16:55:39: 
2014/11/04 16:55:39: ==== Processing was completed ====
2014/11/04 16:55:39: 
*************************************************


*********** Start the Initialize Key Check **********
2014/11/04 16:56:44: Tool Ver: 2013.0605.01
2014/11/04 16:56:44: COM PORT OPEN ... OK
2014/11/04 16:56:44:
2014/11/04 16:56:44: ProductS/N:  VRW06A114Y00139
2014/11/04 16:56:44: TID: 86043932D2E52080
2014/11/04 16:56:44: F/W Version: 00.00.08
2014/11/04 16:56:44:
2014/11/04 16:56:44: MasterKey Key Entry ... OK
2014/11/04 16:56:44: PowerON Counter Key Entry ... OK
2014/11/04 16:56:44: Key Entry ... OK
2014/11/04 16:56:44: Complete.
2014/11/04 16:56:44: COM PORT CLOSE ... OK
2014/11/04 16:56:44: 
2014/11/04 16:56:44: ==== Processing was completed ====
2014/11/04 16:56:44: 
*************************************************


*********** Start the Initialize Key Check **********
2014/11/04 18:03:33: Tool Ver: 2013.0605.01
2014/11/04 18:03:33: COM PORT OPEN ... OK
2014/11/04 18:03:33:
2014/11/04 18:03:33: ProductS/N:  VRW06A114Y00086
2014/11/04 18:03:33: TID: 86040D31D2E52080
2014/11/04 18:03:33: F/W Version: 00.00.08
2014/11/04 18:03:33:
2014/11/04 18:03:33: MasterKey Key Entry ... OK
2014/11/04 18:03:33: PowerON Counter Key Entry ... OK
2014/11/04 18:03:34: Key Entry ... OK
2014/11/04 18:03:34: Complete.
2014/11/04 18:03:34: COM PORT CLOSE ... OK
2014/11/04 18:03:34: 
2014/11/04 18:03:34: ==== Processing was completed ====
2014/11/04 18:03:34: 
*************************************************


*********** Start the Initialize Key Check **********
2014/11/04 18:07:53: Tool Ver: 2013.0605.01
2014/11/04 18:07:53: COM PORT OPEN ... OK
2014/11/04 18:07:53:
2014/11/04 18:07:53: ProductS/N:  VRW06A114Y00153
2014/11/04 18:07:53: TID: 8604233FD2E52080
2014/11/04 18:07:53: F/W Version: 00.00.08
2014/11/04 18:07:53:
2014/11/04 18:07:53: MasterKey Key Entry ... OK
2014/11/04 18:07:53: PowerON Counter Key Entry ... OK
2014/11/04 18:07:54: Key Entry ... OK
2014/11/04 18:07:54: Complete.
2014/11/04 18:07:54: COM PORT CLOSE ... OK
2014/11/04 18:07:54: 
2014/11/04 18:07:54: ==== Processing was completed ====
2014/11/04 18:07:54: 
*************************************************


*********** Start the Initialize Key Check **********
2014/11/04 18:14:30: Tool Ver: 2013.0605.01
2014/11/04 18:14:30: COM PORT OPEN ... OK
2014/11/04 18:14:30:
2014/11/04 18:14:30: ProductS/N:  VRW06A114Y00146
2014/11/04 18:14:30: TID: 86041539D2E52080
2014/11/04 18:14:30: F/W Version: 00.00.08
2014/11/04 18:14:30:
2014/11/04 18:14:30: MasterKey Key Entry ... OK
2014/11/04 18:14:31: PowerON Counter Key Entry ... OK
2014/11/04 18:14:31: Key Entry ... OK
2014/11/04 18:14:31: Complete.
2014/11/04 18:14:31: COM PORT CLOSE ... OK
2014/11/04 18:14:31: 
2014/11/04 18:14:31: ==== Processing was completed ====
2014/11/04 18:14:31: 
*************************************************


*********** Start the Initialize Key Check **********
2014/11/04 18:21:21: Tool Ver: 2013.0605.01
2014/11/04 18:21:21: COM PORT OPEN ... OK
2014/11/04 18:21:21:
2014/11/04 18:21:21: ProductS/N:  VRW06A114900624
2014/11/04 18:21:21: TID: 86041A34CAE52080
2014/11/04 18:21:21: F/W Version: 00.00.08
2014/11/04 18:21:21:
2014/11/04 18:21:21: MasterKey Key Entry ... OK
2014/11/04 18:21:21: PowerON Counter Key Entry ... OK
2014/11/04 18:21:21: Key Entry ... OK
2014/11/04 18:21:21: Complete.
2014/11/04 18:21:21: COM PORT CLOSE ... OK
2014/11/04 18:21:21: 
2014/11/04 18:21:21: ==== Processing was completed ====
2014/11/04 18:21:21: 
*************************************************


*********** Start the Initialize Key Check **********
2014/11/04 18:27:16: Tool Ver: 2013.0605.01
2014/11/04 18:27:16: COM PORT OPEN ... OK
2014/11/04 18:27:16:
2014/11/04 18:27:16: ProductS/N:  VRW06A114Y00158
2014/11/04 18:27:16: TID: 86042434D2E52080
2014/11/04 18:27:16: F/W Version: 00.00.08
2014/11/04 18:27:16:
2014/11/04 18:27:16: MasterKey Key Entry ... OK
2014/11/04 18:27:16: PowerON Counter Key Entry ... OK
2014/11/04 18:27:17: Key Entry ... OK
2014/11/04 18:27:17: Complete.
2014/11/04 18:27:17: COM PORT CLOSE ... OK
2014/11/04 18:27:17: 
2014/11/04 18:27:17: ==== Processing was completed ====
2014/11/04 18:27:17: 
*************************************************


*********** Start the Initialize Key Check **********
2014/11/04 19:04:50: Tool Ver: 2013.0605.01
2014/11/04 19:04:50: Product S/N ... ERROR
2014/11/04 19:04:50: 
2014/11/04 19:04:50: ######## Error has occurred ########
2014/11/04 19:04:50: 
*************************************************


*********** Start the Initialize Key Check **********
2014/11/04 19:04:55: Tool Ver: 2013.0605.01
2014/11/04 19:04:55: Product S/N ... ERROR
2014/11/04 19:04:55: 
2014/11/04 19:04:55: ######## Error has occurred ########
2014/11/04 19:04:55: 
*************************************************


*********** Start the Initialize Key Check **********
2014/11/04 19:05:04: Tool Ver: 2013.0605.01
2014/11/04 19:05:04: Product S/N ... ERROR
2014/11/04 19:05:04: 
2014/11/04 19:05:04: ######## Error has occurred ########
2014/11/04 19:05:04: 
*************************************************


*********** Start the Initialize Key Check **********
2014/11/04 19:05:13: Tool Ver: 2013.0605.01
2014/11/04 19:05:13: Product S/N ... ERROR
2014/11/04 19:05:13: 
2014/11/04 19:05:13: ######## Error has occurred ########
2014/11/04 19:05:13: 
*************************************************


*********** Start the Initialize Key Check **********
2014/11/04 19:06:58: Tool Ver: 2013.0605.01
2014/11/04 19:06:58: COM PORT OPEN ... OK
2014/11/04 19:06:58:
2014/11/04 19:06:58: ProductS/N:  VRW06A114Y00154
2014/11/04 19:06:58: TID: 86043438D2E52080
2014/11/04 19:06:58: F/W Version: 00.00.08
2014/11/04 19:06:58:
2014/11/04 19:06:58: MasterKey Key Entry ... OK
2014/11/04 19:06:58: PowerON Counter Key Entry ... OK
2014/11/04 19:06:59: Key Entry ... OK
2014/11/04 19:06:59: Complete.
2014/11/04 19:06:59: COM PORT CLOSE ... OK
2014/11/04 19:06:59: 
2014/11/04 19:06:59: ==== Processing was completed ====
2014/11/04 19:06:59: 
*************************************************


*********** Start the Initialize Key Check **********
2014/11/04 19:07:31: Tool Ver: 2013.0605.01
2014/11/04 19:07:31: COM PORT OPEN ... OK
2014/11/04 19:07:31:
2014/11/04 19:07:31: ProductS/N:  VRW06A114Y00154
2014/11/04 19:07:31: TID: 86043438D2E52080
2014/11/04 19:07:31: F/W Version: 00.00.08
2014/11/04 19:07:31:
2014/11/04 19:07:31: MasterKey Key Entry ... OK
2014/11/04 19:07:31: PowerON Counter Key Entry ... OK
2014/11/04 19:07:31: Key Entry ... OK
2014/11/04 19:07:31: Complete.
2014/11/04 19:07:31: COM PORT CLOSE ... OK
2014/11/04 19:07:31: 
2014/11/04 19:07:31: ==== Processing was completed ====
2014/11/04 19:07:31: 
*************************************************


*********** Start the Initialize Key Check **********
2014/11/04 19:07:48: Tool Ver: 2013.0605.01
2014/11/04 19:07:48: COM PORT OPEN ... OK
2014/11/04 19:07:48:
2014/11/04 19:07:48: ProductS/N:  VRW06A114Y00154
2014/11/04 19:07:48: TID: 86043438D2E52080
2014/11/04 19:07:48: F/W Version: 00.00.08
2014/11/04 19:07:48:
2014/11/04 19:07:48: MasterKey Key Entry ... OK
2014/11/04 19:07:48: PowerON Counter Key Entry ... OK
2014/11/04 19:07:49: Key Entry ... OK
2014/11/04 19:07:49: Complete.
2014/11/04 19:07:49: COM PORT CLOSE ... OK
2014/11/04 19:07:49: 
2014/11/04 19:07:49: ==== Processing was completed ====
2014/11/04 19:07:49: 
*************************************************


*********** Start the Initialize Key Check **********
2014/11/04 19:08:04: Tool Ver: 2013.0605.01
2014/11/04 19:08:04: COM PORT OPEN ... OK
2014/11/04 19:08:04:
2014/11/04 19:08:04: ProductS/N:  VRW06A114Y00154
2014/11/04 19:08:04: TID: 86043438D2E52080
2014/11/04 19:08:04: F/W Version: 00.00.08
2014/11/04 19:08:04:
2014/11/04 19:08:04: !!!!!!!! Dump KeyEntry Info !!!!!!!!
2014/11/04 19:08:04: [000]000102000000000000FF2000009000
2014/11/04 19:08:04: [001]000102000000000000FF20000C9000
2014/11/04 19:08:04: [002]000000000000000000FF2002009000
2014/11/04 19:08:04: [003]000000000000000000FF2002009000
2014/11/04 19:08:04: [004]000000000000000000FF2002009000
2014/11/04 19:08:04: [005]000000000000000000FF2002009000
2014/11/04 19:08:04: [006]000000000000000000FF2002009000
2014/11/04 19:08:04: [007]000000000000000000FF2002009000
2014/11/04 19:08:04: [008]000000000000000000FF2002009000
2014/11/04 19:08:04: [009]000000000000000000FF2002009000
2014/11/04 19:08:04: [010]000000000000000000FF2002009000
2014/11/04 19:08:04: [011]000000000000000000FF2002009000
2014/11/04 19:08:04: [012]000000000000000000FF2002009000
2014/11/04 19:08:04: [013]000000000000000000FF2002009000
2014/11/04 19:08:04: [014]000000000000000000FF2002009000
2014/11/04 19:08:04: [015]000000000000000000FF2002009000
2014/11/04 19:08:04: [016]000000000000000000FF2002009000
2014/11/04 19:08:04: [017]000000000000000000FF2002009000
2014/11/04 19:08:04: [018]000000000000000000FF2002009000
2014/11/04 19:08:04: [019]000000000000000000FF2002009000
2014/11/04 19:08:04: [020]000000000000000000FF2002009000
2014/11/04 19:08:04: [021]000000000000000000FF2002009000
2014/11/04 19:08:04: [022]000000000000000000FF2002009000
2014/11/04 19:08:04: [023]000000000000000000FF2002009000
2014/11/04 19:08:04: [024]000000000000000000FF2002009000
2014/11/04 19:08:04: [025]000000000000000000FF2002009000
2014/11/04 19:08:04: [026]000000000000000000FF2002009000
2014/11/04 19:08:04: [027]000000000000000000FF2002009000
2014/11/04 19:08:04: [028]000000000000000000FF2002009000
2014/11/04 19:08:04: [029]000000000000000000FF2002009000
2014/11/04 19:08:04: [030]000000000000000000FF2002009000
2014/11/04 19:08:04: [031]000000000000000000FF2002009000
2014/11/04 19:08:04: [032]000000000000000000FF2002009000
2014/11/04 19:08:04: [033]000000000000000000FF2002009000
2014/11/04 19:08:04: [034]000000000000000000FF2002009000
2014/11/04 19:08:04: [035]000000000000000000FF2002009000
2014/11/04 19:08:04: [036]000000000000000000FF2002009000
2014/11/04 19:08:04: [037]000000000000000000FF2002009000
2014/11/04 19:08:04: [038]000000000000000000FF2002009000
2014/11/04 19:08:04: [039]000000000000000000FF2002009000
2014/11/04 19:08:04: [040]000000000000000000FF2002009000
2014/11/04 19:08:04: [041]000000000000000000FF2002009000
2014/11/04 19:08:04: [042]000000000000000000FF2002009000
2014/11/04 19:08:04: [043]000000000000000000FF2002009000
2014/11/04 19:08:04: [044]000000000000000000FF2002009000
2014/11/04 19:08:04: [045]000000000000000000FF2002009000
2014/11/04 19:08:04: [046]000000000000000000FF2002009000
2014/11/04 19:08:04: [047]000000000000000000FF2002009000
2014/11/04 19:08:04: [048]000000000000000000FF2002009000
2014/11/04 19:08:04: [049]000000000000000000FF2002009000
2014/11/04 19:08:04: [050]000000000000000000FF2002009000
2014/11/04 19:08:04: [051]000000000000000000FF2002009000
2014/11/04 19:08:04: [052]000000000000000000FF2002009000
2014/11/04 19:08:04: [053]000000000000000000FF2002009000
2014/11/04 19:08:04: [054]000000000000000000FF2002009000
2014/11/04 19:08:04: [055]000000000000000000FF2002009000
2014/11/04 19:08:04: [056]000000000000000000FF2002009000
2014/11/04 19:08:04: [057]000000000000000000FF2002009000
2014/11/04 19:08:04: [058]000000000000000000FF2002009000
2014/11/04 19:08:04: [059]000000000000000000FF2002009000
2014/11/04 19:08:04: [060]000000000000000000FF2002009000
2014/11/04 19:08:04: [061]000000000000000000FF2002009000
2014/11/04 19:08:04: [062]000000000000000000FF2002009000
2014/11/04 19:08:04: [063]000000000000000000FF2002009000
2014/11/04 19:08:04: [064]000000000000000000FF2002009000
2014/11/04 19:08:04: [065]000000000000000000FF2002009000
2014/11/04 19:08:04: [066]000000000000000000FF2002009000
2014/11/04 19:08:04: [067]000000000000000000FF2002009000
2014/11/04 19:08:04: [068]000000000000000000FF2002009000
2014/11/04 19:08:04: [069]000000000000000000FF2002009000
2014/11/04 19:08:04: [070]000000000000000000FF2002009000
2014/11/04 19:08:04: [071]000000000000000000FF2002009000
2014/11/04 19:08:04: [072]000000000000000000FF2002009000
2014/11/04 19:08:04: [073]000000000000000000FF2002009000
2014/11/04 19:08:04: [074]000000000000000000FF2002009000
2014/11/04 19:08:04: [075]000000000000000000FF2002009000
2014/11/04 19:08:04: [076]000000000000000000FF2002009000
2014/11/04 19:08:04: [077]000000000000000000FF2002009000
2014/11/04 19:08:04: [078]000000000000000000FF2002009000
2014/11/04 19:08:04: [079]000000000000000000FF2002009000
2014/11/04 19:08:04: [080]000000000000000000FF2002009000
2014/11/04 19:08:04: [081]000000000000000000FF2002009000
2014/11/04 19:08:04: [082]000000000000000000FF2002009000
2014/11/04 19:08:04: [083]000000000000000000FF2002009000
2014/11/04 19:08:04: [084]000000000000000000FF2002009000
2014/11/04 19:08:04: [085]000000000000000000FF2002009000
2014/11/04 19:08:04: [086]000000000000000000FF2002009000
2014/11/04 19:08:04: [087]000000000000000000FF2002009000
2014/11/04 19:08:04: [088]000000000000000000FF2002009000
2014/11/04 19:08:04: [089]000000000000000000FF2002009000
2014/11/04 19:08:04: [090]000000000000000000FF2002009000
2014/11/04 19:08:04: [091]000000000000000000FF2002009000
2014/11/04 19:08:04: [092]000000000000000000FF2002009000
2014/11/04 19:08:04: [093]000000000000000000FF2002009000
2014/11/04 19:08:04: [094]000000000000000000FF2002009000
2014/11/04 19:08:04: [095]000000000000000000FF2002009000
2014/11/04 19:08:04: [096]000000000000000000FF2002009000
2014/11/04 19:08:04: [097]000000000000000000FF2002009000
2014/11/04 19:08:04: [098]000000000000000000FF2002009000
2014/11/04 19:08:04: [099]000000000000000000FF2002009000
2014/11/04 19:08:04: [100]000000000000000000FF2002009000
2014/11/04 19:08:04: [101]000000000000000000FF2002009000
2014/11/04 19:08:04: [102]000000000000000000FF2002009000
2014/11/04 19:08:04: [103]000000000000000000FF2002009000
2014/11/04 19:08:04: [104]000000000000000000FF2002009000
2014/11/04 19:08:04: [105]000000000000000000FF2002009000
2014/11/04 19:08:04: [106]000000000000000000FF2002009000
2014/11/04 19:08:04: [107]000000000000000000FF2002009000
2014/11/04 19:08:04: [108]000000000000000000FF2002009000
2014/11/04 19:08:04: [109]000000000000000000FF2002009000
2014/11/04 19:08:04: [110]000000000000000000FF2002009000
2014/11/04 19:08:04: [111]000000000000000000FF2002009000
2014/11/04 19:08:04: [112]000000000000000000FF2002009000
2014/11/04 19:08:04: [113]000000000000000000FF2002009000
2014/11/04 19:08:04: [114]000000000000000000FF2002009000
2014/11/04 19:08:04: [115]000000000000000000FF2002009000
2014/11/04 19:08:04: [116]000000000000000000FF2002009000
2014/11/04 19:08:04: [117]000000000000000000FF2002009000
2014/11/04 19:08:04: [118]000000000000000000FF2002009000
2014/11/04 19:08:04: [119]000000000000000000FF2002009000
2014/11/04 19:08:04: [120]000000000000000000FF2002009000
2014/11/04 19:08:04: [121]000000000000000000FF2002009000
2014/11/04 19:08:04: [122]000000000000000000FF2002009000
2014/11/04 19:08:04: [123]000000000000000000FF2002009000
2014/11/04 19:08:04: [124]000000000000000000FF2002009000
2014/11/04 19:08:04: [125]000000000000000000FF2002009000
2014/11/04 19:08:04: [126]000000000000000000FF2002009000
2014/11/04 19:08:04: [127]000000000000000000FF2002009000
2014/11/04 19:08:04: !!!!!!!!!!!!!!!!!!!!!!!!!!!!!!!!!!!!
2014/11/04 19:08:04: MasterKey Key Entry ... OK
2014/11/04 19:08:04: PowerON Counter Key Entry ... OK
2014/11/04 19:08:05: Key Entry ... OK
2014/11/04 19:08:05: Complete.
2014/11/04 19:08:05: COM PORT CLOSE ... OK
2014/11/04 19:08:05: 
2014/11/04 19:08:05: ==== Processing was completed ====
2014/11/04 19:08:05: 
*************************************************


