*********** Start the Initialize Key Check **********
2014/09/23 08:25:42: Tool Ver: 2013.0605.01
2014/09/23 08:25:42: COM PORT OPEN ... OK
2014/09/23 08:25:42:
2014/09/23 08:25:42: ProductS/N:  VRW06A114900365
2014/09/23 08:25:42: TID: 8604072ACAE52080
2014/09/23 08:25:42: F/W Version: 00.00.08
2014/09/23 08:25:42:
2014/09/23 08:25:42: MasterKey Key Entry ... OK
2014/09/23 08:25:42: PowerON Counter Key Entry ... OK
2014/09/23 08:25:43: Key Entry ... OK
2014/09/23 08:25:43: Complete.
2014/09/23 08:25:43: COM PORT CLOSE ... OK
2014/09/23 08:25:43: 
2014/09/23 08:25:43: ==== Processing was completed ====
2014/09/23 08:25:43: 
*************************************************


*********** Start the Initialize Key Check **********
2014/09/23 08:29:40: Tool Ver: 2013.0605.01
2014/09/23 08:29:40: COM PORT OPEN ... OK
2014/09/23 08:29:40:
2014/09/23 08:29:40: ProductS/N:  VRW06A114900362
2014/09/23 08:29:40: TID: 860410202AE62080
2014/09/23 08:29:40: F/W Version: 00.00.08
2014/09/23 08:29:40:
2014/09/23 08:29:40: MasterKey Key Entry ... OK
2014/09/23 08:29:40: PowerON Counter Key Entry ... OK
2014/09/23 08:29:41: Key Entry ... OK
2014/09/23 08:29:41: Complete.
2014/09/23 08:29:41: COM PORT CLOSE ... OK
2014/09/23 08:29:41: 
2014/09/23 08:29:41: ==== Processing was completed ====
2014/09/23 08:29:41: 
*************************************************


*********** Start the Initialize Key Check **********
2014/09/23 08:34:59: Tool Ver: 2013.0605.01
2014/09/23 08:34:59: COM PORT OPEN ... OK
2014/09/23 08:34:59:
2014/09/23 08:34:59: ProductS/N:  VRW06A114900368
2014/09/23 08:34:59: TID: 86040F26CAE52080
2014/09/23 08:34:59: F/W Version: 00.00.08
2014/09/23 08:34:59:
2014/09/23 08:34:59: MasterKey Key Entry ... OK
2014/09/23 08:34:59: PowerON Counter Key Entry ... OK
2014/09/23 08:35:00: Key Entry ... OK
2014/09/23 08:35:00: Complete.
2014/09/23 08:35:00: COM PORT CLOSE ... OK
2014/09/23 08:35:00: 
2014/09/23 08:35:00: ==== Processing was completed ====
2014/09/23 08:35:00: 
*************************************************


*********** Start the Initialize Key Check **********
2014/09/23 08:47:07: Tool Ver: 2013.0605.01
2014/09/23 08:47:07: COM PORT OPEN ... OK
2014/09/23 08:47:07:
2014/09/23 08:47:07: ProductS/N:  VRW06A114900369
2014/09/23 08:47:07: TID: 860431133AE62080
2014/09/23 08:47:07: F/W Version: 00.00.08
2014/09/23 08:47:07:
2014/09/23 08:47:07: MasterKey Key Entry ... OK
2014/09/23 08:47:07: PowerON Counter Key Entry ... OK
2014/09/23 08:47:08: Key Entry ... OK
2014/09/23 08:47:08: Complete.
2014/09/23 08:47:08: COM PORT CLOSE ... OK
2014/09/23 08:47:08: 
2014/09/23 08:47:08: ==== Processing was completed ====
2014/09/23 08:47:08: 
*************************************************


*********** Start the Initialize Key Check **********
2014/09/23 08:54:17: Tool Ver: 2013.0605.01
2014/09/23 08:54:17: COM PORT OPEN ... OK
2014/09/23 08:54:17:
2014/09/23 08:54:17: ProductS/N:  VRW06A114900361
2014/09/23 08:54:17: TID: 8604412C2AE62080
2014/09/23 08:54:17: F/W Version: 00.00.08
2014/09/23 08:54:17:
2014/09/23 08:54:17: MasterKey Key Entry ... OK
2014/09/23 08:54:17: PowerON Counter Key Entry ... OK
2014/09/23 08:54:18: Key Entry ... OK
2014/09/23 08:54:18: Complete.
2014/09/23 08:54:18: COM PORT CLOSE ... OK
2014/09/23 08:54:18: 
2014/09/23 08:54:18: ==== Processing was completed ====
2014/09/23 08:54:18: 
*************************************************


*********** Start the Initialize Key Check **********
2014/09/23 08:58:16: Tool Ver: 2013.0605.01
2014/09/23 08:58:16: COM PORT OPEN ... OK
2014/09/23 08:58:16:
2014/09/23 08:58:16: ProductS/N:  VRW06A114900375
2014/09/23 08:58:16: TID: 8604421E2AE62080
2014/09/23 08:58:16: F/W Version: 00.00.08
2014/09/23 08:58:16:
2014/09/23 08:58:16: MasterKey Key Entry ... OK
2014/09/23 08:58:16: PowerON Counter Key Entry ... OK
2014/09/23 08:58:17: Key Entry ... OK
2014/09/23 08:58:17: Complete.
2014/09/23 08:58:17: COM PORT CLOSE ... OK
2014/09/23 08:58:17: 
2014/09/23 08:58:17: ==== Processing was completed ====
2014/09/23 08:58:17: 
*************************************************


*********** Start the Initialize Key Check **********
2014/09/23 09:02:39: Tool Ver: 2013.0605.01
2014/09/23 09:02:39: COM PORT OPEN ... OK
2014/09/23 09:02:39:
2014/09/23 09:02:39: ProductS/N:  VRW06A114900371
2014/09/23 09:02:39: TID: 860408252AE62080
2014/09/23 09:02:39: F/W Version: 00.00.08
2014/09/23 09:02:39:
2014/09/23 09:02:39: MasterKey Key Entry ... OK
2014/09/23 09:02:40: PowerON Counter Key Entry ... OK
2014/09/23 09:02:40: Key Entry ... OK
2014/09/23 09:02:40: Complete.
2014/09/23 09:02:40: COM PORT CLOSE ... OK
2014/09/23 09:02:40: 
2014/09/23 09:02:40: ==== Processing was completed ====
2014/09/23 09:02:40: 
*************************************************


*********** Start the Initialize Key Check **********
2014/09/23 09:09:33: Tool Ver: 2013.0605.01
2014/09/23 09:09:33: COM PORT OPEN ... OK
2014/09/23 09:09:33:
2014/09/23 09:09:33: ProductS/N:  VRW06A114900379
2014/09/23 09:09:33: TID: 860421103AE62080
2014/09/23 09:09:34: F/W Version: 00.00.08
2014/09/23 09:09:34:
2014/09/23 09:09:34: MasterKey Key Entry ... OK
2014/09/23 09:09:34: PowerON Counter Key Entry ... OK
2014/09/23 09:09:34: Key Entry ... OK
2014/09/23 09:09:34: Complete.
2014/09/23 09:09:34: COM PORT CLOSE ... OK
2014/09/23 09:09:34: 
2014/09/23 09:09:34: ==== Processing was completed ====
2014/09/23 09:09:34: 
*************************************************


*********** Start the Initialize Key Check **********
2014/09/23 09:14:39: Tool Ver: 2013.0605.01
2014/09/23 09:14:39: COM PORT OPEN ... OK
2014/09/23 09:14:39:
2014/09/23 09:14:39: ProductS/N:  VRW06A114900364
2014/09/23 09:14:39: TID: 86042B2B2AE62080
2014/09/23 09:14:39: F/W Version: 00.00.08
2014/09/23 09:14:39:
2014/09/23 09:14:39: MasterKey Key Entry ... OK
2014/09/23 09:14:39: PowerON Counter Key Entry ... OK
2014/09/23 09:14:40: Key Entry ... OK
2014/09/23 09:14:40: Complete.
2014/09/23 09:14:40: COM PORT CLOSE ... OK
2014/09/23 09:14:40: 
2014/09/23 09:14:40: ==== Processing was completed ====
2014/09/23 09:14:40: 
*************************************************


*********** Start the Initialize Key Check **********
2014/09/23 09:18:07: Tool Ver: 2013.0605.01
2014/09/23 09:18:07: COM PORT OPEN ... OK
2014/09/23 09:18:07:
2014/09/23 09:18:07: ProductS/N:  VRW06A114900373
2014/09/23 09:18:07: TID: 86043F2DCAE52080
2014/09/23 09:18:07: F/W Version: 00.00.08
2014/09/23 09:18:07:
2014/09/23 09:18:07: MasterKey Key Entry ... OK
2014/09/23 09:18:07: PowerON Counter Key Entry ... OK
2014/09/23 09:18:08: Key Entry ... OK
2014/09/23 09:18:08: Complete.
2014/09/23 09:18:08: COM PORT CLOSE ... OK
2014/09/23 09:18:08: 
2014/09/23 09:18:08: ==== Processing was completed ====
2014/09/23 09:18:08: 
*************************************************


*********** Start the Initialize Key Check **********
2014/09/23 09:25:56: Tool Ver: 2013.0605.01
2014/09/23 09:25:56: COM PORT OPEN ... OK
2014/09/23 09:25:56:
2014/09/23 09:25:56: ProductS/N:  VRW06A114900367
2014/09/23 09:25:56: TID: 86042B262AE62080
2014/09/23 09:25:56: F/W Version: 00.00.08
2014/09/23 09:25:56:
2014/09/23 09:25:56: MasterKey Key Entry ... OK
2014/09/23 09:25:56: PowerON Counter Key Entry ... OK
2014/09/23 09:25:57: Key Entry ... OK
2014/09/23 09:25:57: Complete.
2014/09/23 09:25:57: COM PORT CLOSE ... OK
2014/09/23 09:25:57: 
2014/09/23 09:25:57: ==== Processing was completed ====
2014/09/23 09:25:57: 
*************************************************


*********** Start the Initialize Key Check **********
2014/09/23 09:28:19: Tool Ver: 2013.0605.01
2014/09/23 09:28:19: COM PORT OPEN ... OK
2014/09/23 09:28:19:
2014/09/23 09:28:19: ProductS/N:  VRW06A114900377
2014/09/23 09:28:19: TID: 86040C232AE62080
2014/09/23 09:28:19: F/W Version: 00.00.08
2014/09/23 09:28:19:
2014/09/23 09:28:19: MasterKey Key Entry ... OK
2014/09/23 09:28:19: PowerON Counter Key Entry ... OK
2014/09/23 09:28:20: Key Entry ... OK
2014/09/23 09:28:20: Complete.
2014/09/23 09:28:20: COM PORT CLOSE ... OK
2014/09/23 09:28:20: 
2014/09/23 09:28:20: ==== Processing was completed ====
2014/09/23 09:28:20: 
*************************************************


*********** Start the Initialize Key Check **********
2014/09/23 09:31:09: Tool Ver: 2013.0605.01
2014/09/23 09:31:09: COM PORT OPEN ... OK
2014/09/23 09:31:09:
2014/09/23 09:31:09: ProductS/N:  VRW06A114900382
2014/09/23 09:31:09: TID: 8604052ACAE52080
2014/09/23 09:31:09: F/W Version: 00.00.08
2014/09/23 09:31:09:
2014/09/23 09:31:09: MasterKey Key Entry ... OK
2014/09/23 09:31:09: PowerON Counter Key Entry ... OK
2014/09/23 09:31:10: Key Entry ... OK
2014/09/23 09:31:10: Complete.
2014/09/23 09:31:10: COM PORT CLOSE ... OK
2014/09/23 09:31:10: 
2014/09/23 09:31:10: ==== Processing was completed ====
2014/09/23 09:31:10: 
*************************************************


*********** Start the Initialize Key Check **********
2014/09/23 09:39:56: Tool Ver: 2013.0605.01
2014/09/23 09:39:56: COM PORT OPEN ... OK
2014/09/23 09:39:56:
2014/09/23 09:39:56: ProductS/N:  VRW06A114900378
2014/09/23 09:39:56: TID: 8604072DCAE52080
2014/09/23 09:39:56: F/W Version: 00.00.08
2014/09/23 09:39:56:
2014/09/23 09:39:56: MasterKey Key Entry ... OK
2014/09/23 09:39:56: PowerON Counter Key Entry ... OK
2014/09/23 09:39:57: Key Entry ... OK
2014/09/23 09:39:57: Complete.
2014/09/23 09:39:57: COM PORT CLOSE ... OK
2014/09/23 09:39:57: 
2014/09/23 09:39:57: ==== Processing was completed ====
2014/09/23 09:39:57: 
*************************************************


*********** Start the Initialize Key Check **********
2014/09/23 09:42:44: Tool Ver: 2013.0605.01
2014/09/23 09:42:44: COM PORT OPEN ... OK
2014/09/23 09:42:44:
2014/09/23 09:42:44: ProductS/N:  VRW06A114900383
2014/09/23 09:42:44: TID: 86043131CAE52080
2014/09/23 09:42:44: F/W Version: 00.00.08
2014/09/23 09:42:44:
2014/09/23 09:42:44: MasterKey Key Entry ... OK
2014/09/23 09:42:44: PowerON Counter Key Entry ... OK
2014/09/23 09:42:45: Key Entry ... OK
2014/09/23 09:42:45: Complete.
2014/09/23 09:42:45: COM PORT CLOSE ... OK
2014/09/23 09:42:45: 
2014/09/23 09:42:45: ==== Processing was completed ====
2014/09/23 09:42:45: 
*************************************************


*********** Start the Initialize Key Check **********
2014/09/23 09:46:40: Tool Ver: 2013.0605.01
2014/09/23 09:46:40: COM PORT OPEN ... OK
2014/09/23 09:46:41:
2014/09/23 09:46:41: ProductS/N:  VRW06A114900386
2014/09/23 09:46:41: TID: 86042533CAE52080
2014/09/23 09:46:41: F/W Version: 00.00.08
2014/09/23 09:46:41:
2014/09/23 09:46:41: MasterKey Key Entry ... OK
2014/09/23 09:46:41: PowerON Counter Key Entry ... OK
2014/09/23 09:46:41: Key Entry ... OK
2014/09/23 09:46:41: Complete.
2014/09/23 09:46:41: COM PORT CLOSE ... OK
2014/09/23 09:46:41: 
2014/09/23 09:46:41: ==== Processing was completed ====
2014/09/23 09:46:41: 
*************************************************


*********** Start the Initialize Key Check **********
2014/09/23 09:48:48: Tool Ver: 2013.0605.01
2014/09/23 09:48:48: COM PORT OPEN ... OK
2014/09/23 09:48:48:
2014/09/23 09:48:48: ProductS/N:  VRW06A114900381
2014/09/23 09:48:48: TID: 860403272AE62080
2014/09/23 09:48:48: F/W Version: 00.00.08
2014/09/23 09:48:48:
2014/09/23 09:48:48: MasterKey Key Entry ... OK
2014/09/23 09:48:48: PowerON Counter Key Entry ... OK
2014/09/23 09:48:49: Key Entry ... OK
2014/09/23 09:48:49: Complete.
2014/09/23 09:48:49: COM PORT CLOSE ... OK
2014/09/23 09:48:49: 
2014/09/23 09:48:49: ==== Processing was completed ====
2014/09/23 09:48:49: 
*************************************************


*********** Start the Initialize Key Check **********
2014/09/23 09:54:06: Tool Ver: 2013.0605.01
2014/09/23 09:54:06: COM PORT OPEN ... OK
2014/09/23 09:54:06:
2014/09/23 09:54:06: ProductS/N:  VRW06A114900390
2014/09/23 09:54:06: TID: 86040F34CAE52080
2014/09/23 09:54:06: F/W Version: 00.00.08
2014/09/23 09:54:06:
2014/09/23 09:54:06: MasterKey Key Entry ... OK
2014/09/23 09:54:06: PowerON Counter Key Entry ... OK
2014/09/23 09:54:07: Key Entry ... OK
2014/09/23 09:54:07: Complete.
2014/09/23 09:54:07: COM PORT CLOSE ... OK
2014/09/23 09:54:07: 
2014/09/23 09:54:07: ==== Processing was completed ====
2014/09/23 09:54:07: 
*************************************************


*********** Start the Initialize Key Check **********
2014/09/23 10:16:22: Tool Ver: 2013.0605.01
2014/09/23 10:16:22: COM PORT OPEN ... OK
2014/09/23 10:16:22:
2014/09/23 10:16:22: ProductS/N:  VRW06A114900384
2014/09/23 10:16:22: TID: 86041D34CAE52080
2014/09/23 10:16:22: F/W Version: 00.00.08
2014/09/23 10:16:22:
2014/09/23 10:16:22: MasterKey Key Entry ... OK
2014/09/23 10:16:22: PowerON Counter Key Entry ... OK
2014/09/23 10:16:23: Key Entry ... OK
2014/09/23 10:16:23: Complete.
2014/09/23 10:16:23: COM PORT CLOSE ... OK
2014/09/23 10:16:23: 
2014/09/23 10:16:23: ==== Processing was completed ====
2014/09/23 10:16:23: 
*************************************************


*********** Start the Initialize Key Check **********
2014/09/23 10:21:17: Tool Ver: 2013.0605.01
2014/09/23 10:21:17: COM PORT OPEN ... OK
2014/09/23 10:21:17:
2014/09/23 10:21:17: ProductS/N:  VRW06A114900366
2014/09/23 10:21:17: TID: 860419163AE62080
2014/09/23 10:21:17: F/W Version: 00.00.08
2014/09/23 10:21:17:
2014/09/23 10:21:17: MasterKey Key Entry ... OK
2014/09/23 10:21:17: PowerON Counter Key Entry ... OK
2014/09/23 10:21:18: Key Entry ... OK
2014/09/23 10:21:18: Complete.
2014/09/23 10:21:18: COM PORT CLOSE ... OK
2014/09/23 10:21:18: 
2014/09/23 10:21:18: ==== Processing was completed ====
2014/09/23 10:21:18: 
*************************************************


*********** Start the Initialize Key Check **********
2014/09/23 10:24:32: Tool Ver: 2013.0605.01
2014/09/23 10:24:32: COM PORT OPEN ... OK
2014/09/23 10:24:33:
2014/09/23 10:24:33: ProductS/N:  VRW06A114900389
2014/09/23 10:24:33: TID: 86041B202AE62080
2014/09/23 10:24:33: F/W Version: 00.00.08
2014/09/23 10:24:33:
2014/09/23 10:24:33: MasterKey Key Entry ... OK
2014/09/23 10:24:33: PowerON Counter Key Entry ... OK
2014/09/23 10:24:33: Key Entry ... OK
2014/09/23 10:24:33: Complete.
2014/09/23 10:24:33: COM PORT CLOSE ... OK
2014/09/23 10:24:33: 
2014/09/23 10:24:33: ==== Processing was completed ====
2014/09/23 10:24:33: 
*************************************************


*********** Start the Initialize Key Check **********
2014/09/23 10:27:38: Tool Ver: 2013.0605.01
2014/09/23 10:27:38: COM PORT OPEN ... OK
2014/09/23 10:27:38:
2014/09/23 10:27:38: ProductS/N:  VRW06A114900394
2014/09/23 10:27:38: TID: 8604052DCAE52080
2014/09/23 10:27:38: F/W Version: 00.00.08
2014/09/23 10:27:38:
2014/09/23 10:27:38: MasterKey Key Entry ... OK
2014/09/23 10:27:38: PowerON Counter Key Entry ... OK
2014/09/23 10:27:39: Key Entry ... OK
2014/09/23 10:27:39: Complete.
2014/09/23 10:27:39: COM PORT CLOSE ... OK
2014/09/23 10:27:39: 
2014/09/23 10:27:39: ==== Processing was completed ====
2014/09/23 10:27:39: 
*************************************************


*********** Start the Initialize Key Check **********
2014/09/23 10:38:20: Tool Ver: 2013.0605.01
2014/09/23 10:38:20: COM PORT OPEN ... OK
2014/09/23 10:38:20:
2014/09/23 10:38:20: ProductS/N:  VRW06A114900392
2014/09/23 10:38:20: TID: 86041034CAE52080
2014/09/23 10:38:20: F/W Version: 00.00.08
2014/09/23 10:38:20:
2014/09/23 10:38:20: MasterKey Key Entry ... OK
2014/09/23 10:38:20: PowerON Counter Key Entry ... OK
2014/09/23 10:38:20: Key Entry ... OK
2014/09/23 10:38:20: Complete.
2014/09/23 10:38:20: COM PORT CLOSE ... OK
2014/09/23 10:38:20: 
2014/09/23 10:38:20: ==== Processing was completed ====
2014/09/23 10:38:20: 
*************************************************


*********** Start the Initialize Key Check **********
2014/09/23 10:41:40: Tool Ver: 2013.0605.01
2014/09/23 10:41:40: COM PORT OPEN ... OK
2014/09/23 10:41:40:
2014/09/23 10:41:40: ProductS/N:  VRW06A114900356
2014/09/23 10:41:40: TID: 8604372B2AE62080
2014/09/23 10:41:40: F/W Version: 00.00.08
2014/09/23 10:41:40:
2014/09/23 10:41:40: MasterKey Key Entry ... OK
2014/09/23 10:41:40: PowerON Counter Key Entry ... OK
2014/09/23 10:41:41: Key Entry ... OK
2014/09/23 10:41:41: Complete.
2014/09/23 10:41:41: COM PORT CLOSE ... OK
2014/09/23 10:41:41: 
2014/09/23 10:41:41: ==== Processing was completed ====
2014/09/23 10:41:41: 
*************************************************


*********** Start the Initialize Key Check **********
2014/09/23 10:58:17: Tool Ver: 2013.0605.01
2014/09/23 10:58:17: COM PORT OPEN ... OK
2014/09/23 10:58:17:
2014/09/23 10:58:17: ProductS/N:  VRW06A114900385
2014/09/23 10:58:17: TID: 86040D2BCAE52080
2014/09/23 10:58:17: F/W Version: 00.00.08
2014/09/23 10:58:17:
2014/09/23 10:58:17: MasterKey Key Entry ... OK
2014/09/23 10:58:17: PowerON Counter Key Entry ... OK
2014/09/23 10:58:18: Key Entry ... OK
2014/09/23 10:58:18: Complete.
2014/09/23 10:58:18: COM PORT CLOSE ... OK
2014/09/23 10:58:18: 
2014/09/23 10:58:18: ==== Processing was completed ====
2014/09/23 10:58:18: 
*************************************************


*********** Start the Initialize Key Check **********
2014/09/23 11:01:48: Tool Ver: 2013.0605.01
2014/09/23 11:01:48: COM PORT OPEN ... OK
2014/09/23 11:01:48:
2014/09/23 11:01:48: ProductS/N:  VRW06A114900331
2014/09/23 11:01:48: TID: 8604111D2AE62080
2014/09/23 11:01:48: F/W Version: 00.00.08
2014/09/23 11:01:48:
2014/09/23 11:01:48: MasterKey Key Entry ... OK
2014/09/23 11:01:48: PowerON Counter Key Entry ... OK
2014/09/23 11:01:49: Key Entry ... OK
2014/09/23 11:01:49: Complete.
2014/09/23 11:01:49: COM PORT CLOSE ... OK
2014/09/23 11:01:49: 
2014/09/23 11:01:49: ==== Processing was completed ====
2014/09/23 11:01:49: 
*************************************************


*********** Start the Initialize Key Check **********
2014/09/23 11:09:06: Tool Ver: 2013.0605.01
2014/09/23 11:09:06: COM PORT OPEN ... OK
2014/09/23 11:09:06:
2014/09/23 11:09:06: ProductS/N:  VRW06A114900393
2014/09/23 11:09:06: TID: 86041D28CAE52080
2014/09/23 11:09:06: F/W Version: 00.00.08
2014/09/23 11:09:06:
2014/09/23 11:09:06: MasterKey Key Entry ... OK
2014/09/23 11:09:06: PowerON Counter Key Entry ... OK
2014/09/23 11:09:07: Key Entry ... OK
2014/09/23 11:09:07: Complete.
2014/09/23 11:09:07: COM PORT CLOSE ... OK
2014/09/23 11:09:07: 
2014/09/23 11:09:07: ==== Processing was completed ====
2014/09/23 11:09:07: 
*************************************************


*********** Start the Initialize Key Check **********
2014/09/23 11:13:17: Tool Ver: 2013.0605.01
2014/09/23 11:13:17: COM PORT OPEN ... OK
2014/09/23 11:13:17:
2014/09/23 11:13:17: ProductS/N:  VRW06A114900342
2014/09/23 11:13:17: TID: 86042B202AE62080
2014/09/23 11:13:17: F/W Version: 00.00.08
2014/09/23 11:13:17:
2014/09/23 11:13:17: MasterKey Key Entry ... OK
2014/09/23 11:13:17: PowerON Counter Key Entry ... OK
2014/09/23 11:13:17: Key Entry ... OK
2014/09/23 11:13:17: Complete.
2014/09/23 11:13:17: COM PORT CLOSE ... OK
2014/09/23 11:13:17: 
2014/09/23 11:13:17: ==== Processing was completed ====
2014/09/23 11:13:17: 
*************************************************


*********** Start the Initialize Key Check **********
2014/09/23 11:14:29: Tool Ver: 2013.0605.01
2014/09/23 11:14:29: COM PORT OPEN ... OK
2014/09/23 11:14:30:
2014/09/23 11:14:30: ProductS/N:  VRW06A114900342
2014/09/23 11:14:30: TID: 86042B202AE62080
2014/09/23 11:14:30: F/W Version: 00.00.08
2014/09/23 11:14:30:
2014/09/23 11:14:30: MasterKey Key Entry ... OK
2014/09/23 11:14:30: PowerON Counter Key Entry ... OK
2014/09/23 11:14:30: Key Entry ... OK
2014/09/23 11:14:30: Complete.
2014/09/23 11:14:30: COM PORT CLOSE ... OK
2014/09/23 11:14:30: 
2014/09/23 11:14:30: ==== Processing was completed ====
2014/09/23 11:14:30: 
*************************************************


*********** Start the Initialize Key Check **********
2014/09/23 11:16:59: Tool Ver: 2013.0605.01
2014/09/23 11:16:59: COM PORT OPEN ... OK
2014/09/23 11:16:59:
2014/09/23 11:16:59: ProductS/N:  VRW06A114900400
2014/09/23 11:16:59: TID: 86041B34CAE52080
2014/09/23 11:16:59: F/W Version: 00.00.08
2014/09/23 11:16:59:
2014/09/23 11:16:59: MasterKey Key Entry ... OK
2014/09/23 11:16:59: PowerON Counter Key Entry ... OK
2014/09/23 11:17:00: Key Entry ... OK
2014/09/23 11:17:00: Complete.
2014/09/23 11:17:00: COM PORT CLOSE ... OK
2014/09/23 11:17:00: 
2014/09/23 11:17:00: ==== Processing was completed ====
2014/09/23 11:17:00: 
*************************************************


*********** Start the Initialize Key Check **********
2014/09/23 11:25:05: Tool Ver: 2013.0605.01
2014/09/23 11:25:05: COM PORT OPEN ... OK
2014/09/23 11:25:05:
2014/09/23 11:25:05: ProductS/N:  VRW06A114900352
2014/09/23 11:25:05: TID: 8604421D2AE62080
2014/09/23 11:25:05: F/W Version: 00.00.08
2014/09/23 11:25:05:
2014/09/23 11:25:05: MasterKey Key Entry ... OK
2014/09/23 11:25:05: PowerON Counter Key Entry ... OK
2014/09/23 11:25:06: Key Entry ... OK
2014/09/23 11:25:06: Complete.
2014/09/23 11:25:06: COM PORT CLOSE ... OK
2014/09/23 11:25:06: 
2014/09/23 11:25:06: ==== Processing was completed ====
2014/09/23 11:25:06: 
*************************************************


*********** Start the Initialize Key Check **********
2014/09/23 11:30:33: Tool Ver: 2013.0605.01
2014/09/23 11:30:33: COM PORT OPEN ... OK
2014/09/23 11:30:34:
2014/09/23 11:30:34: ProductS/N:  VRW06A114900395
2014/09/23 11:30:34: TID: 8604352BCAE52080
2014/09/23 11:30:34: F/W Version: 00.00.08
2014/09/23 11:30:34:
2014/09/23 11:30:34: MasterKey Key Entry ... OK
2014/09/23 11:30:34: PowerON Counter Key Entry ... OK
2014/09/23 11:30:34: Key Entry ... OK
2014/09/23 11:30:34: Complete.
2014/09/23 11:30:34: COM PORT CLOSE ... OK
2014/09/23 11:30:34: 
2014/09/23 11:30:34: ==== Processing was completed ====
2014/09/23 11:30:34: 
*************************************************


*********** Start the Initialize Key Check **********
2014/09/23 11:36:54: Tool Ver: 2013.0605.01
2014/09/23 11:36:54: COM PORT OPEN ... OK
2014/09/23 11:36:54:
2014/09/23 11:36:54: ProductS/N:  VRW06A114900403
2014/09/23 11:36:54: TID: 86040A2ACAE52080
2014/09/23 11:36:54: F/W Version: 00.00.08
2014/09/23 11:36:54:
2014/09/23 11:36:54: MasterKey Key Entry ... OK
2014/09/23 11:36:54: PowerON Counter Key Entry ... OK
2014/09/23 11:36:54: Key Entry ... OK
2014/09/23 11:36:54: Complete.
2014/09/23 11:36:54: COM PORT CLOSE ... OK
2014/09/23 11:36:54: 
2014/09/23 11:36:54: ==== Processing was completed ====
2014/09/23 11:36:54: 
*************************************************


*********** Start the Initialize Key Check **********
2014/09/23 11:41:00: Tool Ver: 2013.0605.01
2014/09/23 11:41:00: COM PORT OPEN ... OK
2014/09/23 11:41:01:
2014/09/23 11:41:01: ProductS/N:  VRW06A114900398
2014/09/23 11:41:01: TID: 86043331CAE52080
2014/09/23 11:41:01: F/W Version: 00.00.08
2014/09/23 11:41:01:
2014/09/23 11:41:01: MasterKey Key Entry ... OK
2014/09/23 11:41:01: PowerON Counter Key Entry ... OK
2014/09/23 11:41:01: Key Entry ... OK
2014/09/23 11:41:01: Complete.
2014/09/23 11:41:01: COM PORT CLOSE ... OK
2014/09/23 11:41:01: 
2014/09/23 11:41:01: ==== Processing was completed ====
2014/09/23 11:41:01: 
*************************************************


*********** Start the Initialize Key Check **********
2014/09/23 11:45:03: Tool Ver: 2013.0605.01
2014/09/23 11:45:03: COM PORT OPEN ... OK
2014/09/23 11:45:03:
2014/09/23 11:45:03: ProductS/N:  VRW06A114900405
2014/09/23 11:45:03: TID: 860431143AE62080
2014/09/23 11:45:03: F/W Version: 00.00.08
2014/09/23 11:45:03:
2014/09/23 11:45:03: MasterKey Key Entry ... OK
2014/09/23 11:45:03: PowerON Counter Key Entry ... OK
2014/09/23 11:45:04: Key Entry ... OK
2014/09/23 11:45:04: Complete.
2014/09/23 11:45:04: COM PORT CLOSE ... OK
2014/09/23 11:45:04: 
2014/09/23 11:45:04: ==== Processing was completed ====
2014/09/23 11:45:04: 
*************************************************


*********** Start the Initialize Key Check **********
2014/09/23 13:02:34: Tool Ver: 2013.0605.01
2014/09/23 13:02:34: COM PORT OPEN ... OK
2014/09/23 13:02:34:
2014/09/23 13:02:34: ProductS/N:  VRW06A114900410
2014/09/23 13:02:34: TID: 8604103FD2E52080
2014/09/23 13:02:34: F/W Version: 00.00.08
2014/09/23 13:02:34:
2014/09/23 13:02:34: MasterKey Key Entry ... OK
2014/09/23 13:02:34: PowerON Counter Key Entry ... OK
2014/09/23 13:02:35: Key Entry ... OK
2014/09/23 13:02:35: Complete.
2014/09/23 13:02:35: COM PORT CLOSE ... OK
2014/09/23 13:02:35: 
2014/09/23 13:02:35: ==== Processing was completed ====
2014/09/23 13:02:35: 
*************************************************


*********** Start the Initialize Key Check **********
2014/09/23 13:05:27: Tool Ver: 2013.0605.01
2014/09/23 13:05:27: COM PORT OPEN ... OK
2014/09/23 13:05:27:
2014/09/23 13:05:27: ProductS/N:  VRW06A114900411
2014/09/23 13:05:27: TID: 8604102ACAE52080
2014/09/23 13:05:27: F/W Version: 00.00.08
2014/09/23 13:05:27:
2014/09/23 13:05:27: MasterKey Key Entry ... OK
2014/09/23 13:05:27: PowerON Counter Key Entry ... OK
2014/09/23 13:05:28: Key Entry ... OK
2014/09/23 13:05:28: Complete.
2014/09/23 13:05:28: COM PORT CLOSE ... OK
2014/09/23 13:05:28: 
2014/09/23 13:05:28: ==== Processing was completed ====
2014/09/23 13:05:28: 
*************************************************


*********** Start the Initialize Key Check **********
2014/09/23 13:09:25: Tool Ver: 2013.0605.01
2014/09/23 13:09:25: COM PORT OPEN ... OK
2014/09/23 13:09:25:
2014/09/23 13:09:25: ProductS/N:  VRW06A114900409
2014/09/23 13:09:25: TID: 86042428CAE52080
2014/09/23 13:09:25: F/W Version: 00.00.08
2014/09/23 13:09:25:
2014/09/23 13:09:25: MasterKey Key Entry ... OK
2014/09/23 13:09:25: PowerON Counter Key Entry ... OK
2014/09/23 13:09:25: Key Entry ... OK
2014/09/23 13:09:25: Complete.
2014/09/23 13:09:25: COM PORT CLOSE ... OK
2014/09/23 13:09:25: 
2014/09/23 13:09:25: ==== Processing was completed ====
2014/09/23 13:09:25: 
*************************************************


*********** Start the Initialize Key Check **********
2014/09/23 13:12:46: Tool Ver: 2013.0605.01
2014/09/23 13:12:46: COM PORT OPEN ... OK
2014/09/23 13:12:46:
2014/09/23 13:12:46: ProductS/N:  VRW06A114900414
2014/09/23 13:12:46: TID: 86041428CAE52080
2014/09/23 13:12:46: F/W Version: 00.00.08
2014/09/23 13:12:46:
2014/09/23 13:12:46: MasterKey Key Entry ... OK
2014/09/23 13:12:46: PowerON Counter Key Entry ... OK
2014/09/23 13:12:47: Key Entry ... OK
2014/09/23 13:12:47: Complete.
2014/09/23 13:12:47: COM PORT CLOSE ... OK
2014/09/23 13:12:47: 
2014/09/23 13:12:47: ==== Processing was completed ====
2014/09/23 13:12:47: 
*************************************************


*********** Start the Initialize Key Check **********
2014/09/23 13:16:03: Tool Ver: 2013.0605.01
2014/09/23 13:16:03: COM PORT OPEN ... OK
2014/09/23 13:16:03:
2014/09/23 13:16:03: ProductS/N:  VRW06A114900399
2014/09/23 13:16:03: TID: 86040B2ACAE52080
2014/09/23 13:16:03: F/W Version: 00.00.08
2014/09/23 13:16:03:
2014/09/23 13:16:03: MasterKey Key Entry ... OK
2014/09/23 13:16:03: PowerON Counter Key Entry ... OK
2014/09/23 13:16:04: Key Entry ... OK
2014/09/23 13:16:04: Complete.
2014/09/23 13:16:04: COM PORT CLOSE ... OK
2014/09/23 13:16:04: 
2014/09/23 13:16:04: ==== Processing was completed ====
2014/09/23 13:16:04: 
*************************************************


*********** Start the Initialize Key Check **********
2014/09/23 13:19:57: Tool Ver: 2013.0605.01
2014/09/23 13:19:57: COM PORT OPEN ... OK
2014/09/23 13:19:57:
2014/09/23 13:19:57: ProductS/N:  VRW06A114900401
2014/09/23 13:19:57: TID: 86043627CAE52080
2014/09/23 13:19:57: F/W Version: 00.00.08
2014/09/23 13:19:57:
2014/09/23 13:19:57: MasterKey Key Entry ... OK
2014/09/23 13:19:57: PowerON Counter Key Entry ... OK
2014/09/23 13:19:57: Key Entry ... OK
2014/09/23 13:19:57: Complete.
2014/09/23 13:19:57: COM PORT CLOSE ... OK
2014/09/23 13:19:57: 
2014/09/23 13:19:57: ==== Processing was completed ====
2014/09/23 13:19:57: 
*************************************************


*********** Start the Initialize Key Check **********
2014/09/23 13:37:49: Tool Ver: 2013.0605.01
2014/09/23 13:37:49: COM PORT OPEN ... OK
2014/09/23 13:37:49:
2014/09/23 13:37:49: ProductS/N:  VRW06A114900408
2014/09/23 13:37:49: TID: 86043528CAE52080
2014/09/23 13:37:49: F/W Version: 00.00.08
2014/09/23 13:37:49:
2014/09/23 13:37:49: MasterKey Key Entry ... OK
2014/09/23 13:37:49: PowerON Counter Key Entry ... OK
2014/09/23 13:37:50: Key Entry ... OK
2014/09/23 13:37:50: Complete.
2014/09/23 13:37:50: COM PORT CLOSE ... OK
2014/09/23 13:37:50: 
2014/09/23 13:37:50: ==== Processing was completed ====
2014/09/23 13:37:50: 
*************************************************


*********** Start the Initialize Key Check **********
2014/09/23 13:39:17: Tool Ver: 2013.0605.01
2014/09/23 13:39:17: COM PORT OPEN ... OK
2014/09/23 13:39:17:
2014/09/23 13:39:17: ProductS/N:  VRW06A114900407
2014/09/23 13:39:17: TID: 86041C08CAE52080
2014/09/23 13:39:17: F/W Version: 00.00.08
2014/09/23 13:39:17:
2014/09/23 13:39:17: MasterKey Key Entry ... OK
2014/09/23 13:39:17: PowerON Counter Key Entry ... OK
2014/09/23 13:39:18: Key Entry ... OK
2014/09/23 13:39:18: Complete.
2014/09/23 13:39:18: COM PORT CLOSE ... OK
2014/09/23 13:39:18: 
2014/09/23 13:39:18: ==== Processing was completed ====
2014/09/23 13:39:18: 
*************************************************


*********** Start the Initialize Key Check **********
2014/09/23 14:09:50: Tool Ver: 2013.0605.01
2014/09/23 14:09:50: Product S/N ... ERROR
2014/09/23 14:09:50: 
2014/09/23 14:09:50: ######## Error has occurred ########
2014/09/23 14:09:50: 
*************************************************


*********** Start the Initialize Key Check **********
2014/09/23 14:10:17: Tool Ver: 2013.0605.01
2014/09/23 14:10:17: COM PORT OPEN ... OK
2014/09/23 14:10:17:
2014/09/23 14:10:17: ProductS/N:  VRW06A114900396
2014/09/23 14:10:17: TID: 86041134CAE52080
2014/09/23 14:10:17: F/W Version: 00.00.08
2014/09/23 14:10:17:
2014/09/23 14:10:17: MasterKey Key Entry ... OK
2014/09/23 14:10:17: PowerON Counter Key Entry ... OK
2014/09/23 14:10:17: Key Entry ... OK
2014/09/23 14:10:17: Complete.
2014/09/23 14:10:17: COM PORT CLOSE ... OK
2014/09/23 14:10:17: 
2014/09/23 14:10:17: ==== Processing was completed ====
2014/09/23 14:10:17: 
*************************************************


*********** Start the Initialize Key Check **********
2014/09/23 14:11:24: Tool Ver: 2013.0605.01
2014/09/23 14:11:24: COM PORT OPEN ... OK
2014/09/23 14:11:24:
2014/09/23 14:11:24: ProductS/N:  VRW06A114900413
2014/09/23 14:11:24: TID: 86040D232AE62080
2014/09/23 14:11:24: F/W Version: 00.00.08
2014/09/23 14:11:24:
2014/09/23 14:11:24: MasterKey Key Entry ... OK
2014/09/23 14:11:24: PowerON Counter Key Entry ... OK
2014/09/23 14:11:24: Key Entry ... OK
2014/09/23 14:11:24: Complete.
2014/09/23 14:11:24: COM PORT CLOSE ... OK
2014/09/23 14:11:24: 
2014/09/23 14:11:24: ==== Processing was completed ====
2014/09/23 14:11:24: 
*************************************************


*********** Start the Initialize Key Check **********
2014/09/23 14:16:42: Tool Ver: 2013.0605.01
2014/09/23 14:16:42: COM PORT OPEN ... OK
2014/09/23 14:16:43:
2014/09/23 14:16:43: ProductS/N:  VRW06A114900424
2014/09/23 14:16:43: TID: 86042F28CAE52080
2014/09/23 14:16:43: F/W Version: 00.00.08
2014/09/23 14:16:43:
2014/09/23 14:16:43: MasterKey Key Entry ... OK
2014/09/23 14:16:43: PowerON Counter Key Entry ... OK
2014/09/23 14:16:43: Key Entry ... OK
2014/09/23 14:16:43: Complete.
2014/09/23 14:16:43: COM PORT CLOSE ... OK
2014/09/23 14:16:43: 
2014/09/23 14:16:43: ==== Processing was completed ====
2014/09/23 14:16:43: 
*************************************************


*********** Start the Initialize Key Check **********
2014/09/23 14:22:57: Tool Ver: 2013.0605.01
2014/09/23 14:22:57: COM PORT OPEN ... OK
2014/09/23 14:22:57:
2014/09/23 14:22:57: ProductS/N:  VRW06A114900402
2014/09/23 14:22:57: TID: 86042B27CAE52080
2014/09/23 14:22:57: F/W Version: 00.00.08
2014/09/23 14:22:57:
2014/09/23 14:22:57: MasterKey Key Entry ... OK
2014/09/23 14:22:57: PowerON Counter Key Entry ... OK
2014/09/23 14:22:58: Key Entry ... OK
2014/09/23 14:22:58: Complete.
2014/09/23 14:22:58: COM PORT CLOSE ... OK
2014/09/23 14:22:58: 
2014/09/23 14:22:58: ==== Processing was completed ====
2014/09/23 14:22:58: 
*************************************************


*********** Start the Initialize Key Check **********
2014/09/23 14:24:01: Tool Ver: 2013.0605.01
2014/09/23 14:24:01: COM PORT OPEN ... OK
2014/09/23 14:24:01:
2014/09/23 14:24:01: ProductS/N:  VRW06A114900417
2014/09/23 14:24:02: TID: 86043428CAE52080
2014/09/23 14:24:02: F/W Version: 00.00.08
2014/09/23 14:24:02:
2014/09/23 14:24:02: MasterKey Key Entry ... OK
2014/09/23 14:24:02: PowerON Counter Key Entry ... OK
2014/09/23 14:24:02: Key Entry ... OK
2014/09/23 14:24:02: Complete.
2014/09/23 14:24:02: COM PORT CLOSE ... OK
2014/09/23 14:24:02: 
2014/09/23 14:24:02: ==== Processing was completed ====
2014/09/23 14:24:02: 
*************************************************


*********** Start the Initialize Key Check **********
2014/09/23 14:28:27: Tool Ver: 2013.0605.01
2014/09/23 14:28:27: COM PORT OPEN ... OK
2014/09/23 14:28:27:
2014/09/23 14:28:27: ProductS/N:  VRW06A114900412
2014/09/23 14:28:27: TID: 8604062BCAE52080
2014/09/23 14:28:27: F/W Version: 00.00.08
2014/09/23 14:28:27:
2014/09/23 14:28:27: MasterKey Key Entry ... OK
2014/09/23 14:28:28: PowerON Counter Key Entry ... OK
2014/09/23 14:28:28: Key Entry ... OK
2014/09/23 14:28:28: Complete.
2014/09/23 14:28:28: COM PORT CLOSE ... OK
2014/09/23 14:28:28: 
2014/09/23 14:28:28: ==== Processing was completed ====
2014/09/23 14:28:28: 
*************************************************


*********** Start the Initialize Key Check **********
2014/09/23 14:35:59: Tool Ver: 2013.0605.01
2014/09/23 14:35:59: COM PORT OPEN ... OK
2014/09/23 14:36:00:
2014/09/23 14:36:00: ProductS/N:  VRW06A114900380
2014/09/23 14:36:00: TID: 86041F27CAE52080
2014/09/23 14:36:00: F/W Version: 00.00.08
2014/09/23 14:36:00:
2014/09/23 14:36:00: MasterKey Key Entry ... OK
2014/09/23 14:36:00: PowerON Counter Key Entry ... OK
2014/09/23 14:36:00: Key Entry ... OK
2014/09/23 14:36:00: Complete.
2014/09/23 14:36:00: COM PORT CLOSE ... OK
2014/09/23 14:36:00: 
2014/09/23 14:36:00: ==== Processing was completed ====
2014/09/23 14:36:00: 
*************************************************


*********** Start the Initialize Key Check **********
2014/09/23 14:39:01: Tool Ver: 2013.0605.01
2014/09/23 14:39:01: COM PORT OPEN ... OK
2014/09/23 14:39:01:
2014/09/23 14:39:01: ProductS/N:  VRW06A114900391
2014/09/23 14:39:01: TID: 8604112ACAE52080
2014/09/23 14:39:01: F/W Version: 00.00.08
2014/09/23 14:39:01:
2014/09/23 14:39:01: MasterKey Key Entry ... OK
2014/09/23 14:39:01: PowerON Counter Key Entry ... OK
2014/09/23 14:39:02: Key Entry ... OK
2014/09/23 14:39:02: Complete.
2014/09/23 14:39:02: COM PORT CLOSE ... OK
2014/09/23 14:39:02: 
2014/09/23 14:39:02: ==== Processing was completed ====
2014/09/23 14:39:02: 
*************************************************


*********** Start the Initialize Key Check **********
2014/09/23 14:41:42: Tool Ver: 2013.0605.01
2014/09/23 14:41:42: COM PORT OPEN ... OK
2014/09/23 14:41:42:
2014/09/23 14:41:42: ProductS/N:  VRW06A114900406
2014/09/23 14:41:42: TID: 86041F2ACAE52080
2014/09/23 14:41:42: F/W Version: 00.00.08
2014/09/23 14:41:42:
2014/09/23 14:41:42: MasterKey Key Entry ... OK
2014/09/23 14:41:42: PowerON Counter Key Entry ... OK
2014/09/23 14:41:43: Key Entry ... OK
2014/09/23 14:41:43: Complete.
2014/09/23 14:41:43: COM PORT CLOSE ... OK
2014/09/23 14:41:43: 
2014/09/23 14:41:43: ==== Processing was completed ====
2014/09/23 14:41:43: 
*************************************************


*********** Start the Initialize Key Check **********
2014/09/23 14:45:21: Tool Ver: 2013.0605.01
2014/09/23 14:45:21: COM PORT OPEN ... OK
2014/09/23 14:45:21:
2014/09/23 14:45:21: ProductS/N:  VRW06A114900376
2014/09/23 14:45:21: TID: 86041B143AE62080
2014/09/23 14:45:21: F/W Version: 00.00.08
2014/09/23 14:45:21:
2014/09/23 14:45:21: MasterKey Key Entry ... OK
2014/09/23 14:45:21: PowerON Counter Key Entry ... OK
2014/09/23 14:45:21: Key Entry ... OK
2014/09/23 14:45:21: Complete.
2014/09/23 14:45:21: COM PORT CLOSE ... OK
2014/09/23 14:45:21: 
2014/09/23 14:45:21: ==== Processing was completed ====
2014/09/23 14:45:21: 
*************************************************


*********** Start the Initialize Key Check **********
2014/09/23 14:48:06: Tool Ver: 2013.0605.01
2014/09/23 14:48:06: COM PORT OPEN ... OK
2014/09/23 14:48:06:
2014/09/23 14:48:06: ProductS/N:  VRW06A114900432
2014/09/23 14:48:06: TID: 86041B2ECAE52080
2014/09/23 14:48:06: F/W Version: 00.00.08
2014/09/23 14:48:06:
2014/09/23 14:48:06: MasterKey Key Entry ... OK
2014/09/23 14:48:06: PowerON Counter Key Entry ... OK
2014/09/23 14:48:07: Key Entry ... OK
2014/09/23 14:48:07: Complete.
2014/09/23 14:48:07: COM PORT CLOSE ... OK
2014/09/23 14:48:07: 
2014/09/23 14:48:07: ==== Processing was completed ====
2014/09/23 14:48:07: 
*************************************************


*********** Start the Initialize Key Check **********
2014/09/23 14:53:30: Tool Ver: 2013.0605.01
2014/09/23 14:53:30: COM PORT OPEN ... OK
2014/09/23 14:53:31:
2014/09/23 14:53:31: ProductS/N:  VRW06A114900397
2014/09/23 14:53:31: TID: 86043036CAE52080
2014/09/23 14:53:31: F/W Version: 00.00.08
2014/09/23 14:53:31:
2014/09/23 14:53:31: MasterKey Key Entry ... OK
2014/09/23 14:53:31: PowerON Counter Key Entry ... OK
2014/09/23 14:53:31: Key Entry ... OK
2014/09/23 14:53:31: Complete.
2014/09/23 14:53:31: COM PORT CLOSE ... OK
2014/09/23 14:53:31: 
2014/09/23 14:53:31: ==== Processing was completed ====
2014/09/23 14:53:31: 
*************************************************


*********** Start the Initialize Key Check **********
2014/09/23 15:14:16: Tool Ver: 2013.0605.01
2014/09/23 15:14:16: COM PORT OPEN ... OK
2014/09/23 15:14:16:
2014/09/23 15:14:16: ProductS/N:  VRW06A114900388
2014/09/23 15:14:16: TID: 860418232AE62080
2014/09/23 15:14:16: F/W Version: 00.00.08
2014/09/23 15:14:16:
2014/09/23 15:14:16: MasterKey Key Entry ... OK
2014/09/23 15:14:16: PowerON Counter Key Entry ... OK
2014/09/23 15:14:17: Key Entry ... OK
2014/09/23 15:14:17: Complete.
2014/09/23 15:14:17: COM PORT CLOSE ... OK
2014/09/23 15:14:17: 
2014/09/23 15:14:17: ==== Processing was completed ====
2014/09/23 15:14:17: 
*************************************************


*********** Start the Initialize Key Check **********
2014/09/23 15:17:30: Tool Ver: 2013.0605.01
2014/09/23 15:17:30: COM PORT OPEN ... OK
2014/09/23 15:17:31:
2014/09/23 15:17:31: ProductS/N:  VRW06A114900428
2014/09/23 15:17:31: TID: 86041A44D2E52080
2014/09/23 15:17:31: F/W Version: 00.00.08
2014/09/23 15:17:31:
2014/09/23 15:17:31: MasterKey Key Entry ... OK
2014/09/23 15:17:31: PowerON Counter Key Entry ... OK
2014/09/23 15:17:31: Key Entry ... OK
2014/09/23 15:17:31: Complete.
2014/09/23 15:17:31: COM PORT CLOSE ... OK
2014/09/23 15:17:31: 
2014/09/23 15:17:31: ==== Processing was completed ====
2014/09/23 15:17:31: 
*************************************************


*********** Start the Initialize Key Check **********
2014/09/23 15:20:37: Tool Ver: 2013.0605.01
2014/09/23 15:20:37: COM PORT OPEN ... OK
2014/09/23 15:20:37:
2014/09/23 15:20:37: ProductS/N:  VRW06A114900427
2014/09/23 15:20:37: TID: 8604143FD2E52080
2014/09/23 15:20:37: F/W Version: 00.00.08
2014/09/23 15:20:37:
2014/09/23 15:20:37: MasterKey Key Entry ... OK
2014/09/23 15:20:37: PowerON Counter Key Entry ... OK
2014/09/23 15:20:37: Key Entry ... OK
2014/09/23 15:20:37: Complete.
2014/09/23 15:20:37: COM PORT CLOSE ... OK
2014/09/23 15:20:37: 
2014/09/23 15:20:37: ==== Processing was completed ====
2014/09/23 15:20:37: 
*************************************************


*********** Start the Initialize Key Check **********
2014/09/23 15:23:59: Tool Ver: 2013.0605.01
2014/09/23 15:23:59: COM PORT OPEN ... OK
2014/09/23 15:23:59:
2014/09/23 15:23:59: ProductS/N:  VRW06A114900420
2014/09/23 15:23:59: TID: 86042523CAE52080
2014/09/23 15:23:59: F/W Version: 00.00.08
2014/09/23 15:23:59:
2014/09/23 15:23:59: MasterKey Key Entry ... OK
2014/09/23 15:23:59: PowerON Counter Key Entry ... OK
2014/09/23 15:23:59: Key Entry ... OK
2014/09/23 15:23:59: Complete.
2014/09/23 15:23:59: COM PORT CLOSE ... OK
2014/09/23 15:23:59: 
2014/09/23 15:23:59: ==== Processing was completed ====
2014/09/23 15:23:59: 
*************************************************


*********** Start the Initialize Key Check **********
2014/09/23 15:26:59: Tool Ver: 2013.0605.01
2014/09/23 15:26:59: COM PORT OPEN ... OK
2014/09/23 15:26:59:
2014/09/23 15:26:59: ProductS/N:  VRW06A114900429
2014/09/23 15:26:59: TID: 86043634CAE52080
2014/09/23 15:26:59: F/W Version: 00.00.08
2014/09/23 15:26:59:
2014/09/23 15:26:59: MasterKey Key Entry ... OK
2014/09/23 15:26:59: PowerON Counter Key Entry ... OK
2014/09/23 15:27:00: Key Entry ... OK
2014/09/23 15:27:00: Complete.
2014/09/23 15:27:00: COM PORT CLOSE ... OK
2014/09/23 15:27:00: 
2014/09/23 15:27:00: ==== Processing was completed ====
2014/09/23 15:27:00: 
*************************************************


*********** Start the Initialize Key Check **********
2014/09/23 15:38:11: Tool Ver: 2013.0605.01
2014/09/23 15:38:11: COM PORT OPEN ... OK
2014/09/23 15:38:11:
2014/09/23 15:38:11: ProductS/N:  VRW06A114900428
2014/09/23 15:38:11: TID: 86041E103AE62080
2014/09/23 15:38:11: F/W Version: 00.00.08
2014/09/23 15:38:11:
2014/09/23 15:38:11: MasterKey Key Entry ... OK
2014/09/23 15:38:11: PowerON Counter Key Entry ... OK
2014/09/23 15:38:12: Key Entry ... OK
2014/09/23 15:38:12: Complete.
2014/09/23 15:38:12: COM PORT CLOSE ... OK
2014/09/23 15:38:12: 
2014/09/23 15:38:12: ==== Processing was completed ====
2014/09/23 15:38:12: 
*************************************************


*********** Start the Initialize Key Check **********
2014/09/23 15:44:46: Tool Ver: 2013.0605.01
2014/09/23 15:44:46: COM PORT OPEN ... OK
2014/09/23 15:44:46:
2014/09/23 15:44:46: ProductS/N:  VRW06A114900430
2014/09/23 15:44:46: TID: 86041C33CAE52080
2014/09/23 15:44:46: F/W Version: 00.00.08
2014/09/23 15:44:46:
2014/09/23 15:44:46: MasterKey Key Entry ... OK
2014/09/23 15:44:46: PowerON Counter Key Entry ... OK
2014/09/23 15:44:47: Key Entry ... OK
2014/09/23 15:44:47: Complete.
2014/09/23 15:44:47: COM PORT CLOSE ... OK
2014/09/23 15:44:47: 
2014/09/23 15:44:47: ==== Processing was completed ====
2014/09/23 15:44:47: 
*************************************************


*********** Start the Initialize Key Check **********
2014/09/23 15:50:06: Tool Ver: 2013.0605.01
2014/09/23 15:50:06: COM PORT OPEN ... OK
2014/09/23 15:50:06:
2014/09/23 15:50:06: ProductS/N:  VRW06A114900439
2014/09/23 15:50:06: TID: 860419143AE62080
2014/09/23 15:50:06: F/W Version: 00.00.08
2014/09/23 15:50:06:
2014/09/23 15:50:06: MasterKey Key Entry ... OK
2014/09/23 15:50:06: PowerON Counter Key Entry ... OK
2014/09/23 15:50:07: Key Entry ... OK
2014/09/23 15:50:07: Complete.
2014/09/23 15:50:07: COM PORT CLOSE ... OK
2014/09/23 15:50:07: 
2014/09/23 15:50:07: ==== Processing was completed ====
2014/09/23 15:50:07: 
*************************************************


*********** Start the Initialize Key Check **********
2014/09/23 15:52:52: Tool Ver: 2013.0605.01
2014/09/23 15:52:52: COM PORT OPEN ... OK
2014/09/23 15:52:52:
2014/09/23 15:52:52: ProductS/N:  VRW06A114900421
2014/09/23 15:52:52: TID: 86041308CAE52080
2014/09/23 15:52:52: F/W Version: 00.00.08
2014/09/23 15:52:52:
2014/09/23 15:52:52: MasterKey Key Entry ... OK
2014/09/23 15:52:52: PowerON Counter Key Entry ... OK
2014/09/23 15:52:52: Key Entry ... OK
2014/09/23 15:52:52: Complete.
2014/09/23 15:52:52: COM PORT CLOSE ... OK
2014/09/23 15:52:52: 
2014/09/23 15:52:52: ==== Processing was completed ====
2014/09/23 15:52:52: 
*************************************************


*********** Start the Initialize Key Check **********
2014/09/23 16:07:15: Tool Ver: 2013.0605.01
2014/09/23 16:07:15: COM PORT OPEN ... OK
2014/09/23 16:07:15:
2014/09/23 16:07:15: ProductS/N:  VRW06A114900422
2014/09/23 16:07:15: TID: 86040C2DCAE52080
2014/09/23 16:07:15: F/W Version: 00.00.08
2014/09/23 16:07:15:
2014/09/23 16:07:15: MasterKey Key Entry ... OK
2014/09/23 16:07:15: PowerON Counter Key Entry ... OK
2014/09/23 16:07:16: Key Entry ... OK
2014/09/23 16:07:16: Complete.
2014/09/23 16:07:16: COM PORT CLOSE ... OK
2014/09/23 16:07:16: 
2014/09/23 16:07:16: ==== Processing was completed ====
2014/09/23 16:07:16: 
*************************************************


*********** Start the Initialize Key Check **********
2014/09/23 16:10:01: Tool Ver: 2013.0605.01
2014/09/23 16:10:01: COM PORT OPEN ... OK
2014/09/23 16:10:01:
2014/09/23 16:10:01: ProductS/N:  VRW06A114900425
2014/09/23 16:10:01: TID: 86041E44D2E52080
2014/09/23 16:10:01: F/W Version: 00.00.08
2014/09/23 16:10:01:
2014/09/23 16:10:01: MasterKey Key Entry ... OK
2014/09/23 16:10:01: PowerON Counter Key Entry ... OK
2014/09/23 16:10:02: Key Entry ... OK
2014/09/23 16:10:02: Complete.
2014/09/23 16:10:02: COM PORT CLOSE ... OK
2014/09/23 16:10:02: 
2014/09/23 16:10:02: ==== Processing was completed ====
2014/09/23 16:10:02: 
*************************************************


*********** Start the Initialize Key Check **********
2014/09/23 16:12:49: Tool Ver: 2013.0605.01
2014/09/23 16:12:49: COM PORT OPEN ... OK
2014/09/23 16:12:49:
2014/09/23 16:12:49: ProductS/N:  VRW06A114900442
2014/09/23 16:12:49: TID: 8604422B2AE62080
2014/09/23 16:12:49: F/W Version: 00.00.08
2014/09/23 16:12:49:
2014/09/23 16:12:49: MasterKey Key Entry ... OK
2014/09/23 16:12:49: PowerON Counter Key Entry ... OK
2014/09/23 16:12:50: Key Entry ... OK
2014/09/23 16:12:50: Complete.
2014/09/23 16:12:50: COM PORT CLOSE ... OK
2014/09/23 16:12:50: 
2014/09/23 16:12:50: ==== Processing was completed ====
2014/09/23 16:12:50: 
*************************************************


*********** Start the Initialize Key Check **********
2014/09/23 16:18:21: Tool Ver: 2013.0605.01
2014/09/23 16:18:21: COM PORT OPEN ... OK
2014/09/23 16:18:21:
2014/09/23 16:18:21: ProductS/N:  VRW06A114900447
2014/09/23 16:18:21: TID: 86043534CAE52080
2014/09/23 16:18:21: F/W Version: 00.00.08
2014/09/23 16:18:21:
2014/09/23 16:18:21: MasterKey Key Entry ... OK
2014/09/23 16:18:21: PowerON Counter Key Entry ... OK
2014/09/23 16:18:22: Key Entry ... OK
2014/09/23 16:18:22: Complete.
2014/09/23 16:18:22: COM PORT CLOSE ... OK
2014/09/23 16:18:22: 
2014/09/23 16:18:22: ==== Processing was completed ====
2014/09/23 16:18:22: 
*************************************************


*********** Start the Initialize Key Check **********
2014/09/23 16:21:26: Tool Ver: 2013.0605.01
2014/09/23 16:21:26: COM PORT OPEN ... OK
2014/09/23 16:21:26:
2014/09/23 16:21:26: ProductS/N:  VRW06A114900446
2014/09/23 16:21:26: TID: 86043E34CAE52080
2014/09/23 16:21:26: F/W Version: 00.00.08
2014/09/23 16:21:26:
2014/09/23 16:21:26: MasterKey Key Entry ... OK
2014/09/23 16:21:26: PowerON Counter Key Entry ... OK
2014/09/23 16:21:27: Key Entry ... OK
2014/09/23 16:21:27: Complete.
2014/09/23 16:21:27: COM PORT CLOSE ... OK
2014/09/23 16:21:27: 
2014/09/23 16:21:27: ==== Processing was completed ====
2014/09/23 16:21:27: 
*************************************************


*********** Start the Initialize Key Check **********
2014/09/23 16:30:02: Tool Ver: 2013.0605.01
2014/09/23 16:30:02: COM PORT OPEN ... OK
2014/09/23 16:30:02:
2014/09/23 16:30:02: ProductS/N:  VRW06A114900443
2014/09/23 16:30:02: TID: 86040F37CAE52080
2014/09/23 16:30:02: F/W Version: 00.00.08
2014/09/23 16:30:02:
2014/09/23 16:30:02: MasterKey Key Entry ... OK
2014/09/23 16:30:02: PowerON Counter Key Entry ... OK
2014/09/23 16:30:03: Key Entry ... OK
2014/09/23 16:30:03: Complete.
2014/09/23 16:30:03: COM PORT CLOSE ... OK
2014/09/23 16:30:03: 
2014/09/23 16:30:03: ==== Processing was completed ====
2014/09/23 16:30:03: 
*************************************************


*********** Start the Initialize Key Check **********
2014/09/23 16:30:41: Tool Ver: 2013.0605.01
2014/09/23 16:30:41: COM PORT OPEN ... OK
2014/09/23 16:30:41:
2014/09/23 16:30:41: ProductS/N:  VRW06A114900443
2014/09/23 16:30:42: TID: 86040F37CAE52080
2014/09/23 16:30:42: F/W Version: 00.00.08
2014/09/23 16:30:42:
2014/09/23 16:30:42: MasterKey Key Entry ... OK
2014/09/23 16:30:42: PowerON Counter Key Entry ... OK
2014/09/23 16:30:42: Key Entry ... OK
2014/09/23 16:30:42: Complete.
2014/09/23 16:30:42: COM PORT CLOSE ... OK
2014/09/23 16:30:42: 
2014/09/23 16:30:42: ==== Processing was completed ====
2014/09/23 16:30:42: 
*************************************************


*********** Start the Initialize Key Check **********
2014/09/23 16:31:12: Tool Ver: 2013.0605.01
2014/09/23 16:31:12: COM PORT OPEN ... OK
2014/09/23 16:31:12:
2014/09/23 16:31:12: ProductS/N:  VRW06A114900451
2014/09/23 16:31:12: TID: 86041037CAE52080
2014/09/23 16:31:12: F/W Version: 00.00.08
2014/09/23 16:31:12:
2014/09/23 16:31:12: MasterKey Key Entry ... OK
2014/09/23 16:31:12: PowerON Counter Key Entry ... OK
2014/09/23 16:31:12: Key Entry ... OK
2014/09/23 16:31:12: Complete.
2014/09/23 16:31:12: COM PORT CLOSE ... OK
2014/09/23 16:31:12: 
2014/09/23 16:31:12: ==== Processing was completed ====
2014/09/23 16:31:12: 
*************************************************


*********** Start the Initialize Key Check **********
2014/09/23 16:33:12: Tool Ver: 2013.0605.01
2014/09/23 16:33:12: COM PORT OPEN ... OK
2014/09/23 16:33:12:
2014/09/23 16:33:12: ProductS/N:  VRW06A114900454
2014/09/23 16:33:12: TID: 86042632CAE52080
2014/09/23 16:33:12: F/W Version: 00.00.08
2014/09/23 16:33:12:
2014/09/23 16:33:12: MasterKey Key Entry ... OK
2014/09/23 16:33:12: PowerON Counter Key Entry ... OK
2014/09/23 16:33:13: Key Entry ... OK
2014/09/23 16:33:13: Complete.
2014/09/23 16:33:13: COM PORT CLOSE ... OK
2014/09/23 16:33:13: 
2014/09/23 16:33:13: ==== Processing was completed ====
2014/09/23 16:33:13: 
*************************************************


*********** Start the Initialize Key Check **********
2014/09/23 16:36:21: Tool Ver: 2013.0605.01
2014/09/23 16:36:21: COM PORT OPEN ... OK
2014/09/23 16:36:21:
2014/09/23 16:36:21: ProductS/N:  VRW06A114900452
2014/09/23 16:36:21: TID: 8604292ACAE52080
2014/09/23 16:36:21: F/W Version: 00.00.08
2014/09/23 16:36:21:
2014/09/23 16:36:21: MasterKey Key Entry ... OK
2014/09/23 16:36:21: PowerON Counter Key Entry ... OK
2014/09/23 16:36:22: Key Entry ... OK
2014/09/23 16:36:22: Complete.
2014/09/23 16:36:22: COM PORT CLOSE ... OK
2014/09/23 16:36:22: 
2014/09/23 16:36:22: ==== Processing was completed ====
2014/09/23 16:36:22: 
*************************************************


*********** Start the Initialize Key Check **********
2014/09/23 16:39:00: Tool Ver: 2013.0605.01
2014/09/23 16:39:00: COM PORT OPEN ... OK
2014/09/23 16:39:00:
2014/09/23 16:39:00: ProductS/N:  VRW06A114900444
2014/09/23 16:39:00: TID: 86040C37CAE52080
2014/09/23 16:39:00: F/W Version: 00.00.08
2014/09/23 16:39:00:
2014/09/23 16:39:00: MasterKey Key Entry ... OK
2014/09/23 16:39:00: PowerON Counter Key Entry ... OK
2014/09/23 16:39:00: Key Entry ... OK
2014/09/23 16:39:00: Complete.
2014/09/23 16:39:00: COM PORT CLOSE ... OK
2014/09/23 16:39:00: 
2014/09/23 16:39:00: ==== Processing was completed ====
2014/09/23 16:39:00: 
*************************************************


*********** Start the Initialize Key Check **********
2014/09/23 16:41:12: Tool Ver: 2013.0605.01
2014/09/23 16:41:12: COM PORT OPEN ... OK
2014/09/23 16:41:12:
2014/09/23 16:41:12: ProductS/N:  VRW06A114900440
2014/09/23 16:41:12: TID: 86040F163AE62080
2014/09/23 16:41:12: F/W Version: 00.00.08
2014/09/23 16:41:12:
2014/09/23 16:41:12: MasterKey Key Entry ... OK
2014/09/23 16:41:12: PowerON Counter Key Entry ... OK
2014/09/23 16:41:13: Key Entry ... OK
2014/09/23 16:41:13: Complete.
2014/09/23 16:41:13: COM PORT CLOSE ... OK
2014/09/23 16:41:13: 
2014/09/23 16:41:13: ==== Processing was completed ====
2014/09/23 16:41:13: 
*************************************************


*********** Start the Initialize Key Check **********
2014/09/23 16:46:40: Tool Ver: 2013.0605.01
2014/09/23 16:46:40: COM PORT OPEN ... OK
2014/09/23 16:46:41:
2014/09/23 16:46:41: ProductS/N:  VRW06A114900455
2014/09/23 16:46:41: TID: 86042A2ACAE52080
2014/09/23 16:46:41: F/W Version: 00.00.08
2014/09/23 16:46:41:
2014/09/23 16:46:41: MasterKey Key Entry ... OK
2014/09/23 16:46:41: PowerON Counter Key Entry ... OK
2014/09/23 16:46:41: Key Entry ... OK
2014/09/23 16:46:41: Complete.
2014/09/23 16:46:41: COM PORT CLOSE ... OK
2014/09/23 16:46:41: 
2014/09/23 16:46:41: ==== Processing was completed ====
2014/09/23 16:46:41: 
*************************************************


*********** Start the Initialize Key Check **********
2014/09/23 16:48:22: Tool Ver: 2013.0605.01
2014/09/23 16:48:22: COM PORT OPEN ... OK
2014/09/23 16:48:22:
2014/09/23 16:48:22: ProductS/N:  VRW06A114900458
2014/09/23 16:48:22: TID: 860424143AE62080
2014/09/23 16:48:22: F/W Version: 00.00.08
2014/09/23 16:48:22:
2014/09/23 16:48:22: MasterKey Key Entry ... OK
2014/09/23 16:48:22: PowerON Counter Key Entry ... OK
2014/09/23 16:48:23: Key Entry ... OK
2014/09/23 16:48:23: Complete.
2014/09/23 16:48:23: COM PORT CLOSE ... OK
2014/09/23 16:48:23: 
2014/09/23 16:48:23: ==== Processing was completed ====
2014/09/23 16:48:23: 
*************************************************


*********** Start the Initialize Key Check **********
2014/09/23 16:51:23: Tool Ver: 2013.0605.01
2014/09/23 16:51:23: COM PORT OPEN ... OK
2014/09/23 16:51:23:
2014/09/23 16:51:23: ProductS/N:  VRW06A114900457
2014/09/23 16:51:23: TID: 86043D143AE62080
2014/09/23 16:51:23: F/W Version: 00.00.08
2014/09/23 16:51:23:
2014/09/23 16:51:23: MasterKey Key Entry ... OK
2014/09/23 16:51:23: PowerON Counter Key Entry ... OK
2014/09/23 16:51:24: Key Entry ... OK
2014/09/23 16:51:24: Complete.
2014/09/23 16:51:24: COM PORT CLOSE ... OK
2014/09/23 16:51:24: 
2014/09/23 16:51:24: ==== Processing was completed ====
2014/09/23 16:51:24: 
*************************************************


*********** Start the Initialize Key Check **********
2014/09/23 16:53:44: Tool Ver: 2013.0605.01
2014/09/23 16:53:44: COM PORT OPEN ... OK
2014/09/23 16:53:44:
2014/09/23 16:53:44: ProductS/N:  VRW06A114900418
2014/09/23 16:53:44: TID: 8604322ACAE52080
2014/09/23 16:53:44: F/W Version: 00.00.08
2014/09/23 16:53:44:
2014/09/23 16:53:44: MasterKey Key Entry ... OK
2014/09/23 16:53:44: PowerON Counter Key Entry ... OK
2014/09/23 16:53:45: Key Entry ... OK
2014/09/23 16:53:45: Complete.
2014/09/23 16:53:45: COM PORT CLOSE ... OK
2014/09/23 16:53:45: 
2014/09/23 16:53:45: ==== Processing was completed ====
2014/09/23 16:53:45: 
*************************************************


*********** Start the Initialize Key Check **********
2014/09/23 16:56:45: Tool Ver: 2013.0605.01
2014/09/23 16:56:45: COM PORT OPEN ... OK
2014/09/23 16:56:45:
2014/09/23 16:56:45: ProductS/N:  VRW06A114900453
2014/09/23 16:56:45: TID: 8604282FCAE52080
2014/09/23 16:56:45: F/W Version: 00.00.08
2014/09/23 16:56:45:
2014/09/23 16:56:45: MasterKey Key Entry ... OK
2014/09/23 16:56:45: PowerON Counter Key Entry ... OK
2014/09/23 16:56:46: Key Entry ... OK
2014/09/23 16:56:46: Complete.
2014/09/23 16:56:46: COM PORT CLOSE ... OK
2014/09/23 16:56:46: 
2014/09/23 16:56:46: ==== Processing was completed ====
2014/09/23 16:56:46: 
*************************************************


*********** Start the Initialize Key Check **********
2014/09/23 17:34:48: Tool Ver: 2013.0605.01
2014/09/23 17:34:48: COM PORT OPEN ... OK
2014/09/23 17:34:48:
2014/09/23 17:34:48: ProductS/N:  VRW06A114900456
2014/09/23 17:34:48: TID: 8604112DCAE52080
2014/09/23 17:34:48: F/W Version: 00.00.08
2014/09/23 17:34:48:
2014/09/23 17:34:48: MasterKey Key Entry ... OK
2014/09/23 17:34:48: PowerON Counter Key Entry ... OK
2014/09/23 17:34:49: Key Entry ... OK
2014/09/23 17:34:49: Complete.
2014/09/23 17:34:49: COM PORT CLOSE ... OK
2014/09/23 17:34:49: 
2014/09/23 17:34:49: ==== Processing was completed ====
2014/09/23 17:34:49: 
*************************************************


*********** Start the Initialize Key Check **********
2014/09/23 17:37:00: Tool Ver: 2013.0605.01
2014/09/23 17:37:00: COM PORT OPEN ... OK
2014/09/23 17:37:00:
2014/09/23 17:37:00: ProductS/N:  VRW06A114900415
2014/09/23 17:37:00: TID: 860419232AE62080
2014/09/23 17:37:00: F/W Version: 00.00.08
2014/09/23 17:37:00:
2014/09/23 17:37:00: MasterKey Key Entry ... OK
2014/09/23 17:37:00: PowerON Counter Key Entry ... OK
2014/09/23 17:37:01: Key Entry ... OK
2014/09/23 17:37:01: Complete.
2014/09/23 17:37:01: COM PORT CLOSE ... OK
2014/09/23 17:37:01: 
2014/09/23 17:37:01: ==== Processing was completed ====
2014/09/23 17:37:01: 
*************************************************


*********** Start the Initialize Key Check **********
2014/09/23 17:43:55: Tool Ver: 2013.0605.01
2014/09/23 17:43:55: COM PORT OPEN ... OK
2014/09/23 17:43:55:
2014/09/23 17:43:55: ProductS/N:  VRW06A114900460
2014/09/23 17:43:55: TID: 860404173AE62080
2014/09/23 17:43:55: F/W Version: 00.00.08
2014/09/23 17:43:55:
2014/09/23 17:43:55: MasterKey Key Entry ... OK
2014/09/23 17:43:55: PowerON Counter Key Entry ... OK
2014/09/23 17:43:56: Key Entry ... OK
2014/09/23 17:43:56: Complete.
2014/09/23 17:43:56: COM PORT CLOSE ... OK
2014/09/23 17:43:56: 
2014/09/23 17:43:56: ==== Processing was completed ====
2014/09/23 17:43:56: 
*************************************************


*********** Start the Initialize Key Check **********
2014/09/23 17:46:37: Tool Ver: 2013.0605.01
2014/09/23 17:46:37: COM PORT OPEN ... OK
2014/09/23 17:46:37:
2014/09/23 17:46:37: ProductS/N:  VRW06A114900438
2014/09/23 17:46:37: TID: 86041F35CAE52080
2014/09/23 17:46:37: F/W Version: 00.00.08
2014/09/23 17:46:37:
2014/09/23 17:46:37: MasterKey Key Entry ... OK
2014/09/23 17:46:37: PowerON Counter Key Entry ... OK
2014/09/23 17:46:38: Key Entry ... OK
2014/09/23 17:46:38: Complete.
2014/09/23 17:46:38: COM PORT CLOSE ... OK
2014/09/23 17:46:38: 
2014/09/23 17:46:38: ==== Processing was completed ====
2014/09/23 17:46:38: 
*************************************************


*********** Start the Initialize Key Check **********
2014/09/23 17:53:43: Tool Ver: 2013.0605.01
2014/09/23 17:53:43: COM PORT OPEN ... OK
2014/09/23 17:53:43:
2014/09/23 17:53:43: ProductS/N:  VRW06A114900437
2014/09/23 17:53:43: TID: 8604342DCAE52080
2014/09/23 17:53:43: F/W Version: 00.00.08
2014/09/23 17:53:43:
2014/09/23 17:53:43: MasterKey Key Entry ... OK
2014/09/23 17:53:43: PowerON Counter Key Entry ... OK
2014/09/23 17:53:44: Key Entry ... OK
2014/09/23 17:53:44: Complete.
2014/09/23 17:53:44: COM PORT CLOSE ... OK
2014/09/23 17:53:44: 
2014/09/23 17:53:44: ==== Processing was completed ====
2014/09/23 17:53:44: 
*************************************************


*********** Start the Initialize Key Check **********
2014/09/23 17:59:36: Tool Ver: 2013.0605.01
2014/09/23 17:59:36: COM PORT OPEN ... OK
2014/09/23 17:59:36:
2014/09/23 17:59:36: ProductS/N:  VRW06A114900404
2014/09/23 17:59:36: TID: 8604262DCAE52080
2014/09/23 17:59:36: F/W Version: 00.00.08
2014/09/23 17:59:36:
2014/09/23 17:59:36: MasterKey Key Entry ... OK
2014/09/23 17:59:36: PowerON Counter Key Entry ... OK
2014/09/23 17:59:37: Key Entry ... OK
2014/09/23 17:59:37: Complete.
2014/09/23 17:59:37: COM PORT CLOSE ... OK
2014/09/23 17:59:37: 
2014/09/23 17:59:37: ==== Processing was completed ====
2014/09/23 17:59:37: 
*************************************************


*********** Start the Initialize Key Check **********
2014/09/23 18:08:58: Tool Ver: 2013.0605.01
2014/09/23 18:08:58: COM PORT OPEN ... OK
2014/09/23 18:08:58:
2014/09/23 18:08:58: ProductS/N:  VRW06A114900449
2014/09/23 18:08:58: TID: 86043F1D2AE62080
2014/09/23 18:08:58: F/W Version: 00.00.08
2014/09/23 18:08:58:
2014/09/23 18:08:58: MasterKey Key Entry ... OK
2014/09/23 18:08:58: PowerON Counter Key Entry ... OK
2014/09/23 18:08:58: Key Entry ... OK
2014/09/23 18:08:58: Complete.
2014/09/23 18:08:58: COM PORT CLOSE ... OK
2014/09/23 18:08:58: 
2014/09/23 18:08:58: ==== Processing was completed ====
2014/09/23 18:08:58: 
*************************************************


*********** Start the Initialize Key Check **********
2014/09/23 18:13:03: Tool Ver: 2013.0605.01
2014/09/23 18:13:03: COM PORT OPEN ... OK
2014/09/23 18:13:03:
2014/09/23 18:13:03: ProductS/N:  VRW06A114900463
2014/09/23 18:13:04: TID: 86042B2DCAE52080
2014/09/23 18:13:04: F/W Version: 00.00.08
2014/09/23 18:13:04:
2014/09/23 18:13:04: MasterKey Key Entry ... OK
2014/09/23 18:13:04: PowerON Counter Key Entry ... OK
2014/09/23 18:13:04: Key Entry ... OK
2014/09/23 18:13:04: Complete.
2014/09/23 18:13:04: COM PORT CLOSE ... OK
2014/09/23 18:13:04: 
2014/09/23 18:13:04: ==== Processing was completed ====
2014/09/23 18:13:04: 
*************************************************


*********** Start the Initialize Key Check **********
2014/09/23 18:17:15: Tool Ver: 2013.0605.01
2014/09/23 18:17:15: COM PORT OPEN ... OK
2014/09/23 18:17:15:
2014/09/23 18:17:15: ProductS/N:  VRW06A114900466
2014/09/23 18:17:15: TID: 86041C173AE62080
2014/09/23 18:17:15: F/W Version: 00.00.08
2014/09/23 18:17:15:
2014/09/23 18:17:15: MasterKey Key Entry ... OK
2014/09/23 18:17:15: PowerON Counter Key Entry ... OK
2014/09/23 18:17:16: Key Entry ... OK
2014/09/23 18:17:16: Complete.
2014/09/23 18:17:16: COM PORT CLOSE ... OK
2014/09/23 18:17:16: 
2014/09/23 18:17:16: ==== Processing was completed ====
2014/09/23 18:17:16: 
*************************************************


*********** Start the Initialize Key Check **********
2014/09/23 18:21:12: Tool Ver: 2013.0605.01
2014/09/23 18:21:12: COM PORT OPEN ... OK
2014/09/23 18:21:12:
2014/09/23 18:21:12: ProductS/N:  VRW06A114900464
2014/09/23 18:21:12: TID: 86041A33CAE52080
2014/09/23 18:21:12: F/W Version: 00.00.08
2014/09/23 18:21:12:
2014/09/23 18:21:12: MasterKey Key Entry ... OK
2014/09/23 18:21:12: PowerON Counter Key Entry ... OK
2014/09/23 18:21:13: Key Entry ... OK
2014/09/23 18:21:13: Complete.
2014/09/23 18:21:13: COM PORT CLOSE ... OK
2014/09/23 18:21:13: 
2014/09/23 18:21:13: ==== Processing was completed ====
2014/09/23 18:21:13: 
*************************************************


*********** Start the Initialize Key Check **********
2014/09/23 18:21:57: Tool Ver: 2013.0605.01
2014/09/23 18:21:57: COM PORT OPEN ... OK
2014/09/23 18:21:57:
2014/09/23 18:21:57: ProductS/N:  VRW06A114900464
2014/09/23 18:21:57: TID: 86041A33CAE52080
2014/09/23 18:21:57: F/W Version: 00.00.08
2014/09/23 18:21:57:
2014/09/23 18:21:57: MasterKey Key Entry ... OK
2014/09/23 18:21:57: PowerON Counter Key Entry ... OK
2014/09/23 18:21:58: Key Entry ... OK
2014/09/23 18:21:58: Complete.
2014/09/23 18:21:58: COM PORT CLOSE ... OK
2014/09/23 18:21:58: 
2014/09/23 18:21:58: ==== Processing was completed ====
2014/09/23 18:21:58: 
*************************************************


*********** Start the Initialize Key Check **********
2014/09/23 18:24:36: Tool Ver: 2013.0605.01
2014/09/23 18:24:36: COM PORT OPEN ... OK
2014/09/23 18:24:36:
2014/09/23 18:24:36: ProductS/N:  VRW06A114900423
2014/09/23 18:24:36: TID: 86041309CAE52080
2014/09/23 18:24:36: F/W Version: 00.00.08
2014/09/23 18:24:36:
2014/09/23 18:24:36: MasterKey Key Entry ... OK
2014/09/23 18:24:36: PowerON Counter Key Entry ... OK
2014/09/23 18:24:36: Key Entry ... OK
2014/09/23 18:24:36: Complete.
2014/09/23 18:24:36: COM PORT CLOSE ... OK
2014/09/23 18:24:36: 
2014/09/23 18:24:37: ==== Processing was completed ====
2014/09/23 18:24:37: 
*************************************************


*********** Start the Initialize Key Check **********
2014/09/23 18:28:18: Tool Ver: 2013.0605.01
2014/09/23 18:28:18: COM PORT OPEN ... OK
2014/09/23 18:28:18:
2014/09/23 18:28:18: ProductS/N:  VRW06A114900462
2014/09/23 18:28:18: TID: 8604122DCAE52080
2014/09/23 18:28:18: F/W Version: 00.00.08
2014/09/23 18:28:18:
2014/09/23 18:28:18: MasterKey Key Entry ... OK
2014/09/23 18:28:18: PowerON Counter Key Entry ... OK
2014/09/23 18:28:19: Key Entry ... OK
2014/09/23 18:28:19: Complete.
2014/09/23 18:28:19: COM PORT CLOSE ... OK
2014/09/23 18:28:19: 
2014/09/23 18:28:19: ==== Processing was completed ====
2014/09/23 18:28:19: 
*************************************************


*********** Start the Initialize Key Check **********
2014/09/23 18:32:04: Tool Ver: 2013.0605.01
2014/09/23 18:32:04: COM PORT OPEN ... OK
2014/09/23 18:32:04:
2014/09/23 18:32:04: ProductS/N:  VRW06A114900448
2014/09/23 18:32:04: TID: 86043F33CAE52080
2014/09/23 18:32:04: F/W Version: 00.00.08
2014/09/23 18:32:04:
2014/09/23 18:32:04: MasterKey Key Entry ... OK
2014/09/23 18:32:04: PowerON Counter Key Entry ... OK
2014/09/23 18:32:05: Key Entry ... OK
2014/09/23 18:32:05: Complete.
2014/09/23 18:32:05: COM PORT CLOSE ... OK
2014/09/23 18:32:05: 
2014/09/23 18:32:05: ==== Processing was completed ====
2014/09/23 18:32:05: 
*************************************************


*********** Start the Initialize Key Check **********
2014/09/23 18:35:44: Tool Ver: 2013.0605.01
2014/09/23 18:35:44: COM PORT OPEN ... OK
2014/09/23 18:35:44:
2014/09/23 18:35:44: ProductS/N:  VRW06A114900470
2014/09/23 18:35:44: TID: 86042528CAE52080
2014/09/23 18:35:44: F/W Version: 00.00.08
2014/09/23 18:35:44:
2014/09/23 18:35:44: MasterKey Key Entry ... OK
2014/09/23 18:35:44: PowerON Counter Key Entry ... OK
2014/09/23 18:35:45: Key Entry ... OK
2014/09/23 18:35:45: Complete.
2014/09/23 18:35:45: COM PORT CLOSE ... OK
2014/09/23 18:35:45: 
2014/09/23 18:35:45: ==== Processing was completed ====
2014/09/23 18:35:45: 
*************************************************


*********** Start the Initialize Key Check **********
2014/09/23 18:38:48: Tool Ver: 2013.0605.01
2014/09/23 18:38:48: COM PORT OPEN ... OK
2014/09/23 18:38:48:
2014/09/23 18:38:48: ProductS/N:  VRW06A114900471
2014/09/23 18:38:48: TID: 8604102CCAE52080
2014/09/23 18:38:48: F/W Version: 00.00.08
2014/09/23 18:38:48:
2014/09/23 18:38:48: MasterKey Key Entry ... OK
2014/09/23 18:38:48: PowerON Counter Key Entry ... OK
2014/09/23 18:38:49: Key Entry ... OK
2014/09/23 18:38:49: Complete.
2014/09/23 18:38:49: COM PORT CLOSE ... OK
2014/09/23 18:38:49: 
2014/09/23 18:38:49: ==== Processing was completed ====
2014/09/23 18:38:49: 
*************************************************


*********** Start the Initialize Key Check **********
2014/09/23 18:41:16: Tool Ver: 2013.0605.01
2014/09/23 18:41:16: COM PORT OPEN ... OK
2014/09/23 18:41:16:
2014/09/23 18:41:16: ProductS/N:  VRW06A114900472
2014/09/23 18:41:16: TID: 86043B35CAE52080
2014/09/23 18:41:16: F/W Version: 00.00.08
2014/09/23 18:41:16:
2014/09/23 18:41:16: MasterKey Key Entry ... OK
2014/09/23 18:41:16: PowerON Counter Key Entry ... OK
2014/09/23 18:41:17: Key Entry ... OK
2014/09/23 18:41:17: Complete.
2014/09/23 18:41:17: COM PORT CLOSE ... OK
2014/09/23 18:41:17: 
2014/09/23 18:41:17: ==== Processing was completed ====
2014/09/23 18:41:17: 
*************************************************


*********** Start the Initialize Key Check **********
2014/09/23 18:45:09: Tool Ver: 2013.0605.01
2014/09/23 18:45:09: COM PORT OPEN ... OK
2014/09/23 18:45:09:
2014/09/23 18:45:09: ProductS/N:  VRW06A114900465
2014/09/23 18:45:09: TID: 86042A27CAE52080
2014/09/23 18:45:09: F/W Version: 00.00.08
2014/09/23 18:45:09:
2014/09/23 18:45:09: MasterKey Key Entry ... OK
2014/09/23 18:45:09: PowerON Counter Key Entry ... OK
2014/09/23 18:45:09: Key Entry ... OK
2014/09/23 18:45:09: Complete.
2014/09/23 18:45:09: COM PORT CLOSE ... OK
2014/09/23 18:45:09: 
2014/09/23 18:45:09: ==== Processing was completed ====
2014/09/23 18:45:09: 
*************************************************


*********** Start the Initialize Key Check **********
2014/09/23 18:49:23: Tool Ver: 2013.0605.01
2014/09/23 18:49:23: COM PORT OPEN ... OK
2014/09/23 18:49:23:
2014/09/23 18:49:23: ProductS/N:  VRW06A114900469
2014/09/23 18:49:23: TID: 86043D2ECAE52080
2014/09/23 18:49:23: F/W Version: 00.00.08
2014/09/23 18:49:23:
2014/09/23 18:49:23: MasterKey Key Entry ... OK
2014/09/23 18:49:23: PowerON Counter Key Entry ... OK
2014/09/23 18:49:23: Key Entry ... OK
2014/09/23 18:49:23: Complete.
2014/09/23 18:49:23: COM PORT CLOSE ... OK
2014/09/23 18:49:23: 
2014/09/23 18:49:23: ==== Processing was completed ====
2014/09/23 18:49:23: 
*************************************************


*********** Start the Initialize Key Check **********
2014/09/23 18:58:12: Tool Ver: 2013.0605.01
2014/09/23 18:58:12: COM PORT OPEN ... OK
2014/09/23 18:58:12:
2014/09/23 18:58:12: ProductS/N:  VRW06A114900459
2014/09/23 18:58:12: TID: 86041A113AE62080
2014/09/23 18:58:12: F/W Version: 00.00.08
2014/09/23 18:58:12:
2014/09/23 18:58:12: MasterKey Key Entry ... OK
2014/09/23 18:58:12: PowerON Counter Key Entry ... OK
2014/09/23 18:58:12: Key Entry ... OK
2014/09/23 18:58:12: Complete.
2014/09/23 18:58:12: COM PORT CLOSE ... OK
2014/09/23 18:58:12: 
2014/09/23 18:58:12: ==== Processing was completed ====
2014/09/23 18:58:12: 
*************************************************


*********** Start the Initialize Key Check **********
2014/09/23 19:01:11: Tool Ver: 2013.0605.01
2014/09/23 19:01:11: COM PORT OPEN ... OK
2014/09/23 19:01:11:
2014/09/23 19:01:11: ProductS/N:  VRW06A114900473
2014/09/23 19:01:11: TID: 86042934CAE52080
2014/09/23 19:01:11: F/W Version: 00.00.08
2014/09/23 19:01:11:
2014/09/23 19:01:11: MasterKey Key Entry ... OK
2014/09/23 19:01:11: PowerON Counter Key Entry ... OK
2014/09/23 19:01:11: Key Entry ... OK
2014/09/23 19:01:11: Complete.
2014/09/23 19:01:11: COM PORT CLOSE ... OK
2014/09/23 19:01:11: 
2014/09/23 19:01:11: ==== Processing was completed ====
2014/09/23 19:01:11: 
*************************************************


*********** Start the Initialize Key Check **********
2014/09/23 19:04:07: Tool Ver: 2013.0605.01
2014/09/23 19:04:07: COM PORT OPEN ... OK
2014/09/23 19:04:07:
2014/09/23 19:04:07: ProductS/N:  VRW06A114900477
2014/09/23 19:04:07: TID: 86041D31CAE52080
2014/09/23 19:04:07: F/W Version: 00.00.08
2014/09/23 19:04:07:
2014/09/23 19:04:07: MasterKey Key Entry ... OK
2014/09/23 19:04:07: PowerON Counter Key Entry ... OK
2014/09/23 19:04:08: Key Entry ... OK
2014/09/23 19:04:08: Complete.
2014/09/23 19:04:08: COM PORT CLOSE ... OK
2014/09/23 19:04:08: 
2014/09/23 19:04:08: ==== Processing was completed ====
2014/09/23 19:04:08: 
*************************************************


*********** Start the Initialize Key Check **********
2014/09/23 19:07:00: Tool Ver: 2013.0605.01
2014/09/23 19:07:00: COM PORT OPEN ... OK
2014/09/23 19:07:00:
2014/09/23 19:07:00: ProductS/N:  VRW06A114900445
2014/09/23 19:07:00: TID: 8604242ECAE52080
2014/09/23 19:07:00: F/W Version: 00.00.08
2014/09/23 19:07:00:
2014/09/23 19:07:00: MasterKey Key Entry ... OK
2014/09/23 19:07:00: PowerON Counter Key Entry ... OK
2014/09/23 19:07:01: Key Entry ... OK
2014/09/23 19:07:01: Complete.
2014/09/23 19:07:01: COM PORT CLOSE ... OK
2014/09/23 19:07:01: 
2014/09/23 19:07:01: ==== Processing was completed ====
2014/09/23 19:07:01: 
*************************************************


