*********** Start the Initialize Key Check **********
2014/09/05 10:49:33: Tool Ver: 2013.0605.01
2014/09/05 10:49:33: COM PORT OPEN ... OK
2014/09/05 10:49:33:
2014/09/05 10:49:33: ProductS/N:  VRW06A114800507
2014/09/05 10:49:33: TID: 86041643D2E52080
2014/09/05 10:49:33: F/W Version: 00.00.08
2014/09/05 10:49:33:
2014/09/05 10:49:33: MasterKey Key Entry ... OK
2014/09/05 10:49:33: PowerON Counter Key Entry ... OK
2014/09/05 10:49:34: Key Entry ... OK
2014/09/05 10:49:34: Complete.
2014/09/05 10:49:34: COM PORT CLOSE ... OK
2014/09/05 10:49:34: 
2014/09/05 10:49:34: ==== Processing was completed ====
2014/09/05 10:49:34: 
*************************************************


*********** Start the Initialize Key Check **********
2014/09/05 10:50:29: Tool Ver: 2013.0605.01
2014/09/05 10:50:29: COM PORT OPEN ... OK
2014/09/05 10:50:29:
2014/09/05 10:50:29: ProductS/N:  VRW06A114800515
2014/09/05 10:50:29: TID: 860423232AE62080
2014/09/05 10:50:29: F/W Version: 00.00.08
2014/09/05 10:50:29:
2014/09/05 10:50:29: MasterKey Key Entry ... OK
2014/09/05 10:50:29: PowerON Counter Key Entry ... OK
2014/09/05 10:50:30: Key Entry ... OK
2014/09/05 10:50:30: Complete.
2014/09/05 10:50:30: COM PORT CLOSE ... OK
2014/09/05 10:50:30: 
2014/09/05 10:50:30: ==== Processing was completed ====
2014/09/05 10:50:30: 
*************************************************


*********** Start the Initialize Key Check **********
2014/09/05 10:51:23: Tool Ver: 2013.0605.01
2014/09/05 10:51:23: COM PORT OPEN ... OK
2014/09/05 10:51:23:
2014/09/05 10:51:23: ProductS/N:  VRW06A114800457
2014/09/05 10:51:23: TID: 86040520CAE52080
2014/09/05 10:51:23: F/W Version: 00.00.08
2014/09/05 10:51:23:
2014/09/05 10:51:23: MasterKey Key Entry ... OK
2014/09/05 10:51:23: PowerON Counter Key Entry ... OK
2014/09/05 10:51:24: Key Entry ... OK
2014/09/05 10:51:24: Complete.
2014/09/05 10:51:24: COM PORT CLOSE ... OK
2014/09/05 10:51:24: 
2014/09/05 10:51:24: ==== Processing was completed ====
2014/09/05 10:51:24: 
*************************************************


*********** Start the Initialize Key Check **********
2014/09/05 10:52:13: Tool Ver: 2013.0605.01
2014/09/05 10:52:13: COM PORT OPEN ... OK
2014/09/05 10:52:13:
2014/09/05 10:52:13: ProductS/N:  VRW06A114800535
2014/09/05 10:52:13: TID: 8604131D2AE62080
2014/09/05 10:52:13: F/W Version: 00.00.08
2014/09/05 10:52:13:
2014/09/05 10:52:13: MasterKey Key Entry ... OK
2014/09/05 10:52:13: PowerON Counter Key Entry ... OK
2014/09/05 10:52:14: Key Entry ... OK
2014/09/05 10:52:14: Complete.
2014/09/05 10:52:14: COM PORT CLOSE ... OK
2014/09/05 10:52:14: 
2014/09/05 10:52:14: ==== Processing was completed ====
2014/09/05 10:52:14: 
*************************************************


*********** Start the Initialize Key Check **********
2014/09/05 10:53:04: Tool Ver: 2013.0605.01
2014/09/05 10:53:04: COM PORT OPEN ... OK
2014/09/05 10:53:04:
2014/09/05 10:53:04: ProductS/N:  VRW06A114800520
2014/09/05 10:53:04: TID: 86041F4132E62080
2014/09/05 10:53:04: F/W Version: 00.00.08
2014/09/05 10:53:04:
2014/09/05 10:53:04: MasterKey Key Entry ... OK
2014/09/05 10:53:04: PowerON Counter Key Entry ... OK
2014/09/05 10:53:04: Key Entry ... OK
2014/09/05 10:53:04: Complete.
2014/09/05 10:53:04: COM PORT CLOSE ... OK
2014/09/05 10:53:04: 
2014/09/05 10:53:04: ==== Processing was completed ====
2014/09/05 10:53:04: 
*************************************************


*********** Start the Initialize Key Check **********
2014/09/05 11:03:58: Tool Ver: 2013.0605.01
2014/09/05 11:03:58: COM PORT OPEN ... OK
2014/09/05 11:03:58:
2014/09/05 11:03:58: ProductS/N:  VRW06A114800542
2014/09/05 11:03:58: TID: 86041E052AE62080
2014/09/05 11:03:58: F/W Version: 00.00.08
2014/09/05 11:03:58:
2014/09/05 11:03:58: MasterKey Key Entry ... OK
2014/09/05 11:03:58: PowerON Counter Key Entry ... OK
2014/09/05 11:03:59: Key Entry ... OK
2014/09/05 11:03:59: Complete.
2014/09/05 11:03:59: COM PORT CLOSE ... OK
2014/09/05 11:03:59: 
2014/09/05 11:03:59: ==== Processing was completed ====
2014/09/05 11:03:59: 
*************************************************


*********** Start the Initialize Key Check **********
2014/09/05 11:05:14: Tool Ver: 2013.0605.01
2014/09/05 11:05:14: COM PORT OPEN ... OK
2014/09/05 11:05:14:
2014/09/05 11:05:14: ProductS/N:  VRW06A114800526
2014/09/05 11:05:14: TID: 86043224CAE52080
2014/09/05 11:05:14: F/W Version: 00.00.08
2014/09/05 11:05:14:
2014/09/05 11:05:14: MasterKey Key Entry ... OK
2014/09/05 11:05:14: PowerON Counter Key Entry ... OK
2014/09/05 11:05:14: Key Entry ... OK
2014/09/05 11:05:14: Complete.
2014/09/05 11:05:14: COM PORT CLOSE ... OK
2014/09/05 11:05:14: 
2014/09/05 11:05:14: ==== Processing was completed ====
2014/09/05 11:05:14: 
*************************************************


*********** Start the Initialize Key Check **********
2014/09/05 11:05:56: Tool Ver: 2013.0605.01
2014/09/05 11:05:56: COM PORT OPEN ... OK
2014/09/05 11:05:56:
2014/09/05 11:05:56: ProductS/N:  VRW06A114800531
2014/09/05 11:05:56: TID: 86041F25CAE52080
2014/09/05 11:05:56: F/W Version: 00.00.08
2014/09/05 11:05:56:
2014/09/05 11:05:56: MasterKey Key Entry ... OK
2014/09/05 11:05:56: PowerON Counter Key Entry ... OK
2014/09/05 11:05:57: Key Entry ... OK
2014/09/05 11:05:57: Complete.
2014/09/05 11:05:57: COM PORT CLOSE ... OK
2014/09/05 11:05:57: 
2014/09/05 11:05:57: ==== Processing was completed ====
2014/09/05 11:05:57: 
*************************************************


*********** Start the Initialize Key Check **********
2014/09/05 11:06:45: Tool Ver: 2013.0605.01
2014/09/05 11:06:45: COM PORT OPEN ... OK
2014/09/05 11:06:45:
2014/09/05 11:06:45: ProductS/N:  VRW06A114800533
2014/09/05 11:06:45: TID: 8604191D2AE62080
2014/09/05 11:06:45: F/W Version: 00.00.08
2014/09/05 11:06:45:
2014/09/05 11:06:45: MasterKey Key Entry ... OK
2014/09/05 11:06:45: PowerON Counter Key Entry ... OK
2014/09/05 11:06:46: Key Entry ... OK
2014/09/05 11:06:46: Complete.
2014/09/05 11:06:46: COM PORT CLOSE ... OK
2014/09/05 11:06:46: 
2014/09/05 11:06:46: ==== Processing was completed ====
2014/09/05 11:06:46: 
*************************************************


*********** Start the Initialize Key Check **********
2014/09/05 11:07:23: Tool Ver: 2013.0605.01
2014/09/05 11:07:23: COM PORT OPEN ... OK
2014/09/05 11:07:23:
2014/09/05 11:07:23: ProductS/N:  VRW06A114800528
2014/09/05 11:07:23: TID: 86040A222AE62080
2014/09/05 11:07:23: F/W Version: 00.00.08
2014/09/05 11:07:23:
2014/09/05 11:07:23: MasterKey Key Entry ... OK
2014/09/05 11:07:23: PowerON Counter Key Entry ... OK
2014/09/05 11:07:24: Key Entry ... OK
2014/09/05 11:07:24: Complete.
2014/09/05 11:07:24: COM PORT CLOSE ... OK
2014/09/05 11:07:24: 
2014/09/05 11:07:24: ==== Processing was completed ====
2014/09/05 11:07:24: 
*************************************************


*********** Start the Initialize Key Check **********
2014/09/05 11:08:04: Tool Ver: 2013.0605.01
2014/09/05 11:08:04: COM PORT OPEN ... OK
2014/09/05 11:08:04:
2014/09/05 11:08:04: ProductS/N:  VRW06A114800519
2014/09/05 11:08:04: TID: 86042B292AE62080
2014/09/05 11:08:04: F/W Version: 00.00.08
2014/09/05 11:08:04:
2014/09/05 11:08:04: MasterKey Key Entry ... OK
2014/09/05 11:08:04: PowerON Counter Key Entry ... OK
2014/09/05 11:08:04: Key Entry ... OK
2014/09/05 11:08:04: Complete.
2014/09/05 11:08:04: COM PORT CLOSE ... OK
2014/09/05 11:08:04: 
2014/09/05 11:08:04: ==== Processing was completed ====
2014/09/05 11:08:04: 
*************************************************


*********** Start the Initialize Key Check **********
2014/09/05 11:34:49: Tool Ver: 2013.0605.01
2014/09/05 11:34:49: COM PORT OPEN ... OK
2014/09/05 11:34:49:
2014/09/05 11:34:49: ProductS/N:  VRW06A114800534
2014/09/05 11:34:49: TID: 860422072AE62080
2014/09/05 11:34:49: F/W Version: 00.00.08
2014/09/05 11:34:49:
2014/09/05 11:34:49: MasterKey Key Entry ... OK
2014/09/05 11:34:49: PowerON Counter Key Entry ... OK
2014/09/05 11:34:50: Key Entry ... OK
2014/09/05 11:34:50: Complete.
2014/09/05 11:34:50: COM PORT CLOSE ... OK
2014/09/05 11:34:50: 
2014/09/05 11:34:50: ==== Processing was completed ====
2014/09/05 11:34:50: 
*************************************************


*********** Start the Initialize Key Check **********
2014/09/05 11:35:18: Tool Ver: 2013.0605.01
2014/09/05 11:35:18: COM PORT OPEN ... OK
2014/09/05 11:35:18:
2014/09/05 11:35:18: ProductS/N:  VRW06A114800539
2014/09/05 11:35:18: TID: 86042142D2E52080
2014/09/05 11:35:18: F/W Version: 00.00.08
2014/09/05 11:35:18:
2014/09/05 11:35:18: MasterKey Key Entry ... OK
2014/09/05 11:35:18: PowerON Counter Key Entry ... OK
2014/09/05 11:35:19: Key Entry ... OK
2014/09/05 11:35:19: Complete.
2014/09/05 11:35:19: COM PORT CLOSE ... OK
2014/09/05 11:35:19: 
2014/09/05 11:35:19: ==== Processing was completed ====
2014/09/05 11:35:19: 
*************************************************


*********** Start the Initialize Key Check **********
2014/09/05 11:35:47: Tool Ver: 2013.0605.01
2014/09/05 11:35:47: COM PORT OPEN ... OK
2014/09/05 11:35:47:
2014/09/05 11:35:47: ProductS/N:  VRW06A114800392
2014/09/05 11:35:47: TID: 860411202AE62080
2014/09/05 11:35:47: F/W Version: 00.00.08
2014/09/05 11:35:47:
2014/09/05 11:35:48: MasterKey Key Entry ... OK
2014/09/05 11:35:48: PowerON Counter Key Entry ... OK
2014/09/05 11:35:48: Key Entry ... OK
2014/09/05 11:35:48: Complete.
2014/09/05 11:35:48: COM PORT CLOSE ... OK
2014/09/05 11:35:48: 
2014/09/05 11:35:48: ==== Processing was completed ====
2014/09/05 11:35:48: 
*************************************************


*********** Start the Initialize Key Check **********
2014/09/05 11:36:16: Tool Ver: 2013.0605.01
2014/09/05 11:36:16: COM PORT OPEN ... OK
2014/09/05 11:36:16:
2014/09/05 11:36:16: ProductS/N:  VRW06A114800473
2014/09/05 11:36:16: TID: 8604121C2AE62080
2014/09/05 11:36:16: F/W Version: 00.00.08
2014/09/05 11:36:16:
2014/09/05 11:36:16: MasterKey Key Entry ... OK
2014/09/05 11:36:16: PowerON Counter Key Entry ... OK
2014/09/05 11:36:17: Key Entry ... OK
2014/09/05 11:36:17: Complete.
2014/09/05 11:36:17: COM PORT CLOSE ... OK
2014/09/05 11:36:17: 
2014/09/05 11:36:17: ==== Processing was completed ====
2014/09/05 11:36:17: 
*************************************************


*********** Start the Initialize Key Check **********
2014/09/05 11:36:48: Tool Ver: 2013.0605.01
2014/09/05 11:36:48: COM PORT OPEN ... OK
2014/09/05 11:36:48:
2014/09/05 11:36:48: ProductS/N:  VRW06A114800536
2014/09/05 11:36:48: TID: 8604361F2AE62080
2014/09/05 11:36:48: F/W Version: 00.00.08
2014/09/05 11:36:48:
2014/09/05 11:36:48: MasterKey Key Entry ... OK
2014/09/05 11:36:48: PowerON Counter Key Entry ... OK
2014/09/05 11:36:49: Key Entry ... OK
2014/09/05 11:36:49: Complete.
2014/09/05 11:36:49: COM PORT CLOSE ... OK
2014/09/05 11:36:49: 
2014/09/05 11:36:49: ==== Processing was completed ====
2014/09/05 11:36:49: 
*************************************************


*********** Start the Initialize Key Check **********
2014/09/05 11:37:19: Tool Ver: 2013.0605.01
2014/09/05 11:37:19: COM PORT OPEN ... OK
2014/09/05 11:37:19:
2014/09/05 11:37:19: ProductS/N:  VRW06A114800527
2014/09/05 11:37:19: TID: 8604284232E62080
2014/09/05 11:37:19: F/W Version: 00.00.08
2014/09/05 11:37:19:
2014/09/05 11:37:19: MasterKey Key Entry ... OK
2014/09/05 11:37:19: PowerON Counter Key Entry ... OK
2014/09/05 11:37:20: Key Entry ... OK
2014/09/05 11:37:20: Complete.
2014/09/05 11:37:20: COM PORT CLOSE ... OK
2014/09/05 11:37:20: 
2014/09/05 11:37:20: ==== Processing was completed ====
2014/09/05 11:37:20: 
*************************************************


*********** Start the Initialize Key Check **********
2014/09/05 12:56:14: Tool Ver: 2013.0605.01
2014/09/05 12:56:14: COM PORT OPEN ... OK
2014/09/05 12:56:14:
2014/09/05 12:56:14: ProductS/N:  VRW06A114800545
2014/09/05 12:56:14: TID: 860414072AE62080
2014/09/05 12:56:14: F/W Version: 00.00.08
2014/09/05 12:56:14:
2014/09/05 12:56:14: MasterKey Key Entry ... OK
2014/09/05 12:56:14: PowerON Counter Key Entry ... OK
2014/09/05 12:56:14: Key Entry ... OK
2014/09/05 12:56:14: Complete.
2014/09/05 12:56:14: COM PORT CLOSE ... OK
2014/09/05 12:56:14: 
2014/09/05 12:56:14: ==== Processing was completed ====
2014/09/05 12:56:14: 
*************************************************


*********** Start the Initialize Key Check **********
2014/09/05 12:56:46: Tool Ver: 2013.0605.01
2014/09/05 12:56:46: COM PORT OPEN ... OK
2014/09/05 12:56:46:
2014/09/05 12:56:46: ProductS/N:  VRW06A114800549
2014/09/05 12:56:46: TID: 860428082AE62080
2014/09/05 12:56:46: F/W Version: 00.00.08
2014/09/05 12:56:46:
2014/09/05 12:56:46: MasterKey Key Entry ... OK
2014/09/05 12:56:46: PowerON Counter Key Entry ... OK
2014/09/05 12:56:47: Key Entry ... OK
2014/09/05 12:56:47: Complete.
2014/09/05 12:56:47: COM PORT CLOSE ... OK
2014/09/05 12:56:47: 
2014/09/05 12:56:47: ==== Processing was completed ====
2014/09/05 12:56:47: 
*************************************************


*********** Start the Initialize Key Check **********
2014/09/05 13:08:00: Tool Ver: 2013.0605.01
2014/09/05 13:08:00: COM PORT OPEN ... OK
2014/09/05 13:08:00:
2014/09/05 13:08:00: ProductS/N:  VRW06A114800541
2014/09/05 13:08:00: TID: 86041F4032E62080
2014/09/05 13:08:00: F/W Version: 00.00.08
2014/09/05 13:08:00:
2014/09/05 13:08:00: MasterKey Key Entry ... OK
2014/09/05 13:08:00: PowerON Counter Key Entry ... OK
2014/09/05 13:08:01: Key Entry ... OK
2014/09/05 13:08:01: Complete.
2014/09/05 13:08:01: COM PORT CLOSE ... OK
2014/09/05 13:08:01: 
2014/09/05 13:08:01: ==== Processing was completed ====
2014/09/05 13:08:01: 
*************************************************


*********** Start the Initialize Key Check **********
2014/09/05 13:08:39: Tool Ver: 2013.0605.01
2014/09/05 13:08:39: COM PORT OPEN ... OK
2014/09/05 13:08:39:
2014/09/05 13:08:39: ProductS/N:  VRW06A114800544
2014/09/05 13:08:39: TID: 86040F3F32E62080
2014/09/05 13:08:39: F/W Version: 00.00.08
2014/09/05 13:08:39:
2014/09/05 13:08:39: MasterKey Key Entry ... OK
2014/09/05 13:08:39: PowerON Counter Key Entry ... OK
2014/09/05 13:08:40: Key Entry ... OK
2014/09/05 13:08:40: Complete.
2014/09/05 13:08:40: COM PORT CLOSE ... OK
2014/09/05 13:08:40: 
2014/09/05 13:08:40: ==== Processing was completed ====
2014/09/05 13:08:40: 
*************************************************


*********** Start the Initialize Key Check **********
2014/09/05 13:09:10: Tool Ver: 2013.0605.01
2014/09/05 13:09:10: COM PORT OPEN ... OK
2014/09/05 13:09:10:
2014/09/05 13:09:10: ProductS/N:  VRW06A114800532
2014/09/05 13:09:10: TID: 86041D0BCAE52080
2014/09/05 13:09:10: F/W Version: 00.00.08
2014/09/05 13:09:10:
2014/09/05 13:09:10: MasterKey Key Entry ... OK
2014/09/05 13:09:10: PowerON Counter Key Entry ... OK
2014/09/05 13:09:11: Key Entry ... OK
2014/09/05 13:09:11: Complete.
2014/09/05 13:09:11: COM PORT CLOSE ... OK
2014/09/05 13:09:11: 
2014/09/05 13:09:11: ==== Processing was completed ====
2014/09/05 13:09:11: 
*************************************************


*********** Start the Initialize Key Check **********
2014/09/05 13:09:45: Tool Ver: 2013.0605.01
2014/09/05 13:09:45: COM PORT OPEN ... OK
2014/09/05 13:09:45:
2014/09/05 13:09:45: ProductS/N:  VRW06A114800543
2014/09/05 13:09:45: TID: 8604283C32E62080
2014/09/05 13:09:45: F/W Version: 00.00.08
2014/09/05 13:09:45:
2014/09/05 13:09:45: MasterKey Key Entry ... OK
2014/09/05 13:09:45: PowerON Counter Key Entry ... OK
2014/09/05 13:09:46: Key Entry ... OK
2014/09/05 13:09:46: Complete.
2014/09/05 13:09:46: COM PORT CLOSE ... OK
2014/09/05 13:09:46: 
2014/09/05 13:09:46: ==== Processing was completed ====
2014/09/05 13:09:46: 
*************************************************


*********** Start the Initialize Key Check **********
2014/09/05 13:10:18: Tool Ver: 2013.0605.01
2014/09/05 13:10:18: COM PORT OPEN ... OK
2014/09/05 13:10:18:
2014/09/05 13:10:18: ProductS/N:  VRW06A114800538
2014/09/05 13:10:18: TID: 860421082AE62080
2014/09/05 13:10:18: F/W Version: 00.00.08
2014/09/05 13:10:18:
2014/09/05 13:10:18: MasterKey Key Entry ... OK
2014/09/05 13:10:18: PowerON Counter Key Entry ... OK
2014/09/05 13:10:18: Key Entry ... OK
2014/09/05 13:10:18: Complete.
2014/09/05 13:10:18: COM PORT CLOSE ... OK
2014/09/05 13:10:18: 
2014/09/05 13:10:18: ==== Processing was completed ====
2014/09/05 13:10:18: 
*************************************************


*********** Start the Initialize Key Check **********
2014/09/05 13:10:52: Tool Ver: 2013.0605.01
2014/09/05 13:10:52: COM PORT OPEN ... OK
2014/09/05 13:10:52:
2014/09/05 13:10:52: ProductS/N:  VRW06A114800546
2014/09/05 13:10:52: TID: 86042F08CAE52080
2014/09/05 13:10:52: F/W Version: 00.00.08
2014/09/05 13:10:52:
2014/09/05 13:10:52: MasterKey Key Entry ... OK
2014/09/05 13:10:52: PowerON Counter Key Entry ... OK
2014/09/05 13:10:53: Key Entry ... OK
2014/09/05 13:10:53: Complete.
2014/09/05 13:10:53: COM PORT CLOSE ... OK
2014/09/05 13:10:53: 
2014/09/05 13:10:53: ==== Processing was completed ====
2014/09/05 13:10:53: 
*************************************************


*********** Start the Initialize Key Check **********
2014/09/05 13:11:24: Tool Ver: 2013.0605.01
2014/09/05 13:11:24: COM PORT OPEN ... OK
2014/09/05 13:11:25:
2014/09/05 13:11:25: ProductS/N:  VRW06A114800529
2014/09/05 13:11:25: TID: 86042D3F32E62080
2014/09/05 13:11:25: F/W Version: 00.00.08
2014/09/05 13:11:25:
2014/09/05 13:11:25: MasterKey Key Entry ... OK
2014/09/05 13:11:25: PowerON Counter Key Entry ... OK
2014/09/05 13:11:25: Key Entry ... OK
2014/09/05 13:11:25: Complete.
2014/09/05 13:11:25: COM PORT CLOSE ... OK
2014/09/05 13:11:25: 
2014/09/05 13:11:25: ==== Processing was completed ====
2014/09/05 13:11:25: 
*************************************************


*********** Start the Initialize Key Check **********
2014/09/05 13:11:56: Tool Ver: 2013.0605.01
2014/09/05 13:11:56: COM PORT OPEN ... OK
2014/09/05 13:11:56:
2014/09/05 13:11:56: ProductS/N:  VRW06A114800547
2014/09/05 13:11:56: TID: 860423042AE62080
2014/09/05 13:11:56: F/W Version: 00.00.08
2014/09/05 13:11:56:
2014/09/05 13:11:56: MasterKey Key Entry ... OK
2014/09/05 13:11:56: PowerON Counter Key Entry ... OK
2014/09/05 13:11:57: Key Entry ... OK
2014/09/05 13:11:57: Complete.
2014/09/05 13:11:57: COM PORT CLOSE ... OK
2014/09/05 13:11:57: 
2014/09/05 13:11:57: ==== Processing was completed ====
2014/09/05 13:11:57: 
*************************************************


*********** Start the Initialize Key Check **********
2014/09/05 13:12:29: Tool Ver: 2013.0605.01
2014/09/05 13:12:29: COM PORT OPEN ... OK
2014/09/05 13:12:29:
2014/09/05 13:12:29: ProductS/N:  VRW06A114800530
2014/09/05 13:12:29: TID: 86042B042AE62080
2014/09/05 13:12:29: F/W Version: 00.00.08
2014/09/05 13:12:29:
2014/09/05 13:12:29: MasterKey Key Entry ... OK
2014/09/05 13:12:29: PowerON Counter Key Entry ... OK
2014/09/05 13:12:29: Key Entry ... OK
2014/09/05 13:12:29: Complete.
2014/09/05 13:12:29: COM PORT CLOSE ... OK
2014/09/05 13:12:29: 
2014/09/05 13:12:29: ==== Processing was completed ====
2014/09/05 13:12:29: 
*************************************************


*********** Start the Initialize Key Check **********
2014/09/05 13:42:07: Tool Ver: 2013.0605.01
2014/09/05 13:42:07: COM PORT OPEN ... OK
2014/09/05 13:42:07:
2014/09/05 13:42:07: ProductS/N:  VRW06A114800557
2014/09/05 13:42:07: TID: 86041534D2E52080
2014/09/05 13:42:07: F/W Version: 00.00.08
2014/09/05 13:42:07:
2014/09/05 13:42:07: MasterKey Key Entry ... OK
2014/09/05 13:42:07: PowerON Counter Key Entry ... OK
2014/09/05 13:42:08: Key Entry ... OK
2014/09/05 13:42:08: Complete.
2014/09/05 13:42:08: COM PORT CLOSE ... OK
2014/09/05 13:42:08: 
2014/09/05 13:42:08: ==== Processing was completed ====
2014/09/05 13:42:08: 
*************************************************


*********** Start the Initialize Key Check **********
2014/09/05 13:42:58: Tool Ver: 2013.0605.01
2014/09/05 13:42:58: COM PORT OPEN ... OK
2014/09/05 13:42:58:
2014/09/05 13:42:58: ProductS/N:  VRW06A114800553
2014/09/05 13:42:58: TID: 8604223F32E62080
2014/09/05 13:42:58: F/W Version: 00.00.08
2014/09/05 13:42:58:
2014/09/05 13:42:59: MasterKey Key Entry ... OK
2014/09/05 13:42:59: PowerON Counter Key Entry ... OK
2014/09/05 13:42:59: Key Entry ... OK
2014/09/05 13:42:59: Complete.
2014/09/05 13:42:59: COM PORT CLOSE ... OK
2014/09/05 13:42:59: 
2014/09/05 13:42:59: ==== Processing was completed ====
2014/09/05 13:42:59: 
*************************************************


*********** Start the Initialize Key Check **********
2014/09/05 13:43:35: Tool Ver: 2013.0605.01
2014/09/05 13:43:35: COM PORT OPEN ... OK
2014/09/05 13:43:35:
2014/09/05 13:43:35: ProductS/N:  VRW06A114800555
2014/09/05 13:43:35: TID: 86041A36D2E52080
2014/09/05 13:43:35: F/W Version: 00.00.08
2014/09/05 13:43:35:
2014/09/05 13:43:35: MasterKey Key Entry ... OK
2014/09/05 13:43:35: PowerON Counter Key Entry ... OK
2014/09/05 13:43:36: Key Entry ... OK
2014/09/05 13:43:36: Complete.
2014/09/05 13:43:36: COM PORT CLOSE ... OK
2014/09/05 13:43:36: 
2014/09/05 13:43:36: ==== Processing was completed ====
2014/09/05 13:43:36: 
*************************************************


*********** Start the Initialize Key Check **********
2014/09/05 13:50:17: Tool Ver: 2013.0605.01
2014/09/05 13:50:17: COM PORT OPEN ... OK
2014/09/05 13:50:17:
2014/09/05 13:50:17: ProductS/N:  VRW06A114800548
2014/09/05 13:50:17: TID: 86042107CAE52080
2014/09/05 13:50:17: F/W Version: 00.00.08
2014/09/05 13:50:17:
2014/09/05 13:50:17: MasterKey Key Entry ... OK
2014/09/05 13:50:17: PowerON Counter Key Entry ... OK
2014/09/05 13:50:18: Key Entry ... OK
2014/09/05 13:50:18: Complete.
2014/09/05 13:50:18: COM PORT CLOSE ... OK
2014/09/05 13:50:18: 
2014/09/05 13:50:18: ==== Processing was completed ====
2014/09/05 13:50:18: 
*************************************************


*********** Start the Initialize Key Check **********
2014/09/05 13:55:54: Tool Ver: 2013.0605.01
2014/09/05 13:55:54: COM PORT OPEN ... OK
2014/09/05 13:55:55:
2014/09/05 13:55:55: ProductS/N:  VRW06A114800559
2014/09/05 13:55:55: TID: 860423082AE62080
2014/09/05 13:55:55: F/W Version: 00.00.08
2014/09/05 13:55:55:
2014/09/05 13:55:55: MasterKey Key Entry ... OK
2014/09/05 13:55:55: PowerON Counter Key Entry ... OK
2014/09/05 13:55:55: Key Entry ... OK
2014/09/05 13:55:55: Complete.
2014/09/05 13:55:55: COM PORT CLOSE ... OK
2014/09/05 13:55:55: 
2014/09/05 13:55:55: ==== Processing was completed ====
2014/09/05 13:55:55: 
*************************************************


*********** Start the Initialize Key Check **********
2014/09/05 13:58:37: Tool Ver: 2013.0605.01
2014/09/05 13:58:37: COM PORT OPEN ... OK
2014/09/05 13:58:37:
2014/09/05 13:58:37: ProductS/N:  VRW06A114800551
2014/09/05 13:58:37: TID: 86041C4332E62080
2014/09/05 13:58:37: F/W Version: 00.00.08
2014/09/05 13:58:37:
2014/09/05 13:58:37: MasterKey Key Entry ... OK
2014/09/05 13:58:37: PowerON Counter Key Entry ... OK
2014/09/05 13:58:38: Key Entry ... OK
2014/09/05 13:58:38: Complete.
2014/09/05 13:58:38: COM PORT CLOSE ... OK
2014/09/05 13:58:38: 
2014/09/05 13:58:38: ==== Processing was completed ====
2014/09/05 13:58:38: 
*************************************************


*********** Start the Initialize Key Check **********
2014/09/05 14:18:32: Tool Ver: 2013.0605.01
2014/09/05 14:18:32: COM PORT OPEN ... OK
2014/09/05 14:18:32:
2014/09/05 14:18:32: ProductS/N:  VRW06A114800537
2014/09/05 14:18:32: TID: 86042A07CAE52080
2014/09/05 14:18:32: F/W Version: 00.00.08
2014/09/05 14:18:32:
2014/09/05 14:18:32: MasterKey Key Entry ... OK
2014/09/05 14:18:32: PowerON Counter Key Entry ... OK
2014/09/05 14:18:33: Key Entry ... OK
2014/09/05 14:18:33: Complete.
2014/09/05 14:18:33: COM PORT CLOSE ... OK
2014/09/05 14:18:33: 
2014/09/05 14:18:33: ==== Processing was completed ====
2014/09/05 14:18:33: 
*************************************************


*********** Start the Initialize Key Check **********
2014/09/05 14:37:51: Tool Ver: 2013.0605.01
2014/09/05 14:37:51: COM PORT OPEN ... OK
2014/09/05 14:37:52:
2014/09/05 14:37:52: ProductS/N:  VRW06A114800562
2014/09/05 14:37:52: TID: 8604204032E62080
2014/09/05 14:37:52: F/W Version: 00.00.08
2014/09/05 14:37:52:
2014/09/05 14:37:52: MasterKey Key Entry ... OK
2014/09/05 14:37:52: PowerON Counter Key Entry ... OK
2014/09/05 14:37:52: Key Entry ... OK
2014/09/05 14:37:52: Complete.
2014/09/05 14:37:52: COM PORT CLOSE ... OK
2014/09/05 14:37:52: 
2014/09/05 14:37:52: ==== Processing was completed ====
2014/09/05 14:37:52: 
*************************************************


*********** Start the Initialize Key Check **********
2014/09/05 14:38:26: Tool Ver: 2013.0605.01
2014/09/05 14:38:26: COM PORT OPEN ... OK
2014/09/05 14:38:26:
2014/09/05 14:38:26: ProductS/N:  VRW06A114800567
2014/09/05 14:38:26: TID: 860422052AE62080
2014/09/05 14:38:26: F/W Version: 00.00.08
2014/09/05 14:38:26:
2014/09/05 14:38:26: MasterKey Key Entry ... OK
2014/09/05 14:38:26: PowerON Counter Key Entry ... OK
2014/09/05 14:38:27: Key Entry ... OK
2014/09/05 14:38:27: Complete.
2014/09/05 14:38:27: COM PORT CLOSE ... OK
2014/09/05 14:38:27: 
2014/09/05 14:38:27: ==== Processing was completed ====
2014/09/05 14:38:27: 
*************************************************


*********** Start the Initialize Key Check **********
2014/09/05 14:39:01: Tool Ver: 2013.0605.01
2014/09/05 14:39:01: COM PORT OPEN ... OK
2014/09/05 14:39:01:
2014/09/05 14:39:01: ProductS/N:  VRW06A114800556
2014/09/05 14:39:01: TID: 86041F4232E62080
2014/09/05 14:39:01: F/W Version: 00.00.08
2014/09/05 14:39:01:
2014/09/05 14:39:01: MasterKey Key Entry ... OK
2014/09/05 14:39:01: PowerON Counter Key Entry ... OK
2014/09/05 14:39:02: Key Entry ... OK
2014/09/05 14:39:02: Complete.
2014/09/05 14:39:02: COM PORT CLOSE ... OK
2014/09/05 14:39:02: 
2014/09/05 14:39:02: ==== Processing was completed ====
2014/09/05 14:39:02: 
*************************************************


*********** Start the Initialize Key Check **********
2014/09/05 14:39:43: Tool Ver: 2013.0605.01
2014/09/05 14:39:43: COM PORT OPEN ... OK
2014/09/05 14:39:43:
2014/09/05 14:39:43: ProductS/N:  VRW06A114800565
2014/09/05 14:39:43: TID: 860432222AE62080
2014/09/05 14:39:43: F/W Version: 00.00.08
2014/09/05 14:39:43:
2014/09/05 14:39:43: MasterKey Key Entry ... OK
2014/09/05 14:39:43: PowerON Counter Key Entry ... OK
2014/09/05 14:39:44: Key Entry ... OK
2014/09/05 14:39:44: Complete.
2014/09/05 14:39:44: COM PORT CLOSE ... OK
2014/09/05 14:39:44: 
2014/09/05 14:39:44: ==== Processing was completed ====
2014/09/05 14:39:44: 
*************************************************


*********** Start the Initialize Key Check **********
2014/09/05 14:40:19: Tool Ver: 2013.0605.01
2014/09/05 14:40:19: COM PORT OPEN ... OK
2014/09/05 14:40:19:
2014/09/05 14:40:19: ProductS/N:  VRW06A114800560
2014/09/05 14:40:19: TID: 86042B222AE62080
2014/09/05 14:40:19: F/W Version: 00.00.08
2014/09/05 14:40:19:
2014/09/05 14:40:19: MasterKey Key Entry ... OK
2014/09/05 14:40:19: PowerON Counter Key Entry ... OK
2014/09/05 14:40:20: Key Entry ... OK
2014/09/05 14:40:20: Complete.
2014/09/05 14:40:20: COM PORT CLOSE ... OK
2014/09/05 14:40:20: 
2014/09/05 14:40:20: ==== Processing was completed ====
2014/09/05 14:40:20: 
*************************************************


*********** Start the Initialize Key Check **********
2014/09/05 15:20:06: Tool Ver: 2013.0605.01
2014/09/05 15:20:06: COM PORT OPEN ... OK
2014/09/05 15:20:06:
2014/09/05 15:20:06: ProductS/N:  VRW06A114800571
2014/09/05 15:20:06: TID: 8604274432E62080
2014/09/05 15:20:06: F/W Version: 00.00.08
2014/09/05 15:20:06:
2014/09/05 15:20:06: MasterKey Key Entry ... OK
2014/09/05 15:20:06: PowerON Counter Key Entry ... OK
2014/09/05 15:20:07: Key Entry ... OK
2014/09/05 15:20:07: Complete.
2014/09/05 15:20:07: COM PORT CLOSE ... OK
2014/09/05 15:20:07: 
2014/09/05 15:20:07: ==== Processing was completed ====
2014/09/05 15:20:07: 
*************************************************


*********** Start the Initialize Key Check **********
2014/09/05 15:21:20: Tool Ver: 2013.0605.01
2014/09/05 15:21:20: COM PORT OPEN ... OK
2014/09/05 15:21:20:
2014/09/05 15:21:20: ProductS/N:  VRW06A114800577
2014/09/05 15:21:20: TID: 8604304132E62080
2014/09/05 15:21:20: F/W Version: 00.00.08
2014/09/05 15:21:20:
2014/09/05 15:21:20: MasterKey Key Entry ... OK
2014/09/05 15:21:20: PowerON Counter Key Entry ... OK
2014/09/05 15:21:21: Key Entry ... OK
2014/09/05 15:21:21: Complete.
2014/09/05 15:21:21: COM PORT CLOSE ... OK
2014/09/05 15:21:21: 
2014/09/05 15:21:21: ==== Processing was completed ====
2014/09/05 15:21:21: 
*************************************************


*********** Start the Initialize Key Check **********
2014/09/05 15:22:25: Tool Ver: 2013.0605.01
2014/09/05 15:22:25: COM PORT OPEN ... OK
2014/09/05 15:22:25:
2014/09/05 15:22:25: ProductS/N:  VRW06A114800569
2014/09/05 15:22:25: TID: 8604204332E62080
2014/09/05 15:22:25: F/W Version: 00.00.08
2014/09/05 15:22:25:
2014/09/05 15:22:25: MasterKey Key Entry ... OK
2014/09/05 15:22:25: PowerON Counter Key Entry ... OK
2014/09/05 15:22:26: Key Entry ... OK
2014/09/05 15:22:26: Complete.
2014/09/05 15:22:26: COM PORT CLOSE ... OK
2014/09/05 15:22:26: 
2014/09/05 15:22:26: ==== Processing was completed ====
2014/09/05 15:22:26: 
*************************************************


*********** Start the Initialize Key Check **********
2014/09/05 15:23:34: Tool Ver: 2013.0605.01
2014/09/05 15:23:34: COM PORT OPEN ... OK
2014/09/05 15:23:34:
2014/09/05 15:23:34: ProductS/N:  VRW06A114800563
2014/09/05 15:23:34: TID: 86041406CAE52080
2014/09/05 15:23:34: F/W Version: 00.00.08
2014/09/05 15:23:34:
2014/09/05 15:23:34: MasterKey Key Entry ... OK
2014/09/05 15:23:34: PowerON Counter Key Entry ... OK
2014/09/05 15:23:35: Key Entry ... OK
2014/09/05 15:23:35: Complete.
2014/09/05 15:23:35: COM PORT CLOSE ... OK
2014/09/05 15:23:35: 
2014/09/05 15:23:35: ==== Processing was completed ====
2014/09/05 15:23:35: 
*************************************************


*********** Start the Initialize Key Check **********
2014/09/05 15:24:51: Tool Ver: 2013.0605.01
2014/09/05 15:24:51: COM PORT OPEN ... OK
2014/09/05 15:24:51:
2014/09/05 15:24:51: ProductS/N:  VRW06A114800572
2014/09/05 15:24:52: TID: 86041D4432E62080
2014/09/05 15:24:52: F/W Version: 00.00.08
2014/09/05 15:24:52:
2014/09/05 15:24:52: MasterKey Key Entry ... OK
2014/09/05 15:24:52: PowerON Counter Key Entry ... OK
2014/09/05 15:24:52: Key Entry ... OK
2014/09/05 15:24:52: Complete.
2014/09/05 15:24:52: COM PORT CLOSE ... OK
2014/09/05 15:24:52: 
2014/09/05 15:24:52: ==== Processing was completed ====
2014/09/05 15:24:52: 
*************************************************


*********** Start the Initialize Key Check **********
2014/09/05 15:26:43: Tool Ver: 2013.0605.01
2014/09/05 15:26:43: COM PORT OPEN ... OK
2014/09/05 15:26:43:
2014/09/05 15:26:43: ProductS/N:  VRW06A114800552
2014/09/05 15:26:43: TID: 86041A3ED2E52080
2014/09/05 15:26:43: F/W Version: 00.00.08
2014/09/05 15:26:43:
2014/09/05 15:26:43: MasterKey Key Entry ... OK
2014/09/05 15:26:43: PowerON Counter Key Entry ... OK
2014/09/05 15:26:43: Key Entry ... OK
2014/09/05 15:26:43: Complete.
2014/09/05 15:26:43: COM PORT CLOSE ... OK
2014/09/05 15:26:43: 
2014/09/05 15:26:43: ==== Processing was completed ====
2014/09/05 15:26:43: 
*************************************************


*********** Start the Initialize Key Check **********
2014/09/05 15:28:24: Tool Ver: 2013.0605.01
2014/09/05 15:28:24: COM PORT OPEN ... OK
2014/09/05 15:28:24:
2014/09/05 15:28:24: ProductS/N:  VRW06A114800579
2014/09/05 15:28:24: TID: 86041B032AE62080
2014/09/05 15:28:24: F/W Version: 00.00.08
2014/09/05 15:28:24:
2014/09/05 15:28:24: MasterKey Key Entry ... OK
2014/09/05 15:28:24: PowerON Counter Key Entry ... OK
2014/09/05 15:28:25: Key Entry ... OK
2014/09/05 15:28:25: Complete.
2014/09/05 15:28:25: COM PORT CLOSE ... OK
2014/09/05 15:28:25: 
2014/09/05 15:28:25: ==== Processing was completed ====
2014/09/05 15:28:25: 
*************************************************


*********** Start the Initialize Key Check **********
2014/09/05 15:29:14: Tool Ver: 2013.0605.01
2014/09/05 15:29:14: COM PORT OPEN ... OK
2014/09/05 15:29:14:
2014/09/05 15:29:14: ProductS/N:  VRW06A114800580
2014/09/05 15:29:14: TID: 8604261D2AE62080
2014/09/05 15:29:14: F/W Version: 00.00.08
2014/09/05 15:29:14:
2014/09/05 15:29:14: MasterKey Key Entry ... OK
2014/09/05 15:29:14: PowerON Counter Key Entry ... OK
2014/09/05 15:29:15: Key Entry ... OK
2014/09/05 15:29:15: Complete.
2014/09/05 15:29:15: COM PORT CLOSE ... OK
2014/09/05 15:29:15: 
2014/09/05 15:29:15: ==== Processing was completed ====
2014/09/05 15:29:15: 
*************************************************


*********** Start the Initialize Key Check **********
2014/09/05 15:31:52: Tool Ver: 2013.0605.01
2014/09/05 15:31:52: COM PORT OPEN ... OK
2014/09/05 15:31:52:
2014/09/05 15:31:52: ProductS/N:  VRW06A114800526
2014/09/05 15:31:52: TID: 86043224CAE52080
2014/09/05 15:31:52: F/W Version: 00.00.08
2014/09/05 15:31:52:
2014/09/05 15:31:52: MasterKey Key Entry ... OK
2014/09/05 15:31:52: PowerON Counter Key Entry ... OK
2014/09/05 15:31:52: Key Entry ... OK
2014/09/05 15:31:52: Complete.
2014/09/05 15:31:52: COM PORT CLOSE ... OK
2014/09/05 15:31:52: 
2014/09/05 15:31:52: ==== Processing was completed ====
2014/09/05 15:31:52: 
*************************************************


*********** Start the Initialize Key Check **********
2014/09/05 15:33:05: Tool Ver: 2013.0605.01
2014/09/05 15:33:05: COM PORT OPEN ... OK
2014/09/05 15:33:05:
2014/09/05 15:33:05: ProductS/N:  VRW06A114800566
2014/09/05 15:33:05: TID: 86041F44D2E52080
2014/09/05 15:33:05: F/W Version: 00.00.08
2014/09/05 15:33:05:
2014/09/05 15:33:05: MasterKey Key Entry ... OK
2014/09/05 15:33:05: PowerON Counter Key Entry ... OK
2014/09/05 15:33:06: Key Entry ... OK
2014/09/05 15:33:06: Complete.
2014/09/05 15:33:06: COM PORT CLOSE ... OK
2014/09/05 15:33:06: 
2014/09/05 15:33:06: ==== Processing was completed ====
2014/09/05 15:33:06: 
*************************************************


*********** Start the Initialize Key Check **********
2014/09/05 15:36:19: Tool Ver: 2013.0605.01
2014/09/05 15:36:19: COM PORT OPEN ... OK
2014/09/05 15:36:19:
2014/09/05 15:36:19: ProductS/N:  VRW06A114800575
2014/09/05 15:36:19: TID: 8604373AD2E52080
2014/09/05 15:36:19: F/W Version: 00.00.08
2014/09/05 15:36:19:
2014/09/05 15:36:19: MasterKey Key Entry ... OK
2014/09/05 15:36:19: PowerON Counter Key Entry ... OK
2014/09/05 15:36:19: Key Entry ... OK
2014/09/05 15:36:19: Complete.
2014/09/05 15:36:19: COM PORT CLOSE ... OK
2014/09/05 15:36:19: 
2014/09/05 15:36:19: ==== Processing was completed ====
2014/09/05 15:36:19: 
*************************************************


*********** Start the Initialize Key Check **********
2014/09/05 15:37:25: Tool Ver: 2013.0605.01
2014/09/05 15:37:25: COM PORT OPEN ... OK
2014/09/05 15:37:25:
2014/09/05 15:37:25: ProductS/N:  VRW06A114800580
2014/09/05 15:37:25: TID: 8604261D2AE62080
2014/09/05 15:37:25: F/W Version: 00.00.08
2014/09/05 15:37:25:
2014/09/05 15:37:25: MasterKey Key Entry ... OK
2014/09/05 15:37:25: PowerON Counter Key Entry ... OK
2014/09/05 15:37:25: Key Entry ... OK
2014/09/05 15:37:25: Complete.
2014/09/05 15:37:25: COM PORT CLOSE ... OK
2014/09/05 15:37:25: 
2014/09/05 15:37:25: ==== Processing was completed ====
2014/09/05 15:37:25: 
*************************************************


*********** Start the Initialize Key Check **********
2014/09/05 15:39:54: Tool Ver: 2013.0605.01
2014/09/05 15:39:54: COM PORT OPEN ... OK
2014/09/05 15:39:54:
2014/09/05 15:39:54: ProductS/N:  VRW06A114800561
2014/09/05 15:39:54: TID: 860410232AE62080
2014/09/05 15:39:54: F/W Version: 00.00.08
2014/09/05 15:39:54:
2014/09/05 15:39:54: MasterKey Key Entry ... OK
2014/09/05 15:39:54: PowerON Counter Key Entry ... OK
2014/09/05 15:39:55: Key Entry ... OK
2014/09/05 15:39:55: Complete.
2014/09/05 15:39:55: COM PORT CLOSE ... OK
2014/09/05 15:39:55: 
2014/09/05 15:39:55: ==== Processing was completed ====
2014/09/05 15:39:55: 
*************************************************


*********** Start the Initialize Key Check **********
2014/09/05 15:42:57: Tool Ver: 2013.0605.01
2014/09/05 15:42:57: COM PORT OPEN ... OK
2014/09/05 15:42:57:
2014/09/05 15:42:57: ProductS/N:  VRW06A114800523
2014/09/05 15:42:57: TID: 860429052AE62080
2014/09/05 15:42:57: F/W Version: 00.00.08
2014/09/05 15:42:57:
2014/09/05 15:42:57: MasterKey Key Entry ... OK
2014/09/05 15:42:57: PowerON Counter Key Entry ... OK
2014/09/05 15:42:58: Key Entry ... OK
2014/09/05 15:42:58: Complete.
2014/09/05 15:42:58: COM PORT CLOSE ... OK
2014/09/05 15:42:58: 
2014/09/05 15:42:58: ==== Processing was completed ====
2014/09/05 15:42:58: 
*************************************************


*********** Start the Initialize Key Check **********
2014/09/05 16:01:55: Tool Ver: 2013.0605.01
2014/09/05 16:01:55: COM PORT OPEN ... OK
2014/09/05 16:01:55:
2014/09/05 16:01:55: ProductS/N:  RW06A114800582
2014/09/05 16:01:55: TID: 860417202AE62080
2014/09/05 16:01:55: F/W Version: 00.00.08
2014/09/05 16:01:55:
2014/09/05 16:01:55: MasterKey Key Entry ... OK
2014/09/05 16:01:55: PowerON Counter Key Entry ... OK
2014/09/05 16:01:55: Key Entry ... OK
2014/09/05 16:01:55: Complete.
2014/09/05 16:01:55: COM PORT CLOSE ... OK
2014/09/05 16:01:55: 
2014/09/05 16:01:55: ==== Processing was completed ====
2014/09/05 16:01:55: 
*************************************************


*********** Start the Initialize Key Check **********
2014/09/05 16:03:27: Tool Ver: 2013.0605.01
2014/09/05 16:03:27: COM PORT OPEN ... OK
2014/09/05 16:03:28:
2014/09/05 16:03:28: ProductS/N:  VRW06A114800589
2014/09/05 16:03:28: TID: 860439202AE62080
2014/09/05 16:03:28: F/W Version: 00.00.08
2014/09/05 16:03:28:
2014/09/05 16:03:28: MasterKey Key Entry ... OK
2014/09/05 16:03:28: PowerON Counter Key Entry ... OK
2014/09/05 16:03:28: Key Entry ... OK
2014/09/05 16:03:28: Complete.
2014/09/05 16:03:28: COM PORT CLOSE ... OK
2014/09/05 16:03:28: 
2014/09/05 16:03:28: ==== Processing was completed ====
2014/09/05 16:03:28: 
*************************************************


*********** Start the Initialize Key Check **********
2014/09/05 16:04:56: Tool Ver: 2013.0605.01
2014/09/05 16:04:56: COM PORT OPEN ... OK
2014/09/05 16:04:56:
2014/09/05 16:04:56: ProductS/N:  VRW06A114800568
2014/09/05 16:04:56: TID: 860430062AE62080
2014/09/05 16:04:56: F/W Version: 00.00.08
2014/09/05 16:04:56:
2014/09/05 16:04:56: MasterKey Key Entry ... OK
2014/09/05 16:04:56: PowerON Counter Key Entry ... OK
2014/09/05 16:04:57: Key Entry ... OK
2014/09/05 16:04:57: Complete.
2014/09/05 16:04:57: COM PORT CLOSE ... OK
2014/09/05 16:04:57: 
2014/09/05 16:04:57: ==== Processing was completed ====
2014/09/05 16:04:57: 
*************************************************


*********** Start the Initialize Key Check **********
2014/09/05 16:06:36: Tool Ver: 2013.0605.01
2014/09/05 16:06:36: COM PORT OPEN ... OK
2014/09/05 16:06:36:
2014/09/05 16:06:36: ProductS/N:  VRW06A114800573
2014/09/05 16:06:36: TID: 8604224432E62080
2014/09/05 16:06:36: F/W Version: 00.00.08
2014/09/05 16:06:36:
2014/09/05 16:06:36: MasterKey Key Entry ... OK
2014/09/05 16:06:36: PowerON Counter Key Entry ... OK
2014/09/05 16:06:37: Key Entry ... OK
2014/09/05 16:06:37: Complete.
2014/09/05 16:06:37: COM PORT CLOSE ... OK
2014/09/05 16:06:37: 
2014/09/05 16:06:37: ==== Processing was completed ====
2014/09/05 16:06:37: 
*************************************************


*********** Start the Initialize Key Check **********
2014/09/05 16:13:56: Tool Ver: 2013.0605.01
2014/09/05 16:13:56: COM PORT OPEN ... OK
2014/09/05 16:13:56:
2014/09/05 16:13:56: ProductS/N:  VRW06A114800570
2014/09/05 16:13:56: TID: 8604201E2AE62080
2014/09/05 16:13:56: F/W Version: 00.00.08
2014/09/05 16:13:56:
2014/09/05 16:13:56: MasterKey Key Entry ... OK
2014/09/05 16:13:56: PowerON Counter Key Entry ... OK
2014/09/05 16:13:57: Key Entry ... OK
2014/09/05 16:13:57: Complete.
2014/09/05 16:13:57: COM PORT CLOSE ... OK
2014/09/05 16:13:57: 
2014/09/05 16:13:57: ==== Processing was completed ====
2014/09/05 16:13:57: 
*************************************************


*********** Start the Initialize Key Check **********
2014/09/05 16:18:16: Tool Ver: 2013.0605.01
2014/09/05 16:18:16: COM PORT OPEN ... OK
2014/09/05 16:18:16:
2014/09/05 16:18:16: ProductS/N:  VRW06A114800574
2014/09/05 16:18:16: TID: 8604213F32E62080
2014/09/05 16:18:16: F/W Version: 00.00.08
2014/09/05 16:18:16:
2014/09/05 16:18:16: MasterKey Key Entry ... OK
2014/09/05 16:18:16: PowerON Counter Key Entry ... OK
2014/09/05 16:18:17: Key Entry ... OK
2014/09/05 16:18:17: Complete.
2014/09/05 16:18:17: COM PORT CLOSE ... OK
2014/09/05 16:18:17: 
2014/09/05 16:18:17: ==== Processing was completed ====
2014/09/05 16:18:17: 
*************************************************


*********** Start the Initialize Key Check **********
2014/09/05 17:52:48: Tool Ver: 2013.0605.01
2014/09/05 17:52:48: COM PORT OPEN ... OK
2014/09/05 17:52:48:
2014/09/05 17:52:48: ProductS/N:  VRW06A114800591
2014/09/05 17:52:48: TID: 86042D1E2AE62080
2014/09/05 17:52:48: F/W Version: 00.00.08
2014/09/05 17:52:48:
2014/09/05 17:52:48: MasterKey Key Entry ... OK
2014/09/05 17:52:48: PowerON Counter Key Entry ... OK
2014/09/05 17:52:49: Key Entry ... OK
2014/09/05 17:52:49: Complete.
2014/09/05 17:52:49: COM PORT CLOSE ... OK
2014/09/05 17:52:49: 
2014/09/05 17:52:49: ==== Processing was completed ====
2014/09/05 17:52:49: 
*************************************************


*********** Start the Initialize Key Check **********
2014/09/05 17:54:20: Tool Ver: 2013.0605.01
2014/09/05 17:54:20: COM PORT OPEN ... OK
2014/09/05 17:54:20:
2014/09/05 17:54:20: ProductS/N:  VRW06A114800592
2014/09/05 17:54:20: TID: 860423062AE62080
2014/09/05 17:54:20: F/W Version: 00.00.08
2014/09/05 17:54:20:
2014/09/05 17:54:20: MasterKey Key Entry ... OK
2014/09/05 17:54:20: PowerON Counter Key Entry ... OK
2014/09/05 17:54:20: Key Entry ... OK
2014/09/05 17:54:20: Complete.
2014/09/05 17:54:20: COM PORT CLOSE ... OK
2014/09/05 17:54:20: 
2014/09/05 17:54:20: ==== Processing was completed ====
2014/09/05 17:54:20: 
*************************************************


*********** Start the Initialize Key Check **********
2014/09/05 17:55:44: Tool Ver: 2013.0605.01
2014/09/05 17:55:44: COM PORT OPEN ... OK
2014/09/05 17:55:44:
2014/09/05 17:55:44: ProductS/N:  VRW06A114800564
2014/09/05 17:55:44: TID: 8604324032E62080
2014/09/05 17:55:44: F/W Version: 00.00.08
2014/09/05 17:55:44:
2014/09/05 17:55:45: MasterKey Key Entry ... OK
2014/09/05 17:55:45: PowerON Counter Key Entry ... OK
2014/09/05 17:55:45: Key Entry ... OK
2014/09/05 17:55:45: Complete.
2014/09/05 17:55:45: COM PORT CLOSE ... OK
2014/09/05 17:55:45: 
2014/09/05 17:55:45: ==== Processing was completed ====
2014/09/05 17:55:45: 
*************************************************


