*********** Start the Initialize Key Check **********
2014/08/22 08:06:58: Tool Ver: 2013.0605.01
2014/08/22 08:06:58: Product S/N ... ERROR
2014/08/22 08:06:58: 
2014/08/22 08:06:58: ######## Error has occurred ########
2014/08/22 08:06:58: 
*************************************************


*********** Start the Initialize Key Check **********
2014/08/22 08:07:02: Tool Ver: 2013.0605.01
2014/08/22 08:07:02: Product S/N ... ERROR
2014/08/22 08:07:02: 
2014/08/22 08:07:02: ######## Error has occurred ########
2014/08/22 08:07:02: 
*************************************************


*********** Start the Initialize Key Check **********
2014/08/22 08:07:03: Tool Ver: 2013.0605.01
2014/08/22 08:07:03: Product S/N ... ERROR
2014/08/22 08:07:03: 
2014/08/22 08:07:03: ######## Error has occurred ########
2014/08/22 08:07:03: 
*************************************************


*********** Start the Initialize Key Check **********
2014/08/22 08:07:03: Tool Ver: 2013.0605.01
2014/08/22 08:07:03: Product S/N ... ERROR
2014/08/22 08:07:03: 
2014/08/22 08:07:03: ######## Error has occurred ########
2014/08/22 08:07:03: 
*************************************************


*********** Start the Initialize Key Check **********
2014/08/22 08:13:16: Tool Ver: 2013.0605.01
2014/08/22 08:13:16: COM PORT OPEN ... OK
2014/08/22 08:13:16:
2014/08/22 08:13:16: ProductS/N:  VRW06A114800047
2014/08/22 08:13:16: TID: 86042C062AE62080
2014/08/22 08:13:16: F/W Version: 00.00.08
2014/08/22 08:13:16:
2014/08/22 08:13:16: MasterKey Key Entry ... OK
2014/08/22 08:13:16: PowerON Counter Key Entry ... OK
2014/08/22 08:13:17: Key Entry ... OK
2014/08/22 08:13:17: Complete.
2014/08/22 08:13:17: COM PORT CLOSE ... OK
2014/08/22 08:13:17: 
2014/08/22 08:13:17: ==== Processing was completed ====
2014/08/22 08:13:17: 
*************************************************


*********** Start the Initialize Key Check **********
2014/08/22 08:50:10: Tool Ver: 2013.0605.01
2014/08/22 08:50:10: COM PORT OPEN ... OK
2014/08/22 08:50:10:
2014/08/22 08:50:10: ProductS/N:  VRW06A114800048
2014/08/22 08:50:10: TID: 860415082AE62080
2014/08/22 08:50:10: F/W Version: 00.00.08
2014/08/22 08:50:10:
2014/08/22 08:50:10: MasterKey Key Entry ... OK
2014/08/22 08:50:10: PowerON Counter Key Entry ... OK
2014/08/22 08:50:11: Key Entry ... OK
2014/08/22 08:50:11: Complete.
2014/08/22 08:50:11: COM PORT CLOSE ... OK
2014/08/22 08:50:11: 
2014/08/22 08:50:11: ==== Processing was completed ====
2014/08/22 08:50:11: 
*************************************************


*********** Start the Initialize Key Check **********
2014/08/22 09:09:49: Tool Ver: 2013.0605.01
2014/08/22 09:09:49: COM PORT OPEN ... OK
2014/08/22 09:09:49:
2014/08/22 09:09:49: ProductS/N:  VRW06A114800055
2014/08/22 09:09:49: TID: 8604183E32E62080
2014/08/22 09:09:49: F/W Version: 00.00.08
2014/08/22 09:09:49:
2014/08/22 09:09:49: MasterKey Key Entry ... OK
2014/08/22 09:09:49: PowerON Counter Key Entry ... OK
2014/08/22 09:09:50: Key Entry ... OK
2014/08/22 09:09:50: Complete.
2014/08/22 09:09:50: COM PORT CLOSE ... OK
2014/08/22 09:09:50: 
2014/08/22 09:09:50: ==== Processing was completed ====
2014/08/22 09:09:50: 
*************************************************


*********** Start the Initialize Key Check **********
2014/08/22 09:15:13: Tool Ver: 2013.0605.01
2014/08/22 09:15:14: COM PORT OPEN ... OK
2014/08/22 09:15:14:
2014/08/22 09:15:14: ProductS/N:  VRW06A114800049
2014/08/22 09:15:14: TID: 860426222AE62080
2014/08/22 09:15:14: F/W Version: 00.00.08
2014/08/22 09:15:14:
2014/08/22 09:15:14: MasterKey Key Entry ... OK
2014/08/22 09:15:14: PowerON Counter Key Entry ... OK
2014/08/22 09:15:14: Key Entry ... OK
2014/08/22 09:15:14: Complete.
2014/08/22 09:15:14: COM PORT CLOSE ... OK
2014/08/22 09:15:14: 
2014/08/22 09:15:14: ==== Processing was completed ====
2014/08/22 09:15:14: 
*************************************************


*********** Start the Initialize Key Check **********
2014/08/22 09:36:47: Tool Ver: 2013.0605.01
2014/08/22 09:36:47: COM PORT OPEN ... OK
2014/08/22 09:36:47:
2014/08/22 09:36:47: ProductS/N:  VRW06A114800054
2014/08/22 09:36:47: TID: 8604313E32E62080
2014/08/22 09:36:47: F/W Version: 00.00.08
2014/08/22 09:36:47:
2014/08/22 09:36:47: MasterKey Key Entry ... OK
2014/08/22 09:36:47: PowerON Counter Key Entry ... OK
2014/08/22 09:36:48: Key Entry ... OK
2014/08/22 09:36:48: Complete.
2014/08/22 09:36:48: COM PORT CLOSE ... OK
2014/08/22 09:36:48: 
2014/08/22 09:36:48: ==== Processing was completed ====
2014/08/22 09:36:48: 
*************************************************


*********** Start the Initialize Key Check **********
2014/08/22 09:40:05: Tool Ver: 2013.0605.01
2014/08/22 09:40:05: COM PORT OPEN ... OK
2014/08/22 09:40:06:
2014/08/22 09:40:06: ProductS/N:  VRW06A114800058
2014/08/22 09:40:06: TID: 86042F232AE62080
2014/08/22 09:40:06: F/W Version: 00.00.08
2014/08/22 09:40:06:
2014/08/22 09:40:06: MasterKey Key Entry ... OK
2014/08/22 09:40:06: PowerON Counter Key Entry ... OK
2014/08/22 09:40:06: Key Entry ... OK
2014/08/22 09:40:06: Complete.
2014/08/22 09:40:06: COM PORT CLOSE ... OK
2014/08/22 09:40:06: 
2014/08/22 09:40:06: ==== Processing was completed ====
2014/08/22 09:40:06: 
*************************************************


*********** Start the Initialize Key Check **********
2014/08/22 09:45:34: Tool Ver: 2013.0605.01
2014/08/22 09:45:34: COM PORT OPEN ... OK
2014/08/22 09:45:34:
2014/08/22 09:45:34: ProductS/N:  VRW06A114800057
2014/08/22 09:45:34: TID: 86042C4232E62080
2014/08/22 09:45:34: F/W Version: 00.00.08
2014/08/22 09:45:34:
2014/08/22 09:45:34: MasterKey Key Entry ... OK
2014/08/22 09:45:34: PowerON Counter Key Entry ... OK
2014/08/22 09:45:35: Key Entry ... OK
2014/08/22 09:45:35: Complete.
2014/08/22 09:45:35: COM PORT CLOSE ... OK
2014/08/22 09:45:35: 
2014/08/22 09:45:35: ==== Processing was completed ====
2014/08/22 09:45:35: 
*************************************************


*********** Start the Initialize Key Check **********
2014/08/22 10:13:33: Tool Ver: 2013.0605.01
2014/08/22 10:13:33: COM PORT OPEN ... OK
2014/08/22 10:13:33:
2014/08/22 10:13:33: ProductS/N:  VRW06A114800056
2014/08/22 10:13:33: TID: 86040F3D32E62080
2014/08/22 10:13:33: F/W Version: 00.00.08
2014/08/22 10:13:33:
2014/08/22 10:13:33: MasterKey Key Entry ... OK
2014/08/22 10:13:33: PowerON Counter Key Entry ... OK
2014/08/22 10:13:33: Key Entry ... OK
2014/08/22 10:13:33: Complete.
2014/08/22 10:13:33: COM PORT CLOSE ... OK
2014/08/22 10:13:33: 
2014/08/22 10:13:33: ==== Processing was completed ====
2014/08/22 10:13:33: 
*************************************************


*********** Start the Initialize Key Check **********
2014/08/22 10:16:58: Tool Ver: 2013.0605.01
2014/08/22 10:16:58: COM PORT OPEN ... OK
2014/08/22 10:16:58:
2014/08/22 10:16:58: ProductS/N:  VRW06A114800031
2014/08/22 10:16:58: TID: 86041F3F32E62080
2014/08/22 10:16:58: F/W Version: 00.00.08
2014/08/22 10:16:58:
2014/08/22 10:16:58: MasterKey Key Entry ... OK
2014/08/22 10:16:58: PowerON Counter Key Entry ... OK
2014/08/22 10:16:58: Key Entry ... OK
2014/08/22 10:16:58: Complete.
2014/08/22 10:16:58: COM PORT CLOSE ... OK
2014/08/22 10:16:58: 
2014/08/22 10:16:58: ==== Processing was completed ====
2014/08/22 10:16:58: 
*************************************************


*********** Start the Initialize Key Check **********
2014/08/22 10:27:56: Tool Ver: 2013.0605.01
2014/08/22 10:27:56: COM PORT OPEN ... OK
2014/08/22 10:27:56:
2014/08/22 10:27:56: ProductS/N:  VRW06A114800060
2014/08/22 10:27:56: TID: 8604363F32E62080
2014/08/22 10:27:56: F/W Version: 00.00.08
2014/08/22 10:27:56:
2014/08/22 10:27:56: MasterKey Key Entry ... OK
2014/08/22 10:27:56: PowerON Counter Key Entry ... OK
2014/08/22 10:27:56: Key Entry ... OK
2014/08/22 10:27:56: Complete.
2014/08/22 10:27:56: COM PORT CLOSE ... OK
2014/08/22 10:27:56: 
2014/08/22 10:27:56: ==== Processing was completed ====
2014/08/22 10:27:56: 
*************************************************


*********** Start the Initialize Key Check **********
2014/08/22 10:30:26: Tool Ver: 2013.0605.01
2014/08/22 10:30:26: COM PORT OPEN ... OK
2014/08/22 10:30:26:
2014/08/22 10:30:26: ProductS/N:  VRW06A114800010
2014/08/22 10:30:26: TID: 86041D032AE62080
2014/08/22 10:30:26: F/W Version: 00.00.08
2014/08/22 10:30:26:
2014/08/22 10:30:26: MasterKey Key Entry ... OK
2014/08/22 10:30:27: PowerON Counter Key Entry ... OK
2014/08/22 10:30:27: Key Entry ... OK
2014/08/22 10:30:27: Complete.
2014/08/22 10:30:27: COM PORT CLOSE ... OK
2014/08/22 10:30:27: 
2014/08/22 10:30:27: ==== Processing was completed ====
2014/08/22 10:30:27: 
*************************************************


*********** Start the Initialize Key Check **********
2014/08/22 10:32:48: Tool Ver: 2013.0605.01
2014/08/22 10:32:48: COM PORT OPEN ... OK
2014/08/22 10:32:49:
2014/08/22 10:32:49: ProductS/N:  VRW06A114800063
2014/08/22 10:32:49: TID: 8604283F32E62080
2014/08/22 10:32:49: F/W Version: 00.00.08
2014/08/22 10:32:49:
2014/08/22 10:32:49: MasterKey Key Entry ... OK
2014/08/22 10:32:49: PowerON Counter Key Entry ... OK
2014/08/22 10:32:49: Key Entry ... OK
2014/08/22 10:32:49: Complete.
2014/08/22 10:32:49: COM PORT CLOSE ... OK
2014/08/22 10:32:49: 
2014/08/22 10:32:49: ==== Processing was completed ====
2014/08/22 10:32:49: 
*************************************************


*********** Start the Initialize Key Check **********
2014/08/22 10:37:31: Tool Ver: 2013.0605.01
2014/08/22 10:37:31: COM PORT OPEN ... OK
2014/08/22 10:37:31:
2014/08/22 10:37:31: ProductS/N:  VRW06A114800065
2014/08/22 10:37:31: TID: 86042F07CAE52080
2014/08/22 10:37:31: F/W Version: 00.00.08
2014/08/22 10:37:31:
2014/08/22 10:37:31: MasterKey Key Entry ... OK
2014/08/22 10:37:31: PowerON Counter Key Entry ... OK
2014/08/22 10:37:32: Key Entry ... OK
2014/08/22 10:37:32: Complete.
2014/08/22 10:37:32: COM PORT CLOSE ... OK
2014/08/22 10:37:32: 
2014/08/22 10:37:32: ==== Processing was completed ====
2014/08/22 10:37:32: 
*************************************************


*********** Start the Initialize Key Check **********
2014/08/22 10:42:03: Tool Ver: 2013.0605.01
2014/08/22 10:42:03: COM PORT OPEN ... OK
2014/08/22 10:42:03:
2014/08/22 10:42:03: ProductS/N:  VRW06A114800003
2014/08/22 10:42:03: TID: 86042508CAE52080
2014/08/22 10:42:03: F/W Version: 00.00.08
2014/08/22 10:42:03:
2014/08/22 10:42:03: MasterKey Key Entry ... OK
2014/08/22 10:42:03: PowerON Counter Key Entry ... OK
2014/08/22 10:42:03: Key Entry ... OK
2014/08/22 10:42:03: Complete.
2014/08/22 10:42:03: COM PORT CLOSE ... OK
2014/08/22 10:42:03: 
2014/08/22 10:42:03: ==== Processing was completed ====
2014/08/22 10:42:03: 
*************************************************


*********** Start the Initialize Key Check **********
2014/08/22 10:44:49: Tool Ver: 2013.0605.01
2014/08/22 10:44:49: COM PORT OPEN ... OK
2014/08/22 10:44:49:
2014/08/22 10:44:49: ProductS/N:  VRW06A114800053
2014/08/22 10:44:49: TID: 860414082AE62080
2014/08/22 10:44:49: F/W Version: 00.00.08
2014/08/22 10:44:49:
2014/08/22 10:44:49: MasterKey Key Entry ... OK
2014/08/22 10:44:49: PowerON Counter Key Entry ... OK
2014/08/22 10:44:50: Key Entry ... OK
2014/08/22 10:44:50: Complete.
2014/08/22 10:44:50: COM PORT CLOSE ... OK
2014/08/22 10:44:50: 
2014/08/22 10:44:50: ==== Processing was completed ====
2014/08/22 10:44:50: 
*************************************************


*********** Start the Initialize Key Check **********
2014/08/22 10:52:22: Tool Ver: 2013.0605.01
2014/08/22 10:52:22: COM PORT OPEN ... OK
2014/08/22 10:52:22:
2014/08/22 10:52:22: ProductS/N:  VRW06A114800029
2014/08/22 10:52:22: TID: 860427082AE62080
2014/08/22 10:52:22: F/W Version: 00.00.08
2014/08/22 10:52:22:
2014/08/22 10:52:22: MasterKey Key Entry ... OK
2014/08/22 10:52:22: PowerON Counter Key Entry ... OK
2014/08/22 10:52:23: Key Entry ... OK
2014/08/22 10:52:23: Complete.
2014/08/22 10:52:23: COM PORT CLOSE ... OK
2014/08/22 10:52:23: 
2014/08/22 10:52:23: ==== Processing was completed ====
2014/08/22 10:52:23: 
*************************************************


*********** Start the Initialize Key Check **********
2014/08/22 10:55:29: Tool Ver: 2013.0605.01
2014/08/22 10:55:29: COM PORT OPEN ... OK
2014/08/22 10:55:29:
2014/08/22 10:55:29: ProductS/N:  VRW06A114800018
2014/08/22 10:55:29: TID: 86041B222AE62080
2014/08/22 10:55:29: F/W Version: 00.00.08
2014/08/22 10:55:29:
2014/08/22 10:55:29: MasterKey Key Entry ... OK
2014/08/22 10:55:29: PowerON Counter Key Entry ... OK
2014/08/22 10:55:29: Key Entry ... OK
2014/08/22 10:55:29: Complete.
2014/08/22 10:55:29: COM PORT CLOSE ... OK
2014/08/22 10:55:29: 
2014/08/22 10:55:29: ==== Processing was completed ====
2014/08/22 10:55:29: 
*************************************************


*********** Start the Initialize Key Check **********
2014/08/22 10:58:14: Tool Ver: 2013.0605.01
2014/08/22 10:58:14: COM PORT OPEN ... OK
2014/08/22 10:58:14:
2014/08/22 10:58:14: ProductS/N:  VRW06A114800059
2014/08/22 10:58:14: TID: 8604231E2AE62080
2014/08/22 10:58:14: F/W Version: 00.00.08
2014/08/22 10:58:14:
2014/08/22 10:58:14: MasterKey Key Entry ... OK
2014/08/22 10:58:14: PowerON Counter Key Entry ... OK
2014/08/22 10:58:15: Key Entry ... OK
2014/08/22 10:58:15: Complete.
2014/08/22 10:58:15: COM PORT CLOSE ... OK
2014/08/22 10:58:15: 
2014/08/22 10:58:15: ==== Processing was completed ====
2014/08/22 10:58:15: 
*************************************************


*********** Start the Initialize Key Check **********
2014/08/22 11:03:54: Tool Ver: 2013.0605.01
2014/08/22 11:03:54: COM PORT OPEN ... OK
2014/08/22 11:03:54:
2014/08/22 11:03:54: ProductS/N:  VRW06A114800038
2014/08/22 11:03:54: TID: 8604143E32E62080
2014/08/22 11:03:54: F/W Version: 00.00.08
2014/08/22 11:03:54:
2014/08/22 11:03:54: MasterKey Key Entry ... OK
2014/08/22 11:03:54: PowerON Counter Key Entry ... OK
2014/08/22 11:03:55: Key Entry ... OK
2014/08/22 11:03:55: Complete.
2014/08/22 11:03:55: COM PORT CLOSE ... OK
2014/08/22 11:03:55: 
2014/08/22 11:03:55: ==== Processing was completed ====
2014/08/22 11:03:55: 
*************************************************


*********** Start the Initialize Key Check **********
2014/08/22 11:05:42: Tool Ver: 2013.0605.01
2014/08/22 11:05:42: COM PORT OPEN ... OK
2014/08/22 11:05:42:
2014/08/22 11:05:42: ProductS/N:  VRW06A114800028
2014/08/22 11:05:42: TID: 86042841D2E52080
2014/08/22 11:05:42: F/W Version: 00.00.08
2014/08/22 11:05:42:
2014/08/22 11:05:42: MasterKey Key Entry ... OK
2014/08/22 11:05:42: PowerON Counter Key Entry ... OK
2014/08/22 11:05:43: Key Entry ... OK
2014/08/22 11:05:43: Complete.
2014/08/22 11:05:43: COM PORT CLOSE ... OK
2014/08/22 11:05:43: 
2014/08/22 11:05:43: ==== Processing was completed ====
2014/08/22 11:05:43: 
*************************************************


*********** Start the Initialize Key Check **********
2014/08/22 11:08:52: Tool Ver: 2013.0605.01
2014/08/22 11:08:52: COM PORT OPEN ... OK
2014/08/22 11:08:52:
2014/08/22 11:08:52: ProductS/N:  VRW06A114800070
2014/08/22 11:08:52: TID: 86042E1E2AE62080
2014/08/22 11:08:52: F/W Version: 00.00.08
2014/08/22 11:08:52:
2014/08/22 11:08:52: MasterKey Key Entry ... OK
2014/08/22 11:08:52: PowerON Counter Key Entry ... OK
2014/08/22 11:08:53: Key Entry ... OK
2014/08/22 11:08:53: Complete.
2014/08/22 11:08:53: COM PORT CLOSE ... OK
2014/08/22 11:08:53: 
2014/08/22 11:08:53: ==== Processing was completed ====
2014/08/22 11:08:53: 
*************************************************


*********** Start the Initialize Key Check **********
2014/08/22 11:12:08: Tool Ver: 2013.0605.01
2014/08/22 11:12:08: COM PORT OPEN ... OK
2014/08/22 11:12:08:
2014/08/22 11:12:08: ProductS/N:  VRW06A114800069
2014/08/22 11:12:08: TID: 8604244432E62080
2014/08/22 11:12:08: F/W Version: 00.00.08
2014/08/22 11:12:08:
2014/08/22 11:12:08: MasterKey Key Entry ... OK
2014/08/22 11:12:08: PowerON Counter Key Entry ... OK
2014/08/22 11:12:09: Key Entry ... OK
2014/08/22 11:12:09: Complete.
2014/08/22 11:12:09: COM PORT CLOSE ... OK
2014/08/22 11:12:09: 
2014/08/22 11:12:09: ==== Processing was completed ====
2014/08/22 11:12:09: 
*************************************************


*********** Start the Initialize Key Check **********
2014/08/22 11:12:42: Tool Ver: 2013.0605.01
2014/08/22 11:12:42: COM PORT OPEN ... OK
2014/08/22 11:12:42:
2014/08/22 11:12:42: ProductS/N:  VRW06A114800027
2014/08/22 11:12:42: TID: 8604183D32E62080
2014/08/22 11:12:42: F/W Version: 00.00.08
2014/08/22 11:12:42:
2014/08/22 11:12:42: MasterKey Key Entry ... OK
2014/08/22 11:12:42: PowerON Counter Key Entry ... OK
2014/08/22 11:12:42: Key Entry ... OK
2014/08/22 11:12:42: Complete.
2014/08/22 11:12:42: COM PORT CLOSE ... OK
2014/08/22 11:12:42: 
2014/08/22 11:12:42: ==== Processing was completed ====
2014/08/22 11:12:42: 
*************************************************


*********** Start the Initialize Key Check **********
2014/08/22 11:28:00: Tool Ver: 2013.0605.01
2014/08/22 11:28:00: COM PORT OPEN ... OK
2014/08/22 11:28:00:
2014/08/22 11:28:00: ProductS/N:  VRW06A114800043
2014/08/22 11:28:00: TID: 8604301D2AE62080
2014/08/22 11:28:00: F/W Version: 00.00.08
2014/08/22 11:28:00:
2014/08/22 11:28:00: MasterKey Key Entry ... OK
2014/08/22 11:28:01: PowerON Counter Key Entry ... OK
2014/08/22 11:28:01: Key Entry ... OK
2014/08/22 11:28:01: Complete.
2014/08/22 11:28:01: COM PORT CLOSE ... OK
2014/08/22 11:28:01: 
2014/08/22 11:28:01: ==== Processing was completed ====
2014/08/22 11:28:01: 
*************************************************


*********** Start the Initialize Key Check **********
2014/08/22 11:30:18: Tool Ver: 2013.0605.01
2014/08/22 11:30:18: COM PORT OPEN ... OK
2014/08/22 11:30:18:
2014/08/22 11:30:18: ProductS/N:  VRW06A114800007
2014/08/22 11:30:18: TID: 8604113FD2E52080
2014/08/22 11:30:18: F/W Version: 00.00.08
2014/08/22 11:30:18:
2014/08/22 11:30:18: MasterKey Key Entry ... OK
2014/08/22 11:30:18: PowerON Counter Key Entry ... OK
2014/08/22 11:30:19: Key Entry ... OK
2014/08/22 11:30:19: Complete.
2014/08/22 11:30:19: COM PORT CLOSE ... OK
2014/08/22 11:30:19: 
2014/08/22 11:30:19: ==== Processing was completed ====
2014/08/22 11:30:19: 
*************************************************


*********** Start the Initialize Key Check **********
2014/08/22 11:32:53: Tool Ver: 2013.0605.01
2014/08/22 11:32:53: COM PORT OPEN ... OK
2014/08/22 11:32:53:
2014/08/22 11:32:53: ProductS/N:  VRW06A114800062
2014/08/22 11:32:53: TID: 8604154132E62080
2014/08/22 11:32:53: F/W Version: 00.00.08
2014/08/22 11:32:53:
2014/08/22 11:32:53: MasterKey Key Entry ... OK
2014/08/22 11:32:53: PowerON Counter Key Entry ... OK
2014/08/22 11:32:54: Key Entry ... OK
2014/08/22 11:32:54: Complete.
2014/08/22 11:32:54: COM PORT CLOSE ... OK
2014/08/22 11:32:54: 
2014/08/22 11:32:54: ==== Processing was completed ====
2014/08/22 11:32:54: 
*************************************************


*********** Start the Initialize Key Check **********
2014/08/22 11:34:38: Tool Ver: 2013.0605.01
2014/08/22 11:34:38: COM PORT OPEN ... OK
2014/08/22 11:34:38:
2014/08/22 11:34:38: ProductS/N:  VRW06A114800044
2014/08/22 11:34:38: TID: 86042641D2E52080
2014/08/22 11:34:38: F/W Version: 00.00.08
2014/08/22 11:34:38:
2014/08/22 11:34:38: MasterKey Key Entry ... OK
2014/08/22 11:34:38: PowerON Counter Key Entry ... OK
2014/08/22 11:34:39: Key Entry ... OK
2014/08/22 11:34:39: Complete.
2014/08/22 11:34:39: COM PORT CLOSE ... OK
2014/08/22 11:34:39: 
2014/08/22 11:34:39: ==== Processing was completed ====
2014/08/22 11:34:39: 
*************************************************


*********** Start the Initialize Key Check **********
2014/08/22 11:37:15: Tool Ver: 2013.0605.01
2014/08/22 11:37:15: COM PORT OPEN ... OK
2014/08/22 11:37:15:
2014/08/22 11:37:15: ProductS/N:  VRW06A114800064
2014/08/22 11:37:15: TID: 860435082AE62080
2014/08/22 11:37:15: F/W Version: 00.00.08
2014/08/22 11:37:15:
2014/08/22 11:37:15: MasterKey Key Entry ... OK
2014/08/22 11:37:15: PowerON Counter Key Entry ... OK
2014/08/22 11:37:16: Key Entry ... OK
2014/08/22 11:37:16: Complete.
2014/08/22 11:37:16: COM PORT CLOSE ... OK
2014/08/22 11:37:16: 
2014/08/22 11:37:16: ==== Processing was completed ====
2014/08/22 11:37:16: 
*************************************************


*********** Start the Initialize Key Check **********
2014/08/22 11:42:41: Tool Ver: 2013.0605.01
2014/08/22 11:42:41: COM PORT OPEN ... ERROR(01)
2014/08/22 11:42:41: 
2014/08/22 11:42:41: ######## Error has occurred ########
2014/08/22 11:42:41: 
*************************************************


*********** Start the Initialize Key Check **********
2014/08/22 11:43:04: Tool Ver: 2013.0605.01
2014/08/22 11:43:04: COM PORT OPEN ... OK
2014/08/22 11:43:05:
2014/08/22 11:43:05: ProductS/N:  VRW06A114800066
2014/08/22 11:43:05: TID: 86041622CAE52080
2014/08/22 11:43:05: F/W Version: 00.00.08
2014/08/22 11:43:05:
2014/08/22 11:43:05: MasterKey Key Entry ... OK
2014/08/22 11:43:05: PowerON Counter Key Entry ... OK
2014/08/22 11:43:05: Key Entry ... OK
2014/08/22 11:43:05: Complete.
2014/08/22 11:43:05: COM PORT CLOSE ... OK
2014/08/22 11:43:05: 
2014/08/22 11:43:05: ==== Processing was completed ====
2014/08/22 11:43:05: 
*************************************************


*********** Start the Initialize Key Check **********
2014/08/22 11:43:40: Tool Ver: 2013.0605.01
2014/08/22 11:43:40: COM PORT OPEN ... OK
2014/08/22 11:43:40:
2014/08/22 11:43:40: ProductS/N:  VRW06A114800042
2014/08/22 11:43:40: TID: 86042F4132E62080
2014/08/22 11:43:40: F/W Version: 00.00.08
2014/08/22 11:43:40:
2014/08/22 11:43:40: MasterKey Key Entry ... OK
2014/08/22 11:43:40: PowerON Counter Key Entry ... OK
2014/08/22 11:43:41: Key Entry ... OK
2014/08/22 11:43:41: Complete.
2014/08/22 11:43:41: COM PORT CLOSE ... OK
2014/08/22 11:43:41: 
2014/08/22 11:43:41: ==== Processing was completed ====
2014/08/22 11:43:41: 
*************************************************


*********** Start the Initialize Key Check **********
2014/08/22 11:45:24: Tool Ver: 2013.0605.01
2014/08/22 11:45:24: COM PORT OPEN ... OK
2014/08/22 11:45:24:
2014/08/22 11:45:24: ProductS/N:  VRW06A114800021
2014/08/22 11:45:24: TID: 86042644D2E52080
2014/08/22 11:45:24: F/W Version: 00.00.08
2014/08/22 11:45:24:
2014/08/22 11:45:24: MasterKey Key Entry ... OK
2014/08/22 11:45:24: PowerON Counter Key Entry ... OK
2014/08/22 11:45:25: Key Entry ... OK
2014/08/22 11:45:25: Complete.
2014/08/22 11:45:25: COM PORT CLOSE ... OK
2014/08/22 11:45:25: 
2014/08/22 11:45:25: ==== Processing was completed ====
2014/08/22 11:45:25: 
*************************************************


*********** Start the Initialize Key Check **********
2014/08/22 12:52:43: Tool Ver: 2013.0605.01
2014/08/22 12:52:43: COM PORT OPEN ... OK
2014/08/22 12:52:43:
2014/08/22 12:52:43: ProductS/N:  VRW06A114800051
2014/08/22 12:52:43: TID: 8604173E32E62080
2014/08/22 12:52:43: F/W Version: 00.00.08
2014/08/22 12:52:43:
2014/08/22 12:52:43: MasterKey Key Entry ... OK
2014/08/22 12:52:43: PowerON Counter Key Entry ... OK
2014/08/22 12:52:44: Key Entry ... OK
2014/08/22 12:52:44: Complete.
2014/08/22 12:52:44: COM PORT CLOSE ... OK
2014/08/22 12:52:44: 
2014/08/22 12:52:44: ==== Processing was completed ====
2014/08/22 12:52:44: 
*************************************************


*********** Start the Initialize Key Check **********
2014/08/22 13:03:47: Tool Ver: 2013.0605.01
2014/08/22 13:03:47: COM PORT OPEN ... OK
2014/08/22 13:03:47:
2014/08/22 13:03:47: ProductS/N:  VRW06A114800068
2014/08/22 13:03:47: TID: 860406212AE62080
2014/08/22 13:03:47: F/W Version: 00.00.08
2014/08/22 13:03:47:
2014/08/22 13:03:47: MasterKey Key Entry ... OK
2014/08/22 13:03:47: PowerON Counter Key Entry ... OK
2014/08/22 13:03:48: Key Entry ... OK
2014/08/22 13:03:48: Complete.
2014/08/22 13:03:48: COM PORT CLOSE ... OK
2014/08/22 13:03:48: 
2014/08/22 13:03:48: ==== Processing was completed ====
2014/08/22 13:03:48: 
*************************************************


*********** Start the Initialize Key Check **********
2014/08/22 13:24:38: Tool Ver: 2013.0605.01
2014/08/22 13:24:38: COM PORT OPEN ... OK
2014/08/22 13:24:38:
2014/08/22 13:24:38: ProductS/N:  VRW06A114800033
2014/08/22 13:24:38: TID: 86042C34D2E52080
2014/08/22 13:24:38: F/W Version: 00.00.08
2014/08/22 13:24:38:
2014/08/22 13:24:38: MasterKey Key Entry ... OK
2014/08/22 13:24:38: PowerON Counter Key Entry ... OK
2014/08/22 13:24:39: Key Entry ... OK
2014/08/22 13:24:39: Complete.
2014/08/22 13:24:39: COM PORT CLOSE ... OK
2014/08/22 13:24:39: 
2014/08/22 13:24:39: ==== Processing was completed ====
2014/08/22 13:24:39: 
*************************************************


*********** Start the Initialize Key Check **********
2014/08/22 13:26:20: Tool Ver: 2013.0605.01
2014/08/22 13:26:20: COM PORT OPEN ... OK
2014/08/22 13:26:20:
2014/08/22 13:26:20: ProductS/N:  VRW06A114800004
2014/08/22 13:26:20: TID: 86040E222AE62080
2014/08/22 13:26:20: F/W Version: 00.00.08
2014/08/22 13:26:20:
2014/08/22 13:26:20: MasterKey Key Entry ... OK
2014/08/22 13:26:20: PowerON Counter Key Entry ... OK
2014/08/22 13:26:20: Key Entry ... OK
2014/08/22 13:26:20: Complete.
2014/08/22 13:26:20: COM PORT CLOSE ... OK
2014/08/22 13:26:20: 
2014/08/22 13:26:20: ==== Processing was completed ====
2014/08/22 13:26:20: 
*************************************************


*********** Start the Initialize Key Check **********
2014/08/22 13:38:12: Tool Ver: 2013.0605.01
2014/08/22 13:38:12: COM PORT OPEN ... OK
2014/08/22 13:38:12:
2014/08/22 13:38:12: ProductS/N:  VRW06A114800073
2014/08/22 13:38:12: TID: 8604153FD2E52080
2014/08/22 13:38:12: F/W Version: 00.00.08
2014/08/22 13:38:12:
2014/08/22 13:38:12: MasterKey Key Entry ... OK
2014/08/22 13:38:12: PowerON Counter Key Entry ... OK
2014/08/22 13:38:13: Key Entry ... OK
2014/08/22 13:38:13: Complete.
2014/08/22 13:38:13: COM PORT CLOSE ... OK
2014/08/22 13:38:13: 
2014/08/22 13:38:13: ==== Processing was completed ====
2014/08/22 13:38:13: 
*************************************************


*********** Start the Initialize Key Check **********
2014/08/22 13:40:31: Tool Ver: 2013.0605.01
2014/08/22 13:40:31: COM PORT OPEN ... OK
2014/08/22 13:40:32:
2014/08/22 13:40:32: ProductS/N:  VRW06A114800080
2014/08/22 13:40:32: TID: 86041741D2E52080
2014/08/22 13:40:32: F/W Version: 00.00.08
2014/08/22 13:40:32:
2014/08/22 13:40:32: MasterKey Key Entry ... OK
2014/08/22 13:40:32: PowerON Counter Key Entry ... OK
2014/08/22 13:40:32: Key Entry ... OK
2014/08/22 13:40:32: Complete.
2014/08/22 13:40:32: COM PORT CLOSE ... OK
2014/08/22 13:40:32: 
2014/08/22 13:40:32: ==== Processing was completed ====
2014/08/22 13:40:32: 
*************************************************


*********** Start the Initialize Key Check **********
2014/08/22 13:49:15: Tool Ver: 2013.0605.01
2014/08/22 13:49:15: COM PORT OPEN ... OK
2014/08/22 13:49:16:
2014/08/22 13:49:16: ProductS/N:  VRW06A114800079
2014/08/22 13:49:16: TID: 86041E072AE62080
2014/08/22 13:49:16: F/W Version: 00.00.08
2014/08/22 13:49:16:
2014/08/22 13:49:16: MasterKey Key Entry ... OK
2014/08/22 13:49:16: PowerON Counter Key Entry ... OK
2014/08/22 13:49:16: Key Entry ... OK
2014/08/22 13:49:16: Complete.
2014/08/22 13:49:16: COM PORT CLOSE ... OK
2014/08/22 13:49:16: 
2014/08/22 13:49:16: ==== Processing was completed ====
2014/08/22 13:49:16: 
*************************************************


*********** Start the Initialize Key Check **********
2014/08/22 14:03:31: Tool Ver: 2013.0605.01
2014/08/22 14:03:31: COM PORT OPEN ... ERROR(01)
2014/08/22 14:03:31: 
2014/08/22 14:03:31: ######## Error has occurred ########
2014/08/22 14:03:31: 
*************************************************


*********** Start the Initialize Key Check **********
2014/08/22 14:08:46: Tool Ver: 2013.0605.01
2014/08/22 14:08:46: COM PORT OPEN ... OK
2014/08/22 14:08:46:
2014/08/22 14:08:46: ProductS/N:  VRW06A114800002
2014/08/22 14:08:46: TID: 86041C3E32E62080
2014/08/22 14:08:46: F/W Version: 00.00.08
2014/08/22 14:08:46:
2014/08/22 14:08:46: MasterKey Key Entry ... OK
2014/08/22 14:08:46: PowerON Counter Key Entry ... OK
2014/08/22 14:08:47: Key Entry ... OK
2014/08/22 14:08:47: Complete.
2014/08/22 14:08:47: COM PORT CLOSE ... OK
2014/08/22 14:08:47: 
2014/08/22 14:08:47: ==== Processing was completed ====
2014/08/22 14:08:47: 
*************************************************


*********** Start the Initialize Key Check **********
2014/08/22 14:10:54: Tool Ver: 2013.0605.01
2014/08/22 14:10:54: Product S/N ... ERROR
2014/08/22 14:10:54: 
2014/08/22 14:10:54: ######## Error has occurred ########
2014/08/22 14:10:54: 
*************************************************


*********** Start the Initialize Key Check **********
2014/08/22 14:21:34: Tool Ver: 2013.0605.01
2014/08/22 14:21:34: COM PORT OPEN ... OK
2014/08/22 14:21:34:
2014/08/22 14:21:34: ProductS/N:  VRW06A114800061
2014/08/22 14:21:34: TID: 86041E3F32E62080
2014/08/22 14:21:34: F/W Version: 00.00.08
2014/08/22 14:21:34:
2014/08/22 14:21:34: MasterKey Key Entry ... OK
2014/08/22 14:21:34: PowerON Counter Key Entry ... OK
2014/08/22 14:21:35: Key Entry ... OK
2014/08/22 14:21:35: Complete.
2014/08/22 14:21:35: COM PORT CLOSE ... OK
2014/08/22 14:21:35: 
2014/08/22 14:21:35: ==== Processing was completed ====
2014/08/22 14:21:35: 
*************************************************


*********** Start the Initialize Key Check **********
2014/08/22 14:22:45: Tool Ver: 2013.0605.01
2014/08/22 14:22:45: COM PORT OPEN ... OK
2014/08/22 14:22:45:
2014/08/22 14:22:45: ProductS/N:  VRW06A114800030
2014/08/22 14:22:45: TID: 86041C222AE62080
2014/08/22 14:22:45: F/W Version: 00.00.08
2014/08/22 14:22:45:
2014/08/22 14:22:45: MasterKey Key Entry ... OK
2014/08/22 14:22:45: PowerON Counter Key Entry ... OK
2014/08/22 14:22:46: Key Entry ... OK
2014/08/22 14:22:46: Complete.
2014/08/22 14:22:46: COM PORT CLOSE ... OK
2014/08/22 14:22:46: 
2014/08/22 14:22:46: ==== Processing was completed ====
2014/08/22 14:22:46: 
*************************************************


*********** Start the Initialize Key Check **********
2014/08/22 14:24:56: Tool Ver: 2013.0605.01
2014/08/22 14:24:56: COM PORT OPEN ... OK
2014/08/22 14:24:56:
2014/08/22 14:24:56: ProductS/N:  VRW06A114800013
2014/08/22 14:24:56: TID: 8604183F32E62080
2014/08/22 14:24:56: F/W Version: 00.00.08
2014/08/22 14:24:56:
2014/08/22 14:24:56: MasterKey Key Entry ... OK
2014/08/22 14:24:56: PowerON Counter Key Entry ... OK
2014/08/22 14:24:57: Key Entry ... OK
2014/08/22 14:24:57: Complete.
2014/08/22 14:24:57: COM PORT CLOSE ... OK
2014/08/22 14:24:57: 
2014/08/22 14:24:57: ==== Processing was completed ====
2014/08/22 14:24:57: 
*************************************************


*********** Start the Initialize Key Check **********
2014/08/22 14:26:09: Tool Ver: 2013.0605.01
2014/08/22 14:26:09: COM PORT OPEN ... OK
2014/08/22 14:26:10:
2014/08/22 14:26:10: ProductS/N:  VRW06A114800086
2014/08/22 14:26:10: TID: 86042743D2E52080
2014/08/22 14:26:10: F/W Version: 00.00.08
2014/08/22 14:26:10:
2014/08/22 14:26:10: MasterKey Key Entry ... OK
2014/08/22 14:26:10: PowerON Counter Key Entry ... OK
2014/08/22 14:26:10: Key Entry ... OK
2014/08/22 14:26:10: Complete.
2014/08/22 14:26:10: COM PORT CLOSE ... OK
2014/08/22 14:26:10: 
2014/08/22 14:26:10: ==== Processing was completed ====
2014/08/22 14:26:10: 
*************************************************


*********** Start the Initialize Key Check **********
2014/08/22 14:28:03: Tool Ver: 2013.0605.01
2014/08/22 14:28:03: COM PORT OPEN ... OK
2014/08/22 14:28:03:
2014/08/22 14:28:03: ProductS/N:  VRW06A114800088
2014/08/22 14:28:03: TID: 860415222AE62080
2014/08/22 14:28:03: F/W Version: 00.00.08
2014/08/22 14:28:03:
2014/08/22 14:28:03: MasterKey Key Entry ... OK
2014/08/22 14:28:03: PowerON Counter Key Entry ... OK
2014/08/22 14:28:04: Key Entry ... OK
2014/08/22 14:28:04: Complete.
2014/08/22 14:28:04: COM PORT CLOSE ... OK
2014/08/22 14:28:04: 
2014/08/22 14:28:04: ==== Processing was completed ====
2014/08/22 14:28:04: 
*************************************************


*********** Start the Initialize Key Check **********
2014/08/22 14:45:18: Tool Ver: 2013.0605.01
2014/08/22 14:45:18: COM PORT OPEN ... OK
2014/08/22 14:45:19:
2014/08/22 14:45:19: ProductS/N:  VRW06A114800084
2014/08/22 14:45:19: TID: 8604340CCAE52080
2014/08/22 14:45:19: F/W Version: 00.00.08
2014/08/22 14:45:19:
2014/08/22 14:45:19: MasterKey Key Entry ... OK
2014/08/22 14:45:19: PowerON Counter Key Entry ... OK
2014/08/22 14:45:19: Key Entry ... OK
2014/08/22 14:45:19: Complete.
2014/08/22 14:45:19: COM PORT CLOSE ... OK
2014/08/22 14:45:19: 
2014/08/22 14:45:19: ==== Processing was completed ====
2014/08/22 14:45:19: 
*************************************************


*********** Start the Initialize Key Check **********
2014/08/22 14:46:27: Tool Ver: 2013.0605.01
2014/08/22 14:46:27: COM PORT OPEN ... OK
2014/08/22 14:46:27:
2014/08/22 14:46:27: ProductS/N:  VRW06A114800006
2014/08/22 14:46:27: TID: 860437222AE62080
2014/08/22 14:46:27: F/W Version: 00.00.08
2014/08/22 14:46:27:
2014/08/22 14:46:27: MasterKey Key Entry ... OK
2014/08/22 14:46:27: PowerON Counter Key Entry ... OK
2014/08/22 14:46:28: Key Entry ... OK
2014/08/22 14:46:28: Complete.
2014/08/22 14:46:28: COM PORT CLOSE ... OK
2014/08/22 14:46:28: 
2014/08/22 14:46:28: ==== Processing was completed ====
2014/08/22 14:46:28: 
*************************************************


*********** Start the Initialize Key Check **********
2014/08/22 14:51:56: Tool Ver: 2013.0605.01
2014/08/22 14:51:56: COM PORT OPEN ... OK
2014/08/22 14:51:57:
2014/08/22 14:51:57: ProductS/N:  VRW06A114800092
2014/08/22 14:51:57: TID: 86041E232AE62080
2014/08/22 14:51:57: F/W Version: 00.00.08
2014/08/22 14:51:57:
2014/08/22 14:51:57: MasterKey Key Entry ... OK
2014/08/22 14:51:57: PowerON Counter Key Entry ... OK
2014/08/22 14:51:57: Key Entry ... OK
2014/08/22 14:51:57: Complete.
2014/08/22 14:51:57: COM PORT CLOSE ... OK
2014/08/22 14:51:57: 
2014/08/22 14:51:57: ==== Processing was completed ====
2014/08/22 14:51:57: 
*************************************************


*********** Start the Initialize Key Check **********
2014/08/22 14:54:26: Tool Ver: 2013.0605.01
2014/08/22 14:54:26: COM PORT OPEN ... OK
2014/08/22 14:54:26:
2014/08/22 14:54:26: ProductS/N:  VRW06A114800096
2014/08/22 14:54:26: TID: 86043F26CAE52080
2014/08/22 14:54:26: F/W Version: 00.00.08
2014/08/22 14:54:26:
2014/08/22 14:54:26: MasterKey Key Entry ... OK
2014/08/22 14:54:26: PowerON Counter Key Entry ... OK
2014/08/22 14:54:26: Key Entry ... OK
2014/08/22 14:54:26: Complete.
2014/08/22 14:54:26: COM PORT CLOSE ... OK
2014/08/22 14:54:26: 
2014/08/22 14:54:26: ==== Processing was completed ====
2014/08/22 14:54:26: 
*************************************************


*********** Start the Initialize Key Check **********
2014/08/22 15:00:06: Tool Ver: 2013.0605.01
2014/08/22 15:00:06: COM PORT OPEN ... OK
2014/08/22 15:00:06:
2014/08/22 15:00:06: ProductS/N:  VRW06A114800091
2014/08/22 15:00:06: TID: 8604244132E62080
2014/08/22 15:00:06: F/W Version: 00.00.08
2014/08/22 15:00:06:
2014/08/22 15:00:06: MasterKey Key Entry ... OK
2014/08/22 15:00:06: PowerON Counter Key Entry ... OK
2014/08/22 15:00:06: Key Entry ... OK
2014/08/22 15:00:06: Complete.
2014/08/22 15:00:06: COM PORT CLOSE ... OK
2014/08/22 15:00:06: 
2014/08/22 15:00:06: ==== Processing was completed ====
2014/08/22 15:00:06: 
*************************************************


*********** Start the Initialize Key Check **********
2014/08/22 15:14:12: Tool Ver: 2013.0605.01
2014/08/22 15:14:12: COM PORT OPEN ... OK
2014/08/22 15:14:12:
2014/08/22 15:14:12: ProductS/N:  VRW06A114800052
2014/08/22 15:14:12: TID: 86042C3E32E62080
2014/08/22 15:14:12: F/W Version: 00.00.08
2014/08/22 15:14:12:
2014/08/22 15:14:12: MasterKey Key Entry ... OK
2014/08/22 15:14:12: PowerON Counter Key Entry ... OK
2014/08/22 15:14:13: Key Entry ... OK
2014/08/22 15:14:13: Complete.
2014/08/22 15:14:13: COM PORT CLOSE ... OK
2014/08/22 15:14:13: 
2014/08/22 15:14:13: ==== Processing was completed ====
2014/08/22 15:14:13: 
*************************************************


*********** Start the Initialize Key Check **********
2014/08/22 15:17:24: Tool Ver: 2013.0605.01
2014/08/22 15:17:24: COM PORT OPEN ... OK
2014/08/22 15:17:24:
2014/08/22 15:17:24: ProductS/N:  VRW06A114800050
2014/08/22 15:17:24: TID: 86041A222AE62080
2014/08/22 15:17:24: F/W Version: 00.00.08
2014/08/22 15:17:24:
2014/08/22 15:17:24: MasterKey Key Entry ... OK
2014/08/22 15:17:24: PowerON Counter Key Entry ... OK
2014/08/22 15:17:25: Key Entry ... OK
2014/08/22 15:17:25: Complete.
2014/08/22 15:17:25: COM PORT CLOSE ... OK
2014/08/22 15:17:25: 
2014/08/22 15:17:25: ==== Processing was completed ====
2014/08/22 15:17:25: 
*************************************************


*********** Start the Initialize Key Check **********
2014/08/22 15:17:28: Tool Ver: 2013.0605.01
2014/08/22 15:17:28: COM PORT OPEN ... OK
2014/08/22 15:17:28:
2014/08/22 15:17:28: ProductS/N:  VRW06A114800050
2014/08/22 15:17:28: TID: 86041A222AE62080
2014/08/22 15:17:28: F/W Version: 00.00.08
2014/08/22 15:17:28:
2014/08/22 15:17:28: MasterKey Key Entry ... OK
2014/08/22 15:17:28: PowerON Counter Key Entry ... OK
2014/08/22 15:17:29: Key Entry ... OK
2014/08/22 15:17:29: Complete.
2014/08/22 15:17:29: COM PORT CLOSE ... OK
2014/08/22 15:17:29: 
2014/08/22 15:17:29: ==== Processing was completed ====
2014/08/22 15:17:29: 
*************************************************


*********** Start the Initialize Key Check **********
2014/08/22 15:19:14: Tool Ver: 2013.0605.01
2014/08/22 15:19:14: COM PORT OPEN ... OK
2014/08/22 15:19:14:
2014/08/22 15:19:14: ProductS/N:  VRW06A114800025
2014/08/22 15:19:14: TID: 86042C4132E62080
2014/08/22 15:19:14: F/W Version: 00.00.08
2014/08/22 15:19:14:
2014/08/22 15:19:14: MasterKey Key Entry ... OK
2014/08/22 15:19:14: PowerON Counter Key Entry ... OK
2014/08/22 15:19:15: Key Entry ... OK
2014/08/22 15:19:15: Complete.
2014/08/22 15:19:15: COM PORT CLOSE ... OK
2014/08/22 15:19:15: 
2014/08/22 15:19:15: ==== Processing was completed ====
2014/08/22 15:19:15: 
*************************************************


*********** Start the Initialize Key Check **********
2014/08/22 15:20:49: Tool Ver: 2013.0605.01
2014/08/22 15:20:49: COM PORT OPEN ... ERROR(01)
2014/08/22 15:20:49: 
2014/08/22 15:20:49: ######## Error has occurred ########
2014/08/22 15:20:49: 
*************************************************


*********** Start the Initialize Key Check **********
2014/08/22 15:21:12: Tool Ver: 2013.0605.01
2014/08/22 15:21:12: COM PORT OPEN ... OK
2014/08/22 15:21:12:
2014/08/22 15:21:12: ProductS/N:  VRW06A114800009
2014/08/22 15:21:12: TID: 860417082AE62080
2014/08/22 15:21:12: F/W Version: 00.00.08
2014/08/22 15:21:12:
2014/08/22 15:21:12: MasterKey Key Entry ... OK
2014/08/22 15:21:12: PowerON Counter Key Entry ... OK
2014/08/22 15:21:12: Key Entry ... OK
2014/08/22 15:21:12: Complete.
2014/08/22 15:21:12: COM PORT CLOSE ... OK
2014/08/22 15:21:12: 
2014/08/22 15:21:12: ==== Processing was completed ====
2014/08/22 15:21:12: 
*************************************************


*********** Start the Initialize Key Check **********
2014/08/22 15:22:35: Tool Ver: 2013.0605.01
2014/08/22 15:22:35: COM PORT OPEN ... OK
2014/08/22 15:22:35:
2014/08/22 15:22:35: ProductS/N:  VRW06A114800097
2014/08/22 15:22:35: TID: 86041D072AE62080
2014/08/22 15:22:35: F/W Version: 00.00.08
2014/08/22 15:22:35:
2014/08/22 15:22:35: MasterKey Key Entry ... OK
2014/08/22 15:22:35: PowerON Counter Key Entry ... OK
2014/08/22 15:22:36: Key Entry ... OK
2014/08/22 15:22:36: Complete.
2014/08/22 15:22:36: COM PORT CLOSE ... OK
2014/08/22 15:22:36: 
2014/08/22 15:22:36: ==== Processing was completed ====
2014/08/22 15:22:36: 
*************************************************


*********** Start the Initialize Key Check **********
2014/08/22 15:26:32: Tool Ver: 2013.0605.01
2014/08/22 15:26:32: COM PORT OPEN ... OK
2014/08/22 15:26:32:
2014/08/22 15:26:32: ProductS/N:  VRW06A114800082
2014/08/22 15:26:32: TID: 8604333E32E62080
2014/08/22 15:26:32: F/W Version: 00.00.08
2014/08/22 15:26:32:
2014/08/22 15:26:32: MasterKey Key Entry ... OK
2014/08/22 15:26:32: PowerON Counter Key Entry ... OK
2014/08/22 15:26:33: Key Entry ... OK
2014/08/22 15:26:33: Complete.
2014/08/22 15:26:33: COM PORT CLOSE ... OK
2014/08/22 15:26:33: 
2014/08/22 15:26:33: ==== Processing was completed ====
2014/08/22 15:26:33: 
*************************************************


*********** Start the Initialize Key Check **********
2014/08/22 15:28:41: Tool Ver: 2013.0605.01
2014/08/22 15:28:41: COM PORT OPEN ... OK
2014/08/22 15:28:41:
2014/08/22 15:28:41: ProductS/N:  VRW06A114800093
2014/08/22 15:28:41: TID: 8604363E32E62080
2014/08/22 15:28:41: F/W Version: 00.00.08
2014/08/22 15:28:41:
2014/08/22 15:28:41: MasterKey Key Entry ... OK
2014/08/22 15:28:41: PowerON Counter Key Entry ... OK
2014/08/22 15:28:42: Key Entry ... OK
2014/08/22 15:28:42: Complete.
2014/08/22 15:28:42: COM PORT CLOSE ... OK
2014/08/22 15:28:42: 
2014/08/22 15:28:42: ==== Processing was completed ====
2014/08/22 15:28:42: 
*************************************************


*********** Start the Initialize Key Check **********
2014/08/22 15:32:32: Tool Ver: 2013.0605.01
2014/08/22 15:32:32: COM PORT OPEN ... OK
2014/08/22 15:32:32:
2014/08/22 15:32:32: ProductS/N:  VRW06A114800085
2014/08/22 15:32:32: TID: 86041F1D2AE62080
2014/08/22 15:32:32: F/W Version: 00.00.08
2014/08/22 15:32:32:
2014/08/22 15:32:32: MasterKey Key Entry ... OK
2014/08/22 15:32:32: PowerON Counter Key Entry ... OK
2014/08/22 15:32:32: Key Entry ... OK
2014/08/22 15:32:32: Complete.
2014/08/22 15:32:32: COM PORT CLOSE ... OK
2014/08/22 15:32:32: 
2014/08/22 15:32:32: ==== Processing was completed ====
2014/08/22 15:32:32: 
*************************************************


*********** Start the Initialize Key Check **********
2014/08/22 15:36:37: Tool Ver: 2013.0605.01
2014/08/22 15:36:37: COM PORT OPEN ... OK
2014/08/22 15:36:37:
2014/08/22 15:36:37: ProductS/N:  VRW06A114800094
2014/08/22 15:36:37: TID: 8604350CCAE52080
2014/08/22 15:36:37: F/W Version: 00.00.08
2014/08/22 15:36:37:
2014/08/22 15:36:37: MasterKey Key Entry ... OK
2014/08/22 15:36:37: PowerON Counter Key Entry ... OK
2014/08/22 15:36:37: Key Entry ... OK
2014/08/22 15:36:37: Complete.
2014/08/22 15:36:37: COM PORT CLOSE ... OK
2014/08/22 15:36:37: 
2014/08/22 15:36:37: ==== Processing was completed ====
2014/08/22 15:36:37: 
*************************************************


*********** Start the Initialize Key Check **********
2014/08/22 15:37:57: Tool Ver: 2013.0605.01
2014/08/22 15:37:57: COM PORT OPEN ... OK
2014/08/22 15:37:57:
2014/08/22 15:37:57: ProductS/N:  VRW06A114800100
2014/08/22 15:37:57: TID: 8604203E32E62080
2014/08/22 15:37:57: F/W Version: 00.00.08
2014/08/22 15:37:57:
2014/08/22 15:37:57: MasterKey Key Entry ... OK
2014/08/22 15:37:57: PowerON Counter Key Entry ... OK
2014/08/22 15:37:57: Key Entry ... OK
2014/08/22 15:37:57: Complete.
2014/08/22 15:37:57: COM PORT CLOSE ... OK
2014/08/22 15:37:57: 
2014/08/22 15:37:57: ==== Processing was completed ====
2014/08/22 15:37:57: 
*************************************************


*********** Start the Initialize Key Check **********
2014/08/22 15:39:05: Tool Ver: 2013.0605.01
2014/08/22 15:39:05: COM PORT OPEN ... OK
2014/08/22 15:39:05:
2014/08/22 15:39:05: ProductS/N:  VRW06A114800102
2014/08/22 15:39:05: TID: 860429232AE62080
2014/08/22 15:39:05: F/W Version: 00.00.08
2014/08/22 15:39:05:
2014/08/22 15:39:05: MasterKey Key Entry ... OK
2014/08/22 15:39:05: PowerON Counter Key Entry ... OK
2014/08/22 15:39:06: Key Entry ... OK
2014/08/22 15:39:06: Complete.
2014/08/22 15:39:06: COM PORT CLOSE ... OK
2014/08/22 15:39:06: 
2014/08/22 15:39:06: ==== Processing was completed ====
2014/08/22 15:39:06: 
*************************************************


*********** Start the Initialize Key Check **********
2014/08/22 15:41:04: Tool Ver: 2013.0605.01
2014/08/22 15:41:04: COM PORT OPEN ... OK
2014/08/22 15:41:04:
2014/08/22 15:41:04: ProductS/N:  VRW06A114800074
2014/08/22 15:41:04: TID: 860418082AE62080
2014/08/22 15:41:04: F/W Version: 00.00.08
2014/08/22 15:41:04:
2014/08/22 15:41:04: MasterKey Key Entry ... OK
2014/08/22 15:41:04: PowerON Counter Key Entry ... OK
2014/08/22 15:41:04: Key Entry ... OK
2014/08/22 15:41:04: Complete.
2014/08/22 15:41:04: COM PORT CLOSE ... OK
2014/08/22 15:41:04: 
2014/08/22 15:41:04: ==== Processing was completed ====
2014/08/22 15:41:04: 
*************************************************


*********** Start the Initialize Key Check **********
2014/08/22 15:43:56: Tool Ver: 2013.0605.01
2014/08/22 15:43:56: COM PORT OPEN ... OK
2014/08/22 15:43:56:
2014/08/22 15:43:56: ProductS/N:  VRW06A114800103
2014/08/22 15:43:56: TID: 860409202AE62080
2014/08/22 15:43:56: F/W Version: 00.00.08
2014/08/22 15:43:56:
2014/08/22 15:43:56: MasterKey Key Entry ... OK
2014/08/22 15:43:56: PowerON Counter Key Entry ... OK
2014/08/22 15:43:57: Key Entry ... OK
2014/08/22 15:43:57: Complete.
2014/08/22 15:43:57: COM PORT CLOSE ... OK
2014/08/22 15:43:57: 
2014/08/22 15:43:57: ==== Processing was completed ====
2014/08/22 15:43:57: 
*************************************************


*********** Start the Initialize Key Check **********
2014/08/22 15:47:07: Tool Ver: 2013.0605.01
2014/08/22 15:47:07: COM PORT OPEN ... ERROR(01)
2014/08/22 15:47:07: 
2014/08/22 15:47:07: ######## Error has occurred ########
2014/08/22 15:47:07: 
*************************************************


*********** Start the Initialize Key Check **********
2014/08/22 15:47:42: Tool Ver: 2013.0605.01
2014/08/22 15:47:42: COM PORT OPEN ... OK
2014/08/22 15:47:42:
2014/08/22 15:47:42: ProductS/N:  VRW06A114800099V
2014/08/22 15:47:43: TID: 86040D3C32E62080
2014/08/22 15:47:43: F/W Version: 00.00.08
2014/08/22 15:47:43:
2014/08/22 15:47:43: MasterKey Key Entry ... OK
2014/08/22 15:47:43: PowerON Counter Key Entry ... OK
2014/08/22 15:47:43: Key Entry ... OK
2014/08/22 15:47:43: Complete.
2014/08/22 15:47:43: COM PORT CLOSE ... OK
2014/08/22 15:47:43: 
2014/08/22 15:47:43: ==== Processing was completed ====
2014/08/22 15:47:43: 
*************************************************


*********** Start the Initialize Key Check **********
2014/08/22 16:02:43: Tool Ver: 2013.0605.01
2014/08/22 16:02:43: COM PORT OPEN ... OK
2014/08/22 16:02:43:
2014/08/22 16:02:43: ProductS/N:  VRW06A114800005
2014/08/22 16:02:43: TID: 86042C222AE62080
2014/08/22 16:02:43: F/W Version: 00.00.08
2014/08/22 16:02:43:
2014/08/22 16:02:43: MasterKey Key Entry ... OK
2014/08/22 16:02:43: PowerON Counter Key Entry ... OK
2014/08/22 16:02:44: Key Entry ... OK
2014/08/22 16:02:44: Complete.
2014/08/22 16:02:44: COM PORT CLOSE ... OK
2014/08/22 16:02:44: 
2014/08/22 16:02:44: ==== Processing was completed ====
2014/08/22 16:02:44: 
*************************************************


*********** Start the Initialize Key Check **********
2014/08/22 16:10:56: Tool Ver: 2013.0605.01
2014/08/22 16:10:56: COM PORT OPEN ... OK
2014/08/22 16:10:56:
2014/08/22 16:10:56: ProductS/N:  VRW06A114800101
2014/08/22 16:10:56: TID: 8604214232E62080
2014/08/22 16:10:56: F/W Version: 00.00.08
2014/08/22 16:10:56:
2014/08/22 16:10:56: MasterKey Key Entry ... OK
2014/08/22 16:10:56: PowerON Counter Key Entry ... OK
2014/08/22 16:10:57: Key Entry ... OK
2014/08/22 16:10:57: Complete.
2014/08/22 16:10:57: COM PORT CLOSE ... OK
2014/08/22 16:10:57: 
2014/08/22 16:10:57: ==== Processing was completed ====
2014/08/22 16:10:57: 
*************************************************


*********** Start the Initialize Key Check **********
2014/08/22 16:30:37: Tool Ver: 2013.0605.01
2014/08/22 16:30:37: COM PORT OPEN ... OK
2014/08/22 16:30:37:
2014/08/22 16:30:37: ProductS/N:  RW06A114800110
2014/08/22 16:30:37: TID: 8604141F2AE62080
2014/08/22 16:30:37: F/W Version: 00.00.08
2014/08/22 16:30:37:
2014/08/22 16:30:37: MasterKey Key Entry ... OK
2014/08/22 16:30:37: PowerON Counter Key Entry ... OK
2014/08/22 16:30:38: Key Entry ... OK
2014/08/22 16:30:38: Complete.
2014/08/22 16:30:38: COM PORT CLOSE ... OK
2014/08/22 16:30:38: 
2014/08/22 16:30:38: ==== Processing was completed ====
2014/08/22 16:30:38: 
*************************************************


*********** Start the Initialize Key Check **********
2014/08/22 16:35:38: Tool Ver: 2013.0605.01
2014/08/22 16:35:38: COM PORT OPEN ... OK
2014/08/22 16:35:38:
2014/08/22 16:35:38: ProductS/N:  VRW06A114800116
2014/08/22 16:35:38: TID: 86041D4232E62080
2014/08/22 16:35:38: F/W Version: 00.00.08
2014/08/22 16:35:38:
2014/08/22 16:35:39: MasterKey Key Entry ... OK
2014/08/22 16:35:39: PowerON Counter Key Entry ... OK
2014/08/22 16:35:39: Key Entry ... OK
2014/08/22 16:35:39: Complete.
2014/08/22 16:35:39: COM PORT CLOSE ... OK
2014/08/22 16:35:39: 
2014/08/22 16:35:39: ==== Processing was completed ====
2014/08/22 16:35:39: 
*************************************************


*********** Start the Initialize Key Check **********
2014/08/22 17:40:27: Tool Ver: 2013.0605.01
2014/08/22 17:40:27: COM PORT OPEN ... OK
2014/08/22 17:40:27:
2014/08/22 17:40:27: ProductS/N:  4800111
2014/08/22 17:40:27: TID: 8604334032E62080
2014/08/22 17:40:27: F/W Version: 00.00.08
2014/08/22 17:40:27:
2014/08/22 17:40:27: MasterKey Key Entry ... OK
2014/08/22 17:40:27: PowerON Counter Key Entry ... OK
2014/08/22 17:40:28: Key Entry ... OK
2014/08/22 17:40:28: Complete.
2014/08/22 17:40:28: COM PORT CLOSE ... OK
2014/08/22 17:40:28: 
2014/08/22 17:40:28: ==== Processing was completed ====
2014/08/22 17:40:28: 
*************************************************


*********** Start the Initialize Key Check **********
2014/08/22 17:41:28: Tool Ver: 2013.0605.01
2014/08/22 17:41:28: COM PORT OPEN ... OK
2014/08/22 17:41:28:
2014/08/22 17:41:28: ProductS/N:  4800121
2014/08/22 17:41:28: TID: 86041507CAE52080
2014/08/22 17:41:28: F/W Version: 00.00.08
2014/08/22 17:41:28:
2014/08/22 17:41:28: MasterKey Key Entry ... OK
2014/08/22 17:41:28: PowerON Counter Key Entry ... OK
2014/08/22 17:41:28: Key Entry ... OK
2014/08/22 17:41:28: Complete.
2014/08/22 17:41:28: COM PORT CLOSE ... OK
2014/08/22 17:41:28: 
2014/08/22 17:41:28: ==== Processing was completed ====
2014/08/22 17:41:28: 
*************************************************


*********** Start the Initialize Key Check **********
2014/08/22 17:42:31: Tool Ver: 2013.0605.01
2014/08/22 17:42:31: Product S/N ... ERROR
2014/08/22 17:42:31: 
2014/08/22 17:42:31: ######## Error has occurred ########
2014/08/22 17:42:31: 
*************************************************


*********** Start the Initialize Key Check **********
2014/08/22 17:43:03: Tool Ver: 2013.0605.01
2014/08/22 17:43:03: COM PORT OPEN ... OK
2014/08/22 17:43:03:
2014/08/22 17:43:03: ProductS/N:  4800112
2014/08/22 17:43:03: TID: 8604201F2AE62080
2014/08/22 17:43:03: F/W Version: 00.00.08
2014/08/22 17:43:03:
2014/08/22 17:43:03: MasterKey Key Entry ... OK
2014/08/22 17:43:03: PowerON Counter Key Entry ... OK
2014/08/22 17:43:04: Key Entry ... OK
2014/08/22 17:43:04: Complete.
2014/08/22 17:43:04: COM PORT CLOSE ... OK
2014/08/22 17:43:04: 
2014/08/22 17:43:04: ==== Processing was completed ====
2014/08/22 17:43:04: 
*************************************************


*********** Start the Initialize Key Check **********
2014/08/22 17:44:42: Tool Ver: 2013.0605.01
2014/08/22 17:44:42: COM PORT OPEN ... OK
2014/08/22 17:44:43:
2014/08/22 17:44:43: ProductS/N:  4800117
2014/08/22 17:44:43: TID: 8604253E32E62080
2014/08/22 17:44:43: F/W Version: 00.00.08
2014/08/22 17:44:43:
2014/08/22 17:44:43: MasterKey Key Entry ... OK
2014/08/22 17:44:43: PowerON Counter Key Entry ... OK
2014/08/22 17:44:43: Key Entry ... OK
2014/08/22 17:44:43: Complete.
2014/08/22 17:44:43: COM PORT CLOSE ... OK
2014/08/22 17:44:43: 
2014/08/22 17:44:43: ==== Processing was completed ====
2014/08/22 17:44:43: 
*************************************************


*********** Start the Initialize Key Check **********
2014/08/22 17:46:53: Tool Ver: 2013.0605.01
2014/08/22 17:46:53: COM PORT OPEN ... OK
2014/08/22 17:46:53:
2014/08/22 17:46:53: ProductS/N:  4800109
2014/08/22 17:46:53: TID: 860411232AE62080
2014/08/22 17:46:53: F/W Version: 00.00.08
2014/08/22 17:46:53:
2014/08/22 17:46:54: MasterKey Key Entry ... OK
2014/08/22 17:46:54: PowerON Counter Key Entry ... OK
2014/08/22 17:46:54: Key Entry ... OK
2014/08/22 17:46:54: Complete.
2014/08/22 17:46:54: COM PORT CLOSE ... OK
2014/08/22 17:46:54: 
2014/08/22 17:46:54: ==== Processing was completed ====
2014/08/22 17:46:54: 
*************************************************


*********** Start the Initialize Key Check **********
2014/08/22 17:48:39: Tool Ver: 2013.0605.01
2014/08/22 17:48:39: COM PORT OPEN ... OK
2014/08/22 17:48:40:
2014/08/22 17:48:40: ProductS/N:  4800118
2014/08/22 17:48:40: TID: 8604133E32E62080
2014/08/22 17:48:40: F/W Version: 00.00.08
2014/08/22 17:48:40:
2014/08/22 17:48:40: MasterKey Key Entry ... OK
2014/08/22 17:48:40: PowerON Counter Key Entry ... OK
2014/08/22 17:48:40: Key Entry ... OK
2014/08/22 17:48:40: Complete.
2014/08/22 17:48:40: COM PORT CLOSE ... OK
2014/08/22 17:48:40: 
2014/08/22 17:48:40: ==== Processing was completed ====
2014/08/22 17:48:40: 
*************************************************


*********** Start the Initialize Key Check **********
2014/08/22 17:52:14: Tool Ver: 2013.0605.01
2014/08/22 17:52:14: COM PORT OPEN ... OK
2014/08/22 17:52:14:
2014/08/22 17:52:14: ProductS/N:  4800104
2014/08/22 17:52:14: TID: 860437212AE62080
2014/08/22 17:52:14: F/W Version: 00.00.08
2014/08/22 17:52:14:
2014/08/22 17:52:14: MasterKey Key Entry ... OK
2014/08/22 17:52:14: PowerON Counter Key Entry ... OK
2014/08/22 17:52:14: Key Entry ... OK
2014/08/22 17:52:14: Complete.
2014/08/22 17:52:14: COM PORT CLOSE ... OK
2014/08/22 17:52:14: 
2014/08/22 17:52:14: ==== Processing was completed ====
2014/08/22 17:52:14: 
*************************************************


*********** Start the Initialize Key Check **********
2014/08/22 17:54:55: Tool Ver: 2013.0605.01
2014/08/22 17:54:55: COM PORT OPEN ... OK
2014/08/22 17:54:56:
2014/08/22 17:54:56: ProductS/N:  4800115
2014/08/22 17:54:56: TID: 860436222AE62080
2014/08/22 17:54:56: F/W Version: 00.00.08
2014/08/22 17:54:56:
2014/08/22 17:54:56: MasterKey Key Entry ... OK
2014/08/22 17:54:56: PowerON Counter Key Entry ... OK
2014/08/22 17:54:56: Key Entry ... OK
2014/08/22 17:54:56: Complete.
2014/08/22 17:54:56: COM PORT CLOSE ... OK
2014/08/22 17:54:56: 
2014/08/22 17:54:56: ==== Processing was completed ====
2014/08/22 17:54:56: 
*************************************************


*********** Start the Initialize Key Check **********
2014/08/22 17:59:23: Tool Ver: 2013.0605.01
2014/08/22 17:59:23: COM PORT OPEN ... OK
2014/08/22 17:59:23:
2014/08/22 17:59:23: ProductS/N:  4800120
2014/08/22 17:59:23: TID: 86042943D2E52080
2014/08/22 17:59:23: F/W Version: 00.00.08
2014/08/22 17:59:23:
2014/08/22 17:59:23: MasterKey Key Entry ... OK
2014/08/22 17:59:23: PowerON Counter Key Entry ... OK
2014/08/22 17:59:24: Key Entry ... OK
2014/08/22 17:59:24: Complete.
2014/08/22 17:59:24: COM PORT CLOSE ... OK
2014/08/22 17:59:24: 
2014/08/22 17:59:24: ==== Processing was completed ====
2014/08/22 17:59:24: 
*************************************************


*********** Start the Initialize Key Check **********
2014/08/22 18:01:22: Tool Ver: 2013.0605.01
2014/08/22 18:01:22: COM PORT OPEN ... OK
2014/08/22 18:01:22:
2014/08/22 18:01:22: ProductS/N:  4800114
2014/08/22 18:01:22: TID: 8604373C32E62080
2014/08/22 18:01:22: F/W Version: 00.00.08
2014/08/22 18:01:22:
2014/08/22 18:01:22: MasterKey Key Entry ... OK
2014/08/22 18:01:22: PowerON Counter Key Entry ... OK
2014/08/22 18:01:22: Key Entry ... OK
2014/08/22 18:01:22: Complete.
2014/08/22 18:01:22: COM PORT CLOSE ... OK
2014/08/22 18:01:22: 
2014/08/22 18:01:22: ==== Processing was completed ====
2014/08/22 18:01:23: 
*************************************************


*********** Start the Initialize Key Check **********
2014/08/22 18:05:47: Tool Ver: 2013.0605.01
2014/08/22 18:05:47: COM PORT OPEN ... OK
2014/08/22 18:05:47:
2014/08/22 18:05:47: ProductS/N:  4800071
2014/08/22 18:05:47: TID: 86042A4332E62080
2014/08/22 18:05:47: F/W Version: 00.00.08
2014/08/22 18:05:47:
2014/08/22 18:05:47: MasterKey Key Entry ... OK
2014/08/22 18:05:48: PowerON Counter Key Entry ... OK
2014/08/22 18:05:48: Key Entry ... OK
2014/08/22 18:05:48: Complete.
2014/08/22 18:05:48: COM PORT CLOSE ... OK
2014/08/22 18:05:48: 
2014/08/22 18:05:48: ==== Processing was completed ====
2014/08/22 18:05:48: 
*************************************************


*********** Start the Initialize Key Check **********
2014/08/22 18:08:00: Tool Ver: 2013.0605.01
2014/08/22 18:08:00: COM PORT OPEN ... OK
2014/08/22 18:08:00:
2014/08/22 18:08:00: ProductS/N:  4800122
2014/08/22 18:08:00: TID: 86043C1E2AE62080
2014/08/22 18:08:00: F/W Version: 00.00.08
2014/08/22 18:08:00:
2014/08/22 18:08:00: MasterKey Key Entry ... OK
2014/08/22 18:08:00: PowerON Counter Key Entry ... OK
2014/08/22 18:08:01: Key Entry ... OK
2014/08/22 18:08:01: Complete.
2014/08/22 18:08:01: COM PORT CLOSE ... OK
2014/08/22 18:08:01: 
2014/08/22 18:08:01: ==== Processing was completed ====
2014/08/22 18:08:01: 
*************************************************


*********** Start the Initialize Key Check **********
2014/08/22 18:22:20: Tool Ver: 2013.0605.01
2014/08/22 18:22:20: COM PORT OPEN ... OK
2014/08/22 18:22:20:
2014/08/22 18:22:20: ProductS/N:  4800106
2014/08/22 18:22:20: TID: 86042008CAE52080
2014/08/22 18:22:20: F/W Version: 00.00.08
2014/08/22 18:22:20:
2014/08/22 18:22:20: MasterKey Key Entry ... OK
2014/08/22 18:22:20: PowerON Counter Key Entry ... OK
2014/08/22 18:22:21: Key Entry ... OK
2014/08/22 18:22:21: Complete.
2014/08/22 18:22:21: COM PORT CLOSE ... OK
2014/08/22 18:22:21: 
2014/08/22 18:22:21: ==== Processing was completed ====
2014/08/22 18:22:21: 
*************************************************


*********** Start the Initialize Key Check **********
2014/08/22 18:25:00: Tool Ver: 2013.0605.01
2014/08/22 18:25:00: COM PORT OPEN ... OK
2014/08/22 18:25:00:
2014/08/22 18:25:00: ProductS/N:  4800105
2014/08/22 18:25:00: TID: 860442222AE62080
2014/08/22 18:25:00: F/W Version: 00.00.08
2014/08/22 18:25:00:
2014/08/22 18:25:00: MasterKey Key Entry ... OK
2014/08/22 18:25:00: PowerON Counter Key Entry ... OK
2014/08/22 18:25:01: Key Entry ... OK
2014/08/22 18:25:01: Complete.
2014/08/22 18:25:01: COM PORT CLOSE ... OK
2014/08/22 18:25:01: 
2014/08/22 18:25:01: ==== Processing was completed ====
2014/08/22 18:25:01: 
*************************************************


*********** Start the Initialize Key Check **********
2014/08/22 18:28:39: Tool Ver: 2013.0605.01
2014/08/22 18:28:39: COM PORT OPEN ... OK
2014/08/22 18:28:39:
2014/08/22 18:28:39: ProductS/N:  4800130
2014/08/22 18:28:39: TID: 86042E072AE62080
2014/08/22 18:28:39: F/W Version: 00.00.08
2014/08/22 18:28:39:
2014/08/22 18:28:39: MasterKey Key Entry ... OK
2014/08/22 18:28:39: PowerON Counter Key Entry ... OK
2014/08/22 18:28:40: Key Entry ... OK
2014/08/22 18:28:40: Complete.
2014/08/22 18:28:40: COM PORT CLOSE ... OK
2014/08/22 18:28:40: 
2014/08/22 18:28:40: ==== Processing was completed ====
2014/08/22 18:28:40: 
*************************************************


*********** Start the Initialize Key Check **********
2014/08/22 18:31:54: Tool Ver: 2013.0605.01
2014/08/22 18:31:54: COM PORT OPEN ... OK
2014/08/22 18:31:54:
2014/08/22 18:31:54: ProductS/N:  4800136
2014/08/22 18:31:54: TID: 8604371F2AE62080
2014/08/22 18:31:54: F/W Version: 00.00.08
2014/08/22 18:31:54:
2014/08/22 18:31:54: MasterKey Key Entry ... OK
2014/08/22 18:31:54: PowerON Counter Key Entry ... OK
2014/08/22 18:31:55: Key Entry ... OK
2014/08/22 18:31:55: Complete.
2014/08/22 18:31:55: COM PORT CLOSE ... OK
2014/08/22 18:31:55: 
2014/08/22 18:31:55: ==== Processing was completed ====
2014/08/22 18:31:55: 
*************************************************


*********** Start the Initialize Key Check **********
2014/08/22 18:35:18: Tool Ver: 2013.0605.01
2014/08/22 18:35:18: COM PORT OPEN ... OK
2014/08/22 18:35:18:
2014/08/22 18:35:18: ProductS/N:  4800128
2014/08/22 18:35:18: TID: 8604294132E62080
2014/08/22 18:35:18: F/W Version: 00.00.08
2014/08/22 18:35:18:
2014/08/22 18:35:18: MasterKey Key Entry ... OK
2014/08/22 18:35:18: PowerON Counter Key Entry ... OK
2014/08/22 18:35:18: Key Entry ... OK
2014/08/22 18:35:18: Complete.
2014/08/22 18:35:18: COM PORT CLOSE ... OK
2014/08/22 18:35:18: 
2014/08/22 18:35:18: ==== Processing was completed ====
2014/08/22 18:35:18: 
*************************************************


*********** Start the Initialize Key Check **********
2014/08/22 18:39:08: Tool Ver: 2013.0605.01
2014/08/22 18:39:08: COM PORT OPEN ... OK
2014/08/22 18:39:08:
2014/08/22 18:39:08: ProductS/N:  4800113
2014/08/22 18:39:08: TID: 8604113ED2E52080
2014/08/22 18:39:08: F/W Version: 00.00.08
2014/08/22 18:39:08:
2014/08/22 18:39:08: MasterKey Key Entry ... OK
2014/08/22 18:39:08: PowerON Counter Key Entry ... OK
2014/08/22 18:39:09: Key Entry ... OK
2014/08/22 18:39:09: Complete.
2014/08/22 18:39:09: COM PORT CLOSE ... OK
2014/08/22 18:39:09: 
2014/08/22 18:39:09: ==== Processing was completed ====
2014/08/22 18:39:09: 
*************************************************


*********** Start the Initialize Key Check **********
2014/08/22 18:53:07: Tool Ver: 2013.0605.01
2014/08/22 18:53:07: COM PORT OPEN ... OK
2014/08/22 18:53:07:
2014/08/22 18:53:07: ProductS/N:  4800134
2014/08/22 18:53:07: TID: 860439242AE62080
2014/08/22 18:53:07: F/W Version: 00.00.08
2014/08/22 18:53:07:
2014/08/22 18:53:07: MasterKey Key Entry ... OK
2014/08/22 18:53:07: PowerON Counter Key Entry ... OK
2014/08/22 18:53:08: Key Entry ... OK
2014/08/22 18:53:08: Complete.
2014/08/22 18:53:08: COM PORT CLOSE ... OK
2014/08/22 18:53:08: 
2014/08/22 18:53:08: ==== Processing was completed ====
2014/08/22 18:53:08: 
*************************************************


*********** Start the Initialize Key Check **********
2014/08/22 18:54:26: Tool Ver: 2013.0605.01
2014/08/22 18:54:26: COM PORT OPEN ... OK
2014/08/22 18:54:26:
2014/08/22 18:54:26: ProductS/N:  4800132
2014/08/22 18:54:26: TID: 8604061C2AE62080
2014/08/22 18:54:26: F/W Version: 00.00.08
2014/08/22 18:54:26:
2014/08/22 18:54:26: MasterKey Key Entry ... OK
2014/08/22 18:54:26: PowerON Counter Key Entry ... OK
2014/08/22 18:54:27: Key Entry ... OK
2014/08/22 18:54:27: Complete.
2014/08/22 18:54:27: COM PORT CLOSE ... OK
2014/08/22 18:54:27: 
2014/08/22 18:54:27: ==== Processing was completed ====
2014/08/22 18:54:27: 
*************************************************


*********** Start the Initialize Key Check **********
2014/08/22 18:58:23: Tool Ver: 2013.0605.01
2014/08/22 18:58:23: COM PORT OPEN ... OK
2014/08/22 18:58:23:
2014/08/22 18:58:23: ProductS/N:  4800127
2014/08/22 18:58:23: TID: 8604233F32E62080
2014/08/22 18:58:23: F/W Version: 00.00.08
2014/08/22 18:58:23:
2014/08/22 18:58:23: MasterKey Key Entry ... OK
2014/08/22 18:58:23: PowerON Counter Key Entry ... OK
2014/08/22 18:58:24: Key Entry ... OK
2014/08/22 18:58:24: Complete.
2014/08/22 18:58:24: COM PORT CLOSE ... OK
2014/08/22 18:58:24: 
2014/08/22 18:58:24: ==== Processing was completed ====
2014/08/22 18:58:24: 
*************************************************


*********** Start the Initialize Key Check **********
2014/08/22 19:00:57: Tool Ver: 2013.0605.01
2014/08/22 19:00:57: COM PORT OPEN ... OK
2014/08/22 19:00:57:
2014/08/22 19:00:57: ProductS/N:  4800119
2014/08/22 19:00:57: TID: 860402232AE62080
2014/08/22 19:00:57: F/W Version: 00.00.08
2014/08/22 19:00:57:
2014/08/22 19:00:57: MasterKey Key Entry ... OK
2014/08/22 19:00:57: PowerON Counter Key Entry ... OK
2014/08/22 19:00:58: Key Entry ... OK
2014/08/22 19:00:58: Complete.
2014/08/22 19:00:58: COM PORT CLOSE ... OK
2014/08/22 19:00:58: 
2014/08/22 19:00:58: ==== Processing was completed ====
2014/08/22 19:00:58: 
*************************************************


*********** Start the Initialize Key Check **********
2014/08/22 19:07:27: Tool Ver: 2013.0605.01
2014/08/22 19:07:27: COM PORT OPEN ... OK
2014/08/22 19:07:27:
2014/08/22 19:07:27: ProductS/N:  4800131
2014/08/22 19:07:27: TID: 86040F232AE62080
2014/08/22 19:07:27: F/W Version: 00.00.08
2014/08/22 19:07:27:
2014/08/22 19:07:27: MasterKey Key Entry ... OK
2014/08/22 19:07:27: PowerON Counter Key Entry ... OK
2014/08/22 19:07:28: Key Entry ... OK
2014/08/22 19:07:28: Complete.
2014/08/22 19:07:28: COM PORT CLOSE ... OK
2014/08/22 19:07:28: 
2014/08/22 19:07:28: ==== Processing was completed ====
2014/08/22 19:07:28: 
*************************************************


*********** Start the Initialize Key Check **********
2014/08/22 19:10:18: Tool Ver: 2013.0605.01
2014/08/22 19:10:18: COM PORT OPEN ... OK
2014/08/22 19:10:18:
2014/08/22 19:10:18: ProductS/N:  4800140
2014/08/22 19:10:18: TID: 86042D4132E62080
2014/08/22 19:10:18: F/W Version: 00.00.08
2014/08/22 19:10:18:
2014/08/22 19:10:18: MasterKey Key Entry ... OK
2014/08/22 19:10:18: PowerON Counter Key Entry ... OK
2014/08/22 19:10:19: Key Entry ... OK
2014/08/22 19:10:19: Complete.
2014/08/22 19:10:19: COM PORT CLOSE ... OK
2014/08/22 19:10:19: 
2014/08/22 19:10:19: ==== Processing was completed ====
2014/08/22 19:10:19: 
*************************************************


*********** Start the Initialize Key Check **********
2014/08/22 19:12:14: Tool Ver: 2013.0605.01
2014/08/22 19:12:14: COM PORT OPEN ... OK
2014/08/22 19:12:14:
2014/08/22 19:12:14: ProductS/N:  4800137
2014/08/22 19:12:14: TID: 860443232AE62080
2014/08/22 19:12:14: F/W Version: 00.00.08
2014/08/22 19:12:14:
2014/08/22 19:12:14: MasterKey Key Entry ... OK
2014/08/22 19:12:14: PowerON Counter Key Entry ... OK
2014/08/22 19:12:15: Key Entry ... OK
2014/08/22 19:12:15: Complete.
2014/08/22 19:12:15: COM PORT CLOSE ... OK
2014/08/22 19:12:15: 
2014/08/22 19:12:15: ==== Processing was completed ====
2014/08/22 19:12:15: 
*************************************************


