*********** Start the Initialize Key Check **********
2014/08/27 09:14:05: Tool Ver: 2013.0605.01
2014/08/27 09:14:05: COM PORT OPEN ... OK
2014/08/27 09:14:05:
2014/08/27 09:14:05: ProductS/N:  VRW06A114800430
2014/08/27 09:14:05: TID: 8604263E32E62080
2014/08/27 09:14:05: F/W Version: 00.00.08
2014/08/27 09:14:05:
2014/08/27 09:14:05: MasterKey Key Entry ... OK
2014/08/27 09:14:05: PowerON Counter Key Entry ... OK
2014/08/27 09:14:06: Key Entry ... OK
2014/08/27 09:14:06: Complete.
2014/08/27 09:14:06: COM PORT CLOSE ... OK
2014/08/27 09:14:06: 
2014/08/27 09:14:06: ==== Processing was completed ====
2014/08/27 09:14:06: 
*************************************************


*********** Start the Initialize Key Check **********
2014/08/27 10:31:34: Tool Ver: 2013.0605.01
2014/08/27 10:31:34: COM PORT OPEN ... OK
2014/08/27 10:31:34:
2014/08/27 10:31:34: ProductS/N:  VRW06A114800418
2014/08/27 10:31:34: TID: 8604160BCAE52080
2014/08/27 10:31:34: F/W Version: 00.00.08
2014/08/27 10:31:34:
2014/08/27 10:31:34: MasterKey Key Entry ... OK
2014/08/27 10:31:34: PowerON Counter Key Entry ... OK
2014/08/27 10:31:35: Key Entry ... OK
2014/08/27 10:31:35: Complete.
2014/08/27 10:31:35: COM PORT CLOSE ... OK
2014/08/27 10:31:35: 
2014/08/27 10:31:35: ==== Processing was completed ====
2014/08/27 10:31:35: 
*************************************************


*********** Start the Initialize Key Check **********
2014/08/27 10:33:01: Tool Ver: 2013.0605.01
2014/08/27 10:33:01: COM PORT OPEN ... OK
2014/08/27 10:33:01:
2014/08/27 10:33:01: ProductS/N:  VRW06A114800440
2014/08/27 10:33:01: TID: 8604383C32E62080
2014/08/27 10:33:01: F/W Version: 00.00.08
2014/08/27 10:33:01:
2014/08/27 10:33:01: MasterKey Key Entry ... OK
2014/08/27 10:33:01: PowerON Counter Key Entry ... OK
2014/08/27 10:33:02: Key Entry ... OK
2014/08/27 10:33:02: Complete.
2014/08/27 10:33:02: COM PORT CLOSE ... OK
2014/08/27 10:33:02: 
2014/08/27 10:33:02: ==== Processing was completed ====
2014/08/27 10:33:02: 
*************************************************


*********** Start the Initialize Key Check **********
2014/08/27 10:36:03: Tool Ver: 2013.0605.01
2014/08/27 10:36:03: COM PORT OPEN ... OK
2014/08/27 10:36:04:
2014/08/27 10:36:04: ProductS/N:  VRW06A114800432
2014/08/27 10:36:04: TID: 860422042AE62080
2014/08/27 10:36:04: F/W Version: 00.00.08
2014/08/27 10:36:04:
2014/08/27 10:36:04: MasterKey Key Entry ... OK
2014/08/27 10:36:04: PowerON Counter Key Entry ... OK
2014/08/27 10:36:04: Key Entry ... OK
2014/08/27 10:36:04: Complete.
2014/08/27 10:36:04: COM PORT CLOSE ... OK
2014/08/27 10:36:04: 
2014/08/27 10:36:04: ==== Processing was completed ====
2014/08/27 10:36:04: 
*************************************************


*********** Start the Initialize Key Check **********
2014/08/27 10:37:51: Tool Ver: 2013.0605.01
2014/08/27 10:37:51: COM PORT OPEN ... OK
2014/08/27 10:37:51:
2014/08/27 10:37:51: ProductS/N:  VRW06A114800415
2014/08/27 10:37:51: TID: 8604234232E62080
2014/08/27 10:37:51: F/W Version: 00.00.08
2014/08/27 10:37:51:
2014/08/27 10:37:51: MasterKey Key Entry ... OK
2014/08/27 10:37:51: PowerON Counter Key Entry ... OK
2014/08/27 10:37:52: Key Entry ... OK
2014/08/27 10:37:52: Complete.
2014/08/27 10:37:52: COM PORT CLOSE ... OK
2014/08/27 10:37:52: 
2014/08/27 10:37:52: ==== Processing was completed ====
2014/08/27 10:37:52: 
*************************************************


*********** Start the Initialize Key Check **********
2014/08/27 10:39:46: Tool Ver: 2013.0605.01
2014/08/27 10:39:46: COM PORT OPEN ... OK
2014/08/27 10:39:46:
2014/08/27 10:39:46: ProductS/N:  VRW06A114800348
2014/08/27 10:39:46: TID: 86043C23CAE52080
2014/08/27 10:39:46: F/W Version: 00.00.08
2014/08/27 10:39:46:
2014/08/27 10:39:46: MasterKey Key Entry ... OK
2014/08/27 10:39:46: PowerON Counter Key Entry ... OK
2014/08/27 10:39:47: Key Entry ... OK
2014/08/27 10:39:47: Complete.
2014/08/27 10:39:47: COM PORT CLOSE ... OK
2014/08/27 10:39:47: 
2014/08/27 10:39:47: ==== Processing was completed ====
2014/08/27 10:39:47: 
*************************************************


*********** Start the Initialize Key Check **********
2014/08/27 10:41:42: Tool Ver: 2013.0605.01
2014/08/27 10:41:42: COM PORT OPEN ... OK
2014/08/27 10:41:42:
2014/08/27 10:41:42: ProductS/N:  VRW06A114800434
2014/08/27 10:41:42: TID: 86043B1D2AE62080
2014/08/27 10:41:42: F/W Version: 00.00.08
2014/08/27 10:41:42:
2014/08/27 10:41:42: MasterKey Key Entry ... OK
2014/08/27 10:41:42: PowerON Counter Key Entry ... OK
2014/08/27 10:41:43: Key Entry ... OK
2014/08/27 10:41:43: Complete.
2014/08/27 10:41:43: COM PORT CLOSE ... OK
2014/08/27 10:41:43: 
2014/08/27 10:41:43: ==== Processing was completed ====
2014/08/27 10:41:43: 
*************************************************


*********** Start the Initialize Key Check **********
2014/08/27 10:43:47: Tool Ver: 2013.0605.01
2014/08/27 10:43:47: COM PORT OPEN ... OK
2014/08/27 10:43:47:
2014/08/27 10:43:47: ProductS/N:  VRW06A114800423
2014/08/27 10:43:47: TID: 8604143C32E62080
2014/08/27 10:43:47: F/W Version: 00.00.08
2014/08/27 10:43:47:
2014/08/27 10:43:47: MasterKey Key Entry ... OK
2014/08/27 10:43:47: PowerON Counter Key Entry ... OK
2014/08/27 10:43:48: Key Entry ... OK
2014/08/27 10:43:48: Complete.
2014/08/27 10:43:48: COM PORT CLOSE ... OK
2014/08/27 10:43:48: 
2014/08/27 10:43:48: ==== Processing was completed ====
2014/08/27 10:43:48: 
*************************************************


*********** Start the Initialize Key Check **********
2014/08/27 10:46:05: Tool Ver: 2013.0605.01
2014/08/27 10:46:05: COM PORT OPEN ... OK
2014/08/27 10:46:05:
2014/08/27 10:46:05: ProductS/N:  VRW06A114800433
2014/08/27 10:46:05: TID: 8604194032E62080
2014/08/27 10:46:05: F/W Version: 00.00.08
2014/08/27 10:46:05:
2014/08/27 10:46:05: MasterKey Key Entry ... OK
2014/08/27 10:46:05: PowerON Counter Key Entry ... OK
2014/08/27 10:46:06: Key Entry ... OK
2014/08/27 10:46:06: Complete.
2014/08/27 10:46:06: COM PORT CLOSE ... OK
2014/08/27 10:46:06: 
2014/08/27 10:46:06: ==== Processing was completed ====
2014/08/27 10:46:06: 
*************************************************


*********** Start the Initialize Key Check **********
2014/08/27 10:48:56: Tool Ver: 2013.0605.01
2014/08/27 10:48:56: COM PORT OPEN ... OK
2014/08/27 10:48:56:
2014/08/27 10:48:56: ProductS/N:  VRW06A114800428
2014/08/27 10:48:56: TID: 86043009CAE52080
2014/08/27 10:48:56: F/W Version: 00.00.08
2014/08/27 10:48:56:
2014/08/27 10:48:56: MasterKey Key Entry ... OK
2014/08/27 10:48:56: PowerON Counter Key Entry ... OK
2014/08/27 10:48:57: Key Entry ... OK
2014/08/27 10:48:57: Complete.
2014/08/27 10:48:57: COM PORT CLOSE ... OK
2014/08/27 10:48:57: 
2014/08/27 10:48:57: ==== Processing was completed ====
2014/08/27 10:48:57: 
*************************************************


*********** Start the Initialize Key Check **********
2014/08/27 10:49:49: Tool Ver: 2013.0605.01
2014/08/27 10:49:49: COM PORT OPEN ... OK
2014/08/27 10:49:50:
2014/08/27 10:49:50: ProductS/N:  VRW06A114800427
2014/08/27 10:49:50: TID: 86042B1D2AE62080
2014/08/27 10:49:50: F/W Version: 00.00.08
2014/08/27 10:49:50:
2014/08/27 10:49:50: MasterKey Key Entry ... OK
2014/08/27 10:49:50: PowerON Counter Key Entry ... OK
2014/08/27 10:49:50: Key Entry ... OK
2014/08/27 10:49:50: Complete.
2014/08/27 10:49:50: COM PORT CLOSE ... OK
2014/08/27 10:49:50: 
2014/08/27 10:49:50: ==== Processing was completed ====
2014/08/27 10:49:50: 
*************************************************


*********** Start the Initialize Key Check **********
2014/08/27 10:53:29: Tool Ver: 2013.0605.01
2014/08/27 10:53:29: COM PORT OPEN ... OK
2014/08/27 10:53:29:
2014/08/27 10:53:29: ProductS/N:  VRW06A114800406
2014/08/27 10:53:29: TID: 860418202AE62080
2014/08/27 10:53:29: F/W Version: 00.00.08
2014/08/27 10:53:29:
2014/08/27 10:53:29: MasterKey Key Entry ... OK
2014/08/27 10:53:29: PowerON Counter Key Entry ... OK
2014/08/27 10:53:30: Key Entry ... OK
2014/08/27 10:53:30: Complete.
2014/08/27 10:53:30: COM PORT CLOSE ... OK
2014/08/27 10:53:30: 
2014/08/27 10:53:30: ==== Processing was completed ====
2014/08/27 10:53:30: 
*************************************************


*********** Start the Initialize Key Check **********
2014/08/27 10:56:00: Tool Ver: 2013.0605.01
2014/08/27 10:56:00: COM PORT OPEN ... OK
2014/08/27 10:56:00:
2014/08/27 10:56:00: ProductS/N:  VRW06A114800426
2014/08/27 10:56:00: TID: 86041F3E32E62080
2014/08/27 10:56:00: F/W Version: 00.00.08
2014/08/27 10:56:00:
2014/08/27 10:56:00: MasterKey Key Entry ... OK
2014/08/27 10:56:00: PowerON Counter Key Entry ... OK
2014/08/27 10:56:01: Key Entry ... OK
2014/08/27 10:56:01: Complete.
2014/08/27 10:56:01: COM PORT CLOSE ... OK
2014/08/27 10:56:01: 
2014/08/27 10:56:01: ==== Processing was completed ====
2014/08/27 10:56:01: 
*************************************************


*********** Start the Initialize Key Check **********
2014/08/27 10:57:38: Tool Ver: 2013.0605.01
2014/08/27 10:57:38: COM PORT OPEN ... OK
2014/08/27 10:57:38:
2014/08/27 10:57:38: ProductS/N:  VRW06A114800443
2014/08/27 10:57:38: TID: 860422202AE62080
2014/08/27 10:57:38: F/W Version: 00.00.08
2014/08/27 10:57:38:
2014/08/27 10:57:38: MasterKey Key Entry ... OK
2014/08/27 10:57:38: PowerON Counter Key Entry ... OK
2014/08/27 10:57:39: Key Entry ... OK
2014/08/27 10:57:39: Complete.
2014/08/27 10:57:39: COM PORT CLOSE ... OK
2014/08/27 10:57:39: 
2014/08/27 10:57:39: ==== Processing was completed ====
2014/08/27 10:57:39: 
*************************************************


*********** Start the Initialize Key Check **********
2014/08/27 11:00:42: Tool Ver: 2013.0605.01
2014/08/27 11:00:42: COM PORT OPEN ... OK
2014/08/27 11:00:42:
2014/08/27 11:00:42: ProductS/N:  VRW06A114800442
2014/08/27 11:00:42: TID: 86041C07CAE52080
2014/08/27 11:00:42: F/W Version: 00.00.08
2014/08/27 11:00:42:
2014/08/27 11:00:42: MasterKey Key Entry ... OK
2014/08/27 11:00:42: PowerON Counter Key Entry ... OK
2014/08/27 11:00:43: Key Entry ... OK
2014/08/27 11:00:43: Complete.
2014/08/27 11:00:43: COM PORT CLOSE ... OK
2014/08/27 11:00:43: 
2014/08/27 11:00:43: ==== Processing was completed ====
2014/08/27 11:00:43: 
*************************************************


*********** Start the Initialize Key Check **********
2014/08/27 11:03:19: Tool Ver: 2013.0605.01
2014/08/27 11:03:19: COM PORT OPEN ... OK
2014/08/27 11:03:19:
2014/08/27 11:03:19: ProductS/N:  VRW06A114800431
2014/08/27 11:03:19: TID: 86043C20CAE52080
2014/08/27 11:03:19: F/W Version: 00.00.08
2014/08/27 11:03:19:
2014/08/27 11:03:19: MasterKey Key Entry ... OK
2014/08/27 11:03:19: PowerON Counter Key Entry ... OK
2014/08/27 11:03:20: Key Entry ... OK
2014/08/27 11:03:20: Complete.
2014/08/27 11:03:20: COM PORT CLOSE ... OK
2014/08/27 11:03:20: 
2014/08/27 11:03:20: ==== Processing was completed ====
2014/08/27 11:03:20: 
*************************************************


*********** Start the Initialize Key Check **********
2014/08/27 11:13:28: Tool Ver: 2013.0605.01
2014/08/27 11:13:28: COM PORT OPEN ... OK
2014/08/27 11:13:28:
2014/08/27 11:13:28: ProductS/N:  VRW06A114800448
2014/08/27 11:13:28: TID: 860420052AE62080
2014/08/27 11:13:28: F/W Version: 00.00.08
2014/08/27 11:13:28:
2014/08/27 11:13:28: MasterKey Key Entry ... OK
2014/08/27 11:13:28: PowerON Counter Key Entry ... OK
2014/08/27 11:13:29: Key Entry ... OK
2014/08/27 11:13:29: Complete.
2014/08/27 11:13:29: COM PORT CLOSE ... OK
2014/08/27 11:13:29: 
2014/08/27 11:13:29: ==== Processing was completed ====
2014/08/27 11:13:29: 
*************************************************


*********** Start the Initialize Key Check **********
2014/08/27 11:14:02: Tool Ver: 2013.0605.01
2014/08/27 11:14:02: COM PORT OPEN ... OK
2014/08/27 11:14:02:
2014/08/27 11:14:02: ProductS/N:  VRW06A114800441
2014/08/27 11:14:02: TID: 860412212AE62080
2014/08/27 11:14:02: F/W Version: 00.00.08
2014/08/27 11:14:02:
2014/08/27 11:14:02: MasterKey Key Entry ... OK
2014/08/27 11:14:02: PowerON Counter Key Entry ... OK
2014/08/27 11:14:03: Key Entry ... OK
2014/08/27 11:14:03: Complete.
2014/08/27 11:14:03: COM PORT CLOSE ... OK
2014/08/27 11:14:03: 
2014/08/27 11:14:03: ==== Processing was completed ====
2014/08/27 11:14:03: 
*************************************************


*********** Start the Initialize Key Check **********
2014/08/27 11:20:25: Tool Ver: 2013.0605.01
2014/08/27 11:20:25: COM PORT OPEN ... OK
2014/08/27 11:20:25:
2014/08/27 11:20:25: ProductS/N:  VRW06A114800444
2014/08/27 11:20:25: TID: 86041A3E32E62080
2014/08/27 11:20:25: F/W Version: 00.00.08
2014/08/27 11:20:25:
2014/08/27 11:20:25: MasterKey Key Entry ... OK
2014/08/27 11:20:25: PowerON Counter Key Entry ... OK
2014/08/27 11:20:26: Key Entry ... OK
2014/08/27 11:20:26: Complete.
2014/08/27 11:20:26: COM PORT CLOSE ... OK
2014/08/27 11:20:26: 
2014/08/27 11:20:26: ==== Processing was completed ====
2014/08/27 11:20:26: 
*************************************************


*********** Start the Initialize Key Check **********
2014/08/27 11:21:02: Tool Ver: 2013.0605.01
2014/08/27 11:21:02: COM PORT OPEN ... OK
2014/08/27 11:21:02:
2014/08/27 11:21:02: ProductS/N:  VRW06A114800453
2014/08/27 11:21:02: TID: 8604071D2AE62080
2014/08/27 11:21:02: F/W Version: 00.00.08
2014/08/27 11:21:02:
2014/08/27 11:21:02: MasterKey Key Entry ... OK
2014/08/27 11:21:02: PowerON Counter Key Entry ... OK
2014/08/27 11:21:03: Key Entry ... OK
2014/08/27 11:21:03: Complete.
2014/08/27 11:21:03: COM PORT CLOSE ... OK
2014/08/27 11:21:03: 
2014/08/27 11:21:03: ==== Processing was completed ====
2014/08/27 11:21:03: 
*************************************************


*********** Start the Initialize Key Check **********
2014/08/27 11:21:25: Tool Ver: 2013.0605.01
2014/08/27 11:21:25: COM PORT OPEN ... OK
2014/08/27 11:21:25:
2014/08/27 11:21:25: ProductS/N:  VRW06A114800447
2014/08/27 11:21:25: TID: 86042034D2E52080
2014/08/27 11:21:25: F/W Version: 00.00.08
2014/08/27 11:21:25:
2014/08/27 11:21:25: MasterKey Key Entry ... OK
2014/08/27 11:21:25: PowerON Counter Key Entry ... OK
2014/08/27 11:21:26: Key Entry ... OK
2014/08/27 11:21:26: Complete.
2014/08/27 11:21:26: COM PORT CLOSE ... OK
2014/08/27 11:21:26: 
2014/08/27 11:21:26: ==== Processing was completed ====
2014/08/27 11:21:26: 
*************************************************


*********** Start the Initialize Key Check **********
2014/08/27 11:21:46: Tool Ver: 2013.0605.01
2014/08/27 11:21:46: COM PORT OPEN ... OK
2014/08/27 11:21:46:
2014/08/27 11:21:46: ProductS/N:  VRW06A114800436
2014/08/27 11:21:46: TID: 86041A3D32E62080
2014/08/27 11:21:46: F/W Version: 00.00.08
2014/08/27 11:21:46:
2014/08/27 11:21:46: MasterKey Key Entry ... OK
2014/08/27 11:21:46: PowerON Counter Key Entry ... OK
2014/08/27 11:21:47: Key Entry ... OK
2014/08/27 11:21:47: Complete.
2014/08/27 11:21:47: COM PORT CLOSE ... OK
2014/08/27 11:21:47: 
2014/08/27 11:21:47: ==== Processing was completed ====
2014/08/27 11:21:47: 
*************************************************


*********** Start the Initialize Key Check **********
2014/08/27 11:26:57: Tool Ver: 2013.0605.01
2014/08/27 11:26:57: COM PORT OPEN ... OK
2014/08/27 11:26:57:
2014/08/27 11:26:57: ProductS/N:  VRW06A114800452
2014/08/27 11:26:57: TID: 86043F202AE62080
2014/08/27 11:26:57: F/W Version: 00.00.08
2014/08/27 11:26:57:
2014/08/27 11:26:57: MasterKey Key Entry ... OK
2014/08/27 11:26:57: PowerON Counter Key Entry ... OK
2014/08/27 11:26:58: Key Entry ... OK
2014/08/27 11:26:58: Complete.
2014/08/27 11:26:58: COM PORT CLOSE ... OK
2014/08/27 11:26:58: 
2014/08/27 11:26:58: ==== Processing was completed ====
2014/08/27 11:26:58: 
*************************************************


*********** Start the Initialize Key Check **********
2014/08/27 11:27:39: Tool Ver: 2013.0605.01
2014/08/27 11:27:39: COM PORT OPEN ... OK
2014/08/27 11:27:39:
2014/08/27 11:27:39: ProductS/N:  VRW06A114800424
2014/08/27 11:27:39: TID: 8604243C32E62080
2014/08/27 11:27:39: F/W Version: 00.00.08
2014/08/27 11:27:39:
2014/08/27 11:27:39: MasterKey Key Entry ... OK
2014/08/27 11:27:39: PowerON Counter Key Entry ... OK
2014/08/27 11:27:40: Key Entry ... OK
2014/08/27 11:27:40: Complete.
2014/08/27 11:27:40: COM PORT CLOSE ... OK
2014/08/27 11:27:40: 
2014/08/27 11:27:40: ==== Processing was completed ====
2014/08/27 11:27:40: 
*************************************************


*********** Start the Initialize Key Check **********
2014/08/27 11:37:16: Tool Ver: 2013.0605.01
2014/08/27 11:37:16: COM PORT OPEN ... OK
2014/08/27 11:37:16:
2014/08/27 11:37:16: ProductS/N:  VRW06A114800450
2014/08/27 11:37:16: TID: 860417232AE62080
2014/08/27 11:37:16: F/W Version: 00.00.08
2014/08/27 11:37:16:
2014/08/27 11:37:16: MasterKey Key Entry ... OK
2014/08/27 11:37:16: PowerON Counter Key Entry ... OK
2014/08/27 11:37:17: Key Entry ... OK
2014/08/27 11:37:17: Complete.
2014/08/27 11:37:17: COM PORT CLOSE ... OK
2014/08/27 11:37:17: 
2014/08/27 11:37:17: ==== Processing was completed ====
2014/08/27 11:37:17: 
*************************************************


*********** Start the Initialize Key Check **********
2014/08/27 11:38:01: Tool Ver: 2013.0605.01
2014/08/27 11:38:01: COM PORT OPEN ... OK
2014/08/27 11:38:01:
2014/08/27 11:38:01: ProductS/N:  VRW06A114800446
2014/08/27 11:38:01: TID: 860411072AE62080
2014/08/27 11:38:01: F/W Version: 00.00.08
2014/08/27 11:38:01:
2014/08/27 11:38:01: MasterKey Key Entry ... OK
2014/08/27 11:38:01: PowerON Counter Key Entry ... OK
2014/08/27 11:38:02: Key Entry ... OK
2014/08/27 11:38:02: Complete.
2014/08/27 11:38:02: COM PORT CLOSE ... OK
2014/08/27 11:38:02: 
2014/08/27 11:38:02: ==== Processing was completed ====
2014/08/27 11:38:02: 
*************************************************


*********** Start the Initialize Key Check **********
2014/08/27 11:38:42: Tool Ver: 2013.0605.01
2014/08/27 11:38:42: COM PORT OPEN ... OK
2014/08/27 11:38:42:
2014/08/27 11:38:42: ProductS/N:  VRW06A114800445
2014/08/27 11:38:42: TID: 8604294332E62080
2014/08/27 11:38:42: F/W Version: 00.00.08
2014/08/27 11:38:42:
2014/08/27 11:38:42: MasterKey Key Entry ... OK
2014/08/27 11:38:42: PowerON Counter Key Entry ... OK
2014/08/27 11:38:43: Key Entry ... OK
2014/08/27 11:38:43: Complete.
2014/08/27 11:38:43: COM PORT CLOSE ... OK
2014/08/27 11:38:43: 
2014/08/27 11:38:43: ==== Processing was completed ====
2014/08/27 11:38:43: 
*************************************************


*********** Start the Initialize Key Check **********
2014/08/27 11:42:03: Tool Ver: 2013.0605.01
2014/08/27 11:42:03: COM PORT OPEN ... OK
2014/08/27 11:42:03:
2014/08/27 11:42:03: ProductS/N:  VRW06A114800435
2014/08/27 11:42:03: TID: 86042F3F32E62080
2014/08/27 11:42:03: F/W Version: 00.00.08
2014/08/27 11:42:03:
2014/08/27 11:42:03: MasterKey Key Entry ... OK
2014/08/27 11:42:03: PowerON Counter Key Entry ... OK
2014/08/27 11:42:03: Key Entry ... OK
2014/08/27 11:42:03: Complete.
2014/08/27 11:42:03: COM PORT CLOSE ... OK
2014/08/27 11:42:03: 
2014/08/27 11:42:03: ==== Processing was completed ====
2014/08/27 11:42:03: 
*************************************************


*********** Start the Initialize Key Check **********
2014/08/27 11:44:34: Tool Ver: 2013.0605.01
2014/08/27 11:44:34: COM PORT OPEN ... OK
2014/08/27 11:44:34:
2014/08/27 11:44:34: ProductS/N:  VRW06A114800430
2014/08/27 11:44:34: TID: 8604263E32E62080
2014/08/27 11:44:34: F/W Version: 00.00.08
2014/08/27 11:44:34:
2014/08/27 11:44:34: MasterKey Key Entry ... OK
2014/08/27 11:44:34: PowerON Counter Key Entry ... OK
2014/08/27 11:44:34: Key Entry ... OK
2014/08/27 11:44:34: Complete.
2014/08/27 11:44:34: COM PORT CLOSE ... OK
2014/08/27 11:44:34: 
2014/08/27 11:44:34: ==== Processing was completed ====
2014/08/27 11:44:34: 
*************************************************


*********** Start the Initialize Key Check **********
2014/08/27 12:57:29: Tool Ver: 2013.0605.01
2014/08/27 12:57:29: COM PORT OPEN ... OK
2014/08/27 12:57:29:
2014/08/27 12:57:29: ProductS/N:  VRW06A114800455
2014/08/27 12:57:29: TID: 86041A43D2E52080
2014/08/27 12:57:29: F/W Version: 00.00.08
2014/08/27 12:57:29:
2014/08/27 12:57:29: MasterKey Key Entry ... OK
2014/08/27 12:57:29: PowerON Counter Key Entry ... OK
2014/08/27 12:57:30: Key Entry ... OK
2014/08/27 12:57:30: Complete.
2014/08/27 12:57:30: COM PORT CLOSE ... OK
2014/08/27 12:57:30: 
2014/08/27 12:57:30: ==== Processing was completed ====
2014/08/27 12:57:30: 
*************************************************


*********** Start the Initialize Key Check **********
2014/08/27 13:27:25: Tool Ver: 2013.0605.01
2014/08/27 13:27:25: COM PORT OPEN ... OK
2014/08/27 13:27:25:
2014/08/27 13:27:25: ProductS/N:  VRW06A114800458
2014/08/27 13:27:25: TID: 8604243F32E62080
2014/08/27 13:27:25: F/W Version: 00.00.08
2014/08/27 13:27:25:
2014/08/27 13:27:25: MasterKey Key Entry ... OK
2014/08/27 13:27:25: PowerON Counter Key Entry ... OK
2014/08/27 13:27:26: Key Entry ... OK
2014/08/27 13:27:26: Complete.
2014/08/27 13:27:26: COM PORT CLOSE ... OK
2014/08/27 13:27:26: 
2014/08/27 13:27:26: ==== Processing was completed ====
2014/08/27 13:27:26: 
*************************************************


*********** Start the Initialize Key Check **********
2014/08/27 13:28:18: Tool Ver: 2013.0605.01
2014/08/27 13:28:18: COM PORT OPEN ... OK
2014/08/27 13:28:18:
2014/08/27 13:28:18: ProductS/N:  VRW06A114800461
2014/08/27 13:28:18: TID: 86041A3F32E62080
2014/08/27 13:28:18: F/W Version: 00.00.08
2014/08/27 13:28:18:
2014/08/27 13:28:18: MasterKey Key Entry ... OK
2014/08/27 13:28:18: PowerON Counter Key Entry ... OK
2014/08/27 13:28:19: Key Entry ... OK
2014/08/27 13:28:19: Complete.
2014/08/27 13:28:19: COM PORT CLOSE ... OK
2014/08/27 13:28:19: 
2014/08/27 13:28:19: ==== Processing was completed ====
2014/08/27 13:28:19: 
*************************************************


*********** Start the Initialize Key Check **********
2014/08/27 13:37:50: Tool Ver: 2013.0605.01
2014/08/27 13:37:50: COM PORT OPEN ... OK
2014/08/27 13:37:50:
2014/08/27 13:37:50: ProductS/N:  VRW06A114800438
2014/08/27 13:37:50: TID: 86043E1E2AE62080
2014/08/27 13:37:50: F/W Version: 00.00.08
2014/08/27 13:37:50:
2014/08/27 13:37:51: MasterKey Key Entry ... OK
2014/08/27 13:37:51: PowerON Counter Key Entry ... OK
2014/08/27 13:37:51: Key Entry ... OK
2014/08/27 13:37:51: Complete.
2014/08/27 13:37:51: COM PORT CLOSE ... OK
2014/08/27 13:37:51: 
2014/08/27 13:37:51: ==== Processing was completed ====
2014/08/27 13:37:51: 
*************************************************


*********** Start the Initialize Key Check **********
2014/08/27 13:40:41: Tool Ver: 2013.0605.01
2014/08/27 13:40:41: COM PORT OPEN ... OK
2014/08/27 13:40:41:
2014/08/27 13:40:41: ProductS/N:  VRW06A114800456
2014/08/27 13:40:41: TID: 86041C3C32E62080
2014/08/27 13:40:41: F/W Version: 00.00.08
2014/08/27 13:40:41:
2014/08/27 13:40:41: MasterKey Key Entry ... OK
2014/08/27 13:40:41: PowerON Counter Key Entry ... OK
2014/08/27 13:40:42: Key Entry ... OK
2014/08/27 13:40:42: Complete.
2014/08/27 13:40:42: COM PORT CLOSE ... OK
2014/08/27 13:40:42: 
2014/08/27 13:40:42: ==== Processing was completed ====
2014/08/27 13:40:42: 
*************************************************


*********** Start the Initialize Key Check **********
2014/08/27 13:41:58: Tool Ver: 2013.0605.01
2014/08/27 13:41:58: COM PORT OPEN ... OK
2014/08/27 13:41:59:
2014/08/27 13:41:59: ProductS/N:  VRW06A114800471
2014/08/27 13:41:59: TID: 86040E3C32E62080
2014/08/27 13:41:59: F/W Version: 00.00.08
2014/08/27 13:41:59:
2014/08/27 13:41:59: MasterKey Key Entry ... OK
2014/08/27 13:41:59: PowerON Counter Key Entry ... OK
2014/08/27 13:41:59: Key Entry ... OK
2014/08/27 13:41:59: Complete.
2014/08/27 13:41:59: COM PORT CLOSE ... OK
2014/08/27 13:41:59: 
2014/08/27 13:41:59: ==== Processing was completed ====
2014/08/27 13:41:59: 
*************************************************


*********** Start the Initialize Key Check **********
2014/08/27 13:44:17: Tool Ver: 2013.0605.01
2014/08/27 13:44:17: COM PORT OPEN ... OK
2014/08/27 13:44:17:
2014/08/27 13:44:17: ProductS/N:  VRW06A114800462
2014/08/27 13:44:17: TID: 8604253C32E62080
2014/08/27 13:44:17: F/W Version: 00.00.08
2014/08/27 13:44:17:
2014/08/27 13:44:17: MasterKey Key Entry ... OK
2014/08/27 13:44:17: PowerON Counter Key Entry ... OK
2014/08/27 13:44:18: Key Entry ... OK
2014/08/27 13:44:18: Complete.
2014/08/27 13:44:18: COM PORT CLOSE ... OK
2014/08/27 13:44:18: 
2014/08/27 13:44:18: ==== Processing was completed ====
2014/08/27 13:44:18: 
*************************************************


*********** Start the Initialize Key Check **********
2014/08/27 13:47:03: Tool Ver: 2013.0605.01
2014/08/27 13:47:03: COM PORT OPEN ... OK
2014/08/27 13:47:03:
2014/08/27 13:47:03: ProductS/N:  VRW06A114800460
2014/08/27 13:47:03: TID: 86042B082AE62080
2014/08/27 13:47:03: F/W Version: 00.00.08
2014/08/27 13:47:03:
2014/08/27 13:47:03: MasterKey Key Entry ... OK
2014/08/27 13:47:03: PowerON Counter Key Entry ... OK
2014/08/27 13:47:04: Key Entry ... OK
2014/08/27 13:47:04: Complete.
2014/08/27 13:47:04: COM PORT CLOSE ... OK
2014/08/27 13:47:04: 
2014/08/27 13:47:04: ==== Processing was completed ====
2014/08/27 13:47:04: 
*************************************************


*********** Start the Initialize Key Check **********
2014/08/27 13:58:47: Tool Ver: 2013.0605.01
2014/08/27 13:58:47: COM PORT OPEN ... OK
2014/08/27 13:58:47:
2014/08/27 13:58:47: ProductS/N:  VRW06A114800454
2014/08/27 13:58:47: TID: 860424082AE62080
2014/08/27 13:58:47: F/W Version: 00.00.08
2014/08/27 13:58:47:
2014/08/27 13:58:47: MasterKey Key Entry ... OK
2014/08/27 13:58:47: PowerON Counter Key Entry ... OK
2014/08/27 13:58:47: Key Entry ... OK
2014/08/27 13:58:47: Complete.
2014/08/27 13:58:47: COM PORT CLOSE ... OK
2014/08/27 13:58:47: 
2014/08/27 13:58:47: ==== Processing was completed ====
2014/08/27 13:58:47: 
*************************************************


*********** Start the Initialize Key Check **********
2014/08/27 13:59:33: Tool Ver: 2013.0605.01
2014/08/27 13:59:33: COM PORT OPEN ... OK
2014/08/27 13:59:33:
2014/08/27 13:59:33: ProductS/N:  VRW06A114800474
2014/08/27 13:59:33: TID: 86042B42D2E52080
2014/08/27 13:59:33: F/W Version: 00.00.08
2014/08/27 13:59:33:
2014/08/27 13:59:33: MasterKey Key Entry ... OK
2014/08/27 13:59:33: PowerON Counter Key Entry ... OK
2014/08/27 13:59:33: Key Entry ... OK
2014/08/27 13:59:33: Complete.
2014/08/27 13:59:33: COM PORT CLOSE ... OK
2014/08/27 13:59:33: 
2014/08/27 13:59:33: ==== Processing was completed ====
2014/08/27 13:59:33: 
*************************************************


*********** Start the Initialize Key Check **********
2014/08/27 14:00:13: Tool Ver: 2013.0605.01
2014/08/27 14:00:13: COM PORT OPEN ... OK
2014/08/27 14:00:13:
2014/08/27 14:00:13: ProductS/N:  VRW06A114800395
2014/08/27 14:00:13: TID: 86042308CAE52080
2014/08/27 14:00:13: F/W Version: 00.00.08
2014/08/27 14:00:13:
2014/08/27 14:00:13: MasterKey Key Entry ... OK
2014/08/27 14:00:13: PowerON Counter Key Entry ... OK
2014/08/27 14:00:14: Key Entry ... OK
2014/08/27 14:00:14: Complete.
2014/08/27 14:00:14: COM PORT CLOSE ... OK
2014/08/27 14:00:14: 
2014/08/27 14:00:14: ==== Processing was completed ====
2014/08/27 14:00:14: 
*************************************************


*********** Start the Initialize Key Check **********
2014/08/27 14:00:51: Tool Ver: 2013.0605.01
2014/08/27 14:00:51: COM PORT OPEN ... OK
2014/08/27 14:00:51:
2014/08/27 14:00:51: ProductS/N:  VRW06A114800459
2014/08/27 14:00:51: TID: 8604254032E62080
2014/08/27 14:00:51: F/W Version: 00.00.08
2014/08/27 14:00:51:
2014/08/27 14:00:51: MasterKey Key Entry ... OK
2014/08/27 14:00:51: PowerON Counter Key Entry ... OK
2014/08/27 14:00:52: Key Entry ... OK
2014/08/27 14:00:52: Complete.
2014/08/27 14:00:52: COM PORT CLOSE ... OK
2014/08/27 14:00:52: 
2014/08/27 14:00:52: ==== Processing was completed ====
2014/08/27 14:00:52: 
*************************************************


*********** Start the Initialize Key Check **********
2014/08/27 14:10:58: Tool Ver: 2013.0605.01
2014/08/27 14:10:58: COM PORT OPEN ... OK
2014/08/27 14:10:58:
2014/08/27 14:10:58: ProductS/N:  VRW06A114800475
2014/08/27 14:10:58: TID: 8604373E32E62080
2014/08/27 14:10:58: F/W Version: 00.00.08
2014/08/27 14:10:58:
2014/08/27 14:10:58: MasterKey Key Entry ... OK
2014/08/27 14:10:58: PowerON Counter Key Entry ... OK
2014/08/27 14:10:58: Key Entry ... OK
2014/08/27 14:10:58: Complete.
2014/08/27 14:10:58: COM PORT CLOSE ... OK
2014/08/27 14:10:59: 
2014/08/27 14:10:59: ==== Processing was completed ====
2014/08/27 14:10:59: 
*************************************************


*********** Start the Initialize Key Check **********
2014/08/27 14:11:36: Tool Ver: 2013.0605.01
2014/08/27 14:11:36: COM PORT OPEN ... OK
2014/08/27 14:11:36:
2014/08/27 14:11:36: ProductS/N:  VRW06A114800459
2014/08/27 14:11:36: TID: 8604254032E62080
2014/08/27 14:11:36: F/W Version: 00.00.08
2014/08/27 14:11:36:
2014/08/27 14:11:37: MasterKey Key Entry ... OK
2014/08/27 14:11:37: PowerON Counter Key Entry ... OK
2014/08/27 14:11:37: Key Entry ... OK
2014/08/27 14:11:37: Complete.
2014/08/27 14:11:37: COM PORT CLOSE ... OK
2014/08/27 14:11:37: 
2014/08/27 14:11:37: ==== Processing was completed ====
2014/08/27 14:11:37: 
*************************************************


*********** Start the Initialize Key Check **********
2014/08/27 14:12:36: Tool Ver: 2013.0605.01
2014/08/27 14:12:36: COM PORT OPEN ... OK
2014/08/27 14:12:36:
2014/08/27 14:12:36: ProductS/N:  VRW06A114800472
2014/08/27 14:12:36: TID: 860411082AE62080
2014/08/27 14:12:36: F/W Version: 00.00.08
2014/08/27 14:12:36:
2014/08/27 14:12:36: MasterKey Key Entry ... OK
2014/08/27 14:12:36: PowerON Counter Key Entry ... OK
2014/08/27 14:12:37: Key Entry ... OK
2014/08/27 14:12:37: Complete.
2014/08/27 14:12:37: COM PORT CLOSE ... OK
2014/08/27 14:12:37: 
2014/08/27 14:12:37: ==== Processing was completed ====
2014/08/27 14:12:37: 
*************************************************


*********** Start the Initialize Key Check **********
2014/08/27 14:15:50: Tool Ver: 2013.0605.01
2014/08/27 14:15:50: COM PORT OPEN ... OK
2014/08/27 14:15:50:
2014/08/27 14:15:50: ProductS/N:  VRW06A114800402
2014/08/27 14:15:50: TID: 86042F1E2AE62080
2014/08/27 14:15:50: F/W Version: 00.00.08
2014/08/27 14:15:50:
2014/08/27 14:15:50: MasterKey Key Entry ... OK
2014/08/27 14:15:50: PowerON Counter Key Entry ... OK
2014/08/27 14:15:51: Key Entry ... OK
2014/08/27 14:15:51: Complete.
2014/08/27 14:15:51: COM PORT CLOSE ... OK
2014/08/27 14:15:51: 
2014/08/27 14:15:51: ==== Processing was completed ====
2014/08/27 14:15:51: 
*************************************************


*********** Start the Initialize Key Check **********
2014/08/27 14:30:38: Tool Ver: 2013.0605.01
2014/08/27 14:30:38: COM PORT OPEN ... OK
2014/08/27 14:30:38:
2014/08/27 14:30:38: ProductS/N:  VRW06A114800477
2014/08/27 14:30:38: TID: 86041C072AE62080
2014/08/27 14:30:38: F/W Version: 00.00.08
2014/08/27 14:30:38:
2014/08/27 14:30:39: MasterKey Key Entry ... OK
2014/08/27 14:30:39: PowerON Counter Key Entry ... OK
2014/08/27 14:30:39: Key Entry ... OK
2014/08/27 14:30:39: Complete.
2014/08/27 14:30:39: COM PORT CLOSE ... OK
2014/08/27 14:30:39: 
2014/08/27 14:30:39: ==== Processing was completed ====
2014/08/27 14:30:39: 
*************************************************


*********** Start the Initialize Key Check **********
2014/08/27 14:34:42: Tool Ver: 2013.0605.01
2014/08/27 14:34:42: COM PORT OPEN ... OK
2014/08/27 14:34:42:
2014/08/27 14:34:42: ProductS/N:  VRW06A114800468
2014/08/27 14:34:42: TID: 860412082AE62080
2014/08/27 14:34:42: F/W Version: 00.00.08
2014/08/27 14:34:42:
2014/08/27 14:34:42: MasterKey Key Entry ... OK
2014/08/27 14:34:42: PowerON Counter Key Entry ... OK
2014/08/27 14:34:43: Key Entry ... OK
2014/08/27 14:34:43: Complete.
2014/08/27 14:34:43: COM PORT CLOSE ... OK
2014/08/27 14:34:43: 
2014/08/27 14:34:43: ==== Processing was completed ====
2014/08/27 14:34:43: 
*************************************************


*********** Start the Initialize Key Check **********
2014/08/27 14:38:37: Tool Ver: 2013.0605.01
2014/08/27 14:38:37: COM PORT OPEN ... OK
2014/08/27 14:38:37:
2014/08/27 14:38:37: ProductS/N:  VRW06A114800439
2014/08/27 14:38:37: TID: 86042C3AD2E52080
2014/08/27 14:38:37: F/W Version: 00.00.08
2014/08/27 14:38:37:
2014/08/27 14:38:37: MasterKey Key Entry ... OK
2014/08/27 14:38:37: PowerON Counter Key Entry ... OK
2014/08/27 14:38:38: Key Entry ... OK
2014/08/27 14:38:38: Complete.
2014/08/27 14:38:38: COM PORT CLOSE ... OK
2014/08/27 14:38:38: 
2014/08/27 14:38:38: ==== Processing was completed ====
2014/08/27 14:38:38: 
*************************************************


*********** Start the Initialize Key Check **********
2014/08/27 14:39:20: Tool Ver: 2013.0605.01
2014/08/27 14:39:20: COM PORT OPEN ... OK
2014/08/27 14:39:20:
2014/08/27 14:39:20: ProductS/N:  VRW06A114800479
2014/08/27 14:39:20: TID: 86041C052AE62080
2014/08/27 14:39:20: F/W Version: 00.00.08
2014/08/27 14:39:20:
2014/08/27 14:39:20: MasterKey Key Entry ... OK
2014/08/27 14:39:20: PowerON Counter Key Entry ... OK
2014/08/27 14:39:20: Key Entry ... OK
2014/08/27 14:39:20: Complete.
2014/08/27 14:39:20: COM PORT CLOSE ... OK
2014/08/27 14:39:20: 
2014/08/27 14:39:20: ==== Processing was completed ====
2014/08/27 14:39:20: 
*************************************************


*********** Start the Initialize Key Check **********
2014/08/27 14:40:04: Tool Ver: 2013.0605.01
2014/08/27 14:40:04: COM PORT OPEN ... OK
2014/08/27 14:40:04:
2014/08/27 14:40:04: ProductS/N:  VRW06A114800464
2014/08/27 14:40:04: TID: 86040F3C32E62080
2014/08/27 14:40:04: F/W Version: 00.00.08
2014/08/27 14:40:04:
2014/08/27 14:40:04: MasterKey Key Entry ... OK
2014/08/27 14:40:04: PowerON Counter Key Entry ... OK
2014/08/27 14:40:05: Key Entry ... OK
2014/08/27 14:40:05: Complete.
2014/08/27 14:40:05: COM PORT CLOSE ... OK
2014/08/27 14:40:05: 
2014/08/27 14:40:05: ==== Processing was completed ====
2014/08/27 14:40:05: 
*************************************************


*********** Start the Initialize Key Check **********
2014/08/27 14:41:48: Tool Ver: 2013.0605.01
2014/08/27 14:41:48: COM PORT OPEN ... OK
2014/08/27 14:41:48:
2014/08/27 14:41:48: ProductS/N:  VRW06A114800488
2014/08/27 14:41:48: TID: 8604333C32E62080
2014/08/27 14:41:48: F/W Version: 00.00.08
2014/08/27 14:41:48:
2014/08/27 14:41:48: MasterKey Key Entry ... OK
2014/08/27 14:41:48: PowerON Counter Key Entry ... OK
2014/08/27 14:41:49: Key Entry ... OK
2014/08/27 14:41:49: Complete.
2014/08/27 14:41:49: COM PORT CLOSE ... OK
2014/08/27 14:41:49: 
2014/08/27 14:41:49: ==== Processing was completed ====
2014/08/27 14:41:49: 
*************************************************


*********** Start the Initialize Key Check **********
2014/08/27 15:29:22: Tool Ver: 2013.0605.01
2014/08/27 15:29:22: COM PORT OPEN ... OK
2014/08/27 15:29:22:
2014/08/27 15:29:22: ProductS/N:  VRW06A114800465
2014/08/27 15:29:22: TID: 86042A4432E62080
2014/08/27 15:29:22: F/W Version: 00.00.08
2014/08/27 15:29:22:
2014/08/27 15:29:22: MasterKey Key Entry ... OK
2014/08/27 15:29:22: PowerON Counter Key Entry ... OK
2014/08/27 15:29:23: Key Entry ... OK
2014/08/27 15:29:23: Complete.
2014/08/27 15:29:23: COM PORT CLOSE ... OK
2014/08/27 15:29:23: 
2014/08/27 15:29:23: ==== Processing was completed ====
2014/08/27 15:29:23: 
*************************************************


*********** Start the Initialize Key Check **********
2014/08/27 15:29:49: Tool Ver: 2013.0605.01
2014/08/27 15:29:49: COM PORT OPEN ... OK
2014/08/27 15:29:49:
2014/08/27 15:29:49: ProductS/N:  VRW06A114800422
2014/08/27 15:29:49: TID: 86041609CAE52080
2014/08/27 15:29:49: F/W Version: 00.00.08
2014/08/27 15:29:49:
2014/08/27 15:29:49: MasterKey Key Entry ... OK
2014/08/27 15:29:49: PowerON Counter Key Entry ... OK
2014/08/27 15:29:50: Key Entry ... OK
2014/08/27 15:29:50: Complete.
2014/08/27 15:29:50: COM PORT CLOSE ... OK
2014/08/27 15:29:50: 
2014/08/27 15:29:50: ==== Processing was completed ====
2014/08/27 15:29:50: 
*************************************************


*********** Start the Initialize Key Check **********
2014/08/27 15:30:25: Tool Ver: 2013.0605.01
2014/08/27 15:30:25: COM PORT OPEN ... OK
2014/08/27 15:30:25:
2014/08/27 15:30:25: ProductS/N:  VRW06A114800467
2014/08/27 15:30:25: TID: 86042D072AE62080
2014/08/27 15:30:25: F/W Version: 00.00.08
2014/08/27 15:30:25:
2014/08/27 15:30:25: MasterKey Key Entry ... OK
2014/08/27 15:30:25: PowerON Counter Key Entry ... OK
2014/08/27 15:30:25: Key Entry ... OK
2014/08/27 15:30:25: Complete.
2014/08/27 15:30:25: COM PORT CLOSE ... OK
2014/08/27 15:30:25: 
2014/08/27 15:30:25: ==== Processing was completed ====
2014/08/27 15:30:25: 
*************************************************


*********** Start the Initialize Key Check **********
2014/08/27 15:30:48: Tool Ver: 2013.0605.01
2014/08/27 15:30:48: COM PORT OPEN ... OK
2014/08/27 15:30:48:
2014/08/27 15:30:48: ProductS/N:  VRW06A114800493
2014/08/27 15:30:48: TID: 8604313D32E62080
2014/08/27 15:30:48: F/W Version: 00.00.08
2014/08/27 15:30:48:
2014/08/27 15:30:48: MasterKey Key Entry ... OK
2014/08/27 15:30:48: PowerON Counter Key Entry ... OK
2014/08/27 15:30:49: Key Entry ... OK
2014/08/27 15:30:49: Complete.
2014/08/27 15:30:49: COM PORT CLOSE ... OK
2014/08/27 15:30:49: 
2014/08/27 15:30:49: ==== Processing was completed ====
2014/08/27 15:30:49: 
*************************************************


*********** Start the Initialize Key Check **********
2014/08/27 15:31:07: Tool Ver: 2013.0605.01
2014/08/27 15:31:07: COM PORT OPEN ... OK
2014/08/27 15:31:07:
2014/08/27 15:31:07: ProductS/N:  VRW06A114800425
2014/08/27 15:31:07: TID: 8604204432E62080
2014/08/27 15:31:07: F/W Version: 00.00.08
2014/08/27 15:31:07:
2014/08/27 15:31:07: MasterKey Key Entry ... OK
2014/08/27 15:31:07: PowerON Counter Key Entry ... OK
2014/08/27 15:31:08: Key Entry ... OK
2014/08/27 15:31:08: Complete.
2014/08/27 15:31:08: COM PORT CLOSE ... OK
2014/08/27 15:31:08: 
2014/08/27 15:31:08: ==== Processing was completed ====
2014/08/27 15:31:08: 
*************************************************


*********** Start the Initialize Key Check **********
2014/08/27 15:31:35: Tool Ver: 2013.0605.01
2014/08/27 15:31:35: COM PORT OPEN ... OK
2014/08/27 15:31:35:
2014/08/27 15:31:35: ProductS/N:  VRW06A114800466
2014/08/27 15:31:35: TID: 8604144232E62080
2014/08/27 15:31:35: F/W Version: 00.00.08
2014/08/27 15:31:35:
2014/08/27 15:31:35: MasterKey Key Entry ... OK
2014/08/27 15:31:35: PowerON Counter Key Entry ... OK
2014/08/27 15:31:35: Key Entry ... OK
2014/08/27 15:31:35: Complete.
2014/08/27 15:31:35: COM PORT CLOSE ... OK
2014/08/27 15:31:35: 
2014/08/27 15:31:35: ==== Processing was completed ====
2014/08/27 15:31:35: 
*************************************************


*********** Start the Initialize Key Check **********
2014/08/27 15:32:49: Tool Ver: 2013.0605.01
2014/08/27 15:32:49: COM PORT OPEN ... OK
2014/08/27 15:32:49:
2014/08/27 15:32:49: ProductS/N:  VRW06A114800484
2014/08/27 15:32:49: TID: 860425082AE62080
2014/08/27 15:32:49: F/W Version: 00.00.08
2014/08/27 15:32:49:
2014/08/27 15:32:49: MasterKey Key Entry ... OK
2014/08/27 15:32:49: PowerON Counter Key Entry ... OK
2014/08/27 15:32:49: Key Entry ... OK
2014/08/27 15:32:49: Complete.
2014/08/27 15:32:49: COM PORT CLOSE ... OK
2014/08/27 15:32:49: 
2014/08/27 15:32:49: ==== Processing was completed ====
2014/08/27 15:32:49: 
*************************************************


*********** Start the Initialize Key Check **********
2014/08/27 15:34:29: Tool Ver: 2013.0605.01
2014/08/27 15:34:29: COM PORT OPEN ... OK
2014/08/27 15:34:29:
2014/08/27 15:34:29: ProductS/N:  VRW06A114800437
2014/08/27 15:34:29: TID: 8604313B32E62080
2014/08/27 15:34:29: F/W Version: 00.00.08
2014/08/27 15:34:29:
2014/08/27 15:34:29: MasterKey Key Entry ... OK
2014/08/27 15:34:29: PowerON Counter Key Entry ... OK
2014/08/27 15:34:30: Key Entry ... OK
2014/08/27 15:34:30: Complete.
2014/08/27 15:34:30: COM PORT CLOSE ... OK
2014/08/27 15:34:30: 
2014/08/27 15:34:30: ==== Processing was completed ====
2014/08/27 15:34:30: 
*************************************************


*********** Start the Initialize Key Check **********
2014/08/27 15:36:14: Tool Ver: 2013.0605.01
2014/08/27 15:36:14: COM PORT OPEN ... OK
2014/08/27 15:36:15:
2014/08/27 15:36:15: ProductS/N:  VRW06A114800486
2014/08/27 15:36:15: TID: 8604273C32E62080
2014/08/27 15:36:15: F/W Version: 00.00.08
2014/08/27 15:36:15:
2014/08/27 15:36:15: MasterKey Key Entry ... OK
2014/08/27 15:36:15: PowerON Counter Key Entry ... OK
2014/08/27 15:36:15: Key Entry ... OK
2014/08/27 15:36:15: Complete.
2014/08/27 15:36:15: COM PORT CLOSE ... OK
2014/08/27 15:36:15: 
2014/08/27 15:36:15: ==== Processing was completed ====
2014/08/27 15:36:15: 
*************************************************


*********** Start the Initialize Key Check **********
2014/08/27 15:37:55: Tool Ver: 2013.0605.01
2014/08/27 15:37:55: COM PORT OPEN ... OK
2014/08/27 15:37:55:
2014/08/27 15:37:55: ProductS/N:  VRW06A114800492
2014/08/27 15:37:55: TID: 8604234332E62080
2014/08/27 15:37:55: F/W Version: 00.00.08
2014/08/27 15:37:55:
2014/08/27 15:37:55: MasterKey Key Entry ... OK
2014/08/27 15:37:55: PowerON Counter Key Entry ... OK
2014/08/27 15:37:56: Key Entry ... OK
2014/08/27 15:37:56: Complete.
2014/08/27 15:37:56: COM PORT CLOSE ... OK
2014/08/27 15:37:56: 
2014/08/27 15:37:56: ==== Processing was completed ====
2014/08/27 15:37:56: 
*************************************************


*********** Start the Initialize Key Check **********
2014/08/27 15:40:45: Tool Ver: 2013.0605.01
2014/08/27 15:40:45: COM PORT OPEN ... OK
2014/08/27 15:40:45:
2014/08/27 15:40:45: ProductS/N:  VRW06A114800481
2014/08/27 15:40:45: TID: 8604314032E62080
2014/08/27 15:40:45: F/W Version: 00.00.08
2014/08/27 15:40:45:
2014/08/27 15:40:45: MasterKey Key Entry ... OK
2014/08/27 15:40:45: PowerON Counter Key Entry ... OK
2014/08/27 15:40:46: Key Entry ... OK
2014/08/27 15:40:46: Complete.
2014/08/27 15:40:46: COM PORT CLOSE ... OK
2014/08/27 15:40:46: 
2014/08/27 15:40:46: ==== Processing was completed ====
2014/08/27 15:40:46: 
*************************************************


*********** Start the Initialize Key Check **********
2014/08/27 15:42:50: Tool Ver: 2013.0605.01
2014/08/27 15:42:50: COM PORT OPEN ... OK
2014/08/27 15:42:50:
2014/08/27 15:42:50: ProductS/N:  VRW06A114800485
2014/08/27 15:42:50: TID: 8604280BCAE52080
2014/08/27 15:42:50: F/W Version: 00.00.08
2014/08/27 15:42:50:
2014/08/27 15:42:50: MasterKey Key Entry ... OK
2014/08/27 15:42:50: PowerON Counter Key Entry ... OK
2014/08/27 15:42:51: Key Entry ... OK
2014/08/27 15:42:51: Complete.
2014/08/27 15:42:51: COM PORT CLOSE ... OK
2014/08/27 15:42:51: 
2014/08/27 15:42:51: ==== Processing was completed ====
2014/08/27 15:42:51: 
*************************************************


*********** Start the Initialize Key Check **********
2014/08/27 15:45:12: Tool Ver: 2013.0605.01
2014/08/27 15:45:12: COM PORT OPEN ... OK
2014/08/27 15:45:12:
2014/08/27 15:45:12: ProductS/N:  VRW06A114800485
2014/08/27 15:45:12: TID: 8604280BCAE52080
2014/08/27 15:45:12: F/W Version: 00.00.08
2014/08/27 15:45:12:
2014/08/27 15:45:12: MasterKey Key Entry ... OK
2014/08/27 15:45:12: PowerON Counter Key Entry ... OK
2014/08/27 15:45:12: Key Entry ... OK
2014/08/27 15:45:12: Complete.
2014/08/27 15:45:12: COM PORT CLOSE ... OK
2014/08/27 15:45:12: 
2014/08/27 15:45:12: ==== Processing was completed ====
2014/08/27 15:45:12: 
*************************************************


*********** Start the Initialize Key Check **********
2014/08/27 15:46:45: Tool Ver: 2013.0605.01
2014/08/27 15:46:45: COM PORT OPEN ... OK
2014/08/27 15:46:45:
2014/08/27 15:46:45: ProductS/N:  VRW06A114800496
2014/08/27 15:46:45: TID: 8604124132E62080
2014/08/27 15:46:45: F/W Version: 00.00.08
2014/08/27 15:46:45:
2014/08/27 15:46:45: MasterKey Key Entry ... OK
2014/08/27 15:46:45: PowerON Counter Key Entry ... OK
2014/08/27 15:46:46: Key Entry ... OK
2014/08/27 15:46:46: Complete.
2014/08/27 15:46:46: COM PORT CLOSE ... OK
2014/08/27 15:46:46: 
2014/08/27 15:46:46: ==== Processing was completed ====
2014/08/27 15:46:46: 
*************************************************


*********** Start the Initialize Key Check **********
2014/08/27 15:48:26: Tool Ver: 2013.0605.01
2014/08/27 15:48:26: COM PORT OPEN ... OK
2014/08/27 15:48:26:
2014/08/27 15:48:26: ProductS/N:  VRW06A114800451
2014/08/27 15:48:26: TID: 86043D1E2AE62080
2014/08/27 15:48:26: F/W Version: 00.00.08
2014/08/27 15:48:26:
2014/08/27 15:48:26: MasterKey Key Entry ... OK
2014/08/27 15:48:26: PowerON Counter Key Entry ... OK
2014/08/27 15:48:27: Key Entry ... OK
2014/08/27 15:48:27: Complete.
2014/08/27 15:48:27: COM PORT CLOSE ... OK
2014/08/27 15:48:27: 
2014/08/27 15:48:27: ==== Processing was completed ====
2014/08/27 15:48:27: 
*************************************************


*********** Start the Initialize Key Check **********
2014/08/27 15:50:36: Tool Ver: 2013.0605.01
2014/08/27 15:50:36: COM PORT OPEN ... OK
2014/08/27 15:50:36:
2014/08/27 15:50:36: ProductS/N:  VRW06A114800469
2014/08/27 15:50:36: TID: 86041F07CAE52080
2014/08/27 15:50:36: F/W Version: 00.00.08
2014/08/27 15:50:36:
2014/08/27 15:50:36: MasterKey Key Entry ... OK
2014/08/27 15:50:36: PowerON Counter Key Entry ... OK
2014/08/27 15:50:37: Key Entry ... OK
2014/08/27 15:50:37: Complete.
2014/08/27 15:50:37: COM PORT CLOSE ... OK
2014/08/27 15:50:37: 
2014/08/27 15:50:37: ==== Processing was completed ====
2014/08/27 15:50:37: 
*************************************************


*********** Start the Initialize Key Check **********
2014/08/27 15:55:10: Tool Ver: 2013.0605.01
2014/08/27 15:55:10: COM PORT OPEN ... OK
2014/08/27 15:55:11:
2014/08/27 15:55:11: ProductS/N:  VRW06A114800367
2014/08/27 15:55:11: TID: 860421212AE62080
2014/08/27 15:55:11: F/W Version: 00.00.08
2014/08/27 15:55:11:
2014/08/27 15:55:11: MasterKey Key Entry ... OK
2014/08/27 15:55:11: PowerON Counter Key Entry ... OK
2014/08/27 15:55:11: Key Entry ... OK
2014/08/27 15:55:11: Complete.
2014/08/27 15:55:11: COM PORT CLOSE ... OK
2014/08/27 15:55:11: 
2014/08/27 15:55:11: ==== Processing was completed ====
2014/08/27 15:55:11: 
*************************************************


*********** Start the Initialize Key Check **********
2014/08/27 15:57:03: Tool Ver: 2013.0605.01
2014/08/27 15:57:03: COM PORT OPEN ... OK
2014/08/27 15:57:04:
2014/08/27 15:57:04: ProductS/N:  VRW06A114800500
2014/08/27 15:57:04: TID: 86040B202AE62080
2014/08/27 15:57:04: F/W Version: 00.00.08
2014/08/27 15:57:04:
2014/08/27 15:57:04: MasterKey Key Entry ... OK
2014/08/27 15:57:04: PowerON Counter Key Entry ... OK
2014/08/27 15:57:04: Key Entry ... OK
2014/08/27 15:57:04: Complete.
2014/08/27 15:57:04: COM PORT CLOSE ... OK
2014/08/27 15:57:04: 
2014/08/27 15:57:04: ==== Processing was completed ====
2014/08/27 15:57:04: 
*************************************************


*********** Start the Initialize Key Check **********
2014/08/27 16:05:50: Tool Ver: 2013.0605.01
2014/08/27 16:05:50: COM PORT OPEN ... OK
2014/08/27 16:05:50:
2014/08/27 16:05:50: ProductS/N:  VRW06A114800499
2014/08/27 16:05:50: TID: 86042A1E2AE62080
2014/08/27 16:05:50: F/W Version: 00.00.08
2014/08/27 16:05:50:
2014/08/27 16:05:50: MasterKey Key Entry ... OK
2014/08/27 16:05:50: PowerON Counter Key Entry ... OK
2014/08/27 16:05:51: Key Entry ... OK
2014/08/27 16:05:51: Complete.
2014/08/27 16:05:51: COM PORT CLOSE ... OK
2014/08/27 16:05:51: 
2014/08/27 16:05:51: ==== Processing was completed ====
2014/08/27 16:05:51: 
*************************************************


*********** Start the Initialize Key Check **********
2014/08/27 16:07:13: Tool Ver: 2013.0605.01
2014/08/27 16:07:13: COM PORT OPEN ... OK
2014/08/27 16:07:13:
2014/08/27 16:07:13: ProductS/N:  VRW06A114800463
2014/08/27 16:07:13: TID: 86042E242AE62080
2014/08/27 16:07:13: F/W Version: 00.00.08
2014/08/27 16:07:13:
2014/08/27 16:07:13: MasterKey Key Entry ... OK
2014/08/27 16:07:13: PowerON Counter Key Entry ... OK
2014/08/27 16:07:14: Key Entry ... OK
2014/08/27 16:07:14: Complete.
2014/08/27 16:07:14: COM PORT CLOSE ... OK
2014/08/27 16:07:14: 
2014/08/27 16:07:14: ==== Processing was completed ====
2014/08/27 16:07:14: 
*************************************************


*********** Start the Initialize Key Check **********
2014/08/27 16:08:45: Tool Ver: 2013.0605.01
2014/08/27 16:08:45: COM PORT OPEN ... OK
2014/08/27 16:08:45:
2014/08/27 16:08:45: ProductS/N:  VRW06A114800494
2014/08/27 16:08:45: TID: 86041D3ED2E52080
2014/08/27 16:08:45: F/W Version: 00.00.08
2014/08/27 16:08:45:
2014/08/27 16:08:45: MasterKey Key Entry ... OK
2014/08/27 16:08:45: PowerON Counter Key Entry ... OK
2014/08/27 16:08:46: Key Entry ... OK
2014/08/27 16:08:46: Complete.
2014/08/27 16:08:46: COM PORT CLOSE ... OK
2014/08/27 16:08:46: 
2014/08/27 16:08:46: ==== Processing was completed ====
2014/08/27 16:08:46: 
*************************************************


*********** Start the Initialize Key Check **********
2014/08/27 16:13:38: Tool Ver: 2013.0605.01
2014/08/27 16:13:38: COM PORT OPEN ... OK
2014/08/27 16:13:39:
2014/08/27 16:13:39: ProductS/N:  VRW06A114800495
2014/08/27 16:13:39: TID: 86042543D2E52080
2014/08/27 16:13:39: F/W Version: 00.00.08
2014/08/27 16:13:39:
2014/08/27 16:13:39: MasterKey Key Entry ... OK
2014/08/27 16:13:39: PowerON Counter Key Entry ... OK
2014/08/27 16:13:39: Key Entry ... OK
2014/08/27 16:13:39: Complete.
2014/08/27 16:13:39: COM PORT CLOSE ... OK
2014/08/27 16:13:39: 
2014/08/27 16:13:39: ==== Processing was completed ====
2014/08/27 16:13:39: 
*************************************************


*********** Start the Initialize Key Check **********
2014/08/27 16:15:19: Tool Ver: 2013.0605.01
2014/08/27 16:15:19: COM PORT OPEN ... OK
2014/08/27 16:15:19:
2014/08/27 16:15:19: ProductS/N:  VRW06A114800470
2014/08/27 16:15:19: TID: 86041906CAE52080
2014/08/27 16:15:19: F/W Version: 00.00.08
2014/08/27 16:15:19:
2014/08/27 16:15:19: MasterKey Key Entry ... OK
2014/08/27 16:15:19: PowerON Counter Key Entry ... OK
2014/08/27 16:15:19: Key Entry ... OK
2014/08/27 16:15:19: Complete.
2014/08/27 16:15:19: COM PORT CLOSE ... OK
2014/08/27 16:15:19: 
2014/08/27 16:15:19: ==== Processing was completed ====
2014/08/27 16:15:20: 
*************************************************


*********** Start the Initialize Key Check **********
2014/08/27 16:16:17: Tool Ver: 2013.0605.01
2014/08/27 16:16:17: COM PORT OPEN ... OK
2014/08/27 16:16:18:
2014/08/27 16:16:18: ProductS/N:  VRW06A114800478
2014/08/27 16:16:18: TID: 86042D07CAE52080
2014/08/27 16:16:18: F/W Version: 00.00.08
2014/08/27 16:16:18:
2014/08/27 16:16:18: MasterKey Key Entry ... OK
2014/08/27 16:16:18: PowerON Counter Key Entry ... OK
2014/08/27 16:16:18: Key Entry ... OK
2014/08/27 16:16:18: Complete.
2014/08/27 16:16:18: COM PORT CLOSE ... OK
2014/08/27 16:16:18: 
2014/08/27 16:16:18: ==== Processing was completed ====
2014/08/27 16:16:18: 
*************************************************


*********** Start the Initialize Key Check **********
2014/08/27 16:19:03: Tool Ver: 2013.0605.01
2014/08/27 16:19:03: COM PORT OPEN ... OK
2014/08/27 16:19:03:
2014/08/27 16:19:03: ProductS/N:  VRW06A114800502
2014/08/27 16:19:03: TID: 86041C43D2E52080
2014/08/27 16:19:03: F/W Version: 00.00.08
2014/08/27 16:19:03:
2014/08/27 16:19:03: MasterKey Key Entry ... OK
2014/08/27 16:19:03: PowerON Counter Key Entry ... OK
2014/08/27 16:19:04: Key Entry ... OK
2014/08/27 16:19:04: Complete.
2014/08/27 16:19:04: COM PORT CLOSE ... OK
2014/08/27 16:19:04: 
2014/08/27 16:19:04: ==== Processing was completed ====
2014/08/27 16:19:04: 
*************************************************


*********** Start the Initialize Key Check **********
2014/08/27 17:49:20: Tool Ver: 2013.0605.01
2014/08/27 17:49:20: COM PORT OPEN ... OK
2014/08/27 17:49:20:
2014/08/27 17:49:20: ProductS/N:  VRW06A114800480
2014/08/27 17:49:20: TID: 86041C032AE62080
2014/08/27 17:49:20: F/W Version: 00.00.08
2014/08/27 17:49:20:
2014/08/27 17:49:20: MasterKey Key Entry ... OK
2014/08/27 17:49:20: PowerON Counter Key Entry ... OK
2014/08/27 17:49:21: Key Entry ... OK
2014/08/27 17:49:21: Complete.
2014/08/27 17:49:21: COM PORT CLOSE ... OK
2014/08/27 17:49:21: 
2014/08/27 17:49:21: ==== Processing was completed ====
2014/08/27 17:49:21: 
*************************************************


*********** Start the Initialize Key Check **********
2014/08/27 17:55:56: Tool Ver: 2013.0605.01
2014/08/27 17:55:56: COM PORT OPEN ... OK
2014/08/27 17:55:56:
2014/08/27 17:55:56: ProductS/N:  VRW06A114800429
2014/08/27 17:55:56: TID: 8604371E2AE62080
2014/08/27 17:55:56: F/W Version: 00.00.08
2014/08/27 17:55:56:
2014/08/27 17:55:56: MasterKey Key Entry ... OK
2014/08/27 17:55:56: PowerON Counter Key Entry ... OK
2014/08/27 17:55:57: Key Entry ... OK
2014/08/27 17:55:57: Complete.
2014/08/27 17:55:57: COM PORT CLOSE ... OK
2014/08/27 17:55:57: 
2014/08/27 17:55:57: ==== Processing was completed ====
2014/08/27 17:55:57: 
*************************************************


*********** Start the Initialize Key Check **********
2014/08/27 17:57:51: Tool Ver: 2013.0605.01
2014/08/27 17:57:51: COM PORT OPEN ... OK
2014/08/27 17:57:52:
2014/08/27 17:57:52: ProductS/N:  VRW06A114800505
2014/08/27 17:57:52: TID: 86041307CAE52080
2014/08/27 17:57:52: F/W Version: 00.00.08
2014/08/27 17:57:52:
2014/08/27 17:57:52: MasterKey Key Entry ... OK
2014/08/27 17:57:52: PowerON Counter Key Entry ... OK
2014/08/27 17:57:52: Key Entry ... OK
2014/08/27 17:57:52: Complete.
2014/08/27 17:57:52: COM PORT CLOSE ... OK
2014/08/27 17:57:52: 
2014/08/27 17:57:52: ==== Processing was completed ====
2014/08/27 17:57:52: 
*************************************************


*********** Start the Initialize Key Check **********
2014/08/27 18:01:17: Tool Ver: 2013.0605.01
2014/08/27 18:01:17: COM PORT OPEN ... OK
2014/08/27 18:01:17:
2014/08/27 18:01:17: ProductS/N:  VRW06A114800517
2014/08/27 18:01:17: TID: 8604211D2AE62080
2014/08/27 18:01:17: F/W Version: 00.00.08
2014/08/27 18:01:17:
2014/08/27 18:01:17: MasterKey Key Entry ... OK
2014/08/27 18:01:17: PowerON Counter Key Entry ... OK
2014/08/27 18:01:18: Key Entry ... OK
2014/08/27 18:01:18: Complete.
2014/08/27 18:01:18: COM PORT CLOSE ... OK
2014/08/27 18:01:18: 
2014/08/27 18:01:18: ==== Processing was completed ====
2014/08/27 18:01:18: 
*************************************************


*********** Start the Initialize Key Check **********
2014/08/27 18:04:47: Tool Ver: 2013.0605.01
2014/08/27 18:04:47: COM PORT OPEN ... OK
2014/08/27 18:04:47:
2014/08/27 18:04:47: ProductS/N:  VRW06A114800326
2014/08/27 18:04:47: TID: 860415212AE62080
2014/08/27 18:04:47: F/W Version: 00.00.08
2014/08/27 18:04:47:
2014/08/27 18:04:47: MasterKey Key Entry ... OK
2014/08/27 18:04:47: PowerON Counter Key Entry ... OK
2014/08/27 18:04:48: Key Entry ... OK
2014/08/27 18:04:48: Complete.
2014/08/27 18:04:48: COM PORT CLOSE ... OK
2014/08/27 18:04:48: 
2014/08/27 18:04:48: ==== Processing was completed ====
2014/08/27 18:04:48: 
*************************************************


*********** Start the Initialize Key Check **********
2014/08/27 18:05:29: Tool Ver: 2013.0605.01
2014/08/27 18:05:29: COM PORT OPEN ... ERROR(01)
2014/08/27 18:05:29: 
2014/08/27 18:05:29: ######## Error has occurred ########
2014/08/27 18:05:29: 
*************************************************


*********** Start the Initialize Key Check **********
2014/08/27 18:05:51: Tool Ver: 2013.0605.01
2014/08/27 18:05:51: COM PORT OPEN ... OK
2014/08/27 18:05:51:
2014/08/27 18:05:51: ProductS/N:  VRW06A114800083
2014/08/27 18:05:51: TID: 86041A4332E62080
2014/08/27 18:05:51: F/W Version: 00.00.08
2014/08/27 18:05:51:
2014/08/27 18:05:51: MasterKey Key Entry ... OK
2014/08/27 18:05:51: PowerON Counter Key Entry ... OK
2014/08/27 18:05:51: Key Entry ... OK
2014/08/27 18:05:51: Complete.
2014/08/27 18:05:51: COM PORT CLOSE ... OK
2014/08/27 18:05:51: 
2014/08/27 18:05:51: ==== Processing was completed ====
2014/08/27 18:05:51: 
*************************************************


*********** Start the Initialize Key Check **********
2014/08/27 18:06:55: Tool Ver: 2013.0605.01
2014/08/27 18:06:55: COM PORT OPEN ... OK
2014/08/27 18:06:55:
2014/08/27 18:06:55: ProductS/N:  VRW06A114800302
2014/08/27 18:06:55: TID: 8604253D32E62080
2014/08/27 18:06:55: F/W Version: 00.00.08
2014/08/27 18:06:55:
2014/08/27 18:06:55: MasterKey Key Entry ... OK
2014/08/27 18:06:55: PowerON Counter Key Entry ... OK
2014/08/27 18:06:56: Key Entry ... OK
2014/08/27 18:06:56: Complete.
2014/08/27 18:06:56: COM PORT CLOSE ... OK
2014/08/27 18:06:56: 
2014/08/27 18:06:56: ==== Processing was completed ====
2014/08/27 18:06:56: 
*************************************************


*********** Start the Initialize Key Check **********
2014/08/27 18:07:18: Tool Ver: 2013.0605.01
2014/08/27 18:07:18: COM PORT OPEN ... OK
2014/08/27 18:07:18:
2014/08/27 18:07:18: ProductS/N:  VRW06A114800288
2014/08/27 18:07:19: TID: 8604082B3AE62080
2014/08/27 18:07:19: F/W Version: 00.00.08
2014/08/27 18:07:19:
2014/08/27 18:07:19: MasterKey Key Entry ... OK
2014/08/27 18:07:19: PowerON Counter Key Entry ... OK
2014/08/27 18:07:19: Key Entry ... OK
2014/08/27 18:07:19: Complete.
2014/08/27 18:07:19: COM PORT CLOSE ... OK
2014/08/27 18:07:19: 
2014/08/27 18:07:19: ==== Processing was completed ====
2014/08/27 18:07:19: 
*************************************************


*********** Start the Initialize Key Check **********
2014/08/27 18:07:58: Tool Ver: 2013.0605.01
2014/08/27 18:07:58: COM PORT OPEN ... OK
2014/08/27 18:07:58:
2014/08/27 18:07:58: ProductS/N:  VRW06A114800508
2014/08/27 18:07:59: TID: 860419052AE62080
2014/08/27 18:07:59: F/W Version: 00.00.08
2014/08/27 18:07:59:
2014/08/27 18:07:59: MasterKey Key Entry ... OK
2014/08/27 18:07:59: PowerON Counter Key Entry ... OK
2014/08/27 18:07:59: Key Entry ... OK
2014/08/27 18:07:59: Complete.
2014/08/27 18:07:59: COM PORT CLOSE ... OK
2014/08/27 18:07:59: 
2014/08/27 18:07:59: ==== Processing was completed ====
2014/08/27 18:07:59: 
*************************************************


*********** Start the Initialize Key Check **********
2014/08/27 18:10:37: Tool Ver: 2013.0605.01
2014/08/27 18:10:37: COM PORT OPEN ... OK
2014/08/27 18:10:37:
2014/08/27 18:10:37: ProductS/N:  VRW06A114800476
2014/08/27 18:10:37: TID: 86041C4432E62080
2014/08/27 18:10:37: F/W Version: 00.00.08
2014/08/27 18:10:37:
2014/08/27 18:10:37: MasterKey Key Entry ... OK
2014/08/27 18:10:37: PowerON Counter Key Entry ... OK
2014/08/27 18:10:38: Key Entry ... OK
2014/08/27 18:10:38: Complete.
2014/08/27 18:10:38: COM PORT CLOSE ... OK
2014/08/27 18:10:38: 
2014/08/27 18:10:38: ==== Processing was completed ====
2014/08/27 18:10:38: 
*************************************************


*********** Start the Initialize Key Check **********
2014/08/27 18:13:31: Tool Ver: 2013.0605.01
2014/08/27 18:13:31: COM PORT OPEN ... OK
2014/08/27 18:13:31:
2014/08/27 18:13:31: ProductS/N:  VRW06A114800512
2014/08/27 18:13:32: TID: 8604103C32E62080
2014/08/27 18:13:32: F/W Version: 00.00.08
2014/08/27 18:13:32:
2014/08/27 18:13:32: MasterKey Key Entry ... OK
2014/08/27 18:13:32: PowerON Counter Key Entry ... OK
2014/08/27 18:13:32: Key Entry ... OK
2014/08/27 18:13:32: Complete.
2014/08/27 18:13:32: COM PORT CLOSE ... OK
2014/08/27 18:13:32: 
2014/08/27 18:13:32: ==== Processing was completed ====
2014/08/27 18:13:32: 
*************************************************


*********** Start the Initialize Key Check **********
2014/08/27 18:17:25: Tool Ver: 2013.0605.01
2014/08/27 18:17:25: COM PORT OPEN ... OK
2014/08/27 18:17:25:
2014/08/27 18:17:25: ProductS/N:  VRW06A114800514
2014/08/27 18:17:25: TID: 860404232AE62080
2014/08/27 18:17:25: F/W Version: 00.00.08
2014/08/27 18:17:25:
2014/08/27 18:17:25: MasterKey Key Entry ... OK
2014/08/27 18:17:25: PowerON Counter Key Entry ... OK
2014/08/27 18:17:25: Key Entry ... OK
2014/08/27 18:17:26: Complete.
2014/08/27 18:17:26: COM PORT CLOSE ... OK
2014/08/27 18:17:26: 
2014/08/27 18:17:26: ==== Processing was completed ====
2014/08/27 18:17:26: 
*************************************************


*********** Start the Initialize Key Check **********
2014/08/27 18:21:57: Tool Ver: 2013.0605.01
2014/08/27 18:21:57: COM PORT OPEN ... OK
2014/08/27 18:21:57:
2014/08/27 18:21:57: ProductS/N:  VRW06A114800513
2014/08/27 18:21:57: TID: 86041E43D2E52080
2014/08/27 18:21:57: F/W Version: 00.00.08
2014/08/27 18:21:57:
2014/08/27 18:21:57: MasterKey Key Entry ... OK
2014/08/27 18:21:58: PowerON Counter Key Entry ... OK
2014/08/27 18:21:58: Key Entry ... OK
2014/08/27 18:21:58: Complete.
2014/08/27 18:21:58: COM PORT CLOSE ... OK
2014/08/27 18:21:58: 
2014/08/27 18:21:58: ==== Processing was completed ====
2014/08/27 18:21:58: 
*************************************************


*********** Start the Initialize Key Check **********
2014/08/27 18:24:04: Tool Ver: 2013.0605.01
2014/08/27 18:24:04: COM PORT OPEN ... OK
2014/08/27 18:24:04:
2014/08/27 18:24:04: ProductS/N:  VRW06A114800516
2014/08/27 18:24:04: TID: 86041F052AE62080
2014/08/27 18:24:04: F/W Version: 00.00.08
2014/08/27 18:24:04:
2014/08/27 18:24:04: MasterKey Key Entry ... OK
2014/08/27 18:24:04: PowerON Counter Key Entry ... OK
2014/08/27 18:24:05: Key Entry ... OK
2014/08/27 18:24:05: Complete.
2014/08/27 18:24:05: COM PORT CLOSE ... OK
2014/08/27 18:24:05: 
2014/08/27 18:24:05: ==== Processing was completed ====
2014/08/27 18:24:05: 
*************************************************


*********** Start the Initialize Key Check **********
2014/08/27 18:26:54: Tool Ver: 2013.0605.01
2014/08/27 18:26:54: COM PORT OPEN ... OK
2014/08/27 18:26:54:
2014/08/27 18:26:54: ProductS/N:  VRW06A114800511
2014/08/27 18:26:54: TID: 86042A042AE62080
2014/08/27 18:26:54: F/W Version: 00.00.08
2014/08/27 18:26:54:
2014/08/27 18:26:54: MasterKey Key Entry ... OK
2014/08/27 18:26:54: PowerON Counter Key Entry ... OK
2014/08/27 18:26:55: Key Entry ... OK
2014/08/27 18:26:55: Complete.
2014/08/27 18:26:55: COM PORT CLOSE ... OK
2014/08/27 18:26:55: 
2014/08/27 18:26:55: ==== Processing was completed ====
2014/08/27 18:26:55: 
*************************************************


*********** Start the Initialize Key Check **********
2014/08/27 18:28:34: Tool Ver: 2013.0605.01
2014/08/27 18:28:34: COM PORT OPEN ... OK
2014/08/27 18:28:34:
2014/08/27 18:28:34: ProductS/N:  VRW06A114800510
2014/08/27 18:28:34: TID: 86041E4132E62080
2014/08/27 18:28:34: F/W Version: 00.00.08
2014/08/27 18:28:34:
2014/08/27 18:28:34: MasterKey Key Entry ... OK
2014/08/27 18:28:34: PowerON Counter Key Entry ... OK
2014/08/27 18:28:35: Key Entry ... OK
2014/08/27 18:28:35: Complete.
2014/08/27 18:28:35: COM PORT CLOSE ... OK
2014/08/27 18:28:35: 
2014/08/27 18:28:35: ==== Processing was completed ====
2014/08/27 18:28:35: 
*************************************************


*********** Start the Initialize Key Check **********
2014/08/27 18:34:36: Tool Ver: 2013.0605.01
2014/08/27 18:34:36: COM PORT OPEN ... OK
2014/08/27 18:34:36:
2014/08/27 18:34:36: ProductS/N:  VRW06A114800416
2014/08/27 18:34:36: TID: 8604300BCAE52080
2014/08/27 18:34:36: F/W Version: 00.00.08
2014/08/27 18:34:36:
2014/08/27 18:34:36: MasterKey Key Entry ... OK
2014/08/27 18:34:36: PowerON Counter Key Entry ... OK
2014/08/27 18:34:37: Key Entry ... OK
2014/08/27 18:34:37: Complete.
2014/08/27 18:34:37: COM PORT CLOSE ... OK
2014/08/27 18:34:37: 
2014/08/27 18:34:37: ==== Processing was completed ====
2014/08/27 18:34:37: 
*************************************************


*********** Start the Initialize Key Check **********
2014/08/27 18:45:04: Tool Ver: 2013.0605.01
2014/08/27 18:45:04: COM PORT OPEN ... OK
2014/08/27 18:45:04:
2014/08/27 18:45:04: ProductS/N:  VRW06A114800509
2014/08/27 18:45:04: TID: 86042C1D2AE62080
2014/08/27 18:45:04: F/W Version: 00.00.08
2014/08/27 18:45:04:
2014/08/27 18:45:04: MasterKey Key Entry ... OK
2014/08/27 18:45:04: PowerON Counter Key Entry ... OK
2014/08/27 18:45:05: Key Entry ... OK
2014/08/27 18:45:05: Complete.
2014/08/27 18:45:05: COM PORT CLOSE ... OK
2014/08/27 18:45:05: 
2014/08/27 18:45:05: ==== Processing was completed ====
2014/08/27 18:45:05: 
*************************************************


*********** Start the Initialize Key Check **********
2014/08/27 18:48:04: Tool Ver: 2013.0605.01
2014/08/27 18:48:04: COM PORT OPEN ... OK
2014/08/27 18:48:04:
2014/08/27 18:48:04: ProductS/N:  VRW06A114800521
2014/08/27 18:48:04: TID: 8604311D2AE62080
2014/08/27 18:48:04: F/W Version: 00.00.08
2014/08/27 18:48:04:
2014/08/27 18:48:04: MasterKey Key Entry ... OK
2014/08/27 18:48:04: PowerON Counter Key Entry ... OK
2014/08/27 18:48:05: Key Entry ... OK
2014/08/27 18:48:05: Complete.
2014/08/27 18:48:05: COM PORT CLOSE ... OK
2014/08/27 18:48:05: 
2014/08/27 18:48:05: ==== Processing was completed ====
2014/08/27 18:48:05: 
*************************************************


*********** Start the Initialize Key Check **********
2014/08/27 18:57:20: Tool Ver: 2013.0605.01
2014/08/27 18:57:20: COM PORT OPEN ... OK
2014/08/27 18:57:20:
2014/08/27 18:57:20: ProductS/N:  VRW06A114800482
2014/08/27 18:57:20: TID: 86041A3C32E62080
2014/08/27 18:57:20: F/W Version: 00.00.08
2014/08/27 18:57:20:
2014/08/27 18:57:20: MasterKey Key Entry ... OK
2014/08/27 18:57:20: PowerON Counter Key Entry ... OK
2014/08/27 18:57:20: Key Entry ... OK
2014/08/27 18:57:20: Complete.
2014/08/27 18:57:20: COM PORT CLOSE ... OK
2014/08/27 18:57:20: 
2014/08/27 18:57:20: ==== Processing was completed ====
2014/08/27 18:57:20: 
*************************************************


*********** Start the Initialize Key Check **********
2014/08/27 18:59:43: Tool Ver: 2013.0605.01
2014/08/27 18:59:43: COM PORT OPEN ... OK
2014/08/27 18:59:43:
2014/08/27 18:59:43: ProductS/N:  VRW06A114800504
2014/08/27 18:59:43: TID: 86042B4332E62080
2014/08/27 18:59:43: F/W Version: 00.00.08
2014/08/27 18:59:43:
2014/08/27 18:59:43: MasterKey Key Entry ... OK
2014/08/27 18:59:43: PowerON Counter Key Entry ... OK
2014/08/27 18:59:43: Key Entry ... OK
2014/08/27 18:59:43: Complete.
2014/08/27 18:59:43: COM PORT CLOSE ... OK
2014/08/27 18:59:43: 
2014/08/27 18:59:43: ==== Processing was completed ====
2014/08/27 18:59:43: 
*************************************************


*********** Start the Initialize Key Check **********
2014/08/27 19:08:01: Tool Ver: 2013.0605.01
2014/08/27 19:08:01: COM PORT OPEN ... OK
2014/08/27 19:08:02:
2014/08/27 19:08:02: ProductS/N:  VRW06A114800525
2014/08/27 19:08:02: TID: 860429082AE62080
2014/08/27 19:08:02: F/W Version: 00.00.08
2014/08/27 19:08:02:
2014/08/27 19:08:02: MasterKey Key Entry ... OK
2014/08/27 19:08:02: PowerON Counter Key Entry ... OK
2014/08/27 19:08:02: Key Entry ... OK
2014/08/27 19:08:02: Complete.
2014/08/27 19:08:02: COM PORT CLOSE ... OK
2014/08/27 19:08:02: 
2014/08/27 19:08:02: ==== Processing was completed ====
2014/08/27 19:08:02: 
*************************************************


*********** Start the Initialize Key Check **********
2014/08/27 19:17:37: Tool Ver: 2013.0605.01
2014/08/27 19:17:37: COM PORT OPEN ... OK
2014/08/27 19:17:37:
2014/08/27 19:17:37: ProductS/N:  VRW06A114800518
2014/08/27 19:17:37: TID: 86042D4332E62080
2014/08/27 19:17:37: F/W Version: 00.00.08
2014/08/27 19:17:37:
2014/08/27 19:17:37: MasterKey Key Entry ... OK
2014/08/27 19:17:37: PowerON Counter Key Entry ... OK
2014/08/27 19:17:38: Key Entry ... OK
2014/08/27 19:17:38: Complete.
2014/08/27 19:17:38: COM PORT CLOSE ... OK
2014/08/27 19:17:38: 
2014/08/27 19:17:38: ==== Processing was completed ====
2014/08/27 19:17:38: 
*************************************************


*********** Start the Initialize Key Check **********
2014/08/27 19:20:20: Tool Ver: 2013.0605.01
2014/08/27 19:20:20: COM PORT OPEN ... OK
2014/08/27 19:20:20:
2014/08/27 19:20:20: ProductS/N:  VRW06A114800489
2014/08/27 19:20:20: TID: 86040E092AE62080
2014/08/27 19:20:20: F/W Version: 00.00.08
2014/08/27 19:20:20:
2014/08/27 19:20:20: MasterKey Key Entry ... OK
2014/08/27 19:20:20: PowerON Counter Key Entry ... OK
2014/08/27 19:20:21: Key Entry ... OK
2014/08/27 19:20:21: Complete.
2014/08/27 19:20:21: COM PORT CLOSE ... OK
2014/08/27 19:20:21: 
2014/08/27 19:20:21: ==== Processing was completed ====
2014/08/27 19:20:21: 
*************************************************


*********** Start the Initialize Key Check **********
2014/08/27 19:24:31: Tool Ver: 2013.0605.01
2014/08/27 19:24:31: COM PORT OPEN ... OK
2014/08/27 19:24:31:
2014/08/27 19:24:31: ProductS/N:  VRW06A114800491
2014/08/27 19:24:31: TID: 860410082AE62080
2014/08/27 19:24:31: F/W Version: 00.00.08
2014/08/27 19:24:31:
2014/08/27 19:24:31: MasterKey Key Entry ... OK
2014/08/27 19:24:31: PowerON Counter Key Entry ... OK
2014/08/27 19:24:32: Key Entry ... OK
2014/08/27 19:24:32: Complete.
2014/08/27 19:24:32: COM PORT CLOSE ... OK
2014/08/27 19:24:32: 
2014/08/27 19:24:32: ==== Processing was completed ====
2014/08/27 19:24:32: 
*************************************************


*********** Start the Initialize Key Check **********
2014/08/27 19:26:00: Tool Ver: 2013.0605.01
2014/08/27 19:26:00: COM PORT OPEN ... OK
2014/08/27 19:26:00:
2014/08/27 19:26:00: ProductS/N:  VRW06A114800490
2014/08/27 19:26:00: TID: 860417072AE62080
2014/08/27 19:26:00: F/W Version: 00.00.08
2014/08/27 19:26:00:
2014/08/27 19:26:00: MasterKey Key Entry ... OK
2014/08/27 19:26:00: PowerON Counter Key Entry ... OK
2014/08/27 19:26:00: Key Entry ... OK
2014/08/27 19:26:00: Complete.
2014/08/27 19:26:00: COM PORT CLOSE ... OK
2014/08/27 19:26:00: 
2014/08/27 19:26:00: ==== Processing was completed ====
2014/08/27 19:26:00: 
*************************************************


*********** Start the Initialize Key Check **********
2014/08/27 19:27:28: Tool Ver: 2013.0605.01
2014/08/27 19:27:28: COM PORT OPEN ... OK
2014/08/27 19:27:28:
2014/08/27 19:27:28: ProductS/N:  VRW06A114800506
2014/08/27 19:27:28: TID: 8604103F32E62080
2014/08/27 19:27:28: F/W Version: 00.00.08
2014/08/27 19:27:28:
2014/08/27 19:27:28: MasterKey Key Entry ... OK
2014/08/27 19:27:28: PowerON Counter Key Entry ... OK
2014/08/27 19:27:29: Key Entry ... OK
2014/08/27 19:27:29: Complete.
2014/08/27 19:27:29: COM PORT CLOSE ... OK
2014/08/27 19:27:29: 
2014/08/27 19:27:29: ==== Processing was completed ====
2014/08/27 19:27:29: 
*************************************************


