*********** Start the Initialize Key Check **********
2014/09/26 10:30:10: Tool Ver: 2013.0605.01
2014/09/26 10:30:10: COM PORT OPEN ... OK
2014/09/26 10:30:10:
2014/09/26 10:30:10: ProductS/N:  VRW06A213X02434
2014/09/26 10:30:10: TID: 86041F1D6A9F2980
2014/09/26 10:30:10: F/W Version: 00.00.08
2014/09/26 10:30:10:
2014/09/26 10:30:10: MasterKey Key Entry ... OK
2014/09/26 10:30:10: PowerON Counter Key Entry ... OK
2014/09/26 10:30:11: Key Entry ... OK
2014/09/26 10:30:11: Complete.
2014/09/26 10:30:11: COM PORT CLOSE ... OK
2014/09/26 10:30:11: 
2014/09/26 10:30:11: ==== Processing was completed ====
2014/09/26 10:30:11: 
*************************************************


*********** Start the Initialize Key Check **********
2014/09/26 10:49:34: Tool Ver: 2013.0605.01
2014/09/26 10:49:34: COM PORT OPEN ... OK
2014/09/26 10:49:34:
2014/09/26 10:49:34: ProductS/N:  VRW06A214200708
2014/09/26 10:49:34: TID: 8604260F72842D80
2014/09/26 10:49:34: F/W Version: 00.00.08
2014/09/26 10:49:34:
2014/09/26 10:49:34: MasterKey Key Entry ... OK
2014/09/26 10:49:34: PowerON Counter Key Entry ... OK
2014/09/26 10:49:35: Key Entry ... OK
2014/09/26 10:49:35: Complete.
2014/09/26 10:49:35: COM PORT CLOSE ... OK
2014/09/26 10:49:35: 
2014/09/26 10:49:35: ==== Processing was completed ====
2014/09/26 10:49:35: 
*************************************************


*********** Start the Initialize Key Check **********
2014/09/26 11:02:08: Tool Ver: 2013.0605.01
2014/09/26 11:02:08: COM PORT OPEN ... OK
2014/09/26 11:02:08:
2014/09/26 11:02:08: ProductS/N:  VRW06A214200395
2014/09/26 11:02:08: TID: 86043B21025B2980
2014/09/26 11:02:08: F/W Version: 00.00.08
2014/09/26 11:02:08:
2014/09/26 11:02:08: MasterKey Key Entry ... OK
2014/09/26 11:02:08: PowerON Counter Key Entry ... OK
2014/09/26 11:02:08: Key Entry ... OK
2014/09/26 11:02:08: Complete.
2014/09/26 11:02:08: COM PORT CLOSE ... OK
2014/09/26 11:02:08: 
2014/09/26 11:02:08: ==== Processing was completed ====
2014/09/26 11:02:08: 
*************************************************


*********** Start the Initialize Key Check **********
2014/09/26 13:30:20: Tool Ver: 2013.0605.01
2014/09/26 13:30:20: COM PORT OPEN ... OK
2014/09/26 13:30:20:
2014/09/26 13:30:20: ProductS/N:  VRW06A114900448
2014/09/26 13:30:20: TID: 86043F33CAE52080
2014/09/26 13:30:20: F/W Version: 00.00.08
2014/09/26 13:30:20:
2014/09/26 13:30:20: MasterKey Key Entry ... OK
2014/09/26 13:30:20: PowerON Counter Key Entry ... OK
2014/09/26 13:30:20: Key Entry ... OK
2014/09/26 13:30:20: Complete.
2014/09/26 13:30:20: COM PORT CLOSE ... OK
2014/09/26 13:30:20: 
2014/09/26 13:30:20: ==== Processing was completed ====
2014/09/26 13:30:20: 
*************************************************


*********** Start the Initialize Key Check **********
2014/09/26 13:47:11: Tool Ver: 2013.0605.01
2014/09/26 13:47:11: COM PORT OPEN ... OK
2014/09/26 13:47:11:
2014/09/26 13:47:11: ProductS/N:  VRW06A114800686
2014/09/26 13:47:11: TID: 860427072AE62080
2014/09/26 13:47:11: F/W Version: 00.00.08
2014/09/26 13:47:11:
2014/09/26 13:47:11: MasterKey Key Entry ... OK
2014/09/26 13:47:11: PowerON Counter Key Entry ... OK
2014/09/26 13:47:12: Key Entry ... OK
2014/09/26 13:47:12: Complete.
2014/09/26 13:47:12: COM PORT CLOSE ... OK
2014/09/26 13:47:12: 
2014/09/26 13:47:12: ==== Processing was completed ====
2014/09/26 13:47:12: 
*************************************************


