*********** Start the Initialize Key Check **********
2014/09/29 08:20:23: Tool Ver: 2013.0605.01
2014/09/29 08:20:23: COM PORT OPEN ... OK
2014/09/29 08:20:23:
2014/09/29 08:20:23: ProductS/N:  VRW06A114900648
2014/09/29 08:20:23: TID: 8604402ACAE52080
2014/09/29 08:20:23: F/W Version: 00.00.08
2014/09/29 08:20:23:
2014/09/29 08:20:23: MasterKey Key Entry ... OK
2014/09/29 08:20:23: PowerON Counter Key Entry ... OK
2014/09/29 08:20:24: Key Entry ... OK
2014/09/29 08:20:24: Complete.
2014/09/29 08:20:24: COM PORT CLOSE ... OK
2014/09/29 08:20:24: 
2014/09/29 08:20:24: ==== Processing was completed ====
2014/09/29 08:20:24: 
*************************************************


*********** Start the Initialize Key Check **********
2014/09/29 08:25:47: Tool Ver: 2013.0605.01
2014/09/29 08:25:47: COM PORT OPEN ... OK
2014/09/29 08:25:48:
2014/09/29 08:25:48: ProductS/N:  VRW06A114900656
2014/09/29 08:25:48: TID: 86042C2DCAE52080
2014/09/29 08:25:48: F/W Version: 00.00.08
2014/09/29 08:25:48:
2014/09/29 08:25:48: MasterKey Key Entry ... OK
2014/09/29 08:25:48: PowerON Counter Key Entry ... OK
2014/09/29 08:25:48: Key Entry ... OK
2014/09/29 08:25:48: Complete.
2014/09/29 08:25:48: COM PORT CLOSE ... OK
2014/09/29 08:25:48: 
2014/09/29 08:25:48: ==== Processing was completed ====
2014/09/29 08:25:48: 
*************************************************


*********** Start the Initialize Key Check **********
2014/09/29 08:32:39: Tool Ver: 2013.0605.01
2014/09/29 08:32:39: COM PORT OPEN ... OK
2014/09/29 08:32:39:
2014/09/29 08:32:39: ProductS/N:  VRW06A114900657
2014/09/29 08:32:40: TID: 86042834CAE52080
2014/09/29 08:32:40: F/W Version: 00.00.08
2014/09/29 08:32:40:
2014/09/29 08:32:40: MasterKey Key Entry ... OK
2014/09/29 08:32:40: PowerON Counter Key Entry ... OK
2014/09/29 08:32:40: Key Entry ... OK
2014/09/29 08:32:40: Complete.
2014/09/29 08:32:40: COM PORT CLOSE ... OK
2014/09/29 08:32:40: 
2014/09/29 08:32:40: ==== Processing was completed ====
2014/09/29 08:32:40: 
*************************************************


*********** Start the Initialize Key Check **********
2014/09/29 08:37:28: Tool Ver: 2013.0605.01
2014/09/29 08:37:28: COM PORT OPEN ... OK
2014/09/29 08:37:28:
2014/09/29 08:37:28: ProductS/N:  VRW06A114900654
2014/09/29 08:37:28: TID: 86041230CAE52080
2014/09/29 08:37:28: F/W Version: 00.00.08
2014/09/29 08:37:28:
2014/09/29 08:37:28: MasterKey Key Entry ... OK
2014/09/29 08:37:28: PowerON Counter Key Entry ... OK
2014/09/29 08:37:28: Key Entry ... OK
2014/09/29 08:37:28: Complete.
2014/09/29 08:37:28: COM PORT CLOSE ... OK
2014/09/29 08:37:28: 
2014/09/29 08:37:28: ==== Processing was completed ====
2014/09/29 08:37:28: 
*************************************************


*********** Start the Initialize Key Check **********
2014/09/29 08:42:30: Tool Ver: 2013.0605.01
2014/09/29 08:42:30: COM PORT OPEN ... OK
2014/09/29 08:42:30:
2014/09/29 08:42:30: ProductS/N:  VRW06A114900651
2014/09/29 08:42:30: TID: 860427163AE62080
2014/09/29 08:42:30: F/W Version: 00.00.08
2014/09/29 08:42:30:
2014/09/29 08:42:30: MasterKey Key Entry ... OK
2014/09/29 08:42:30: PowerON Counter Key Entry ... OK
2014/09/29 08:42:31: Key Entry ... OK
2014/09/29 08:42:31: Complete.
2014/09/29 08:42:31: COM PORT CLOSE ... OK
2014/09/29 08:42:31: 
2014/09/29 08:42:31: ==== Processing was completed ====
2014/09/29 08:42:31: 
*************************************************


*********** Start the Initialize Key Check **********
2014/09/29 08:42:33: Tool Ver: 2013.0605.01
2014/09/29 08:42:33: COM PORT OPEN ... OK
2014/09/29 08:42:33:
2014/09/29 08:42:33: ProductS/N:  VRW06A114900651
2014/09/29 08:42:33: TID: 860427163AE62080
2014/09/29 08:42:33: F/W Version: 00.00.08
2014/09/29 08:42:33:
2014/09/29 08:42:33: MasterKey Key Entry ... OK
2014/09/29 08:42:33: PowerON Counter Key Entry ... OK
2014/09/29 08:42:34: Key Entry ... OK
2014/09/29 08:42:34: Complete.
2014/09/29 08:42:34: COM PORT CLOSE ... OK
2014/09/29 08:42:34: 
2014/09/29 08:42:34: ==== Processing was completed ====
2014/09/29 08:42:34: 
*************************************************


*********** Start the Initialize Key Check **********
2014/09/29 08:42:34: Tool Ver: 2013.0605.01
2014/09/29 08:42:34: COM PORT OPEN ... OK
2014/09/29 08:42:34:
2014/09/29 08:42:34: ProductS/N:  VRW06A114900651
2014/09/29 08:42:35: TID: 860427163AE62080
2014/09/29 08:42:35: F/W Version: 00.00.08
2014/09/29 08:42:35:
2014/09/29 08:42:35: MasterKey Key Entry ... OK
2014/09/29 08:42:35: PowerON Counter Key Entry ... OK
2014/09/29 08:42:35: Key Entry ... OK
2014/09/29 08:42:35: Complete.
2014/09/29 08:42:35: COM PORT CLOSE ... OK
2014/09/29 08:42:35: 
2014/09/29 08:42:35: ==== Processing was completed ====
2014/09/29 08:42:35: 
*************************************************


*********** Start the Initialize Key Check **********
2014/09/29 08:42:36: Tool Ver: 2013.0605.01
2014/09/29 08:42:36: COM PORT OPEN ... OK
2014/09/29 08:42:36:
2014/09/29 08:42:36: ProductS/N:  VRW06A114900651
2014/09/29 08:42:36: TID: 860427163AE62080
2014/09/29 08:42:36: F/W Version: 00.00.08
2014/09/29 08:42:36:
2014/09/29 08:42:36: MasterKey Key Entry ... OK
2014/09/29 08:42:36: PowerON Counter Key Entry ... OK
2014/09/29 08:42:37: Key Entry ... OK
2014/09/29 08:42:37: Complete.
2014/09/29 08:42:37: COM PORT CLOSE ... OK
2014/09/29 08:42:37: 
2014/09/29 08:42:37: ==== Processing was completed ====
2014/09/29 08:42:37: 
*************************************************


*********** Start the Initialize Key Check **********
2014/09/29 08:48:59: Tool Ver: 2013.0605.01
2014/09/29 08:48:59: COM PORT OPEN ... OK
2014/09/29 08:48:59:
2014/09/29 08:48:59: ProductS/N:  VRW06A114900660
2014/09/29 08:48:59: TID: 860419113AE62080
2014/09/29 08:48:59: F/W Version: 00.00.08
2014/09/29 08:48:59:
2014/09/29 08:48:59: MasterKey Key Entry ... OK
2014/09/29 08:48:59: PowerON Counter Key Entry ... OK
2014/09/29 08:49:00: Key Entry ... OK
2014/09/29 08:49:00: Complete.
2014/09/29 08:49:00: COM PORT CLOSE ... OK
2014/09/29 08:49:00: 
2014/09/29 08:49:00: ==== Processing was completed ====
2014/09/29 08:49:00: 
*************************************************


*********** Start the Initialize Key Check **********
2014/09/29 08:49:01: Tool Ver: 2013.0605.01
2014/09/29 08:49:01: COM PORT OPEN ... OK
2014/09/29 08:49:01:
2014/09/29 08:49:01: ProductS/N:  VRW06A114900660
2014/09/29 08:49:01: TID: 860419113AE62080
2014/09/29 08:49:01: F/W Version: 00.00.08
2014/09/29 08:49:01:
2014/09/29 08:49:01: MasterKey Key Entry ... OK
2014/09/29 08:49:01: PowerON Counter Key Entry ... OK
2014/09/29 08:49:01: Key Entry ... OK
2014/09/29 08:49:01: Complete.
2014/09/29 08:49:01: COM PORT CLOSE ... OK
2014/09/29 08:49:01: 
2014/09/29 08:49:01: ==== Processing was completed ====
2014/09/29 08:49:01: 
*************************************************


*********** Start the Initialize Key Check **********
2014/09/29 08:49:02: Tool Ver: 2013.0605.01
2014/09/29 08:49:02: COM PORT OPEN ... OK
2014/09/29 08:49:02:
2014/09/29 08:49:02: ProductS/N:  VRW06A114900660
2014/09/29 08:49:02: TID: 860419113AE62080
2014/09/29 08:49:02: F/W Version: 00.00.08
2014/09/29 08:49:02:
2014/09/29 08:49:02: MasterKey Key Entry ... OK
2014/09/29 08:49:02: PowerON Counter Key Entry ... OK
2014/09/29 08:49:03: Key Entry ... OK
2014/09/29 08:49:03: Complete.
2014/09/29 08:49:03: COM PORT CLOSE ... OK
2014/09/29 08:49:03: 
2014/09/29 08:49:03: ==== Processing was completed ====
2014/09/29 08:49:03: 
*************************************************


*********** Start the Initialize Key Check **********
2014/09/29 08:55:27: Tool Ver: 2013.0605.01
2014/09/29 08:55:27: COM PORT OPEN ... OK
2014/09/29 08:55:27:
2014/09/29 08:55:27: ProductS/N:  VRW06A114900655
2014/09/29 08:55:27: TID: 8604202A2AE62080
2014/09/29 08:55:27: F/W Version: 00.00.08
2014/09/29 08:55:27:
2014/09/29 08:55:27: MasterKey Key Entry ... OK
2014/09/29 08:55:27: PowerON Counter Key Entry ... OK
2014/09/29 08:55:28: Key Entry ... OK
2014/09/29 08:55:28: Complete.
2014/09/29 08:55:28: COM PORT CLOSE ... OK
2014/09/29 08:55:28: 
2014/09/29 08:55:28: ==== Processing was completed ====
2014/09/29 08:55:28: 
*************************************************


*********** Start the Initialize Key Check **********
2014/09/29 08:55:30: Tool Ver: 2013.0605.01
2014/09/29 08:55:30: COM PORT OPEN ... OK
2014/09/29 08:55:30:
2014/09/29 08:55:30: ProductS/N:  VRW06A114900655
2014/09/29 08:55:30: TID: 8604202A2AE62080
2014/09/29 08:55:30: F/W Version: 00.00.08
2014/09/29 08:55:30:
2014/09/29 08:55:30: MasterKey Key Entry ... OK
2014/09/29 08:55:30: PowerON Counter Key Entry ... OK
2014/09/29 08:55:31: Key Entry ... OK
2014/09/29 08:55:31: Complete.
2014/09/29 08:55:31: COM PORT CLOSE ... OK
2014/09/29 08:55:31: 
2014/09/29 08:55:31: ==== Processing was completed ====
2014/09/29 08:55:31: 
*************************************************


*********** Start the Initialize Key Check **********
2014/09/29 08:55:31: Tool Ver: 2013.0605.01
2014/09/29 08:55:31: COM PORT OPEN ... OK
2014/09/29 08:55:32:
2014/09/29 08:55:32: ProductS/N:  VRW06A114900655
2014/09/29 08:55:32: TID: 8604202A2AE62080
2014/09/29 08:55:32: F/W Version: 00.00.08
2014/09/29 08:55:32:
2014/09/29 08:55:32: MasterKey Key Entry ... OK
2014/09/29 08:55:32: PowerON Counter Key Entry ... OK
2014/09/29 08:55:32: Key Entry ... OK
2014/09/29 08:55:32: Complete.
2014/09/29 08:55:32: COM PORT CLOSE ... OK
2014/09/29 08:55:32: 
2014/09/29 08:55:32: ==== Processing was completed ====
2014/09/29 08:55:32: 
*************************************************


*********** Start the Initialize Key Check **********
2014/09/29 08:55:33: Tool Ver: 2013.0605.01
2014/09/29 08:55:33: COM PORT OPEN ... OK
2014/09/29 08:55:33:
2014/09/29 08:55:33: ProductS/N:  VRW06A114900655
2014/09/29 08:55:33: TID: 8604202A2AE62080
2014/09/29 08:55:33: F/W Version: 00.00.08
2014/09/29 08:55:33:
2014/09/29 08:55:33: MasterKey Key Entry ... OK
2014/09/29 08:55:33: PowerON Counter Key Entry ... OK
2014/09/29 08:55:34: Key Entry ... OK
2014/09/29 08:55:34: Complete.
2014/09/29 08:55:34: COM PORT CLOSE ... OK
2014/09/29 08:55:34: 
2014/09/29 08:55:34: ==== Processing was completed ====
2014/09/29 08:55:34: 
*************************************************


*********** Start the Initialize Key Check **********
2014/09/29 08:55:35: Tool Ver: 2013.0605.01
2014/09/29 08:55:35: COM PORT OPEN ... OK
2014/09/29 08:55:35:
2014/09/29 08:55:35: ProductS/N:  VRW06A114900655
2014/09/29 08:55:35: TID: 8604202A2AE62080
2014/09/29 08:55:35: F/W Version: 00.00.08
2014/09/29 08:55:35:
2014/09/29 08:55:35: MasterKey Key Entry ... OK
2014/09/29 08:55:35: PowerON Counter Key Entry ... OK
2014/09/29 08:55:35: Key Entry ... OK
2014/09/29 08:55:35: Complete.
2014/09/29 08:55:35: COM PORT CLOSE ... OK
2014/09/29 08:55:35: 
2014/09/29 08:55:35: ==== Processing was completed ====
2014/09/29 08:55:35: 
*************************************************


*********** Start the Initialize Key Check **********
2014/09/29 09:00:05: Tool Ver: 2013.0605.01
2014/09/29 09:00:05: COM PORT OPEN ... OK
2014/09/29 09:00:05:
2014/09/29 09:00:05: ProductS/N:  VRW06A114900653
2014/09/29 09:00:05: TID: 86040F2FCAE52080
2014/09/29 09:00:05: F/W Version: 00.00.08
2014/09/29 09:00:05:
2014/09/29 09:00:05: MasterKey Key Entry ... OK
2014/09/29 09:00:05: PowerON Counter Key Entry ... OK
2014/09/29 09:00:06: Key Entry ... OK
2014/09/29 09:00:06: Complete.
2014/09/29 09:00:06: COM PORT CLOSE ... OK
2014/09/29 09:00:06: 
2014/09/29 09:00:06: ==== Processing was completed ====
2014/09/29 09:00:06: 
*************************************************


*********** Start the Initialize Key Check **********
2014/09/29 09:00:07: Tool Ver: 2013.0605.01
2014/09/29 09:00:07: COM PORT OPEN ... OK
2014/09/29 09:00:07:
2014/09/29 09:00:07: ProductS/N:  VRW06A114900653
2014/09/29 09:00:07: TID: 86040F2FCAE52080
2014/09/29 09:00:07: F/W Version: 00.00.08
2014/09/29 09:00:07:
2014/09/29 09:00:07: MasterKey Key Entry ... OK
2014/09/29 09:00:08: PowerON Counter Key Entry ... OK
2014/09/29 09:00:08: Key Entry ... OK
2014/09/29 09:00:08: Complete.
2014/09/29 09:00:08: COM PORT CLOSE ... OK
2014/09/29 09:00:08: 
2014/09/29 09:00:08: ==== Processing was completed ====
2014/09/29 09:00:08: 
*************************************************


*********** Start the Initialize Key Check **********
2014/09/29 09:00:09: Tool Ver: 2013.0605.01
2014/09/29 09:00:09: COM PORT OPEN ... OK
2014/09/29 09:00:09:
2014/09/29 09:00:09: ProductS/N:  VRW06A114900653
2014/09/29 09:00:09: TID: 86040F2FCAE52080
2014/09/29 09:00:09: F/W Version: 00.00.08
2014/09/29 09:00:09:
2014/09/29 09:00:09: MasterKey Key Entry ... OK
2014/09/29 09:00:09: PowerON Counter Key Entry ... OK
2014/09/29 09:00:10: Key Entry ... OK
2014/09/29 09:00:10: Complete.
2014/09/29 09:00:10: COM PORT CLOSE ... OK
2014/09/29 09:00:10: 
2014/09/29 09:00:10: ==== Processing was completed ====
2014/09/29 09:00:10: 
*************************************************


*********** Start the Initialize Key Check **********
2014/09/29 09:00:10: Tool Ver: 2013.0605.01
2014/09/29 09:00:10: COM PORT OPEN ... OK
2014/09/29 09:00:10:
2014/09/29 09:00:10: ProductS/N:  VRW06A114900653
2014/09/29 09:00:10: TID: 86040F2FCAE52080
2014/09/29 09:00:10: F/W Version: 00.00.08
2014/09/29 09:00:10:
2014/09/29 09:00:10: MasterKey Key Entry ... OK
2014/09/29 09:00:10: PowerON Counter Key Entry ... OK
2014/09/29 09:00:11: Key Entry ... OK
2014/09/29 09:00:11: Complete.
2014/09/29 09:00:11: COM PORT CLOSE ... OK
2014/09/29 09:00:11: 
2014/09/29 09:00:11: ==== Processing was completed ====
2014/09/29 09:00:11: 
*************************************************


*********** Start the Initialize Key Check **********
2014/09/29 09:00:12: Tool Ver: 2013.0605.01
2014/09/29 09:00:12: COM PORT OPEN ... OK
2014/09/29 09:00:12:
2014/09/29 09:00:12: ProductS/N:  VRW06A114900653
2014/09/29 09:00:12: TID: 86040F2FCAE52080
2014/09/29 09:00:12: F/W Version: 00.00.08
2014/09/29 09:00:12:
2014/09/29 09:00:12: MasterKey Key Entry ... OK
2014/09/29 09:00:12: PowerON Counter Key Entry ... OK
2014/09/29 09:00:13: Key Entry ... OK
2014/09/29 09:00:13: Complete.
2014/09/29 09:00:13: COM PORT CLOSE ... OK
2014/09/29 09:00:13: 
2014/09/29 09:00:13: ==== Processing was completed ====
2014/09/29 09:00:13: 
*************************************************


*********** Start the Initialize Key Check **********
2014/09/29 09:00:16: Tool Ver: 2013.0605.01
2014/09/29 09:00:16: COM PORT OPEN ... OK
2014/09/29 09:00:16:
2014/09/29 09:00:16: ProductS/N:  VRW06A114900653
2014/09/29 09:00:16: TID: 86040F2FCAE52080
2014/09/29 09:00:16: F/W Version: 00.00.08
2014/09/29 09:00:16:
2014/09/29 09:00:16: MasterKey Key Entry ... OK
2014/09/29 09:00:16: PowerON Counter Key Entry ... OK
2014/09/29 09:00:17: Key Entry ... OK
2014/09/29 09:00:17: Complete.
2014/09/29 09:00:17: COM PORT CLOSE ... OK
2014/09/29 09:00:17: 
2014/09/29 09:00:17: ==== Processing was completed ====
2014/09/29 09:00:17: 
*************************************************


*********** Start the Initialize Key Check **********
2014/09/29 09:05:52: Tool Ver: 2013.0605.01
2014/09/29 09:05:52: COM PORT OPEN ... OK
2014/09/29 09:05:52:
2014/09/29 09:05:52: ProductS/N:  VRW06A114900652
2014/09/29 09:05:52: TID: 86044031CAE52080
2014/09/29 09:05:52: F/W Version: 00.00.08
2014/09/29 09:05:52:
2014/09/29 09:05:52: MasterKey Key Entry ... OK
2014/09/29 09:05:52: PowerON Counter Key Entry ... OK
2014/09/29 09:05:53: Key Entry ... OK
2014/09/29 09:05:53: Complete.
2014/09/29 09:05:53: COM PORT CLOSE ... OK
2014/09/29 09:05:53: 
2014/09/29 09:05:53: ==== Processing was completed ====
2014/09/29 09:05:53: 
*************************************************


*********** Start the Initialize Key Check **********
2014/09/29 09:05:53: Tool Ver: 2013.0605.01
2014/09/29 09:05:53: COM PORT OPEN ... OK
2014/09/29 09:05:53:
2014/09/29 09:05:53: ProductS/N:  VRW06A114900652
2014/09/29 09:05:54: TID: 86044031CAE52080
2014/09/29 09:05:54: F/W Version: 00.00.08
2014/09/29 09:05:54:
2014/09/29 09:05:54: MasterKey Key Entry ... OK
2014/09/29 09:05:54: PowerON Counter Key Entry ... OK
2014/09/29 09:05:54: Key Entry ... OK
2014/09/29 09:05:54: Complete.
2014/09/29 09:05:54: COM PORT CLOSE ... OK
2014/09/29 09:05:54: 
2014/09/29 09:05:54: ==== Processing was completed ====
2014/09/29 09:05:54: 
*************************************************


*********** Start the Initialize Key Check **********
2014/09/29 09:05:55: Tool Ver: 2013.0605.01
2014/09/29 09:05:55: COM PORT OPEN ... OK
2014/09/29 09:05:55:
2014/09/29 09:05:55: ProductS/N:  VRW06A114900652
2014/09/29 09:05:55: TID: 86044031CAE52080
2014/09/29 09:05:55: F/W Version: 00.00.08
2014/09/29 09:05:55:
2014/09/29 09:05:55: MasterKey Key Entry ... OK
2014/09/29 09:05:55: PowerON Counter Key Entry ... OK
2014/09/29 09:05:56: Key Entry ... OK
2014/09/29 09:05:56: Complete.
2014/09/29 09:05:56: COM PORT CLOSE ... OK
2014/09/29 09:05:56: 
2014/09/29 09:05:56: ==== Processing was completed ====
2014/09/29 09:05:56: 
*************************************************


*********** Start the Initialize Key Check **********
2014/09/29 09:06:40: Tool Ver: 2013.0605.01
2014/09/29 09:06:40: COM PORT OPEN ... OK
2014/09/29 09:06:40:
2014/09/29 09:06:40: ProductS/N:  VRW06A114900652
2014/09/29 09:06:40: TID: 86044031CAE52080
2014/09/29 09:06:40: F/W Version: 00.00.08
2014/09/29 09:06:40:
2014/09/29 09:06:40: MasterKey Key Entry ... OK
2014/09/29 09:06:40: PowerON Counter Key Entry ... OK
2014/09/29 09:06:41: Key Entry ... OK
2014/09/29 09:06:41: Complete.
2014/09/29 09:06:41: COM PORT CLOSE ... OK
2014/09/29 09:06:41: 
2014/09/29 09:06:41: ==== Processing was completed ====
2014/09/29 09:06:41: 
*************************************************


*********** Start the Initialize Key Check **********
2014/09/29 09:15:17: Tool Ver: 2013.0605.01
2014/09/29 09:15:17: COM PORT OPEN ... OK
2014/09/29 09:15:17:
2014/09/29 09:15:17: ProductS/N:  VRW06A114900649
2014/09/29 09:15:17: TID: 86041D27CAE52080
2014/09/29 09:15:17: F/W Version: 00.00.08
2014/09/29 09:15:17:
2014/09/29 09:15:17: MasterKey Key Entry ... OK
2014/09/29 09:15:17: PowerON Counter Key Entry ... OK
2014/09/29 09:15:18: Key Entry ... OK
2014/09/29 09:15:18: Complete.
2014/09/29 09:15:18: COM PORT CLOSE ... OK
2014/09/29 09:15:18: 
2014/09/29 09:15:18: ==== Processing was completed ====
2014/09/29 09:15:18: 
*************************************************


*********** Start the Initialize Key Check **********
2014/09/29 09:15:20: Tool Ver: 2013.0605.01
2014/09/29 09:15:20: COM PORT OPEN ... OK
2014/09/29 09:15:20:
2014/09/29 09:15:20: ProductS/N:  VRW06A114900649
2014/09/29 09:15:20: TID: 86041D27CAE52080
2014/09/29 09:15:20: F/W Version: 00.00.08
2014/09/29 09:15:20:
2014/09/29 09:15:20: MasterKey Key Entry ... OK
2014/09/29 09:15:20: PowerON Counter Key Entry ... OK
2014/09/29 09:15:21: Key Entry ... OK
2014/09/29 09:15:21: Complete.
2014/09/29 09:15:21: COM PORT CLOSE ... OK
2014/09/29 09:15:21: 
2014/09/29 09:15:21: ==== Processing was completed ====
2014/09/29 09:15:21: 
*************************************************


*********** Start the Initialize Key Check **********
2014/09/29 09:30:58: Tool Ver: 2013.0605.01
2014/09/29 09:30:58: COM PORT OPEN ... OK
2014/09/29 09:30:58:
2014/09/29 09:30:58: ProductS/N:  VRW06A114900638V
2014/09/29 09:30:58: TID: 860410113AE62080
2014/09/29 09:30:58: F/W Version: 00.00.08
2014/09/29 09:30:58:
2014/09/29 09:30:58: MasterKey Key Entry ... OK
2014/09/29 09:30:58: PowerON Counter Key Entry ... OK
2014/09/29 09:30:59: Key Entry ... OK
2014/09/29 09:30:59: Complete.
2014/09/29 09:30:59: COM PORT CLOSE ... OK
2014/09/29 09:30:59: 
2014/09/29 09:30:59: ==== Processing was completed ====
2014/09/29 09:30:59: 
*************************************************


*********** Start the Initialize Key Check **********
2014/09/29 09:30:59: Tool Ver: 2013.0605.01
2014/09/29 09:30:59: COM PORT OPEN ... OK
2014/09/29 09:31:00:
2014/09/29 09:31:00: ProductS/N:  VRW06A114900638V
2014/09/29 09:31:00: TID: 860410113AE62080
2014/09/29 09:31:00: F/W Version: 00.00.08
2014/09/29 09:31:00:
2014/09/29 09:31:00: MasterKey Key Entry ... OK
2014/09/29 09:31:00: PowerON Counter Key Entry ... OK
2014/09/29 09:31:00: Key Entry ... OK
2014/09/29 09:31:00: Complete.
2014/09/29 09:31:00: COM PORT CLOSE ... OK
2014/09/29 09:31:00: 
2014/09/29 09:31:00: ==== Processing was completed ====
2014/09/29 09:31:00: 
*************************************************


*********** Start the Initialize Key Check **********
2014/09/29 09:31:01: Tool Ver: 2013.0605.01
2014/09/29 09:31:01: COM PORT OPEN ... OK
2014/09/29 09:31:01:
2014/09/29 09:31:01: ProductS/N:  VRW06A114900638V
2014/09/29 09:31:01: TID: 860410113AE62080
2014/09/29 09:31:01: F/W Version: 00.00.08
2014/09/29 09:31:01:
2014/09/29 09:31:01: MasterKey Key Entry ... OK
2014/09/29 09:31:01: PowerON Counter Key Entry ... OK
2014/09/29 09:31:02: Key Entry ... OK
2014/09/29 09:31:02: Complete.
2014/09/29 09:31:02: COM PORT CLOSE ... OK
2014/09/29 09:31:02: 
2014/09/29 09:31:02: ==== Processing was completed ====
2014/09/29 09:31:02: 
*************************************************


*********** Start the Initialize Key Check **********
2014/09/29 09:31:23: Tool Ver: 2013.0605.01
2014/09/29 09:31:23: COM PORT OPEN ... OK
2014/09/29 09:31:23:
2014/09/29 09:31:23: ProductS/N:  VRW06A114900638V
2014/09/29 09:31:23: TID: 860410113AE62080
2014/09/29 09:31:23: F/W Version: 00.00.08
2014/09/29 09:31:23:
2014/09/29 09:31:23: MasterKey Key Entry ... OK
2014/09/29 09:31:23: PowerON Counter Key Entry ... OK
2014/09/29 09:31:24: Key Entry ... OK
2014/09/29 09:31:24: Complete.
2014/09/29 09:31:24: COM PORT CLOSE ... OK
2014/09/29 09:31:24: 
2014/09/29 09:31:24: ==== Processing was completed ====
2014/09/29 09:31:24: 
*************************************************


*********** Start the Initialize Key Check **********
2014/09/29 09:36:04: Tool Ver: 2013.0605.01
2014/09/29 09:36:04: COM PORT OPEN ... OK
2014/09/29 09:36:04:
2014/09/29 09:36:04: ProductS/N:  VRW06A114900659
2014/09/29 09:36:04: TID: 860438103AE62080
2014/09/29 09:36:04: F/W Version: 00.00.08
2014/09/29 09:36:04:
2014/09/29 09:36:04: MasterKey Key Entry ... OK
2014/09/29 09:36:04: PowerON Counter Key Entry ... OK
2014/09/29 09:36:05: Key Entry ... OK
2014/09/29 09:36:05: Complete.
2014/09/29 09:36:05: COM PORT CLOSE ... OK
2014/09/29 09:36:05: 
2014/09/29 09:36:05: ==== Processing was completed ====
2014/09/29 09:36:05: 
*************************************************


*********** Start the Initialize Key Check **********
2014/09/29 09:36:05: Tool Ver: 2013.0605.01
2014/09/29 09:36:05: COM PORT OPEN ... OK
2014/09/29 09:36:06:
2014/09/29 09:36:06: ProductS/N:  VRW06A114900659
2014/09/29 09:36:06: TID: 860438103AE62080
2014/09/29 09:36:06: F/W Version: 00.00.08
2014/09/29 09:36:06:
2014/09/29 09:36:06: MasterKey Key Entry ... OK
2014/09/29 09:36:06: PowerON Counter Key Entry ... OK
2014/09/29 09:36:06: Key Entry ... OK
2014/09/29 09:36:06: Complete.
2014/09/29 09:36:06: COM PORT CLOSE ... OK
2014/09/29 09:36:06: 
2014/09/29 09:36:06: ==== Processing was completed ====
2014/09/29 09:36:06: 
*************************************************


*********** Start the Initialize Key Check **********
2014/09/29 09:36:07: Tool Ver: 2013.0605.01
2014/09/29 09:36:07: COM PORT OPEN ... OK
2014/09/29 09:36:07:
2014/09/29 09:36:07: ProductS/N:  VRW06A114900659
2014/09/29 09:36:07: TID: 860438103AE62080
2014/09/29 09:36:07: F/W Version: 00.00.08
2014/09/29 09:36:07:
2014/09/29 09:36:07: MasterKey Key Entry ... OK
2014/09/29 09:36:07: PowerON Counter Key Entry ... OK
2014/09/29 09:36:08: Key Entry ... OK
2014/09/29 09:36:08: Complete.
2014/09/29 09:36:08: COM PORT CLOSE ... OK
2014/09/29 09:36:08: 
2014/09/29 09:36:08: ==== Processing was completed ====
2014/09/29 09:36:08: 
*************************************************


*********** Start the Initialize Key Check **********
2014/09/29 09:36:08: Tool Ver: 2013.0605.01
2014/09/29 09:36:08: COM PORT OPEN ... OK
2014/09/29 09:36:09:
2014/09/29 09:36:09: ProductS/N:  VRW06A114900659
2014/09/29 09:36:09: TID: 860438103AE62080
2014/09/29 09:36:09: F/W Version: 00.00.08
2014/09/29 09:36:09:
2014/09/29 09:36:09: MasterKey Key Entry ... OK
2014/09/29 09:36:09: PowerON Counter Key Entry ... OK
2014/09/29 09:36:09: Key Entry ... OK
2014/09/29 09:36:09: Complete.
2014/09/29 09:36:09: COM PORT CLOSE ... OK
2014/09/29 09:36:09: 
2014/09/29 09:36:09: ==== Processing was completed ====
2014/09/29 09:36:09: 
*************************************************


*********** Start the Initialize Key Check **********
2014/09/29 09:36:10: Tool Ver: 2013.0605.01
2014/09/29 09:36:10: COM PORT OPEN ... OK
2014/09/29 09:36:10:
2014/09/29 09:36:10: ProductS/N:  VRW06A114900659
2014/09/29 09:36:10: TID: 860438103AE62080
2014/09/29 09:36:10: F/W Version: 00.00.08
2014/09/29 09:36:10:
2014/09/29 09:36:10: MasterKey Key Entry ... OK
2014/09/29 09:36:10: PowerON Counter Key Entry ... OK
2014/09/29 09:36:11: Key Entry ... OK
2014/09/29 09:36:11: Complete.
2014/09/29 09:36:11: COM PORT CLOSE ... OK
2014/09/29 09:36:11: 
2014/09/29 09:36:11: ==== Processing was completed ====
2014/09/29 09:36:11: 
*************************************************


*********** Start the Initialize Key Check **********
2014/09/29 09:38:38: Tool Ver: 2013.0605.01
2014/09/29 09:38:38: COM PORT OPEN ... OK
2014/09/29 09:38:38:
2014/09/29 09:38:38: ProductS/N:  VRW06A114800675
2014/09/29 09:38:38: TID: 86043B1E2AE62080
2014/09/29 09:38:38: F/W Version: 00.00.08
2014/09/29 09:38:38:
2014/09/29 09:38:38: MasterKey Key Entry ... OK
2014/09/29 09:38:38: PowerON Counter Key Entry ... OK
2014/09/29 09:38:39: Key Entry ... OK
2014/09/29 09:38:39: Complete.
2014/09/29 09:38:39: COM PORT CLOSE ... OK
2014/09/29 09:38:39: 
2014/09/29 09:38:39: ==== Processing was completed ====
2014/09/29 09:38:39: 
*************************************************


*********** Start the Initialize Key Check **********
2014/09/29 09:38:41: Tool Ver: 2013.0605.01
2014/09/29 09:38:41: COM PORT OPEN ... OK
2014/09/29 09:38:41:
2014/09/29 09:38:41: ProductS/N:  VRW06A114800675
2014/09/29 09:38:41: TID: 86043B1E2AE62080
2014/09/29 09:38:41: F/W Version: 00.00.08
2014/09/29 09:38:41:
2014/09/29 09:38:41: MasterKey Key Entry ... OK
2014/09/29 09:38:41: PowerON Counter Key Entry ... OK
2014/09/29 09:38:41: Key Entry ... OK
2014/09/29 09:38:41: Complete.
2014/09/29 09:38:41: COM PORT CLOSE ... OK
2014/09/29 09:38:41: 
2014/09/29 09:38:41: ==== Processing was completed ====
2014/09/29 09:38:41: 
*************************************************


*********** Start the Initialize Key Check **********
2014/09/29 09:41:15: Tool Ver: 2013.0605.01
2014/09/29 09:41:15: COM PORT OPEN ... OK
2014/09/29 09:41:15:
2014/09/29 09:41:15: ProductS/N:  VRW06A114900645
2014/09/29 09:41:15: TID: 86040934D2E52080
2014/09/29 09:41:15: F/W Version: 00.00.08
2014/09/29 09:41:15:
2014/09/29 09:41:15: MasterKey Key Entry ... OK
2014/09/29 09:41:15: PowerON Counter Key Entry ... OK
2014/09/29 09:41:16: Key Entry ... OK
2014/09/29 09:41:16: Complete.
2014/09/29 09:41:16: COM PORT CLOSE ... OK
2014/09/29 09:41:16: 
2014/09/29 09:41:16: ==== Processing was completed ====
2014/09/29 09:41:16: 
*************************************************


*********** Start the Initialize Key Check **********
2014/09/29 09:41:16: Tool Ver: 2013.0605.01
2014/09/29 09:41:16: COM PORT OPEN ... OK
2014/09/29 09:41:17:
2014/09/29 09:41:17: ProductS/N:  VRW06A114900645
2014/09/29 09:41:17: TID: 86040934D2E52080
2014/09/29 09:41:17: F/W Version: 00.00.08
2014/09/29 09:41:17:
2014/09/29 09:41:17: MasterKey Key Entry ... OK
2014/09/29 09:41:17: PowerON Counter Key Entry ... OK
2014/09/29 09:41:17: Key Entry ... OK
2014/09/29 09:41:17: Complete.
2014/09/29 09:41:17: COM PORT CLOSE ... OK
2014/09/29 09:41:17: 
2014/09/29 09:41:17: ==== Processing was completed ====
2014/09/29 09:41:17: 
*************************************************


*********** Start the Initialize Key Check **********
2014/09/29 09:41:18: Tool Ver: 2013.0605.01
2014/09/29 09:41:18: COM PORT OPEN ... OK
2014/09/29 09:41:18:
2014/09/29 09:41:18: ProductS/N:  VRW06A114900645
2014/09/29 09:41:18: TID: 86040934D2E52080
2014/09/29 09:41:18: F/W Version: 00.00.08
2014/09/29 09:41:18:
2014/09/29 09:41:18: MasterKey Key Entry ... OK
2014/09/29 09:41:18: PowerON Counter Key Entry ... OK
2014/09/29 09:41:18: Key Entry ... OK
2014/09/29 09:41:18: Complete.
2014/09/29 09:41:18: COM PORT CLOSE ... OK
2014/09/29 09:41:18: 
2014/09/29 09:41:18: ==== Processing was completed ====
2014/09/29 09:41:18: 
*************************************************


*********** Start the Initialize Key Check **********
2014/09/29 09:41:20: Tool Ver: 2013.0605.01
2014/09/29 09:41:20: COM PORT OPEN ... OK
2014/09/29 09:41:20:
2014/09/29 09:41:20: ProductS/N:  VRW06A114900645
2014/09/29 09:41:20: TID: 86040934D2E52080
2014/09/29 09:41:20: F/W Version: 00.00.08
2014/09/29 09:41:20:
2014/09/29 09:41:20: MasterKey Key Entry ... OK
2014/09/29 09:41:20: PowerON Counter Key Entry ... OK
2014/09/29 09:41:20: Key Entry ... OK
2014/09/29 09:41:20: Complete.
2014/09/29 09:41:20: COM PORT CLOSE ... OK
2014/09/29 09:41:20: 
2014/09/29 09:41:20: ==== Processing was completed ====
2014/09/29 09:41:20: 
*************************************************


*********** Start the Initialize Key Check **********
2014/09/29 09:41:21: Tool Ver: 2013.0605.01
2014/09/29 09:41:21: COM PORT OPEN ... OK
2014/09/29 09:41:21:
2014/09/29 09:41:21: ProductS/N:  VRW06A114900645
2014/09/29 09:41:21: TID: 86040934D2E52080
2014/09/29 09:41:21: F/W Version: 00.00.08
2014/09/29 09:41:21:
2014/09/29 09:41:21: MasterKey Key Entry ... OK
2014/09/29 09:41:21: PowerON Counter Key Entry ... OK
2014/09/29 09:41:22: Key Entry ... OK
2014/09/29 09:41:22: Complete.
2014/09/29 09:41:22: COM PORT CLOSE ... OK
2014/09/29 09:41:22: 
2014/09/29 09:41:22: ==== Processing was completed ====
2014/09/29 09:41:22: 
*************************************************


*********** Start the Initialize Key Check **********
2014/09/29 09:44:43: Tool Ver: 2013.0605.01
2014/09/29 09:44:43: COM PORT OPEN ... OK
2014/09/29 09:44:43:
2014/09/29 09:44:43: ProductS/N:  VRW06A114900563
2014/09/29 09:44:43: TID: 86041D2ECAE52080
2014/09/29 09:44:43: F/W Version: 00.00.08
2014/09/29 09:44:43:
2014/09/29 09:44:43: MasterKey Key Entry ... OK
2014/09/29 09:44:43: PowerON Counter Key Entry ... OK
2014/09/29 09:44:44: Key Entry ... OK
2014/09/29 09:44:44: Complete.
2014/09/29 09:44:44: COM PORT CLOSE ... OK
2014/09/29 09:44:44: 
2014/09/29 09:44:44: ==== Processing was completed ====
2014/09/29 09:44:44: 
*************************************************


*********** Start the Initialize Key Check **********
2014/09/29 09:44:45: Tool Ver: 2013.0605.01
2014/09/29 09:44:45: COM PORT OPEN ... OK
2014/09/29 09:44:45:
2014/09/29 09:44:45: ProductS/N:  VRW06A114900563
2014/09/29 09:44:45: TID: 86041D2ECAE52080
2014/09/29 09:44:45: F/W Version: 00.00.08
2014/09/29 09:44:45:
2014/09/29 09:44:45: MasterKey Key Entry ... OK
2014/09/29 09:44:45: PowerON Counter Key Entry ... OK
2014/09/29 09:44:45: Key Entry ... OK
2014/09/29 09:44:45: Complete.
2014/09/29 09:44:45: COM PORT CLOSE ... OK
2014/09/29 09:44:45: 
2014/09/29 09:44:45: ==== Processing was completed ====
2014/09/29 09:44:45: 
*************************************************


*********** Start the Initialize Key Check **********
2014/09/29 09:44:46: Tool Ver: 2013.0605.01
2014/09/29 09:44:46: COM PORT OPEN ... OK
2014/09/29 09:44:46:
2014/09/29 09:44:46: ProductS/N:  VRW06A114900563
2014/09/29 09:44:46: TID: 86041D2ECAE52080
2014/09/29 09:44:46: F/W Version: 00.00.08
2014/09/29 09:44:46:
2014/09/29 09:44:46: MasterKey Key Entry ... OK
2014/09/29 09:44:46: PowerON Counter Key Entry ... OK
2014/09/29 09:44:47: Key Entry ... OK
2014/09/29 09:44:47: Complete.
2014/09/29 09:44:47: COM PORT CLOSE ... OK
2014/09/29 09:44:47: 
2014/09/29 09:44:47: ==== Processing was completed ====
2014/09/29 09:44:47: 
*************************************************


*********** Start the Initialize Key Check **********
2014/09/29 09:44:47: Tool Ver: 2013.0605.01
2014/09/29 09:44:47: COM PORT OPEN ... OK
2014/09/29 09:44:47:
2014/09/29 09:44:47: ProductS/N:  VRW06A114900563
2014/09/29 09:44:47: TID: 86041D2ECAE52080
2014/09/29 09:44:47: F/W Version: 00.00.08
2014/09/29 09:44:47:
2014/09/29 09:44:47: MasterKey Key Entry ... OK
2014/09/29 09:44:47: PowerON Counter Key Entry ... OK
2014/09/29 09:44:48: Key Entry ... OK
2014/09/29 09:44:48: Complete.
2014/09/29 09:44:48: COM PORT CLOSE ... OK
2014/09/29 09:44:48: 
2014/09/29 09:44:48: ==== Processing was completed ====
2014/09/29 09:44:48: 
*************************************************


*********** Start the Initialize Key Check **********
2014/09/29 09:53:07: Tool Ver: 2013.0605.01
2014/09/29 09:53:07: COM PORT OPEN ... OK
2014/09/29 09:53:07:
2014/09/29 09:53:07: ProductS/N:  VRW06A114900641
2014/09/29 09:53:07: TID: 86041A32CAE52080
2014/09/29 09:53:07: F/W Version: 00.00.08
2014/09/29 09:53:07:
2014/09/29 09:53:07: MasterKey Key Entry ... OK
2014/09/29 09:53:07: PowerON Counter Key Entry ... OK
2014/09/29 09:53:08: Key Entry ... OK
2014/09/29 09:53:08: Complete.
2014/09/29 09:53:08: COM PORT CLOSE ... OK
2014/09/29 09:53:08: 
2014/09/29 09:53:08: ==== Processing was completed ====
2014/09/29 09:53:08: 
*************************************************


*********** Start the Initialize Key Check **********
2014/09/29 09:53:08: Tool Ver: 2013.0605.01
2014/09/29 09:53:08: COM PORT OPEN ... OK
2014/09/29 09:53:09:
2014/09/29 09:53:09: ProductS/N:  VRW06A114900641
2014/09/29 09:53:09: TID: 86041A32CAE52080
2014/09/29 09:53:09: F/W Version: 00.00.08
2014/09/29 09:53:09:
2014/09/29 09:53:09: MasterKey Key Entry ... OK
2014/09/29 09:53:09: PowerON Counter Key Entry ... OK
2014/09/29 09:53:09: Key Entry ... OK
2014/09/29 09:53:09: Complete.
2014/09/29 09:53:09: COM PORT CLOSE ... OK
2014/09/29 09:53:09: 
2014/09/29 09:53:09: ==== Processing was completed ====
2014/09/29 09:53:09: 
*************************************************


*********** Start the Initialize Key Check **********
2014/09/29 10:12:17: Tool Ver: 2013.0605.01
2014/09/29 10:12:17: COM PORT OPEN ... OK
2014/09/29 10:12:17:
2014/09/29 10:12:17: ProductS/N:  VRW06A114900585
2014/09/29 10:12:17: TID: 860407222AE62080
2014/09/29 10:12:17: F/W Version: 00.00.08
2014/09/29 10:12:17:
2014/09/29 10:12:17: MasterKey Key Entry ... OK
2014/09/29 10:12:17: PowerON Counter Key Entry ... OK
2014/09/29 10:12:18: Key Entry ... OK
2014/09/29 10:12:18: Complete.
2014/09/29 10:12:18: COM PORT CLOSE ... OK
2014/09/29 10:12:18: 
2014/09/29 10:12:18: ==== Processing was completed ====
2014/09/29 10:12:18: 
*************************************************


*********** Start the Initialize Key Check **********
2014/09/29 10:12:20: Tool Ver: 2013.0605.01
2014/09/29 10:12:20: COM PORT OPEN ... OK
2014/09/29 10:12:20:
2014/09/29 10:12:20: ProductS/N:  VRW06A114900585
2014/09/29 10:12:20: TID: 860407222AE62080
2014/09/29 10:12:20: F/W Version: 00.00.08
2014/09/29 10:12:20:
2014/09/29 10:12:20: MasterKey Key Entry ... OK
2014/09/29 10:12:20: PowerON Counter Key Entry ... OK
2014/09/29 10:12:20: Key Entry ... OK
2014/09/29 10:12:20: Complete.
2014/09/29 10:12:20: COM PORT CLOSE ... OK
2014/09/29 10:12:20: 
2014/09/29 10:12:20: ==== Processing was completed ====
2014/09/29 10:12:20: 
*************************************************


*********** Start the Initialize Key Check **********
2014/09/29 10:12:21: Tool Ver: 2013.0605.01
2014/09/29 10:12:21: COM PORT OPEN ... OK
2014/09/29 10:12:21:
2014/09/29 10:12:21: ProductS/N:  VRW06A114900585
2014/09/29 10:12:21: TID: 860407222AE62080
2014/09/29 10:12:21: F/W Version: 00.00.08
2014/09/29 10:12:21:
2014/09/29 10:12:21: MasterKey Key Entry ... OK
2014/09/29 10:12:21: PowerON Counter Key Entry ... OK
2014/09/29 10:12:22: Key Entry ... OK
2014/09/29 10:12:22: Complete.
2014/09/29 10:12:22: COM PORT CLOSE ... OK
2014/09/29 10:12:22: 
2014/09/29 10:12:22: ==== Processing was completed ====
2014/09/29 10:12:22: 
*************************************************


*********** Start the Initialize Key Check **********
2014/09/29 10:23:05: Tool Ver: 2013.0605.01
2014/09/29 10:23:05: Product S/N ... ERROR
2014/09/29 10:23:05: 
2014/09/29 10:23:05: ######## Error has occurred ########
2014/09/29 10:23:05: 
*************************************************


*********** Start the Initialize Key Check **********
2014/09/29 10:23:06: Tool Ver: 2013.0605.01
2014/09/29 10:23:06: Product S/N ... ERROR
2014/09/29 10:23:06: 
2014/09/29 10:23:06: ######## Error has occurred ########
2014/09/29 10:23:06: 
*************************************************


*********** Start the Initialize Key Check **********
2014/09/29 10:23:06: Tool Ver: 2013.0605.01
2014/09/29 10:23:06: Product S/N ... ERROR
2014/09/29 10:23:06: 
2014/09/29 10:23:06: ######## Error has occurred ########
2014/09/29 10:23:06: 
*************************************************


*********** Start the Initialize Key Check **********
2014/09/29 10:23:06: Tool Ver: 2013.0605.01
2014/09/29 10:23:06: Product S/N ... ERROR
2014/09/29 10:23:06: 
2014/09/29 10:23:06: ######## Error has occurred ########
2014/09/29 10:23:06: 
*************************************************


*********** Start the Initialize Key Check **********
2014/09/29 10:23:07: Tool Ver: 2013.0605.01
2014/09/29 10:23:07: Product S/N ... ERROR
2014/09/29 10:23:07: 
2014/09/29 10:23:07: ######## Error has occurred ########
2014/09/29 10:23:07: 
*************************************************


*********** Start the Initialize Key Check **********
2014/09/29 10:23:07: Tool Ver: 2013.0605.01
2014/09/29 10:23:07: Product S/N ... ERROR
2014/09/29 10:23:07: 
2014/09/29 10:23:07: ######## Error has occurred ########
2014/09/29 10:23:07: 
*************************************************


*********** Start the Initialize Key Check **********
2014/09/29 10:23:07: Tool Ver: 2013.0605.01
2014/09/29 10:23:07: Product S/N ... ERROR
2014/09/29 10:23:07: 
2014/09/29 10:23:07: ######## Error has occurred ########
2014/09/29 10:23:07: 
*************************************************


*********** Start the Initialize Key Check **********
2014/09/29 10:23:07: Tool Ver: 2013.0605.01
2014/09/29 10:23:07: Product S/N ... ERROR
2014/09/29 10:23:07: 
2014/09/29 10:23:07: ######## Error has occurred ########
2014/09/29 10:23:07: 
*************************************************


*********** Start the Initialize Key Check **********
2014/09/29 10:23:08: Tool Ver: 2013.0605.01
2014/09/29 10:23:08: Product S/N ... ERROR
2014/09/29 10:23:08: 
2014/09/29 10:23:08: ######## Error has occurred ########
2014/09/29 10:23:08: 
*************************************************


*********** Start the Initialize Key Check **********
2014/09/29 10:23:08: Tool Ver: 2013.0605.01
2014/09/29 10:23:08: Product S/N ... ERROR
2014/09/29 10:23:08: 
2014/09/29 10:23:08: ######## Error has occurred ########
2014/09/29 10:23:08: 
*************************************************


*********** Start the Initialize Key Check **********
2014/09/29 10:23:08: Tool Ver: 2013.0605.01
2014/09/29 10:23:08: Product S/N ... ERROR
2014/09/29 10:23:08: 
2014/09/29 10:23:08: ######## Error has occurred ########
2014/09/29 10:23:08: 
*************************************************


*********** Start the Initialize Key Check **********
2014/09/29 10:25:20: Tool Ver: 2013.0605.01
2014/09/29 10:25:20: COM PORT OPEN ... OK
2014/09/29 10:25:21:
2014/09/29 10:25:21: ProductS/N:  VRW06A114900647
2014/09/29 10:25:21: TID: 860430143AE62080
2014/09/29 10:25:21: F/W Version: 00.00.08
2014/09/29 10:25:21:
2014/09/29 10:25:21: MasterKey Key Entry ... OK
2014/09/29 10:25:21: PowerON Counter Key Entry ... OK
2014/09/29 10:25:21: Key Entry ... OK
2014/09/29 10:25:21: Complete.
2014/09/29 10:25:21: COM PORT CLOSE ... OK
2014/09/29 10:25:21: 
2014/09/29 10:25:21: ==== Processing was completed ====
2014/09/29 10:25:21: 
*************************************************


*********** Start the Initialize Key Check **********
2014/09/29 10:25:22: Tool Ver: 2013.0605.01
2014/09/29 10:25:22: COM PORT OPEN ... OK
2014/09/29 10:25:22:
2014/09/29 10:25:22: ProductS/N:  VRW06A114900647
2014/09/29 10:25:22: TID: 860430143AE62080
2014/09/29 10:25:22: F/W Version: 00.00.08
2014/09/29 10:25:22:
2014/09/29 10:25:22: MasterKey Key Entry ... OK
2014/09/29 10:25:22: PowerON Counter Key Entry ... OK
2014/09/29 10:25:23: Key Entry ... OK
2014/09/29 10:25:23: Complete.
2014/09/29 10:25:23: COM PORT CLOSE ... OK
2014/09/29 10:25:23: 
2014/09/29 10:25:23: ==== Processing was completed ====
2014/09/29 10:25:23: 
*************************************************


*********** Start the Initialize Key Check **********
2014/09/29 10:25:24: Tool Ver: 2013.0605.01
2014/09/29 10:25:24: COM PORT OPEN ... OK
2014/09/29 10:25:24:
2014/09/29 10:25:24: ProductS/N:  VRW06A114900647
2014/09/29 10:25:24: TID: 860430143AE62080
2014/09/29 10:25:24: F/W Version: 00.00.08
2014/09/29 10:25:24:
2014/09/29 10:25:24: MasterKey Key Entry ... OK
2014/09/29 10:25:24: PowerON Counter Key Entry ... OK
2014/09/29 10:25:25: Key Entry ... OK
2014/09/29 10:25:25: Complete.
2014/09/29 10:25:25: COM PORT CLOSE ... OK
2014/09/29 10:25:25: 
2014/09/29 10:25:25: ==== Processing was completed ====
2014/09/29 10:25:25: 
*************************************************


*********** Start the Initialize Key Check **********
2014/09/29 10:32:51: Tool Ver: 2013.0605.01
2014/09/29 10:32:51: COM PORT OPEN ... OK
2014/09/29 10:32:51:
2014/09/29 10:32:51: ProductS/N:  VRW06A114900641
2014/09/29 10:32:51: TID: 86041A32CAE52080
2014/09/29 10:32:51: F/W Version: 00.00.08
2014/09/29 10:32:51:
2014/09/29 10:32:51: MasterKey Key Entry ... OK
2014/09/29 10:32:51: PowerON Counter Key Entry ... OK
2014/09/29 10:32:52: Key Entry ... OK
2014/09/29 10:32:52: Complete.
2014/09/29 10:32:52: COM PORT CLOSE ... OK
2014/09/29 10:32:52: 
2014/09/29 10:32:52: ==== Processing was completed ====
2014/09/29 10:32:52: 
*************************************************


*********** Start the Initialize Key Check **********
2014/09/29 10:32:52: Tool Ver: 2013.0605.01
2014/09/29 10:32:52: COM PORT OPEN ... OK
2014/09/29 10:32:52:
2014/09/29 10:32:52: ProductS/N:  VRW06A114900641
2014/09/29 10:32:52: TID: 86041A32CAE52080
2014/09/29 10:32:52: F/W Version: 00.00.08
2014/09/29 10:32:52:
2014/09/29 10:32:52: MasterKey Key Entry ... OK
2014/09/29 10:32:52: PowerON Counter Key Entry ... OK
2014/09/29 10:32:53: Key Entry ... OK
2014/09/29 10:32:53: Complete.
2014/09/29 10:32:53: COM PORT CLOSE ... OK
2014/09/29 10:32:53: 
2014/09/29 10:32:53: ==== Processing was completed ====
2014/09/29 10:32:53: 
*************************************************


*********** Start the Initialize Key Check **********
2014/09/29 10:32:54: Tool Ver: 2013.0605.01
2014/09/29 10:32:54: COM PORT OPEN ... OK
2014/09/29 10:32:54:
2014/09/29 10:32:54: ProductS/N:  VRW06A114900641
2014/09/29 10:32:54: TID: 86041A32CAE52080
2014/09/29 10:32:54: F/W Version: 00.00.08
2014/09/29 10:32:54:
2014/09/29 10:32:54: MasterKey Key Entry ... OK
2014/09/29 10:32:54: PowerON Counter Key Entry ... OK
2014/09/29 10:32:54: Key Entry ... OK
2014/09/29 10:32:54: Complete.
2014/09/29 10:32:54: COM PORT CLOSE ... OK
2014/09/29 10:32:54: 
2014/09/29 10:32:54: ==== Processing was completed ====
2014/09/29 10:32:54: 
*************************************************


*********** Start the Initialize Key Check **********
2014/09/29 10:32:55: Tool Ver: 2013.0605.01
2014/09/29 10:32:55: COM PORT OPEN ... OK
2014/09/29 10:32:55:
2014/09/29 10:32:55: ProductS/N:  VRW06A114900641
2014/09/29 10:32:55: TID: 86041A32CAE52080
2014/09/29 10:32:55: F/W Version: 00.00.08
2014/09/29 10:32:55:
2014/09/29 10:32:55: MasterKey Key Entry ... OK
2014/09/29 10:32:55: PowerON Counter Key Entry ... OK
2014/09/29 10:32:56: Key Entry ... OK
2014/09/29 10:32:56: Complete.
2014/09/29 10:32:56: COM PORT CLOSE ... OK
2014/09/29 10:32:56: 
2014/09/29 10:32:56: ==== Processing was completed ====
2014/09/29 10:32:56: 
*************************************************


*********** Start the Initialize Key Check **********
2014/09/29 10:43:40: Tool Ver: 2013.0605.01
2014/09/29 10:43:40: COM PORT OPEN ... OK
2014/09/29 10:43:40:
2014/09/29 10:43:40: ProductS/N:  VRW06A114800376
2014/09/29 10:43:40: TID: 860405202AE62080
2014/09/29 10:43:40: F/W Version: 00.00.08
2014/09/29 10:43:40:
2014/09/29 10:43:41: MasterKey Key Entry ... OK
2014/09/29 10:43:41: PowerON Counter Key Entry ... OK
2014/09/29 10:43:41: Key Entry ... OK
2014/09/29 10:43:41: Complete.
2014/09/29 10:43:41: COM PORT CLOSE ... OK
2014/09/29 10:43:41: 
2014/09/29 10:43:41: ==== Processing was completed ====
2014/09/29 10:43:41: 
*************************************************


*********** Start the Initialize Key Check **********
2014/09/29 10:43:42: Tool Ver: 2013.0605.01
2014/09/29 10:43:42: COM PORT OPEN ... OK
2014/09/29 10:43:42:
2014/09/29 10:43:42: ProductS/N:  VRW06A114800376
2014/09/29 10:43:42: TID: 860405202AE62080
2014/09/29 10:43:42: F/W Version: 00.00.08
2014/09/29 10:43:42:
2014/09/29 10:43:42: MasterKey Key Entry ... OK
2014/09/29 10:43:42: PowerON Counter Key Entry ... OK
2014/09/29 10:43:43: Key Entry ... OK
2014/09/29 10:43:43: Complete.
2014/09/29 10:43:43: COM PORT CLOSE ... OK
2014/09/29 10:43:43: 
2014/09/29 10:43:43: ==== Processing was completed ====
2014/09/29 10:43:43: 
*************************************************


*********** Start the Initialize Key Check **********
2014/09/29 10:52:09: Tool Ver: 2013.0605.01
2014/09/29 10:52:09: COM PORT OPEN ... OK
2014/09/29 10:52:09:
2014/09/29 10:52:09: ProductS/N:  VRW06A114900581
2014/09/29 10:52:09: TID: 8604411BD2E52080
2014/09/29 10:52:09: F/W Version: 00.00.08
2014/09/29 10:52:09:
2014/09/29 10:52:09: MasterKey Key Entry ... OK
2014/09/29 10:52:09: PowerON Counter Key Entry ... OK
2014/09/29 10:52:10: Key Entry ... OK
2014/09/29 10:52:10: Complete.
2014/09/29 10:52:10: COM PORT CLOSE ... OK
2014/09/29 10:52:10: 
2014/09/29 10:52:10: ==== Processing was completed ====
2014/09/29 10:52:10: 
*************************************************


*********** Start the Initialize Key Check **********
2014/09/29 10:52:11: Tool Ver: 2013.0605.01
2014/09/29 10:52:11: COM PORT OPEN ... OK
2014/09/29 10:52:11:
2014/09/29 10:52:11: ProductS/N:  VRW06A114900581
2014/09/29 10:52:11: TID: 8604411BD2E52080
2014/09/29 10:52:11: F/W Version: 00.00.08
2014/09/29 10:52:11:
2014/09/29 10:52:11: MasterKey Key Entry ... OK
2014/09/29 10:52:11: PowerON Counter Key Entry ... OK
2014/09/29 10:52:12: Key Entry ... OK
2014/09/29 10:52:12: Complete.
2014/09/29 10:52:12: COM PORT CLOSE ... OK
2014/09/29 10:52:12: 
2014/09/29 10:52:12: ==== Processing was completed ====
2014/09/29 10:52:12: 
*************************************************


*********** Start the Initialize Key Check **********
2014/09/29 10:56:17: Tool Ver: 2013.0605.01
2014/09/29 10:56:17: COM PORT OPEN ... OK
2014/09/29 10:56:17:
2014/09/29 10:56:17: ProductS/N:  VRW06A114900555
2014/09/29 10:56:17: TID: 860413282AE62080
2014/09/29 10:56:17: F/W Version: 00.00.08
2014/09/29 10:56:17:
2014/09/29 10:56:17: MasterKey Key Entry ... OK
2014/09/29 10:56:17: PowerON Counter Key Entry ... OK
2014/09/29 10:56:17: Key Entry ... OK
2014/09/29 10:56:17: Complete.
2014/09/29 10:56:17: COM PORT CLOSE ... OK
2014/09/29 10:56:17: 
2014/09/29 10:56:17: ==== Processing was completed ====
2014/09/29 10:56:17: 
*************************************************


*********** Start the Initialize Key Check **********
2014/09/29 10:56:18: Tool Ver: 2013.0605.01
2014/09/29 10:56:18: COM PORT OPEN ... OK
2014/09/29 10:56:18:
2014/09/29 10:56:18: ProductS/N:  VRW06A114900555
2014/09/29 10:56:18: TID: 860413282AE62080
2014/09/29 10:56:18: F/W Version: 00.00.08
2014/09/29 10:56:18:
2014/09/29 10:56:18: MasterKey Key Entry ... OK
2014/09/29 10:56:18: PowerON Counter Key Entry ... OK
2014/09/29 10:56:19: Key Entry ... OK
2014/09/29 10:56:19: Complete.
2014/09/29 10:56:19: COM PORT CLOSE ... OK
2014/09/29 10:56:19: 
2014/09/29 10:56:19: ==== Processing was completed ====
2014/09/29 10:56:19: 
*************************************************


*********** Start the Initialize Key Check **********
2014/09/29 10:56:20: Tool Ver: 2013.0605.01
2014/09/29 10:56:20: COM PORT OPEN ... OK
2014/09/29 10:56:20:
2014/09/29 10:56:20: ProductS/N:  VRW06A114900555
2014/09/29 10:56:20: TID: 860413282AE62080
2014/09/29 10:56:20: F/W Version: 00.00.08
2014/09/29 10:56:20:
2014/09/29 10:56:20: MasterKey Key Entry ... OK
2014/09/29 10:56:20: PowerON Counter Key Entry ... OK
2014/09/29 10:56:20: Key Entry ... OK
2014/09/29 10:56:20: Complete.
2014/09/29 10:56:20: COM PORT CLOSE ... OK
2014/09/29 10:56:20: 
2014/09/29 10:56:20: ==== Processing was completed ====
2014/09/29 10:56:20: 
*************************************************


*********** Start the Initialize Key Check **********
2014/09/29 10:56:21: Tool Ver: 2013.0605.01
2014/09/29 10:56:21: COM PORT OPEN ... OK
2014/09/29 10:56:21:
2014/09/29 10:56:21: ProductS/N:  VRW06A114900555
2014/09/29 10:56:21: TID: 860413282AE62080
2014/09/29 10:56:21: F/W Version: 00.00.08
2014/09/29 10:56:21:
2014/09/29 10:56:21: MasterKey Key Entry ... OK
2014/09/29 10:56:21: PowerON Counter Key Entry ... OK
2014/09/29 10:56:22: Key Entry ... OK
2014/09/29 10:56:22: Complete.
2014/09/29 10:56:22: COM PORT CLOSE ... OK
2014/09/29 10:56:22: 
2014/09/29 10:56:22: ==== Processing was completed ====
2014/09/29 10:56:22: 
*************************************************


*********** Start the Initialize Key Check **********
2014/09/29 11:01:20: Tool Ver: 2013.0605.01
2014/09/29 11:01:20: COM PORT OPEN ... OK
2014/09/29 11:01:20:
2014/09/29 11:01:20: ProductS/N:  VRW06A114900663
2014/09/29 11:01:20: TID: 86041F2B2AE62080
2014/09/29 11:01:20: F/W Version: 00.00.08
2014/09/29 11:01:20:
2014/09/29 11:01:20: MasterKey Key Entry ... OK
2014/09/29 11:01:20: PowerON Counter Key Entry ... OK
2014/09/29 11:01:21: Key Entry ... OK
2014/09/29 11:01:21: Complete.
2014/09/29 11:01:21: COM PORT CLOSE ... OK
2014/09/29 11:01:21: 
2014/09/29 11:01:21: ==== Processing was completed ====
2014/09/29 11:01:21: 
*************************************************


*********** Start the Initialize Key Check **********
2014/09/29 11:01:22: Tool Ver: 2013.0605.01
2014/09/29 11:01:22: COM PORT OPEN ... OK
2014/09/29 11:01:22:
2014/09/29 11:01:22: ProductS/N:  VRW06A114900663
2014/09/29 11:01:22: TID: 86041F2B2AE62080
2014/09/29 11:01:22: F/W Version: 00.00.08
2014/09/29 11:01:22:
2014/09/29 11:01:22: MasterKey Key Entry ... OK
2014/09/29 11:01:22: PowerON Counter Key Entry ... OK
2014/09/29 11:01:22: Key Entry ... OK
2014/09/29 11:01:22: Complete.
2014/09/29 11:01:22: COM PORT CLOSE ... OK
2014/09/29 11:01:22: 
2014/09/29 11:01:22: ==== Processing was completed ====
2014/09/29 11:01:22: 
*************************************************


*********** Start the Initialize Key Check **********
2014/09/29 11:01:23: Tool Ver: 2013.0605.01
2014/09/29 11:01:23: COM PORT OPEN ... OK
2014/09/29 11:01:23:
2014/09/29 11:01:23: ProductS/N:  VRW06A114900663
2014/09/29 11:01:23: TID: 86041F2B2AE62080
2014/09/29 11:01:23: F/W Version: 00.00.08
2014/09/29 11:01:23:
2014/09/29 11:01:23: MasterKey Key Entry ... OK
2014/09/29 11:01:23: PowerON Counter Key Entry ... OK
2014/09/29 11:01:24: Key Entry ... OK
2014/09/29 11:01:24: Complete.
2014/09/29 11:01:24: COM PORT CLOSE ... OK
2014/09/29 11:01:24: 
2014/09/29 11:01:24: ==== Processing was completed ====
2014/09/29 11:01:24: 
*************************************************


*********** Start the Initialize Key Check **********
2014/09/29 11:01:24: Tool Ver: 2013.0605.01
2014/09/29 11:01:24: COM PORT OPEN ... OK
2014/09/29 11:01:24:
2014/09/29 11:01:24: ProductS/N:  VRW06A114900663
2014/09/29 11:01:24: TID: 86041F2B2AE62080
2014/09/29 11:01:24: F/W Version: 00.00.08
2014/09/29 11:01:24:
2014/09/29 11:01:24: MasterKey Key Entry ... OK
2014/09/29 11:01:24: PowerON Counter Key Entry ... OK
2014/09/29 11:01:25: Key Entry ... OK
2014/09/29 11:01:25: Complete.
2014/09/29 11:01:25: COM PORT CLOSE ... OK
2014/09/29 11:01:25: 
2014/09/29 11:01:25: ==== Processing was completed ====
2014/09/29 11:01:25: 
*************************************************


*********** Start the Initialize Key Check **********
2014/09/29 11:10:08: Tool Ver: 2013.0605.01
2014/09/29 11:10:08: COM PORT OPEN ... OK
2014/09/29 11:10:08:
2014/09/29 11:10:08: ProductS/N:  VRW06A114900546
2014/09/29 11:10:08: TID: 860412202AE62080
2014/09/29 11:10:08: F/W Version: 00.00.08
2014/09/29 11:10:08:
2014/09/29 11:10:08: MasterKey Key Entry ... OK
2014/09/29 11:10:08: PowerON Counter Key Entry ... OK
2014/09/29 11:10:09: Key Entry ... OK
2014/09/29 11:10:09: Complete.
2014/09/29 11:10:09: COM PORT CLOSE ... OK
2014/09/29 11:10:09: 
2014/09/29 11:10:09: ==== Processing was completed ====
2014/09/29 11:10:09: 
*************************************************


*********** Start the Initialize Key Check **********
2014/09/29 11:10:09: Tool Ver: 2013.0605.01
2014/09/29 11:10:09: COM PORT OPEN ... OK
2014/09/29 11:10:09:
2014/09/29 11:10:09: ProductS/N:  VRW06A114900546
2014/09/29 11:10:09: TID: 860412202AE62080
2014/09/29 11:10:09: F/W Version: 00.00.08
2014/09/29 11:10:09:
2014/09/29 11:10:10: MasterKey Key Entry ... OK
2014/09/29 11:10:10: PowerON Counter Key Entry ... OK
2014/09/29 11:10:10: Key Entry ... OK
2014/09/29 11:10:10: Complete.
2014/09/29 11:10:10: COM PORT CLOSE ... OK
2014/09/29 11:10:10: 
2014/09/29 11:10:10: ==== Processing was completed ====
2014/09/29 11:10:10: 
*************************************************


*********** Start the Initialize Key Check **********
2014/09/29 11:10:11: Tool Ver: 2013.0605.01
2014/09/29 11:10:11: COM PORT OPEN ... OK
2014/09/29 11:10:11:
2014/09/29 11:10:11: ProductS/N:  VRW06A114900546
2014/09/29 11:10:11: TID: 860412202AE62080
2014/09/29 11:10:11: F/W Version: 00.00.08
2014/09/29 11:10:11:
2014/09/29 11:10:11: MasterKey Key Entry ... OK
2014/09/29 11:10:11: PowerON Counter Key Entry ... OK
2014/09/29 11:10:11: Key Entry ... OK
2014/09/29 11:10:11: Complete.
2014/09/29 11:10:11: COM PORT CLOSE ... OK
2014/09/29 11:10:11: 
2014/09/29 11:10:11: ==== Processing was completed ====
2014/09/29 11:10:11: 
*************************************************


*********** Start the Initialize Key Check **********
2014/09/29 11:10:13: Tool Ver: 2013.0605.01
2014/09/29 11:10:13: COM PORT OPEN ... OK
2014/09/29 11:10:13:
2014/09/29 11:10:13: ProductS/N:  VRW06A114900546
2014/09/29 11:10:13: TID: 860412202AE62080
2014/09/29 11:10:13: F/W Version: 00.00.08
2014/09/29 11:10:13:
2014/09/29 11:10:13: MasterKey Key Entry ... OK
2014/09/29 11:10:13: PowerON Counter Key Entry ... OK
2014/09/29 11:10:13: Key Entry ... OK
2014/09/29 11:10:13: Complete.
2014/09/29 11:10:13: COM PORT CLOSE ... OK
2014/09/29 11:10:13: 
2014/09/29 11:10:13: ==== Processing was completed ====
2014/09/29 11:10:13: 
*************************************************


*********** Start the Initialize Key Check **********
2014/09/29 11:16:55: Tool Ver: 2013.0605.01
2014/09/29 11:16:55: COM PORT OPEN ... OK
2014/09/29 11:16:55:
2014/09/29 11:16:55: ProductS/N:  VRW06A114900662
2014/09/29 11:16:55: TID: 86043227CAE52080
2014/09/29 11:16:55: F/W Version: 00.00.08
2014/09/29 11:16:55:
2014/09/29 11:16:55: MasterKey Key Entry ... OK
2014/09/29 11:16:55: PowerON Counter Key Entry ... OK
2014/09/29 11:16:55: Key Entry ... OK
2014/09/29 11:16:55: Complete.
2014/09/29 11:16:55: COM PORT CLOSE ... OK
2014/09/29 11:16:55: 
2014/09/29 11:16:55: ==== Processing was completed ====
2014/09/29 11:16:55: 
*************************************************


*********** Start the Initialize Key Check **********
2014/09/29 11:16:57: Tool Ver: 2013.0605.01
2014/09/29 11:16:57: COM PORT OPEN ... OK
2014/09/29 11:16:57:
2014/09/29 11:16:57: ProductS/N:  VRW06A114900662
2014/09/29 11:16:58: TID: 86043227CAE52080
2014/09/29 11:16:58: F/W Version: 00.00.08
2014/09/29 11:16:58:
2014/09/29 11:16:58: MasterKey Key Entry ... OK
2014/09/29 11:16:58: PowerON Counter Key Entry ... OK
2014/09/29 11:16:58: Key Entry ... OK
2014/09/29 11:16:58: Complete.
2014/09/29 11:16:58: COM PORT CLOSE ... OK
2014/09/29 11:16:58: 
2014/09/29 11:16:58: ==== Processing was completed ====
2014/09/29 11:16:58: 
*************************************************


*********** Start the Initialize Key Check **********
2014/09/29 11:17:00: Tool Ver: 2013.0605.01
2014/09/29 11:17:00: COM PORT OPEN ... OK
2014/09/29 11:17:00:
2014/09/29 11:17:00: ProductS/N:  VRW06A114900662
2014/09/29 11:17:00: TID: 86043227CAE52080
2014/09/29 11:17:00: F/W Version: 00.00.08
2014/09/29 11:17:00:
2014/09/29 11:17:00: MasterKey Key Entry ... OK
2014/09/29 11:17:00: PowerON Counter Key Entry ... OK
2014/09/29 11:17:00: Key Entry ... OK
2014/09/29 11:17:00: Complete.
2014/09/29 11:17:00: COM PORT CLOSE ... OK
2014/09/29 11:17:00: 
2014/09/29 11:17:00: ==== Processing was completed ====
2014/09/29 11:17:00: 
*************************************************


*********** Start the Initialize Key Check **********
2014/09/29 11:20:39: Tool Ver: 2013.0605.01
2014/09/29 11:20:39: COM PORT OPEN ... OK
2014/09/29 11:20:39:
2014/09/29 11:20:39: ProductS/N:  VRW06A114900658
2014/09/29 11:20:39: TID: 8604162ACAE52080
2014/09/29 11:20:39: F/W Version: 00.00.08
2014/09/29 11:20:39:
2014/09/29 11:20:39: MasterKey Key Entry ... OK
2014/09/29 11:20:39: PowerON Counter Key Entry ... OK
2014/09/29 11:20:40: Key Entry ... OK
2014/09/29 11:20:40: Complete.
2014/09/29 11:20:40: COM PORT CLOSE ... OK
2014/09/29 11:20:40: 
2014/09/29 11:20:40: ==== Processing was completed ====
2014/09/29 11:20:40: 
*************************************************


*********** Start the Initialize Key Check **********
2014/09/29 11:20:40: Tool Ver: 2013.0605.01
2014/09/29 11:20:40: COM PORT OPEN ... OK
2014/09/29 11:20:40:
2014/09/29 11:20:40: ProductS/N:  VRW06A114900658
2014/09/29 11:20:40: TID: 8604162ACAE52080
2014/09/29 11:20:40: F/W Version: 00.00.08
2014/09/29 11:20:40:
2014/09/29 11:20:40: MasterKey Key Entry ... OK
2014/09/29 11:20:40: PowerON Counter Key Entry ... OK
2014/09/29 11:20:41: Key Entry ... OK
2014/09/29 11:20:41: Complete.
2014/09/29 11:20:41: COM PORT CLOSE ... OK
2014/09/29 11:20:41: 
2014/09/29 11:20:41: ==== Processing was completed ====
2014/09/29 11:20:41: 
*************************************************


*********** Start the Initialize Key Check **********
2014/09/29 11:20:42: Tool Ver: 2013.0605.01
2014/09/29 11:20:42: COM PORT OPEN ... OK
2014/09/29 11:20:42:
2014/09/29 11:20:42: ProductS/N:  VRW06A114900658
2014/09/29 11:20:42: TID: 8604162ACAE52080
2014/09/29 11:20:42: F/W Version: 00.00.08
2014/09/29 11:20:42:
2014/09/29 11:20:42: MasterKey Key Entry ... OK
2014/09/29 11:20:42: PowerON Counter Key Entry ... OK
2014/09/29 11:20:43: Key Entry ... OK
2014/09/29 11:20:43: Complete.
2014/09/29 11:20:43: COM PORT CLOSE ... OK
2014/09/29 11:20:43: 
2014/09/29 11:20:43: ==== Processing was completed ====
2014/09/29 11:20:43: 
*************************************************


*********** Start the Initialize Key Check **********
2014/09/29 11:20:44: Tool Ver: 2013.0605.01
2014/09/29 11:20:44: COM PORT OPEN ... OK
2014/09/29 11:20:44:
2014/09/29 11:20:44: ProductS/N:  VRW06A114900658
2014/09/29 11:20:44: TID: 8604162ACAE52080
2014/09/29 11:20:44: F/W Version: 00.00.08
2014/09/29 11:20:44:
2014/09/29 11:20:44: MasterKey Key Entry ... OK
2014/09/29 11:20:44: PowerON Counter Key Entry ... OK
2014/09/29 11:20:44: Key Entry ... OK
2014/09/29 11:20:44: Complete.
2014/09/29 11:20:44: COM PORT CLOSE ... OK
2014/09/29 11:20:44: 
2014/09/29 11:20:44: ==== Processing was completed ====
2014/09/29 11:20:44: 
*************************************************


*********** Start the Initialize Key Check **********
2014/09/29 11:30:46: Tool Ver: 2013.0605.01
2014/09/29 11:30:46: COM PORT OPEN ... OK
2014/09/29 11:30:46:
2014/09/29 11:30:46: ProductS/N:  VRW06A114900612
2014/09/29 11:30:46: TID: 86042C30CAE52080
2014/09/29 11:30:46: F/W Version: 00.00.08
2014/09/29 11:30:46:
2014/09/29 11:30:47: MasterKey Key Entry ... OK
2014/09/29 11:30:47: PowerON Counter Key Entry ... OK
2014/09/29 11:30:47: Key Entry ... OK
2014/09/29 11:30:47: Complete.
2014/09/29 11:30:47: COM PORT CLOSE ... OK
2014/09/29 11:30:47: 
2014/09/29 11:30:47: ==== Processing was completed ====
2014/09/29 11:30:47: 
*************************************************


*********** Start the Initialize Key Check **********
2014/09/29 11:30:49: Tool Ver: 2013.0605.01
2014/09/29 11:30:49: COM PORT OPEN ... OK
2014/09/29 11:30:49:
2014/09/29 11:30:49: ProductS/N:  VRW06A114900612
2014/09/29 11:30:49: TID: 86042C30CAE52080
2014/09/29 11:30:49: F/W Version: 00.00.08
2014/09/29 11:30:49:
2014/09/29 11:30:49: MasterKey Key Entry ... OK
2014/09/29 11:30:49: PowerON Counter Key Entry ... OK
2014/09/29 11:30:50: Key Entry ... OK
2014/09/29 11:30:50: Complete.
2014/09/29 11:30:50: COM PORT CLOSE ... OK
2014/09/29 11:30:50: 
2014/09/29 11:30:50: ==== Processing was completed ====
2014/09/29 11:30:50: 
*************************************************


*********** Start the Initialize Key Check **********
2014/09/29 11:30:50: Tool Ver: 2013.0605.01
2014/09/29 11:30:50: COM PORT OPEN ... OK
2014/09/29 11:30:50:
2014/09/29 11:30:50: ProductS/N:  VRW06A114900612
2014/09/29 11:30:50: TID: 86042C30CAE52080
2014/09/29 11:30:50: F/W Version: 00.00.08
2014/09/29 11:30:50:
2014/09/29 11:30:50: MasterKey Key Entry ... OK
2014/09/29 11:30:50: PowerON Counter Key Entry ... OK
2014/09/29 11:30:51: Key Entry ... OK
2014/09/29 11:30:51: Complete.
2014/09/29 11:30:51: COM PORT CLOSE ... OK
2014/09/29 11:30:51: 
2014/09/29 11:30:51: ==== Processing was completed ====
2014/09/29 11:30:51: 
*************************************************


*********** Start the Initialize Key Check **********
2014/09/29 11:37:31: Tool Ver: 2013.0605.01
2014/09/29 11:37:31: COM PORT OPEN ... OK
2014/09/29 11:37:31:
2014/09/29 11:37:31: ProductS/N:  VRW06A114900661
2014/09/29 11:37:31: TID: 86042C232AE62080
2014/09/29 11:37:31: F/W Version: 00.00.08
2014/09/29 11:37:31:
2014/09/29 11:37:31: MasterKey Key Entry ... OK
2014/09/29 11:37:31: PowerON Counter Key Entry ... OK
2014/09/29 11:37:31: Key Entry ... OK
2014/09/29 11:37:31: Complete.
2014/09/29 11:37:31: COM PORT CLOSE ... OK
2014/09/29 11:37:31: 
2014/09/29 11:37:31: ==== Processing was completed ====
2014/09/29 11:37:31: 
*************************************************


*********** Start the Initialize Key Check **********
2014/09/29 11:37:33: Tool Ver: 2013.0605.01
2014/09/29 11:37:33: COM PORT OPEN ... OK
2014/09/29 11:37:33:
2014/09/29 11:37:33: ProductS/N:  VRW06A114900661
2014/09/29 11:37:33: TID: 86042C232AE62080
2014/09/29 11:37:33: F/W Version: 00.00.08
2014/09/29 11:37:33:
2014/09/29 11:37:33: MasterKey Key Entry ... OK
2014/09/29 11:37:33: PowerON Counter Key Entry ... OK
2014/09/29 11:37:33: Key Entry ... OK
2014/09/29 11:37:33: Complete.
2014/09/29 11:37:33: COM PORT CLOSE ... OK
2014/09/29 11:37:33: 
2014/09/29 11:37:33: ==== Processing was completed ====
2014/09/29 11:37:33: 
*************************************************


*********** Start the Initialize Key Check **********
2014/09/29 11:37:35: Tool Ver: 2013.0605.01
2014/09/29 11:37:35: COM PORT OPEN ... OK
2014/09/29 11:37:35:
2014/09/29 11:37:35: ProductS/N:  VRW06A114900661
2014/09/29 11:37:35: TID: 86042C232AE62080
2014/09/29 11:37:35: F/W Version: 00.00.08
2014/09/29 11:37:35:
2014/09/29 11:37:35: MasterKey Key Entry ... OK
2014/09/29 11:37:35: PowerON Counter Key Entry ... OK
2014/09/29 11:37:36: Key Entry ... OK
2014/09/29 11:37:36: Complete.
2014/09/29 11:37:36: COM PORT CLOSE ... OK
2014/09/29 11:37:36: 
2014/09/29 11:37:36: ==== Processing was completed ====
2014/09/29 11:37:36: 
*************************************************


*********** Start the Initialize Key Check **********
2014/09/29 11:43:33: Tool Ver: 2013.0605.01
2014/09/29 11:43:33: COM PORT OPEN ... OK
2014/09/29 11:43:33:
2014/09/29 11:43:33: ProductS/N:  VRW06A114900650
2014/09/29 11:43:33: TID: 86042034CAE52080
2014/09/29 11:43:33: F/W Version: 00.00.08
2014/09/29 11:43:33:
2014/09/29 11:43:33: MasterKey Key Entry ... OK
2014/09/29 11:43:33: PowerON Counter Key Entry ... OK
2014/09/29 11:43:34: Key Entry ... OK
2014/09/29 11:43:34: Complete.
2014/09/29 11:43:34: COM PORT CLOSE ... OK
2014/09/29 11:43:34: 
2014/09/29 11:43:34: ==== Processing was completed ====
2014/09/29 11:43:34: 
*************************************************


*********** Start the Initialize Key Check **********
2014/09/29 11:43:35: Tool Ver: 2013.0605.01
2014/09/29 11:43:35: COM PORT OPEN ... OK
2014/09/29 11:43:35:
2014/09/29 11:43:35: ProductS/N:  VRW06A114900650
2014/09/29 11:43:35: TID: 86042034CAE52080
2014/09/29 11:43:35: F/W Version: 00.00.08
2014/09/29 11:43:35:
2014/09/29 11:43:35: MasterKey Key Entry ... OK
2014/09/29 11:43:35: PowerON Counter Key Entry ... OK
2014/09/29 11:43:35: Key Entry ... OK
2014/09/29 11:43:35: Complete.
2014/09/29 11:43:35: COM PORT CLOSE ... OK
2014/09/29 11:43:35: 
2014/09/29 11:43:35: ==== Processing was completed ====
2014/09/29 11:43:35: 
*************************************************


*********** Start the Initialize Key Check **********
2014/09/29 11:43:36: Tool Ver: 2013.0605.01
2014/09/29 11:43:36: COM PORT OPEN ... OK
2014/09/29 11:43:36:
2014/09/29 11:43:36: ProductS/N:  VRW06A114900650
2014/09/29 11:43:36: TID: 86042034CAE52080
2014/09/29 11:43:36: F/W Version: 00.00.08
2014/09/29 11:43:36:
2014/09/29 11:43:36: MasterKey Key Entry ... OK
2014/09/29 11:43:36: PowerON Counter Key Entry ... OK
2014/09/29 11:43:37: Key Entry ... OK
2014/09/29 11:43:37: Complete.
2014/09/29 11:43:37: COM PORT CLOSE ... OK
2014/09/29 11:43:37: 
2014/09/29 11:43:37: ==== Processing was completed ====
2014/09/29 11:43:37: 
*************************************************


*********** Start the Initialize Key Check **********
2014/09/29 11:43:37: Tool Ver: 2013.0605.01
2014/09/29 11:43:37: COM PORT OPEN ... OK
2014/09/29 11:43:37:
2014/09/29 11:43:37: ProductS/N:  VRW06A114900650
2014/09/29 11:43:37: TID: 86042034CAE52080
2014/09/29 11:43:37: F/W Version: 00.00.08
2014/09/29 11:43:37:
2014/09/29 11:43:37: MasterKey Key Entry ... OK
2014/09/29 11:43:37: PowerON Counter Key Entry ... OK
2014/09/29 11:43:38: Key Entry ... OK
2014/09/29 11:43:38: Complete.
2014/09/29 11:43:38: COM PORT CLOSE ... OK
2014/09/29 11:43:38: 
2014/09/29 11:43:38: ==== Processing was completed ====
2014/09/29 11:43:38: 
*************************************************


*********** Start the Initialize Key Check **********
2014/09/29 11:43:38: Tool Ver: 2013.0605.01
2014/09/29 11:43:38: COM PORT OPEN ... OK
2014/09/29 11:43:38:
2014/09/29 11:43:38: ProductS/N:  VRW06A114900650
2014/09/29 11:43:38: TID: 86042034CAE52080
2014/09/29 11:43:38: F/W Version: 00.00.08
2014/09/29 11:43:38:
2014/09/29 11:43:38: MasterKey Key Entry ... OK
2014/09/29 11:43:38: PowerON Counter Key Entry ... OK
2014/09/29 11:43:39: Key Entry ... OK
2014/09/29 11:43:39: Complete.
2014/09/29 11:43:39: COM PORT CLOSE ... OK
2014/09/29 11:43:39: 
2014/09/29 11:43:39: ==== Processing was completed ====
2014/09/29 11:43:39: 
*************************************************


*********** Start the Initialize Key Check **********
2014/09/29 11:47:45: Tool Ver: 2013.0605.01
2014/09/29 11:47:45: COM PORT OPEN ... OK
2014/09/29 11:47:45:
2014/09/29 11:47:45: ProductS/N:  VRW06A114900301V
2014/09/29 11:47:45: TID: 86042044D2E52080
2014/09/29 11:47:45: F/W Version: 00.00.08
2014/09/29 11:47:45:
2014/09/29 11:47:45: MasterKey Key Entry ... OK
2014/09/29 11:47:45: PowerON Counter Key Entry ... OK
2014/09/29 11:47:46: Key Entry ... OK
2014/09/29 11:47:46: Complete.
2014/09/29 11:47:46: COM PORT CLOSE ... OK
2014/09/29 11:47:46: 
2014/09/29 11:47:46: ==== Processing was completed ====
2014/09/29 11:47:46: 
*************************************************


*********** Start the Initialize Key Check **********
2014/09/29 11:47:47: Tool Ver: 2013.0605.01
2014/09/29 11:47:47: COM PORT OPEN ... OK
2014/09/29 11:47:47:
2014/09/29 11:47:47: ProductS/N:  VRW06A114900301V
2014/09/29 11:47:47: TID: 86042044D2E52080
2014/09/29 11:47:47: F/W Version: 00.00.08
2014/09/29 11:47:47:
2014/09/29 11:47:47: MasterKey Key Entry ... OK
2014/09/29 11:47:47: PowerON Counter Key Entry ... OK
2014/09/29 11:47:47: Key Entry ... OK
2014/09/29 11:47:47: Complete.
2014/09/29 11:47:47: COM PORT CLOSE ... OK
2014/09/29 11:47:47: 
2014/09/29 11:47:47: ==== Processing was completed ====
2014/09/29 11:47:47: 
*************************************************


*********** Start the Initialize Key Check **********
2014/09/29 11:47:48: Tool Ver: 2013.0605.01
2014/09/29 11:47:48: COM PORT OPEN ... OK
2014/09/29 11:47:48:
2014/09/29 11:47:48: ProductS/N:  VRW06A114900301V
2014/09/29 11:47:48: TID: 86042044D2E52080
2014/09/29 11:47:48: F/W Version: 00.00.08
2014/09/29 11:47:48:
2014/09/29 11:47:48: MasterKey Key Entry ... OK
2014/09/29 11:47:48: PowerON Counter Key Entry ... OK
2014/09/29 11:47:49: Key Entry ... OK
2014/09/29 11:47:49: Complete.
2014/09/29 11:47:49: COM PORT CLOSE ... OK
2014/09/29 11:47:49: 
2014/09/29 11:47:49: ==== Processing was completed ====
2014/09/29 11:47:49: 
*************************************************


*********** Start the Initialize Key Check **********
2014/09/29 11:47:49: Tool Ver: 2013.0605.01
2014/09/29 11:47:49: COM PORT OPEN ... OK
2014/09/29 11:47:49:
2014/09/29 11:47:49: ProductS/N:  VRW06A114900301V
2014/09/29 11:47:49: TID: 86042044D2E52080
2014/09/29 11:47:49: F/W Version: 00.00.08
2014/09/29 11:47:49:
2014/09/29 11:47:49: MasterKey Key Entry ... OK
2014/09/29 11:47:49: PowerON Counter Key Entry ... OK
2014/09/29 11:47:50: Key Entry ... OK
2014/09/29 11:47:50: Complete.
2014/09/29 11:47:50: COM PORT CLOSE ... OK
2014/09/29 11:47:50: 
2014/09/29 11:47:50: ==== Processing was completed ====
2014/09/29 11:47:50: 
*************************************************


*********** Start the Initialize Key Check **********
2014/09/29 13:06:43: Tool Ver: 2013.0605.01
2014/09/29 13:06:43: COM PORT OPEN ... OK
2014/09/29 13:06:43:
2014/09/29 13:06:43: ProductS/N:  VRW06A114900644
2014/09/29 13:06:43: TID: 86041E173AE62080
2014/09/29 13:06:43: F/W Version: 00.00.08
2014/09/29 13:06:43:
2014/09/29 13:06:43: MasterKey Key Entry ... OK
2014/09/29 13:06:43: PowerON Counter Key Entry ... OK
2014/09/29 13:06:44: Key Entry ... OK
2014/09/29 13:06:44: Complete.
2014/09/29 13:06:44: COM PORT CLOSE ... OK
2014/09/29 13:06:44: 
2014/09/29 13:06:44: ==== Processing was completed ====
2014/09/29 13:06:44: 
*************************************************


*********** Start the Initialize Key Check **********
2014/09/29 13:06:45: Tool Ver: 2013.0605.01
2014/09/29 13:06:45: COM PORT OPEN ... OK
2014/09/29 13:06:45:
2014/09/29 13:06:45: ProductS/N:  VRW06A114900644
2014/09/29 13:06:45: TID: 86041E173AE62080
2014/09/29 13:06:45: F/W Version: 00.00.08
2014/09/29 13:06:45:
2014/09/29 13:06:45: MasterKey Key Entry ... OK
2014/09/29 13:06:45: PowerON Counter Key Entry ... OK
2014/09/29 13:06:45: Key Entry ... OK
2014/09/29 13:06:45: Complete.
2014/09/29 13:06:45: COM PORT CLOSE ... OK
2014/09/29 13:06:45: 
2014/09/29 13:06:45: ==== Processing was completed ====
2014/09/29 13:06:45: 
*************************************************


*********** Start the Initialize Key Check **********
2014/09/29 13:48:14: Tool Ver: 2013.0605.01
2014/09/29 13:48:14: COM PORT OPEN ... OK
2014/09/29 13:48:14:
2014/09/29 13:48:14: ProductS/N:  VRW06A114900624
2014/09/29 13:48:14: TID: 86041A34CAE52080
2014/09/29 13:48:14: F/W Version: 00.00.08
2014/09/29 13:48:14:
2014/09/29 13:48:14: MasterKey Key Entry ... OK
2014/09/29 13:48:14: PowerON Counter Key Entry ... OK
2014/09/29 13:48:15: Key Entry ... OK
2014/09/29 13:48:15: Complete.
2014/09/29 13:48:15: COM PORT CLOSE ... OK
2014/09/29 13:48:15: 
2014/09/29 13:48:15: ==== Processing was completed ====
2014/09/29 13:48:15: 
*************************************************


*********** Start the Initialize Key Check **********
2014/09/29 13:49:40: Tool Ver: 2013.0605.01
2014/09/29 13:49:40: COM PORT OPEN ... OK
2014/09/29 13:49:40:
2014/09/29 13:49:40: ProductS/N:  VRW06A114900624
2014/09/29 13:49:40: TID: 86041A34CAE52080
2014/09/29 13:49:40: F/W Version: 00.00.08
2014/09/29 13:49:40:
2014/09/29 13:49:40: MasterKey Key Entry ... OK
2014/09/29 13:49:40: PowerON Counter Key Entry ... OK
2014/09/29 13:49:41: Key Entry ... OK
2014/09/29 13:49:41: Complete.
2014/09/29 13:49:41: COM PORT CLOSE ... OK
2014/09/29 13:49:41: 
2014/09/29 13:49:41: ==== Processing was completed ====
2014/09/29 13:49:41: 
*************************************************


*********** Start the Initialize Key Check **********
2014/09/29 13:49:42: Tool Ver: 2013.0605.01
2014/09/29 13:49:42: COM PORT OPEN ... OK
2014/09/29 13:49:42:
2014/09/29 13:49:42: ProductS/N:  VRW06A114900624
2014/09/29 13:49:42: TID: 86041A34CAE52080
2014/09/29 13:49:42: F/W Version: 00.00.08
2014/09/29 13:49:42:
2014/09/29 13:49:42: MasterKey Key Entry ... OK
2014/09/29 13:49:42: PowerON Counter Key Entry ... OK
2014/09/29 13:49:43: Key Entry ... OK
2014/09/29 13:49:43: Complete.
2014/09/29 13:49:43: COM PORT CLOSE ... OK
2014/09/29 13:49:43: 
2014/09/29 13:49:43: ==== Processing was completed ====
2014/09/29 13:49:43: 
*************************************************


*********** Start the Initialize Key Check **********
2014/09/29 13:49:43: Tool Ver: 2013.0605.01
2014/09/29 13:49:43: COM PORT OPEN ... OK
2014/09/29 13:49:44:
2014/09/29 13:49:44: ProductS/N:  VRW06A114900624
2014/09/29 13:49:44: TID: 86041A34CAE52080
2014/09/29 13:49:44: F/W Version: 00.00.08
2014/09/29 13:49:44:
2014/09/29 13:49:44: MasterKey Key Entry ... OK
2014/09/29 13:49:44: PowerON Counter Key Entry ... OK
2014/09/29 13:49:44: Key Entry ... OK
2014/09/29 13:49:44: Complete.
2014/09/29 13:49:44: COM PORT CLOSE ... OK
2014/09/29 13:49:44: 
2014/09/29 13:49:44: ==== Processing was completed ====
2014/09/29 13:49:44: 
*************************************************


*********** Start the Initialize Key Check **********
2014/09/29 13:50:04: Tool Ver: 2013.0605.01
2014/09/29 13:50:04: COM PORT OPEN ... OK
2014/09/29 13:50:04:
2014/09/29 13:50:04: ProductS/N:  VRW06A114900624
2014/09/29 13:50:04: TID: 86041A34CAE52080
2014/09/29 13:50:04: F/W Version: 00.00.08
2014/09/29 13:50:04:
2014/09/29 13:50:04: MasterKey Key Entry ... OK
2014/09/29 13:50:04: PowerON Counter Key Entry ... OK
2014/09/29 13:50:05: Key Entry ... OK
2014/09/29 13:50:05: Complete.
2014/09/29 13:50:05: COM PORT CLOSE ... OK
2014/09/29 13:50:05: 
2014/09/29 13:50:05: ==== Processing was completed ====
2014/09/29 13:50:05: 
*************************************************


*********** Start the Initialize Key Check **********
2014/09/29 14:18:21: Tool Ver: 2013.0605.01
2014/09/29 14:18:21: COM PORT OPEN ... OK
2014/09/29 14:18:22:
2014/09/29 14:18:22: ProductS/N:  VRW06A114800675
2014/09/29 14:18:22: TID: 86043B1E2AE62080
2014/09/29 14:18:22: F/W Version: 00.00.08
2014/09/29 14:18:22:
2014/09/29 14:18:22: MasterKey Key Entry ... OK
2014/09/29 14:18:22: PowerON Counter Key Entry ... OK
2014/09/29 14:18:22: Key Entry ... OK
2014/09/29 14:18:22: Complete.
2014/09/29 14:18:22: COM PORT CLOSE ... OK
2014/09/29 14:18:22: 
2014/09/29 14:18:22: ==== Processing was completed ====
2014/09/29 14:18:22: 
*************************************************


*********** Start the Initialize Key Check **********
2014/09/29 14:18:24: Tool Ver: 2013.0605.01
2014/09/29 14:18:24: COM PORT OPEN ... OK
2014/09/29 14:18:25:
2014/09/29 14:18:25: ProductS/N:  VRW06A114800675
2014/09/29 14:18:25: TID: 86043B1E2AE62080
2014/09/29 14:18:25: F/W Version: 00.00.08
2014/09/29 14:18:25:
2014/09/29 14:18:25: MasterKey Key Entry ... OK
2014/09/29 14:18:25: PowerON Counter Key Entry ... OK
2014/09/29 14:18:25: Key Entry ... OK
2014/09/29 14:18:25: Complete.
2014/09/29 14:18:25: COM PORT CLOSE ... OK
2014/09/29 14:18:25: 
2014/09/29 14:18:25: ==== Processing was completed ====
2014/09/29 14:18:25: 
*************************************************


