*********** Start the Initialize Key Check **********
2014/12/01 13:25:46: Tool Ver: 2013.0605.01
2014/12/01 13:25:46: COM PORT OPEN ... OK
2014/12/01 13:25:46:
2014/12/01 13:25:46: ProductS/N:  VRW06A114Z00012
2014/12/01 13:25:46: TID: 86041D212AE62080
2014/12/01 13:25:46: F/W Version: 00.00.08
2014/12/01 13:25:46:
2014/12/01 13:25:46: MasterKey Key Entry ... OK
2014/12/01 13:25:46: PowerON Counter Key Entry ... OK
2014/12/01 13:25:47: Key Entry ... OK
2014/12/01 13:25:47: Complete.
2014/12/01 13:25:47: COM PORT CLOSE ... OK
2014/12/01 13:25:47: 
2014/12/01 13:25:47: ==== Processing was completed ====
2014/12/01 13:25:47: 
*************************************************


*********** Start the Initialize Key Check **********
2014/12/01 13:27:23: Tool Ver: 2013.0605.01
2014/12/01 13:27:23: COM PORT OPEN ... OK
2014/12/01 13:27:23:
2014/12/01 13:27:23: ProductS/N:  VRW06A114Z00014
2014/12/01 13:27:23: TID: 860438252AE62080
2014/12/01 13:27:23: F/W Version: 00.00.08
2014/12/01 13:27:23:
2014/12/01 13:27:23: MasterKey Key Entry ... OK
2014/12/01 13:27:23: PowerON Counter Key Entry ... OK
2014/12/01 13:27:24: Key Entry ... OK
2014/12/01 13:27:24: Complete.
2014/12/01 13:27:24: COM PORT CLOSE ... OK
2014/12/01 13:27:24: 
2014/12/01 13:27:24: ==== Processing was completed ====
2014/12/01 13:27:24: 
*************************************************


*********** Start the Initialize Key Check **********
2014/12/01 13:28:57: Tool Ver: 2013.0605.01
2014/12/01 13:28:57: COM PORT OPEN ... OK
2014/12/01 13:28:57:
2014/12/01 13:28:57: ProductS/N:  VRW06A114Z00002
2014/12/01 13:28:57: TID: 86042E143AE62080
2014/12/01 13:28:57: F/W Version: 00.00.08
2014/12/01 13:28:57:
2014/12/01 13:28:57: MasterKey Key Entry ... OK
2014/12/01 13:28:57: PowerON Counter Key Entry ... OK
2014/12/01 13:28:57: Key Entry ... OK
2014/12/01 13:28:57: Complete.
2014/12/01 13:28:57: COM PORT CLOSE ... OK
2014/12/01 13:28:57: 
2014/12/01 13:28:57: ==== Processing was completed ====
2014/12/01 13:28:57: 
*************************************************


*********** Start the Initialize Key Check **********
2014/12/01 13:29:56: Tool Ver: 2013.0605.01
2014/12/01 13:29:56: COM PORT OPEN ... OK
2014/12/01 13:29:56:
2014/12/01 13:29:56: ProductS/N:  VRW06A114Z00010
2014/12/01 13:29:56: TID: 8604102A2AE62080
2014/12/01 13:29:56: F/W Version: 00.00.08
2014/12/01 13:29:56:
2014/12/01 13:29:56: MasterKey Key Entry ... OK
2014/12/01 13:29:56: PowerON Counter Key Entry ... OK
2014/12/01 13:29:56: Key Entry ... OK
2014/12/01 13:29:56: Complete.
2014/12/01 13:29:56: COM PORT CLOSE ... OK
2014/12/01 13:29:56: 
2014/12/01 13:29:56: ==== Processing was completed ====
2014/12/01 13:29:56: 
*************************************************


*********** Start the Initialize Key Check **********
2014/12/01 13:44:42: Tool Ver: 2013.0605.01
2014/12/01 13:44:42: COM PORT OPEN ... OK
2014/12/01 13:44:42:
2014/12/01 13:44:42: ProductS/N:  VRW06A114Z00011
2014/12/01 13:44:42: TID: 86040E212AE62080
2014/12/01 13:44:42: F/W Version: 00.00.08
2014/12/01 13:44:42:
2014/12/01 13:44:42: MasterKey Key Entry ... OK
2014/12/01 13:44:42: PowerON Counter Key Entry ... OK
2014/12/01 13:44:42: Key Entry ... OK
2014/12/01 13:44:42: Complete.
2014/12/01 13:44:42: COM PORT CLOSE ... OK
2014/12/01 13:44:42: 
2014/12/01 13:44:42: ==== Processing was completed ====
2014/12/01 13:44:42: 
*************************************************


*********** Start the Initialize Key Check **********
2014/12/01 13:45:53: Tool Ver: 2013.0605.01
2014/12/01 13:45:53: COM PORT OPEN ... OK
2014/12/01 13:45:53:
2014/12/01 13:45:53: ProductS/N:  VRW06A114Z00009
2014/12/01 13:45:53: TID: 860414232AE62080
2014/12/01 13:45:53: F/W Version: 00.00.08
2014/12/01 13:45:53:
2014/12/01 13:45:53: MasterKey Key Entry ... OK
2014/12/01 13:45:53: PowerON Counter Key Entry ... OK
2014/12/01 13:45:54: Key Entry ... OK
2014/12/01 13:45:54: Complete.
2014/12/01 13:45:54: COM PORT CLOSE ... OK
2014/12/01 13:45:54: 
2014/12/01 13:45:54: ==== Processing was completed ====
2014/12/01 13:45:54: 
*************************************************


*********** Start the Initialize Key Check **********
2014/12/01 13:46:53: Tool Ver: 2013.0605.01
2014/12/01 13:46:53: COM PORT OPEN ... OK
2014/12/01 13:46:53:
2014/12/01 13:46:53: ProductS/N:  VRW06A114Z00008
2014/12/01 13:46:53: TID: 86043A1F2AE62080
2014/12/01 13:46:53: F/W Version: 00.00.08
2014/12/01 13:46:53:
2014/12/01 13:46:53: MasterKey Key Entry ... OK
2014/12/01 13:46:53: PowerON Counter Key Entry ... OK
2014/12/01 13:46:54: Key Entry ... OK
2014/12/01 13:46:54: Complete.
2014/12/01 13:46:54: COM PORT CLOSE ... OK
2014/12/01 13:46:54: 
2014/12/01 13:46:54: ==== Processing was completed ====
2014/12/01 13:46:54: 
*************************************************


*********** Start the Initialize Key Check **********
2014/12/01 13:53:51: Tool Ver: 2013.0605.01
2014/12/01 13:53:51: COM PORT OPEN ... OK
2014/12/01 13:53:51:
2014/12/01 13:53:51: ProductS/N:  VRW06A114Z00020
2014/12/01 13:53:51: TID: 860420222AE62080
2014/12/01 13:53:51: F/W Version: 00.00.08
2014/12/01 13:53:51:
2014/12/01 13:53:51: MasterKey Key Entry ... OK
2014/12/01 13:53:51: PowerON Counter Key Entry ... OK
2014/12/01 13:53:51: Key Entry ... OK
2014/12/01 13:53:51: Complete.
2014/12/01 13:53:51: COM PORT CLOSE ... OK
2014/12/01 13:53:51: 
2014/12/01 13:53:51: ==== Processing was completed ====
2014/12/01 13:53:51: 
*************************************************


*********** Start the Initialize Key Check **********
2014/12/01 14:04:27: Tool Ver: 2013.0605.01
2014/12/01 14:04:27: COM PORT OPEN ... OK
2014/12/01 14:04:27:
2014/12/01 14:04:27: ProductS/N:  VRW06A114Z00023
2014/12/01 14:04:27: TID: 86042936D2E52080
2014/12/01 14:04:27: F/W Version: 00.00.08
2014/12/01 14:04:27:
2014/12/01 14:04:27: MasterKey Key Entry ... OK
2014/12/01 14:04:27: PowerON Counter Key Entry ... OK
2014/12/01 14:04:28: Key Entry ... OK
2014/12/01 14:04:28: Complete.
2014/12/01 14:04:28: COM PORT CLOSE ... OK
2014/12/01 14:04:28: 
2014/12/01 14:04:28: ==== Processing was completed ====
2014/12/01 14:04:28: 
*************************************************


*********** Start the Initialize Key Check **********
2014/12/01 14:05:37: Tool Ver: 2013.0605.01
2014/12/01 14:05:37: COM PORT OPEN ... OK
2014/12/01 14:05:38:
2014/12/01 14:05:38: ProductS/N:  VRW06A114Z00022
2014/12/01 14:05:38: TID: 86042538D2E52080
2014/12/01 14:05:38: F/W Version: 00.00.08
2014/12/01 14:05:38:
2014/12/01 14:05:38: MasterKey Key Entry ... OK
2014/12/01 14:05:38: PowerON Counter Key Entry ... OK
2014/12/01 14:05:38: Key Entry ... OK
2014/12/01 14:05:38: Complete.
2014/12/01 14:05:38: COM PORT CLOSE ... OK
2014/12/01 14:05:38: 
2014/12/01 14:05:38: ==== Processing was completed ====
2014/12/01 14:05:38: 
*************************************************


*********** Start the Initialize Key Check **********
2014/12/01 14:07:22: Tool Ver: 2013.0605.01
2014/12/01 14:07:22: COM PORT OPEN ... OK
2014/12/01 14:07:22:
2014/12/01 14:07:22: ProductS/N:  VRW06A114Z00026
2014/12/01 14:07:22: TID: 860404292AE62080
2014/12/01 14:07:22: F/W Version: 00.00.08
2014/12/01 14:07:22:
2014/12/01 14:07:22: MasterKey Key Entry ... OK
2014/12/01 14:07:22: PowerON Counter Key Entry ... OK
2014/12/01 14:07:23: Key Entry ... OK
2014/12/01 14:07:23: Complete.
2014/12/01 14:07:23: COM PORT CLOSE ... OK
2014/12/01 14:07:23: 
2014/12/01 14:07:23: ==== Processing was completed ====
2014/12/01 14:07:23: 
*************************************************


*********** Start the Initialize Key Check **********
2014/12/01 14:13:50: Tool Ver: 2013.0605.01
2014/12/01 14:13:50: COM PORT OPEN ... OK
2014/12/01 14:13:50:
2014/12/01 14:13:50: ProductS/N:  VRW06A114Z00024
2014/12/01 14:13:50: TID: 860414203AE62080
2014/12/01 14:13:50: F/W Version: 00.00.08
2014/12/01 14:13:50:
2014/12/01 14:13:50: MasterKey Key Entry ... OK
2014/12/01 14:13:50: PowerON Counter Key Entry ... OK
2014/12/01 14:13:51: Key Entry ... OK
2014/12/01 14:13:51: Complete.
2014/12/01 14:13:51: COM PORT CLOSE ... OK
2014/12/01 14:13:51: 
2014/12/01 14:13:51: ==== Processing was completed ====
2014/12/01 14:13:51: 
*************************************************


*********** Start the Initialize Key Check **********
2014/12/01 14:18:23: Tool Ver: 2013.0605.01
2014/12/01 14:18:23: COM PORT OPEN ... OK
2014/12/01 14:18:23:
2014/12/01 14:18:23: ProductS/N:  VRW06A114Z00029
2014/12/01 14:18:23: TID: 86041807CAE52080
2014/12/01 14:18:23: F/W Version: 00.00.08
2014/12/01 14:18:23:
2014/12/01 14:18:23: MasterKey Key Entry ... OK
2014/12/01 14:18:23: PowerON Counter Key Entry ... OK
2014/12/01 14:18:24: Key Entry ... OK
2014/12/01 14:18:24: Complete.
2014/12/01 14:18:24: COM PORT CLOSE ... OK
2014/12/01 14:18:24: 
2014/12/01 14:18:24: ==== Processing was completed ====
2014/12/01 14:18:24: 
*************************************************


*********** Start the Initialize Key Check **********
2014/12/01 14:38:01: Tool Ver: 2013.0605.01
2014/12/01 14:38:01: COM PORT OPEN ... OK
2014/12/01 14:38:01:
2014/12/01 14:38:01: ProductS/N:  VRW06A114Z00018
2014/12/01 14:38:01: TID: 860424242AE62080
2014/12/01 14:38:01: F/W Version: 00.00.08
2014/12/01 14:38:01:
2014/12/01 14:38:01: MasterKey Key Entry ... OK
2014/12/01 14:38:01: PowerON Counter Key Entry ... OK
2014/12/01 14:38:02: Key Entry ... OK
2014/12/01 14:38:02: Complete.
2014/12/01 14:38:02: COM PORT CLOSE ... OK
2014/12/01 14:38:02: 
2014/12/01 14:38:02: ==== Processing was completed ====
2014/12/01 14:38:02: 
*************************************************


*********** Start the Initialize Key Check **********
2014/12/01 14:44:35: Tool Ver: 2013.0605.01
2014/12/01 14:44:35: COM PORT OPEN ... OK
2014/12/01 14:44:35:
2014/12/01 14:44:35: ProductS/N:  VRW06A114Z00027
2014/12/01 14:44:35: TID: 8604292B2AE62080
2014/12/01 14:44:35: F/W Version: 00.00.08
2014/12/01 14:44:35:
2014/12/01 14:44:35: MasterKey Key Entry ... OK
2014/12/01 14:44:35: PowerON Counter Key Entry ... OK
2014/12/01 14:44:36: Key Entry ... OK
2014/12/01 14:44:36: Complete.
2014/12/01 14:44:36: COM PORT CLOSE ... OK
2014/12/01 14:44:36: 
2014/12/01 14:44:36: ==== Processing was completed ====
2014/12/01 14:44:36: 
*************************************************


*********** Start the Initialize Key Check **********
2014/12/01 14:45:35: Tool Ver: 2013.0605.01
2014/12/01 14:45:35: COM PORT OPEN ... OK
2014/12/01 14:45:36:
2014/12/01 14:45:36: ProductS/N:  VRW06A114Z00019
2014/12/01 14:45:36: TID: 860439222AE62080
2014/12/01 14:45:36: F/W Version: 00.00.08
2014/12/01 14:45:36:
2014/12/01 14:45:36: MasterKey Key Entry ... OK
2014/12/01 14:45:36: PowerON Counter Key Entry ... OK
2014/12/01 14:45:36: Key Entry ... OK
2014/12/01 14:45:36: Complete.
2014/12/01 14:45:36: COM PORT CLOSE ... OK
2014/12/01 14:45:36: 
2014/12/01 14:45:36: ==== Processing was completed ====
2014/12/01 14:45:36: 
*************************************************


*********** Start the Initialize Key Check **********
2014/12/01 14:58:08: Tool Ver: 2013.0605.01
2014/12/01 14:58:08: COM PORT OPEN ... OK
2014/12/01 14:58:08:
2014/12/01 14:58:08: ProductS/N:  VRW06A114Z00028
2014/12/01 14:58:08: TID: 860432232AE62080
2014/12/01 14:58:08: F/W Version: 00.00.08
2014/12/01 14:58:08:
2014/12/01 14:58:08: MasterKey Key Entry ... OK
2014/12/01 14:58:08: PowerON Counter Key Entry ... OK
2014/12/01 14:58:09: Key Entry ... OK
2014/12/01 14:58:09: Complete.
2014/12/01 14:58:09: COM PORT CLOSE ... OK
2014/12/01 14:58:09: 
2014/12/01 14:58:09: ==== Processing was completed ====
2014/12/01 14:58:09: 
*************************************************


*********** Start the Initialize Key Check **********
2014/12/01 15:11:31: Tool Ver: 2013.0605.01
2014/12/01 15:11:31: COM PORT OPEN ... OK
2014/12/01 15:11:31:
2014/12/01 15:11:31: ProductS/N:  VRW06A114Z00036
2014/12/01 15:11:31: TID: 860434232AE62080
2014/12/01 15:11:31: F/W Version: 00.00.08
2014/12/01 15:11:31:
2014/12/01 15:11:31: MasterKey Key Entry ... OK
2014/12/01 15:11:31: PowerON Counter Key Entry ... OK
2014/12/01 15:11:31: Key Entry ... OK
2014/12/01 15:11:31: Complete.
2014/12/01 15:11:31: COM PORT CLOSE ... OK
2014/12/01 15:11:31: 
2014/12/01 15:11:31: ==== Processing was completed ====
2014/12/01 15:11:31: 
*************************************************


*********** Start the Initialize Key Check **********
2014/12/01 15:12:14: Tool Ver: 2013.0605.01
2014/12/01 15:12:14: COM PORT OPEN ... OK
2014/12/01 15:12:14:
2014/12/01 15:12:14: ProductS/N:  VRW06A114Z00006
2014/12/01 15:12:14: TID: 86041C202AE62080
2014/12/01 15:12:14: F/W Version: 00.00.08
2014/12/01 15:12:14:
2014/12/01 15:12:14: MasterKey Key Entry ... OK
2014/12/01 15:12:14: PowerON Counter Key Entry ... OK
2014/12/01 15:12:15: Key Entry ... OK
2014/12/01 15:12:15: Complete.
2014/12/01 15:12:15: COM PORT CLOSE ... OK
2014/12/01 15:12:15: 
2014/12/01 15:12:15: ==== Processing was completed ====
2014/12/01 15:12:15: 
*************************************************


*********** Start the Initialize Key Check **********
2014/12/01 15:28:50: Tool Ver: 2013.0605.01
2014/12/01 15:28:50: COM PORT OPEN ... OK
2014/12/01 15:28:51:
2014/12/01 15:28:51: ProductS/N:  VRW06A114Z00034
2014/12/01 15:28:51: TID: 86041A1E2AE62080
2014/12/01 15:28:51: F/W Version: 00.00.08
2014/12/01 15:28:51:
2014/12/01 15:28:51: MasterKey Key Entry ... OK
2014/12/01 15:28:51: PowerON Counter Key Entry ... OK
2014/12/01 15:28:51: Key Entry ... OK
2014/12/01 15:28:51: Complete.
2014/12/01 15:28:51: COM PORT CLOSE ... OK
2014/12/01 15:28:51: 
2014/12/01 15:28:51: ==== Processing was completed ====
2014/12/01 15:28:51: 
*************************************************


*********** Start the Initialize Key Check **********
2014/12/01 15:30:27: Tool Ver: 2013.0605.01
2014/12/01 15:30:27: COM PORT OPEN ... OK
2014/12/01 15:30:27:
2014/12/01 15:30:27: ProductS/N:  VRW06A114Z00038
2014/12/01 15:30:27: TID: 86041A212AE62080
2014/12/01 15:30:27: F/W Version: 00.00.08
2014/12/01 15:30:27:
2014/12/01 15:30:27: MasterKey Key Entry ... OK
2014/12/01 15:30:27: PowerON Counter Key Entry ... OK
2014/12/01 15:30:27: Key Entry ... OK
2014/12/01 15:30:27: Complete.
2014/12/01 15:30:27: COM PORT CLOSE ... OK
2014/12/01 15:30:27: 
2014/12/01 15:30:27: ==== Processing was completed ====
2014/12/01 15:30:27: 
*************************************************


*********** Start the Initialize Key Check **********
2014/12/01 15:38:28: Tool Ver: 2013.0605.01
2014/12/01 15:38:28: COM PORT OPEN ... OK
2014/12/01 15:38:28:
2014/12/01 15:38:28: ProductS/N:  VRW06A114Z00045
2014/12/01 15:38:28: TID: 860430242AE62080
2014/12/01 15:38:28: F/W Version: 00.00.08
2014/12/01 15:38:28:
2014/12/01 15:38:28: MasterKey Key Entry ... OK
2014/12/01 15:38:28: PowerON Counter Key Entry ... OK
2014/12/01 15:38:29: Key Entry ... OK
2014/12/01 15:38:29: Complete.
2014/12/01 15:38:29: COM PORT CLOSE ... OK
2014/12/01 15:38:29: 
2014/12/01 15:38:29: ==== Processing was completed ====
2014/12/01 15:38:29: 
*************************************************


*********** Start the Initialize Key Check **********
2014/12/01 15:45:56: Tool Ver: 2013.0605.01
2014/12/01 15:45:56: COM PORT OPEN ... OK
2014/12/01 15:45:56:
2014/12/01 15:45:56: ProductS/N:  VRW06A114Z00033
2014/12/01 15:45:56: TID: 86043C242AE62080
2014/12/01 15:45:56: F/W Version: 00.00.08
2014/12/01 15:45:56:
2014/12/01 15:45:56: MasterKey Key Entry ... OK
2014/12/01 15:45:56: PowerON Counter Key Entry ... OK
2014/12/01 15:45:57: Key Entry ... OK
2014/12/01 15:45:57: Complete.
2014/12/01 15:45:57: COM PORT CLOSE ... OK
2014/12/01 15:45:57: 
2014/12/01 15:45:57: ==== Processing was completed ====
2014/12/01 15:45:57: 
*************************************************


