*********** Start the Initialize Key Check **********
2014/09/06 08:48:11: Tool Ver: 2013.0605.01
2014/09/06 08:48:11: COM PORT OPEN ... OK
2014/09/06 08:48:11:
2014/09/06 08:48:11: ProductS/N:  VRW06A114800593
2014/09/06 08:48:11: TID: 86041E4332E62080
2014/09/06 08:48:11: F/W Version: 00.00.08
2014/09/06 08:48:11:
2014/09/06 08:48:11: MasterKey Key Entry ... OK
2014/09/06 08:48:11: PowerON Counter Key Entry ... OK
2014/09/06 08:48:12: Key Entry ... OK
2014/09/06 08:48:12: Complete.
2014/09/06 08:48:12: COM PORT CLOSE ... OK
2014/09/06 08:48:12: 
2014/09/06 08:48:12: ==== Processing was completed ====
2014/09/06 08:48:12: 
*************************************************


*********** Start the Initialize Key Check **********
2014/09/06 08:50:06: Tool Ver: 2013.0605.01
2014/09/06 08:50:06: COM PORT OPEN ... OK
2014/09/06 08:50:06:
2014/09/06 08:50:06: ProductS/N:  VRW06A114800608
2014/09/06 08:50:06: TID: 86042307CAE52080
2014/09/06 08:50:06: F/W Version: 00.00.08
2014/09/06 08:50:06:
2014/09/06 08:50:06: MasterKey Key Entry ... OK
2014/09/06 08:50:06: PowerON Counter Key Entry ... OK
2014/09/06 08:50:06: Key Entry ... OK
2014/09/06 08:50:06: Complete.
2014/09/06 08:50:06: COM PORT CLOSE ... OK
2014/09/06 08:50:06: 
2014/09/06 08:50:06: ==== Processing was completed ====
2014/09/06 08:50:06: 
*************************************************


*********** Start the Initialize Key Check **********
2014/09/06 08:50:16: Tool Ver: 2013.0605.01
2014/09/06 08:50:16: COM PORT OPEN ... OK
2014/09/06 08:50:16:
2014/09/06 08:50:16: ProductS/N:  VRW06A114800608
2014/09/06 08:50:16: TID: 86042307CAE52080
2014/09/06 08:50:16: F/W Version: 00.00.08
2014/09/06 08:50:16:
2014/09/06 08:50:16: MasterKey Key Entry ... OK
2014/09/06 08:50:16: PowerON Counter Key Entry ... OK
2014/09/06 08:50:17: Key Entry ... OK
2014/09/06 08:50:17: Complete.
2014/09/06 08:50:17: COM PORT CLOSE ... OK
2014/09/06 08:50:17: 
2014/09/06 08:50:17: ==== Processing was completed ====
2014/09/06 08:50:17: 
*************************************************


*********** Start the Initialize Key Check **********
2014/09/06 08:51:33: Tool Ver: 2013.0605.01
2014/09/06 08:51:33: COM PORT OPEN ... OK
2014/09/06 08:51:33:
2014/09/06 08:51:33: ProductS/N:  VRW06A114800585
2014/09/06 08:51:33: TID: 860426072AE62080
2014/09/06 08:51:33: F/W Version: 00.00.08
2014/09/06 08:51:33:
2014/09/06 08:51:33: MasterKey Key Entry ... OK
2014/09/06 08:51:33: PowerON Counter Key Entry ... OK
2014/09/06 08:51:34: Key Entry ... OK
2014/09/06 08:51:34: Complete.
2014/09/06 08:51:34: COM PORT CLOSE ... OK
2014/09/06 08:51:34: 
2014/09/06 08:51:34: ==== Processing was completed ====
2014/09/06 08:51:34: 
*************************************************


*********** Start the Initialize Key Check **********
2014/09/06 08:52:36: Tool Ver: 2013.0605.01
2014/09/06 08:52:36: COM PORT OPEN ... OK
2014/09/06 08:52:36:
2014/09/06 08:52:36: ProductS/N:  VRW06A114800605
2014/09/06 08:52:36: TID: 86041D03CAE52080
2014/09/06 08:52:36: F/W Version: 00.00.08
2014/09/06 08:52:36:
2014/09/06 08:52:37: MasterKey Key Entry ... OK
2014/09/06 08:52:37: PowerON Counter Key Entry ... OK
2014/09/06 08:52:37: Key Entry ... OK
2014/09/06 08:52:37: Complete.
2014/09/06 08:52:37: COM PORT CLOSE ... OK
2014/09/06 08:52:37: 
2014/09/06 08:52:37: ==== Processing was completed ====
2014/09/06 08:52:37: 
*************************************************


*********** Start the Initialize Key Check **********
2014/09/06 08:53:37: Tool Ver: 2013.0605.01
2014/09/06 08:53:37: COM PORT OPEN ... OK
2014/09/06 08:53:37:
2014/09/06 08:53:37: ProductS/N:  VRW06A114800588
2014/09/06 08:53:37: TID: 8604254332E62080
2014/09/06 08:53:37: F/W Version: 00.00.08
2014/09/06 08:53:37:
2014/09/06 08:53:37: MasterKey Key Entry ... OK
2014/09/06 08:53:37: PowerON Counter Key Entry ... OK
2014/09/06 08:53:38: Key Entry ... OK
2014/09/06 08:53:38: Complete.
2014/09/06 08:53:38: COM PORT CLOSE ... OK
2014/09/06 08:53:38: 
2014/09/06 08:53:38: ==== Processing was completed ====
2014/09/06 08:53:38: 
*************************************************


*********** Start the Initialize Key Check **********
2014/09/06 08:54:42: Tool Ver: 2013.0605.01
2014/09/06 08:54:42: COM PORT OPEN ... OK
2014/09/06 08:54:42:
2014/09/06 08:54:42: ProductS/N:  VRW06A114800598
2014/09/06 08:54:42: TID: 86042F062AE62080
2014/09/06 08:54:42: F/W Version: 00.00.08
2014/09/06 08:54:42:
2014/09/06 08:54:42: MasterKey Key Entry ... OK
2014/09/06 08:54:42: PowerON Counter Key Entry ... OK
2014/09/06 08:54:43: Key Entry ... OK
2014/09/06 08:54:43: Complete.
2014/09/06 08:54:43: COM PORT CLOSE ... OK
2014/09/06 08:54:43: 
2014/09/06 08:54:43: ==== Processing was completed ====
2014/09/06 08:54:43: 
*************************************************


*********** Start the Initialize Key Check **********
2014/09/06 09:02:14: Tool Ver: 2013.0605.01
2014/09/06 09:02:14: COM PORT OPEN ... OK
2014/09/06 09:02:14:
2014/09/06 09:02:14: ProductS/N:  VRW06A114800597
2014/09/06 09:02:14: TID: 86042A052AE62080
2014/09/06 09:02:14: F/W Version: 00.00.08
2014/09/06 09:02:14:
2014/09/06 09:02:14: MasterKey Key Entry ... OK
2014/09/06 09:02:14: PowerON Counter Key Entry ... OK
2014/09/06 09:02:15: Key Entry ... OK
2014/09/06 09:02:15: Complete.
2014/09/06 09:02:15: COM PORT CLOSE ... OK
2014/09/06 09:02:15: 
2014/09/06 09:02:15: ==== Processing was completed ====
2014/09/06 09:02:15: 
*************************************************


*********** Start the Initialize Key Check **********
2014/09/06 09:03:04: Tool Ver: 2013.0605.01
2014/09/06 09:03:04: COM PORT OPEN ... OK
2014/09/06 09:03:04:
2014/09/06 09:03:04: ProductS/N:  VRW06A114800522
2014/09/06 09:03:04: TID: 86040F1D2AE62080
2014/09/06 09:03:04: F/W Version: 00.00.08
2014/09/06 09:03:04:
2014/09/06 09:03:04: MasterKey Key Entry ... OK
2014/09/06 09:03:04: PowerON Counter Key Entry ... OK
2014/09/06 09:03:05: Key Entry ... OK
2014/09/06 09:03:05: Complete.
2014/09/06 09:03:05: COM PORT CLOSE ... OK
2014/09/06 09:03:05: 
2014/09/06 09:03:05: ==== Processing was completed ====
2014/09/06 09:03:05: 
*************************************************


*********** Start the Initialize Key Check **********
2014/09/06 09:04:02: Tool Ver: 2013.0605.01
2014/09/06 09:04:02: COM PORT OPEN ... OK
2014/09/06 09:04:02:
2014/09/06 09:04:02: ProductS/N:  VRW06A114800603
2014/09/06 09:04:02: TID: 860412232AE62080
2014/09/06 09:04:02: F/W Version: 00.00.08
2014/09/06 09:04:02:
2014/09/06 09:04:03: MasterKey Key Entry ... OK
2014/09/06 09:04:03: PowerON Counter Key Entry ... OK
2014/09/06 09:04:03: Key Entry ... OK
2014/09/06 09:04:03: Complete.
2014/09/06 09:04:03: COM PORT CLOSE ... OK
2014/09/06 09:04:03: 
2014/09/06 09:04:03: ==== Processing was completed ====
2014/09/06 09:04:03: 
*************************************************


*********** Start the Initialize Key Check **********
2014/09/06 09:04:50: Tool Ver: 2013.0605.01
2014/09/06 09:04:50: COM PORT OPEN ... OK
2014/09/06 09:04:50:
2014/09/06 09:04:50: ProductS/N:  VRW06A114800611
2014/09/06 09:04:50: TID: 8604323B32E62080
2014/09/06 09:04:50: F/W Version: 00.00.08
2014/09/06 09:04:50:
2014/09/06 09:04:50: MasterKey Key Entry ... OK
2014/09/06 09:04:50: PowerON Counter Key Entry ... OK
2014/09/06 09:04:51: Key Entry ... OK
2014/09/06 09:04:51: Complete.
2014/09/06 09:04:51: COM PORT CLOSE ... OK
2014/09/06 09:04:51: 
2014/09/06 09:04:51: ==== Processing was completed ====
2014/09/06 09:04:51: 
*************************************************


*********** Start the Initialize Key Check **********
2014/09/06 09:05:40: Tool Ver: 2013.0605.01
2014/09/06 09:05:40: COM PORT OPEN ... OK
2014/09/06 09:05:41:
2014/09/06 09:05:41: ProductS/N:  VRW06A114800610
2014/09/06 09:05:41: TID: 86041D3E32E62080
2014/09/06 09:05:41: F/W Version: 00.00.08
2014/09/06 09:05:41:
2014/09/06 09:05:41: MasterKey Key Entry ... OK
2014/09/06 09:05:41: PowerON Counter Key Entry ... OK
2014/09/06 09:05:41: Key Entry ... OK
2014/09/06 09:05:41: Complete.
2014/09/06 09:05:41: COM PORT CLOSE ... OK
2014/09/06 09:05:41: 
2014/09/06 09:05:41: ==== Processing was completed ====
2014/09/06 09:05:41: 
*************************************************


*********** Start the Initialize Key Check **********
2014/09/06 09:06:50: Tool Ver: 2013.0605.01
2014/09/06 09:06:50: COM PORT OPEN ... OK
2014/09/06 09:06:50:
2014/09/06 09:06:50: ProductS/N:  VRW06A114800595
2014/09/06 09:06:50: TID: 8604273E32E62080
2014/09/06 09:06:50: F/W Version: 00.00.08
2014/09/06 09:06:50:
2014/09/06 09:06:50: MasterKey Key Entry ... OK
2014/09/06 09:06:50: PowerON Counter Key Entry ... OK
2014/09/06 09:06:51: Key Entry ... OK
2014/09/06 09:06:51: Complete.
2014/09/06 09:06:51: COM PORT CLOSE ... OK
2014/09/06 09:06:51: 
2014/09/06 09:06:51: ==== Processing was completed ====
2014/09/06 09:06:51: 
*************************************************


*********** Start the Initialize Key Check **********
2014/09/06 09:08:37: Tool Ver: 2013.0605.01
2014/09/06 09:08:37: COM PORT OPEN ... OK
2014/09/06 09:08:37:
2014/09/06 09:08:37: ProductS/N:  VRW06A114800596
2014/09/06 09:08:38: TID: 860442292AE62080
2014/09/06 09:08:38: F/W Version: 00.00.08
2014/09/06 09:08:38:
2014/09/06 09:08:38: MasterKey Key Entry ... OK
2014/09/06 09:08:38: PowerON Counter Key Entry ... OK
2014/09/06 09:08:38: Key Entry ... OK
2014/09/06 09:08:38: Complete.
2014/09/06 09:08:38: COM PORT CLOSE ... OK
2014/09/06 09:08:38: 
2014/09/06 09:08:38: ==== Processing was completed ====
2014/09/06 09:08:38: 
*************************************************


*********** Start the Initialize Key Check **********
2014/09/06 09:11:57: Tool Ver: 2013.0605.01
2014/09/06 09:11:57: COM PORT OPEN ... OK
2014/09/06 09:11:57:
2014/09/06 09:11:57: ProductS/N:  VRW06A114800590
2014/09/06 09:11:57: TID: 860412072AE62080
2014/09/06 09:11:57: F/W Version: 00.00.08
2014/09/06 09:11:57:
2014/09/06 09:11:57: MasterKey Key Entry ... OK
2014/09/06 09:11:57: PowerON Counter Key Entry ... OK
2014/09/06 09:11:58: Key Entry ... OK
2014/09/06 09:11:58: Complete.
2014/09/06 09:11:58: COM PORT CLOSE ... OK
2014/09/06 09:11:58: 
2014/09/06 09:11:58: ==== Processing was completed ====
2014/09/06 09:11:58: 
*************************************************


*********** Start the Initialize Key Check **********
2014/09/06 10:33:16: Tool Ver: 2013.0605.01
2014/09/06 10:33:16: COM PORT OPEN ... OK
2014/09/06 10:33:16:
2014/09/06 10:33:16: ProductS/N:  VRW06A114800618
2014/09/06 10:33:16: TID: 86042F3D32E62080
2014/09/06 10:33:16: F/W Version: 00.00.08
2014/09/06 10:33:16:
2014/09/06 10:33:16: MasterKey Key Entry ... OK
2014/09/06 10:33:16: PowerON Counter Key Entry ... OK
2014/09/06 10:33:17: Key Entry ... OK
2014/09/06 10:33:17: Complete.
2014/09/06 10:33:17: COM PORT CLOSE ... OK
2014/09/06 10:33:17: 
2014/09/06 10:33:17: ==== Processing was completed ====
2014/09/06 10:33:17: 
*************************************************


*********** Start the Initialize Key Check **********
2014/09/06 10:34:01: Tool Ver: 2013.0605.01
2014/09/06 10:34:01: COM PORT OPEN ... OK
2014/09/06 10:34:01:
2014/09/06 10:34:01: ProductS/N:  VRW06A114800614
2014/09/06 10:34:01: TID: 8604173ED2E52080
2014/09/06 10:34:01: F/W Version: 00.00.08
2014/09/06 10:34:01:
2014/09/06 10:34:01: MasterKey Key Entry ... OK
2014/09/06 10:34:01: PowerON Counter Key Entry ... OK
2014/09/06 10:34:02: Key Entry ... OK
2014/09/06 10:34:02: Complete.
2014/09/06 10:34:02: COM PORT CLOSE ... OK
2014/09/06 10:34:02: 
2014/09/06 10:34:02: ==== Processing was completed ====
2014/09/06 10:34:02: 
*************************************************


*********** Start the Initialize Key Check **********
2014/09/06 10:34:33: Tool Ver: 2013.0605.01
2014/09/06 10:34:33: COM PORT OPEN ... OK
2014/09/06 10:34:33:
2014/09/06 10:34:33: ProductS/N:  VRW06A114800616
2014/09/06 10:34:33: TID: 86042C4332E62080
2014/09/06 10:34:33: F/W Version: 00.00.08
2014/09/06 10:34:33:
2014/09/06 10:34:33: MasterKey Key Entry ... OK
2014/09/06 10:34:33: PowerON Counter Key Entry ... OK
2014/09/06 10:34:34: Key Entry ... OK
2014/09/06 10:34:34: Complete.
2014/09/06 10:34:34: COM PORT CLOSE ... OK
2014/09/06 10:34:34: 
2014/09/06 10:34:34: ==== Processing was completed ====
2014/09/06 10:34:34: 
*************************************************


*********** Start the Initialize Key Check **********
2014/09/06 10:35:04: Tool Ver: 2013.0605.01
2014/09/06 10:35:04: COM PORT OPEN ... OK
2014/09/06 10:35:04:
2014/09/06 10:35:04: ProductS/N:  VRW06A114800600
2014/09/06 10:35:04: TID: 86041E25CAE52080
2014/09/06 10:35:04: F/W Version: 00.00.08
2014/09/06 10:35:04:
2014/09/06 10:35:04: MasterKey Key Entry ... OK
2014/09/06 10:35:04: PowerON Counter Key Entry ... OK
2014/09/06 10:35:05: Key Entry ... OK
2014/09/06 10:35:05: Complete.
2014/09/06 10:35:05: COM PORT CLOSE ... OK
2014/09/06 10:35:05: 
2014/09/06 10:35:05: ==== Processing was completed ====
2014/09/06 10:35:05: 
*************************************************


*********** Start the Initialize Key Check **********
2014/09/06 10:35:50: Tool Ver: 2013.0605.01
2014/09/06 10:35:50: COM PORT OPEN ... OK
2014/09/06 10:35:50:
2014/09/06 10:35:50: ProductS/N:  VRW06A114800583
2014/09/06 10:35:50: TID: 8604153E32E62080
2014/09/06 10:35:50: F/W Version: 00.00.08
2014/09/06 10:35:50:
2014/09/06 10:35:50: MasterKey Key Entry ... OK
2014/09/06 10:35:50: PowerON Counter Key Entry ... OK
2014/09/06 10:35:51: Key Entry ... OK
2014/09/06 10:35:51: Complete.
2014/09/06 10:35:51: COM PORT CLOSE ... OK
2014/09/06 10:35:51: 
2014/09/06 10:35:51: ==== Processing was completed ====
2014/09/06 10:35:51: 
*************************************************


*********** Start the Initialize Key Check **********
2014/09/06 10:36:36: Tool Ver: 2013.0605.01
2014/09/06 10:36:36: COM PORT OPEN ... OK
2014/09/06 10:36:36:
2014/09/06 10:36:36: ProductS/N:  VRW06A114800613
2014/09/06 10:36:36: TID: 86042D082AE62080
2014/09/06 10:36:36: F/W Version: 00.00.08
2014/09/06 10:36:36:
2014/09/06 10:36:36: MasterKey Key Entry ... OK
2014/09/06 10:36:36: PowerON Counter Key Entry ... OK
2014/09/06 10:36:37: Key Entry ... OK
2014/09/06 10:36:37: Complete.
2014/09/06 10:36:37: COM PORT CLOSE ... OK
2014/09/06 10:36:37: 
2014/09/06 10:36:37: ==== Processing was completed ====
2014/09/06 10:36:37: 
*************************************************


*********** Start the Initialize Key Check **********
2014/09/06 10:37:06: Tool Ver: 2013.0605.01
2014/09/06 10:37:06: COM PORT OPEN ... OK
2014/09/06 10:37:06:
2014/09/06 10:37:06: ProductS/N:  VRW06A114800609
2014/09/06 10:37:06: TID: 86042A072AE62080
2014/09/06 10:37:06: F/W Version: 00.00.08
2014/09/06 10:37:06:
2014/09/06 10:37:06: MasterKey Key Entry ... OK
2014/09/06 10:37:06: PowerON Counter Key Entry ... OK
2014/09/06 10:37:07: Key Entry ... OK
2014/09/06 10:37:07: Complete.
2014/09/06 10:37:07: COM PORT CLOSE ... OK
2014/09/06 10:37:07: 
2014/09/06 10:37:07: ==== Processing was completed ====
2014/09/06 10:37:07: 
*************************************************


*********** Start the Initialize Key Check **********
2014/09/06 10:37:44: Tool Ver: 2013.0605.01
2014/09/06 10:37:44: COM PORT OPEN ... OK
2014/09/06 10:37:45:
2014/09/06 10:37:45: ProductS/N:  VRW06A114800619
2014/09/06 10:37:45: TID: 86040C272AE62080
2014/09/06 10:37:45: F/W Version: 00.00.08
2014/09/06 10:37:45:
2014/09/06 10:37:45: MasterKey Key Entry ... OK
2014/09/06 10:37:45: PowerON Counter Key Entry ... OK
2014/09/06 10:37:45: Key Entry ... OK
2014/09/06 10:37:45: Complete.
2014/09/06 10:37:45: COM PORT CLOSE ... OK
2014/09/06 10:37:45: 
2014/09/06 10:37:45: ==== Processing was completed ====
2014/09/06 10:37:45: 
*************************************************


*********** Start the Initialize Key Check **********
2014/09/06 10:38:19: Tool Ver: 2013.0605.01
2014/09/06 10:38:19: COM PORT OPEN ... OK
2014/09/06 10:38:19:
2014/09/06 10:38:19: ProductS/N:  VRW06A114800620
2014/09/06 10:38:19: TID: 8604243D32E62080
2014/09/06 10:38:19: F/W Version: 00.00.08
2014/09/06 10:38:19:
2014/09/06 10:38:19: MasterKey Key Entry ... OK
2014/09/06 10:38:19: PowerON Counter Key Entry ... OK
2014/09/06 10:38:20: Key Entry ... OK
2014/09/06 10:38:20: Complete.
2014/09/06 10:38:20: COM PORT CLOSE ... OK
2014/09/06 10:38:20: 
2014/09/06 10:38:20: ==== Processing was completed ====
2014/09/06 10:38:20: 
*************************************************


*********** Start the Initialize Key Check **********
2014/09/06 10:39:00: Tool Ver: 2013.0605.01
2014/09/06 10:39:00: COM PORT OPEN ... OK
2014/09/06 10:39:00:
2014/09/06 10:39:00: ProductS/N:  VRW06A114800630
2014/09/06 10:39:00: TID: 86041B052AE62080
2014/09/06 10:39:00: F/W Version: 00.00.08
2014/09/06 10:39:00:
2014/09/06 10:39:00: MasterKey Key Entry ... OK
2014/09/06 10:39:00: PowerON Counter Key Entry ... OK
2014/09/06 10:39:01: Key Entry ... OK
2014/09/06 10:39:01: Complete.
2014/09/06 10:39:01: COM PORT CLOSE ... OK
2014/09/06 10:39:01: 
2014/09/06 10:39:01: ==== Processing was completed ====
2014/09/06 10:39:01: 
*************************************************


*********** Start the Initialize Key Check **********
2014/09/06 10:39:38: Tool Ver: 2013.0605.01
2014/09/06 10:39:38: COM PORT OPEN ... OK
2014/09/06 10:39:38:
2014/09/06 10:39:38: ProductS/N:  VRW06A114800624
2014/09/06 10:39:38: TID: 86041F072AE62080
2014/09/06 10:39:38: F/W Version: 00.00.08
2014/09/06 10:39:38:
2014/09/06 10:39:38: MasterKey Key Entry ... OK
2014/09/06 10:39:38: PowerON Counter Key Entry ... OK
2014/09/06 10:39:39: Key Entry ... OK
2014/09/06 10:39:39: Complete.
2014/09/06 10:39:39: COM PORT CLOSE ... OK
2014/09/06 10:39:39: 
2014/09/06 10:39:39: ==== Processing was completed ====
2014/09/06 10:39:39: 
*************************************************


*********** Start the Initialize Key Check **********
2014/09/06 10:40:14: Tool Ver: 2013.0605.01
2014/09/06 10:40:14: COM PORT OPEN ... OK
2014/09/06 10:40:14:
2014/09/06 10:40:14: ProductS/N:  VRW06A114800604
2014/09/06 10:40:14: TID: 86041021CAE52080
2014/09/06 10:40:14: F/W Version: 00.00.08
2014/09/06 10:40:14:
2014/09/06 10:40:14: MasterKey Key Entry ... OK
2014/09/06 10:40:14: PowerON Counter Key Entry ... OK
2014/09/06 10:40:15: Key Entry ... OK
2014/09/06 10:40:15: Complete.
2014/09/06 10:40:15: COM PORT CLOSE ... OK
2014/09/06 10:40:15: 
2014/09/06 10:40:15: ==== Processing was completed ====
2014/09/06 10:40:15: 
*************************************************


*********** Start the Initialize Key Check **********
2014/09/06 10:40:51: Tool Ver: 2013.0605.01
2014/09/06 10:40:51: COM PORT OPEN ... OK
2014/09/06 10:40:51:
2014/09/06 10:40:51: ProductS/N:  VRW06A114800558
2014/09/06 10:40:51: TID: 86042E082AE62080
2014/09/06 10:40:51: F/W Version: 00.00.08
2014/09/06 10:40:51:
2014/09/06 10:40:51: MasterKey Key Entry ... OK
2014/09/06 10:40:51: PowerON Counter Key Entry ... OK
2014/09/06 10:40:52: Key Entry ... OK
2014/09/06 10:40:52: Complete.
2014/09/06 10:40:52: COM PORT CLOSE ... OK
2014/09/06 10:40:52: 
2014/09/06 10:40:52: ==== Processing was completed ====
2014/09/06 10:40:52: 
*************************************************


*********** Start the Initialize Key Check **********
2014/09/06 10:41:22: Tool Ver: 2013.0605.01
2014/09/06 10:41:22: COM PORT OPEN ... OK
2014/09/06 10:41:23:
2014/09/06 10:41:23: ProductS/N:  VRW06A114800617
2014/09/06 10:41:23: TID: 86043D1D2AE62080
2014/09/06 10:41:23: F/W Version: 00.00.08
2014/09/06 10:41:23:
2014/09/06 10:41:23: MasterKey Key Entry ... OK
2014/09/06 10:41:23: PowerON Counter Key Entry ... OK
2014/09/06 10:41:23: Key Entry ... OK
2014/09/06 10:41:23: Complete.
2014/09/06 10:41:23: COM PORT CLOSE ... OK
2014/09/06 10:41:23: 
2014/09/06 10:41:23: ==== Processing was completed ====
2014/09/06 10:41:23: 
*************************************************


*********** Start the Initialize Key Check **********
2014/09/06 11:29:09: Tool Ver: 2013.0605.01
2014/09/06 11:29:09: COM PORT OPEN ... OK
2014/09/06 11:29:09:
2014/09/06 11:29:09: ProductS/N:  VRW06A114800616
2014/09/06 11:29:09: TID: 86042C4332E62080
2014/09/06 11:29:09: F/W Version: 00.00.08
2014/09/06 11:29:09:
2014/09/06 11:29:09: MasterKey Key Entry ... OK
2014/09/06 11:29:09: PowerON Counter Key Entry ... OK
2014/09/06 11:29:10: Key Entry ... OK
2014/09/06 11:29:10: Complete.
2014/09/06 11:29:10: COM PORT CLOSE ... OK
2014/09/06 11:29:10: 
2014/09/06 11:29:10: ==== Processing was completed ====
2014/09/06 11:29:10: 
*************************************************


*********** Start the Initialize Key Check **********
2014/09/06 11:31:02: Tool Ver: 2013.0605.01
2014/09/06 11:31:02: COM PORT OPEN ... OK
2014/09/06 11:31:02:
2014/09/06 11:31:02: ProductS/N:  VRW06A114800614
2014/09/06 11:31:02: TID: 8604173ED2E52080
2014/09/06 11:31:02: F/W Version: 00.00.08
2014/09/06 11:31:02:
2014/09/06 11:31:02: MasterKey Key Entry ... OK
2014/09/06 11:31:02: PowerON Counter Key Entry ... OK
2014/09/06 11:31:03: Key Entry ... OK
2014/09/06 11:31:03: Complete.
2014/09/06 11:31:03: COM PORT CLOSE ... OK
2014/09/06 11:31:03: 
2014/09/06 11:31:03: ==== Processing was completed ====
2014/09/06 11:31:03: 
*************************************************


*********** Start the Initialize Key Check **********
2014/09/06 11:34:41: Tool Ver: 2013.0605.01
2014/09/06 11:34:41: COM PORT OPEN ... OK
2014/09/06 11:34:41:
2014/09/06 11:34:41: ProductS/N:  VRW06A114800618
2014/09/06 11:34:41: TID: 86042F3D32E62080
2014/09/06 11:34:41: F/W Version: 00.00.08
2014/09/06 11:34:41:
2014/09/06 11:34:41: MasterKey Key Entry ... OK
2014/09/06 11:34:41: PowerON Counter Key Entry ... OK
2014/09/06 11:34:42: Key Entry ... OK
2014/09/06 11:34:42: Complete.
2014/09/06 11:34:42: COM PORT CLOSE ... OK
2014/09/06 11:34:42: 
2014/09/06 11:34:42: ==== Processing was completed ====
2014/09/06 11:34:42: 
*************************************************


*********** Start the Initialize Key Check **********
2014/09/06 11:43:20: Tool Ver: 2013.0605.01
2014/09/06 11:43:20: COM PORT OPEN ... OK
2014/09/06 11:43:20:
2014/09/06 11:43:20: ProductS/N:  VRW06A114800586
2014/09/06 11:43:20: TID: 86041509CAE52080
2014/09/06 11:43:20: F/W Version: 00.00.08
2014/09/06 11:43:20:
2014/09/06 11:43:20: MasterKey Key Entry ... OK
2014/09/06 11:43:20: PowerON Counter Key Entry ... OK
2014/09/06 11:43:21: Key Entry ... OK
2014/09/06 11:43:21: Complete.
2014/09/06 11:43:21: COM PORT CLOSE ... OK
2014/09/06 11:43:21: 
2014/09/06 11:43:21: ==== Processing was completed ====
2014/09/06 11:43:21: 
*************************************************


*********** Start the Initialize Key Check **********
2014/09/06 11:43:45: Tool Ver: 2013.0605.01
2014/09/06 11:43:45: COM PORT OPEN ... OK
2014/09/06 11:43:46:
2014/09/06 11:43:46: ProductS/N:  VRW06A114800586
2014/09/06 11:43:46: TID: 86041509CAE52080
2014/09/06 11:43:46: F/W Version: 00.00.08
2014/09/06 11:43:46:
2014/09/06 11:43:46: MasterKey Key Entry ... OK
2014/09/06 11:43:46: PowerON Counter Key Entry ... OK
2014/09/06 11:43:46: Key Entry ... OK
2014/09/06 11:43:46: Complete.
2014/09/06 11:43:46: COM PORT CLOSE ... OK
2014/09/06 11:43:46: 
2014/09/06 11:43:46: ==== Processing was completed ====
2014/09/06 11:43:46: 
*************************************************


*********** Start the Initialize Key Check **********
2014/09/06 12:54:49: Tool Ver: 2013.0605.01
2014/09/06 12:54:49: COM PORT OPEN ... OK
2014/09/06 12:54:49:
2014/09/06 12:54:49: ProductS/N:  VRW06A114800632
2014/09/06 12:54:49: TID: 86041D43D2E52080
2014/09/06 12:54:49: F/W Version: 00.00.08
2014/09/06 12:54:49:
2014/09/06 12:54:49: MasterKey Key Entry ... OK
2014/09/06 12:54:49: PowerON Counter Key Entry ... OK
2014/09/06 12:54:50: Key Entry ... OK
2014/09/06 12:54:50: Complete.
2014/09/06 12:54:50: COM PORT CLOSE ... OK
2014/09/06 12:54:50: 
2014/09/06 12:54:50: ==== Processing was completed ====
2014/09/06 12:54:50: 
*************************************************


*********** Start the Initialize Key Check **********
2014/09/06 13:00:10: Tool Ver: 2013.0605.01
2014/09/06 13:00:10: COM PORT OPEN ... OK
2014/09/06 13:00:10:
2014/09/06 13:00:10: ProductS/N:  VRW06A114800623
2014/09/06 13:00:10: TID: 8604174032E62080
2014/09/06 13:00:10: F/W Version: 00.00.08
2014/09/06 13:00:10:
2014/09/06 13:00:10: MasterKey Key Entry ... OK
2014/09/06 13:00:10: PowerON Counter Key Entry ... OK
2014/09/06 13:00:10: Key Entry ... OK
2014/09/06 13:00:10: Complete.
2014/09/06 13:00:10: COM PORT CLOSE ... OK
2014/09/06 13:00:10: 
2014/09/06 13:00:10: ==== Processing was completed ====
2014/09/06 13:00:10: 
*************************************************


*********** Start the Initialize Key Check **********
2014/09/06 13:03:29: Tool Ver: 2013.0605.01
2014/09/06 13:03:29: COM PORT OPEN ... OK
2014/09/06 13:03:29:
2014/09/06 13:03:29: ProductS/N:  VRW06A114800622
2014/09/06 13:03:29: TID: 86042404CAE52080
2014/09/06 13:03:29: F/W Version: 00.00.08
2014/09/06 13:03:29:
2014/09/06 13:03:29: MasterKey Key Entry ... OK
2014/09/06 13:03:29: PowerON Counter Key Entry ... OK
2014/09/06 13:03:30: Key Entry ... OK
2014/09/06 13:03:30: Complete.
2014/09/06 13:03:30: COM PORT CLOSE ... OK
2014/09/06 13:03:30: 
2014/09/06 13:03:30: ==== Processing was completed ====
2014/09/06 13:03:30: 
*************************************************


*********** Start the Initialize Key Check **********
2014/09/06 13:07:45: Tool Ver: 2013.0605.01
2014/09/06 13:07:45: COM PORT OPEN ... OK
2014/09/06 13:07:45:
2014/09/06 13:07:45: ProductS/N:  VRW06A114800615
2014/09/06 13:07:45: TID: 86042442D2E52080
2014/09/06 13:07:45: F/W Version: 00.00.08
2014/09/06 13:07:45:
2014/09/06 13:07:45: MasterKey Key Entry ... OK
2014/09/06 13:07:46: PowerON Counter Key Entry ... OK
2014/09/06 13:07:46: Key Entry ... OK
2014/09/06 13:07:46: Complete.
2014/09/06 13:07:46: COM PORT CLOSE ... OK
2014/09/06 13:07:46: 
2014/09/06 13:07:46: ==== Processing was completed ====
2014/09/06 13:07:46: 
*************************************************


*********** Start the Initialize Key Check **********
2014/09/06 13:12:22: Tool Ver: 2013.0605.01
2014/09/06 13:12:22: COM PORT OPEN ... OK
2014/09/06 13:12:22:
2014/09/06 13:12:22: ProductS/N:  VRW06A114800631
2014/09/06 13:12:22: TID: 8604104032E62080
2014/09/06 13:12:22: F/W Version: 00.00.08
2014/09/06 13:12:22:
2014/09/06 13:12:22: MasterKey Key Entry ... OK
2014/09/06 13:12:22: PowerON Counter Key Entry ... OK
2014/09/06 13:12:23: Key Entry ... OK
2014/09/06 13:12:23: Complete.
2014/09/06 13:12:23: COM PORT CLOSE ... OK
2014/09/06 13:12:23: 
2014/09/06 13:12:23: ==== Processing was completed ====
2014/09/06 13:12:23: 
*************************************************


*********** Start the Initialize Key Check **********
2014/09/06 13:15:41: Tool Ver: 2013.0605.01
2014/09/06 13:15:41: COM PORT OPEN ... OK
2014/09/06 13:15:41:
2014/09/06 13:15:41: ProductS/N:  VRW06A114800584
2014/09/06 13:15:41: TID: 8604213FD2E52080
2014/09/06 13:15:41: F/W Version: 00.00.08
2014/09/06 13:15:41:
2014/09/06 13:15:41: MasterKey Key Entry ... OK
2014/09/06 13:15:41: PowerON Counter Key Entry ... OK
2014/09/06 13:15:41: Key Entry ... OK
2014/09/06 13:15:41: Complete.
2014/09/06 13:15:41: COM PORT CLOSE ... OK
2014/09/06 13:15:41: 
2014/09/06 13:15:41: ==== Processing was completed ====
2014/09/06 13:15:41: 
*************************************************


*********** Start the Initialize Key Check **********
2014/09/06 13:20:45: Tool Ver: 2013.0605.01
2014/09/06 13:20:45: COM PORT OPEN ... OK
2014/09/06 13:20:45:
2014/09/06 13:20:45: ProductS/N:  VRW06A114800612
2014/09/06 13:20:45: TID: 860416202AE62080
2014/09/06 13:20:45: F/W Version: 00.00.08
2014/09/06 13:20:45:
2014/09/06 13:20:45: MasterKey Key Entry ... OK
2014/09/06 13:20:45: PowerON Counter Key Entry ... OK
2014/09/06 13:20:46: Key Entry ... OK
2014/09/06 13:20:46: Complete.
2014/09/06 13:20:46: COM PORT CLOSE ... OK
2014/09/06 13:20:46: 
2014/09/06 13:20:46: ==== Processing was completed ====
2014/09/06 13:20:46: 
*************************************************


*********** Start the Initialize Key Check **********
2014/09/06 13:25:08: Tool Ver: 2013.0605.01
2014/09/06 13:25:08: COM PORT OPEN ... OK
2014/09/06 13:25:08:
2014/09/06 13:25:08: ProductS/N:  VRW06A114800651
2014/09/06 13:25:08: TID: 8604163D32E62080
2014/09/06 13:25:08: F/W Version: 00.00.08
2014/09/06 13:25:08:
2014/09/06 13:25:08: MasterKey Key Entry ... OK
2014/09/06 13:25:08: PowerON Counter Key Entry ... OK
2014/09/06 13:25:08: Key Entry ... OK
2014/09/06 13:25:08: Complete.
2014/09/06 13:25:08: COM PORT CLOSE ... OK
2014/09/06 13:25:08: 
2014/09/06 13:25:08: ==== Processing was completed ====
2014/09/06 13:25:08: 
*************************************************


*********** Start the Initialize Key Check **********
2014/09/06 13:36:46: Tool Ver: 2013.0605.01
2014/09/06 13:36:46: COM PORT OPEN ... OK
2014/09/06 13:36:47:
2014/09/06 13:36:47: ProductS/N:  VRW06A114800652
2014/09/06 13:36:47: TID: 860426082AE62080
2014/09/06 13:36:47: F/W Version: 00.00.08
2014/09/06 13:36:47:
2014/09/06 13:36:47: MasterKey Key Entry ... OK
2014/09/06 13:36:47: PowerON Counter Key Entry ... OK
2014/09/06 13:36:47: Key Entry ... OK
2014/09/06 13:36:47: Complete.
2014/09/06 13:36:47: COM PORT CLOSE ... OK
2014/09/06 13:36:47: 
2014/09/06 13:36:47: ==== Processing was completed ====
2014/09/06 13:36:47: 
*************************************************


*********** Start the Initialize Key Check **********
2014/09/06 13:47:40: Tool Ver: 2013.0605.01
2014/09/06 13:47:40: COM PORT OPEN ... OK
2014/09/06 13:47:41:
2014/09/06 13:47:41: ProductS/N:  VRW06A114800649
2014/09/06 13:47:41: TID: 8604284032E62080
2014/09/06 13:47:41: F/W Version: 00.00.08
2014/09/06 13:47:41:
2014/09/06 13:47:41: MasterKey Key Entry ... OK
2014/09/06 13:47:41: PowerON Counter Key Entry ... OK
2014/09/06 13:47:41: Key Entry ... OK
2014/09/06 13:47:41: Complete.
2014/09/06 13:47:41: COM PORT CLOSE ... OK
2014/09/06 13:47:41: 
2014/09/06 13:47:41: ==== Processing was completed ====
2014/09/06 13:47:41: 
*************************************************


*********** Start the Initialize Key Check **********
2014/09/06 13:50:45: Tool Ver: 2013.0605.01
2014/09/06 13:50:45: COM PORT OPEN ... OK
2014/09/06 13:50:45:
2014/09/06 13:50:45: ProductS/N:  VRW06A114800655
2014/09/06 13:50:45: TID: 86041223CAE52080
2014/09/06 13:50:45: F/W Version: 00.00.08
2014/09/06 13:50:45:
2014/09/06 13:50:45: MasterKey Key Entry ... OK
2014/09/06 13:50:45: PowerON Counter Key Entry ... OK
2014/09/06 13:50:46: Key Entry ... OK
2014/09/06 13:50:46: Complete.
2014/09/06 13:50:46: COM PORT CLOSE ... OK
2014/09/06 13:50:46: 
2014/09/06 13:50:46: ==== Processing was completed ====
2014/09/06 13:50:46: 
*************************************************


*********** Start the Initialize Key Check **********
2014/09/06 13:57:33: Tool Ver: 2013.0605.01
2014/09/06 13:57:33: COM PORT OPEN ... OK
2014/09/06 13:57:34:
2014/09/06 13:57:34: ProductS/N:  VRW06A114800642
2014/09/06 13:57:34: TID: 86042D43D2E52080
2014/09/06 13:57:34: F/W Version: 00.00.08
2014/09/06 13:57:34:
2014/09/06 13:57:34: MasterKey Key Entry ... OK
2014/09/06 13:57:34: PowerON Counter Key Entry ... OK
2014/09/06 13:57:34: Key Entry ... OK
2014/09/06 13:57:34: Complete.
2014/09/06 13:57:34: COM PORT CLOSE ... OK
2014/09/06 13:57:34: 
2014/09/06 13:57:34: ==== Processing was completed ====
2014/09/06 13:57:34: 
*************************************************


*********** Start the Initialize Key Check **********
2014/09/06 13:59:38: Tool Ver: 2013.0605.01
2014/09/06 13:59:38: COM PORT OPEN ... OK
2014/09/06 13:59:38:
2014/09/06 13:59:38: ProductS/N:  VRW06A114800646
2014/09/06 13:59:38: TID: 860416052AE62080
2014/09/06 13:59:38: F/W Version: 00.00.08
2014/09/06 13:59:38:
2014/09/06 13:59:38: MasterKey Key Entry ... OK
2014/09/06 13:59:38: PowerON Counter Key Entry ... OK
2014/09/06 13:59:39: Key Entry ... OK
2014/09/06 13:59:39: Complete.
2014/09/06 13:59:39: COM PORT CLOSE ... OK
2014/09/06 13:59:39: 
2014/09/06 13:59:39: ==== Processing was completed ====
2014/09/06 13:59:39: 
*************************************************


*********** Start the Initialize Key Check **********
2014/09/06 14:05:09: Tool Ver: 2013.0605.01
2014/09/06 14:05:09: COM PORT OPEN ... OK
2014/09/06 14:05:09:
2014/09/06 14:05:09: ProductS/N:  VRW06A114800653
2014/09/06 14:05:09: TID: 8604284432E62080
2014/09/06 14:05:09: F/W Version: 00.00.08
2014/09/06 14:05:09:
2014/09/06 14:05:09: MasterKey Key Entry ... OK
2014/09/06 14:05:09: PowerON Counter Key Entry ... OK
2014/09/06 14:05:09: Key Entry ... OK
2014/09/06 14:05:09: Complete.
2014/09/06 14:05:09: COM PORT CLOSE ... OK
2014/09/06 14:05:09: 
2014/09/06 14:05:09: ==== Processing was completed ====
2014/09/06 14:05:09: 
*************************************************


*********** Start the Initialize Key Check **********
2014/09/06 14:07:09: Tool Ver: 2013.0605.01
2014/09/06 14:07:09: COM PORT OPEN ... OK
2014/09/06 14:07:09:
2014/09/06 14:07:09: ProductS/N:  VRW06A114800658
2014/09/06 14:07:10: TID: 86041E1C2AE62080
2014/09/06 14:07:10: F/W Version: 00.00.08
2014/09/06 14:07:10:
2014/09/06 14:07:10: MasterKey Key Entry ... OK
2014/09/06 14:07:10: PowerON Counter Key Entry ... OK
2014/09/06 14:07:10: Key Entry ... OK
2014/09/06 14:07:10: Complete.
2014/09/06 14:07:10: COM PORT CLOSE ... OK
2014/09/06 14:07:10: 
2014/09/06 14:07:10: ==== Processing was completed ====
2014/09/06 14:07:10: 
*************************************************


*********** Start the Initialize Key Check **********
2014/09/06 14:09:58: Tool Ver: 2013.0605.01
2014/09/06 14:09:58: COM PORT OPEN ... OK
2014/09/06 14:09:58:
2014/09/06 14:09:58: ProductS/N:  VRW06A114800644
2014/09/06 14:09:58: TID: 8604143D32E62080
2014/09/06 14:09:58: F/W Version: 00.00.08
2014/09/06 14:09:58:
2014/09/06 14:09:58: MasterKey Key Entry ... OK
2014/09/06 14:09:58: PowerON Counter Key Entry ... OK
2014/09/06 14:09:59: Key Entry ... OK
2014/09/06 14:09:59: Complete.
2014/09/06 14:09:59: COM PORT CLOSE ... OK
2014/09/06 14:09:59: 
2014/09/06 14:09:59: ==== Processing was completed ====
2014/09/06 14:09:59: 
*************************************************


*********** Start the Initialize Key Check **********
2014/09/06 14:12:45: Tool Ver: 2013.0605.01
2014/09/06 14:12:45: COM PORT OPEN ... OK
*********** Start the Initialize Key Check **********
2014/09/06 14:13:27: Tool Ver: 2013.0605.01
2014/09/06 14:13:27: COM PORT OPEN ... OK
2014/09/06 14:13:28:
2014/09/06 14:13:28: ProductS/N:  VRW06A114800621
2014/09/06 14:13:28: TID: 8604353E32E62080
2014/09/06 14:13:28: F/W Version: 00.00.08
2014/09/06 14:13:28:
2014/09/06 14:13:28: MasterKey Key Entry ... OK
2014/09/06 14:13:28: PowerON Counter Key Entry ... OK
2014/09/06 14:13:28: Key Entry ... OK
2014/09/06 14:13:28: Complete.
2014/09/06 14:13:28: COM PORT CLOSE ... OK
2014/09/06 14:13:28: 
2014/09/06 14:13:28: ==== Processing was completed ====
2014/09/06 14:13:28: 
*************************************************


*********** Start the Initialize Key Check **********
2014/09/06 14:15:38: Tool Ver: 2013.0605.01
2014/09/06 14:15:38: COM PORT OPEN ... OK
2014/09/06 14:15:38:
2014/09/06 14:15:38: ProductS/N:  VRW06A114800647
2014/09/06 14:15:38: TID: 860421052AE62080
2014/09/06 14:15:38: F/W Version: 00.00.08
2014/09/06 14:15:38:
2014/09/06 14:15:39: MasterKey Key Entry ... OK
2014/09/06 14:15:39: PowerON Counter Key Entry ... OK
2014/09/06 14:15:39: Key Entry ... OK
2014/09/06 14:15:39: Complete.
2014/09/06 14:15:39: COM PORT CLOSE ... OK
2014/09/06 14:15:39: 
2014/09/06 14:15:39: ==== Processing was completed ====
2014/09/06 14:15:39: 
*************************************************


*********** Start the Initialize Key Check **********
2014/09/06 14:17:58: Tool Ver: 2013.0605.01
2014/09/06 14:17:58: COM PORT OPEN ... OK
2014/09/06 14:17:58:
2014/09/06 14:17:58: ProductS/N:  VRW06A114800181
2014/09/06 14:17:58: TID: 8604411F2AE62080
2014/09/06 14:17:58: F/W Version: 00.00.08
2014/09/06 14:17:58:
2014/09/06 14:17:58: MasterKey Key Entry ... OK
2014/09/06 14:17:58: PowerON Counter Key Entry ... OK
2014/09/06 14:17:58: Key Entry ... OK
2014/09/06 14:17:58: Complete.
2014/09/06 14:17:58: COM PORT CLOSE ... OK
2014/09/06 14:17:58: 
2014/09/06 14:17:58: ==== Processing was completed ====
2014/09/06 14:17:58: 
*************************************************


*********** Start the Initialize Key Check **********
2014/09/06 14:21:11: Tool Ver: 2013.0605.01
2014/09/06 14:21:11: COM PORT OPEN ... OK
2014/09/06 14:21:11:
2014/09/06 14:21:11: ProductS/N:  VRW06A114800602
2014/09/06 14:21:11: TID: 8604164032E62080
2014/09/06 14:21:12: F/W Version: 00.00.08
2014/09/06 14:21:12:
2014/09/06 14:21:12: MasterKey Key Entry ... OK
2014/09/06 14:21:12: PowerON Counter Key Entry ... OK
2014/09/06 14:21:12: Key Entry ... OK
2014/09/06 14:21:12: Complete.
2014/09/06 14:21:12: COM PORT CLOSE ... OK
2014/09/06 14:21:12: 
2014/09/06 14:21:12: ==== Processing was completed ====
2014/09/06 14:21:12: 
*************************************************


*********** Start the Initialize Key Check **********
2014/09/06 14:24:52: Tool Ver: 2013.0605.01
2014/09/06 14:24:52: COM PORT OPEN ... OK
2014/09/06 14:24:52:
2014/09/06 14:24:52: ProductS/N:  VRW06A114800640
2014/09/06 14:24:52: TID: 86041220CAE52080
2014/09/06 14:24:52: F/W Version: 00.00.08
2014/09/06 14:24:52:
2014/09/06 14:24:52: MasterKey Key Entry ... OK
2014/09/06 14:24:52: PowerON Counter Key Entry ... OK
2014/09/06 14:24:52: Key Entry ... OK
2014/09/06 14:24:52: Complete.
2014/09/06 14:24:52: COM PORT CLOSE ... OK
2014/09/06 14:24:52: 
2014/09/06 14:24:52: ==== Processing was completed ====
2014/09/06 14:24:52: 
*************************************************


*********** Start the Initialize Key Check **********
2014/09/06 14:30:35: Tool Ver: 2013.0605.01
2014/09/06 14:30:35: COM PORT OPEN ... OK
2014/09/06 14:30:35:
2014/09/06 14:30:35: ProductS/N:  VRW06A114800641
2014/09/06 14:30:35: TID: 8604303D32E62080
2014/09/06 14:30:35: F/W Version: 00.00.08
2014/09/06 14:30:35:
2014/09/06 14:30:36: MasterKey Key Entry ... OK
2014/09/06 14:30:36: PowerON Counter Key Entry ... OK
2014/09/06 14:30:36: Key Entry ... OK
2014/09/06 14:30:36: Complete.
2014/09/06 14:30:36: COM PORT CLOSE ... OK
2014/09/06 14:30:36: 
2014/09/06 14:30:36: ==== Processing was completed ====
2014/09/06 14:30:36: 
*************************************************


*********** Start the Initialize Key Check **********
2014/09/06 14:32:05: Tool Ver: 2013.0605.01
2014/09/06 14:32:06: COM PORT OPEN ... OK
2014/09/06 14:32:06:
2014/09/06 14:32:06: ProductS/N:  VRW06A114800643
2014/09/06 14:32:06: TID: 86041E062AE62080
2014/09/06 14:32:06: F/W Version: 00.00.08
2014/09/06 14:32:06:
2014/09/06 14:32:06: MasterKey Key Entry ... OK
2014/09/06 14:32:06: PowerON Counter Key Entry ... OK
2014/09/06 14:32:06: Key Entry ... OK
2014/09/06 14:32:06: Complete.
2014/09/06 14:32:06: COM PORT CLOSE ... OK
2014/09/06 14:32:06: 
2014/09/06 14:32:06: ==== Processing was completed ====
2014/09/06 14:32:06: 
*************************************************


*********** Start the Initialize Key Check **********
2014/09/06 14:33:39: Tool Ver: 2013.0605.01
2014/09/06 14:33:39: COM PORT OPEN ... OK
2014/09/06 14:33:39:
2014/09/06 14:33:39: ProductS/N:  VRW06A114800635
2014/09/06 14:33:39: TID: 860438202AE62080
2014/09/06 14:33:39: F/W Version: 00.00.08
2014/09/06 14:33:39:
2014/09/06 14:33:39: MasterKey Key Entry ... OK
2014/09/06 14:33:39: PowerON Counter Key Entry ... OK
2014/09/06 14:33:39: Key Entry ... OK
2014/09/06 14:33:39: Complete.
2014/09/06 14:33:39: COM PORT CLOSE ... OK
2014/09/06 14:33:39: 
2014/09/06 14:33:39: ==== Processing was completed ====
2014/09/06 14:33:39: 
*************************************************


*********** Start the Initialize Key Check **********
2014/09/06 14:35:53: Tool Ver: 2013.0605.01
2014/09/06 14:35:53: COM PORT OPEN ... OK
2014/09/06 14:35:53:
2014/09/06 14:35:53: ProductS/N:  VRW06A114800487
2014/09/06 14:35:53: TID: 86042C42D2E52080
2014/09/06 14:35:53: F/W Version: 00.00.08
2014/09/06 14:35:53:
2014/09/06 14:35:53: MasterKey Key Entry ... OK
2014/09/06 14:35:53: PowerON Counter Key Entry ... OK
2014/09/06 14:35:54: Key Entry ... OK
2014/09/06 14:35:54: Complete.
2014/09/06 14:35:54: COM PORT CLOSE ... OK
2014/09/06 14:35:54: 
2014/09/06 14:35:54: ==== Processing was completed ====
2014/09/06 14:35:54: 
*************************************************


*********** Start the Initialize Key Check **********
2014/09/06 14:38:12: Tool Ver: 2013.0605.01
2014/09/06 14:38:12: COM PORT OPEN ... OK
2014/09/06 14:38:12:
2014/09/06 14:38:12: ProductS/N:  VRW06A114800601
2014/09/06 14:38:12: TID: 8604111C2AE62080
2014/09/06 14:38:12: F/W Version: 00.00.08
2014/09/06 14:38:12:
2014/09/06 14:38:12: MasterKey Key Entry ... OK
2014/09/06 14:38:12: PowerON Counter Key Entry ... OK
2014/09/06 14:38:13: Key Entry ... OK
2014/09/06 14:38:13: Complete.
2014/09/06 14:38:13: COM PORT CLOSE ... OK
2014/09/06 14:38:13: 
2014/09/06 14:38:13: ==== Processing was completed ====
2014/09/06 14:38:13: 
*************************************************


*********** Start the Initialize Key Check **********
2014/09/06 14:40:45: Tool Ver: 2013.0605.01
2014/09/06 14:40:45: COM PORT OPEN ... OK
2014/09/06 14:40:46:
2014/09/06 14:40:46: ProductS/N:  VRW06A114800599
2014/09/06 14:40:46: TID: 86042624CAE52080
2014/09/06 14:40:46: F/W Version: 00.00.08
2014/09/06 14:40:46:
2014/09/06 14:40:46: MasterKey Key Entry ... OK
2014/09/06 14:40:46: PowerON Counter Key Entry ... OK
2014/09/06 14:40:46: Key Entry ... OK
2014/09/06 14:40:46: Complete.
2014/09/06 14:40:46: COM PORT CLOSE ... OK
2014/09/06 14:40:46: 
2014/09/06 14:40:46: ==== Processing was completed ====
2014/09/06 14:40:46: 
*************************************************


*********** Start the Initialize Key Check **********
2014/09/06 14:43:19: Tool Ver: 2013.0605.01
2014/09/06 14:43:19: COM PORT OPEN ... OK
2014/09/06 14:43:19:
2014/09/06 14:43:19: ProductS/N:  VRW06A114800015
2014/09/06 14:43:19: TID: 86041F42D2E52080
2014/09/06 14:43:19: F/W Version: 00.00.08
2014/09/06 14:43:19:
2014/09/06 14:43:19: MasterKey Key Entry ... OK
2014/09/06 14:43:19: PowerON Counter Key Entry ... OK
2014/09/06 14:43:20: Key Entry ... OK
2014/09/06 14:43:20: Complete.
2014/09/06 14:43:20: COM PORT CLOSE ... OK
2014/09/06 14:43:20: 
2014/09/06 14:43:20: ==== Processing was completed ====
2014/09/06 14:43:20: 
*************************************************


*********** Start the Initialize Key Check **********
2014/09/06 14:49:16: Tool Ver: 2013.0605.01
2014/09/06 14:49:16: COM PORT OPEN ... OK
2014/09/06 14:49:16:
2014/09/06 14:49:16: ProductS/N:  VRW06A114800185
2014/09/06 14:49:16: TID: 86042A3DD2E52080
2014/09/06 14:49:16: F/W Version: 00.00.08
2014/09/06 14:49:16:
2014/09/06 14:49:16: MasterKey Key Entry ... OK
2014/09/06 14:49:16: PowerON Counter Key Entry ... OK
2014/09/06 14:49:17: Key Entry ... OK
2014/09/06 14:49:17: Complete.
2014/09/06 14:49:17: COM PORT CLOSE ... OK
2014/09/06 14:49:17: 
2014/09/06 14:49:17: ==== Processing was completed ====
2014/09/06 14:49:17: 
*************************************************


*********** Start the Initialize Key Check **********
2014/09/06 14:53:39: Tool Ver: 2013.0605.01
2014/09/06 14:53:39: COM PORT OPEN ... OK
2014/09/06 14:53:40:
2014/09/06 14:53:40: ProductS/N:  VRW06A114800654
2014/09/06 14:53:40: TID: 86041F232AE62080
2014/09/06 14:53:40: F/W Version: 00.00.08
2014/09/06 14:53:40:
2014/09/06 14:53:40: MasterKey Key Entry ... OK
2014/09/06 14:53:40: PowerON Counter Key Entry ... OK
2014/09/06 14:53:40: Key Entry ... OK
2014/09/06 14:53:40: Complete.
2014/09/06 14:53:40: COM PORT CLOSE ... OK
2014/09/06 14:53:40: 
2014/09/06 14:53:40: ==== Processing was completed ====
2014/09/06 14:53:40: 
*************************************************


*********** Start the Initialize Key Check **********
2014/09/06 14:56:21: Tool Ver: 2013.0605.01
2014/09/06 14:56:21: COM PORT OPEN ... OK
2014/09/06 14:56:22:
2014/09/06 14:56:22: ProductS/N:  VRW06A114800656
2014/09/06 14:56:22: TID: 860433082AE62080
2014/09/06 14:56:22: F/W Version: 00.00.08
2014/09/06 14:56:22:
2014/09/06 14:56:22: MasterKey Key Entry ... OK
2014/09/06 14:56:22: PowerON Counter Key Entry ... OK
2014/09/06 14:56:22: Key Entry ... OK
2014/09/06 14:56:22: Complete.
2014/09/06 14:56:22: COM PORT CLOSE ... OK
2014/09/06 14:56:22: 
2014/09/06 14:56:22: ==== Processing was completed ====
2014/09/06 14:56:22: 
*************************************************


*********** Start the Initialize Key Check **********
2014/09/06 14:58:33: Tool Ver: 2013.0605.01
2014/09/06 14:58:33: COM PORT OPEN ... OK
2014/09/06 14:58:33:
2014/09/06 14:58:33: ProductS/N:  VRW06A114800576
2014/09/06 14:58:33: TID: 8604373DD2E52080
2014/09/06 14:58:33: F/W Version: 00.00.08
2014/09/06 14:58:33:
2014/09/06 14:58:33: MasterKey Key Entry ... OK
2014/09/06 14:58:33: PowerON Counter Key Entry ... OK
2014/09/06 14:58:34: Key Entry ... OK
2014/09/06 14:58:34: Complete.
2014/09/06 14:58:34: COM PORT CLOSE ... OK
2014/09/06 14:58:34: 
2014/09/06 14:58:34: ==== Processing was completed ====
2014/09/06 14:58:34: 
*************************************************


*********** Start the Initialize Key Check **********
2014/09/06 15:13:25: Tool Ver: 2013.0605.01
2014/09/06 15:13:25: COM PORT OPEN ... OK
2014/09/06 15:13:25:
2014/09/06 15:13:25: ProductS/N:  VRW06A114800663
2014/09/06 15:13:25: TID: 86041634D2E52080
2014/09/06 15:13:25: F/W Version: 00.00.08
2014/09/06 15:13:25:
2014/09/06 15:13:25: MasterKey Key Entry ... OK
2014/09/06 15:13:25: PowerON Counter Key Entry ... OK
2014/09/06 15:13:26: Key Entry ... OK
2014/09/06 15:13:26: Complete.
2014/09/06 15:13:26: COM PORT CLOSE ... OK
2014/09/06 15:13:26: 
2014/09/06 15:13:26: ==== Processing was completed ====
2014/09/06 15:13:26: 
*************************************************


*********** Start the Initialize Key Check **********
2014/09/06 15:17:23: Tool Ver: 2013.0605.01
2014/09/06 15:17:23: COM PORT OPEN ... OK
2014/09/06 15:17:23:
2014/09/06 15:17:23: ProductS/N:  VRW06A114800666
2014/09/06 15:17:23: TID: 86042708CAE52080
2014/09/06 15:17:23: F/W Version: 00.00.08
2014/09/06 15:17:23:
2014/09/06 15:17:23: MasterKey Key Entry ... OK
2014/09/06 15:17:23: PowerON Counter Key Entry ... OK
2014/09/06 15:17:24: Key Entry ... OK
2014/09/06 15:17:24: Complete.
2014/09/06 15:17:24: COM PORT CLOSE ... OK
2014/09/06 15:17:24: 
2014/09/06 15:17:24: ==== Processing was completed ====
2014/09/06 15:17:24: 
*************************************************


*********** Start the Initialize Key Check **********
2014/09/06 15:19:45: Tool Ver: 2013.0605.01
2014/09/06 15:19:45: COM PORT OPEN ... OK
2014/09/06 15:19:45:
2014/09/06 15:19:45: ProductS/N:  VRW06A114800554
2014/09/06 15:19:45: TID: 8604214432E62080
2014/09/06 15:19:45: F/W Version: 00.00.08
2014/09/06 15:19:45:
2014/09/06 15:19:45: MasterKey Key Entry ... OK
2014/09/06 15:19:45: PowerON Counter Key Entry ... OK
2014/09/06 15:19:46: Key Entry ... OK
2014/09/06 15:19:46: Complete.
2014/09/06 15:19:46: COM PORT CLOSE ... OK
2014/09/06 15:19:46: 
2014/09/06 15:19:46: ==== Processing was completed ====
2014/09/06 15:19:46: 
*************************************************


*********** Start the Initialize Key Check **********
2014/09/06 15:21:38: Tool Ver: 2013.0605.01
2014/09/06 15:21:38: COM PORT OPEN ... OK
2014/09/06 15:21:38:
2014/09/06 15:21:38: ProductS/N:  VRW06A114800674
2014/09/06 15:21:38: TID: 86042208CAE52080
2014/09/06 15:21:38: F/W Version: 00.00.08
2014/09/06 15:21:38:
2014/09/06 15:21:38: MasterKey Key Entry ... OK
2014/09/06 15:21:38: PowerON Counter Key Entry ... OK
2014/09/06 15:21:39: Key Entry ... OK
2014/09/06 15:21:39: Complete.
2014/09/06 15:21:39: COM PORT CLOSE ... OK
2014/09/06 15:21:39: 
2014/09/06 15:21:39: ==== Processing was completed ====
2014/09/06 15:21:39: 
*************************************************


*********** Start the Initialize Key Check **********
2014/09/06 15:23:48: Tool Ver: 2013.0605.01
2014/09/06 15:23:48: COM PORT OPEN ... OK
2014/09/06 15:23:48:
2014/09/06 15:23:48: ProductS/N:  VRW06A114800670
2014/09/06 15:23:48: TID: 86041722CAE52080
2014/09/06 15:23:48: F/W Version: 00.00.08
2014/09/06 15:23:48:
2014/09/06 15:23:48: MasterKey Key Entry ... OK
2014/09/06 15:23:48: PowerON Counter Key Entry ... OK
2014/09/06 15:23:49: Key Entry ... OK
2014/09/06 15:23:49: Complete.
2014/09/06 15:23:49: COM PORT CLOSE ... OK
2014/09/06 15:23:49: 
2014/09/06 15:23:49: ==== Processing was completed ====
2014/09/06 15:23:49: 
*************************************************


*********** Start the Initialize Key Check **********
2014/09/06 15:26:37: Tool Ver: 2013.0605.01
2014/09/06 15:26:37: COM PORT OPEN ... OK
2014/09/06 15:26:37:
2014/09/06 15:26:37: ProductS/N:  VRW06A114800667
2014/09/06 15:26:37: TID: 86043007CAE52080
2014/09/06 15:26:37: F/W Version: 00.00.08
2014/09/06 15:26:37:
2014/09/06 15:26:37: MasterKey Key Entry ... OK
2014/09/06 15:26:37: PowerON Counter Key Entry ... OK
2014/09/06 15:26:38: Key Entry ... OK
2014/09/06 15:26:38: Complete.
2014/09/06 15:26:38: COM PORT CLOSE ... OK
2014/09/06 15:26:38: 
2014/09/06 15:26:38: ==== Processing was completed ====
2014/09/06 15:26:38: 
*************************************************


*********** Start the Initialize Key Check **********
2014/09/06 15:28:58: Tool Ver: 2013.0605.01
2014/09/06 15:28:58: COM PORT OPEN ... ERROR(01)
2014/09/06 15:28:58: 
2014/09/06 15:28:58: ######## Error has occurred ########
2014/09/06 15:28:58: 
*************************************************


*********** Start the Initialize Key Check **********
2014/09/06 15:29:18: Tool Ver: 2013.0605.01
2014/09/06 15:29:18: COM PORT OPEN ... ERROR(01)
2014/09/06 15:29:18: 
2014/09/06 15:29:18: ######## Error has occurred ########
2014/09/06 15:29:18: 
*************************************************


*********** Start the Initialize Key Check **********
2014/09/06 15:29:20: Tool Ver: 2013.0605.01
2014/09/06 15:29:20: COM PORT OPEN ... ERROR(01)
2014/09/06 15:29:20: 
2014/09/06 15:29:20: ######## Error has occurred ########
2014/09/06 15:29:20: 
*************************************************


*********** Start the Initialize Key Check **********
2014/09/06 15:29:44: Tool Ver: 2013.0605.01
2014/09/06 15:29:44: COM PORT OPEN ... OK
2014/09/06 15:29:44:
2014/09/06 15:29:44: ProductS/N:  VRW06A114800377
2014/09/06 15:29:44: TID: 860419042AE62080
2014/09/06 15:29:44: F/W Version: 00.00.08
2014/09/06 15:29:44:
2014/09/06 15:29:44: MasterKey Key Entry ... OK
2014/09/06 15:29:44: PowerON Counter Key Entry ... OK
2014/09/06 15:29:45: Key Entry ... OK
2014/09/06 15:29:45: Complete.
2014/09/06 15:29:45: COM PORT CLOSE ... OK
2014/09/06 15:29:45: 
2014/09/06 15:29:45: ==== Processing was completed ====
2014/09/06 15:29:45: 
*************************************************


*********** Start the Initialize Key Check **********
2014/09/06 15:32:38: Tool Ver: 2013.0605.01
2014/09/06 15:32:38: COM PORT OPEN ... OK
2014/09/06 15:32:38:
2014/09/06 15:32:38: ProductS/N:  VRW06A114800681
2014/09/06 15:32:38: TID: 86041A062AE62080
2014/09/06 15:32:38: F/W Version: 00.00.08
2014/09/06 15:32:38:
2014/09/06 15:32:38: MasterKey Key Entry ... OK
2014/09/06 15:32:38: PowerON Counter Key Entry ... OK
2014/09/06 15:32:38: Key Entry ... OK
2014/09/06 15:32:38: Complete.
2014/09/06 15:32:38: COM PORT CLOSE ... OK
2014/09/06 15:32:38: 
2014/09/06 15:32:38: ==== Processing was completed ====
2014/09/06 15:32:38: 
*************************************************


*********** Start the Initialize Key Check **********
2014/09/06 15:35:37: Tool Ver: 2013.0605.01
2014/09/06 15:35:37: COM PORT OPEN ... OK
2014/09/06 15:35:37:
2014/09/06 15:35:37: ProductS/N:  VRW06A114800664
2014/09/06 15:35:37: TID: 86042744D2E52080
2014/09/06 15:35:37: F/W Version: 00.00.08
2014/09/06 15:35:37:
2014/09/06 15:35:37: MasterKey Key Entry ... OK
2014/09/06 15:35:37: PowerON Counter Key Entry ... OK
2014/09/06 15:35:38: Key Entry ... OK
2014/09/06 15:35:38: Complete.
2014/09/06 15:35:38: COM PORT CLOSE ... OK
2014/09/06 15:35:38: 
2014/09/06 15:35:38: ==== Processing was completed ====
2014/09/06 15:35:38: 
*************************************************


*********** Start the Initialize Key Check **********
2014/09/06 15:37:42: Tool Ver: 2013.0605.01
2014/09/06 15:37:42: COM PORT OPEN ... OK
2014/09/06 15:37:42:
2014/09/06 15:37:42: ProductS/N:  VRW06A114800668
2014/09/06 15:37:42: TID: 86041225CAE52080
2014/09/06 15:37:42: F/W Version: 00.00.08
2014/09/06 15:37:42:
2014/09/06 15:37:42: MasterKey Key Entry ... OK
2014/09/06 15:37:42: PowerON Counter Key Entry ... OK
2014/09/06 15:37:43: Key Entry ... OK
2014/09/06 15:37:43: Complete.
2014/09/06 15:37:43: COM PORT CLOSE ... OK
2014/09/06 15:37:43: 
2014/09/06 15:37:43: ==== Processing was completed ====
2014/09/06 15:37:43: 
*************************************************


*********** Start the Initialize Key Check **********
2014/09/06 15:41:03: Tool Ver: 2013.0605.01
2014/09/06 15:41:03: COM PORT OPEN ... OK
2014/09/06 15:41:03:
2014/09/06 15:41:03: ProductS/N:  VRW06A114800634
2014/09/06 15:41:03: TID: 8604214132E62080
2014/09/06 15:41:03: F/W Version: 00.00.08
2014/09/06 15:41:03:
2014/09/06 15:41:03: MasterKey Key Entry ... OK
2014/09/06 15:41:03: PowerON Counter Key Entry ... OK
2014/09/06 15:41:04: Key Entry ... OK
2014/09/06 15:41:04: Complete.
2014/09/06 15:41:04: COM PORT CLOSE ... OK
2014/09/06 15:41:04: 
2014/09/06 15:41:04: ==== Processing was completed ====
2014/09/06 15:41:04: 
*************************************************


*********** Start the Initialize Key Check **********
2014/09/06 15:45:35: Tool Ver: 2013.0605.01
2014/09/06 15:45:35: COM PORT OPEN ... OK
2014/09/06 15:45:35:
2014/09/06 15:45:35: ProductS/N:  4800192
2014/09/06 15:45:35: TID: 86041F1C2AE62080
2014/09/06 15:45:35: F/W Version: 00.00.08
2014/09/06 15:45:35:
2014/09/06 15:45:35: MasterKey Key Entry ... OK
2014/09/06 15:45:35: PowerON Counter Key Entry ... OK
2014/09/06 15:45:36: Key Entry ... OK
2014/09/06 15:45:36: Complete.
2014/09/06 15:45:36: COM PORT CLOSE ... OK
2014/09/06 15:45:36: 
2014/09/06 15:45:36: ==== Processing was completed ====
2014/09/06 15:45:36: 
*************************************************


*********** Start the Initialize Key Check **********
2014/09/06 15:48:49: Tool Ver: 2013.0605.01
2014/09/06 15:48:49: COM PORT OPEN ... OK
2014/09/06 15:48:49:
2014/09/06 15:48:49: ProductS/N:  VRW06A114800633
2014/09/06 15:48:49: TID: 8604233D32E62080
2014/09/06 15:48:49: F/W Version: 00.00.08
2014/09/06 15:48:49:
2014/09/06 15:48:49: MasterKey Key Entry ... OK
2014/09/06 15:48:49: PowerON Counter Key Entry ... OK
2014/09/06 15:48:50: Key Entry ... OK
2014/09/06 15:48:50: Complete.
2014/09/06 15:48:50: COM PORT CLOSE ... OK
2014/09/06 15:48:50: 
2014/09/06 15:48:50: ==== Processing was completed ====
2014/09/06 15:48:50: 
*************************************************


*********** Start the Initialize Key Check **********
2014/09/06 15:50:42: Tool Ver: 2013.0605.01
2014/09/06 15:50:42: COM PORT OPEN ... OK
2014/09/06 15:50:42:
2014/09/06 15:50:42: ProductS/N:  VRW06A114800627
2014/09/06 15:50:42: TID: 860437292AE62080
2014/09/06 15:50:42: F/W Version: 00.00.08
2014/09/06 15:50:42:
2014/09/06 15:50:42: MasterKey Key Entry ... OK
2014/09/06 15:50:42: PowerON Counter Key Entry ... OK
2014/09/06 15:50:43: Key Entry ... OK
2014/09/06 15:50:43: Complete.
2014/09/06 15:50:43: COM PORT CLOSE ... OK
2014/09/06 15:50:43: 
2014/09/06 15:50:43: ==== Processing was completed ====
2014/09/06 15:50:43: 
*************************************************


*********** Start the Initialize Key Check **********
2014/09/06 15:52:54: Tool Ver: 2013.0605.01
2014/09/06 15:52:54: COM PORT OPEN ... OK
2014/09/06 15:52:54:
2014/09/06 15:52:54: ProductS/N:  VRW06A114800629
2014/09/06 15:52:54: TID: 8604143ED2E52080
2014/09/06 15:52:54: F/W Version: 00.00.08
2014/09/06 15:52:54:
2014/09/06 15:52:54: MasterKey Key Entry ... OK
2014/09/06 15:52:54: PowerON Counter Key Entry ... OK
2014/09/06 15:52:55: Key Entry ... OK
2014/09/06 15:52:55: Complete.
2014/09/06 15:52:55: COM PORT CLOSE ... OK
2014/09/06 15:52:55: 
2014/09/06 15:52:55: ==== Processing was completed ====
2014/09/06 15:52:55: 
*************************************************


*********** Start the Initialize Key Check **********
2014/09/06 15:54:58: Tool Ver: 2013.0605.01
2014/09/06 15:54:58: COM PORT OPEN ... OK
2014/09/06 15:54:58:
2014/09/06 15:54:58: ProductS/N:  VRW06A114800625
2014/09/06 15:54:58: TID: 8604144132E62080
2014/09/06 15:54:58: F/W Version: 00.00.08
2014/09/06 15:54:58:
2014/09/06 15:54:58: MasterKey Key Entry ... OK
2014/09/06 15:54:58: PowerON Counter Key Entry ... OK
2014/09/06 15:54:58: Key Entry ... OK
2014/09/06 15:54:58: Complete.
2014/09/06 15:54:58: COM PORT CLOSE ... OK
2014/09/06 15:54:58: 
2014/09/06 15:54:58: ==== Processing was completed ====
2014/09/06 15:54:58: 
*************************************************


*********** Start the Initialize Key Check **********
2014/09/06 15:57:33: Tool Ver: 2013.0605.01
2014/09/06 15:57:33: COM PORT OPEN ... ERROR(01)
2014/09/06 15:57:33: 
2014/09/06 15:57:33: ######## Error has occurred ########
2014/09/06 15:57:33: 
*************************************************


*********** Start the Initialize Key Check **********
2014/09/06 15:57:46: Tool Ver: 2013.0605.01
2014/09/06 15:57:46: COM PORT OPEN ... OK
2014/09/06 15:57:46:
2014/09/06 15:57:46: ProductS/N:  VRW06A114800550
2014/09/06 15:57:46: TID: 86041A42D2E52080
2014/09/06 15:57:46: F/W Version: 00.00.08
2014/09/06 15:57:46:
2014/09/06 15:57:46: MasterKey Key Entry ... OK
2014/09/06 15:57:46: PowerON Counter Key Entry ... OK
2014/09/06 15:57:47: Key Entry ... OK
2014/09/06 15:57:47: Complete.
2014/09/06 15:57:47: COM PORT CLOSE ... OK
2014/09/06 15:57:47: 
2014/09/06 15:57:47: ==== Processing was completed ====
2014/09/06 15:57:47: 
*************************************************


*********** Start the Initialize Key Check **********
2014/09/06 16:03:57: Tool Ver: 2013.0605.01
2014/09/06 16:03:57: COM PORT OPEN ... OK
2014/09/06 16:03:58:
2014/09/06 16:03:58: ProductS/N:  VRW06A114800626
2014/09/06 16:03:58: TID: 8604173C32E62080
2014/09/06 16:03:58: F/W Version: 00.00.08
2014/09/06 16:03:58:
2014/09/06 16:03:58: MasterKey Key Entry ... OK
2014/09/06 16:03:58: PowerON Counter Key Entry ... OK
2014/09/06 16:03:58: Key Entry ... OK
2014/09/06 16:03:58: Complete.
2014/09/06 16:03:58: COM PORT CLOSE ... OK
2014/09/06 16:03:58: 
2014/09/06 16:03:58: ==== Processing was completed ====
2014/09/06 16:03:58: 
*************************************************


*********** Start the Initialize Key Check **********
2014/09/06 16:06:07: Tool Ver: 2013.0605.01
2014/09/06 16:06:07: COM PORT OPEN ... OK
2014/09/06 16:06:08:
2014/09/06 16:06:08: ProductS/N:  VRW06A114800677
2014/09/06 16:06:08: TID: 86042D202AE62080
2014/09/06 16:06:08: F/W Version: 00.00.08
2014/09/06 16:06:08:
2014/09/06 16:06:08: MasterKey Key Entry ... OK
2014/09/06 16:06:08: PowerON Counter Key Entry ... OK
2014/09/06 16:06:08: Key Entry ... OK
2014/09/06 16:06:08: Complete.
2014/09/06 16:06:08: COM PORT CLOSE ... OK
2014/09/06 16:06:08: 
2014/09/06 16:06:08: ==== Processing was completed ====
2014/09/06 16:06:08: 
*************************************************


*********** Start the Initialize Key Check **********
2014/09/06 16:08:40: Tool Ver: 2013.0605.01
2014/09/06 16:08:40: COM PORT OPEN ... OK
2014/09/06 16:08:40:
2014/09/06 16:08:40: ProductS/N:  VRW06A114800587
2014/09/06 16:08:40: TID: 860427032AE62080
2014/09/06 16:08:40: F/W Version: 00.00.08
2014/09/06 16:08:40:
2014/09/06 16:08:40: MasterKey Key Entry ... OK
2014/09/06 16:08:40: PowerON Counter Key Entry ... OK
2014/09/06 16:08:41: Key Entry ... OK
2014/09/06 16:08:41: Complete.
2014/09/06 16:08:41: COM PORT CLOSE ... OK
2014/09/06 16:08:41: 
2014/09/06 16:08:41: ==== Processing was completed ====
2014/09/06 16:08:41: 
*************************************************


*********** Start the Initialize Key Check **********
2014/09/06 16:11:39: Tool Ver: 2013.0605.01
2014/09/06 16:11:39: COM PORT OPEN ... OK
2014/09/06 16:11:39:
2014/09/06 16:11:39: ProductS/N:  VRW06A114800672
2014/09/06 16:11:39: TID: 86042C08CAE52080
2014/09/06 16:11:39: F/W Version: 00.00.08
2014/09/06 16:11:39:
2014/09/06 16:11:39: MasterKey Key Entry ... OK
2014/09/06 16:11:39: PowerON Counter Key Entry ... OK
2014/09/06 16:11:40: Key Entry ... OK
2014/09/06 16:11:40: Complete.
2014/09/06 16:11:40: COM PORT CLOSE ... OK
2014/09/06 16:11:40: 
2014/09/06 16:11:40: ==== Processing was completed ====
2014/09/06 16:11:40: 
*************************************************


*********** Start the Initialize Key Check **********
2014/09/06 16:13:54: Tool Ver: 2013.0605.01
2014/09/06 16:13:54: COM PORT OPEN ... OK
2014/09/06 16:13:54:
2014/09/06 16:13:54: ProductS/N:  VRW06A114800671
2014/09/06 16:13:54: TID: 86043734D2E52080
2014/09/06 16:13:54: F/W Version: 00.00.08
2014/09/06 16:13:54:
2014/09/06 16:13:54: MasterKey Key Entry ... OK
2014/09/06 16:13:54: PowerON Counter Key Entry ... OK
2014/09/06 16:13:55: Key Entry ... OK
2014/09/06 16:13:55: Complete.
2014/09/06 16:13:55: COM PORT CLOSE ... OK
2014/09/06 16:13:55: 
2014/09/06 16:13:55: ==== Processing was completed ====
2014/09/06 16:13:55: 
*************************************************


*********** Start the Initialize Key Check **********
2014/09/06 16:20:01: Tool Ver: 2013.0605.01
2014/09/06 16:20:01: COM PORT OPEN ... OK
2014/09/06 16:20:01:
2014/09/06 16:20:01: ProductS/N:  VRW06A114800678
2014/09/06 16:20:01: TID: 860428052AE62080
2014/09/06 16:20:01: F/W Version: 00.00.08
2014/09/06 16:20:01:
2014/09/06 16:20:01: MasterKey Key Entry ... OK
2014/09/06 16:20:01: PowerON Counter Key Entry ... OK
2014/09/06 16:20:01: Key Entry ... OK
2014/09/06 16:20:01: Complete.
2014/09/06 16:20:01: COM PORT CLOSE ... OK
2014/09/06 16:20:01: 
2014/09/06 16:20:01: ==== Processing was completed ====
2014/09/06 16:20:01: 
*************************************************


*********** Start the Initialize Key Check **********
2014/09/06 16:23:25: Tool Ver: 2013.0605.01
2014/09/06 16:23:25: COM PORT OPEN ... OK
2014/09/06 16:23:25:
2014/09/06 16:23:25: ProductS/N:  VRW06A114800661
2014/09/06 16:23:25: TID: 860406202AE62080
2014/09/06 16:23:25: F/W Version: 00.00.08
2014/09/06 16:23:25:
2014/09/06 16:23:25: MasterKey Key Entry ... OK
2014/09/06 16:23:25: PowerON Counter Key Entry ... OK
2014/09/06 16:23:26: Key Entry ... OK
2014/09/06 16:23:26: Complete.
2014/09/06 16:23:26: COM PORT CLOSE ... OK
2014/09/06 16:23:26: 
2014/09/06 16:23:26: ==== Processing was completed ====
2014/09/06 16:23:26: 
*************************************************


*********** Start the Initialize Key Check **********
2014/09/06 16:23:54: Tool Ver: 2013.0605.01
2014/09/06 16:23:54: COM PORT OPEN ... OK
2014/09/06 16:23:54:
2014/09/06 16:23:54: ProductS/N:  VRW06A114800637
2014/09/06 16:23:54: TID: 86042A3F32E62080
2014/09/06 16:23:54: F/W Version: 00.00.08
2014/09/06 16:23:54:
2014/09/06 16:23:54: MasterKey Key Entry ... OK
2014/09/06 16:23:54: PowerON Counter Key Entry ... OK
2014/09/06 16:23:55: Key Entry ... OK
2014/09/06 16:23:55: Complete.
2014/09/06 16:23:55: COM PORT CLOSE ... OK
2014/09/06 16:23:55: 
2014/09/06 16:23:55: ==== Processing was completed ====
2014/09/06 16:23:55: 
*************************************************


*********** Start the Initialize Key Check **********
2014/09/06 16:24:58: Tool Ver: 2013.0605.01
2014/09/06 16:24:58: COM PORT OPEN ... ERROR(01)
2014/09/06 16:24:58: 
2014/09/06 16:24:58: ######## Error has occurred ########
2014/09/06 16:24:58: 
*************************************************


*********** Start the Initialize Key Check **********
2014/09/06 16:25:24: Tool Ver: 2013.0605.01
2014/09/06 16:25:24: COM PORT OPEN ... OK
2014/09/06 16:25:25:
2014/09/06 16:25:25: ProductS/N:  VRW06A114800683
2014/09/06 16:25:25: TID: 860423032AE62080
2014/09/06 16:25:25: F/W Version: 00.00.08
2014/09/06 16:25:25:
2014/09/06 16:25:25: MasterKey Key Entry ... OK
2014/09/06 16:25:25: PowerON Counter Key Entry ... OK
2014/09/06 16:25:25: Key Entry ... OK
2014/09/06 16:25:25: Complete.
2014/09/06 16:25:25: COM PORT CLOSE ... OK
2014/09/06 16:25:25: 
2014/09/06 16:25:25: ==== Processing was completed ====
2014/09/06 16:25:25: 
*************************************************


*********** Start the Initialize Key Check **********
2014/09/06 16:27:55: Tool Ver: 2013.0605.01
2014/09/06 16:27:55: COM PORT OPEN ... OK
2014/09/06 16:27:55:
2014/09/06 16:27:55: ProductS/N:  VRW06A114800675
2014/09/06 16:27:55: TID: 86043B1E2AE62080
2014/09/06 16:27:55: F/W Version: 00.00.08
2014/09/06 16:27:55:
2014/09/06 16:27:55: MasterKey Key Entry ... OK
2014/09/06 16:27:55: PowerON Counter Key Entry ... OK
2014/09/06 16:27:56: Key Entry ... OK
2014/09/06 16:27:56: Complete.
2014/09/06 16:27:56: COM PORT CLOSE ... OK
2014/09/06 16:27:56: 
2014/09/06 16:27:56: ==== Processing was completed ====
2014/09/06 16:27:56: 
*************************************************


*********** Start the Initialize Key Check **********
2014/09/06 16:28:56: Tool Ver: 2013.0605.01
2014/09/06 16:28:56: COM PORT OPEN ... OK
2014/09/06 16:28:56:
2014/09/06 16:28:56: ProductS/N:  VRW06A114800684
2014/09/06 16:28:56: TID: 860420072AE62080
2014/09/06 16:28:56: F/W Version: 00.00.08
2014/09/06 16:28:56:
2014/09/06 16:28:56: MasterKey Key Entry ... OK
2014/09/06 16:28:56: PowerON Counter Key Entry ... OK
2014/09/06 16:28:56: Key Entry ... OK
2014/09/06 16:28:56: Complete.
2014/09/06 16:28:56: COM PORT CLOSE ... OK
2014/09/06 16:28:56: 
2014/09/06 16:28:56: ==== Processing was completed ====
2014/09/06 16:28:56: 
*************************************************


*********** Start the Initialize Key Check **********
2014/09/06 16:29:27: Tool Ver: 2013.0605.01
2014/09/06 16:29:27: COM PORT OPEN ... OK
2014/09/06 16:29:27:
2014/09/06 16:29:27: ProductS/N:  VRW06A114800688
2014/09/06 16:29:27: TID: 86040F222AE62080
2014/09/06 16:29:27: F/W Version: 00.00.08
2014/09/06 16:29:27:
2014/09/06 16:29:27: MasterKey Key Entry ... OK
2014/09/06 16:29:27: PowerON Counter Key Entry ... OK
2014/09/06 16:29:28: Key Entry ... OK
2014/09/06 16:29:28: Complete.
2014/09/06 16:29:28: COM PORT CLOSE ... OK
2014/09/06 16:29:28: 
2014/09/06 16:29:28: ==== Processing was completed ====
2014/09/06 16:29:28: 
*************************************************


*********** Start the Initialize Key Check **********
2014/09/06 16:30:13: Tool Ver: 2013.0605.01
2014/09/06 16:30:13: COM PORT OPEN ... OK
2014/09/06 16:30:13:
2014/09/06 16:30:13: ProductS/N:  VRW06A114800690
2014/09/06 16:30:14: TID: 860419062AE62080
2014/09/06 16:30:14: F/W Version: 00.00.08
2014/09/06 16:30:14:
2014/09/06 16:30:14: MasterKey Key Entry ... OK
2014/09/06 16:30:14: PowerON Counter Key Entry ... OK
2014/09/06 16:30:14: Key Entry ... OK
2014/09/06 16:30:14: Complete.
2014/09/06 16:30:14: COM PORT CLOSE ... OK
2014/09/06 16:30:14: 
2014/09/06 16:30:14: ==== Processing was completed ====
2014/09/06 16:30:14: 
*************************************************


*********** Start the Initialize Key Check **********
2014/09/06 16:30:55: Tool Ver: 2013.0605.01
2014/09/06 16:30:55: COM PORT OPEN ... OK
2014/09/06 16:30:55:
2014/09/06 16:30:55: ProductS/N:  VRW06A114800650
2014/09/06 16:30:55: TID: 8604193FD2E52080
2014/09/06 16:30:55: F/W Version: 00.00.08
2014/09/06 16:30:55:
2014/09/06 16:30:55: MasterKey Key Entry ... OK
2014/09/06 16:30:55: PowerON Counter Key Entry ... OK
2014/09/06 16:30:56: Key Entry ... OK
2014/09/06 16:30:56: Complete.
2014/09/06 16:30:56: COM PORT CLOSE ... OK
2014/09/06 16:30:56: 
2014/09/06 16:30:56: ==== Processing was completed ====
2014/09/06 16:30:56: 
*************************************************


*********** Start the Initialize Key Check **********
2014/09/06 16:33:35: Tool Ver: 2013.0605.01
2014/09/06 16:33:35: COM PORT OPEN ... OK
2014/09/06 16:33:36:
2014/09/06 16:33:36: ProductS/N:  VRW06A114800497
2014/09/06 16:33:36: TID: 860404212AE62080
2014/09/06 16:33:36: F/W Version: 00.00.08
2014/09/06 16:33:36:
2014/09/06 16:33:36: MasterKey Key Entry ... OK
2014/09/06 16:33:36: PowerON Counter Key Entry ... OK
2014/09/06 16:33:36: Key Entry ... OK
2014/09/06 16:33:36: Complete.
2014/09/06 16:33:36: COM PORT CLOSE ... OK
2014/09/06 16:33:36: 
2014/09/06 16:33:36: ==== Processing was completed ====
2014/09/06 16:33:36: 
*************************************************


*********** Start the Initialize Key Check **********
2014/09/06 16:35:07: Tool Ver: 2013.0605.01
2014/09/06 16:35:07: COM PORT OPEN ... OK
2014/09/06 16:35:07:
2014/09/06 16:35:07: ProductS/N:  VRW06A114800618
2014/09/06 16:35:08: TID: 86042F3D32E62080
2014/09/06 16:35:08: F/W Version: 00.00.08
2014/09/06 16:35:08:
2014/09/06 16:35:08: MasterKey Key Entry ... OK
2014/09/06 16:35:08: PowerON Counter Key Entry ... OK
2014/09/06 16:35:08: Key Entry ... OK
2014/09/06 16:35:08: Complete.
2014/09/06 16:35:08: COM PORT CLOSE ... OK
2014/09/06 16:35:08: 
2014/09/06 16:35:08: ==== Processing was completed ====
2014/09/06 16:35:08: 
*************************************************


*********** Start the Initialize Key Check **********
2014/09/06 16:38:16: Tool Ver: 2013.0605.01
2014/09/06 16:38:16: COM PORT OPEN ... OK
2014/09/06 16:38:16:
2014/09/06 16:38:16: ProductS/N:  VRW06A114800676
2014/09/06 16:38:16: TID: 860408212AE62080
2014/09/06 16:38:16: F/W Version: 00.00.08
2014/09/06 16:38:16:
2014/09/06 16:38:16: MasterKey Key Entry ... OK
2014/09/06 16:38:16: PowerON Counter Key Entry ... OK
2014/09/06 16:38:17: Key Entry ... OK
2014/09/06 16:38:17: Complete.
2014/09/06 16:38:17: COM PORT CLOSE ... OK
2014/09/06 16:38:17: 
2014/09/06 16:38:17: ==== Processing was completed ====
2014/09/06 16:38:17: 
*************************************************


*********** Start the Initialize Key Check **********
2014/09/06 16:40:41: Tool Ver: 2013.0605.01
2014/09/06 16:40:41: COM PORT OPEN ... OK
2014/09/06 16:40:41:
2014/09/06 16:40:41: ProductS/N:  VRW06A114800689
2014/09/06 16:40:41: TID: 8604421F2AE62080
2014/09/06 16:40:41: F/W Version: 00.00.08
2014/09/06 16:40:41:
2014/09/06 16:40:41: MasterKey Key Entry ... OK
2014/09/06 16:40:42: PowerON Counter Key Entry ... OK
2014/09/06 16:40:42: Key Entry ... OK
2014/09/06 16:40:42: Complete.
2014/09/06 16:40:42: COM PORT CLOSE ... OK
2014/09/06 16:40:42: 
2014/09/06 16:40:42: ==== Processing was completed ====
2014/09/06 16:40:42: 
*************************************************


*********** Start the Initialize Key Check **********
2014/09/06 16:41:24: Tool Ver: 2013.0605.01
2014/09/06 16:41:24: COM PORT OPEN ... OK
2014/09/06 16:41:24:
2014/09/06 16:41:24: ProductS/N:  4800586
2014/09/06 16:41:24: TID: 86041509CAE52080
2014/09/06 16:41:24: F/W Version: 00.00.08
2014/09/06 16:41:24:
2014/09/06 16:41:24: MasterKey Key Entry ... OK
2014/09/06 16:41:24: PowerON Counter Key Entry ... OK
2014/09/06 16:41:25: Key Entry ... OK
2014/09/06 16:41:25: Complete.
2014/09/06 16:41:25: COM PORT CLOSE ... OK
2014/09/06 16:41:25: 
2014/09/06 16:41:25: ==== Processing was completed ====
2014/09/06 16:41:25: 
*************************************************


*********** Start the Initialize Key Check **********
2014/09/06 16:43:44: Tool Ver: 2013.0605.01
2014/09/06 16:43:44: COM PORT OPEN ... OK
2014/09/06 16:43:45:
2014/09/06 16:43:45: ProductS/N:  VRW06A114800610
2014/09/06 16:43:45: TID: 86041D3E32E62080
2014/09/06 16:43:45: F/W Version: 00.00.08
2014/09/06 16:43:45:
2014/09/06 16:43:45: MasterKey Key Entry ... OK
2014/09/06 16:43:45: PowerON Counter Key Entry ... OK
2014/09/06 16:43:45: Key Entry ... OK
2014/09/06 16:43:45: Complete.
2014/09/06 16:43:45: COM PORT CLOSE ... OK
2014/09/06 16:43:45: 
2014/09/06 16:43:45: ==== Processing was completed ====
2014/09/06 16:43:45: 
*************************************************


*********** Start the Initialize Key Check **********
2014/09/06 16:46:46: Tool Ver: 2013.0605.01
2014/09/06 16:46:46: COM PORT OPEN ... OK
2014/09/06 16:46:46:
2014/09/06 16:46:46: ProductS/N:  VRW06A114800638
2014/09/06 16:46:46: TID: 86042D052AE62080
2014/09/06 16:46:46: F/W Version: 00.00.08
2014/09/06 16:46:46:
2014/09/06 16:46:46: MasterKey Key Entry ... OK
2014/09/06 16:46:46: PowerON Counter Key Entry ... OK
2014/09/06 16:46:47: Key Entry ... OK
2014/09/06 16:46:47: Complete.
2014/09/06 16:46:47: COM PORT CLOSE ... OK
2014/09/06 16:46:47: 
2014/09/06 16:46:47: ==== Processing was completed ====
2014/09/06 16:46:47: 
*************************************************


*********** Start the Initialize Key Check **********
2014/09/06 16:49:05: Tool Ver: 2013.0605.01
2014/09/06 16:49:05: COM PORT OPEN ... OK
2014/09/06 16:49:05:
2014/09/06 16:49:05: ProductS/N:  VRW06A114800628
2014/09/06 16:49:05: TID: 860436232AE62080
2014/09/06 16:49:05: F/W Version: 00.00.08
2014/09/06 16:49:05:
2014/09/06 16:49:05: MasterKey Key Entry ... OK
2014/09/06 16:49:05: PowerON Counter Key Entry ... OK
2014/09/06 16:49:06: Key Entry ... OK
2014/09/06 16:49:06: Complete.
2014/09/06 16:49:06: COM PORT CLOSE ... OK
2014/09/06 16:49:06: 
2014/09/06 16:49:06: ==== Processing was completed ====
2014/09/06 16:49:06: 
*************************************************


*********** Start the Initialize Key Check **********
2014/09/06 16:51:23: Tool Ver: 2013.0605.01
2014/09/06 16:51:23: COM PORT OPEN ... OK
2014/09/06 16:51:23:
2014/09/06 16:51:23: ProductS/N:  VRW06A114800583
2014/09/06 16:51:23: TID: 8604153E32E62080
2014/09/06 16:51:23: F/W Version: 00.00.08
2014/09/06 16:51:23:
2014/09/06 16:51:23: MasterKey Key Entry ... OK
2014/09/06 16:51:23: PowerON Counter Key Entry ... OK
2014/09/06 16:51:24: Key Entry ... OK
2014/09/06 16:51:24: Complete.
2014/09/06 16:51:24: COM PORT CLOSE ... OK
2014/09/06 16:51:24: 
2014/09/06 16:51:24: ==== Processing was completed ====
2014/09/06 16:51:24: 
*************************************************


*********** Start the Initialize Key Check **********
2014/09/06 16:58:06: Tool Ver: 2013.0605.01
2014/09/06 16:58:06: COM PORT OPEN ... OK
2014/09/06 16:58:06:
2014/09/06 16:58:06: ProductS/N:  VRW06A114800645
2014/09/06 16:58:06: TID: 86041A1D2AE62080
2014/09/06 16:58:06: F/W Version: 00.00.08
2014/09/06 16:58:06:
2014/09/06 16:58:06: MasterKey Key Entry ... OK
2014/09/06 16:58:06: PowerON Counter Key Entry ... OK
2014/09/06 16:58:07: Key Entry ... OK
2014/09/06 16:58:07: Complete.
2014/09/06 16:58:07: COM PORT CLOSE ... OK
2014/09/06 16:58:07: 
2014/09/06 16:58:07: ==== Processing was completed ====
2014/09/06 16:58:07: 
*************************************************


*********** Start the Initialize Key Check **********
2014/09/06 17:47:56: Tool Ver: 2013.0605.01
2014/09/06 17:47:56: COM PORT OPEN ... OK
2014/09/06 17:47:56:
2014/09/06 17:47:56: ProductS/N:  4800679
2014/09/06 17:47:56: TID: 8604164232E62080
2014/09/06 17:47:56: F/W Version: 00.00.08
2014/09/06 17:47:56:
2014/09/06 17:47:56: MasterKey Key Entry ... OK
2014/09/06 17:47:56: PowerON Counter Key Entry ... OK
2014/09/06 17:47:57: Key Entry ... OK
2014/09/06 17:47:57: Complete.
2014/09/06 17:47:57: COM PORT CLOSE ... OK
2014/09/06 17:47:57: 
2014/09/06 17:47:57: ==== Processing was completed ====
2014/09/06 17:47:57: 
*************************************************


*********** Start the Initialize Key Check **********
2014/09/06 17:53:22: Tool Ver: 2013.0605.01
2014/09/06 17:53:22: Product S/N ... ERROR
2014/09/06 17:53:22: 
2014/09/06 17:53:22: ######## Error has occurred ########
2014/09/06 17:53:22: 
*************************************************


*********** Start the Initialize Key Check **********
2014/09/06 17:53:58: Tool Ver: 2013.0605.01
2014/09/06 17:53:58: COM PORT OPEN ... OK
2014/09/06 17:53:58:
2014/09/06 17:53:58: ProductS/N:  VRW06A114800682
2014/09/06 17:53:58: TID: 860416242AE62080
2014/09/06 17:53:58: F/W Version: 00.00.08
2014/09/06 17:53:58:
2014/09/06 17:53:58: MasterKey Key Entry ... OK
2014/09/06 17:53:58: PowerON Counter Key Entry ... OK
2014/09/06 17:53:59: Key Entry ... OK
2014/09/06 17:53:59: Complete.
2014/09/06 17:53:59: COM PORT CLOSE ... OK
2014/09/06 17:53:59: 
2014/09/06 17:53:59: ==== Processing was completed ====
2014/09/06 17:53:59: 
*************************************************


*********** Start the Initialize Key Check **********
2014/09/06 17:54:40: Tool Ver: 2013.0605.01
2014/09/06 17:54:40: COM PORT OPEN ... OK
2014/09/06 17:54:40:
2014/09/06 17:54:40: ProductS/N:  VRW06A114800679
2014/09/06 17:54:40: TID: 8604164232E62080
2014/09/06 17:54:40: F/W Version: 00.00.08
2014/09/06 17:54:40:
2014/09/06 17:54:40: MasterKey Key Entry ... OK
2014/09/06 17:54:40: PowerON Counter Key Entry ... OK
2014/09/06 17:54:41: Key Entry ... OK
2014/09/06 17:54:41: Complete.
2014/09/06 17:54:41: COM PORT CLOSE ... OK
2014/09/06 17:54:41: 
2014/09/06 17:54:41: ==== Processing was completed ====
2014/09/06 17:54:41: 
*************************************************


*********** Start the Initialize Key Check **********
2014/09/06 17:55:14: Tool Ver: 2013.0605.01
2014/09/06 17:55:14: COM PORT OPEN ... OK
2014/09/06 17:55:14:
2014/09/06 17:55:14: ProductS/N:  VRW06A114800602
2014/09/06 17:55:14: TID: 8604164032E62080
2014/09/06 17:55:14: F/W Version: 00.00.08
2014/09/06 17:55:14:
2014/09/06 17:55:14: MasterKey Key Entry ... OK
2014/09/06 17:55:15: PowerON Counter Key Entry ... OK
2014/09/06 17:55:15: Key Entry ... OK
2014/09/06 17:55:15: Complete.
2014/09/06 17:55:15: COM PORT CLOSE ... OK
2014/09/06 17:55:15: 
2014/09/06 17:55:15: ==== Processing was completed ====
2014/09/06 17:55:15: 
*************************************************


*********** Start the Initialize Key Check **********
2014/09/06 17:56:23: Tool Ver: 2013.0605.01
2014/09/06 17:56:23: COM PORT OPEN ... OK
2014/09/06 17:56:23:
2014/09/06 17:56:23: ProductS/N:  VRW06A114800639
2014/09/06 17:56:23: TID: 860443222AE62080
2014/09/06 17:56:23: F/W Version: 00.00.08
2014/09/06 17:56:23:
2014/09/06 17:56:23: MasterKey Key Entry ... OK
2014/09/06 17:56:23: PowerON Counter Key Entry ... OK
2014/09/06 17:56:23: Key Entry ... OK
2014/09/06 17:56:23: Complete.
2014/09/06 17:56:23: COM PORT CLOSE ... OK
2014/09/06 17:56:23: 
2014/09/06 17:56:23: ==== Processing was completed ====
2014/09/06 17:56:23: 
*************************************************


*********** Start the Initialize Key Check **********
2014/09/06 17:59:55: Tool Ver: 2013.0605.01
2014/09/06 17:59:55: COM PORT OPEN ... OK
2014/09/06 17:59:56:
2014/09/06 17:59:56: ProductS/N:  VRW06A114800687
2014/09/06 17:59:56: TID: 86043C1F2AE62080
2014/09/06 17:59:56: F/W Version: 00.00.08
2014/09/06 17:59:56:
2014/09/06 17:59:56: MasterKey Key Entry ... OK
2014/09/06 17:59:56: PowerON Counter Key Entry ... OK
2014/09/06 17:59:56: Key Entry ... OK
2014/09/06 17:59:56: Complete.
2014/09/06 17:59:56: COM PORT CLOSE ... OK
2014/09/06 17:59:56: 
2014/09/06 17:59:56: ==== Processing was completed ====
2014/09/06 17:59:56: 
*************************************************


*********** Start the Initialize Key Check **********
2014/09/06 18:02:13: Tool Ver: 2013.0605.01
2014/09/06 18:02:13: COM PORT OPEN ... OK
2014/09/06 18:02:14:
2014/09/06 18:02:14: ProductS/N:  VRW06A114800642
2014/09/06 18:02:14: TID: 86042D43D2E52080
2014/09/06 18:02:14: F/W Version: 00.00.08
2014/09/06 18:02:14:
2014/09/06 18:02:14: MasterKey Key Entry ... OK
2014/09/06 18:02:14: PowerON Counter Key Entry ... OK
2014/09/06 18:02:14: Key Entry ... OK
2014/09/06 18:02:14: Complete.
2014/09/06 18:02:14: COM PORT CLOSE ... OK
2014/09/06 18:02:14: 
2014/09/06 18:02:14: ==== Processing was completed ====
2014/09/06 18:02:14: 
*************************************************


*********** Start the Initialize Key Check **********
2014/09/06 18:03:29: Tool Ver: 2013.0605.01
2014/09/06 18:03:29: COM PORT OPEN ... OK
2014/09/06 18:03:30:
2014/09/06 18:03:30: ProductS/N:  VRW06A114800181
2014/09/06 18:03:30: TID: 8604411F2AE62080
2014/09/06 18:03:30: F/W Version: 00.00.08
2014/09/06 18:03:30:
2014/09/06 18:03:30: MasterKey Key Entry ... OK
2014/09/06 18:03:30: PowerON Counter Key Entry ... OK
2014/09/06 18:03:30: Key Entry ... OK
2014/09/06 18:03:30: Complete.
2014/09/06 18:03:30: COM PORT CLOSE ... OK
2014/09/06 18:03:30: 
2014/09/06 18:03:30: ==== Processing was completed ====
2014/09/06 18:03:30: 
*************************************************


*********** Start the Initialize Key Check **********
2014/09/06 18:05:42: Tool Ver: 2013.0605.01
2014/09/06 18:05:42: COM PORT OPEN ... OK
2014/09/06 18:05:42:
2014/09/06 18:05:42: ProductS/N:  VRW06A114800657
2014/09/06 18:05:42: TID: 860427042AE62080
2014/09/06 18:05:42: F/W Version: 00.00.08
2014/09/06 18:05:42:
2014/09/06 18:05:42: MasterKey Key Entry ... OK
2014/09/06 18:05:42: PowerON Counter Key Entry ... OK
2014/09/06 18:05:43: Key Entry ... OK
2014/09/06 18:05:43: Complete.
2014/09/06 18:05:43: COM PORT CLOSE ... OK
2014/09/06 18:05:43: 
2014/09/06 18:05:43: ==== Processing was completed ====
2014/09/06 18:05:43: 
*************************************************


*********** Start the Initialize Key Check **********
2014/09/06 18:15:08: Tool Ver: 2013.0605.01
2014/09/06 18:15:08: COM PORT OPEN ... OK
2014/09/06 18:15:08:
2014/09/06 18:15:08: ProductS/N:  VRW06A114800655
2014/09/06 18:15:08: TID: 86041223CAE52080
2014/09/06 18:15:08: F/W Version: 00.00.08
2014/09/06 18:15:08:
2014/09/06 18:15:08: MasterKey Key Entry ... OK
2014/09/06 18:15:08: PowerON Counter Key Entry ... OK
2014/09/06 18:15:08: Key Entry ... OK
2014/09/06 18:15:08: Complete.
2014/09/06 18:15:08: COM PORT CLOSE ... OK
2014/09/06 18:15:08: 
2014/09/06 18:15:08: ==== Processing was completed ====
2014/09/06 18:15:08: 
*************************************************


*********** Start the Initialize Key Check **********
2014/09/06 18:15:32: Tool Ver: 2013.0605.01
2014/09/06 18:15:32: COM PORT OPEN ... OK
2014/09/06 18:15:32:
2014/09/06 18:15:32: ProductS/N:  VRW06A114800636
2014/09/06 18:15:32: TID: 8604211E2AE62080
2014/09/06 18:15:32: F/W Version: 00.00.08
2014/09/06 18:15:32:
2014/09/06 18:15:32: MasterKey Key Entry ... OK
2014/09/06 18:15:32: PowerON Counter Key Entry ... OK
2014/09/06 18:15:33: Key Entry ... OK
2014/09/06 18:15:33: Complete.
2014/09/06 18:15:33: COM PORT CLOSE ... OK
2014/09/06 18:15:33: 
2014/09/06 18:15:33: ==== Processing was completed ====
2014/09/06 18:15:33: 
*************************************************


*********** Start the Initialize Key Check **********
2014/09/06 18:19:52: Tool Ver: 2013.0605.01
2014/09/06 18:19:52: COM PORT OPEN ... OK
2014/09/06 18:19:52:
2014/09/06 18:19:52: ProductS/N:  VRW06A114800647
2014/09/06 18:19:52: TID: 860421052AE62080
2014/09/06 18:19:52: F/W Version: 00.00.08
2014/09/06 18:19:52:
2014/09/06 18:19:52: MasterKey Key Entry ... OK
2014/09/06 18:19:52: PowerON Counter Key Entry ... OK
2014/09/06 18:19:53: Key Entry ... OK
2014/09/06 18:19:53: Complete.
2014/09/06 18:19:53: COM PORT CLOSE ... OK
2014/09/06 18:19:53: 
2014/09/06 18:19:53: ==== Processing was completed ====
2014/09/06 18:19:53: 
*************************************************


*********** Start the Initialize Key Check **********
2014/09/06 18:22:48: Tool Ver: 2013.0605.01
2014/09/06 18:22:48: COM PORT OPEN ... ERROR(01)
2014/09/06 18:22:48: 
2014/09/06 18:22:48: ######## Error has occurred ########
2014/09/06 18:22:48: 
*************************************************


*********** Start the Initialize Key Check **********
2014/09/06 18:25:32: Tool Ver: 2013.0605.01
2014/09/06 18:25:32: COM PORT OPEN ... OK
2014/09/06 18:25:33:
2014/09/06 18:25:33: ProductS/N:  VRW06A114800640
2014/09/06 18:25:33: TID: 86041220CAE52080
2014/09/06 18:25:33: F/W Version: 00.00.08
2014/09/06 18:25:33:
2014/09/06 18:25:33: MasterKey Key Entry ... OK
2014/09/06 18:25:33: PowerON Counter Key Entry ... OK
2014/09/06 18:25:33: Key Entry ... OK
2014/09/06 18:25:33: Complete.
2014/09/06 18:25:33: COM PORT CLOSE ... OK
2014/09/06 18:25:33: 
2014/09/06 18:25:33: ==== Processing was completed ====
2014/09/06 18:25:33: 
*************************************************


*********** Start the Initialize Key Check **********
2014/09/06 18:27:13: Tool Ver: 2013.0605.01
2014/09/06 18:27:13: COM PORT OPEN ... OK
2014/09/06 18:27:14:
2014/09/06 18:27:14: ProductS/N:  VRW06A114800665
2014/09/06 18:27:14: TID: 8604194332E62080
2014/09/06 18:27:14: F/W Version: 00.00.08
2014/09/06 18:27:14:
2014/09/06 18:27:14: MasterKey Key Entry ... OK
2014/09/06 18:27:14: PowerON Counter Key Entry ... OK
2014/09/06 18:27:14: Key Entry ... OK
2014/09/06 18:27:14: Complete.
2014/09/06 18:27:14: COM PORT CLOSE ... OK
2014/09/06 18:27:14: 
2014/09/06 18:27:14: ==== Processing was completed ====
2014/09/06 18:27:14: 
*************************************************


*********** Start the Initialize Key Check **********
2014/09/06 18:28:08: Tool Ver: 2013.0605.01
2014/09/06 18:28:08: COM PORT OPEN ... OK
2014/09/06 18:28:08:
2014/09/06 18:28:08: ProductS/N:  VRW06A114800680
2014/09/06 18:28:08: TID: 860413072AE62080
2014/09/06 18:28:08: F/W Version: 00.00.08
2014/09/06 18:28:08:
2014/09/06 18:28:08: MasterKey Key Entry ... OK
2014/09/06 18:28:08: PowerON Counter Key Entry ... OK
2014/09/06 18:28:09: Key Entry ... OK
2014/09/06 18:28:09: Complete.
2014/09/06 18:28:09: COM PORT CLOSE ... OK
2014/09/06 18:28:09: 
2014/09/06 18:28:09: ==== Processing was completed ====
2014/09/06 18:28:09: 
*************************************************


*********** Start the Initialize Key Check **********
2014/09/06 18:31:23: Tool Ver: 2013.0605.01
2014/09/06 18:31:23: COM PORT OPEN ... OK
2014/09/06 18:31:23:
2014/09/06 18:31:23: ProductS/N:  VRW06A114800685
2014/09/06 18:31:23: TID: 8604294432E62080
2014/09/06 18:31:23: F/W Version: 00.00.08
2014/09/06 18:31:23:
2014/09/06 18:31:23: MasterKey Key Entry ... OK
2014/09/06 18:31:23: PowerON Counter Key Entry ... OK
2014/09/06 18:31:24: Key Entry ... OK
2014/09/06 18:31:24: Complete.
2014/09/06 18:31:24: COM PORT CLOSE ... OK
2014/09/06 18:31:24: 
2014/09/06 18:31:24: ==== Processing was completed ====
2014/09/06 18:31:24: 
*************************************************


*********** Start the Initialize Key Check **********
2014/09/06 18:34:34: Tool Ver: 2013.0605.01
2014/09/06 18:34:34: COM PORT OPEN ... OK
2014/09/06 18:34:34:
2014/09/06 18:34:34: ProductS/N:  VRW06A114800671
2014/09/06 18:34:34: TID: 86043734D2E52080
2014/09/06 18:34:34: F/W Version: 00.00.08
2014/09/06 18:34:34:
2014/09/06 18:34:34: MasterKey Key Entry ... OK
2014/09/06 18:34:34: PowerON Counter Key Entry ... OK
2014/09/06 18:34:34: Key Entry ... OK
2014/09/06 18:34:34: Complete.
2014/09/06 18:34:34: COM PORT CLOSE ... OK
2014/09/06 18:34:34: 
2014/09/06 18:34:34: ==== Processing was completed ====
2014/09/06 18:34:34: 
*************************************************


*********** Start the Initialize Key Check **********
2014/09/06 18:36:30: Tool Ver: 2013.0605.01
2014/09/06 18:36:30: COM PORT OPEN ... OK
2014/09/06 18:36:30:
2014/09/06 18:36:30: ProductS/N:  VRW06A114800695
2014/09/06 18:36:30: TID: 8604323D32E62080
2014/09/06 18:36:30: F/W Version: 00.00.08
2014/09/06 18:36:30:
2014/09/06 18:36:30: MasterKey Key Entry ... OK
2014/09/06 18:36:30: PowerON Counter Key Entry ... OK
2014/09/06 18:36:31: Key Entry ... OK
2014/09/06 18:36:31: Complete.
2014/09/06 18:36:31: COM PORT CLOSE ... OK
2014/09/06 18:36:31: 
2014/09/06 18:36:31: ==== Processing was completed ====
2014/09/06 18:36:31: 
*************************************************


