*********** Start the Initialize Key Check **********
2014/11/11 08:10:59: Tool Ver: 2013.0605.01
2014/11/11 08:10:59: COM PORT OPEN ... OK
2014/11/11 08:11:00:
2014/11/11 08:11:00: ProductS/N:  VRW06A114Y00583
2014/11/11 08:11:00: TID: 860427242AE62080
2014/11/11 08:11:00: F/W Version: 00.00.08
2014/11/11 08:11:00:
2014/11/11 08:11:00: MasterKey Key Entry ... OK
2014/11/11 08:11:00: PowerON Counter Key Entry ... OK
2014/11/11 08:11:00: Key Entry ... OK
2014/11/11 08:11:00: Complete.
2014/11/11 08:11:00: COM PORT CLOSE ... OK
2014/11/11 08:11:00: 
2014/11/11 08:11:00: ==== Processing was completed ====
2014/11/11 08:11:00: 
*************************************************


*********** Start the Initialize Key Check **********
2014/11/11 08:15:03: Tool Ver: 2013.0605.01
2014/11/11 08:15:03: COM PORT OPEN ... OK
2014/11/11 08:15:03:
2014/11/11 08:15:03: ProductS/N:  VRW06A114Y00586
2014/11/11 08:15:03: TID: 8604241F2AE62080
2014/11/11 08:15:03: F/W Version: 00.00.08
2014/11/11 08:15:03:
2014/11/11 08:15:03: MasterKey Key Entry ... OK
2014/11/11 08:15:03: PowerON Counter Key Entry ... OK
2014/11/11 08:15:04: Key Entry ... OK
2014/11/11 08:15:04: Complete.
2014/11/11 08:15:04: COM PORT CLOSE ... OK
2014/11/11 08:15:04: 
2014/11/11 08:15:04: ==== Processing was completed ====
2014/11/11 08:15:04: 
*************************************************


*********** Start the Initialize Key Check **********
2014/11/11 08:19:03: Tool Ver: 2013.0605.01
2014/11/11 08:19:03: COM PORT OPEN ... OK
2014/11/11 08:19:03:
2014/11/11 08:19:03: ProductS/N:  VRW06A114Y00606
2014/11/11 08:19:03: TID: 8604351F2AE62080
2014/11/11 08:19:03: F/W Version: 00.00.08
2014/11/11 08:19:03:
2014/11/11 08:19:03: MasterKey Key Entry ... OK
2014/11/11 08:19:03: PowerON Counter Key Entry ... OK
2014/11/11 08:19:04: Key Entry ... OK
2014/11/11 08:19:04: Complete.
2014/11/11 08:19:04: COM PORT CLOSE ... OK
2014/11/11 08:19:04: 
2014/11/11 08:19:04: ==== Processing was completed ====
2014/11/11 08:19:04: 
*************************************************


*********** Start the Initialize Key Check **********
2014/11/11 08:24:06: Tool Ver: 2013.0605.01
2014/11/11 08:24:06: COM PORT OPEN ... OK
2014/11/11 08:24:06:
2014/11/11 08:24:06: ProductS/N:  VRW06A114Y00618
2014/11/11 08:24:06: TID: 8604121D2AE62080
2014/11/11 08:24:06: F/W Version: 00.00.08
2014/11/11 08:24:06:
2014/11/11 08:24:06: MasterKey Key Entry ... OK
2014/11/11 08:24:06: PowerON Counter Key Entry ... OK
2014/11/11 08:24:06: Key Entry ... OK
2014/11/11 08:24:06: Complete.
2014/11/11 08:24:06: COM PORT CLOSE ... OK
2014/11/11 08:24:06: 
2014/11/11 08:24:06: ==== Processing was completed ====
2014/11/11 08:24:06: 
*************************************************


*********** Start the Initialize Key Check **********
2014/11/11 08:27:16: Tool Ver: 2013.0605.01
2014/11/11 08:27:16: COM PORT OPEN ... OK
2014/11/11 08:27:17:
2014/11/11 08:27:17: ProductS/N:  VRW06A114Y00624
2014/11/11 08:27:17: TID: 86042103CAE52080
2014/11/11 08:27:17: F/W Version: 00.00.08
2014/11/11 08:27:17:
2014/11/11 08:27:17: MasterKey Key Entry ... OK
2014/11/11 08:27:17: PowerON Counter Key Entry ... OK
2014/11/11 08:27:17: Key Entry ... OK
2014/11/11 08:27:17: Complete.
2014/11/11 08:27:17: COM PORT CLOSE ... OK
2014/11/11 08:27:17: 
2014/11/11 08:27:17: ==== Processing was completed ====
2014/11/11 08:27:17: 
*************************************************


*********** Start the Initialize Key Check **********
2014/11/11 08:30:21: Tool Ver: 2013.0605.01
2014/11/11 08:30:21: COM PORT OPEN ... OK
2014/11/11 08:30:21:
2014/11/11 08:30:21: ProductS/N:  VRW06A114Y00600
2014/11/11 08:30:21: TID: 86040D1F2AE62080
2014/11/11 08:30:21: F/W Version: 00.00.08
2014/11/11 08:30:21:
2014/11/11 08:30:21: MasterKey Key Entry ... OK
2014/11/11 08:30:21: PowerON Counter Key Entry ... OK
2014/11/11 08:30:22: Key Entry ... OK
2014/11/11 08:30:22: Complete.
2014/11/11 08:30:22: COM PORT CLOSE ... OK
2014/11/11 08:30:22: 
2014/11/11 08:30:22: ==== Processing was completed ====
2014/11/11 08:30:22: 
*************************************************


*********** Start the Initialize Key Check **********
2014/11/11 08:33:41: Tool Ver: 2013.0605.01
2014/11/11 08:33:41: COM PORT OPEN ... OK
2014/11/11 08:33:41:
2014/11/11 08:33:41: ProductS/N:  VRW06A114Y00631
2014/11/11 08:33:41: TID: 8604372A2AE62080
2014/11/11 08:33:41: F/W Version: 00.00.08
2014/11/11 08:33:41:
2014/11/11 08:33:41: MasterKey Key Entry ... OK
2014/11/11 08:33:41: PowerON Counter Key Entry ... OK
2014/11/11 08:33:41: Key Entry ... OK
2014/11/11 08:33:41: Complete.
2014/11/11 08:33:41: COM PORT CLOSE ... OK
2014/11/11 08:33:41: 
2014/11/11 08:33:41: ==== Processing was completed ====
2014/11/11 08:33:41: 
*************************************************


*********** Start the Initialize Key Check **********
2014/11/11 08:37:09: Tool Ver: 2013.0605.01
2014/11/11 08:37:09: COM PORT OPEN ... OK
2014/11/11 08:37:09:
2014/11/11 08:37:09: ProductS/N:  VRW06A114Y00609
2014/11/11 08:37:09: TID: 860437242AE62080
2014/11/11 08:37:09: F/W Version: 00.00.08
2014/11/11 08:37:09:
2014/11/11 08:37:09: MasterKey Key Entry ... OK
2014/11/11 08:37:09: PowerON Counter Key Entry ... OK
2014/11/11 08:37:10: Key Entry ... OK
2014/11/11 08:37:10: Complete.
2014/11/11 08:37:10: COM PORT CLOSE ... OK
2014/11/11 08:37:10: 
2014/11/11 08:37:10: ==== Processing was completed ====
2014/11/11 08:37:10: 
*************************************************


*********** Start the Initialize Key Check **********
2014/11/11 08:40:43: Tool Ver: 2013.0605.01
2014/11/11 08:40:43: COM PORT OPEN ... OK
2014/11/11 08:40:43:
2014/11/11 08:40:43: ProductS/N:  VRW06A114Y00627
2014/11/11 08:40:43: TID: 860423242AE62080
2014/11/11 08:40:43: F/W Version: 00.00.08
2014/11/11 08:40:43:
2014/11/11 08:40:43: MasterKey Key Entry ... OK
2014/11/11 08:40:43: PowerON Counter Key Entry ... OK
2014/11/11 08:40:44: Key Entry ... OK
2014/11/11 08:40:44: Complete.
2014/11/11 08:40:44: COM PORT CLOSE ... OK
2014/11/11 08:40:44: 
2014/11/11 08:40:44: ==== Processing was completed ====
2014/11/11 08:40:44: 
*************************************************


*********** Start the Initialize Key Check **********
2014/11/11 08:44:10: Tool Ver: 2013.0605.01
2014/11/11 08:44:10: COM PORT OPEN ... OK
2014/11/11 08:44:10:
2014/11/11 08:44:10: ProductS/N:  VRW06A114Y00629
2014/11/11 08:44:10: TID: 860425212AE62080
2014/11/11 08:44:10: F/W Version: 00.00.08
2014/11/11 08:44:10:
2014/11/11 08:44:10: MasterKey Key Entry ... OK
2014/11/11 08:44:10: PowerON Counter Key Entry ... OK
2014/11/11 08:44:11: Key Entry ... OK
2014/11/11 08:44:11: Complete.
2014/11/11 08:44:11: COM PORT CLOSE ... OK
2014/11/11 08:44:11: 
2014/11/11 08:44:11: ==== Processing was completed ====
2014/11/11 08:44:11: 
*************************************************


*********** Start the Initialize Key Check **********
2014/11/11 08:49:59: Tool Ver: 2013.0605.01
2014/11/11 08:49:59: COM PORT OPEN ... OK
2014/11/11 08:49:59:
2014/11/11 08:49:59: ProductS/N:  VRW06A114Y00246
2014/11/11 08:49:59: TID: 8604113DD2E52080
2014/11/11 08:49:59: F/W Version: 00.00.08
2014/11/11 08:49:59:
2014/11/11 08:49:59: MasterKey Key Entry ... OK
2014/11/11 08:49:59: PowerON Counter Key Entry ... OK
2014/11/11 08:50:00: Key Entry ... OK
2014/11/11 08:50:00: Complete.
2014/11/11 08:50:00: COM PORT CLOSE ... OK
2014/11/11 08:50:00: 
2014/11/11 08:50:00: ==== Processing was completed ====
2014/11/11 08:50:00: 
*************************************************


*********** Start the Initialize Key Check **********
2014/11/11 08:53:00: Tool Ver: 2013.0605.01
2014/11/11 08:53:00: COM PORT OPEN ... OK
2014/11/11 08:53:00:
2014/11/11 08:53:00: ProductS/N:  VRW06A114Y00632
2014/11/11 08:53:00: TID: 860414282AE62080
2014/11/11 08:53:00: F/W Version: 00.00.08
2014/11/11 08:53:00:
2014/11/11 08:53:00: MasterKey Key Entry ... OK
2014/11/11 08:53:00: PowerON Counter Key Entry ... OK
2014/11/11 08:53:01: Key Entry ... OK
2014/11/11 08:53:01: Complete.
2014/11/11 08:53:01: COM PORT CLOSE ... OK
2014/11/11 08:53:01: 
2014/11/11 08:53:01: ==== Processing was completed ====
2014/11/11 08:53:01: 
*************************************************


*********** Start the Initialize Key Check **********
2014/11/11 08:56:37: Tool Ver: 2013.0605.01
2014/11/11 08:56:37: COM PORT OPEN ... OK
2014/11/11 08:56:37:
2014/11/11 08:56:37: ProductS/N:  VRW06A114Y00626
2014/11/11 08:56:37: TID: 86040E1F2AE62080
2014/11/11 08:56:37: F/W Version: 00.00.08
2014/11/11 08:56:37:
2014/11/11 08:56:37: MasterKey Key Entry ... OK
2014/11/11 08:56:37: PowerON Counter Key Entry ... OK
2014/11/11 08:56:38: Key Entry ... OK
2014/11/11 08:56:38: Complete.
2014/11/11 08:56:38: COM PORT CLOSE ... OK
2014/11/11 08:56:38: 
2014/11/11 08:56:38: ==== Processing was completed ====
2014/11/11 08:56:38: 
*************************************************


*********** Start the Initialize Key Check **********
2014/11/11 09:02:33: Tool Ver: 2013.0605.01
2014/11/11 09:02:33: COM PORT OPEN ... OK
2014/11/11 09:02:33:
2014/11/11 09:02:33: ProductS/N:  VRW06A114Y00560
2014/11/11 09:02:33: TID: 860430202AE62080
2014/11/11 09:02:33: F/W Version: 00.00.08
2014/11/11 09:02:33:
2014/11/11 09:02:33: MasterKey Key Entry ... OK
2014/11/11 09:02:33: PowerON Counter Key Entry ... OK
2014/11/11 09:02:34: Key Entry ... OK
2014/11/11 09:02:34: Complete.
2014/11/11 09:02:34: COM PORT CLOSE ... OK
2014/11/11 09:02:34: 
2014/11/11 09:02:34: ==== Processing was completed ====
2014/11/11 09:02:34: 
*************************************************


*********** Start the Initialize Key Check **********
2014/11/11 09:09:42: Tool Ver: 2013.0605.01
2014/11/11 09:09:42: COM PORT OPEN ... OK
2014/11/11 09:09:42:
2014/11/11 09:09:42: ProductS/N:  VRW06A114Y00596
2014/11/11 09:09:42: TID: 86042F37D2E52080
2014/11/11 09:09:42: F/W Version: 00.00.08
2014/11/11 09:09:42:
2014/11/11 09:09:42: MasterKey Key Entry ... OK
2014/11/11 09:09:42: PowerON Counter Key Entry ... OK
2014/11/11 09:09:43: Key Entry ... OK
2014/11/11 09:09:43: Complete.
2014/11/11 09:09:43: COM PORT CLOSE ... OK
2014/11/11 09:09:43: 
2014/11/11 09:09:43: ==== Processing was completed ====
2014/11/11 09:09:43: 
*************************************************


*********** Start the Initialize Key Check **********
2014/11/11 09:15:29: Tool Ver: 2013.0605.01
2014/11/11 09:15:29: COM PORT OPEN ... OK
2014/11/11 09:15:29:
2014/11/11 09:15:29: ProductS/N:  VRW06A114Y00636
2014/11/11 09:15:29: TID: 86042E253AE62080
2014/11/11 09:15:29: F/W Version: 00.00.08
2014/11/11 09:15:29:
2014/11/11 09:15:29: MasterKey Key Entry ... OK
2014/11/11 09:15:29: PowerON Counter Key Entry ... OK
2014/11/11 09:15:30: Key Entry ... OK
2014/11/11 09:15:30: Complete.
2014/11/11 09:15:30: COM PORT CLOSE ... OK
2014/11/11 09:15:30: 
2014/11/11 09:15:30: ==== Processing was completed ====
2014/11/11 09:15:30: 
*************************************************


*********** Start the Initialize Key Check **********
2014/11/11 09:18:22: Tool Ver: 2013.0605.01
2014/11/11 09:18:22: COM PORT OPEN ... OK
2014/11/11 09:18:22:
2014/11/11 09:18:22: ProductS/N:  VRW06A114Y00635
2014/11/11 09:18:22: TID: 8604203BD2E52080
2014/11/11 09:18:22: F/W Version: 00.00.08
2014/11/11 09:18:22:
2014/11/11 09:18:22: MasterKey Key Entry ... OK
2014/11/11 09:18:22: PowerON Counter Key Entry ... OK
2014/11/11 09:18:23: Key Entry ... OK
2014/11/11 09:18:23: Complete.
2014/11/11 09:18:23: COM PORT CLOSE ... OK
2014/11/11 09:18:23: 
2014/11/11 09:18:23: ==== Processing was completed ====
2014/11/11 09:18:23: 
*************************************************


*********** Start the Initialize Key Check **********
2014/11/11 09:23:13: Tool Ver: 2013.0605.01
2014/11/11 09:23:13: COM PORT OPEN ... OK
2014/11/11 09:23:13:
2014/11/11 09:23:13: ProductS/N:  VRW06A114Y00633
2014/11/11 09:23:13: TID: 8604151D2AE62080
2014/11/11 09:23:13: F/W Version: 00.00.08
2014/11/11 09:23:13:
2014/11/11 09:23:13: MasterKey Key Entry ... OK
2014/11/11 09:23:13: PowerON Counter Key Entry ... OK
2014/11/11 09:23:14: Key Entry ... OK
2014/11/11 09:23:14: Complete.
2014/11/11 09:23:14: COM PORT CLOSE ... OK
2014/11/11 09:23:14: 
2014/11/11 09:23:14: ==== Processing was completed ====
2014/11/11 09:23:14: 
*************************************************


*********** Start the Initialize Key Check **********
2014/11/11 09:27:15: Tool Ver: 2013.0605.01
2014/11/11 09:27:15: COM PORT OPEN ... OK
2014/11/11 09:27:15:
2014/11/11 09:27:15: ProductS/N:  VRW06A114Y00638
2014/11/11 09:27:15: TID: 860427232AE62080
2014/11/11 09:27:15: F/W Version: 00.00.08
2014/11/11 09:27:15:
2014/11/11 09:27:15: MasterKey Key Entry ... OK
2014/11/11 09:27:15: PowerON Counter Key Entry ... OK
2014/11/11 09:27:15: Key Entry ... OK
2014/11/11 09:27:15: Complete.
2014/11/11 09:27:15: COM PORT CLOSE ... OK
2014/11/11 09:27:15: 
2014/11/11 09:27:15: ==== Processing was completed ====
2014/11/11 09:27:15: 
*************************************************


*********** Start the Initialize Key Check **********
2014/11/11 09:31:35: Tool Ver: 2013.0605.01
2014/11/11 09:31:35: COM PORT OPEN ... OK
2014/11/11 09:31:35:
2014/11/11 09:31:35: ProductS/N:  VRW06A114Y00592
2014/11/11 09:31:35: TID: 860413262AE62080
2014/11/11 09:31:35: F/W Version: 00.00.08
2014/11/11 09:31:35:
2014/11/11 09:31:35: MasterKey Key Entry ... OK
2014/11/11 09:31:35: PowerON Counter Key Entry ... OK
2014/11/11 09:31:36: Key Entry ... OK
2014/11/11 09:31:36: Complete.
2014/11/11 09:31:36: COM PORT CLOSE ... OK
2014/11/11 09:31:36: 
2014/11/11 09:31:36: ==== Processing was completed ====
2014/11/11 09:31:36: 
*************************************************


*********** Start the Initialize Key Check **********
2014/11/11 09:36:23: Tool Ver: 2013.0605.01
2014/11/11 09:36:23: COM PORT OPEN ... OK
2014/11/11 09:36:23:
2014/11/11 09:36:23: ProductS/N:  VRW06A114Y00568
2014/11/11 09:36:23: TID: 8604153CD2E52080
2014/11/11 09:36:23: F/W Version: 00.00.08
2014/11/11 09:36:23:
2014/11/11 09:36:23: MasterKey Key Entry ... OK
2014/11/11 09:36:23: PowerON Counter Key Entry ... OK
2014/11/11 09:36:23: Key Entry ... OK
2014/11/11 09:36:23: Complete.
2014/11/11 09:36:23: COM PORT CLOSE ... OK
2014/11/11 09:36:23: 
2014/11/11 09:36:23: ==== Processing was completed ====
2014/11/11 09:36:23: 
*************************************************


*********** Start the Initialize Key Check **********
2014/11/11 09:39:31: Tool Ver: 2013.0605.01
2014/11/11 09:39:31: COM PORT OPEN ... OK
2014/11/11 09:39:31:
2014/11/11 09:39:31: ProductS/N:  VRW06A114Y00074
2014/11/11 09:39:31: TID: 86042D34D2E52080
2014/11/11 09:39:31: F/W Version: 00.00.08
2014/11/11 09:39:31:
2014/11/11 09:39:31: MasterKey Key Entry ... OK
2014/11/11 09:39:31: PowerON Counter Key Entry ... OK
2014/11/11 09:39:31: Key Entry ... OK
2014/11/11 09:39:31: Complete.
2014/11/11 09:39:31: COM PORT CLOSE ... OK
2014/11/11 09:39:32: 
2014/11/11 09:39:32: ==== Processing was completed ====
2014/11/11 09:39:32: 
*************************************************


*********** Start the Initialize Key Check **********
2014/11/11 09:42:18: Tool Ver: 2013.0605.01
2014/11/11 09:42:18: COM PORT OPEN ... OK
2014/11/11 09:42:18:
2014/11/11 09:42:18: ProductS/N:  VRW06A114Y00643
2014/11/11 09:42:18: TID: 86041C1F2AE62080
2014/11/11 09:42:18: F/W Version: 00.00.08
2014/11/11 09:42:18:
2014/11/11 09:42:18: MasterKey Key Entry ... OK
2014/11/11 09:42:18: PowerON Counter Key Entry ... OK
2014/11/11 09:42:19: Key Entry ... OK
2014/11/11 09:42:19: Complete.
2014/11/11 09:42:19: COM PORT CLOSE ... OK
2014/11/11 09:42:19: 
2014/11/11 09:42:19: ==== Processing was completed ====
2014/11/11 09:42:19: 
*************************************************


*********** Start the Initialize Key Check **********
2014/11/11 09:45:16: Tool Ver: 2013.0605.01
2014/11/11 09:45:16: COM PORT OPEN ... OK
2014/11/11 09:45:16:
2014/11/11 09:45:16: ProductS/N:  VRW06A114Y00648
2014/11/11 09:45:16: TID: 86040B36D2E52080
2014/11/11 09:45:16: F/W Version: 00.00.08
2014/11/11 09:45:16:
2014/11/11 09:45:16: MasterKey Key Entry ... OK
2014/11/11 09:45:16: PowerON Counter Key Entry ... OK
2014/11/11 09:45:16: Key Entry ... OK
2014/11/11 09:45:16: Complete.
2014/11/11 09:45:16: COM PORT CLOSE ... OK
2014/11/11 09:45:16: 
2014/11/11 09:45:16: ==== Processing was completed ====
2014/11/11 09:45:16: 
*************************************************


*********** Start the Initialize Key Check **********
2014/11/11 09:48:29: Tool Ver: 2013.0605.01
2014/11/11 09:48:29: COM PORT OPEN ... OK
2014/11/11 09:48:29:
2014/11/11 09:48:29: ProductS/N:  VRW06A114Y00641
2014/11/11 09:48:29: TID: 86043C222AE62080
2014/11/11 09:48:29: F/W Version: 00.00.08
2014/11/11 09:48:29:
2014/11/11 09:48:29: MasterKey Key Entry ... OK
2014/11/11 09:48:29: PowerON Counter Key Entry ... OK
2014/11/11 09:48:30: Key Entry ... OK
2014/11/11 09:48:30: Complete.
2014/11/11 09:48:30: COM PORT CLOSE ... OK
2014/11/11 09:48:30: 
2014/11/11 09:48:30: ==== Processing was completed ====
2014/11/11 09:48:30: 
*************************************************


*********** Start the Initialize Key Check **********
2014/11/11 09:51:54: Tool Ver: 2013.0605.01
2014/11/11 09:51:54: COM PORT OPEN ... OK
2014/11/11 09:51:54:
2014/11/11 09:51:54: ProductS/N:  VRW06A114Y00637
2014/11/11 09:51:54: TID: 8604121D22E62080
2014/11/11 09:51:54: F/W Version: 00.00.08
2014/11/11 09:51:54:
2014/11/11 09:51:54: MasterKey Key Entry ... OK
2014/11/11 09:51:54: PowerON Counter Key Entry ... OK
2014/11/11 09:51:55: Key Entry ... OK
2014/11/11 09:51:55: Complete.
2014/11/11 09:51:55: COM PORT CLOSE ... OK
2014/11/11 09:51:55: 
2014/11/11 09:51:55: ==== Processing was completed ====
2014/11/11 09:51:55: 
*************************************************


*********** Start the Initialize Key Check **********
2014/11/11 09:55:18: Tool Ver: 2013.0605.01
2014/11/11 09:55:18: COM PORT OPEN ... OK
2014/11/11 09:55:18:
2014/11/11 09:55:18: ProductS/N:  VRW06A114Y00601
2014/11/11 09:55:18: TID: 8604181E2AE62080
2014/11/11 09:55:18: F/W Version: 00.00.08
2014/11/11 09:55:18:
2014/11/11 09:55:18: MasterKey Key Entry ... OK
2014/11/11 09:55:18: PowerON Counter Key Entry ... OK
2014/11/11 09:55:19: Key Entry ... OK
2014/11/11 09:55:19: Complete.
2014/11/11 09:55:19: COM PORT CLOSE ... OK
2014/11/11 09:55:19: 
2014/11/11 09:55:19: ==== Processing was completed ====
2014/11/11 09:55:19: 
*************************************************


*********** Start the Initialize Key Check **********
2014/11/11 10:08:56: Tool Ver: 2013.0605.01
2014/11/11 10:08:56: COM PORT OPEN ... OK
2014/11/11 10:08:56:
2014/11/11 10:08:56: ProductS/N:  VRW06A114Y00642
2014/11/11 10:08:56: TID: 86041A1F2AE62080
2014/11/11 10:08:56: F/W Version: 00.00.08
2014/11/11 10:08:56:
2014/11/11 10:08:56: MasterKey Key Entry ... OK
2014/11/11 10:08:56: PowerON Counter Key Entry ... OK
2014/11/11 10:08:57: Key Entry ... OK
2014/11/11 10:08:57: Complete.
2014/11/11 10:08:57: COM PORT CLOSE ... OK
2014/11/11 10:08:57: 
2014/11/11 10:08:57: ==== Processing was completed ====
2014/11/11 10:08:57: 
*************************************************


*********** Start the Initialize Key Check **********
2014/11/11 10:12:06: Tool Ver: 2013.0605.01
2014/11/11 10:12:06: COM PORT OPEN ... OK
2014/11/11 10:12:07:
2014/11/11 10:12:07: ProductS/N:  VRW06A114Y00647
2014/11/11 10:12:07: TID: 8604273ED2E52080
2014/11/11 10:12:07: F/W Version: 00.00.08
2014/11/11 10:12:07:
2014/11/11 10:12:07: MasterKey Key Entry ... OK
2014/11/11 10:12:07: PowerON Counter Key Entry ... OK
2014/11/11 10:12:07: Key Entry ... OK
2014/11/11 10:12:07: Complete.
2014/11/11 10:12:07: COM PORT CLOSE ... OK
2014/11/11 10:12:07: 
2014/11/11 10:12:07: ==== Processing was completed ====
2014/11/11 10:12:07: 
*************************************************


*********** Start the Initialize Key Check **********
2014/11/11 10:14:31: Tool Ver: 2013.0605.01
2014/11/11 10:14:31: COM PORT OPEN ... OK
2014/11/11 10:14:32:
2014/11/11 10:14:32: ProductS/N:  VRW06A114Y00625
2014/11/11 10:14:32: TID: 86043D242AE62080
2014/11/11 10:14:32: F/W Version: 00.00.08
2014/11/11 10:14:32:
2014/11/11 10:14:32: MasterKey Key Entry ... OK
2014/11/11 10:14:32: PowerON Counter Key Entry ... OK
2014/11/11 10:14:32: Key Entry ... OK
2014/11/11 10:14:32: Complete.
2014/11/11 10:14:32: COM PORT CLOSE ... OK
2014/11/11 10:14:32: 
2014/11/11 10:14:32: ==== Processing was completed ====
2014/11/11 10:14:32: 
*************************************************


*********** Start the Initialize Key Check **********
2014/11/11 10:16:33: Tool Ver: 2013.0605.01
2014/11/11 10:16:33: COM PORT OPEN ... OK
2014/11/11 10:16:33:
2014/11/11 10:16:33: ProductS/N:  VRW06A114Y00342
2014/11/11 10:16:33: TID: 86040A212AE62080
2014/11/11 10:16:33: F/W Version: 00.00.08
2014/11/11 10:16:33:
2014/11/11 10:16:33: MasterKey Key Entry ... OK
2014/11/11 10:16:33: PowerON Counter Key Entry ... OK
2014/11/11 10:16:34: Key Entry ... OK
2014/11/11 10:16:34: Complete.
2014/11/11 10:16:34: COM PORT CLOSE ... OK
2014/11/11 10:16:34: 
2014/11/11 10:16:34: ==== Processing was completed ====
2014/11/11 10:16:34: 
*************************************************


*********** Start the Initialize Key Check **********
2014/11/11 10:17:29: Tool Ver: 2013.0605.01
2014/11/11 10:17:29: COM PORT OPEN ... OK
2014/11/11 10:17:29:
2014/11/11 10:17:29: ProductS/N:  VRW06A114Y00597
2014/11/11 10:17:30: TID: 8604111F2AE62080
2014/11/11 10:17:30: F/W Version: 00.00.08
2014/11/11 10:17:30:
2014/11/11 10:17:30: MasterKey Key Entry ... OK
2014/11/11 10:17:30: PowerON Counter Key Entry ... OK
2014/11/11 10:17:30: Key Entry ... OK
2014/11/11 10:17:30: Complete.
2014/11/11 10:17:30: COM PORT CLOSE ... OK
2014/11/11 10:17:30: 
2014/11/11 10:17:30: ==== Processing was completed ====
2014/11/11 10:17:30: 
*************************************************


*********** Start the Initialize Key Check **********
2014/11/11 10:24:10: Tool Ver: 2013.0605.01
2014/11/11 10:24:10: COM PORT OPEN ... OK
2014/11/11 10:24:10:
2014/11/11 10:24:10: ProductS/N:  VRW06A114Y00630
2014/11/11 10:24:10: TID: 8604311E2AE62080
2014/11/11 10:24:10: F/W Version: 00.00.08
2014/11/11 10:24:10:
2014/11/11 10:24:10: MasterKey Key Entry ... OK
2014/11/11 10:24:10: PowerON Counter Key Entry ... OK
2014/11/11 10:24:11: Key Entry ... OK
2014/11/11 10:24:11: Complete.
2014/11/11 10:24:11: COM PORT CLOSE ... OK
2014/11/11 10:24:11: 
2014/11/11 10:24:11: ==== Processing was completed ====
2014/11/11 10:24:11: 
*************************************************


*********** Start the Initialize Key Check **********
2014/11/11 10:33:33: Tool Ver: 2013.0605.01
2014/11/11 10:33:33: COM PORT OPEN ... OK
2014/11/11 10:33:34:
2014/11/11 10:33:34: ProductS/N:  VRW06A114Y00574
2014/11/11 10:33:34: TID: 86040D3DD2E52080
2014/11/11 10:33:34: F/W Version: 00.00.08
2014/11/11 10:33:34:
2014/11/11 10:33:34: MasterKey Key Entry ... OK
2014/11/11 10:33:34: PowerON Counter Key Entry ... OK
2014/11/11 10:33:34: Key Entry ... OK
2014/11/11 10:33:34: Complete.
2014/11/11 10:33:34: COM PORT CLOSE ... OK
2014/11/11 10:33:34: 
2014/11/11 10:33:34: ==== Processing was completed ====
2014/11/11 10:33:34: 
*************************************************


*********** Start the Initialize Key Check **********
2014/11/11 10:36:39: Tool Ver: 2013.0605.01
2014/11/11 10:36:39: COM PORT OPEN ... OK
2014/11/11 10:36:39:
2014/11/11 10:36:39: ProductS/N:  VRW06A114Y00634
2014/11/11 10:36:39: TID: 86041311D2E52080
2014/11/11 10:36:39: F/W Version: 00.00.08
2014/11/11 10:36:39:
2014/11/11 10:36:39: MasterKey Key Entry ... OK
2014/11/11 10:36:39: PowerON Counter Key Entry ... OK
2014/11/11 10:36:39: Key Entry ... OK
2014/11/11 10:36:39: Complete.
2014/11/11 10:36:39: COM PORT CLOSE ... OK
2014/11/11 10:36:39: 
2014/11/11 10:36:39: ==== Processing was completed ====
2014/11/11 10:36:39: 
*************************************************


*********** Start the Initialize Key Check **********
2014/11/11 10:40:41: Tool Ver: 2013.0605.01
2014/11/11 10:40:41: COM PORT OPEN ... OK
2014/11/11 10:40:41:
2014/11/11 10:40:41: ProductS/N:  VRW06A114Y00649
2014/11/11 10:40:41: TID: 860438283AE62080
2014/11/11 10:40:41: F/W Version: 00.00.08
2014/11/11 10:40:41:
2014/11/11 10:40:41: MasterKey Key Entry ... OK
2014/11/11 10:40:41: PowerON Counter Key Entry ... OK
2014/11/11 10:40:41: Key Entry ... OK
2014/11/11 10:40:41: Complete.
2014/11/11 10:40:41: COM PORT CLOSE ... OK
2014/11/11 10:40:41: 
2014/11/11 10:40:41: ==== Processing was completed ====
2014/11/11 10:40:41: 
*************************************************


*********** Start the Initialize Key Check **********
2014/11/11 10:46:20: Tool Ver: 2013.0605.01
2014/11/11 10:46:20: COM PORT OPEN ... OK
2014/11/11 10:46:20:
2014/11/11 10:46:20: ProductS/N:  VRW06A114Y00657
2014/11/11 10:46:20: TID: 8604081F2AE62080
2014/11/11 10:46:20: F/W Version: 00.00.08
2014/11/11 10:46:20:
2014/11/11 10:46:20: MasterKey Key Entry ... OK
2014/11/11 10:46:20: PowerON Counter Key Entry ... OK
2014/11/11 10:46:20: Key Entry ... OK
2014/11/11 10:46:20: Complete.
2014/11/11 10:46:20: COM PORT CLOSE ... OK
2014/11/11 10:46:20: 
2014/11/11 10:46:20: ==== Processing was completed ====
2014/11/11 10:46:20: 
*************************************************


*********** Start the Initialize Key Check **********
2014/11/11 10:49:47: Tool Ver: 2013.0605.01
2014/11/11 10:49:47: COM PORT OPEN ... OK
2014/11/11 10:49:47:
2014/11/11 10:49:47: ProductS/N:  VRW06A114Y00610
2014/11/11 10:49:47: TID: 860430232AE62080
2014/11/11 10:49:47: F/W Version: 00.00.08
2014/11/11 10:49:47:
2014/11/11 10:49:47: MasterKey Key Entry ... OK
2014/11/11 10:49:47: PowerON Counter Key Entry ... OK
2014/11/11 10:49:47: Key Entry ... OK
2014/11/11 10:49:47: Complete.
2014/11/11 10:49:47: COM PORT CLOSE ... OK
2014/11/11 10:49:47: 
2014/11/11 10:49:47: ==== Processing was completed ====
2014/11/11 10:49:47: 
*************************************************


*********** Start the Initialize Key Check **********
2014/11/11 10:54:48: Tool Ver: 2013.0605.01
2014/11/11 10:54:48: COM PORT OPEN ... ERROR(01)
2014/11/11 10:54:48: 
2014/11/11 10:54:48: ######## Error has occurred ########
2014/11/11 10:54:48: 
*************************************************


*********** Start the Initialize Key Check **********
2014/11/11 10:55:08: Tool Ver: 2013.0605.01
2014/11/11 10:55:08: COM PORT OPEN ... OK
2014/11/11 10:55:08:
2014/11/11 10:55:08: ProductS/N:  VRW06A114Y00650
2014/11/11 10:55:08: TID: 860407213AE62080
2014/11/11 10:55:08: F/W Version: 00.00.08
2014/11/11 10:55:08:
2014/11/11 10:55:08: MasterKey Key Entry ... OK
2014/11/11 10:55:08: PowerON Counter Key Entry ... OK
2014/11/11 10:55:09: Key Entry ... OK
2014/11/11 10:55:09: Complete.
2014/11/11 10:55:09: COM PORT CLOSE ... OK
2014/11/11 10:55:09: 
2014/11/11 10:55:09: ==== Processing was completed ====
2014/11/11 10:55:09: 
*************************************************


*********** Start the Initialize Key Check **********
2014/11/11 10:58:16: Tool Ver: 2013.0605.01
2014/11/11 10:58:16: COM PORT OPEN ... OK
2014/11/11 10:58:16:
2014/11/11 10:58:16: ProductS/N:  VRW06A114Y00646
2014/11/11 10:58:16: TID: 86041E35D2E52080
2014/11/11 10:58:16: F/W Version: 00.00.08
2014/11/11 10:58:16:
2014/11/11 10:58:16: MasterKey Key Entry ... OK
2014/11/11 10:58:16: PowerON Counter Key Entry ... OK
2014/11/11 10:58:17: Key Entry ... OK
2014/11/11 10:58:17: Complete.
2014/11/11 10:58:17: COM PORT CLOSE ... OK
2014/11/11 10:58:17: 
2014/11/11 10:58:17: ==== Processing was completed ====
2014/11/11 10:58:17: 
*************************************************


*********** Start the Initialize Key Check **********
2014/11/11 11:01:20: Tool Ver: 2013.0605.01
2014/11/11 11:01:20: COM PORT OPEN ... OK
2014/11/11 11:01:21:
2014/11/11 11:01:21: ProductS/N:  VRW06A114Y00640
2014/11/11 11:01:21: TID: 8604363BD2E52080
2014/11/11 11:01:21: F/W Version: 00.00.08
2014/11/11 11:01:21:
2014/11/11 11:01:21: MasterKey Key Entry ... OK
2014/11/11 11:01:21: PowerON Counter Key Entry ... OK
2014/11/11 11:01:21: Key Entry ... OK
2014/11/11 11:01:21: Complete.
2014/11/11 11:01:21: COM PORT CLOSE ... OK
2014/11/11 11:01:21: 
2014/11/11 11:01:21: ==== Processing was completed ====
2014/11/11 11:01:21: 
*************************************************


*********** Start the Initialize Key Check **********
2014/11/11 11:08:21: Tool Ver: 2013.0605.01
2014/11/11 11:08:21: COM PORT OPEN ... OK
2014/11/11 11:08:21:
2014/11/11 11:08:21: ProductS/N:  VRW06A114Y00645
2014/11/11 11:08:21: TID: 86040D282AE62080
2014/11/11 11:08:21: F/W Version: 00.00.08
2014/11/11 11:08:21:
2014/11/11 11:08:21: MasterKey Key Entry ... OK
2014/11/11 11:08:21: PowerON Counter Key Entry ... OK
2014/11/11 11:08:22: Key Entry ... OK
2014/11/11 11:08:22: Complete.
2014/11/11 11:08:22: COM PORT CLOSE ... OK
2014/11/11 11:08:22: 
2014/11/11 11:08:22: ==== Processing was completed ====
2014/11/11 11:08:22: 
*************************************************


*********** Start the Initialize Key Check **********
2014/11/11 11:11:55: Tool Ver: 2013.0605.01
2014/11/11 11:11:55: COM PORT OPEN ... OK
2014/11/11 11:11:55:
2014/11/11 11:11:55: ProductS/N:  VRW06A114Y00591
2014/11/11 11:11:55: TID: 86043B202AE62080
2014/11/11 11:11:56: F/W Version: 00.00.08
2014/11/11 11:11:56:
2014/11/11 11:11:56: MasterKey Key Entry ... OK
2014/11/11 11:11:56: PowerON Counter Key Entry ... OK
2014/11/11 11:11:56: Key Entry ... OK
2014/11/11 11:11:56: Complete.
2014/11/11 11:11:56: COM PORT CLOSE ... OK
2014/11/11 11:11:56: 
2014/11/11 11:11:56: ==== Processing was completed ====
2014/11/11 11:11:56: 
*************************************************


*********** Start the Initialize Key Check **********
2014/11/11 11:14:51: Tool Ver: 2013.0605.01
2014/11/11 11:14:51: COM PORT OPEN ... OK
2014/11/11 11:14:51:
2014/11/11 11:14:51: ProductS/N:  VRW06A114Y00651
2014/11/11 11:14:51: TID: 8604161D2AE62080
2014/11/11 11:14:51: F/W Version: 00.00.08
2014/11/11 11:14:51:
2014/11/11 11:14:51: MasterKey Key Entry ... OK
2014/11/11 11:14:51: PowerON Counter Key Entry ... OK
2014/11/11 11:14:52: Key Entry ... OK
2014/11/11 11:14:52: Complete.
2014/11/11 11:14:52: COM PORT CLOSE ... OK
2014/11/11 11:14:52: 
2014/11/11 11:14:52: ==== Processing was completed ====
2014/11/11 11:14:52: 
*************************************************


*********** Start the Initialize Key Check **********
2014/11/11 11:23:14: Tool Ver: 2013.0605.01
2014/11/11 11:23:14: COM PORT OPEN ... OK
2014/11/11 11:23:14:
2014/11/11 11:23:14: ProductS/N:  VRW06A114Y00658
2014/11/11 11:23:14: TID: 860436242AE62080
2014/11/11 11:23:14: F/W Version: 00.00.08
2014/11/11 11:23:14:
2014/11/11 11:23:14: MasterKey Key Entry ... OK
2014/11/11 11:23:14: PowerON Counter Key Entry ... OK
2014/11/11 11:23:15: Key Entry ... OK
2014/11/11 11:23:15: Complete.
2014/11/11 11:23:15: COM PORT CLOSE ... OK
2014/11/11 11:23:15: 
2014/11/11 11:23:15: ==== Processing was completed ====
2014/11/11 11:23:15: 
*************************************************


*********** Start the Initialize Key Check **********
2014/11/11 11:26:50: Tool Ver: 2013.0605.01
2014/11/11 11:26:50: COM PORT OPEN ... OK
2014/11/11 11:26:50:
2014/11/11 11:26:50: ProductS/N:  VRW06A114Y00654
2014/11/11 11:26:50: TID: 860423222AE62080
2014/11/11 11:26:50: F/W Version: 00.00.08
2014/11/11 11:26:50:
2014/11/11 11:26:50: MasterKey Key Entry ... OK
2014/11/11 11:26:50: PowerON Counter Key Entry ... OK
2014/11/11 11:26:51: Key Entry ... OK
2014/11/11 11:26:51: Complete.
2014/11/11 11:26:51: COM PORT CLOSE ... OK
2014/11/11 11:26:51: 
2014/11/11 11:26:51: ==== Processing was completed ====
2014/11/11 11:26:51: 
*************************************************


*********** Start the Initialize Key Check **********
2014/11/11 11:31:24: Tool Ver: 2013.0605.01
2014/11/11 11:31:24: COM PORT OPEN ... OK
2014/11/11 11:31:25:
2014/11/11 11:31:25: ProductS/N:  VRW06A114Y00562
2014/11/11 11:31:25: TID: 86042035D2E52080
2014/11/11 11:31:25: F/W Version: 00.00.08
2014/11/11 11:31:25:
2014/11/11 11:31:25: MasterKey Key Entry ... OK
2014/11/11 11:31:25: PowerON Counter Key Entry ... OK
2014/11/11 11:31:25: Key Entry ... OK
2014/11/11 11:31:25: Complete.
2014/11/11 11:31:25: COM PORT CLOSE ... OK
2014/11/11 11:31:25: 
2014/11/11 11:31:25: ==== Processing was completed ====
2014/11/11 11:31:25: 
*************************************************


*********** Start the Initialize Key Check **********
2014/11/11 11:37:06: Tool Ver: 2013.0605.01
2014/11/11 11:37:06: COM PORT OPEN ... OK
2014/11/11 11:37:06:
2014/11/11 11:37:06: ProductS/N:  VRW06A114Y00594
2014/11/11 11:37:06: TID: 86043A212AE62080
2014/11/11 11:37:06: F/W Version: 00.00.08
2014/11/11 11:37:06:
2014/11/11 11:37:06: MasterKey Key Entry ... OK
2014/11/11 11:37:06: PowerON Counter Key Entry ... OK
2014/11/11 11:37:07: Key Entry ... OK
2014/11/11 11:37:07: Complete.
2014/11/11 11:37:07: COM PORT CLOSE ... OK
2014/11/11 11:37:07: 
2014/11/11 11:37:07: ==== Processing was completed ====
2014/11/11 11:37:07: 
*************************************************


*********** Start the Initialize Key Check **********
2014/11/11 11:40:34: Tool Ver: 2013.0605.01
2014/11/11 11:40:34: COM PORT OPEN ... OK
2014/11/11 11:40:34:
2014/11/11 11:40:34: ProductS/N:  VRW06A114Y00644
2014/11/11 11:40:34: TID: 86043A222AE62080
2014/11/11 11:40:34: F/W Version: 00.00.08
2014/11/11 11:40:34:
2014/11/11 11:40:35: MasterKey Key Entry ... OK
2014/11/11 11:40:35: PowerON Counter Key Entry ... OK
2014/11/11 11:40:35: Key Entry ... OK
2014/11/11 11:40:35: Complete.
2014/11/11 11:40:35: COM PORT CLOSE ... OK
2014/11/11 11:40:35: 
2014/11/11 11:40:35: ==== Processing was completed ====
2014/11/11 11:40:35: 
*************************************************


*********** Start the Initialize Key Check **********
2014/11/11 11:43:29: Tool Ver: 2013.0605.01
2014/11/11 11:43:29: COM PORT OPEN ... OK
2014/11/11 11:43:29:
2014/11/11 11:43:29: ProductS/N:  VRW06A114Y00662
2014/11/11 11:43:29: TID: 860417282AE62080
2014/11/11 11:43:29: F/W Version: 00.00.08
2014/11/11 11:43:29:
2014/11/11 11:43:29: MasterKey Key Entry ... OK
2014/11/11 11:43:29: PowerON Counter Key Entry ... OK
2014/11/11 11:43:30: Key Entry ... OK
2014/11/11 11:43:30: Complete.
2014/11/11 11:43:30: COM PORT CLOSE ... OK
2014/11/11 11:43:30: 
2014/11/11 11:43:30: ==== Processing was completed ====
2014/11/11 11:43:30: 
*************************************************


*********** Start the Initialize Key Check **********
2014/11/11 11:46:32: Tool Ver: 2013.0605.01
2014/11/11 11:46:32: COM PORT OPEN ... OK
2014/11/11 11:46:32:
2014/11/11 11:46:32: ProductS/N:  VRW06A114Y00655
2014/11/11 11:46:32: TID: 86041435D2E52080
2014/11/11 11:46:32: F/W Version: 00.00.08
2014/11/11 11:46:32:
2014/11/11 11:46:32: MasterKey Key Entry ... OK
2014/11/11 11:46:32: PowerON Counter Key Entry ... OK
2014/11/11 11:46:33: Key Entry ... OK
2014/11/11 11:46:33: Complete.
2014/11/11 11:46:33: COM PORT CLOSE ... OK
2014/11/11 11:46:33: 
2014/11/11 11:46:33: ==== Processing was completed ====
2014/11/11 11:46:33: 
*************************************************


*********** Start the Initialize Key Check **********
2014/11/11 12:51:20: Tool Ver: 2013.0605.01
2014/11/11 12:51:20: Product S/N ... ERROR
2014/11/11 12:51:20: 
2014/11/11 12:51:20: ######## Error has occurred ########
2014/11/11 12:51:20: 
*************************************************


*********** Start the Initialize Key Check **********
2014/11/11 12:51:40: Tool Ver: 2013.0605.01
2014/11/11 12:51:40: COM PORT OPEN ... OK
2014/11/11 12:51:40:
2014/11/11 12:51:40: ProductS/N:  VRW06A114Y00582
2014/11/11 12:51:40: TID: 86041A09CAE52080
2014/11/11 12:51:40: F/W Version: 00.00.08
2014/11/11 12:51:40:
2014/11/11 12:51:40: MasterKey Key Entry ... OK
2014/11/11 12:51:40: PowerON Counter Key Entry ... OK
2014/11/11 12:51:41: Key Entry ... OK
2014/11/11 12:51:41: Complete.
2014/11/11 12:51:41: COM PORT CLOSE ... OK
2014/11/11 12:51:41: 
2014/11/11 12:51:41: ==== Processing was completed ====
2014/11/11 12:51:41: 
*************************************************


*********** Start the Initialize Key Check **********
2014/11/11 13:02:34: Tool Ver: 2013.0605.01
2014/11/11 13:02:34: COM PORT OPEN ... OK
2014/11/11 13:02:34:
2014/11/11 13:02:34: ProductS/N:  VRW06A114Y00237
2014/11/11 13:02:34: TID: 86043936D2E52080
2014/11/11 13:02:34: F/W Version: 00.00.08
2014/11/11 13:02:34:
2014/11/11 13:02:34: MasterKey Key Entry ... OK
2014/11/11 13:02:34: PowerON Counter Key Entry ... OK
2014/11/11 13:02:35: Key Entry ... OK
2014/11/11 13:02:35: Complete.
2014/11/11 13:02:35: COM PORT CLOSE ... OK
2014/11/11 13:02:35: 
2014/11/11 13:02:35: ==== Processing was completed ====
2014/11/11 13:02:35: 
*************************************************


*********** Start the Initialize Key Check **********
2014/11/11 13:03:07: Tool Ver: 2013.0605.01
2014/11/11 13:03:07: COM PORT OPEN ... OK
2014/11/11 13:03:07:
2014/11/11 13:03:07: ProductS/N:  VRW06A114Y00661
2014/11/11 13:03:07: TID: 86042835D2E52080
2014/11/11 13:03:07: F/W Version: 00.00.08
2014/11/11 13:03:07:
2014/11/11 13:03:07: MasterKey Key Entry ... OK
2014/11/11 13:03:07: PowerON Counter Key Entry ... OK
2014/11/11 13:03:07: Key Entry ... OK
2014/11/11 13:03:07: Complete.
2014/11/11 13:03:07: COM PORT CLOSE ... OK
2014/11/11 13:03:07: 
2014/11/11 13:03:07: ==== Processing was completed ====
2014/11/11 13:03:07: 
*************************************************


*********** Start the Initialize Key Check **********
2014/11/11 13:07:43: Tool Ver: 2013.0605.01
2014/11/11 13:07:43: COM PORT OPEN ... OK
2014/11/11 13:07:43:
2014/11/11 13:07:43: ProductS/N:  VRW06A114Y00659
2014/11/11 13:07:43: TID: 86043C202AE62080
2014/11/11 13:07:43: F/W Version: 00.00.08
2014/11/11 13:07:43:
2014/11/11 13:07:43: MasterKey Key Entry ... OK
2014/11/11 13:07:43: PowerON Counter Key Entry ... OK
2014/11/11 13:07:43: Key Entry ... OK
2014/11/11 13:07:43: Complete.
2014/11/11 13:07:43: COM PORT CLOSE ... OK
2014/11/11 13:07:43: 
2014/11/11 13:07:43: ==== Processing was completed ====
2014/11/11 13:07:43: 
*************************************************


*********** Start the Initialize Key Check **********
2014/11/11 13:12:05: Tool Ver: 2013.0605.01
2014/11/11 13:12:05: COM PORT OPEN ... OK
2014/11/11 13:12:05:
2014/11/11 13:12:05: ProductS/N:  VRW06A114Y00538
2014/11/11 13:12:05: TID: 8604031E2AE62080
2014/11/11 13:12:05: F/W Version: 00.00.08
2014/11/11 13:12:05:
2014/11/11 13:12:05: MasterKey Key Entry ... OK
2014/11/11 13:12:05: PowerON Counter Key Entry ... OK
2014/11/11 13:12:05: Key Entry ... OK
2014/11/11 13:12:05: Complete.
2014/11/11 13:12:05: COM PORT CLOSE ... OK
2014/11/11 13:12:05: 
2014/11/11 13:12:05: ==== Processing was completed ====
2014/11/11 13:12:05: 
*************************************************


*********** Start the Initialize Key Check **********
2014/11/11 13:15:48: Tool Ver: 2013.0605.01
2014/11/11 13:15:48: COM PORT OPEN ... OK
2014/11/11 13:15:48:
2014/11/11 13:15:48: ProductS/N:  VRW06A114Y00664
2014/11/11 13:15:48: TID: 86043A202AE62080
2014/11/11 13:15:48: F/W Version: 00.00.08
2014/11/11 13:15:48:
2014/11/11 13:15:48: MasterKey Key Entry ... OK
2014/11/11 13:15:48: PowerON Counter Key Entry ... OK
2014/11/11 13:15:49: Key Entry ... OK
2014/11/11 13:15:49: Complete.
2014/11/11 13:15:49: COM PORT CLOSE ... OK
2014/11/11 13:15:49: 
2014/11/11 13:15:49: ==== Processing was completed ====
2014/11/11 13:15:49: 
*************************************************


*********** Start the Initialize Key Check **********
2014/11/11 13:20:32: Tool Ver: 2013.0605.01
2014/11/11 13:20:32: COM PORT OPEN ... OK
2014/11/11 13:20:32:
2014/11/11 13:20:32: ProductS/N:  VRW06A114Y00660
2014/11/11 13:20:32: TID: 86042639D2E52080
2014/11/11 13:20:32: F/W Version: 00.00.08
2014/11/11 13:20:32:
2014/11/11 13:20:32: MasterKey Key Entry ... OK
2014/11/11 13:20:32: PowerON Counter Key Entry ... OK
2014/11/11 13:20:33: Key Entry ... OK
2014/11/11 13:20:33: Complete.
2014/11/11 13:20:33: COM PORT CLOSE ... OK
2014/11/11 13:20:33: 
2014/11/11 13:20:33: ==== Processing was completed ====
2014/11/11 13:20:33: 
*************************************************


*********** Start the Initialize Key Check **********
2014/11/11 13:26:24: Tool Ver: 2013.0605.01
2014/11/11 13:26:24: COM PORT OPEN ... OK
2014/11/11 13:26:24:
2014/11/11 13:26:24: ProductS/N:  VRW06A114Y00639
2014/11/11 13:26:24: TID: 86040F1C2AE62080
2014/11/11 13:26:24: F/W Version: 00.00.08
2014/11/11 13:26:24:
2014/11/11 13:26:24: MasterKey Key Entry ... OK
2014/11/11 13:26:24: PowerON Counter Key Entry ... OK
2014/11/11 13:26:25: Key Entry ... OK
2014/11/11 13:26:25: Complete.
2014/11/11 13:26:25: COM PORT CLOSE ... OK
2014/11/11 13:26:25: 
2014/11/11 13:26:25: ==== Processing was completed ====
2014/11/11 13:26:25: 
*************************************************


*********** Start the Initialize Key Check **********
2014/11/11 13:30:32: Tool Ver: 2013.0605.01
2014/11/11 13:30:32: COM PORT OPEN ... OK
2014/11/11 13:30:32:
2014/11/11 13:30:32: ProductS/N:  VRW06A114Y00541
2014/11/11 13:30:32: TID: 860416222AE62080
2014/11/11 13:30:32: F/W Version: 00.00.08
2014/11/11 13:30:32:
2014/11/11 13:30:32: MasterKey Key Entry ... OK
2014/11/11 13:30:32: PowerON Counter Key Entry ... OK
2014/11/11 13:30:33: Key Entry ... OK
2014/11/11 13:30:33: Complete.
2014/11/11 13:30:33: COM PORT CLOSE ... OK
2014/11/11 13:30:33: 
2014/11/11 13:30:33: ==== Processing was completed ====
2014/11/11 13:30:33: 
*************************************************


*********** Start the Initialize Key Check **********
2014/11/11 13:34:38: Tool Ver: 2013.0605.01
2014/11/11 13:34:38: COM PORT OPEN ... OK
2014/11/11 13:34:38:
2014/11/11 13:34:38: ProductS/N:  VRW06A114Y00663
2014/11/11 13:34:38: TID: 86040B222AE62080
2014/11/11 13:34:38: F/W Version: 00.00.08
2014/11/11 13:34:38:
2014/11/11 13:34:38: MasterKey Key Entry ... OK
2014/11/11 13:34:38: PowerON Counter Key Entry ... OK
2014/11/11 13:34:38: Key Entry ... OK
2014/11/11 13:34:38: Complete.
2014/11/11 13:34:38: COM PORT CLOSE ... OK
2014/11/11 13:34:38: 
2014/11/11 13:34:38: ==== Processing was completed ====
2014/11/11 13:34:38: 
*************************************************


*********** Start the Initialize Key Check **********
2014/11/11 13:38:04: Tool Ver: 2013.0605.01
2014/11/11 13:38:04: COM PORT OPEN ... OK
2014/11/11 13:38:04:
2014/11/11 13:38:04: ProductS/N:  VRW06A114Y00668
2014/11/11 13:38:04: TID: 86043B212AE62080
2014/11/11 13:38:04: F/W Version: 00.00.08
2014/11/11 13:38:04:
2014/11/11 13:38:04: MasterKey Key Entry ... OK
2014/11/11 13:38:04: PowerON Counter Key Entry ... OK
2014/11/11 13:38:04: Key Entry ... OK
2014/11/11 13:38:04: Complete.
2014/11/11 13:38:04: COM PORT CLOSE ... OK
2014/11/11 13:38:04: 
2014/11/11 13:38:04: ==== Processing was completed ====
2014/11/11 13:38:04: 
*************************************************


*********** Start the Initialize Key Check **********
2014/11/11 13:42:05: Tool Ver: 2013.0605.01
2014/11/11 13:42:05: COM PORT OPEN ... OK
2014/11/11 13:42:05:
2014/11/11 13:42:05: ProductS/N:  VRW06A114Y00653
2014/11/11 13:42:05: TID: 8604121F2AE62080
2014/11/11 13:42:05: F/W Version: 00.00.08
2014/11/11 13:42:05:
2014/11/11 13:42:05: MasterKey Key Entry ... OK
2014/11/11 13:42:05: PowerON Counter Key Entry ... OK
2014/11/11 13:42:06: Key Entry ... OK
2014/11/11 13:42:06: Complete.
2014/11/11 13:42:06: COM PORT CLOSE ... OK
2014/11/11 13:42:06: 
2014/11/11 13:42:06: ==== Processing was completed ====
2014/11/11 13:42:06: 
*************************************************


*********** Start the Initialize Key Check **********
2014/11/11 13:45:49: Tool Ver: 2013.0605.01
2014/11/11 13:45:49: COM PORT OPEN ... OK
2014/11/11 13:45:50:
2014/11/11 13:45:50: ProductS/N:  VRW06A114Y00667
2014/11/11 13:45:50: TID: 860424212AE62080
2014/11/11 13:45:50: F/W Version: 00.00.08
2014/11/11 13:45:50:
2014/11/11 13:45:50: MasterKey Key Entry ... OK
2014/11/11 13:45:50: PowerON Counter Key Entry ... OK
2014/11/11 13:45:50: Key Entry ... OK
2014/11/11 13:45:50: Complete.
2014/11/11 13:45:50: COM PORT CLOSE ... OK
2014/11/11 13:45:50: 
2014/11/11 13:45:50: ==== Processing was completed ====
2014/11/11 13:45:50: 
*************************************************


*********** Start the Initialize Key Check **********
2014/11/11 13:50:06: Tool Ver: 2013.0605.01
2014/11/11 13:50:06: COM PORT OPEN ... OK
2014/11/11 13:50:06:
2014/11/11 13:50:06: ProductS/N:  VRW06A114Y00671
2014/11/11 13:50:06: TID: 8604263ED2E52080
2014/11/11 13:50:06: F/W Version: 00.00.08
2014/11/11 13:50:06:
2014/11/11 13:50:06: MasterKey Key Entry ... OK
2014/11/11 13:50:06: PowerON Counter Key Entry ... OK
2014/11/11 13:50:07: Key Entry ... OK
2014/11/11 13:50:07: Complete.
2014/11/11 13:50:07: COM PORT CLOSE ... OK
2014/11/11 13:50:07: 
2014/11/11 13:50:07: ==== Processing was completed ====
2014/11/11 13:50:07: 
*************************************************


*********** Start the Initialize Key Check **********
2014/11/11 13:53:00: Tool Ver: 2013.0605.01
2014/11/11 13:53:00: COM PORT OPEN ... OK
2014/11/11 13:53:00:
2014/11/11 13:53:00: ProductS/N:  VRW06A114Y00679
2014/11/11 13:53:00: TID: 860425222AE62080
2014/11/11 13:53:00: F/W Version: 00.00.08
2014/11/11 13:53:00:
2014/11/11 13:53:00: MasterKey Key Entry ... OK
2014/11/11 13:53:00: PowerON Counter Key Entry ... OK
2014/11/11 13:53:00: Key Entry ... OK
2014/11/11 13:53:00: Complete.
2014/11/11 13:53:00: COM PORT CLOSE ... OK
2014/11/11 13:53:00: 
2014/11/11 13:53:00: ==== Processing was completed ====
2014/11/11 13:53:00: 
*************************************************


*********** Start the Initialize Key Check **********
2014/11/11 13:56:45: Tool Ver: 2013.0605.01
2014/11/11 13:56:45: COM PORT OPEN ... OK
2014/11/11 13:56:45:
2014/11/11 13:56:45: ProductS/N:  VRW06A114Y00666
2014/11/11 13:56:45: TID: 8604181F2AE62080
2014/11/11 13:56:45: F/W Version: 00.00.08
2014/11/11 13:56:45:
2014/11/11 13:56:45: MasterKey Key Entry ... OK
2014/11/11 13:56:45: PowerON Counter Key Entry ... OK
2014/11/11 13:56:46: Key Entry ... OK
2014/11/11 13:56:46: Complete.
2014/11/11 13:56:46: COM PORT CLOSE ... OK
2014/11/11 13:56:46: 
2014/11/11 13:56:46: ==== Processing was completed ====
2014/11/11 13:56:46: 
*************************************************


*********** Start the Initialize Key Check **********
2014/11/11 14:00:01: Tool Ver: 2013.0605.01
2014/11/11 14:00:01: COM PORT OPEN ... OK
2014/11/11 14:00:01:
2014/11/11 14:00:01: ProductS/N:  VRW06A114Y00677
2014/11/11 14:00:01: TID: 8604193AD2E52080
2014/11/11 14:00:01: F/W Version: 00.00.08
2014/11/11 14:00:01:
2014/11/11 14:00:01: MasterKey Key Entry ... OK
2014/11/11 14:00:01: PowerON Counter Key Entry ... OK
2014/11/11 14:00:02: Key Entry ... OK
2014/11/11 14:00:02: Complete.
2014/11/11 14:00:02: COM PORT CLOSE ... OK
2014/11/11 14:00:02: 
2014/11/11 14:00:02: ==== Processing was completed ====
2014/11/11 14:00:02: 
*************************************************


*********** Start the Initialize Key Check **********
2014/11/11 14:04:30: Tool Ver: 2013.0605.01
2014/11/11 14:04:30: COM PORT OPEN ... OK
2014/11/11 14:04:30:
2014/11/11 14:04:30: ProductS/N:  VRW06A114Y00678
2014/11/11 14:04:30: TID: 8604243AD2E52080
2014/11/11 14:04:30: F/W Version: 00.00.08
2014/11/11 14:04:30:
2014/11/11 14:04:30: MasterKey Key Entry ... OK
2014/11/11 14:04:30: PowerON Counter Key Entry ... OK
2014/11/11 14:04:30: Key Entry ... OK
2014/11/11 14:04:30: Complete.
2014/11/11 14:04:30: COM PORT CLOSE ... OK
2014/11/11 14:04:30: 
2014/11/11 14:04:30: ==== Processing was completed ====
2014/11/11 14:04:30: 
*************************************************


*********** Start the Initialize Key Check **********
2014/11/11 14:12:19: Tool Ver: 2013.0605.01
2014/11/11 14:12:19: COM PORT OPEN ... OK
2014/11/11 14:12:19:
2014/11/11 14:12:19: ProductS/N:  VRW06A114Y00674
2014/11/11 14:12:19: TID: 8604091C2AE62080
2014/11/11 14:12:19: F/W Version: 00.00.08
2014/11/11 14:12:19:
2014/11/11 14:12:19: MasterKey Key Entry ... OK
2014/11/11 14:12:19: PowerON Counter Key Entry ... OK
2014/11/11 14:12:19: Key Entry ... OK
2014/11/11 14:12:19: Complete.
2014/11/11 14:12:19: COM PORT CLOSE ... OK
2014/11/11 14:12:19: 
2014/11/11 14:12:19: ==== Processing was completed ====
2014/11/11 14:12:19: 
*************************************************


*********** Start the Initialize Key Check **********
2014/11/11 14:15:49: Tool Ver: 2013.0605.01
2014/11/11 14:15:49: COM PORT OPEN ... OK
2014/11/11 14:15:49:
2014/11/11 14:15:49: ProductS/N:  VRW06A114Y00656
2014/11/11 14:15:49: TID: 860406262AE62080
2014/11/11 14:15:49: F/W Version: 00.00.08
2014/11/11 14:15:49:
2014/11/11 14:15:49: MasterKey Key Entry ... OK
2014/11/11 14:15:49: PowerON Counter Key Entry ... OK
2014/11/11 14:15:50: Key Entry ... OK
2014/11/11 14:15:50: Complete.
2014/11/11 14:15:50: COM PORT CLOSE ... OK
2014/11/11 14:15:50: 
2014/11/11 14:15:50: ==== Processing was completed ====
2014/11/11 14:15:50: 
*************************************************


*********** Start the Initialize Key Check **********
2014/11/11 14:19:43: Tool Ver: 2013.0605.01
2014/11/11 14:19:43: COM PORT OPEN ... OK
2014/11/11 14:19:43:
2014/11/11 14:19:43: ProductS/N:  VRW06A114Y00522
2014/11/11 14:19:43: TID: 86042236D2E52080
2014/11/11 14:19:43: F/W Version: 00.00.08
2014/11/11 14:19:43:
2014/11/11 14:19:43: MasterKey Key Entry ... OK
2014/11/11 14:19:43: PowerON Counter Key Entry ... OK
2014/11/11 14:19:43: Key Entry ... OK
2014/11/11 14:19:43: Complete.
2014/11/11 14:19:43: COM PORT CLOSE ... OK
2014/11/11 14:19:43: 
2014/11/11 14:19:43: ==== Processing was completed ====
2014/11/11 14:19:43: 
*************************************************


*********** Start the Initialize Key Check **********
2014/11/11 14:25:16: Tool Ver: 2013.0605.01
2014/11/11 14:25:16: COM PORT OPEN ... OK
2014/11/11 14:25:16:
2014/11/11 14:25:16: ProductS/N:  VRW06A114Y00646
2014/11/11 14:25:16: TID: 86041E35D2E52080
2014/11/11 14:25:16: F/W Version: 00.00.08
2014/11/11 14:25:16:
2014/11/11 14:25:16: MasterKey Key Entry ... OK
2014/11/11 14:25:16: PowerON Counter Key Entry ... OK
2014/11/11 14:25:17: Key Entry ... OK
2014/11/11 14:25:17: Complete.
2014/11/11 14:25:17: COM PORT CLOSE ... OK
2014/11/11 14:25:17: 
2014/11/11 14:25:17: ==== Processing was completed ====
2014/11/11 14:25:17: 
*************************************************


*********** Start the Initialize Key Check **********
2014/11/11 14:29:02: Tool Ver: 2013.0605.01
2014/11/11 14:29:02: COM PORT OPEN ... OK
2014/11/11 14:29:02:
2014/11/11 14:29:02: ProductS/N:  VRW06A114Y00673
2014/11/11 14:29:02: TID: 86040B1D2AE62080
2014/11/11 14:29:02: F/W Version: 00.00.08
2014/11/11 14:29:02:
2014/11/11 14:29:02: MasterKey Key Entry ... OK
2014/11/11 14:29:02: PowerON Counter Key Entry ... OK
2014/11/11 14:29:02: Key Entry ... OK
2014/11/11 14:29:02: Complete.
2014/11/11 14:29:02: COM PORT CLOSE ... OK
2014/11/11 14:29:02: 
2014/11/11 14:29:02: ==== Processing was completed ====
2014/11/11 14:29:02: 
*************************************************


*********** Start the Initialize Key Check **********
2014/11/11 14:35:05: Tool Ver: 2013.0605.01
2014/11/11 14:35:05: COM PORT OPEN ... OK
2014/11/11 14:35:05:
2014/11/11 14:35:05: ProductS/N:  VRW06A114Y00683
2014/11/11 14:35:05: TID: 860431282AE62080
2014/11/11 14:35:05: F/W Version: 00.00.08
2014/11/11 14:35:05:
2014/11/11 14:35:05: MasterKey Key Entry ... OK
2014/11/11 14:35:05: PowerON Counter Key Entry ... OK
2014/11/11 14:35:06: Key Entry ... OK
2014/11/11 14:35:06: Complete.
2014/11/11 14:35:06: COM PORT CLOSE ... OK
2014/11/11 14:35:06: 
2014/11/11 14:35:06: ==== Processing was completed ====
2014/11/11 14:35:06: 
*************************************************


*********** Start the Initialize Key Check **********
2014/11/11 14:38:12: Tool Ver: 2013.0605.01
2014/11/11 14:38:12: COM PORT OPEN ... OK
2014/11/11 14:38:12:
2014/11/11 14:38:12: ProductS/N:  VRW06A114Y00545
2014/11/11 14:38:12: TID: 86042608CAE52080
2014/11/11 14:38:12: F/W Version: 00.00.08
2014/11/11 14:38:12:
2014/11/11 14:38:12: MasterKey Key Entry ... OK
2014/11/11 14:38:12: PowerON Counter Key Entry ... OK
2014/11/11 14:38:13: Key Entry ... OK
2014/11/11 14:38:13: Complete.
2014/11/11 14:38:13: COM PORT CLOSE ... OK
2014/11/11 14:38:13: 
2014/11/11 14:38:13: ==== Processing was completed ====
2014/11/11 14:38:13: 
*************************************************


*********** Start the Initialize Key Check **********
2014/11/11 14:42:00: Tool Ver: 2013.0605.01
2014/11/11 14:42:00: COM PORT OPEN ... OK
2014/11/11 14:42:01:
2014/11/11 14:42:01: ProductS/N:  VRW06A114Y00672
2014/11/11 14:42:01: TID: 8604293AD2E52080
2014/11/11 14:42:01: F/W Version: 00.00.08
2014/11/11 14:42:01:
2014/11/11 14:42:01: MasterKey Key Entry ... OK
2014/11/11 14:42:01: PowerON Counter Key Entry ... OK
2014/11/11 14:42:01: Key Entry ... OK
2014/11/11 14:42:01: Complete.
2014/11/11 14:42:01: COM PORT CLOSE ... OK
2014/11/11 14:42:01: 
2014/11/11 14:42:01: ==== Processing was completed ====
2014/11/11 14:42:01: 
*************************************************


*********** Start the Initialize Key Check **********
2014/11/11 14:45:27: Tool Ver: 2013.0605.01
2014/11/11 14:45:27: COM PORT OPEN ... OK
2014/11/11 14:45:27:
2014/11/11 14:45:27: ProductS/N:  VRW06A114Y00687
2014/11/11 14:45:28: TID: 860427282AE62080
2014/11/11 14:45:28: F/W Version: 00.00.08
2014/11/11 14:45:28:
2014/11/11 14:45:28: MasterKey Key Entry ... OK
2014/11/11 14:45:28: PowerON Counter Key Entry ... OK
2014/11/11 14:45:28: Key Entry ... OK
2014/11/11 14:45:28: Complete.
2014/11/11 14:45:28: COM PORT CLOSE ... OK
2014/11/11 14:45:28: 
2014/11/11 14:45:28: ==== Processing was completed ====
2014/11/11 14:45:28: 
*************************************************


*********** Start the Initialize Key Check **********
2014/11/11 14:48:10: Tool Ver: 2013.0605.01
2014/11/11 14:48:10: COM PORT OPEN ... OK
2014/11/11 14:48:10:
2014/11/11 14:48:10: ProductS/N:  VRW06A114Y00456
2014/11/11 14:48:10: TID: 8604332BD2E52080
2014/11/11 14:48:10: F/W Version: 00.00.08
2014/11/11 14:48:10:
2014/11/11 14:48:10: MasterKey Key Entry ... OK
2014/11/11 14:48:10: PowerON Counter Key Entry ... OK
2014/11/11 14:48:11: Key Entry ... OK
2014/11/11 14:48:11: Complete.
2014/11/11 14:48:11: COM PORT CLOSE ... OK
2014/11/11 14:48:11: 
2014/11/11 14:48:11: ==== Processing was completed ====
2014/11/11 14:48:11: 
*************************************************


*********** Start the Initialize Key Check **********
2014/11/11 14:51:25: Tool Ver: 2013.0605.01
2014/11/11 14:51:25: COM PORT OPEN ... OK
2014/11/11 14:51:26:
2014/11/11 14:51:26: ProductS/N:  VRW06A114Y00665
2014/11/11 14:51:26: TID: 86043A232AE62080
2014/11/11 14:51:26: F/W Version: 00.00.08
2014/11/11 14:51:26:
2014/11/11 14:51:26: MasterKey Key Entry ... OK
2014/11/11 14:51:26: PowerON Counter Key Entry ... OK
2014/11/11 14:51:26: Key Entry ... OK
2014/11/11 14:51:26: Complete.
2014/11/11 14:51:26: COM PORT CLOSE ... OK
2014/11/11 14:51:26: 
2014/11/11 14:51:26: ==== Processing was completed ====
2014/11/11 14:51:26: 
*************************************************


*********** Start the Initialize Key Check **********
2014/11/11 14:54:50: Tool Ver: 2013.0605.01
2014/11/11 14:54:50: COM PORT OPEN ... OK
2014/11/11 14:54:50:
2014/11/11 14:54:50: ProductS/N:  VRW06A114Y00669
2014/11/11 14:54:50: TID: 8604131F2AE62080
2014/11/11 14:54:50: F/W Version: 00.00.08
2014/11/11 14:54:50:
2014/11/11 14:54:50: MasterKey Key Entry ... OK
2014/11/11 14:54:50: PowerON Counter Key Entry ... OK
2014/11/11 14:54:51: Key Entry ... OK
2014/11/11 14:54:51: Complete.
2014/11/11 14:54:51: COM PORT CLOSE ... OK
2014/11/11 14:54:51: 
2014/11/11 14:54:51: ==== Processing was completed ====
2014/11/11 14:54:51: 
*************************************************


*********** Start the Initialize Key Check **********
2014/11/11 15:11:03: Tool Ver: 2013.0605.01
2014/11/11 15:11:03: COM PORT OPEN ... OK
2014/11/11 15:11:03:
2014/11/11 15:11:03: ProductS/N:  VRW06A114Y00684
2014/11/11 15:11:03: TID: 8604311F2AE62080
2014/11/11 15:11:03: F/W Version: 00.00.08
2014/11/11 15:11:03:
2014/11/11 15:11:03: MasterKey Key Entry ... OK
2014/11/11 15:11:03: PowerON Counter Key Entry ... OK
2014/11/11 15:11:03: Key Entry ... OK
2014/11/11 15:11:03: Complete.
2014/11/11 15:11:03: COM PORT CLOSE ... OK
2014/11/11 15:11:03: 
2014/11/11 15:11:03: ==== Processing was completed ====
2014/11/11 15:11:03: 
*************************************************


*********** Start the Initialize Key Check **********
2014/11/11 15:14:38: Tool Ver: 2013.0605.01
2014/11/11 15:14:38: COM PORT OPEN ... OK
2014/11/11 15:14:38:
2014/11/11 15:14:38: ProductS/N:  VRW06A114Y00690
2014/11/11 15:14:38: TID: 86041437D2E52080
2014/11/11 15:14:38: F/W Version: 00.00.08
2014/11/11 15:14:38:
2014/11/11 15:14:38: MasterKey Key Entry ... OK
2014/11/11 15:14:38: PowerON Counter Key Entry ... OK
2014/11/11 15:14:38: Key Entry ... OK
2014/11/11 15:14:38: Complete.
2014/11/11 15:14:38: COM PORT CLOSE ... OK
2014/11/11 15:14:38: 
2014/11/11 15:14:38: ==== Processing was completed ====
2014/11/11 15:14:38: 
*************************************************


*********** Start the Initialize Key Check **********
2014/11/11 15:17:44: Tool Ver: 2013.0605.01
2014/11/11 15:17:44: COM PORT OPEN ... OK
2014/11/11 15:17:44:
2014/11/11 15:17:44: ProductS/N:  VRW06A114Y00236
2014/11/11 15:17:44: TID: 860435212AE62080
2014/11/11 15:17:44: F/W Version: 00.00.08
2014/11/11 15:17:44:
2014/11/11 15:17:44: MasterKey Key Entry ... OK
2014/11/11 15:17:44: PowerON Counter Key Entry ... OK
2014/11/11 15:17:44: Key Entry ... OK
2014/11/11 15:17:44: Complete.
2014/11/11 15:17:44: COM PORT CLOSE ... OK
2014/11/11 15:17:44: 
2014/11/11 15:17:44: ==== Processing was completed ====
2014/11/11 15:17:44: 
*************************************************


*********** Start the Initialize Key Check **********
2014/11/11 15:23:50: Tool Ver: 2013.0605.01
2014/11/11 15:23:50: COM PORT OPEN ... OK
2014/11/11 15:23:50:
2014/11/11 15:23:50: ProductS/N:  VRW06A114Y00670
2014/11/11 15:23:50: TID: 860425242AE62080
2014/11/11 15:23:50: F/W Version: 00.00.08
2014/11/11 15:23:50:
2014/11/11 15:23:50: MasterKey Key Entry ... OK
2014/11/11 15:23:50: PowerON Counter Key Entry ... OK
2014/11/11 15:23:51: Key Entry ... OK
2014/11/11 15:23:51: Complete.
2014/11/11 15:23:51: COM PORT CLOSE ... OK
2014/11/11 15:23:51: 
2014/11/11 15:23:51: ==== Processing was completed ====
2014/11/11 15:23:51: 
*************************************************


*********** Start the Initialize Key Check **********
2014/11/11 15:24:57: Tool Ver: 2013.0605.01
2014/11/11 15:24:57: COM PORT OPEN ... OK
2014/11/11 15:24:57:
2014/11/11 15:24:57: ProductS/N:  VRW06A114Y00688
2014/11/11 15:24:57: TID: 860426282AE62080
2014/11/11 15:24:57: F/W Version: 00.00.08
2014/11/11 15:24:57:
2014/11/11 15:24:57: MasterKey Key Entry ... OK
2014/11/11 15:24:57: PowerON Counter Key Entry ... OK
2014/11/11 15:24:57: Key Entry ... OK
2014/11/11 15:24:57: Complete.
2014/11/11 15:24:57: COM PORT CLOSE ... OK
2014/11/11 15:24:57: 
2014/11/11 15:24:57: ==== Processing was completed ====
2014/11/11 15:24:57: 
*************************************************


*********** Start the Initialize Key Check **********
2014/11/11 15:28:22: Tool Ver: 2013.0605.01
2014/11/11 15:28:22: COM PORT OPEN ... OK
2014/11/11 15:28:22:
2014/11/11 15:28:22: ProductS/N:  VRW06A114Y00691
2014/11/11 15:28:22: TID: 86042237D2E52080
2014/11/11 15:28:22: F/W Version: 00.00.08
2014/11/11 15:28:22:
2014/11/11 15:28:22: MasterKey Key Entry ... OK
2014/11/11 15:28:22: PowerON Counter Key Entry ... OK
2014/11/11 15:28:23: Key Entry ... OK
2014/11/11 15:28:23: Complete.
2014/11/11 15:28:23: COM PORT CLOSE ... OK
2014/11/11 15:28:23: 
2014/11/11 15:28:23: ==== Processing was completed ====
2014/11/11 15:28:23: 
*************************************************


*********** Start the Initialize Key Check **********
2014/11/11 15:31:21: Tool Ver: 2013.0605.01
2014/11/11 15:31:21: COM PORT OPEN ... OK
2014/11/11 15:31:22:
2014/11/11 15:31:22: ProductS/N:  VRW06A114Y00551
2014/11/11 15:31:22: TID: 8604273FD2E52080
2014/11/11 15:31:22: F/W Version: 00.00.08
2014/11/11 15:31:22:
2014/11/11 15:31:22: MasterKey Key Entry ... OK
2014/11/11 15:31:22: PowerON Counter Key Entry ... OK
2014/11/11 15:31:22: Key Entry ... OK
2014/11/11 15:31:22: Complete.
2014/11/11 15:31:22: COM PORT CLOSE ... OK
2014/11/11 15:31:22: 
2014/11/11 15:31:22: ==== Processing was completed ====
2014/11/11 15:31:22: 
*************************************************


*********** Start the Initialize Key Check **********
2014/11/11 15:34:43: Tool Ver: 2013.0605.01
2014/11/11 15:34:43: COM PORT OPEN ... OK
2014/11/11 15:34:43:
2014/11/11 15:34:43: ProductS/N:  VRW06A114Y00695
2014/11/11 15:34:43: TID: 86040A1D2AE62080
2014/11/11 15:34:43: F/W Version: 00.00.08
2014/11/11 15:34:43:
2014/11/11 15:34:43: MasterKey Key Entry ... OK
2014/11/11 15:34:43: PowerON Counter Key Entry ... OK
2014/11/11 15:34:44: Key Entry ... OK
2014/11/11 15:34:44: Complete.
2014/11/11 15:34:44: COM PORT CLOSE ... OK
2014/11/11 15:34:44: 
2014/11/11 15:34:44: ==== Processing was completed ====
2014/11/11 15:34:44: 
*************************************************


*********** Start the Initialize Key Check **********
2014/11/11 15:37:24: Tool Ver: 2013.0605.01
2014/11/11 15:37:24: COM PORT OPEN ... OK
2014/11/11 15:37:24:
2014/11/11 15:37:24: ProductS/N:  VRW06A114Y00682
2014/11/11 15:37:24: TID: 86042D222AE62080
2014/11/11 15:37:24: F/W Version: 00.00.08
2014/11/11 15:37:24:
2014/11/11 15:37:24: MasterKey Key Entry ... OK
2014/11/11 15:37:24: PowerON Counter Key Entry ... OK
2014/11/11 15:37:25: Key Entry ... OK
2014/11/11 15:37:25: Complete.
2014/11/11 15:37:25: COM PORT CLOSE ... OK
2014/11/11 15:37:25: 
2014/11/11 15:37:25: ==== Processing was completed ====
2014/11/11 15:37:25: 
*************************************************


*********** Start the Initialize Key Check **********
2014/11/11 15:40:24: Tool Ver: 2013.0605.01
2014/11/11 15:40:24: COM PORT OPEN ... OK
2014/11/11 15:40:24:
2014/11/11 15:40:24: ProductS/N:  VRW06A114Y00652
2014/11/11 15:40:24: TID: 860441242AE62080
2014/11/11 15:40:24: F/W Version: 00.00.08
2014/11/11 15:40:24:
2014/11/11 15:40:24: MasterKey Key Entry ... OK
2014/11/11 15:40:24: PowerON Counter Key Entry ... OK
2014/11/11 15:40:25: Key Entry ... OK
2014/11/11 15:40:25: Complete.
2014/11/11 15:40:25: COM PORT CLOSE ... OK
2014/11/11 15:40:25: 
2014/11/11 15:40:25: ==== Processing was completed ====
2014/11/11 15:40:25: 
*************************************************


*********** Start the Initialize Key Check **********
2014/11/11 15:43:36: Tool Ver: 2013.0605.01
2014/11/11 15:43:36: COM PORT OPEN ... OK
2014/11/11 15:43:37:
2014/11/11 15:43:37: ProductS/N:  VRW06A114Y00675
2014/11/11 15:43:37: TID: 86041E3DD2E52080
2014/11/11 15:43:37: F/W Version: 00.00.08
2014/11/11 15:43:37:
2014/11/11 15:43:37: MasterKey Key Entry ... OK
2014/11/11 15:43:37: PowerON Counter Key Entry ... OK
2014/11/11 15:43:37: Key Entry ... OK
2014/11/11 15:43:37: Complete.
2014/11/11 15:43:37: COM PORT CLOSE ... OK
2014/11/11 15:43:37: 
2014/11/11 15:43:37: ==== Processing was completed ====
2014/11/11 15:43:37: 
*************************************************


*********** Start the Initialize Key Check **********
2014/11/11 15:46:06: Tool Ver: 2013.0605.01
2014/11/11 15:46:06: COM PORT OPEN ... OK
2014/11/11 15:46:06:
2014/11/11 15:46:06: ProductS/N:  VRW06A114Y00692
2014/11/11 15:46:06: TID: 86042E40D2E52080
2014/11/11 15:46:06: F/W Version: 00.00.08
2014/11/11 15:46:06:
2014/11/11 15:46:06: MasterKey Key Entry ... OK
2014/11/11 15:46:06: PowerON Counter Key Entry ... OK
2014/11/11 15:46:07: Key Entry ... OK
2014/11/11 15:46:07: Complete.
2014/11/11 15:46:07: COM PORT CLOSE ... OK
2014/11/11 15:46:07: 
2014/11/11 15:46:07: ==== Processing was completed ====
2014/11/11 15:46:07: 
*************************************************


*********** Start the Initialize Key Check **********
2014/11/11 15:48:58: Tool Ver: 2013.0605.01
2014/11/11 15:48:58: COM PORT OPEN ... OK
2014/11/11 15:48:58:
2014/11/11 15:48:58: ProductS/N:  VRW06A114Y00694
2014/11/11 15:48:58: TID: 86043E1F2AE62080
2014/11/11 15:48:58: F/W Version: 00.00.08
2014/11/11 15:48:58:
2014/11/11 15:48:58: MasterKey Key Entry ... OK
2014/11/11 15:48:58: PowerON Counter Key Entry ... OK
2014/11/11 15:48:59: Key Entry ... OK
2014/11/11 15:48:59: Complete.
2014/11/11 15:48:59: COM PORT CLOSE ... OK
2014/11/11 15:48:59: 
2014/11/11 15:48:59: ==== Processing was completed ====
2014/11/11 15:48:59: 
*************************************************


*********** Start the Initialize Key Check **********
2014/11/11 15:51:29: Tool Ver: 2013.0605.01
2014/11/11 15:51:29: COM PORT OPEN ... OK
2014/11/11 15:51:29:
2014/11/11 15:51:29: ProductS/N:  VRW06A114Y00686
2014/11/11 15:51:29: TID: 8604391822E62080
2014/11/11 15:51:29: F/W Version: 00.00.08
2014/11/11 15:51:29:
2014/11/11 15:51:29: MasterKey Key Entry ... OK
2014/11/11 15:51:29: PowerON Counter Key Entry ... OK
2014/11/11 15:51:30: Key Entry ... OK
2014/11/11 15:51:30: Complete.
2014/11/11 15:51:30: COM PORT CLOSE ... OK
2014/11/11 15:51:30: 
2014/11/11 15:51:30: ==== Processing was completed ====
2014/11/11 15:51:30: 
*************************************************


*********** Start the Initialize Key Check **********
2014/11/11 15:58:52: Tool Ver: 2013.0605.01
2014/11/11 15:58:52: COM PORT OPEN ... OK
2014/11/11 15:58:52:
2014/11/11 15:58:52: ProductS/N:  VRW06A114Y00681
2014/11/11 15:58:52: TID: 8604291F2AE62080
2014/11/11 15:58:52: F/W Version: 00.00.08
2014/11/11 15:58:52:
2014/11/11 15:58:52: MasterKey Key Entry ... OK
2014/11/11 15:58:52: PowerON Counter Key Entry ... OK
2014/11/11 15:58:53: Key Entry ... OK
2014/11/11 15:58:53: Complete.
2014/11/11 15:58:53: COM PORT CLOSE ... OK
2014/11/11 15:58:53: 
2014/11/11 15:58:53: ==== Processing was completed ====
2014/11/11 15:58:53: 
*************************************************


*********** Start the Initialize Key Check **********
2014/11/11 16:04:46: Tool Ver: 2013.0605.01
2014/11/11 16:04:46: COM PORT OPEN ... OK
2014/11/11 16:04:46:
2014/11/11 16:04:46: ProductS/N:  VRW06A114Y00621
2014/11/11 16:04:46: TID: 860437262AE62080
2014/11/11 16:04:46: F/W Version: 00.00.08
2014/11/11 16:04:46:
2014/11/11 16:04:46: MasterKey Key Entry ... OK
2014/11/11 16:04:46: PowerON Counter Key Entry ... OK
2014/11/11 16:04:46: Key Entry ... OK
2014/11/11 16:04:46: Complete.
2014/11/11 16:04:46: COM PORT CLOSE ... OK
2014/11/11 16:04:46: 
2014/11/11 16:04:46: ==== Processing was completed ====
2014/11/11 16:04:46: 
*************************************************


*********** Start the Initialize Key Check **********
2014/11/11 16:06:59: Tool Ver: 2013.0605.01
2014/11/11 16:06:59: COM PORT OPEN ... OK
2014/11/11 16:06:59:
2014/11/11 16:06:59: ProductS/N:  VRW06A114Y00702
2014/11/11 16:06:59: TID: 86042507CAE52080
2014/11/11 16:06:59: F/W Version: 00.00.08
2014/11/11 16:06:59:
2014/11/11 16:06:59: MasterKey Key Entry ... OK
2014/11/11 16:06:59: PowerON Counter Key Entry ... OK
2014/11/11 16:06:59: Key Entry ... OK
2014/11/11 16:06:59: Complete.
2014/11/11 16:06:59: COM PORT CLOSE ... OK
2014/11/11 16:06:59: 
2014/11/11 16:06:59: ==== Processing was completed ====
2014/11/11 16:06:59: 
*************************************************


*********** Start the Initialize Key Check **********
2014/11/11 16:10:10: Tool Ver: 2013.0605.01
2014/11/11 16:10:10: COM PORT OPEN ... OK
2014/11/11 16:10:10:
2014/11/11 16:10:10: ProductS/N:  VRW06A114Y00610
2014/11/11 16:10:10: TID: 860430232AE62080
2014/11/11 16:10:10: F/W Version: 00.00.08
2014/11/11 16:10:10:
2014/11/11 16:10:10: MasterKey Key Entry ... OK
2014/11/11 16:10:10: PowerON Counter Key Entry ... OK
2014/11/11 16:10:11: Key Entry ... OK
2014/11/11 16:10:11: Complete.
2014/11/11 16:10:11: COM PORT CLOSE ... OK
2014/11/11 16:10:11: 
2014/11/11 16:10:11: ==== Processing was completed ====
2014/11/11 16:10:11: 
*************************************************


*********** Start the Initialize Key Check **********
2014/11/11 16:18:48: Tool Ver: 2013.0605.01
2014/11/11 16:18:48: COM PORT OPEN ... OK
2014/11/11 16:18:48:
2014/11/11 16:18:48: ProductS/N:  VRW06A114Y00699
2014/11/11 16:18:48: TID: 86042003CAE52080
2014/11/11 16:18:48: F/W Version: 00.00.08
2014/11/11 16:18:48:
2014/11/11 16:18:48: MasterKey Key Entry ... OK
2014/11/11 16:18:48: PowerON Counter Key Entry ... OK
2014/11/11 16:18:48: Key Entry ... OK
2014/11/11 16:18:48: Complete.
2014/11/11 16:18:48: COM PORT CLOSE ... OK
2014/11/11 16:18:48: 
2014/11/11 16:18:48: ==== Processing was completed ====
2014/11/11 16:18:48: 
*************************************************


*********** Start the Initialize Key Check **********
2014/11/11 16:21:17: Tool Ver: 2013.0605.01
2014/11/11 16:21:17: COM PORT OPEN ... OK
2014/11/11 16:21:17:
2014/11/11 16:21:17: ProductS/N:  VRW06A114Y00689
2014/11/11 16:21:17: TID: 86042E38D2E52080
2014/11/11 16:21:17: F/W Version: 00.00.08
2014/11/11 16:21:17:
2014/11/11 16:21:17: MasterKey Key Entry ... OK
2014/11/11 16:21:17: PowerON Counter Key Entry ... OK
2014/11/11 16:21:18: Key Entry ... OK
2014/11/11 16:21:18: Complete.
2014/11/11 16:21:18: COM PORT CLOSE ... OK
2014/11/11 16:21:18: 
2014/11/11 16:21:18: ==== Processing was completed ====
2014/11/11 16:21:18: 
*************************************************


*********** Start the Initialize Key Check **********
2014/11/11 16:24:00: Tool Ver: 2013.0605.01
2014/11/11 16:24:00: COM PORT OPEN ... OK
2014/11/11 16:24:00:
2014/11/11 16:24:00: ProductS/N:  VRW06A114Y00584
2014/11/11 16:24:00: TID: 860433212AE62080
2014/11/11 16:24:00: F/W Version: 00.00.08
2014/11/11 16:24:00:
2014/11/11 16:24:00: MasterKey Key Entry ... OK
2014/11/11 16:24:00: PowerON Counter Key Entry ... OK
2014/11/11 16:24:01: Key Entry ... OK
2014/11/11 16:24:01: Complete.
2014/11/11 16:24:01: COM PORT CLOSE ... OK
2014/11/11 16:24:01: 
2014/11/11 16:24:01: ==== Processing was completed ====
2014/11/11 16:24:01: 
*************************************************


*********** Start the Initialize Key Check **********
2014/11/11 16:26:51: Tool Ver: 2013.0605.01
2014/11/11 16:26:51: COM PORT OPEN ... OK
2014/11/11 16:26:51:
2014/11/11 16:26:51: ProductS/N:  VRW06A114Y00710
2014/11/11 16:26:51: TID: 86042A3BD2E52080
2014/11/11 16:26:51: F/W Version: 00.00.08
2014/11/11 16:26:51:
2014/11/11 16:26:51: MasterKey Key Entry ... OK
2014/11/11 16:26:51: PowerON Counter Key Entry ... OK
2014/11/11 16:26:51: Key Entry ... OK
2014/11/11 16:26:51: Complete.
2014/11/11 16:26:51: COM PORT CLOSE ... OK
2014/11/11 16:26:51: 
2014/11/11 16:26:51: ==== Processing was completed ====
2014/11/11 16:26:51: 
*************************************************


*********** Start the Initialize Key Check **********
2014/11/11 16:29:43: Tool Ver: 2013.0605.01
2014/11/11 16:29:43: COM PORT OPEN ... OK
2014/11/11 16:29:43:
2014/11/11 16:29:43: ProductS/N:  VRW06A114Y00709
2014/11/11 16:29:43: TID: 86042837D2E52080
2014/11/11 16:29:43: F/W Version: 00.00.08
2014/11/11 16:29:43:
2014/11/11 16:29:43: MasterKey Key Entry ... OK
2014/11/11 16:29:43: PowerON Counter Key Entry ... OK
2014/11/11 16:29:44: Key Entry ... OK
2014/11/11 16:29:44: Complete.
2014/11/11 16:29:44: COM PORT CLOSE ... OK
2014/11/11 16:29:44: 
2014/11/11 16:29:44: ==== Processing was completed ====
2014/11/11 16:29:44: 
*************************************************


*********** Start the Initialize Key Check **********
2014/11/11 16:35:31: Tool Ver: 2013.0605.01
2014/11/11 16:35:31: COM PORT OPEN ... OK
2014/11/11 16:35:31:
2014/11/11 16:35:31: ProductS/N:  VRW06A114Y00705
2014/11/11 16:35:31: TID: 86041837D2E52080
2014/11/11 16:35:31: F/W Version: 00.00.08
2014/11/11 16:35:31:
2014/11/11 16:35:31: MasterKey Key Entry ... OK
2014/11/11 16:35:31: PowerON Counter Key Entry ... OK
2014/11/11 16:35:32: Key Entry ... OK
2014/11/11 16:35:32: Complete.
2014/11/11 16:35:32: COM PORT CLOSE ... OK
2014/11/11 16:35:32: 
2014/11/11 16:35:32: ==== Processing was completed ====
2014/11/11 16:35:32: 
*************************************************


*********** Start the Initialize Key Check **********
2014/11/11 16:44:52: Tool Ver: 2013.0605.01
2014/11/11 16:44:52: COM PORT OPEN ... OK
2014/11/11 16:44:52:
2014/11/11 16:44:52: ProductS/N:  VRW06A114Y00676
2014/11/11 16:44:52: TID: 86042E222AE62080
2014/11/11 16:44:52: F/W Version: 00.00.08
2014/11/11 16:44:52:
2014/11/11 16:44:52: MasterKey Key Entry ... OK
2014/11/11 16:44:52: PowerON Counter Key Entry ... OK
2014/11/11 16:44:52: Key Entry ... OK
2014/11/11 16:44:52: Complete.
2014/11/11 16:44:52: COM PORT CLOSE ... OK
2014/11/11 16:44:52: 
2014/11/11 16:44:52: ==== Processing was completed ====
2014/11/11 16:44:52: 
*************************************************


*********** Start the Initialize Key Check **********
2014/11/11 16:47:50: Tool Ver: 2013.0605.01
2014/11/11 16:47:50: COM PORT OPEN ... OK
2014/11/11 16:47:50:
2014/11/11 16:47:50: ProductS/N:  VRW06A114Y00547
2014/11/11 16:47:50: TID: 8604081C2AE62080
2014/11/11 16:47:50: F/W Version: 00.00.08
2014/11/11 16:47:50:
2014/11/11 16:47:50: MasterKey Key Entry ... OK
2014/11/11 16:47:50: PowerON Counter Key Entry ... OK
2014/11/11 16:47:51: Key Entry ... OK
2014/11/11 16:47:51: Complete.
2014/11/11 16:47:51: COM PORT CLOSE ... OK
2014/11/11 16:47:51: 
2014/11/11 16:47:51: ==== Processing was completed ====
2014/11/11 16:47:51: 
*************************************************


*********** Start the Initialize Key Check **********
2014/11/11 16:51:03: Tool Ver: 2013.0605.01
2014/11/11 16:51:03: COM PORT OPEN ... OK
2014/11/11 16:51:03:
2014/11/11 16:51:03: ProductS/N:  VRW06A114Y00706
2014/11/11 16:51:03: TID: 8604301C3AE62080
2014/11/11 16:51:03: F/W Version: 00.00.08
2014/11/11 16:51:03:
2014/11/11 16:51:03: MasterKey Key Entry ... OK
2014/11/11 16:51:03: PowerON Counter Key Entry ... OK
2014/11/11 16:51:04: Key Entry ... OK
2014/11/11 16:51:04: Complete.
2014/11/11 16:51:04: COM PORT CLOSE ... OK
2014/11/11 16:51:04: 
2014/11/11 16:51:04: ==== Processing was completed ====
2014/11/11 16:51:04: 
*************************************************


*********** Start the Initialize Key Check **********
2014/11/11 16:54:07: Tool Ver: 2013.0605.01
2014/11/11 16:54:07: COM PORT OPEN ... OK
2014/11/11 16:54:07:
2014/11/11 16:54:07: ProductS/N:  VRW06A114Y00701
2014/11/11 16:54:07: TID: 860431222AE62080
2014/11/11 16:54:07: F/W Version: 00.00.08
2014/11/11 16:54:07:
2014/11/11 16:54:07: MasterKey Key Entry ... OK
2014/11/11 16:54:07: PowerON Counter Key Entry ... OK
2014/11/11 16:54:07: Key Entry ... OK
2014/11/11 16:54:07: Complete.
2014/11/11 16:54:07: COM PORT CLOSE ... OK
2014/11/11 16:54:07: 
2014/11/11 16:54:07: ==== Processing was completed ====
2014/11/11 16:54:07: 
*************************************************


*********** Start the Initialize Key Check **********
2014/11/11 16:56:45: Tool Ver: 2013.0605.01
2014/11/11 16:56:45: COM PORT OPEN ... OK
2014/11/11 16:56:45:
2014/11/11 16:56:45: ProductS/N:  VRW06A114Y00711
2014/11/11 16:56:45: TID: 86040734D2E52080
2014/11/11 16:56:45: F/W Version: 00.00.08
2014/11/11 16:56:45:
2014/11/11 16:56:45: MasterKey Key Entry ... OK
2014/11/11 16:56:45: PowerON Counter Key Entry ... OK
2014/11/11 16:56:45: Key Entry ... OK
2014/11/11 16:56:45: Complete.
2014/11/11 16:56:45: COM PORT CLOSE ... OK
2014/11/11 16:56:45: 
2014/11/11 16:56:45: ==== Processing was completed ====
2014/11/11 16:56:45: 
*************************************************


*********** Start the Initialize Key Check **********
2014/11/11 17:06:54: Tool Ver: 2013.0605.01
2014/11/11 17:06:54: COM PORT OPEN ... OK
2014/11/11 17:06:54:
2014/11/11 17:06:54: ProductS/N:  VRW06A114Y00566
2014/11/11 17:06:54: TID: 8604223BD2E52080
2014/11/11 17:06:54: F/W Version: 00.00.08
2014/11/11 17:06:54:
2014/11/11 17:06:54: MasterKey Key Entry ... OK
2014/11/11 17:06:54: PowerON Counter Key Entry ... OK
2014/11/11 17:06:55: Key Entry ... OK
2014/11/11 17:06:55: Complete.
2014/11/11 17:06:55: COM PORT CLOSE ... OK
2014/11/11 17:06:55: 
2014/11/11 17:06:55: ==== Processing was completed ====
2014/11/11 17:06:55: 
*************************************************


*********** Start the Initialize Key Check **********
2014/11/11 17:10:02: Tool Ver: 2013.0605.01
2014/11/11 17:10:02: COM PORT OPEN ... OK
2014/11/11 17:10:02:
2014/11/11 17:10:02: ProductS/N:  VRW06A114Y00703
2014/11/11 17:10:02: TID: 86040F34D2E52080
2014/11/11 17:10:02: F/W Version: 00.00.08
2014/11/11 17:10:02:
2014/11/11 17:10:02: MasterKey Key Entry ... OK
2014/11/11 17:10:02: PowerON Counter Key Entry ... OK
2014/11/11 17:10:03: Key Entry ... OK
2014/11/11 17:10:03: Complete.
2014/11/11 17:10:03: COM PORT CLOSE ... OK
2014/11/11 17:10:03: 
2014/11/11 17:10:03: ==== Processing was completed ====
2014/11/11 17:10:03: 
*************************************************


*********** Start the Initialize Key Check **********
2014/11/11 17:14:27: Tool Ver: 2013.0605.01
2014/11/11 17:14:27: COM PORT OPEN ... OK
2014/11/11 17:14:27:
2014/11/11 17:14:27: ProductS/N:  VRW06A114Y00707
2014/11/11 17:14:27: TID: 86040E2B2AE62080
2014/11/11 17:14:27: F/W Version: 00.00.08
2014/11/11 17:14:27:
2014/11/11 17:14:27: MasterKey Key Entry ... OK
2014/11/11 17:14:27: PowerON Counter Key Entry ... OK
2014/11/11 17:14:27: Key Entry ... OK
2014/11/11 17:14:27: Complete.
2014/11/11 17:14:27: COM PORT CLOSE ... OK
2014/11/11 17:14:27: 
2014/11/11 17:14:27: ==== Processing was completed ====
2014/11/11 17:14:27: 
*************************************************


*********** Start the Initialize Key Check **********
2014/11/11 17:17:29: Tool Ver: 2013.0605.01
2014/11/11 17:17:29: COM PORT OPEN ... OK
2014/11/11 17:17:29:
2014/11/11 17:17:29: ProductS/N:  VRW06A114Y00708
2014/11/11 17:17:29: TID: 86040F2B2AE62080
2014/11/11 17:17:29: F/W Version: 00.00.08
2014/11/11 17:17:29:
2014/11/11 17:17:29: MasterKey Key Entry ... OK
2014/11/11 17:17:29: PowerON Counter Key Entry ... OK
2014/11/11 17:17:30: Key Entry ... OK
2014/11/11 17:17:30: Complete.
2014/11/11 17:17:30: COM PORT CLOSE ... OK
2014/11/11 17:17:30: 
2014/11/11 17:17:30: ==== Processing was completed ====
2014/11/11 17:17:30: 
*************************************************


*********** Start the Initialize Key Check **********
2014/11/11 17:20:07: Tool Ver: 2013.0605.01
2014/11/11 17:20:07: COM PORT OPEN ... OK
2014/11/11 17:20:07:
2014/11/11 17:20:07: ProductS/N:  VRW06A114Y00714
2014/11/11 17:20:07: TID: 86041C3AD2E52080
2014/11/11 17:20:07: F/W Version: 00.00.08
2014/11/11 17:20:07:
2014/11/11 17:20:07: MasterKey Key Entry ... OK
2014/11/11 17:20:07: PowerON Counter Key Entry ... OK
2014/11/11 17:20:08: Key Entry ... OK
2014/11/11 17:20:08: Complete.
2014/11/11 17:20:08: COM PORT CLOSE ... OK
2014/11/11 17:20:08: 
2014/11/11 17:20:08: ==== Processing was completed ====
2014/11/11 17:20:08: 
*************************************************


*********** Start the Initialize Key Check **********
2014/11/11 17:27:40: Tool Ver: 2013.0605.01
2014/11/11 17:27:40: COM PORT OPEN ... OK
2014/11/11 17:27:40:
2014/11/11 17:27:40: ProductS/N:  VRW06A114Y00693
2014/11/11 17:27:40: TID: 8604280ACAE52080
2014/11/11 17:27:40: F/W Version: 00.00.08
2014/11/11 17:27:40:
2014/11/11 17:27:40: MasterKey Key Entry ... OK
2014/11/11 17:27:40: PowerON Counter Key Entry ... OK
2014/11/11 17:27:41: Key Entry ... OK
2014/11/11 17:27:41: Complete.
2014/11/11 17:27:41: COM PORT CLOSE ... OK
2014/11/11 17:27:41: 
2014/11/11 17:27:41: ==== Processing was completed ====
2014/11/11 17:27:41: 
*************************************************


*********** Start the Initialize Key Check **********
2014/11/11 17:30:14: Tool Ver: 2013.0605.01
2014/11/11 17:30:14: COM PORT OPEN ... OK
2014/11/11 17:30:14:
2014/11/11 17:30:14: ProductS/N:  VRW06A114Y00716
2014/11/11 17:30:14: TID: 86041A39D2E52080
2014/11/11 17:30:14: F/W Version: 00.00.08
2014/11/11 17:30:14:
2014/11/11 17:30:14: MasterKey Key Entry ... OK
2014/11/11 17:30:14: PowerON Counter Key Entry ... OK
2014/11/11 17:30:15: Key Entry ... OK
2014/11/11 17:30:15: Complete.
2014/11/11 17:30:15: COM PORT CLOSE ... OK
2014/11/11 17:30:15: 
2014/11/11 17:30:15: ==== Processing was completed ====
2014/11/11 17:30:15: 
*************************************************


*********** Start the Initialize Key Check **********
2014/11/11 17:32:45: Tool Ver: 2013.0605.01
2014/11/11 17:32:45: COM PORT OPEN ... OK
2014/11/11 17:32:45:
2014/11/11 17:32:45: ProductS/N:  VRW06A114Y00712
2014/11/11 17:32:45: TID: 86041334D2E52080
2014/11/11 17:32:45: F/W Version: 00.00.08
2014/11/11 17:32:45:
2014/11/11 17:32:45: MasterKey Key Entry ... OK
2014/11/11 17:32:45: PowerON Counter Key Entry ... OK
2014/11/11 17:32:46: Key Entry ... OK
2014/11/11 17:32:46: Complete.
2014/11/11 17:32:46: COM PORT CLOSE ... OK
2014/11/11 17:32:46: 
2014/11/11 17:32:46: ==== Processing was completed ====
2014/11/11 17:32:46: 
*************************************************


*********** Start the Initialize Key Check **********
2014/11/11 17:36:05: Tool Ver: 2013.0605.01
2014/11/11 17:36:05: COM PORT OPEN ... OK
2014/11/11 17:36:05:
2014/11/11 17:36:05: ProductS/N:  VRW06A114Y00704
2014/11/11 17:36:05: TID: 860417193AE62080
2014/11/11 17:36:05: F/W Version: 00.00.08
2014/11/11 17:36:05:
2014/11/11 17:36:05: MasterKey Key Entry ... OK
2014/11/11 17:36:05: PowerON Counter Key Entry ... OK
2014/11/11 17:36:06: Key Entry ... OK
2014/11/11 17:36:06: Complete.
2014/11/11 17:36:06: COM PORT CLOSE ... OK
2014/11/11 17:36:06: 
2014/11/11 17:36:06: ==== Processing was completed ====
2014/11/11 17:36:06: 
*************************************************


*********** Start the Initialize Key Check **********
2014/11/11 17:39:57: Tool Ver: 2013.0605.01
2014/11/11 17:39:57: COM PORT OPEN ... OK
2014/11/11 17:39:57:
2014/11/11 17:39:57: ProductS/N:  VRW06A114Y00721
2014/11/11 17:39:57: TID: 86041D1F2AE62080
2014/11/11 17:39:57: F/W Version: 00.00.08
2014/11/11 17:39:57:
2014/11/11 17:39:57: MasterKey Key Entry ... OK
2014/11/11 17:39:57: PowerON Counter Key Entry ... OK
2014/11/11 17:39:58: Key Entry ... OK
2014/11/11 17:39:58: Complete.
2014/11/11 17:39:58: COM PORT CLOSE ... OK
2014/11/11 17:39:58: 
2014/11/11 17:39:58: ==== Processing was completed ====
2014/11/11 17:39:58: 
*************************************************


