*********** Start the Initialize Key Check **********
2014/12/02 14:05:02: Tool Ver: 2013.0605.01
2014/12/02 14:05:02: COM PORT OPEN ... OK
2014/12/02 14:05:03:
2014/12/02 14:05:03: ProductS/N:  VRW06A114Z00054
2014/12/02 14:05:03: TID: 860404233AE62080
2014/12/02 14:05:03: F/W Version: 00.00.08
2014/12/02 14:05:03:
2014/12/02 14:05:03: MasterKey Key Entry ... OK
2014/12/02 14:05:03: PowerON Counter Key Entry ... OK
2014/12/02 14:05:03: Key Entry ... OK
2014/12/02 14:05:03: Complete.
2014/12/02 14:05:03: COM PORT CLOSE ... OK
2014/12/02 14:05:03: 
2014/12/02 14:05:03: ==== Processing was completed ====
2014/12/02 14:05:03: 
*************************************************


*********** Start the Initialize Key Check **********
2014/12/02 14:06:48: Tool Ver: 2013.0605.01
2014/12/02 14:06:48: COM PORT OPEN ... OK
2014/12/02 14:06:48:
2014/12/02 14:06:48: ProductS/N:  VRW06A114Z00025
2014/12/02 14:06:48: TID: 860416232AE62080
2014/12/02 14:06:48: F/W Version: 00.00.08
2014/12/02 14:06:48:
2014/12/02 14:06:48: MasterKey Key Entry ... OK
2014/12/02 14:06:48: PowerON Counter Key Entry ... OK
2014/12/02 14:06:49: Key Entry ... OK
2014/12/02 14:06:49: Complete.
2014/12/02 14:06:49: COM PORT CLOSE ... OK
2014/12/02 14:06:49: 
2014/12/02 14:06:49: ==== Processing was completed ====
2014/12/02 14:06:49: 
*************************************************


*********** Start the Initialize Key Check **********
2014/12/02 14:10:38: Tool Ver: 2013.0605.01
2014/12/02 14:10:38: COM PORT OPEN ... OK
2014/12/02 14:10:38:
2014/12/02 14:10:38: ProductS/N:  VRW06A114Z00061
2014/12/02 14:10:38: TID: 86040716D2E52080
2014/12/02 14:10:38: F/W Version: 00.00.08
2014/12/02 14:10:38:
2014/12/02 14:10:38: MasterKey Key Entry ... OK
2014/12/02 14:10:38: PowerON Counter Key Entry ... OK
2014/12/02 14:10:39: Key Entry ... OK
2014/12/02 14:10:39: Complete.
2014/12/02 14:10:39: COM PORT CLOSE ... OK
2014/12/02 14:10:39: 
2014/12/02 14:10:39: ==== Processing was completed ====
2014/12/02 14:10:39: 
*************************************************


*********** Start the Initialize Key Check **********
2014/12/02 14:14:56: Tool Ver: 2013.0605.01
2014/12/02 14:14:56: COM PORT OPEN ... OK
2014/12/02 14:14:56:
2014/12/02 14:14:56: ProductS/N:  VRW06A114Z00027
2014/12/02 14:14:56: TID: 8604292B2AE62080
2014/12/02 14:14:56: F/W Version: 00.00.08
2014/12/02 14:14:56:
2014/12/02 14:14:56: MasterKey Key Entry ... OK
2014/12/02 14:14:56: PowerON Counter Key Entry ... OK
2014/12/02 14:14:56: Key Entry ... OK
2014/12/02 14:14:56: Complete.
2014/12/02 14:14:56: COM PORT CLOSE ... OK
2014/12/02 14:14:56: 
2014/12/02 14:14:56: ==== Processing was completed ====
2014/12/02 14:14:56: 
*************************************************


*********** Start the Initialize Key Check **********
2014/12/02 14:20:49: Tool Ver: 2013.0605.01
2014/12/02 14:20:49: COM PORT OPEN ... OK
2014/12/02 14:20:49:
2014/12/02 14:20:49: ProductS/N:  VRW06A114Z00048
2014/12/02 14:20:49: TID: 8604272B2AE62080
2014/12/02 14:20:49: F/W Version: 00.00.08
2014/12/02 14:20:49:
2014/12/02 14:20:49: MasterKey Key Entry ... OK
2014/12/02 14:20:49: PowerON Counter Key Entry ... OK
2014/12/02 14:20:50: Key Entry ... OK
2014/12/02 14:20:50: Complete.
2014/12/02 14:20:50: COM PORT CLOSE ... OK
2014/12/02 14:20:50: 
2014/12/02 14:20:50: ==== Processing was completed ====
2014/12/02 14:20:50: 
*************************************************


*********** Start the Initialize Key Check **********
2014/12/02 14:24:08: Tool Ver: 2013.0605.01
2014/12/02 14:24:08: COM PORT OPEN ... OK
2014/12/02 14:24:09:
2014/12/02 14:24:09: ProductS/N:  VRW06A114Z00041
2014/12/02 14:24:09: TID: 860440212AE62080
2014/12/02 14:24:09: F/W Version: 00.00.08
2014/12/02 14:24:09:
2014/12/02 14:24:09: MasterKey Key Entry ... OK
2014/12/02 14:24:09: PowerON Counter Key Entry ... OK
2014/12/02 14:24:09: Key Entry ... OK
2014/12/02 14:24:09: Complete.
2014/12/02 14:24:09: COM PORT CLOSE ... OK
2014/12/02 14:24:09: 
2014/12/02 14:24:09: ==== Processing was completed ====
2014/12/02 14:24:09: 
*************************************************


*********** Start the Initialize Key Check **********
2014/12/02 14:27:50: Tool Ver: 2013.0605.01
2014/12/02 14:27:50: COM PORT OPEN ... OK
2014/12/02 14:27:50:
2014/12/02 14:27:50: ProductS/N:  VRW06A114Z00033
2014/12/02 14:27:50: TID: 86043C242AE62080
2014/12/02 14:27:50: F/W Version: 00.00.08
2014/12/02 14:27:50:
2014/12/02 14:27:50: MasterKey Key Entry ... OK
2014/12/02 14:27:50: PowerON Counter Key Entry ... OK
2014/12/02 14:27:50: Key Entry ... OK
2014/12/02 14:27:50: Complete.
2014/12/02 14:27:50: COM PORT CLOSE ... OK
2014/12/02 14:27:50: 
2014/12/02 14:27:50: ==== Processing was completed ====
2014/12/02 14:27:50: 
*************************************************


*********** Start the Initialize Key Check **********
2014/12/02 14:30:22: Tool Ver: 2013.0605.01
2014/12/02 14:30:22: COM PORT OPEN ... OK
2014/12/02 14:30:22:
2014/12/02 14:30:22: ProductS/N:  VRW06A114Z00009
2014/12/02 14:30:22: TID: 860414232AE62080
2014/12/02 14:30:22: F/W Version: 00.00.08
2014/12/02 14:30:22:
2014/12/02 14:30:22: MasterKey Key Entry ... OK
2014/12/02 14:30:22: PowerON Counter Key Entry ... OK
2014/12/02 14:30:23: Key Entry ... OK
2014/12/02 14:30:23: Complete.
2014/12/02 14:30:23: COM PORT CLOSE ... OK
2014/12/02 14:30:23: 
2014/12/02 14:30:23: ==== Processing was completed ====
2014/12/02 14:30:23: 
*************************************************


*********** Start the Initialize Key Check **********
2014/12/02 14:41:05: Tool Ver: 2013.0605.01
2014/12/02 14:41:05: COM PORT OPEN ... OK
2014/12/02 14:41:06:
2014/12/02 14:41:06: ProductS/N:  VRW06A114Z00065
2014/12/02 14:41:06: TID: 8604161C2AE62080
2014/12/02 14:41:06: F/W Version: 00.00.08
2014/12/02 14:41:06:
2014/12/02 14:41:06: MasterKey Key Entry ... OK
2014/12/02 14:41:06: PowerON Counter Key Entry ... OK
2014/12/02 14:41:06: Key Entry ... OK
2014/12/02 14:41:06: Complete.
2014/12/02 14:41:06: COM PORT CLOSE ... OK
2014/12/02 14:41:06: 
2014/12/02 14:41:06: ==== Processing was completed ====
2014/12/02 14:41:06: 
*************************************************


*********** Start the Initialize Key Check **********
2014/12/02 14:44:01: Tool Ver: 2013.0605.01
2014/12/02 14:44:01: COM PORT OPEN ... OK
2014/12/02 14:44:01:
2014/12/02 14:44:01: ProductS/N:  VRW06A114Z00004
2014/12/02 14:44:01: TID: 86042F202AE62080
2014/12/02 14:44:01: F/W Version: 00.00.08
2014/12/02 14:44:01:
2014/12/02 14:44:01: MasterKey Key Entry ... OK
2014/12/02 14:44:01: PowerON Counter Key Entry ... OK
2014/12/02 14:44:02: Key Entry ... OK
2014/12/02 14:44:02: Complete.
2014/12/02 14:44:02: COM PORT CLOSE ... OK
2014/12/02 14:44:02: 
2014/12/02 14:44:02: ==== Processing was completed ====
2014/12/02 14:44:02: 
*************************************************


*********** Start the Initialize Key Check **********
2014/12/02 14:48:26: Tool Ver: 2013.0605.01
2014/12/02 14:48:26: COM PORT OPEN ... OK
2014/12/02 14:48:26:
2014/12/02 14:48:26: ProductS/N:  VRW06A114Z00053
2014/12/02 14:48:26: TID: 860406292AE62080
2014/12/02 14:48:26: F/W Version: 00.00.08
2014/12/02 14:48:26:
2014/12/02 14:48:26: MasterKey Key Entry ... OK
2014/12/02 14:48:26: PowerON Counter Key Entry ... OK
2014/12/02 14:48:27: Key Entry ... OK
2014/12/02 14:48:27: Complete.
2014/12/02 14:48:27: COM PORT CLOSE ... OK
2014/12/02 14:48:27: 
2014/12/02 14:48:27: ==== Processing was completed ====
2014/12/02 14:48:27: 
*************************************************


*********** Start the Initialize Key Check **********
2014/12/02 14:51:45: Tool Ver: 2013.0605.01
2014/12/02 14:51:45: COM PORT OPEN ... OK
2014/12/02 14:51:45:
2014/12/02 14:51:45: ProductS/N:  VRW06A114Z00066
2014/12/02 14:51:45: TID: 86043A14D2E52080
2014/12/02 14:51:45: F/W Version: 00.00.08
2014/12/02 14:51:45:
2014/12/02 14:51:45: MasterKey Key Entry ... OK
2014/12/02 14:51:45: PowerON Counter Key Entry ... OK
2014/12/02 14:51:45: Key Entry ... OK
2014/12/02 14:51:45: Complete.
2014/12/02 14:51:45: COM PORT CLOSE ... OK
2014/12/02 14:51:45: 
2014/12/02 14:51:45: ==== Processing was completed ====
2014/12/02 14:51:45: 
*************************************************


*********** Start the Initialize Key Check **********
2014/12/02 14:54:56: Tool Ver: 2013.0605.01
2014/12/02 14:54:56: COM PORT OPEN ... OK
2014/12/02 14:54:56:
2014/12/02 14:54:56: ProductS/N:  VRW06A114Z00058
2014/12/02 14:54:56: TID: 86042A31CAE52080
2014/12/02 14:54:56: F/W Version: 00.00.08
2014/12/02 14:54:56:
2014/12/02 14:54:56: MasterKey Key Entry ... OK
2014/12/02 14:54:56: PowerON Counter Key Entry ... OK
2014/12/02 14:54:56: Key Entry ... OK
2014/12/02 14:54:56: Complete.
2014/12/02 14:54:56: COM PORT CLOSE ... OK
2014/12/02 14:54:56: 
2014/12/02 14:54:56: ==== Processing was completed ====
2014/12/02 14:54:56: 
*************************************************


*********** Start the Initialize Key Check **********
2014/12/02 15:11:03: Tool Ver: 2013.0605.01
2014/12/02 15:11:03: COM PORT OPEN ... OK
2014/12/02 15:11:04:
2014/12/02 15:11:04: ProductS/N:  06A114Z00037
2014/12/02 15:11:04: TID: 86043F232AE62080
2014/12/02 15:11:04: F/W Version: 00.00.08
2014/12/02 15:11:04:
2014/12/02 15:11:04: MasterKey Key Entry ... OK
2014/12/02 15:11:04: PowerON Counter Key Entry ... OK
2014/12/02 15:11:04: Key Entry ... OK
2014/12/02 15:11:04: Complete.
2014/12/02 15:11:04: COM PORT CLOSE ... OK
2014/12/02 15:11:04: 
2014/12/02 15:11:04: ==== Processing was completed ====
2014/12/02 15:11:04: 
*************************************************


*********** Start the Initialize Key Check **********
2014/12/02 15:14:33: Tool Ver: 2013.0605.01
2014/12/02 15:14:33: COM PORT OPEN ... OK
2014/12/02 15:14:33:
2014/12/02 15:14:33: ProductS/N:  VRW06A114Z00046
2014/12/02 15:14:33: TID: 8604282B2AE62080
2014/12/02 15:14:33: F/W Version: 00.00.08
2014/12/02 15:14:33:
2014/12/02 15:14:33: MasterKey Key Entry ... OK
2014/12/02 15:14:33: PowerON Counter Key Entry ... OK
2014/12/02 15:14:34: Key Entry ... OK
2014/12/02 15:14:34: Complete.
2014/12/02 15:14:34: COM PORT CLOSE ... OK
2014/12/02 15:14:34: 
2014/12/02 15:14:34: ==== Processing was completed ====
2014/12/02 15:14:34: 
*************************************************


*********** Start the Initialize Key Check **********
2014/12/02 15:19:08: Tool Ver: 2013.0605.01
2014/12/02 15:19:08: COM PORT OPEN ... OK
2014/12/02 15:19:08:
2014/12/02 15:19:08: ProductS/N:  VRW06A114Z00040
2014/12/02 15:19:08: TID: 8604281F2AE62080
2014/12/02 15:19:08: F/W Version: 00.00.08
2014/12/02 15:19:08:
2014/12/02 15:19:08: MasterKey Key Entry ... OK
2014/12/02 15:19:08: PowerON Counter Key Entry ... OK
2014/12/02 15:19:08: Key Entry ... OK
2014/12/02 15:19:08: Complete.
2014/12/02 15:19:08: COM PORT CLOSE ... OK
2014/12/02 15:19:08: 
2014/12/02 15:19:08: ==== Processing was completed ====
2014/12/02 15:19:08: 
*************************************************


*********** Start the Initialize Key Check **********
2014/12/02 15:21:18: Tool Ver: 2013.0605.01
2014/12/02 15:21:18: COM PORT OPEN ... OK
2014/12/02 15:21:18:
2014/12/02 15:21:18: ProductS/N:  VRW06A114Z00047
2014/12/02 15:21:18: TID: 8604051E2AE62080
2014/12/02 15:21:18: F/W Version: 00.00.08
2014/12/02 15:21:18:
2014/12/02 15:21:18: MasterKey Key Entry ... OK
2014/12/02 15:21:18: PowerON Counter Key Entry ... OK
2014/12/02 15:21:19: Key Entry ... OK
2014/12/02 15:21:19: Complete.
2014/12/02 15:21:19: COM PORT CLOSE ... OK
2014/12/02 15:21:19: 
2014/12/02 15:21:19: ==== Processing was completed ====
2014/12/02 15:21:19: 
*************************************************


*********** Start the Initialize Key Check **********
2014/12/02 15:24:09: Tool Ver: 2013.0605.01
2014/12/02 15:24:09: COM PORT OPEN ... OK
2014/12/02 15:24:09:
2014/12/02 15:24:09: ProductS/N:  VRW06A114Z00007
2014/12/02 15:24:09: TID: 86040C1E2AE62080
2014/12/02 15:24:09: F/W Version: 00.00.08
2014/12/02 15:24:09:
2014/12/02 15:24:09: MasterKey Key Entry ... OK
2014/12/02 15:24:09: PowerON Counter Key Entry ... OK
2014/12/02 15:24:09: Key Entry ... OK
2014/12/02 15:24:09: Complete.
2014/12/02 15:24:09: COM PORT CLOSE ... OK
2014/12/02 15:24:09: 
2014/12/02 15:24:09: ==== Processing was completed ====
2014/12/02 15:24:09: 
*************************************************


*********** Start the Initialize Key Check **********
2014/12/02 15:30:52: Tool Ver: 2013.0605.01
2014/12/02 15:30:52: COM PORT OPEN ... OK
2014/12/02 15:30:52:
2014/12/02 15:30:52: ProductS/N:  VRW06A114Z00017
2014/12/02 15:30:52: TID: 86041D222AE62080
2014/12/02 15:30:52: F/W Version: 00.00.08
2014/12/02 15:30:52:
2014/12/02 15:30:52: MasterKey Key Entry ... OK
2014/12/02 15:30:52: PowerON Counter Key Entry ... OK
2014/12/02 15:30:53: Key Entry ... OK
2014/12/02 15:30:53: Complete.
2014/12/02 15:30:53: COM PORT CLOSE ... OK
2014/12/02 15:30:53: 
2014/12/02 15:30:53: ==== Processing was completed ====
2014/12/02 15:30:53: 
*************************************************


*********** Start the Initialize Key Check **********
2014/12/02 15:33:06: Tool Ver: 2013.0605.01
2014/12/02 15:33:06: COM PORT OPEN ... OK
2014/12/02 15:33:06:
2014/12/02 15:33:06: ProductS/N:  VRW06A114Z00044
2014/12/02 15:33:06: TID: 86041637D2E52080
2014/12/02 15:33:06: F/W Version: 00.00.08
2014/12/02 15:33:06:
2014/12/02 15:33:06: MasterKey Key Entry ... OK
2014/12/02 15:33:06: PowerON Counter Key Entry ... OK
2014/12/02 15:33:07: Key Entry ... OK
2014/12/02 15:33:07: Complete.
2014/12/02 15:33:07: COM PORT CLOSE ... OK
2014/12/02 15:33:07: 
2014/12/02 15:33:07: ==== Processing was completed ====
2014/12/02 15:33:07: 
*************************************************


*********** Start the Initialize Key Check **********
2014/12/02 15:35:56: Tool Ver: 2013.0605.01
2014/12/02 15:35:56: COM PORT OPEN ... ERROR(01)
2014/12/02 15:35:56: 
2014/12/02 15:35:56: ######## Error has occurred ########
2014/12/02 15:35:56: 
*************************************************


*********** Start the Initialize Key Check **********
2014/12/02 15:39:27: Tool Ver: 2013.0605.01
2014/12/02 15:39:27: COM PORT OPEN ... OK
2014/12/02 15:39:27:
2014/12/02 15:39:27: ProductS/N:  VRW06A114Z00024
2014/12/02 15:39:27: TID: 860414203AE62080
2014/12/02 15:39:27: F/W Version: 00.00.08
2014/12/02 15:39:27:
2014/12/02 15:39:27: MasterKey Key Entry ... OK
2014/12/02 15:39:27: PowerON Counter Key Entry ... OK
2014/12/02 15:39:27: Key Entry ... OK
2014/12/02 15:39:27: Complete.
2014/12/02 15:39:27: COM PORT CLOSE ... OK
2014/12/02 15:39:27: 
2014/12/02 15:39:27: ==== Processing was completed ====
2014/12/02 15:39:27: 
*************************************************


*********** Start the Initialize Key Check **********
2014/12/02 15:40:28: Tool Ver: 2013.0605.01
2014/12/02 15:40:28: COM PORT OPEN ... OK
2014/12/02 15:40:28:
2014/12/02 15:40:28: ProductS/N:  VRW06A114Z00064
2014/12/02 15:40:28: TID: 86043D282AE62080
2014/12/02 15:40:28: F/W Version: 00.00.08
2014/12/02 15:40:28:
2014/12/02 15:40:28: MasterKey Key Entry ... OK
2014/12/02 15:40:28: PowerON Counter Key Entry ... OK
2014/12/02 15:40:29: Key Entry ... OK
2014/12/02 15:40:29: Complete.
2014/12/02 15:40:29: COM PORT CLOSE ... OK
2014/12/02 15:40:29: 
2014/12/02 15:40:29: ==== Processing was completed ====
2014/12/02 15:40:29: 
*************************************************


*********** Start the Initialize Key Check **********
2014/12/02 15:41:52: Tool Ver: 2013.0605.01
2014/12/02 15:41:52: COM PORT OPEN ... OK
2014/12/02 15:41:52:
2014/12/02 15:41:52: ProductS/N:  VRW06A114Z00049
2014/12/02 15:41:52: TID: 86041D1C2AE62080
2014/12/02 15:41:52: F/W Version: 00.00.08
2014/12/02 15:41:52:
2014/12/02 15:41:52: MasterKey Key Entry ... OK
2014/12/02 15:41:52: PowerON Counter Key Entry ... OK
2014/12/02 15:41:53: Key Entry ... OK
2014/12/02 15:41:53: Complete.
2014/12/02 15:41:53: COM PORT CLOSE ... OK
2014/12/02 15:41:53: 
2014/12/02 15:41:53: ==== Processing was completed ====
2014/12/02 15:41:53: 
*************************************************


*********** Start the Initialize Key Check **********
2014/12/02 15:44:20: Tool Ver: 2013.0605.01
2014/12/02 15:44:20: COM PORT OPEN ... OK
2014/12/02 15:44:20:
2014/12/02 15:44:20: ProductS/N:  VRW06A114Z00024
2014/12/02 15:44:20: TID: 860414203AE62080
2014/12/02 15:44:20: F/W Version: 00.00.08
2014/12/02 15:44:20:
2014/12/02 15:44:20: MasterKey Key Entry ... OK
2014/12/02 15:44:20: PowerON Counter Key Entry ... OK
2014/12/02 15:44:21: Key Entry ... OK
2014/12/02 15:44:21: Complete.
2014/12/02 15:44:21: COM PORT CLOSE ... OK
2014/12/02 15:44:21: 
2014/12/02 15:44:21: ==== Processing was completed ====
2014/12/02 15:44:21: 
*************************************************


*********** Start the Initialize Key Check **********
2014/12/02 15:45:17: Tool Ver: 2013.0605.01
2014/12/02 15:45:17: COM PORT OPEN ... OK
2014/12/02 15:45:17:
2014/12/02 15:45:17: ProductS/N:  VRW06A114Z00024
2014/12/02 15:45:17: TID: 860414203AE62080
2014/12/02 15:45:17: F/W Version: 00.00.08
2014/12/02 15:45:17:
2014/12/02 15:45:17: MasterKey Key Entry ... OK
2014/12/02 15:45:17: PowerON Counter Key Entry ... OK
2014/12/02 15:45:18: Key Entry ... OK
2014/12/02 15:45:18: Complete.
2014/12/02 15:45:18: COM PORT CLOSE ... OK
2014/12/02 15:45:18: 
2014/12/02 15:45:18: ==== Processing was completed ====
2014/12/02 15:45:18: 
*************************************************


*********** Start the Initialize Key Check **********
2014/12/02 15:45:35: Tool Ver: 2013.0605.01
2014/12/02 15:45:35: COM PORT OPEN ... OK
2014/12/02 15:45:35:
2014/12/02 15:45:35: ProductS/N:  VRW06A114Z00024
2014/12/02 15:45:35: TID: 860414203AE62080
2014/12/02 15:45:35: F/W Version: 00.00.08
2014/12/02 15:45:35:
2014/12/02 15:45:35: MasterKey Key Entry ... OK
2014/12/02 15:45:35: PowerON Counter Key Entry ... OK
2014/12/02 15:45:36: Key Entry ... OK
2014/12/02 15:45:36: Complete.
2014/12/02 15:45:36: COM PORT CLOSE ... OK
2014/12/02 15:45:36: 
2014/12/02 15:45:36: ==== Processing was completed ====
2014/12/02 15:45:36: 
*************************************************


*********** Start the Initialize Key Check **********
2014/12/02 15:46:01: Tool Ver: 2013.0605.01
2014/12/02 15:46:01: COM PORT OPEN ... OK
2014/12/02 15:46:01:
2014/12/02 15:46:01: ProductS/N:  VRW06A114Z00039
2014/12/02 15:46:01: TID: 8604091D2AE62080
2014/12/02 15:46:01: F/W Version: 00.00.08
2014/12/02 15:46:01:
2014/12/02 15:46:01: MasterKey Key Entry ... OK
2014/12/02 15:46:01: PowerON Counter Key Entry ... OK
2014/12/02 15:46:02: Key Entry ... OK
2014/12/02 15:46:02: Complete.
2014/12/02 15:46:02: COM PORT CLOSE ... OK
2014/12/02 15:46:02: 
2014/12/02 15:46:02: ==== Processing was completed ====
2014/12/02 15:46:02: 
*************************************************


*********** Start the Initialize Key Check **********
2014/12/02 15:47:41: Tool Ver: 2013.0605.01
2014/12/02 15:47:41: COM PORT OPEN ... OK
2014/12/02 15:47:41:
2014/12/02 15:47:41: ProductS/N:  VRW06A114Z00059
2014/12/02 15:47:41: TID: 860424233AE62080
2014/12/02 15:47:41: F/W Version: 00.00.08
2014/12/02 15:47:41:
2014/12/02 15:47:41: MasterKey Key Entry ... OK
2014/12/02 15:47:41: PowerON Counter Key Entry ... OK
2014/12/02 15:47:42: Key Entry ... OK
2014/12/02 15:47:42: Complete.
2014/12/02 15:47:42: COM PORT CLOSE ... OK
2014/12/02 15:47:42: 
2014/12/02 15:47:42: ==== Processing was completed ====
2014/12/02 15:47:42: 
*************************************************


*********** Start the Initialize Key Check **********
2014/12/02 15:50:20: Tool Ver: 2013.0605.01
2014/12/02 15:50:20: COM PORT OPEN ... OK
2014/12/02 15:50:20:
2014/12/02 15:50:20: ProductS/N:  VRW06A114Z00060V
2014/12/02 15:50:20: TID: 8604402CCAE52080
2014/12/02 15:50:20: F/W Version: 00.00.08
2014/12/02 15:50:20:
2014/12/02 15:50:20: MasterKey Key Entry ... OK
2014/12/02 15:50:20: PowerON Counter Key Entry ... OK
2014/12/02 15:50:20: Key Entry ... OK
2014/12/02 15:50:20: Complete.
2014/12/02 15:50:20: COM PORT CLOSE ... OK
2014/12/02 15:50:20: 
2014/12/02 15:50:20: ==== Processing was completed ====
2014/12/02 15:50:20: 
*************************************************


*********** Start the Initialize Key Check **********
2014/12/02 15:53:24: Tool Ver: 2013.0605.01
2014/12/02 15:53:24: COM PORT OPEN ... OK
2014/12/02 15:53:24:
2014/12/02 15:53:24: ProductS/N:  VRW06A114Z00042
2014/12/02 15:53:24: TID: 86042937D2E52080
2014/12/02 15:53:24: F/W Version: 00.00.08
2014/12/02 15:53:24:
2014/12/02 15:53:24: MasterKey Key Entry ... OK
2014/12/02 15:53:24: PowerON Counter Key Entry ... OK
2014/12/02 15:53:25: Key Entry ... OK
2014/12/02 15:53:25: Complete.
2014/12/02 15:53:25: COM PORT CLOSE ... OK
2014/12/02 15:53:25: 
2014/12/02 15:53:25: ==== Processing was completed ====
2014/12/02 15:53:25: 
*************************************************


*********** Start the Initialize Key Check **********
2014/12/02 15:58:22: Tool Ver: 2013.0605.01
2014/12/02 15:58:22: COM PORT OPEN ... OK
2014/12/02 15:58:22:
2014/12/02 15:58:22: ProductS/N:  VRW06A114Z00052
2014/12/02 15:58:22: TID: 860405232AE62080
2014/12/02 15:58:22: F/W Version: 00.00.08
2014/12/02 15:58:22:
2014/12/02 15:58:22: MasterKey Key Entry ... OK
2014/12/02 15:58:22: PowerON Counter Key Entry ... OK
2014/12/02 15:58:23: Key Entry ... OK
2014/12/02 15:58:23: Complete.
2014/12/02 15:58:23: COM PORT CLOSE ... OK
2014/12/02 15:58:23: 
2014/12/02 15:58:23: ==== Processing was completed ====
2014/12/02 15:58:23: 
*************************************************


*********** Start the Initialize Key Check **********
2014/12/02 16:00:55: Tool Ver: 2013.0605.01
2014/12/02 16:00:55: COM PORT OPEN ... OK
2014/12/02 16:00:55:
2014/12/02 16:00:55: ProductS/N:  VRW06A114Z00082
2014/12/02 16:00:55: TID: 86040C26CAE52080
2014/12/02 16:00:55: F/W Version: 00.00.08
2014/12/02 16:00:55:
2014/12/02 16:00:55: MasterKey Key Entry ... OK
2014/12/02 16:00:55: PowerON Counter Key Entry ... OK
2014/12/02 16:00:56: Key Entry ... OK
2014/12/02 16:00:56: Complete.
2014/12/02 16:00:56: COM PORT CLOSE ... OK
2014/12/02 16:00:56: 
2014/12/02 16:00:56: ==== Processing was completed ====
2014/12/02 16:00:56: 
*************************************************


*********** Start the Initialize Key Check **********
2014/12/02 16:03:25: Tool Ver: 2013.0605.01
2014/12/02 16:03:25: COM PORT OPEN ... OK
2014/12/02 16:03:25:
2014/12/02 16:03:25: ProductS/N:  VRW06A114Z00050
2014/12/02 16:03:25: TID: 860424202AE62080
2014/12/02 16:03:25: F/W Version: 00.00.08
2014/12/02 16:03:25:
2014/12/02 16:03:25: MasterKey Key Entry ... OK
2014/12/02 16:03:25: PowerON Counter Key Entry ... OK
2014/12/02 16:03:26: Key Entry ... OK
2014/12/02 16:03:26: Complete.
2014/12/02 16:03:26: COM PORT CLOSE ... OK
2014/12/02 16:03:26: 
2014/12/02 16:03:26: ==== Processing was completed ====
2014/12/02 16:03:26: 
*************************************************


*********** Start the Initialize Key Check **********
2014/12/02 16:07:43: Tool Ver: 2013.0605.01
2014/12/02 16:07:43: COM PORT OPEN ... OK
2014/12/02 16:07:43:
2014/12/02 16:07:43: ProductS/N:  VRW06A114Z00076
2014/12/02 16:07:43: TID: 86043734CAE52080
2014/12/02 16:07:43: F/W Version: 00.00.08
2014/12/02 16:07:43:
2014/12/02 16:07:43: MasterKey Key Entry ... OK
2014/12/02 16:07:43: PowerON Counter Key Entry ... OK
2014/12/02 16:07:44: Key Entry ... OK
2014/12/02 16:07:44: Complete.
2014/12/02 16:07:44: COM PORT CLOSE ... OK
2014/12/02 16:07:44: 
2014/12/02 16:07:44: ==== Processing was completed ====
2014/12/02 16:07:44: 
*************************************************


*********** Start the Initialize Key Check **********
2014/12/02 16:10:32: Tool Ver: 2013.0605.01
2014/12/02 16:10:32: COM PORT OPEN ... OK
2014/12/02 16:10:32:
2014/12/02 16:10:32: ProductS/N:  VRW06A114Z00073
2014/12/02 16:10:32: TID: 86043914D2E52080
2014/12/02 16:10:32: F/W Version: 00.00.08
2014/12/02 16:10:32:
2014/12/02 16:10:32: MasterKey Key Entry ... OK
2014/12/02 16:10:32: PowerON Counter Key Entry ... OK
2014/12/02 16:10:32: Key Entry ... OK
2014/12/02 16:10:32: Complete.
2014/12/02 16:10:32: COM PORT CLOSE ... OK
2014/12/02 16:10:32: 
2014/12/02 16:10:32: ==== Processing was completed ====
2014/12/02 16:10:32: 
*************************************************


*********** Start the Initialize Key Check **********
2014/12/02 16:16:36: Tool Ver: 2013.0605.01
2014/12/02 16:16:36: COM PORT OPEN ... OK
2014/12/02 16:16:36:
2014/12/02 16:16:36: ProductS/N:  VRW06A114Z00068
2014/12/02 16:16:37: TID: 86043A19D2E52080
2014/12/02 16:16:37: F/W Version: 00.00.08
2014/12/02 16:16:37:
2014/12/02 16:16:37: MasterKey Key Entry ... OK
2014/12/02 16:16:37: PowerON Counter Key Entry ... OK
2014/12/02 16:16:37: Key Entry ... OK
2014/12/02 16:16:37: Complete.
2014/12/02 16:16:37: COM PORT CLOSE ... OK
2014/12/02 16:16:37: 
2014/12/02 16:16:37: ==== Processing was completed ====
2014/12/02 16:16:37: 
*************************************************


*********** Start the Initialize Key Check **********
2014/12/02 16:19:17: Tool Ver: 2013.0605.01
2014/12/02 16:19:17: COM PORT OPEN ... OK
2014/12/02 16:19:17:
2014/12/02 16:19:17: ProductS/N:  VRW06A114Z00079
2014/12/02 16:19:17: TID: 86041526CAE52080
2014/12/02 16:19:17: F/W Version: 00.00.08
2014/12/02 16:19:17:
2014/12/02 16:19:17: MasterKey Key Entry ... OK
2014/12/02 16:19:17: PowerON Counter Key Entry ... OK
2014/12/02 16:19:18: Key Entry ... OK
2014/12/02 16:19:18: Complete.
2014/12/02 16:19:18: COM PORT CLOSE ... OK
2014/12/02 16:19:18: 
2014/12/02 16:19:18: ==== Processing was completed ====
2014/12/02 16:19:18: 
*************************************************


*********** Start the Initialize Key Check **********
2014/12/02 16:25:00: Tool Ver: 2013.0605.01
2014/12/02 16:25:00: COM PORT OPEN ... OK
2014/12/02 16:25:00:
2014/12/02 16:25:00: ProductS/N:  VRW06A114Z00086
2014/12/02 16:25:00: TID: 8604242E3AE62080
2014/12/02 16:25:00: F/W Version: 00.00.08
2014/12/02 16:25:00:
2014/12/02 16:25:00: MasterKey Key Entry ... OK
2014/12/02 16:25:00: PowerON Counter Key Entry ... OK
2014/12/02 16:25:01: Key Entry ... OK
2014/12/02 16:25:01: Complete.
2014/12/02 16:25:01: COM PORT CLOSE ... OK
2014/12/02 16:25:01: 
2014/12/02 16:25:01: ==== Processing was completed ====
2014/12/02 16:25:01: 
*************************************************


*********** Start the Initialize Key Check **********
2014/12/02 16:27:08: Tool Ver: 2013.0605.01
2014/12/02 16:27:08: COM PORT OPEN ... OK
2014/12/02 16:27:08:
2014/12/02 16:27:08: ProductS/N:  VRW06A114Z00067
2014/12/02 16:27:08: TID: 86040D16D2E52080
2014/12/02 16:27:08: F/W Version: 00.00.08
2014/12/02 16:27:08:
2014/12/02 16:27:08: MasterKey Key Entry ... OK
2014/12/02 16:27:08: PowerON Counter Key Entry ... OK
2014/12/02 16:27:08: Key Entry ... OK
2014/12/02 16:27:08: Complete.
2014/12/02 16:27:08: COM PORT CLOSE ... OK
2014/12/02 16:27:08: 
2014/12/02 16:27:08: ==== Processing was completed ====
2014/12/02 16:27:08: 
*************************************************


*********** Start the Initialize Key Check **********
2014/12/02 16:29:32: Tool Ver: 2013.0605.01
2014/12/02 16:29:32: COM PORT OPEN ... OK
2014/12/02 16:29:33:
2014/12/02 16:29:33: ProductS/N:  VRW06A114Z00081
2014/12/02 16:29:33: TID: 86043B14D2E52080
2014/12/02 16:29:33: F/W Version: 00.00.08
2014/12/02 16:29:33:
2014/12/02 16:29:33: MasterKey Key Entry ... OK
2014/12/02 16:29:33: PowerON Counter Key Entry ... OK
2014/12/02 16:29:33: Key Entry ... OK
2014/12/02 16:29:33: Complete.
2014/12/02 16:29:33: COM PORT CLOSE ... OK
2014/12/02 16:29:33: 
2014/12/02 16:29:33: ==== Processing was completed ====
2014/12/02 16:29:33: 
*************************************************


*********** Start the Initialize Key Check **********
2014/12/02 16:33:26: Tool Ver: 2013.0605.01
2014/12/02 16:33:26: COM PORT OPEN ... OK
2014/12/02 16:33:26:
2014/12/02 16:33:26: ProductS/N:  VRW06A114Z00085
2014/12/02 16:33:26: TID: 860419293AE62080
2014/12/02 16:33:26: F/W Version: 00.00.08
2014/12/02 16:33:26:
2014/12/02 16:33:26: MasterKey Key Entry ... OK
2014/12/02 16:33:26: PowerON Counter Key Entry ... OK
2014/12/02 16:33:27: Key Entry ... OK
2014/12/02 16:33:27: Complete.
2014/12/02 16:33:27: COM PORT CLOSE ... OK
2014/12/02 16:33:27: 
2014/12/02 16:33:27: ==== Processing was completed ====
2014/12/02 16:33:27: 
*************************************************


*********** Start the Initialize Key Check **********
2014/12/02 16:38:17: Tool Ver: 2013.0605.01
2014/12/02 16:38:17: COM PORT OPEN ... OK
2014/12/02 16:38:17:
2014/12/02 16:38:17: ProductS/N:  VRW06A114Z00071
2014/12/02 16:38:17: TID: 86042E31CAE52080
2014/12/02 16:38:17: F/W Version: 00.00.08
2014/12/02 16:38:17:
2014/12/02 16:38:17: MasterKey Key Entry ... OK
2014/12/02 16:38:17: PowerON Counter Key Entry ... OK
2014/12/02 16:38:18: Key Entry ... OK
2014/12/02 16:38:18: Complete.
2014/12/02 16:38:18: COM PORT CLOSE ... OK
2014/12/02 16:38:18: 
2014/12/02 16:38:18: ==== Processing was completed ====
2014/12/02 16:38:18: 
*************************************************


*********** Start the Initialize Key Check **********
2014/12/02 16:50:12: Tool Ver: 2013.0605.01
2014/12/02 16:50:12: COM PORT OPEN ... OK
2014/12/02 16:50:12:
2014/12/02 16:50:12: ProductS/N:  VRW06A114Z00078
2014/12/02 16:50:12: TID: 86040916D2E52080
2014/12/02 16:50:12: F/W Version: 00.00.08
2014/12/02 16:50:12:
2014/12/02 16:50:12: MasterKey Key Entry ... OK
2014/12/02 16:50:12: PowerON Counter Key Entry ... OK
2014/12/02 16:50:13: Key Entry ... OK
2014/12/02 16:50:13: Complete.
2014/12/02 16:50:13: COM PORT CLOSE ... OK
2014/12/02 16:50:13: 
2014/12/02 16:50:13: ==== Processing was completed ====
2014/12/02 16:50:13: 
*************************************************


*********** Start the Initialize Key Check **********
2014/12/02 16:52:55: Tool Ver: 2013.0605.01
2014/12/02 16:52:55: COM PORT OPEN ... ERROR(01)
2014/12/02 16:52:55: 
2014/12/02 16:52:55: ######## Error has occurred ########
2014/12/02 16:52:55: 
*************************************************


*********** Start the Initialize Key Check **********
2014/12/02 16:53:29: Tool Ver: 2013.0605.01
2014/12/02 16:53:29: COM PORT OPEN ... ERROR(01)
2014/12/02 16:53:29: 
2014/12/02 16:53:29: ######## Error has occurred ########
2014/12/02 16:53:29: 
*************************************************


*********** Start the Initialize Key Check **********
2014/12/02 16:55:12: Tool Ver: 2013.0605.01
2014/12/02 16:55:12: COM PORT OPEN ... OK
2014/12/02 16:55:12:
2014/12/02 16:55:12: ProductS/N:  VRW06A114Z00083
2014/12/02 16:55:12: TID: 86042129CAE52080
2014/12/02 16:55:12: F/W Version: 00.00.08
2014/12/02 16:55:12:
2014/12/02 16:55:12: MasterKey Key Entry ... OK
2014/12/02 16:55:12: PowerON Counter Key Entry ... OK
2014/12/02 16:55:13: Key Entry ... OK
2014/12/02 16:55:13: Complete.
2014/12/02 16:55:13: COM PORT CLOSE ... OK
2014/12/02 16:55:13: 
2014/12/02 16:55:13: ==== Processing was completed ====
2014/12/02 16:55:13: 
*************************************************


*********** Start the Initialize Key Check **********
2014/12/02 17:29:53: Tool Ver: 2013.0605.01
2014/12/02 17:29:53: COM PORT OPEN ... OK
2014/12/02 17:29:53:
2014/12/02 17:29:53: ProductS/N:  VRW06A114Z00013
2014/12/02 17:29:53: TID: 8604241D2AE62080
2014/12/02 17:29:53: F/W Version: 00.00.08
2014/12/02 17:29:53:
2014/12/02 17:29:53: MasterKey Key Entry ... OK
2014/12/02 17:29:53: PowerON Counter Key Entry ... OK
2014/12/02 17:29:53: Key Entry ... OK
2014/12/02 17:29:53: Complete.
2014/12/02 17:29:53: COM PORT CLOSE ... OK
2014/12/02 17:29:53: 
2014/12/02 17:29:53: ==== Processing was completed ====
2014/12/02 17:29:53: 
*************************************************


*********** Start the Initialize Key Check **********
2014/12/02 17:30:08: Tool Ver: 2013.0605.01
2014/12/02 17:30:08: COM PORT OPEN ... OK
2014/12/02 17:30:09:
2014/12/02 17:30:09: ProductS/N:  VRW06A114Z00013
2014/12/02 17:30:09: TID: 8604241D2AE62080
2014/12/02 17:30:09: F/W Version: 00.00.08
2014/12/02 17:30:09:
2014/12/02 17:30:09: MasterKey Key Entry ... OK
2014/12/02 17:30:09: PowerON Counter Key Entry ... OK
2014/12/02 17:30:09: Key Entry ... OK
2014/12/02 17:30:09: Complete.
2014/12/02 17:30:09: COM PORT CLOSE ... OK
2014/12/02 17:30:09: 
2014/12/02 17:30:09: ==== Processing was completed ====
2014/12/02 17:30:09: 
*************************************************


*********** Start the Initialize Key Check **********
2014/12/02 17:30:23: Tool Ver: 2013.0605.01
2014/12/02 17:30:23: COM PORT OPEN ... OK
2014/12/02 17:30:23:
2014/12/02 17:30:23: ProductS/N:  VRW06A114Z00013
2014/12/02 17:30:23: TID: 8604241D2AE62080
2014/12/02 17:30:23: F/W Version: 00.00.08
2014/12/02 17:30:23:
2014/12/02 17:30:23: MasterKey Key Entry ... OK
2014/12/02 17:30:23: PowerON Counter Key Entry ... OK
2014/12/02 17:30:24: Key Entry ... OK
2014/12/02 17:30:24: Complete.
2014/12/02 17:30:24: COM PORT CLOSE ... OK
2014/12/02 17:30:24: 
2014/12/02 17:30:24: ==== Processing was completed ====
2014/12/02 17:30:24: 
*************************************************


*********** Start the Initialize Key Check **********
2014/12/02 17:41:55: Tool Ver: 2013.0605.01
2014/12/02 17:41:55: COM PORT OPEN ... OK
2014/12/02 17:41:55:
2014/12/02 17:41:55: ProductS/N:  VRW06A114Z00080
2014/12/02 17:41:55: TID: 86043B19D2E52080
2014/12/02 17:41:55: F/W Version: 00.00.08
2014/12/02 17:41:55:
2014/12/02 17:41:55: MasterKey Key Entry ... OK
2014/12/02 17:41:55: PowerON Counter Key Entry ... OK
2014/12/02 17:41:56: Key Entry ... OK
2014/12/02 17:41:56: Complete.
2014/12/02 17:41:56: COM PORT CLOSE ... OK
2014/12/02 17:41:56: 
2014/12/02 17:41:56: ==== Processing was completed ====
2014/12/02 17:41:56: 
*************************************************


*********** Start the Initialize Key Check **********
2014/12/02 17:44:24: Tool Ver: 2013.0605.01
2014/12/02 17:44:24: COM PORT OPEN ... OK
2014/12/02 17:44:24:
2014/12/02 17:44:24: ProductS/N:  VRW06A114Z00090
2014/12/02 17:44:25: TID: 86040D2E3AE62080
2014/12/02 17:44:25: F/W Version: 00.00.08
2014/12/02 17:44:25:
2014/12/02 17:44:25: MasterKey Key Entry ... OK
2014/12/02 17:44:25: PowerON Counter Key Entry ... OK
2014/12/02 17:44:25: Key Entry ... OK
2014/12/02 17:44:25: Complete.
2014/12/02 17:44:25: COM PORT CLOSE ... OK
2014/12/02 17:44:25: 
2014/12/02 17:44:25: ==== Processing was completed ====
2014/12/02 17:44:25: 
*************************************************


*********** Start the Initialize Key Check **********
2014/12/02 17:47:57: Tool Ver: 2013.0605.01
2014/12/02 17:47:57: COM PORT OPEN ... OK
2014/12/02 17:47:57:
2014/12/02 17:47:57: ProductS/N:  VRW06A114Z00087
2014/12/02 17:47:57: TID: 86043C2622E62080
2014/12/02 17:47:57: F/W Version: 00.00.08
2014/12/02 17:47:57:
2014/12/02 17:47:57: MasterKey Key Entry ... OK
2014/12/02 17:47:57: PowerON Counter Key Entry ... OK
2014/12/02 17:47:58: Key Entry ... OK
2014/12/02 17:47:58: Complete.
2014/12/02 17:47:58: COM PORT CLOSE ... OK
2014/12/02 17:47:58: 
2014/12/02 17:47:58: ==== Processing was completed ====
2014/12/02 17:47:58: 
*************************************************


*********** Start the Initialize Key Check **********
2014/12/02 17:51:09: Tool Ver: 2013.0605.01
2014/12/02 17:51:09: COM PORT OPEN ... OK
2014/12/02 17:51:09:
2014/12/02 17:51:09: ProductS/N:  VRW06A114Z00089
2014/12/02 17:51:09: TID: 8604142B3AE62080
2014/12/02 17:51:09: F/W Version: 00.00.08
2014/12/02 17:51:09:
2014/12/02 17:51:09: MasterKey Key Entry ... OK
2014/12/02 17:51:09: PowerON Counter Key Entry ... OK
2014/12/02 17:51:10: Key Entry ... OK
2014/12/02 17:51:10: Complete.
2014/12/02 17:51:10: COM PORT CLOSE ... OK
2014/12/02 17:51:10: 
2014/12/02 17:51:10: ==== Processing was completed ====
2014/12/02 17:51:10: 
*************************************************


*********** Start the Initialize Key Check **********
2014/12/02 17:54:30: Tool Ver: 2013.0605.01
2014/12/02 17:54:30: COM PORT OPEN ... OK
2014/12/02 17:54:30:
2014/12/02 17:54:30: ProductS/N:  VRW06A114Z00088
2014/12/02 17:54:30: TID: 8604372522E62080
2014/12/02 17:54:30: F/W Version: 00.00.08
2014/12/02 17:54:30:
2014/12/02 17:54:30: MasterKey Key Entry ... OK
2014/12/02 17:54:30: PowerON Counter Key Entry ... OK
2014/12/02 17:54:30: Key Entry ... OK
2014/12/02 17:54:30: Complete.
2014/12/02 17:54:30: COM PORT CLOSE ... OK
2014/12/02 17:54:30: 
2014/12/02 17:54:30: ==== Processing was completed ====
2014/12/02 17:54:30: 
*************************************************


*********** Start the Initialize Key Check **********
2014/12/02 17:57:10: Tool Ver: 2013.0605.01
2014/12/02 17:57:10: COM PORT OPEN ... OK
2014/12/02 17:57:10:
2014/12/02 17:57:10: ProductS/N:  VRW06A114Z00091
2014/12/02 17:57:10: TID: 8604392B3AE62080
2014/12/02 17:57:10: F/W Version: 00.00.08
2014/12/02 17:57:10:
2014/12/02 17:57:10: MasterKey Key Entry ... OK
2014/12/02 17:57:10: PowerON Counter Key Entry ... OK
2014/12/02 17:57:11: Key Entry ... OK
2014/12/02 17:57:11: Complete.
2014/12/02 17:57:11: COM PORT CLOSE ... OK
2014/12/02 17:57:11: 
2014/12/02 17:57:11: ==== Processing was completed ====
2014/12/02 17:57:11: 
*************************************************


*********** Start the Initialize Key Check **********
2014/12/02 17:57:34: Tool Ver: 2013.0605.01
2014/12/02 17:57:34: COM PORT OPEN ... OK
2014/12/02 17:57:34:
2014/12/02 17:57:34: ProductS/N:  VRW06A114Z00091
2014/12/02 17:57:34: TID: 8604392B3AE62080
2014/12/02 17:57:34: F/W Version: 00.00.08
2014/12/02 17:57:34:
2014/12/02 17:57:34: MasterKey Key Entry ... OK
2014/12/02 17:57:34: PowerON Counter Key Entry ... OK
2014/12/02 17:57:34: Key Entry ... OK
2014/12/02 17:57:34: Complete.
2014/12/02 17:57:34: COM PORT CLOSE ... OK
2014/12/02 17:57:34: 
2014/12/02 17:57:34: ==== Processing was completed ====
2014/12/02 17:57:34: 
*************************************************


*********** Start the Initialize Key Check **********
2014/12/02 17:57:45: Tool Ver: 2013.0605.01
2014/12/02 17:57:45: COM PORT OPEN ... OK
2014/12/02 17:57:45:
2014/12/02 17:57:45: ProductS/N:  VRW06A114Z00091
2014/12/02 17:57:45: TID: 8604392B3AE62080
2014/12/02 17:57:45: F/W Version: 00.00.08
2014/12/02 17:57:45:
2014/12/02 17:57:45: MasterKey Key Entry ... OK
2014/12/02 17:57:45: PowerON Counter Key Entry ... OK
2014/12/02 17:57:46: Key Entry ... OK
2014/12/02 17:57:46: Complete.
2014/12/02 17:57:46: COM PORT CLOSE ... OK
2014/12/02 17:57:46: 
2014/12/02 17:57:46: ==== Processing was completed ====
2014/12/02 17:57:46: 
*************************************************


*********** Start the Initialize Key Check **********
2014/12/02 17:59:55: Tool Ver: 2013.0605.01
2014/12/02 17:59:55: COM PORT OPEN ... OK
2014/12/02 17:59:55:
2014/12/02 17:59:55: ProductS/N:  VRW06A114Z00057
2014/12/02 17:59:55: TID: 860439263AE62080
2014/12/02 17:59:55: F/W Version: 00.00.08
2014/12/02 17:59:55:
2014/12/02 17:59:55: MasterKey Key Entry ... OK
2014/12/02 17:59:55: PowerON Counter Key Entry ... OK
2014/12/02 17:59:56: Key Entry ... OK
2014/12/02 17:59:56: Complete.
2014/12/02 17:59:56: COM PORT CLOSE ... OK
2014/12/02 17:59:56: 
2014/12/02 17:59:56: ==== Processing was completed ====
2014/12/02 17:59:56: 
*************************************************


*********** Start the Initialize Key Check **********
2014/12/02 18:03:13: Tool Ver: 2013.0605.01
2014/12/02 18:03:13: COM PORT OPEN ... ERROR(01)
2014/12/02 18:03:13: 
2014/12/02 18:03:13: ######## Error has occurred ########
2014/12/02 18:03:13: 
*************************************************


*********** Start the Initialize Key Check **********
2014/12/02 18:05:18: Tool Ver: 2013.0605.01
2014/12/02 18:05:18: COM PORT OPEN ... OK
2014/12/02 18:05:48: AUTH1 POS ... ERROR(FE00)
2014/12/02 18:05:48:
2014/12/02 18:05:48: ProductS/N:  VRW06A114Z00084
*********** Start the Initialize Key Check **********
2014/12/02 18:06:26: Tool Ver: 2013.0605.01
2014/12/02 18:06:26: COM PORT OPEN ... OK
2014/12/02 18:06:26:
2014/12/02 18:06:26: ProductS/N:  VRW06A114Z00084
2014/12/02 18:06:26: TID: 8604412B3AE62080
2014/12/02 18:06:26: F/W Version: 00.00.08
2014/12/02 18:06:26:
2014/12/02 18:06:26: MasterKey Key Entry ... OK
2014/12/02 18:06:26: PowerON Counter Key Entry ... OK
2014/12/02 18:06:27: Key Entry ... OK
2014/12/02 18:06:27: Complete.
2014/12/02 18:06:27: COM PORT CLOSE ... OK
2014/12/02 18:06:27: 
2014/12/02 18:06:27: ==== Processing was completed ====
2014/12/02 18:06:27: 
*************************************************


*********** Start the Initialize Key Check **********
2014/12/02 18:06:40: Tool Ver: 2013.0605.01
2014/12/02 18:06:40: COM PORT OPEN ... OK
2014/12/02 18:06:40:
2014/12/02 18:06:40: ProductS/N:  VRW06A114Z00084
2014/12/02 18:06:40: TID: 8604412B3AE62080
2014/12/02 18:06:40: F/W Version: 00.00.08
2014/12/02 18:06:40:
2014/12/02 18:06:41: MasterKey Key Entry ... OK
2014/12/02 18:06:41: PowerON Counter Key Entry ... OK
2014/12/02 18:06:41: Key Entry ... OK
2014/12/02 18:06:41: Complete.
2014/12/02 18:06:41: COM PORT CLOSE ... OK
2014/12/02 18:06:41: 
2014/12/02 18:06:41: ==== Processing was completed ====
2014/12/02 18:06:41: 
*************************************************


*********** Start the Initialize Key Check **********
2014/12/02 18:06:55: Tool Ver: 2013.0605.01
2014/12/02 18:06:55: COM PORT OPEN ... OK
2014/12/02 18:06:55:
2014/12/02 18:06:55: ProductS/N:  VRW06A114Z00084
2014/12/02 18:06:55: TID: 8604412B3AE62080
2014/12/02 18:06:55: F/W Version: 00.00.08
2014/12/02 18:06:55:
2014/12/02 18:06:55: MasterKey Key Entry ... OK
2014/12/02 18:06:55: PowerON Counter Key Entry ... OK
2014/12/02 18:06:56: Key Entry ... OK
2014/12/02 18:06:56: Complete.
2014/12/02 18:06:56: COM PORT CLOSE ... OK
2014/12/02 18:06:56: 
2014/12/02 18:06:56: ==== Processing was completed ====
2014/12/02 18:06:56: 
*************************************************


*********** Start the Initialize Key Check **********
2014/12/02 18:10:06: Tool Ver: 2013.0605.01
2014/12/02 18:10:06: COM PORT OPEN ... OK
2014/12/02 18:10:06:
2014/12/02 18:10:06: ProductS/N:  VRW06A114Z00075
2014/12/02 18:10:06: TID: 8604382BCAE52080
2014/12/02 18:10:06: F/W Version: 00.00.08
2014/12/02 18:10:06:
2014/12/02 18:10:06: MasterKey Key Entry ... OK
2014/12/02 18:10:06: PowerON Counter Key Entry ... OK
2014/12/02 18:10:07: Key Entry ... OK
2014/12/02 18:10:07: Complete.
2014/12/02 18:10:07: COM PORT CLOSE ... OK
2014/12/02 18:10:07: 
2014/12/02 18:10:07: ==== Processing was completed ====
2014/12/02 18:10:07: 
*************************************************


*********** Start the Initialize Key Check **********
2014/12/02 18:12:46: Tool Ver: 2013.0605.01
2014/12/02 18:12:46: COM PORT OPEN ... OK
2014/12/02 18:12:46:
2014/12/02 18:12:46: ProductS/N:  VRW06A114Z00005
2014/12/02 18:12:46: TID: 8604051C2AE62080
2014/12/02 18:12:46: F/W Version: 00.00.08
2014/12/02 18:12:46:
2014/12/02 18:12:46: MasterKey Key Entry ... OK
2014/12/02 18:12:46: PowerON Counter Key Entry ... OK
2014/12/02 18:12:47: Key Entry ... OK
2014/12/02 18:12:47: Complete.
2014/12/02 18:12:47: COM PORT CLOSE ... OK
2014/12/02 18:12:47: 
2014/12/02 18:12:47: ==== Processing was completed ====
2014/12/02 18:12:47: 
*************************************************


*********** Start the Initialize Key Check **********
2014/12/02 18:16:33: Tool Ver: 2013.0605.01
2014/12/02 18:16:33: COM PORT OPEN ... OK
2014/12/02 18:16:33:
2014/12/02 18:16:33: ProductS/N:  VRW06A114Z00098
2014/12/02 18:16:33: TID: 86042613D2E52080
2014/12/02 18:16:33: F/W Version: 00.00.08
2014/12/02 18:16:33:
2014/12/02 18:16:33: MasterKey Key Entry ... OK
2014/12/02 18:16:33: PowerON Counter Key Entry ... OK
2014/12/02 18:16:34: Key Entry ... OK
2014/12/02 18:16:34: Complete.
2014/12/02 18:16:34: COM PORT CLOSE ... OK
2014/12/02 18:16:34: 
2014/12/02 18:16:34: ==== Processing was completed ====
2014/12/02 18:16:34: 
*************************************************


*********** Start the Initialize Key Check **********
2014/12/02 18:24:58: Tool Ver: 2013.0605.01
2014/12/02 18:24:58: COM PORT OPEN ... OK
2014/12/02 18:24:58:
2014/12/02 18:24:58: ProductS/N:  VRW06A114Z00069
2014/12/02 18:24:58: TID: 8604272CCAE52080
2014/12/02 18:24:58: F/W Version: 00.00.08
2014/12/02 18:24:58:
2014/12/02 18:24:58: MasterKey Key Entry ... OK
2014/12/02 18:24:58: PowerON Counter Key Entry ... OK
2014/12/02 18:24:59: Key Entry ... OK
2014/12/02 18:24:59: Complete.
2014/12/02 18:24:59: COM PORT CLOSE ... OK
2014/12/02 18:24:59: 
2014/12/02 18:24:59: ==== Processing was completed ====
2014/12/02 18:24:59: 
*************************************************


*********** Start the Initialize Key Check **********
2014/12/02 18:33:54: Tool Ver: 2013.0605.01
2014/12/02 18:33:54: COM PORT OPEN ... OK
2014/12/02 18:33:54:
2014/12/02 18:33:54: ProductS/N:  VRW06A114Z00021
2014/12/02 18:33:54: TID: 86042631D2E52080
2014/12/02 18:33:54: F/W Version: 00.00.08
2014/12/02 18:33:54:
2014/12/02 18:33:54: MasterKey Key Entry ... OK
2014/12/02 18:33:54: PowerON Counter Key Entry ... OK
2014/12/02 18:33:55: Key Entry ... OK
2014/12/02 18:33:55: Complete.
2014/12/02 18:33:55: COM PORT CLOSE ... OK
2014/12/02 18:33:55: 
2014/12/02 18:33:55: ==== Processing was completed ====
2014/12/02 18:33:55: 
*************************************************


*********** Start the Initialize Key Check **********
2014/12/02 18:36:37: Tool Ver: 2013.0605.01
2014/12/02 18:36:37: COM PORT OPEN ... OK
2014/12/02 18:36:37:
2014/12/02 18:36:37: ProductS/N:  VRW06A114Z00093
2014/12/02 18:36:37: TID: 860428212AE62080
2014/12/02 18:36:37: F/W Version: 00.00.08
2014/12/02 18:36:37:
2014/12/02 18:36:37: MasterKey Key Entry ... OK
2014/12/02 18:36:37: PowerON Counter Key Entry ... OK
2014/12/02 18:36:38: Key Entry ... OK
2014/12/02 18:36:38: Complete.
2014/12/02 18:36:38: COM PORT CLOSE ... OK
2014/12/02 18:36:38: 
2014/12/02 18:36:38: ==== Processing was completed ====
2014/12/02 18:36:38: 
*************************************************


*********** Start the Initialize Key Check **********
2014/12/02 18:39:20: Tool Ver: 2013.0605.01
2014/12/02 18:39:20: COM PORT OPEN ... OK
2014/12/02 18:39:20:
2014/12/02 18:39:20: ProductS/N:  VRW06A114Z00072
2014/12/02 18:39:20: TID: 86041309D2E52080
2014/12/02 18:39:20: F/W Version: 00.00.08
2014/12/02 18:39:20:
2014/12/02 18:39:20: MasterKey Key Entry ... OK
2014/12/02 18:39:21: PowerON Counter Key Entry ... OK
2014/12/02 18:39:21: Key Entry ... OK
2014/12/02 18:39:21: Complete.
2014/12/02 18:39:21: COM PORT CLOSE ... OK
2014/12/02 18:39:21: 
2014/12/02 18:39:21: ==== Processing was completed ====
2014/12/02 18:39:21: 
*************************************************


*********** Start the Initialize Key Check **********
2014/12/02 18:52:03: Tool Ver: 2013.0605.01
2014/12/02 18:52:03: COM PORT OPEN ... OK
2014/12/02 18:52:03:
2014/12/02 18:52:03: ProductS/N:  VRW06A114Z00092
2014/12/02 18:52:03: TID: 860437123AE62080
2014/12/02 18:52:03: F/W Version: 00.00.08
2014/12/02 18:52:03:
2014/12/02 18:52:03: MasterKey Key Entry ... OK
2014/12/02 18:52:03: PowerON Counter Key Entry ... OK
2014/12/02 18:52:04: Key Entry ... OK
2014/12/02 18:52:04: Complete.
2014/12/02 18:52:04: COM PORT CLOSE ... OK
2014/12/02 18:52:04: 
2014/12/02 18:52:04: ==== Processing was completed ====
2014/12/02 18:52:04: 
*************************************************


*********** Start the Initialize Key Check **********
2014/12/02 18:54:23: Tool Ver: 2013.0605.01
2014/12/02 18:54:23: COM PORT OPEN ... OK
2014/12/02 18:54:23:
2014/12/02 18:54:23: ProductS/N:  VRW06A114Z00003
2014/12/02 18:54:23: TID: 8604230DD2E52080
2014/12/02 18:54:23: F/W Version: 00.00.08
2014/12/02 18:54:23:
2014/12/02 18:54:23: MasterKey Key Entry ... OK
2014/12/02 18:54:23: PowerON Counter Key Entry ... OK
2014/12/02 18:54:24: Key Entry ... OK
2014/12/02 18:54:24: Complete.
2014/12/02 18:54:24: COM PORT CLOSE ... OK
2014/12/02 18:54:24: 
2014/12/02 18:54:24: ==== Processing was completed ====
2014/12/02 18:54:24: 
*************************************************


*********** Start the Initialize Key Check **********
2014/12/02 19:04:48: Tool Ver: 2013.0605.01
2014/12/02 19:04:48: COM PORT OPEN ... OK
2014/12/02 19:04:49:
2014/12/02 19:04:49: ProductS/N:  VRW06A114Z00097
2014/12/02 19:04:49: TID: 86040D233AE62080
2014/12/02 19:04:49: F/W Version: 00.00.08
2014/12/02 19:04:49:
2014/12/02 19:04:49: MasterKey Key Entry ... OK
2014/12/02 19:04:49: PowerON Counter Key Entry ... OK
2014/12/02 19:04:49: Key Entry ... OK
2014/12/02 19:04:49: Complete.
2014/12/02 19:04:49: COM PORT CLOSE ... OK
2014/12/02 19:04:49: 
2014/12/02 19:04:49: ==== Processing was completed ====
2014/12/02 19:04:49: 
*************************************************


*********** Start the Initialize Key Check **********
2014/12/02 19:07:18: Tool Ver: 2013.0605.01
2014/12/02 19:07:18: COM PORT OPEN ... OK
2014/12/02 19:07:19:
2014/12/02 19:07:19: ProductS/N:  VRW06A114Z00100
2014/12/02 19:07:19: TID: 860442283AE62080
2014/12/02 19:07:19: F/W Version: 00.00.08
2014/12/02 19:07:19:
2014/12/02 19:07:19: MasterKey Key Entry ... OK
2014/12/02 19:07:19: PowerON Counter Key Entry ... OK
2014/12/02 19:07:19: Key Entry ... OK
2014/12/02 19:07:19: Complete.
2014/12/02 19:07:19: COM PORT CLOSE ... OK
2014/12/02 19:07:19: 
2014/12/02 19:07:19: ==== Processing was completed ====
2014/12/02 19:07:19: 
*************************************************


*********** Start the Initialize Key Check **********
2014/12/02 19:11:21: Tool Ver: 2013.0605.01
2014/12/02 19:11:21: COM PORT OPEN ... OK
2014/12/02 19:11:21:
2014/12/02 19:11:21: ProductS/N:  VRW06A114Z00101
2014/12/02 19:11:21: TID: 86041726CAE52080
2014/12/02 19:11:21: F/W Version: 00.00.08
2014/12/02 19:11:21:
2014/12/02 19:11:21: MasterKey Key Entry ... OK
2014/12/02 19:11:21: PowerON Counter Key Entry ... OK
2014/12/02 19:11:21: Key Entry ... OK
2014/12/02 19:11:21: Complete.
2014/12/02 19:11:21: COM PORT CLOSE ... OK
2014/12/02 19:11:21: 
2014/12/02 19:11:21: ==== Processing was completed ====
2014/12/02 19:11:21: 
*************************************************


*********** Start the Initialize Key Check **********
2014/12/02 19:14:16: Tool Ver: 2013.0605.01
2014/12/02 19:14:16: COM PORT OPEN ... OK
2014/12/02 19:14:16:
2014/12/02 19:14:16: ProductS/N:  VRW06A114Z00104
2014/12/02 19:14:16: TID: 8604032022E62080
2014/12/02 19:14:16: F/W Version: 00.00.08
2014/12/02 19:14:16:
2014/12/02 19:14:16: MasterKey Key Entry ... OK
2014/12/02 19:14:16: PowerON Counter Key Entry ... OK
2014/12/02 19:14:17: Key Entry ... OK
2014/12/02 19:14:17: Complete.
2014/12/02 19:14:17: COM PORT CLOSE ... OK
2014/12/02 19:14:17: 
2014/12/02 19:14:17: ==== Processing was completed ====
2014/12/02 19:14:17: 
*************************************************


*********** Start the Initialize Key Check **********
2014/12/02 19:16:36: Tool Ver: 2013.0605.01
2014/12/02 19:16:36: COM PORT OPEN ... OK
2014/12/02 19:16:36:
2014/12/02 19:16:36: ProductS/N:  VRW06A114Z00056
2014/12/02 19:16:36: TID: 86041A1C2AE62080
2014/12/02 19:16:36: F/W Version: 00.00.08
2014/12/02 19:16:36:
2014/12/02 19:16:36: MasterKey Key Entry ... OK
2014/12/02 19:16:36: PowerON Counter Key Entry ... OK
2014/12/02 19:16:36: Key Entry ... OK
2014/12/02 19:16:36: Complete.
2014/12/02 19:16:36: COM PORT CLOSE ... OK
2014/12/02 19:16:36: 
2014/12/02 19:16:36: ==== Processing was completed ====
2014/12/02 19:16:36: 
*************************************************


