*********** Start the Initialize Key Check **********
2014/11/14 08:17:06: Tool Ver: 2013.0605.01
2014/11/14 08:17:06: COM PORT OPEN ... OK
2014/11/14 08:17:06: AUTH1 POS ... ERROR(41)
2014/11/14 08:17:06:
2014/11/14 08:17:06: ProductS/N:  VRW06A114200257
2014/11/14 08:17:06: TID: 8604121E2AE62080
2014/11/14 08:17:06: F/W Version: 00.00.08
2014/11/14 08:17:06:
2014/11/14 08:17:06: MasterKey Key Entry... ERROR
2014/11/14 08:17:06: PowerON Counter Key Entry... ERROR
2014/11/14 08:17:07: COM PORT CLOSE ... OK
2014/11/14 08:17:07: 
2014/11/14 08:17:07: ######## Error has occurred ########
2014/11/14 08:17:07: 
*************************************************


*********** Start the Initialize Key Check **********
2014/11/14 08:17:57: Tool Ver: 2013.0605.01
2014/11/14 08:17:57: COM PORT OPEN ... OK
2014/11/14 08:17:57:
2014/11/14 08:17:57: ProductS/N:  VRW06A114200257
2014/11/14 08:17:57: TID: 8604303572842D80
2014/11/14 08:17:57: F/W Version: 00.00.08
2014/11/14 08:17:57:
2014/11/14 08:17:57: MasterKey Key Entry ... OK
2014/11/14 08:17:57: PowerON Counter Key Entry ... OK
2014/11/14 08:17:58: Key Entry ... OK
2014/11/14 08:17:58: Complete.
2014/11/14 08:17:58: COM PORT CLOSE ... OK
2014/11/14 08:17:58: 
2014/11/14 08:17:58: ==== Processing was completed ====
2014/11/14 08:17:58: 
*************************************************


*********** Start the Initialize Key Check **********
2014/11/14 08:18:36: Tool Ver: 2013.0605.01
2014/11/14 08:18:36: COM PORT OPEN ... OK
2014/11/14 08:18:36:
2014/11/14 08:18:36: ProductS/N:  VRW06A114401785
2014/11/14 08:18:36: TID: 8604082B2AE62080
2014/11/14 08:18:36: F/W Version: 00.00.08
2014/11/14 08:18:36:
2014/11/14 08:18:36: MasterKey Key Entry ... OK
2014/11/14 08:18:36: PowerON Counter Key Entry ... OK
2014/11/14 08:18:37: Key Entry ... OK
2014/11/14 08:18:37: Complete.
2014/11/14 08:18:37: COM PORT CLOSE ... OK
2014/11/14 08:18:37: 
2014/11/14 08:18:37: ==== Processing was completed ====
2014/11/14 08:18:37: 
*************************************************


*********** Start the Initialize Key Check **********
2014/11/14 08:19:17: Tool Ver: 2013.0605.01
2014/11/14 08:19:17: COM PORT OPEN ... OK
2014/11/14 08:19:18:
2014/11/14 08:19:18: ProductS/N:  VRW06A113801375
2014/11/14 08:19:18: TID: 860426126A9F2980
2014/11/14 08:19:18: F/W Version: 00.00.08
2014/11/14 08:19:18:
2014/11/14 08:19:18: MasterKey Key Entry ... OK
2014/11/14 08:19:18: PowerON Counter Key Entry ... OK
2014/11/14 08:19:18: [032] ... ERROR KeyNoCEK[20]
2014/11/14 08:19:18: [033] ... ERROR KeyNoCEK[20]
2014/11/14 08:19:18: [034] ... ERROR KeyNoCEK[20]
2014/11/14 08:19:18: [035] ... ERROR KeyNoCEK[20]
2014/11/14 08:19:18: [036] ... ERROR KeyNoCEK[20]
2014/11/14 08:19:18: [037] ... ERROR KeyNoCEK[20]
2014/11/14 08:19:18: [038] ... ERROR KeyNoCEK[20]
2014/11/14 08:19:18: [039] ... ERROR KeyNoCEK[20]
2014/11/14 08:19:18: [040] ... ERROR KeyNoCEK[20]
2014/11/14 08:19:18: [041] ... ERROR KeyNoCEK[20]
2014/11/14 08:19:18: [042] ... ERROR KeyNoCEK[20]
2014/11/14 08:19:18: [043] ... ERROR KeyNoCEK[20]
2014/11/14 08:19:18: [044] ... ERROR KeyNoCEK[20]
2014/11/14 08:19:18: [045] ... ERROR KeyNoCEK[20]
2014/11/14 08:19:18: [046] ... ERROR KeyNoCEK[20]
2014/11/14 08:19:18: [047] ... ERROR KeyNoCEK[20]
2014/11/14 08:19:18: [048] ... ERROR KeyNoCEK[30]
2014/11/14 08:19:18: [049] ... ERROR KeyNoCEK[30]
2014/11/14 08:19:18: [050] ... ERROR KeyNoCEK[30]
2014/11/14 08:19:18: [051] ... ERROR KeyNoCEK[30]
2014/11/14 08:19:18: [052] ... ERROR KeyNoCEK[30]
2014/11/14 08:19:18: [053] ... ERROR KeyNoCEK[30]
2014/11/14 08:19:18: [054] ... ERROR KeyNoCEK[30]
2014/11/14 08:19:18: [055] ... ERROR KeyNoCEK[30]
2014/11/14 08:19:18: [056] ... ERROR KeyNoCEK[30]
2014/11/14 08:19:18: [057] ... ERROR KeyNoCEK[30]
2014/11/14 08:19:18: [058] ... ERROR KeyNoCEK[30]
2014/11/14 08:19:18: [059] ... ERROR KeyNoCEK[30]
2014/11/14 08:19:18: [060] ... ERROR KeyNoCEK[30]
2014/11/14 08:19:18: [061] ... ERROR KeyNoCEK[30]
2014/11/14 08:19:18: [062] ... ERROR KeyNoCEK[30]
2014/11/14 08:19:18: [063] ... ERROR KeyNoCEK[30]
2014/11/14 08:19:18: [064] ... ERROR KeyNoCEK[40]
2014/11/14 08:19:18: [065] ... ERROR KeyNoCEK[40]
2014/11/14 08:19:18: [066] ... ERROR KeyNoCEK[40]
2014/11/14 08:19:18: [067] ... ERROR KeyNoCEK[40]
2014/11/14 08:19:18: [068] ... ERROR KeyNoCEK[40]
2014/11/14 08:19:18: [069] ... ERROR KeyNoCEK[40]
2014/11/14 08:19:18: [070] ... ERROR KeyNoCEK[40]
2014/11/14 08:19:18: [071] ... ERROR KeyNoCEK[40]
2014/11/14 08:19:18: [072] ... ERROR KeyNoCEK[40]
2014/11/14 08:19:18: [073] ... ERROR KeyNoCEK[40]
2014/11/14 08:19:18: [074] ... ERROR KeyNoCEK[40]
2014/11/14 08:19:18: [075] ... ERROR KeyNoCEK[40]
2014/11/14 08:19:18: [076] ... ERROR KeyNoCEK[40]
2014/11/14 08:19:18: [077] ... ERROR KeyNoCEK[40]
2014/11/14 08:19:18: [078] ... ERROR KeyNoCEK[40]
2014/11/14 08:19:18: [079] ... ERROR KeyNoCEK[40]
2014/11/14 08:19:18: [080] ... ERROR KeyNoCEK[50]
2014/11/14 08:19:18: [081] ... ERROR KeyNoCEK[50]
2014/11/14 08:19:18: [082] ... ERROR KeyNoCEK[50]
2014/11/14 08:19:18: [083] ... ERROR KeyNoCEK[50]
2014/11/14 08:19:18: [084] ... ERROR KeyNoCEK[50]
2014/11/14 08:19:18: [085] ... ERROR KeyNoCEK[50]
2014/11/14 08:19:18: [086] ... ERROR KeyNoCEK[50]
2014/11/14 08:19:18: [087] ... ERROR KeyNoCEK[50]
2014/11/14 08:19:18: [088] ... ERROR KeyNoCEK[58]
2014/11/14 08:19:18: [089] ... ERROR KeyNoCEK[58]
2014/11/14 08:19:18: [090] ... ERROR KeyNoCEK[58]
2014/11/14 08:19:18: [091] ... ERROR KeyNoCEK[58]
2014/11/14 08:19:18: [092] ... ERROR KeyNoCEK[58]
2014/11/14 08:19:18: [093] ... ERROR KeyNoCEK[58]
2014/11/14 08:19:18: [094] ... ERROR KeyNoCEK[58]
2014/11/14 08:19:18: [095] ... ERROR KeyNoCEK[58]
2014/11/14 08:19:18: [096] ... ERROR KeyNoCEK[60]
2014/11/14 08:19:18: [097] ... ERROR KeyNoCEK[60]
2014/11/14 08:19:18: [098] ... ERROR KeyNoCEK[60]
2014/11/14 08:19:18: [099] ... ERROR KeyNoCEK[60]
2014/11/14 08:19:18: [100] ... ERROR KeyNoCEK[60]
2014/11/14 08:19:18: [101] ... ERROR KeyNoCEK[60]
2014/11/14 08:19:18: [102] ... ERROR KeyNoCEK[60]
2014/11/14 08:19:18: [103] ... ERROR KeyNoCEK[60]
2014/11/14 08:19:18: [104] ... ERROR KeyNoCEK[68]
2014/11/14 08:19:18: [105] ... ERROR KeyNoCEK[68]
2014/11/14 08:19:18: [106] ... ERROR KeyNoCEK[68]
2014/11/14 08:19:18: [107] ... ERROR KeyNoCEK[68]
2014/11/14 08:19:18: [108] ... ERROR KeyNoCEK[68]
2014/11/14 08:19:18: [109] ... ERROR KeyNoCEK[68]
2014/11/14 08:19:18: [110] ... ERROR KeyNoCEK[68]
2014/11/14 08:19:18: [111] ... ERROR KeyNoCEK[68]
2014/11/14 08:19:18: [112] ... ERROR KeyNoCEK[70]
2014/11/14 08:19:18: [113] ... ERROR KeyNoCEK[70]
2014/11/14 08:19:18: [114] ... ERROR KeyNoCEK[70]
2014/11/14 08:19:18: [115] ... ERROR KeyNoCEK[70]
2014/11/14 08:19:18: [116] ... ERROR KeyNoCEK[70]
2014/11/14 08:19:18: [117] ... ERROR KeyNoCEK[70]
2014/11/14 08:19:18: [118] ... ERROR KeyNoCEK[70]
2014/11/14 08:19:18: [119] ... ERROR KeyNoCEK[70]
2014/11/14 08:19:18: [120] ... ERROR KeyNoCEK[78]
2014/11/14 08:19:18: [121] ... ERROR KeyNoCEK[78]
2014/11/14 08:19:18: [122] ... ERROR KeyNoCEK[78]
2014/11/14 08:19:18: [123] ... ERROR KeyNoCEK[78]
2014/11/14 08:19:18: [124] ... ERROR KeyNoCEK[78]
2014/11/14 08:19:18: [125] ... ERROR KeyNoCEK[78]
2014/11/14 08:19:18: [126] ... ERROR KeyNoCEK[78]
2014/11/14 08:19:18: [127] ... ERROR KeyNoCEK[78]
2014/11/14 08:19:18: COM PORT CLOSE ... OK
2014/11/14 08:19:18: 
2014/11/14 08:19:18: ######## Error has occurred ########
2014/11/14 08:19:18: 
*************************************************


*********** Start the Initialize Key Check **********
2014/11/14 08:21:34: Tool Ver: 2013.0605.01
2014/11/14 08:21:34: COM PORT OPEN ... OK
*********** Start the Initialize Key Check **********
2014/11/14 08:22:00: Tool Ver: 2013.0605.01
2014/11/14 08:22:00: COM PORT OPEN ... OK
2014/11/14 08:22:00:
2014/11/14 08:22:00: ProductS/N:  VRW06A113X00823
2014/11/14 08:22:00: TID: 86042D186A9F2980
2014/11/14 08:22:00: F/W Version: 00.00.08
2014/11/14 08:22:00:
2014/11/14 08:22:00: MasterKey Key Entry ... OK
2014/11/14 08:22:00: PowerON Counter Key Entry ... OK
2014/11/14 08:22:01: Key Entry ... OK
2014/11/14 08:22:01: Complete.
2014/11/14 08:22:01: COM PORT CLOSE ... OK
2014/11/14 08:22:01: 
2014/11/14 08:22:01: ==== Processing was completed ====
2014/11/14 08:22:01: 
*************************************************


*********** Start the Initialize Key Check **********
2014/11/14 08:33:08: Tool Ver: 2013.0605.01
2014/11/14 08:33:08: COM PORT OPEN ... OK
2014/11/14 08:33:08:
2014/11/14 08:33:08: ProductS/N:  VRW06A114200031
2014/11/14 08:33:08: TID: 8604262E72842D80
2014/11/14 08:33:08: F/W Version: 00.00.08
2014/11/14 08:33:08:
2014/11/14 08:33:08: MasterKey Key Entry ... OK
2014/11/14 08:33:08: PowerON Counter Key Entry ... OK
2014/11/14 08:33:08: Key Entry ... OK
2014/11/14 08:33:08: Complete.
2014/11/14 08:33:08: COM PORT CLOSE ... OK
2014/11/14 08:33:08: 
2014/11/14 08:33:08: ==== Processing was completed ====
2014/11/14 08:33:08: 
*************************************************


*********** Start the Initialize Key Check **********
2014/11/14 08:33:25: Tool Ver: 2013.0605.01
2014/11/14 08:33:25: COM PORT OPEN ... OK
2014/11/14 08:33:25:
2014/11/14 08:33:25: ProductS/N:  VRW06A114200031
2014/11/14 08:33:25: TID: 8604262E72842D80
2014/11/14 08:33:25: F/W Version: 00.00.08
2014/11/14 08:33:25:
2014/11/14 08:33:25: MasterKey Key Entry ... OK
2014/11/14 08:33:25: PowerON Counter Key Entry ... OK
2014/11/14 08:33:26: Key Entry ... OK
2014/11/14 08:33:26: Complete.
2014/11/14 08:33:26: COM PORT CLOSE ... OK
2014/11/14 08:33:26: 
2014/11/14 08:33:26: ==== Processing was completed ====
2014/11/14 08:33:26: 
*************************************************


*********** Start the Initialize Key Check **********
2014/11/14 08:33:48: Tool Ver: 2013.0605.01
2014/11/14 08:33:48: COM PORT OPEN ... OK
2014/11/14 08:33:49:
2014/11/14 08:33:49: ProductS/N:  VRW06A114200031
2014/11/14 08:33:49: TID: 860426126A9F2980
2014/11/14 08:33:49: F/W Version: 00.00.08
2014/11/14 08:33:49:
2014/11/14 08:33:49: MasterKey Key Entry ... OK
2014/11/14 08:33:49: PowerON Counter Key Entry ... OK
2014/11/14 08:33:49: [032] ... ERROR KeyNoCEK[20]
2014/11/14 08:33:49: [033] ... ERROR KeyNoCEK[20]
2014/11/14 08:33:49: [034] ... ERROR KeyNoCEK[20]
2014/11/14 08:33:49: [035] ... ERROR KeyNoCEK[20]
2014/11/14 08:33:49: [036] ... ERROR KeyNoCEK[20]
2014/11/14 08:33:49: [037] ... ERROR KeyNoCEK[20]
2014/11/14 08:33:49: [038] ... ERROR KeyNoCEK[20]
2014/11/14 08:33:49: [039] ... ERROR KeyNoCEK[20]
2014/11/14 08:33:49: [040] ... ERROR KeyNoCEK[20]
2014/11/14 08:33:49: [041] ... ERROR KeyNoCEK[20]
2014/11/14 08:33:49: [042] ... ERROR KeyNoCEK[20]
2014/11/14 08:33:49: [043] ... ERROR KeyNoCEK[20]
2014/11/14 08:33:49: [044] ... ERROR KeyNoCEK[20]
2014/11/14 08:33:49: [045] ... ERROR KeyNoCEK[20]
2014/11/14 08:33:49: [046] ... ERROR KeyNoCEK[20]
2014/11/14 08:33:49: [047] ... ERROR KeyNoCEK[20]
2014/11/14 08:33:49: [048] ... ERROR KeyNoCEK[30]
2014/11/14 08:33:49: [049] ... ERROR KeyNoCEK[30]
2014/11/14 08:33:49: [050] ... ERROR KeyNoCEK[30]
2014/11/14 08:33:49: [051] ... ERROR KeyNoCEK[30]
2014/11/14 08:33:49: [052] ... ERROR KeyNoCEK[30]
2014/11/14 08:33:49: [053] ... ERROR KeyNoCEK[30]
2014/11/14 08:33:49: [054] ... ERROR KeyNoCEK[30]
2014/11/14 08:33:49: [055] ... ERROR KeyNoCEK[30]
2014/11/14 08:33:49: [056] ... ERROR KeyNoCEK[30]
2014/11/14 08:33:49: [057] ... ERROR KeyNoCEK[30]
2014/11/14 08:33:49: [058] ... ERROR KeyNoCEK[30]
2014/11/14 08:33:49: [059] ... ERROR KeyNoCEK[30]
2014/11/14 08:33:49: [060] ... ERROR KeyNoCEK[30]
2014/11/14 08:33:49: [061] ... ERROR KeyNoCEK[30]
2014/11/14 08:33:49: [062] ... ERROR KeyNoCEK[30]
2014/11/14 08:33:49: [063] ... ERROR KeyNoCEK[30]
2014/11/14 08:33:49: [064] ... ERROR KeyNoCEK[40]
2014/11/14 08:33:49: [065] ... ERROR KeyNoCEK[40]
2014/11/14 08:33:49: [066] ... ERROR KeyNoCEK[40]
2014/11/14 08:33:49: [067] ... ERROR KeyNoCEK[40]
2014/11/14 08:33:49: [068] ... ERROR KeyNoCEK[40]
2014/11/14 08:33:49: [069] ... ERROR KeyNoCEK[40]
2014/11/14 08:33:49: [070] ... ERROR KeyNoCEK[40]
2014/11/14 08:33:49: [071] ... ERROR KeyNoCEK[40]
2014/11/14 08:33:49: [072] ... ERROR KeyNoCEK[40]
2014/11/14 08:33:49: [073] ... ERROR KeyNoCEK[40]
2014/11/14 08:33:49: [074] ... ERROR KeyNoCEK[40]
2014/11/14 08:33:49: [075] ... ERROR KeyNoCEK[40]
2014/11/14 08:33:49: [076] ... ERROR KeyNoCEK[40]
2014/11/14 08:33:49: [077] ... ERROR KeyNoCEK[40]
2014/11/14 08:33:49: [078] ... ERROR KeyNoCEK[40]
2014/11/14 08:33:49: [079] ... ERROR KeyNoCEK[40]
2014/11/14 08:33:49: [080] ... ERROR KeyNoCEK[50]
2014/11/14 08:33:49: [081] ... ERROR KeyNoCEK[50]
2014/11/14 08:33:49: [082] ... ERROR KeyNoCEK[50]
2014/11/14 08:33:49: [083] ... ERROR KeyNoCEK[50]
2014/11/14 08:33:49: [084] ... ERROR KeyNoCEK[50]
2014/11/14 08:33:49: [085] ... ERROR KeyNoCEK[50]
2014/11/14 08:33:49: [086] ... ERROR KeyNoCEK[50]
2014/11/14 08:33:49: [087] ... ERROR KeyNoCEK[50]
2014/11/14 08:33:49: [088] ... ERROR KeyNoCEK[58]
2014/11/14 08:33:49: [089] ... ERROR KeyNoCEK[58]
2014/11/14 08:33:49: [090] ... ERROR KeyNoCEK[58]
2014/11/14 08:33:49: [091] ... ERROR KeyNoCEK[58]
2014/11/14 08:33:49: [092] ... ERROR KeyNoCEK[58]
2014/11/14 08:33:49: [093] ... ERROR KeyNoCEK[58]
2014/11/14 08:33:49: [094] ... ERROR KeyNoCEK[58]
2014/11/14 08:33:49: [095] ... ERROR KeyNoCEK[58]
2014/11/14 08:33:49: [096] ... ERROR KeyNoCEK[60]
2014/11/14 08:33:49: [097] ... ERROR KeyNoCEK[60]
2014/11/14 08:33:49: [098] ... ERROR KeyNoCEK[60]
2014/11/14 08:33:49: [099] ... ERROR KeyNoCEK[60]
2014/11/14 08:33:49: [100] ... ERROR KeyNoCEK[60]
2014/11/14 08:33:49: [101] ... ERROR KeyNoCEK[60]
2014/11/14 08:33:49: [102] ... ERROR KeyNoCEK[60]
2014/11/14 08:33:49: [103] ... ERROR KeyNoCEK[60]
2014/11/14 08:33:49: [104] ... ERROR KeyNoCEK[68]
2014/11/14 08:33:49: [105] ... ERROR KeyNoCEK[68]
2014/11/14 08:33:49: [106] ... ERROR KeyNoCEK[68]
2014/11/14 08:33:49: [107] ... ERROR KeyNoCEK[68]
2014/11/14 08:33:49: [108] ... ERROR KeyNoCEK[68]
2014/11/14 08:33:49: [109] ... ERROR KeyNoCEK[68]
2014/11/14 08:33:49: [110] ... ERROR KeyNoCEK[68]
2014/11/14 08:33:49: [111] ... ERROR KeyNoCEK[68]
2014/11/14 08:33:49: [112] ... ERROR KeyNoCEK[70]
2014/11/14 08:33:49: [113] ... ERROR KeyNoCEK[70]
2014/11/14 08:33:49: [114] ... ERROR KeyNoCEK[70]
2014/11/14 08:33:49: [115] ... ERROR KeyNoCEK[70]
2014/11/14 08:33:49: [116] ... ERROR KeyNoCEK[70]
2014/11/14 08:33:49: [117] ... ERROR KeyNoCEK[70]
2014/11/14 08:33:49: [118] ... ERROR KeyNoCEK[70]
2014/11/14 08:33:49: [119] ... ERROR KeyNoCEK[70]
2014/11/14 08:33:49: [120] ... ERROR KeyNoCEK[78]
2014/11/14 08:33:49: [121] ... ERROR KeyNoCEK[78]
2014/11/14 08:33:49: [122] ... ERROR KeyNoCEK[78]
2014/11/14 08:33:49: [123] ... ERROR KeyNoCEK[78]
2014/11/14 08:33:49: [124] ... ERROR KeyNoCEK[78]
2014/11/14 08:33:49: [125] ... ERROR KeyNoCEK[78]
2014/11/14 08:33:49: [126] ... ERROR KeyNoCEK[78]
2014/11/14 08:33:49: [127] ... ERROR KeyNoCEK[78]
2014/11/14 08:33:49: COM PORT CLOSE ... OK
2014/11/14 08:33:49: 
2014/11/14 08:33:49: ######## Error has occurred ########
2014/11/14 08:33:49: 
*************************************************


*********** Start the Initialize Key Check **********
2014/11/14 08:36:01: Tool Ver: 2013.0605.01
2014/11/14 08:36:01: COM PORT OPEN ... OK
2014/11/14 08:36:01:
2014/11/14 08:36:01: ProductS/N:  VRW06A114302982
2014/11/14 08:36:01: TID: 860414193AE62080
2014/11/14 08:36:01: F/W Version: 00.00.08
2014/11/14 08:36:01:
2014/11/14 08:36:01: MasterKey Key Entry ... OK
2014/11/14 08:36:01: PowerON Counter Key Entry ... OK
2014/11/14 08:36:02: Key Entry ... OK
2014/11/14 08:36:02: Complete.
2014/11/14 08:36:02: COM PORT CLOSE ... OK
2014/11/14 08:36:02: 
2014/11/14 08:36:02: ==== Processing was completed ====
2014/11/14 08:36:02: 
*************************************************


*********** Start the Initialize Key Check **********
2014/11/14 08:41:45: Tool Ver: 2013.0605.01
2014/11/14 08:41:45: COM PORT OPEN ... OK
2014/11/14 08:41:45: AUTH1 POS ... ERROR(41)
2014/11/14 08:41:45:
2014/11/14 08:41:45: ProductS/N:  VRW06A114200285
2014/11/14 08:41:45: TID: 8604121E2AE62080
2014/11/14 08:41:45: F/W Version: 00.00.08
2014/11/14 08:41:45:
2014/11/14 08:41:45: MasterKey Key Entry... ERROR
2014/11/14 08:41:45: PowerON Counter Key Entry... ERROR
2014/11/14 08:41:46: COM PORT CLOSE ... OK
2014/11/14 08:41:46: 
2014/11/14 08:41:46: ######## Error has occurred ########
2014/11/14 08:41:46: 
*************************************************


*********** Start the Initialize Key Check **********
2014/11/14 08:42:21: Tool Ver: 2013.0605.01
2014/11/14 08:42:21: COM PORT OPEN ... OK
2014/11/14 08:42:21:
2014/11/14 08:42:21: ProductS/N:  VRW06A114200285
2014/11/14 08:42:21: TID: 8604123B72842D80
2014/11/14 08:42:21: F/W Version: 00.00.08
2014/11/14 08:42:21:
2014/11/14 08:42:21: MasterKey Key Entry ... OK
2014/11/14 08:42:21: PowerON Counter Key Entry ... OK
2014/11/14 08:42:22: Key Entry ... OK
2014/11/14 08:42:22: Complete.
2014/11/14 08:42:22: COM PORT CLOSE ... OK
2014/11/14 08:42:22: 
2014/11/14 08:42:22: ==== Processing was completed ====
2014/11/14 08:42:22: 
*************************************************


*********** Start the Initialize Key Check **********
2014/11/14 08:51:45: Tool Ver: 2013.0605.01
2014/11/14 08:51:45: COM PORT OPEN ... OK
2014/11/14 08:51:45: AUTH1 POS ... ERROR(41)
2014/11/14 08:51:45:
2014/11/14 08:51:45: ProductS/N:  VRW06A114200920
2014/11/14 08:51:45: TID: 8604121E2AE62080
2014/11/14 08:51:45: F/W Version: 00.00.08
2014/11/14 08:51:45:
2014/11/14 08:51:45: MasterKey Key Entry... ERROR
2014/11/14 08:51:45: PowerON Counter Key Entry... ERROR
2014/11/14 08:51:45: COM PORT CLOSE ... OK
2014/11/14 08:51:45: 
2014/11/14 08:51:45: ######## Error has occurred ########
2014/11/14 08:51:45: 
*************************************************


*********** Start the Initialize Key Check **********
2014/11/14 08:51:49: Tool Ver: 2013.0605.01
2014/11/14 08:51:49: COM PORT OPEN ... OK
2014/11/14 08:51:49:
2014/11/14 08:51:49: ProductS/N:  VRW06A114200920
2014/11/14 08:51:49: TID: 8604121E2AE62080
2014/11/14 08:51:49: F/W Version: 00.00.08
2014/11/14 08:51:49:
2014/11/14 08:51:49: MasterKey Key Entry ... OK
2014/11/14 08:51:49: PowerON Counter Key Entry... ERROR
2014/11/14 08:51:49: COM PORT CLOSE ... OK
2014/11/14 08:51:49: 
2014/11/14 08:51:49: ######## Error has occurred ########
2014/11/14 08:51:49: 
*************************************************


*********** Start the Initialize Key Check **********
2014/11/14 09:07:19: Tool Ver: 2013.0605.01
2014/11/14 09:07:19: COM PORT OPEN ... OK
2014/11/14 09:07:19:
2014/11/14 09:07:19: ProductS/N:  VRW06A113801293
2014/11/14 09:07:19: TID: 860422316A9F2980
2014/11/14 09:07:19: F/W Version: 00.00.08
2014/11/14 09:07:19:
2014/11/14 09:07:19: MasterKey Key Entry ... OK
2014/11/14 09:07:19: PowerON Counter Key Entry ... OK
2014/11/14 09:07:20: Key Entry ... OK
2014/11/14 09:07:20: Complete.
2014/11/14 09:07:20: COM PORT CLOSE ... OK
2014/11/14 09:07:20: 
2014/11/14 09:07:20: ==== Processing was completed ====
2014/11/14 09:07:20: 
*************************************************


*********** Start the Initialize Key Check **********
2014/11/14 09:08:10: Tool Ver: 2013.0605.01
2014/11/14 09:08:10: COM PORT OPEN ... OK
2014/11/14 09:08:10:
2014/11/14 09:08:10: ProductS/N:  VRW06A114200185
2014/11/14 09:08:10: TID: 8604171872842D80
2014/11/14 09:08:10: F/W Version: 00.00.08
2014/11/14 09:08:10:
2014/11/14 09:08:10: MasterKey Key Entry ... OK
2014/11/14 09:08:10: PowerON Counter Key Entry ... OK
2014/11/14 09:08:11: Key Entry ... OK
2014/11/14 09:08:11: Complete.
2014/11/14 09:08:11: COM PORT CLOSE ... OK
2014/11/14 09:08:11: 
2014/11/14 09:08:11: ==== Processing was completed ====
2014/11/14 09:08:11: 
*************************************************


*********** Start the Initialize Key Check **********
2014/11/14 09:09:08: Tool Ver: 2013.0605.01
2014/11/14 09:09:08: COM PORT OPEN ... OK
2014/11/14 09:09:08:
2014/11/14 09:09:08: ProductS/N:  VRW06A114400499
2014/11/14 09:09:08: TID: 86041C232AE62080
2014/11/14 09:09:08: F/W Version: 00.00.08
2014/11/14 09:09:08:
2014/11/14 09:09:08: MasterKey Key Entry ... OK
2014/11/14 09:09:08: PowerON Counter Key Entry ... OK
2014/11/14 09:09:08: Key Entry ... OK
2014/11/14 09:09:08: Complete.
2014/11/14 09:09:08: COM PORT CLOSE ... OK
2014/11/14 09:09:08: 
2014/11/14 09:09:09: ==== Processing was completed ====
2014/11/14 09:09:09: 
*************************************************


*********** Start the Initialize Key Check **********
2014/11/14 09:09:42: Tool Ver: 2013.0605.01
2014/11/14 09:09:42: COM PORT OPEN ... OK
2014/11/14 09:09:42:
2014/11/14 09:09:42: ProductS/N:  VRW06A114200920
2014/11/14 09:09:42: TID: 8604323E629F2980
2014/11/14 09:09:42: F/W Version: 00.00.08
2014/11/14 09:09:42:
2014/11/14 09:09:42: MasterKey Key Entry ... OK
2014/11/14 09:09:42: PowerON Counter Key Entry ... OK
2014/11/14 09:09:43: Key Entry ... OK
2014/11/14 09:09:43: Complete.
2014/11/14 09:09:43: COM PORT CLOSE ... OK
2014/11/14 09:09:43: 
2014/11/14 09:09:43: ==== Processing was completed ====
2014/11/14 09:09:43: 
*************************************************


*********** Start the Initialize Key Check **********
2014/11/14 09:11:07: Tool Ver: 2013.0605.01
2014/11/14 09:11:07: COM PORT OPEN ... OK
2014/11/14 09:11:07: AUTH1 POS ... ERROR(41)
2014/11/14 09:11:07:
2014/11/14 09:11:07: ProductS/N:  VRW06A114200920
2014/11/14 09:11:07: TID: 8604121E2AE62080
2014/11/14 09:11:07: F/W Version: 00.00.08
2014/11/14 09:11:07:
2014/11/14 09:11:07: MasterKey Key Entry... ERROR
2014/11/14 09:11:07: PowerON Counter Key Entry... ERROR
2014/11/14 09:11:08: COM PORT CLOSE ... OK
2014/11/14 09:11:08: 
2014/11/14 09:11:08: ######## Error has occurred ########
2014/11/14 09:11:08: 
*************************************************


*********** Start the Initialize Key Check **********
2014/11/14 09:15:28: Tool Ver: 2013.0605.01
2014/11/14 09:15:28: COM PORT OPEN ... OK
2014/11/14 09:15:28:
2014/11/14 09:15:28: ProductS/N:  VRW06A114200458
2014/11/14 09:15:28: TID: 86043523025B2980
2014/11/14 09:15:28: F/W Version: 00.00.08
2014/11/14 09:15:28:
2014/11/14 09:15:28: MasterKey Key Entry ... OK
2014/11/14 09:15:28: PowerON Counter Key Entry ... OK
2014/11/14 09:15:29: Key Entry ... OK
2014/11/14 09:15:29: Complete.
2014/11/14 09:15:29: COM PORT CLOSE ... OK
2014/11/14 09:15:29: 
2014/11/14 09:15:29: ==== Processing was completed ====
2014/11/14 09:15:29: 
*************************************************


*********** Start the Initialize Key Check **********
2014/11/14 09:16:17: Tool Ver: 2013.0605.01
2014/11/14 09:16:17: COM PORT OPEN ... OK
2014/11/14 09:16:17:
2014/11/14 09:16:17: ProductS/N:  VRW06A114300266
2014/11/14 09:16:17: TID: 86042435CAE52080
2014/11/14 09:16:17: F/W Version: 00.00.08
2014/11/14 09:16:17:
2014/11/14 09:16:17: MasterKey Key Entry ... OK
2014/11/14 09:16:17: PowerON Counter Key Entry ... OK
2014/11/14 09:16:18: Key Entry ... OK
2014/11/14 09:16:18: Complete.
2014/11/14 09:16:18: COM PORT CLOSE ... OK
2014/11/14 09:16:18: 
2014/11/14 09:16:18: ==== Processing was completed ====
2014/11/14 09:16:18: 
*************************************************


*********** Start the Initialize Key Check **********
2014/11/14 09:23:01: Tool Ver: 2013.0605.01
2014/11/14 09:23:01: COM PORT OPEN ... OK
2014/11/14 09:23:01:
2014/11/14 09:23:01: ProductS/N:  VRW06A114300266
2014/11/14 09:23:01: TID: 8604051C2AE62080
2014/11/14 09:23:01: F/W Version: 00.00.08
2014/11/14 09:23:01:
2014/11/14 09:23:01: MasterKey Key Entry ... OK
2014/11/14 09:23:01: PowerON Counter Key Entry ... OK
2014/11/14 09:23:02: Key Entry ... OK
2014/11/14 09:23:02: Complete.
2014/11/14 09:23:02: COM PORT CLOSE ... OK
2014/11/14 09:23:02: 
2014/11/14 09:23:02: ==== Processing was completed ====
2014/11/14 09:23:02: 
*************************************************


*********** Start the Initialize Key Check **********
2014/11/14 09:23:39: Tool Ver: 2013.0605.01
2014/11/14 09:23:39: COM PORT OPEN ... OK
2014/11/14 09:23:39:
2014/11/14 09:23:39: ProductS/N:  VRW06A114300266
2014/11/14 09:23:39: TID: 86042435CAE52080
2014/11/14 09:23:39: F/W Version: 00.00.08
2014/11/14 09:23:39:
2014/11/14 09:23:39: MasterKey Key Entry ... OK
2014/11/14 09:23:39: PowerON Counter Key Entry ... OK
2014/11/14 09:23:40: Key Entry ... OK
2014/11/14 09:23:40: Complete.
2014/11/14 09:23:40: COM PORT CLOSE ... OK
2014/11/14 09:23:40: 
2014/11/14 09:23:40: ==== Processing was completed ====
2014/11/14 09:23:40: 
*************************************************


*********** Start the Initialize Key Check **********
2014/11/14 09:26:34: Tool Ver: 2013.0605.01
2014/11/14 09:26:34: COM PORT OPEN ... OK
2014/11/14 09:26:34:
2014/11/14 09:26:34: ProductS/N:  VRW06A114300266
2014/11/14 09:26:34: TID: 8604051C2AE62080
2014/11/14 09:26:34: F/W Version: 00.00.08
2014/11/14 09:26:34:
2014/11/14 09:26:34: MasterKey Key Entry ... OK
2014/11/14 09:26:34: PowerON Counter Key Entry ... OK
2014/11/14 09:26:35: Key Entry ... OK
2014/11/14 09:26:35: Complete.
2014/11/14 09:26:35: COM PORT CLOSE ... OK
2014/11/14 09:26:35: 
2014/11/14 09:26:35: ==== Processing was completed ====
2014/11/14 09:26:35: 
*************************************************


*********** Start the Initialize Key Check **********
2014/11/14 09:28:25: Tool Ver: 2013.0605.01
2014/11/14 09:28:25: COM PORT OPEN ... OK
2014/11/14 09:28:25:
2014/11/14 09:28:25: ProductS/N:  VRW06A114302982
2014/11/14 09:28:25: TID: 860414193AE62080
2014/11/14 09:28:25: F/W Version: 00.00.08
2014/11/14 09:28:25:
2014/11/14 09:28:25: MasterKey Key Entry ... OK
2014/11/14 09:28:25: PowerON Counter Key Entry ... OK
2014/11/14 09:28:25: Key Entry ... OK
2014/11/14 09:28:25: Complete.
2014/11/14 09:28:25: COM PORT CLOSE ... OK
2014/11/14 09:28:25: 
2014/11/14 09:28:25: ==== Processing was completed ====
2014/11/14 09:28:25: 
*************************************************


*********** Start the Initialize Key Check **********
2014/11/14 09:29:16: Tool Ver: 2013.0605.01
2014/11/14 09:29:16: COM PORT OPEN ... OK
2014/11/14 09:29:16:
2014/11/14 09:29:16: ProductS/N:  VRW06A114200920
2014/11/14 09:29:16: TID: 860426126A9F2980
2014/11/14 09:29:16: F/W Version: 00.00.08
2014/11/14 09:29:16:
2014/11/14 09:29:16: MasterKey Key Entry ... OK
2014/11/14 09:29:16: PowerON Counter Key Entry ... OK
2014/11/14 09:29:16: [032] ... ERROR KeyNoCEK[20]
2014/11/14 09:29:16: [033] ... ERROR KeyNoCEK[20]
2014/11/14 09:29:16: [034] ... ERROR KeyNoCEK[20]
2014/11/14 09:29:16: [035] ... ERROR KeyNoCEK[20]
2014/11/14 09:29:16: [036] ... ERROR KeyNoCEK[20]
2014/11/14 09:29:16: [037] ... ERROR KeyNoCEK[20]
2014/11/14 09:29:16: [038] ... ERROR KeyNoCEK[20]
2014/11/14 09:29:16: [039] ... ERROR KeyNoCEK[20]
2014/11/14 09:29:16: [040] ... ERROR KeyNoCEK[20]
2014/11/14 09:29:16: [041] ... ERROR KeyNoCEK[20]
2014/11/14 09:29:16: [042] ... ERROR KeyNoCEK[20]
2014/11/14 09:29:16: [043] ... ERROR KeyNoCEK[20]
2014/11/14 09:29:16: [044] ... ERROR KeyNoCEK[20]
2014/11/14 09:29:16: [045] ... ERROR KeyNoCEK[20]
2014/11/14 09:29:16: [046] ... ERROR KeyNoCEK[20]
2014/11/14 09:29:16: [047] ... ERROR KeyNoCEK[20]
2014/11/14 09:29:16: [048] ... ERROR KeyNoCEK[30]
2014/11/14 09:29:16: [049] ... ERROR KeyNoCEK[30]
2014/11/14 09:29:16: [050] ... ERROR KeyNoCEK[30]
2014/11/14 09:29:16: [051] ... ERROR KeyNoCEK[30]
2014/11/14 09:29:16: [052] ... ERROR KeyNoCEK[30]
2014/11/14 09:29:16: [053] ... ERROR KeyNoCEK[30]
2014/11/14 09:29:16: [054] ... ERROR KeyNoCEK[30]
2014/11/14 09:29:16: [055] ... ERROR KeyNoCEK[30]
2014/11/14 09:29:16: [056] ... ERROR KeyNoCEK[30]
2014/11/14 09:29:16: [057] ... ERROR KeyNoCEK[30]
2014/11/14 09:29:16: [058] ... ERROR KeyNoCEK[30]
2014/11/14 09:29:16: [059] ... ERROR KeyNoCEK[30]
2014/11/14 09:29:16: [060] ... ERROR KeyNoCEK[30]
2014/11/14 09:29:16: [061] ... ERROR KeyNoCEK[30]
2014/11/14 09:29:16: [062] ... ERROR KeyNoCEK[30]
2014/11/14 09:29:16: [063] ... ERROR KeyNoCEK[30]
2014/11/14 09:29:16: [064] ... ERROR KeyNoCEK[40]
2014/11/14 09:29:16: [065] ... ERROR KeyNoCEK[40]
2014/11/14 09:29:16: [066] ... ERROR KeyNoCEK[40]
2014/11/14 09:29:16: [067] ... ERROR KeyNoCEK[40]
2014/11/14 09:29:16: [068] ... ERROR KeyNoCEK[40]
2014/11/14 09:29:16: [069] ... ERROR KeyNoCEK[40]
2014/11/14 09:29:16: [070] ... ERROR KeyNoCEK[40]
2014/11/14 09:29:16: [071] ... ERROR KeyNoCEK[40]
2014/11/14 09:29:16: [072] ... ERROR KeyNoCEK[40]
2014/11/14 09:29:16: [073] ... ERROR KeyNoCEK[40]
2014/11/14 09:29:16: [074] ... ERROR KeyNoCEK[40]
2014/11/14 09:29:16: [075] ... ERROR KeyNoCEK[40]
2014/11/14 09:29:16: [076] ... ERROR KeyNoCEK[40]
2014/11/14 09:29:16: [077] ... ERROR KeyNoCEK[40]
2014/11/14 09:29:16: [078] ... ERROR KeyNoCEK[40]
2014/11/14 09:29:16: [079] ... ERROR KeyNoCEK[40]
2014/11/14 09:29:16: [080] ... ERROR KeyNoCEK[50]
2014/11/14 09:29:16: [081] ... ERROR KeyNoCEK[50]
2014/11/14 09:29:16: [082] ... ERROR KeyNoCEK[50]
2014/11/14 09:29:16: [083] ... ERROR KeyNoCEK[50]
2014/11/14 09:29:16: [084] ... ERROR KeyNoCEK[50]
2014/11/14 09:29:16: [085] ... ERROR KeyNoCEK[50]
2014/11/14 09:29:16: [086] ... ERROR KeyNoCEK[50]
2014/11/14 09:29:16: [087] ... ERROR KeyNoCEK[50]
2014/11/14 09:29:16: [088] ... ERROR KeyNoCEK[58]
2014/11/14 09:29:16: [089] ... ERROR KeyNoCEK[58]
2014/11/14 09:29:16: [090] ... ERROR KeyNoCEK[58]
2014/11/14 09:29:16: [091] ... ERROR KeyNoCEK[58]
2014/11/14 09:29:16: [092] ... ERROR KeyNoCEK[58]
2014/11/14 09:29:16: [093] ... ERROR KeyNoCEK[58]
2014/11/14 09:29:17: [094] ... ERROR KeyNoCEK[58]
2014/11/14 09:29:17: [095] ... ERROR KeyNoCEK[58]
2014/11/14 09:29:17: [096] ... ERROR KeyNoCEK[60]
2014/11/14 09:29:17: [097] ... ERROR KeyNoCEK[60]
2014/11/14 09:29:17: [098] ... ERROR KeyNoCEK[60]
2014/11/14 09:29:17: [099] ... ERROR KeyNoCEK[60]
2014/11/14 09:29:17: [100] ... ERROR KeyNoCEK[60]
2014/11/14 09:29:17: [101] ... ERROR KeyNoCEK[60]
2014/11/14 09:29:17: [102] ... ERROR KeyNoCEK[60]
2014/11/14 09:29:17: [103] ... ERROR KeyNoCEK[60]
2014/11/14 09:29:17: [104] ... ERROR KeyNoCEK[68]
2014/11/14 09:29:17: [105] ... ERROR KeyNoCEK[68]
2014/11/14 09:29:17: [106] ... ERROR KeyNoCEK[68]
2014/11/14 09:29:17: [107] ... ERROR KeyNoCEK[68]
2014/11/14 09:29:17: [108] ... ERROR KeyNoCEK[68]
2014/11/14 09:29:17: [109] ... ERROR KeyNoCEK[68]
2014/11/14 09:29:17: [110] ... ERROR KeyNoCEK[68]
2014/11/14 09:29:17: [111] ... ERROR KeyNoCEK[68]
2014/11/14 09:29:17: [112] ... ERROR KeyNoCEK[70]
2014/11/14 09:29:17: [113] ... ERROR KeyNoCEK[70]
2014/11/14 09:29:17: [114] ... ERROR KeyNoCEK[70]
2014/11/14 09:29:17: [115] ... ERROR KeyNoCEK[70]
2014/11/14 09:29:17: [116] ... ERROR KeyNoCEK[70]
2014/11/14 09:29:17: [117] ... ERROR KeyNoCEK[70]
2014/11/14 09:29:17: [118] ... ERROR KeyNoCEK[70]
2014/11/14 09:29:17: [119] ... ERROR KeyNoCEK[70]
2014/11/14 09:29:17: [120] ... ERROR KeyNoCEK[78]
2014/11/14 09:29:17: [121] ... ERROR KeyNoCEK[78]
2014/11/14 09:29:17: [122] ... ERROR KeyNoCEK[78]
2014/11/14 09:29:17: [123] ... ERROR KeyNoCEK[78]
2014/11/14 09:29:17: [124] ... ERROR KeyNoCEK[78]
2014/11/14 09:29:17: [125] ... ERROR KeyNoCEK[78]
2014/11/14 09:29:17: [126] ... ERROR KeyNoCEK[78]
2014/11/14 09:29:17: [127] ... ERROR KeyNoCEK[78]
2014/11/14 09:29:17: COM PORT CLOSE ... OK
2014/11/14 09:29:17: 
2014/11/14 09:29:17: ######## Error has occurred ########
2014/11/14 09:29:17: 
*************************************************


*********** Start the Initialize Key Check **********
2014/11/14 09:29:44: Tool Ver: 2013.0605.01
2014/11/14 09:29:44: COM PORT OPEN ... OK
2014/11/14 09:29:44:
2014/11/14 09:29:44: ProductS/N:  VRW06A114200920
2014/11/14 09:29:44: TID: 8604323E629F2980
2014/11/14 09:29:44: F/W Version: 00.00.08
2014/11/14 09:29:44:
2014/11/14 09:29:44: MasterKey Key Entry ... OK
2014/11/14 09:29:44: PowerON Counter Key Entry ... OK
2014/11/14 09:29:45: Key Entry ... OK
2014/11/14 09:29:45: Complete.
2014/11/14 09:29:45: COM PORT CLOSE ... OK
2014/11/14 09:29:45: 
2014/11/14 09:29:45: ==== Processing was completed ====
2014/11/14 09:29:45: 
*************************************************


*********** Start the Initialize Key Check **********
2014/11/14 09:30:11: Tool Ver: 2013.0605.01
2014/11/14 09:30:11: COM PORT OPEN ... OK
2014/11/14 09:30:11:
2014/11/14 09:30:11: ProductS/N:  VRW06A114200920
2014/11/14 09:30:11: TID: 86043B232AE62080
2014/11/14 09:30:11: F/W Version: 00.00.08
2014/11/14 09:30:11:
2014/11/14 09:30:11: MasterKey Key Entry ... OK
2014/11/14 09:30:11: PowerON Counter Key Entry ... OK
2014/11/14 09:30:11: Key Entry ... OK
2014/11/14 09:30:11: Complete.
2014/11/14 09:30:11: COM PORT CLOSE ... OK
2014/11/14 09:30:11: 
2014/11/14 09:30:11: ==== Processing was completed ====
2014/11/14 09:30:11: 
*************************************************


*********** Start the Initialize Key Check **********
2014/11/14 09:31:02: Tool Ver: 2013.0605.01
2014/11/14 09:31:02: COM PORT OPEN ... OK
2014/11/14 09:31:02: AUTH1 POS ... ERROR(41)
2014/11/14 09:31:02:
2014/11/14 09:31:02: ProductS/N:  VRW06A114200920
2014/11/14 09:31:02: TID: 8604121E2AE62080
2014/11/14 09:31:02: F/W Version: 00.00.08
2014/11/14 09:31:02:
2014/11/14 09:31:02: MasterKey Key Entry... ERROR
2014/11/14 09:31:02: PowerON Counter Key Entry... ERROR
2014/11/14 09:31:02: COM PORT CLOSE ... OK
2014/11/14 09:31:02: 
2014/11/14 09:31:02: ######## Error has occurred ########
2014/11/14 09:31:02: 
*************************************************


*********** Start the Initialize Key Check **********
2014/11/14 09:32:07: Tool Ver: 2013.0605.01
2014/11/14 09:32:07: COM PORT OPEN ... OK
2014/11/14 09:32:07: AUTH1 POS ... ERROR(41)
2014/11/14 09:32:07:
2014/11/14 09:32:07: ProductS/N:  VRW06A114200920
2014/11/14 09:32:07: TID: 860440242AE62080
2014/11/14 09:32:07: F/W Version: 00.00.08
2014/11/14 09:32:07:
2014/11/14 09:32:07: MasterKey Key Entry... ERROR
2014/11/14 09:32:07: PowerON Counter Key Entry... ERROR
2014/11/14 09:32:08: COM PORT CLOSE ... OK
2014/11/14 09:32:08: 
2014/11/14 09:32:08: ######## Error has occurred ########
2014/11/14 09:32:08: 
*************************************************


*********** Start the Initialize Key Check **********
2014/11/14 09:33:17: Tool Ver: 2013.0605.01
2014/11/14 09:33:17: COM PORT OPEN ... OK
2014/11/14 09:33:17: AUTH1 POS ... ERROR(41)
2014/11/14 09:33:17:
2014/11/14 09:33:17: ProductS/N:  VRW06A114200920
2014/11/14 09:33:17: TID: 860440242AE62080
2014/11/14 09:33:17: F/W Version: 00.00.08
2014/11/14 09:33:17:
2014/11/14 09:33:17: MasterKey Key Entry... ERROR
2014/11/14 09:33:17: PowerON Counter Key Entry... ERROR
2014/11/14 09:33:18: COM PORT CLOSE ... OK
2014/11/14 09:33:18: 
2014/11/14 09:33:18: ######## Error has occurred ########
2014/11/14 09:33:18: 
*************************************************


*********** Start the Initialize Key Check **********
2014/11/14 09:36:37: Tool Ver: 2013.0605.01
2014/11/14 09:36:37: COM PORT OPEN ... OK
2014/11/14 09:36:37:
2014/11/14 09:36:37: ProductS/N:  VRW06A114200920
2014/11/14 09:36:38: TID: 8604323E629F2980
2014/11/14 09:36:38: F/W Version: 00.00.08
2014/11/14 09:36:38:
2014/11/14 09:36:38: MasterKey Key Entry ... OK
2014/11/14 09:36:38: PowerON Counter Key Entry ... OK
2014/11/14 09:36:38: Key Entry ... OK
2014/11/14 09:36:38: Complete.
2014/11/14 09:36:38: COM PORT CLOSE ... OK
2014/11/14 09:36:38: 
2014/11/14 09:36:38: ==== Processing was completed ====
2014/11/14 09:36:38: 
*************************************************


*********** Start the Initialize Key Check **********
2014/11/14 09:36:53: Tool Ver: 2013.0605.01
2014/11/14 09:36:53: COM PORT OPEN ... OK
2014/11/14 09:36:53:
2014/11/14 09:36:53: ProductS/N:  VRW06A113X02295
2014/11/14 09:36:53: TID: 860433236A9F2980
2014/11/14 09:36:53: F/W Version: 00.00.08
2014/11/14 09:36:53:
2014/11/14 09:36:53: MasterKey Key Entry ... OK
2014/11/14 09:36:53: PowerON Counter Key Entry ... OK
2014/11/14 09:36:54: Key Entry ... OK
2014/11/14 09:36:54: Complete.
2014/11/14 09:36:54: COM PORT CLOSE ... OK
2014/11/14 09:36:54: 
2014/11/14 09:36:54: ==== Processing was completed ====
2014/11/14 09:36:54: 
*************************************************


*********** Start the Initialize Key Check **********
2014/11/14 09:37:24: Tool Ver: 2013.0605.01
2014/11/14 09:37:24: COM PORT OPEN ... OK
2014/11/14 09:37:24:
2014/11/14 09:37:24: ProductS/N:  VRW06A114200458
2014/11/14 09:37:24: TID: 86043523025B2980
2014/11/14 09:37:24: F/W Version: 00.00.08
2014/11/14 09:37:24:
2014/11/14 09:37:24: MasterKey Key Entry ... OK
2014/11/14 09:37:24: PowerON Counter Key Entry ... OK
2014/11/14 09:37:24: Key Entry ... OK
2014/11/14 09:37:24: Complete.
2014/11/14 09:37:24: COM PORT CLOSE ... OK
2014/11/14 09:37:24: 
2014/11/14 09:37:24: ==== Processing was completed ====
2014/11/14 09:37:24: 
*************************************************


*********** Start the Initialize Key Check **********
2014/11/14 09:39:21: Tool Ver: 2013.0605.01
2014/11/14 09:39:21: COM PORT OPEN ... ERROR(01)
2014/11/14 09:39:21: 
2014/11/14 09:39:21: ######## Error has occurred ########
2014/11/14 09:39:21: 
*************************************************


*********** Start the Initialize Key Check **********
2014/11/14 09:39:59: Tool Ver: 2013.0605.01
2014/11/14 09:39:59: COM PORT OPEN ... OK
2014/11/14 09:39:59:
2014/11/14 09:39:59: ProductS/N:  VRW06A114401676
2014/11/14 09:39:59: TID: 86042F3C32E62080
2014/11/14 09:39:59: F/W Version: 00.00.08
2014/11/14 09:39:59:
2014/11/14 09:39:59: MasterKey Key Entry ... OK
2014/11/14 09:39:59: PowerON Counter Key Entry ... OK
2014/11/14 09:39:59: Key Entry ... OK
2014/11/14 09:39:59: Complete.
2014/11/14 09:39:59: COM PORT CLOSE ... OK
2014/11/14 09:39:59: 
2014/11/14 09:39:59: ==== Processing was completed ====
2014/11/14 09:39:59: 
*************************************************


*********** Start the Initialize Key Check **********
2014/11/14 09:42:50: Tool Ver: 2013.0605.01
2014/11/14 09:42:50: COM PORT OPEN ... OK
2014/11/14 09:42:51:
2014/11/14 09:42:51: ProductS/N:  VRW06A113X02295
2014/11/14 09:42:51: TID: 860433236A9F2980
2014/11/14 09:42:51: F/W Version: 00.00.08
2014/11/14 09:42:51:
2014/11/14 09:42:51: MasterKey Key Entry ... OK
2014/11/14 09:42:51: PowerON Counter Key Entry ... OK
2014/11/14 09:42:51: Key Entry ... OK
2014/11/14 09:42:51: Complete.
2014/11/14 09:42:51: COM PORT CLOSE ... OK
2014/11/14 09:42:51: 
2014/11/14 09:42:51: ==== Processing was completed ====
2014/11/14 09:42:51: 
*************************************************


*********** Start the Initialize Key Check **********
2014/11/14 09:44:33: Tool Ver: 2013.0605.01
2014/11/14 09:44:33: COM PORT OPEN ... OK
2014/11/14 09:44:33:
2014/11/14 09:44:33: ProductS/N:   VRW06A114200942
2014/11/14 09:44:33: TID: 8604212C025B2980
2014/11/14 09:44:33: F/W Version: 00.00.08
2014/11/14 09:44:33:
2014/11/14 09:44:33: MasterKey Key Entry ... OK
2014/11/14 09:44:33: PowerON Counter Key Entry ... OK
2014/11/14 09:44:33: Key Entry ... OK
2014/11/14 09:44:33: Complete.
2014/11/14 09:44:33: COM PORT CLOSE ... OK
2014/11/14 09:44:33: 
2014/11/14 09:44:33: ==== Processing was completed ====
2014/11/14 09:44:33: 
*************************************************


*********** Start the Initialize Key Check **********
2014/11/14 09:52:02: Tool Ver: 2013.0605.01
2014/11/14 09:52:02: COM PORT OPEN ... OK
2014/11/14 09:52:02:
2014/11/14 09:52:02: ProductS/N:  VRW06A114302450
2014/11/14 09:52:02: TID: 860424296A9F2980
2014/11/14 09:52:02: F/W Version: 00.00.08
2014/11/14 09:52:02:
2014/11/14 09:52:02: MasterKey Key Entry ... OK
2014/11/14 09:52:02: PowerON Counter Key Entry ... OK
2014/11/14 09:52:03: Key Entry ... OK
2014/11/14 09:52:03: Complete.
2014/11/14 09:52:03: COM PORT CLOSE ... OK
2014/11/14 09:52:03: 
2014/11/14 09:52:03: ==== Processing was completed ====
2014/11/14 09:52:03: 
*************************************************


*********** Start the Initialize Key Check **********
2014/11/14 09:55:29: Tool Ver: 2013.0605.01
2014/11/14 09:55:29: COM PORT OPEN ... OK
2014/11/14 09:55:29:
2014/11/14 09:55:29: ProductS/N:  VRW06A114201010
2014/11/14 09:55:29: TID: 8604123E72842D80
2014/11/14 09:55:29: F/W Version: 00.00.08
2014/11/14 09:55:29:
2014/11/14 09:55:29: MasterKey Key Entry ... OK
2014/11/14 09:55:29: PowerON Counter Key Entry ... OK
2014/11/14 09:55:30: Key Entry ... OK
2014/11/14 09:55:30: Complete.
2014/11/14 09:55:30: COM PORT CLOSE ... OK
2014/11/14 09:55:30: 
2014/11/14 09:55:30: ==== Processing was completed ====
2014/11/14 09:55:30: 
*************************************************


*********** Start the Initialize Key Check **********
2014/11/14 10:13:27: Tool Ver: 2013.0605.01
2014/11/14 10:13:27: COM PORT OPEN ... OK
2014/11/14 10:13:27:
2014/11/14 10:13:27: ProductS/N:  VRW06A113X00014
2014/11/14 10:13:27: TID: 8604382072842D80
2014/11/14 10:13:27: F/W Version: 00.00.08
2014/11/14 10:13:27:
2014/11/14 10:13:27: MasterKey Key Entry ... OK
2014/11/14 10:13:27: PowerON Counter Key Entry ... OK
2014/11/14 10:13:28: Key Entry ... OK
2014/11/14 10:13:28: Complete.
2014/11/14 10:13:28: COM PORT CLOSE ... OK
2014/11/14 10:13:28: 
2014/11/14 10:13:28: ==== Processing was completed ====
2014/11/14 10:13:28: 
*************************************************


*********** Start the Initialize Key Check **********
2014/11/14 10:16:24: Tool Ver: 2013.0605.01
2014/11/14 10:16:24: COM PORT OPEN ... OK
2014/11/14 10:16:24:
2014/11/14 10:16:24: ProductS/N:  VRW06A113800914
2014/11/14 10:16:24: TID: 860413416A9F2980
2014/11/14 10:16:24: F/W Version: 00.00.08
2014/11/14 10:16:24:
2014/11/14 10:16:24: MasterKey Key Entry ... OK
2014/11/14 10:16:24: PowerON Counter Key Entry ... OK
2014/11/14 10:16:25: Key Entry ... OK
2014/11/14 10:16:25: Complete.
2014/11/14 10:16:25: COM PORT CLOSE ... OK
2014/11/14 10:16:25: 
2014/11/14 10:16:25: ==== Processing was completed ====
2014/11/14 10:16:25: 
*************************************************


*********** Start the Initialize Key Check **********
2014/11/14 10:26:56: Tool Ver: 2013.0605.01
2014/11/14 10:26:56: COM PORT OPEN ... OK
2014/11/14 10:26:57:
2014/11/14 10:26:57: ProductS/N:  VRW06A113X01840
2014/11/14 10:26:57: TID: 8604391B6A9F2980
2014/11/14 10:26:57: F/W Version: 00.00.08
2014/11/14 10:26:57:
2014/11/14 10:26:57: MasterKey Key Entry ... OK
2014/11/14 10:26:57: PowerON Counter Key Entry ... OK
2014/11/14 10:26:57: Key Entry ... OK
2014/11/14 10:26:57: Complete.
2014/11/14 10:26:57: COM PORT CLOSE ... OK
2014/11/14 10:26:57: 
2014/11/14 10:26:57: ==== Processing was completed ====
2014/11/14 10:26:57: 
*************************************************


*********** Start the Initialize Key Check **********
2014/11/14 10:35:23: Tool Ver: 2013.0605.01
2014/11/14 10:35:23: Product S/N ... ERROR
2014/11/14 10:35:23: 
2014/11/14 10:35:23: ######## Error has occurred ########
2014/11/14 10:35:23: 
*************************************************


*********** Start the Initialize Key Check **********
2014/11/14 10:35:38: Tool Ver: 2013.0605.01
2014/11/14 10:35:38: Product S/N ... ERROR
2014/11/14 10:35:38: 
2014/11/14 10:35:38: ######## Error has occurred ########
2014/11/14 10:35:38: 
*************************************************


*********** Start the Initialize Key Check **********
2014/11/14 10:35:44: Tool Ver: 2013.0605.01
2014/11/14 10:35:44: Product S/N ... ERROR
2014/11/14 10:35:44: 
2014/11/14 10:35:44: ######## Error has occurred ########
2014/11/14 10:35:44: 
*************************************************


*********** Start the Initialize Key Check **********
2014/11/14 10:35:52: Tool Ver: 2013.0605.01
2014/11/14 10:35:52: Product S/N ... ERROR
2014/11/14 10:35:52: 
2014/11/14 10:35:52: ######## Error has occurred ########
2014/11/14 10:35:52: 
*************************************************


*********** Start the Initialize Key Check **********
2014/11/14 10:35:58: Tool Ver: 2013.0605.01
2014/11/14 10:35:58: Product S/N ... ERROR
2014/11/14 10:35:58: 
2014/11/14 10:35:58: ######## Error has occurred ########
2014/11/14 10:35:58: 
*************************************************


*********** Start the Initialize Key Check **********
2014/11/14 10:36:22: Tool Ver: 2013.0605.01
2014/11/14 10:36:22: COM PORT OPEN ... OK
2014/11/14 10:36:22:
2014/11/14 10:36:22: ProductS/N:  VRW06A113801375
2014/11/14 10:36:22: TID: 8604391B6A9F2980
2014/11/14 10:36:22: F/W Version: 00.00.08
2014/11/14 10:36:22:
2014/11/14 10:36:22: MasterKey Key Entry ... OK
2014/11/14 10:36:22: PowerON Counter Key Entry ... OK
2014/11/14 10:36:23: Key Entry ... OK
2014/11/14 10:36:23: Complete.
2014/11/14 10:36:23: COM PORT CLOSE ... OK
2014/11/14 10:36:23: 
2014/11/14 10:36:23: ==== Processing was completed ====
2014/11/14 10:36:23: 
*************************************************


*********** Start the Initialize Key Check **********
2014/11/14 10:36:41: Tool Ver: 2013.0605.01
2014/11/14 10:36:41: COM PORT OPEN ... OK
2014/11/14 10:36:41:
2014/11/14 10:36:41: ProductS/N:  VRW06A113801375
2014/11/14 10:36:41: TID: 8604271E2AE62080
2014/11/14 10:36:41: F/W Version: 00.00.08
2014/11/14 10:36:41:
2014/11/14 10:36:41: MasterKey Key Entry ... OK
2014/11/14 10:36:41: PowerON Counter Key Entry ... OK
2014/11/14 10:36:41: Key Entry ... OK
2014/11/14 10:36:41: Complete.
2014/11/14 10:36:41: COM PORT CLOSE ... OK
2014/11/14 10:36:41: 
2014/11/14 10:36:41: ==== Processing was completed ====
2014/11/14 10:36:41: 
*************************************************


*********** Start the Initialize Key Check **********
2014/11/14 10:37:15: Tool Ver: 2013.0605.01
2014/11/14 10:37:15: COM PORT OPEN ... OK
2014/11/14 10:37:15:
2014/11/14 10:37:15: ProductS/N:  VRW06A113801375
2014/11/14 10:37:15: TID: 8604271E2AE62080
2014/11/14 10:37:15: F/W Version: 00.00.08
2014/11/14 10:37:15:
2014/11/14 10:37:15: MasterKey Key Entry ... OK
2014/11/14 10:37:15: PowerON Counter Key Entry ... OK
2014/11/14 10:37:16: Key Entry ... OK
2014/11/14 10:37:16: Complete.
2014/11/14 10:37:16: COM PORT CLOSE ... OK
2014/11/14 10:37:16: 
2014/11/14 10:37:16: ==== Processing was completed ====
2014/11/14 10:37:16: 
*************************************************


*********** Start the Initialize Key Check **********
2014/11/14 10:38:13: Tool Ver: 2013.0605.01
2014/11/14 10:38:13: COM PORT OPEN ... OK
2014/11/14 10:38:13:
2014/11/14 10:38:13: ProductS/N:  VRW06A114200083
2014/11/14 10:38:13: TID: 860429286A9F2980
2014/11/14 10:38:13: F/W Version: 00.00.08
2014/11/14 10:38:13:
2014/11/14 10:38:13: MasterKey Key Entry ... OK
2014/11/14 10:38:13: PowerON Counter Key Entry ... OK
2014/11/14 10:38:13: Key Entry ... OK
2014/11/14 10:38:13: Complete.
2014/11/14 10:38:13: COM PORT CLOSE ... OK
2014/11/14 10:38:13: 
2014/11/14 10:38:13: ==== Processing was completed ====
2014/11/14 10:38:13: 
*************************************************


*********** Start the Initialize Key Check **********
2014/11/14 10:48:49: Tool Ver: 2013.0605.01
2014/11/14 10:48:49: Product S/N ... ERROR
2014/11/14 10:48:49: 
2014/11/14 10:48:49: ######## Error has occurred ########
2014/11/14 10:48:49: 
*************************************************


*********** Start the Initialize Key Check **********
2014/11/14 10:49:05: Tool Ver: 2013.0605.01
2014/11/14 10:49:05: COM PORT OPEN ... OK
2014/11/14 10:49:06:
2014/11/14 10:49:06: ProductS/N:  VRW06A114200083
2014/11/14 10:49:06: TID: 860429286A9F2980
2014/11/14 10:49:06: F/W Version: 00.00.08
2014/11/14 10:49:06:
2014/11/14 10:49:06: MasterKey Key Entry ... OK
2014/11/14 10:49:06: PowerON Counter Key Entry ... OK
2014/11/14 10:49:06: Key Entry ... OK
2014/11/14 10:49:06: Complete.
2014/11/14 10:49:06: COM PORT CLOSE ... OK
2014/11/14 10:49:06: 
2014/11/14 10:49:06: ==== Processing was completed ====
2014/11/14 10:49:06: 
*************************************************


*********** Start the Initialize Key Check **********
2014/11/14 10:52:18: Tool Ver: 2013.0605.01
2014/11/14 10:52:18: COM PORT OPEN ... OK
2014/11/14 10:52:18:
2014/11/14 10:52:18: ProductS/N:  VRW06A113X00014
2014/11/14 10:52:18: TID: 8604382072842D80
2014/11/14 10:52:18: F/W Version: 00.00.08
2014/11/14 10:52:18:
2014/11/14 10:52:18: MasterKey Key Entry ... OK
2014/11/14 10:52:18: PowerON Counter Key Entry ... OK
2014/11/14 10:52:18: Key Entry ... OK
2014/11/14 10:52:18: Complete.
2014/11/14 10:52:18: COM PORT CLOSE ... OK
2014/11/14 10:52:18: 
2014/11/14 10:52:18: ==== Processing was completed ====
2014/11/14 10:52:18: 
*************************************************


*********** Start the Initialize Key Check **********
2014/11/14 10:57:10: Tool Ver: 2013.0605.01
2014/11/14 10:57:10: COM PORT OPEN ... OK
2014/11/14 10:57:10:
2014/11/14 10:57:10: ProductS/N:  VRW06A113X01091
2014/11/14 10:57:10: TID: 8604052A6A9F2980
2014/11/14 10:57:10: F/W Version: 00.00.08
2014/11/14 10:57:10:
2014/11/14 10:57:10: MasterKey Key Entry ... OK
2014/11/14 10:57:10: PowerON Counter Key Entry ... OK
2014/11/14 10:57:11: Key Entry ... OK
2014/11/14 10:57:11: Complete.
2014/11/14 10:57:11: COM PORT CLOSE ... OK
2014/11/14 10:57:11: 
2014/11/14 10:57:11: ==== Processing was completed ====
2014/11/14 10:57:11: 
*************************************************


*********** Start the Initialize Key Check **********
2014/11/14 11:06:30: Tool Ver: 2013.0605.01
2014/11/14 11:06:30: COM PORT OPEN ... OK
2014/11/14 11:06:30:
2014/11/14 11:06:30: ProductS/N:  VRW06A114200083
2014/11/14 11:06:30: TID: 860429286A9F2980
2014/11/14 11:06:30: F/W Version: 00.00.08
2014/11/14 11:06:30:
2014/11/14 11:06:30: MasterKey Key Entry ... OK
2014/11/14 11:06:30: PowerON Counter Key Entry ... OK
2014/11/14 11:06:31: Key Entry ... OK
2014/11/14 11:06:31: Complete.
2014/11/14 11:06:31: COM PORT CLOSE ... OK
2014/11/14 11:06:31: 
2014/11/14 11:06:31: ==== Processing was completed ====
2014/11/14 11:06:31: 
*************************************************


*********** Start the Initialize Key Check **********
2014/11/14 11:06:51: Tool Ver: 2013.0605.01
2014/11/14 11:06:51: COM PORT OPEN ... OK
2014/11/14 11:06:51:
2014/11/14 11:06:51: ProductS/N:  VRW06A113X02115
2014/11/14 11:06:51: TID: 860413292AE62080
2014/11/14 11:06:51: F/W Version: 00.00.08
2014/11/14 11:06:51:
2014/11/14 11:06:51: MasterKey Key Entry ... OK
2014/11/14 11:06:51: PowerON Counter Key Entry ... OK
2014/11/14 11:06:52: Key Entry ... OK
2014/11/14 11:06:52: Complete.
2014/11/14 11:06:52: COM PORT CLOSE ... OK
2014/11/14 11:06:52: 
2014/11/14 11:06:52: ==== Processing was completed ====
2014/11/14 11:06:52: 
*************************************************


*********** Start the Initialize Key Check **********
2014/11/14 11:07:10: Tool Ver: 2013.0605.01
2014/11/14 11:07:10: COM PORT OPEN ... OK
2014/11/14 11:07:10:
2014/11/14 11:07:10: ProductS/N:  VRW06A113X02115
2014/11/14 11:07:10: TID: 860413292AE62080
2014/11/14 11:07:10: F/W Version: 00.00.08
2014/11/14 11:07:10:
2014/11/14 11:07:10: MasterKey Key Entry ... OK
2014/11/14 11:07:10: PowerON Counter Key Entry ... OK
2014/11/14 11:07:11: Key Entry ... OK
2014/11/14 11:07:11: Complete.
2014/11/14 11:07:11: COM PORT CLOSE ... OK
2014/11/14 11:07:11: 
2014/11/14 11:07:11: ==== Processing was completed ====
2014/11/14 11:07:11: 
*************************************************


*********** Start the Initialize Key Check **********
2014/11/14 11:08:22: Tool Ver: 2013.0605.01
2014/11/14 11:08:22: COM PORT OPEN ... OK
2014/11/14 11:08:22: AUTH1 POS ... ERROR(41)
2014/11/14 11:08:22:
2014/11/14 11:08:22: ProductS/N:  VRW06A113X02115
2014/11/14 11:08:22: TID: 860440242AE62080
2014/11/14 11:08:22: F/W Version: 00.00.08
2014/11/14 11:08:22:
2014/11/14 11:08:22: MasterKey Key Entry... ERROR
2014/11/14 11:08:22: PowerON Counter Key Entry... ERROR
2014/11/14 11:08:23: COM PORT CLOSE ... OK
2014/11/14 11:08:23: 
2014/11/14 11:08:23: ######## Error has occurred ########
2014/11/14 11:08:23: 
*************************************************


*********** Start the Initialize Key Check **********
2014/11/14 11:27:46: Tool Ver: 2013.0605.01
2014/11/14 11:27:46: COM PORT OPEN ... OK
2014/11/14 11:27:46:
2014/11/14 11:27:46: ProductS/N:  VRW06A113X00014
2014/11/14 11:27:46: TID: 860426126A9F2980
2014/11/14 11:27:46: F/W Version: 00.00.08
2014/11/14 11:27:46:
2014/11/14 11:27:46: MasterKey Key Entry ... OK
2014/11/14 11:27:46: PowerON Counter Key Entry ... OK
2014/11/14 11:27:47: [032] ... ERROR KeyNoCEK[20]
2014/11/14 11:27:47: [033] ... ERROR KeyNoCEK[20]
2014/11/14 11:27:47: [034] ... ERROR KeyNoCEK[20]
2014/11/14 11:27:47: [035] ... ERROR KeyNoCEK[20]
2014/11/14 11:27:47: [036] ... ERROR KeyNoCEK[20]
2014/11/14 11:27:47: [037] ... ERROR KeyNoCEK[20]
2014/11/14 11:27:47: [038] ... ERROR KeyNoCEK[20]
2014/11/14 11:27:47: [039] ... ERROR KeyNoCEK[20]
2014/11/14 11:27:47: [040] ... ERROR KeyNoCEK[20]
2014/11/14 11:27:47: [041] ... ERROR KeyNoCEK[20]
2014/11/14 11:27:47: [042] ... ERROR KeyNoCEK[20]
2014/11/14 11:27:47: [043] ... ERROR KeyNoCEK[20]
2014/11/14 11:27:47: [044] ... ERROR KeyNoCEK[20]
2014/11/14 11:27:47: [045] ... ERROR KeyNoCEK[20]
2014/11/14 11:27:47: [046] ... ERROR KeyNoCEK[20]
2014/11/14 11:27:47: [047] ... ERROR KeyNoCEK[20]
2014/11/14 11:27:47: [048] ... ERROR KeyNoCEK[30]
2014/11/14 11:27:47: [049] ... ERROR KeyNoCEK[30]
2014/11/14 11:27:47: [050] ... ERROR KeyNoCEK[30]
2014/11/14 11:27:47: [051] ... ERROR KeyNoCEK[30]
2014/11/14 11:27:47: [052] ... ERROR KeyNoCEK[30]
2014/11/14 11:27:47: [053] ... ERROR KeyNoCEK[30]
2014/11/14 11:27:47: [054] ... ERROR KeyNoCEK[30]
2014/11/14 11:27:47: [055] ... ERROR KeyNoCEK[30]
2014/11/14 11:27:47: [056] ... ERROR KeyNoCEK[30]
2014/11/14 11:27:47: [057] ... ERROR KeyNoCEK[30]
2014/11/14 11:27:47: [058] ... ERROR KeyNoCEK[30]
2014/11/14 11:27:47: [059] ... ERROR KeyNoCEK[30]
2014/11/14 11:27:47: [060] ... ERROR KeyNoCEK[30]
2014/11/14 11:27:47: [061] ... ERROR KeyNoCEK[30]
2014/11/14 11:27:47: [062] ... ERROR KeyNoCEK[30]
2014/11/14 11:27:47: [063] ... ERROR KeyNoCEK[30]
2014/11/14 11:27:47: [064] ... ERROR KeyNoCEK[40]
2014/11/14 11:27:47: [065] ... ERROR KeyNoCEK[40]
2014/11/14 11:27:47: [066] ... ERROR KeyNoCEK[40]
2014/11/14 11:27:47: [067] ... ERROR KeyNoCEK[40]
2014/11/14 11:27:47: [068] ... ERROR KeyNoCEK[40]
2014/11/14 11:27:47: [069] ... ERROR KeyNoCEK[40]
2014/11/14 11:27:47: [070] ... ERROR KeyNoCEK[40]
2014/11/14 11:27:47: [071] ... ERROR KeyNoCEK[40]
2014/11/14 11:27:47: [072] ... ERROR KeyNoCEK[40]
2014/11/14 11:27:47: [073] ... ERROR KeyNoCEK[40]
2014/11/14 11:27:47: [074] ... ERROR KeyNoCEK[40]
2014/11/14 11:27:47: [075] ... ERROR KeyNoCEK[40]
2014/11/14 11:27:47: [076] ... ERROR KeyNoCEK[40]
2014/11/14 11:27:47: [077] ... ERROR KeyNoCEK[40]
2014/11/14 11:27:47: [078] ... ERROR KeyNoCEK[40]
2014/11/14 11:27:47: [079] ... ERROR KeyNoCEK[40]
2014/11/14 11:27:47: [080] ... ERROR KeyNoCEK[50]
2014/11/14 11:27:47: [081] ... ERROR KeyNoCEK[50]
2014/11/14 11:27:47: [082] ... ERROR KeyNoCEK[50]
2014/11/14 11:27:47: [083] ... ERROR KeyNoCEK[50]
2014/11/14 11:27:47: [084] ... ERROR KeyNoCEK[50]
2014/11/14 11:27:47: [085] ... ERROR KeyNoCEK[50]
2014/11/14 11:27:47: [086] ... ERROR KeyNoCEK[50]
2014/11/14 11:27:47: [087] ... ERROR KeyNoCEK[50]
2014/11/14 11:27:47: [088] ... ERROR KeyNoCEK[58]
2014/11/14 11:27:47: [089] ... ERROR KeyNoCEK[58]
2014/11/14 11:27:47: [090] ... ERROR KeyNoCEK[58]
2014/11/14 11:27:47: [091] ... ERROR KeyNoCEK[58]
2014/11/14 11:27:47: [092] ... ERROR KeyNoCEK[58]
2014/11/14 11:27:47: [093] ... ERROR KeyNoCEK[58]
2014/11/14 11:27:47: [094] ... ERROR KeyNoCEK[58]
2014/11/14 11:27:47: [095] ... ERROR KeyNoCEK[58]
2014/11/14 11:27:47: [096] ... ERROR KeyNoCEK[60]
2014/11/14 11:27:47: [097] ... ERROR KeyNoCEK[60]
2014/11/14 11:27:47: [098] ... ERROR KeyNoCEK[60]
2014/11/14 11:27:47: [099] ... ERROR KeyNoCEK[60]
2014/11/14 11:27:47: [100] ... ERROR KeyNoCEK[60]
2014/11/14 11:27:47: [101] ... ERROR KeyNoCEK[60]
2014/11/14 11:27:47: [102] ... ERROR KeyNoCEK[60]
2014/11/14 11:27:47: [103] ... ERROR KeyNoCEK[60]
2014/11/14 11:27:47: [104] ... ERROR KeyNoCEK[68]
2014/11/14 11:27:47: [105] ... ERROR KeyNoCEK[68]
2014/11/14 11:27:47: [106] ... ERROR KeyNoCEK[68]
2014/11/14 11:27:47: [107] ... ERROR KeyNoCEK[68]
2014/11/14 11:27:47: [108] ... ERROR KeyNoCEK[68]
2014/11/14 11:27:47: [109] ... ERROR KeyNoCEK[68]
2014/11/14 11:27:47: [110] ... ERROR KeyNoCEK[68]
2014/11/14 11:27:47: [111] ... ERROR KeyNoCEK[68]
2014/11/14 11:27:47: [112] ... ERROR KeyNoCEK[70]
2014/11/14 11:27:47: [113] ... ERROR KeyNoCEK[70]
2014/11/14 11:27:47: [114] ... ERROR KeyNoCEK[70]
2014/11/14 11:27:47: [115] ... ERROR KeyNoCEK[70]
2014/11/14 11:27:47: [116] ... ERROR KeyNoCEK[70]
2014/11/14 11:27:47: [117] ... ERROR KeyNoCEK[70]
2014/11/14 11:27:47: [118] ... ERROR KeyNoCEK[70]
2014/11/14 11:27:47: [119] ... ERROR KeyNoCEK[70]
2014/11/14 11:27:47: [120] ... ERROR KeyNoCEK[78]
2014/11/14 11:27:47: [121] ... ERROR KeyNoCEK[78]
2014/11/14 11:27:47: [122] ... ERROR KeyNoCEK[78]
2014/11/14 11:27:47: [123] ... ERROR KeyNoCEK[78]
2014/11/14 11:27:47: [124] ... ERROR KeyNoCEK[78]
2014/11/14 11:27:47: [125] ... ERROR KeyNoCEK[78]
2014/11/14 11:27:47: [126] ... ERROR KeyNoCEK[78]
2014/11/14 11:27:47: [127] ... ERROR KeyNoCEK[78]
2014/11/14 11:27:47: COM PORT CLOSE ... OK
2014/11/14 11:27:47: 
2014/11/14 11:27:47: ######## Error has occurred ########
2014/11/14 11:27:47: 
*************************************************


*********** Start the Initialize Key Check **********
2014/11/14 11:28:32: Tool Ver: 2013.0605.01
2014/11/14 11:28:32: COM PORT OPEN ... OK
2014/11/14 11:28:32: AUTH1 POS ... ERROR(41)
2014/11/14 11:28:32:
2014/11/14 11:28:32: ProductS/N:  VRW06A113X00014
2014/11/14 11:28:32: TID: 860440242AE62080
2014/11/14 11:28:32: F/W Version: 00.00.08
2014/11/14 11:28:32:
2014/11/14 11:28:32: MasterKey Key Entry... ERROR
2014/11/14 11:28:32: PowerON Counter Key Entry... ERROR
2014/11/14 11:28:32: COM PORT CLOSE ... OK
2014/11/14 11:28:32: 
2014/11/14 11:28:32: ######## Error has occurred ########
2014/11/14 11:28:32: 
*************************************************


*********** Start the Initialize Key Check **********
2014/11/14 11:29:13: Tool Ver: 2013.0605.01
2014/11/14 11:29:13: COM PORT OPEN ... OK
2014/11/14 11:29:13: AUTH1 POS ... ERROR(41)
2014/11/14 11:29:13:
2014/11/14 11:29:13: ProductS/N:  VRW06A113X00014
2014/11/14 11:29:13: TID: 8604121E2AE62080
2014/11/14 11:29:13: F/W Version: 00.00.08
2014/11/14 11:29:13:
2014/11/14 11:29:13: MasterKey Key Entry... ERROR
2014/11/14 11:29:13: PowerON Counter Key Entry... ERROR
2014/11/14 11:29:13: COM PORT CLOSE ... OK
2014/11/14 11:29:13: 
2014/11/14 11:29:13: ######## Error has occurred ########
2014/11/14 11:29:13: 
*************************************************


*********** Start the Initialize Key Check **********
2014/11/14 11:39:05: Tool Ver: 2013.0605.01
2014/11/14 11:39:05: Product S/N ... ERROR
2014/11/14 11:39:05: 
2014/11/14 11:39:05: ######## Error has occurred ########
2014/11/14 11:39:05: 
*************************************************


*********** Start the Initialize Key Check **********
2014/11/14 11:39:16: Tool Ver: 2013.0605.01
2014/11/14 11:39:16: COM PORT OPEN ... OK
2014/11/14 11:39:16: AUTH1 POS ... ERROR(41)
2014/11/14 11:39:16:
2014/11/14 11:39:16: ProductS/N:  VRW06A114200083
2014/11/14 11:39:16: TID: 860440242AE62080
2014/11/14 11:39:16: F/W Version: 00.00.08
2014/11/14 11:39:16:
2014/11/14 11:39:16: MasterKey Key Entry... ERROR
2014/11/14 11:39:16: PowerON Counter Key Entry... ERROR
2014/11/14 11:39:17: COM PORT CLOSE ... OK
2014/11/14 11:39:17: 
2014/11/14 11:39:17: ######## Error has occurred ########
2014/11/14 11:39:17: 
*************************************************


*********** Start the Initialize Key Check **********
2014/11/14 13:05:57: Tool Ver: 2013.0605.01
2014/11/14 13:05:57: COM PORT OPEN ... OK
2014/11/14 13:05:57: AUTH1 POS ... ERROR(47)
2014/11/14 13:05:57:
2014/11/14 13:05:57: ProductS/N:  VRW06A114200083
2014/11/14 13:05:57: GET TID ... ERROR(47)
2014/11/14 13:05:57: COM PORT CLOSE ... OK
2014/11/14 13:05:57: 
2014/11/14 13:05:57: ######## Error has occurred ########
2014/11/14 13:05:57: 
*************************************************


*********** Start the Initialize Key Check **********
2014/11/14 13:08:11: Tool Ver: 2013.0605.01
2014/11/14 13:08:11: COM PORT OPEN ... OK
2014/11/14 13:08:11:
2014/11/14 13:08:11: ProductS/N:  VRW06A114200083
2014/11/14 13:08:11: TID: 860423103AE62080
2014/11/14 13:08:11: F/W Version: 00.00.08
2014/11/14 13:08:11:
2014/11/14 13:08:11: MasterKey Key Entry ... OK
2014/11/14 13:08:11: PowerON Counter Key Entry ... OK
2014/11/14 13:08:12: Key Entry ... OK
2014/11/14 13:08:12: Complete.
2014/11/14 13:08:12: COM PORT CLOSE ... OK
2014/11/14 13:08:12: 
2014/11/14 13:08:12: ==== Processing was completed ====
2014/11/14 13:08:12: 
*************************************************


*********** Start the Initialize Key Check **********
2014/11/14 13:30:30: Tool Ver: 2013.0605.01
2014/11/14 13:30:30: COM PORT OPEN ... OK
2014/11/14 13:30:30:
2014/11/14 13:30:30: ProductS/N:  VRW06A114201060
2014/11/14 13:30:30: TID: 8604041D2AE62080
2014/11/14 13:30:30: F/W Version: 00.00.08
2014/11/14 13:30:30:
2014/11/14 13:30:30: MasterKey Key Entry ... OK
2014/11/14 13:30:30: PowerON Counter Key Entry ... OK
2014/11/14 13:30:31: Key Entry ... OK
2014/11/14 13:30:31: Complete.
2014/11/14 13:30:31: COM PORT CLOSE ... OK
2014/11/14 13:30:31: 
2014/11/14 13:30:31: ==== Processing was completed ====
2014/11/14 13:30:31: 
*************************************************


*********** Start the Initialize Key Check **********
2014/11/14 13:42:51: Tool Ver: 2013.0605.01
2014/11/14 13:42:51: COM PORT OPEN ... OK
2014/11/14 13:42:51:
2014/11/14 13:42:51: ProductS/N:  VRW06A114302767
2014/11/14 13:42:51: TID: 860440253AE62080
2014/11/14 13:42:51: F/W Version: 00.00.08
2014/11/14 13:42:51:
2014/11/14 13:42:51: MasterKey Key Entry ... OK
2014/11/14 13:42:51: PowerON Counter Key Entry ... OK
2014/11/14 13:42:51: Key Entry ... OK
2014/11/14 13:42:51: Complete.
2014/11/14 13:42:51: COM PORT CLOSE ... OK
2014/11/14 13:42:51: 
2014/11/14 13:42:51: ==== Processing was completed ====
2014/11/14 13:42:51: 
*************************************************


*********** Start the Initialize Key Check **********
2014/11/14 13:43:13: Tool Ver: 2013.0605.01
2014/11/14 13:43:13: COM PORT OPEN ... OK
2014/11/14 13:43:13:
2014/11/14 13:43:13: ProductS/N:  VRW06A114201171
2014/11/14 13:43:13: TID: 860441202AE62080
2014/11/14 13:43:13: F/W Version: 00.00.08
2014/11/14 13:43:13:
2014/11/14 13:43:13: MasterKey Key Entry ... OK
2014/11/14 13:43:13: PowerON Counter Key Entry ... OK
2014/11/14 13:43:14: Key Entry ... OK
2014/11/14 13:43:14: Complete.
2014/11/14 13:43:14: COM PORT CLOSE ... OK
2014/11/14 13:43:14: 
2014/11/14 13:43:14: ==== Processing was completed ====
2014/11/14 13:43:14: 
*************************************************


*********** Start the Initialize Key Check **********
2014/11/14 13:54:40: Tool Ver: 2013.0605.01
2014/11/14 13:54:40: COM PORT OPEN ... OK
2014/11/14 13:54:41:
2014/11/14 13:54:41: ProductS/N:  VRW06A114200083
2014/11/14 13:54:41: TID: 860409222AE62080
2014/11/14 13:54:41: F/W Version: 00.00.08
2014/11/14 13:54:41:
2014/11/14 13:54:41: MasterKey Key Entry ... OK
2014/11/14 13:54:41: PowerON Counter Key Entry ... OK
2014/11/14 13:54:41: Key Entry ... OK
2014/11/14 13:54:41: Complete.
2014/11/14 13:54:41: COM PORT CLOSE ... OK
2014/11/14 13:54:41: 
2014/11/14 13:54:41: ==== Processing was completed ====
2014/11/14 13:54:41: 
*************************************************


*********** Start the Initialize Key Check **********
2014/11/14 14:08:03: Tool Ver: 2013.0605.01
2014/11/14 14:08:03: COM PORT OPEN ... OK
2014/11/14 14:08:04:
2014/11/14 14:08:04: ProductS/N:  3X02819
2014/11/14 14:08:04: TID: 86041D1E2AE62080
2014/11/14 14:08:04: F/W Version: 00.00.08
2014/11/14 14:08:04:
2014/11/14 14:08:04: MasterKey Key Entry ... OK
2014/11/14 14:08:04: PowerON Counter Key Entry ... OK
2014/11/14 14:08:04: Key Entry ... OK
2014/11/14 14:08:04: Complete.
2014/11/14 14:08:04: COM PORT CLOSE ... OK
2014/11/14 14:08:04: 
2014/11/14 14:08:04: ==== Processing was completed ====
2014/11/14 14:08:04: 
*************************************************


*********** Start the Initialize Key Check **********
2014/11/14 14:09:05: Tool Ver: 2013.0605.01
2014/11/14 14:09:05: COM PORT OPEN ... OK
2014/11/14 14:09:05:
2014/11/14 14:09:05: ProductS/N:  VRW06A114200083
2014/11/14 14:09:05: TID: 860426126A9F2980
2014/11/14 14:09:05: F/W Version: 00.00.08
2014/11/14 14:09:05:
2014/11/14 14:09:05: MasterKey Key Entry ... OK
2014/11/14 14:09:05: PowerON Counter Key Entry ... OK
2014/11/14 14:09:05: [032] ... ERROR KeyNoCEK[20]
2014/11/14 14:09:05: [033] ... ERROR KeyNoCEK[20]
2014/11/14 14:09:05: [034] ... ERROR KeyNoCEK[20]
2014/11/14 14:09:05: [035] ... ERROR KeyNoCEK[20]
2014/11/14 14:09:05: [036] ... ERROR KeyNoCEK[20]
2014/11/14 14:09:05: [037] ... ERROR KeyNoCEK[20]
2014/11/14 14:09:05: [038] ... ERROR KeyNoCEK[20]
2014/11/14 14:09:05: [039] ... ERROR KeyNoCEK[20]
2014/11/14 14:09:05: [040] ... ERROR KeyNoCEK[20]
2014/11/14 14:09:05: [041] ... ERROR KeyNoCEK[20]
2014/11/14 14:09:05: [042] ... ERROR KeyNoCEK[20]
2014/11/14 14:09:05: [043] ... ERROR KeyNoCEK[20]
2014/11/14 14:09:05: [044] ... ERROR KeyNoCEK[20]
2014/11/14 14:09:05: [045] ... ERROR KeyNoCEK[20]
2014/11/14 14:09:05: [046] ... ERROR KeyNoCEK[20]
2014/11/14 14:09:05: [047] ... ERROR KeyNoCEK[20]
2014/11/14 14:09:05: [048] ... ERROR KeyNoCEK[30]
2014/11/14 14:09:05: [049] ... ERROR KeyNoCEK[30]
2014/11/14 14:09:05: [050] ... ERROR KeyNoCEK[30]
2014/11/14 14:09:05: [051] ... ERROR KeyNoCEK[30]
2014/11/14 14:09:05: [052] ... ERROR KeyNoCEK[30]
2014/11/14 14:09:05: [053] ... ERROR KeyNoCEK[30]
2014/11/14 14:09:05: [054] ... ERROR KeyNoCEK[30]
2014/11/14 14:09:06: [055] ... ERROR KeyNoCEK[30]
2014/11/14 14:09:06: [056] ... ERROR KeyNoCEK[30]
2014/11/14 14:09:06: [057] ... ERROR KeyNoCEK[30]
2014/11/14 14:09:06: [058] ... ERROR KeyNoCEK[30]
2014/11/14 14:09:06: [059] ... ERROR KeyNoCEK[30]
2014/11/14 14:09:06: [060] ... ERROR KeyNoCEK[30]
2014/11/14 14:09:06: [061] ... ERROR KeyNoCEK[30]
2014/11/14 14:09:06: [062] ... ERROR KeyNoCEK[30]
2014/11/14 14:09:06: [063] ... ERROR KeyNoCEK[30]
2014/11/14 14:09:06: [064] ... ERROR KeyNoCEK[40]
2014/11/14 14:09:06: [065] ... ERROR KeyNoCEK[40]
2014/11/14 14:09:06: [066] ... ERROR KeyNoCEK[40]
2014/11/14 14:09:06: [067] ... ERROR KeyNoCEK[40]
2014/11/14 14:09:06: [068] ... ERROR KeyNoCEK[40]
2014/11/14 14:09:06: [069] ... ERROR KeyNoCEK[40]
2014/11/14 14:09:06: [070] ... ERROR KeyNoCEK[40]
2014/11/14 14:09:06: [071] ... ERROR KeyNoCEK[40]
2014/11/14 14:09:06: [072] ... ERROR KeyNoCEK[40]
2014/11/14 14:09:06: [073] ... ERROR KeyNoCEK[40]
2014/11/14 14:09:06: [074] ... ERROR KeyNoCEK[40]
2014/11/14 14:09:06: [075] ... ERROR KeyNoCEK[40]
2014/11/14 14:09:06: [076] ... ERROR KeyNoCEK[40]
2014/11/14 14:09:06: [077] ... ERROR KeyNoCEK[40]
2014/11/14 14:09:06: [078] ... ERROR KeyNoCEK[40]
2014/11/14 14:09:06: [079] ... ERROR KeyNoCEK[40]
2014/11/14 14:09:06: [080] ... ERROR KeyNoCEK[50]
2014/11/14 14:09:06: [081] ... ERROR KeyNoCEK[50]
2014/11/14 14:09:06: [082] ... ERROR KeyNoCEK[50]
2014/11/14 14:09:06: [083] ... ERROR KeyNoCEK[50]
2014/11/14 14:09:06: [084] ... ERROR KeyNoCEK[50]
2014/11/14 14:09:06: [085] ... ERROR KeyNoCEK[50]
2014/11/14 14:09:06: [086] ... ERROR KeyNoCEK[50]
2014/11/14 14:09:06: [087] ... ERROR KeyNoCEK[50]
2014/11/14 14:09:06: [088] ... ERROR KeyNoCEK[58]
2014/11/14 14:09:06: [089] ... ERROR KeyNoCEK[58]
2014/11/14 14:09:06: [090] ... ERROR KeyNoCEK[58]
2014/11/14 14:09:06: [091] ... ERROR KeyNoCEK[58]
2014/11/14 14:09:06: [092] ... ERROR KeyNoCEK[58]
2014/11/14 14:09:06: [093] ... ERROR KeyNoCEK[58]
2014/11/14 14:09:06: [094] ... ERROR KeyNoCEK[58]
2014/11/14 14:09:06: [095] ... ERROR KeyNoCEK[58]
2014/11/14 14:09:06: [096] ... ERROR KeyNoCEK[60]
2014/11/14 14:09:06: [097] ... ERROR KeyNoCEK[60]
2014/11/14 14:09:06: [098] ... ERROR KeyNoCEK[60]
2014/11/14 14:09:06: [099] ... ERROR KeyNoCEK[60]
2014/11/14 14:09:06: [100] ... ERROR KeyNoCEK[60]
2014/11/14 14:09:06: [101] ... ERROR KeyNoCEK[60]
2014/11/14 14:09:06: [102] ... ERROR KeyNoCEK[60]
2014/11/14 14:09:06: [103] ... ERROR KeyNoCEK[60]
2014/11/14 14:09:06: [104] ... ERROR KeyNoCEK[68]
2014/11/14 14:09:06: [105] ... ERROR KeyNoCEK[68]
2014/11/14 14:09:06: [106] ... ERROR KeyNoCEK[68]
2014/11/14 14:09:06: [107] ... ERROR KeyNoCEK[68]
2014/11/14 14:09:06: [108] ... ERROR KeyNoCEK[68]
2014/11/14 14:09:06: [109] ... ERROR KeyNoCEK[68]
2014/11/14 14:09:06: [110] ... ERROR KeyNoCEK[68]
2014/11/14 14:09:06: [111] ... ERROR KeyNoCEK[68]
2014/11/14 14:09:06: [112] ... ERROR KeyNoCEK[70]
2014/11/14 14:09:06: [113] ... ERROR KeyNoCEK[70]
2014/11/14 14:09:06: [114] ... ERROR KeyNoCEK[70]
2014/11/14 14:09:06: [115] ... ERROR KeyNoCEK[70]
2014/11/14 14:09:06: [116] ... ERROR KeyNoCEK[70]
2014/11/14 14:09:06: [117] ... ERROR KeyNoCEK[70]
2014/11/14 14:09:06: [118] ... ERROR KeyNoCEK[70]
2014/11/14 14:09:06: [119] ... ERROR KeyNoCEK[70]
2014/11/14 14:09:06: [120] ... ERROR KeyNoCEK[78]
2014/11/14 14:09:06: [121] ... ERROR KeyNoCEK[78]
2014/11/14 14:09:06: [122] ... ERROR KeyNoCEK[78]
2014/11/14 14:09:06: [123] ... ERROR KeyNoCEK[78]
2014/11/14 14:09:06: [124] ... ERROR KeyNoCEK[78]
2014/11/14 14:09:06: [125] ... ERROR KeyNoCEK[78]
2014/11/14 14:09:06: [126] ... ERROR KeyNoCEK[78]
2014/11/14 14:09:06: [127] ... ERROR KeyNoCEK[78]
2014/11/14 14:09:06: COM PORT CLOSE ... OK
2014/11/14 14:09:06: 
2014/11/14 14:09:06: ######## Error has occurred ########
2014/11/14 14:09:06: 
*************************************************


*********** Start the Initialize Key Check **********
2014/11/14 14:09:51: Tool Ver: 2013.0605.01
2014/11/14 14:09:51: COM PORT OPEN ... OK
2014/11/14 14:09:51: AUTH1 POS ... ERROR(41)
2014/11/14 14:09:51:
2014/11/14 14:09:51: ProductS/N:  VRW06A114200083
2014/11/14 14:09:51: TID: 8604121E2AE62080
2014/11/14 14:09:51: F/W Version: 00.00.08
2014/11/14 14:09:51:
2014/11/14 14:09:51: MasterKey Key Entry... ERROR
2014/11/14 14:09:51: PowerON Counter Key Entry... ERROR
2014/11/14 14:09:51: COM PORT CLOSE ... OK
2014/11/14 14:09:51: 
2014/11/14 14:09:51: ######## Error has occurred ########
2014/11/14 14:09:51: 
*************************************************


*********** Start the Initialize Key Check **********
2014/11/14 14:20:58: Tool Ver: 2013.0605.01
2014/11/14 14:20:58: COM PORT OPEN ... OK
2014/11/14 14:20:58:
2014/11/14 14:20:58: ProductS/N:  4401813
2014/11/14 14:20:58: TID: 8604171C2AE62080
2014/11/14 14:20:58: F/W Version: 00.00.08
2014/11/14 14:20:58:
2014/11/14 14:20:58: MasterKey Key Entry ... OK
2014/11/14 14:20:58: PowerON Counter Key Entry ... OK
2014/11/14 14:20:59: Key Entry ... OK
2014/11/14 14:20:59: Complete.
2014/11/14 14:20:59: COM PORT CLOSE ... OK
2014/11/14 14:20:59: 
2014/11/14 14:20:59: ==== Processing was completed ====
2014/11/14 14:20:59: 
*************************************************


*********** Start the Initialize Key Check **********
2014/11/14 14:25:36: Tool Ver: 2013.0605.01
2014/11/14 14:25:36: COM PORT OPEN ... OK
2014/11/14 14:25:37: AUTH1 POS ... ERROR(41)
2014/11/14 14:25:37:
2014/11/14 14:25:37: ProductS/N:  VRW06A114200083
2014/11/14 14:25:37: TID: 8604121E2AE62080
2014/11/14 14:25:37: F/W Version: 00.00.08
2014/11/14 14:25:37:
2014/11/14 14:25:37: MasterKey Key Entry... ERROR
2014/11/14 14:25:37: PowerON Counter Key Entry... ERROR
2014/11/14 14:25:37: COM PORT CLOSE ... OK
2014/11/14 14:25:37: 
2014/11/14 14:25:37: ######## Error has occurred ########
2014/11/14 14:25:37: 
*************************************************


*********** Start the Initialize Key Check **********
2014/11/14 14:26:06: Tool Ver: 2013.0605.01
2014/11/14 14:26:06: Product S/N ... ERROR
2014/11/14 14:26:06: 
2014/11/14 14:26:06: ######## Error has occurred ########
2014/11/14 14:26:06: 
*************************************************


*********** Start the Initialize Key Check **********
2014/11/14 14:26:13: Tool Ver: 2013.0605.01
2014/11/14 14:26:13: COM PORT OPEN ... OK
2014/11/14 14:26:13:
2014/11/14 14:26:13: ProductS/N:  VRW06A114200083
2014/11/14 14:26:13: TID: 860426126A9F2980
2014/11/14 14:26:13: F/W Version: 00.00.08
2014/11/14 14:26:13:
2014/11/14 14:26:13: MasterKey Key Entry ... OK
2014/11/14 14:26:13: PowerON Counter Key Entry ... OK
2014/11/14 14:26:13: [032] ... ERROR KeyNoCEK[20]
2014/11/14 14:26:13: [033] ... ERROR KeyNoCEK[20]
2014/11/14 14:26:13: [034] ... ERROR KeyNoCEK[20]
2014/11/14 14:26:13: [035] ... ERROR KeyNoCEK[20]
2014/11/14 14:26:13: [036] ... ERROR KeyNoCEK[20]
2014/11/14 14:26:13: [037] ... ERROR KeyNoCEK[20]
2014/11/14 14:26:13: [038] ... ERROR KeyNoCEK[20]
2014/11/14 14:26:13: [039] ... ERROR KeyNoCEK[20]
2014/11/14 14:26:13: [040] ... ERROR KeyNoCEK[20]
2014/11/14 14:26:13: [041] ... ERROR KeyNoCEK[20]
2014/11/14 14:26:13: [042] ... ERROR KeyNoCEK[20]
2014/11/14 14:26:13: [043] ... ERROR KeyNoCEK[20]
2014/11/14 14:26:13: [044] ... ERROR KeyNoCEK[20]
2014/11/14 14:26:13: [045] ... ERROR KeyNoCEK[20]
2014/11/14 14:26:13: [046] ... ERROR KeyNoCEK[20]
2014/11/14 14:26:13: [047] ... ERROR KeyNoCEK[20]
2014/11/14 14:26:13: [048] ... ERROR KeyNoCEK[30]
2014/11/14 14:26:13: [049] ... ERROR KeyNoCEK[30]
2014/11/14 14:26:13: [050] ... ERROR KeyNoCEK[30]
2014/11/14 14:26:13: [051] ... ERROR KeyNoCEK[30]
2014/11/14 14:26:13: [052] ... ERROR KeyNoCEK[30]
2014/11/14 14:26:13: [053] ... ERROR KeyNoCEK[30]
2014/11/14 14:26:13: [054] ... ERROR KeyNoCEK[30]
2014/11/14 14:26:13: [055] ... ERROR KeyNoCEK[30]
2014/11/14 14:26:13: [056] ... ERROR KeyNoCEK[30]
2014/11/14 14:26:13: [057] ... ERROR KeyNoCEK[30]
2014/11/14 14:26:13: [058] ... ERROR KeyNoCEK[30]
2014/11/14 14:26:13: [059] ... ERROR KeyNoCEK[30]
2014/11/14 14:26:14: [060] ... ERROR KeyNoCEK[30]
2014/11/14 14:26:14: [061] ... ERROR KeyNoCEK[30]
2014/11/14 14:26:14: [062] ... ERROR KeyNoCEK[30]
2014/11/14 14:26:14: [063] ... ERROR KeyNoCEK[30]
2014/11/14 14:26:14: [064] ... ERROR KeyNoCEK[40]
2014/11/14 14:26:14: [065] ... ERROR KeyNoCEK[40]
2014/11/14 14:26:14: [066] ... ERROR KeyNoCEK[40]
2014/11/14 14:26:14: [067] ... ERROR KeyNoCEK[40]
2014/11/14 14:26:14: [068] ... ERROR KeyNoCEK[40]
2014/11/14 14:26:14: [069] ... ERROR KeyNoCEK[40]
2014/11/14 14:26:14: [070] ... ERROR KeyNoCEK[40]
2014/11/14 14:26:14: [071] ... ERROR KeyNoCEK[40]
2014/11/14 14:26:14: [072] ... ERROR KeyNoCEK[40]
2014/11/14 14:26:14: [073] ... ERROR KeyNoCEK[40]
2014/11/14 14:26:14: [074] ... ERROR KeyNoCEK[40]
2014/11/14 14:26:14: [075] ... ERROR KeyNoCEK[40]
2014/11/14 14:26:14: [076] ... ERROR KeyNoCEK[40]
2014/11/14 14:26:14: [077] ... ERROR KeyNoCEK[40]
2014/11/14 14:26:14: [078] ... ERROR KeyNoCEK[40]
2014/11/14 14:26:14: [079] ... ERROR KeyNoCEK[40]
2014/11/14 14:26:14: [080] ... ERROR KeyNoCEK[50]
2014/11/14 14:26:14: [081] ... ERROR KeyNoCEK[50]
2014/11/14 14:26:14: [082] ... ERROR KeyNoCEK[50]
2014/11/14 14:26:14: [083] ... ERROR KeyNoCEK[50]
2014/11/14 14:26:14: [084] ... ERROR KeyNoCEK[50]
2014/11/14 14:26:14: [085] ... ERROR KeyNoCEK[50]
2014/11/14 14:26:14: [086] ... ERROR KeyNoCEK[50]
2014/11/14 14:26:14: [087] ... ERROR KeyNoCEK[50]
2014/11/14 14:26:14: [088] ... ERROR KeyNoCEK[58]
2014/11/14 14:26:14: [089] ... ERROR KeyNoCEK[58]
2014/11/14 14:26:14: [090] ... ERROR KeyNoCEK[58]
2014/11/14 14:26:14: [091] ... ERROR KeyNoCEK[58]
2014/11/14 14:26:14: [092] ... ERROR KeyNoCEK[58]
2014/11/14 14:26:14: [093] ... ERROR KeyNoCEK[58]
2014/11/14 14:26:14: [094] ... ERROR KeyNoCEK[58]
2014/11/14 14:26:14: [095] ... ERROR KeyNoCEK[58]
2014/11/14 14:26:14: [096] ... ERROR KeyNoCEK[60]
2014/11/14 14:26:14: [097] ... ERROR KeyNoCEK[60]
2014/11/14 14:26:14: [098] ... ERROR KeyNoCEK[60]
2014/11/14 14:26:14: [099] ... ERROR KeyNoCEK[60]
2014/11/14 14:26:14: [100] ... ERROR KeyNoCEK[60]
2014/11/14 14:26:14: [101] ... ERROR KeyNoCEK[60]
2014/11/14 14:26:14: [102] ... ERROR KeyNoCEK[60]
2014/11/14 14:26:14: [103] ... ERROR KeyNoCEK[60]
2014/11/14 14:26:14: [104] ... ERROR KeyNoCEK[68]
2014/11/14 14:26:14: [105] ... ERROR KeyNoCEK[68]
2014/11/14 14:26:14: [106] ... ERROR KeyNoCEK[68]
2014/11/14 14:26:14: [107] ... ERROR KeyNoCEK[68]
2014/11/14 14:26:14: [108] ... ERROR KeyNoCEK[68]
2014/11/14 14:26:14: [109] ... ERROR KeyNoCEK[68]
2014/11/14 14:26:14: [110] ... ERROR KeyNoCEK[68]
2014/11/14 14:26:14: [111] ... ERROR KeyNoCEK[68]
2014/11/14 14:26:14: [112] ... ERROR KeyNoCEK[70]
2014/11/14 14:26:14: [113] ... ERROR KeyNoCEK[70]
2014/11/14 14:26:14: [114] ... ERROR KeyNoCEK[70]
2014/11/14 14:26:14: [115] ... ERROR KeyNoCEK[70]
2014/11/14 14:26:14: [116] ... ERROR KeyNoCEK[70]
2014/11/14 14:26:14: [117] ... ERROR KeyNoCEK[70]
2014/11/14 14:26:14: [118] ... ERROR KeyNoCEK[70]
2014/11/14 14:26:14: [119] ... ERROR KeyNoCEK[70]
2014/11/14 14:26:14: [120] ... ERROR KeyNoCEK[78]
2014/11/14 14:26:14: [121] ... ERROR KeyNoCEK[78]
2014/11/14 14:26:14: [122] ... ERROR KeyNoCEK[78]
2014/11/14 14:26:14: [123] ... ERROR KeyNoCEK[78]
2014/11/14 14:26:14: [124] ... ERROR KeyNoCEK[78]
2014/11/14 14:26:14: [125] ... ERROR KeyNoCEK[78]
2014/11/14 14:26:14: [126] ... ERROR KeyNoCEK[78]
2014/11/14 14:26:14: [127] ... ERROR KeyNoCEK[78]
2014/11/14 14:26:14: COM PORT CLOSE ... OK
2014/11/14 14:26:14: 
2014/11/14 14:26:14: ######## Error has occurred ########
2014/11/14 14:26:14: 
*************************************************


*********** Start the Initialize Key Check **********
2014/11/14 14:45:00: Tool Ver: 2013.0605.01
2014/11/14 14:45:00: COM PORT OPEN ... OK
2014/11/14 14:45:00: AUTH1 POS ... ERROR(41)
2014/11/14 14:45:00:
2014/11/14 14:45:00: ProductS/N:  VRW06A114Y00713
2014/11/14 14:45:00: TID: 8604121E2AE62080
2014/11/14 14:45:00: F/W Version: 00.00.08
2014/11/14 14:45:00:
2014/11/14 14:45:00: MasterKey Key Entry... ERROR
2014/11/14 14:45:00: PowerON Counter Key Entry... ERROR
2014/11/14 14:45:01: COM PORT CLOSE ... OK
2014/11/14 14:45:01: 
2014/11/14 14:45:01: ######## Error has occurred ########
2014/11/14 14:45:01: 
*************************************************


*********** Start the Initialize Key Check **********
2014/11/14 16:25:42: Tool Ver: 2013.0605.01
2014/11/14 16:25:42: COM PORT OPEN ... OK
2014/11/14 16:25:42:
2014/11/14 16:25:42: ProductS/N:  3801151
2014/11/14 16:25:42: TID: 86042F20025B2980
2014/11/14 16:25:42: F/W Version: 00.00.08
2014/11/14 16:25:42:
2014/11/14 16:25:42: MasterKey Key Entry ... OK
2014/11/14 16:25:42: PowerON Counter Key Entry ... OK
2014/11/14 16:25:42: [032] ... ERROR KeyNoCEK[20]
2014/11/14 16:25:42: [033] ... ERROR KeyNoCEK[20]
2014/11/14 16:25:42: [034] ... ERROR KeyNoCEK[20]
2014/11/14 16:25:42: [035] ... ERROR KeyNoCEK[20]
2014/11/14 16:25:42: [036] ... ERROR KeyNoCEK[20]
2014/11/14 16:25:42: [037] ... ERROR KeyNoCEK[20]
2014/11/14 16:25:42: [038] ... ERROR KeyNoCEK[20]
2014/11/14 16:25:42: [039] ... ERROR KeyNoCEK[20]
2014/11/14 16:25:42: [040] ... ERROR KeyNoCEK[20]
2014/11/14 16:25:42: [041] ... ERROR KeyNoCEK[20]
2014/11/14 16:25:42: [042] ... ERROR KeyNoCEK[20]
2014/11/14 16:25:42: [043] ... ERROR KeyNoCEK[20]
2014/11/14 16:25:42: [044] ... ERROR KeyNoCEK[20]
2014/11/14 16:25:42: [045] ... ERROR KeyNoCEK[20]
2014/11/14 16:25:42: [046] ... ERROR KeyNoCEK[20]
2014/11/14 16:25:42: [047] ... ERROR KeyNoCEK[20]
2014/11/14 16:25:42: [048] ... ERROR KeyNoCEK[30]
2014/11/14 16:25:42: [049] ... ERROR KeyNoCEK[30]
2014/11/14 16:25:42: [050] ... ERROR KeyNoCEK[30]
2014/11/14 16:25:42: [051] ... ERROR KeyNoCEK[30]
2014/11/14 16:25:42: [052] ... ERROR KeyNoCEK[30]
2014/11/14 16:25:42: [053] ... ERROR KeyNoCEK[30]
2014/11/14 16:25:42: [054] ... ERROR KeyNoCEK[30]
2014/11/14 16:25:42: [055] ... ERROR KeyNoCEK[30]
2014/11/14 16:25:42: [056] ... ERROR KeyNoCEK[30]
2014/11/14 16:25:42: [057] ... ERROR KeyNoCEK[30]
2014/11/14 16:25:42: [058] ... ERROR KeyNoCEK[30]
2014/11/14 16:25:42: [059] ... ERROR KeyNoCEK[30]
2014/11/14 16:25:42: [060] ... ERROR KeyNoCEK[30]
2014/11/14 16:25:42: [061] ... ERROR KeyNoCEK[30]
2014/11/14 16:25:42: [062] ... ERROR KeyNoCEK[30]
2014/11/14 16:25:42: [063] ... ERROR KeyNoCEK[30]
2014/11/14 16:25:42: [064] ... ERROR KeyNoCEK[40]
2014/11/14 16:25:42: [065] ... ERROR KeyNoCEK[40]
2014/11/14 16:25:42: [066] ... ERROR KeyNoCEK[40]
2014/11/14 16:25:42: [067] ... ERROR KeyNoCEK[40]
2014/11/14 16:25:42: [068] ... ERROR KeyNoCEK[40]
2014/11/14 16:25:42: [069] ... ERROR KeyNoCEK[40]
2014/11/14 16:25:42: [070] ... ERROR KeyNoCEK[40]
2014/11/14 16:25:42: [071] ... ERROR KeyNoCEK[40]
2014/11/14 16:25:42: [072] ... ERROR KeyNoCEK[40]
2014/11/14 16:25:42: [073] ... ERROR KeyNoCEK[40]
2014/11/14 16:25:42: [074] ... ERROR KeyNoCEK[40]
2014/11/14 16:25:42: [075] ... ERROR KeyNoCEK[40]
2014/11/14 16:25:42: [076] ... ERROR KeyNoCEK[40]
2014/11/14 16:25:42: [077] ... ERROR KeyNoCEK[40]
2014/11/14 16:25:42: [078] ... ERROR KeyNoCEK[40]
2014/11/14 16:25:42: [079] ... ERROR KeyNoCEK[40]
2014/11/14 16:25:42: [080] ... ERROR KeyNoCEK[50]
2014/11/14 16:25:42: [081] ... ERROR KeyNoCEK[50]
2014/11/14 16:25:42: [082] ... ERROR KeyNoCEK[50]
2014/11/14 16:25:42: [083] ... ERROR KeyNoCEK[50]
2014/11/14 16:25:42: [084] ... ERROR KeyNoCEK[50]
2014/11/14 16:25:42: [085] ... ERROR KeyNoCEK[50]
2014/11/14 16:25:42: [086] ... ERROR KeyNoCEK[50]
2014/11/14 16:25:42: [087] ... ERROR KeyNoCEK[50]
2014/11/14 16:25:42: [088] ... ERROR KeyNoCEK[58]
2014/11/14 16:25:42: [089] ... ERROR KeyNoCEK[58]
2014/11/14 16:25:42: [090] ... ERROR KeyNoCEK[58]
2014/11/14 16:25:42: [091] ... ERROR KeyNoCEK[58]
2014/11/14 16:25:42: [092] ... ERROR KeyNoCEK[58]
2014/11/14 16:25:42: [093] ... ERROR KeyNoCEK[58]
2014/11/14 16:25:42: [094] ... ERROR KeyNoCEK[58]
2014/11/14 16:25:42: [095] ... ERROR KeyNoCEK[58]
2014/11/14 16:25:42: [096] ... ERROR KeyNoCEK[60]
2014/11/14 16:25:42: [097] ... ERROR KeyNoCEK[60]
2014/11/14 16:25:42: [098] ... ERROR KeyNoCEK[60]
2014/11/14 16:25:42: [099] ... ERROR KeyNoCEK[60]
2014/11/14 16:25:42: [100] ... ERROR KeyNoCEK[60]
2014/11/14 16:25:42: [101] ... ERROR KeyNoCEK[60]
2014/11/14 16:25:42: [102] ... ERROR KeyNoCEK[60]
2014/11/14 16:25:42: [103] ... ERROR KeyNoCEK[60]
2014/11/14 16:25:42: [104] ... ERROR KeyNoCEK[68]
2014/11/14 16:25:42: [105] ... ERROR KeyNoCEK[68]
2014/11/14 16:25:42: [106] ... ERROR KeyNoCEK[68]
2014/11/14 16:25:42: [107] ... ERROR KeyNoCEK[68]
2014/11/14 16:25:42: [108] ... ERROR KeyNoCEK[68]
2014/11/14 16:25:42: [109] ... ERROR KeyNoCEK[68]
2014/11/14 16:25:42: [110] ... ERROR KeyNoCEK[68]
2014/11/14 16:25:42: [111] ... ERROR KeyNoCEK[68]
2014/11/14 16:25:42: [112] ... ERROR KeyNoCEK[70]
2014/11/14 16:25:42: [113] ... ERROR KeyNoCEK[70]
2014/11/14 16:25:42: [114] ... ERROR KeyNoCEK[70]
2014/11/14 16:25:42: [115] ... ERROR KeyNoCEK[70]
2014/11/14 16:25:42: [116] ... ERROR KeyNoCEK[70]
2014/11/14 16:25:42: [117] ... ERROR KeyNoCEK[70]
2014/11/14 16:25:43: [118] ... ERROR KeyNoCEK[70]
2014/11/14 16:25:43: [119] ... ERROR KeyNoCEK[70]
2014/11/14 16:25:43: [120] ... ERROR KeyNoCEK[78]
2014/11/14 16:25:43: [121] ... ERROR KeyNoCEK[78]
2014/11/14 16:25:43: [122] ... ERROR KeyNoCEK[78]
2014/11/14 16:25:43: [123] ... ERROR KeyNoCEK[78]
2014/11/14 16:25:43: [124] ... ERROR KeyNoCEK[78]
2014/11/14 16:25:43: [125] ... ERROR KeyNoCEK[78]
2014/11/14 16:25:43: [126] ... ERROR KeyNoCEK[78]
2014/11/14 16:25:43: [127] ... ERROR KeyNoCEK[78]
2014/11/14 16:25:43: COM PORT CLOSE ... OK
2014/11/14 16:25:43: 
2014/11/14 16:25:43: ######## Error has occurred ########
2014/11/14 16:25:43: 
*************************************************


*********** Start the Initialize Key Check **********
2014/11/14 16:26:34: Tool Ver: 2013.0605.01
2014/11/14 16:26:34: COM PORT OPEN ... OK
2014/11/14 16:26:34:
2014/11/14 16:26:34: ProductS/N:  vrw06a113801151
2014/11/14 16:26:34: TID: 86042F20025B2980
2014/11/14 16:26:34: F/W Version: 00.00.08
2014/11/14 16:26:34:
2014/11/14 16:26:34: MasterKey Key Entry ... OK
2014/11/14 16:26:34: PowerON Counter Key Entry ... OK
2014/11/14 16:26:34: [032] ... ERROR KeyNoCEK[20]
2014/11/14 16:26:34: [033] ... ERROR KeyNoCEK[20]
2014/11/14 16:26:34: [034] ... ERROR KeyNoCEK[20]
2014/11/14 16:26:34: [035] ... ERROR KeyNoCEK[20]
2014/11/14 16:26:34: [036] ... ERROR KeyNoCEK[20]
2014/11/14 16:26:34: [037] ... ERROR KeyNoCEK[20]
2014/11/14 16:26:34: [038] ... ERROR KeyNoCEK[20]
2014/11/14 16:26:34: [039] ... ERROR KeyNoCEK[20]
2014/11/14 16:26:34: [040] ... ERROR KeyNoCEK[20]
2014/11/14 16:26:34: [041] ... ERROR KeyNoCEK[20]
2014/11/14 16:26:34: [042] ... ERROR KeyNoCEK[20]
2014/11/14 16:26:34: [043] ... ERROR KeyNoCEK[20]
2014/11/14 16:26:34: [044] ... ERROR KeyNoCEK[20]
2014/11/14 16:26:34: [045] ... ERROR KeyNoCEK[20]
2014/11/14 16:26:34: [046] ... ERROR KeyNoCEK[20]
2014/11/14 16:26:34: [047] ... ERROR KeyNoCEK[20]
2014/11/14 16:26:34: [048] ... ERROR KeyNoCEK[30]
2014/11/14 16:26:34: [049] ... ERROR KeyNoCEK[30]
2014/11/14 16:26:34: [050] ... ERROR KeyNoCEK[30]
2014/11/14 16:26:34: [051] ... ERROR KeyNoCEK[30]
2014/11/14 16:26:34: [052] ... ERROR KeyNoCEK[30]
2014/11/14 16:26:34: [053] ... ERROR KeyNoCEK[30]
2014/11/14 16:26:34: [054] ... ERROR KeyNoCEK[30]
2014/11/14 16:26:34: [055] ... ERROR KeyNoCEK[30]
2014/11/14 16:26:34: [056] ... ERROR KeyNoCEK[30]
2014/11/14 16:26:34: [057] ... ERROR KeyNoCEK[30]
2014/11/14 16:26:34: [058] ... ERROR KeyNoCEK[30]
2014/11/14 16:26:34: [059] ... ERROR KeyNoCEK[30]
2014/11/14 16:26:34: [060] ... ERROR KeyNoCEK[30]
2014/11/14 16:26:34: [061] ... ERROR KeyNoCEK[30]
2014/11/14 16:26:35: [062] ... ERROR KeyNoCEK[30]
2014/11/14 16:26:35: [063] ... ERROR KeyNoCEK[30]
2014/11/14 16:26:35: [064] ... ERROR KeyNoCEK[40]
2014/11/14 16:26:35: [065] ... ERROR KeyNoCEK[40]
2014/11/14 16:26:35: [066] ... ERROR KeyNoCEK[40]
2014/11/14 16:26:35: [067] ... ERROR KeyNoCEK[40]
2014/11/14 16:26:35: [068] ... ERROR KeyNoCEK[40]
2014/11/14 16:26:35: [069] ... ERROR KeyNoCEK[40]
2014/11/14 16:26:35: [070] ... ERROR KeyNoCEK[40]
2014/11/14 16:26:35: [071] ... ERROR KeyNoCEK[40]
2014/11/14 16:26:35: [072] ... ERROR KeyNoCEK[40]
2014/11/14 16:26:35: [073] ... ERROR KeyNoCEK[40]
2014/11/14 16:26:35: [074] ... ERROR KeyNoCEK[40]
2014/11/14 16:26:35: [075] ... ERROR KeyNoCEK[40]
2014/11/14 16:26:35: [076] ... ERROR KeyNoCEK[40]
2014/11/14 16:26:35: [077] ... ERROR KeyNoCEK[40]
2014/11/14 16:26:35: [078] ... ERROR KeyNoCEK[40]
2014/11/14 16:26:35: [079] ... ERROR KeyNoCEK[40]
2014/11/14 16:26:35: [080] ... ERROR KeyNoCEK[50]
2014/11/14 16:26:35: [081] ... ERROR KeyNoCEK[50]
2014/11/14 16:26:35: [082] ... ERROR KeyNoCEK[50]
2014/11/14 16:26:35: [083] ... ERROR KeyNoCEK[50]
2014/11/14 16:26:35: [084] ... ERROR KeyNoCEK[50]
2014/11/14 16:26:35: [085] ... ERROR KeyNoCEK[50]
2014/11/14 16:26:35: [086] ... ERROR KeyNoCEK[50]
2014/11/14 16:26:35: [087] ... ERROR KeyNoCEK[50]
2014/11/14 16:26:35: [088] ... ERROR KeyNoCEK[58]
2014/11/14 16:26:35: [089] ... ERROR KeyNoCEK[58]
2014/11/14 16:26:35: [090] ... ERROR KeyNoCEK[58]
2014/11/14 16:26:35: [091] ... ERROR KeyNoCEK[58]
2014/11/14 16:26:35: [092] ... ERROR KeyNoCEK[58]
2014/11/14 16:26:35: [093] ... ERROR KeyNoCEK[58]
2014/11/14 16:26:35: [094] ... ERROR KeyNoCEK[58]
2014/11/14 16:26:35: [095] ... ERROR KeyNoCEK[58]
2014/11/14 16:26:35: [096] ... ERROR KeyNoCEK[60]
2014/11/14 16:26:35: [097] ... ERROR KeyNoCEK[60]
2014/11/14 16:26:35: [098] ... ERROR KeyNoCEK[60]
2014/11/14 16:26:35: [099] ... ERROR KeyNoCEK[60]
2014/11/14 16:26:35: [100] ... ERROR KeyNoCEK[60]
2014/11/14 16:26:35: [101] ... ERROR KeyNoCEK[60]
2014/11/14 16:26:35: [102] ... ERROR KeyNoCEK[60]
2014/11/14 16:26:35: [103] ... ERROR KeyNoCEK[60]
2014/11/14 16:26:35: [104] ... ERROR KeyNoCEK[68]
2014/11/14 16:26:35: [105] ... ERROR KeyNoCEK[68]
2014/11/14 16:26:35: [106] ... ERROR KeyNoCEK[68]
2014/11/14 16:26:35: [107] ... ERROR KeyNoCEK[68]
2014/11/14 16:26:35: [108] ... ERROR KeyNoCEK[68]
2014/11/14 16:26:35: [109] ... ERROR KeyNoCEK[68]
2014/11/14 16:26:35: [110] ... ERROR KeyNoCEK[68]
2014/11/14 16:26:35: [111] ... ERROR KeyNoCEK[68]
2014/11/14 16:26:35: [112] ... ERROR KeyNoCEK[70]
2014/11/14 16:26:35: [113] ... ERROR KeyNoCEK[70]
2014/11/14 16:26:35: [114] ... ERROR KeyNoCEK[70]
2014/11/14 16:26:35: [115] ... ERROR KeyNoCEK[70]
2014/11/14 16:26:35: [116] ... ERROR KeyNoCEK[70]
2014/11/14 16:26:35: [117] ... ERROR KeyNoCEK[70]
2014/11/14 16:26:35: [118] ... ERROR KeyNoCEK[70]
2014/11/14 16:26:35: [119] ... ERROR KeyNoCEK[70]
2014/11/14 16:26:35: [120] ... ERROR KeyNoCEK[78]
2014/11/14 16:26:35: [121] ... ERROR KeyNoCEK[78]
2014/11/14 16:26:35: [122] ... ERROR KeyNoCEK[78]
2014/11/14 16:26:35: [123] ... ERROR KeyNoCEK[78]
2014/11/14 16:26:35: [124] ... ERROR KeyNoCEK[78]
2014/11/14 16:26:35: [125] ... ERROR KeyNoCEK[78]
2014/11/14 16:26:35: [126] ... ERROR KeyNoCEK[78]
2014/11/14 16:26:35: [127] ... ERROR KeyNoCEK[78]
2014/11/14 16:26:35: COM PORT CLOSE ... OK
2014/11/14 16:26:35: 
2014/11/14 16:26:35: ######## Error has occurred ########
2014/11/14 16:26:35: 
*************************************************


*********** Start the Initialize Key Check **********
2014/11/14 16:27:10: Tool Ver: 2013.0605.01
2014/11/14 16:27:10: COM PORT OPEN ... OK
2014/11/14 16:27:10:
2014/11/14 16:27:10: ProductS/N:  vrw06a113901507
2014/11/14 16:27:10: TID: 8604340BD2E52080
2014/11/14 16:27:10: F/W Version: 00.00.08
2014/11/14 16:27:10:
2014/11/14 16:27:10: MasterKey Key Entry ... OK
2014/11/14 16:27:10: PowerON Counter Key Entry ... OK
2014/11/14 16:27:11: Key Entry ... OK
2014/11/14 16:27:11: Complete.
2014/11/14 16:27:11: COM PORT CLOSE ... OK
2014/11/14 16:27:11: 
2014/11/14 16:27:11: ==== Processing was completed ====
2014/11/14 16:27:11: 
*************************************************


*********** Start the Initialize Key Check **********
2014/11/14 16:29:33: Tool Ver: 2013.0605.01
2014/11/14 16:29:33: COM PORT OPEN ... OK
2014/11/14 16:29:33:
2014/11/14 16:29:33: ProductS/N:  vrw06a114200847
2014/11/14 16:29:33: TID: 860423103AE62080
2014/11/14 16:29:33: F/W Version: 00.00.08
2014/11/14 16:29:33:
2014/11/14 16:29:33: MasterKey Key Entry ... OK
2014/11/14 16:29:33: PowerON Counter Key Entry ... OK
2014/11/14 16:29:33: Key Entry ... OK
2014/11/14 16:29:33: Complete.
2014/11/14 16:29:33: COM PORT CLOSE ... OK
2014/11/14 16:29:33: 
2014/11/14 16:29:33: ==== Processing was completed ====
2014/11/14 16:29:33: 
*************************************************


*********** Start the Initialize Key Check **********
2014/11/14 16:32:34: Tool Ver: 2013.0605.01
2014/11/14 16:32:34: COM PORT OPEN ... OK
2014/11/14 16:32:35:
2014/11/14 16:32:35: ProductS/N:  vrw06a213x00035
2014/11/14 16:32:35: TID: 86043014629F2980
2014/11/14 16:32:35: F/W Version: 00.00.08
2014/11/14 16:32:35:
2014/11/14 16:32:35: MasterKey Key Entry ... OK
2014/11/14 16:32:35: PowerON Counter Key Entry ... OK
2014/11/14 16:32:35: Key Entry ... OK
2014/11/14 16:32:35: Complete.
2014/11/14 16:32:35: COM PORT CLOSE ... OK
2014/11/14 16:32:35: 
2014/11/14 16:32:35: ==== Processing was completed ====
2014/11/14 16:32:35: 
*************************************************


*********** Start the Initialize Key Check **********
2014/11/14 16:33:12: Tool Ver: 2013.0605.01
2014/11/14 16:33:12: COM PORT OPEN ... OK
2014/11/14 16:33:12:
2014/11/14 16:33:12: ProductS/N:  vrw06a213801484
2014/11/14 16:33:12: TID: 86042A0B6A9F2980
2014/11/14 16:33:12: F/W Version: 00.00.08
2014/11/14 16:33:12:
2014/11/14 16:33:12: MasterKey Key Entry ... OK
2014/11/14 16:33:13: PowerON Counter Key Entry ... OK
2014/11/14 16:33:13: Key Entry ... OK
2014/11/14 16:33:13: Complete.
2014/11/14 16:33:13: COM PORT CLOSE ... OK
2014/11/14 16:33:13: 
2014/11/14 16:33:13: ==== Processing was completed ====
2014/11/14 16:33:13: 
*************************************************


*********** Start the Initialize Key Check **********
2014/11/14 16:35:52: Tool Ver: 2013.0605.01
2014/11/14 16:35:52: COM PORT OPEN ... OK
2014/11/14 16:35:52:
2014/11/14 16:35:52: ProductS/N:  vrw06a113801151
2014/11/14 16:35:52: TID: 86042F20025B2980
2014/11/14 16:35:52: F/W Version: 00.00.08
2014/11/14 16:35:52:
2014/11/14 16:35:52: MasterKey Key Entry ... OK
2014/11/14 16:35:52: PowerON Counter Key Entry ... OK
2014/11/14 16:35:52: [032] ... ERROR KeyNoCEK[20]
2014/11/14 16:35:52: [033] ... ERROR KeyNoCEK[20]
2014/11/14 16:35:52: [034] ... ERROR KeyNoCEK[20]
2014/11/14 16:35:52: [035] ... ERROR KeyNoCEK[20]
2014/11/14 16:35:52: [036] ... ERROR KeyNoCEK[20]
2014/11/14 16:35:52: [037] ... ERROR KeyNoCEK[20]
2014/11/14 16:35:52: [038] ... ERROR KeyNoCEK[20]
2014/11/14 16:35:52: [039] ... ERROR KeyNoCEK[20]
2014/11/14 16:35:52: [040] ... ERROR KeyNoCEK[20]
2014/11/14 16:35:52: [041] ... ERROR KeyNoCEK[20]
2014/11/14 16:35:52: [042] ... ERROR KeyNoCEK[20]
2014/11/14 16:35:52: [043] ... ERROR KeyNoCEK[20]
2014/11/14 16:35:52: [044] ... ERROR KeyNoCEK[20]
2014/11/14 16:35:52: [045] ... ERROR KeyNoCEK[20]
2014/11/14 16:35:52: [046] ... ERROR KeyNoCEK[20]
2014/11/14 16:35:52: [047] ... ERROR KeyNoCEK[20]
2014/11/14 16:35:52: [048] ... ERROR KeyNoCEK[30]
2014/11/14 16:35:52: [049] ... ERROR KeyNoCEK[30]
2014/11/14 16:35:52: [050] ... ERROR KeyNoCEK[30]
2014/11/14 16:35:52: [051] ... ERROR KeyNoCEK[30]
2014/11/14 16:35:52: [052] ... ERROR KeyNoCEK[30]
2014/11/14 16:35:52: [053] ... ERROR KeyNoCEK[30]
2014/11/14 16:35:52: [054] ... ERROR KeyNoCEK[30]
2014/11/14 16:35:52: [055] ... ERROR KeyNoCEK[30]
2014/11/14 16:35:52: [056] ... ERROR KeyNoCEK[30]
2014/11/14 16:35:52: [057] ... ERROR KeyNoCEK[30]
2014/11/14 16:35:52: [058] ... ERROR KeyNoCEK[30]
2014/11/14 16:35:52: [059] ... ERROR KeyNoCEK[30]
2014/11/14 16:35:52: [060] ... ERROR KeyNoCEK[30]
2014/11/14 16:35:52: [061] ... ERROR KeyNoCEK[30]
2014/11/14 16:35:52: [062] ... ERROR KeyNoCEK[30]
2014/11/14 16:35:52: [063] ... ERROR KeyNoCEK[30]
2014/11/14 16:35:52: [064] ... ERROR KeyNoCEK[40]
2014/11/14 16:35:52: [065] ... ERROR KeyNoCEK[40]
2014/11/14 16:35:52: [066] ... ERROR KeyNoCEK[40]
2014/11/14 16:35:52: [067] ... ERROR KeyNoCEK[40]
2014/11/14 16:35:52: [068] ... ERROR KeyNoCEK[40]
2014/11/14 16:35:52: [069] ... ERROR KeyNoCEK[40]
2014/11/14 16:35:52: [070] ... ERROR KeyNoCEK[40]
2014/11/14 16:35:52: [071] ... ERROR KeyNoCEK[40]
2014/11/14 16:35:52: [072] ... ERROR KeyNoCEK[40]
2014/11/14 16:35:52: [073] ... ERROR KeyNoCEK[40]
2014/11/14 16:35:52: [074] ... ERROR KeyNoCEK[40]
2014/11/14 16:35:52: [075] ... ERROR KeyNoCEK[40]
2014/11/14 16:35:52: [076] ... ERROR KeyNoCEK[40]
2014/11/14 16:35:52: [077] ... ERROR KeyNoCEK[40]
2014/11/14 16:35:52: [078] ... ERROR KeyNoCEK[40]
2014/11/14 16:35:52: [079] ... ERROR KeyNoCEK[40]
2014/11/14 16:35:52: [080] ... ERROR KeyNoCEK[50]
2014/11/14 16:35:52: [081] ... ERROR KeyNoCEK[50]
2014/11/14 16:35:52: [082] ... ERROR KeyNoCEK[50]
2014/11/14 16:35:52: [083] ... ERROR KeyNoCEK[50]
2014/11/14 16:35:52: [084] ... ERROR KeyNoCEK[50]
2014/11/14 16:35:52: [085] ... ERROR KeyNoCEK[50]
2014/11/14 16:35:52: [086] ... ERROR KeyNoCEK[50]
2014/11/14 16:35:52: [087] ... ERROR KeyNoCEK[50]
2014/11/14 16:35:52: [088] ... ERROR KeyNoCEK[58]
2014/11/14 16:35:52: [089] ... ERROR KeyNoCEK[58]
2014/11/14 16:35:53: [090] ... ERROR KeyNoCEK[58]
2014/11/14 16:35:53: [091] ... ERROR KeyNoCEK[58]
2014/11/14 16:35:53: [092] ... ERROR KeyNoCEK[58]
2014/11/14 16:35:53: [093] ... ERROR KeyNoCEK[58]
2014/11/14 16:35:53: [094] ... ERROR KeyNoCEK[58]
2014/11/14 16:35:53: [095] ... ERROR KeyNoCEK[58]
2014/11/14 16:35:53: [096] ... ERROR KeyNoCEK[60]
2014/11/14 16:35:53: [097] ... ERROR KeyNoCEK[60]
2014/11/14 16:35:53: [098] ... ERROR KeyNoCEK[60]
2014/11/14 16:35:53: [099] ... ERROR KeyNoCEK[60]
2014/11/14 16:35:53: [100] ... ERROR KeyNoCEK[60]
2014/11/14 16:35:53: [101] ... ERROR KeyNoCEK[60]
2014/11/14 16:35:53: [102] ... ERROR KeyNoCEK[60]
2014/11/14 16:35:53: [103] ... ERROR KeyNoCEK[60]
2014/11/14 16:35:53: [104] ... ERROR KeyNoCEK[68]
2014/11/14 16:35:53: [105] ... ERROR KeyNoCEK[68]
2014/11/14 16:35:53: [106] ... ERROR KeyNoCEK[68]
2014/11/14 16:35:53: [107] ... ERROR KeyNoCEK[68]
2014/11/14 16:35:53: [108] ... ERROR KeyNoCEK[68]
2014/11/14 16:35:53: [109] ... ERROR KeyNoCEK[68]
2014/11/14 16:35:53: [110] ... ERROR KeyNoCEK[68]
2014/11/14 16:35:53: [111] ... ERROR KeyNoCEK[68]
2014/11/14 16:35:53: [112] ... ERROR KeyNoCEK[70]
2014/11/14 16:35:53: [113] ... ERROR KeyNoCEK[70]
2014/11/14 16:35:53: [114] ... ERROR KeyNoCEK[70]
2014/11/14 16:35:53: [115] ... ERROR KeyNoCEK[70]
2014/11/14 16:35:53: [116] ... ERROR KeyNoCEK[70]
2014/11/14 16:35:53: [117] ... ERROR KeyNoCEK[70]
2014/11/14 16:35:53: [118] ... ERROR KeyNoCEK[70]
2014/11/14 16:35:53: [119] ... ERROR KeyNoCEK[70]
2014/11/14 16:35:53: [120] ... ERROR KeyNoCEK[78]
2014/11/14 16:35:53: [121] ... ERROR KeyNoCEK[78]
2014/11/14 16:35:53: [122] ... ERROR KeyNoCEK[78]
2014/11/14 16:35:53: [123] ... ERROR KeyNoCEK[78]
2014/11/14 16:35:53: [124] ... ERROR KeyNoCEK[78]
2014/11/14 16:35:53: [125] ... ERROR KeyNoCEK[78]
2014/11/14 16:35:53: [126] ... ERROR KeyNoCEK[78]
2014/11/14 16:35:53: [127] ... ERROR KeyNoCEK[78]
2014/11/14 16:35:53: COM PORT CLOSE ... OK
2014/11/14 16:35:53: 
2014/11/14 16:35:53: ######## Error has occurred ########
2014/11/14 16:35:53: 
*************************************************


*********** Start the Initialize Key Check **********
2014/11/14 16:38:01: Tool Ver: 2013.0605.01
2014/11/14 16:38:01: COM PORT OPEN ... OK
2014/11/14 16:38:01:
2014/11/14 16:38:01: ProductS/N:  vrw06a113801427
2014/11/14 16:38:01: TID: 86042B2D6A9F2980
2014/11/14 16:38:01: F/W Version: 00.00.08
2014/11/14 16:38:01:
2014/11/14 16:38:01: MasterKey Key Entry ... OK
2014/11/14 16:38:01: PowerON Counter Key Entry ... OK
2014/11/14 16:38:02: Key Entry ... OK
2014/11/14 16:38:02: Complete.
2014/11/14 16:38:02: COM PORT CLOSE ... OK
2014/11/14 16:38:02: 
2014/11/14 16:38:02: ==== Processing was completed ====
2014/11/14 16:38:02: 
*************************************************


*********** Start the Initialize Key Check **********
2014/11/14 16:50:49: Tool Ver: 2013.0605.01
2014/11/14 16:50:49: COM PORT OPEN ... OK
2014/11/14 16:50:49:
2014/11/14 16:50:49: ProductS/N:  4300002
2014/11/14 16:50:49: TID: 86042A36025B2980
2014/11/14 16:50:49: F/W Version: 00.00.08
2014/11/14 16:50:49:
2014/11/14 16:50:49: MasterKey Key Entry ... OK
2014/11/14 16:50:49: PowerON Counter Key Entry ... OK
2014/11/14 16:50:50: Key Entry ... OK
2014/11/14 16:50:50: Complete.
2014/11/14 16:50:50: COM PORT CLOSE ... OK
2014/11/14 16:50:50: 
2014/11/14 16:50:50: ==== Processing was completed ====
2014/11/14 16:50:50: 
*************************************************


