*********** Start the Initialize Key Check **********
2014/11/03 13:49:55: Tool Ver: 2013.0605.01
2014/11/03 13:49:55: COM PORT OPEN ... OK
2014/11/03 13:49:56:
2014/11/03 13:49:56: ProductS/N:  VRW06A114Y00008
2014/11/03 13:49:56: TID: 86040F38D2E52080
2014/11/03 13:49:56: F/W Version: 00.00.08
2014/11/03 13:49:56:
2014/11/03 13:49:56: MasterKey Key Entry ... OK
2014/11/03 13:49:56: PowerON Counter Key Entry ... OK
2014/11/03 13:49:56: Key Entry ... OK
2014/11/03 13:49:56: Complete.
2014/11/03 13:49:56: COM PORT CLOSE ... OK
2014/11/03 13:49:56: 
2014/11/03 13:49:56: ==== Processing was completed ====
2014/11/03 13:49:56: 
*************************************************


*********** Start the Initialize Key Check **********
2014/11/03 13:53:55: Tool Ver: 2013.0605.01
2014/11/03 13:53:55: COM PORT OPEN ... ERROR(01)
2014/11/03 13:53:55: 
2014/11/03 13:53:55: ######## Error has occurred ########
2014/11/03 13:53:55: 
*************************************************


*********** Start the Initialize Key Check **********
2014/11/03 13:54:01: Tool Ver: 2013.0605.01
2014/11/03 13:54:01: COM PORT OPEN ... ERROR(01)
2014/11/03 13:54:01: 
2014/11/03 13:54:01: ######## Error has occurred ########
2014/11/03 13:54:01: 
*************************************************


*********** Start the Initialize Key Check **********
2014/11/03 13:55:16: Tool Ver: 2013.0605.01
2014/11/03 13:55:16: COM PORT OPEN ... OK
2014/11/03 13:55:16:
2014/11/03 13:55:16: ProductS/N:  VRW06A114Y00009
2014/11/03 13:55:16: TID: 86043239D2E52080
2014/11/03 13:55:16: F/W Version: 00.00.08
2014/11/03 13:55:16:
2014/11/03 13:55:16: MasterKey Key Entry ... OK
2014/11/03 13:55:16: PowerON Counter Key Entry ... OK
2014/11/03 13:55:17: Key Entry ... OK
2014/11/03 13:55:17: Complete.
2014/11/03 13:55:17: COM PORT CLOSE ... OK
2014/11/03 13:55:17: 
2014/11/03 13:55:17: ==== Processing was completed ====
2014/11/03 13:55:17: 
*************************************************


*********** Start the Initialize Key Check **********
2014/11/03 13:58:44: Tool Ver: 2013.0605.01
2014/11/03 13:58:44: COM PORT OPEN ... OK
2014/11/03 13:58:44:
2014/11/03 13:58:44: ProductS/N:  VRW06A114Y00007
2014/11/03 13:58:44: TID: 860426163AE62080
2014/11/03 13:58:44: F/W Version: 00.00.08
2014/11/03 13:58:44:
2014/11/03 13:58:44: MasterKey Key Entry ... OK
2014/11/03 13:58:44: PowerON Counter Key Entry ... OK
2014/11/03 13:58:44: Key Entry ... OK
2014/11/03 13:58:44: Complete.
2014/11/03 13:58:44: COM PORT CLOSE ... OK
2014/11/03 13:58:44: 
2014/11/03 13:58:44: ==== Processing was completed ====
2014/11/03 13:58:44: 
*************************************************


*********** Start the Initialize Key Check **********
2014/11/03 14:01:47: Tool Ver: 2013.0605.01
2014/11/03 14:01:47: COM PORT OPEN ... OK
2014/11/03 14:01:47:
2014/11/03 14:01:47: ProductS/N:  VRW06A114Y00011
2014/11/03 14:01:47: TID: 86042938D2E52080
2014/11/03 14:01:47: F/W Version: 00.00.08
2014/11/03 14:01:47:
2014/11/03 14:01:47: MasterKey Key Entry ... OK
2014/11/03 14:01:47: PowerON Counter Key Entry ... OK
2014/11/03 14:01:48: Key Entry ... OK
2014/11/03 14:01:48: Complete.
2014/11/03 14:01:48: COM PORT CLOSE ... OK
2014/11/03 14:01:48: 
2014/11/03 14:01:48: ==== Processing was completed ====
2014/11/03 14:01:48: 
*************************************************


*********** Start the Initialize Key Check **********
2014/11/03 14:09:06: Tool Ver: 2013.0605.01
2014/11/03 14:09:06: COM PORT OPEN ... OK
2014/11/03 14:09:06:
2014/11/03 14:09:06: ProductS/N:  VRW06A114Y00014
2014/11/03 14:09:06: TID: 86042D39D2E52080
2014/11/03 14:09:06: F/W Version: 00.00.08
2014/11/03 14:09:06:
2014/11/03 14:09:06: MasterKey Key Entry ... OK
2014/11/03 14:09:06: PowerON Counter Key Entry ... OK
2014/11/03 14:09:07: Key Entry ... OK
2014/11/03 14:09:07: Complete.
2014/11/03 14:09:07: COM PORT CLOSE ... OK
2014/11/03 14:09:07: 
2014/11/03 14:09:07: ==== Processing was completed ====
2014/11/03 14:09:07: 
*************************************************


*********** Start the Initialize Key Check **********
2014/11/03 14:11:54: Tool Ver: 2013.0605.01
2014/11/03 14:11:54: COM PORT OPEN ... OK
2014/11/03 14:11:54:
2014/11/03 14:11:54: ProductS/N:  VRW06A114Y00012
2014/11/03 14:11:54: TID: 86043434D2E52080
2014/11/03 14:11:54: F/W Version: 00.00.08
2014/11/03 14:11:54:
2014/11/03 14:11:54: MasterKey Key Entry ... OK
2014/11/03 14:11:54: PowerON Counter Key Entry ... OK
2014/11/03 14:11:55: Key Entry ... OK
2014/11/03 14:11:55: Complete.
2014/11/03 14:11:55: COM PORT CLOSE ... OK
2014/11/03 14:11:55: 
2014/11/03 14:11:55: ==== Processing was completed ====
2014/11/03 14:11:55: 
*************************************************


*********** Start the Initialize Key Check **********
2014/11/03 14:15:43: Tool Ver: 2013.0605.01
2014/11/03 14:15:43: COM PORT OPEN ... OK
2014/11/03 14:15:43:
2014/11/03 14:15:43: ProductS/N:  VRW06A114Y00015
2014/11/03 14:15:43: TID: 86042536D2E52080
2014/11/03 14:15:43: F/W Version: 00.00.08
2014/11/03 14:15:43:
2014/11/03 14:15:43: MasterKey Key Entry ... OK
2014/11/03 14:15:43: PowerON Counter Key Entry ... OK
2014/11/03 14:15:43: Key Entry ... OK
2014/11/03 14:15:43: Complete.
2014/11/03 14:15:43: COM PORT CLOSE ... OK
2014/11/03 14:15:43: 
2014/11/03 14:15:43: ==== Processing was completed ====
2014/11/03 14:15:43: 
*************************************************


*********** Start the Initialize Key Check **********
2014/11/03 14:20:13: Tool Ver: 2013.0605.01
2014/11/03 14:20:13: COM PORT OPEN ... OK
2014/11/03 14:20:14:
2014/11/03 14:20:14: ProductS/N:  VRW06A114Y00004
2014/11/03 14:20:14: TID: 86041D202AE62080
2014/11/03 14:20:14: F/W Version: 00.00.08
2014/11/03 14:20:14:
2014/11/03 14:20:14: MasterKey Key Entry ... OK
2014/11/03 14:20:14: PowerON Counter Key Entry ... OK
2014/11/03 14:20:14: Key Entry ... OK
2014/11/03 14:20:14: Complete.
2014/11/03 14:20:14: COM PORT CLOSE ... OK
2014/11/03 14:20:14: 
2014/11/03 14:20:14: ==== Processing was completed ====
2014/11/03 14:20:14: 
*************************************************


*********** Start the Initialize Key Check **********
2014/11/03 14:25:25: Tool Ver: 2013.0605.01
2014/11/03 14:25:25: COM PORT OPEN ... OK
2014/11/03 14:25:25:
2014/11/03 14:25:25: ProductS/N:  VRW06A114Y00002
2014/11/03 14:25:25: TID: 86040C38D2E52080
2014/11/03 14:25:25: F/W Version: 00.00.08
2014/11/03 14:25:25:
2014/11/03 14:25:25: MasterKey Key Entry ... OK
2014/11/03 14:25:25: PowerON Counter Key Entry ... OK
2014/11/03 14:25:26: Key Entry ... OK
2014/11/03 14:25:26: Complete.
2014/11/03 14:25:26: COM PORT CLOSE ... OK
2014/11/03 14:25:26: 
2014/11/03 14:25:26: ==== Processing was completed ====
2014/11/03 14:25:26: 
*************************************************


*********** Start the Initialize Key Check **********
2014/11/03 14:29:08: Tool Ver: 2013.0605.01
2014/11/03 14:29:08: COM PORT OPEN ... OK
2014/11/03 14:29:08:
2014/11/03 14:29:08: ProductS/N:  VRW06A114Y00017
2014/11/03 14:29:08: TID: 8604293BD2E52080
2014/11/03 14:29:08: F/W Version: 00.00.08
2014/11/03 14:29:08:
2014/11/03 14:29:08: MasterKey Key Entry ... OK
2014/11/03 14:29:08: PowerON Counter Key Entry ... OK
2014/11/03 14:29:09: Key Entry ... OK
2014/11/03 14:29:09: Complete.
2014/11/03 14:29:09: COM PORT CLOSE ... OK
2014/11/03 14:29:09: 
2014/11/03 14:29:09: ==== Processing was completed ====
2014/11/03 14:29:09: 
*************************************************


*********** Start the Initialize Key Check **********
2014/11/03 14:35:47: Tool Ver: 2013.0605.01
2014/11/03 14:35:47: COM PORT OPEN ... OK
2014/11/03 14:35:48:
2014/11/03 14:35:48: ProductS/N:  VRW06A114Y00016
2014/11/03 14:35:48: TID: 86043337D2E52080
2014/11/03 14:35:48: F/W Version: 00.00.08
2014/11/03 14:35:48:
2014/11/03 14:35:48: MasterKey Key Entry ... OK
2014/11/03 14:35:48: PowerON Counter Key Entry ... OK
2014/11/03 14:35:48: Key Entry ... OK
2014/11/03 14:35:48: Complete.
2014/11/03 14:35:48: COM PORT CLOSE ... OK
2014/11/03 14:35:48: 
2014/11/03 14:35:48: ==== Processing was completed ====
2014/11/03 14:35:48: 
*************************************************


*********** Start the Initialize Key Check **********
2014/11/03 14:43:17: Tool Ver: 2013.0605.01
2014/11/03 14:43:17: COM PORT OPEN ... OK
2014/11/03 14:43:17:
2014/11/03 14:43:17: ProductS/N:  VRW06A114Y00022
2014/11/03 14:43:17: TID: 8604133CD2E52080
2014/11/03 14:43:17: F/W Version: 00.00.08
2014/11/03 14:43:17:
2014/11/03 14:43:17: MasterKey Key Entry ... OK
2014/11/03 14:43:17: PowerON Counter Key Entry ... OK
2014/11/03 14:43:18: Key Entry ... OK
2014/11/03 14:43:18: Complete.
2014/11/03 14:43:18: COM PORT CLOSE ... OK
2014/11/03 14:43:18: 
2014/11/03 14:43:18: ==== Processing was completed ====
2014/11/03 14:43:18: 
*************************************************


*********** Start the Initialize Key Check **********
2014/11/03 14:47:23: Tool Ver: 2013.0605.01
2014/11/03 14:47:23: COM PORT OPEN ... OK
2014/11/03 14:47:23:
2014/11/03 14:47:23: ProductS/N:  VRW06A114Y00006
2014/11/03 14:47:23: TID: 86042C3DD2E52080
2014/11/03 14:47:23: F/W Version: 00.00.08
2014/11/03 14:47:23:
2014/11/03 14:47:23: MasterKey Key Entry ... OK
2014/11/03 14:47:23: PowerON Counter Key Entry ... OK
2014/11/03 14:47:24: Key Entry ... OK
2014/11/03 14:47:24: Complete.
2014/11/03 14:47:24: COM PORT CLOSE ... OK
2014/11/03 14:47:24: 
2014/11/03 14:47:24: ==== Processing was completed ====
2014/11/03 14:47:24: 
*************************************************


*********** Start the Initialize Key Check **********
2014/11/03 14:51:29: Tool Ver: 2013.0605.01
2014/11/03 14:51:29: COM PORT OPEN ... OK
2014/11/03 14:51:29:
2014/11/03 14:51:29: ProductS/N:  VRW06A114Y00023
2014/11/03 14:51:29: TID: 86042340D2E52080
2014/11/03 14:51:29: F/W Version: 00.00.08
2014/11/03 14:51:29:
2014/11/03 14:51:29: MasterKey Key Entry ... OK
2014/11/03 14:51:29: PowerON Counter Key Entry ... OK
2014/11/03 14:51:30: Key Entry ... OK
2014/11/03 14:51:30: Complete.
2014/11/03 14:51:30: COM PORT CLOSE ... OK
2014/11/03 14:51:30: 
2014/11/03 14:51:30: ==== Processing was completed ====
2014/11/03 14:51:30: 
*************************************************


*********** Start the Initialize Key Check **********
2014/11/03 14:54:47: Tool Ver: 2013.0605.01
2014/11/03 14:54:47: COM PORT OPEN ... OK
2014/11/03 14:54:47:
2014/11/03 14:54:47: ProductS/N:  VRW06A114Y00005
2014/11/03 14:54:47: TID: 8604203CD2E52080
2014/11/03 14:54:47: F/W Version: 00.00.08
2014/11/03 14:54:47:
2014/11/03 14:54:47: MasterKey Key Entry ... OK
2014/11/03 14:54:47: PowerON Counter Key Entry ... OK
2014/11/03 14:54:48: Key Entry ... OK
2014/11/03 14:54:48: Complete.
2014/11/03 14:54:48: COM PORT CLOSE ... OK
2014/11/03 14:54:48: 
2014/11/03 14:54:48: ==== Processing was completed ====
2014/11/03 14:54:48: 
*************************************************


*********** Start the Initialize Key Check **********
2014/11/03 15:12:18: Tool Ver: 2013.0605.01
2014/11/03 15:12:18: COM PORT OPEN ... OK
2014/11/03 15:12:18:
2014/11/03 15:12:18: ProductS/N:  VRW06A114Y00021
2014/11/03 15:12:18: TID: 86042235D2E52080
2014/11/03 15:12:18: F/W Version: 00.00.08
2014/11/03 15:12:18:
2014/11/03 15:12:18: MasterKey Key Entry ... OK
2014/11/03 15:12:18: PowerON Counter Key Entry ... OK
2014/11/03 15:12:19: Key Entry ... OK
2014/11/03 15:12:19: Complete.
2014/11/03 15:12:19: COM PORT CLOSE ... OK
2014/11/03 15:12:19: 
2014/11/03 15:12:19: ==== Processing was completed ====
2014/11/03 15:12:19: 
*************************************************


*********** Start the Initialize Key Check **********
2014/11/03 15:16:53: Tool Ver: 2013.0605.01
2014/11/03 15:16:53: COM PORT OPEN ... OK
2014/11/03 15:16:53:
2014/11/03 15:16:53: ProductS/N:  VRW06A114Y00028
2014/11/03 15:16:53: TID: 86041A31D2E52080
2014/11/03 15:16:53: F/W Version: 00.00.08
2014/11/03 15:16:53:
2014/11/03 15:16:53: MasterKey Key Entry ... OK
2014/11/03 15:16:53: PowerON Counter Key Entry ... OK
2014/11/03 15:16:54: Key Entry ... OK
2014/11/03 15:16:54: Complete.
2014/11/03 15:16:54: COM PORT CLOSE ... OK
2014/11/03 15:16:54: 
2014/11/03 15:16:54: ==== Processing was completed ====
2014/11/03 15:16:54: 
*************************************************


*********** Start the Initialize Key Check **********
2014/11/03 15:29:37: Tool Ver: 2013.0605.01
2014/11/03 15:29:37: COM PORT OPEN ... OK
2014/11/03 15:29:37:
2014/11/03 15:29:37: ProductS/N:  VRW06A114Y00019
2014/11/03 15:29:37: TID: 86042637D2E52080
2014/11/03 15:29:37: F/W Version: 00.00.08
2014/11/03 15:29:37:
2014/11/03 15:29:37: MasterKey Key Entry ... OK
2014/11/03 15:29:38: PowerON Counter Key Entry ... OK
2014/11/03 15:29:38: Key Entry ... OK
2014/11/03 15:29:38: Complete.
2014/11/03 15:29:38: COM PORT CLOSE ... OK
2014/11/03 15:29:38: 
2014/11/03 15:29:38: ==== Processing was completed ====
2014/11/03 15:29:38: 
*************************************************


*********** Start the Initialize Key Check **********
2014/11/03 15:35:25: Tool Ver: 2013.0605.01
2014/11/03 15:35:25: COM PORT OPEN ... OK
2014/11/03 15:35:25:
2014/11/03 15:35:25: ProductS/N:  VRW06A114Y00025
2014/11/03 15:35:25: TID: 86043235D2E52080
2014/11/03 15:35:25: F/W Version: 00.00.08
2014/11/03 15:35:25:
2014/11/03 15:35:25: MasterKey Key Entry ... OK
2014/11/03 15:35:25: PowerON Counter Key Entry ... OK
2014/11/03 15:35:26: Key Entry ... OK
2014/11/03 15:35:26: Complete.
2014/11/03 15:35:26: COM PORT CLOSE ... OK
2014/11/03 15:35:26: 
2014/11/03 15:35:26: ==== Processing was completed ====
2014/11/03 15:35:26: 
*************************************************


*********** Start the Initialize Key Check **********
2014/11/03 15:43:56: Tool Ver: 2013.0605.01
2014/11/03 15:43:56: COM PORT OPEN ... OK
2014/11/03 15:43:56:
2014/11/03 15:43:56: ProductS/N:  VRW06A114Y00027
2014/11/03 15:43:56: TID: 8604422CD2E52080
2014/11/03 15:43:56: F/W Version: 00.00.08
2014/11/03 15:43:56:
2014/11/03 15:43:56: MasterKey Key Entry ... OK
2014/11/03 15:43:56: PowerON Counter Key Entry ... OK
2014/11/03 15:43:56: Key Entry ... OK
2014/11/03 15:43:56: Complete.
2014/11/03 15:43:56: COM PORT CLOSE ... OK
2014/11/03 15:43:56: 
2014/11/03 15:43:56: ==== Processing was completed ====
2014/11/03 15:43:56: 
*************************************************


*********** Start the Initialize Key Check **********
2014/11/03 15:55:42: Tool Ver: 2013.0605.01
2014/11/03 15:55:42: COM PORT OPEN ... OK
2014/11/03 15:55:42:
2014/11/03 15:55:42: ProductS/N:  RW06A114Y00033
2014/11/03 15:55:42: TID: 8604203ED2E52080
2014/11/03 15:55:42: F/W Version: 00.00.08
2014/11/03 15:55:42:
2014/11/03 15:55:42: MasterKey Key Entry ... OK
2014/11/03 15:55:42: PowerON Counter Key Entry ... OK
2014/11/03 15:55:43: Key Entry ... OK
2014/11/03 15:55:43: Complete.
2014/11/03 15:55:43: COM PORT CLOSE ... OK
2014/11/03 15:55:43: 
2014/11/03 15:55:43: ==== Processing was completed ====
2014/11/03 15:55:43: 
*************************************************


*********** Start the Initialize Key Check **********
2014/11/03 15:58:17: Tool Ver: 2013.0605.01
2014/11/03 15:58:17: COM PORT OPEN ... OK
2014/11/03 15:58:17:
2014/11/03 15:58:17: ProductS/N:  VRW06A114Y00020
2014/11/03 15:58:17: TID: 860432242AE62080
2014/11/03 15:58:17: F/W Version: 00.00.08
2014/11/03 15:58:17:
2014/11/03 15:58:17: MasterKey Key Entry ... OK
2014/11/03 15:58:17: PowerON Counter Key Entry ... OK
2014/11/03 15:58:17: Key Entry ... OK
2014/11/03 15:58:17: Complete.
2014/11/03 15:58:17: COM PORT CLOSE ... OK
2014/11/03 15:58:17: 
2014/11/03 15:58:17: ==== Processing was completed ====
2014/11/03 15:58:17: 
*************************************************


*********** Start the Initialize Key Check **********
2014/11/03 16:07:00: Tool Ver: 2013.0605.01
2014/11/03 16:07:00: COM PORT OPEN ... OK
2014/11/03 16:07:00:
2014/11/03 16:07:00: ProductS/N:  VRW06A114Y00031
2014/11/03 16:07:00: TID: 86043835D2E52080
2014/11/03 16:07:00: F/W Version: 00.00.08
2014/11/03 16:07:00:
2014/11/03 16:07:00: MasterKey Key Entry ... OK
2014/11/03 16:07:00: PowerON Counter Key Entry ... OK
2014/11/03 16:07:01: Key Entry ... OK
2014/11/03 16:07:01: Complete.
2014/11/03 16:07:01: COM PORT CLOSE ... OK
2014/11/03 16:07:01: 
2014/11/03 16:07:01: ==== Processing was completed ====
2014/11/03 16:07:01: 
*************************************************


*********** Start the Initialize Key Check **********
2014/11/03 16:10:01: Tool Ver: 2013.0605.01
2014/11/03 16:10:01: COM PORT OPEN ... OK
2014/11/03 16:10:02:
2014/11/03 16:10:02: ProductS/N:  VRW06A114Y00041
2014/11/03 16:10:02: TID: 86041839D2E52080
2014/11/03 16:10:02: F/W Version: 00.00.08
2014/11/03 16:10:02:
2014/11/03 16:10:02: MasterKey Key Entry ... OK
2014/11/03 16:10:02: PowerON Counter Key Entry ... OK
2014/11/03 16:10:02: Key Entry ... OK
2014/11/03 16:10:02: Complete.
2014/11/03 16:10:02: COM PORT CLOSE ... OK
2014/11/03 16:10:02: 
2014/11/03 16:10:02: ==== Processing was completed ====
2014/11/03 16:10:02: 
*************************************************


*********** Start the Initialize Key Check **********
2014/11/03 16:14:46: Tool Ver: 2013.0605.01
2014/11/03 16:14:46: COM PORT OPEN ... OK
2014/11/03 16:14:46:
2014/11/03 16:14:46: ProductS/N:  VRW06A114Y00036
2014/11/03 16:14:46: TID: 86041D3FD2E52080
2014/11/03 16:14:46: F/W Version: 00.00.08
2014/11/03 16:14:46:
2014/11/03 16:14:46: MasterKey Key Entry ... OK
2014/11/03 16:14:46: PowerON Counter Key Entry ... OK
2014/11/03 16:14:47: Key Entry ... OK
2014/11/03 16:14:47: Complete.
2014/11/03 16:14:47: COM PORT CLOSE ... OK
2014/11/03 16:14:47: 
2014/11/03 16:14:47: ==== Processing was completed ====
2014/11/03 16:14:47: 
*************************************************


*********** Start the Initialize Key Check **********
2014/11/03 16:17:29: Tool Ver: 2013.0605.01
2014/11/03 16:17:29: COM PORT OPEN ... OK
2014/11/03 16:17:29:
2014/11/03 16:17:29: ProductS/N:  VRW06A114Y00047
2014/11/03 16:17:29: TID: 86041A35D2E52080
2014/11/03 16:17:29: F/W Version: 00.00.08
2014/11/03 16:17:29:
2014/11/03 16:17:29: MasterKey Key Entry ... OK
2014/11/03 16:17:29: PowerON Counter Key Entry ... OK
2014/11/03 16:17:30: Key Entry ... OK
2014/11/03 16:17:30: Complete.
2014/11/03 16:17:30: COM PORT CLOSE ... OK
2014/11/03 16:17:30: 
2014/11/03 16:17:30: ==== Processing was completed ====
2014/11/03 16:17:30: 
*************************************************


*********** Start the Initialize Key Check **********
2014/11/03 16:19:45: Tool Ver: 2013.0605.01
2014/11/03 16:19:45: COM PORT OPEN ... OK
2014/11/03 16:19:45:
2014/11/03 16:19:45: ProductS/N:  VRW06A114Y00010
2014/11/03 16:19:45: TID: 860413212AE62080
2014/11/03 16:19:45: F/W Version: 00.00.08
2014/11/03 16:19:45:
2014/11/03 16:19:45: MasterKey Key Entry ... OK
2014/11/03 16:19:45: PowerON Counter Key Entry ... OK
2014/11/03 16:19:45: Key Entry ... OK
2014/11/03 16:19:45: Complete.
2014/11/03 16:19:46: COM PORT CLOSE ... OK
2014/11/03 16:19:46: 
2014/11/03 16:19:46: ==== Processing was completed ====
2014/11/03 16:19:46: 
*************************************************


*********** Start the Initialize Key Check **********
2014/11/03 16:22:24: Tool Ver: 2013.0605.01
2014/11/03 16:22:24: COM PORT OPEN ... OK
2014/11/03 16:22:24:
2014/11/03 16:22:24: ProductS/N:  VRW06A114Y00037
2014/11/03 16:22:24: TID: 8604213ED2E52080
2014/11/03 16:22:24: F/W Version: 00.00.08
2014/11/03 16:22:24:
2014/11/03 16:22:24: MasterKey Key Entry ... OK
2014/11/03 16:22:24: PowerON Counter Key Entry ... OK
2014/11/03 16:22:24: Key Entry ... OK
2014/11/03 16:22:24: Complete.
2014/11/03 16:22:24: COM PORT CLOSE ... OK
2014/11/03 16:22:24: 
2014/11/03 16:22:24: ==== Processing was completed ====
2014/11/03 16:22:24: 
*************************************************


*********** Start the Initialize Key Check **********
2014/11/03 16:25:16: Tool Ver: 2013.0605.01
2014/11/03 16:25:16: COM PORT OPEN ... OK
2014/11/03 16:25:16:
2014/11/03 16:25:16: ProductS/N:  VRW06A114Y00040
2014/11/03 16:25:16: TID: 86043034D2E52080
2014/11/03 16:25:16: F/W Version: 00.00.08
2014/11/03 16:25:16:
2014/11/03 16:25:16: MasterKey Key Entry ... OK
2014/11/03 16:25:16: PowerON Counter Key Entry ... OK
2014/11/03 16:25:17: Key Entry ... OK
2014/11/03 16:25:17: Complete.
2014/11/03 16:25:17: COM PORT CLOSE ... OK
2014/11/03 16:25:17: 
2014/11/03 16:25:17: ==== Processing was completed ====
2014/11/03 16:25:17: 
*************************************************


*********** Start the Initialize Key Check **********
2014/11/03 16:29:09: Tool Ver: 2013.0605.01
2014/11/03 16:29:09: COM PORT OPEN ... OK
2014/11/03 16:29:09:
2014/11/03 16:29:09: ProductS/N:  VRW06A114Y00035
2014/11/03 16:29:09: TID: 8604113CD2E52080
2014/11/03 16:29:09: F/W Version: 00.00.08
2014/11/03 16:29:09:
2014/11/03 16:29:09: MasterKey Key Entry ... OK
2014/11/03 16:29:09: PowerON Counter Key Entry ... OK
2014/11/03 16:29:10: Key Entry ... OK
2014/11/03 16:29:10: Complete.
2014/11/03 16:29:10: COM PORT CLOSE ... OK
2014/11/03 16:29:10: 
2014/11/03 16:29:10: ==== Processing was completed ====
2014/11/03 16:29:10: 
*************************************************


*********** Start the Initialize Key Check **********
2014/11/03 16:31:37: Tool Ver: 2013.0605.01
2014/11/03 16:31:37: COM PORT OPEN ... OK
2014/11/03 16:31:37:
2014/11/03 16:31:37: ProductS/N:  VRW06A114Y00042
2014/11/03 16:31:37: TID: 86041E2ED2E52080
2014/11/03 16:31:37: F/W Version: 00.00.08
2014/11/03 16:31:37:
2014/11/03 16:31:37: MasterKey Key Entry ... OK
2014/11/03 16:31:37: PowerON Counter Key Entry ... OK
2014/11/03 16:31:38: Key Entry ... OK
2014/11/03 16:31:38: Complete.
2014/11/03 16:31:38: COM PORT CLOSE ... OK
2014/11/03 16:31:38: 
2014/11/03 16:31:38: ==== Processing was completed ====
2014/11/03 16:31:38: 
*************************************************


*********** Start the Initialize Key Check **********
2014/11/03 16:34:00: Tool Ver: 2013.0605.01
2014/11/03 16:34:00: COM PORT OPEN ... OK
2014/11/03 16:34:01:
2014/11/03 16:34:01: ProductS/N:  VRW06A114Y00043
2014/11/03 16:34:01: TID: 8604412CD2E52080
2014/11/03 16:34:01: F/W Version: 00.00.08
2014/11/03 16:34:01:
2014/11/03 16:34:01: MasterKey Key Entry ... OK
2014/11/03 16:34:01: PowerON Counter Key Entry ... OK
2014/11/03 16:34:01: Key Entry ... OK
2014/11/03 16:34:01: Complete.
2014/11/03 16:34:01: COM PORT CLOSE ... OK
2014/11/03 16:34:01: 
2014/11/03 16:34:01: ==== Processing was completed ====
2014/11/03 16:34:01: 
*************************************************


*********** Start the Initialize Key Check **********
2014/11/03 16:37:14: Tool Ver: 2013.0605.01
2014/11/03 16:37:14: COM PORT OPEN ... OK
2014/11/03 16:37:14:
2014/11/03 16:37:14: ProductS/N:  VRW06A114Y00029
2014/11/03 16:37:14: TID: 86042339D2E52080
2014/11/03 16:37:14: F/W Version: 00.00.08
2014/11/03 16:37:14:
2014/11/03 16:37:14: MasterKey Key Entry ... OK
2014/11/03 16:37:14: PowerON Counter Key Entry ... OK
2014/11/03 16:37:14: Key Entry ... OK
2014/11/03 16:37:14: Complete.
2014/11/03 16:37:14: COM PORT CLOSE ... OK
2014/11/03 16:37:14: 
2014/11/03 16:37:14: ==== Processing was completed ====
2014/11/03 16:37:14: 
*************************************************


*********** Start the Initialize Key Check **********
2014/11/03 16:39:51: Tool Ver: 2013.0605.01
2014/11/03 16:39:51: COM PORT OPEN ... OK
2014/11/03 16:39:51:
2014/11/03 16:39:51: ProductS/N:  VRW06A114Y00038
2014/11/03 16:39:51: TID: 86041905CAE52080
2014/11/03 16:39:51: F/W Version: 00.00.08
2014/11/03 16:39:51:
2014/11/03 16:39:51: MasterKey Key Entry ... OK
2014/11/03 16:39:51: PowerON Counter Key Entry ... OK
2014/11/03 16:39:52: Key Entry ... OK
2014/11/03 16:39:52: Complete.
2014/11/03 16:39:52: COM PORT CLOSE ... OK
2014/11/03 16:39:52: 
2014/11/03 16:39:52: ==== Processing was completed ====
2014/11/03 16:39:52: 
*************************************************


*********** Start the Initialize Key Check **********
2014/11/03 16:44:51: Tool Ver: 2013.0605.01
2014/11/03 16:44:51: COM PORT OPEN ... OK
2014/11/03 16:44:51:
2014/11/03 16:44:51: ProductS/N:  VRW06A114Y00034
2014/11/03 16:44:51: TID: 86043536D2E52080
2014/11/03 16:44:51: F/W Version: 00.00.08
2014/11/03 16:44:51:
2014/11/03 16:44:51: MasterKey Key Entry ... OK
2014/11/03 16:44:51: PowerON Counter Key Entry ... OK
2014/11/03 16:44:52: Key Entry ... OK
2014/11/03 16:44:52: Complete.
2014/11/03 16:44:52: COM PORT CLOSE ... OK
2014/11/03 16:44:52: 
2014/11/03 16:44:52: ==== Processing was completed ====
2014/11/03 16:44:52: 
*************************************************


*********** Start the Initialize Key Check **********
2014/11/03 16:47:04: Tool Ver: 2013.0605.01
2014/11/03 16:47:04: COM PORT OPEN ... OK
2014/11/03 16:47:04:
2014/11/03 16:47:04: ProductS/N:  VRW06A114Y00024
2014/11/03 16:47:04: TID: 86042A3CD2E52080
2014/11/03 16:47:04: F/W Version: 00.00.08
2014/11/03 16:47:04:
2014/11/03 16:47:04: MasterKey Key Entry ... OK
2014/11/03 16:47:04: PowerON Counter Key Entry ... OK
2014/11/03 16:47:05: Key Entry ... OK
2014/11/03 16:47:05: Complete.
2014/11/03 16:47:05: COM PORT CLOSE ... OK
2014/11/03 16:47:05: 
2014/11/03 16:47:05: ==== Processing was completed ====
2014/11/03 16:47:05: 
*************************************************


*********** Start the Initialize Key Check **********
2014/11/03 16:52:54: Tool Ver: 2013.0605.01
2014/11/03 16:52:54: COM PORT OPEN ... OK
2014/11/03 16:52:54:
2014/11/03 16:52:54: ProductS/N:  VRW06A114Y00018
2014/11/03 16:52:54: TID: 86040A3AD2E52080
2014/11/03 16:52:54: F/W Version: 00.00.08
2014/11/03 16:52:54:
2014/11/03 16:52:54: MasterKey Key Entry ... OK
2014/11/03 16:52:54: PowerON Counter Key Entry ... OK
2014/11/03 16:52:55: Key Entry ... OK
2014/11/03 16:52:55: Complete.
2014/11/03 16:52:55: COM PORT CLOSE ... OK
2014/11/03 16:52:55: 
2014/11/03 16:52:55: ==== Processing was completed ====
2014/11/03 16:52:55: 
*************************************************


*********** Start the Initialize Key Check **********
2014/11/03 16:55:27: Tool Ver: 2013.0605.01
2014/11/03 16:55:27: COM PORT OPEN ... OK
2014/11/03 16:55:28:
2014/11/03 16:55:28: ProductS/N:  VRW06A114Y00050
2014/11/03 16:55:28: TID: 8604183AD2E52080
2014/11/03 16:55:28: F/W Version: 00.00.08
2014/11/03 16:55:28:
2014/11/03 16:55:28: MasterKey Key Entry ... OK
2014/11/03 16:55:28: PowerON Counter Key Entry ... OK
2014/11/03 16:55:28: Key Entry ... OK
2014/11/03 16:55:28: Complete.
2014/11/03 16:55:28: COM PORT CLOSE ... OK
2014/11/03 16:55:28: 
2014/11/03 16:55:28: ==== Processing was completed ====
2014/11/03 16:55:28: 
*************************************************


*********** Start the Initialize Key Check **********
2014/11/03 17:32:36: Tool Ver: 2013.0605.01
2014/11/03 17:32:36: COM PORT OPEN ... OK
2014/11/03 17:32:36:
2014/11/03 17:32:36: ProductS/N:  VRW06A114Y00048
2014/11/03 17:32:36: TID: 86042B08CAE52080
2014/11/03 17:32:36: F/W Version: 00.00.08
2014/11/03 17:32:36:
2014/11/03 17:32:36: MasterKey Key Entry ... OK
2014/11/03 17:32:36: PowerON Counter Key Entry ... OK
2014/11/03 17:32:37: Key Entry ... OK
2014/11/03 17:32:37: Complete.
2014/11/03 17:32:37: COM PORT CLOSE ... OK
2014/11/03 17:32:37: 
2014/11/03 17:32:37: ==== Processing was completed ====
2014/11/03 17:32:37: 
*************************************************


*********** Start the Initialize Key Check **********
2014/11/03 17:48:58: Tool Ver: 2013.0605.01
2014/11/03 17:48:58: COM PORT OPEN ... OK
2014/11/03 17:48:59:
2014/11/03 17:48:59: ProductS/N:  VRW06A114Y00055
2014/11/03 17:48:59: TID: 86040E39D2E52080
2014/11/03 17:48:59: F/W Version: 00.00.08
2014/11/03 17:48:59:
2014/11/03 17:48:59: MasterKey Key Entry ... OK
2014/11/03 17:48:59: PowerON Counter Key Entry ... OK
2014/11/03 17:48:59: Key Entry ... OK
2014/11/03 17:48:59: Complete.
2014/11/03 17:48:59: COM PORT CLOSE ... OK
2014/11/03 17:48:59: 
2014/11/03 17:48:59: ==== Processing was completed ====
2014/11/03 17:48:59: 
*************************************************


*********** Start the Initialize Key Check **********
2014/11/03 17:57:42: Tool Ver: 2013.0605.01
2014/11/03 17:57:42: COM PORT OPEN ... OK
2014/11/03 17:57:42:
2014/11/03 17:57:42: ProductS/N:  VRW06A114Y00030
2014/11/03 17:57:42: TID: 86043635D2E52080
2014/11/03 17:57:42: F/W Version: 00.00.08
2014/11/03 17:57:42:
2014/11/03 17:57:42: MasterKey Key Entry ... OK
2014/11/03 17:57:42: PowerON Counter Key Entry ... OK
2014/11/03 17:57:43: Key Entry ... OK
2014/11/03 17:57:43: Complete.
2014/11/03 17:57:43: COM PORT CLOSE ... OK
2014/11/03 17:57:43: 
2014/11/03 17:57:43: ==== Processing was completed ====
2014/11/03 17:57:43: 
*************************************************


*********** Start the Initialize Key Check **********
2014/11/03 18:05:07: Tool Ver: 2013.0605.01
2014/11/03 18:05:07: COM PORT OPEN ... OK
2014/11/03 18:05:07:
2014/11/03 18:05:07: ProductS/N:  VRW06A114Y00026
2014/11/03 18:05:07: TID: 86042E3ED2E52080
2014/11/03 18:05:07: F/W Version: 00.00.08
2014/11/03 18:05:07:
2014/11/03 18:05:07: MasterKey Key Entry ... OK
2014/11/03 18:05:07: PowerON Counter Key Entry ... OK
2014/11/03 18:05:07: Key Entry ... OK
2014/11/03 18:05:07: Complete.
2014/11/03 18:05:07: COM PORT CLOSE ... OK
2014/11/03 18:05:07: 
2014/11/03 18:05:07: ==== Processing was completed ====
2014/11/03 18:05:07: 
*************************************************


*********** Start the Initialize Key Check **********
2014/11/03 18:20:45: Tool Ver: 2013.0605.01
2014/11/03 18:20:45: COM PORT OPEN ... OK
2014/11/03 18:20:45:
2014/11/03 18:20:45: ProductS/N:  VRW06A114Y00032
2014/11/03 18:20:45: TID: 86040D39D2E52080
2014/11/03 18:20:45: F/W Version: 00.00.08
2014/11/03 18:20:45:
2014/11/03 18:20:45: MasterKey Key Entry ... OK
2014/11/03 18:20:45: PowerON Counter Key Entry ... OK
2014/11/03 18:20:46: Key Entry ... OK
2014/11/03 18:20:46: Complete.
2014/11/03 18:20:46: COM PORT CLOSE ... OK
2014/11/03 18:20:46: 
2014/11/03 18:20:46: ==== Processing was completed ====
2014/11/03 18:20:46: 
*************************************************


*********** Start the Initialize Key Check **********
2014/11/03 18:30:03: Tool Ver: 2013.0605.01
2014/11/03 18:30:03: COM PORT OPEN ... OK
2014/11/03 18:30:03:
2014/11/03 18:30:03: ProductS/N:  VRW06A114Y00016
2014/11/03 18:30:03: TID: 86043337D2E52080
2014/11/03 18:30:03: F/W Version: 00.00.08
2014/11/03 18:30:03:
2014/11/03 18:30:03: MasterKey Key Entry ... OK
2014/11/03 18:30:03: PowerON Counter Key Entry ... OK
2014/11/03 18:30:04: Key Entry ... OK
2014/11/03 18:30:04: Complete.
2014/11/03 18:30:04: COM PORT CLOSE ... OK
2014/11/03 18:30:04: 
2014/11/03 18:30:04: ==== Processing was completed ====
2014/11/03 18:30:04: 
*************************************************


*********** Start the Initialize Key Check **********
2014/11/03 18:39:35: Tool Ver: 2013.0605.01
2014/11/03 18:39:35: COM PORT OPEN ... OK
2014/11/03 18:39:35:
2014/11/03 18:39:35: ProductS/N:  VRW06A114Y00013
2014/11/03 18:39:35: TID: 86041838D2E52080
2014/11/03 18:39:35: F/W Version: 00.00.08
2014/11/03 18:39:35:
2014/11/03 18:39:35: MasterKey Key Entry ... OK
2014/11/03 18:39:35: PowerON Counter Key Entry ... OK
2014/11/03 18:39:36: Key Entry ... OK
2014/11/03 18:39:36: Complete.
2014/11/03 18:39:36: COM PORT CLOSE ... OK
2014/11/03 18:39:36: 
2014/11/03 18:39:36: ==== Processing was completed ====
2014/11/03 18:39:36: 
*************************************************


*********** Start the Initialize Key Check **********
2014/11/03 18:46:43: Tool Ver: 2013.0605.01
2014/11/03 18:46:43: COM PORT OPEN ... OK
2014/11/03 18:46:43:
2014/11/03 18:46:43: ProductS/N:  VRW06A114Y00030
2014/11/03 18:46:43: TID: 86043635D2E52080
2014/11/03 18:46:43: F/W Version: 00.00.08
2014/11/03 18:46:43:
2014/11/03 18:46:43: MasterKey Key Entry ... OK
2014/11/03 18:46:43: PowerON Counter Key Entry ... OK
2014/11/03 18:46:43: Key Entry ... OK
2014/11/03 18:46:43: Complete.
2014/11/03 18:46:43: COM PORT CLOSE ... OK
2014/11/03 18:46:43: 
2014/11/03 18:46:43: ==== Processing was completed ====
2014/11/03 18:46:43: 
*************************************************


*********** Start the Initialize Key Check **********
2014/11/03 18:50:20: Tool Ver: 2013.0605.01
2014/11/03 18:50:20: COM PORT OPEN ... OK
2014/11/03 18:50:21:
2014/11/03 18:50:21: ProductS/N:  VRW06A114Y00062
2014/11/03 18:50:21: TID: 86043535D2E52080
2014/11/03 18:50:21: F/W Version: 00.00.08
2014/11/03 18:50:21:
2014/11/03 18:50:21: MasterKey Key Entry ... OK
2014/11/03 18:50:21: PowerON Counter Key Entry ... OK
2014/11/03 18:50:21: Key Entry ... OK
2014/11/03 18:50:21: Complete.
2014/11/03 18:50:21: COM PORT CLOSE ... OK
2014/11/03 18:50:21: 
2014/11/03 18:50:21: ==== Processing was completed ====
2014/11/03 18:50:21: 
*************************************************


*********** Start the Initialize Key Check **********
2014/11/03 18:55:12: Tool Ver: 2013.0605.01
2014/11/03 18:55:12: COM PORT OPEN ... OK
2014/11/03 18:55:12:
2014/11/03 18:55:12: ProductS/N:  VRW06A114Y00045
2014/11/03 18:55:12: TID: 86042F0CCAE52080
2014/11/03 18:55:12: F/W Version: 00.00.08
2014/11/03 18:55:12:
2014/11/03 18:55:12: MasterKey Key Entry ... OK
2014/11/03 18:55:12: PowerON Counter Key Entry ... OK
2014/11/03 18:55:12: Key Entry ... OK
2014/11/03 18:55:12: Complete.
2014/11/03 18:55:12: COM PORT CLOSE ... OK
2014/11/03 18:55:12: 
2014/11/03 18:55:12: ==== Processing was completed ====
2014/11/03 18:55:12: 
*************************************************


*********** Start the Initialize Key Check **********
2014/11/03 19:00:03: Tool Ver: 2013.0605.01
2014/11/03 19:00:03: COM PORT OPEN ... OK
2014/11/03 19:00:03:
2014/11/03 19:00:03: ProductS/N:  VRW06A114Y00053
2014/11/03 19:00:03: TID: 86043D1A3AE62080
2014/11/03 19:00:03: F/W Version: 00.00.08
2014/11/03 19:00:03:
2014/11/03 19:00:03: MasterKey Key Entry ... OK
2014/11/03 19:00:03: PowerON Counter Key Entry ... OK
2014/11/03 19:00:04: Key Entry ... OK
2014/11/03 19:00:04: Complete.
2014/11/03 19:00:04: COM PORT CLOSE ... OK
2014/11/03 19:00:04: 
2014/11/03 19:00:04: ==== Processing was completed ====
2014/11/03 19:00:04: 
*************************************************


*********** Start the Initialize Key Check **********
2014/11/03 19:03:59: Tool Ver: 2013.0605.01
2014/11/03 19:03:59: COM PORT OPEN ... OK
2014/11/03 19:04:00:
2014/11/03 19:04:00: ProductS/N:  VRW06A114Y00060
2014/11/03 19:04:00: TID: 86041236D2E52080
2014/11/03 19:04:00: F/W Version: 00.00.08
2014/11/03 19:04:00:
2014/11/03 19:04:00: MasterKey Key Entry ... OK
2014/11/03 19:04:00: PowerON Counter Key Entry ... OK
2014/11/03 19:04:00: Key Entry ... OK
2014/11/03 19:04:00: Complete.
2014/11/03 19:04:00: COM PORT CLOSE ... OK
2014/11/03 19:04:00: 
2014/11/03 19:04:00: ==== Processing was completed ====
2014/11/03 19:04:00: 
*************************************************


*********** Start the Initialize Key Check **********
2014/11/03 19:07:16: Tool Ver: 2013.0605.01
2014/11/03 19:07:16: COM PORT OPEN ... OK
2014/11/03 19:07:16:
2014/11/03 19:07:16: ProductS/N:  VRW06A114Y00001
2014/11/03 19:07:16: TID: 860410222AE62080
2014/11/03 19:07:16: F/W Version: 00.00.08
2014/11/03 19:07:16:
2014/11/03 19:07:16: MasterKey Key Entry ... OK
2014/11/03 19:07:16: PowerON Counter Key Entry ... OK
2014/11/03 19:07:17: Key Entry ... OK
2014/11/03 19:07:17: Complete.
2014/11/03 19:07:17: COM PORT CLOSE ... OK
2014/11/03 19:07:17: 
2014/11/03 19:07:17: ==== Processing was completed ====
2014/11/03 19:07:17: 
*************************************************


*********** Start the Initialize Key Check **********
2014/11/03 19:12:43: Tool Ver: 2013.0605.01
2014/11/03 19:12:43: COM PORT OPEN ... OK
2014/11/03 19:12:43:
2014/11/03 19:12:43: ProductS/N:  VRW06A114Y00039
2014/11/03 19:12:43: TID: 86043237D2E52080
2014/11/03 19:12:43: F/W Version: 00.00.08
2014/11/03 19:12:43:
2014/11/03 19:12:43: MasterKey Key Entry ... OK
2014/11/03 19:12:43: PowerON Counter Key Entry ... OK
2014/11/03 19:12:44: Key Entry ... OK
2014/11/03 19:12:44: Complete.
2014/11/03 19:12:44: COM PORT CLOSE ... OK
2014/11/03 19:12:44: 
2014/11/03 19:12:44: ==== Processing was completed ====
2014/11/03 19:12:44: 
*************************************************


*********** Start the Initialize Key Check **********
2014/11/03 19:16:51: Tool Ver: 2013.0605.01
2014/11/03 19:16:51: COM PORT OPEN ... OK
2014/11/03 19:16:51:
2014/11/03 19:16:51: ProductS/N:  VRW06A114Y00057
2014/11/03 19:16:51: TID: 86041438D2E52080
2014/11/03 19:16:51: F/W Version: 00.00.08
2014/11/03 19:16:51:
2014/11/03 19:16:51: MasterKey Key Entry ... OK
2014/11/03 19:16:51: PowerON Counter Key Entry ... OK
2014/11/03 19:16:52: Key Entry ... OK
2014/11/03 19:16:52: Complete.
2014/11/03 19:16:52: COM PORT CLOSE ... OK
2014/11/03 19:16:52: 
2014/11/03 19:16:52: ==== Processing was completed ====
2014/11/03 19:16:52: 
*************************************************


*********** Start the Initialize Key Check **********
2014/11/03 19:21:56: Tool Ver: 2013.0605.01
2014/11/03 19:21:56: COM PORT OPEN ... OK
2014/11/03 19:21:56:
2014/11/03 19:21:56: ProductS/N:  VRW06A114Y00049
2014/11/03 19:21:57: TID: 86041635D2E52080
2014/11/03 19:21:57: F/W Version: 00.00.08
2014/11/03 19:21:57:
2014/11/03 19:21:57: MasterKey Key Entry ... OK
2014/11/03 19:21:57: PowerON Counter Key Entry ... OK
2014/11/03 19:21:57: Key Entry ... OK
2014/11/03 19:21:57: Complete.
2014/11/03 19:21:57: COM PORT CLOSE ... OK
2014/11/03 19:21:57: 
2014/11/03 19:21:57: ==== Processing was completed ====
2014/11/03 19:21:57: 
*************************************************


