*********** Start the Initialize Key Check **********
2014/11/10 08:09:03: Tool Ver: 2013.0605.01
2014/11/10 08:09:03: COM PORT OPEN ... OK
2014/11/10 08:09:03:
2014/11/10 08:09:03: ProductS/N:  VRW06A114Y00525
2014/11/10 08:09:04: TID: 8604132B2AE62080
2014/11/10 08:09:04: F/W Version: 00.00.08
2014/11/10 08:09:04:
2014/11/10 08:09:04: MasterKey Key Entry ... OK
2014/11/10 08:09:04: PowerON Counter Key Entry ... OK
2014/11/10 08:09:04: Key Entry ... OK
2014/11/10 08:09:04: Complete.
2014/11/10 08:09:04: COM PORT CLOSE ... OK
2014/11/10 08:09:04: 
2014/11/10 08:09:04: ==== Processing was completed ====
2014/11/10 08:09:04: 
*************************************************


*********** Start the Initialize Key Check **********
2014/11/10 08:11:03: Tool Ver: 2013.0605.01
2014/11/10 08:11:03: COM PORT OPEN ... OK
2014/11/10 08:11:03:
2014/11/10 08:11:03: ProductS/N:  VRW06A114Y00521
2014/11/10 08:11:03: TID: 860431232AE62080
2014/11/10 08:11:03: F/W Version: 00.00.08
2014/11/10 08:11:03:
2014/11/10 08:11:03: MasterKey Key Entry ... OK
2014/11/10 08:11:03: PowerON Counter Key Entry ... OK
2014/11/10 08:11:04: Key Entry ... OK
2014/11/10 08:11:04: Complete.
2014/11/10 08:11:04: COM PORT CLOSE ... OK
2014/11/10 08:11:04: 
2014/11/10 08:11:04: ==== Processing was completed ====
2014/11/10 08:11:04: 
*************************************************


*********** Start the Initialize Key Check **********
2014/11/10 08:18:31: Tool Ver: 2013.0605.01
2014/11/10 08:18:31: COM PORT OPEN ... OK
2014/11/10 08:18:31:
2014/11/10 08:18:31: ProductS/N:  VRW06A114Y00517
2014/11/10 08:18:31: TID: 86040A2FD2E52080
2014/11/10 08:18:31: F/W Version: 00.00.08
2014/11/10 08:18:31:
2014/11/10 08:18:31: MasterKey Key Entry ... OK
2014/11/10 08:18:31: PowerON Counter Key Entry ... OK
2014/11/10 08:18:32: Key Entry ... OK
2014/11/10 08:18:32: Complete.
2014/11/10 08:18:32: COM PORT CLOSE ... OK
2014/11/10 08:18:32: 
2014/11/10 08:18:32: ==== Processing was completed ====
2014/11/10 08:18:32: 
*************************************************


*********** Start the Initialize Key Check **********
2014/11/10 08:19:02: Tool Ver: 2013.0605.01
2014/11/10 08:19:02: COM PORT OPEN ... OK
2014/11/10 08:19:02:
2014/11/10 08:19:02: ProductS/N:  VRW06A114Y00537
2014/11/10 08:19:02: TID: 86043F212AE62080
2014/11/10 08:19:02: F/W Version: 00.00.08
2014/11/10 08:19:02:
2014/11/10 08:19:02: MasterKey Key Entry ... OK
2014/11/10 08:19:02: PowerON Counter Key Entry ... OK
2014/11/10 08:19:03: Key Entry ... OK
2014/11/10 08:19:03: Complete.
2014/11/10 08:19:03: COM PORT CLOSE ... OK
2014/11/10 08:19:03: 
2014/11/10 08:19:03: ==== Processing was completed ====
2014/11/10 08:19:03: 
*************************************************


*********** Start the Initialize Key Check **********
2014/11/10 08:23:19: Tool Ver: 2013.0605.01
2014/11/10 08:23:19: COM PORT OPEN ... OK
2014/11/10 08:23:19:
2014/11/10 08:23:19: ProductS/N:  VRW06A114Y00342
2014/11/10 08:23:19: TID: 86040A212AE62080
2014/11/10 08:23:19: F/W Version: 00.00.08
2014/11/10 08:23:19:
2014/11/10 08:23:19: MasterKey Key Entry ... OK
2014/11/10 08:23:19: PowerON Counter Key Entry ... OK
2014/11/10 08:23:19: Key Entry ... OK
2014/11/10 08:23:19: Complete.
2014/11/10 08:23:19: COM PORT CLOSE ... OK
2014/11/10 08:23:19: 
2014/11/10 08:23:19: ==== Processing was completed ====
2014/11/10 08:23:19: 
*************************************************


*********** Start the Initialize Key Check **********
2014/11/10 08:28:36: Tool Ver: 2013.0605.01
2014/11/10 08:28:36: COM PORT OPEN ... OK
2014/11/10 08:28:36:
2014/11/10 08:28:36: ProductS/N:  VRW06A114Y00499
2014/11/10 08:28:37: TID: 86042B43D2E52080
2014/11/10 08:28:37: F/W Version: 00.00.08
2014/11/10 08:28:37:
2014/11/10 08:28:37: MasterKey Key Entry ... OK
2014/11/10 08:28:37: PowerON Counter Key Entry ... OK
2014/11/10 08:28:37: Key Entry ... OK
2014/11/10 08:28:37: Complete.
2014/11/10 08:28:37: COM PORT CLOSE ... OK
2014/11/10 08:28:37: 
2014/11/10 08:28:37: ==== Processing was completed ====
2014/11/10 08:28:37: 
*************************************************


*********** Start the Initialize Key Check **********
2014/11/10 08:32:36: Tool Ver: 2013.0605.01
2014/11/10 08:32:36: COM PORT OPEN ... OK
2014/11/10 08:32:36:
2014/11/10 08:32:36: ProductS/N:  VRW06A114Y00544
2014/11/10 08:32:36: TID: 86042239D2E52080
2014/11/10 08:32:36: F/W Version: 00.00.08
2014/11/10 08:32:36:
2014/11/10 08:32:36: MasterKey Key Entry ... OK
2014/11/10 08:32:36: PowerON Counter Key Entry ... OK
2014/11/10 08:32:37: Key Entry ... OK
2014/11/10 08:32:37: Complete.
2014/11/10 08:32:37: COM PORT CLOSE ... OK
2014/11/10 08:32:37: 
2014/11/10 08:32:37: ==== Processing was completed ====
2014/11/10 08:32:37: 
*************************************************


*********** Start the Initialize Key Check **********
2014/11/10 08:36:02: Tool Ver: 2013.0605.01
2014/11/10 08:36:02: COM PORT OPEN ... OK
2014/11/10 08:36:02:
2014/11/10 08:36:02: ProductS/N:  VRW06A114Y00523
2014/11/10 08:36:02: TID: 86043C1722E62080
2014/11/10 08:36:02: F/W Version: 00.00.08
2014/11/10 08:36:02:
2014/11/10 08:36:02: MasterKey Key Entry ... OK
2014/11/10 08:36:02: PowerON Counter Key Entry ... OK
2014/11/10 08:36:03: Key Entry ... OK
2014/11/10 08:36:03: Complete.
2014/11/10 08:36:03: COM PORT CLOSE ... OK
2014/11/10 08:36:03: 
2014/11/10 08:36:03: ==== Processing was completed ====
2014/11/10 08:36:03: 
*************************************************


*********** Start the Initialize Key Check **********
2014/11/10 08:45:27: Tool Ver: 2013.0605.01
2014/11/10 08:45:27: COM PORT OPEN ... OK
2014/11/10 08:45:27:
2014/11/10 08:45:27: ProductS/N:  VRW06A114Y00527
2014/11/10 08:45:27: TID: 86040C212AE62080
2014/11/10 08:45:27: F/W Version: 00.00.08
2014/11/10 08:45:27:
2014/11/10 08:45:27: MasterKey Key Entry ... OK
2014/11/10 08:45:27: PowerON Counter Key Entry ... OK
2014/11/10 08:45:27: Key Entry ... OK
2014/11/10 08:45:27: Complete.
2014/11/10 08:45:27: COM PORT CLOSE ... OK
2014/11/10 08:45:27: 
2014/11/10 08:45:27: ==== Processing was completed ====
2014/11/10 08:45:27: 
*************************************************


*********** Start the Initialize Key Check **********
2014/11/10 08:49:08: Tool Ver: 2013.0605.01
2014/11/10 08:49:08: COM PORT OPEN ... OK
2014/11/10 08:49:08:
2014/11/10 08:49:08: ProductS/N:  VRW06A114Y00536
2014/11/10 08:49:08: TID: 860404202AE62080
2014/11/10 08:49:08: F/W Version: 00.00.08
2014/11/10 08:49:08:
2014/11/10 08:49:08: MasterKey Key Entry ... OK
2014/11/10 08:49:08: PowerON Counter Key Entry ... OK
2014/11/10 08:49:09: Key Entry ... OK
2014/11/10 08:49:09: Complete.
2014/11/10 08:49:09: COM PORT CLOSE ... OK
2014/11/10 08:49:09: 
2014/11/10 08:49:09: ==== Processing was completed ====
2014/11/10 08:49:09: 
*************************************************


*********** Start the Initialize Key Check **********
2014/11/10 08:52:49: Tool Ver: 2013.0605.01
2014/11/10 08:52:49: COM PORT OPEN ... OK
2014/11/10 08:52:49:
2014/11/10 08:52:49: ProductS/N:  VRW06A114Y00539
2014/11/10 08:52:49: TID: 86041F43D2E52080
2014/11/10 08:52:49: F/W Version: 00.00.08
2014/11/10 08:52:49:
2014/11/10 08:52:49: MasterKey Key Entry ... OK
2014/11/10 08:52:50: PowerON Counter Key Entry ... OK
2014/11/10 08:52:50: Key Entry ... OK
2014/11/10 08:52:50: Complete.
2014/11/10 08:52:50: COM PORT CLOSE ... OK
2014/11/10 08:52:50: 
2014/11/10 08:52:50: ==== Processing was completed ====
2014/11/10 08:52:50: 
*************************************************


*********** Start the Initialize Key Check **********
2014/11/10 08:55:59: Tool Ver: 2013.0605.01
2014/11/10 08:55:59: COM PORT OPEN ... OK
2014/11/10 08:55:59:
2014/11/10 08:55:59: ProductS/N:  VRW06A114Y00550
2014/11/10 08:55:59: TID: 86041009CAE52080
2014/11/10 08:55:59: F/W Version: 00.00.08
2014/11/10 08:55:59:
2014/11/10 08:55:59: MasterKey Key Entry ... OK
2014/11/10 08:55:59: PowerON Counter Key Entry ... OK
2014/11/10 08:56:00: Key Entry ... OK
2014/11/10 08:56:00: Complete.
2014/11/10 08:56:00: COM PORT CLOSE ... OK
2014/11/10 08:56:00: 
2014/11/10 08:56:00: ==== Processing was completed ====
2014/11/10 08:56:00: 
*************************************************


*********** Start the Initialize Key Check **********
2014/11/10 08:58:32: Tool Ver: 2013.0605.01
2014/11/10 08:58:32: COM PORT OPEN ... OK
2014/11/10 08:58:32:
2014/11/10 08:58:32: ProductS/N:  VRW06A114Y00542
2014/11/10 08:58:32: TID: 8604231D2AE62080
2014/11/10 08:58:32: F/W Version: 00.00.08
2014/11/10 08:58:32:
2014/11/10 08:58:32: MasterKey Key Entry ... OK
2014/11/10 08:58:32: PowerON Counter Key Entry ... OK
2014/11/10 08:58:33: Key Entry ... OK
2014/11/10 08:58:33: Complete.
2014/11/10 08:58:33: COM PORT CLOSE ... OK
2014/11/10 08:58:33: 
2014/11/10 08:58:33: ==== Processing was completed ====
2014/11/10 08:58:33: 
*************************************************


*********** Start the Initialize Key Check **********
2014/11/10 09:01:51: Tool Ver: 2013.0605.01
2014/11/10 09:01:51: COM PORT OPEN ... OK
2014/11/10 09:01:51:
2014/11/10 09:01:51: ProductS/N:  VRW06A114Y00479
2014/11/10 09:01:51: TID: 8604212DD2E52080
2014/11/10 09:01:51: F/W Version: 00.00.08
2014/11/10 09:01:51:
2014/11/10 09:01:51: MasterKey Key Entry ... OK
2014/11/10 09:01:51: PowerON Counter Key Entry ... OK
2014/11/10 09:01:52: Key Entry ... OK
2014/11/10 09:01:52: Complete.
2014/11/10 09:01:52: COM PORT CLOSE ... OK
2014/11/10 09:01:52: 
2014/11/10 09:01:52: ==== Processing was completed ====
2014/11/10 09:01:52: 
*************************************************


*********** Start the Initialize Key Check **********
2014/11/10 09:06:51: Tool Ver: 2013.0605.01
2014/11/10 09:06:51: COM PORT OPEN ... OK
2014/11/10 09:06:51:
2014/11/10 09:06:51: ProductS/N:  VRW06A114Y00540
2014/11/10 09:06:51: TID: 86041E1F2AE62080
2014/11/10 09:06:51: F/W Version: 00.00.08
2014/11/10 09:06:51:
2014/11/10 09:06:51: MasterKey Key Entry ... OK
2014/11/10 09:06:51: PowerON Counter Key Entry ... OK
2014/11/10 09:06:52: Key Entry ... OK
2014/11/10 09:06:52: Complete.
2014/11/10 09:06:52: COM PORT CLOSE ... OK
2014/11/10 09:06:52: 
2014/11/10 09:06:52: ==== Processing was completed ====
2014/11/10 09:06:52: 
*************************************************


*********** Start the Initialize Key Check **********
2014/11/10 09:12:30: Tool Ver: 2013.0605.01
2014/11/10 09:12:30: COM PORT OPEN ... OK
2014/11/10 09:12:30:
2014/11/10 09:12:30: ProductS/N:  VRW06A114Y00515
2014/11/10 09:12:30: TID: 8604131C2AE62080
2014/11/10 09:12:30: F/W Version: 00.00.08
2014/11/10 09:12:30:
2014/11/10 09:12:30: MasterKey Key Entry ... OK
2014/11/10 09:12:30: PowerON Counter Key Entry ... OK
2014/11/10 09:12:30: Key Entry ... OK
2014/11/10 09:12:30: Complete.
2014/11/10 09:12:30: COM PORT CLOSE ... OK
2014/11/10 09:12:30: 
2014/11/10 09:12:30: ==== Processing was completed ====
2014/11/10 09:12:30: 
*************************************************


*********** Start the Initialize Key Check **********
2014/11/10 09:15:44: Tool Ver: 2013.0605.01
2014/11/10 09:15:44: COM PORT OPEN ... OK
2014/11/10 09:15:44:
2014/11/10 09:15:44: ProductS/N:  VRW06A114Y00499
2014/11/10 09:15:44: TID: 86042B43D2E52080
2014/11/10 09:15:44: F/W Version: 00.00.08
2014/11/10 09:15:44:
2014/11/10 09:15:44: MasterKey Key Entry ... OK
2014/11/10 09:15:44: PowerON Counter Key Entry ... OK
2014/11/10 09:15:45: Key Entry ... OK
2014/11/10 09:15:45: Complete.
2014/11/10 09:15:45: COM PORT CLOSE ... OK
2014/11/10 09:15:45: 
2014/11/10 09:15:45: ==== Processing was completed ====
2014/11/10 09:15:45: 
*************************************************


*********** Start the Initialize Key Check **********
2014/11/10 09:16:39: Tool Ver: 2013.0605.01
2014/11/10 09:16:39: COM PORT OPEN ... OK
2014/11/10 09:16:39:
2014/11/10 09:16:39: ProductS/N:  VRW06A114Y00512
2014/11/10 09:16:39: TID: 8604213DD2E52080
2014/11/10 09:16:39: F/W Version: 00.00.08
2014/11/10 09:16:39:
2014/11/10 09:16:39: MasterKey Key Entry ... OK
2014/11/10 09:16:39: PowerON Counter Key Entry ... OK
2014/11/10 09:16:39: Key Entry ... OK
2014/11/10 09:16:39: Complete.
2014/11/10 09:16:39: COM PORT CLOSE ... OK
2014/11/10 09:16:39: 
2014/11/10 09:16:39: ==== Processing was completed ====
2014/11/10 09:16:39: 
*************************************************


*********** Start the Initialize Key Check **********
2014/11/10 09:23:32: Tool Ver: 2013.0605.01
2014/11/10 09:23:32: COM PORT OPEN ... OK
2014/11/10 09:23:32:
2014/11/10 09:23:32: ProductS/N:  VRW06A114Y00537
2014/11/10 09:23:32: TID: 86043F212AE62080
2014/11/10 09:23:32: F/W Version: 00.00.08
2014/11/10 09:23:32:
2014/11/10 09:23:32: MasterKey Key Entry ... OK
2014/11/10 09:23:32: PowerON Counter Key Entry ... OK
2014/11/10 09:23:33: Key Entry ... OK
2014/11/10 09:23:33: Complete.
2014/11/10 09:23:33: COM PORT CLOSE ... OK
2014/11/10 09:23:33: 
2014/11/10 09:23:33: ==== Processing was completed ====
2014/11/10 09:23:33: 
*************************************************


*********** Start the Initialize Key Check **********
2014/11/10 09:24:52: Tool Ver: 2013.0605.01
2014/11/10 09:24:52: COM PORT OPEN ... OK
2014/11/10 09:24:52:
2014/11/10 09:24:52: ProductS/N:  VRW06A114Y00539
2014/11/10 09:24:52: TID: 86041F43D2E52080
2014/11/10 09:24:52: F/W Version: 00.00.08
2014/11/10 09:24:52:
2014/11/10 09:24:52: MasterKey Key Entry ... OK
2014/11/10 09:24:52: PowerON Counter Key Entry ... OK
2014/11/10 09:24:52: Key Entry ... OK
2014/11/10 09:24:52: Complete.
2014/11/10 09:24:52: COM PORT CLOSE ... OK
2014/11/10 09:24:52: 
2014/11/10 09:24:52: ==== Processing was completed ====
2014/11/10 09:24:52: 
*************************************************


*********** Start the Initialize Key Check **********
2014/11/10 09:29:24: Tool Ver: 2013.0605.01
2014/11/10 09:29:24: COM PORT OPEN ... OK
2014/11/10 09:29:24:
2014/11/10 09:29:24: ProductS/N:  VRW06A114Y00485
2014/11/10 09:29:24: TID: 86041F2ED2E52080
2014/11/10 09:29:24: F/W Version: 00.00.08
2014/11/10 09:29:24:
2014/11/10 09:29:24: MasterKey Key Entry ... OK
2014/11/10 09:29:24: PowerON Counter Key Entry ... OK
2014/11/10 09:29:24: Key Entry ... OK
2014/11/10 09:29:24: Complete.
2014/11/10 09:29:24: COM PORT CLOSE ... OK
2014/11/10 09:29:24: 
2014/11/10 09:29:25: ==== Processing was completed ====
2014/11/10 09:29:25: 
*************************************************


*********** Start the Initialize Key Check **********
2014/11/10 09:32:44: Tool Ver: 2013.0605.01
2014/11/10 09:32:44: COM PORT OPEN ... OK
2014/11/10 09:32:44:
2014/11/10 09:32:44: ProductS/N:  VRW06A114Y00539
2014/11/10 09:32:44: TID: 86041F43D2E52080
2014/11/10 09:32:44: F/W Version: 00.00.08
2014/11/10 09:32:44:
2014/11/10 09:32:44: MasterKey Key Entry ... OK
2014/11/10 09:32:44: PowerON Counter Key Entry ... OK
2014/11/10 09:32:45: Key Entry ... OK
2014/11/10 09:32:45: Complete.
2014/11/10 09:32:45: COM PORT CLOSE ... OK
2014/11/10 09:32:45: 
2014/11/10 09:32:45: ==== Processing was completed ====
2014/11/10 09:32:45: 
*************************************************


*********** Start the Initialize Key Check **********
2014/11/10 09:34:10: Tool Ver: 2013.0605.01
2014/11/10 09:34:10: COM PORT OPEN ... OK
2014/11/10 09:34:10:
2014/11/10 09:34:10: ProductS/N:  VRW06A114Y00537
2014/11/10 09:34:10: TID: 86043F212AE62080
2014/11/10 09:34:10: F/W Version: 00.00.08
2014/11/10 09:34:10:
2014/11/10 09:34:10: MasterKey Key Entry ... OK
2014/11/10 09:34:10: PowerON Counter Key Entry ... OK
2014/11/10 09:34:11: Key Entry ... OK
2014/11/10 09:34:11: Complete.
2014/11/10 09:34:11: COM PORT CLOSE ... OK
2014/11/10 09:34:11: 
2014/11/10 09:34:11: ==== Processing was completed ====
2014/11/10 09:34:11: 
*************************************************


*********** Start the Initialize Key Check **********
2014/11/10 09:42:04: Tool Ver: 2013.0605.01
2014/11/10 09:42:04: COM PORT OPEN ... OK
2014/11/10 09:42:04:
2014/11/10 09:42:04: ProductS/N:  VRW06A114Y00557
2014/11/10 09:42:05: TID: 86041B1E2AE62080
2014/11/10 09:42:05: F/W Version: 00.00.08
2014/11/10 09:42:05:
2014/11/10 09:42:05: MasterKey Key Entry ... OK
2014/11/10 09:42:05: PowerON Counter Key Entry ... OK
2014/11/10 09:42:05: Key Entry ... OK
2014/11/10 09:42:05: Complete.
2014/11/10 09:42:05: COM PORT CLOSE ... OK
2014/11/10 09:42:05: 
2014/11/10 09:42:05: ==== Processing was completed ====
2014/11/10 09:42:05: 
*************************************************


*********** Start the Initialize Key Check **********
2014/11/10 09:45:55: Tool Ver: 2013.0605.01
2014/11/10 09:45:55: COM PORT OPEN ... OK
2014/11/10 09:45:55:
2014/11/10 09:45:55: ProductS/N:  VRW06A114Y00552
2014/11/10 09:45:55: TID: 86042C242AE62080
2014/11/10 09:45:55: F/W Version: 00.00.08
2014/11/10 09:45:55:
2014/11/10 09:45:55: MasterKey Key Entry ... OK
2014/11/10 09:45:55: PowerON Counter Key Entry ... OK
2014/11/10 09:45:55: Key Entry ... OK
2014/11/10 09:45:55: Complete.
2014/11/10 09:45:55: COM PORT CLOSE ... OK
2014/11/10 09:45:55: 
2014/11/10 09:45:55: ==== Processing was completed ====
2014/11/10 09:45:55: 
*************************************************


*********** Start the Initialize Key Check **********
2014/11/10 09:49:11: Tool Ver: 2013.0605.01
2014/11/10 09:49:11: COM PORT OPEN ... OK
2014/11/10 09:49:11:
2014/11/10 09:49:11: ProductS/N:  VRW06A114Y00546
2014/11/10 09:49:11: TID: 86043E222AE62080
2014/11/10 09:49:11: F/W Version: 00.00.08
2014/11/10 09:49:11:
2014/11/10 09:49:11: MasterKey Key Entry ... OK
2014/11/10 09:49:11: PowerON Counter Key Entry ... OK
2014/11/10 09:49:12: Key Entry ... OK
2014/11/10 09:49:12: Complete.
2014/11/10 09:49:12: COM PORT CLOSE ... OK
2014/11/10 09:49:12: 
2014/11/10 09:49:12: ==== Processing was completed ====
2014/11/10 09:49:12: 
*************************************************


*********** Start the Initialize Key Check **********
2014/11/10 09:52:29: Tool Ver: 2013.0605.01
2014/11/10 09:52:29: COM PORT OPEN ... OK
2014/11/10 09:52:29:
2014/11/10 09:52:29: ProductS/N:  VRW06A114Y00548
2014/11/10 09:52:29: TID: 86040E1C2AE62080
2014/11/10 09:52:29: F/W Version: 00.00.08
2014/11/10 09:52:29:
2014/11/10 09:52:29: MasterKey Key Entry ... OK
2014/11/10 09:52:29: PowerON Counter Key Entry ... OK
2014/11/10 09:52:30: Key Entry ... OK
2014/11/10 09:52:30: Complete.
2014/11/10 09:52:30: COM PORT CLOSE ... OK
2014/11/10 09:52:30: 
2014/11/10 09:52:30: ==== Processing was completed ====
2014/11/10 09:52:30: 
*************************************************


*********** Start the Initialize Key Check **********
2014/11/10 10:11:05: Tool Ver: 2013.0605.01
2014/11/10 10:11:05: COM PORT OPEN ... OK
2014/11/10 10:11:05:
2014/11/10 10:11:05: ProductS/N:  VRW06A114Y00555
2014/11/10 10:11:05: TID: 86042F40D2E52080
2014/11/10 10:11:05: F/W Version: 00.00.08
2014/11/10 10:11:05:
2014/11/10 10:11:05: MasterKey Key Entry ... OK
2014/11/10 10:11:05: PowerON Counter Key Entry ... OK
2014/11/10 10:11:06: Key Entry ... OK
2014/11/10 10:11:06: Complete.
2014/11/10 10:11:06: COM PORT CLOSE ... OK
2014/11/10 10:11:06: 
2014/11/10 10:11:06: ==== Processing was completed ====
2014/11/10 10:11:06: 
*************************************************


*********** Start the Initialize Key Check **********
2014/11/10 10:15:44: Tool Ver: 2013.0605.01
2014/11/10 10:15:44: COM PORT OPEN ... OK
2014/11/10 10:15:44:
2014/11/10 10:15:44: ProductS/N:  VRW06A114Y00561
2014/11/10 10:15:44: TID: 86040B282AE62080
2014/11/10 10:15:44: F/W Version: 00.00.08
2014/11/10 10:15:44:
2014/11/10 10:15:44: MasterKey Key Entry ... OK
2014/11/10 10:15:44: PowerON Counter Key Entry ... OK
2014/11/10 10:15:44: Key Entry ... OK
2014/11/10 10:15:44: Complete.
2014/11/10 10:15:44: COM PORT CLOSE ... OK
2014/11/10 10:15:44: 
2014/11/10 10:15:44: ==== Processing was completed ====
2014/11/10 10:15:44: 
*************************************************


*********** Start the Initialize Key Check **********
2014/11/10 10:23:27: Tool Ver: 2013.0605.01
2014/11/10 10:23:27: COM PORT OPEN ... OK
*********** Start the Initialize Key Check **********
2014/11/10 10:23:59: Tool Ver: 2013.0605.01
2014/11/10 10:23:59: COM PORT OPEN ... OK
2014/11/10 10:23:59:
2014/11/10 10:23:59: ProductS/N:  VRW06A114Y00553
2014/11/10 10:23:59: TID: 860442242AE62080
2014/11/10 10:23:59: F/W Version: 00.00.08
2014/11/10 10:23:59:
2014/11/10 10:23:59: MasterKey Key Entry ... OK
2014/11/10 10:23:59: PowerON Counter Key Entry ... OK
2014/11/10 10:24:00: Key Entry ... OK
2014/11/10 10:24:00: Complete.
2014/11/10 10:24:00: COM PORT CLOSE ... OK
2014/11/10 10:24:00: 
2014/11/10 10:24:00: ==== Processing was completed ====
2014/11/10 10:24:00: 
*************************************************


*********** Start the Initialize Key Check **********
2014/11/10 10:44:18: Tool Ver: 2013.0605.01
2014/11/10 10:44:18: COM PORT OPEN ... OK
2014/11/10 10:44:18:
2014/11/10 10:44:18: ProductS/N:  VRW06A114Y00559
2014/11/10 10:44:18: TID: 86041B1C2AE62080
2014/11/10 10:44:18: F/W Version: 00.00.08
2014/11/10 10:44:18:
2014/11/10 10:44:18: MasterKey Key Entry ... OK
2014/11/10 10:44:18: PowerON Counter Key Entry ... OK
2014/11/10 10:44:19: Key Entry ... OK
2014/11/10 10:44:19: Complete.
2014/11/10 10:44:19: COM PORT CLOSE ... OK
2014/11/10 10:44:19: 
2014/11/10 10:44:19: ==== Processing was completed ====
2014/11/10 10:44:19: 
*************************************************


*********** Start the Initialize Key Check **********
2014/11/10 10:53:43: Tool Ver: 2013.0605.01
2014/11/10 10:53:43: COM PORT OPEN ... OK
2014/11/10 10:53:43:
2014/11/10 10:53:43: ProductS/N:  VRW06A114Y00573
2014/11/10 10:53:43: TID: 86043A262AE62080
2014/11/10 10:53:43: F/W Version: 00.00.08
2014/11/10 10:53:43:
2014/11/10 10:53:43: MasterKey Key Entry ... OK
2014/11/10 10:53:43: PowerON Counter Key Entry ... OK
2014/11/10 10:53:43: Key Entry ... OK
2014/11/10 10:53:43: Complete.
2014/11/10 10:53:43: COM PORT CLOSE ... OK
2014/11/10 10:53:43: 
2014/11/10 10:53:43: ==== Processing was completed ====
2014/11/10 10:53:43: 
*************************************************


*********** Start the Initialize Key Check **********
2014/11/10 11:11:57: Tool Ver: 2013.0605.01
2014/11/10 11:11:57: COM PORT OPEN ... OK
2014/11/10 11:11:57:
2014/11/10 11:11:57: ProductS/N:  VRW06A114Y00579
2014/11/10 11:11:57: TID: 8604373CD2E52080
2014/11/10 11:11:57: F/W Version: 00.00.08
2014/11/10 11:11:57:
2014/11/10 11:11:57: MasterKey Key Entry ... OK
2014/11/10 11:11:57: PowerON Counter Key Entry ... OK
2014/11/10 11:11:58: Key Entry ... OK
2014/11/10 11:11:58: Complete.
2014/11/10 11:11:58: COM PORT CLOSE ... OK
2014/11/10 11:11:58: 
2014/11/10 11:11:58: ==== Processing was completed ====
2014/11/10 11:11:58: 
*************************************************


*********** Start the Initialize Key Check **********
2014/11/10 11:16:04: Tool Ver: 2013.0605.01
2014/11/10 11:16:04: COM PORT OPEN ... OK
2014/11/10 11:16:04:
2014/11/10 11:16:04: ProductS/N:  VRW06A114Y00563
2014/11/10 11:16:04: TID: 86042C3CD2E52080
2014/11/10 11:16:04: F/W Version: 00.00.08
2014/11/10 11:16:04:
2014/11/10 11:16:04: MasterKey Key Entry ... OK
2014/11/10 11:16:04: PowerON Counter Key Entry ... OK
2014/11/10 11:16:05: Key Entry ... OK
2014/11/10 11:16:05: Complete.
2014/11/10 11:16:05: COM PORT CLOSE ... OK
2014/11/10 11:16:05: 
2014/11/10 11:16:05: ==== Processing was completed ====
2014/11/10 11:16:05: 
*************************************************


*********** Start the Initialize Key Check **********
2014/11/10 11:27:06: Tool Ver: 2013.0605.01
2014/11/10 11:27:06: COM PORT OPEN ... OK
2014/11/10 11:27:07:
2014/11/10 11:27:07: ProductS/N:  VRW06A114Y00581
2014/11/10 11:27:07: TID: 860428222AE62080
2014/11/10 11:27:07: F/W Version: 00.00.08
2014/11/10 11:27:07:
2014/11/10 11:27:07: MasterKey Key Entry ... OK
2014/11/10 11:27:07: PowerON Counter Key Entry ... OK
2014/11/10 11:27:07: Key Entry ... OK
2014/11/10 11:27:07: Complete.
2014/11/10 11:27:07: COM PORT CLOSE ... OK
2014/11/10 11:27:07: 
2014/11/10 11:27:07: ==== Processing was completed ====
2014/11/10 11:27:07: 
*************************************************


*********** Start the Initialize Key Check **********
2014/11/10 11:33:45: Tool Ver: 2013.0605.01
2014/11/10 11:33:45: COM PORT OPEN ... OK
2014/11/10 11:33:46:
2014/11/10 11:33:46: ProductS/N:  VRW06A114Y00569
2014/11/10 11:33:46: TID: 86040C282AE62080
2014/11/10 11:33:46: F/W Version: 00.00.08
2014/11/10 11:33:46:
2014/11/10 11:33:46: MasterKey Key Entry ... OK
2014/11/10 11:33:46: PowerON Counter Key Entry ... OK
2014/11/10 11:33:46: Key Entry ... OK
2014/11/10 11:33:46: Complete.
2014/11/10 11:33:46: COM PORT CLOSE ... OK
2014/11/10 11:33:46: 
2014/11/10 11:33:46: ==== Processing was completed ====
2014/11/10 11:33:46: 
*************************************************


*********** Start the Initialize Key Check **********
2014/11/10 11:35:35: Tool Ver: 2013.0605.01
2014/11/10 11:35:35: COM PORT OPEN ... OK
2014/11/10 11:35:35:
2014/11/10 11:35:35: ProductS/N:  VRW06A114Y00578
2014/11/10 11:35:35: TID: 860424222AE62080
2014/11/10 11:35:35: F/W Version: 00.00.08
2014/11/10 11:35:35:
2014/11/10 11:35:35: MasterKey Key Entry ... OK
2014/11/10 11:35:35: PowerON Counter Key Entry ... OK
2014/11/10 11:35:36: Key Entry ... OK
2014/11/10 11:35:36: Complete.
2014/11/10 11:35:36: COM PORT CLOSE ... OK
2014/11/10 11:35:36: 
2014/11/10 11:35:36: ==== Processing was completed ====
2014/11/10 11:35:36: 
*************************************************


*********** Start the Initialize Key Check **********
2014/11/10 11:42:15: Tool Ver: 2013.0605.01
2014/11/10 11:42:15: COM PORT OPEN ... OK
2014/11/10 11:42:15:
2014/11/10 11:42:15: ProductS/N:  VRW06A114Y00567
2014/11/10 11:42:15: TID: 86042D35D2E52080
2014/11/10 11:42:15: F/W Version: 00.00.08
2014/11/10 11:42:15:
2014/11/10 11:42:15: MasterKey Key Entry ... OK
2014/11/10 11:42:15: PowerON Counter Key Entry ... OK
2014/11/10 11:42:15: Key Entry ... OK
2014/11/10 11:42:15: Complete.
2014/11/10 11:42:15: COM PORT CLOSE ... OK
2014/11/10 11:42:15: 
2014/11/10 11:42:15: ==== Processing was completed ====
2014/11/10 11:42:15: 
*************************************************


*********** Start the Initialize Key Check **********
2014/11/10 11:44:26: Tool Ver: 2013.0605.01
2014/11/10 11:44:26: COM PORT OPEN ... OK
2014/11/10 11:44:26:
2014/11/10 11:44:26: ProductS/N:  VRW06A114Y00565
2014/11/10 11:44:26: TID: 86042B2CD2E52080
2014/11/10 11:44:26: F/W Version: 00.00.08
2014/11/10 11:44:26:
2014/11/10 11:44:26: MasterKey Key Entry ... OK
2014/11/10 11:44:26: PowerON Counter Key Entry ... OK
2014/11/10 11:44:27: Key Entry ... OK
2014/11/10 11:44:27: Complete.
2014/11/10 11:44:27: COM PORT CLOSE ... OK
2014/11/10 11:44:27: 
2014/11/10 11:44:27: ==== Processing was completed ====
2014/11/10 11:44:27: 
*************************************************


*********** Start the Initialize Key Check **********
2014/11/10 12:51:47: Tool Ver: 2013.0605.01
2014/11/10 12:51:47: COM PORT OPEN ... OK
2014/11/10 12:51:47:
2014/11/10 12:51:47: ProductS/N:  VRW06A114Y00316
2014/11/10 12:51:47: TID: 8604321F2AE62080
2014/11/10 12:51:47: F/W Version: 00.00.08
2014/11/10 12:51:47:
2014/11/10 12:51:47: MasterKey Key Entry ... OK
2014/11/10 12:51:47: PowerON Counter Key Entry ... OK
2014/11/10 12:51:48: Key Entry ... OK
2014/11/10 12:51:48: Complete.
2014/11/10 12:51:48: COM PORT CLOSE ... OK
2014/11/10 12:51:48: 
2014/11/10 12:51:48: ==== Processing was completed ====
2014/11/10 12:51:48: 
*************************************************


*********** Start the Initialize Key Check **********
2014/11/10 12:58:18: Tool Ver: 2013.0605.01
2014/11/10 12:58:18: COM PORT OPEN ... OK
2014/11/10 12:58:18:
2014/11/10 12:58:18: ProductS/N:  VRW06A114Y00504
2014/11/10 12:58:18: TID: 8604283ED2E52080
2014/11/10 12:58:18: F/W Version: 00.00.08
2014/11/10 12:58:18:
2014/11/10 12:58:18: MasterKey Key Entry ... OK
2014/11/10 12:58:18: PowerON Counter Key Entry ... OK
2014/11/10 12:58:19: Key Entry ... OK
2014/11/10 12:58:19: Complete.
2014/11/10 12:58:19: COM PORT CLOSE ... OK
2014/11/10 12:58:19: 
2014/11/10 12:58:19: ==== Processing was completed ====
2014/11/10 12:58:19: 
*************************************************


*********** Start the Initialize Key Check **********
2014/11/10 13:02:16: Tool Ver: 2013.0605.01
2014/11/10 13:02:16: COM PORT OPEN ... OK
2014/11/10 13:02:17:
2014/11/10 13:02:17: ProductS/N:  VRW06A114Y00564
2014/11/10 13:02:17: TID: 86041B2B2AE62080
2014/11/10 13:02:17: F/W Version: 00.00.08
2014/11/10 13:02:17:
2014/11/10 13:02:17: MasterKey Key Entry ... OK
2014/11/10 13:02:17: PowerON Counter Key Entry ... OK
2014/11/10 13:02:17: Key Entry ... OK
2014/11/10 13:02:17: Complete.
2014/11/10 13:02:17: COM PORT CLOSE ... OK
2014/11/10 13:02:17: 
2014/11/10 13:02:17: ==== Processing was completed ====
2014/11/10 13:02:17: 
*************************************************


*********** Start the Initialize Key Check **********
2014/11/10 13:06:33: Tool Ver: 2013.0605.01
2014/11/10 13:06:33: COM PORT OPEN ... OK
2014/11/10 13:06:33:
2014/11/10 13:06:33: ProductS/N:  VRW06A114Y00576
2014/11/10 13:06:33: TID: 86042F3CD2E52080
2014/11/10 13:06:33: F/W Version: 00.00.08
2014/11/10 13:06:33:
2014/11/10 13:06:33: MasterKey Key Entry ... OK
2014/11/10 13:06:33: PowerON Counter Key Entry ... OK
2014/11/10 13:06:34: Key Entry ... OK
2014/11/10 13:06:34: Complete.
2014/11/10 13:06:34: COM PORT CLOSE ... OK
2014/11/10 13:06:34: 
2014/11/10 13:06:34: ==== Processing was completed ====
2014/11/10 13:06:34: 
*************************************************


*********** Start the Initialize Key Check **********
2014/11/10 13:10:44: Tool Ver: 2013.0605.01
2014/11/10 13:10:44: COM PORT OPEN ... OK
2014/11/10 13:10:44:
2014/11/10 13:10:44: ProductS/N:  VRW06A114Y00516
2014/11/10 13:10:44: TID: 86041208CAE52080
2014/11/10 13:10:44: F/W Version: 00.00.08
2014/11/10 13:10:44:
2014/11/10 13:10:44: MasterKey Key Entry ... OK
2014/11/10 13:10:44: PowerON Counter Key Entry ... OK
2014/11/10 13:10:45: Key Entry ... OK
2014/11/10 13:10:45: Complete.
2014/11/10 13:10:45: COM PORT CLOSE ... OK
2014/11/10 13:10:45: 
2014/11/10 13:10:45: ==== Processing was completed ====
2014/11/10 13:10:45: 
*************************************************


*********** Start the Initialize Key Check **********
2014/11/10 13:14:17: Tool Ver: 2013.0605.01
2014/11/10 13:14:17: COM PORT OPEN ... OK
2014/11/10 13:14:17:
2014/11/10 13:14:17: ProductS/N:  VRW06A114Y00528
2014/11/10 13:14:17: TID: 8604101F2AE62080
2014/11/10 13:14:17: F/W Version: 00.00.08
2014/11/10 13:14:17:
2014/11/10 13:14:17: MasterKey Key Entry ... OK
2014/11/10 13:14:18: PowerON Counter Key Entry ... OK
2014/11/10 13:14:18: Key Entry ... OK
2014/11/10 13:14:18: Complete.
2014/11/10 13:14:18: COM PORT CLOSE ... OK
2014/11/10 13:14:18: 
2014/11/10 13:14:18: ==== Processing was completed ====
2014/11/10 13:14:18: 
*************************************************


*********** Start the Initialize Key Check **********
2014/11/10 13:18:04: Tool Ver: 2013.0605.01
2014/11/10 13:18:04: COM PORT OPEN ... OK
2014/11/10 13:18:04:
2014/11/10 13:18:04: ProductS/N:  VRW06A114Y00580
2014/11/10 13:18:04: TID: 86043F252AE62080
2014/11/10 13:18:04: F/W Version: 00.00.08
2014/11/10 13:18:04:
2014/11/10 13:18:04: MasterKey Key Entry ... OK
2014/11/10 13:18:04: PowerON Counter Key Entry ... OK
2014/11/10 13:18:05: Key Entry ... OK
2014/11/10 13:18:05: Complete.
2014/11/10 13:18:05: COM PORT CLOSE ... OK
2014/11/10 13:18:05: 
2014/11/10 13:18:05: ==== Processing was completed ====
2014/11/10 13:18:05: 
*************************************************


*********** Start the Initialize Key Check **********
2014/11/10 13:40:34: Tool Ver: 2013.0605.01
2014/11/10 13:40:34: COM PORT OPEN ... OK
2014/11/10 13:40:34:
2014/11/10 13:40:34: ProductS/N:  VRW06A114Y00556
2014/11/10 13:40:34: TID: 86041B212AE62080
2014/11/10 13:40:34: F/W Version: 00.00.08
2014/11/10 13:40:34:
2014/11/10 13:40:34: MasterKey Key Entry ... OK
2014/11/10 13:40:34: PowerON Counter Key Entry ... OK
2014/11/10 13:40:35: Key Entry ... OK
2014/11/10 13:40:35: Complete.
2014/11/10 13:40:35: COM PORT CLOSE ... OK
2014/11/10 13:40:35: 
2014/11/10 13:40:35: ==== Processing was completed ====
2014/11/10 13:40:35: 
*************************************************


*********** Start the Initialize Key Check **********
2014/11/10 13:54:15: Tool Ver: 2013.0605.01
2014/11/10 13:54:15: COM PORT OPEN ... OK
2014/11/10 13:54:15:
2014/11/10 13:54:15: ProductS/N:  VRW06A114Y00495
2014/11/10 13:54:15: TID: 8604213BD2E52080
2014/11/10 13:54:15: F/W Version: 00.00.08
2014/11/10 13:54:15:
2014/11/10 13:54:15: MasterKey Key Entry ... OK
2014/11/10 13:54:15: PowerON Counter Key Entry ... OK
2014/11/10 13:54:16: Key Entry ... OK
2014/11/10 13:54:16: Complete.
2014/11/10 13:54:16: COM PORT CLOSE ... OK
2014/11/10 13:54:16: 
2014/11/10 13:54:16: ==== Processing was completed ====
2014/11/10 13:54:16: 
*************************************************


*********** Start the Initialize Key Check **********
2014/11/10 14:15:35: Tool Ver: 2013.0605.01
2014/11/10 14:15:35: COM PORT OPEN ... OK
2014/11/10 14:15:35:
2014/11/10 14:15:35: ProductS/N:  VRW06A114Y00577
2014/11/10 14:15:35: TID: 8604331F2AE62080
2014/11/10 14:15:35: F/W Version: 00.00.08
2014/11/10 14:15:35:
2014/11/10 14:15:35: MasterKey Key Entry ... OK
2014/11/10 14:15:35: PowerON Counter Key Entry ... OK
2014/11/10 14:15:36: Key Entry ... OK
2014/11/10 14:15:36: Complete.
2014/11/10 14:15:36: COM PORT CLOSE ... OK
2014/11/10 14:15:36: 
2014/11/10 14:15:36: ==== Processing was completed ====
2014/11/10 14:15:36: 
*************************************************


*********** Start the Initialize Key Check **********
2014/11/10 14:16:11: Tool Ver: 2013.0605.01
2014/11/10 14:16:11: COM PORT OPEN ... OK
2014/11/10 14:16:11:
2014/11/10 14:16:11: ProductS/N:  VRW06A114Y00533
2014/11/10 14:16:11: TID: 8604082ED2E52080
2014/11/10 14:16:11: F/W Version: 00.00.08
2014/11/10 14:16:11:
2014/11/10 14:16:11: MasterKey Key Entry ... OK
2014/11/10 14:16:11: PowerON Counter Key Entry ... OK
2014/11/10 14:16:11: Key Entry ... OK
2014/11/10 14:16:11: Complete.
2014/11/10 14:16:11: COM PORT CLOSE ... OK
2014/11/10 14:16:11: 
2014/11/10 14:16:11: ==== Processing was completed ====
2014/11/10 14:16:11: 
*************************************************


*********** Start the Initialize Key Check **********
2014/11/10 14:22:17: Tool Ver: 2013.0605.01
2014/11/10 14:22:17: COM PORT OPEN ... OK
2014/11/10 14:22:17:
2014/11/10 14:22:17: ProductS/N:  VRW06A114Y00554
2014/11/10 14:22:17: TID: 86041F04CAE52080
2014/11/10 14:22:17: F/W Version: 00.00.08
2014/11/10 14:22:17:
2014/11/10 14:22:17: MasterKey Key Entry ... OK
2014/11/10 14:22:17: PowerON Counter Key Entry ... OK
2014/11/10 14:22:18: Key Entry ... OK
2014/11/10 14:22:18: Complete.
2014/11/10 14:22:18: COM PORT CLOSE ... OK
2014/11/10 14:22:18: 
2014/11/10 14:22:18: ==== Processing was completed ====
2014/11/10 14:22:18: 
*************************************************


*********** Start the Initialize Key Check **********
2014/11/10 14:24:41: Tool Ver: 2013.0605.01
2014/11/10 14:24:41: COM PORT OPEN ... OK
2014/11/10 14:24:41:
2014/11/10 14:24:41: ProductS/N:  VRW06A114Y00558
2014/11/10 14:24:41: TID: 86042B242AE62080
2014/11/10 14:24:41: F/W Version: 00.00.08
2014/11/10 14:24:41:
2014/11/10 14:24:41: MasterKey Key Entry ... OK
2014/11/10 14:24:41: PowerON Counter Key Entry ... OK
2014/11/10 14:24:42: Key Entry ... OK
2014/11/10 14:24:42: Complete.
2014/11/10 14:24:42: COM PORT CLOSE ... OK
2014/11/10 14:24:42: 
2014/11/10 14:24:42: ==== Processing was completed ====
2014/11/10 14:24:42: 
*************************************************


*********** Start the Initialize Key Check **********
2014/11/10 14:34:21: Tool Ver: 2013.0605.01
2014/11/10 14:34:21: COM PORT OPEN ... OK
2014/11/10 14:34:21:
2014/11/10 14:34:21: ProductS/N:  VRW06A114Y00575
2014/11/10 14:34:21: TID: 8604163CD2E52080
2014/11/10 14:34:21: F/W Version: 00.00.08
2014/11/10 14:34:21:
2014/11/10 14:34:21: MasterKey Key Entry ... OK
2014/11/10 14:34:21: PowerON Counter Key Entry ... OK
2014/11/10 14:34:22: Key Entry ... OK
2014/11/10 14:34:22: Complete.
2014/11/10 14:34:22: COM PORT CLOSE ... OK
2014/11/10 14:34:22: 
2014/11/10 14:34:22: ==== Processing was completed ====
2014/11/10 14:34:22: 
*************************************************


*********** Start the Initialize Key Check **********
2014/11/10 14:36:58: Tool Ver: 2013.0605.01
2014/11/10 14:36:58: COM PORT OPEN ... OK
2014/11/10 14:36:58:
2014/11/10 14:36:58: ProductS/N:  VRW06A114Y00572
2014/11/10 14:36:58: TID: 8604221D2AE62080
2014/11/10 14:36:58: F/W Version: 00.00.08
2014/11/10 14:36:58:
2014/11/10 14:36:58: MasterKey Key Entry ... OK
2014/11/10 14:36:58: PowerON Counter Key Entry ... OK
2014/11/10 14:36:59: Key Entry ... OK
2014/11/10 14:36:59: Complete.
2014/11/10 14:36:59: COM PORT CLOSE ... OK
2014/11/10 14:36:59: 
2014/11/10 14:36:59: ==== Processing was completed ====
2014/11/10 14:36:59: 
*************************************************


*********** Start the Initialize Key Check **********
2014/11/10 14:39:52: Tool Ver: 2013.0605.01
2014/11/10 14:39:52: COM PORT OPEN ... OK
2014/11/10 14:39:52:
2014/11/10 14:39:52: ProductS/N:  VRW06A114Y00570
2014/11/10 14:39:52: TID: 86041A2B2AE62080
2014/11/10 14:39:52: F/W Version: 00.00.08
2014/11/10 14:39:52:
2014/11/10 14:39:52: MasterKey Key Entry ... OK
2014/11/10 14:39:52: PowerON Counter Key Entry ... OK
2014/11/10 14:39:52: Key Entry ... OK
2014/11/10 14:39:52: Complete.
2014/11/10 14:39:52: COM PORT CLOSE ... OK
2014/11/10 14:39:52: 
2014/11/10 14:39:52: ==== Processing was completed ====
2014/11/10 14:39:52: 
*************************************************


*********** Start the Initialize Key Check **********
2014/11/10 14:55:20: Tool Ver: 2013.0605.01
2014/11/10 14:55:20: COM PORT OPEN ... OK
2014/11/10 14:55:20:
2014/11/10 14:55:20: ProductS/N:  VRW06A114Y00599
2014/11/10 14:55:20: TID: 86041D2B2AE62080
2014/11/10 14:55:20: F/W Version: 00.00.08
2014/11/10 14:55:20:
2014/11/10 14:55:20: MasterKey Key Entry ... OK
2014/11/10 14:55:20: PowerON Counter Key Entry ... OK
2014/11/10 14:55:20: Key Entry ... OK
2014/11/10 14:55:20: Complete.
2014/11/10 14:55:20: COM PORT CLOSE ... OK
2014/11/10 14:55:20: 
2014/11/10 14:55:20: ==== Processing was completed ====
2014/11/10 14:55:20: 
*************************************************


*********** Start the Initialize Key Check **********
2014/11/10 15:19:28: Tool Ver: 2013.0605.01
2014/11/10 15:19:28: COM PORT OPEN ... OK
2014/11/10 15:19:28:
2014/11/10 15:19:28: ProductS/N:  VRW06A114Y00593
2014/11/10 15:19:28: TID: 8604171D2AE62080
2014/11/10 15:19:28: F/W Version: 00.00.08
2014/11/10 15:19:28:
2014/11/10 15:19:28: MasterKey Key Entry ... OK
2014/11/10 15:19:28: PowerON Counter Key Entry ... OK
2014/11/10 15:19:29: Key Entry ... OK
2014/11/10 15:19:29: Complete.
2014/11/10 15:19:29: COM PORT CLOSE ... OK
2014/11/10 15:19:29: 
2014/11/10 15:19:29: ==== Processing was completed ====
2014/11/10 15:19:29: 
*************************************************


*********** Start the Initialize Key Check **********
2014/11/10 15:38:12: Tool Ver: 2013.0605.01
2014/11/10 15:38:12: COM PORT OPEN ... OK
2014/11/10 15:38:12:
2014/11/10 15:38:12: ProductS/N:  VRW06A114Y00549
2014/11/10 15:38:12: TID: 86041C1C2AE62080
2014/11/10 15:38:12: F/W Version: 00.00.08
2014/11/10 15:38:12:
2014/11/10 15:38:12: MasterKey Key Entry ... OK
2014/11/10 15:38:12: PowerON Counter Key Entry ... OK
2014/11/10 15:38:13: Key Entry ... OK
2014/11/10 15:38:13: Complete.
2014/11/10 15:38:13: COM PORT CLOSE ... OK
2014/11/10 15:38:13: 
2014/11/10 15:38:13: ==== Processing was completed ====
2014/11/10 15:38:13: 
*************************************************


*********** Start the Initialize Key Check **********
2014/11/10 15:51:35: Tool Ver: 2013.0605.01
2014/11/10 15:51:35: COM PORT OPEN ... OK
2014/11/10 15:51:35:
2014/11/10 15:51:35: ProductS/N:  VRW06A114Y00598
2014/11/10 15:51:35: TID: 86040C222AE62080
2014/11/10 15:51:35: F/W Version: 00.00.08
2014/11/10 15:51:35:
2014/11/10 15:51:35: MasterKey Key Entry ... OK
2014/11/10 15:51:35: PowerON Counter Key Entry ... OK
2014/11/10 15:51:36: Key Entry ... OK
2014/11/10 15:51:36: Complete.
2014/11/10 15:51:36: COM PORT CLOSE ... OK
2014/11/10 15:51:36: 
2014/11/10 15:51:36: ==== Processing was completed ====
2014/11/10 15:51:36: 
*************************************************


*********** Start the Initialize Key Check **********
2014/11/10 16:28:39: Tool Ver: 2013.0605.01
2014/11/10 16:28:39: COM PORT OPEN ... ERROR(01)
2014/11/10 16:28:39: 
2014/11/10 16:28:39: ######## Error has occurred ########
2014/11/10 16:28:39: 
*************************************************


*********** Start the Initialize Key Check **********
2014/11/10 16:29:14: Tool Ver: 2013.0605.01
2014/11/10 16:29:14: COM PORT OPEN ... OK
2014/11/10 16:29:14:
2014/11/10 16:29:14: ProductS/N:  VRW06A114Y00613
2014/11/10 16:29:14: TID: 86042F262AE62080
2014/11/10 16:29:14: F/W Version: 00.00.08
2014/11/10 16:29:14:
2014/11/10 16:29:14: MasterKey Key Entry ... OK
2014/11/10 16:29:14: PowerON Counter Key Entry ... OK
2014/11/10 16:29:15: Key Entry ... OK
2014/11/10 16:29:15: Complete.
2014/11/10 16:29:15: COM PORT CLOSE ... OK
2014/11/10 16:29:15: 
2014/11/10 16:29:15: ==== Processing was completed ====
2014/11/10 16:29:15: 
*************************************************


*********** Start the Initialize Key Check **********
2014/11/10 16:40:25: Tool Ver: 2013.0605.01
2014/11/10 16:40:25: COM PORT OPEN ... OK
2014/11/10 16:40:25:
2014/11/10 16:40:25: ProductS/N:  VRW06A114Y00595
2014/11/10 16:40:25: TID: 8604203DD2E52080
2014/11/10 16:40:25: F/W Version: 00.00.08
2014/11/10 16:40:25:
2014/11/10 16:40:25: MasterKey Key Entry ... OK
2014/11/10 16:40:25: PowerON Counter Key Entry ... OK
2014/11/10 16:40:26: Key Entry ... OK
2014/11/10 16:40:26: Complete.
2014/11/10 16:40:26: COM PORT CLOSE ... OK
2014/11/10 16:40:26: 
2014/11/10 16:40:26: ==== Processing was completed ====
2014/11/10 16:40:26: 
*************************************************


*********** Start the Initialize Key Check **********
2014/11/10 16:42:45: Tool Ver: 2013.0605.01
2014/11/10 16:42:45: COM PORT OPEN ... OK
2014/11/10 16:42:45:
2014/11/10 16:42:45: ProductS/N:  VRW06A114Y00602
2014/11/10 16:42:45: TID: 860434212AE62080
2014/11/10 16:42:45: F/W Version: 00.00.08
2014/11/10 16:42:45:
2014/11/10 16:42:45: MasterKey Key Entry ... OK
2014/11/10 16:42:45: PowerON Counter Key Entry ... OK
2014/11/10 16:42:46: Key Entry ... OK
2014/11/10 16:42:46: Complete.
2014/11/10 16:42:46: COM PORT CLOSE ... OK
2014/11/10 16:42:46: 
2014/11/10 16:42:46: ==== Processing was completed ====
2014/11/10 16:42:46: 
*************************************************


*********** Start the Initialize Key Check **********
2014/11/10 16:45:26: Tool Ver: 2013.0605.01
2014/11/10 16:45:26: COM PORT OPEN ... OK
2014/11/10 16:45:26:
2014/11/10 16:45:26: ProductS/N:  VRW06A114Y00611
2014/11/10 16:45:26: TID: 86040A1C2AE62080
2014/11/10 16:45:26: F/W Version: 00.00.08
2014/11/10 16:45:26:
2014/11/10 16:45:26: MasterKey Key Entry ... OK
2014/11/10 16:45:26: PowerON Counter Key Entry ... OK
2014/11/10 16:45:27: Key Entry ... OK
2014/11/10 16:45:27: Complete.
2014/11/10 16:45:27: COM PORT CLOSE ... OK
2014/11/10 16:45:27: 
2014/11/10 16:45:27: ==== Processing was completed ====
2014/11/10 16:45:27: 
*************************************************


*********** Start the Initialize Key Check **********
2014/11/10 17:32:50: Tool Ver: 2013.0605.01
2014/11/10 17:32:50: COM PORT OPEN ... OK
2014/11/10 17:32:50:
2014/11/10 17:32:50: ProductS/N:  VRW06A114Y00590
2014/11/10 17:32:50: TID: 860435232AE62080
2014/11/10 17:32:50: F/W Version: 00.00.08
2014/11/10 17:32:50:
2014/11/10 17:32:50: MasterKey Key Entry ... OK
2014/11/10 17:32:50: PowerON Counter Key Entry ... OK
2014/11/10 17:32:51: Key Entry ... OK
2014/11/10 17:32:51: Complete.
2014/11/10 17:32:51: COM PORT CLOSE ... OK
2014/11/10 17:32:51: 
2014/11/10 17:32:51: ==== Processing was completed ====
2014/11/10 17:32:51: 
*************************************************


*********** Start the Initialize Key Check **********
2014/11/10 18:02:48: Tool Ver: 2013.0605.01
2014/11/10 18:02:48: COM PORT OPEN ... OK
2014/11/10 18:02:48:
2014/11/10 18:02:48: ProductS/N:  VRW06A114Y00612
2014/11/10 18:02:48: TID: 860430262AE62080
2014/11/10 18:02:48: F/W Version: 00.00.08
2014/11/10 18:02:48:
2014/11/10 18:02:48: MasterKey Key Entry ... OK
2014/11/10 18:02:48: PowerON Counter Key Entry ... OK
2014/11/10 18:02:49: Key Entry ... OK
2014/11/10 18:02:49: Complete.
2014/11/10 18:02:49: COM PORT CLOSE ... OK
2014/11/10 18:02:49: 
2014/11/10 18:02:49: ==== Processing was completed ====
2014/11/10 18:02:49: 
*************************************************


*********** Start the Initialize Key Check **********
2014/11/10 18:06:29: Tool Ver: 2013.0605.01
2014/11/10 18:06:29: COM PORT OPEN ... OK
2014/11/10 18:06:29:
2014/11/10 18:06:29: ProductS/N:  VRW06A114Y00616
2014/11/10 18:06:29: TID: 86041C212AE62080
2014/11/10 18:06:29: F/W Version: 00.00.08
2014/11/10 18:06:29:
2014/11/10 18:06:29: MasterKey Key Entry ... OK
2014/11/10 18:06:29: PowerON Counter Key Entry ... OK
2014/11/10 18:06:30: Key Entry ... OK
2014/11/10 18:06:30: Complete.
2014/11/10 18:06:30: COM PORT CLOSE ... OK
2014/11/10 18:06:30: 
2014/11/10 18:06:30: ==== Processing was completed ====
2014/11/10 18:06:30: 
*************************************************


*********** Start the Initialize Key Check **********
2014/11/10 18:10:47: Tool Ver: 2013.0605.01
2014/11/10 18:10:47: COM PORT OPEN ... OK
2014/11/10 18:10:47:
2014/11/10 18:10:47: ProductS/N:  VRW06A114Y00585
2014/11/10 18:10:47: TID: 86041538D2E52080
2014/11/10 18:10:47: F/W Version: 00.00.08
2014/11/10 18:10:47:
2014/11/10 18:10:47: MasterKey Key Entry ... OK
2014/11/10 18:10:47: PowerON Counter Key Entry ... OK
2014/11/10 18:10:48: Key Entry ... OK
2014/11/10 18:10:48: Complete.
2014/11/10 18:10:48: COM PORT CLOSE ... OK
2014/11/10 18:10:48: 
2014/11/10 18:10:48: ==== Processing was completed ====
2014/11/10 18:10:48: 
*************************************************


*********** Start the Initialize Key Check **********
2014/11/10 18:14:06: Tool Ver: 2013.0605.01
2014/11/10 18:14:06: COM PORT OPEN ... OK
2014/11/10 18:14:06:
2014/11/10 18:14:06: ProductS/N:  VRW06A114Y00615
2014/11/10 18:14:06: TID: 86040D1D2AE62080
2014/11/10 18:14:06: F/W Version: 00.00.08
2014/11/10 18:14:06:
2014/11/10 18:14:06: MasterKey Key Entry ... OK
2014/11/10 18:14:06: PowerON Counter Key Entry ... OK
2014/11/10 18:14:07: Key Entry ... OK
2014/11/10 18:14:07: Complete.
2014/11/10 18:14:07: COM PORT CLOSE ... OK
2014/11/10 18:14:07: 
2014/11/10 18:14:07: ==== Processing was completed ====
2014/11/10 18:14:07: 
*************************************************


*********** Start the Initialize Key Check **********
2014/11/10 18:16:55: Tool Ver: 2013.0605.01
2014/11/10 18:16:55: COM PORT OPEN ... OK
2014/11/10 18:16:55:
2014/11/10 18:16:55: ProductS/N:  VRW06A114Y00619
2014/11/10 18:16:55: TID: 860440202AE62080
2014/11/10 18:16:55: F/W Version: 00.00.08
2014/11/10 18:16:55:
2014/11/10 18:16:55: MasterKey Key Entry ... OK
2014/11/10 18:16:55: PowerON Counter Key Entry ... OK
2014/11/10 18:16:56: Key Entry ... OK
2014/11/10 18:16:56: Complete.
2014/11/10 18:16:56: COM PORT CLOSE ... OK
2014/11/10 18:16:56: 
2014/11/10 18:16:56: ==== Processing was completed ====
2014/11/10 18:16:56: 
*************************************************


*********** Start the Initialize Key Check **********
2014/11/10 18:20:10: Tool Ver: 2013.0605.01
2014/11/10 18:20:10: COM PORT OPEN ... OK
2014/11/10 18:20:10:
2014/11/10 18:20:10: ProductS/N:  VRW06A114Y00620
2014/11/10 18:20:10: TID: 860433232AE62080
2014/11/10 18:20:10: F/W Version: 00.00.08
2014/11/10 18:20:10:
2014/11/10 18:20:10: MasterKey Key Entry ... OK
2014/11/10 18:20:10: PowerON Counter Key Entry ... OK
2014/11/10 18:20:10: Key Entry ... OK
2014/11/10 18:20:10: Complete.
2014/11/10 18:20:10: COM PORT CLOSE ... OK
2014/11/10 18:20:10: 
2014/11/10 18:20:10: ==== Processing was completed ====
2014/11/10 18:20:10: 
*************************************************


*********** Start the Initialize Key Check **********
2014/11/10 18:23:07: Tool Ver: 2013.0605.01
2014/11/10 18:23:07: COM PORT OPEN ... OK
2014/11/10 18:23:07:
2014/11/10 18:23:07: ProductS/N:  VRW06A114Y00589
2014/11/10 18:23:07: TID: 86042438D2E52080
2014/11/10 18:23:07: F/W Version: 00.00.08
2014/11/10 18:23:07:
2014/11/10 18:23:07: MasterKey Key Entry ... OK
2014/11/10 18:23:07: PowerON Counter Key Entry ... OK
2014/11/10 18:23:08: Key Entry ... OK
2014/11/10 18:23:08: Complete.
2014/11/10 18:23:08: COM PORT CLOSE ... OK
2014/11/10 18:23:08: 
2014/11/10 18:23:08: ==== Processing was completed ====
2014/11/10 18:23:08: 
*************************************************


*********** Start the Initialize Key Check **********
2014/11/10 18:26:04: Tool Ver: 2013.0605.01
2014/11/10 18:26:04: COM PORT OPEN ... OK
2014/11/10 18:26:04:
2014/11/10 18:26:04: ProductS/N:  VRW06A114Y00607
2014/11/10 18:26:04: TID: 860422222AE62080
2014/11/10 18:26:04: F/W Version: 00.00.08
2014/11/10 18:26:04:
2014/11/10 18:26:04: MasterKey Key Entry ... OK
2014/11/10 18:26:04: PowerON Counter Key Entry ... OK
2014/11/10 18:26:05: Key Entry ... OK
2014/11/10 18:26:05: Complete.
2014/11/10 18:26:05: COM PORT CLOSE ... OK
2014/11/10 18:26:05: 
2014/11/10 18:26:05: ==== Processing was completed ====
2014/11/10 18:26:05: 
*************************************************


*********** Start the Initialize Key Check **********
2014/11/10 18:29:33: Tool Ver: 2013.0605.01
2014/11/10 18:29:33: COM PORT OPEN ... ERROR(01)
2014/11/10 18:29:33: 
2014/11/10 18:29:33: ######## Error has occurred ########
2014/11/10 18:29:33: 
*************************************************


*********** Start the Initialize Key Check **********
2014/11/10 18:30:03: Tool Ver: 2013.0605.01
2014/11/10 18:30:03: COM PORT OPEN ... OK
2014/11/10 18:30:03:
2014/11/10 18:30:03: ProductS/N:  VRW06A114Y00331
2014/11/10 18:30:03: TID: 86040B37D2E52080
2014/11/10 18:30:03: F/W Version: 00.00.08
2014/11/10 18:30:03:
2014/11/10 18:30:03: MasterKey Key Entry ... OK
2014/11/10 18:30:03: PowerON Counter Key Entry ... OK
2014/11/10 18:30:03: Key Entry ... OK
2014/11/10 18:30:03: Complete.
2014/11/10 18:30:03: COM PORT CLOSE ... OK
2014/11/10 18:30:03: 
2014/11/10 18:30:03: ==== Processing was completed ====
2014/11/10 18:30:03: 
*************************************************


*********** Start the Initialize Key Check **********
2014/11/10 18:30:48: Tool Ver: 2013.0605.01
2014/11/10 18:30:48: COM PORT OPEN ... OK
2014/11/10 18:30:49:
2014/11/10 18:30:49: ProductS/N:  VRW06A114Y00621
2014/11/10 18:30:49: TID: 860437262AE62080
2014/11/10 18:30:49: F/W Version: 00.00.08
2014/11/10 18:30:49:
2014/11/10 18:30:49: MasterKey Key Entry ... OK
2014/11/10 18:30:49: PowerON Counter Key Entry ... OK
2014/11/10 18:30:49: Key Entry ... OK
2014/11/10 18:30:49: Complete.
2014/11/10 18:30:49: COM PORT CLOSE ... OK
2014/11/10 18:30:49: 
2014/11/10 18:30:49: ==== Processing was completed ====
2014/11/10 18:30:49: 
*************************************************


*********** Start the Initialize Key Check **********
2014/11/10 18:31:37: Tool Ver: 2013.0605.01
2014/11/10 18:31:37: COM PORT OPEN ... OK
2014/11/10 18:31:38:
2014/11/10 18:31:38: ProductS/N:  VRW06A114Y00334
2014/11/10 18:31:38: TID: 860435202AE62080
2014/11/10 18:31:38: F/W Version: 00.00.08
2014/11/10 18:31:38:
2014/11/10 18:31:38: MasterKey Key Entry ... OK
2014/11/10 18:31:38: PowerON Counter Key Entry ... OK
2014/11/10 18:31:38: Key Entry ... OK
2014/11/10 18:31:38: Complete.
2014/11/10 18:31:38: COM PORT CLOSE ... OK
2014/11/10 18:31:38: 
2014/11/10 18:31:38: ==== Processing was completed ====
2014/11/10 18:31:38: 
*************************************************


*********** Start the Initialize Key Check **********
2014/11/10 18:34:07: Tool Ver: 2013.0605.01
2014/11/10 18:34:07: COM PORT OPEN ... OK
2014/11/10 18:34:08:
2014/11/10 18:34:08: ProductS/N:  VRW06A114Y00587
2014/11/10 18:34:08: TID: 8604181D2AE62080
2014/11/10 18:34:08: F/W Version: 00.00.08
2014/11/10 18:34:08:
2014/11/10 18:34:08: MasterKey Key Entry ... OK
2014/11/10 18:34:08: PowerON Counter Key Entry ... OK
2014/11/10 18:34:08: Key Entry ... OK
2014/11/10 18:34:08: Complete.
2014/11/10 18:34:08: COM PORT CLOSE ... OK
2014/11/10 18:34:08: 
2014/11/10 18:34:08: ==== Processing was completed ====
2014/11/10 18:34:08: 
*************************************************


*********** Start the Initialize Key Check **********
2014/11/10 18:36:38: Tool Ver: 2013.0605.01
2014/11/10 18:36:38: COM PORT OPEN ... OK
2014/11/10 18:36:38:
2014/11/10 18:36:38: ProductS/N:  VRW06A114Y00315
2014/11/10 18:36:38: TID: 86041E202AE62080
2014/11/10 18:36:38: F/W Version: 00.00.08
2014/11/10 18:36:38:
2014/11/10 18:36:38: MasterKey Key Entry ... OK
2014/11/10 18:36:38: PowerON Counter Key Entry ... OK
2014/11/10 18:36:39: Key Entry ... OK
2014/11/10 18:36:39: Complete.
2014/11/10 18:36:39: COM PORT CLOSE ... OK
2014/11/10 18:36:39: 
2014/11/10 18:36:39: ==== Processing was completed ====
2014/11/10 18:36:39: 
*************************************************


*********** Start the Initialize Key Check **********
2014/11/10 18:37:33: Tool Ver: 2013.0605.01
2014/11/10 18:37:33: COM PORT OPEN ... OK
2014/11/10 18:37:33:
2014/11/10 18:37:33: ProductS/N:  VRW06A114Y00613
2014/11/10 18:37:33: TID: 86042F262AE62080
2014/11/10 18:37:33: F/W Version: 00.00.08
2014/11/10 18:37:33:
2014/11/10 18:37:33: MasterKey Key Entry ... OK
2014/11/10 18:37:33: PowerON Counter Key Entry ... OK
2014/11/10 18:37:34: Key Entry ... OK
2014/11/10 18:37:34: Complete.
2014/11/10 18:37:34: COM PORT CLOSE ... OK
2014/11/10 18:37:34: 
2014/11/10 18:37:34: ==== Processing was completed ====
2014/11/10 18:37:34: 
*************************************************


*********** Start the Initialize Key Check **********
2014/11/10 18:40:33: Tool Ver: 2013.0605.01
2014/11/10 18:40:33: COM PORT OPEN ... OK
2014/11/10 18:40:33:
2014/11/10 18:40:33: ProductS/N:  VRW06A114Y00236
2014/11/10 18:40:33: TID: 860435212AE62080
2014/11/10 18:40:33: F/W Version: 00.00.08
2014/11/10 18:40:33:
2014/11/10 18:40:33: MasterKey Key Entry ... OK
2014/11/10 18:40:33: PowerON Counter Key Entry ... OK
2014/11/10 18:40:33: Key Entry ... OK
2014/11/10 18:40:33: Complete.
2014/11/10 18:40:33: COM PORT CLOSE ... OK
2014/11/10 18:40:33: 
2014/11/10 18:40:33: ==== Processing was completed ====
2014/11/10 18:40:33: 
*************************************************


*********** Start the Initialize Key Check **********
2014/11/10 18:43:28: Tool Ver: 2013.0605.01
2014/11/10 18:43:28: COM PORT OPEN ... OK
2014/11/10 18:43:29:
2014/11/10 18:43:29: ProductS/N:  VRW06A114Y00312
2014/11/10 18:43:29: TID: 86041C39D2E52080
2014/11/10 18:43:29: F/W Version: 00.00.08
2014/11/10 18:43:29:
2014/11/10 18:43:29: MasterKey Key Entry ... OK
2014/11/10 18:43:29: PowerON Counter Key Entry ... OK
2014/11/10 18:43:29: Key Entry ... OK
2014/11/10 18:43:29: Complete.
2014/11/10 18:43:29: COM PORT CLOSE ... OK
2014/11/10 18:43:29: 
2014/11/10 18:43:29: ==== Processing was completed ====
2014/11/10 18:43:29: 
*************************************************


*********** Start the Initialize Key Check **********
2014/11/10 18:44:13: Tool Ver: 2013.0605.01
2014/11/10 18:44:13: COM PORT OPEN ... OK
2014/11/10 18:44:13:
2014/11/10 18:44:13: ProductS/N:  VRW06A114Y00289
2014/11/10 18:44:13: TID: 8604383CD2E52080
2014/11/10 18:44:13: F/W Version: 00.00.08
2014/11/10 18:44:13:
2014/11/10 18:44:13: MasterKey Key Entry ... OK
2014/11/10 18:44:13: PowerON Counter Key Entry ... OK
2014/11/10 18:44:13: Key Entry ... OK
2014/11/10 18:44:13: Complete.
2014/11/10 18:44:13: COM PORT CLOSE ... OK
2014/11/10 18:44:13: 
2014/11/10 18:44:13: ==== Processing was completed ====
2014/11/10 18:44:13: 
*************************************************


*********** Start the Initialize Key Check **********
2014/11/10 18:45:41: Tool Ver: 2013.0605.01
2014/11/10 18:45:41: COM PORT OPEN ... OK
2014/11/10 18:45:41:
2014/11/10 18:45:41: ProductS/N:  VRW06A114Y00327
2014/11/10 18:45:41: TID: 8604362A2AE62080
2014/11/10 18:45:41: F/W Version: 00.00.08
2014/11/10 18:45:41:
2014/11/10 18:45:41: MasterKey Key Entry ... OK
2014/11/10 18:45:41: PowerON Counter Key Entry ... OK
2014/11/10 18:45:42: Key Entry ... OK
2014/11/10 18:45:42: Complete.
2014/11/10 18:45:42: COM PORT CLOSE ... OK
2014/11/10 18:45:42: 
2014/11/10 18:45:42: ==== Processing was completed ====
2014/11/10 18:45:42: 
*************************************************


*********** Start the Initialize Key Check **********
2014/11/10 18:48:03: Tool Ver: 2013.0605.01
2014/11/10 18:48:03: COM PORT OPEN ... OK
2014/11/10 18:48:03:
2014/11/10 18:48:03: ProductS/N:  VRW06A114Y00623
2014/11/10 18:48:03: TID: 86041E212AE62080
2014/11/10 18:48:03: F/W Version: 00.00.08
2014/11/10 18:48:03:
2014/11/10 18:48:03: MasterKey Key Entry ... OK
2014/11/10 18:48:03: PowerON Counter Key Entry ... OK
2014/11/10 18:48:04: Key Entry ... OK
2014/11/10 18:48:04: Complete.
2014/11/10 18:48:04: COM PORT CLOSE ... OK
2014/11/10 18:48:04: 
2014/11/10 18:48:04: ==== Processing was completed ====
2014/11/10 18:48:04: 
*************************************************


*********** Start the Initialize Key Check **********
2014/11/10 18:50:23: Tool Ver: 2013.0605.01
2014/11/10 18:50:23: COM PORT OPEN ... OK
2014/11/10 18:50:23:
2014/11/10 18:50:23: ProductS/N:  VRW06A114Y00603
2014/11/10 18:50:23: TID: 860431242AE62080
2014/11/10 18:50:23: F/W Version: 00.00.08
2014/11/10 18:50:23:
2014/11/10 18:50:23: MasterKey Key Entry ... OK
2014/11/10 18:50:23: PowerON Counter Key Entry ... OK
2014/11/10 18:50:24: Key Entry ... OK
2014/11/10 18:50:24: Complete.
2014/11/10 18:50:24: COM PORT CLOSE ... OK
2014/11/10 18:50:24: 
2014/11/10 18:50:24: ==== Processing was completed ====
2014/11/10 18:50:24: 
*************************************************


*********** Start the Initialize Key Check **********
2014/11/10 18:55:24: Tool Ver: 2013.0605.01
2014/11/10 18:55:24: COM PORT OPEN ... OK
2014/11/10 18:55:24:
2014/11/10 18:55:24: ProductS/N:  VRW06A114Y00324
2014/11/10 18:55:24: TID: 86041638D2E52080
2014/11/10 18:55:24: F/W Version: 00.00.08
2014/11/10 18:55:24:
2014/11/10 18:55:24: MasterKey Key Entry ... OK
2014/11/10 18:55:24: PowerON Counter Key Entry ... OK
2014/11/10 18:55:25: Key Entry ... OK
2014/11/10 18:55:25: Complete.
2014/11/10 18:55:25: COM PORT CLOSE ... OK
2014/11/10 18:55:25: 
2014/11/10 18:55:25: ==== Processing was completed ====
2014/11/10 18:55:25: 
*************************************************


*********** Start the Initialize Key Check **********
2014/11/10 19:02:51: Tool Ver: 2013.0605.01
2014/11/10 19:02:51: COM PORT OPEN ... OK
2014/11/10 19:02:51:
2014/11/10 19:02:51: ProductS/N:  VRW06A114Y00344
2014/11/10 19:02:51: TID: 8604270BCAE52080
2014/11/10 19:02:51: F/W Version: 00.00.08
2014/11/10 19:02:51:
2014/11/10 19:02:51: MasterKey Key Entry ... OK
2014/11/10 19:02:51: PowerON Counter Key Entry ... OK
2014/11/10 19:02:52: Key Entry ... OK
2014/11/10 19:02:52: Complete.
2014/11/10 19:02:52: COM PORT CLOSE ... OK
2014/11/10 19:02:52: 
2014/11/10 19:02:52: ==== Processing was completed ====
2014/11/10 19:02:52: 
*************************************************


*********** Start the Initialize Key Check **********
2014/11/10 19:04:07: Tool Ver: 2013.0605.01
2014/11/10 19:04:07: COM PORT OPEN ... OK
2014/11/10 19:04:07:
2014/11/10 19:04:07: ProductS/N:  VRW06A114Y00622
2014/11/10 19:04:07: TID: 86040E36D2E52080
2014/11/10 19:04:07: F/W Version: 00.00.08
2014/11/10 19:04:07:
2014/11/10 19:04:07: MasterKey Key Entry ... OK
2014/11/10 19:04:07: PowerON Counter Key Entry ... OK
2014/11/10 19:04:08: Key Entry ... OK
2014/11/10 19:04:08: Complete.
2014/11/10 19:04:08: COM PORT CLOSE ... OK
2014/11/10 19:04:08: 
2014/11/10 19:04:08: ==== Processing was completed ====
2014/11/10 19:04:08: 
*************************************************


*********** Start the Initialize Key Check **********
2014/11/10 19:09:36: Tool Ver: 2013.0605.01
2014/11/10 19:09:36: COM PORT OPEN ... OK
2014/11/10 19:09:36:
2014/11/10 19:09:36: ProductS/N:  VRW06A114Y00614
2014/11/10 19:09:36: TID: 8604401F2AE62080
2014/11/10 19:09:36: F/W Version: 00.00.08
2014/11/10 19:09:36:
2014/11/10 19:09:36: MasterKey Key Entry ... OK
2014/11/10 19:09:36: PowerON Counter Key Entry ... OK
2014/11/10 19:09:37: Key Entry ... OK
2014/11/10 19:09:37: Complete.
2014/11/10 19:09:37: COM PORT CLOSE ... OK
2014/11/10 19:09:37: 
2014/11/10 19:09:37: ==== Processing was completed ====
2014/11/10 19:09:37: 
*************************************************


