*********** Start the Initialize Key Check **********
2014/09/19 08:15:21: Tool Ver: 2013.0605.01
2014/09/19 08:15:21: COM PORT OPEN ... OK
2014/09/19 08:15:21:
2014/09/19 08:15:21: ProductS/N:  VRW06A114900026
2014/09/19 08:15:21: TID: 86042109CAE52080
2014/09/19 08:15:21: F/W Version: 00.00.08
2014/09/19 08:15:21:
2014/09/19 08:15:21: MasterKey Key Entry ... OK
2014/09/19 08:15:21: PowerON Counter Key Entry ... OK
2014/09/19 08:15:22: Key Entry ... OK
2014/09/19 08:15:22: Complete.
2014/09/19 08:15:22: COM PORT CLOSE ... OK
2014/09/19 08:15:22: 
2014/09/19 08:15:22: ==== Processing was completed ====
2014/09/19 08:15:22: 
*************************************************


*********** Start the Initialize Key Check **********
2014/09/19 08:16:28: Tool Ver: 2013.0605.01
2014/09/19 08:16:28: COM PORT OPEN ... OK
2014/09/19 08:16:28:
2014/09/19 08:16:28: ProductS/N:  VRW06A114900017
2014/09/19 08:16:28: TID: 86040631CAE52080
2014/09/19 08:16:28: F/W Version: 00.00.08
2014/09/19 08:16:28:
2014/09/19 08:16:28: MasterKey Key Entry ... OK
2014/09/19 08:16:28: PowerON Counter Key Entry ... OK
2014/09/19 08:16:28: Key Entry ... OK
2014/09/19 08:16:28: Complete.
2014/09/19 08:16:28: COM PORT CLOSE ... OK
2014/09/19 08:16:28: 
2014/09/19 08:16:28: ==== Processing was completed ====
2014/09/19 08:16:28: 
*************************************************


*********** Start the Initialize Key Check **********
2014/09/19 08:17:42: Tool Ver: 2013.0605.01
2014/09/19 08:17:42: COM PORT OPEN ... OK
2014/09/19 08:17:43:
2014/09/19 08:17:43: ProductS/N:  VRW06A114900005
2014/09/19 08:17:43: TID: 86042105CAE52080
2014/09/19 08:17:43: F/W Version: 00.00.08
2014/09/19 08:17:43:
2014/09/19 08:17:43: MasterKey Key Entry ... OK
2014/09/19 08:17:43: PowerON Counter Key Entry ... OK
2014/09/19 08:17:43: Key Entry ... OK
2014/09/19 08:17:43: Complete.
2014/09/19 08:17:43: COM PORT CLOSE ... OK
2014/09/19 08:17:43: 
2014/09/19 08:17:43: ==== Processing was completed ====
2014/09/19 08:17:43: 
*************************************************


*********** Start the Initialize Key Check **********
2014/09/19 08:19:39: Tool Ver: 2013.0605.01
2014/09/19 08:19:39: COM PORT OPEN ... OK
2014/09/19 08:19:39:
2014/09/19 08:19:39: ProductS/N:  VRW06A114900007
2014/09/19 08:19:39: TID: 8604164132E62080
2014/09/19 08:19:39: F/W Version: 00.00.08
2014/09/19 08:19:39:
2014/09/19 08:19:39: MasterKey Key Entry ... OK
2014/09/19 08:19:39: PowerON Counter Key Entry ... OK
2014/09/19 08:19:39: Key Entry ... OK
2014/09/19 08:19:39: Complete.
2014/09/19 08:19:39: COM PORT CLOSE ... OK
2014/09/19 08:19:39: 
2014/09/19 08:19:39: ==== Processing was completed ====
2014/09/19 08:19:39: 
*************************************************


*********** Start the Initialize Key Check **********
2014/09/19 08:22:26: Tool Ver: 2013.0605.01
2014/09/19 08:22:26: COM PORT OPEN ... OK
2014/09/19 08:22:26:
2014/09/19 08:22:26: ProductS/N:  VRW06A114900043
2014/09/19 08:22:26: TID: 8604262BCAE52080
2014/09/19 08:22:26: F/W Version: 00.00.08
2014/09/19 08:22:26:
2014/09/19 08:22:26: MasterKey Key Entry ... OK
2014/09/19 08:22:26: PowerON Counter Key Entry ... OK
2014/09/19 08:22:27: Key Entry ... OK
2014/09/19 08:22:27: Complete.
2014/09/19 08:22:27: COM PORT CLOSE ... OK
2014/09/19 08:22:27: 
2014/09/19 08:22:27: ==== Processing was completed ====
2014/09/19 08:22:27: 
*************************************************


*********** Start the Initialize Key Check **********
2014/09/19 08:27:23: Tool Ver: 2013.0605.01
2014/09/19 08:27:23: COM PORT OPEN ... OK
2014/09/19 08:27:23:
2014/09/19 08:27:23: ProductS/N:  VRW06A114900042
2014/09/19 08:27:23: TID: 8604340F3AE62080
2014/09/19 08:27:23: F/W Version: 00.00.08
2014/09/19 08:27:23:
2014/09/19 08:27:23: MasterKey Key Entry ... OK
2014/09/19 08:27:23: PowerON Counter Key Entry ... OK
2014/09/19 08:27:24: Key Entry ... OK
2014/09/19 08:27:24: Complete.
2014/09/19 08:27:24: COM PORT CLOSE ... OK
2014/09/19 08:27:24: 
2014/09/19 08:27:24: ==== Processing was completed ====
2014/09/19 08:27:24: 
*************************************************


*********** Start the Initialize Key Check **********
2014/09/19 08:29:31: Tool Ver: 2013.0605.01
2014/09/19 08:29:31: COM PORT OPEN ... OK
2014/09/19 08:29:31:
2014/09/19 08:29:31: ProductS/N:  VRW06A114900041
2014/09/19 08:29:31: TID: 86041528CAE52080
2014/09/19 08:29:31: F/W Version: 00.00.08
2014/09/19 08:29:31:
2014/09/19 08:29:31: MasterKey Key Entry ... OK
2014/09/19 08:29:31: PowerON Counter Key Entry ... OK
2014/09/19 08:29:32: Key Entry ... OK
2014/09/19 08:29:32: Complete.
2014/09/19 08:29:32: COM PORT CLOSE ... OK
2014/09/19 08:29:32: 
2014/09/19 08:29:32: ==== Processing was completed ====
2014/09/19 08:29:32: 
*************************************************


*********** Start the Initialize Key Check **********
2014/09/19 08:32:41: Tool Ver: 2013.0605.01
2014/09/19 08:32:41: COM PORT OPEN ... OK
2014/09/19 08:32:41:
2014/09/19 08:32:41: ProductS/N:  VRW06A114900034
2014/09/19 08:32:41: TID: 8604052BCAE52080
2014/09/19 08:32:41: F/W Version: 00.00.08
2014/09/19 08:32:41:
2014/09/19 08:32:41: MasterKey Key Entry ... OK
2014/09/19 08:32:41: PowerON Counter Key Entry ... OK
2014/09/19 08:32:41: Key Entry ... OK
2014/09/19 08:32:41: Complete.
2014/09/19 08:32:41: COM PORT CLOSE ... OK
2014/09/19 08:32:41: 
2014/09/19 08:32:41: ==== Processing was completed ====
2014/09/19 08:32:41: 
*************************************************


*********** Start the Initialize Key Check **********
2014/09/19 08:34:53: Tool Ver: 2013.0605.01
2014/09/19 08:34:53: COM PORT OPEN ... OK
2014/09/19 08:34:53:
2014/09/19 08:34:53: ProductS/N:  VRW06A114900056
2014/09/19 08:34:53: TID: 86042F163AE62080
2014/09/19 08:34:53: F/W Version: 00.00.08
2014/09/19 08:34:53:
2014/09/19 08:34:53: MasterKey Key Entry ... OK
2014/09/19 08:34:53: PowerON Counter Key Entry ... OK
2014/09/19 08:34:54: Key Entry ... OK
2014/09/19 08:34:54: Complete.
2014/09/19 08:34:54: COM PORT CLOSE ... OK
2014/09/19 08:34:54: 
2014/09/19 08:34:54: ==== Processing was completed ====
2014/09/19 08:34:54: 
*************************************************


*********** Start the Initialize Key Check **********
2014/09/19 08:37:45: Tool Ver: 2013.0605.01
2014/09/19 08:37:45: COM PORT OPEN ... OK
2014/09/19 08:37:45:
2014/09/19 08:37:45: ProductS/N:  VRW06A114900037
2014/09/19 08:37:45: TID: 86043C0F3AE62080
2014/09/19 08:37:45: F/W Version: 00.00.08
2014/09/19 08:37:45:
2014/09/19 08:37:45: MasterKey Key Entry ... OK
2014/09/19 08:37:45: PowerON Counter Key Entry ... OK
2014/09/19 08:37:45: Key Entry ... OK
2014/09/19 08:37:45: Complete.
2014/09/19 08:37:45: COM PORT CLOSE ... OK
2014/09/19 08:37:45: 
2014/09/19 08:37:45: ==== Processing was completed ====
2014/09/19 08:37:45: 
*************************************************


*********** Start the Initialize Key Check **********
2014/09/19 08:40:42: Tool Ver: 2013.0605.01
2014/09/19 08:40:42: COM PORT OPEN ... OK
2014/09/19 08:40:42:
2014/09/19 08:40:42: ProductS/N:  VRW06A114900039
2014/09/19 08:40:42: TID: 86041231CAE52080
2014/09/19 08:40:42: F/W Version: 00.00.08
2014/09/19 08:40:42:
2014/09/19 08:40:42: MasterKey Key Entry ... OK
2014/09/19 08:40:42: PowerON Counter Key Entry ... OK
2014/09/19 08:40:42: Key Entry ... OK
2014/09/19 08:40:42: Complete.
2014/09/19 08:40:42: COM PORT CLOSE ... OK
2014/09/19 08:40:42: 
2014/09/19 08:40:42: ==== Processing was completed ====
2014/09/19 08:40:42: 
*************************************************


*********** Start the Initialize Key Check **********
2014/09/19 08:42:52: Tool Ver: 2013.0605.01
2014/09/19 08:42:52: COM PORT OPEN ... OK
2014/09/19 08:42:52:
2014/09/19 08:42:52: ProductS/N:  VRW06A114900035
2014/09/19 08:42:52: TID: 8604312DCAE52080
2014/09/19 08:42:52: F/W Version: 00.00.08
2014/09/19 08:42:52:
2014/09/19 08:42:52: MasterKey Key Entry ... OK
2014/09/19 08:42:52: PowerON Counter Key Entry ... OK
2014/09/19 08:42:52: Key Entry ... OK
2014/09/19 08:42:52: Complete.
2014/09/19 08:42:52: COM PORT CLOSE ... OK
2014/09/19 08:42:52: 
2014/09/19 08:42:52: ==== Processing was completed ====
2014/09/19 08:42:52: 
*************************************************


*********** Start the Initialize Key Check **********
2014/09/19 08:45:20: Tool Ver: 2013.0605.01
2014/09/19 08:45:20: COM PORT OPEN ... OK
2014/09/19 08:45:20:
2014/09/19 08:45:20: ProductS/N:  VRW06A114900038
2014/09/19 08:45:20: TID: 860417123AE62080
2014/09/19 08:45:20: F/W Version: 00.00.08
2014/09/19 08:45:20:
2014/09/19 08:45:20: MasterKey Key Entry ... OK
2014/09/19 08:45:20: PowerON Counter Key Entry ... OK
2014/09/19 08:45:21: Key Entry ... OK
2014/09/19 08:45:21: Complete.
2014/09/19 08:45:21: COM PORT CLOSE ... OK
2014/09/19 08:45:21: 
2014/09/19 08:45:21: ==== Processing was completed ====
2014/09/19 08:45:21: 
*************************************************


*********** Start the Initialize Key Check **********
2014/09/19 08:48:10: Tool Ver: 2013.0605.01
2014/09/19 08:48:10: COM PORT OPEN ... OK
2014/09/19 08:48:10:
2014/09/19 08:48:10: ProductS/N:  VRW06A114900032
2014/09/19 08:48:10: TID: 8604392ECAE52080
2014/09/19 08:48:10: F/W Version: 00.00.08
2014/09/19 08:48:10:
2014/09/19 08:48:10: MasterKey Key Entry ... OK
2014/09/19 08:48:10: PowerON Counter Key Entry ... OK
2014/09/19 08:48:11: Key Entry ... OK
2014/09/19 08:48:11: Complete.
2014/09/19 08:48:11: COM PORT CLOSE ... OK
2014/09/19 08:48:11: 
2014/09/19 08:48:11: ==== Processing was completed ====
2014/09/19 08:48:11: 
*************************************************


*********** Start the Initialize Key Check **********
2014/09/19 08:50:25: Tool Ver: 2013.0605.01
2014/09/19 08:50:25: COM PORT OPEN ... OK
2014/09/19 08:50:25:
2014/09/19 08:50:25: ProductS/N:  VRW06A114900045
2014/09/19 08:50:25: TID: 8604302ECAE52080
2014/09/19 08:50:25: F/W Version: 00.00.08
2014/09/19 08:50:25:
2014/09/19 08:50:25: MasterKey Key Entry ... OK
2014/09/19 08:50:25: PowerON Counter Key Entry ... OK
2014/09/19 08:50:26: Key Entry ... OK
2014/09/19 08:50:26: Complete.
2014/09/19 08:50:26: COM PORT CLOSE ... OK
2014/09/19 08:50:26: 
2014/09/19 08:50:26: ==== Processing was completed ====
2014/09/19 08:50:26: 
*************************************************


*********** Start the Initialize Key Check **********
2014/09/19 08:53:30: Tool Ver: 2013.0605.01
2014/09/19 08:53:30: COM PORT OPEN ... OK
2014/09/19 08:53:30:
2014/09/19 08:53:30: ProductS/N:  VRW06A114900040
2014/09/19 08:53:30: TID: 860412133AE62080
2014/09/19 08:53:30: F/W Version: 00.00.08
2014/09/19 08:53:30:
2014/09/19 08:53:30: MasterKey Key Entry ... OK
2014/09/19 08:53:30: PowerON Counter Key Entry ... OK
2014/09/19 08:53:31: Key Entry ... OK
2014/09/19 08:53:31: Complete.
2014/09/19 08:53:31: COM PORT CLOSE ... OK
2014/09/19 08:53:31: 
2014/09/19 08:53:31: ==== Processing was completed ====
2014/09/19 08:53:31: 
*************************************************


*********** Start the Initialize Key Check **********
2014/09/19 08:56:38: Tool Ver: 2013.0605.01
2014/09/19 08:56:38: COM PORT OPEN ... OK
2014/09/19 08:56:38:
2014/09/19 08:56:38: ProductS/N:  VRW06A114900044
2014/09/19 08:56:38: TID: 86041131CAE52080
2014/09/19 08:56:38: F/W Version: 00.00.08
2014/09/19 08:56:38:
2014/09/19 08:56:38: MasterKey Key Entry ... OK
2014/09/19 08:56:38: PowerON Counter Key Entry ... OK
2014/09/19 08:56:38: Key Entry ... OK
2014/09/19 08:56:38: Complete.
2014/09/19 08:56:38: COM PORT CLOSE ... OK
2014/09/19 08:56:38: 
2014/09/19 08:56:38: ==== Processing was completed ====
2014/09/19 08:56:38: 
*************************************************


*********** Start the Initialize Key Check **********
2014/09/19 08:58:46: Tool Ver: 2013.0605.01
2014/09/19 08:58:46: COM PORT OPEN ... OK
2014/09/19 08:58:46:
2014/09/19 08:58:46: ProductS/N:  VRW06A114900055
2014/09/19 08:58:46: TID: 86040E28CAE52080
2014/09/19 08:58:46: F/W Version: 00.00.08
2014/09/19 08:58:46:
2014/09/19 08:58:46: MasterKey Key Entry ... OK
2014/09/19 08:58:46: PowerON Counter Key Entry ... OK
2014/09/19 08:58:47: Key Entry ... OK
2014/09/19 08:58:47: Complete.
2014/09/19 08:58:47: COM PORT CLOSE ... OK
2014/09/19 08:58:47: 
2014/09/19 08:58:47: ==== Processing was completed ====
2014/09/19 08:58:47: 
*************************************************


*********** Start the Initialize Key Check **********
2014/09/19 09:01:46: Tool Ver: 2013.0605.01
2014/09/19 09:01:46: COM PORT OPEN ... OK
2014/09/19 09:01:46:
2014/09/19 09:01:46: ProductS/N:  VRW06A114900002
2014/09/19 09:01:46: TID: 86042E4232E62080
2014/09/19 09:01:46: F/W Version: 00.00.08
2014/09/19 09:01:46:
2014/09/19 09:01:46: MasterKey Key Entry ... OK
2014/09/19 09:01:46: PowerON Counter Key Entry ... OK
2014/09/19 09:01:47: Key Entry ... OK
2014/09/19 09:01:47: Complete.
2014/09/19 09:01:47: COM PORT CLOSE ... OK
2014/09/19 09:01:47: 
2014/09/19 09:01:47: ==== Processing was completed ====
2014/09/19 09:01:47: 
*************************************************


*********** Start the Initialize Key Check **********
2014/09/19 09:05:08: Tool Ver: 2013.0605.01
2014/09/19 09:05:08: COM PORT OPEN ... OK
2014/09/19 09:05:08:
2014/09/19 09:05:08: ProductS/N:  VRW06A114900036
2014/09/19 09:05:08: TID: 86043E28CAE52080
2014/09/19 09:05:08: F/W Version: 00.00.08
2014/09/19 09:05:08:
2014/09/19 09:05:09: MasterKey Key Entry ... OK
2014/09/19 09:05:09: PowerON Counter Key Entry ... OK
2014/09/19 09:05:09: Key Entry ... OK
2014/09/19 09:05:09: Complete.
2014/09/19 09:05:09: COM PORT CLOSE ... OK
2014/09/19 09:05:09: 
2014/09/19 09:05:09: ==== Processing was completed ====
2014/09/19 09:05:09: 
*************************************************


*********** Start the Initialize Key Check **********
2014/09/19 09:12:25: Tool Ver: 2013.0605.01
2014/09/19 09:12:25: COM PORT OPEN ... OK
2014/09/19 09:12:26:
2014/09/19 09:12:26: ProductS/N:  VRW06A114900057
2014/09/19 09:12:26: TID: 860437103AE62080
2014/09/19 09:12:26: F/W Version: 00.00.08
2014/09/19 09:12:26:
2014/09/19 09:12:26: MasterKey Key Entry ... OK
2014/09/19 09:12:26: PowerON Counter Key Entry ... OK
2014/09/19 09:12:26: Key Entry ... OK
2014/09/19 09:12:26: Complete.
2014/09/19 09:12:26: COM PORT CLOSE ... OK
2014/09/19 09:12:26: 
2014/09/19 09:12:26: ==== Processing was completed ====
2014/09/19 09:12:26: 
*************************************************


*********** Start the Initialize Key Check **********
2014/09/19 09:14:52: Tool Ver: 2013.0605.01
2014/09/19 09:14:52: COM PORT OPEN ... OK
2014/09/19 09:14:52:
2014/09/19 09:14:52: ProductS/N:  VRW06A114900049
2014/09/19 09:14:53: TID: 860421222AE62080
2014/09/19 09:14:53: F/W Version: 00.00.08
2014/09/19 09:14:53:
2014/09/19 09:14:53: MasterKey Key Entry ... OK
2014/09/19 09:14:53: PowerON Counter Key Entry ... OK
2014/09/19 09:14:53: Key Entry ... OK
2014/09/19 09:14:53: Complete.
2014/09/19 09:14:53: COM PORT CLOSE ... OK
2014/09/19 09:14:53: 
2014/09/19 09:14:53: ==== Processing was completed ====
2014/09/19 09:14:53: 
*************************************************


*********** Start the Initialize Key Check **********
2014/09/19 09:22:02: Tool Ver: 2013.0605.01
2014/09/19 09:22:02: COM PORT OPEN ... OK
2014/09/19 09:22:03:
2014/09/19 09:22:03: ProductS/N:  VRW06A114900053
2014/09/19 09:22:03: TID: 86040C36CAE52080
2014/09/19 09:22:03: F/W Version: 00.00.08
2014/09/19 09:22:03:
2014/09/19 09:22:03: MasterKey Key Entry ... OK
2014/09/19 09:22:03: PowerON Counter Key Entry ... OK
2014/09/19 09:22:03: Key Entry ... OK
2014/09/19 09:22:03: Complete.
2014/09/19 09:22:03: COM PORT CLOSE ... OK
2014/09/19 09:22:03: 
2014/09/19 09:22:03: ==== Processing was completed ====
2014/09/19 09:22:03: 
*************************************************


*********** Start the Initialize Key Check **********
2014/09/19 09:24:54: Tool Ver: 2013.0605.01
2014/09/19 09:24:54: COM PORT OPEN ... OK
2014/09/19 09:24:54:
2014/09/19 09:24:54: ProductS/N:  VRW06A114900054
2014/09/19 09:24:54: TID: 86041B26CAE52080
2014/09/19 09:24:54: F/W Version: 00.00.08
2014/09/19 09:24:54:
2014/09/19 09:24:54: MasterKey Key Entry ... OK
2014/09/19 09:24:54: PowerON Counter Key Entry ... OK
2014/09/19 09:24:55: Key Entry ... OK
2014/09/19 09:24:55: Complete.
2014/09/19 09:24:55: COM PORT CLOSE ... OK
2014/09/19 09:24:55: 
2014/09/19 09:24:55: ==== Processing was completed ====
2014/09/19 09:24:55: 
*************************************************


*********** Start the Initialize Key Check **********
2014/09/19 09:25:23: Tool Ver: 2013.0605.01
2014/09/19 09:25:23: COM PORT OPEN ... OK
2014/09/19 09:25:23:
2014/09/19 09:25:23: ProductS/N:  VRW06A114900054
2014/09/19 09:25:23: TID: 86041B26CAE52080
2014/09/19 09:25:23: F/W Version: 00.00.08
2014/09/19 09:25:23:
2014/09/19 09:25:23: MasterKey Key Entry ... OK
2014/09/19 09:25:23: PowerON Counter Key Entry ... OK
2014/09/19 09:25:24: Key Entry ... OK
2014/09/19 09:25:24: Complete.
2014/09/19 09:25:24: COM PORT CLOSE ... OK
2014/09/19 09:25:24: 
2014/09/19 09:25:24: ==== Processing was completed ====
2014/09/19 09:25:24: 
*************************************************


*********** Start the Initialize Key Check **********
2014/09/19 09:31:19: Tool Ver: 2013.0605.01
2014/09/19 09:31:19: COM PORT OPEN ... OK
2014/09/19 09:31:19:
2014/09/19 09:31:19: ProductS/N:  VRW06A114900050
2014/09/19 09:31:19: TID: 86043D34CAE52080
2014/09/19 09:31:19: F/W Version: 00.00.08
2014/09/19 09:31:19:
2014/09/19 09:31:19: MasterKey Key Entry ... OK
2014/09/19 09:31:19: PowerON Counter Key Entry ... OK
2014/09/19 09:31:20: Key Entry ... OK
2014/09/19 09:31:20: Complete.
2014/09/19 09:31:20: COM PORT CLOSE ... OK
2014/09/19 09:31:20: 
2014/09/19 09:31:20: ==== Processing was completed ====
2014/09/19 09:31:20: 
*************************************************


*********** Start the Initialize Key Check **********
2014/09/19 09:52:15: Tool Ver: 2013.0605.01
2014/09/19 09:52:15: COM PORT OPEN ... OK
2014/09/19 09:52:15:
2014/09/19 09:52:15: ProductS/N:  VRW06A114900062
2014/09/19 09:52:15: TID: 86040B28CAE52080
2014/09/19 09:52:15: F/W Version: 00.00.08
2014/09/19 09:52:15:
2014/09/19 09:52:15: MasterKey Key Entry ... OK
2014/09/19 09:52:15: PowerON Counter Key Entry ... OK
2014/09/19 09:52:16: Key Entry ... OK
2014/09/19 09:52:16: Complete.
2014/09/19 09:52:16: COM PORT CLOSE ... OK
2014/09/19 09:52:16: 
2014/09/19 09:52:16: ==== Processing was completed ====
2014/09/19 09:52:16: 
*************************************************


*********** Start the Initialize Key Check **********
2014/09/19 09:54:34: Tool Ver: 2013.0605.01
2014/09/19 09:54:34: COM PORT OPEN ... OK
2014/09/19 09:54:34:
2014/09/19 09:54:34: ProductS/N:  VRW06A114900074
2014/09/19 09:54:34: TID: 86041028CAE52080
2014/09/19 09:54:34: F/W Version: 00.00.08
2014/09/19 09:54:34:
2014/09/19 09:54:34: MasterKey Key Entry ... OK
2014/09/19 09:54:34: PowerON Counter Key Entry ... OK
2014/09/19 09:54:34: Key Entry ... OK
2014/09/19 09:54:34: Complete.
2014/09/19 09:54:34: COM PORT CLOSE ... OK
2014/09/19 09:54:34: 
2014/09/19 09:54:34: ==== Processing was completed ====
2014/09/19 09:54:34: 
*************************************************


*********** Start the Initialize Key Check **********
2014/09/19 09:57:52: Tool Ver: 2013.0605.01
2014/09/19 09:57:52: COM PORT OPEN ... OK
2014/09/19 09:57:53:
2014/09/19 09:57:53: ProductS/N:  VRW06A114900058
2014/09/19 09:57:53: TID: 860430163AE62080
2014/09/19 09:57:53: F/W Version: 00.00.08
2014/09/19 09:57:53:
2014/09/19 09:57:53: MasterKey Key Entry ... OK
2014/09/19 09:57:53: PowerON Counter Key Entry ... OK
2014/09/19 09:57:53: Key Entry ... OK
2014/09/19 09:57:53: Complete.
2014/09/19 09:57:53: COM PORT CLOSE ... OK
2014/09/19 09:57:53: 
2014/09/19 09:57:53: ==== Processing was completed ====
2014/09/19 09:57:53: 
*************************************************


*********** Start the Initialize Key Check **********
2014/09/19 10:15:12: Tool Ver: 2013.0605.01
2014/09/19 10:15:12: COM PORT OPEN ... OK
2014/09/19 10:15:12:
2014/09/19 10:15:12: ProductS/N:  VRW06A114900060
2014/09/19 10:15:12: TID: 86041D133AE62080
2014/09/19 10:15:12: F/W Version: 00.00.08
2014/09/19 10:15:12:
2014/09/19 10:15:12: MasterKey Key Entry ... OK
2014/09/19 10:15:12: PowerON Counter Key Entry ... OK
2014/09/19 10:15:13: Key Entry ... OK
2014/09/19 10:15:13: Complete.
2014/09/19 10:15:13: COM PORT CLOSE ... OK
2014/09/19 10:15:13: 
2014/09/19 10:15:13: ==== Processing was completed ====
2014/09/19 10:15:13: 
*************************************************


*********** Start the Initialize Key Check **********
2014/09/19 10:17:54: Tool Ver: 2013.0605.01
2014/09/19 10:17:54: COM PORT OPEN ... OK
2014/09/19 10:17:54:
2014/09/19 10:17:54: ProductS/N:  VRW06A114900059
2014/09/19 10:17:54: TID: 86040328CAE52080
2014/09/19 10:17:54: F/W Version: 00.00.08
2014/09/19 10:17:54:
2014/09/19 10:17:54: MasterKey Key Entry ... OK
2014/09/19 10:17:54: PowerON Counter Key Entry ... OK
2014/09/19 10:17:54: Key Entry ... OK
2014/09/19 10:17:54: Complete.
2014/09/19 10:17:54: COM PORT CLOSE ... OK
2014/09/19 10:17:54: 
2014/09/19 10:17:54: ==== Processing was completed ====
2014/09/19 10:17:54: 
*************************************************


*********** Start the Initialize Key Check **********
2014/09/19 10:20:56: Tool Ver: 2013.0605.01
2014/09/19 10:20:56: COM PORT OPEN ... OK
2014/09/19 10:20:56:
2014/09/19 10:20:56: ProductS/N:  VRW06A114900072
2014/09/19 10:20:56: TID: 8604062ACAE52080
2014/09/19 10:20:56: F/W Version: 00.00.08
2014/09/19 10:20:56:
2014/09/19 10:20:56: MasterKey Key Entry ... OK
2014/09/19 10:20:56: PowerON Counter Key Entry ... OK
2014/09/19 10:20:56: Key Entry ... OK
2014/09/19 10:20:57: Complete.
2014/09/19 10:20:57: COM PORT CLOSE ... OK
2014/09/19 10:20:57: 
2014/09/19 10:20:57: ==== Processing was completed ====
2014/09/19 10:20:57: 
*************************************************


*********** Start the Initialize Key Check **********
2014/09/19 10:23:30: Tool Ver: 2013.0605.01
2014/09/19 10:23:30: COM PORT OPEN ... OK
2014/09/19 10:23:30:
2014/09/19 10:23:30: ProductS/N:  VRW06A114900068
2014/09/19 10:23:30: TID: 8604132ACAE52080
2014/09/19 10:23:30: F/W Version: 00.00.08
2014/09/19 10:23:30:
2014/09/19 10:23:30: MasterKey Key Entry ... OK
2014/09/19 10:23:30: PowerON Counter Key Entry ... OK
2014/09/19 10:23:31: Key Entry ... OK
2014/09/19 10:23:31: Complete.
2014/09/19 10:23:31: COM PORT CLOSE ... OK
2014/09/19 10:23:31: 
2014/09/19 10:23:31: ==== Processing was completed ====
2014/09/19 10:23:31: 
*************************************************


*********** Start the Initialize Key Check **********
2014/09/19 10:25:49: Tool Ver: 2013.0605.01
2014/09/19 10:25:49: COM PORT OPEN ... OK
2014/09/19 10:25:50:
2014/09/19 10:25:50: ProductS/N:  VRW06A114900075
2014/09/19 10:25:50: TID: 86041A143AE62080
2014/09/19 10:25:50: F/W Version: 00.00.08
2014/09/19 10:25:50:
2014/09/19 10:25:50: MasterKey Key Entry ... OK
2014/09/19 10:25:50: PowerON Counter Key Entry ... OK
2014/09/19 10:25:50: Key Entry ... OK
2014/09/19 10:25:50: Complete.
2014/09/19 10:25:50: COM PORT CLOSE ... OK
2014/09/19 10:25:50: 
2014/09/19 10:25:50: ==== Processing was completed ====
2014/09/19 10:25:50: 
*************************************************


*********** Start the Initialize Key Check **********
2014/09/19 10:28:38: Tool Ver: 2013.0605.01
2014/09/19 10:28:38: COM PORT OPEN ... OK
2014/09/19 10:28:38:
2014/09/19 10:28:38: ProductS/N:  VRW06A114900076
2014/09/19 10:28:38: TID: 8604252ECAE52080
2014/09/19 10:28:38: F/W Version: 00.00.08
2014/09/19 10:28:38:
2014/09/19 10:28:38: MasterKey Key Entry ... OK
2014/09/19 10:28:38: PowerON Counter Key Entry ... OK
2014/09/19 10:28:39: Key Entry ... OK
2014/09/19 10:28:39: Complete.
2014/09/19 10:28:39: COM PORT CLOSE ... OK
2014/09/19 10:28:39: 
2014/09/19 10:28:39: ==== Processing was completed ====
2014/09/19 10:28:39: 
*************************************************


*********** Start the Initialize Key Check **********
2014/09/19 10:36:33: Tool Ver: 2013.0605.01
2014/09/19 10:36:33: COM PORT OPEN ... OK
2014/09/19 10:36:34:
2014/09/19 10:36:34: ProductS/N:  VRW06A114900079
2014/09/19 10:36:34: TID: 86043228CAE52080
2014/09/19 10:36:34: F/W Version: 00.00.08
2014/09/19 10:36:34:
2014/09/19 10:36:34: MasterKey Key Entry ... OK
2014/09/19 10:36:34: PowerON Counter Key Entry ... OK
2014/09/19 10:36:34: Key Entry ... OK
2014/09/19 10:36:34: Complete.
2014/09/19 10:36:34: COM PORT CLOSE ... OK
2014/09/19 10:36:34: 
2014/09/19 10:36:34: ==== Processing was completed ====
2014/09/19 10:36:34: 
*************************************************


*********** Start the Initialize Key Check **********
2014/09/19 10:39:41: Tool Ver: 2013.0605.01
2014/09/19 10:39:41: COM PORT OPEN ... OK
2014/09/19 10:39:41:
2014/09/19 10:39:41: ProductS/N:  VRW06A114900082
2014/09/19 10:39:41: TID: 86040E37CAE52080
2014/09/19 10:39:41: F/W Version: 00.00.08
2014/09/19 10:39:41:
2014/09/19 10:39:41: MasterKey Key Entry ... OK
2014/09/19 10:39:41: PowerON Counter Key Entry ... OK
2014/09/19 10:39:41: Key Entry ... OK
2014/09/19 10:39:41: Complete.
2014/09/19 10:39:41: COM PORT CLOSE ... OK
2014/09/19 10:39:41: 
2014/09/19 10:39:41: ==== Processing was completed ====
2014/09/19 10:39:41: 
*************************************************


*********** Start the Initialize Key Check **********
2014/09/19 10:57:13: Tool Ver: 2013.0605.01
2014/09/19 10:57:13: COM PORT OPEN ... OK
2014/09/19 10:57:13:
2014/09/19 10:57:13: ProductS/N:  VRW06A114900064
2014/09/19 10:57:13: TID: 8604352DCAE52080
2014/09/19 10:57:13: F/W Version: 00.00.08
2014/09/19 10:57:13:
2014/09/19 10:57:13: MasterKey Key Entry ... OK
2014/09/19 10:57:13: PowerON Counter Key Entry ... OK
2014/09/19 10:57:13: Key Entry ... OK
2014/09/19 10:57:13: Complete.
2014/09/19 10:57:13: COM PORT CLOSE ... OK
2014/09/19 10:57:13: 
2014/09/19 10:57:13: ==== Processing was completed ====
2014/09/19 10:57:13: 
*************************************************


*********** Start the Initialize Key Check **********
2014/09/19 11:00:38: Tool Ver: 2013.0605.01
2014/09/19 11:00:38: COM PORT OPEN ... OK
2014/09/19 11:00:38:
2014/09/19 11:00:38: ProductS/N:  VRW06A114900046
2014/09/19 11:00:38: TID: 8604193D32E62080
2014/09/19 11:00:38: F/W Version: 00.00.08
2014/09/19 11:00:38:
2014/09/19 11:00:38: MasterKey Key Entry ... OK
2014/09/19 11:00:38: PowerON Counter Key Entry ... OK
2014/09/19 11:00:39: Key Entry ... OK
2014/09/19 11:00:39: Complete.
2014/09/19 11:00:39: COM PORT CLOSE ... OK
2014/09/19 11:00:39: 
2014/09/19 11:00:39: ==== Processing was completed ====
2014/09/19 11:00:39: 
*************************************************


*********** Start the Initialize Key Check **********
2014/09/19 11:04:11: Tool Ver: 2013.0605.01
2014/09/19 11:04:11: COM PORT OPEN ... OK
2014/09/19 11:04:11:
2014/09/19 11:04:11: ProductS/N:  VRW06A114900065
2014/09/19 11:04:11: TID: 86043A28CAE52080
2014/09/19 11:04:11: F/W Version: 00.00.08
2014/09/19 11:04:11:
2014/09/19 11:04:11: MasterKey Key Entry ... OK
2014/09/19 11:04:11: PowerON Counter Key Entry ... OK
2014/09/19 11:04:12: Key Entry ... OK
2014/09/19 11:04:12: Complete.
2014/09/19 11:04:12: COM PORT CLOSE ... OK
2014/09/19 11:04:12: 
2014/09/19 11:04:12: ==== Processing was completed ====
2014/09/19 11:04:12: 
*************************************************


*********** Start the Initialize Key Check **********
2014/09/19 11:17:32: Tool Ver: 2013.0605.01
2014/09/19 11:17:32: COM PORT OPEN ... OK
2014/09/19 11:17:32:
2014/09/19 11:17:32: ProductS/N:  VRW06A114900084
2014/09/19 11:17:32: TID: 86041736CAE52080
2014/09/19 11:17:32: F/W Version: 00.00.08
2014/09/19 11:17:32:
2014/09/19 11:17:32: MasterKey Key Entry ... OK
2014/09/19 11:17:32: PowerON Counter Key Entry ... OK
2014/09/19 11:17:33: Key Entry ... OK
2014/09/19 11:17:33: Complete.
2014/09/19 11:17:33: COM PORT CLOSE ... OK
2014/09/19 11:17:33: 
2014/09/19 11:17:33: ==== Processing was completed ====
2014/09/19 11:17:33: 
*************************************************


*********** Start the Initialize Key Check **********
2014/09/19 11:20:07: Tool Ver: 2013.0605.01
2014/09/19 11:20:07: COM PORT OPEN ... OK
2014/09/19 11:20:08:
2014/09/19 11:20:08: ProductS/N:  VRW06A114900080
2014/09/19 11:20:08: TID: 8604092ACAE52080
2014/09/19 11:20:08: F/W Version: 00.00.08
2014/09/19 11:20:08:
2014/09/19 11:20:08: MasterKey Key Entry ... OK
2014/09/19 11:20:08: PowerON Counter Key Entry ... OK
2014/09/19 11:20:08: Key Entry ... OK
2014/09/19 11:20:08: Complete.
2014/09/19 11:20:08: COM PORT CLOSE ... OK
2014/09/19 11:20:08: 
2014/09/19 11:20:08: ==== Processing was completed ====
2014/09/19 11:20:08: 
*************************************************


*********** Start the Initialize Key Check **********
2014/09/19 11:26:07: Tool Ver: 2013.0605.01
2014/09/19 11:26:07: COM PORT OPEN ... OK
2014/09/19 11:26:07:
2014/09/19 11:26:07: ProductS/N:  VRW06A114900070
2014/09/19 11:26:07: TID: 86043E2DCAE52080
2014/09/19 11:26:07: F/W Version: 00.00.08
2014/09/19 11:26:07:
2014/09/19 11:26:07: MasterKey Key Entry ... OK
2014/09/19 11:26:07: PowerON Counter Key Entry ... OK
2014/09/19 11:26:08: Key Entry ... OK
2014/09/19 11:26:08: Complete.
2014/09/19 11:26:08: COM PORT CLOSE ... OK
2014/09/19 11:26:08: 
2014/09/19 11:26:08: ==== Processing was completed ====
2014/09/19 11:26:08: 
*************************************************


*********** Start the Initialize Key Check **********
2014/09/19 11:48:30: Tool Ver: 2013.0605.01
2014/09/19 11:48:30: COM PORT OPEN ... OK
2014/09/19 11:48:30:
2014/09/19 11:48:30: ProductS/N:  VRW06A114900087
2014/09/19 11:48:30: TID: 86041330CAE52080
2014/09/19 11:48:30: F/W Version: 00.00.08
2014/09/19 11:48:30:
2014/09/19 11:48:30: MasterKey Key Entry ... OK
2014/09/19 11:48:30: PowerON Counter Key Entry ... OK
2014/09/19 11:48:30: Key Entry ... OK
2014/09/19 11:48:30: Complete.
2014/09/19 11:48:30: COM PORT CLOSE ... OK
2014/09/19 11:48:30: 
2014/09/19 11:48:30: ==== Processing was completed ====
2014/09/19 11:48:31: 
*************************************************


*********** Start the Initialize Key Check **********
2014/09/19 13:03:36: Tool Ver: 2013.0605.01
2014/09/19 13:03:36: COM PORT OPEN ... OK
2014/09/19 13:03:36:
2014/09/19 13:03:36: ProductS/N:  VRW06A114900066
2014/09/19 13:03:36: TID: 86041C2BCAE52080
2014/09/19 13:03:36: F/W Version: 00.00.08
2014/09/19 13:03:36:
2014/09/19 13:03:36: MasterKey Key Entry ... OK
2014/09/19 13:03:36: PowerON Counter Key Entry ... OK
2014/09/19 13:03:36: Key Entry ... OK
2014/09/19 13:03:36: Complete.
2014/09/19 13:03:36: COM PORT CLOSE ... OK
2014/09/19 13:03:36: 
2014/09/19 13:03:36: ==== Processing was completed ====
2014/09/19 13:03:36: 
*************************************************


*********** Start the Initialize Key Check **********
2014/09/19 13:07:04: Tool Ver: 2013.0605.01
2014/09/19 13:07:04: COM PORT OPEN ... OK
2014/09/19 13:07:04:
2014/09/19 13:07:04: ProductS/N:  VRW06A114900067
2014/09/19 13:07:04: TID: 8604132BCAE52080
2014/09/19 13:07:04: F/W Version: 00.00.08
2014/09/19 13:07:04:
2014/09/19 13:07:04: MasterKey Key Entry ... OK
2014/09/19 13:07:04: PowerON Counter Key Entry ... OK
2014/09/19 13:07:05: Key Entry ... OK
2014/09/19 13:07:05: Complete.
2014/09/19 13:07:05: COM PORT CLOSE ... OK
2014/09/19 13:07:05: 
2014/09/19 13:07:05: ==== Processing was completed ====
2014/09/19 13:07:05: 
*************************************************


*********** Start the Initialize Key Check **********
2014/09/19 13:11:08: Tool Ver: 2013.0605.01
2014/09/19 13:11:08: COM PORT OPEN ... OK
2014/09/19 13:11:09:
2014/09/19 13:11:09: ProductS/N:  VRW06A114900089
2014/09/19 13:11:09: TID: 8604292BCAE52080
2014/09/19 13:11:09: F/W Version: 00.00.08
2014/09/19 13:11:09:
2014/09/19 13:11:09: MasterKey Key Entry ... OK
2014/09/19 13:11:09: PowerON Counter Key Entry ... OK
2014/09/19 13:11:09: Key Entry ... OK
2014/09/19 13:11:09: Complete.
2014/09/19 13:11:09: COM PORT CLOSE ... OK
2014/09/19 13:11:09: 
2014/09/19 13:11:09: ==== Processing was completed ====
2014/09/19 13:11:09: 
*************************************************


*********** Start the Initialize Key Check **********
2014/09/19 13:20:29: Tool Ver: 2013.0605.01
2014/09/19 13:20:29: COM PORT OPEN ... OK
2014/09/19 13:20:29:
2014/09/19 13:20:29: ProductS/N:  VRW06A114900086
2014/09/19 13:20:29: TID: 86043E2ECAE52080
2014/09/19 13:20:29: F/W Version: 00.00.08
2014/09/19 13:20:29:
2014/09/19 13:20:29: MasterKey Key Entry ... OK
2014/09/19 13:20:29: PowerON Counter Key Entry ... OK
2014/09/19 13:20:30: Key Entry ... OK
2014/09/19 13:20:30: Complete.
2014/09/19 13:20:30: COM PORT CLOSE ... OK
2014/09/19 13:20:30: 
2014/09/19 13:20:30: ==== Processing was completed ====
2014/09/19 13:20:30: 
*************************************************


*********** Start the Initialize Key Check **********
2014/09/19 13:23:47: Tool Ver: 2013.0605.01
2014/09/19 13:23:47: COM PORT OPEN ... OK
2014/09/19 13:23:47:
2014/09/19 13:23:47: ProductS/N:  VRW06A114900061
2014/09/19 13:23:47: TID: 86040429CAE52080
2014/09/19 13:23:47: F/W Version: 00.00.08
2014/09/19 13:23:47:
2014/09/19 13:23:48: MasterKey Key Entry ... OK
2014/09/19 13:23:48: PowerON Counter Key Entry ... OK
2014/09/19 13:23:48: Key Entry ... OK
2014/09/19 13:23:48: Complete.
2014/09/19 13:23:48: COM PORT CLOSE ... OK
2014/09/19 13:23:48: 
2014/09/19 13:23:48: ==== Processing was completed ====
2014/09/19 13:23:48: 
*************************************************


*********** Start the Initialize Key Check **********
2014/09/19 13:26:57: Tool Ver: 2013.0605.01
2014/09/19 13:26:57: COM PORT OPEN ... OK
2014/09/19 13:26:57:
2014/09/19 13:26:57: ProductS/N:  VRW06A114900051
2014/09/19 13:26:57: TID: 86043E33CAE52080
2014/09/19 13:26:57: F/W Version: 00.00.08
2014/09/19 13:26:57:
2014/09/19 13:26:57: MasterKey Key Entry ... OK
2014/09/19 13:26:57: PowerON Counter Key Entry ... OK
2014/09/19 13:26:58: Key Entry ... OK
2014/09/19 13:26:58: Complete.
2014/09/19 13:26:58: COM PORT CLOSE ... OK
2014/09/19 13:26:58: 
2014/09/19 13:26:58: ==== Processing was completed ====
2014/09/19 13:26:58: 
*************************************************


*********** Start the Initialize Key Check **********
2014/09/19 13:30:20: Tool Ver: 2013.0605.01
2014/09/19 13:30:20: COM PORT OPEN ... OK
2014/09/19 13:30:20:
2014/09/19 13:30:20: ProductS/N:  VRW06A114900047
2014/09/19 13:30:20: TID: 8604402BCAE52080
2014/09/19 13:30:20: F/W Version: 00.00.08
2014/09/19 13:30:20:
2014/09/19 13:30:20: MasterKey Key Entry ... OK
2014/09/19 13:30:20: PowerON Counter Key Entry ... OK
2014/09/19 13:30:20: Key Entry ... OK
2014/09/19 13:30:20: Complete.
2014/09/19 13:30:20: COM PORT CLOSE ... OK
2014/09/19 13:30:20: 
2014/09/19 13:30:20: ==== Processing was completed ====
2014/09/19 13:30:20: 
*************************************************


*********** Start the Initialize Key Check **********
2014/09/19 13:34:36: Tool Ver: 2013.0605.01
2014/09/19 13:34:36: COM PORT OPEN ... OK
2014/09/19 13:34:36:
2014/09/19 13:34:36: ProductS/N:  VRW06A114900091
2014/09/19 13:34:36: TID: 86042328CAE52080
2014/09/19 13:34:36: F/W Version: 00.00.08
2014/09/19 13:34:36:
2014/09/19 13:34:36: MasterKey Key Entry ... OK
2014/09/19 13:34:36: PowerON Counter Key Entry ... OK
2014/09/19 13:34:37: Key Entry ... OK
2014/09/19 13:34:37: Complete.
2014/09/19 13:34:37: COM PORT CLOSE ... OK
2014/09/19 13:34:37: 
2014/09/19 13:34:37: ==== Processing was completed ====
2014/09/19 13:34:37: 
*************************************************


*********** Start the Initialize Key Check **********
2014/09/19 13:39:25: Tool Ver: 2013.0605.01
2014/09/19 13:39:25: COM PORT OPEN ... OK
2014/09/19 13:39:25:
2014/09/19 13:39:25: ProductS/N:  VRW06A114900088
2014/09/19 13:39:25: TID: 86041836CAE52080
2014/09/19 13:39:25: F/W Version: 00.00.08
2014/09/19 13:39:25:
2014/09/19 13:39:25: MasterKey Key Entry ... OK
2014/09/19 13:39:25: PowerON Counter Key Entry ... OK
2014/09/19 13:39:26: Key Entry ... OK
2014/09/19 13:39:26: Complete.
2014/09/19 13:39:26: COM PORT CLOSE ... OK
2014/09/19 13:39:26: 
2014/09/19 13:39:26: ==== Processing was completed ====
2014/09/19 13:39:26: 
*************************************************


*********** Start the Initialize Key Check **********
2014/09/19 13:42:43: Tool Ver: 2013.0605.01
2014/09/19 13:42:43: COM PORT OPEN ... OK
2014/09/19 13:42:44:
2014/09/19 13:42:44: ProductS/N:  VRW06A114900069
2014/09/19 13:42:44: TID: 86043928CAE52080
2014/09/19 13:42:44: F/W Version: 00.00.08
2014/09/19 13:42:44:
2014/09/19 13:42:44: MasterKey Key Entry ... OK
2014/09/19 13:42:44: PowerON Counter Key Entry ... OK
2014/09/19 13:42:44: Key Entry ... OK
2014/09/19 13:42:44: Complete.
2014/09/19 13:42:44: COM PORT CLOSE ... OK
2014/09/19 13:42:44: 
2014/09/19 13:42:44: ==== Processing was completed ====
2014/09/19 13:42:44: 
*************************************************


*********** Start the Initialize Key Check **********
2014/09/19 13:46:07: Tool Ver: 2013.0605.01
2014/09/19 13:46:07: COM PORT OPEN ... OK
2014/09/19 13:46:07:
2014/09/19 13:46:07: ProductS/N:  VRW06A114900096
2014/09/19 13:46:07: TID: 86041E30CAE52080
2014/09/19 13:46:07: F/W Version: 00.00.08
2014/09/19 13:46:07:
2014/09/19 13:46:07: MasterKey Key Entry ... OK
2014/09/19 13:46:07: PowerON Counter Key Entry ... OK
2014/09/19 13:46:08: Key Entry ... OK
2014/09/19 13:46:08: Complete.
2014/09/19 13:46:08: COM PORT CLOSE ... OK
2014/09/19 13:46:08: 
2014/09/19 13:46:08: ==== Processing was completed ====
2014/09/19 13:46:08: 
*************************************************


*********** Start the Initialize Key Check **********
2014/09/19 13:48:53: Tool Ver: 2013.0605.01
2014/09/19 13:48:53: COM PORT OPEN ... OK
2014/09/19 13:48:54:
2014/09/19 13:48:54: ProductS/N:  VRW06A114900085
2014/09/19 13:48:54: TID: 86041728CAE52080
2014/09/19 13:48:54: F/W Version: 00.00.08
2014/09/19 13:48:54:
2014/09/19 13:48:54: MasterKey Key Entry ... OK
2014/09/19 13:48:54: PowerON Counter Key Entry ... OK
2014/09/19 13:48:54: Key Entry ... OK
2014/09/19 13:48:54: Complete.
2014/09/19 13:48:54: COM PORT CLOSE ... OK
2014/09/19 13:48:54: 
2014/09/19 13:48:54: ==== Processing was completed ====
2014/09/19 13:48:54: 
*************************************************


*********** Start the Initialize Key Check **********
2014/09/19 13:59:55: Tool Ver: 2013.0605.01
2014/09/19 13:59:55: COM PORT OPEN ... OK
2014/09/19 13:59:55:
2014/09/19 13:59:55: ProductS/N:  VRW06A114900102
2014/09/19 13:59:55: TID: 86040D28CAE52080
2014/09/19 13:59:55: F/W Version: 00.00.08
2014/09/19 13:59:55:
2014/09/19 13:59:55: MasterKey Key Entry ... OK
2014/09/19 13:59:55: PowerON Counter Key Entry ... OK
2014/09/19 13:59:56: Key Entry ... OK
2014/09/19 13:59:56: Complete.
2014/09/19 13:59:56: COM PORT CLOSE ... OK
2014/09/19 13:59:56: 
2014/09/19 13:59:56: ==== Processing was completed ====
2014/09/19 13:59:56: 
*************************************************


*********** Start the Initialize Key Check **********
2014/09/19 14:02:42: Tool Ver: 2013.0605.01
2014/09/19 14:02:42: COM PORT OPEN ... OK
2014/09/19 14:02:42:
2014/09/19 14:02:42: ProductS/N:  VRW06A114900030
2014/09/19 14:02:42: TID: 8604082ACAE52080
2014/09/19 14:02:42: F/W Version: 00.00.08
2014/09/19 14:02:42:
2014/09/19 14:02:42: MasterKey Key Entry ... OK
2014/09/19 14:02:42: PowerON Counter Key Entry ... OK
2014/09/19 14:02:43: Key Entry ... OK
2014/09/19 14:02:43: Complete.
2014/09/19 14:02:43: COM PORT CLOSE ... OK
2014/09/19 14:02:43: 
2014/09/19 14:02:43: ==== Processing was completed ====
2014/09/19 14:02:43: 
*************************************************


*********** Start the Initialize Key Check **********
2014/09/19 14:20:12: Tool Ver: 2013.0605.01
2014/09/19 14:20:12: COM PORT OPEN ... OK
2014/09/19 14:20:12:
2014/09/19 14:20:12: ProductS/N:  VRW06A114900104
2014/09/19 14:20:12: TID: 86040B123AE62080
2014/09/19 14:20:12: F/W Version: 00.00.08
2014/09/19 14:20:12:
2014/09/19 14:20:12: MasterKey Key Entry ... OK
2014/09/19 14:20:12: PowerON Counter Key Entry ... OK
2014/09/19 14:20:12: Key Entry ... OK
2014/09/19 14:20:12: Complete.
2014/09/19 14:20:12: COM PORT CLOSE ... OK
2014/09/19 14:20:12: 
2014/09/19 14:20:12: ==== Processing was completed ====
2014/09/19 14:20:12: 
*************************************************


*********** Start the Initialize Key Check **********
2014/09/19 14:21:52: Tool Ver: 2013.0605.01
2014/09/19 14:21:52: COM PORT OPEN ... OK
2014/09/19 14:21:52:
2014/09/19 14:21:52: ProductS/N:  VRW06A114900100
2014/09/19 14:21:52: TID: 860439153AE62080
2014/09/19 14:21:52: F/W Version: 00.00.08
2014/09/19 14:21:52:
2014/09/19 14:21:52: MasterKey Key Entry ... OK
2014/09/19 14:21:52: PowerON Counter Key Entry ... OK
2014/09/19 14:21:53: Key Entry ... OK
2014/09/19 14:21:53: Complete.
2014/09/19 14:21:53: COM PORT CLOSE ... OK
2014/09/19 14:21:53: 
2014/09/19 14:21:53: ==== Processing was completed ====
2014/09/19 14:21:53: 
*************************************************


*********** Start the Initialize Key Check **********
2014/09/19 14:24:09: Tool Ver: 2013.0605.01
2014/09/19 14:24:09: COM PORT OPEN ... OK
2014/09/19 14:24:09:
2014/09/19 14:24:09: ProductS/N:  VRW06A114900103
2014/09/19 14:24:09: TID: 860424113AE62080
2014/09/19 14:24:09: F/W Version: 00.00.08
2014/09/19 14:24:09:
2014/09/19 14:24:09: MasterKey Key Entry ... OK
2014/09/19 14:24:09: PowerON Counter Key Entry ... OK
2014/09/19 14:24:10: Key Entry ... OK
2014/09/19 14:24:10: Complete.
2014/09/19 14:24:10: COM PORT CLOSE ... OK
2014/09/19 14:24:10: 
2014/09/19 14:24:10: ==== Processing was completed ====
2014/09/19 14:24:10: 
*************************************************


*********** Start the Initialize Key Check **********
2014/09/19 14:27:39: Tool Ver: 2013.0605.01
2014/09/19 14:27:39: COM PORT OPEN ... OK
2014/09/19 14:27:39:
2014/09/19 14:27:39: ProductS/N:  VRW06A114900083
2014/09/19 14:27:39: TID: 8604322BCAE52080
2014/09/19 14:27:39: F/W Version: 00.00.08
2014/09/19 14:27:39:
2014/09/19 14:27:39: MasterKey Key Entry ... OK
2014/09/19 14:27:39: PowerON Counter Key Entry ... OK
2014/09/19 14:27:40: Key Entry ... OK
2014/09/19 14:27:40: Complete.
2014/09/19 14:27:40: COM PORT CLOSE ... OK
2014/09/19 14:27:40: 
2014/09/19 14:27:40: ==== Processing was completed ====
2014/09/19 14:27:40: 
*************************************************


*********** Start the Initialize Key Check **********
2014/09/19 14:31:31: Tool Ver: 2013.0605.01
2014/09/19 14:31:31: COM PORT OPEN ... OK
2014/09/19 14:31:31:
2014/09/19 14:31:31: ProductS/N:  VRW06A114800673
2014/09/19 14:31:32: TID: 860422272AE62080
2014/09/19 14:31:32: F/W Version: 00.00.08
2014/09/19 14:31:32:
2014/09/19 14:31:32: MasterKey Key Entry ... OK
2014/09/19 14:31:32: PowerON Counter Key Entry ... OK
2014/09/19 14:31:32: Key Entry ... OK
2014/09/19 14:31:32: Complete.
2014/09/19 14:31:32: COM PORT CLOSE ... OK
2014/09/19 14:31:32: 
2014/09/19 14:31:32: ==== Processing was completed ====
2014/09/19 14:31:32: 
*************************************************


*********** Start the Initialize Key Check **********
2014/09/19 14:34:58: Tool Ver: 2013.0605.01
2014/09/19 14:34:58: COM PORT OPEN ... OK
2014/09/19 14:34:58:
2014/09/19 14:34:58: ProductS/N:  VRW06A114900098
2014/09/19 14:34:59: TID: 86040D2ACAE52080
2014/09/19 14:34:59: F/W Version: 00.00.08
2014/09/19 14:34:59:
2014/09/19 14:34:59: MasterKey Key Entry ... OK
2014/09/19 14:34:59: PowerON Counter Key Entry ... OK
2014/09/19 14:34:59: Key Entry ... OK
2014/09/19 14:34:59: Complete.
2014/09/19 14:34:59: COM PORT CLOSE ... OK
2014/09/19 14:34:59: 
2014/09/19 14:34:59: ==== Processing was completed ====
2014/09/19 14:34:59: 
*************************************************


*********** Start the Initialize Key Check **********
2014/09/19 14:50:06: Tool Ver: 2013.0605.01
2014/09/19 14:50:06: COM PORT OPEN ... OK
2014/09/19 14:50:06:
2014/09/19 14:50:06: ProductS/N:  VRW06A114900108
2014/09/19 14:50:06: TID: 86043A2ECAE52080
2014/09/19 14:50:06: F/W Version: 00.00.08
2014/09/19 14:50:06:
2014/09/19 14:50:06: MasterKey Key Entry ... OK
2014/09/19 14:50:06: PowerON Counter Key Entry ... OK
2014/09/19 14:50:07: Key Entry ... OK
2014/09/19 14:50:07: Complete.
2014/09/19 14:50:07: COM PORT CLOSE ... OK
2014/09/19 14:50:07: 
2014/09/19 14:50:07: ==== Processing was completed ====
2014/09/19 14:50:07: 
*************************************************


*********** Start the Initialize Key Check **********
2014/09/19 14:52:10: Tool Ver: 2013.0605.01
2014/09/19 14:52:10: COM PORT OPEN ... OK
2014/09/19 14:52:10:
2014/09/19 14:52:10: ProductS/N:  VRW06A114900094
2014/09/19 14:52:10: TID: 86041F30CAE52080
2014/09/19 14:52:10: F/W Version: 00.00.08
2014/09/19 14:52:10:
2014/09/19 14:52:10: MasterKey Key Entry ... OK
2014/09/19 14:52:10: PowerON Counter Key Entry ... OK
2014/09/19 14:52:11: Key Entry ... OK
2014/09/19 14:52:11: Complete.
2014/09/19 14:52:11: COM PORT CLOSE ... OK
2014/09/19 14:52:11: 
2014/09/19 14:52:11: ==== Processing was completed ====
2014/09/19 14:52:11: 
*************************************************


*********** Start the Initialize Key Check **********
2014/09/19 14:55:05: Tool Ver: 2013.0605.01
2014/09/19 14:55:05: COM PORT OPEN ... OK
2014/09/19 14:55:05:
2014/09/19 14:55:05: ProductS/N:  VRW06A114900116
2014/09/19 14:55:05: TID: 86043028CAE52080
2014/09/19 14:55:05: F/W Version: 00.00.08
2014/09/19 14:55:05:
2014/09/19 14:55:05: MasterKey Key Entry ... OK
2014/09/19 14:55:05: PowerON Counter Key Entry ... OK
2014/09/19 14:55:06: Key Entry ... OK
2014/09/19 14:55:06: Complete.
2014/09/19 14:55:06: COM PORT CLOSE ... OK
2014/09/19 14:55:06: 
2014/09/19 14:55:06: ==== Processing was completed ====
2014/09/19 14:55:06: 
*************************************************


*********** Start the Initialize Key Check **********
2014/09/19 15:13:58: Tool Ver: 2013.0605.01
2014/09/19 15:13:58: COM PORT OPEN ... OK
2014/09/19 15:13:59:
2014/09/19 15:13:59: ProductS/N:  VRW06A114900048
2014/09/19 15:13:59: TID: 86040E36CAE52080
2014/09/19 15:13:59: F/W Version: 00.00.08
2014/09/19 15:13:59:
2014/09/19 15:13:59: MasterKey Key Entry ... OK
2014/09/19 15:13:59: PowerON Counter Key Entry ... OK
2014/09/19 15:13:59: Key Entry ... OK
2014/09/19 15:13:59: Complete.
2014/09/19 15:13:59: COM PORT CLOSE ... OK
2014/09/19 15:13:59: 
2014/09/19 15:13:59: ==== Processing was completed ====
2014/09/19 15:13:59: 
*************************************************


*********** Start the Initialize Key Check **********
2014/09/19 15:22:37: Tool Ver: 2013.0605.01
2014/09/19 15:22:37: COM PORT OPEN ... OK
2014/09/19 15:22:37:
2014/09/19 15:22:37: ProductS/N:  VRW06A114900112
2014/09/19 15:22:37: TID: 86042B28CAE52080
2014/09/19 15:22:37: F/W Version: 00.00.08
2014/09/19 15:22:37:
2014/09/19 15:22:37: MasterKey Key Entry ... OK
2014/09/19 15:22:37: PowerON Counter Key Entry ... OK
2014/09/19 15:22:38: Key Entry ... OK
2014/09/19 15:22:38: Complete.
2014/09/19 15:22:38: COM PORT CLOSE ... OK
2014/09/19 15:22:38: 
2014/09/19 15:22:38: ==== Processing was completed ====
2014/09/19 15:22:38: 
*************************************************


*********** Start the Initialize Key Check **********
2014/09/19 15:25:50: Tool Ver: 2013.0605.01
2014/09/19 15:25:50: COM PORT OPEN ... OK
2014/09/19 15:25:50:
2014/09/19 15:25:50: ProductS/N:  VRW06A114900078
2014/09/19 15:25:50: TID: 86040D37CAE52080
2014/09/19 15:25:50: F/W Version: 00.00.08
2014/09/19 15:25:50:
2014/09/19 15:25:50: MasterKey Key Entry ... OK
2014/09/19 15:25:50: PowerON Counter Key Entry ... OK
2014/09/19 15:25:51: Key Entry ... OK
2014/09/19 15:25:51: Complete.
2014/09/19 15:25:51: COM PORT CLOSE ... OK
2014/09/19 15:25:51: 
2014/09/19 15:25:51: ==== Processing was completed ====
2014/09/19 15:25:51: 
*************************************************


*********** Start the Initialize Key Check **********
2014/09/19 15:28:23: Tool Ver: 2013.0605.01
2014/09/19 15:28:23: COM PORT OPEN ... OK
2014/09/19 15:28:24:
2014/09/19 15:28:24: ProductS/N:  VRW06A114900114
2014/09/19 15:28:24: TID: 8604262ECAE52080
2014/09/19 15:28:24: F/W Version: 00.00.08
2014/09/19 15:28:24:
2014/09/19 15:28:24: MasterKey Key Entry ... OK
2014/09/19 15:28:24: PowerON Counter Key Entry ... OK
2014/09/19 15:28:24: Key Entry ... OK
2014/09/19 15:28:24: Complete.
2014/09/19 15:28:24: COM PORT CLOSE ... OK
2014/09/19 15:28:24: 
2014/09/19 15:28:24: ==== Processing was completed ====
2014/09/19 15:28:24: 
*************************************************


*********** Start the Initialize Key Check **********
2014/09/19 15:35:34: Tool Ver: 2013.0605.01
2014/09/19 15:35:34: COM PORT OPEN ... OK
2014/09/19 15:35:34:
2014/09/19 15:35:34: ProductS/N:  VRW06A114900101
2014/09/19 15:35:34: TID: 86040C123AE62080
2014/09/19 15:35:34: F/W Version: 00.00.08
2014/09/19 15:35:34:
2014/09/19 15:35:34: MasterKey Key Entry ... OK
2014/09/19 15:35:34: PowerON Counter Key Entry ... OK
2014/09/19 15:35:35: Key Entry ... OK
2014/09/19 15:35:35: Complete.
2014/09/19 15:35:35: COM PORT CLOSE ... OK
2014/09/19 15:35:35: 
2014/09/19 15:35:35: ==== Processing was completed ====
2014/09/19 15:35:35: 
*************************************************


*********** Start the Initialize Key Check **********
2014/09/19 15:40:39: Tool Ver: 2013.0605.01
2014/09/19 15:40:39: COM PORT OPEN ... OK
2014/09/19 15:40:39:
2014/09/19 15:40:39: ProductS/N:  VRW06A114900113
2014/09/19 15:40:39: TID: 86041E2BCAE52080
2014/09/19 15:40:39: F/W Version: 00.00.08
2014/09/19 15:40:39:
2014/09/19 15:40:39: MasterKey Key Entry ... OK
2014/09/19 15:40:39: PowerON Counter Key Entry ... OK
2014/09/19 15:40:40: Key Entry ... OK
2014/09/19 15:40:40: Complete.
2014/09/19 15:40:40: COM PORT CLOSE ... OK
2014/09/19 15:40:40: 
2014/09/19 15:40:40: ==== Processing was completed ====
2014/09/19 15:40:40: 
*************************************************


*********** Start the Initialize Key Check **********
2014/09/19 15:45:26: Tool Ver: 2013.0605.01
2014/09/19 15:45:26: COM PORT OPEN ... OK
2014/09/19 15:45:26:
2014/09/19 15:45:26: ProductS/N:  VRW06A114900120
2014/09/19 15:45:26: TID: 8604192BCAE52080
2014/09/19 15:45:26: F/W Version: 00.00.08
2014/09/19 15:45:26:
2014/09/19 15:45:26: MasterKey Key Entry ... OK
2014/09/19 15:45:26: PowerON Counter Key Entry ... OK
2014/09/19 15:45:27: Key Entry ... OK
2014/09/19 15:45:27: Complete.
2014/09/19 15:45:27: COM PORT CLOSE ... OK
2014/09/19 15:45:27: 
2014/09/19 15:45:27: ==== Processing was completed ====
2014/09/19 15:45:27: 
*************************************************


*********** Start the Initialize Key Check **********
2014/09/19 15:52:48: Tool Ver: 2013.0605.01
2014/09/19 15:52:48: COM PORT OPEN ... OK
2014/09/19 15:52:49:
2014/09/19 15:52:49: ProductS/N:  VRW06A114900125
2014/09/19 15:52:49: TID: 86040529CAE52080
2014/09/19 15:52:49: F/W Version: 00.00.08
2014/09/19 15:52:49:
2014/09/19 15:52:49: MasterKey Key Entry ... OK
2014/09/19 15:52:49: PowerON Counter Key Entry ... OK
2014/09/19 15:52:49: Key Entry ... OK
2014/09/19 15:52:49: Complete.
2014/09/19 15:52:49: COM PORT CLOSE ... OK
2014/09/19 15:52:49: 
2014/09/19 15:52:49: ==== Processing was completed ====
2014/09/19 15:52:49: 
*************************************************


*********** Start the Initialize Key Check **********
2014/09/19 15:55:06: Tool Ver: 2013.0605.01
2014/09/19 15:55:06: COM PORT OPEN ... OK
2014/09/19 15:55:06:
2014/09/19 15:55:06: ProductS/N:  VRW06A114900118
2014/09/19 15:55:06: TID: 86041B33CAE52080
2014/09/19 15:55:06: F/W Version: 00.00.08
2014/09/19 15:55:06:
2014/09/19 15:55:06: MasterKey Key Entry ... OK
2014/09/19 15:55:06: PowerON Counter Key Entry ... OK
2014/09/19 15:55:06: Key Entry ... OK
2014/09/19 15:55:06: Complete.
2014/09/19 15:55:06: COM PORT CLOSE ... OK
2014/09/19 15:55:06: 
2014/09/19 15:55:06: ==== Processing was completed ====
2014/09/19 15:55:06: 
*************************************************


*********** Start the Initialize Key Check **********
2014/09/19 16:10:22: Tool Ver: 2013.0605.01
2014/09/19 16:10:22: COM PORT OPEN ... OK
2014/09/19 16:10:22:
2014/09/19 16:10:22: ProductS/N:  VRW06A114900128
2014/09/19 16:10:22: TID: 86044227CAE52080
2014/09/19 16:10:22: F/W Version: 00.00.08
2014/09/19 16:10:22:
2014/09/19 16:10:22: MasterKey Key Entry ... OK
2014/09/19 16:10:22: PowerON Counter Key Entry ... OK
2014/09/19 16:10:22: Key Entry ... OK
2014/09/19 16:10:22: Complete.
2014/09/19 16:10:22: COM PORT CLOSE ... OK
2014/09/19 16:10:22: 
2014/09/19 16:10:22: ==== Processing was completed ====
2014/09/19 16:10:22: 
*************************************************


*********** Start the Initialize Key Check **********
2014/09/19 16:12:24: Tool Ver: 2013.0605.01
2014/09/19 16:12:24: COM PORT OPEN ... OK
2014/09/19 16:12:24:
2014/09/19 16:12:24: ProductS/N:  VRW06A114900126
2014/09/19 16:12:24: TID: 86041D2ACAE52080
2014/09/19 16:12:24: F/W Version: 00.00.08
2014/09/19 16:12:24:
2014/09/19 16:12:24: MasterKey Key Entry ... OK
2014/09/19 16:12:24: PowerON Counter Key Entry ... OK
2014/09/19 16:12:25: Key Entry ... OK
2014/09/19 16:12:25: Complete.
2014/09/19 16:12:25: COM PORT CLOSE ... OK
2014/09/19 16:12:25: 
2014/09/19 16:12:25: ==== Processing was completed ====
2014/09/19 16:12:25: 
*************************************************


*********** Start the Initialize Key Check **********
2014/09/19 16:14:34: Tool Ver: 2013.0605.01
2014/09/19 16:14:34: COM PORT OPEN ... OK
2014/09/19 16:14:34:
2014/09/19 16:14:34: ProductS/N:  VRW06A114900117
2014/09/19 16:14:34: TID: 8604142DCAE52080
2014/09/19 16:14:34: F/W Version: 00.00.08
2014/09/19 16:14:34:
2014/09/19 16:14:34: MasterKey Key Entry ... OK
2014/09/19 16:14:34: PowerON Counter Key Entry ... OK
2014/09/19 16:14:35: Key Entry ... OK
2014/09/19 16:14:35: Complete.
2014/09/19 16:14:35: COM PORT CLOSE ... OK
2014/09/19 16:14:35: 
2014/09/19 16:14:35: ==== Processing was completed ====
2014/09/19 16:14:35: 
*************************************************


*********** Start the Initialize Key Check **********
2014/09/19 16:17:03: Tool Ver: 2013.0605.01
2014/09/19 16:17:03: COM PORT OPEN ... OK
2014/09/19 16:17:03:
2014/09/19 16:17:03: ProductS/N:  VRW06A114900106
2014/09/19 16:17:03: TID: 86041F2BCAE52080
2014/09/19 16:17:03: F/W Version: 00.00.08
2014/09/19 16:17:03:
2014/09/19 16:17:03: MasterKey Key Entry ... OK
2014/09/19 16:17:03: PowerON Counter Key Entry ... OK
2014/09/19 16:17:04: Key Entry ... OK
2014/09/19 16:17:04: Complete.
2014/09/19 16:17:04: COM PORT CLOSE ... OK
2014/09/19 16:17:04: 
2014/09/19 16:17:04: ==== Processing was completed ====
2014/09/19 16:17:04: 
*************************************************


*********** Start the Initialize Key Check **********
2014/09/19 16:19:44: Tool Ver: 2013.0605.01
2014/09/19 16:19:44: COM PORT OPEN ... OK
2014/09/19 16:19:44:
2014/09/19 16:19:44: ProductS/N:  VRW06A114900123
2014/09/19 16:19:44: TID: 86043333CAE52080
2014/09/19 16:19:44: F/W Version: 00.00.08
2014/09/19 16:19:44:
2014/09/19 16:19:44: MasterKey Key Entry ... OK
2014/09/19 16:19:44: PowerON Counter Key Entry ... OK
2014/09/19 16:19:45: Key Entry ... OK
2014/09/19 16:19:45: Complete.
2014/09/19 16:19:45: COM PORT CLOSE ... OK
2014/09/19 16:19:45: 
2014/09/19 16:19:45: ==== Processing was completed ====
2014/09/19 16:19:45: 
*************************************************


*********** Start the Initialize Key Check **********
2014/09/19 16:21:43: Tool Ver: 2013.0605.01
2014/09/19 16:21:43: COM PORT OPEN ... OK
2014/09/19 16:21:43:
2014/09/19 16:21:43: ProductS/N:  VRW06A114900130
2014/09/19 16:21:43: TID: 86044030CAE52080
2014/09/19 16:21:43: F/W Version: 00.00.08
2014/09/19 16:21:43:
2014/09/19 16:21:43: MasterKey Key Entry ... OK
2014/09/19 16:21:43: PowerON Counter Key Entry ... OK
2014/09/19 16:21:43: Key Entry ... OK
2014/09/19 16:21:43: Complete.
2014/09/19 16:21:43: COM PORT CLOSE ... OK
2014/09/19 16:21:43: 
2014/09/19 16:21:43: ==== Processing was completed ====
2014/09/19 16:21:43: 
*************************************************


*********** Start the Initialize Key Check **********
2014/09/19 16:26:12: Tool Ver: 2013.0605.01
2014/09/19 16:26:12: COM PORT OPEN ... OK
2014/09/19 16:26:12:
2014/09/19 16:26:12: ProductS/N:  VRW06A114900136
2014/09/19 16:26:12: TID: 86041A26CAE52080
2014/09/19 16:26:12: F/W Version: 00.00.08
2014/09/19 16:26:12:
2014/09/19 16:26:12: MasterKey Key Entry ... OK
2014/09/19 16:26:12: PowerON Counter Key Entry ... OK
2014/09/19 16:26:13: Key Entry ... OK
2014/09/19 16:26:13: Complete.
2014/09/19 16:26:13: COM PORT CLOSE ... OK
2014/09/19 16:26:13: 
2014/09/19 16:26:13: ==== Processing was completed ====
2014/09/19 16:26:13: 
*************************************************


*********** Start the Initialize Key Check **********
2014/09/19 16:30:46: Tool Ver: 2013.0605.01
2014/09/19 16:30:46: COM PORT OPEN ... OK
2014/09/19 16:30:46:
2014/09/19 16:30:46: ProductS/N:  VRW06A114900124
2014/09/19 16:30:46: TID: 86042028CAE52080
2014/09/19 16:30:46: F/W Version: 00.00.08
2014/09/19 16:30:46:
2014/09/19 16:30:46: MasterKey Key Entry ... OK
2014/09/19 16:30:46: PowerON Counter Key Entry ... OK
2014/09/19 16:30:46: Key Entry ... OK
2014/09/19 16:30:46: Complete.
2014/09/19 16:30:46: COM PORT CLOSE ... OK
2014/09/19 16:30:46: 
2014/09/19 16:30:46: ==== Processing was completed ====
2014/09/19 16:30:46: 
*************************************************


*********** Start the Initialize Key Check **********
2014/09/19 16:33:27: Tool Ver: 2013.0605.01
2014/09/19 16:33:27: COM PORT OPEN ... OK
2014/09/19 16:33:27:
2014/09/19 16:33:27: ProductS/N:  VRW06A114900092
2014/09/19 16:33:27: TID: 86043D2DCAE52080
2014/09/19 16:33:27: F/W Version: 00.00.08
2014/09/19 16:33:27:
2014/09/19 16:33:27: MasterKey Key Entry ... OK
2014/09/19 16:33:27: PowerON Counter Key Entry ... OK
2014/09/19 16:33:28: Key Entry ... OK
2014/09/19 16:33:28: Complete.
2014/09/19 16:33:28: COM PORT CLOSE ... OK
2014/09/19 16:33:28: 
2014/09/19 16:33:28: ==== Processing was completed ====
2014/09/19 16:33:28: 
*************************************************


*********** Start the Initialize Key Check **********
2014/09/19 16:55:08: Tool Ver: 2013.0605.01
2014/09/19 16:55:08: COM PORT OPEN ... OK
2014/09/19 16:55:08:
2014/09/19 16:55:08: ProductS/N:  VRW06A114900134
2014/09/19 16:55:08: TID: 86041209CAE52080
2014/09/19 16:55:08: F/W Version: 00.00.08
2014/09/19 16:55:08:
2014/09/19 16:55:08: MasterKey Key Entry ... OK
2014/09/19 16:55:08: PowerON Counter Key Entry ... OK
2014/09/19 16:55:09: Key Entry ... OK
2014/09/19 16:55:09: Complete.
2014/09/19 16:55:09: COM PORT CLOSE ... OK
2014/09/19 16:55:09: 
2014/09/19 16:55:09: ==== Processing was completed ====
2014/09/19 16:55:09: 
*************************************************


*********** Start the Initialize Key Check **********
2014/09/19 16:57:28: Tool Ver: 2013.0605.01
2014/09/19 16:57:28: COM PORT OPEN ... OK
2014/09/19 16:57:28:
2014/09/19 16:57:28: ProductS/N:  VRW06A114900119
2014/09/19 16:57:28: TID: 86041636CAE52080
2014/09/19 16:57:28: F/W Version: 00.00.08
2014/09/19 16:57:28:
2014/09/19 16:57:28: MasterKey Key Entry ... OK
2014/09/19 16:57:28: PowerON Counter Key Entry ... OK
2014/09/19 16:57:29: Key Entry ... OK
2014/09/19 16:57:29: Complete.
2014/09/19 16:57:29: COM PORT CLOSE ... OK
2014/09/19 16:57:29: 
2014/09/19 16:57:29: ==== Processing was completed ====
2014/09/19 16:57:29: 
*************************************************


*********** Start the Initialize Key Check **********
2014/09/19 17:35:28: Tool Ver: 2013.0605.01
2014/09/19 17:35:28: COM PORT OPEN ... OK
2014/09/19 17:35:28:
2014/09/19 17:35:28: ProductS/N:  VRW06A114900093
2014/09/19 17:35:28: TID: 86043133CAE52080
2014/09/19 17:35:28: F/W Version: 00.00.08
2014/09/19 17:35:28:
2014/09/19 17:35:28: MasterKey Key Entry ... OK
2014/09/19 17:35:28: PowerON Counter Key Entry ... OK
2014/09/19 17:35:29: Key Entry ... OK
2014/09/19 17:35:29: Complete.
2014/09/19 17:35:29: COM PORT CLOSE ... OK
2014/09/19 17:35:29: 
2014/09/19 17:35:29: ==== Processing was completed ====
2014/09/19 17:35:29: 
*************************************************


*********** Start the Initialize Key Check **********
2014/09/19 17:36:49: Tool Ver: 2013.0605.01
2014/09/19 17:36:49: COM PORT OPEN ... OK
2014/09/19 17:36:49:
2014/09/19 17:36:49: ProductS/N:  VRW06A114900137
2014/09/19 17:36:49: TID: 8604032ACAE52080
2014/09/19 17:36:49: F/W Version: 00.00.08
2014/09/19 17:36:49:
2014/09/19 17:36:49: MasterKey Key Entry ... OK
2014/09/19 17:36:49: PowerON Counter Key Entry ... OK
2014/09/19 17:36:49: Key Entry ... OK
2014/09/19 17:36:49: Complete.
2014/09/19 17:36:49: COM PORT CLOSE ... OK
2014/09/19 17:36:49: 
2014/09/19 17:36:49: ==== Processing was completed ====
2014/09/19 17:36:49: 
*************************************************


