*********** Start the Initialize Key Check **********
2014/12/24 11:19:08: Tool Ver: 2013.0605.01
2014/12/24 11:19:08: COM PORT OPEN ... OK
2014/12/24 11:19:08:
2014/12/24 11:19:08: ProductS/N:  VRW06A113801151
2014/12/24 11:19:08: TID: 860409222AE62080
2014/12/24 11:19:08: F/W Version: 00.00.08
2014/12/24 11:19:08:
2014/12/24 11:19:08: MasterKey Key Entry ... OK
2014/12/24 11:19:08: PowerON Counter Key Entry ... OK
2014/12/24 11:19:09: Key Entry ... OK
2014/12/24 11:19:09: Complete.
2014/12/24 11:19:09: COM PORT CLOSE ... OK
2014/12/24 11:19:09: 
2014/12/24 11:19:09: ==== Processing was completed ====
2014/12/24 11:19:09: 
*************************************************


*********** Start the Initialize Key Check **********
2014/12/24 11:22:20: Tool Ver: 2013.0605.01
2014/12/24 11:22:20: COM PORT OPEN ... OK
2014/12/24 11:22:20:
2014/12/24 11:22:20: ProductS/N:  VRW06A113801375
2014/12/24 11:22:20: TID: 8604271E2AE62080
2014/12/24 11:22:20: F/W Version: 00.00.08
2014/12/24 11:22:20:
2014/12/24 11:22:21: MasterKey Key Entry ... OK
2014/12/24 11:22:21: PowerON Counter Key Entry ... OK
2014/12/24 11:22:21: Key Entry ... OK
2014/12/24 11:22:21: Complete.
2014/12/24 11:22:21: COM PORT CLOSE ... OK
2014/12/24 11:22:21: 
2014/12/24 11:22:21: ==== Processing was completed ====
2014/12/24 11:22:21: 
*************************************************


*********** Start the Initialize Key Check **********
2014/12/24 11:24:22: Tool Ver: 2013.0605.01
2014/12/24 11:24:22: COM PORT OPEN ... OK
2014/12/24 11:24:23:
2014/12/24 11:24:23: ProductS/N:  VRW06A113X00014
2014/12/24 11:24:23: TID: 8604382072842D80
2014/12/24 11:24:23: F/W Version: 00.00.08
2014/12/24 11:24:23:
2014/12/24 11:24:23: MasterKey Key Entry ... OK
2014/12/24 11:24:23: PowerON Counter Key Entry ... OK
2014/12/24 11:24:23: Key Entry ... OK
2014/12/24 11:24:23: Complete.
2014/12/24 11:24:23: COM PORT CLOSE ... OK
2014/12/24 11:24:23: 
2014/12/24 11:24:23: ==== Processing was completed ====
2014/12/24 11:24:23: 
*************************************************


*********** Start the Initialize Key Check **********
2014/12/24 11:27:28: Tool Ver: 2013.0605.01
2014/12/24 11:27:28: COM PORT OPEN ... OK
2014/12/24 11:27:28:
2014/12/24 11:27:28: ProductS/N:  VRW06A114200920
2014/12/24 11:27:28: TID: 8604323E629F2980
2014/12/24 11:27:28: F/W Version: 00.00.08
2014/12/24 11:27:28:
2014/12/24 11:27:28: MasterKey Key Entry ... OK
2014/12/24 11:27:28: PowerON Counter Key Entry ... OK
2014/12/24 11:27:29: Key Entry ... OK
2014/12/24 11:27:29: Complete.
2014/12/24 11:27:29: COM PORT CLOSE ... OK
2014/12/24 11:27:29: 
2014/12/24 11:27:29: ==== Processing was completed ====
2014/12/24 11:27:29: 
*************************************************


*********** Start the Initialize Key Check **********
2014/12/24 11:29:21: Tool Ver: 2013.0605.01
2014/12/24 11:29:21: COM PORT OPEN ... OK
*********** Start the Initialize Key Check **********
2014/12/24 11:29:42: Tool Ver: 2013.0605.01
2014/12/24 11:29:42: COM PORT OPEN ... OK
2014/12/24 11:29:43:
2014/12/24 11:29:43: ProductS/N:  VRW06A114300266
2014/12/24 11:29:43: TID: 86042435CAE52080
2014/12/24 11:29:43: F/W Version: 00.00.08
2014/12/24 11:29:43:
2014/12/24 11:29:43: MasterKey Key Entry ... OK
2014/12/24 11:29:43: PowerON Counter Key Entry ... OK
2014/12/24 11:29:43: Key Entry ... OK
2014/12/24 11:29:43: Complete.
2014/12/24 11:29:43: COM PORT CLOSE ... OK
2014/12/24 11:29:43: 
2014/12/24 11:29:43: ==== Processing was completed ====
2014/12/24 11:29:43: 
*************************************************


*********** Start the Initialize Key Check **********
2014/12/24 11:31:12: Tool Ver: 2013.0605.01
2014/12/24 11:31:12: COM PORT OPEN ... OK
2014/12/24 11:31:12:
2014/12/24 11:31:12: ProductS/N:  VRW06A113X01840
2014/12/24 11:31:12: TID: 8604391B6A9F2980
2014/12/24 11:31:12: F/W Version: 00.00.08
2014/12/24 11:31:12:
2014/12/24 11:31:12: MasterKey Key Entry ... OK
2014/12/24 11:31:12: PowerON Counter Key Entry ... OK
2014/12/24 11:31:13: Key Entry ... OK
2014/12/24 11:31:13: Complete.
2014/12/24 11:31:13: COM PORT CLOSE ... OK
2014/12/24 11:31:13: 
2014/12/24 11:31:13: ==== Processing was completed ====
2014/12/24 11:31:13: 
*************************************************


*********** Start the Initialize Key Check **********
2014/12/24 11:32:30: Tool Ver: 2013.0605.01
2014/12/24 11:32:30: COM PORT OPEN ... OK
2014/12/24 11:32:30:
2014/12/24 11:32:30: ProductS/N:  VRW06A114200285
2014/12/24 11:32:30: TID: 8604123B72842D80
2014/12/24 11:32:30: F/W Version: 00.00.08
2014/12/24 11:32:30:
2014/12/24 11:32:30: MasterKey Key Entry ... OK
2014/12/24 11:32:30: PowerON Counter Key Entry ... OK
2014/12/24 11:32:31: Key Entry ... OK
2014/12/24 11:32:31: Complete.
2014/12/24 11:32:31: COM PORT CLOSE ... OK
2014/12/24 11:32:31: 
2014/12/24 11:32:31: ==== Processing was completed ====
2014/12/24 11:32:31: 
*************************************************


*********** Start the Initialize Key Check **********
2014/12/24 11:33:30: Tool Ver: 2013.0605.01
2014/12/24 11:33:30: COM PORT OPEN ... OK
*********** Start the Initialize Key Check **********
2014/12/24 11:33:46: Tool Ver: 2013.0605.01
2014/12/24 11:33:46: COM PORT OPEN ... OK
2014/12/24 11:33:46:
2014/12/24 11:33:46: ProductS/N:  VRW06A114200257
2014/12/24 11:33:46: TID: 8604303572842D80
2014/12/24 11:33:46: F/W Version: 00.00.08
2014/12/24 11:33:46:
2014/12/24 11:33:46: MasterKey Key Entry ... OK
2014/12/24 11:33:46: PowerON Counter Key Entry ... OK
2014/12/24 11:33:47: Key Entry ... OK
2014/12/24 11:33:47: Complete.
2014/12/24 11:33:47: COM PORT CLOSE ... OK
2014/12/24 11:33:47: 
2014/12/24 11:33:47: ==== Processing was completed ====
2014/12/24 11:33:47: 
*************************************************


*********** Start the Initialize Key Check **********
2014/12/24 11:35:06: Tool Ver: 2013.0605.01
2014/12/24 11:35:06: COM PORT OPEN ... OK
*********** Start the Initialize Key Check **********
2014/12/24 11:35:26: Tool Ver: 2013.0605.01
2014/12/24 11:35:26: COM PORT OPEN ... OK
*********** Start the Initialize Key Check **********
2014/12/24 11:35:44: Tool Ver: 2013.0605.01
2014/12/24 11:35:44: COM PORT OPEN ... OK
2014/12/24 11:35:44:
2014/12/24 11:35:44: ProductS/N:  VRW06A114200031
2014/12/24 11:35:44: TID: 8604262E72842D80
2014/12/24 11:35:44: F/W Version: 00.00.08
2014/12/24 11:35:44:
2014/12/24 11:35:44: MasterKey Key Entry ... OK
2014/12/24 11:35:44: PowerON Counter Key Entry ... OK
2014/12/24 11:35:45: Key Entry ... OK
2014/12/24 11:35:45: Complete.
2014/12/24 11:35:45: COM PORT CLOSE ... OK
2014/12/24 11:35:45: 
2014/12/24 11:35:45: ==== Processing was completed ====
2014/12/24 11:35:45: 
*************************************************


*********** Start the Initialize Key Check **********
2014/12/24 11:37:11: Tool Ver: 2013.0605.01
2014/12/24 11:37:11: COM PORT OPEN ... OK
2014/12/24 11:37:11:
2014/12/24 11:37:11: ProductS/N:  VRW06A114201086
2014/12/24 11:37:11: TID: 86043B232AE62080
2014/12/24 11:37:12: F/W Version: 00.00.08
2014/12/24 11:37:12:
2014/12/24 11:37:12: MasterKey Key Entry ... OK
2014/12/24 11:37:12: PowerON Counter Key Entry ... OK
2014/12/24 11:37:12: Key Entry ... OK
2014/12/24 11:37:12: Complete.
2014/12/24 11:37:12: COM PORT CLOSE ... OK
2014/12/24 11:37:12: 
2014/12/24 11:37:12: ==== Processing was completed ====
2014/12/24 11:37:12: 
*************************************************


*********** Start the Initialize Key Check **********
2014/12/24 11:38:39: Tool Ver: 2013.0605.01
2014/12/24 11:38:39: COM PORT OPEN ... OK
2014/12/24 11:38:39:
2014/12/24 11:38:39: ProductS/N:  VRW06A113X02115
2014/12/24 11:38:39: TID: 860413292AE62080
2014/12/24 11:38:39: F/W Version: 00.00.08
2014/12/24 11:38:39:
2014/12/24 11:38:39: MasterKey Key Entry ... OK
2014/12/24 11:38:39: PowerON Counter Key Entry ... OK
2014/12/24 11:38:40: Key Entry ... OK
2014/12/24 11:38:40: Complete.
2014/12/24 11:38:40: COM PORT CLOSE ... OK
2014/12/24 11:38:40: 
2014/12/24 11:38:40: ==== Processing was completed ====
2014/12/24 11:38:40: 
*************************************************


*********** Start the Initialize Key Check **********
2014/12/24 11:39:33: Tool Ver: 2013.0605.01
2014/12/24 11:39:33: COM PORT OPEN ... OK
2014/12/24 11:39:33:
2014/12/24 11:39:33: ProductS/N:  VRW06A114201558
2014/12/24 11:39:34: TID: 8604251172842D80
2014/12/24 11:39:34: F/W Version: 00.00.08
2014/12/24 11:39:34:
2014/12/24 11:39:34: MasterKey Key Entry ... OK
2014/12/24 11:39:34: PowerON Counter Key Entry ... OK
2014/12/24 11:39:34: Key Entry ... OK
2014/12/24 11:39:34: Complete.
2014/12/24 11:39:34: COM PORT CLOSE ... OK
2014/12/24 11:39:34: 
2014/12/24 11:39:34: ==== Processing was completed ====
2014/12/24 11:39:34: 
*************************************************


*********** Start the Initialize Key Check **********
2014/12/24 11:40:25: Tool Ver: 2013.0605.01
2014/12/24 11:40:25: COM PORT OPEN ... OK
2014/12/24 11:40:25:
2014/12/24 11:40:25: ProductS/N:  VRW06A114200083
2014/12/24 11:40:25: TID: 860429286A9F2980
2014/12/24 11:40:25: F/W Version: 00.00.08
2014/12/24 11:40:25:
2014/12/24 11:40:25: MasterKey Key Entry ... OK
2014/12/24 11:40:25: PowerON Counter Key Entry ... OK
2014/12/24 11:40:25: Key Entry ... OK
2014/12/24 11:40:25: Complete.
2014/12/24 11:40:25: COM PORT CLOSE ... OK
2014/12/24 11:40:25: 
2014/12/24 11:40:25: ==== Processing was completed ====
2014/12/24 11:40:25: 
*************************************************


*********** Start the Initialize Key Check **********
2014/12/24 11:41:24: Tool Ver: 2013.0605.01
2014/12/24 11:41:24: COM PORT OPEN ... OK
2014/12/24 11:41:24:
2014/12/24 11:41:24: ProductS/N:  VRW06A114200847
2014/12/24 11:41:24: TID: 860423103AE62080
2014/12/24 11:41:24: F/W Version: 00.00.08
2014/12/24 11:41:24:
2014/12/24 11:41:24: MasterKey Key Entry ... OK
2014/12/24 11:41:24: PowerON Counter Key Entry ... OK
2014/12/24 11:41:25: Key Entry ... OK
2014/12/24 11:41:25: Complete.
2014/12/24 11:41:25: COM PORT CLOSE ... OK
2014/12/24 11:41:25: 
2014/12/24 11:41:25: ==== Processing was completed ====
2014/12/24 11:41:25: 
*************************************************


