*********** Start the Initialize Key Check **********
2014/08/21 15:41:18: Tool Ver: 2013.0605.01
2014/08/21 15:41:18: COM PORT OPEN ... OK
2014/08/21 15:41:18:
2014/08/21 15:41:18: ProductS/N:  VRW06A114800025
2014/08/21 15:41:18: TID: 86042C4132E62080
2014/08/21 15:41:18: F/W Version: 00.00.08
2014/08/21 15:41:18:
2014/08/21 15:41:18: MasterKey Key Entry ... OK
2014/08/21 15:41:18: PowerON Counter Key Entry ... OK
2014/08/21 15:41:19: Key Entry ... OK
2014/08/21 15:41:19: Complete.
2014/08/21 15:41:19: COM PORT CLOSE ... OK
2014/08/21 15:41:19: 
2014/08/21 15:41:19: ==== Processing was completed ====
2014/08/21 15:41:19: 
*************************************************


*********** Start the Initialize Key Check **********
2014/08/21 15:48:49: Tool Ver: 2013.0605.01
2014/08/21 15:48:49: COM PORT OPEN ... OK
2014/08/21 15:48:49:
2014/08/21 15:48:49: ProductS/N:  VRW06A114800025
2014/08/21 15:48:49: TID: 86042C4132E62080
2014/08/21 15:48:49: F/W Version: 00.00.08
2014/08/21 15:48:49:
2014/08/21 15:48:49: MasterKey Key Entry ... OK
2014/08/21 15:48:49: PowerON Counter Key Entry ... OK
2014/08/21 15:48:49: Key Entry ... OK
2014/08/21 15:48:49: Complete.
2014/08/21 15:48:49: COM PORT CLOSE ... OK
2014/08/21 15:48:49: 
2014/08/21 15:48:49: ==== Processing was completed ====
2014/08/21 15:48:49: 
*************************************************


*********** Start the Initialize Key Check **********
2014/08/21 15:50:29: Tool Ver: 2013.0605.01
2014/08/21 15:50:29: COM PORT OPEN ... OK
2014/08/21 15:50:29:
2014/08/21 15:50:29: ProductS/N:  VRW06A114800025
2014/08/21 15:50:29: TID: 86042C4132E62080
2014/08/21 15:50:29: F/W Version: 00.00.08
2014/08/21 15:50:29:
2014/08/21 15:50:29: MasterKey Key Entry ... OK
2014/08/21 15:50:29: PowerON Counter Key Entry ... OK
2014/08/21 15:50:30: Key Entry ... OK
2014/08/21 15:50:30: Complete.
2014/08/21 15:50:30: COM PORT CLOSE ... OK
2014/08/21 15:50:30: 
2014/08/21 15:50:30: ==== Processing was completed ====
2014/08/21 15:50:30: 
*************************************************


*********** Start the Initialize Key Check **********
2014/08/21 15:52:50: Tool Ver: 2013.0605.01
2014/08/21 15:52:50: COM PORT OPEN ... OK
2014/08/21 15:52:50:
2014/08/21 15:52:50: ProductS/N:  VRW06A114800027
2014/08/21 15:52:50: TID: 8604183D32E62080
2014/08/21 15:52:50: F/W Version: 00.00.08
2014/08/21 15:52:50:
2014/08/21 15:52:50: MasterKey Key Entry ... OK
2014/08/21 15:52:50: PowerON Counter Key Entry ... OK
2014/08/21 15:52:51: Key Entry ... OK
2014/08/21 15:52:51: Complete.
2014/08/21 15:52:51: COM PORT CLOSE ... OK
2014/08/21 15:52:51: 
2014/08/21 15:52:51: ==== Processing was completed ====
2014/08/21 15:52:51: 
*************************************************


*********** Start the Initialize Key Check **********
2014/08/21 15:54:30: Tool Ver: 2013.0605.01
2014/08/21 15:54:30: COM PORT OPEN ... OK
2014/08/21 15:54:30:
2014/08/21 15:54:30: ProductS/N:  VRW06A114800023
2014/08/21 15:54:30: TID: 86042D4432E62080
2014/08/21 15:54:30: F/W Version: 00.00.08
2014/08/21 15:54:30:
2014/08/21 15:54:30: MasterKey Key Entry ... OK
2014/08/21 15:54:30: PowerON Counter Key Entry ... OK
2014/08/21 15:54:31: Key Entry ... OK
2014/08/21 15:54:31: Complete.
2014/08/21 15:54:31: COM PORT CLOSE ... OK
2014/08/21 15:54:31: 
2014/08/21 15:54:31: ==== Processing was completed ====
2014/08/21 15:54:31: 
*************************************************


*********** Start the Initialize Key Check **********
2014/08/21 16:01:33: Tool Ver: 2013.0605.01
2014/08/21 16:01:33: COM PORT OPEN ... OK
2014/08/21 16:01:33:
2014/08/21 16:01:33: ProductS/N:  VRW06A114800029
2014/08/21 16:01:33: TID: 860427082AE62080
2014/08/21 16:01:33: F/W Version: 00.00.08
2014/08/21 16:01:33:
2014/08/21 16:01:33: MasterKey Key Entry ... OK
2014/08/21 16:01:33: PowerON Counter Key Entry ... OK
2014/08/21 16:01:34: Key Entry ... OK
2014/08/21 16:01:34: Complete.
2014/08/21 16:01:34: COM PORT CLOSE ... OK
2014/08/21 16:01:34: 
2014/08/21 16:01:34: ==== Processing was completed ====
2014/08/21 16:01:34: 
*************************************************


*********** Start the Initialize Key Check **********
2014/08/21 16:09:42: Tool Ver: 2013.0605.01
2014/08/21 16:09:42: Product S/N ... ERROR
2014/08/21 16:09:42: 
2014/08/21 16:09:42: ######## Error has occurred ########
2014/08/21 16:09:42: 
*************************************************


*********** Start the Initialize Key Check **********
2014/08/21 16:09:42: Tool Ver: 2013.0605.01
2014/08/21 16:09:42: Product S/N ... ERROR
2014/08/21 16:09:42: 
2014/08/21 16:09:42: ######## Error has occurred ########
2014/08/21 16:09:42: 
*************************************************


*********** Start the Initialize Key Check **********
2014/08/21 16:09:42: Tool Ver: 2013.0605.01
2014/08/21 16:09:42: Product S/N ... ERROR
2014/08/21 16:09:42: 
2014/08/21 16:09:42: ######## Error has occurred ########
2014/08/21 16:09:42: 
*************************************************


*********** Start the Initialize Key Check **********
2014/08/21 16:09:42: Tool Ver: 2013.0605.01
2014/08/21 16:09:42: Product S/N ... ERROR
2014/08/21 16:09:42: 
2014/08/21 16:09:42: ######## Error has occurred ########
2014/08/21 16:09:42: 
*************************************************


*********** Start the Initialize Key Check **********
2014/08/21 16:09:43: Tool Ver: 2013.0605.01
2014/08/21 16:09:43: Product S/N ... ERROR
2014/08/21 16:09:43: 
2014/08/21 16:09:43: ######## Error has occurred ########
2014/08/21 16:09:43: 
*************************************************


*********** Start the Initialize Key Check **********
2014/08/21 16:09:43: Tool Ver: 2013.0605.01
2014/08/21 16:09:43: Product S/N ... ERROR
2014/08/21 16:09:43: 
2014/08/21 16:09:43: ######## Error has occurred ########
2014/08/21 16:09:43: 
*************************************************


*********** Start the Initialize Key Check **********
2014/08/21 16:09:43: Tool Ver: 2013.0605.01
2014/08/21 16:09:43: Product S/N ... ERROR
2014/08/21 16:09:43: 
2014/08/21 16:09:43: ######## Error has occurred ########
2014/08/21 16:09:43: 
*************************************************


*********** Start the Initialize Key Check **********
2014/08/21 16:09:43: Tool Ver: 2013.0605.01
2014/08/21 16:09:43: Product S/N ... ERROR
2014/08/21 16:09:43: 
2014/08/21 16:09:43: ######## Error has occurred ########
2014/08/21 16:09:43: 
*************************************************


*********** Start the Initialize Key Check **********
2014/08/21 16:10:14: Tool Ver: 2013.0605.01
2014/08/21 16:10:14: COM PORT OPEN ... OK
2014/08/21 16:10:14:
2014/08/21 16:10:14: ProductS/N:  VRW06A114800035
2014/08/21 16:10:14: TID: 8604143F32E62080
2014/08/21 16:10:14: F/W Version: 00.00.08
2014/08/21 16:10:14:
2014/08/21 16:10:14: MasterKey Key Entry ... OK
2014/08/21 16:10:14: PowerON Counter Key Entry ... OK
2014/08/21 16:10:14: Key Entry ... OK
2014/08/21 16:10:14: Complete.
2014/08/21 16:10:14: COM PORT CLOSE ... OK
2014/08/21 16:10:14: 
2014/08/21 16:10:14: ==== Processing was completed ====
2014/08/21 16:10:14: 
*************************************************


*********** Start the Initialize Key Check **********
2014/08/21 16:22:26: Tool Ver: 2013.0605.01
2014/08/21 16:22:26: COM PORT OPEN ... OK
2014/08/21 16:22:26:
2014/08/21 16:22:26: ProductS/N:  vrw06a114800018
2014/08/21 16:22:26: TID: 86041B222AE62080
2014/08/21 16:22:26: F/W Version: 00.00.08
2014/08/21 16:22:26:
2014/08/21 16:22:26: MasterKey Key Entry ... OK
2014/08/21 16:22:26: PowerON Counter Key Entry ... OK
2014/08/21 16:22:27: Key Entry ... OK
2014/08/21 16:22:27: Complete.
2014/08/21 16:22:27: COM PORT CLOSE ... OK
2014/08/21 16:22:27: 
2014/08/21 16:22:27: ==== Processing was completed ====
2014/08/21 16:22:27: 
*************************************************


*********** Start the Initialize Key Check **********
2014/08/21 16:24:13: Tool Ver: 2013.0605.01
2014/08/21 16:24:13: Product S/N ... ERROR
2014/08/21 16:24:13: 
2014/08/21 16:24:13: ######## Error has occurred ########
2014/08/21 16:24:13: 
*************************************************


*********** Start the Initialize Key Check **********
2014/08/21 16:24:41: Tool Ver: 2013.0605.01
2014/08/21 16:24:41: COM PORT OPEN ... OK
2014/08/21 16:24:41:
2014/08/21 16:24:41: ProductS/N:  vrw06a114800028
2014/08/21 16:24:41: TID: 86042841D2E52080
2014/08/21 16:24:41: F/W Version: 00.00.08
2014/08/21 16:24:41:
2014/08/21 16:24:41: MasterKey Key Entry ... OK
2014/08/21 16:24:41: PowerON Counter Key Entry ... OK
2014/08/21 16:24:42: Key Entry ... OK
2014/08/21 16:24:42: Complete.
2014/08/21 16:24:42: COM PORT CLOSE ... OK
2014/08/21 16:24:42: 
2014/08/21 16:24:42: ==== Processing was completed ====
2014/08/21 16:24:42: 
*************************************************


*********** Start the Initialize Key Check **********
2014/08/21 16:26:11: Tool Ver: 2013.0605.01
2014/08/21 16:26:11: COM PORT OPEN ... OK
2014/08/21 16:26:11:
2014/08/21 16:26:11: ProductS/N:  VRW06A114800036
2014/08/21 16:26:11: TID: 86041A202AE62080
2014/08/21 16:26:11: F/W Version: 00.00.08
2014/08/21 16:26:11:
2014/08/21 16:26:11: MasterKey Key Entry ... OK
2014/08/21 16:26:11: PowerON Counter Key Entry ... OK
2014/08/21 16:26:11: Key Entry ... OK
2014/08/21 16:26:11: Complete.
2014/08/21 16:26:11: COM PORT CLOSE ... OK
2014/08/21 16:26:11: 
2014/08/21 16:26:11: ==== Processing was completed ====
2014/08/21 16:26:11: 
*************************************************


*********** Start the Initialize Key Check **********
2014/08/21 16:48:27: Tool Ver: 2013.0605.01
2014/08/21 16:48:27: COM PORT OPEN ... OK
2014/08/21 16:48:28:
2014/08/21 16:48:28: ProductS/N:  VRW06A114800041
2014/08/21 16:48:28: TID: 860418062AE62080
2014/08/21 16:48:28: F/W Version: 00.00.08
2014/08/21 16:48:28:
2014/08/21 16:48:28: MasterKey Key Entry ... OK
2014/08/21 16:48:28: PowerON Counter Key Entry ... OK
2014/08/21 16:48:28: Key Entry ... OK
2014/08/21 16:48:28: Complete.
2014/08/21 16:48:28: COM PORT CLOSE ... OK
2014/08/21 16:48:28: 
2014/08/21 16:48:28: ==== Processing was completed ====
2014/08/21 16:48:28: 
*************************************************


*********** Start the Initialize Key Check **********
2014/08/21 16:49:45: Tool Ver: 2013.0605.01
2014/08/21 16:49:45: COM PORT OPEN ... OK
2014/08/21 16:49:46:
2014/08/21 16:49:46: ProductS/N:  VRW06A114800007
2014/08/21 16:49:46: TID: 8604113FD2E52080
2014/08/21 16:49:46: F/W Version: 00.00.08
2014/08/21 16:49:46:
2014/08/21 16:49:46: MasterKey Key Entry ... OK
2014/08/21 16:49:46: PowerON Counter Key Entry ... OK
2014/08/21 16:49:46: Key Entry ... OK
2014/08/21 16:49:46: Complete.
2014/08/21 16:49:46: COM PORT CLOSE ... OK
2014/08/21 16:49:46: 
2014/08/21 16:49:46: ==== Processing was completed ====
2014/08/21 16:49:46: 
*************************************************


*********** Start the Initialize Key Check **********
2014/08/21 16:50:48: Tool Ver: 2013.0605.01
2014/08/21 16:50:48: COM PORT OPEN ... OK
2014/08/21 16:50:48:
2014/08/21 16:50:48: ProductS/N:  VRW06A114800038
2014/08/21 16:50:48: TID: 8604143E32E62080
2014/08/21 16:50:48: F/W Version: 00.00.08
2014/08/21 16:50:48:
2014/08/21 16:50:48: MasterKey Key Entry ... OK
2014/08/21 16:50:48: PowerON Counter Key Entry ... OK
2014/08/21 16:50:49: Key Entry ... OK
2014/08/21 16:50:49: Complete.
2014/08/21 16:50:49: COM PORT CLOSE ... OK
2014/08/21 16:50:49: 
2014/08/21 16:50:49: ==== Processing was completed ====
2014/08/21 16:50:49: 
*************************************************


*********** Start the Initialize Key Check **********
2014/08/21 16:52:55: Tool Ver: 2013.0605.01
2014/08/21 16:52:55: COM PORT OPEN ... ERROR(01)
2014/08/21 16:52:55: 
2014/08/21 16:52:55: ######## Error has occurred ########
2014/08/21 16:52:55: 
*************************************************


*********** Start the Initialize Key Check **********
2014/08/21 16:52:56: Tool Ver: 2013.0605.01
2014/08/21 16:52:56: COM PORT OPEN ... ERROR(01)
2014/08/21 16:52:56: 
2014/08/21 16:52:56: ######## Error has occurred ########
2014/08/21 16:52:56: 
*************************************************


*********** Start the Initialize Key Check **********
2014/08/21 16:52:56: Tool Ver: 2013.0605.01
2014/08/21 16:52:56: COM PORT OPEN ... ERROR(01)
2014/08/21 16:52:56: 
2014/08/21 16:52:56: ######## Error has occurred ########
2014/08/21 16:52:56: 
*************************************************


*********** Start the Initialize Key Check **********
2014/08/21 16:52:56: Tool Ver: 2013.0605.01
2014/08/21 16:52:56: COM PORT OPEN ... ERROR(01)
2014/08/21 16:52:56: 
2014/08/21 16:52:56: ######## Error has occurred ########
2014/08/21 16:52:56: 
*************************************************


*********** Start the Initialize Key Check **********
2014/08/21 16:52:57: Tool Ver: 2013.0605.01
2014/08/21 16:52:57: COM PORT OPEN ... ERROR(01)
2014/08/21 16:52:57: 
2014/08/21 16:52:57: ######## Error has occurred ########
2014/08/21 16:52:57: 
*************************************************


*********** Start the Initialize Key Check **********
2014/08/21 17:01:21: Tool Ver: 2013.0605.01
2014/08/21 17:01:21: COM PORT OPEN ... OK
2014/08/21 17:01:21:
2014/08/21 17:01:21: ProductS/N:  VRW06A114800040
2014/08/21 17:01:21: TID: 8604243E32E62080
2014/08/21 17:01:21: F/W Version: 00.00.08
2014/08/21 17:01:21:
2014/08/21 17:01:21: MasterKey Key Entry ... OK
2014/08/21 17:01:21: PowerON Counter Key Entry ... OK
2014/08/21 17:01:21: Key Entry ... OK
2014/08/21 17:01:21: Complete.
2014/08/21 17:01:21: COM PORT CLOSE ... OK
2014/08/21 17:01:21: 
2014/08/21 17:01:21: ==== Processing was completed ====
2014/08/21 17:01:21: 
*************************************************


*********** Start the Initialize Key Check **********
2014/08/21 18:51:46: Tool Ver: 2013.0605.01
2014/08/21 18:51:46: COM PORT OPEN ... OK
2014/08/21 18:51:46:
2014/08/21 18:51:46: ProductS/N:  VRW06A114800037
2014/08/21 18:51:46: TID: 8604273D32E62080
2014/08/21 18:51:46: F/W Version: 00.00.08
2014/08/21 18:51:46:
2014/08/21 18:51:46: MasterKey Key Entry ... OK
2014/08/21 18:51:46: PowerON Counter Key Entry ... OK
2014/08/21 18:51:47: Key Entry ... OK
2014/08/21 18:51:47: Complete.
2014/08/21 18:51:47: COM PORT CLOSE ... OK
2014/08/21 18:51:47: 
2014/08/21 18:51:47: ==== Processing was completed ====
2014/08/21 18:51:47: 
*************************************************


*********** Start the Initialize Key Check **********
2014/08/21 18:52:56: Tool Ver: 2013.0605.01
2014/08/21 18:52:56: COM PORT OPEN ... OK
2014/08/21 18:52:56:
2014/08/21 18:52:56: ProductS/N:  VRW06A114800039
2014/08/21 18:52:56: TID: 860417042AE62080
2014/08/21 18:52:56: F/W Version: 00.00.08
2014/08/21 18:52:56:
2014/08/21 18:52:56: MasterKey Key Entry ... OK
2014/08/21 18:52:56: PowerON Counter Key Entry ... OK
2014/08/21 18:52:57: Key Entry ... OK
2014/08/21 18:52:57: Complete.
2014/08/21 18:52:57: COM PORT CLOSE ... OK
2014/08/21 18:52:57: 
2014/08/21 18:52:57: ==== Processing was completed ====
2014/08/21 18:52:57: 
*************************************************


*********** Start the Initialize Key Check **********
2014/08/21 19:00:12: Tool Ver: 2013.0605.01
2014/08/21 19:00:12: COM PORT OPEN ... OK
2014/08/21 19:00:12:
2014/08/21 19:00:12: ProductS/N:  VRW06A114800045
2014/08/21 19:00:12: TID: 860429042AE62080
2014/08/21 19:00:12: F/W Version: 00.00.08
2014/08/21 19:00:12:
2014/08/21 19:00:12: MasterKey Key Entry ... OK
2014/08/21 19:00:12: PowerON Counter Key Entry ... OK
2014/08/21 19:00:13: Key Entry ... OK
2014/08/21 19:00:13: Complete.
2014/08/21 19:00:13: COM PORT CLOSE ... OK
2014/08/21 19:00:13: 
2014/08/21 19:00:13: ==== Processing was completed ====
2014/08/21 19:00:13: 
*************************************************


*********** Start the Initialize Key Check **********
2014/08/21 19:14:34: Tool Ver: 2013.0605.01
2014/08/21 19:14:34: COM PORT OPEN ... OK
2014/08/21 19:14:34:
2014/08/21 19:14:34: ProductS/N:  VRW06A114800032
2014/08/21 19:14:34: TID: 8604174132E62080
2014/08/21 19:14:34: F/W Version: 00.00.08
2014/08/21 19:14:34:
2014/08/21 19:14:34: MasterKey Key Entry ... OK
2014/08/21 19:14:34: PowerON Counter Key Entry ... OK
2014/08/21 19:14:35: Key Entry ... OK
2014/08/21 19:14:35: Complete.
2014/08/21 19:14:35: COM PORT CLOSE ... OK
2014/08/21 19:14:35: 
2014/08/21 19:14:35: ==== Processing was completed ====
2014/08/21 19:14:35: 
*************************************************


*********** Start the Initialize Key Check **********
2014/08/21 19:20:32: Tool Ver: 2013.0605.01
2014/08/21 19:20:32: COM PORT OPEN ... OK
2014/08/21 19:20:32:
2014/08/21 19:20:32: ProductS/N:  VRW06A114800040
2014/08/21 19:20:32: TID: 8604243E32E62080
2014/08/21 19:20:32: F/W Version: 00.00.08
2014/08/21 19:20:32:
2014/08/21 19:20:32: MasterKey Key Entry ... OK
2014/08/21 19:20:32: PowerON Counter Key Entry ... OK
2014/08/21 19:20:33: Key Entry ... OK
2014/08/21 19:20:33: Complete.
2014/08/21 19:20:33: COM PORT CLOSE ... OK
2014/08/21 19:20:33: 
2014/08/21 19:20:33: ==== Processing was completed ====
2014/08/21 19:20:33: 
*************************************************


