*********** Start the Initialize Key Check **********
2014/09/25 08:19:02: Tool Ver: 2013.0605.01
2014/09/25 08:19:02: COM PORT OPEN ... OK
2014/09/25 08:19:02:
2014/09/25 08:19:02: ProductS/N:  VRW06A114900536
2014/09/25 08:19:02: TID: 860403262AE62080
2014/09/25 08:19:02: F/W Version: 00.00.08
2014/09/25 08:19:02:
2014/09/25 08:19:02: MasterKey Key Entry ... OK
2014/09/25 08:19:02: PowerON Counter Key Entry ... OK
2014/09/25 08:19:03: Key Entry ... OK
2014/09/25 08:19:03: Complete.
2014/09/25 08:19:03: COM PORT CLOSE ... OK
2014/09/25 08:19:03: 
2014/09/25 08:19:03: ==== Processing was completed ====
2014/09/25 08:19:03: 
*************************************************


*********** Start the Initialize Key Check **********
2014/09/25 08:20:35: Tool Ver: 2013.0605.01
2014/09/25 08:20:35: COM PORT OPEN ... OK
2014/09/25 08:20:35:
2014/09/25 08:20:35: ProductS/N:  VRW06A114900497
2014/09/25 08:20:35: TID: 8604212DCAE52080
2014/09/25 08:20:35: F/W Version: 00.00.08
2014/09/25 08:20:35:
2014/09/25 08:20:35: MasterKey Key Entry ... OK
2014/09/25 08:20:35: PowerON Counter Key Entry ... OK
2014/09/25 08:20:36: Key Entry ... OK
2014/09/25 08:20:36: Complete.
2014/09/25 08:20:36: COM PORT CLOSE ... OK
2014/09/25 08:20:36: 
2014/09/25 08:20:36: ==== Processing was completed ====
2014/09/25 08:20:36: 
*************************************************


*********** Start the Initialize Key Check **********
2014/09/25 08:21:37: Tool Ver: 2013.0605.01
2014/09/25 08:21:37: COM PORT OPEN ... OK
2014/09/25 08:21:37:
2014/09/25 08:21:37: ProductS/N:  VRW06A114900516
2014/09/25 08:21:37: TID: 86041F31CAE52080
2014/09/25 08:21:37: F/W Version: 00.00.08
2014/09/25 08:21:37:
2014/09/25 08:21:37: MasterKey Key Entry ... OK
2014/09/25 08:21:37: PowerON Counter Key Entry ... OK
2014/09/25 08:21:38: Key Entry ... OK
2014/09/25 08:21:38: Complete.
2014/09/25 08:21:38: COM PORT CLOSE ... OK
2014/09/25 08:21:38: 
2014/09/25 08:21:38: ==== Processing was completed ====
2014/09/25 08:21:38: 
*************************************************


*********** Start the Initialize Key Check **********
2014/09/25 08:22:24: Tool Ver: 2013.0605.01
2014/09/25 08:22:24: COM PORT OPEN ... OK
2014/09/25 08:22:24:
2014/09/25 08:22:24: ProductS/N:  VRW06A114900508
2014/09/25 08:22:24: TID: 86041B2BCAE52080
2014/09/25 08:22:24: F/W Version: 00.00.08
2014/09/25 08:22:24:
2014/09/25 08:22:24: MasterKey Key Entry ... OK
2014/09/25 08:22:24: PowerON Counter Key Entry ... OK
2014/09/25 08:22:25: Key Entry ... OK
2014/09/25 08:22:25: Complete.
2014/09/25 08:22:25: COM PORT CLOSE ... OK
2014/09/25 08:22:25: 
2014/09/25 08:22:25: ==== Processing was completed ====
2014/09/25 08:22:25: 
*************************************************


*********** Start the Initialize Key Check **********
2014/09/25 08:37:49: Tool Ver: 2013.0605.01
2014/09/25 08:37:49: COM PORT OPEN ... OK
2014/09/25 08:37:49:
2014/09/25 08:37:49: ProductS/N:  VRW06A114900550
2014/09/25 08:37:49: TID: 86042E272AE62080
2014/09/25 08:37:49: F/W Version: 00.00.08
2014/09/25 08:37:49:
2014/09/25 08:37:49: MasterKey Key Entry ... OK
2014/09/25 08:37:49: PowerON Counter Key Entry ... OK
2014/09/25 08:37:50: Key Entry ... OK
2014/09/25 08:37:50: Complete.
2014/09/25 08:37:50: COM PORT CLOSE ... OK
2014/09/25 08:37:50: 
2014/09/25 08:37:50: ==== Processing was completed ====
2014/09/25 08:37:50: 
*************************************************


*********** Start the Initialize Key Check **********
2014/09/25 08:38:41: Tool Ver: 2013.0605.01
2014/09/25 08:38:41: COM PORT OPEN ... OK
2014/09/25 08:38:41:
2014/09/25 08:38:41: ProductS/N:  VRW06A114900528
2014/09/25 08:38:41: TID: 860409232AE62080
2014/09/25 08:38:41: F/W Version: 00.00.08
2014/09/25 08:38:41:
2014/09/25 08:38:41: MasterKey Key Entry ... OK
2014/09/25 08:38:41: PowerON Counter Key Entry ... OK
2014/09/25 08:38:41: Key Entry ... OK
2014/09/25 08:38:41: Complete.
2014/09/25 08:38:41: COM PORT CLOSE ... OK
2014/09/25 08:38:41: 
2014/09/25 08:38:41: ==== Processing was completed ====
2014/09/25 08:38:41: 
*************************************************


*********** Start the Initialize Key Check **********
2014/09/25 08:40:32: Tool Ver: 2013.0605.01
2014/09/25 08:40:32: COM PORT OPEN ... OK
2014/09/25 08:40:32:
2014/09/25 08:40:32: ProductS/N:  VRW06A114900566
2014/09/25 08:40:32: TID: 86042116CAE52080
2014/09/25 08:40:32: F/W Version: 00.00.08
2014/09/25 08:40:32:
2014/09/25 08:40:32: MasterKey Key Entry ... OK
2014/09/25 08:40:32: PowerON Counter Key Entry ... OK
2014/09/25 08:40:33: Key Entry ... OK
2014/09/25 08:40:33: Complete.
2014/09/25 08:40:33: COM PORT CLOSE ... OK
2014/09/25 08:40:33: 
2014/09/25 08:40:33: ==== Processing was completed ====
2014/09/25 08:40:33: 
*************************************************


*********** Start the Initialize Key Check **********
2014/09/25 08:42:55: Tool Ver: 2013.0605.01
2014/09/25 08:42:55: COM PORT OPEN ... OK
2014/09/25 08:42:56:
2014/09/25 08:42:56: ProductS/N:  4900553
2014/09/25 08:42:56: TID: 860411262AE62080
2014/09/25 08:42:56: F/W Version: 00.00.08
2014/09/25 08:42:56:
2014/09/25 08:42:56: MasterKey Key Entry ... OK
2014/09/25 08:42:56: PowerON Counter Key Entry ... OK
2014/09/25 08:42:56: Key Entry ... OK
2014/09/25 08:42:56: Complete.
2014/09/25 08:42:56: COM PORT CLOSE ... OK
2014/09/25 08:42:56: 
2014/09/25 08:42:56: ==== Processing was completed ====
2014/09/25 08:42:56: 
*************************************************


*********** Start the Initialize Key Check **********
2014/09/25 09:09:03: Tool Ver: 2013.0605.01
2014/09/25 09:09:03: COM PORT OPEN ... OK
2014/09/25 09:09:03:
2014/09/25 09:09:03: ProductS/N:  4900556
2014/09/25 09:09:03: TID: 860420282AE62080
2014/09/25 09:09:03: F/W Version: 00.00.08
2014/09/25 09:09:03:
2014/09/25 09:09:03: MasterKey Key Entry ... OK
2014/09/25 09:09:03: PowerON Counter Key Entry ... OK
2014/09/25 09:09:04: Key Entry ... OK
2014/09/25 09:09:04: Complete.
2014/09/25 09:09:04: COM PORT CLOSE ... OK
2014/09/25 09:09:04: 
2014/09/25 09:09:04: ==== Processing was completed ====
2014/09/25 09:09:04: 
*************************************************


*********** Start the Initialize Key Check **********
2014/09/25 09:10:23: Tool Ver: 2013.0605.01
2014/09/25 09:10:23: COM PORT OPEN ... OK
2014/09/25 09:10:23:
2014/09/25 09:10:23: ProductS/N:  4900570
2014/09/25 09:10:23: TID: 86042A34CAE52080
2014/09/25 09:10:23: F/W Version: 00.00.08
2014/09/25 09:10:23:
2014/09/25 09:10:23: MasterKey Key Entry ... OK
2014/09/25 09:10:23: PowerON Counter Key Entry ... OK
2014/09/25 09:10:24: Key Entry ... OK
2014/09/25 09:10:24: Complete.
2014/09/25 09:10:24: COM PORT CLOSE ... OK
2014/09/25 09:10:24: 
2014/09/25 09:10:24: ==== Processing was completed ====
2014/09/25 09:10:24: 
*************************************************


*********** Start the Initialize Key Check **********
2014/09/25 09:11:27: Tool Ver: 2013.0605.01
2014/09/25 09:11:27: COM PORT OPEN ... OK
2014/09/25 09:11:27:
2014/09/25 09:11:27: ProductS/N:  4900558
2014/09/25 09:11:27: TID: 86041E3FD2E52080
2014/09/25 09:11:27: F/W Version: 00.00.08
2014/09/25 09:11:27:
2014/09/25 09:11:27: MasterKey Key Entry ... OK
2014/09/25 09:11:27: PowerON Counter Key Entry ... OK
2014/09/25 09:11:27: Key Entry ... OK
2014/09/25 09:11:27: Complete.
2014/09/25 09:11:27: COM PORT CLOSE ... OK
2014/09/25 09:11:27: 
2014/09/25 09:11:27: ==== Processing was completed ====
2014/09/25 09:11:27: 
*************************************************


*********** Start the Initialize Key Check **********
2014/09/25 14:34:29: Tool Ver: 2013.0605.01
2014/09/25 14:34:29: COM PORT OPEN ... OK
2014/09/25 14:34:29:
2014/09/25 14:34:29: ProductS/N:  VRW06A114900428
2014/09/25 14:34:29: TID: 86041A44D2E52080
2014/09/25 14:34:29: F/W Version: 00.00.08
2014/09/25 14:34:29:
2014/09/25 14:34:29: MasterKey Key Entry ... OK
2014/09/25 14:34:29: PowerON Counter Key Entry ... OK
2014/09/25 14:34:30: Key Entry ... OK
2014/09/25 14:34:30: Complete.
2014/09/25 14:34:30: COM PORT CLOSE ... OK
2014/09/25 14:34:30: 
2014/09/25 14:34:30: ==== Processing was completed ====
2014/09/25 14:34:30: 
*************************************************


*********** Start the Initialize Key Check **********
2014/09/25 15:13:17: Tool Ver: 2013.0605.01
2014/09/25 15:13:17: COM PORT OPEN ... OK
2014/09/25 15:13:17:
2014/09/25 15:13:17: ProductS/N:  4900457
2014/09/25 15:13:17: TID: 86043D143AE62080
2014/09/25 15:13:17: F/W Version: 00.00.08
2014/09/25 15:13:17:
2014/09/25 15:13:17: MasterKey Key Entry ... OK
2014/09/25 15:13:17: PowerON Counter Key Entry ... OK
2014/09/25 15:13:18: Key Entry ... OK
2014/09/25 15:13:18: Complete.
2014/09/25 15:13:18: COM PORT CLOSE ... OK
2014/09/25 15:13:18: 
2014/09/25 15:13:18: ==== Processing was completed ====
2014/09/25 15:13:18: 
*************************************************


*********** Start the Initialize Key Check **********
2014/09/25 15:42:13: Tool Ver: 2013.0605.01
2014/09/25 15:42:13: COM PORT OPEN ... OK
2014/09/25 15:42:14:
2014/09/25 15:42:14: ProductS/N:  VRW06A114900431
2014/09/25 15:42:14: TID: 86041E103AE62080
2014/09/25 15:42:14: F/W Version: 00.00.08
2014/09/25 15:42:14:
2014/09/25 15:42:14: MasterKey Key Entry ... OK
2014/09/25 15:42:14: PowerON Counter Key Entry ... OK
2014/09/25 15:42:14: Key Entry ... OK
2014/09/25 15:42:14: Complete.
2014/09/25 15:42:14: COM PORT CLOSE ... OK
2014/09/25 15:42:14: 
2014/09/25 15:42:14: ==== Processing was completed ====
2014/09/25 15:42:14: 
*************************************************


*********** Start the Initialize Key Check **********
2014/09/25 15:49:15: Tool Ver: 2013.0605.01
2014/09/25 15:49:15: COM PORT OPEN ... OK
2014/09/25 15:49:15:
2014/09/25 15:49:15: ProductS/N:  VRW06A114900419
2014/09/25 15:49:15: TID: 8604042BCAE52080
2014/09/25 15:49:15: F/W Version: 00.00.08
2014/09/25 15:49:15:
2014/09/25 15:49:15: MasterKey Key Entry ... OK
2014/09/25 15:49:15: PowerON Counter Key Entry ... OK
2014/09/25 15:49:16: Key Entry ... OK
2014/09/25 15:49:16: Complete.
2014/09/25 15:49:16: COM PORT CLOSE ... OK
2014/09/25 15:49:16: 
2014/09/25 15:49:16: ==== Processing was completed ====
2014/09/25 15:49:16: 
*************************************************


*********** Start the Initialize Key Check **********
2014/09/25 15:55:23: Tool Ver: 2013.0605.01
2014/09/25 15:55:23: COM PORT OPEN ... OK
2014/09/25 15:55:23:
2014/09/25 15:55:23: ProductS/N:  VRW06A114900400
2014/09/25 15:55:23: TID: 86041B34CAE52080
2014/09/25 15:55:23: F/W Version: 00.00.08
2014/09/25 15:55:23:
2014/09/25 15:55:23: MasterKey Key Entry ... OK
2014/09/25 15:55:23: PowerON Counter Key Entry ... OK
2014/09/25 15:55:24: Key Entry ... OK
2014/09/25 15:55:24: Complete.
2014/09/25 15:55:24: COM PORT CLOSE ... OK
2014/09/25 15:55:24: 
2014/09/25 15:55:24: ==== Processing was completed ====
2014/09/25 15:55:24: 
*************************************************


*********** Start the Initialize Key Check **********
2014/09/25 16:01:11: Tool Ver: 2013.0605.01
2014/09/25 16:01:11: COM PORT OPEN ... OK
2014/09/25 16:01:11:
2014/09/25 16:01:11: ProductS/N:  VRW06A114900568
2014/09/25 16:01:11: TID: 86041A2ECAE52080
2014/09/25 16:01:11: F/W Version: 00.00.08
2014/09/25 16:01:11:
2014/09/25 16:01:11: MasterKey Key Entry ... OK
2014/09/25 16:01:11: PowerON Counter Key Entry ... OK
2014/09/25 16:01:12: Key Entry ... OK
2014/09/25 16:01:12: Complete.
2014/09/25 16:01:12: COM PORT CLOSE ... OK
2014/09/25 16:01:12: 
2014/09/25 16:01:12: ==== Processing was completed ====
2014/09/25 16:01:12: 
*************************************************


*********** Start the Initialize Key Check **********
2014/09/25 16:17:06: Tool Ver: 2013.0605.01
2014/09/25 16:17:06: COM PORT OPEN ... ERROR(01)
2014/09/25 16:17:06: 
2014/09/25 16:17:06: ######## Error has occurred ########
2014/09/25 16:17:06: 
*************************************************


*********** Start the Initialize Key Check **********
2014/09/25 16:17:26: Tool Ver: 2013.0605.01
2014/09/25 16:17:26: COM PORT OPEN ... OK
2014/09/25 16:17:26:
2014/09/25 16:17:26: ProductS/N:  VRW06A114900448
2014/09/25 16:17:26: TID: 86043F33CAE52080
2014/09/25 16:17:26: F/W Version: 00.00.08
2014/09/25 16:17:26:
2014/09/25 16:17:26: MasterKey Key Entry ... OK
2014/09/25 16:17:26: PowerON Counter Key Entry ... OK
2014/09/25 16:17:27: Key Entry ... OK
2014/09/25 16:17:27: Complete.
2014/09/25 16:17:27: COM PORT CLOSE ... OK
2014/09/25 16:17:27: 
2014/09/25 16:17:27: ==== Processing was completed ====
2014/09/25 16:17:27: 
*************************************************


