*********** Start the Initialize Key Check **********
2014/09/18 13:41:54: Tool Ver: 2013.0605.01
2014/09/18 13:41:54: COM PORT OPEN ... OK
2014/09/18 13:41:54:
2014/09/18 13:41:54: ProductS/N:  VRW06A114900012
2014/09/18 13:41:54: TID: 86042A3FD2E52080
2014/09/18 13:41:54: F/W Version: 00.00.08
2014/09/18 13:41:54:
2014/09/18 13:41:54: MasterKey Key Entry ... OK
2014/09/18 13:41:54: PowerON Counter Key Entry ... OK
2014/09/18 13:41:55: Key Entry ... OK
2014/09/18 13:41:55: Complete.
2014/09/18 13:41:55: COM PORT CLOSE ... OK
2014/09/18 13:41:55: 
2014/09/18 13:41:55: ==== Processing was completed ====
2014/09/18 13:41:55: 
*************************************************


*********** Start the Initialize Key Check **********
2014/09/18 14:01:09: Tool Ver: 2013.0605.01
2014/09/18 14:01:09: COM PORT OPEN ... ERROR(01)
2014/09/18 14:01:09: 
2014/09/18 14:01:09: ######## Error has occurred ########
2014/09/18 14:01:09: 
*************************************************


*********** Start the Initialize Key Check **********
2014/09/18 14:01:56: Tool Ver: 2013.0605.01
2014/09/18 14:01:56: COM PORT OPEN ... ERROR(01)
2014/09/18 14:01:56: 
2014/09/18 14:01:56: ######## Error has occurred ########
2014/09/18 14:01:56: 
*************************************************


*********** Start the Initialize Key Check **********
2014/09/18 14:03:16: Tool Ver: 2013.0605.01
2014/09/18 14:03:16: COM PORT OPEN ... ERROR(01)
2014/09/18 14:03:16: 
2014/09/18 14:03:16: ######## Error has occurred ########
2014/09/18 14:03:16: 
*************************************************


*********** Start the Initialize Key Check **********
2014/09/18 14:04:23: Tool Ver: 2013.0605.01
2014/09/18 14:04:23: COM PORT OPEN ... OK
2014/09/18 14:04:23:
2014/09/18 14:04:23: ProductS/N:  VRW06A114900010
2014/09/18 14:04:23: TID: 86041442D2E52080
2014/09/18 14:04:23: F/W Version: 00.00.08
2014/09/18 14:04:23:
2014/09/18 14:04:23: MasterKey Key Entry ... OK
2014/09/18 14:04:23: PowerON Counter Key Entry ... OK
2014/09/18 14:04:24: Key Entry ... OK
2014/09/18 14:04:24: Complete.
2014/09/18 14:04:24: COM PORT CLOSE ... OK
2014/09/18 14:04:24: 
2014/09/18 14:04:24: ==== Processing was completed ====
2014/09/18 14:04:24: 
*************************************************


*********** Start the Initialize Key Check **********
2014/09/18 14:05:58: Tool Ver: 2013.0605.01
2014/09/18 14:05:58: COM PORT OPEN ... OK
2014/09/18 14:05:58:
2014/09/18 14:05:58: ProductS/N:  VRW06A114900010
2014/09/18 14:05:58: TID: 86041442D2E52080
2014/09/18 14:05:58: F/W Version: 00.00.08
2014/09/18 14:05:58:
2014/09/18 14:05:58: MasterKey Key Entry ... OK
2014/09/18 14:05:58: PowerON Counter Key Entry ... OK
2014/09/18 14:05:59: Key Entry ... OK
2014/09/18 14:05:59: Complete.
2014/09/18 14:05:59: COM PORT CLOSE ... OK
2014/09/18 14:05:59: 
2014/09/18 14:05:59: ==== Processing was completed ====
2014/09/18 14:05:59: 
*************************************************


*********** Start the Initialize Key Check **********
2014/09/18 14:12:49: Tool Ver: 2013.0605.01
2014/09/18 14:12:49: COM PORT OPEN ... OK
2014/09/18 14:12:49:
2014/09/18 14:12:49: ProductS/N:  VRW06A114900014
2014/09/18 14:12:49: TID: 86042503CAE52080
2014/09/18 14:12:49: F/W Version: 00.00.08
2014/09/18 14:12:49:
2014/09/18 14:12:49: MasterKey Key Entry ... OK
2014/09/18 14:12:49: PowerON Counter Key Entry ... OK
2014/09/18 14:12:50: Key Entry ... OK
2014/09/18 14:12:50: Complete.
2014/09/18 14:12:50: COM PORT CLOSE ... OK
2014/09/18 14:12:50: 
2014/09/18 14:12:50: ==== Processing was completed ====
2014/09/18 14:12:50: 
*************************************************


*********** Start the Initialize Key Check **********
2014/09/18 14:17:34: Tool Ver: 2013.0605.01
2014/09/18 14:17:34: COM PORT OPEN ... OK
2014/09/18 14:17:34:
2014/09/18 14:17:34: ProductS/N:  VRW06A114900016
2014/09/18 14:17:34: TID: 86040A36CAE52080
2014/09/18 14:17:34: F/W Version: 00.00.08
2014/09/18 14:17:34:
2014/09/18 14:17:35: MasterKey Key Entry ... OK
2014/09/18 14:17:35: PowerON Counter Key Entry ... OK
2014/09/18 14:17:35: Key Entry ... OK
2014/09/18 14:17:35: Complete.
2014/09/18 14:17:35: COM PORT CLOSE ... OK
2014/09/18 14:17:35: 
2014/09/18 14:17:35: ==== Processing was completed ====
2014/09/18 14:17:35: 
*************************************************


*********** Start the Initialize Key Check **********
2014/09/18 14:22:38: Tool Ver: 2013.0605.01
2014/09/18 14:22:38: COM PORT OPEN ... OK
2014/09/18 14:22:38:
2014/09/18 14:22:38: ProductS/N:  VRW06A114900021
2014/09/18 14:22:38: TID: 86040E29CAE52080
2014/09/18 14:22:38: F/W Version: 00.00.08
2014/09/18 14:22:38:
2014/09/18 14:22:38: MasterKey Key Entry ... OK
2014/09/18 14:22:38: PowerON Counter Key Entry ... OK
2014/09/18 14:22:39: Key Entry ... OK
2014/09/18 14:22:39: Complete.
2014/09/18 14:22:39: COM PORT CLOSE ... OK
2014/09/18 14:22:39: 
2014/09/18 14:22:39: ==== Processing was completed ====
2014/09/18 14:22:39: 
*************************************************


*********** Start the Initialize Key Check **********
2014/09/18 14:27:21: Tool Ver: 2013.0605.01
2014/09/18 14:27:21: COM PORT OPEN ... OK
2014/09/18 14:27:21:
2014/09/18 14:27:21: ProductS/N:  VRW06A114900019
2014/09/18 14:27:21: TID: 86042F153AE62080
2014/09/18 14:27:21: F/W Version: 00.00.08
2014/09/18 14:27:21:
2014/09/18 14:27:21: MasterKey Key Entry ... OK
2014/09/18 14:27:21: PowerON Counter Key Entry ... OK
2014/09/18 14:27:21: Key Entry ... OK
2014/09/18 14:27:21: Complete.
2014/09/18 14:27:21: COM PORT CLOSE ... OK
2014/09/18 14:27:21: 
2014/09/18 14:27:21: ==== Processing was completed ====
2014/09/18 14:27:21: 
*************************************************


*********** Start the Initialize Key Check **********
2014/09/18 14:31:23: Tool Ver: 2013.0605.01
2014/09/18 14:31:23: COM PORT OPEN ... OK
2014/09/18 14:31:23:
2014/09/18 14:31:23: ProductS/N:  VRW06A114900009
2014/09/18 14:31:23: TID: 8604174232E62080
2014/09/18 14:31:23: F/W Version: 00.00.08
2014/09/18 14:31:23:
2014/09/18 14:31:23: MasterKey Key Entry ... OK
2014/09/18 14:31:23: PowerON Counter Key Entry ... OK
2014/09/18 14:31:24: Key Entry ... OK
2014/09/18 14:31:24: Complete.
2014/09/18 14:31:24: COM PORT CLOSE ... OK
2014/09/18 14:31:24: 
2014/09/18 14:31:24: ==== Processing was completed ====
2014/09/18 14:31:24: 
*************************************************


*********** Start the Initialize Key Check **********
2014/09/18 14:33:57: Tool Ver: 2013.0605.01
2014/09/18 14:33:57: COM PORT OPEN ... OK
2014/09/18 14:33:57:
2014/09/18 14:33:57: ProductS/N:  VRW06A114900006
2014/09/18 14:33:57: TID: 86042C20CAE52080
2014/09/18 14:33:57: F/W Version: 00.00.08
2014/09/18 14:33:57:
2014/09/18 14:33:57: MasterKey Key Entry ... OK
2014/09/18 14:33:57: PowerON Counter Key Entry ... OK
2014/09/18 14:33:57: Key Entry ... OK
2014/09/18 14:33:57: Complete.
2014/09/18 14:33:57: COM PORT CLOSE ... OK
2014/09/18 14:33:57: 
2014/09/18 14:33:57: ==== Processing was completed ====
2014/09/18 14:33:57: 
*************************************************


*********** Start the Initialize Key Check **********
2014/09/18 14:36:29: Tool Ver: 2013.0605.01
2014/09/18 14:36:29: COM PORT OPEN ... OK
2014/09/18 14:36:29:
2014/09/18 14:36:29: ProductS/N:  VRW06A114900008
2014/09/18 14:36:29: TID: 8604240BCAE52080
2014/09/18 14:36:29: F/W Version: 00.00.08
2014/09/18 14:36:29:
2014/09/18 14:36:29: MasterKey Key Entry ... OK
2014/09/18 14:36:29: PowerON Counter Key Entry ... OK
2014/09/18 14:36:30: Key Entry ... OK
2014/09/18 14:36:30: Complete.
2014/09/18 14:36:30: COM PORT CLOSE ... OK
2014/09/18 14:36:30: 
2014/09/18 14:36:30: ==== Processing was completed ====
2014/09/18 14:36:30: 
*************************************************


*********** Start the Initialize Key Check **********
2014/09/18 14:39:04: Tool Ver: 2013.0605.01
2014/09/18 14:39:04: COM PORT OPEN ... OK
2014/09/18 14:39:04:
2014/09/18 14:39:04: ProductS/N:  VRW06A114900013
2014/09/18 14:39:04: TID: 86041E0BCAE52080
2014/09/18 14:39:04: F/W Version: 00.00.08
2014/09/18 14:39:04:
2014/09/18 14:39:04: MasterKey Key Entry ... OK
2014/09/18 14:39:04: PowerON Counter Key Entry ... OK
2014/09/18 14:39:05: Key Entry ... OK
2014/09/18 14:39:05: Complete.
2014/09/18 14:39:05: COM PORT CLOSE ... OK
2014/09/18 14:39:05: 
2014/09/18 14:39:05: ==== Processing was completed ====
2014/09/18 14:39:05: 
*************************************************


*********** Start the Initialize Key Check **********
2014/09/18 14:43:05: Tool Ver: 2013.0605.01
2014/09/18 14:43:05: COM PORT OPEN ... OK
2014/09/18 14:43:05:
2014/09/18 14:43:05: ProductS/N:  VRW06A114900018
2014/09/18 14:43:05: TID: 8604290F3AE62080
2014/09/18 14:43:05: F/W Version: 00.00.08
2014/09/18 14:43:05:
2014/09/18 14:43:05: MasterKey Key Entry ... OK
2014/09/18 14:43:05: PowerON Counter Key Entry ... OK
2014/09/18 14:43:06: Key Entry ... OK
2014/09/18 14:43:06: Complete.
2014/09/18 14:43:06: COM PORT CLOSE ... OK
2014/09/18 14:43:06: 
2014/09/18 14:43:06: ==== Processing was completed ====
2014/09/18 14:43:06: 
*************************************************


*********** Start the Initialize Key Check **********
2014/09/18 14:48:19: Tool Ver: 2013.0605.01
2014/09/18 14:48:19: COM PORT OPEN ... OK
2014/09/18 14:48:19:
2014/09/18 14:48:19: ProductS/N:  VRW06A114900015
2014/09/18 14:48:19: TID: 86041A07CAE52080
2014/09/18 14:48:19: F/W Version: 00.00.08
2014/09/18 14:48:19:
2014/09/18 14:48:19: MasterKey Key Entry ... OK
2014/09/18 14:48:19: PowerON Counter Key Entry ... OK
2014/09/18 14:48:20: Key Entry ... OK
2014/09/18 14:48:20: Complete.
2014/09/18 14:48:20: COM PORT CLOSE ... OK
2014/09/18 14:48:20: 
2014/09/18 14:48:20: ==== Processing was completed ====
2014/09/18 14:48:20: 
*************************************************


*********** Start the Initialize Key Check **********
2014/09/18 14:57:49: Tool Ver: 2013.0605.01
2014/09/18 14:57:49: COM PORT OPEN ... OK
2014/09/18 14:57:49:
2014/09/18 14:57:49: ProductS/N:  VRW06A114900028
2014/09/18 14:57:49: TID: 86040530CAE52080
2014/09/18 14:57:49: F/W Version: 00.00.08
2014/09/18 14:57:49:
2014/09/18 14:57:49: MasterKey Key Entry ... OK
2014/09/18 14:57:49: PowerON Counter Key Entry ... OK
2014/09/18 14:57:50: Key Entry ... OK
2014/09/18 14:57:50: Complete.
2014/09/18 14:57:50: COM PORT CLOSE ... OK
2014/09/18 14:57:50: 
2014/09/18 14:57:50: ==== Processing was completed ====
2014/09/18 14:57:50: 
*************************************************


*********** Start the Initialize Key Check **********
2014/09/18 15:02:32: Tool Ver: 2013.0605.01
2014/09/18 15:02:32: COM PORT OPEN ... OK
2014/09/18 15:02:32:
2014/09/18 15:02:32: ProductS/N:  VRW06A114900024
2014/09/18 15:02:32: TID: 86040531CAE52080
2014/09/18 15:02:32: F/W Version: 00.00.08
2014/09/18 15:02:32:
2014/09/18 15:02:32: MasterKey Key Entry ... OK
2014/09/18 15:02:32: PowerON Counter Key Entry ... OK
2014/09/18 15:02:32: Key Entry ... OK
2014/09/18 15:02:32: Complete.
2014/09/18 15:02:32: COM PORT CLOSE ... OK
2014/09/18 15:02:32: 
2014/09/18 15:02:32: ==== Processing was completed ====
2014/09/18 15:02:32: 
*************************************************


*********** Start the Initialize Key Check **********
2014/09/18 15:30:56: Tool Ver: 2013.0605.01
2014/09/18 15:30:56: COM PORT OPEN ... OK
2014/09/18 15:30:56:
2014/09/18 15:30:56: ProductS/N:  VRW06A114900027
2014/09/18 15:30:56: TID: 86043328CAE52080
2014/09/18 15:30:56: F/W Version: 00.00.08
2014/09/18 15:30:56:
2014/09/18 15:30:56: MasterKey Key Entry ... OK
2014/09/18 15:30:56: PowerON Counter Key Entry ... OK
2014/09/18 15:30:57: Key Entry ... OK
2014/09/18 15:30:57: Complete.
2014/09/18 15:30:57: COM PORT CLOSE ... OK
2014/09/18 15:30:57: 
2014/09/18 15:30:57: ==== Processing was completed ====
2014/09/18 15:30:57: 
*************************************************


*********** Start the Initialize Key Check **********
2014/09/18 16:27:13: Tool Ver: 2013.0605.01
2014/09/18 16:27:13: COM PORT OPEN ... OK
2014/09/18 16:27:13:
2014/09/18 16:27:13: ProductS/N:  VRW06A114900025
2014/09/18 16:27:13: TID: 8604304032E62080
2014/09/18 16:27:13: F/W Version: 00.00.08
2014/09/18 16:27:13:
2014/09/18 16:27:13: MasterKey Key Entry ... OK
2014/09/18 16:27:13: PowerON Counter Key Entry ... OK
2014/09/18 16:27:13: Key Entry ... OK
2014/09/18 16:27:13: Complete.
2014/09/18 16:27:13: COM PORT CLOSE ... OK
2014/09/18 16:27:13: 
2014/09/18 16:27:13: ==== Processing was completed ====
2014/09/18 16:27:13: 
*************************************************


*********** Start the Initialize Key Check **********
2014/09/18 16:33:13: Tool Ver: 2013.0605.01
2014/09/18 16:33:13: COM PORT OPEN ... OK
2014/09/18 16:33:13:
2014/09/18 16:33:13: ProductS/N:  VRW06A114900029
2014/09/18 16:33:13: TID: 8604082BCAE52080
2014/09/18 16:33:13: F/W Version: 00.00.08
2014/09/18 16:33:13:
2014/09/18 16:33:13: MasterKey Key Entry ... OK
2014/09/18 16:33:13: PowerON Counter Key Entry ... OK
2014/09/18 16:33:13: Key Entry ... OK
2014/09/18 16:33:13: Complete.
2014/09/18 16:33:13: COM PORT CLOSE ... OK
2014/09/18 16:33:13: 
2014/09/18 16:33:13: ==== Processing was completed ====
2014/09/18 16:33:13: 
*************************************************


*********** Start the Initialize Key Check **********
2014/09/18 16:44:02: Tool Ver: 2013.0605.01
2014/09/18 16:44:02: COM PORT OPEN ... OK
2014/09/18 16:44:02:
2014/09/18 16:44:02: ProductS/N:  VRW06A114900011
2014/09/18 16:44:02: TID: 86041C26CAE52080
2014/09/18 16:44:02: F/W Version: 00.00.08
2014/09/18 16:44:02:
2014/09/18 16:44:02: MasterKey Key Entry ... OK
2014/09/18 16:44:02: PowerON Counter Key Entry ... OK
2014/09/18 16:44:03: Key Entry ... OK
2014/09/18 16:44:03: Complete.
2014/09/18 16:44:03: COM PORT CLOSE ... OK
2014/09/18 16:44:03: 
2014/09/18 16:44:03: ==== Processing was completed ====
2014/09/18 16:44:03: 
*************************************************


*********** Start the Initialize Key Check **********
2014/09/18 16:47:25: Tool Ver: 2013.0605.01
2014/09/18 16:47:25: COM PORT OPEN ... OK
2014/09/18 16:47:25:
2014/09/18 16:47:25: ProductS/N:  VRW06A114900033
2014/09/18 16:47:25: TID: 86040F143AE62080
2014/09/18 16:47:25: F/W Version: 00.00.08
2014/09/18 16:47:25:
2014/09/18 16:47:25: MasterKey Key Entry ... OK
2014/09/18 16:47:25: PowerON Counter Key Entry ... OK
2014/09/18 16:47:26: Key Entry ... OK
2014/09/18 16:47:26: Complete.
2014/09/18 16:47:26: COM PORT CLOSE ... OK
2014/09/18 16:47:26: 
2014/09/18 16:47:26: ==== Processing was completed ====
2014/09/18 16:47:26: 
*************************************************


*********** Start the Initialize Key Check **********
2014/09/18 17:57:56: Tool Ver: 2013.0605.01
2014/09/18 17:57:56: COM PORT OPEN ... OK
2014/09/18 17:57:56:
2014/09/18 17:57:56: ProductS/N:  VRW06A114900023
2014/09/18 17:57:56: TID: 86042633CAE52080
2014/09/18 17:57:56: F/W Version: 00.00.08
2014/09/18 17:57:56:
2014/09/18 17:57:56: MasterKey Key Entry ... OK
2014/09/18 17:57:56: PowerON Counter Key Entry ... OK
2014/09/18 17:57:57: Key Entry ... OK
2014/09/18 17:57:57: Complete.
2014/09/18 17:57:57: COM PORT CLOSE ... OK
2014/09/18 17:57:57: 
2014/09/18 17:57:57: ==== Processing was completed ====
2014/09/18 17:57:57: 
*************************************************


*********** Start the Initialize Key Check **********
2014/09/18 17:59:26: Tool Ver: 2013.0605.01
2014/09/18 17:59:26: COM PORT OPEN ... OK
2014/09/18 17:59:26:
2014/09/18 17:59:26: ProductS/N:  VRW06A114900031
2014/09/18 17:59:26: TID: 86040E2ACAE52080
2014/09/18 17:59:26: F/W Version: 00.00.08
2014/09/18 17:59:26:
2014/09/18 17:59:26: MasterKey Key Entry ... OK
2014/09/18 17:59:27: PowerON Counter Key Entry ... OK
2014/09/18 17:59:27: Key Entry ... OK
2014/09/18 17:59:27: Complete.
2014/09/18 17:59:27: COM PORT CLOSE ... OK
2014/09/18 17:59:27: 
2014/09/18 17:59:27: ==== Processing was completed ====
2014/09/18 17:59:27: 
*************************************************


*********** Start the Initialize Key Check **********
2014/09/18 18:00:49: Tool Ver: 2013.0605.01
2014/09/18 18:00:49: COM PORT OPEN ... OK
2014/09/18 18:00:49:
2014/09/18 18:00:49: ProductS/N:  VRW06A114900030
2014/09/18 18:00:49: TID: 8604082ACAE52080
2014/09/18 18:00:49: F/W Version: 00.00.08
2014/09/18 18:00:49:
2014/09/18 18:00:49: MasterKey Key Entry ... OK
2014/09/18 18:00:49: PowerON Counter Key Entry ... OK
2014/09/18 18:00:50: Key Entry ... OK
2014/09/18 18:00:50: Complete.
2014/09/18 18:00:50: COM PORT CLOSE ... OK
2014/09/18 18:00:50: 
2014/09/18 18:00:50: ==== Processing was completed ====
2014/09/18 18:00:50: 
*************************************************


*********** Start the Initialize Key Check **********
2014/09/18 18:01:36: Tool Ver: 2013.0605.01
2014/09/18 18:01:36: COM PORT OPEN ... OK
2014/09/18 18:01:36:
2014/09/18 18:01:36: ProductS/N:  VRW06A114900022
2014/09/18 18:01:36: TID: 86042436CAE52080
2014/09/18 18:01:36: F/W Version: 00.00.08
2014/09/18 18:01:36:
2014/09/18 18:01:36: MasterKey Key Entry ... OK
2014/09/18 18:01:36: PowerON Counter Key Entry ... OK
2014/09/18 18:01:37: Key Entry ... OK
2014/09/18 18:01:37: Complete.
2014/09/18 18:01:37: COM PORT CLOSE ... OK
2014/09/18 18:01:37: 
2014/09/18 18:01:37: ==== Processing was completed ====
2014/09/18 18:01:37: 
*************************************************


*********** Start the Initialize Key Check **********
2014/09/18 18:02:20: Tool Ver: 2013.0605.01
2014/09/18 18:02:20: COM PORT OPEN ... OK
2014/09/18 18:02:20:
2014/09/18 18:02:20: ProductS/N:  VRW06A114900003
2014/09/18 18:02:20: TID: 86040B36CAE52080
2014/09/18 18:02:20: F/W Version: 00.00.08
2014/09/18 18:02:20:
2014/09/18 18:02:20: MasterKey Key Entry ... OK
2014/09/18 18:02:20: PowerON Counter Key Entry ... OK
2014/09/18 18:02:21: Key Entry ... OK
2014/09/18 18:02:21: Complete.
2014/09/18 18:02:21: COM PORT CLOSE ... OK
2014/09/18 18:02:21: 
2014/09/18 18:02:21: ==== Processing was completed ====
2014/09/18 18:02:21: 
*************************************************


*********** Start the Initialize Key Check **********
2014/09/18 18:03:03: Tool Ver: 2013.0605.01
2014/09/18 18:03:03: COM PORT OPEN ... OK
2014/09/18 18:03:03:
2014/09/18 18:03:03: ProductS/N:  VRW06A114900004
2014/09/18 18:03:03: TID: 86040922CAE52080
2014/09/18 18:03:03: F/W Version: 00.00.08
2014/09/18 18:03:03:
2014/09/18 18:03:03: MasterKey Key Entry ... OK
2014/09/18 18:03:03: PowerON Counter Key Entry ... OK
2014/09/18 18:03:04: Key Entry ... OK
2014/09/18 18:03:04: Complete.
2014/09/18 18:03:04: COM PORT CLOSE ... OK
2014/09/18 18:03:04: 
2014/09/18 18:03:04: ==== Processing was completed ====
2014/09/18 18:03:04: 
*************************************************


*********** Start the Initialize Key Check **********
2014/09/18 18:03:54: Tool Ver: 2013.0605.01
2014/09/18 18:03:54: COM PORT OPEN ... OK
2014/09/18 18:03:54:
2014/09/18 18:03:54: ProductS/N:  VRW06A114900001
2014/09/18 18:03:54: TID: 860429072AE62080
2014/09/18 18:03:54: F/W Version: 00.00.08
2014/09/18 18:03:54:
2014/09/18 18:03:54: MasterKey Key Entry ... OK
2014/09/18 18:03:54: PowerON Counter Key Entry ... OK
2014/09/18 18:03:55: Key Entry ... OK
2014/09/18 18:03:55: Complete.
2014/09/18 18:03:55: COM PORT CLOSE ... OK
2014/09/18 18:03:55: 
2014/09/18 18:03:55: ==== Processing was completed ====
2014/09/18 18:03:55: 
*************************************************


