*********** Start the Initialize Key Check **********
2014/12/04 08:21:27: Tool Ver: 2013.0605.01
2014/12/04 08:21:27: COM PORT OPEN ... OK
2014/12/04 08:21:27:
2014/12/04 08:21:27: ProductS/N:  VRW06A114Z00236
2014/12/04 08:21:27: TID: 860419203AE62080
2014/12/04 08:21:27: F/W Version: 00.00.08
2014/12/04 08:21:27:
2014/12/04 08:21:27: MasterKey Key Entry ... OK
2014/12/04 08:21:27: PowerON Counter Key Entry ... OK
2014/12/04 08:21:28: Key Entry ... OK
2014/12/04 08:21:28: Complete.
2014/12/04 08:21:28: COM PORT CLOSE ... OK
2014/12/04 08:21:28: 
2014/12/04 08:21:28: ==== Processing was completed ====
2014/12/04 08:21:28: 
*************************************************


*********** Start the Initialize Key Check **********
2014/12/04 08:23:55: Tool Ver: 2013.0605.01
2014/12/04 08:23:55: COM PORT OPEN ... OK
2014/12/04 08:23:55:
2014/12/04 08:23:55: ProductS/N:  VRW06A114Z00245
2014/12/04 08:23:55: TID: 860411113AE62080
2014/12/04 08:23:55: F/W Version: 00.00.08
2014/12/04 08:23:55:
2014/12/04 08:23:55: MasterKey Key Entry ... OK
2014/12/04 08:23:55: PowerON Counter Key Entry ... OK
2014/12/04 08:23:56: Key Entry ... OK
2014/12/04 08:23:56: Complete.
2014/12/04 08:23:56: COM PORT CLOSE ... OK
2014/12/04 08:23:56: 
2014/12/04 08:23:56: ==== Processing was completed ====
2014/12/04 08:23:56: 
*************************************************


*********** Start the Initialize Key Check **********
2014/12/04 08:27:18: Tool Ver: 2013.0605.01
2014/12/04 08:27:18: COM PORT OPEN ... OK
2014/12/04 08:27:18:
2014/12/04 08:27:18: ProductS/N:  VRW06A114Z00249
2014/12/04 08:27:18: TID: 860418173AE62080
2014/12/04 08:27:18: F/W Version: 00.00.08
2014/12/04 08:27:18:
2014/12/04 08:27:18: MasterKey Key Entry ... OK
2014/12/04 08:27:18: PowerON Counter Key Entry ... OK
2014/12/04 08:27:19: Key Entry ... OK
2014/12/04 08:27:19: Complete.
2014/12/04 08:27:19: COM PORT CLOSE ... OK
2014/12/04 08:27:19: 
2014/12/04 08:27:19: ==== Processing was completed ====
2014/12/04 08:27:19: 
*************************************************


*********** Start the Initialize Key Check **********
2014/12/04 08:29:45: Tool Ver: 2013.0605.01
2014/12/04 08:29:45: COM PORT OPEN ... OK
2014/12/04 08:29:45:
2014/12/04 08:29:45: ProductS/N:  VRW06A114Z00233
2014/12/04 08:29:45: TID: 8604242522E62080
2014/12/04 08:29:45: F/W Version: 00.00.08
2014/12/04 08:29:45:
2014/12/04 08:29:45: MasterKey Key Entry ... OK
2014/12/04 08:29:45: PowerON Counter Key Entry ... OK
2014/12/04 08:29:46: Key Entry ... OK
2014/12/04 08:29:46: Complete.
2014/12/04 08:29:46: COM PORT CLOSE ... OK
2014/12/04 08:29:46: 
2014/12/04 08:29:46: ==== Processing was completed ====
2014/12/04 08:29:46: 
*************************************************


*********** Start the Initialize Key Check **********
2014/12/04 08:32:01: Tool Ver: 2013.0605.01
2014/12/04 08:32:01: COM PORT OPEN ... OK
2014/12/04 08:32:01:
2014/12/04 08:32:01: ProductS/N:  VRW06A114Z00031
2014/12/04 08:32:01: TID: 86041B2E3AE62080
2014/12/04 08:32:01: F/W Version: 00.00.08
2014/12/04 08:32:01:
2014/12/04 08:32:01: MasterKey Key Entry ... OK
2014/12/04 08:32:01: PowerON Counter Key Entry ... OK
2014/12/04 08:32:02: Key Entry ... OK
2014/12/04 08:32:02: Complete.
2014/12/04 08:32:02: COM PORT CLOSE ... OK
2014/12/04 08:32:02: 
2014/12/04 08:32:02: ==== Processing was completed ====
2014/12/04 08:32:02: 
*************************************************


*********** Start the Initialize Key Check **********
2014/12/04 08:42:17: Tool Ver: 2013.0605.01
2014/12/04 08:42:17: COM PORT OPEN ... OK
2014/12/04 08:42:17:
2014/12/04 08:42:17: ProductS/N:  VRW06A114Z00229
2014/12/04 08:42:18: TID: 860435263AE62080
2014/12/04 08:42:18: F/W Version: 00.00.08
2014/12/04 08:42:18:
2014/12/04 08:42:18: MasterKey Key Entry ... OK
2014/12/04 08:42:18: PowerON Counter Key Entry ... OK
2014/12/04 08:42:18: Key Entry ... OK
2014/12/04 08:42:18: Complete.
2014/12/04 08:42:18: COM PORT CLOSE ... OK
2014/12/04 08:42:18: 
2014/12/04 08:42:18: ==== Processing was completed ====
2014/12/04 08:42:18: 
*************************************************


*********** Start the Initialize Key Check **********
2014/12/04 08:53:58: Tool Ver: 2013.0605.01
2014/12/04 08:53:58: COM PORT OPEN ... OK
2014/12/04 08:53:58:
2014/12/04 08:53:58: ProductS/N:  VRW06A114Z00250
2014/12/04 08:53:58: TID: 86042F3BCAE52080
2014/12/04 08:53:58: F/W Version: 00.00.08
2014/12/04 08:53:58:
2014/12/04 08:53:58: MasterKey Key Entry ... OK
2014/12/04 08:53:58: PowerON Counter Key Entry ... OK
2014/12/04 08:53:59: Key Entry ... OK
2014/12/04 08:53:59: Complete.
2014/12/04 08:53:59: COM PORT CLOSE ... OK
2014/12/04 08:53:59: 
2014/12/04 08:53:59: ==== Processing was completed ====
2014/12/04 08:53:59: 
*************************************************


*********** Start the Initialize Key Check **********
2014/12/04 08:55:28: Tool Ver: 2013.0605.01
2014/12/04 08:55:28: COM PORT OPEN ... OK
2014/12/04 08:55:28:
2014/12/04 08:55:28: ProductS/N:  VRW06A114Z00217
2014/12/04 08:55:28: TID: 86042038CAE52080
2014/12/04 08:55:28: F/W Version: 00.00.08
2014/12/04 08:55:28:
2014/12/04 08:55:28: MasterKey Key Entry ... OK
2014/12/04 08:55:28: PowerON Counter Key Entry ... OK
2014/12/04 08:55:29: Key Entry ... OK
2014/12/04 08:55:29: Complete.
2014/12/04 08:55:29: COM PORT CLOSE ... OK
2014/12/04 08:55:29: 
2014/12/04 08:55:29: ==== Processing was completed ====
2014/12/04 08:55:29: 
*************************************************


*********** Start the Initialize Key Check **********
2014/12/04 08:57:45: Tool Ver: 2013.0605.01
2014/12/04 08:57:45: COM PORT OPEN ... OK
2014/12/04 08:57:45:
2014/12/04 08:57:45: ProductS/N:  VRW06A114Z00248
2014/12/04 08:57:46: TID: 86042D3FCAE52080
2014/12/04 08:57:46: F/W Version: 00.00.08
2014/12/04 08:57:46:
2014/12/04 08:57:46: MasterKey Key Entry ... OK
2014/12/04 08:57:46: PowerON Counter Key Entry ... OK
2014/12/04 08:57:46: Key Entry ... OK
2014/12/04 08:57:46: Complete.
2014/12/04 08:57:46: COM PORT CLOSE ... OK
2014/12/04 08:57:46: 
2014/12/04 08:57:46: ==== Processing was completed ====
2014/12/04 08:57:46: 
*************************************************


*********** Start the Initialize Key Check **********
2014/12/04 08:58:58: Tool Ver: 2013.0605.01
2014/12/04 08:58:58: COM PORT OPEN ... OK
2014/12/04 08:58:58:
2014/12/04 08:58:58: ProductS/N:  VRW06A114Z00243
2014/12/04 08:58:58: TID: 86040D2222E62080
2014/12/04 08:58:58: F/W Version: 00.00.08
2014/12/04 08:58:58:
2014/12/04 08:58:58: MasterKey Key Entry ... OK
2014/12/04 08:58:58: PowerON Counter Key Entry ... OK
2014/12/04 08:58:59: Key Entry ... OK
2014/12/04 08:58:59: Complete.
2014/12/04 08:58:59: COM PORT CLOSE ... OK
2014/12/04 08:58:59: 
2014/12/04 08:58:59: ==== Processing was completed ====
2014/12/04 08:58:59: 
*************************************************


*********** Start the Initialize Key Check **********
2014/12/04 09:02:13: Tool Ver: 2013.0605.01
2014/12/04 09:02:13: COM PORT OPEN ... OK
2014/12/04 09:02:13:
2014/12/04 09:02:13: ProductS/N:  VRW06A114Z00215
2014/12/04 09:02:13: TID: 86041F41CAE52080
2014/12/04 09:02:13: F/W Version: 00.00.08
2014/12/04 09:02:13:
2014/12/04 09:02:13: MasterKey Key Entry ... OK
2014/12/04 09:02:13: PowerON Counter Key Entry ... OK
2014/12/04 09:02:13: Key Entry ... OK
2014/12/04 09:02:13: Complete.
2014/12/04 09:02:13: COM PORT CLOSE ... OK
2014/12/04 09:02:13: 
2014/12/04 09:02:13: ==== Processing was completed ====
2014/12/04 09:02:13: 
*************************************************


*********** Start the Initialize Key Check **********
2014/12/04 09:04:09: Tool Ver: 2013.0605.01
2014/12/04 09:04:09: COM PORT OPEN ... OK
2014/12/04 09:04:09:
2014/12/04 09:04:09: ProductS/N:  VRW06A114Z00256
2014/12/04 09:04:09: TID: 86043140CAE52080
2014/12/04 09:04:09: F/W Version: 00.00.08
2014/12/04 09:04:09:
2014/12/04 09:04:09: MasterKey Key Entry ... OK
2014/12/04 09:04:09: PowerON Counter Key Entry ... OK
2014/12/04 09:04:09: Key Entry ... OK
2014/12/04 09:04:09: Complete.
2014/12/04 09:04:09: COM PORT CLOSE ... OK
2014/12/04 09:04:09: 
2014/12/04 09:04:09: ==== Processing was completed ====
2014/12/04 09:04:09: 
*************************************************


*********** Start the Initialize Key Check **********
2014/12/04 09:05:53: Tool Ver: 2013.0605.01
2014/12/04 09:05:53: COM PORT OPEN ... OK
2014/12/04 09:05:53:
2014/12/04 09:05:53: ProductS/N:  VRW06A114Z00253
2014/12/04 09:05:53: TID: 86041C263AE62080
2014/12/04 09:05:53: F/W Version: 00.00.08
2014/12/04 09:05:53:
2014/12/04 09:05:53: MasterKey Key Entry ... OK
2014/12/04 09:05:53: PowerON Counter Key Entry ... OK
2014/12/04 09:05:54: Key Entry ... OK
2014/12/04 09:05:54: Complete.
2014/12/04 09:05:54: COM PORT CLOSE ... OK
2014/12/04 09:05:54: 
2014/12/04 09:05:54: ==== Processing was completed ====
2014/12/04 09:05:54: 
*************************************************


*********** Start the Initialize Key Check **********
2014/12/04 09:30:21: Tool Ver: 2013.0605.01
2014/12/04 09:30:21: COM PORT OPEN ... OK
2014/12/04 09:30:21:
2014/12/04 09:30:21: ProductS/N:  VRW06A114Z00211
2014/12/04 09:30:21: TID: 86042B38CAE52080
2014/12/04 09:30:21: F/W Version: 00.00.08
2014/12/04 09:30:21:
2014/12/04 09:30:21: MasterKey Key Entry ... OK
2014/12/04 09:30:21: PowerON Counter Key Entry ... OK
2014/12/04 09:30:22: Key Entry ... OK
2014/12/04 09:30:22: Complete.
2014/12/04 09:30:22: COM PORT CLOSE ... OK
2014/12/04 09:30:22: 
2014/12/04 09:30:22: ==== Processing was completed ====
2014/12/04 09:30:22: 
*************************************************


*********** Start the Initialize Key Check **********
2014/12/04 09:32:01: Tool Ver: 2013.0605.01
2014/12/04 09:32:01: COM PORT OPEN ... OK
2014/12/04 09:32:01:
2014/12/04 09:32:01: ProductS/N:  VRW06A114Z00228
2014/12/04 09:32:01: TID: 86040C2322E62080
2014/12/04 09:32:01: F/W Version: 00.00.08
2014/12/04 09:32:01:
2014/12/04 09:32:01: MasterKey Key Entry ... OK
2014/12/04 09:32:01: PowerON Counter Key Entry ... OK
2014/12/04 09:32:01: Key Entry ... OK
2014/12/04 09:32:01: Complete.
2014/12/04 09:32:01: COM PORT CLOSE ... OK
2014/12/04 09:32:01: 
2014/12/04 09:32:01: ==== Processing was completed ====
2014/12/04 09:32:01: 
*************************************************


*********** Start the Initialize Key Check **********
2014/12/04 10:54:32: Tool Ver: 2013.0605.01
2014/12/04 10:54:32: COM PORT OPEN ... OK
2014/12/04 10:54:32:
2014/12/04 10:54:32: ProductS/N:  VRW06A114Z00254
2014/12/04 10:54:32: TID: 86041F11D2E52080
2014/12/04 10:54:32: F/W Version: 00.00.08
2014/12/04 10:54:32:
2014/12/04 10:54:32: MasterKey Key Entry ... OK
2014/12/04 10:54:32: PowerON Counter Key Entry ... OK
2014/12/04 10:54:33: Key Entry ... OK
2014/12/04 10:54:33: Complete.
2014/12/04 10:54:33: COM PORT CLOSE ... OK
2014/12/04 10:54:33: 
2014/12/04 10:54:33: ==== Processing was completed ====
2014/12/04 10:54:33: 
*************************************************


*********** Start the Initialize Key Check **********
2014/12/04 10:56:42: Tool Ver: 2013.0605.01
2014/12/04 10:56:42: COM PORT OPEN ... OK
2014/12/04 10:56:42:
2014/12/04 10:56:42: ProductS/N:  VRW06A114Z00257
2014/12/04 10:56:42: TID: 8604303BCAE52080
2014/12/04 10:56:42: F/W Version: 00.00.08
2014/12/04 10:56:42:
2014/12/04 10:56:42: MasterKey Key Entry ... OK
2014/12/04 10:56:43: PowerON Counter Key Entry ... OK
2014/12/04 10:56:43: Key Entry ... OK
2014/12/04 10:56:43: Complete.
2014/12/04 10:56:43: COM PORT CLOSE ... OK
2014/12/04 10:56:43: 
2014/12/04 10:56:43: ==== Processing was completed ====
2014/12/04 10:56:43: 
*************************************************


*********** Start the Initialize Key Check **********
2014/12/04 10:59:02: Tool Ver: 2013.0605.01
2014/12/04 10:59:02: COM PORT OPEN ... OK
2014/12/04 10:59:02:
2014/12/04 10:59:02: ProductS/N:  VRW06A114Z00251
2014/12/04 10:59:02: TID: 860427263AE62080
2014/12/04 10:59:02: F/W Version: 00.00.08
2014/12/04 10:59:02:
2014/12/04 10:59:02: MasterKey Key Entry ... OK
2014/12/04 10:59:02: PowerON Counter Key Entry ... OK
2014/12/04 10:59:02: Key Entry ... OK
2014/12/04 10:59:02: Complete.
2014/12/04 10:59:02: COM PORT CLOSE ... OK
2014/12/04 10:59:02: 
2014/12/04 10:59:02: ==== Processing was completed ====
2014/12/04 10:59:02: 
*************************************************


*********** Start the Initialize Key Check **********
2014/12/04 11:01:02: Tool Ver: 2013.0605.01
2014/12/04 11:01:02: COM PORT OPEN ... OK
2014/12/04 11:01:02:
2014/12/04 11:01:02: ProductS/N:  VRW06A114Z00247
2014/12/04 11:01:03: TID: 860434263AE62080
2014/12/04 11:01:03: F/W Version: 00.00.08
2014/12/04 11:01:03:
2014/12/04 11:01:03: MasterKey Key Entry ... OK
2014/12/04 11:01:03: PowerON Counter Key Entry ... OK
2014/12/04 11:01:03: Key Entry ... OK
2014/12/04 11:01:03: Complete.
2014/12/04 11:01:03: COM PORT CLOSE ... OK
2014/12/04 11:01:03: 
2014/12/04 11:01:03: ==== Processing was completed ====
2014/12/04 11:01:03: 
*************************************************


*********** Start the Initialize Key Check **********
2014/12/04 11:05:17: Tool Ver: 2013.0605.01
2014/12/04 11:05:17: COM PORT OPEN ... OK
2014/12/04 11:05:17:
2014/12/04 11:05:17: ProductS/N:  VRW06A114Z00260
2014/12/04 11:05:17: TID: 8604181032E62080
2014/12/04 11:05:17: F/W Version: 00.00.08
2014/12/04 11:05:17:
2014/12/04 11:05:17: MasterKey Key Entry ... OK
2014/12/04 11:05:17: PowerON Counter Key Entry ... OK
2014/12/04 11:05:18: Key Entry ... OK
2014/12/04 11:05:18: Complete.
2014/12/04 11:05:18: COM PORT CLOSE ... OK
2014/12/04 11:05:18: 
2014/12/04 11:05:18: ==== Processing was completed ====
2014/12/04 11:05:18: 
*************************************************


*********** Start the Initialize Key Check **********
2014/12/04 11:07:03: Tool Ver: 2013.0605.01
2014/12/04 11:07:03: COM PORT OPEN ... OK
2014/12/04 11:07:03:
2014/12/04 11:07:03: ProductS/N:  VRW06A114Z00266
2014/12/04 11:07:03: TID: 86040B173AE62080
2014/12/04 11:07:03: F/W Version: 00.00.08
2014/12/04 11:07:03:
2014/12/04 11:07:03: MasterKey Key Entry ... OK
2014/12/04 11:07:03: PowerON Counter Key Entry ... OK
2014/12/04 11:07:04: Key Entry ... OK
2014/12/04 11:07:04: Complete.
2014/12/04 11:07:04: COM PORT CLOSE ... OK
2014/12/04 11:07:04: 
2014/12/04 11:07:04: ==== Processing was completed ====
2014/12/04 11:07:04: 
*************************************************


*********** Start the Initialize Key Check **********
2014/12/04 11:08:54: Tool Ver: 2013.0605.01
2014/12/04 11:08:54: COM PORT OPEN ... OK
2014/12/04 11:08:54:
2014/12/04 11:08:54: ProductS/N:  VRW06A114Z00255
2014/12/04 11:08:54: TID: 860436143AE62080
2014/12/04 11:08:54: F/W Version: 00.00.08
2014/12/04 11:08:54:
2014/12/04 11:08:54: MasterKey Key Entry ... OK
2014/12/04 11:08:54: PowerON Counter Key Entry ... OK
2014/12/04 11:08:55: Key Entry ... OK
2014/12/04 11:08:55: Complete.
2014/12/04 11:08:55: COM PORT CLOSE ... OK
2014/12/04 11:08:55: 
2014/12/04 11:08:55: ==== Processing was completed ====
2014/12/04 11:08:55: 
*************************************************


*********** Start the Initialize Key Check **********
2014/12/04 11:11:05: Tool Ver: 2013.0605.01
2014/12/04 11:11:05: COM PORT OPEN ... OK
2014/12/04 11:11:05:
2014/12/04 11:11:05: ProductS/N:  VRW06A114Z00268
2014/12/04 11:11:05: TID: 860439113AE62080
2014/12/04 11:11:05: F/W Version: 00.00.08
2014/12/04 11:11:05:
2014/12/04 11:11:05: MasterKey Key Entry ... OK
2014/12/04 11:11:05: PowerON Counter Key Entry ... OK
2014/12/04 11:11:06: Key Entry ... OK
2014/12/04 11:11:06: Complete.
2014/12/04 11:11:06: COM PORT CLOSE ... OK
2014/12/04 11:11:06: 
2014/12/04 11:11:06: ==== Processing was completed ====
2014/12/04 11:11:06: 
*************************************************


*********** Start the Initialize Key Check **********
2014/12/04 12:52:26: Tool Ver: 2013.0605.01
2014/12/04 12:52:26: COM PORT OPEN ... OK
2014/12/04 12:52:26:
2014/12/04 12:52:26: ProductS/N:  VRW06A114Z00275
2014/12/04 12:52:26: TID: 860412113AE62080
2014/12/04 12:52:26: F/W Version: 00.00.08
2014/12/04 12:52:26:
2014/12/04 12:52:26: MasterKey Key Entry ... OK
2014/12/04 12:52:27: PowerON Counter Key Entry ... OK
2014/12/04 12:52:27: Key Entry ... OK
2014/12/04 12:52:27: Complete.
2014/12/04 12:52:27: COM PORT CLOSE ... OK
2014/12/04 12:52:27: 
2014/12/04 12:52:27: ==== Processing was completed ====
2014/12/04 12:52:27: 
*************************************************


*********** Start the Initialize Key Check **********
2014/12/04 12:54:59: Tool Ver: 2013.0605.01
2014/12/04 12:54:59: COM PORT OPEN ... OK
2014/12/04 12:54:59:
2014/12/04 12:54:59: ProductS/N:  VRW06A114Z00241
2014/12/04 12:54:59: TID: 860413113AE62080
2014/12/04 12:54:59: F/W Version: 00.00.08
2014/12/04 12:54:59:
2014/12/04 12:54:59: MasterKey Key Entry ... OK
2014/12/04 12:54:59: PowerON Counter Key Entry ... OK
2014/12/04 12:54:59: Key Entry ... OK
2014/12/04 12:54:59: Complete.
2014/12/04 12:54:59: COM PORT CLOSE ... OK
2014/12/04 12:54:59: 
2014/12/04 12:54:59: ==== Processing was completed ====
2014/12/04 12:54:59: 
*************************************************


*********** Start the Initialize Key Check **********
2014/12/04 12:57:44: Tool Ver: 2013.0605.01
2014/12/04 12:57:44: COM PORT OPEN ... OK
2014/12/04 12:57:44:
2014/12/04 12:57:44: ProductS/N:  VRW06A114Z00269
2014/12/04 12:57:44: TID: 86043F173AE62080
2014/12/04 12:57:44: F/W Version: 00.00.08
2014/12/04 12:57:44:
2014/12/04 12:57:44: MasterKey Key Entry ... OK
2014/12/04 12:57:44: PowerON Counter Key Entry ... OK
2014/12/04 12:57:44: Key Entry ... OK
2014/12/04 12:57:44: Complete.
2014/12/04 12:57:44: COM PORT CLOSE ... OK
2014/12/04 12:57:44: 
2014/12/04 12:57:44: ==== Processing was completed ====
2014/12/04 12:57:44: 
*************************************************


*********** Start the Initialize Key Check **********
2014/12/04 13:01:40: Tool Ver: 2013.0605.01
2014/12/04 13:01:40: COM PORT OPEN ... OK
2014/12/04 13:01:40:
2014/12/04 13:01:40: ProductS/N:  VRW06A114Z00274
2014/12/04 13:01:40: TID: 86043A263AE62080
2014/12/04 13:01:40: F/W Version: 00.00.08
2014/12/04 13:01:40:
2014/12/04 13:01:40: MasterKey Key Entry ... OK
2014/12/04 13:01:40: PowerON Counter Key Entry ... OK
2014/12/04 13:01:41: Key Entry ... OK
2014/12/04 13:01:41: Complete.
2014/12/04 13:01:41: COM PORT CLOSE ... OK
2014/12/04 13:01:41: 
2014/12/04 13:01:41: ==== Processing was completed ====
2014/12/04 13:01:41: 
*************************************************


*********** Start the Initialize Key Check **********
2014/12/04 13:04:46: Tool Ver: 2013.0605.01
2014/12/04 13:04:46: COM PORT OPEN ... OK
2014/12/04 13:04:46:
2014/12/04 13:04:46: ProductS/N:  VRW06A114Z00282
2014/12/04 13:04:46: TID: 860420133AE62080
2014/12/04 13:04:46: F/W Version: 00.00.08
2014/12/04 13:04:46:
2014/12/04 13:04:46: MasterKey Key Entry ... OK
2014/12/04 13:04:46: PowerON Counter Key Entry ... OK
2014/12/04 13:04:47: Key Entry ... OK
2014/12/04 13:04:47: Complete.
2014/12/04 13:04:47: COM PORT CLOSE ... OK
2014/12/04 13:04:47: 
2014/12/04 13:04:47: ==== Processing was completed ====
2014/12/04 13:04:47: 
*************************************************


*********** Start the Initialize Key Check **********
2014/12/04 13:15:05: Tool Ver: 2013.0605.01
2014/12/04 13:15:05: COM PORT OPEN ... OK
2014/12/04 13:15:06:
2014/12/04 13:15:06: ProductS/N:  6A114Z00279
2014/12/04 13:15:06: TID: 860421133AE62080
2014/12/04 13:15:06: F/W Version: 00.00.08
2014/12/04 13:15:06:
2014/12/04 13:15:06: MasterKey Key Entry ... OK
2014/12/04 13:15:06: PowerON Counter Key Entry ... OK
2014/12/04 13:15:06: Key Entry ... OK
2014/12/04 13:15:06: Complete.
2014/12/04 13:15:06: COM PORT CLOSE ... OK
2014/12/04 13:15:06: 
2014/12/04 13:15:06: ==== Processing was completed ====
2014/12/04 13:15:06: 
*************************************************


*********** Start the Initialize Key Check **********
2014/12/04 13:18:09: Tool Ver: 2013.0605.01
2014/12/04 13:18:09: COM PORT OPEN ... OK
2014/12/04 13:18:09:
2014/12/04 13:18:09: ProductS/N:  VRW06A114Z00267
2014/12/04 13:18:09: TID: 86040A173AE62080
2014/12/04 13:18:09: F/W Version: 00.00.08
2014/12/04 13:18:09:
2014/12/04 13:18:09: MasterKey Key Entry ... OK
2014/12/04 13:18:09: PowerON Counter Key Entry ... OK
2014/12/04 13:18:10: Key Entry ... OK
2014/12/04 13:18:10: Complete.
2014/12/04 13:18:10: COM PORT CLOSE ... OK
2014/12/04 13:18:10: 
2014/12/04 13:18:10: ==== Processing was completed ====
2014/12/04 13:18:10: 
*************************************************


*********** Start the Initialize Key Check **********
2014/12/04 13:23:56: Tool Ver: 2013.0605.01
2014/12/04 13:23:56: COM PORT OPEN ... OK
2014/12/04 13:23:56:
2014/12/04 13:23:56: ProductS/N:  VRW06A114Z00278
2014/12/04 13:23:56: TID: 860436103AE62080
2014/12/04 13:23:56: F/W Version: 00.00.08
2014/12/04 13:23:56:
2014/12/04 13:23:56: MasterKey Key Entry ... OK
2014/12/04 13:23:56: PowerON Counter Key Entry ... OK
2014/12/04 13:23:57: Key Entry ... OK
2014/12/04 13:23:57: Complete.
2014/12/04 13:23:57: COM PORT CLOSE ... OK
2014/12/04 13:23:57: 
2014/12/04 13:23:57: ==== Processing was completed ====
2014/12/04 13:23:57: 
*************************************************


*********** Start the Initialize Key Check **********
2014/12/04 13:42:56: Tool Ver: 2013.0605.01
2014/12/04 13:42:56: COM PORT OPEN ... OK
2014/12/04 13:42:56:
2014/12/04 13:42:56: ProductS/N:  VRW06A114Z00280
2014/12/04 13:42:56: TID: 86042D143AE62080
2014/12/04 13:42:56: F/W Version: 00.00.08
2014/12/04 13:42:56:
2014/12/04 13:42:56: MasterKey Key Entry ... OK
2014/12/04 13:42:56: PowerON Counter Key Entry ... OK
2014/12/04 13:42:57: Key Entry ... OK
2014/12/04 13:42:57: Complete.
2014/12/04 13:42:57: COM PORT CLOSE ... OK
2014/12/04 13:42:57: 
2014/12/04 13:42:57: ==== Processing was completed ====
2014/12/04 13:42:57: 
*************************************************


*********** Start the Initialize Key Check **********
2014/12/04 13:46:07: Tool Ver: 2013.0605.01
2014/12/04 13:46:07: COM PORT OPEN ... OK
2014/12/04 13:46:07:
2014/12/04 13:46:07: ProductS/N:  VRW06A114Z00270
2014/12/04 13:46:07: TID: 8604022422E62080
2014/12/04 13:46:07: F/W Version: 00.00.08
2014/12/04 13:46:07:
2014/12/04 13:46:07: MasterKey Key Entry ... OK
2014/12/04 13:46:07: PowerON Counter Key Entry ... OK
2014/12/04 13:46:08: Key Entry ... OK
2014/12/04 13:46:08: Complete.
2014/12/04 13:46:08: COM PORT CLOSE ... OK
2014/12/04 13:46:08: 
2014/12/04 13:46:08: ==== Processing was completed ====
2014/12/04 13:46:08: 
*************************************************


*********** Start the Initialize Key Check **********
2014/12/04 13:48:13: Tool Ver: 2013.0605.01
2014/12/04 13:48:13: COM PORT OPEN ... OK
2014/12/04 13:48:13:
2014/12/04 13:48:13: ProductS/N:  VRW06A114Z00221
2014/12/04 13:48:13: TID: 8604332322E62080
2014/12/04 13:48:13: F/W Version: 00.00.08
2014/12/04 13:48:13:
2014/12/04 13:48:13: MasterKey Key Entry ... OK
2014/12/04 13:48:13: PowerON Counter Key Entry ... OK
2014/12/04 13:48:14: Key Entry ... OK
2014/12/04 13:48:14: Complete.
2014/12/04 13:48:14: COM PORT CLOSE ... OK
2014/12/04 13:48:14: 
2014/12/04 13:48:14: ==== Processing was completed ====
2014/12/04 13:48:14: 
*************************************************


*********** Start the Initialize Key Check **********
2014/12/04 13:50:31: Tool Ver: 2013.0605.01
2014/12/04 13:50:31: COM PORT OPEN ... OK
2014/12/04 13:50:31:
2014/12/04 13:50:31: ProductS/N:  VRW06A114Z00292
2014/12/04 13:50:31: TID: 86041F2322E62080
2014/12/04 13:50:31: F/W Version: 00.00.08
2014/12/04 13:50:31:
2014/12/04 13:50:31: MasterKey Key Entry ... OK
2014/12/04 13:50:31: PowerON Counter Key Entry ... OK
2014/12/04 13:50:32: Key Entry ... OK
2014/12/04 13:50:32: Complete.
2014/12/04 13:50:32: COM PORT CLOSE ... OK
2014/12/04 13:50:32: 
2014/12/04 13:50:32: ==== Processing was completed ====
2014/12/04 13:50:32: 
*************************************************


*********** Start the Initialize Key Check **********
2014/12/04 13:56:15: Tool Ver: 2013.0605.01
2014/12/04 13:56:15: COM PORT OPEN ... OK
2014/12/04 13:56:15:
2014/12/04 13:56:15: ProductS/N:  VRW06A114Z00277
2014/12/04 13:56:15: TID: 86041A103AE62080
2014/12/04 13:56:15: F/W Version: 00.00.08
2014/12/04 13:56:15:
2014/12/04 13:56:15: MasterKey Key Entry ... OK
2014/12/04 13:56:15: PowerON Counter Key Entry ... OK
2014/12/04 13:56:16: Key Entry ... OK
2014/12/04 13:56:16: Complete.
2014/12/04 13:56:16: COM PORT CLOSE ... OK
2014/12/04 13:56:16: 
2014/12/04 13:56:16: ==== Processing was completed ====
2014/12/04 13:56:16: 
*************************************************


*********** Start the Initialize Key Check **********
2014/12/04 13:58:31: Tool Ver: 2013.0605.01
2014/12/04 13:58:31: COM PORT OPEN ... OK
2014/12/04 13:58:31:
2014/12/04 13:58:31: ProductS/N:  VRW06A114Z00272
2014/12/04 13:58:31: TID: 86042F263AE62080
2014/12/04 13:58:31: F/W Version: 00.00.08
2014/12/04 13:58:31:
2014/12/04 13:58:31: MasterKey Key Entry ... OK
2014/12/04 13:58:31: PowerON Counter Key Entry ... OK
2014/12/04 13:58:31: Key Entry ... OK
2014/12/04 13:58:31: Complete.
2014/12/04 13:58:31: COM PORT CLOSE ... OK
2014/12/04 13:58:31: 
2014/12/04 13:58:31: ==== Processing was completed ====
2014/12/04 13:58:31: 
*************************************************


*********** Start the Initialize Key Check **********
2014/12/04 14:03:02: Tool Ver: 2013.0605.01
2014/12/04 14:03:02: COM PORT OPEN ... OK
2014/12/04 14:03:02:
2014/12/04 14:03:02: ProductS/N:  VRW06A114Z00294
2014/12/04 14:03:02: TID: 86042F3FCAE52080
2014/12/04 14:03:02: F/W Version: 00.00.08
2014/12/04 14:03:02:
2014/12/04 14:03:02: MasterKey Key Entry ... OK
2014/12/04 14:03:02: PowerON Counter Key Entry ... OK
2014/12/04 14:03:02: Key Entry ... OK
2014/12/04 14:03:02: Complete.
2014/12/04 14:03:02: COM PORT CLOSE ... OK
2014/12/04 14:03:02: 
2014/12/04 14:03:02: ==== Processing was completed ====
2014/12/04 14:03:02: 
*************************************************


*********** Start the Initialize Key Check **********
2014/12/04 14:07:05: Tool Ver: 2013.0605.01
2014/12/04 14:07:05: COM PORT OPEN ... OK
2014/12/04 14:07:05:
2014/12/04 14:07:05: ProductS/N:  VRW06A114Z00298
2014/12/04 14:07:05: TID: 86041A43CAE52080
2014/12/04 14:07:05: F/W Version: 00.00.08
2014/12/04 14:07:05:
2014/12/04 14:07:05: MasterKey Key Entry ... OK
2014/12/04 14:07:05: PowerON Counter Key Entry ... OK
2014/12/04 14:07:06: Key Entry ... OK
2014/12/04 14:07:06: Complete.
2014/12/04 14:07:06: COM PORT CLOSE ... OK
2014/12/04 14:07:06: 
2014/12/04 14:07:06: ==== Processing was completed ====
2014/12/04 14:07:06: 
*************************************************


*********** Start the Initialize Key Check **********
2014/12/04 14:16:07: Tool Ver: 2013.0605.01
2014/12/04 14:16:07: COM PORT OPEN ... OK
2014/12/04 14:16:07:
2014/12/04 14:16:07: ProductS/N:  VRW06A114Z00283
2014/12/04 14:16:07: TID: 860417163AE62080
2014/12/04 14:16:07: F/W Version: 00.00.08
2014/12/04 14:16:07:
2014/12/04 14:16:07: MasterKey Key Entry ... OK
2014/12/04 14:16:07: PowerON Counter Key Entry ... OK
2014/12/04 14:16:08: Key Entry ... OK
2014/12/04 14:16:08: Complete.
2014/12/04 14:16:08: COM PORT CLOSE ... OK
2014/12/04 14:16:08: 
2014/12/04 14:16:08: ==== Processing was completed ====
2014/12/04 14:16:08: 
*************************************************


*********** Start the Initialize Key Check **********
2014/12/04 14:34:32: Tool Ver: 2013.0605.01
2014/12/04 14:34:32: COM PORT OPEN ... OK
2014/12/04 14:34:32:
2014/12/04 14:34:32: ProductS/N:  VRW06A114Z00276
2014/12/04 14:34:32: TID: 860438143AE62080
2014/12/04 14:34:32: F/W Version: 00.00.08
2014/12/04 14:34:32:
2014/12/04 14:34:32: MasterKey Key Entry ... OK
2014/12/04 14:34:32: PowerON Counter Key Entry ... OK
2014/12/04 14:34:33: Key Entry ... OK
2014/12/04 14:34:33: Complete.
2014/12/04 14:34:33: COM PORT CLOSE ... OK
2014/12/04 14:34:33: 
2014/12/04 14:34:33: ==== Processing was completed ====
2014/12/04 14:34:33: 
*************************************************


*********** Start the Initialize Key Check **********
2014/12/04 14:36:13: Tool Ver: 2013.0605.01
2014/12/04 14:36:13: COM PORT OPEN ... OK
2014/12/04 14:36:13:
2014/12/04 14:36:13: ProductS/N:  VRW06A114Z00286
2014/12/04 14:36:13: TID: 86043A273AE62080
2014/12/04 14:36:13: F/W Version: 00.00.08
2014/12/04 14:36:13:
2014/12/04 14:36:13: MasterKey Key Entry ... OK
2014/12/04 14:36:13: PowerON Counter Key Entry ... OK
2014/12/04 14:36:14: Key Entry ... OK
2014/12/04 14:36:14: Complete.
2014/12/04 14:36:14: COM PORT CLOSE ... OK
2014/12/04 14:36:14: 
2014/12/04 14:36:14: ==== Processing was completed ====
2014/12/04 14:36:14: 
*************************************************


*********** Start the Initialize Key Check **********
2014/12/04 14:48:52: Tool Ver: 2013.0605.01
2014/12/04 14:48:52: COM PORT OPEN ... OK
2014/12/04 14:48:52:
2014/12/04 14:48:52: ProductS/N:  VRW06A114Z00240
2014/12/04 14:48:52: TID: 8604062122E62080
2014/12/04 14:48:52: F/W Version: 00.00.08
2014/12/04 14:48:52:
2014/12/04 14:48:52: MasterKey Key Entry ... OK
2014/12/04 14:48:52: PowerON Counter Key Entry ... OK
2014/12/04 14:48:52: Key Entry ... OK
2014/12/04 14:48:52: Complete.
2014/12/04 14:48:52: COM PORT CLOSE ... OK
2014/12/04 14:48:52: 
2014/12/04 14:48:52: ==== Processing was completed ====
2014/12/04 14:48:52: 
*************************************************


*********** Start the Initialize Key Check **********
2014/12/04 14:52:56: Tool Ver: 2013.0605.01
2014/12/04 14:52:56: COM PORT OPEN ... OK
2014/12/04 14:52:56:
2014/12/04 14:52:56: ProductS/N:  VRW06A114Z00295
2014/12/04 14:52:56: TID: 860423163AE62080
2014/12/04 14:52:56: F/W Version: 00.00.08
2014/12/04 14:52:56:
2014/12/04 14:52:56: MasterKey Key Entry ... OK
2014/12/04 14:52:56: PowerON Counter Key Entry ... OK
2014/12/04 14:52:56: Key Entry ... OK
2014/12/04 14:52:56: Complete.
2014/12/04 14:52:56: COM PORT CLOSE ... OK
2014/12/04 14:52:56: 
2014/12/04 14:52:56: ==== Processing was completed ====
2014/12/04 14:52:56: 
*************************************************


*********** Start the Initialize Key Check **********
2014/12/04 14:57:02: Tool Ver: 2013.0605.01
2014/12/04 14:57:02: COM PORT OPEN ... OK
2014/12/04 14:57:02:
2014/12/04 14:57:02: ProductS/N:  VRW06A114Z00231
2014/12/04 14:57:02: TID: 86042A38CAE52080
2014/12/04 14:57:02: F/W Version: 00.00.08
2014/12/04 14:57:02:
2014/12/04 14:57:02: MasterKey Key Entry ... OK
2014/12/04 14:57:02: PowerON Counter Key Entry ... OK
2014/12/04 14:57:03: Key Entry ... OK
2014/12/04 14:57:03: Complete.
2014/12/04 14:57:03: COM PORT CLOSE ... OK
2014/12/04 14:57:03: 
2014/12/04 14:57:03: ==== Processing was completed ====
2014/12/04 14:57:03: 
*************************************************


*********** Start the Initialize Key Check **********
2014/12/04 15:10:29: Tool Ver: 2013.0605.01
2014/12/04 15:10:29: COM PORT OPEN ... OK
2014/12/04 15:10:29:
2014/12/04 15:10:29: ProductS/N:  VRW06A114Z00287
2014/12/04 15:10:29: TID: 86040B2322E62080
2014/12/04 15:10:29: F/W Version: 00.00.08
2014/12/04 15:10:29:
2014/12/04 15:10:29: MasterKey Key Entry ... OK
2014/12/04 15:10:29: PowerON Counter Key Entry ... OK
2014/12/04 15:10:30: Key Entry ... OK
2014/12/04 15:10:30: Complete.
2014/12/04 15:10:30: COM PORT CLOSE ... OK
2014/12/04 15:10:30: 
2014/12/04 15:10:30: ==== Processing was completed ====
2014/12/04 15:10:30: 
*************************************************


*********** Start the Initialize Key Check **********
2014/12/04 15:12:57: Tool Ver: 2013.0605.01
2014/12/04 15:12:57: COM PORT OPEN ... OK
2014/12/04 15:12:57:
2014/12/04 15:12:57: ProductS/N:  VRW06A114Z00303
2014/12/04 15:12:57: TID: 86041A2522E62080
2014/12/04 15:12:57: F/W Version: 00.00.08
2014/12/04 15:12:57:
2014/12/04 15:12:57: MasterKey Key Entry ... OK
2014/12/04 15:12:57: PowerON Counter Key Entry ... OK
2014/12/04 15:12:58: Key Entry ... OK
2014/12/04 15:12:58: Complete.
2014/12/04 15:12:58: COM PORT CLOSE ... OK
2014/12/04 15:12:58: 
2014/12/04 15:12:58: ==== Processing was completed ====
2014/12/04 15:12:58: 
*************************************************


*********** Start the Initialize Key Check **********
2014/12/04 15:15:30: Tool Ver: 2013.0605.01
2014/12/04 15:15:30: COM PORT OPEN ... OK
2014/12/04 15:15:30:
2014/12/04 15:15:30: ProductS/N:  VRW06A114Z00301
2014/12/04 15:15:30: TID: 86041B2022E62080
2014/12/04 15:15:30: F/W Version: 00.00.08
2014/12/04 15:15:30:
2014/12/04 15:15:30: MasterKey Key Entry ... OK
2014/12/04 15:15:30: PowerON Counter Key Entry ... OK
2014/12/04 15:15:31: Key Entry ... OK
2014/12/04 15:15:31: Complete.
2014/12/04 15:15:31: COM PORT CLOSE ... OK
2014/12/04 15:15:31: 
2014/12/04 15:15:31: ==== Processing was completed ====
2014/12/04 15:15:31: 
*************************************************


*********** Start the Initialize Key Check **********
2014/12/04 15:17:52: Tool Ver: 2013.0605.01
2014/12/04 15:17:52: COM PORT OPEN ... OK
2014/12/04 15:17:52:
2014/12/04 15:17:52: ProductS/N:  VRW06A114Z00288
2014/12/04 15:17:52: TID: 860409233AE62080
2014/12/04 15:17:52: F/W Version: 00.00.08
2014/12/04 15:17:52:
2014/12/04 15:17:52: MasterKey Key Entry ... OK
2014/12/04 15:17:52: PowerON Counter Key Entry ... OK
2014/12/04 15:17:53: Key Entry ... OK
2014/12/04 15:17:53: Complete.
2014/12/04 15:17:53: COM PORT CLOSE ... OK
2014/12/04 15:17:53: 
2014/12/04 15:17:53: ==== Processing was completed ====
2014/12/04 15:17:53: 
*************************************************


*********** Start the Initialize Key Check **********
2014/12/04 15:20:39: Tool Ver: 2013.0605.01
2014/12/04 15:20:39: COM PORT OPEN ... OK
2014/12/04 15:20:39:
2014/12/04 15:20:39: ProductS/N:  VRW06A114Z00291
2014/12/04 15:20:39: TID: 86041B233AE62080
2014/12/04 15:20:39: F/W Version: 00.00.08
2014/12/04 15:20:39:
2014/12/04 15:20:39: MasterKey Key Entry ... OK
2014/12/04 15:20:39: PowerON Counter Key Entry ... OK
2014/12/04 15:20:40: Key Entry ... OK
2014/12/04 15:20:40: Complete.
2014/12/04 15:20:40: COM PORT CLOSE ... OK
2014/12/04 15:20:40: 
2014/12/04 15:20:40: ==== Processing was completed ====
2014/12/04 15:20:40: 
*************************************************


*********** Start the Initialize Key Check **********
2014/12/04 15:22:47: Tool Ver: 2013.0605.01
2014/12/04 15:22:47: COM PORT OPEN ... OK
2014/12/04 15:22:47:
2014/12/04 15:22:47: ProductS/N:  VRW06A114Z00281
2014/12/04 15:22:47: TID: 860435103AE62080
2014/12/04 15:22:47: F/W Version: 00.00.08
2014/12/04 15:22:47:
2014/12/04 15:22:47: MasterKey Key Entry ... OK
2014/12/04 15:22:47: PowerON Counter Key Entry ... OK
2014/12/04 15:22:48: Key Entry ... OK
2014/12/04 15:22:48: Complete.
2014/12/04 15:22:48: COM PORT CLOSE ... OK
2014/12/04 15:22:48: 
2014/12/04 15:22:48: ==== Processing was completed ====
2014/12/04 15:22:48: 
*************************************************


*********** Start the Initialize Key Check **********
2014/12/04 15:25:07: Tool Ver: 2013.0605.01
2014/12/04 15:25:07: COM PORT OPEN ... OK
2014/12/04 15:25:07:
2014/12/04 15:25:07: ProductS/N:  VRW06A114Z00306
2014/12/04 15:25:07: TID: 86040F2022E62080
2014/12/04 15:25:07: F/W Version: 00.00.08
2014/12/04 15:25:07:
2014/12/04 15:25:07: MasterKey Key Entry ... OK
2014/12/04 15:25:07: PowerON Counter Key Entry ... OK
2014/12/04 15:25:08: Key Entry ... OK
2014/12/04 15:25:08: Complete.
2014/12/04 15:25:08: COM PORT CLOSE ... OK
2014/12/04 15:25:08: 
2014/12/04 15:25:08: ==== Processing was completed ====
2014/12/04 15:25:08: 
*************************************************


*********** Start the Initialize Key Check **********
2014/12/04 15:31:23: Tool Ver: 2013.0605.01
2014/12/04 15:31:23: COM PORT OPEN ... OK
2014/12/04 15:31:23:
2014/12/04 15:31:23: ProductS/N:  VRW06A114Z00296
2014/12/04 15:31:23: TID: 8604323BCAE52080
2014/12/04 15:31:23: F/W Version: 00.00.08
2014/12/04 15:31:23:
2014/12/04 15:31:23: MasterKey Key Entry ... OK
2014/12/04 15:31:23: PowerON Counter Key Entry ... OK
2014/12/04 15:31:24: Key Entry ... OK
2014/12/04 15:31:24: Complete.
2014/12/04 15:31:24: COM PORT CLOSE ... OK
2014/12/04 15:31:24: 
2014/12/04 15:31:24: ==== Processing was completed ====
2014/12/04 15:31:24: 
*************************************************


*********** Start the Initialize Key Check **********
2014/12/04 15:32:58: Tool Ver: 2013.0605.01
2014/12/04 15:32:58: COM PORT OPEN ... OK
2014/12/04 15:32:58:
2014/12/04 15:32:58: ProductS/N:  VRW06A114Z00284
2014/12/04 15:32:58: TID: 860403283AE62080
2014/12/04 15:32:58: F/W Version: 00.00.08
2014/12/04 15:32:58:
2014/12/04 15:32:58: MasterKey Key Entry ... OK
2014/12/04 15:32:58: PowerON Counter Key Entry ... OK
2014/12/04 15:32:59: Key Entry ... OK
2014/12/04 15:32:59: Complete.
2014/12/04 15:32:59: COM PORT CLOSE ... OK
2014/12/04 15:32:59: 
2014/12/04 15:32:59: ==== Processing was completed ====
2014/12/04 15:32:59: 
*************************************************


*********** Start the Initialize Key Check **********
2014/12/04 15:41:04: Tool Ver: 2013.0605.01
2014/12/04 15:41:04: COM PORT OPEN ... OK
2014/12/04 15:41:04:
2014/12/04 15:41:04: ProductS/N:  VRW06A114Z00297
2014/12/04 15:41:04: TID: 86043C253AE62080
2014/12/04 15:41:04: F/W Version: 00.00.08
2014/12/04 15:41:04:
2014/12/04 15:41:04: MasterKey Key Entry ... OK
2014/12/04 15:41:04: PowerON Counter Key Entry ... OK
2014/12/04 15:41:05: Key Entry ... OK
2014/12/04 15:41:05: Complete.
2014/12/04 15:41:05: COM PORT CLOSE ... OK
2014/12/04 15:41:05: 
2014/12/04 15:41:05: ==== Processing was completed ====
2014/12/04 15:41:05: 
*************************************************


*********** Start the Initialize Key Check **********
2014/12/04 15:48:12: Tool Ver: 2013.0605.01
2014/12/04 15:48:12: COM PORT OPEN ... OK
2014/12/04 15:48:12:
2014/12/04 15:48:12: ProductS/N:  VRW06A114Z00315
2014/12/04 15:48:12: TID: 86042F1CD2E52080
2014/12/04 15:48:12: F/W Version: 00.00.08
2014/12/04 15:48:12:
2014/12/04 15:48:12: MasterKey Key Entry ... OK
2014/12/04 15:48:12: PowerON Counter Key Entry ... OK
2014/12/04 15:48:13: Key Entry ... OK
2014/12/04 15:48:13: Complete.
2014/12/04 15:48:13: COM PORT CLOSE ... OK
2014/12/04 15:48:13: 
2014/12/04 15:48:13: ==== Processing was completed ====
2014/12/04 15:48:13: 
*************************************************


*********** Start the Initialize Key Check **********
2014/12/04 15:52:02: Tool Ver: 2013.0605.01
2014/12/04 15:52:02: COM PORT OPEN ... OK
2014/12/04 15:52:02:
2014/12/04 15:52:02: ProductS/N:  VRW06A114Z00311
2014/12/04 15:52:02: TID: 860428263AE62080
2014/12/04 15:52:02: F/W Version: 00.00.08
2014/12/04 15:52:02:
2014/12/04 15:52:02: MasterKey Key Entry ... OK
2014/12/04 15:52:02: PowerON Counter Key Entry ... OK
2014/12/04 15:52:03: Key Entry ... OK
2014/12/04 15:52:03: Complete.
2014/12/04 15:52:03: COM PORT CLOSE ... OK
2014/12/04 15:52:03: 
2014/12/04 15:52:03: ==== Processing was completed ====
2014/12/04 15:52:03: 
*************************************************


*********** Start the Initialize Key Check **********
2014/12/04 16:01:31: Tool Ver: 2013.0605.01
2014/12/04 16:01:31: COM PORT OPEN ... OK
2014/12/04 16:01:31:
2014/12/04 16:01:31: ProductS/N:  VRW06A114Z00305
2014/12/04 16:01:31: TID: 860413203AE62080
2014/12/04 16:01:31: F/W Version: 00.00.08
2014/12/04 16:01:31:
2014/12/04 16:01:31: MasterKey Key Entry ... OK
2014/12/04 16:01:31: PowerON Counter Key Entry ... OK
2014/12/04 16:01:32: Key Entry ... OK
2014/12/04 16:01:32: Complete.
2014/12/04 16:01:32: COM PORT CLOSE ... OK
2014/12/04 16:01:32: 
2014/12/04 16:01:32: ==== Processing was completed ====
2014/12/04 16:01:32: 
*************************************************


*********** Start the Initialize Key Check **********
2014/12/04 16:03:18: Tool Ver: 2013.0605.01
2014/12/04 16:03:18: COM PORT OPEN ... OK
2014/12/04 16:03:18:
2014/12/04 16:03:18: ProductS/N:  VRW06A114Z00309
2014/12/04 16:03:19: TID: 860417293AE62080
2014/12/04 16:03:19: F/W Version: 00.00.08
2014/12/04 16:03:19:
2014/12/04 16:03:19: MasterKey Key Entry ... OK
2014/12/04 16:03:19: PowerON Counter Key Entry ... OK
2014/12/04 16:03:19: Key Entry ... OK
2014/12/04 16:03:19: Complete.
2014/12/04 16:03:19: COM PORT CLOSE ... OK
2014/12/04 16:03:19: 
2014/12/04 16:03:19: ==== Processing was completed ====
2014/12/04 16:03:19: 
*************************************************


*********** Start the Initialize Key Check **********
2014/12/04 16:05:01: Tool Ver: 2013.0605.01
2014/12/04 16:05:01: COM PORT OPEN ... OK
2014/12/04 16:05:01:
2014/12/04 16:05:01: ProductS/N:  VRW06A114Z00304
2014/12/04 16:05:01: TID: 8604252522E62080
2014/12/04 16:05:01: F/W Version: 00.00.08
2014/12/04 16:05:01:
2014/12/04 16:05:01: MasterKey Key Entry ... OK
2014/12/04 16:05:01: PowerON Counter Key Entry ... OK
2014/12/04 16:05:02: Key Entry ... OK
2014/12/04 16:05:02: Complete.
2014/12/04 16:05:02: COM PORT CLOSE ... OK
2014/12/04 16:05:02: 
2014/12/04 16:05:02: ==== Processing was completed ====
2014/12/04 16:05:02: 
*************************************************


*********** Start the Initialize Key Check **********
2014/12/04 16:15:25: Tool Ver: 2013.0605.01
2014/12/04 16:15:25: COM PORT OPEN ... OK
2014/12/04 16:15:25:
2014/12/04 16:15:25: ProductS/N:  VRW06A114Z00318
2014/12/04 16:15:25: TID: 86043736CAE52080
2014/12/04 16:15:25: F/W Version: 00.00.08
2014/12/04 16:15:25:
2014/12/04 16:15:25: MasterKey Key Entry ... OK
2014/12/04 16:15:25: PowerON Counter Key Entry ... OK
2014/12/04 16:15:26: Key Entry ... OK
2014/12/04 16:15:26: Complete.
2014/12/04 16:15:26: COM PORT CLOSE ... OK
2014/12/04 16:15:26: 
2014/12/04 16:15:26: ==== Processing was completed ====
2014/12/04 16:15:26: 
*************************************************


*********** Start the Initialize Key Check **********
2014/12/04 16:33:33: Tool Ver: 2013.0605.01
2014/12/04 16:33:33: COM PORT OPEN ... OK
2014/12/04 16:33:33:
2014/12/04 16:33:33: ProductS/N:  VRW06A114Z00299
2014/12/04 16:33:33: TID: 86040A2A3AE62080
2014/12/04 16:33:33: F/W Version: 00.00.08
2014/12/04 16:33:33:
2014/12/04 16:33:33: MasterKey Key Entry ... OK
2014/12/04 16:33:33: PowerON Counter Key Entry ... OK
2014/12/04 16:33:34: Key Entry ... OK
2014/12/04 16:33:34: Complete.
2014/12/04 16:33:34: COM PORT CLOSE ... OK
2014/12/04 16:33:34: 
2014/12/04 16:33:34: ==== Processing was completed ====
2014/12/04 16:33:34: 
*************************************************


*********** Start the Initialize Key Check **********
2014/12/04 16:36:00: Tool Ver: 2013.0605.01
2014/12/04 16:36:00: COM PORT OPEN ... OK
2014/12/04 16:36:01:
2014/12/04 16:36:01: ProductS/N:  VRW06A114Z00313
2014/12/04 16:36:01: TID: 8604362C3AE62080
2014/12/04 16:36:01: F/W Version: 00.00.08
2014/12/04 16:36:01:
2014/12/04 16:36:01: MasterKey Key Entry ... OK
2014/12/04 16:36:01: PowerON Counter Key Entry ... OK
2014/12/04 16:36:01: Key Entry ... OK
2014/12/04 16:36:01: Complete.
2014/12/04 16:36:01: COM PORT CLOSE ... OK
2014/12/04 16:36:01: 
2014/12/04 16:36:01: ==== Processing was completed ====
2014/12/04 16:36:01: 
*************************************************


*********** Start the Initialize Key Check **********
2014/12/04 16:38:06: Tool Ver: 2013.0605.01
2014/12/04 16:38:06: COM PORT OPEN ... OK
2014/12/04 16:38:06:
2014/12/04 16:38:06: ProductS/N:  VRW06A114Z00314
2014/12/04 16:38:06: TID: 86041616D2E52080
2014/12/04 16:38:06: F/W Version: 00.00.08
2014/12/04 16:38:06:
2014/12/04 16:38:06: MasterKey Key Entry ... OK
2014/12/04 16:38:06: PowerON Counter Key Entry ... OK
2014/12/04 16:38:07: Key Entry ... OK
2014/12/04 16:38:07: Complete.
2014/12/04 16:38:07: COM PORT CLOSE ... OK
2014/12/04 16:38:07: 
2014/12/04 16:38:07: ==== Processing was completed ====
2014/12/04 16:38:07: 
*************************************************


*********** Start the Initialize Key Check **********
2014/12/04 16:43:27: Tool Ver: 2013.0605.01
2014/12/04 16:43:27: COM PORT OPEN ... OK
2014/12/04 16:43:27:
2014/12/04 16:43:27: ProductS/N:  VRW06A114Z00317
2014/12/04 16:43:27: TID: 86043836CAE52080
2014/12/04 16:43:27: F/W Version: 00.00.08
2014/12/04 16:43:27:
2014/12/04 16:43:27: MasterKey Key Entry ... OK
2014/12/04 16:43:27: PowerON Counter Key Entry ... OK
2014/12/04 16:43:27: Key Entry ... OK
2014/12/04 16:43:27: Complete.
2014/12/04 16:43:27: COM PORT CLOSE ... OK
2014/12/04 16:43:27: 
2014/12/04 16:43:27: ==== Processing was completed ====
2014/12/04 16:43:27: 
*************************************************


*********** Start the Initialize Key Check **********
2014/12/04 16:45:07: Tool Ver: 2013.0605.01
2014/12/04 16:45:07: COM PORT OPEN ... OK
2014/12/04 16:45:07:
2014/12/04 16:45:07: ProductS/N:  VRW06A114Z00322
2014/12/04 16:45:07: TID: 8604161132E62080
2014/12/04 16:45:07: F/W Version: 00.00.08
2014/12/04 16:45:07:
2014/12/04 16:45:07: MasterKey Key Entry ... OK
2014/12/04 16:45:07: PowerON Counter Key Entry ... OK
2014/12/04 16:45:08: Key Entry ... OK
2014/12/04 16:45:08: Complete.
2014/12/04 16:45:08: COM PORT CLOSE ... OK
2014/12/04 16:45:08: 
2014/12/04 16:45:08: ==== Processing was completed ====
2014/12/04 16:45:08: 
*************************************************


*********** Start the Initialize Key Check **********
2014/12/04 16:47:03: Tool Ver: 2013.0605.01
2014/12/04 16:47:03: COM PORT OPEN ... OK
2014/12/04 16:47:03:
2014/12/04 16:47:03: ProductS/N:  VRW06A114Z00328
2014/12/04 16:47:03: TID: 8604102322E62080
2014/12/04 16:47:03: F/W Version: 00.00.08
2014/12/04 16:47:03:
2014/12/04 16:47:03: MasterKey Key Entry ... OK
2014/12/04 16:47:03: PowerON Counter Key Entry ... OK
2014/12/04 16:47:03: Key Entry ... OK
2014/12/04 16:47:03: Complete.
2014/12/04 16:47:03: COM PORT CLOSE ... OK
2014/12/04 16:47:03: 
2014/12/04 16:47:03: ==== Processing was completed ====
2014/12/04 16:47:03: 
*************************************************


*********** Start the Initialize Key Check **********
2014/12/04 16:48:45: Tool Ver: 2013.0605.01
2014/12/04 16:48:45: COM PORT OPEN ... OK
2014/12/04 16:48:45:
2014/12/04 16:48:45: ProductS/N:  VRW06A114Z00325
2014/12/04 16:48:46: TID: 8604222522E62080
2014/12/04 16:48:46: F/W Version: 00.00.08
2014/12/04 16:48:46:
2014/12/04 16:48:46: MasterKey Key Entry ... OK
2014/12/04 16:48:46: PowerON Counter Key Entry ... OK
2014/12/04 16:48:46: Key Entry ... OK
2014/12/04 16:48:46: Complete.
2014/12/04 16:48:46: COM PORT CLOSE ... OK
2014/12/04 16:48:46: 
2014/12/04 16:48:46: ==== Processing was completed ====
2014/12/04 16:48:46: 
*************************************************


*********** Start the Initialize Key Check **********
2014/12/04 17:36:15: Tool Ver: 2013.0605.01
2014/12/04 17:36:15: COM PORT OPEN ... OK
2014/12/04 17:36:15:
2014/12/04 17:36:15: ProductS/N:  VRW06A114Z00331
2014/12/04 17:36:15: TID: 86042C2022E62080
2014/12/04 17:36:15: F/W Version: 00.00.08
2014/12/04 17:36:15:
2014/12/04 17:36:15: MasterKey Key Entry ... OK
2014/12/04 17:36:15: PowerON Counter Key Entry ... OK
2014/12/04 17:36:16: Key Entry ... OK
2014/12/04 17:36:16: Complete.
2014/12/04 17:36:16: COM PORT CLOSE ... OK
2014/12/04 17:36:16: 
2014/12/04 17:36:16: ==== Processing was completed ====
2014/12/04 17:36:16: 
*************************************************


*********** Start the Initialize Key Check **********
2014/12/04 17:37:12: Tool Ver: 2013.0605.01
2014/12/04 17:37:12: COM PORT OPEN ... OK
2014/12/04 17:37:12:
2014/12/04 17:37:12: ProductS/N:  VRW06A114Z00323
2014/12/04 17:37:12: TID: 8604352422E62080
2014/12/04 17:37:12: F/W Version: 00.00.08
2014/12/04 17:37:12:
2014/12/04 17:37:12: MasterKey Key Entry ... OK
2014/12/04 17:37:12: PowerON Counter Key Entry ... OK
2014/12/04 17:37:13: Key Entry ... OK
2014/12/04 17:37:13: Complete.
2014/12/04 17:37:13: COM PORT CLOSE ... OK
2014/12/04 17:37:13: 
2014/12/04 17:37:13: ==== Processing was completed ====
2014/12/04 17:37:13: 
*************************************************


*********** Start the Initialize Key Check **********
2014/12/04 17:39:19: Tool Ver: 2013.0605.01
2014/12/04 17:39:19: COM PORT OPEN ... OK
2014/12/04 17:39:19:
2014/12/04 17:39:19: ProductS/N:  VRW06A114Z00321
2014/12/04 17:39:19: TID: 86042540CAE52080
2014/12/04 17:39:19: F/W Version: 00.00.08
2014/12/04 17:39:19:
2014/12/04 17:39:19: MasterKey Key Entry ... OK
2014/12/04 17:39:19: PowerON Counter Key Entry ... OK
2014/12/04 17:39:19: Key Entry ... OK
2014/12/04 17:39:19: Complete.
2014/12/04 17:39:19: COM PORT CLOSE ... OK
2014/12/04 17:39:19: 
2014/12/04 17:39:19: ==== Processing was completed ====
2014/12/04 17:39:19: 
*************************************************


*********** Start the Initialize Key Check **********
2014/12/04 17:51:47: Tool Ver: 2013.0605.01
2014/12/04 17:51:47: COM PORT OPEN ... OK
2014/12/04 17:51:47:
2014/12/04 17:51:47: ProductS/N:  VRW06A114Z00319
2014/12/04 17:51:47: TID: 8604331CD2E52080
2014/12/04 17:51:47: F/W Version: 00.00.08
2014/12/04 17:51:47:
2014/12/04 17:51:47: MasterKey Key Entry ... OK
2014/12/04 17:51:47: PowerON Counter Key Entry ... OK
2014/12/04 17:51:48: Key Entry ... OK
2014/12/04 17:51:48: Complete.
2014/12/04 17:51:48: COM PORT CLOSE ... OK
2014/12/04 17:51:48: 
2014/12/04 17:51:48: ==== Processing was completed ====
2014/12/04 17:51:48: 
*************************************************


*********** Start the Initialize Key Check **********
2014/12/04 17:53:50: Tool Ver: 2013.0605.01
2014/12/04 17:53:50: COM PORT OPEN ... OK
2014/12/04 17:53:50:
2014/12/04 17:53:50: ProductS/N:  VRW06A114Z00300
2014/12/04 17:53:50: TID: 8604353CCAE52080
2014/12/04 17:53:50: F/W Version: 00.00.08
2014/12/04 17:53:50:
2014/12/04 17:53:50: MasterKey Key Entry ... OK
2014/12/04 17:53:50: PowerON Counter Key Entry ... OK
2014/12/04 17:53:51: Key Entry ... OK
2014/12/04 17:53:51: Complete.
2014/12/04 17:53:51: COM PORT CLOSE ... OK
2014/12/04 17:53:51: 
2014/12/04 17:53:51: ==== Processing was completed ====
2014/12/04 17:53:51: 
*************************************************


*********** Start the Initialize Key Check **********
2014/12/04 17:57:26: Tool Ver: 2013.0605.01
2014/12/04 17:57:26: COM PORT OPEN ... OK
2014/12/04 17:57:26:
2014/12/04 17:57:26: ProductS/N:  VRW06A114Z00307
2014/12/04 17:57:26: TID: 8604392522E62080
2014/12/04 17:57:26: F/W Version: 00.00.08
2014/12/04 17:57:26:
2014/12/04 17:57:26: MasterKey Key Entry ... OK
2014/12/04 17:57:27: PowerON Counter Key Entry ... OK
2014/12/04 17:57:27: Key Entry ... OK
2014/12/04 17:57:27: Complete.
2014/12/04 17:57:27: COM PORT CLOSE ... OK
2014/12/04 17:57:27: 
2014/12/04 17:57:27: ==== Processing was completed ====
2014/12/04 17:57:27: 
*************************************************


*********** Start the Initialize Key Check **********
2014/12/04 18:00:13: Tool Ver: 2013.0605.01
2014/12/04 18:00:13: COM PORT OPEN ... OK
2014/12/04 18:00:13:
2014/12/04 18:00:13: ProductS/N:  VRW06A114Z00271
2014/12/04 18:00:13: TID: 8604072322E62080
2014/12/04 18:00:13: F/W Version: 00.00.08
2014/12/04 18:00:13:
2014/12/04 18:00:13: MasterKey Key Entry ... OK
2014/12/04 18:00:13: PowerON Counter Key Entry ... OK
2014/12/04 18:00:14: Key Entry ... OK
2014/12/04 18:00:14: Complete.
2014/12/04 18:00:14: COM PORT CLOSE ... OK
2014/12/04 18:00:14: 
2014/12/04 18:00:14: ==== Processing was completed ====
2014/12/04 18:00:14: 
*************************************************


*********** Start the Initialize Key Check **********
2014/12/04 18:01:56: Tool Ver: 2013.0605.01
2014/12/04 18:01:56: COM PORT OPEN ... OK
2014/12/04 18:01:57:
2014/12/04 18:01:57: ProductS/N:  VRW06A114Z00326
2014/12/04 18:01:57: TID: 8604212022E62080
2014/12/04 18:01:57: F/W Version: 00.00.08
2014/12/04 18:01:57:
2014/12/04 18:01:57: MasterKey Key Entry ... OK
2014/12/04 18:01:57: PowerON Counter Key Entry ... OK
2014/12/04 18:01:57: Key Entry ... OK
2014/12/04 18:01:57: Complete.
2014/12/04 18:01:57: COM PORT CLOSE ... OK
2014/12/04 18:01:57: 
2014/12/04 18:01:57: ==== Processing was completed ====
2014/12/04 18:01:57: 
*************************************************


*********** Start the Initialize Key Check **********
2014/12/04 18:10:05: Tool Ver: 2013.0605.01
2014/12/04 18:10:05: COM PORT OPEN ... OK
2014/12/04 18:10:06:
2014/12/04 18:10:06: ProductS/N:  VRW06A114Z00330
2014/12/04 18:10:06: TID: 8604192E3AE62080
2014/12/04 18:10:06: F/W Version: 00.00.08
2014/12/04 18:10:06:
2014/12/04 18:10:06: MasterKey Key Entry ... OK
2014/12/04 18:10:06: PowerON Counter Key Entry ... OK
2014/12/04 18:10:06: Key Entry ... OK
2014/12/04 18:10:06: Complete.
2014/12/04 18:10:06: COM PORT CLOSE ... OK
2014/12/04 18:10:06: 
2014/12/04 18:10:06: ==== Processing was completed ====
2014/12/04 18:10:06: 
*************************************************


*********** Start the Initialize Key Check **********
2014/12/04 18:11:49: Tool Ver: 2013.0605.01
2014/12/04 18:11:49: COM PORT OPEN ... OK
2014/12/04 18:11:49:
2014/12/04 18:11:49: ProductS/N:  VRW06A114Z00324
2014/12/04 18:11:49: TID: 86040D2322E62080
2014/12/04 18:11:49: F/W Version: 00.00.08
2014/12/04 18:11:49:
2014/12/04 18:11:49: MasterKey Key Entry ... OK
2014/12/04 18:11:49: PowerON Counter Key Entry ... OK
2014/12/04 18:11:50: Key Entry ... OK
2014/12/04 18:11:50: Complete.
2014/12/04 18:11:50: COM PORT CLOSE ... OK
2014/12/04 18:11:50: 
2014/12/04 18:11:50: ==== Processing was completed ====
2014/12/04 18:11:50: 
*************************************************


*********** Start the Initialize Key Check **********
2014/12/04 18:25:16: Tool Ver: 2013.0605.01
2014/12/04 18:25:16: COM PORT OPEN ... OK
2014/12/04 18:25:16:
2014/12/04 18:25:16: ProductS/N:  VRW06A114Z00308
2014/12/04 18:25:16: TID: 860433263AE62080
2014/12/04 18:25:16: F/W Version: 00.00.08
2014/12/04 18:25:16:
2014/12/04 18:25:16: MasterKey Key Entry ... OK
2014/12/04 18:25:16: PowerON Counter Key Entry ... OK
2014/12/04 18:25:17: Key Entry ... OK
2014/12/04 18:25:17: Complete.
2014/12/04 18:25:17: COM PORT CLOSE ... OK
2014/12/04 18:25:17: 
2014/12/04 18:25:17: ==== Processing was completed ====
2014/12/04 18:25:17: 
*************************************************


*********** Start the Initialize Key Check **********
2014/12/04 18:27:03: Tool Ver: 2013.0605.01
2014/12/04 18:27:03: COM PORT OPEN ... OK
2014/12/04 18:27:03:
2014/12/04 18:27:03: ProductS/N:  VRW06A114Z00327
2014/12/04 18:27:03: TID: 86042D2022E62080
2014/12/04 18:27:03: F/W Version: 00.00.08
2014/12/04 18:27:03:
2014/12/04 18:27:03: MasterKey Key Entry ... OK
2014/12/04 18:27:03: PowerON Counter Key Entry ... OK
2014/12/04 18:27:04: Key Entry ... OK
2014/12/04 18:27:04: Complete.
2014/12/04 18:27:04: COM PORT CLOSE ... OK
2014/12/04 18:27:04: 
2014/12/04 18:27:04: ==== Processing was completed ====
2014/12/04 18:27:04: 
*************************************************


*********** Start the Initialize Key Check **********
2014/12/04 18:28:57: Tool Ver: 2013.0605.01
2014/12/04 18:28:57: COM PORT OPEN ... OK
2014/12/04 18:28:57:
2014/12/04 18:28:57: ProductS/N:  VRW06A114Z00293
2014/12/04 18:28:57: TID: 860431293AE62080
2014/12/04 18:28:57: F/W Version: 00.00.08
2014/12/04 18:28:57:
2014/12/04 18:28:57: MasterKey Key Entry ... OK
2014/12/04 18:28:57: PowerON Counter Key Entry ... OK
2014/12/04 18:28:58: Key Entry ... OK
2014/12/04 18:28:58: Complete.
2014/12/04 18:28:58: COM PORT CLOSE ... OK
2014/12/04 18:28:58: 
2014/12/04 18:28:58: ==== Processing was completed ====
2014/12/04 18:28:58: 
*************************************************


*********** Start the Initialize Key Check **********
2014/12/04 18:30:53: Tool Ver: 2013.0605.01
2014/12/04 18:30:53: COM PORT OPEN ... OK
2014/12/04 18:30:53:
2014/12/04 18:30:53: ProductS/N:  VRW06A114Z00316
2014/12/04 18:30:53: TID: 86043019D2E52080
2014/12/04 18:30:53: F/W Version: 00.00.08
2014/12/04 18:30:53:
2014/12/04 18:30:53: MasterKey Key Entry ... OK
2014/12/04 18:30:53: PowerON Counter Key Entry ... OK
2014/12/04 18:30:53: Key Entry ... OK
2014/12/04 18:30:53: Complete.
2014/12/04 18:30:53: COM PORT CLOSE ... OK
2014/12/04 18:30:53: 
2014/12/04 18:30:53: ==== Processing was completed ====
2014/12/04 18:30:53: 
*************************************************


*********** Start the Initialize Key Check **********
2014/12/04 18:32:28: Tool Ver: 2013.0605.01
2014/12/04 18:32:28: COM PORT OPEN ... OK
2014/12/04 18:32:28:
2014/12/04 18:32:28: ProductS/N:  VRW06A114Z00340
2014/12/04 18:32:28: TID: 8604242D3AE62080
2014/12/04 18:32:28: F/W Version: 00.00.08
2014/12/04 18:32:28:
2014/12/04 18:32:28: MasterKey Key Entry ... OK
2014/12/04 18:32:28: PowerON Counter Key Entry ... OK
2014/12/04 18:32:29: Key Entry ... OK
2014/12/04 18:32:29: Complete.
2014/12/04 18:32:29: COM PORT CLOSE ... OK
2014/12/04 18:32:29: 
2014/12/04 18:32:29: ==== Processing was completed ====
2014/12/04 18:32:29: 
*************************************************


*********** Start the Initialize Key Check **********
2014/12/04 18:34:39: Tool Ver: 2013.0605.01
2014/12/04 18:34:39: COM PORT OPEN ... OK
2014/12/04 18:34:39:
2014/12/04 18:34:39: ProductS/N:  VRW06A114Z00332
2014/12/04 18:34:39: TID: 8604292B3AE62080
2014/12/04 18:34:39: F/W Version: 00.00.08
2014/12/04 18:34:39:
2014/12/04 18:34:39: MasterKey Key Entry ... OK
2014/12/04 18:34:39: PowerON Counter Key Entry ... OK
2014/12/04 18:34:40: Key Entry ... OK
2014/12/04 18:34:40: Complete.
2014/12/04 18:34:40: COM PORT CLOSE ... OK
2014/12/04 18:34:40: 
2014/12/04 18:34:40: ==== Processing was completed ====
2014/12/04 18:34:40: 
*************************************************


*********** Start the Initialize Key Check **********
2014/12/04 18:47:13: Tool Ver: 2013.0605.01
2014/12/04 18:47:13: COM PORT OPEN ... OK
2014/12/04 18:47:13:
2014/12/04 18:47:13: ProductS/N:  VRW06A114Z00338
2014/12/04 18:47:13: TID: 8604182122E62080
2014/12/04 18:47:13: F/W Version: 00.00.08
2014/12/04 18:47:13:
2014/12/04 18:47:13: MasterKey Key Entry ... OK
2014/12/04 18:47:13: PowerON Counter Key Entry ... OK
2014/12/04 18:47:13: Key Entry ... OK
2014/12/04 18:47:13: Complete.
2014/12/04 18:47:13: COM PORT CLOSE ... OK
2014/12/04 18:47:13: 
2014/12/04 18:47:13: ==== Processing was completed ====
2014/12/04 18:47:13: 
*************************************************


*********** Start the Initialize Key Check **********
2014/12/04 18:49:41: Tool Ver: 2013.0605.01
2014/12/04 18:49:41: COM PORT OPEN ... OK
2014/12/04 18:49:41:
2014/12/04 18:49:41: ProductS/N:  VRW06A114Z00342
2014/12/04 18:49:41: TID: 86041A173AE62080
2014/12/04 18:49:41: F/W Version: 00.00.08
2014/12/04 18:49:41:
2014/12/04 18:49:41: MasterKey Key Entry ... OK
2014/12/04 18:49:41: PowerON Counter Key Entry ... OK
2014/12/04 18:49:42: Key Entry ... OK
2014/12/04 18:49:42: Complete.
2014/12/04 18:49:42: COM PORT CLOSE ... OK
2014/12/04 18:49:42: 
2014/12/04 18:49:42: ==== Processing was completed ====
2014/12/04 18:49:42: 
*************************************************


*********** Start the Initialize Key Check **********
2014/12/04 18:52:37: Tool Ver: 2013.0605.01
2014/12/04 18:52:37: COM PORT OPEN ... OK
2014/12/04 18:52:37:
2014/12/04 18:52:37: ProductS/N:  VRW06A114Z00341
2014/12/04 18:52:37: TID: 86040D2022E62080
2014/12/04 18:52:37: F/W Version: 00.00.08
2014/12/04 18:52:37:
2014/12/04 18:52:37: MasterKey Key Entry ... OK
2014/12/04 18:52:37: PowerON Counter Key Entry ... OK
2014/12/04 18:52:37: Key Entry ... OK
2014/12/04 18:52:37: Complete.
2014/12/04 18:52:37: COM PORT CLOSE ... OK
2014/12/04 18:52:37: 
2014/12/04 18:52:37: ==== Processing was completed ====
2014/12/04 18:52:37: 
*************************************************


*********** Start the Initialize Key Check **********
2014/12/04 19:01:11: Tool Ver: 2013.0605.01
2014/12/04 19:01:11: COM PORT OPEN ... OK
2014/12/04 19:01:12:
2014/12/04 19:01:12: ProductS/N:  VRW06A114Z00344
2014/12/04 19:01:12: TID: 86043C2522E62080
2014/12/04 19:01:12: F/W Version: 00.00.08
2014/12/04 19:01:12:
2014/12/04 19:01:12: MasterKey Key Entry ... OK
2014/12/04 19:01:12: PowerON Counter Key Entry ... OK
2014/12/04 19:01:12: Key Entry ... OK
2014/12/04 19:01:12: Complete.
2014/12/04 19:01:12: COM PORT CLOSE ... OK
2014/12/04 19:01:12: 
2014/12/04 19:01:12: ==== Processing was completed ====
2014/12/04 19:01:12: 
*************************************************


*********** Start the Initialize Key Check **********
2014/12/04 19:04:13: Tool Ver: 2013.0605.01
2014/12/04 19:04:13: COM PORT OPEN ... OK
2014/12/04 19:04:14:
2014/12/04 19:04:14: ProductS/N:  VRW06A114Z00335
2014/12/04 19:04:14: TID: 86041F0E32E62080
2014/12/04 19:04:14: F/W Version: 00.00.08
2014/12/04 19:04:14:
2014/12/04 19:04:14: MasterKey Key Entry ... OK
2014/12/04 19:04:14: PowerON Counter Key Entry ... OK
2014/12/04 19:04:14: Key Entry ... OK
2014/12/04 19:04:14: Complete.
2014/12/04 19:04:14: COM PORT CLOSE ... OK
2014/12/04 19:04:14: 
2014/12/04 19:04:14: ==== Processing was completed ====
2014/12/04 19:04:14: 
*************************************************


*********** Start the Initialize Key Check **********
2014/12/04 19:08:39: Tool Ver: 2013.0605.01
2014/12/04 19:08:39: COM PORT OPEN ... OK
2014/12/04 19:08:39:
2014/12/04 19:08:39: ProductS/N:  VRW06A114Z00337
2014/12/04 19:08:39: TID: 860405213AE62080
2014/12/04 19:08:39: F/W Version: 00.00.08
2014/12/04 19:08:39:
2014/12/04 19:08:39: MasterKey Key Entry ... OK
2014/12/04 19:08:39: PowerON Counter Key Entry ... OK
2014/12/04 19:08:40: Key Entry ... OK
2014/12/04 19:08:40: Complete.
2014/12/04 19:08:40: COM PORT CLOSE ... OK
2014/12/04 19:08:40: 
2014/12/04 19:08:40: ==== Processing was completed ====
2014/12/04 19:08:40: 
*************************************************


*********** Start the Initialize Key Check **********
2014/12/04 19:10:35: Tool Ver: 2013.0605.01
2014/12/04 19:10:35: COM PORT OPEN ... OK
2014/12/04 19:10:35:
2014/12/04 19:10:35: ProductS/N:  VRW06A114Z00347
2014/12/04 19:10:35: TID: 86040F2E3AE62080
2014/12/04 19:10:35: F/W Version: 00.00.08
2014/12/04 19:10:35:
2014/12/04 19:10:35: MasterKey Key Entry ... OK
2014/12/04 19:10:35: PowerON Counter Key Entry ... OK
2014/12/04 19:10:36: Key Entry ... OK
2014/12/04 19:10:36: Complete.
2014/12/04 19:10:36: COM PORT CLOSE ... OK
2014/12/04 19:10:36: 
2014/12/04 19:10:36: ==== Processing was completed ====
2014/12/04 19:10:36: 
*************************************************


*********** Start the Initialize Key Check **********
2014/12/04 19:12:31: Tool Ver: 2013.0605.01
2014/12/04 19:12:31: COM PORT OPEN ... OK
2014/12/04 19:12:31:
2014/12/04 19:12:31: ProductS/N:  VRW06A114Z00339
2014/12/04 19:12:31: TID: 8604182022E62080
2014/12/04 19:12:31: F/W Version: 00.00.08
2014/12/04 19:12:31:
2014/12/04 19:12:31: MasterKey Key Entry ... OK
2014/12/04 19:12:31: PowerON Counter Key Entry ... OK
2014/12/04 19:12:32: Key Entry ... OK
2014/12/04 19:12:32: Complete.
2014/12/04 19:12:32: COM PORT CLOSE ... OK
2014/12/04 19:12:32: 
2014/12/04 19:12:32: ==== Processing was completed ====
2014/12/04 19:12:32: 
*************************************************


*********** Start the Initialize Key Check **********
2014/12/04 19:18:24: Tool Ver: 2013.0605.01
2014/12/04 19:18:24: COM PORT OPEN ... OK
2014/12/04 19:18:24:
2014/12/04 19:18:24: ProductS/N:  VRW06A114Z00343
2014/12/04 19:18:24: TID: 860423173AE62080
2014/12/04 19:18:24: F/W Version: 00.00.08
2014/12/04 19:18:24:
2014/12/04 19:18:24: MasterKey Key Entry ... OK
2014/12/04 19:18:24: PowerON Counter Key Entry ... OK
2014/12/04 19:18:25: Key Entry ... OK
2014/12/04 19:18:25: Complete.
2014/12/04 19:18:25: COM PORT CLOSE ... OK
2014/12/04 19:18:25: 
2014/12/04 19:18:25: ==== Processing was completed ====
2014/12/04 19:18:25: 
*************************************************


*********** Start the Initialize Key Check **********
2014/12/04 19:19:45: Tool Ver: 2013.0605.01
2014/12/04 19:19:45: COM PORT OPEN ... OK
2014/12/04 19:19:45:
2014/12/04 19:19:45: ProductS/N:  VRW06A114Z00336
2014/12/04 19:19:45: TID: 860442253AE62080
2014/12/04 19:19:45: F/W Version: 00.00.08
2014/12/04 19:19:45:
2014/12/04 19:19:45: MasterKey Key Entry ... OK
2014/12/04 19:19:45: PowerON Counter Key Entry ... OK
2014/12/04 19:19:46: Key Entry ... OK
2014/12/04 19:19:46: Complete.
2014/12/04 19:19:46: COM PORT CLOSE ... OK
2014/12/04 19:19:46: 
2014/12/04 19:19:46: ==== Processing was completed ====
2014/12/04 19:19:46: 
*************************************************


