*********** Start the Initialize Key Check **********
2014/11/12 08:06:47: Tool Ver: 2013.0605.01
2014/11/12 08:06:47: COM PORT OPEN ... OK
2014/11/12 08:06:47:
2014/11/12 08:06:47: ProductS/N:  VRW06A114Y00685
2014/11/12 08:06:47: TID: 860432282AE62080
2014/11/12 08:06:47: F/W Version: 00.00.08
2014/11/12 08:06:47:
2014/11/12 08:06:47: MasterKey Key Entry ... OK
2014/11/12 08:06:47: PowerON Counter Key Entry ... OK
2014/11/12 08:06:48: Key Entry ... OK
2014/11/12 08:06:48: Complete.
2014/11/12 08:06:48: COM PORT CLOSE ... OK
2014/11/12 08:06:48: 
2014/11/12 08:06:48: ==== Processing was completed ====
2014/11/12 08:06:48: 
*************************************************


*********** Start the Initialize Key Check **********
2014/11/12 08:11:55: Tool Ver: 2013.0605.01
2014/11/12 08:11:55: COM PORT OPEN ... OK
2014/11/12 08:11:55:
2014/11/12 08:11:55: ProductS/N:  VRW06A114Y00719
2014/11/12 08:11:55: TID: 8604303DD2E52080
2014/11/12 08:11:55: F/W Version: 00.00.08
2014/11/12 08:11:55:
2014/11/12 08:11:55: MasterKey Key Entry ... OK
2014/11/12 08:11:55: PowerON Counter Key Entry ... OK
2014/11/12 08:11:56: Key Entry ... OK
2014/11/12 08:11:56: Complete.
2014/11/12 08:11:56: COM PORT CLOSE ... OK
2014/11/12 08:11:56: 
2014/11/12 08:11:56: ==== Processing was completed ====
2014/11/12 08:11:56: 
*************************************************


*********** Start the Initialize Key Check **********
2014/11/12 08:26:16: Tool Ver: 2013.0605.01
2014/11/12 08:26:16: COM PORT OPEN ... OK
2014/11/12 08:26:16:
2014/11/12 08:26:16: ProductS/N:  VRW06A114Y00680
2014/11/12 08:26:16: TID: 8604042B2AE62080
2014/11/12 08:26:16: F/W Version: 00.00.08
2014/11/12 08:26:16:
2014/11/12 08:26:16: MasterKey Key Entry ... OK
2014/11/12 08:26:16: PowerON Counter Key Entry ... OK
2014/11/12 08:26:16: Key Entry ... OK
2014/11/12 08:26:16: Complete.
2014/11/12 08:26:16: COM PORT CLOSE ... OK
2014/11/12 08:26:16: 
2014/11/12 08:26:16: ==== Processing was completed ====
2014/11/12 08:26:16: 
*************************************************


*********** Start the Initialize Key Check **********
2014/11/12 08:29:57: Tool Ver: 2013.0605.01
2014/11/12 08:29:57: COM PORT OPEN ... OK
2014/11/12 08:29:57:
2014/11/12 08:29:57: ProductS/N:  VRW06A114Y00724
2014/11/12 08:29:57: TID: 86042E3BD2E52080
2014/11/12 08:29:57: F/W Version: 00.00.08
2014/11/12 08:29:57:
2014/11/12 08:29:57: MasterKey Key Entry ... OK
2014/11/12 08:29:57: PowerON Counter Key Entry ... OK
2014/11/12 08:29:58: Key Entry ... OK
2014/11/12 08:29:58: Complete.
2014/11/12 08:29:58: COM PORT CLOSE ... OK
2014/11/12 08:29:58: 
2014/11/12 08:29:58: ==== Processing was completed ====
2014/11/12 08:29:58: 
*************************************************


*********** Start the Initialize Key Check **********
2014/11/12 08:48:57: Tool Ver: 2013.0605.01
2014/11/12 08:48:57: COM PORT OPEN ... OK
2014/11/12 08:48:57:
2014/11/12 08:48:57: ProductS/N:  VRW06A114Y00722
2014/11/12 08:48:57: TID: 860441212AE62080
2014/11/12 08:48:57: F/W Version: 00.00.08
2014/11/12 08:48:57:
2014/11/12 08:48:57: MasterKey Key Entry ... OK
2014/11/12 08:48:57: PowerON Counter Key Entry ... OK
2014/11/12 08:48:58: Key Entry ... OK
2014/11/12 08:48:58: Complete.
2014/11/12 08:48:58: COM PORT CLOSE ... OK
2014/11/12 08:48:58: 
2014/11/12 08:48:58: ==== Processing was completed ====
2014/11/12 08:48:58: 
*************************************************


*********** Start the Initialize Key Check **********
2014/11/12 08:51:21: Tool Ver: 2013.0605.01
2014/11/12 08:51:21: COM PORT OPEN ... OK
2014/11/12 08:51:21:
2014/11/12 08:51:21: ProductS/N:  VRW06A114Y00698
2014/11/12 08:51:21: TID: 86042E3DD2E52080
2014/11/12 08:51:21: F/W Version: 00.00.08
2014/11/12 08:51:21:
2014/11/12 08:51:21: MasterKey Key Entry ... OK
2014/11/12 08:51:21: PowerON Counter Key Entry ... OK
2014/11/12 08:51:21: Key Entry ... OK
2014/11/12 08:51:21: Complete.
2014/11/12 08:51:21: COM PORT CLOSE ... OK
2014/11/12 08:51:21: 
2014/11/12 08:51:21: ==== Processing was completed ====
2014/11/12 08:51:21: 
*************************************************


*********** Start the Initialize Key Check **********
2014/11/12 08:53:55: Tool Ver: 2013.0605.01
2014/11/12 08:53:55: COM PORT OPEN ... OK
2014/11/12 08:53:55:
2014/11/12 08:53:55: ProductS/N:  VRW06A114Y00700
2014/11/12 08:53:55: TID: 86041C0ACAE52080
2014/11/12 08:53:55: F/W Version: 00.00.08
2014/11/12 08:53:55:
2014/11/12 08:53:55: MasterKey Key Entry ... OK
2014/11/12 08:53:55: PowerON Counter Key Entry ... OK
2014/11/12 08:53:56: Key Entry ... OK
2014/11/12 08:53:56: Complete.
2014/11/12 08:53:56: COM PORT CLOSE ... OK
2014/11/12 08:53:56: 
2014/11/12 08:53:56: ==== Processing was completed ====
2014/11/12 08:53:56: 
*************************************************


*********** Start the Initialize Key Check **********
2014/11/12 08:56:53: Tool Ver: 2013.0605.01
2014/11/12 08:56:53: COM PORT OPEN ... OK
2014/11/12 08:56:53:
2014/11/12 08:56:53: ProductS/N:  VRW06A114Y00697
2014/11/12 08:56:53: TID: 86042F39D2E52080
2014/11/12 08:56:53: F/W Version: 00.00.08
2014/11/12 08:56:53:
2014/11/12 08:56:53: MasterKey Key Entry ... OK
2014/11/12 08:56:53: PowerON Counter Key Entry ... OK
2014/11/12 08:56:54: Key Entry ... OK
2014/11/12 08:56:54: Complete.
2014/11/12 08:56:54: COM PORT CLOSE ... OK
2014/11/12 08:56:54: 
2014/11/12 08:56:54: ==== Processing was completed ====
2014/11/12 08:56:54: 
*************************************************


*********** Start the Initialize Key Check **********
2014/11/12 08:57:42: Tool Ver: 2013.0605.01
2014/11/12 08:57:42: COM PORT OPEN ... OK
2014/11/12 08:57:42:
2014/11/12 08:57:42: ProductS/N:  VRW06A114Y00707
2014/11/12 08:57:42: TID: 86040E2B2AE62080
2014/11/12 08:57:42: F/W Version: 00.00.08
2014/11/12 08:57:42:
2014/11/12 08:57:42: MasterKey Key Entry ... OK
2014/11/12 08:57:42: PowerON Counter Key Entry ... OK
2014/11/12 08:57:43: Key Entry ... OK
2014/11/12 08:57:43: Complete.
2014/11/12 08:57:43: COM PORT CLOSE ... OK
2014/11/12 08:57:43: 
2014/11/12 08:57:43: ==== Processing was completed ====
2014/11/12 08:57:43: 
*************************************************


*********** Start the Initialize Key Check **********
2014/11/12 09:01:09: Tool Ver: 2013.0605.01
2014/11/12 09:01:09: COM PORT OPEN ... OK
2014/11/12 09:01:09:
2014/11/12 09:01:09: ProductS/N:  VRW06A114Y00730
2014/11/12 09:01:09: TID: 8604422A2AE62080
2014/11/12 09:01:09: F/W Version: 00.00.08
2014/11/12 09:01:09:
2014/11/12 09:01:09: MasterKey Key Entry ... OK
2014/11/12 09:01:09: PowerON Counter Key Entry ... OK
2014/11/12 09:01:09: Key Entry ... OK
2014/11/12 09:01:09: Complete.
2014/11/12 09:01:09: COM PORT CLOSE ... OK
2014/11/12 09:01:09: 
2014/11/12 09:01:09: ==== Processing was completed ====
2014/11/12 09:01:09: 
*************************************************


*********** Start the Initialize Key Check **********
2014/11/12 09:04:55: Tool Ver: 2013.0605.01
2014/11/12 09:04:55: COM PORT OPEN ... OK
2014/11/12 09:04:55:
2014/11/12 09:04:55: ProductS/N:  VRW06A114Y00725
2014/11/12 09:04:55: TID: 8604383DD2E52080
2014/11/12 09:04:55: F/W Version: 00.00.08
2014/11/12 09:04:55:
2014/11/12 09:04:55: MasterKey Key Entry ... OK
2014/11/12 09:04:55: PowerON Counter Key Entry ... OK
2014/11/12 09:04:56: Key Entry ... OK
2014/11/12 09:04:56: Complete.
2014/11/12 09:04:56: COM PORT CLOSE ... OK
2014/11/12 09:04:56: 
2014/11/12 09:04:56: ==== Processing was completed ====
2014/11/12 09:04:56: 
*************************************************


*********** Start the Initialize Key Check **********
2014/11/12 09:09:26: Tool Ver: 2013.0605.01
2014/11/12 09:09:26: COM PORT OPEN ... OK
2014/11/12 09:09:27:
2014/11/12 09:09:27: ProductS/N:  VRW06A114Y00723
2014/11/12 09:09:27: TID: 8604373BD2E52080
2014/11/12 09:09:27: F/W Version: 00.00.08
2014/11/12 09:09:27:
2014/11/12 09:09:27: MasterKey Key Entry ... OK
2014/11/12 09:09:27: PowerON Counter Key Entry ... OK
2014/11/12 09:09:27: Key Entry ... OK
2014/11/12 09:09:27: Complete.
2014/11/12 09:09:27: COM PORT CLOSE ... OK
2014/11/12 09:09:27: 
2014/11/12 09:09:27: ==== Processing was completed ====
2014/11/12 09:09:27: 
*************************************************


*********** Start the Initialize Key Check **********
2014/11/12 09:16:27: Tool Ver: 2013.0605.01
2014/11/12 09:16:27: COM PORT OPEN ... OK
2014/11/12 09:16:27:
2014/11/12 09:16:27: ProductS/N:  VRW06A114Y00728
2014/11/12 09:16:27: TID: 86042E1D2AE62080
2014/11/12 09:16:27: F/W Version: 00.00.08
2014/11/12 09:16:27:
2014/11/12 09:16:27: MasterKey Key Entry ... OK
2014/11/12 09:16:27: PowerON Counter Key Entry ... OK
2014/11/12 09:16:28: Key Entry ... OK
2014/11/12 09:16:28: Complete.
2014/11/12 09:16:28: COM PORT CLOSE ... OK
2014/11/12 09:16:28: 
2014/11/12 09:16:28: ==== Processing was completed ====
2014/11/12 09:16:28: 
*************************************************


*********** Start the Initialize Key Check **********
2014/11/12 09:17:16: Tool Ver: 2013.0605.01
2014/11/12 09:17:16: COM PORT OPEN ... OK
2014/11/12 09:17:16:
2014/11/12 09:17:16: ProductS/N:  VRW06A114Y00729
2014/11/12 09:17:16: TID: 86042E262AE62080
2014/11/12 09:17:16: F/W Version: 00.00.08
2014/11/12 09:17:16:
2014/11/12 09:17:16: MasterKey Key Entry ... OK
2014/11/12 09:17:16: PowerON Counter Key Entry ... OK
2014/11/12 09:17:17: Key Entry ... OK
2014/11/12 09:17:17: Complete.
2014/11/12 09:17:17: COM PORT CLOSE ... OK
2014/11/12 09:17:17: 
2014/11/12 09:17:17: ==== Processing was completed ====
2014/11/12 09:17:17: 
*************************************************


*********** Start the Initialize Key Check **********
2014/11/12 09:20:15: Tool Ver: 2013.0605.01
2014/11/12 09:20:15: COM PORT OPEN ... OK
2014/11/12 09:20:15:
2014/11/12 09:20:15: ProductS/N:  VRW06A114Y00727
2014/11/12 09:20:15: TID: 86043F1F2AE62080
2014/11/12 09:20:15: F/W Version: 00.00.08
2014/11/12 09:20:15:
2014/11/12 09:20:15: MasterKey Key Entry ... OK
2014/11/12 09:20:15: PowerON Counter Key Entry ... OK
2014/11/12 09:20:16: Key Entry ... OK
2014/11/12 09:20:16: Complete.
2014/11/12 09:20:16: COM PORT CLOSE ... OK
2014/11/12 09:20:16: 
2014/11/12 09:20:16: ==== Processing was completed ====
2014/11/12 09:20:16: 
*************************************************


*********** Start the Initialize Key Check **********
2014/11/12 09:23:01: Tool Ver: 2013.0605.01
2014/11/12 09:23:01: COM PORT OPEN ... OK
2014/11/12 09:23:01:
2014/11/12 09:23:01: ProductS/N:  VRW06A114Y00717
2014/11/12 09:23:01: TID: 86042D36D2E52080
2014/11/12 09:23:01: F/W Version: 00.00.08
2014/11/12 09:23:01:
2014/11/12 09:23:01: MasterKey Key Entry ... OK
2014/11/12 09:23:01: PowerON Counter Key Entry ... OK
2014/11/12 09:23:01: Key Entry ... OK
2014/11/12 09:23:01: Complete.
2014/11/12 09:23:01: COM PORT CLOSE ... OK
2014/11/12 09:23:01: 
2014/11/12 09:23:01: ==== Processing was completed ====
2014/11/12 09:23:01: 
*************************************************


*********** Start the Initialize Key Check **********
2014/11/12 09:27:51: Tool Ver: 2013.0605.01
2014/11/12 09:27:51: COM PORT OPEN ... OK
2014/11/12 09:27:51:
2014/11/12 09:27:51: ProductS/N:  VRW06A114Y00726
2014/11/12 09:27:51: TID: 860417222AE62080
2014/11/12 09:27:51: F/W Version: 00.00.08
2014/11/12 09:27:51:
2014/11/12 09:27:51: MasterKey Key Entry ... OK
2014/11/12 09:27:51: PowerON Counter Key Entry ... OK
2014/11/12 09:27:52: Key Entry ... OK
2014/11/12 09:27:52: Complete.
2014/11/12 09:27:52: COM PORT CLOSE ... OK
2014/11/12 09:27:52: 
2014/11/12 09:27:52: ==== Processing was completed ====
2014/11/12 09:27:52: 
*************************************************


*********** Start the Initialize Key Check **********
2014/11/12 09:31:58: Tool Ver: 2013.0605.01
2014/11/12 09:31:58: COM PORT OPEN ... OK
2014/11/12 09:31:58:
2014/11/12 09:31:58: ProductS/N:  VRW06A114Y00734
2014/11/12 09:31:58: TID: 8604201A22E62080
2014/11/12 09:31:58: F/W Version: 00.00.08
2014/11/12 09:31:58:
2014/11/12 09:31:58: MasterKey Key Entry ... OK
2014/11/12 09:31:58: PowerON Counter Key Entry ... OK
2014/11/12 09:31:58: Key Entry ... OK
2014/11/12 09:31:58: Complete.
2014/11/12 09:31:58: COM PORT CLOSE ... OK
2014/11/12 09:31:58: 
2014/11/12 09:31:58: ==== Processing was completed ====
2014/11/12 09:31:58: 
*************************************************


*********** Start the Initialize Key Check **********
2014/11/12 09:36:57: Tool Ver: 2013.0605.01
2014/11/12 09:36:57: COM PORT OPEN ... OK
2014/11/12 09:36:57:
2014/11/12 09:36:57: ProductS/N:  VRW06A114Y00696
2014/11/12 09:36:57: TID: 86042E3CD2E52080
2014/11/12 09:36:57: F/W Version: 00.00.08
2014/11/12 09:36:57:
2014/11/12 09:36:57: MasterKey Key Entry ... OK
2014/11/12 09:36:57: PowerON Counter Key Entry ... OK
2014/11/12 09:36:58: Key Entry ... OK
2014/11/12 09:36:58: Complete.
2014/11/12 09:36:58: COM PORT CLOSE ... OK
2014/11/12 09:36:58: 
2014/11/12 09:36:58: ==== Processing was completed ====
2014/11/12 09:36:58: 
*************************************************


*********** Start the Initialize Key Check **********
2014/11/12 09:40:17: Tool Ver: 2013.0605.01
2014/11/12 09:40:17: COM PORT OPEN ... OK
2014/11/12 09:40:17:
2014/11/12 09:40:17: ProductS/N:  VRW06A114Y00715
2014/11/12 09:40:17: TID: 86040C3BD2E52080
2014/11/12 09:40:17: F/W Version: 00.00.08
2014/11/12 09:40:17:
2014/11/12 09:40:17: MasterKey Key Entry ... OK
2014/11/12 09:40:17: PowerON Counter Key Entry ... OK
2014/11/12 09:40:18: Key Entry ... OK
2014/11/12 09:40:18: Complete.
2014/11/12 09:40:18: COM PORT CLOSE ... OK
2014/11/12 09:40:18: 
2014/11/12 09:40:18: ==== Processing was completed ====
2014/11/12 09:40:18: 
*************************************************


*********** Start the Initialize Key Check **********
2014/11/12 09:46:16: Tool Ver: 2013.0605.01
2014/11/12 09:46:16: COM PORT OPEN ... OK
2014/11/12 09:46:16:
2014/11/12 09:46:16: ProductS/N:  VRW06A114Y00714
2014/11/12 09:46:16: TID: 86041C3AD2E52080
2014/11/12 09:46:16: F/W Version: 00.00.08
2014/11/12 09:46:16:
2014/11/12 09:46:16: MasterKey Key Entry ... OK
2014/11/12 09:46:16: PowerON Counter Key Entry ... OK
2014/11/12 09:46:17: Key Entry ... OK
2014/11/12 09:46:17: Complete.
2014/11/12 09:46:17: COM PORT CLOSE ... OK
2014/11/12 09:46:17: 
2014/11/12 09:46:17: ==== Processing was completed ====
2014/11/12 09:46:17: 
*************************************************


*********** Start the Initialize Key Check **********
2014/11/12 09:49:43: Tool Ver: 2013.0605.01
2014/11/12 09:49:43: COM PORT OPEN ... OK
2014/11/12 09:49:43:
2014/11/12 09:49:43: ProductS/N:  VRW06A114Y00731
2014/11/12 09:49:43: TID: 8604041E2AE62080
2014/11/12 09:49:43: F/W Version: 00.00.08
2014/11/12 09:49:43:
2014/11/12 09:49:43: MasterKey Key Entry ... OK
2014/11/12 09:49:43: PowerON Counter Key Entry ... OK
2014/11/12 09:49:44: Key Entry ... OK
2014/11/12 09:49:44: Complete.
2014/11/12 09:49:44: COM PORT CLOSE ... OK
2014/11/12 09:49:44: 
2014/11/12 09:49:44: ==== Processing was completed ====
2014/11/12 09:49:44: 
*************************************************


*********** Start the Initialize Key Check **********
2014/11/12 09:52:22: Tool Ver: 2013.0605.01
2014/11/12 09:52:22: COM PORT OPEN ... OK
2014/11/12 09:52:22:
2014/11/12 09:52:22: ProductS/N:  VRW06A114Y00723
2014/11/12 09:52:22: TID: 8604373BD2E52080
2014/11/12 09:52:22: F/W Version: 00.00.08
2014/11/12 09:52:22:
2014/11/12 09:52:22: MasterKey Key Entry ... OK
2014/11/12 09:52:22: PowerON Counter Key Entry ... OK
2014/11/12 09:52:23: Key Entry ... OK
2014/11/12 09:52:23: Complete.
2014/11/12 09:52:23: COM PORT CLOSE ... OK
2014/11/12 09:52:23: 
2014/11/12 09:52:23: ==== Processing was completed ====
2014/11/12 09:52:23: 
*************************************************


*********** Start the Initialize Key Check **********
2014/11/12 10:07:52: Tool Ver: 2013.0605.01
2014/11/12 10:07:52: COM PORT OPEN ... OK
2014/11/12 10:07:53:
2014/11/12 10:07:53: ProductS/N:  VRW06A114Y00744
2014/11/12 10:07:53: TID: 860411212AE62080
2014/11/12 10:07:53: F/W Version: 00.00.08
2014/11/12 10:07:53:
2014/11/12 10:07:53: MasterKey Key Entry ... OK
2014/11/12 10:07:53: PowerON Counter Key Entry ... OK
2014/11/12 10:07:53: Key Entry ... OK
2014/11/12 10:07:53: Complete.
2014/11/12 10:07:53: COM PORT CLOSE ... OK
2014/11/12 10:07:53: 
2014/11/12 10:07:53: ==== Processing was completed ====
2014/11/12 10:07:53: 
*************************************************


*********** Start the Initialize Key Check **********
2014/11/12 10:11:26: Tool Ver: 2013.0605.01
2014/11/12 10:11:26: COM PORT OPEN ... OK
2014/11/12 10:11:27:
2014/11/12 10:11:27: ProductS/N:  VRW06A114Y00732
2014/11/12 10:11:27: TID: 8604071D22E62080
2014/11/12 10:11:27: F/W Version: 00.00.08
2014/11/12 10:11:27:
2014/11/12 10:11:27: MasterKey Key Entry ... OK
2014/11/12 10:11:27: PowerON Counter Key Entry ... OK
2014/11/12 10:11:27: Key Entry ... OK
2014/11/12 10:11:27: Complete.
2014/11/12 10:11:27: COM PORT CLOSE ... OK
2014/11/12 10:11:27: 
2014/11/12 10:11:27: ==== Processing was completed ====
2014/11/12 10:11:27: 
*************************************************


*********** Start the Initialize Key Check **********
2014/11/12 10:17:19: Tool Ver: 2013.0605.01
2014/11/12 10:17:19: COM PORT OPEN ... OK
2014/11/12 10:17:19:
2014/11/12 10:17:19: ProductS/N:  VRW06A114Y00737
2014/11/12 10:17:19: TID: 8604300DD2E52080
2014/11/12 10:17:19: F/W Version: 00.00.08
2014/11/12 10:17:19:
2014/11/12 10:17:19: MasterKey Key Entry ... OK
2014/11/12 10:17:19: PowerON Counter Key Entry ... OK
2014/11/12 10:17:20: Key Entry ... OK
2014/11/12 10:17:20: Complete.
2014/11/12 10:17:20: COM PORT CLOSE ... OK
2014/11/12 10:17:20: 
2014/11/12 10:17:20: ==== Processing was completed ====
2014/11/12 10:17:20: 
*************************************************


*********** Start the Initialize Key Check **********
2014/11/12 10:20:02: Tool Ver: 2013.0605.01
2014/11/12 10:20:02: COM PORT OPEN ... OK
2014/11/12 10:20:02:
2014/11/12 10:20:02: ProductS/N:  VRW06A114Y00718
2014/11/12 10:20:02: TID: 8604163AD2E52080
2014/11/12 10:20:02: F/W Version: 00.00.08
2014/11/12 10:20:02:
2014/11/12 10:20:02: MasterKey Key Entry ... OK
2014/11/12 10:20:02: PowerON Counter Key Entry ... OK
2014/11/12 10:20:02: Key Entry ... OK
2014/11/12 10:20:02: Complete.
2014/11/12 10:20:02: COM PORT CLOSE ... OK
2014/11/12 10:20:02: 
2014/11/12 10:20:02: ==== Processing was completed ====
2014/11/12 10:20:02: 
*************************************************


*********** Start the Initialize Key Check **********
2014/11/12 10:23:25: Tool Ver: 2013.0605.01
2014/11/12 10:23:25: COM PORT OPEN ... OK
2014/11/12 10:23:25:
2014/11/12 10:23:25: ProductS/N:  VRW06A114Y00739
2014/11/12 10:23:25: TID: 860422253AE62080
2014/11/12 10:23:25: F/W Version: 00.00.08
2014/11/12 10:23:25:
2014/11/12 10:23:25: MasterKey Key Entry ... OK
2014/11/12 10:23:25: PowerON Counter Key Entry ... OK
2014/11/12 10:23:26: Key Entry ... OK
2014/11/12 10:23:26: Complete.
2014/11/12 10:23:26: COM PORT CLOSE ... OK
2014/11/12 10:23:26: 
2014/11/12 10:23:26: ==== Processing was completed ====
2014/11/12 10:23:26: 
*************************************************


*********** Start the Initialize Key Check **********
2014/11/12 10:26:03: Tool Ver: 2013.0605.01
2014/11/12 10:26:03: COM PORT OPEN ... OK
2014/11/12 10:26:03:
2014/11/12 10:26:03: ProductS/N:  VRW06A114Y00741
2014/11/12 10:26:03: TID: 860413133AE62080
2014/11/12 10:26:03: F/W Version: 00.00.08
2014/11/12 10:26:03:
2014/11/12 10:26:03: MasterKey Key Entry ... OK
2014/11/12 10:26:03: PowerON Counter Key Entry ... OK
2014/11/12 10:26:03: Key Entry ... OK
2014/11/12 10:26:03: Complete.
2014/11/12 10:26:03: COM PORT CLOSE ... OK
2014/11/12 10:26:03: 
2014/11/12 10:26:03: ==== Processing was completed ====
2014/11/12 10:26:03: 
*************************************************


*********** Start the Initialize Key Check **********
2014/11/12 10:29:54: Tool Ver: 2013.0605.01
2014/11/12 10:29:54: COM PORT OPEN ... OK
2014/11/12 10:29:55:
2014/11/12 10:29:55: ProductS/N:  VRW06A114Y00738
2014/11/12 10:29:55: TID: 86042D09D2E52080
2014/11/12 10:29:55: F/W Version: 00.00.08
2014/11/12 10:29:55:
2014/11/12 10:29:55: MasterKey Key Entry ... OK
2014/11/12 10:29:55: PowerON Counter Key Entry ... OK
2014/11/12 10:29:55: Key Entry ... OK
2014/11/12 10:29:55: Complete.
2014/11/12 10:29:55: COM PORT CLOSE ... OK
2014/11/12 10:29:55: 
2014/11/12 10:29:55: ==== Processing was completed ====
2014/11/12 10:29:55: 
*************************************************


*********** Start the Initialize Key Check **********
2014/11/12 10:38:19: Tool Ver: 2013.0605.01
2014/11/12 10:38:19: COM PORT OPEN ... OK
2014/11/12 10:38:19:
2014/11/12 10:38:19: ProductS/N:  VRW06A114Y00720
2014/11/12 10:38:19: TID: 86043836D2E52080
2014/11/12 10:38:19: F/W Version: 00.00.08
2014/11/12 10:38:19:
2014/11/12 10:38:19: MasterKey Key Entry ... OK
2014/11/12 10:38:19: PowerON Counter Key Entry ... OK
2014/11/12 10:38:20: Key Entry ... OK
2014/11/12 10:38:20: Complete.
2014/11/12 10:38:20: COM PORT CLOSE ... OK
2014/11/12 10:38:20: 
2014/11/12 10:38:20: ==== Processing was completed ====
2014/11/12 10:38:20: 
*************************************************


*********** Start the Initialize Key Check **********
2014/11/12 10:41:03: Tool Ver: 2013.0605.01
2014/11/12 10:41:03: COM PORT OPEN ... OK
2014/11/12 10:41:04:
2014/11/12 10:41:04: ProductS/N:  VRW06A114Y00748
2014/11/12 10:41:04: TID: 86043F242AE62080
2014/11/12 10:41:04: F/W Version: 00.00.08
2014/11/12 10:41:04:
2014/11/12 10:41:04: MasterKey Key Entry ... OK
2014/11/12 10:41:04: PowerON Counter Key Entry ... OK
2014/11/12 10:41:04: Key Entry ... OK
2014/11/12 10:41:04: Complete.
2014/11/12 10:41:04: COM PORT CLOSE ... OK
2014/11/12 10:41:04: 
2014/11/12 10:41:04: ==== Processing was completed ====
2014/11/12 10:41:04: 
*************************************************


*********** Start the Initialize Key Check **********
2014/11/12 10:44:02: Tool Ver: 2013.0605.01
2014/11/12 10:44:02: COM PORT OPEN ... OK
2014/11/12 10:44:02:
2014/11/12 10:44:02: ProductS/N:  VRW06A114Y00746
2014/11/12 10:44:02: TID: 86040E1E2AE62080
2014/11/12 10:44:02: F/W Version: 00.00.08
2014/11/12 10:44:02:
2014/11/12 10:44:02: MasterKey Key Entry ... OK
2014/11/12 10:44:02: PowerON Counter Key Entry ... OK
2014/11/12 10:44:03: Key Entry ... OK
2014/11/12 10:44:03: Complete.
2014/11/12 10:44:03: COM PORT CLOSE ... OK
2014/11/12 10:44:03: 
2014/11/12 10:44:03: ==== Processing was completed ====
2014/11/12 10:44:03: 
*************************************************


*********** Start the Initialize Key Check **********
2014/11/12 10:47:39: Tool Ver: 2013.0605.01
2014/11/12 10:47:39: COM PORT OPEN ... OK
2014/11/12 10:47:39:
2014/11/12 10:47:39: ProductS/N:  VRW06A114Y00752
2014/11/12 10:47:39: TID: 8604191F2AE62080
2014/11/12 10:47:39: F/W Version: 00.00.08
2014/11/12 10:47:39:
2014/11/12 10:47:39: MasterKey Key Entry ... OK
2014/11/12 10:47:39: PowerON Counter Key Entry ... OK
2014/11/12 10:47:40: Key Entry ... OK
2014/11/12 10:47:40: Complete.
2014/11/12 10:47:40: COM PORT CLOSE ... OK
2014/11/12 10:47:40: 
2014/11/12 10:47:40: ==== Processing was completed ====
2014/11/12 10:47:40: 
*************************************************


*********** Start the Initialize Key Check **********
2014/11/12 10:50:38: Tool Ver: 2013.0605.01
2014/11/12 10:50:38: COM PORT OPEN ... OK
2014/11/12 10:50:38:
2014/11/12 10:50:38: ProductS/N:  VRW06A114Y00736
2014/11/12 10:50:38: TID: 86041211D2E52080
2014/11/12 10:50:38: F/W Version: 00.00.08
2014/11/12 10:50:38:
2014/11/12 10:50:39: MasterKey Key Entry ... OK
2014/11/12 10:50:39: PowerON Counter Key Entry ... OK
2014/11/12 10:50:39: Key Entry ... OK
2014/11/12 10:50:39: Complete.
2014/11/12 10:50:39: COM PORT CLOSE ... OK
2014/11/12 10:50:39: 
2014/11/12 10:50:39: ==== Processing was completed ====
2014/11/12 10:50:39: 
*************************************************


*********** Start the Initialize Key Check **********
2014/11/12 10:56:39: Tool Ver: 2013.0605.01
2014/11/12 10:56:39: COM PORT OPEN ... OK
2014/11/12 10:56:39:
2014/11/12 10:56:39: ProductS/N:  VRW06A114Y00750
2014/11/12 10:56:40: TID: 860402212AE62080
2014/11/12 10:56:40: F/W Version: 00.00.08
2014/11/12 10:56:40:
2014/11/12 10:56:40: MasterKey Key Entry ... OK
2014/11/12 10:56:40: PowerON Counter Key Entry ... OK
2014/11/12 10:56:40: Key Entry ... OK
2014/11/12 10:56:40: Complete.
2014/11/12 10:56:40: COM PORT CLOSE ... OK
2014/11/12 10:56:40: 
2014/11/12 10:56:40: ==== Processing was completed ====
2014/11/12 10:56:40: 
*************************************************


*********** Start the Initialize Key Check **********
2014/11/12 10:59:35: Tool Ver: 2013.0605.01
2014/11/12 10:59:35: COM PORT OPEN ... OK
2014/11/12 10:59:35:
2014/11/12 10:59:35: ProductS/N:  VRW06A114Y00743
2014/11/12 10:59:35: TID: 8604231F2AE62080
2014/11/12 10:59:35: F/W Version: 00.00.08
2014/11/12 10:59:35:
2014/11/12 10:59:35: MasterKey Key Entry ... OK
2014/11/12 10:59:35: PowerON Counter Key Entry ... OK
2014/11/12 10:59:36: Key Entry ... OK
2014/11/12 10:59:36: Complete.
2014/11/12 10:59:36: COM PORT CLOSE ... OK
2014/11/12 10:59:36: 
2014/11/12 10:59:36: ==== Processing was completed ====
2014/11/12 10:59:36: 
*************************************************


*********** Start the Initialize Key Check **********
2014/11/12 11:02:49: Tool Ver: 2013.0605.01
2014/11/12 11:02:49: COM PORT OPEN ... OK
2014/11/12 11:02:49:
2014/11/12 11:02:49: ProductS/N:  VRW06A114Y00756
2014/11/12 11:02:49: TID: 86043D232AE62080
2014/11/12 11:02:49: F/W Version: 00.00.08
2014/11/12 11:02:49:
2014/11/12 11:02:49: MasterKey Key Entry ... OK
2014/11/12 11:02:49: PowerON Counter Key Entry ... OK
2014/11/12 11:02:50: Key Entry ... OK
2014/11/12 11:02:50: Complete.
2014/11/12 11:02:50: COM PORT CLOSE ... OK
2014/11/12 11:02:50: 
2014/11/12 11:02:50: ==== Processing was completed ====
2014/11/12 11:02:50: 
*************************************************


*********** Start the Initialize Key Check **********
2014/11/12 11:08:45: Tool Ver: 2013.0605.01
2014/11/12 11:08:45: COM PORT OPEN ... OK
2014/11/12 11:08:45:
2014/11/12 11:08:45: ProductS/N:  VRW06A114Y00159
2014/11/12 11:08:45: TID: 8604243DD2E52080
2014/11/12 11:08:45: F/W Version: 00.00.08
2014/11/12 11:08:45:
2014/11/12 11:08:45: MasterKey Key Entry ... OK
2014/11/12 11:08:45: PowerON Counter Key Entry ... OK
2014/11/12 11:09:47: [076]Key Get Key Entry... ERROR
2014/11/12 11:09:47: [076] ... ERROR KeyNoCEK[02]
2014/11/12 11:09:47: [076] ... ERROR KeyVCEK[26]
2014/11/12 11:10:18: [077]Key Get Key Entry... ERROR
2014/11/12 11:10:18: [077] ... ERROR KeyNoCEK[48]
2014/11/12 11:10:18: [077] ... ERROR KeyVCEK[9B]
2014/11/12 11:10:49: [078]Key Get Key Entry... ERROR
2014/11/12 11:10:49: [078] ... ERROR KeyNoCEK[61]
2014/11/12 11:10:49: [078] ... ERROR KeyVCEK[DF]
2014/11/12 11:11:20: [079]Key Get Key Entry... ERROR
2014/11/12 11:11:20: [079] ... ERROR KeyNoCEK[5A]
2014/11/12 11:11:20: [079] ... ERROR KeyVCEK[5B]
*********** Start the Initialize Key Check **********
2014/11/12 11:11:44: Tool Ver: 2013.0605.01
2014/11/12 11:11:44: COM PORT OPEN ... OK
2014/11/12 11:11:44:
2014/11/12 11:11:44: ProductS/N:  VRW06A114Y00740
2014/11/12 11:11:44: TID: 86040A203AE62080
2014/11/12 11:11:44: F/W Version: 00.00.08
2014/11/12 11:11:44:
2014/11/12 11:11:45: MasterKey Key Entry ... OK
2014/11/12 11:11:45: PowerON Counter Key Entry ... OK
2014/11/12 11:11:45: Key Entry ... OK
2014/11/12 11:11:45: Complete.
2014/11/12 11:11:45: COM PORT CLOSE ... OK
2014/11/12 11:11:45: 
2014/11/12 11:11:45: ==== Processing was completed ====
2014/11/12 11:11:45: 
*************************************************


*********** Start the Initialize Key Check **********
2014/11/12 11:14:27: Tool Ver: 2013.0605.01
2014/11/12 11:14:27: COM PORT OPEN ... OK
2014/11/12 11:14:27:
2014/11/12 11:14:27: ProductS/N:  VRW06A114Y00749
2014/11/12 11:14:27: TID: 860432212AE62080
2014/11/12 11:14:27: F/W Version: 00.00.08
2014/11/12 11:14:27:
2014/11/12 11:14:27: MasterKey Key Entry ... OK
2014/11/12 11:14:27: PowerON Counter Key Entry ... OK
2014/11/12 11:14:28: Key Entry ... OK
2014/11/12 11:14:28: Complete.
2014/11/12 11:14:28: COM PORT CLOSE ... OK
2014/11/12 11:14:28: 
2014/11/12 11:14:28: ==== Processing was completed ====
2014/11/12 11:14:28: 
*************************************************


*********** Start the Initialize Key Check **********
2014/11/12 11:19:35: Tool Ver: 2013.0605.01
2014/11/12 11:19:35: COM PORT OPEN ... OK
2014/11/12 11:19:35:
2014/11/12 11:19:35: ProductS/N:  VRW06A114Y00757
2014/11/12 11:19:35: TID: 860442262AE62080
2014/11/12 11:19:35: F/W Version: 00.00.08
2014/11/12 11:19:35:
2014/11/12 11:19:35: MasterKey Key Entry ... OK
2014/11/12 11:19:35: PowerON Counter Key Entry ... OK
2014/11/12 11:19:36: Key Entry ... OK
2014/11/12 11:19:36: Complete.
2014/11/12 11:19:36: COM PORT CLOSE ... OK
2014/11/12 11:19:36: 
2014/11/12 11:19:36: ==== Processing was completed ====
2014/11/12 11:19:36: 
*************************************************


*********** Start the Initialize Key Check **********
2014/11/12 11:22:26: Tool Ver: 2013.0605.01
2014/11/12 11:22:26: COM PORT OPEN ... OK
2014/11/12 11:22:26:
2014/11/12 11:22:26: ProductS/N:  VRW06A114Y00753
2014/11/12 11:22:26: TID: 860426212AE62080
2014/11/12 11:22:26: F/W Version: 00.00.08
2014/11/12 11:22:26:
2014/11/12 11:22:26: MasterKey Key Entry ... OK
2014/11/12 11:22:26: PowerON Counter Key Entry ... OK
2014/11/12 11:22:27: Key Entry ... OK
2014/11/12 11:22:27: Complete.
2014/11/12 11:22:27: COM PORT CLOSE ... OK
2014/11/12 11:22:27: 
2014/11/12 11:22:27: ==== Processing was completed ====
2014/11/12 11:22:27: 
*************************************************


*********** Start the Initialize Key Check **********
2014/11/12 11:30:28: Tool Ver: 2013.0605.01
2014/11/12 11:30:28: COM PORT OPEN ... OK
2014/11/12 11:30:28:
2014/11/12 11:30:28: ProductS/N:  VRW06A114Y00763
2014/11/12 11:30:28: TID: 86043C212AE62080
2014/11/12 11:30:28: F/W Version: 00.00.08
2014/11/12 11:30:28:
2014/11/12 11:30:28: MasterKey Key Entry ... OK
2014/11/12 11:30:28: PowerON Counter Key Entry ... OK
2014/11/12 11:30:29: Key Entry ... OK
2014/11/12 11:30:29: Complete.
2014/11/12 11:30:29: COM PORT CLOSE ... OK
2014/11/12 11:30:29: 
2014/11/12 11:30:29: ==== Processing was completed ====
2014/11/12 11:30:29: 
*************************************************


*********** Start the Initialize Key Check **********
2014/11/12 11:32:55: Tool Ver: 2013.0605.01
2014/11/12 11:32:55: COM PORT OPEN ... OK
2014/11/12 11:32:55:
2014/11/12 11:32:55: ProductS/N:  VRW06A114Y00766
2014/11/12 11:32:55: TID: 860433242AE62080
2014/11/12 11:32:55: F/W Version: 00.00.08
2014/11/12 11:32:55:
2014/11/12 11:32:55: MasterKey Key Entry ... OK
2014/11/12 11:32:55: PowerON Counter Key Entry ... OK
2014/11/12 11:32:56: Key Entry ... OK
2014/11/12 11:32:56: Complete.
2014/11/12 11:32:56: COM PORT CLOSE ... OK
2014/11/12 11:32:56: 
2014/11/12 11:32:56: ==== Processing was completed ====
2014/11/12 11:32:56: 
*************************************************


*********** Start the Initialize Key Check **********
2014/11/12 11:35:40: Tool Ver: 2013.0605.01
2014/11/12 11:35:40: COM PORT OPEN ... OK
2014/11/12 11:35:40:
2014/11/12 11:35:40: ProductS/N:  VRW06A114Y00762
2014/11/12 11:35:40: TID: 86040D212AE62080
2014/11/12 11:35:40: F/W Version: 00.00.08
2014/11/12 11:35:40:
2014/11/12 11:35:40: MasterKey Key Entry ... OK
2014/11/12 11:35:40: PowerON Counter Key Entry ... OK
2014/11/12 11:35:41: Key Entry ... OK
2014/11/12 11:35:41: Complete.
2014/11/12 11:35:41: COM PORT CLOSE ... OK
2014/11/12 11:35:41: 
2014/11/12 11:35:41: ==== Processing was completed ====
2014/11/12 11:35:41: 
*************************************************


*********** Start the Initialize Key Check **********
2014/11/12 11:38:41: Tool Ver: 2013.0605.01
2014/11/12 11:38:41: COM PORT OPEN ... OK
2014/11/12 11:38:41:
2014/11/12 11:38:41: ProductS/N:  VRW06A114Y00755
2014/11/12 11:38:41: TID: 86043531CAE52080
2014/11/12 11:38:41: F/W Version: 00.00.08
2014/11/12 11:38:41:
2014/11/12 11:38:41: MasterKey Key Entry ... OK
2014/11/12 11:38:41: PowerON Counter Key Entry ... OK
2014/11/12 11:38:42: Key Entry ... OK
2014/11/12 11:38:42: Complete.
2014/11/12 11:38:42: COM PORT CLOSE ... OK
2014/11/12 11:38:42: 
2014/11/12 11:38:42: ==== Processing was completed ====
2014/11/12 11:38:42: 
*************************************************


*********** Start the Initialize Key Check **********
2014/11/12 11:44:08: Tool Ver: 2013.0605.01
2014/11/12 11:44:08: COM PORT OPEN ... OK
2014/11/12 11:44:08:
2014/11/12 11:44:08: ProductS/N:  VRW06A114Y00768
2014/11/12 11:44:08: TID: 86042A1F2AE62080
2014/11/12 11:44:08: F/W Version: 00.00.08
2014/11/12 11:44:08:
2014/11/12 11:44:08: MasterKey Key Entry ... OK
2014/11/12 11:44:08: PowerON Counter Key Entry ... OK
2014/11/12 11:44:09: Key Entry ... OK
2014/11/12 11:44:09: Complete.
2014/11/12 11:44:09: COM PORT CLOSE ... OK
2014/11/12 11:44:09: 
2014/11/12 11:44:09: ==== Processing was completed ====
2014/11/12 11:44:09: 
*************************************************


*********** Start the Initialize Key Check **********
2014/11/12 12:54:50: Tool Ver: 2013.0605.01
2014/11/12 12:54:50: COM PORT OPEN ... OK
2014/11/12 12:54:50:
2014/11/12 12:54:50: ProductS/N:  VRW06A114Y00769
2014/11/12 12:54:50: TID: 8604180DD2E52080
2014/11/12 12:54:50: F/W Version: 00.00.08
2014/11/12 12:54:50:
2014/11/12 12:54:50: MasterKey Key Entry ... OK
2014/11/12 12:54:50: PowerON Counter Key Entry ... OK
2014/11/12 12:54:51: Key Entry ... OK
2014/11/12 12:54:51: Complete.
2014/11/12 12:54:51: COM PORT CLOSE ... OK
2014/11/12 12:54:51: 
2014/11/12 12:54:51: ==== Processing was completed ====
2014/11/12 12:54:51: 
*************************************************


*********** Start the Initialize Key Check **********
2014/11/12 13:00:55: Tool Ver: 2013.0605.01
2014/11/12 13:00:55: COM PORT OPEN ... OK
2014/11/12 13:00:55:
2014/11/12 13:00:55: ProductS/N:  VRW06A114Y00758
2014/11/12 13:00:55: TID: 860402202AE62080
2014/11/12 13:00:55: F/W Version: 00.00.08
2014/11/12 13:00:55:
2014/11/12 13:00:55: MasterKey Key Entry ... OK
2014/11/12 13:00:55: PowerON Counter Key Entry ... OK
2014/11/12 13:00:56: Key Entry ... OK
2014/11/12 13:00:56: Complete.
2014/11/12 13:00:56: COM PORT CLOSE ... OK
2014/11/12 13:00:56: 
2014/11/12 13:00:56: ==== Processing was completed ====
2014/11/12 13:00:56: 
*************************************************


*********** Start the Initialize Key Check **********
2014/11/12 13:05:08: Tool Ver: 2013.0605.01
2014/11/12 13:05:08: COM PORT OPEN ... OK
2014/11/12 13:05:08:
2014/11/12 13:05:08: ProductS/N:  VRW06A114Y00764
2014/11/12 13:05:08: TID: 8604251E2AE62080
2014/11/12 13:05:08: F/W Version: 00.00.08
2014/11/12 13:05:08:
2014/11/12 13:05:08: MasterKey Key Entry ... OK
2014/11/12 13:05:08: PowerON Counter Key Entry ... OK
2014/11/12 13:05:09: Key Entry ... OK
2014/11/12 13:05:09: Complete.
2014/11/12 13:05:09: COM PORT CLOSE ... OK
2014/11/12 13:05:09: 
2014/11/12 13:05:09: ==== Processing was completed ====
2014/11/12 13:05:09: 
*************************************************


*********** Start the Initialize Key Check **********
2014/11/12 13:08:19: Tool Ver: 2013.0605.01
2014/11/12 13:08:19: COM PORT OPEN ... OK
2014/11/12 13:08:19:
2014/11/12 13:08:19: ProductS/N:  VRW06A114Y00745
2014/11/12 13:08:19: TID: 8604211A22E62080
2014/11/12 13:08:19: F/W Version: 00.00.08
2014/11/12 13:08:19:
2014/11/12 13:08:19: MasterKey Key Entry ... OK
2014/11/12 13:08:19: PowerON Counter Key Entry ... OK
2014/11/12 13:08:20: Key Entry ... OK
2014/11/12 13:08:20: Complete.
2014/11/12 13:08:20: COM PORT CLOSE ... OK
2014/11/12 13:08:20: 
2014/11/12 13:08:20: ==== Processing was completed ====
2014/11/12 13:08:20: 
*************************************************


*********** Start the Initialize Key Check **********
2014/11/12 13:11:53: Tool Ver: 2013.0605.01
2014/11/12 13:11:53: COM PORT OPEN ... OK
2014/11/12 13:11:53:
2014/11/12 13:11:53: ProductS/N:  VRW06A114Y00747
2014/11/12 13:11:53: TID: 8604051F2AE62080
2014/11/12 13:11:53: F/W Version: 00.00.08
2014/11/12 13:11:53:
2014/11/12 13:11:53: MasterKey Key Entry ... OK
2014/11/12 13:11:53: PowerON Counter Key Entry ... OK
2014/11/12 13:11:54: Key Entry ... OK
2014/11/12 13:11:54: Complete.
2014/11/12 13:11:54: COM PORT CLOSE ... OK
2014/11/12 13:11:54: 
2014/11/12 13:11:54: ==== Processing was completed ====
2014/11/12 13:11:54: 
*************************************************


*********** Start the Initialize Key Check **********
2014/11/12 13:18:47: Tool Ver: 2013.0605.01
2014/11/12 13:18:47: COM PORT OPEN ... OK
2014/11/12 13:18:47:
2014/11/12 13:18:47: ProductS/N:  VRW06A114Y00772
2014/11/12 13:18:47: TID: 8604321722E62080
2014/11/12 13:18:47: F/W Version: 00.00.08
2014/11/12 13:18:47:
2014/11/12 13:18:47: MasterKey Key Entry ... OK
2014/11/12 13:18:47: PowerON Counter Key Entry ... OK
2014/11/12 13:18:48: Key Entry ... OK
2014/11/12 13:18:48: Complete.
2014/11/12 13:18:48: COM PORT CLOSE ... OK
2014/11/12 13:18:48: 
2014/11/12 13:18:48: ==== Processing was completed ====
2014/11/12 13:18:48: 
*************************************************


*********** Start the Initialize Key Check **********
2014/11/12 13:21:56: Tool Ver: 2013.0605.01
2014/11/12 13:21:56: COM PORT OPEN ... OK
2014/11/12 13:21:56:
2014/11/12 13:21:56: ProductS/N:  VRW06A114Y00751
2014/11/12 13:21:56: TID: 860428242AE62080
2014/11/12 13:21:56: F/W Version: 00.00.08
2014/11/12 13:21:56:
2014/11/12 13:21:56: MasterKey Key Entry ... OK
2014/11/12 13:21:56: PowerON Counter Key Entry ... OK
2014/11/12 13:21:57: Key Entry ... OK
2014/11/12 13:21:57: Complete.
2014/11/12 13:21:57: COM PORT CLOSE ... OK
2014/11/12 13:21:57: 
2014/11/12 13:21:57: ==== Processing was completed ====
2014/11/12 13:21:57: 
*************************************************


*********** Start the Initialize Key Check **********
2014/11/12 13:25:04: Tool Ver: 2013.0605.01
2014/11/12 13:25:04: COM PORT OPEN ... OK
2014/11/12 13:25:04:
2014/11/12 13:25:04: ProductS/N:  VRW06A114Y00776
2014/11/12 13:25:04: TID: 860427133AE62080
2014/11/12 13:25:04: F/W Version: 00.00.08
2014/11/12 13:25:04:
2014/11/12 13:25:04: MasterKey Key Entry ... OK
2014/11/12 13:25:04: PowerON Counter Key Entry ... OK
2014/11/12 13:25:04: Key Entry ... OK
2014/11/12 13:25:04: Complete.
2014/11/12 13:25:04: COM PORT CLOSE ... OK
2014/11/12 13:25:04: 
2014/11/12 13:25:04: ==== Processing was completed ====
2014/11/12 13:25:04: 
*************************************************


*********** Start the Initialize Key Check **********
2014/11/12 13:28:02: Tool Ver: 2013.0605.01
2014/11/12 13:28:02: COM PORT OPEN ... OK
2014/11/12 13:28:02:
2014/11/12 13:28:02: ProductS/N:  VRW06A114Y00761
2014/11/12 13:28:02: TID: 8604081D22E62080
2014/11/12 13:28:02: F/W Version: 00.00.08
2014/11/12 13:28:02:
2014/11/12 13:28:02: MasterKey Key Entry ... OK
2014/11/12 13:28:02: PowerON Counter Key Entry ... OK
2014/11/12 13:28:02: Key Entry ... OK
2014/11/12 13:28:02: Complete.
2014/11/12 13:28:02: COM PORT CLOSE ... OK
2014/11/12 13:28:02: 
2014/11/12 13:28:02: ==== Processing was completed ====
2014/11/12 13:28:02: 
*************************************************


*********** Start the Initialize Key Check **********
2014/11/12 13:31:36: Tool Ver: 2013.0605.01
2014/11/12 13:31:36: COM PORT OPEN ... OK
2014/11/12 13:31:36:
2014/11/12 13:31:36: ProductS/N:  VRW06A114Y00770
2014/11/12 13:31:36: TID: 86042C09D2E52080
2014/11/12 13:31:36: F/W Version: 00.00.08
2014/11/12 13:31:36:
2014/11/12 13:31:36: MasterKey Key Entry ... OK
2014/11/12 13:31:36: PowerON Counter Key Entry ... OK
2014/11/12 13:31:37: Key Entry ... OK
2014/11/12 13:31:37: Complete.
2014/11/12 13:31:37: COM PORT CLOSE ... OK
2014/11/12 13:31:37: 
2014/11/12 13:31:37: ==== Processing was completed ====
2014/11/12 13:31:37: 
*************************************************


*********** Start the Initialize Key Check **********
2014/11/12 13:34:36: Tool Ver: 2013.0605.01
2014/11/12 13:34:36: COM PORT OPEN ... OK
2014/11/12 13:34:36:
2014/11/12 13:34:36: ProductS/N:  VRW06A114Y00775
2014/11/12 13:34:36: TID: 86040D10D2E52080
2014/11/12 13:34:36: F/W Version: 00.00.08
2014/11/12 13:34:36:
2014/11/12 13:34:36: MasterKey Key Entry ... OK
2014/11/12 13:34:36: PowerON Counter Key Entry ... OK
2014/11/12 13:34:37: Key Entry ... OK
2014/11/12 13:34:37: Complete.
2014/11/12 13:34:37: COM PORT CLOSE ... OK
2014/11/12 13:34:37: 
2014/11/12 13:34:37: ==== Processing was completed ====
2014/11/12 13:34:37: 
*************************************************


*********** Start the Initialize Key Check **********
2014/11/12 13:37:01: Tool Ver: 2013.0605.01
2014/11/12 13:37:01: COM PORT OPEN ... OK
2014/11/12 13:37:01:
2014/11/12 13:37:01: ProductS/N:  VRW06A114Y00749
2014/11/12 13:37:01: TID: 860432212AE62080
2014/11/12 13:37:01: F/W Version: 00.00.08
2014/11/12 13:37:01:
2014/11/12 13:37:01: MasterKey Key Entry ... OK
2014/11/12 13:37:01: PowerON Counter Key Entry ... OK
2014/11/12 13:37:02: Key Entry ... OK
2014/11/12 13:37:02: Complete.
2014/11/12 13:37:02: COM PORT CLOSE ... OK
2014/11/12 13:37:02: 
2014/11/12 13:37:02: ==== Processing was completed ====
2014/11/12 13:37:02: 
*************************************************


*********** Start the Initialize Key Check **********
2014/11/12 13:44:04: Tool Ver: 2013.0605.01
2014/11/12 13:44:04: COM PORT OPEN ... OK
2014/11/12 13:44:04:
2014/11/12 13:44:04: ProductS/N:  VRW06A114Y00774
2014/11/12 13:44:04: TID: 86041F09D2E52080
2014/11/12 13:44:04: F/W Version: 00.00.08
2014/11/12 13:44:04:
2014/11/12 13:44:04: MasterKey Key Entry ... OK
2014/11/12 13:44:04: PowerON Counter Key Entry ... OK
2014/11/12 13:44:04: Key Entry ... OK
2014/11/12 13:44:04: Complete.
2014/11/12 13:44:04: COM PORT CLOSE ... OK
2014/11/12 13:44:04: 
2014/11/12 13:44:04: ==== Processing was completed ====
2014/11/12 13:44:04: 
*************************************************


*********** Start the Initialize Key Check **********
2014/11/12 13:50:20: Tool Ver: 2013.0605.01
2014/11/12 13:50:20: COM PORT OPEN ... OK
2014/11/12 13:50:20:
2014/11/12 13:50:20: ProductS/N:  VRW06A114Y00767
2014/11/12 13:50:20: TID: 860424232AE62080
2014/11/12 13:50:20: F/W Version: 00.00.08
2014/11/12 13:50:20:
2014/11/12 13:50:20: MasterKey Key Entry ... OK
2014/11/12 13:50:20: PowerON Counter Key Entry ... OK
2014/11/12 13:50:20: Key Entry ... OK
2014/11/12 13:50:20: Complete.
2014/11/12 13:50:20: COM PORT CLOSE ... OK
2014/11/12 13:50:20: 
2014/11/12 13:50:20: ==== Processing was completed ====
2014/11/12 13:50:20: 
*************************************************


*********** Start the Initialize Key Check **********
2014/11/12 13:55:59: Tool Ver: 2013.0605.01
2014/11/12 13:55:59: COM PORT OPEN ... OK
2014/11/12 13:55:59:
2014/11/12 13:55:59: ProductS/N:  VRW06A114Y00780
2014/11/12 13:55:59: TID: 8604250DD2E52080
2014/11/12 13:55:59: F/W Version: 00.00.08
2014/11/12 13:55:59:
2014/11/12 13:55:59: MasterKey Key Entry ... OK
2014/11/12 13:55:59: PowerON Counter Key Entry ... OK
2014/11/12 13:55:59: Key Entry ... OK
2014/11/12 13:55:59: Complete.
2014/11/12 13:55:59: COM PORT CLOSE ... OK
2014/11/12 13:55:59: 
2014/11/12 13:55:59: ==== Processing was completed ====
2014/11/12 13:55:59: 
*************************************************


*********** Start the Initialize Key Check **********
2014/11/12 13:58:40: Tool Ver: 2013.0605.01
2014/11/12 13:58:40: COM PORT OPEN ... OK
2014/11/12 13:58:40:
2014/11/12 13:58:40: ProductS/N:  VRW06A114Y00779
2014/11/12 13:58:40: TID: 86042B09D2E52080
2014/11/12 13:58:40: F/W Version: 00.00.08
2014/11/12 13:58:40:
2014/11/12 13:58:40: MasterKey Key Entry ... OK
2014/11/12 13:58:40: PowerON Counter Key Entry ... OK
2014/11/12 13:58:40: Key Entry ... OK
2014/11/12 13:58:40: Complete.
2014/11/12 13:58:40: COM PORT CLOSE ... OK
2014/11/12 13:58:40: 
2014/11/12 13:58:40: ==== Processing was completed ====
2014/11/12 13:58:40: 
*************************************************


*********** Start the Initialize Key Check **********
2014/11/12 14:05:44: Tool Ver: 2013.0605.01
2014/11/12 14:05:44: COM PORT OPEN ... OK
2014/11/12 14:05:44:
2014/11/12 14:05:44: ProductS/N:  VRW06A114Y00785
2014/11/12 14:05:44: TID: 860428232AE62080
2014/11/12 14:05:44: F/W Version: 00.00.08
2014/11/12 14:05:44:
2014/11/12 14:05:44: MasterKey Key Entry ... OK
2014/11/12 14:05:44: PowerON Counter Key Entry ... OK
2014/11/12 14:05:45: Key Entry ... OK
2014/11/12 14:05:45: Complete.
2014/11/12 14:05:45: COM PORT CLOSE ... OK
2014/11/12 14:05:45: 
2014/11/12 14:05:45: ==== Processing was completed ====
2014/11/12 14:05:45: 
*************************************************


*********** Start the Initialize Key Check **********
2014/11/12 14:12:40: Tool Ver: 2013.0605.01
2014/11/12 14:12:40: COM PORT OPEN ... OK
2014/11/12 14:12:41:
2014/11/12 14:12:41: ProductS/N:  VRW06A114Y00778
2014/11/12 14:12:41: TID: 8604370AD2E52080
2014/11/12 14:12:41: F/W Version: 00.00.08
2014/11/12 14:12:41:
2014/11/12 14:12:41: MasterKey Key Entry ... OK
2014/11/12 14:12:41: PowerON Counter Key Entry ... OK
2014/11/12 14:12:41: Key Entry ... OK
2014/11/12 14:12:41: Complete.
2014/11/12 14:12:41: COM PORT CLOSE ... OK
2014/11/12 14:12:41: 
2014/11/12 14:12:41: ==== Processing was completed ====
2014/11/12 14:12:41: 
*************************************************


*********** Start the Initialize Key Check **********
2014/11/12 14:15:27: Tool Ver: 2013.0605.01
2014/11/12 14:15:27: COM PORT OPEN ... OK
2014/11/12 14:15:28:
2014/11/12 14:15:28: ProductS/N:  VRW06A114Y00771
2014/11/12 14:15:28: TID: 860438222AE62080
2014/11/12 14:15:28: F/W Version: 00.00.08
2014/11/12 14:15:28:
2014/11/12 14:15:28: MasterKey Key Entry ... OK
2014/11/12 14:15:28: PowerON Counter Key Entry ... OK
2014/11/12 14:15:28: Key Entry ... OK
2014/11/12 14:15:28: Complete.
2014/11/12 14:15:28: COM PORT CLOSE ... OK
2014/11/12 14:15:28: 
2014/11/12 14:15:28: ==== Processing was completed ====
2014/11/12 14:15:28: 
*************************************************


*********** Start the Initialize Key Check **********
2014/11/12 14:18:04: Tool Ver: 2013.0605.01
2014/11/12 14:18:04: COM PORT OPEN ... OK
2014/11/12 14:18:04:
2014/11/12 14:18:04: ProductS/N:  VRW06A114Y00783
2014/11/12 14:18:04: TID: 860419212AE62080
2014/11/12 14:18:04: F/W Version: 00.00.08
2014/11/12 14:18:04:
2014/11/12 14:18:04: MasterKey Key Entry ... OK
2014/11/12 14:18:04: PowerON Counter Key Entry ... OK
2014/11/12 14:18:04: Key Entry ... OK
2014/11/12 14:18:04: Complete.
2014/11/12 14:18:04: COM PORT CLOSE ... OK
2014/11/12 14:18:04: 
2014/11/12 14:18:04: ==== Processing was completed ====
2014/11/12 14:18:04: 
*************************************************


*********** Start the Initialize Key Check **********
2014/11/12 14:22:18: Tool Ver: 2013.0605.01
2014/11/12 14:22:18: COM PORT OPEN ... OK
2014/11/12 14:22:18:
2014/11/12 14:22:18: ProductS/N:  VRW06A114Y00781
2014/11/12 14:22:18: TID: 86042E09D2E52080
2014/11/12 14:22:18: F/W Version: 00.00.08
2014/11/12 14:22:18:
2014/11/12 14:22:18: MasterKey Key Entry ... OK
2014/11/12 14:22:18: PowerON Counter Key Entry ... OK
2014/11/12 14:22:19: Key Entry ... OK
2014/11/12 14:22:19: Complete.
2014/11/12 14:22:19: COM PORT CLOSE ... OK
2014/11/12 14:22:19: 
2014/11/12 14:22:19: ==== Processing was completed ====
2014/11/12 14:22:19: 
*************************************************


*********** Start the Initialize Key Check **********
2014/11/12 14:32:09: Tool Ver: 2013.0605.01
2014/11/12 14:32:09: COM PORT OPEN ... OK
2014/11/12 14:32:09:
2014/11/12 14:32:09: ProductS/N:  VRW06A114Y00788
2014/11/12 14:32:09: TID: 86042F212AE62080
2014/11/12 14:32:09: F/W Version: 00.00.08
2014/11/12 14:32:09:
2014/11/12 14:32:09: MasterKey Key Entry ... OK
2014/11/12 14:32:09: PowerON Counter Key Entry ... OK
2014/11/12 14:32:10: Key Entry ... OK
2014/11/12 14:32:10: Complete.
2014/11/12 14:32:10: COM PORT CLOSE ... OK
2014/11/12 14:32:10: 
2014/11/12 14:32:10: ==== Processing was completed ====
2014/11/12 14:32:10: 
*************************************************


*********** Start the Initialize Key Check **********
2014/11/12 14:34:52: Tool Ver: 2013.0605.01
2014/11/12 14:34:52: COM PORT OPEN ... OK
2014/11/12 14:34:52:
2014/11/12 14:34:52: ProductS/N:  VRW06A114Y00765
2014/11/12 14:34:52: TID: 86043D1722E62080
2014/11/12 14:34:52: F/W Version: 00.00.08
2014/11/12 14:34:52:
2014/11/12 14:34:52: MasterKey Key Entry ... OK
2014/11/12 14:34:52: PowerON Counter Key Entry ... OK
2014/11/12 14:34:53: Key Entry ... OK
2014/11/12 14:34:53: Complete.
2014/11/12 14:34:53: COM PORT CLOSE ... OK
2014/11/12 14:34:53: 
2014/11/12 14:34:53: ==== Processing was completed ====
2014/11/12 14:34:53: 
*************************************************


*********** Start the Initialize Key Check **********
2014/11/12 14:39:36: Tool Ver: 2013.0605.01
2014/11/12 14:39:36: COM PORT OPEN ... OK
2014/11/12 14:39:36:
2014/11/12 14:39:36: ProductS/N:  VRW06A114Y00786
2014/11/12 14:39:36: TID: 8604021E2AE62080
2014/11/12 14:39:36: F/W Version: 00.00.08
2014/11/12 14:39:36:
2014/11/12 14:39:36: MasterKey Key Entry ... OK
2014/11/12 14:39:36: PowerON Counter Key Entry ... OK
2014/11/12 14:39:37: Key Entry ... OK
2014/11/12 14:39:37: Complete.
2014/11/12 14:39:37: COM PORT CLOSE ... OK
2014/11/12 14:39:37: 
2014/11/12 14:39:37: ==== Processing was completed ====
2014/11/12 14:39:37: 
*************************************************


*********** Start the Initialize Key Check **********
2014/11/12 14:42:40: Tool Ver: 2013.0605.01
2014/11/12 14:42:40: COM PORT OPEN ... OK
2014/11/12 14:42:40:
2014/11/12 14:42:40: ProductS/N:  VRW06A114Y00782
2014/11/12 14:42:40: TID: 860403202AE62080
2014/11/12 14:42:40: F/W Version: 00.00.08
2014/11/12 14:42:40:
2014/11/12 14:42:40: MasterKey Key Entry ... OK
2014/11/12 14:42:40: PowerON Counter Key Entry ... OK
2014/11/12 14:42:41: Key Entry ... OK
2014/11/12 14:42:41: Complete.
2014/11/12 14:42:41: COM PORT CLOSE ... OK
2014/11/12 14:42:41: 
2014/11/12 14:42:41: ==== Processing was completed ====
2014/11/12 14:42:41: 
*************************************************


*********** Start the Initialize Key Check **********
2014/11/12 14:44:29: Tool Ver: 2013.0605.01
2014/11/12 14:44:29: COM PORT OPEN ... OK
2014/11/12 14:44:29:
2014/11/12 14:44:29: ProductS/N:  VRW06A114Y00754
2014/11/12 14:44:29: TID: 86040F233AE62080
2014/11/12 14:44:29: F/W Version: 00.00.08
2014/11/12 14:44:29:
2014/11/12 14:44:29: MasterKey Key Entry ... OK
2014/11/12 14:44:29: PowerON Counter Key Entry ... OK
2014/11/12 14:44:30: Key Entry ... OK
2014/11/12 14:44:30: Complete.
2014/11/12 14:44:30: COM PORT CLOSE ... OK
2014/11/12 14:44:30: 
2014/11/12 14:44:30: ==== Processing was completed ====
2014/11/12 14:44:30: 
*************************************************


*********** Start the Initialize Key Check **********
2014/11/12 14:51:58: Tool Ver: 2013.0605.01
2014/11/12 14:51:58: COM PORT OPEN ... OK
2014/11/12 14:51:58:
2014/11/12 14:51:58: ProductS/N:  VRW06A114Y00784
2014/11/12 14:51:58: TID: 8604261E2AE62080
2014/11/12 14:51:58: F/W Version: 00.00.08
2014/11/12 14:51:58:
2014/11/12 14:51:58: MasterKey Key Entry ... OK
2014/11/12 14:51:58: PowerON Counter Key Entry ... OK
2014/11/12 14:51:59: Key Entry ... OK
2014/11/12 14:51:59: Complete.
2014/11/12 14:51:59: COM PORT CLOSE ... OK
2014/11/12 14:51:59: 
2014/11/12 14:51:59: ==== Processing was completed ====
2014/11/12 14:51:59: 
*************************************************


*********** Start the Initialize Key Check **********
2014/11/12 14:54:35: Tool Ver: 2013.0605.01
2014/11/12 14:54:35: COM PORT OPEN ... OK
2014/11/12 14:54:35:
2014/11/12 14:54:35: ProductS/N:  VRW06A114Y00791
2014/11/12 14:54:35: TID: 8604311722E62080
2014/11/12 14:54:35: F/W Version: 00.00.08
2014/11/12 14:54:35:
2014/11/12 14:54:35: MasterKey Key Entry ... OK
2014/11/12 14:54:35: PowerON Counter Key Entry ... OK
2014/11/12 14:54:36: Key Entry ... OK
2014/11/12 14:54:36: Complete.
2014/11/12 14:54:36: COM PORT CLOSE ... OK
2014/11/12 14:54:36: 
2014/11/12 14:54:36: ==== Processing was completed ====
2014/11/12 14:54:36: 
*************************************************


*********** Start the Initialize Key Check **********
2014/11/12 14:58:08: Tool Ver: 2013.0605.01
2014/11/12 14:58:08: COM PORT OPEN ... OK
2014/11/12 14:58:08:
2014/11/12 14:58:08: ProductS/N:  VRW06A114Y00789
2014/11/12 14:58:08: TID: 8604151C2AE62080
2014/11/12 14:58:08: F/W Version: 00.00.08
2014/11/12 14:58:08:
2014/11/12 14:58:08: MasterKey Key Entry ... OK
2014/11/12 14:58:08: PowerON Counter Key Entry ... OK
2014/11/12 14:58:09: Key Entry ... OK
2014/11/12 14:58:09: Complete.
2014/11/12 14:58:09: COM PORT CLOSE ... OK
2014/11/12 14:58:09: 
2014/11/12 14:58:09: ==== Processing was completed ====
2014/11/12 14:58:09: 
*************************************************


*********** Start the Initialize Key Check **********
2014/11/12 15:12:21: Tool Ver: 2013.0605.01
2014/11/12 15:12:21: COM PORT OPEN ... OK
2014/11/12 15:12:21:
2014/11/12 15:12:21: ProductS/N:  VRW06A114Y00742
2014/11/12 15:12:22: TID: 8604171F2AE62080
2014/11/12 15:12:22: F/W Version: 00.00.08
2014/11/12 15:12:22:
2014/11/12 15:12:22: MasterKey Key Entry ... OK
2014/11/12 15:12:22: PowerON Counter Key Entry ... OK
2014/11/12 15:12:22: Key Entry ... OK
2014/11/12 15:12:22: Complete.
2014/11/12 15:12:22: COM PORT CLOSE ... OK
2014/11/12 15:12:22: 
2014/11/12 15:12:22: ==== Processing was completed ====
2014/11/12 15:12:22: 
*************************************************


*********** Start the Initialize Key Check **********
2014/11/12 15:15:08: Tool Ver: 2013.0605.01
2014/11/12 15:15:08: COM PORT OPEN ... OK
2014/11/12 15:15:08:
2014/11/12 15:15:08: ProductS/N:  VRW06A114Y00792
2014/11/12 15:15:08: TID: 86042E163AE62080
2014/11/12 15:15:08: F/W Version: 00.00.08
2014/11/12 15:15:08:
2014/11/12 15:15:08: MasterKey Key Entry ... OK
2014/11/12 15:15:08: PowerON Counter Key Entry ... OK
2014/11/12 15:15:09: Key Entry ... OK
2014/11/12 15:15:09: Complete.
2014/11/12 15:15:09: COM PORT CLOSE ... OK
2014/11/12 15:15:09: 
2014/11/12 15:15:09: ==== Processing was completed ====
2014/11/12 15:15:09: 
*************************************************


*********** Start the Initialize Key Check **********
2014/11/12 15:19:08: Tool Ver: 2013.0605.01
2014/11/12 15:19:08: COM PORT OPEN ... OK
2014/11/12 15:19:08:
2014/11/12 15:19:08: ProductS/N:  VRW06A114Y00617
2014/11/12 15:19:08: TID: 8604101E2AE62080
2014/11/12 15:19:08: F/W Version: 00.00.08
2014/11/12 15:19:08:
2014/11/12 15:19:08: MasterKey Key Entry ... OK
2014/11/12 15:19:08: PowerON Counter Key Entry ... OK
2014/11/12 15:19:09: Key Entry ... OK
2014/11/12 15:19:09: Complete.
2014/11/12 15:19:09: COM PORT CLOSE ... OK
2014/11/12 15:19:09: 
2014/11/12 15:19:09: ==== Processing was completed ====
2014/11/12 15:19:09: 
*************************************************


*********** Start the Initialize Key Check **********
2014/11/12 15:22:43: Tool Ver: 2013.0605.01
2014/11/12 15:22:43: COM PORT OPEN ... OK
2014/11/12 15:22:43:
2014/11/12 15:22:43: ProductS/N:  VRW06A114Y00787
2014/11/12 15:22:43: TID: 86040F1F2AE62080
2014/11/12 15:22:43: F/W Version: 00.00.08
2014/11/12 15:22:43:
2014/11/12 15:22:43: MasterKey Key Entry ... OK
2014/11/12 15:22:43: PowerON Counter Key Entry ... OK
2014/11/12 15:22:44: Key Entry ... OK
2014/11/12 15:22:44: Complete.
2014/11/12 15:22:44: COM PORT CLOSE ... OK
2014/11/12 15:22:44: 
2014/11/12 15:22:44: ==== Processing was completed ====
2014/11/12 15:22:44: 
*************************************************


*********** Start the Initialize Key Check **********
2014/11/12 15:35:03: Tool Ver: 2013.0605.01
2014/11/12 15:35:03: COM PORT OPEN ... OK
2014/11/12 15:35:03:
2014/11/12 15:35:03: ProductS/N:  VRW06A114Y00793
2014/11/12 15:35:03: TID: 860419233AE62080
2014/11/12 15:35:03: F/W Version: 00.00.08
2014/11/12 15:35:03:
2014/11/12 15:35:03: MasterKey Key Entry ... OK
2014/11/12 15:35:03: PowerON Counter Key Entry ... OK
2014/11/12 15:35:03: Key Entry ... OK
2014/11/12 15:35:03: Complete.
2014/11/12 15:35:03: COM PORT CLOSE ... OK
2014/11/12 15:35:03: 
2014/11/12 15:35:03: ==== Processing was completed ====
2014/11/12 15:35:03: 
*************************************************


*********** Start the Initialize Key Check **********
2014/11/12 15:41:12: Tool Ver: 2013.0605.01
2014/11/12 15:41:12: COM PORT OPEN ... OK
2014/11/12 15:41:12:
2014/11/12 15:41:12: ProductS/N:  VRW06A114Y00790
2014/11/12 15:41:12: TID: 86043D222AE62080
2014/11/12 15:41:12: F/W Version: 00.00.08
2014/11/12 15:41:12:
2014/11/12 15:41:12: MasterKey Key Entry ... OK
2014/11/12 15:41:12: PowerON Counter Key Entry ... OK
2014/11/12 15:41:13: Key Entry ... OK
2014/11/12 15:41:13: Complete.
2014/11/12 15:41:13: COM PORT CLOSE ... OK
2014/11/12 15:41:13: 
2014/11/12 15:41:13: ==== Processing was completed ====
2014/11/12 15:41:13: 
*************************************************


*********** Start the Initialize Key Check **********
2014/11/12 15:48:44: Tool Ver: 2013.0605.01
2014/11/12 15:48:44: COM PORT OPEN ... OK
2014/11/12 15:48:44:
2014/11/12 15:48:44: ProductS/N:  VRW06A114Y00794
2014/11/12 15:48:44: TID: 86041D37D2E52080
2014/11/12 15:48:44: F/W Version: 00.00.08
2014/11/12 15:48:44:
2014/11/12 15:48:44: MasterKey Key Entry ... OK
2014/11/12 15:48:44: PowerON Counter Key Entry ... OK
2014/11/12 15:48:45: Key Entry ... OK
2014/11/12 15:48:45: Complete.
2014/11/12 15:48:45: COM PORT CLOSE ... OK
2014/11/12 15:48:45: 
2014/11/12 15:48:45: ==== Processing was completed ====
2014/11/12 15:48:45: 
*************************************************


*********** Start the Initialize Key Check **********
2014/11/12 16:08:21: Tool Ver: 2013.0605.01
2014/11/12 16:08:21: COM PORT OPEN ... OK
2014/11/12 16:08:21:
2014/11/12 16:08:21: ProductS/N:  VRW06A114Y00798
2014/11/12 16:08:21: TID: 86042A212AE62080
2014/11/12 16:08:21: F/W Version: 00.00.08
2014/11/12 16:08:21:
2014/11/12 16:08:21: MasterKey Key Entry ... OK
2014/11/12 16:08:21: PowerON Counter Key Entry ... OK
2014/11/12 16:08:22: Key Entry ... OK
2014/11/12 16:08:22: Complete.
2014/11/12 16:08:22: COM PORT CLOSE ... OK
2014/11/12 16:08:22: 
2014/11/12 16:08:22: ==== Processing was completed ====
2014/11/12 16:08:22: 
*************************************************


*********** Start the Initialize Key Check **********
2014/11/12 16:11:05: Tool Ver: 2013.0605.01
2014/11/12 16:11:05: COM PORT OPEN ... OK
2014/11/12 16:11:05:
2014/11/12 16:11:05: ProductS/N:  VRW06A114Y00773
2014/11/12 16:11:05: TID: 860403212AE62080
2014/11/12 16:11:05: F/W Version: 00.00.08
2014/11/12 16:11:05:
2014/11/12 16:11:05: MasterKey Key Entry ... OK
2014/11/12 16:11:05: PowerON Counter Key Entry ... OK
2014/11/12 16:11:06: Key Entry ... OK
2014/11/12 16:11:06: Complete.
2014/11/12 16:11:06: COM PORT CLOSE ... OK
2014/11/12 16:11:06: 
2014/11/12 16:11:06: ==== Processing was completed ====
2014/11/12 16:11:06: 
*************************************************


*********** Start the Initialize Key Check **********
2014/11/12 16:18:03: Tool Ver: 2013.0605.01
2014/11/12 16:18:03: COM PORT OPEN ... OK
2014/11/12 16:18:03:
2014/11/12 16:18:03: ProductS/N:  VRW06A114Y00796
2014/11/12 16:18:03: TID: 86043E252AE62080
2014/11/12 16:18:03: F/W Version: 00.00.08
2014/11/12 16:18:03:
2014/11/12 16:18:03: MasterKey Key Entry ... OK
2014/11/12 16:18:03: PowerON Counter Key Entry ... OK
2014/11/12 16:18:04: Key Entry ... OK
2014/11/12 16:18:04: Complete.
2014/11/12 16:18:04: COM PORT CLOSE ... OK
2014/11/12 16:18:04: 
2014/11/12 16:18:04: ==== Processing was completed ====
2014/11/12 16:18:04: 
*************************************************


*********** Start the Initialize Key Check **********
2014/11/12 16:20:11: Tool Ver: 2013.0605.01
2014/11/12 16:20:11: COM PORT OPEN ... OK
2014/11/12 16:20:11:
2014/11/12 16:20:11: ProductS/N:  VRW06A114Y00797
2014/11/12 16:20:11: TID: 86043D252AE62080
2014/11/12 16:20:11: F/W Version: 00.00.08
2014/11/12 16:20:11:
2014/11/12 16:20:11: MasterKey Key Entry ... OK
2014/11/12 16:20:11: PowerON Counter Key Entry ... OK
2014/11/12 16:20:12: Key Entry ... OK
2014/11/12 16:20:12: Complete.
2014/11/12 16:20:12: COM PORT CLOSE ... OK
2014/11/12 16:20:12: 
2014/11/12 16:20:12: ==== Processing was completed ====
2014/11/12 16:20:12: 
*************************************************


*********** Start the Initialize Key Check **********
2014/11/12 16:22:34: Tool Ver: 2013.0605.01
2014/11/12 16:22:34: COM PORT OPEN ... OK
2014/11/12 16:22:34:
2014/11/12 16:22:34: ProductS/N:  VRW06A114Y00799
2014/11/12 16:22:34: TID: 86040F09CAE52080
2014/11/12 16:22:34: F/W Version: 00.00.08
2014/11/12 16:22:34:
2014/11/12 16:22:34: MasterKey Key Entry ... OK
2014/11/12 16:22:34: PowerON Counter Key Entry ... OK
2014/11/12 16:22:35: Key Entry ... OK
2014/11/12 16:22:35: Complete.
2014/11/12 16:22:35: COM PORT CLOSE ... OK
2014/11/12 16:22:35: 
2014/11/12 16:22:35: ==== Processing was completed ====
2014/11/12 16:22:35: 
*************************************************


*********** Start the Initialize Key Check **********
2014/11/12 16:25:23: Tool Ver: 2013.0605.01
2014/11/12 16:25:23: COM PORT OPEN ... OK
2014/11/12 16:25:24:
2014/11/12 16:25:24: ProductS/N:  VRW06A114Y00801
2014/11/12 16:25:24: TID: 86041234CAE52080
2014/11/12 16:25:24: F/W Version: 00.00.08
2014/11/12 16:25:24:
2014/11/12 16:25:24: MasterKey Key Entry ... OK
2014/11/12 16:25:24: PowerON Counter Key Entry ... OK
2014/11/12 16:25:24: Key Entry ... OK
2014/11/12 16:25:24: Complete.
2014/11/12 16:25:24: COM PORT CLOSE ... OK
2014/11/12 16:25:24: 
2014/11/12 16:25:24: ==== Processing was completed ====
2014/11/12 16:25:24: 
*************************************************


*********** Start the Initialize Key Check **********
2014/11/12 16:28:21: Tool Ver: 2013.0605.01
2014/11/12 16:28:21: COM PORT OPEN ... OK
2014/11/12 16:28:21:
2014/11/12 16:28:21: ProductS/N:  VRW06A114Y00802
2014/11/12 16:28:21: TID: 8604183CD2E52080
2014/11/12 16:28:21: F/W Version: 00.00.08
2014/11/12 16:28:21:
2014/11/12 16:28:21: MasterKey Key Entry ... OK
2014/11/12 16:28:21: PowerON Counter Key Entry ... OK
2014/11/12 16:28:22: Key Entry ... OK
2014/11/12 16:28:22: Complete.
2014/11/12 16:28:22: COM PORT CLOSE ... OK
2014/11/12 16:28:22: 
2014/11/12 16:28:22: ==== Processing was completed ====
2014/11/12 16:28:22: 
*************************************************


*********** Start the Initialize Key Check **********
2014/11/12 16:33:36: Tool Ver: 2013.0605.01
2014/11/12 16:33:36: COM PORT OPEN ... OK
2014/11/12 16:33:37:
2014/11/12 16:33:37: ProductS/N:  VRW06A114Y00800
2014/11/12 16:33:37: TID: 8604391E2AE62080
2014/11/12 16:33:37: F/W Version: 00.00.08
2014/11/12 16:33:37:
2014/11/12 16:33:37: MasterKey Key Entry ... OK
2014/11/12 16:33:37: PowerON Counter Key Entry ... OK
2014/11/12 16:33:37: Key Entry ... OK
2014/11/12 16:33:37: Complete.
2014/11/12 16:33:37: COM PORT CLOSE ... OK
2014/11/12 16:33:37: 
2014/11/12 16:33:37: ==== Processing was completed ====
2014/11/12 16:33:37: 
*************************************************


*********** Start the Initialize Key Check **********
2014/11/12 16:35:43: Tool Ver: 2013.0605.01
2014/11/12 16:35:43: COM PORT OPEN ... OK
2014/11/12 16:35:43:
2014/11/12 16:35:43: ProductS/N:  VRW06A114Y00803
2014/11/12 16:35:44: TID: 86040C3CD2E52080
2014/11/12 16:35:44: F/W Version: 00.00.08
2014/11/12 16:35:44:
2014/11/12 16:35:44: MasterKey Key Entry ... OK
2014/11/12 16:35:44: PowerON Counter Key Entry ... OK
2014/11/12 16:35:44: Key Entry ... OK
2014/11/12 16:35:44: Complete.
2014/11/12 16:35:44: COM PORT CLOSE ... OK
2014/11/12 16:35:44: 
2014/11/12 16:35:44: ==== Processing was completed ====
2014/11/12 16:35:44: 
*************************************************


*********** Start the Initialize Key Check **********
2014/11/12 16:38:09: Tool Ver: 2013.0605.01
2014/11/12 16:38:09: COM PORT OPEN ... OK
2014/11/12 16:38:09:
2014/11/12 16:38:09: ProductS/N:  VRW06A114Y00805
2014/11/12 16:38:09: TID: 860418212AE62080
2014/11/12 16:38:09: F/W Version: 00.00.08
2014/11/12 16:38:09:
2014/11/12 16:38:09: MasterKey Key Entry ... OK
2014/11/12 16:38:09: PowerON Counter Key Entry ... OK
2014/11/12 16:38:10: Key Entry ... OK
2014/11/12 16:38:10: Complete.
2014/11/12 16:38:10: COM PORT CLOSE ... OK
2014/11/12 16:38:10: 
2014/11/12 16:38:10: ==== Processing was completed ====
2014/11/12 16:38:10: 
*************************************************


*********** Start the Initialize Key Check **********
2014/11/12 16:41:21: Tool Ver: 2013.0605.01
2014/11/12 16:41:21: COM PORT OPEN ... OK
2014/11/12 16:41:22:
2014/11/12 16:41:22: ProductS/N:  VRW06A114Y00807
2014/11/12 16:41:22: TID: 86043D1F2AE62080
2014/11/12 16:41:22: F/W Version: 00.00.08
2014/11/12 16:41:22:
2014/11/12 16:41:22: MasterKey Key Entry ... OK
2014/11/12 16:41:22: PowerON Counter Key Entry ... OK
2014/11/12 16:41:22: Key Entry ... OK
2014/11/12 16:41:22: Complete.
2014/11/12 16:41:22: COM PORT CLOSE ... OK
2014/11/12 16:41:22: 
2014/11/12 16:41:22: ==== Processing was completed ====
2014/11/12 16:41:22: 
*************************************************


*********** Start the Initialize Key Check **********
2014/11/12 16:45:08: Tool Ver: 2013.0605.01
2014/11/12 16:45:08: COM PORT OPEN ... OK
2014/11/12 16:45:08:
2014/11/12 16:45:08: ProductS/N:  VRW06A114Y00799
2014/11/12 16:45:08: TID: 86040F09CAE52080
2014/11/12 16:45:08: F/W Version: 00.00.08
2014/11/12 16:45:08:
2014/11/12 16:45:08: MasterKey Key Entry ... OK
2014/11/12 16:45:08: PowerON Counter Key Entry ... OK
2014/11/12 16:45:09: Key Entry ... OK
2014/11/12 16:45:09: Complete.
2014/11/12 16:45:09: COM PORT CLOSE ... OK
2014/11/12 16:45:09: 
2014/11/12 16:45:09: ==== Processing was completed ====
2014/11/12 16:45:09: 
*************************************************


*********** Start the Initialize Key Check **********
2014/11/12 16:48:12: Tool Ver: 2013.0605.01
2014/11/12 16:48:12: COM PORT OPEN ... OK
2014/11/12 16:48:12:
2014/11/12 16:48:12: ProductS/N:  VRW06A114Y00806
2014/11/12 16:48:12: TID: 86040E3BD2E52080
2014/11/12 16:48:12: F/W Version: 00.00.08
2014/11/12 16:48:12:
2014/11/12 16:48:12: MasterKey Key Entry ... OK
2014/11/12 16:48:12: PowerON Counter Key Entry ... OK
2014/11/12 16:48:13: Key Entry ... OK
2014/11/12 16:48:13: Complete.
2014/11/12 16:48:13: COM PORT CLOSE ... OK
2014/11/12 16:48:13: 
2014/11/12 16:48:13: ==== Processing was completed ====
2014/11/12 16:48:13: 
*************************************************


*********** Start the Initialize Key Check **********
2014/11/12 16:50:17: Tool Ver: 2013.0605.01
2014/11/12 16:50:17: COM PORT OPEN ... OK
2014/11/12 16:50:17: AUTH1 POS ... ERROR(41)
2014/11/12 16:50:17:
2014/11/12 16:50:17: ProductS/N:  VRW06A114Y00804
2014/11/12 16:50:17: TID: 8604121E2AE62080
2014/11/12 16:50:17: F/W Version: 00.00.08
2014/11/12 16:50:17:
2014/11/12 16:50:17: MasterKey Key Entry... ERROR
2014/11/12 16:50:17: PowerON Counter Key Entry... ERROR
2014/11/12 16:50:18: COM PORT CLOSE ... OK
2014/11/12 16:50:18: 
2014/11/12 16:50:18: ######## Error has occurred ########
2014/11/12 16:50:18: 
*************************************************


*********** Start the Initialize Key Check **********
2014/11/12 16:50:29: Tool Ver: 2013.0605.01
2014/11/12 16:50:29: COM PORT OPEN ... OK
2014/11/12 16:50:29: AUTH1 POS ... ERROR(41)
2014/11/12 16:50:29:
2014/11/12 16:50:29: ProductS/N:  VRW06A114Y00804
2014/11/12 16:50:29: TID: 8604121E2AE62080
2014/11/12 16:50:29: F/W Version: 00.00.08
2014/11/12 16:50:29:
2014/11/12 16:50:29: MasterKey Key Entry... ERROR
2014/11/12 16:50:29: PowerON Counter Key Entry... ERROR
2014/11/12 16:50:30: COM PORT CLOSE ... OK
2014/11/12 16:50:30: 
2014/11/12 16:50:30: ######## Error has occurred ########
2014/11/12 16:50:30: 
*************************************************


*********** Start the Initialize Key Check **********
2014/11/12 16:50:43: Tool Ver: 2013.0605.01
2014/11/12 16:50:43: COM PORT OPEN ... OK
2014/11/12 16:50:43: AUTH1 POS ... ERROR(41)
2014/11/12 16:50:43:
2014/11/12 16:50:43: ProductS/N:  VRW06A114Y00804
2014/11/12 16:50:43: TID: 8604121E2AE62080
2014/11/12 16:50:43: F/W Version: 00.00.08
2014/11/12 16:50:43:
2014/11/12 16:50:43: MasterKey Key Entry... ERROR
2014/11/12 16:50:43: PowerON Counter Key Entry... ERROR
2014/11/12 16:50:43: COM PORT CLOSE ... OK
2014/11/12 16:50:43: 
2014/11/12 16:50:43: ######## Error has occurred ########
2014/11/12 16:50:43: 
*************************************************


*********** Start the Initialize Key Check **********
2014/11/12 16:51:02: Tool Ver: 2013.0605.01
2014/11/12 16:51:02: COM PORT OPEN ... OK
2014/11/12 16:51:02: AUTH1 POS ... ERROR(41)
2014/11/12 16:51:02:
2014/11/12 16:51:02: ProductS/N:  VRW06A114Y00804
2014/11/12 16:51:02: TID: 8604121E2AE62080
2014/11/12 16:51:02: F/W Version: 00.00.08
2014/11/12 16:51:02:
2014/11/12 16:51:02: MasterKey Key Entry... ERROR
2014/11/12 16:51:02: PowerON Counter Key Entry... ERROR
2014/11/12 16:51:02: COM PORT CLOSE ... OK
2014/11/12 16:51:02: 
2014/11/12 16:51:02: ######## Error has occurred ########
2014/11/12 16:51:02: 
*************************************************


*********** Start the Initialize Key Check **********
2014/11/12 16:51:25: Tool Ver: 2013.0605.01
2014/11/12 16:51:25: COM PORT OPEN ... OK
2014/11/12 16:51:26: AUTH1 POS ... ERROR(41)
2014/11/12 16:51:26:
2014/11/12 16:51:26: ProductS/N:  VRW06A114Y00804
2014/11/12 16:51:26: TID: 8604121E2AE62080
2014/11/12 16:51:26: F/W Version: 00.00.08
2014/11/12 16:51:26:
2014/11/12 16:51:26: MasterKey Key Entry... ERROR
2014/11/12 16:51:26: PowerON Counter Key Entry... ERROR
2014/11/12 16:51:26: COM PORT CLOSE ... OK
2014/11/12 16:51:26: 
2014/11/12 16:51:26: ######## Error has occurred ########
2014/11/12 16:51:26: 
*************************************************


*********** Start the Initialize Key Check **********
2014/11/12 16:51:49: Tool Ver: 2013.0605.01
2014/11/12 16:51:49: Product S/N ... ERROR
2014/11/12 16:51:49: 
2014/11/12 16:51:49: ######## Error has occurred ########
2014/11/12 16:51:49: 
*************************************************


*********** Start the Initialize Key Check **********
2014/11/12 16:52:02: Tool Ver: 2013.0605.01
2014/11/12 16:52:02: COM PORT OPEN ... OK
2014/11/12 16:52:03: AUTH1 POS ... ERROR(41)
2014/11/12 16:52:03:
2014/11/12 16:52:03: ProductS/N:  VRW06A114Y00804
2014/11/12 16:52:03: TID: 8604121E2AE62080
2014/11/12 16:52:03: F/W Version: 00.00.08
2014/11/12 16:52:03:
2014/11/12 16:52:03: MasterKey Key Entry... ERROR
2014/11/12 16:52:03: PowerON Counter Key Entry... ERROR
2014/11/12 16:52:03: COM PORT CLOSE ... OK
2014/11/12 16:52:03: 
2014/11/12 16:52:03: ######## Error has occurred ########
2014/11/12 16:52:03: 
*************************************************


*********** Start the Initialize Key Check **********
2014/11/12 16:52:26: Tool Ver: 2013.0605.01
2014/11/12 16:52:26: COM PORT OPEN ... OK
2014/11/12 16:52:26: AUTH1 POS ... ERROR(41)
2014/11/12 16:52:26:
2014/11/12 16:52:26: ProductS/N:  VRW06A114Y00804
2014/11/12 16:52:26: TID: 8604121E2AE62080
2014/11/12 16:52:26: F/W Version: 00.00.08
2014/11/12 16:52:26:
2014/11/12 16:52:26: MasterKey Key Entry... ERROR
2014/11/12 16:52:26: PowerON Counter Key Entry... ERROR
2014/11/12 16:52:27: COM PORT CLOSE ... OK
2014/11/12 16:52:27: 
2014/11/12 16:52:27: ######## Error has occurred ########
2014/11/12 16:52:27: 
*************************************************


*********** Start the Initialize Key Check **********
2014/11/12 16:53:13: Tool Ver: 2013.0605.01
2014/11/12 16:53:13: COM PORT OPEN ... OK
2014/11/12 16:53:13:
2014/11/12 16:53:13: ProductS/N:  VRW06A114Y00810
2014/11/12 16:53:13: TID: 860441273AE62080
2014/11/12 16:53:13: F/W Version: 00.00.08
2014/11/12 16:53:13:
2014/11/12 16:53:13: MasterKey Key Entry ... OK
2014/11/12 16:53:13: PowerON Counter Key Entry ... OK
2014/11/12 16:53:14: Key Entry ... OK
2014/11/12 16:53:14: Complete.
2014/11/12 16:53:14: COM PORT CLOSE ... OK
2014/11/12 16:53:14: 
2014/11/12 16:53:14: ==== Processing was completed ====
2014/11/12 16:53:14: 
*************************************************


*********** Start the Initialize Key Check **********
2014/11/12 16:53:46: Tool Ver: 2013.0605.01
2014/11/12 16:53:46: COM PORT OPEN ... OK
2014/11/12 16:53:46:
2014/11/12 16:53:46: ProductS/N:  VRW06A114Y00808
2014/11/12 16:53:46: TID: 860425282AE62080
2014/11/12 16:53:46: F/W Version: 00.00.08
2014/11/12 16:53:46:
2014/11/12 16:53:46: MasterKey Key Entry ... OK
2014/11/12 16:53:46: PowerON Counter Key Entry ... OK
2014/11/12 16:53:47: Key Entry ... OK
2014/11/12 16:53:47: Complete.
2014/11/12 16:53:47: COM PORT CLOSE ... OK
2014/11/12 16:53:47: 
2014/11/12 16:53:47: ==== Processing was completed ====
2014/11/12 16:53:47: 
*************************************************


*********** Start the Initialize Key Check **********
2014/11/12 16:55:29: Tool Ver: 2013.0605.01
2014/11/12 16:55:29: COM PORT OPEN ... OK
2014/11/12 16:55:29:
2014/11/12 16:55:29: ProductS/N:  VRW06A114Y00811
2014/11/12 16:55:29: TID: 86042D163AE62080
2014/11/12 16:55:29: F/W Version: 00.00.08
2014/11/12 16:55:29:
2014/11/12 16:55:29: MasterKey Key Entry ... OK
2014/11/12 16:55:29: PowerON Counter Key Entry ... OK
2014/11/12 16:55:29: Key Entry ... OK
2014/11/12 16:55:29: Complete.
2014/11/12 16:55:29: COM PORT CLOSE ... OK
2014/11/12 16:55:29: 
2014/11/12 16:55:29: ==== Processing was completed ====
2014/11/12 16:55:29: 
*************************************************


