*********** Start the Initialize Key Check **********
2014/09/20 08:37:49: Tool Ver: 2013.0605.01
2014/09/20 08:37:49: COM PORT OPEN ... OK
2014/09/20 08:37:49:
2014/09/20 08:37:49: ProductS/N:  VRW06A114900149
2014/09/20 08:37:49: TID: 86041B232AE62080
2014/09/20 08:37:49: F/W Version: 00.00.08
2014/09/20 08:37:49:
2014/09/20 08:37:49: MasterKey Key Entry ... OK
2014/09/20 08:37:49: PowerON Counter Key Entry ... OK
2014/09/20 08:37:50: Key Entry ... OK
2014/09/20 08:37:50: Complete.
2014/09/20 08:37:50: COM PORT CLOSE ... OK
2014/09/20 08:37:50: 
2014/09/20 08:37:50: ==== Processing was completed ====
2014/09/20 08:37:50: 
*************************************************


*********** Start the Initialize Key Check **********
2014/09/20 08:39:53: Tool Ver: 2013.0605.01
2014/09/20 08:39:53: COM PORT OPEN ... OK
2014/09/20 08:39:53:
2014/09/20 08:39:53: ProductS/N:  VRW06A114900020
2014/09/20 08:39:53: TID: 86040936CAE52080
2014/09/20 08:39:53: F/W Version: 00.00.08
2014/09/20 08:39:53:
2014/09/20 08:39:53: MasterKey Key Entry ... OK
2014/09/20 08:39:53: PowerON Counter Key Entry ... OK
2014/09/20 08:39:54: Key Entry ... OK
2014/09/20 08:39:54: Complete.
2014/09/20 08:39:54: COM PORT CLOSE ... OK
2014/09/20 08:39:54: 
2014/09/20 08:39:54: ==== Processing was completed ====
2014/09/20 08:39:54: 
*************************************************


*********** Start the Initialize Key Check **********
2014/09/20 08:43:16: Tool Ver: 2013.0605.01
2014/09/20 08:43:16: COM PORT OPEN ... OK
2014/09/20 08:43:16:
2014/09/20 08:43:16: ProductS/N:  VRW06A114900148
2014/09/20 08:43:16: TID: 8604292DCAE52080
2014/09/20 08:43:16: F/W Version: 00.00.08
2014/09/20 08:43:16:
2014/09/20 08:43:16: MasterKey Key Entry ... OK
2014/09/20 08:43:16: PowerON Counter Key Entry ... OK
2014/09/20 08:43:17: Key Entry ... OK
2014/09/20 08:43:17: Complete.
2014/09/20 08:43:17: COM PORT CLOSE ... OK
2014/09/20 08:43:17: 
2014/09/20 08:43:17: ==== Processing was completed ====
2014/09/20 08:43:17: 
*************************************************


*********** Start the Initialize Key Check **********
2014/09/20 08:45:17: Tool Ver: 2013.0605.01
2014/09/20 08:45:17: COM PORT OPEN ... OK
2014/09/20 08:45:17:
2014/09/20 08:45:17: ProductS/N:  VRW06A114900140
2014/09/20 08:45:17: TID: 860415252AE62080
2014/09/20 08:45:17: F/W Version: 00.00.08
2014/09/20 08:45:17:
2014/09/20 08:45:17: MasterKey Key Entry ... OK
2014/09/20 08:45:17: PowerON Counter Key Entry ... OK
2014/09/20 08:45:18: Key Entry ... OK
2014/09/20 08:45:18: Complete.
2014/09/20 08:45:18: COM PORT CLOSE ... OK
2014/09/20 08:45:18: 
2014/09/20 08:45:18: ==== Processing was completed ====
2014/09/20 08:45:18: 
*************************************************


*********** Start the Initialize Key Check **********
2014/09/20 08:47:08: Tool Ver: 2013.0605.01
2014/09/20 08:47:08: COM PORT OPEN ... OK
2014/09/20 08:47:08:
2014/09/20 08:47:08: ProductS/N:  VRW06A114900150
2014/09/20 08:47:08: TID: 8604330F3AE62080
2014/09/20 08:47:08: F/W Version: 00.00.08
2014/09/20 08:47:08:
2014/09/20 08:47:08: MasterKey Key Entry ... OK
2014/09/20 08:47:08: PowerON Counter Key Entry ... OK
2014/09/20 08:47:08: Key Entry ... OK
2014/09/20 08:47:08: Complete.
2014/09/20 08:47:08: COM PORT CLOSE ... OK
2014/09/20 08:47:08: 
2014/09/20 08:47:08: ==== Processing was completed ====
2014/09/20 08:47:08: 
*************************************************


*********** Start the Initialize Key Check **********
2014/09/20 08:49:59: Tool Ver: 2013.0605.01
2014/09/20 08:49:59: COM PORT OPEN ... OK
2014/09/20 08:49:59:
2014/09/20 08:49:59: ProductS/N:  VRW06A114900142
2014/09/20 08:49:59: TID: 86041B32CAE52080
2014/09/20 08:49:59: F/W Version: 00.00.08
2014/09/20 08:49:59:
2014/09/20 08:49:59: MasterKey Key Entry ... OK
2014/09/20 08:49:59: PowerON Counter Key Entry ... OK
2014/09/20 08:50:00: Key Entry ... OK
2014/09/20 08:50:00: Complete.
2014/09/20 08:50:00: COM PORT CLOSE ... OK
2014/09/20 08:50:00: 
2014/09/20 08:50:00: ==== Processing was completed ====
2014/09/20 08:50:00: 
*************************************************


*********** Start the Initialize Key Check **********
2014/09/20 08:52:52: Tool Ver: 2013.0605.01
2014/09/20 08:52:52: COM PORT OPEN ... OK
2014/09/20 08:52:52:
2014/09/20 08:52:52: ProductS/N:  VRW06A114900143
2014/09/20 08:52:52: TID: 860421292AE62080
2014/09/20 08:52:52: F/W Version: 00.00.08
2014/09/20 08:52:52:
2014/09/20 08:52:52: MasterKey Key Entry ... OK
2014/09/20 08:52:52: PowerON Counter Key Entry ... OK
2014/09/20 08:52:53: Key Entry ... OK
2014/09/20 08:52:53: Complete.
2014/09/20 08:52:53: COM PORT CLOSE ... OK
2014/09/20 08:52:53: 
2014/09/20 08:52:53: ==== Processing was completed ====
2014/09/20 08:52:53: 
*************************************************


*********** Start the Initialize Key Check **********
2014/09/20 08:55:42: Tool Ver: 2013.0605.01
2014/09/20 08:55:42: COM PORT OPEN ... OK
2014/09/20 08:55:42:
2014/09/20 08:55:42: ProductS/N:  VRW06A114900081
2014/09/20 08:55:42: TID: 86043533CAE52080
2014/09/20 08:55:42: F/W Version: 00.00.08
2014/09/20 08:55:42:
2014/09/20 08:55:42: MasterKey Key Entry ... OK
2014/09/20 08:55:42: PowerON Counter Key Entry ... OK
2014/09/20 08:55:43: Key Entry ... OK
2014/09/20 08:55:43: Complete.
2014/09/20 08:55:43: COM PORT CLOSE ... OK
2014/09/20 08:55:43: 
2014/09/20 08:55:43: ==== Processing was completed ====
2014/09/20 08:55:43: 
*************************************************


*********** Start the Initialize Key Check **********
2014/09/20 08:58:07: Tool Ver: 2013.0605.01
2014/09/20 08:58:07: COM PORT OPEN ... OK
2014/09/20 08:58:07:
2014/09/20 08:58:07: ProductS/N:  VRW06A114900115
2014/09/20 08:58:07: TID: 86042F2ECAE52080
2014/09/20 08:58:07: F/W Version: 00.00.08
2014/09/20 08:58:07:
2014/09/20 08:58:07: MasterKey Key Entry ... OK
2014/09/20 08:58:07: PowerON Counter Key Entry ... OK
2014/09/20 08:58:08: Key Entry ... OK
2014/09/20 08:58:08: Complete.
2014/09/20 08:58:08: COM PORT CLOSE ... OK
2014/09/20 08:58:08: 
2014/09/20 08:58:08: ==== Processing was completed ====
2014/09/20 08:58:08: 
*************************************************


*********** Start the Initialize Key Check **********
2014/09/20 09:00:55: Tool Ver: 2013.0605.01
2014/09/20 09:00:55: COM PORT OPEN ... OK
2014/09/20 09:00:55:
2014/09/20 09:00:55: ProductS/N:  VRW06A114900073
2014/09/20 09:00:55: TID: 86041D173AE62080
2014/09/20 09:00:55: F/W Version: 00.00.08
2014/09/20 09:00:55:
2014/09/20 09:00:55: MasterKey Key Entry ... OK
2014/09/20 09:00:55: PowerON Counter Key Entry ... OK
2014/09/20 09:00:56: Key Entry ... OK
2014/09/20 09:00:56: Complete.
2014/09/20 09:00:56: COM PORT CLOSE ... OK
2014/09/20 09:00:56: 
2014/09/20 09:00:56: ==== Processing was completed ====
2014/09/20 09:00:56: 
*************************************************


*********** Start the Initialize Key Check **********
2014/09/20 09:03:38: Tool Ver: 2013.0605.01
2014/09/20 09:03:38: COM PORT OPEN ... OK
2014/09/20 09:03:38:
2014/09/20 09:03:38: ProductS/N:  VRW06A114900141
2014/09/20 09:03:38: TID: 8604142B2AE62080
2014/09/20 09:03:38: F/W Version: 00.00.08
2014/09/20 09:03:38:
2014/09/20 09:03:38: MasterKey Key Entry ... OK
2014/09/20 09:03:38: PowerON Counter Key Entry ... OK
2014/09/20 09:03:39: Key Entry ... OK
2014/09/20 09:03:39: Complete.
2014/09/20 09:03:39: COM PORT CLOSE ... OK
2014/09/20 09:03:39: 
2014/09/20 09:03:39: ==== Processing was completed ====
2014/09/20 09:03:39: 
*************************************************


*********** Start the Initialize Key Check **********
2014/09/20 09:05:46: Tool Ver: 2013.0605.01
2014/09/20 09:05:46: COM PORT OPEN ... OK
2014/09/20 09:05:46:
2014/09/20 09:05:46: ProductS/N:  VRW06A114900139
2014/09/20 09:05:46: TID: 860410173AE62080
2014/09/20 09:05:46: F/W Version: 00.00.08
2014/09/20 09:05:46:
2014/09/20 09:05:46: MasterKey Key Entry ... OK
2014/09/20 09:05:46: PowerON Counter Key Entry ... OK
2014/09/20 09:05:47: Key Entry ... OK
2014/09/20 09:05:47: Complete.
2014/09/20 09:05:47: COM PORT CLOSE ... OK
2014/09/20 09:05:47: 
2014/09/20 09:05:47: ==== Processing was completed ====
2014/09/20 09:05:47: 
*************************************************


*********** Start the Initialize Key Check **********
2014/09/20 09:08:57: Tool Ver: 2013.0605.01
2014/09/20 09:08:57: COM PORT OPEN ... OK
2014/09/20 09:08:58:
2014/09/20 09:08:58: ProductS/N:  VRW06A114900151
2014/09/20 09:08:58: TID: 86042C282AE62080
2014/09/20 09:08:58: F/W Version: 00.00.08
2014/09/20 09:08:58:
2014/09/20 09:08:58: MasterKey Key Entry ... OK
2014/09/20 09:08:58: PowerON Counter Key Entry ... OK
2014/09/20 09:08:58: Key Entry ... OK
2014/09/20 09:08:58: Complete.
2014/09/20 09:08:58: COM PORT CLOSE ... OK
2014/09/20 09:08:58: 
2014/09/20 09:08:58: ==== Processing was completed ====
2014/09/20 09:08:58: 
*************************************************


*********** Start the Initialize Key Check **********
2014/09/20 09:12:09: Tool Ver: 2013.0605.01
2014/09/20 09:12:09: COM PORT OPEN ... OK
2014/09/20 09:12:09:
2014/09/20 09:12:09: ProductS/N:  VRW06A114900129
2014/09/20 09:12:09: TID: 86041A28CAE52080
2014/09/20 09:12:09: F/W Version: 00.00.08
2014/09/20 09:12:09:
2014/09/20 09:12:09: MasterKey Key Entry ... OK
2014/09/20 09:12:09: PowerON Counter Key Entry ... OK
2014/09/20 09:12:10: Key Entry ... OK
2014/09/20 09:12:10: Complete.
2014/09/20 09:12:10: COM PORT CLOSE ... OK
2014/09/20 09:12:10: 
2014/09/20 09:12:10: ==== Processing was completed ====
2014/09/20 09:12:10: 
*************************************************


*********** Start the Initialize Key Check **********
2014/09/20 09:14:49: Tool Ver: 2013.0605.01
2014/09/20 09:14:49: COM PORT OPEN ... OK
2014/09/20 09:14:49:
2014/09/20 09:14:49: ProductS/N:  VRW06A114900138
2014/09/20 09:14:49: TID: 860425183AE62080
2014/09/20 09:14:49: F/W Version: 00.00.08
2014/09/20 09:14:49:
2014/09/20 09:14:49: MasterKey Key Entry ... OK
2014/09/20 09:14:49: PowerON Counter Key Entry ... OK
2014/09/20 09:14:50: Key Entry ... OK
2014/09/20 09:14:50: Complete.
2014/09/20 09:14:50: COM PORT CLOSE ... OK
2014/09/20 09:14:50: 
2014/09/20 09:14:50: ==== Processing was completed ====
2014/09/20 09:14:50: 
*************************************************


*********** Start the Initialize Key Check **********
2014/09/20 09:20:39: Tool Ver: 2013.0605.01
2014/09/20 09:20:39: COM PORT OPEN ... OK
2014/09/20 09:20:39:
2014/09/20 09:20:39: ProductS/N:  VRW06A114900144
2014/09/20 09:20:39: TID: 860421252AE62080
2014/09/20 09:20:39: F/W Version: 00.00.08
2014/09/20 09:20:39:
2014/09/20 09:20:39: MasterKey Key Entry ... OK
2014/09/20 09:20:39: PowerON Counter Key Entry ... OK
2014/09/20 09:20:39: Key Entry ... OK
2014/09/20 09:20:39: Complete.
2014/09/20 09:20:39: COM PORT CLOSE ... OK
2014/09/20 09:20:39: 
2014/09/20 09:20:39: ==== Processing was completed ====
2014/09/20 09:20:39: 
*************************************************


*********** Start the Initialize Key Check **********
2014/09/20 09:23:09: Tool Ver: 2013.0605.01
2014/09/20 09:23:09: COM PORT OPEN ... OK
2014/09/20 09:23:09:
2014/09/20 09:23:09: ProductS/N:  VRW06A114900153
2014/09/20 09:23:09: TID: 86040F2ACAE52080
2014/09/20 09:23:09: F/W Version: 00.00.08
2014/09/20 09:23:09:
2014/09/20 09:23:09: MasterKey Key Entry ... OK
2014/09/20 09:23:09: PowerON Counter Key Entry ... OK
2014/09/20 09:23:10: Key Entry ... OK
2014/09/20 09:23:10: Complete.
2014/09/20 09:23:10: COM PORT CLOSE ... OK
2014/09/20 09:23:10: 
2014/09/20 09:23:10: ==== Processing was completed ====
2014/09/20 09:23:10: 
*************************************************


*********** Start the Initialize Key Check **********
2014/09/20 09:25:47: Tool Ver: 2013.0605.01
2014/09/20 09:25:47: COM PORT OPEN ... OK
2014/09/20 09:25:47:
2014/09/20 09:25:47: ProductS/N:  VRW06A114900110
2014/09/20 09:25:47: TID: 8604252BCAE52080
2014/09/20 09:25:47: F/W Version: 00.00.08
2014/09/20 09:25:47:
2014/09/20 09:25:47: MasterKey Key Entry ... OK
2014/09/20 09:25:47: PowerON Counter Key Entry ... OK
2014/09/20 09:25:48: Key Entry ... OK
2014/09/20 09:25:48: Complete.
2014/09/20 09:25:48: COM PORT CLOSE ... OK
2014/09/20 09:25:48: 
2014/09/20 09:25:48: ==== Processing was completed ====
2014/09/20 09:25:48: 
*************************************************


*********** Start the Initialize Key Check **********
2014/09/20 09:28:03: Tool Ver: 2013.0605.01
2014/09/20 09:28:03: COM PORT OPEN ... OK
2014/09/20 09:28:03:
2014/09/20 09:28:03: ProductS/N:  VRW06A114900121
2014/09/20 09:28:03: TID: 86041D2BCAE52080
2014/09/20 09:28:03: F/W Version: 00.00.08
2014/09/20 09:28:03:
2014/09/20 09:28:03: MasterKey Key Entry ... OK
2014/09/20 09:28:03: PowerON Counter Key Entry ... OK
2014/09/20 09:28:04: Key Entry ... OK
2014/09/20 09:28:04: Complete.
2014/09/20 09:28:04: COM PORT CLOSE ... OK
2014/09/20 09:28:04: 
2014/09/20 09:28:04: ==== Processing was completed ====
2014/09/20 09:28:04: 
*************************************************


*********** Start the Initialize Key Check **********
2014/09/20 09:30:19: Tool Ver: 2013.0605.01
2014/09/20 09:30:19: COM PORT OPEN ... OK
2014/09/20 09:30:19:
2014/09/20 09:30:19: ProductS/N:  VRW06A114900154
2014/09/20 09:30:19: TID: 86043527CAE52080
2014/09/20 09:30:19: F/W Version: 00.00.08
2014/09/20 09:30:19:
2014/09/20 09:30:19: MasterKey Key Entry ... OK
2014/09/20 09:30:19: PowerON Counter Key Entry ... OK
2014/09/20 09:30:20: Key Entry ... OK
2014/09/20 09:30:20: Complete.
2014/09/20 09:30:20: COM PORT CLOSE ... OK
2014/09/20 09:30:20: 
2014/09/20 09:30:20: ==== Processing was completed ====
2014/09/20 09:30:20: 
*************************************************


*********** Start the Initialize Key Check **********
2014/09/20 09:33:08: Tool Ver: 2013.0605.01
2014/09/20 09:33:08: COM PORT OPEN ... OK
2014/09/20 09:33:08:
2014/09/20 09:33:08: ProductS/N:  VRW06A114900164
2014/09/20 09:33:08: TID: 86040E2ECAE52080
2014/09/20 09:33:08: F/W Version: 00.00.08
2014/09/20 09:33:08:
2014/09/20 09:33:08: MasterKey Key Entry ... OK
2014/09/20 09:33:08: PowerON Counter Key Entry ... OK
2014/09/20 09:33:09: Key Entry ... OK
2014/09/20 09:33:09: Complete.
2014/09/20 09:33:09: COM PORT CLOSE ... OK
2014/09/20 09:33:09: 
2014/09/20 09:33:09: ==== Processing was completed ====
2014/09/20 09:33:09: 
*************************************************


*********** Start the Initialize Key Check **********
2014/09/20 09:35:00: Tool Ver: 2013.0605.01
2014/09/20 09:35:00: COM PORT OPEN ... OK
2014/09/20 09:35:00:
2014/09/20 09:35:00: ProductS/N:  VRW06A114900163
2014/09/20 09:35:00: TID: 86042A2ECAE52080
2014/09/20 09:35:00: F/W Version: 00.00.08
2014/09/20 09:35:00:
2014/09/20 09:35:00: MasterKey Key Entry ... OK
2014/09/20 09:35:00: PowerON Counter Key Entry ... OK
2014/09/20 09:35:00: Key Entry ... OK
2014/09/20 09:35:00: Complete.
2014/09/20 09:35:00: COM PORT CLOSE ... OK
2014/09/20 09:35:00: 
2014/09/20 09:35:00: ==== Processing was completed ====
2014/09/20 09:35:00: 
*************************************************


*********** Start the Initialize Key Check **********
2014/09/20 09:37:13: Tool Ver: 2013.0605.01
2014/09/20 09:37:13: COM PORT OPEN ... OK
2014/09/20 09:37:13:
2014/09/20 09:37:13: ProductS/N:  VRW06A114900095
2014/09/20 09:37:13: TID: 86041936CAE52080
2014/09/20 09:37:13: F/W Version: 00.00.08
2014/09/20 09:37:13:
2014/09/20 09:37:13: MasterKey Key Entry ... OK
2014/09/20 09:37:13: PowerON Counter Key Entry ... OK
2014/09/20 09:37:14: Key Entry ... OK
2014/09/20 09:37:14: Complete.
2014/09/20 09:37:14: COM PORT CLOSE ... OK
2014/09/20 09:37:14: 
2014/09/20 09:37:14: ==== Processing was completed ====
2014/09/20 09:37:14: 
*************************************************


*********** Start the Initialize Key Check **********
2014/09/20 09:39:45: Tool Ver: 2013.0605.01
2014/09/20 09:39:45: COM PORT OPEN ... OK
2014/09/20 09:39:46:
2014/09/20 09:39:46: ProductS/N:  VRW06A114900097
2014/09/20 09:39:46: TID: 86040E2BCAE52080
2014/09/20 09:39:46: F/W Version: 00.00.08
2014/09/20 09:39:46:
2014/09/20 09:39:46: MasterKey Key Entry ... OK
2014/09/20 09:39:46: PowerON Counter Key Entry ... OK
2014/09/20 09:39:46: Key Entry ... OK
2014/09/20 09:39:46: Complete.
2014/09/20 09:39:46: COM PORT CLOSE ... OK
2014/09/20 09:39:46: 
2014/09/20 09:39:46: ==== Processing was completed ====
2014/09/20 09:39:46: 
*************************************************


*********** Start the Initialize Key Check **********
2014/09/20 09:42:01: Tool Ver: 2013.0605.01
2014/09/20 09:42:01: COM PORT OPEN ... OK
2014/09/20 09:42:01:
2014/09/20 09:42:01: ProductS/N:  VRW06A114900131
2014/09/20 09:42:01: TID: 86044228CAE52080
2014/09/20 09:42:01: F/W Version: 00.00.08
2014/09/20 09:42:01:
2014/09/20 09:42:01: MasterKey Key Entry ... OK
2014/09/20 09:42:01: PowerON Counter Key Entry ... OK
2014/09/20 09:42:02: Key Entry ... OK
2014/09/20 09:42:02: Complete.
2014/09/20 09:42:02: COM PORT CLOSE ... OK
2014/09/20 09:42:02: 
2014/09/20 09:42:02: ==== Processing was completed ====
2014/09/20 09:42:02: 
*************************************************


*********** Start the Initialize Key Check **********
2014/09/20 09:44:41: Tool Ver: 2013.0605.01
2014/09/20 09:44:41: COM PORT OPEN ... OK
2014/09/20 09:44:41:
2014/09/20 09:44:41: ProductS/N:  VRW06A114900122
2014/09/20 09:44:41: TID: 86043233CAE52080
2014/09/20 09:44:41: F/W Version: 00.00.08
2014/09/20 09:44:41:
2014/09/20 09:44:41: MasterKey Key Entry ... OK
2014/09/20 09:44:41: PowerON Counter Key Entry ... OK
2014/09/20 09:44:42: Key Entry ... OK
2014/09/20 09:44:42: Complete.
2014/09/20 09:44:42: COM PORT CLOSE ... OK
2014/09/20 09:44:42: 
2014/09/20 09:44:42: ==== Processing was completed ====
2014/09/20 09:44:42: 
*************************************************


*********** Start the Initialize Key Check **********
2014/09/20 10:12:31: Tool Ver: 2013.0605.01
2014/09/20 10:12:31: COM PORT OPEN ... OK
2014/09/20 10:12:31:
2014/09/20 10:12:31: ProductS/N:  VRW06A114900175
2014/09/20 10:12:31: TID: 8604371D2AE62080
2014/09/20 10:12:31: F/W Version: 00.00.08
2014/09/20 10:12:31:
2014/09/20 10:12:31: MasterKey Key Entry ... OK
2014/09/20 10:12:31: PowerON Counter Key Entry ... OK
2014/09/20 10:12:32: Key Entry ... OK
2014/09/20 10:12:32: Complete.
2014/09/20 10:12:32: COM PORT CLOSE ... OK
2014/09/20 10:12:32: 
2014/09/20 10:12:32: ==== Processing was completed ====
2014/09/20 10:12:32: 
*************************************************


*********** Start the Initialize Key Check **********
2014/09/20 10:15:21: Tool Ver: 2013.0605.01
2014/09/20 10:15:21: COM PORT OPEN ... OK
2014/09/20 10:15:21:
2014/09/20 10:15:21: ProductS/N:  VRW06A114900165
2014/09/20 10:15:21: TID: 86042634CAE52080
2014/09/20 10:15:21: F/W Version: 00.00.08
2014/09/20 10:15:21:
2014/09/20 10:15:21: MasterKey Key Entry ... OK
2014/09/20 10:15:21: PowerON Counter Key Entry ... OK
2014/09/20 10:15:22: Key Entry ... OK
2014/09/20 10:15:22: Complete.
2014/09/20 10:15:22: COM PORT CLOSE ... OK
2014/09/20 10:15:22: 
2014/09/20 10:15:22: ==== Processing was completed ====
2014/09/20 10:15:22: 
*************************************************


*********** Start the Initialize Key Check **********
2014/09/20 10:17:51: Tool Ver: 2013.0605.01
2014/09/20 10:17:51: COM PORT OPEN ... OK
2014/09/20 10:17:51:
2014/09/20 10:17:51: ProductS/N:  VRW06A114900166
2014/09/20 10:17:51: TID: 86041B17CAE52080
2014/09/20 10:17:51: F/W Version: 00.00.08
2014/09/20 10:17:51:
2014/09/20 10:17:51: MasterKey Key Entry ... OK
2014/09/20 10:17:51: PowerON Counter Key Entry ... OK
2014/09/20 10:17:52: Key Entry ... OK
2014/09/20 10:17:52: Complete.
2014/09/20 10:17:52: COM PORT CLOSE ... OK
2014/09/20 10:17:52: 
2014/09/20 10:17:52: ==== Processing was completed ====
2014/09/20 10:17:52: 
*************************************************


*********** Start the Initialize Key Check **********
2014/09/20 10:20:53: Tool Ver: 2013.0605.01
2014/09/20 10:20:53: COM PORT OPEN ... OK
2014/09/20 10:20:54:
2014/09/20 10:20:54: ProductS/N:  VRW06A114900077
2014/09/20 10:20:54: TID: 86043A153AE62080
2014/09/20 10:20:54: F/W Version: 00.00.08
2014/09/20 10:20:54:
2014/09/20 10:20:54: MasterKey Key Entry ... OK
2014/09/20 10:20:54: PowerON Counter Key Entry ... OK
2014/09/20 10:20:54: Key Entry ... OK
2014/09/20 10:20:54: Complete.
2014/09/20 10:20:54: COM PORT CLOSE ... OK
2014/09/20 10:20:54: 
2014/09/20 10:20:54: ==== Processing was completed ====
2014/09/20 10:20:54: 
*************************************************


*********** Start the Initialize Key Check **********
2014/09/20 10:28:29: Tool Ver: 2013.0605.01
2014/09/20 10:28:29: COM PORT OPEN ... OK
2014/09/20 10:28:30:
2014/09/20 10:28:30: ProductS/N:  VRW06A114900160
2014/09/20 10:28:30: TID: 860406173AE62080
2014/09/20 10:28:30: F/W Version: 00.00.08
2014/09/20 10:28:30:
2014/09/20 10:28:30: MasterKey Key Entry ... OK
2014/09/20 10:28:30: PowerON Counter Key Entry ... OK
2014/09/20 10:28:30: Key Entry ... OK
2014/09/20 10:28:30: Complete.
2014/09/20 10:28:30: COM PORT CLOSE ... OK
2014/09/20 10:28:30: 
2014/09/20 10:28:30: ==== Processing was completed ====
2014/09/20 10:28:30: 
*************************************************


*********** Start the Initialize Key Check **********
2014/09/20 10:31:43: Tool Ver: 2013.0605.01
2014/09/20 10:31:43: COM PORT OPEN ... OK
2014/09/20 10:31:43:
2014/09/20 10:31:43: ProductS/N:  VRW06A114900178
2014/09/20 10:31:43: TID: 86042828CAE52080
2014/09/20 10:31:43: F/W Version: 00.00.08
2014/09/20 10:31:43:
2014/09/20 10:31:43: MasterKey Key Entry ... OK
2014/09/20 10:31:43: PowerON Counter Key Entry ... OK
2014/09/20 10:31:43: Key Entry ... OK
2014/09/20 10:31:43: Complete.
2014/09/20 10:31:43: COM PORT CLOSE ... OK
2014/09/20 10:31:43: 
2014/09/20 10:31:43: ==== Processing was completed ====
2014/09/20 10:31:43: 
*************************************************


*********** Start the Initialize Key Check **********
2014/09/20 10:34:35: Tool Ver: 2013.0605.01
2014/09/20 10:34:35: COM PORT OPEN ... OK
2014/09/20 10:34:35:
2014/09/20 10:34:35: ProductS/N:  VRW06A114900174
2014/09/20 10:34:35: TID: 860414173AE62080
2014/09/20 10:34:35: F/W Version: 00.00.08
2014/09/20 10:34:35:
2014/09/20 10:34:35: MasterKey Key Entry ... OK
2014/09/20 10:34:35: PowerON Counter Key Entry ... OK
2014/09/20 10:34:35: Key Entry ... OK
2014/09/20 10:34:35: Complete.
2014/09/20 10:34:35: COM PORT CLOSE ... OK
2014/09/20 10:34:35: 
2014/09/20 10:34:35: ==== Processing was completed ====
2014/09/20 10:34:35: 
*************************************************


*********** Start the Initialize Key Check **********
2014/09/20 10:37:20: Tool Ver: 2013.0605.01
2014/09/20 10:37:20: COM PORT OPEN ... OK
2014/09/20 10:37:20:
2014/09/20 10:37:20: ProductS/N:  VRW06A114900157
2014/09/20 10:37:20: TID: 860425103AE62080
2014/09/20 10:37:20: F/W Version: 00.00.08
2014/09/20 10:37:20:
2014/09/20 10:37:20: MasterKey Key Entry ... OK
2014/09/20 10:37:20: PowerON Counter Key Entry ... OK
2014/09/20 10:37:21: Key Entry ... OK
2014/09/20 10:37:21: Complete.
2014/09/20 10:37:21: COM PORT CLOSE ... OK
2014/09/20 10:37:21: 
2014/09/20 10:37:21: ==== Processing was completed ====
2014/09/20 10:37:21: 
*************************************************


*********** Start the Initialize Key Check **********
2014/09/20 10:41:25: Tool Ver: 2013.0605.01
2014/09/20 10:41:25: COM PORT OPEN ... OK
2014/09/20 10:41:25:
2014/09/20 10:41:25: ProductS/N:  VRW06A114900167
2014/09/20 10:41:25: TID: 86041C29CAE52080
2014/09/20 10:41:25: F/W Version: 00.00.08
2014/09/20 10:41:25:
2014/09/20 10:41:25: MasterKey Key Entry ... OK
2014/09/20 10:41:25: PowerON Counter Key Entry ... OK
2014/09/20 10:41:26: Key Entry ... OK
2014/09/20 10:41:26: Complete.
2014/09/20 10:41:26: COM PORT CLOSE ... OK
2014/09/20 10:41:26: 
2014/09/20 10:41:26: ==== Processing was completed ====
2014/09/20 10:41:26: 
*************************************************


*********** Start the Initialize Key Check **********
2014/09/20 10:53:58: Tool Ver: 2013.0605.01
2014/09/20 10:53:58: COM PORT OPEN ... OK
2014/09/20 10:53:58:
2014/09/20 10:53:58: ProductS/N:  VRW06A114900158
2014/09/20 10:53:58: TID: 86041B28CAE52080
2014/09/20 10:53:58: F/W Version: 00.00.08
2014/09/20 10:53:58:
2014/09/20 10:53:58: MasterKey Key Entry ... OK
2014/09/20 10:53:58: PowerON Counter Key Entry ... OK
2014/09/20 10:53:59: Key Entry ... OK
2014/09/20 10:53:59: Complete.
2014/09/20 10:53:59: COM PORT CLOSE ... OK
2014/09/20 10:53:59: 
2014/09/20 10:53:59: ==== Processing was completed ====
2014/09/20 10:53:59: 
*************************************************


*********** Start the Initialize Key Check **********
2014/09/20 10:56:36: Tool Ver: 2013.0605.01
2014/09/20 10:56:36: COM PORT OPEN ... OK
2014/09/20 10:56:36:
2014/09/20 10:56:36: ProductS/N:  VRW06A114900099
2014/09/20 10:56:36: TID: 8604272FCAE52080
2014/09/20 10:56:36: F/W Version: 00.00.08
2014/09/20 10:56:36:
2014/09/20 10:56:36: MasterKey Key Entry ... OK
2014/09/20 10:56:36: PowerON Counter Key Entry ... OK
2014/09/20 10:56:37: Key Entry ... OK
2014/09/20 10:56:37: Complete.
2014/09/20 10:56:37: COM PORT CLOSE ... OK
2014/09/20 10:56:37: 
2014/09/20 10:56:37: ==== Processing was completed ====
2014/09/20 10:56:37: 
*************************************************


*********** Start the Initialize Key Check **********
2014/09/20 10:59:11: Tool Ver: 2013.0605.01
2014/09/20 10:59:11: COM PORT OPEN ... OK
2014/09/20 10:59:12:
2014/09/20 10:59:12: ProductS/N:  VRW06A114900156
2014/09/20 10:59:12: TID: 86043E143AE62080
2014/09/20 10:59:12: F/W Version: 00.00.08
2014/09/20 10:59:12:
2014/09/20 10:59:12: MasterKey Key Entry ... OK
2014/09/20 10:59:12: PowerON Counter Key Entry ... OK
2014/09/20 10:59:12: Key Entry ... OK
2014/09/20 10:59:12: Complete.
2014/09/20 10:59:12: COM PORT CLOSE ... OK
2014/09/20 10:59:12: 
2014/09/20 10:59:12: ==== Processing was completed ====
2014/09/20 10:59:12: 
*************************************************


*********** Start the Initialize Key Check **********
2014/09/20 11:03:39: Tool Ver: 2013.0605.01
2014/09/20 11:03:39: COM PORT OPEN ... OK
2014/09/20 11:03:39:
2014/09/20 11:03:39: ProductS/N:  VRW06A114900168
2014/09/20 11:03:39: TID: 86040329CAE52080
2014/09/20 11:03:39: F/W Version: 00.00.08
2014/09/20 11:03:39:
2014/09/20 11:03:39: MasterKey Key Entry ... OK
2014/09/20 11:03:39: PowerON Counter Key Entry ... OK
2014/09/20 11:03:40: Key Entry ... OK
2014/09/20 11:03:40: Complete.
2014/09/20 11:03:40: COM PORT CLOSE ... OK
2014/09/20 11:03:40: 
2014/09/20 11:03:40: ==== Processing was completed ====
2014/09/20 11:03:40: 
*************************************************


*********** Start the Initialize Key Check **********
2014/09/20 11:35:17: Tool Ver: 2013.0605.01
2014/09/20 11:35:17: COM PORT OPEN ... OK
2014/09/20 11:35:17:
2014/09/20 11:35:17: ProductS/N:  VRW06A114900170
2014/09/20 11:35:17: TID: 86044027CAE52080
2014/09/20 11:35:17: F/W Version: 00.00.08
2014/09/20 11:35:17:
2014/09/20 11:35:17: MasterKey Key Entry ... OK
2014/09/20 11:35:17: PowerON Counter Key Entry ... OK
2014/09/20 11:35:18: Key Entry ... OK
2014/09/20 11:35:18: Complete.
2014/09/20 11:35:18: COM PORT CLOSE ... OK
2014/09/20 11:35:18: 
2014/09/20 11:35:18: ==== Processing was completed ====
2014/09/20 11:35:18: 
*************************************************


*********** Start the Initialize Key Check **********
2014/09/20 11:38:03: Tool Ver: 2013.0605.01
2014/09/20 11:38:03: COM PORT OPEN ... OK
2014/09/20 11:38:03:
2014/09/20 11:38:03: ProductS/N:  VRW06A114900176
2014/09/20 11:38:03: TID: 860405173AE62080
2014/09/20 11:38:03: F/W Version: 00.00.08
2014/09/20 11:38:03:
2014/09/20 11:38:03: MasterKey Key Entry ... OK
2014/09/20 11:38:03: PowerON Counter Key Entry ... OK
2014/09/20 11:38:04: Key Entry ... OK
2014/09/20 11:38:04: Complete.
2014/09/20 11:38:04: COM PORT CLOSE ... OK
2014/09/20 11:38:04: 
2014/09/20 11:38:04: ==== Processing was completed ====
2014/09/20 11:38:04: 
*************************************************


*********** Start the Initialize Key Check **********
2014/09/20 12:52:29: Tool Ver: 2013.0605.01
2014/09/20 12:52:29: COM PORT OPEN ... OK
2014/09/20 12:52:29:
2014/09/20 12:52:29: ProductS/N:  VRW06A114900182
2014/09/20 12:52:29: TID: 86042C27CAE52080
2014/09/20 12:52:29: F/W Version: 00.00.08
2014/09/20 12:52:29:
2014/09/20 12:52:29: MasterKey Key Entry ... OK
2014/09/20 12:52:29: PowerON Counter Key Entry ... OK
2014/09/20 12:52:30: Key Entry ... OK
2014/09/20 12:52:30: Complete.
2014/09/20 12:52:30: COM PORT CLOSE ... OK
2014/09/20 12:52:30: 
2014/09/20 12:52:30: ==== Processing was completed ====
2014/09/20 12:52:30: 
*************************************************


*********** Start the Initialize Key Check **********
2014/09/20 12:54:30: Tool Ver: 2013.0605.01
2014/09/20 12:54:30: COM PORT OPEN ... OK
2014/09/20 12:54:30:
2014/09/20 12:54:30: ProductS/N:  VRW06A114900173
2014/09/20 12:54:30: TID: 86041F2A2AE62080
2014/09/20 12:54:30: F/W Version: 00.00.08
2014/09/20 12:54:30:
2014/09/20 12:54:30: MasterKey Key Entry ... OK
2014/09/20 12:54:30: PowerON Counter Key Entry ... OK
2014/09/20 12:54:31: Key Entry ... OK
2014/09/20 12:54:31: Complete.
2014/09/20 12:54:31: COM PORT CLOSE ... OK
2014/09/20 12:54:31: 
2014/09/20 12:54:31: ==== Processing was completed ====
2014/09/20 12:54:31: 
*************************************************


*********** Start the Initialize Key Check **********
2014/09/20 13:02:05: Tool Ver: 2013.0605.01
2014/09/20 13:02:05: COM PORT OPEN ... OK
2014/09/20 13:02:06:
2014/09/20 13:02:06: ProductS/N:  VRW06A114900169
2014/09/20 13:02:06: TID: 86041B2DCAE52080
2014/09/20 13:02:06: F/W Version: 00.00.08
2014/09/20 13:02:06:
2014/09/20 13:02:06: MasterKey Key Entry ... OK
2014/09/20 13:02:06: PowerON Counter Key Entry ... OK
2014/09/20 13:02:06: Key Entry ... OK
2014/09/20 13:02:06: Complete.
2014/09/20 13:02:06: COM PORT CLOSE ... OK
2014/09/20 13:02:06: 
2014/09/20 13:02:06: ==== Processing was completed ====
2014/09/20 13:02:06: 
*************************************************


*********** Start the Initialize Key Check **********
2014/09/20 13:49:36: Tool Ver: 2013.0605.01
2014/09/20 13:49:36: COM PORT OPEN ... OK
2014/09/20 13:49:36:
2014/09/20 13:49:36: ProductS/N:  VRW06A114900208
2014/09/20 13:49:36: TID: 8604392DCAE52080
2014/09/20 13:49:36: F/W Version: 00.00.08
2014/09/20 13:49:36:
2014/09/20 13:49:36: MasterKey Key Entry ... OK
2014/09/20 13:49:36: PowerON Counter Key Entry ... OK
2014/09/20 13:49:36: Key Entry ... OK
2014/09/20 13:49:36: Complete.
2014/09/20 13:49:36: COM PORT CLOSE ... OK
2014/09/20 13:49:36: 
2014/09/20 13:49:36: ==== Processing was completed ====
2014/09/20 13:49:36: 
*************************************************


*********** Start the Initialize Key Check **********
2014/09/20 13:51:56: Tool Ver: 2013.0605.01
2014/09/20 13:51:56: COM PORT OPEN ... OK
2014/09/20 13:51:56:
2014/09/20 13:51:56: ProductS/N:  VRW06A114900191
2014/09/20 13:51:56: TID: 8604411E2AE62080
2014/09/20 13:51:56: F/W Version: 00.00.08
2014/09/20 13:51:56:
2014/09/20 13:51:56: MasterKey Key Entry ... OK
2014/09/20 13:51:56: PowerON Counter Key Entry ... OK
2014/09/20 13:51:57: Key Entry ... OK
2014/09/20 13:51:57: Complete.
2014/09/20 13:51:57: COM PORT CLOSE ... OK
2014/09/20 13:51:57: 
2014/09/20 13:51:57: ==== Processing was completed ====
2014/09/20 13:51:57: 
*************************************************


*********** Start the Initialize Key Check **********
2014/09/20 13:55:07: Tool Ver: 2013.0605.01
2014/09/20 13:55:07: COM PORT OPEN ... OK
2014/09/20 13:55:08:
2014/09/20 13:55:08: ProductS/N:  VRW06A114900203
2014/09/20 13:55:08: TID: 8604391F2AE62080
2014/09/20 13:55:08: F/W Version: 00.00.08
2014/09/20 13:55:08:
2014/09/20 13:55:08: MasterKey Key Entry ... OK
2014/09/20 13:55:08: PowerON Counter Key Entry ... OK
2014/09/20 13:55:08: Key Entry ... OK
2014/09/20 13:55:08: Complete.
2014/09/20 13:55:08: COM PORT CLOSE ... OK
2014/09/20 13:55:08: 
2014/09/20 13:55:08: ==== Processing was completed ====
2014/09/20 13:55:08: 
*************************************************


*********** Start the Initialize Key Check **********
2014/09/20 13:58:00: Tool Ver: 2013.0605.01
2014/09/20 13:58:00: COM PORT OPEN ... OK
2014/09/20 13:58:01:
2014/09/20 13:58:01: ProductS/N:  VRW06A114900205
2014/09/20 13:58:01: TID: 86040E272AE62080
2014/09/20 13:58:01: F/W Version: 00.00.08
2014/09/20 13:58:01:
2014/09/20 13:58:01: MasterKey Key Entry ... OK
2014/09/20 13:58:01: PowerON Counter Key Entry ... OK
2014/09/20 13:58:01: Key Entry ... OK
2014/09/20 13:58:01: Complete.
2014/09/20 13:58:01: COM PORT CLOSE ... OK
2014/09/20 13:58:01: 
2014/09/20 13:58:01: ==== Processing was completed ====
2014/09/20 13:58:01: 
*************************************************


*********** Start the Initialize Key Check **********
2014/09/20 13:59:49: Tool Ver: 2013.0605.01
2014/09/20 13:59:49: COM PORT OPEN ... OK
2014/09/20 13:59:49:
2014/09/20 13:59:49: ProductS/N:  VRW06A114900204
2014/09/20 13:59:49: TID: 86042628CAE52080
2014/09/20 13:59:49: F/W Version: 00.00.08
2014/09/20 13:59:49:
2014/09/20 13:59:49: MasterKey Key Entry ... OK
2014/09/20 13:59:49: PowerON Counter Key Entry ... OK
2014/09/20 13:59:49: Key Entry ... OK
2014/09/20 13:59:49: Complete.
2014/09/20 13:59:49: COM PORT CLOSE ... OK
2014/09/20 13:59:49: 
2014/09/20 13:59:49: ==== Processing was completed ====
2014/09/20 13:59:49: 
*************************************************


*********** Start the Initialize Key Check **********
2014/09/20 14:01:32: Tool Ver: 2013.0605.01
2014/09/20 14:01:32: COM PORT OPEN ... OK
2014/09/20 14:01:32:
2014/09/20 14:01:32: ProductS/N:  VRW06A114900177
2014/09/20 14:01:32: TID: 86040F2BCAE52080
2014/09/20 14:01:32: F/W Version: 00.00.08
2014/09/20 14:01:32:
2014/09/20 14:01:32: MasterKey Key Entry ... OK
2014/09/20 14:01:32: PowerON Counter Key Entry ... OK
2014/09/20 14:01:33: Key Entry ... OK
2014/09/20 14:01:33: Complete.
2014/09/20 14:01:33: COM PORT CLOSE ... OK
2014/09/20 14:01:33: 
2014/09/20 14:01:33: ==== Processing was completed ====
2014/09/20 14:01:33: 
*************************************************


*********** Start the Initialize Key Check **********
2014/09/20 14:04:37: Tool Ver: 2013.0605.01
2014/09/20 14:04:37: COM PORT OPEN ... OK
2014/09/20 14:04:38:
2014/09/20 14:04:38: ProductS/N:  VRW06A114900162
2014/09/20 14:04:38: TID: 86042927CAE52080
2014/09/20 14:04:38: F/W Version: 00.00.08
2014/09/20 14:04:38:
2014/09/20 14:04:38: MasterKey Key Entry ... OK
2014/09/20 14:04:38: PowerON Counter Key Entry ... OK
2014/09/20 14:04:38: Key Entry ... OK
2014/09/20 14:04:38: Complete.
2014/09/20 14:04:38: COM PORT CLOSE ... OK
2014/09/20 14:04:38: 
2014/09/20 14:04:38: ==== Processing was completed ====
2014/09/20 14:04:38: 
*************************************************


*********** Start the Initialize Key Check **********
2014/09/20 14:06:13: Tool Ver: 2013.0605.01
2014/09/20 14:06:13: COM PORT OPEN ... OK
2014/09/20 14:06:13:
2014/09/20 14:06:13: ProductS/N:  VRW06A114900197
2014/09/20 14:06:13: TID: 8604123DD2E52080
2014/09/20 14:06:13: F/W Version: 00.00.08
2014/09/20 14:06:13:
2014/09/20 14:06:13: MasterKey Key Entry ... OK
2014/09/20 14:06:13: PowerON Counter Key Entry ... OK
2014/09/20 14:06:14: Key Entry ... OK
2014/09/20 14:06:14: Complete.
2014/09/20 14:06:14: COM PORT CLOSE ... OK
2014/09/20 14:06:14: 
2014/09/20 14:06:14: ==== Processing was completed ====
2014/09/20 14:06:14: 
*************************************************


*********** Start the Initialize Key Check **********
2014/09/20 14:09:15: Tool Ver: 2013.0605.01
2014/09/20 14:09:15: COM PORT OPEN ... OK
2014/09/20 14:09:15:
2014/09/20 14:09:15: ProductS/N:  VRW06A114900195
2014/09/20 14:09:15: TID: 8604322C2AE62080
2014/09/20 14:09:15: F/W Version: 00.00.08
2014/09/20 14:09:15:
2014/09/20 14:09:15: MasterKey Key Entry ... OK
2014/09/20 14:09:15: PowerON Counter Key Entry ... OK
2014/09/20 14:09:16: Key Entry ... OK
2014/09/20 14:09:16: Complete.
2014/09/20 14:09:16: COM PORT CLOSE ... OK
2014/09/20 14:09:16: 
2014/09/20 14:09:16: ==== Processing was completed ====
2014/09/20 14:09:16: 
*************************************************


*********** Start the Initialize Key Check **********
2014/09/20 14:12:34: Tool Ver: 2013.0605.01
2014/09/20 14:12:34: COM PORT OPEN ... OK
2014/09/20 14:12:34:
2014/09/20 14:12:34: ProductS/N:  VRW06A114900200
2014/09/20 14:12:34: TID: 86040E262AE62080
2014/09/20 14:12:34: F/W Version: 00.00.08
2014/09/20 14:12:34:
2014/09/20 14:12:34: MasterKey Key Entry ... OK
2014/09/20 14:12:34: PowerON Counter Key Entry ... OK
2014/09/20 14:12:34: Key Entry ... OK
2014/09/20 14:12:34: Complete.
2014/09/20 14:12:34: COM PORT CLOSE ... OK
2014/09/20 14:12:34: 
2014/09/20 14:12:34: ==== Processing was completed ====
2014/09/20 14:12:34: 
*************************************************


*********** Start the Initialize Key Check **********
2014/09/20 14:16:15: Tool Ver: 2013.0605.01
2014/09/20 14:16:15: COM PORT OPEN ... OK
2014/09/20 14:16:15:
2014/09/20 14:16:15: ProductS/N:  VRW06A114900198
2014/09/20 14:16:15: TID: 8604283E32E62080
2014/09/20 14:16:15: F/W Version: 00.00.08
2014/09/20 14:16:15:
2014/09/20 14:16:15: MasterKey Key Entry ... OK
2014/09/20 14:16:15: PowerON Counter Key Entry ... OK
2014/09/20 14:16:16: Key Entry ... OK
2014/09/20 14:16:16: Complete.
2014/09/20 14:16:16: COM PORT CLOSE ... OK
2014/09/20 14:16:16: 
2014/09/20 14:16:16: ==== Processing was completed ====
2014/09/20 14:16:16: 
*************************************************


*********** Start the Initialize Key Check **********
2014/09/20 14:18:16: Tool Ver: 2013.0605.01
2014/09/20 14:18:16: COM PORT OPEN ... OK
2014/09/20 14:18:16:
2014/09/20 14:18:16: ProductS/N:  VRW06A114900210
2014/09/20 14:18:16: TID: 8604402C2AE62080
2014/09/20 14:18:16: F/W Version: 00.00.08
2014/09/20 14:18:16:
2014/09/20 14:18:16: MasterKey Key Entry ... OK
2014/09/20 14:18:16: PowerON Counter Key Entry ... OK
2014/09/20 14:18:17: Key Entry ... OK
2014/09/20 14:18:17: Complete.
2014/09/20 14:18:17: COM PORT CLOSE ... OK
2014/09/20 14:18:17: 
2014/09/20 14:18:17: ==== Processing was completed ====
2014/09/20 14:18:17: 
*************************************************


*********** Start the Initialize Key Check **********
2014/09/20 14:21:16: Tool Ver: 2013.0605.01
2014/09/20 14:21:16: COM PORT OPEN ... OK
2014/09/20 14:21:16:
2014/09/20 14:21:16: ProductS/N:  VRW06A114900216
2014/09/20 14:21:16: TID: 8604252DCAE52080
2014/09/20 14:21:16: F/W Version: 00.00.08
2014/09/20 14:21:16:
2014/09/20 14:21:16: MasterKey Key Entry ... OK
2014/09/20 14:21:16: PowerON Counter Key Entry ... OK
2014/09/20 14:21:17: Key Entry ... OK
2014/09/20 14:21:17: Complete.
2014/09/20 14:21:17: COM PORT CLOSE ... OK
2014/09/20 14:21:17: 
2014/09/20 14:21:17: ==== Processing was completed ====
2014/09/20 14:21:17: 
*************************************************


*********** Start the Initialize Key Check **********
2014/09/20 14:24:01: Tool Ver: 2013.0605.01
2014/09/20 14:24:01: COM PORT OPEN ... OK
2014/09/20 14:24:01:
2014/09/20 14:24:01: ProductS/N:  VRW06A114900193
2014/09/20 14:24:01: TID: 860418292AE62080
2014/09/20 14:24:01: F/W Version: 00.00.08
2014/09/20 14:24:01:
2014/09/20 14:24:01: MasterKey Key Entry ... OK
2014/09/20 14:24:01: PowerON Counter Key Entry ... OK
2014/09/20 14:24:01: Key Entry ... OK
2014/09/20 14:24:01: Complete.
2014/09/20 14:24:01: COM PORT CLOSE ... OK
2014/09/20 14:24:01: 
2014/09/20 14:24:01: ==== Processing was completed ====
2014/09/20 14:24:01: 
*************************************************


*********** Start the Initialize Key Check **********
2014/09/20 14:29:22: Tool Ver: 2013.0605.01
2014/09/20 14:29:22: COM PORT OPEN ... OK
2014/09/20 14:29:22:
2014/09/20 14:29:22: ProductS/N:  VRW06A114900206
2014/09/20 14:29:22: TID: 86040D272AE62080
2014/09/20 14:29:22: F/W Version: 00.00.08
2014/09/20 14:29:22:
2014/09/20 14:29:22: MasterKey Key Entry ... OK
2014/09/20 14:29:22: PowerON Counter Key Entry ... OK
2014/09/20 14:29:23: Key Entry ... OK
2014/09/20 14:29:23: Complete.
2014/09/20 14:29:23: COM PORT CLOSE ... OK
2014/09/20 14:29:23: 
2014/09/20 14:29:23: ==== Processing was completed ====
2014/09/20 14:29:23: 
*************************************************


*********** Start the Initialize Key Check **********
2014/09/20 14:36:26: Tool Ver: 2013.0605.01
2014/09/20 14:36:26: COM PORT OPEN ... OK
2014/09/20 14:36:26:
2014/09/20 14:36:26: ProductS/N:  VRW06A114900209
2014/09/20 14:36:26: TID: 86041A2BCAE52080
2014/09/20 14:36:26: F/W Version: 00.00.08
2014/09/20 14:36:26:
2014/09/20 14:36:26: MasterKey Key Entry ... OK
2014/09/20 14:36:26: PowerON Counter Key Entry ... OK
2014/09/20 14:36:27: Key Entry ... OK
2014/09/20 14:36:27: Complete.
2014/09/20 14:36:27: COM PORT CLOSE ... OK
2014/09/20 14:36:27: 
2014/09/20 14:36:27: ==== Processing was completed ====
2014/09/20 14:36:27: 
*************************************************


*********** Start the Initialize Key Check **********
2014/09/20 14:39:30: Tool Ver: 2013.0605.01
2014/09/20 14:39:30: COM PORT OPEN ... OK
2014/09/20 14:39:30:
2014/09/20 14:39:30: ProductS/N:  VRW06A114900217
2014/09/20 14:39:30: TID: 86043828CAE52080
2014/09/20 14:39:30: F/W Version: 00.00.08
2014/09/20 14:39:30:
2014/09/20 14:39:30: MasterKey Key Entry ... OK
2014/09/20 14:39:30: PowerON Counter Key Entry ... OK
2014/09/20 14:39:30: Key Entry ... OK
2014/09/20 14:39:30: Complete.
2014/09/20 14:39:30: COM PORT CLOSE ... OK
2014/09/20 14:39:30: 
2014/09/20 14:39:30: ==== Processing was completed ====
2014/09/20 14:39:30: 
*************************************************


*********** Start the Initialize Key Check **********
2014/09/20 14:42:00: Tool Ver: 2013.0605.01
2014/09/20 14:42:00: COM PORT OPEN ... OK
2014/09/20 14:42:00:
2014/09/20 14:42:00: ProductS/N:  VRW06A114900218
2014/09/20 14:42:00: TID: 860417292AE62080
2014/09/20 14:42:00: F/W Version: 00.00.08
2014/09/20 14:42:00:
2014/09/20 14:42:00: MasterKey Key Entry ... OK
2014/09/20 14:42:00: PowerON Counter Key Entry ... OK
2014/09/20 14:42:01: Key Entry ... OK
2014/09/20 14:42:01: Complete.
2014/09/20 14:42:01: COM PORT CLOSE ... OK
2014/09/20 14:42:01: 
2014/09/20 14:42:01: ==== Processing was completed ====
2014/09/20 14:42:01: 
*************************************************


*********** Start the Initialize Key Check **********
2014/09/20 14:43:23: Tool Ver: 2013.0605.01
2014/09/20 14:43:23: COM PORT OPEN ... OK
2014/09/20 14:43:23:
2014/09/20 14:43:23: ProductS/N:  VRW06A114900199
2014/09/20 14:43:23: TID: 86041E292AE62080
2014/09/20 14:43:23: F/W Version: 00.00.08
2014/09/20 14:43:23:
2014/09/20 14:43:23: MasterKey Key Entry ... OK
2014/09/20 14:43:23: PowerON Counter Key Entry ... OK
2014/09/20 14:43:23: Key Entry ... OK
2014/09/20 14:43:23: Complete.
2014/09/20 14:43:23: COM PORT CLOSE ... OK
2014/09/20 14:43:23: 
2014/09/20 14:43:23: ==== Processing was completed ====
2014/09/20 14:43:23: 
*************************************************


*********** Start the Initialize Key Check **********
2014/09/20 14:45:56: Tool Ver: 2013.0605.01
2014/09/20 14:45:56: COM PORT OPEN ... OK
2014/09/20 14:45:56:
2014/09/20 14:45:56: ProductS/N:  VRW06A114900211
2014/09/20 14:45:57: TID: 86040A232AE62080
2014/09/20 14:45:57: F/W Version: 00.00.08
2014/09/20 14:45:57:
2014/09/20 14:45:57: MasterKey Key Entry ... OK
2014/09/20 14:45:57: PowerON Counter Key Entry ... OK
2014/09/20 14:45:57: Key Entry ... OK
2014/09/20 14:45:57: Complete.
2014/09/20 14:45:57: COM PORT CLOSE ... OK
2014/09/20 14:45:57: 
2014/09/20 14:45:57: ==== Processing was completed ====
2014/09/20 14:45:57: 
*************************************************


*********** Start the Initialize Key Check **********
2014/09/20 14:48:24: Tool Ver: 2013.0605.01
2014/09/20 14:48:24: COM PORT OPEN ... OK
2014/09/20 14:48:24:
2014/09/20 14:48:24: ProductS/N:  VRW06A114900194
2014/09/20 14:48:24: TID: 86041F242AE62080
2014/09/20 14:48:24: F/W Version: 00.00.08
2014/09/20 14:48:24:
2014/09/20 14:48:24: MasterKey Key Entry ... OK
2014/09/20 14:48:24: PowerON Counter Key Entry ... OK
2014/09/20 14:48:25: Key Entry ... OK
2014/09/20 14:48:25: Complete.
2014/09/20 14:48:25: COM PORT CLOSE ... OK
2014/09/20 14:48:25: 
2014/09/20 14:48:25: ==== Processing was completed ====
2014/09/20 14:48:25: 
*************************************************


*********** Start the Initialize Key Check **********
2014/09/20 15:13:20: Tool Ver: 2013.0605.01
2014/09/20 15:13:20: COM PORT OPEN ... OK
2014/09/20 15:13:20:
2014/09/20 15:13:20: ProductS/N:  VRW06A114900215
2014/09/20 15:13:20: TID: 860419262AE62080
2014/09/20 15:13:20: F/W Version: 00.00.08
2014/09/20 15:13:20:
2014/09/20 15:13:20: MasterKey Key Entry ... OK
2014/09/20 15:13:20: PowerON Counter Key Entry ... OK
2014/09/20 15:13:21: Key Entry ... OK
2014/09/20 15:13:21: Complete.
2014/09/20 15:13:21: COM PORT CLOSE ... OK
2014/09/20 15:13:21: 
2014/09/20 15:13:21: ==== Processing was completed ====
2014/09/20 15:13:21: 
*************************************************


*********** Start the Initialize Key Check **********
2014/09/20 15:18:56: Tool Ver: 2013.0605.01
2014/09/20 15:18:56: COM PORT OPEN ... OK
2014/09/20 15:18:56:
2014/09/20 15:18:56: ProductS/N:  VRW06A114900221
2014/09/20 15:18:56: TID: 86040E143AE62080
2014/09/20 15:18:56: F/W Version: 00.00.08
2014/09/20 15:18:56:
2014/09/20 15:18:56: MasterKey Key Entry ... OK
2014/09/20 15:18:56: PowerON Counter Key Entry ... OK
2014/09/20 15:18:57: Key Entry ... OK
2014/09/20 15:18:57: Complete.
2014/09/20 15:18:57: COM PORT CLOSE ... OK
2014/09/20 15:18:57: 
2014/09/20 15:18:57: ==== Processing was completed ====
2014/09/20 15:18:57: 
*************************************************


*********** Start the Initialize Key Check **********
2014/09/20 15:21:57: Tool Ver: 2013.0605.01
2014/09/20 15:21:57: COM PORT OPEN ... OK
2014/09/20 15:21:57:
2014/09/20 15:21:57: ProductS/N:  VRW06A114900213
2014/09/20 15:21:57: TID: 8604341D2AE62080
2014/09/20 15:21:57: F/W Version: 00.00.08
2014/09/20 15:21:57:
2014/09/20 15:21:57: MasterKey Key Entry ... OK
2014/09/20 15:21:57: PowerON Counter Key Entry ... OK
2014/09/20 15:21:58: Key Entry ... OK
2014/09/20 15:21:58: Complete.
2014/09/20 15:21:58: COM PORT CLOSE ... OK
2014/09/20 15:21:58: 
2014/09/20 15:21:58: ==== Processing was completed ====
2014/09/20 15:21:58: 
*************************************************


*********** Start the Initialize Key Check **********
2014/09/20 15:25:28: Tool Ver: 2013.0605.01
2014/09/20 15:25:28: COM PORT OPEN ... OK
2014/09/20 15:25:28:
2014/09/20 15:25:28: ProductS/N:  VRW06A114900220
2014/09/20 15:25:28: TID: 860409292AE62080
2014/09/20 15:25:28: F/W Version: 00.00.08
2014/09/20 15:25:28:
2014/09/20 15:25:28: MasterKey Key Entry ... OK
2014/09/20 15:25:28: PowerON Counter Key Entry ... OK
2014/09/20 15:25:28: Key Entry ... OK
2014/09/20 15:25:28: Complete.
2014/09/20 15:25:28: COM PORT CLOSE ... OK
2014/09/20 15:25:28: 
2014/09/20 15:25:28: ==== Processing was completed ====
2014/09/20 15:25:28: 
*************************************************


*********** Start the Initialize Key Check **********
2014/09/20 15:28:56: Tool Ver: 2013.0605.01
2014/09/20 15:28:56: COM PORT OPEN ... OK
2014/09/20 15:28:57:
2014/09/20 15:28:57: ProductS/N:  VRW06A114900222
2014/09/20 15:28:57: TID: 860408282AE62080
2014/09/20 15:28:57: F/W Version: 00.00.08
2014/09/20 15:28:57:
2014/09/20 15:28:57: MasterKey Key Entry ... OK
2014/09/20 15:28:57: PowerON Counter Key Entry ... OK
2014/09/20 15:28:57: Key Entry ... OK
2014/09/20 15:28:57: Complete.
2014/09/20 15:28:57: COM PORT CLOSE ... OK
2014/09/20 15:28:57: 
2014/09/20 15:28:57: ==== Processing was completed ====
2014/09/20 15:28:57: 
*************************************************


*********** Start the Initialize Key Check **********
2014/09/20 15:32:14: Tool Ver: 2013.0605.01
2014/09/20 15:32:14: COM PORT OPEN ... OK
2014/09/20 15:32:14:
2014/09/20 15:32:14: ProductS/N:  VRW06A114900181
2014/09/20 15:32:14: TID: 860416103AE62080
2014/09/20 15:32:14: F/W Version: 00.00.08
2014/09/20 15:32:14:
2014/09/20 15:32:14: MasterKey Key Entry ... OK
2014/09/20 15:32:14: PowerON Counter Key Entry ... OK
2014/09/20 15:32:15: Key Entry ... OK
2014/09/20 15:32:15: Complete.
2014/09/20 15:32:15: COM PORT CLOSE ... OK
2014/09/20 15:32:15: 
2014/09/20 15:32:15: ==== Processing was completed ====
2014/09/20 15:32:15: 
*************************************************


*********** Start the Initialize Key Check **********
2014/09/20 15:34:42: Tool Ver: 2013.0605.01
2014/09/20 15:34:42: COM PORT OPEN ... OK
2014/09/20 15:34:42:
2014/09/20 15:34:42: ProductS/N:  VRW06A114900189
2014/09/20 15:34:42: TID: 86041E35CAE52080
2014/09/20 15:34:42: F/W Version: 00.00.08
2014/09/20 15:34:42:
2014/09/20 15:34:42: MasterKey Key Entry ... OK
2014/09/20 15:34:42: PowerON Counter Key Entry ... OK
2014/09/20 15:34:43: Key Entry ... OK
2014/09/20 15:34:43: Complete.
2014/09/20 15:34:43: COM PORT CLOSE ... OK
2014/09/20 15:34:43: 
2014/09/20 15:34:43: ==== Processing was completed ====
2014/09/20 15:34:43: 
*************************************************


*********** Start the Initialize Key Check **********
2014/09/20 15:36:40: Tool Ver: 2013.0605.01
2014/09/20 15:36:40: COM PORT OPEN ... OK
2014/09/20 15:36:40:
2014/09/20 15:36:40: ProductS/N:  VRW06A114900226
2014/09/20 15:36:40: TID: 86041118CAE52080
2014/09/20 15:36:40: F/W Version: 00.00.08
2014/09/20 15:36:40:
2014/09/20 15:36:40: MasterKey Key Entry ... OK
2014/09/20 15:36:40: PowerON Counter Key Entry ... OK
2014/09/20 15:36:40: Key Entry ... OK
2014/09/20 15:36:40: Complete.
2014/09/20 15:36:40: COM PORT CLOSE ... OK
2014/09/20 15:36:40: 
2014/09/20 15:36:40: ==== Processing was completed ====
2014/09/20 15:36:40: 
*************************************************


*********** Start the Initialize Key Check **********
2014/09/20 15:44:22: Tool Ver: 2013.0605.01
2014/09/20 15:44:22: COM PORT OPEN ... OK
2014/09/20 15:44:23:
2014/09/20 15:44:23: ProductS/N:  VRW06A114900188
2014/09/20 15:44:23: TID: 860415202AE62080
2014/09/20 15:44:23: F/W Version: 00.00.08
2014/09/20 15:44:23:
2014/09/20 15:44:23: MasterKey Key Entry ... OK
2014/09/20 15:44:23: PowerON Counter Key Entry ... OK
2014/09/20 15:44:23: Key Entry ... OK
2014/09/20 15:44:23: Complete.
2014/09/20 15:44:23: COM PORT CLOSE ... OK
2014/09/20 15:44:23: 
2014/09/20 15:44:23: ==== Processing was completed ====
2014/09/20 15:44:23: 
*************************************************


*********** Start the Initialize Key Check **********
2014/09/20 16:07:05: Tool Ver: 2013.0605.01
2014/09/20 16:07:05: COM PORT OPEN ... OK
2014/09/20 16:07:05:
2014/09/20 16:07:05: ProductS/N:  VRW06A114900223
2014/09/20 16:07:05: TID: 8604052CCAE52080
2014/09/20 16:07:05: F/W Version: 00.00.08
2014/09/20 16:07:05:
2014/09/20 16:07:05: MasterKey Key Entry ... OK
2014/09/20 16:07:05: PowerON Counter Key Entry ... OK
2014/09/20 16:07:06: Key Entry ... OK
2014/09/20 16:07:06: Complete.
2014/09/20 16:07:06: COM PORT CLOSE ... OK
2014/09/20 16:07:06: 
2014/09/20 16:07:06: ==== Processing was completed ====
2014/09/20 16:07:06: 
*************************************************


*********** Start the Initialize Key Check **********
2014/09/20 16:09:35: Tool Ver: 2013.0605.01
2014/09/20 16:09:35: COM PORT OPEN ... OK
2014/09/20 16:09:35:
2014/09/20 16:09:35: ProductS/N:  VRW06A114900196
2014/09/20 16:09:35: TID: 8604312C2AE62080
2014/09/20 16:09:35: F/W Version: 00.00.08
2014/09/20 16:09:35:
2014/09/20 16:09:35: MasterKey Key Entry ... OK
2014/09/20 16:09:35: PowerON Counter Key Entry ... OK
2014/09/20 16:09:36: Key Entry ... OK
2014/09/20 16:09:36: Complete.
2014/09/20 16:09:36: COM PORT CLOSE ... OK
2014/09/20 16:09:36: 
2014/09/20 16:09:36: ==== Processing was completed ====
2014/09/20 16:09:36: 
*************************************************


*********** Start the Initialize Key Check **********
2014/09/20 16:12:50: Tool Ver: 2013.0605.01
2014/09/20 16:12:50: COM PORT OPEN ... OK
2014/09/20 16:12:50:
2014/09/20 16:12:50: ProductS/N:  VRW06A114900227
2014/09/20 16:12:50: TID: 86041534CAE52080
2014/09/20 16:12:50: F/W Version: 00.00.08
2014/09/20 16:12:50:
2014/09/20 16:12:50: MasterKey Key Entry ... OK
2014/09/20 16:12:50: PowerON Counter Key Entry ... OK
2014/09/20 16:12:50: Key Entry ... OK
2014/09/20 16:12:50: Complete.
2014/09/20 16:12:50: COM PORT CLOSE ... OK
2014/09/20 16:12:50: 
2014/09/20 16:12:50: ==== Processing was completed ====
2014/09/20 16:12:50: 
*************************************************


*********** Start the Initialize Key Check **********
2014/09/20 16:15:24: Tool Ver: 2013.0605.01
2014/09/20 16:15:24: COM PORT OPEN ... OK
2014/09/20 16:15:25:
2014/09/20 16:15:25: ProductS/N:  VRW06A114900228
2014/09/20 16:15:25: TID: 8604042CCAE52080
2014/09/20 16:15:25: F/W Version: 00.00.08
2014/09/20 16:15:25:
2014/09/20 16:15:25: MasterKey Key Entry ... OK
2014/09/20 16:15:25: PowerON Counter Key Entry ... OK
2014/09/20 16:15:25: Key Entry ... OK
2014/09/20 16:15:25: Complete.
2014/09/20 16:15:25: COM PORT CLOSE ... OK
2014/09/20 16:15:25: 
2014/09/20 16:15:25: ==== Processing was completed ====
2014/09/20 16:15:25: 
*************************************************


*********** Start the Initialize Key Check **********
2014/09/20 16:18:17: Tool Ver: 2013.0605.01
2014/09/20 16:18:17: COM PORT OPEN ... OK
2014/09/20 16:18:17:
2014/09/20 16:18:17: ProductS/N:  VRW06A114900224
2014/09/20 16:18:17: TID: 860425113AE62080
2014/09/20 16:18:17: F/W Version: 00.00.08
2014/09/20 16:18:17:
2014/09/20 16:18:17: MasterKey Key Entry ... OK
2014/09/20 16:18:17: PowerON Counter Key Entry ... OK
2014/09/20 16:18:18: Key Entry ... OK
2014/09/20 16:18:18: Complete.
2014/09/20 16:18:18: COM PORT CLOSE ... OK
2014/09/20 16:18:18: 
2014/09/20 16:18:18: ==== Processing was completed ====
2014/09/20 16:18:18: 
*************************************************


*********** Start the Initialize Key Check **********
2014/09/20 16:26:01: Tool Ver: 2013.0605.01
2014/09/20 16:26:01: COM PORT OPEN ... OK
2014/09/20 16:26:01:
2014/09/20 16:26:01: ProductS/N:  VRW06A114900192
2014/09/20 16:26:01: TID: 86041F222AE62080
2014/09/20 16:26:01: F/W Version: 00.00.08
2014/09/20 16:26:01:
2014/09/20 16:26:01: MasterKey Key Entry ... OK
2014/09/20 16:26:01: PowerON Counter Key Entry ... OK
2014/09/20 16:26:01: Key Entry ... OK
2014/09/20 16:26:01: Complete.
2014/09/20 16:26:01: COM PORT CLOSE ... OK
2014/09/20 16:26:01: 
2014/09/20 16:26:01: ==== Processing was completed ====
2014/09/20 16:26:01: 
*************************************************


*********** Start the Initialize Key Check **********
2014/09/20 16:29:02: Tool Ver: 2013.0605.01
2014/09/20 16:29:02: COM PORT OPEN ... OK
2014/09/20 16:29:02:
2014/09/20 16:29:02: ProductS/N:  VRW06A114900231
2014/09/20 16:29:02: TID: 8604352ACAE52080
2014/09/20 16:29:02: F/W Version: 00.00.08
2014/09/20 16:29:02:
2014/09/20 16:29:02: MasterKey Key Entry ... OK
2014/09/20 16:29:02: PowerON Counter Key Entry ... OK
2014/09/20 16:29:03: Key Entry ... OK
2014/09/20 16:29:03: Complete.
2014/09/20 16:29:03: COM PORT CLOSE ... OK
2014/09/20 16:29:03: 
2014/09/20 16:29:03: ==== Processing was completed ====
2014/09/20 16:29:03: 
*************************************************


*********** Start the Initialize Key Check **********
2014/09/20 16:31:00: Tool Ver: 2013.0605.01
2014/09/20 16:31:00: COM PORT OPEN ... OK
2014/09/20 16:31:00:
2014/09/20 16:31:00: ProductS/N:  VRW06A114900230
2014/09/20 16:31:00: TID: 86043C143AE62080
2014/09/20 16:31:00: F/W Version: 00.00.08
2014/09/20 16:31:00:
2014/09/20 16:31:00: MasterKey Key Entry ... OK
2014/09/20 16:31:00: PowerON Counter Key Entry ... OK
2014/09/20 16:31:00: Key Entry ... OK
2014/09/20 16:31:00: Complete.
2014/09/20 16:31:00: COM PORT CLOSE ... OK
2014/09/20 16:31:00: 
2014/09/20 16:31:00: ==== Processing was completed ====
2014/09/20 16:31:00: 
*************************************************


*********** Start the Initialize Key Check **********
2014/09/20 16:33:55: Tool Ver: 2013.0605.01
2014/09/20 16:33:55: COM PORT OPEN ... OK
2014/09/20 16:33:55:
2014/09/20 16:33:55: ProductS/N:  VRW06A114900229
2014/09/20 16:33:55: TID: 86042831CAE52080
2014/09/20 16:33:55: F/W Version: 00.00.08
2014/09/20 16:33:55:
2014/09/20 16:33:55: MasterKey Key Entry ... OK
2014/09/20 16:33:56: PowerON Counter Key Entry ... OK
2014/09/20 16:33:56: Key Entry ... OK
2014/09/20 16:33:56: Complete.
2014/09/20 16:33:56: COM PORT CLOSE ... OK
2014/09/20 16:33:56: 
2014/09/20 16:33:56: ==== Processing was completed ====
2014/09/20 16:33:56: 
*************************************************


*********** Start the Initialize Key Check **********
2014/09/20 16:36:32: Tool Ver: 2013.0605.01
2014/09/20 16:36:32: COM PORT OPEN ... OK
2014/09/20 16:36:32:
2014/09/20 16:36:32: ProductS/N:  VRW06A114900219
2014/09/20 16:36:32: TID: 86040D2DCAE52080
2014/09/20 16:36:32: F/W Version: 00.00.08
2014/09/20 16:36:32:
2014/09/20 16:36:32: MasterKey Key Entry ... OK
2014/09/20 16:36:32: PowerON Counter Key Entry ... OK
2014/09/20 16:36:33: Key Entry ... OK
2014/09/20 16:36:33: Complete.
2014/09/20 16:36:33: COM PORT CLOSE ... OK
2014/09/20 16:36:33: 
2014/09/20 16:36:33: ==== Processing was completed ====
2014/09/20 16:36:33: 
*************************************************


*********** Start the Initialize Key Check **********
2014/09/20 16:39:03: Tool Ver: 2013.0605.01
2014/09/20 16:39:03: COM PORT OPEN ... OK
2014/09/20 16:39:03:
2014/09/20 16:39:03: ProductS/N:  VRW06A114900190
2014/09/20 16:39:03: TID: 8604202B2AE62080
2014/09/20 16:39:03: F/W Version: 00.00.08
2014/09/20 16:39:03:
2014/09/20 16:39:03: MasterKey Key Entry ... OK
2014/09/20 16:39:03: PowerON Counter Key Entry ... OK
2014/09/20 16:39:04: Key Entry ... OK
2014/09/20 16:39:04: Complete.
2014/09/20 16:39:04: COM PORT CLOSE ... OK
2014/09/20 16:39:04: 
2014/09/20 16:39:04: ==== Processing was completed ====
2014/09/20 16:39:04: 
*************************************************


*********** Start the Initialize Key Check **********
2014/09/20 16:43:22: Tool Ver: 2013.0605.01
2014/09/20 16:43:22: COM PORT OPEN ... OK
2014/09/20 16:43:22:
2014/09/20 16:43:22: ProductS/N:  VRW06A114900232
2014/09/20 16:43:22: TID: 86041327CAE52080
2014/09/20 16:43:22: F/W Version: 00.00.08
2014/09/20 16:43:22:
2014/09/20 16:43:22: MasterKey Key Entry ... OK
2014/09/20 16:43:22: PowerON Counter Key Entry ... OK
2014/09/20 16:43:23: Key Entry ... OK
2014/09/20 16:43:23: Complete.
2014/09/20 16:43:23: COM PORT CLOSE ... OK
2014/09/20 16:43:23: 
2014/09/20 16:43:23: ==== Processing was completed ====
2014/09/20 16:43:23: 
*************************************************


*********** Start the Initialize Key Check **********
2014/09/20 16:51:34: Tool Ver: 2013.0605.01
2014/09/20 16:51:34: COM PORT OPEN ... OK
2014/09/20 16:51:35:
2014/09/20 16:51:35: ProductS/N:  VRW06A114900212
2014/09/20 16:51:35: TID: 8604381E2AE62080
2014/09/20 16:51:35: F/W Version: 00.00.08
2014/09/20 16:51:35:
2014/09/20 16:51:35: MasterKey Key Entry ... OK
2014/09/20 16:51:35: PowerON Counter Key Entry ... OK
2014/09/20 16:51:35: Key Entry ... OK
2014/09/20 16:51:35: Complete.
2014/09/20 16:51:35: COM PORT CLOSE ... OK
2014/09/20 16:51:35: 
2014/09/20 16:51:35: ==== Processing was completed ====
2014/09/20 16:51:35: 
*************************************************


*********** Start the Initialize Key Check **********
2014/09/20 17:39:23: Tool Ver: 2013.0605.01
2014/09/20 17:39:23: COM PORT OPEN ... OK
2014/09/20 17:39:23:
2014/09/20 17:39:23: ProductS/N:  VRW06A114900233
2014/09/20 17:39:24: TID: 8604112ECAE52080
2014/09/20 17:39:24: F/W Version: 00.00.08
2014/09/20 17:39:24:
2014/09/20 17:39:24: MasterKey Key Entry ... OK
2014/09/20 17:39:24: PowerON Counter Key Entry ... OK
2014/09/20 17:39:24: Key Entry ... OK
2014/09/20 17:39:24: Complete.
2014/09/20 17:39:24: COM PORT CLOSE ... OK
2014/09/20 17:39:24: 
2014/09/20 17:39:24: ==== Processing was completed ====
2014/09/20 17:39:24: 
*************************************************


*********** Start the Initialize Key Check **********
2014/09/20 17:42:47: Tool Ver: 2013.0605.01
2014/09/20 17:42:47: COM PORT OPEN ... OK
2014/09/20 17:42:47:
2014/09/20 17:42:47: ProductS/N:  VRW06A114900214
2014/09/20 17:42:47: TID: 8604411D2AE62080
2014/09/20 17:42:47: F/W Version: 00.00.08
2014/09/20 17:42:47:
2014/09/20 17:42:47: MasterKey Key Entry ... OK
2014/09/20 17:42:47: PowerON Counter Key Entry ... OK
2014/09/20 17:42:48: Key Entry ... OK
2014/09/20 17:42:48: Complete.
2014/09/20 17:42:48: COM PORT CLOSE ... OK
2014/09/20 17:42:48: 
2014/09/20 17:42:48: ==== Processing was completed ====
2014/09/20 17:42:48: 
*************************************************


*********** Start the Initialize Key Check **********
2014/09/20 17:46:05: Tool Ver: 2013.0605.01
2014/09/20 17:46:05: COM PORT OPEN ... OK
2014/09/20 17:46:05:
2014/09/20 17:46:05: ProductS/N:  VRW06A114900202
2014/09/20 17:46:05: TID: 86040F272AE62080
2014/09/20 17:46:05: F/W Version: 00.00.08
2014/09/20 17:46:05:
2014/09/20 17:46:05: MasterKey Key Entry ... OK
2014/09/20 17:46:05: PowerON Counter Key Entry ... OK
2014/09/20 17:46:06: Key Entry ... OK
2014/09/20 17:46:06: Complete.
2014/09/20 17:46:06: COM PORT CLOSE ... OK
2014/09/20 17:46:06: 
2014/09/20 17:46:06: ==== Processing was completed ====
2014/09/20 17:46:06: 
*************************************************


*********** Start the Initialize Key Check **********
2014/09/20 17:48:33: Tool Ver: 2013.0605.01
2014/09/20 17:48:33: COM PORT OPEN ... OK
2014/09/20 17:48:33:
2014/09/20 17:48:33: ProductS/N:  VRW06A114900179
2014/09/20 17:48:33: TID: 860412103AE62080
2014/09/20 17:48:33: F/W Version: 00.00.08
2014/09/20 17:48:33:
2014/09/20 17:48:33: MasterKey Key Entry ... OK
2014/09/20 17:48:33: PowerON Counter Key Entry ... OK
2014/09/20 17:48:34: Key Entry ... OK
2014/09/20 17:48:34: Complete.
2014/09/20 17:48:34: COM PORT CLOSE ... OK
2014/09/20 17:48:34: 
2014/09/20 17:48:34: ==== Processing was completed ====
2014/09/20 17:48:34: 
*************************************************


*********** Start the Initialize Key Check **********
2014/09/20 17:51:39: Tool Ver: 2013.0605.01
2014/09/20 17:51:39: COM PORT OPEN ... OK
2014/09/20 17:51:39:
2014/09/20 17:51:39: ProductS/N:  VRW06A114900236
2014/09/20 17:51:39: TID: 8604372DCAE52080
2014/09/20 17:51:39: F/W Version: 00.00.08
2014/09/20 17:51:39:
2014/09/20 17:51:39: MasterKey Key Entry ... OK
2014/09/20 17:51:39: PowerON Counter Key Entry ... OK
2014/09/20 17:51:39: Key Entry ... OK
2014/09/20 17:51:39: Complete.
2014/09/20 17:51:39: COM PORT CLOSE ... OK
2014/09/20 17:51:39: 
2014/09/20 17:51:39: ==== Processing was completed ====
2014/09/20 17:51:39: 
*************************************************


*********** Start the Initialize Key Check **********
2014/09/20 17:54:15: Tool Ver: 2013.0605.01
2014/09/20 17:54:15: COM PORT OPEN ... OK
2014/09/20 17:54:15:
2014/09/20 17:54:15: ProductS/N:  VRW06A114900187
2014/09/20 17:54:15: TID: 86042F35CAE52080
2014/09/20 17:54:15: F/W Version: 00.00.08
2014/09/20 17:54:15:
2014/09/20 17:54:15: MasterKey Key Entry ... OK
2014/09/20 17:54:15: PowerON Counter Key Entry ... OK
2014/09/20 17:54:16: Key Entry ... OK
2014/09/20 17:54:16: Complete.
2014/09/20 17:54:16: COM PORT CLOSE ... OK
2014/09/20 17:54:16: 
2014/09/20 17:54:16: ==== Processing was completed ====
2014/09/20 17:54:16: 
*************************************************


*********** Start the Initialize Key Check **********
2014/09/20 17:57:27: Tool Ver: 2013.0605.01
2014/09/20 17:57:27: COM PORT OPEN ... OK
2014/09/20 17:57:27:
2014/09/20 17:57:27: ProductS/N:  VRW06A114900201
2014/09/20 17:57:27: TID: 860423292AE62080
2014/09/20 17:57:27: F/W Version: 00.00.08
2014/09/20 17:57:27:
2014/09/20 17:57:27: MasterKey Key Entry ... OK
2014/09/20 17:57:27: PowerON Counter Key Entry ... OK
2014/09/20 17:57:27: Key Entry ... OK
2014/09/20 17:57:27: Complete.
2014/09/20 17:57:27: COM PORT CLOSE ... OK
2014/09/20 17:57:27: 
2014/09/20 17:57:27: ==== Processing was completed ====
2014/09/20 17:57:27: 
*************************************************


*********** Start the Initialize Key Check **********
2014/09/20 18:00:00: Tool Ver: 2013.0605.01
2014/09/20 18:00:00: COM PORT OPEN ... OK
2014/09/20 18:00:00:
2014/09/20 18:00:00: ProductS/N:  VRW06A114900185
2014/09/20 18:00:00: TID: 86043427CAE52080
2014/09/20 18:00:00: F/W Version: 00.00.08
2014/09/20 18:00:00:
2014/09/20 18:00:00: MasterKey Key Entry ... OK
2014/09/20 18:00:00: PowerON Counter Key Entry ... OK
2014/09/20 18:00:01: Key Entry ... OK
2014/09/20 18:00:01: Complete.
2014/09/20 18:00:01: COM PORT CLOSE ... OK
2014/09/20 18:00:01: 
2014/09/20 18:00:01: ==== Processing was completed ====
2014/09/20 18:00:01: 
*************************************************


*********** Start the Initialize Key Check **********
2014/09/20 18:24:45: Tool Ver: 2013.0605.01
2014/09/20 18:24:45: COM PORT OPEN ... OK
2014/09/20 18:24:45:
2014/09/20 18:24:45: ProductS/N:  VRW06A114900172
2014/09/20 18:24:45: TID: 86040F113AE62080
2014/09/20 18:24:45: F/W Version: 00.00.08
2014/09/20 18:24:45:
2014/09/20 18:24:45: MasterKey Key Entry ... OK
2014/09/20 18:24:45: PowerON Counter Key Entry ... OK
2014/09/20 18:24:46: Key Entry ... OK
2014/09/20 18:24:46: Complete.
2014/09/20 18:24:46: COM PORT CLOSE ... OK
2014/09/20 18:24:46: 
2014/09/20 18:24:46: ==== Processing was completed ====
2014/09/20 18:24:46: 
*************************************************


*********** Start the Initialize Key Check **********
2014/09/20 18:29:19: Tool Ver: 2013.0605.01
2014/09/20 18:29:19: COM PORT OPEN ... OK
2014/09/20 18:29:19:
2014/09/20 18:29:19: ProductS/N:  VRW06A114900186
2014/09/20 18:29:19: TID: 86041B2ACAE52080
2014/09/20 18:29:19: F/W Version: 00.00.08
2014/09/20 18:29:19:
2014/09/20 18:29:19: MasterKey Key Entry ... OK
2014/09/20 18:29:19: PowerON Counter Key Entry ... OK
2014/09/20 18:29:19: Key Entry ... OK
2014/09/20 18:29:19: Complete.
2014/09/20 18:29:19: COM PORT CLOSE ... OK
2014/09/20 18:29:19: 
2014/09/20 18:29:19: ==== Processing was completed ====
2014/09/20 18:29:19: 
*************************************************


*********** Start the Initialize Key Check **********
2014/09/20 18:32:32: Tool Ver: 2013.0605.01
2014/09/20 18:32:32: COM PORT OPEN ... OK
2014/09/20 18:32:33:
2014/09/20 18:32:33: ProductS/N:  VRW06A114900133
2014/09/20 18:32:33: TID: 86041109CAE52080
2014/09/20 18:32:33: F/W Version: 00.00.08
2014/09/20 18:32:33:
2014/09/20 18:32:33: MasterKey Key Entry ... OK
2014/09/20 18:32:33: PowerON Counter Key Entry ... OK
2014/09/20 18:32:33: Key Entry ... OK
2014/09/20 18:32:33: Complete.
2014/09/20 18:32:33: COM PORT CLOSE ... OK
2014/09/20 18:32:33: 
2014/09/20 18:32:33: ==== Processing was completed ====
2014/09/20 18:32:33: 
*************************************************


*********** Start the Initialize Key Check **********
2014/09/20 18:35:54: Tool Ver: 2013.0605.01
2014/09/20 18:35:54: COM PORT OPEN ... OK
2014/09/20 18:35:54:
2014/09/20 18:35:54: ProductS/N:  VRW06A114900239
2014/09/20 18:35:54: TID: 860407202AE62080
2014/09/20 18:35:54: F/W Version: 00.00.08
2014/09/20 18:35:54:
2014/09/20 18:35:54: MasterKey Key Entry ... OK
2014/09/20 18:35:54: PowerON Counter Key Entry ... OK
2014/09/20 18:35:54: Key Entry ... OK
2014/09/20 18:35:54: Complete.
2014/09/20 18:35:54: COM PORT CLOSE ... OK
2014/09/20 18:35:54: 
2014/09/20 18:35:54: ==== Processing was completed ====
2014/09/20 18:35:54: 
*************************************************


*********** Start the Initialize Key Check **********
2014/09/20 18:39:10: Tool Ver: 2013.0605.01
2014/09/20 18:39:10: COM PORT OPEN ... OK
2014/09/20 18:39:10:
2014/09/20 18:39:10: ProductS/N:  VRW06A114900161
2014/09/20 18:39:10: TID: 86043728CAE52080
2014/09/20 18:39:10: F/W Version: 00.00.08
2014/09/20 18:39:10:
2014/09/20 18:39:10: MasterKey Key Entry ... OK
2014/09/20 18:39:10: PowerON Counter Key Entry ... OK
2014/09/20 18:39:11: Key Entry ... OK
2014/09/20 18:39:11: Complete.
2014/09/20 18:39:11: COM PORT CLOSE ... OK
2014/09/20 18:39:11: 
2014/09/20 18:39:11: ==== Processing was completed ====
2014/09/20 18:39:11: 
*************************************************


*********** Start the Initialize Key Check **********
2014/09/20 18:41:46: Tool Ver: 2013.0605.01
2014/09/20 18:41:46: COM PORT OPEN ... OK
2014/09/20 18:41:46:
2014/09/20 18:41:46: ProductS/N:  VRW06A114900183
2014/09/20 18:41:46: TID: 86042A2DCAE52080
2014/09/20 18:41:46: F/W Version: 00.00.08
2014/09/20 18:41:46:
2014/09/20 18:41:46: MasterKey Key Entry ... OK
2014/09/20 18:41:46: PowerON Counter Key Entry ... OK
2014/09/20 18:41:47: Key Entry ... OK
2014/09/20 18:41:47: Complete.
2014/09/20 18:41:47: COM PORT CLOSE ... OK
2014/09/20 18:41:47: 
2014/09/20 18:41:47: ==== Processing was completed ====
2014/09/20 18:41:47: 
*************************************************


*********** Start the Initialize Key Check **********
2014/09/20 18:46:50: Tool Ver: 2013.0605.01
2014/09/20 18:46:50: COM PORT OPEN ... OK
2014/09/20 18:46:50:
2014/09/20 18:46:50: ProductS/N:  VRW06A114900240
2014/09/20 18:46:50: TID: 86042C2A2AE62080
2014/09/20 18:46:50: F/W Version: 00.00.08
2014/09/20 18:46:50:
2014/09/20 18:46:50: MasterKey Key Entry ... OK
2014/09/20 18:46:50: PowerON Counter Key Entry ... OK
2014/09/20 18:46:51: Key Entry ... OK
2014/09/20 18:46:51: Complete.
2014/09/20 18:46:51: COM PORT CLOSE ... OK
2014/09/20 18:46:51: 
2014/09/20 18:46:51: ==== Processing was completed ====
2014/09/20 18:46:51: 
*************************************************


*********** Start the Initialize Key Check **********
2014/09/20 18:49:22: Tool Ver: 2013.0605.01
2014/09/20 18:49:22: COM PORT OPEN ... OK
2014/09/20 18:49:22:
2014/09/20 18:49:22: ProductS/N:  VRW06A114900238
2014/09/20 18:49:22: TID: 86040932CAE52080
2014/09/20 18:49:22: F/W Version: 00.00.08
2014/09/20 18:49:22:
2014/09/20 18:49:22: MasterKey Key Entry ... OK
2014/09/20 18:49:22: PowerON Counter Key Entry ... OK
2014/09/20 18:49:23: Key Entry ... OK
2014/09/20 18:49:23: Complete.
2014/09/20 18:49:23: COM PORT CLOSE ... OK
2014/09/20 18:49:23: 
2014/09/20 18:49:23: ==== Processing was completed ====
2014/09/20 18:49:23: 
*************************************************


*********** Start the Initialize Key Check **********
2014/09/20 18:52:18: Tool Ver: 2013.0605.01
2014/09/20 18:52:18: COM PORT OPEN ... OK
2014/09/20 18:52:18:
2014/09/20 18:52:18: ProductS/N:  VRW06A114900234
2014/09/20 18:52:18: TID: 8604362ACAE52080
2014/09/20 18:52:18: F/W Version: 00.00.08
2014/09/20 18:52:18:
2014/09/20 18:52:18: MasterKey Key Entry ... OK
2014/09/20 18:52:18: PowerON Counter Key Entry ... OK
2014/09/20 18:52:18: Key Entry ... OK
2014/09/20 18:52:18: Complete.
2014/09/20 18:52:18: COM PORT CLOSE ... OK
2014/09/20 18:52:18: 
2014/09/20 18:52:18: ==== Processing was completed ====
2014/09/20 18:52:18: 
*************************************************


*********** Start the Initialize Key Check **********
2014/09/20 18:55:11: Tool Ver: 2013.0605.01
2014/09/20 18:55:11: COM PORT OPEN ... OK
2014/09/20 18:55:11:
2014/09/20 18:55:11: ProductS/N:  VRW06A114900235
2014/09/20 18:55:11: TID: 86043F27CAE52080
2014/09/20 18:55:11: F/W Version: 00.00.08
2014/09/20 18:55:11:
2014/09/20 18:55:11: MasterKey Key Entry ... OK
2014/09/20 18:55:11: PowerON Counter Key Entry ... OK
2014/09/20 18:55:12: Key Entry ... OK
2014/09/20 18:55:12: Complete.
2014/09/20 18:55:12: COM PORT CLOSE ... OK
2014/09/20 18:55:12: 
2014/09/20 18:55:12: ==== Processing was completed ====
2014/09/20 18:55:12: 
*************************************************


*********** Start the Initialize Key Check **********
2014/09/20 18:57:44: Tool Ver: 2013.0605.01
2014/09/20 18:57:44: COM PORT OPEN ... OK
2014/09/20 18:57:44:
2014/09/20 18:57:44: ProductS/N:  VRW06A114900171
2014/09/20 18:57:44: TID: 86041A2DCAE52080
2014/09/20 18:57:44: F/W Version: 00.00.08
2014/09/20 18:57:44:
2014/09/20 18:57:44: MasterKey Key Entry ... OK
2014/09/20 18:57:44: PowerON Counter Key Entry ... OK
2014/09/20 18:57:45: Key Entry ... OK
2014/09/20 18:57:45: Complete.
2014/09/20 18:57:45: COM PORT CLOSE ... OK
2014/09/20 18:57:45: 
2014/09/20 18:57:45: ==== Processing was completed ====
2014/09/20 18:57:45: 
*************************************************


*********** Start the Initialize Key Check **********
2014/09/20 19:00:35: Tool Ver: 2013.0605.01
2014/09/20 19:00:35: COM PORT OPEN ... OK
2014/09/20 19:00:35:
2014/09/20 19:00:35: ProductS/N:  VRW06A114900155
2014/09/20 19:00:35: TID: 8604292FCAE52080
2014/09/20 19:00:35: F/W Version: 00.00.08
2014/09/20 19:00:35:
2014/09/20 19:00:36: MasterKey Key Entry ... OK
2014/09/20 19:00:36: PowerON Counter Key Entry ... OK
2014/09/20 19:00:36: Key Entry ... OK
2014/09/20 19:00:36: Complete.
2014/09/20 19:00:36: COM PORT CLOSE ... OK
2014/09/20 19:00:36: 
2014/09/20 19:00:36: ==== Processing was completed ====
2014/09/20 19:00:36: 
*************************************************


*********** Start the Initialize Key Check **********
2014/09/20 19:05:12: Tool Ver: 2013.0605.01
2014/09/20 19:05:12: COM PORT OPEN ... OK
2014/09/20 19:05:12:
2014/09/20 19:05:12: ProductS/N:  VRW06A114900244
2014/09/20 19:05:12: TID: 86042B2A2AE62080
2014/09/20 19:05:12: F/W Version: 00.00.08
2014/09/20 19:05:12:
2014/09/20 19:05:12: MasterKey Key Entry ... OK
2014/09/20 19:05:12: PowerON Counter Key Entry ... OK
2014/09/20 19:05:13: Key Entry ... OK
2014/09/20 19:05:13: Complete.
2014/09/20 19:05:13: COM PORT CLOSE ... OK
2014/09/20 19:05:13: 
2014/09/20 19:05:13: ==== Processing was completed ====
2014/09/20 19:05:13: 
*************************************************


*********** Start the Initialize Key Check **********
2014/09/20 19:05:42: Tool Ver: 2013.0605.01
2014/09/20 19:05:42: COM PORT OPEN ... OK
2014/09/20 19:05:42:
2014/09/20 19:05:42: ProductS/N:  VRW06A114900245
2014/09/20 19:05:42: TID: 8604122FCAE52080
2014/09/20 19:05:42: F/W Version: 00.00.08
2014/09/20 19:05:42:
2014/09/20 19:05:42: MasterKey Key Entry ... OK
2014/09/20 19:05:42: PowerON Counter Key Entry ... OK
2014/09/20 19:05:42: Key Entry ... OK
2014/09/20 19:05:42: Complete.
2014/09/20 19:05:42: COM PORT CLOSE ... OK
2014/09/20 19:05:42: 
2014/09/20 19:05:42: ==== Processing was completed ====
2014/09/20 19:05:42: 
*************************************************


*********** Start the Initialize Key Check **********
2014/09/20 19:08:11: Tool Ver: 2013.0605.01
2014/09/20 19:08:11: COM PORT OPEN ... OK
2014/09/20 19:08:11:
2014/09/20 19:08:11: ProductS/N:  VRW06A114900242
2014/09/20 19:08:11: TID: 86042C292AE62080
2014/09/20 19:08:11: F/W Version: 00.00.08
2014/09/20 19:08:11:
2014/09/20 19:08:11: MasterKey Key Entry ... OK
2014/09/20 19:08:11: PowerON Counter Key Entry ... OK
2014/09/20 19:08:12: Key Entry ... OK
2014/09/20 19:08:12: Complete.
2014/09/20 19:08:12: COM PORT CLOSE ... OK
2014/09/20 19:08:12: 
2014/09/20 19:08:12: ==== Processing was completed ====
2014/09/20 19:08:12: 
*************************************************


*********** Start the Initialize Key Check **********
2014/09/20 19:10:58: Tool Ver: 2013.0605.01
2014/09/20 19:10:58: COM PORT OPEN ... OK
2014/09/20 19:10:59:
2014/09/20 19:10:59: ProductS/N:  VRW06A114900246
2014/09/20 19:10:59: TID: 86044032CAE52080
2014/09/20 19:10:59: F/W Version: 00.00.08
2014/09/20 19:10:59:
2014/09/20 19:10:59: MasterKey Key Entry ... OK
2014/09/20 19:10:59: PowerON Counter Key Entry ... OK
2014/09/20 19:10:59: Key Entry ... OK
2014/09/20 19:10:59: Complete.
2014/09/20 19:10:59: COM PORT CLOSE ... OK
2014/09/20 19:10:59: 
2014/09/20 19:10:59: ==== Processing was completed ====
2014/09/20 19:10:59: 
*************************************************


*********** Start the Initialize Key Check **********
2014/09/20 19:13:01: Tool Ver: 2013.0605.01
2014/09/20 19:13:01: COM PORT OPEN ... OK
2014/09/20 19:13:01:
2014/09/20 19:13:01: ProductS/N:  VRW06A114900247
2014/09/20 19:13:01: TID: 86041D2FCAE52080
2014/09/20 19:13:01: F/W Version: 00.00.08
2014/09/20 19:13:01:
2014/09/20 19:13:01: MasterKey Key Entry ... OK
2014/09/20 19:13:01: PowerON Counter Key Entry ... OK
2014/09/20 19:13:02: Key Entry ... OK
2014/09/20 19:13:02: Complete.
2014/09/20 19:13:02: COM PORT CLOSE ... OK
2014/09/20 19:13:02: 
2014/09/20 19:13:02: ==== Processing was completed ====
2014/09/20 19:13:02: 
*************************************************


