*********** Start the Initialize Key Check **********
2014/11/13 08:21:04: Tool Ver: 2013.0605.01
2014/11/13 08:21:04: Product S/N ... ERROR
2014/11/13 08:21:04: 
2014/11/13 08:21:04: ######## Error has occurred ########
2014/11/13 08:21:04: 
*************************************************


*********** Start the Initialize Key Check **********
2014/11/13 08:21:25: Tool Ver: 2013.0605.01
2014/11/13 08:21:25: COM PORT OPEN ... OK
2014/11/13 08:21:25: AUTH1 POS ... ERROR(41)
2014/11/13 08:21:25:
2014/11/13 08:21:25: ProductS/N:  VRW06A114Y00804
2014/11/13 08:21:25: TID: 8604121E2AE62080
2014/11/13 08:21:25: F/W Version: 00.00.08
2014/11/13 08:21:25:
2014/11/13 08:21:25: MasterKey Key Entry... ERROR
2014/11/13 08:21:25: PowerON Counter Key Entry... ERROR
2014/11/13 08:21:26: COM PORT CLOSE ... OK
2014/11/13 08:21:26: 
2014/11/13 08:21:26: ######## Error has occurred ########
2014/11/13 08:21:26: 
*************************************************


*********** Start the Initialize Key Check **********
2014/11/13 08:22:05: Tool Ver: 2013.0605.01
2014/11/13 08:22:05: COM PORT OPEN ... OK
2014/11/13 08:22:05: AUTH1 POS ... ERROR(41)
2014/11/13 08:22:05:
2014/11/13 08:22:05: ProductS/N:  VRW06A114Y00804
2014/11/13 08:22:05: TID: 8604121E2AE62080
2014/11/13 08:22:05: F/W Version: 00.00.08
2014/11/13 08:22:05:
2014/11/13 08:22:05: MasterKey Key Entry... ERROR
2014/11/13 08:22:05: PowerON Counter Key Entry... ERROR
2014/11/13 08:22:05: COM PORT CLOSE ... OK
2014/11/13 08:22:05: 
2014/11/13 08:22:05: ######## Error has occurred ########
2014/11/13 08:22:05: 
*************************************************


*********** Start the Initialize Key Check **********
2014/11/13 08:22:22: Tool Ver: 2013.0605.01
2014/11/13 08:22:22: COM PORT OPEN ... OK
2014/11/13 08:22:22:
2014/11/13 08:22:22: ProductS/N:  VRW06A114Y00816
2014/11/13 08:22:22: TID: 86042138D2E52080
2014/11/13 08:22:22: F/W Version: 00.00.08
2014/11/13 08:22:22:
2014/11/13 08:22:22: MasterKey Key Entry ... OK
2014/11/13 08:22:22: PowerON Counter Key Entry ... OK
2014/11/13 08:22:23: Key Entry ... OK
2014/11/13 08:22:23: Complete.
2014/11/13 08:22:23: COM PORT CLOSE ... OK
2014/11/13 08:22:23: 
2014/11/13 08:22:23: ==== Processing was completed ====
2014/11/13 08:22:23: 
*************************************************


*********** Start the Initialize Key Check **********
2014/11/13 08:22:59: Tool Ver: 2013.0605.01
2014/11/13 08:22:59: COM PORT OPEN ... OK
2014/11/13 08:22:59:
2014/11/13 08:22:59: ProductS/N:  VRW06A114Y00814
2014/11/13 08:22:59: TID: 86041C1E2AE62080
2014/11/13 08:22:59: F/W Version: 00.00.08
2014/11/13 08:22:59:
2014/11/13 08:23:00: MasterKey Key Entry ... OK
2014/11/13 08:23:00: PowerON Counter Key Entry ... OK
2014/11/13 08:23:00: Key Entry ... OK
2014/11/13 08:23:00: Complete.
2014/11/13 08:23:00: COM PORT CLOSE ... OK
2014/11/13 08:23:00: 
2014/11/13 08:23:00: ==== Processing was completed ====
2014/11/13 08:23:00: 
*************************************************


*********** Start the Initialize Key Check **********
2014/11/13 08:23:28: Tool Ver: 2013.0605.01
2014/11/13 08:23:28: COM PORT OPEN ... OK
2014/11/13 08:23:28: AUTH1 POS ... ERROR(41)
2014/11/13 08:23:28:
2014/11/13 08:23:28: ProductS/N:  VRW06A114Y00804
2014/11/13 08:23:28: TID: 8604121E2AE62080
2014/11/13 08:23:28: F/W Version: 00.00.08
2014/11/13 08:23:28:
2014/11/13 08:23:28: MasterKey Key Entry... ERROR
2014/11/13 08:23:28: PowerON Counter Key Entry... ERROR
2014/11/13 08:23:29: COM PORT CLOSE ... OK
2014/11/13 08:23:29: 
2014/11/13 08:23:29: ######## Error has occurred ########
2014/11/13 08:23:29: 
*************************************************


*********** Start the Initialize Key Check **********
2014/11/13 08:24:38: Tool Ver: 2013.0605.01
2014/11/13 08:24:38: COM PORT OPEN ... OK
2014/11/13 08:24:39: AUTH1 POS ... ERROR(41)
2014/11/13 08:24:39:
2014/11/13 08:24:39: ProductS/N:  VRW06A114Y00804
2014/11/13 08:24:39: TID: 8604121E2AE62080
2014/11/13 08:24:39: F/W Version: 00.00.08
2014/11/13 08:24:39:
2014/11/13 08:24:39: MasterKey Key Entry... ERROR
2014/11/13 08:24:39: PowerON Counter Key Entry... ERROR
2014/11/13 08:24:39: COM PORT CLOSE ... OK
2014/11/13 08:24:39: 
2014/11/13 08:24:39: ######## Error has occurred ########
2014/11/13 08:24:39: 
*************************************************


*********** Start the Initialize Key Check **********
2014/11/13 08:28:34: Tool Ver: 2013.0605.01
2014/11/13 08:28:34: COM PORT OPEN ... OK
2014/11/13 08:28:34:
2014/11/13 08:28:34: ProductS/N:  VRW06A114Y00813
2014/11/13 08:28:34: TID: 86040D1E2AE62080
2014/11/13 08:28:34: F/W Version: 00.00.08
2014/11/13 08:28:34:
2014/11/13 08:28:34: MasterKey Key Entry ... OK
2014/11/13 08:28:34: PowerON Counter Key Entry ... OK
2014/11/13 08:28:35: Key Entry ... OK
2014/11/13 08:28:35: Complete.
2014/11/13 08:28:35: COM PORT CLOSE ... OK
2014/11/13 08:28:35: 
2014/11/13 08:28:35: ==== Processing was completed ====
2014/11/13 08:28:35: 
*************************************************


*********** Start the Initialize Key Check **********
2014/11/13 08:32:11: Tool Ver: 2013.0605.01
2014/11/13 08:32:11: COM PORT OPEN ... OK
2014/11/13 08:32:11:
2014/11/13 08:32:11: ProductS/N:  VRW06A114Y00817
2014/11/13 08:32:11: TID: 860418272AE62080
2014/11/13 08:32:11: F/W Version: 00.00.08
2014/11/13 08:32:11:
2014/11/13 08:32:11: MasterKey Key Entry ... OK
2014/11/13 08:32:11: PowerON Counter Key Entry ... OK
2014/11/13 08:32:12: Key Entry ... OK
2014/11/13 08:32:12: Complete.
2014/11/13 08:32:12: COM PORT CLOSE ... OK
2014/11/13 08:32:12: 
2014/11/13 08:32:12: ==== Processing was completed ====
2014/11/13 08:32:12: 
*************************************************


*********** Start the Initialize Key Check **********
2014/11/13 08:35:19: Tool Ver: 2013.0605.01
2014/11/13 08:35:19: COM PORT OPEN ... OK
2014/11/13 08:35:19: AUTH1 POS ... ERROR(41)
2014/11/13 08:35:19:
2014/11/13 08:35:19: ProductS/N:  VRW06A114Y00804
2014/11/13 08:35:19: TID: 8604121E2AE62080
2014/11/13 08:35:19: F/W Version: 00.00.08
2014/11/13 08:35:19:
2014/11/13 08:35:19: MasterKey Key Entry... ERROR
2014/11/13 08:35:19: PowerON Counter Key Entry... ERROR
2014/11/13 08:35:19: COM PORT CLOSE ... OK
2014/11/13 08:35:19: 
2014/11/13 08:35:19: ######## Error has occurred ########
2014/11/13 08:35:19: 
*************************************************


*********** Start the Initialize Key Check **********
2014/11/13 08:36:05: Tool Ver: 2013.0605.01
2014/11/13 08:36:05: Product S/N ... ERROR
2014/11/13 08:36:05: 
2014/11/13 08:36:05: ######## Error has occurred ########
2014/11/13 08:36:05: 
*************************************************


*********** Start the Initialize Key Check **********
2014/11/13 08:36:38: Tool Ver: 2013.0605.01
2014/11/13 08:36:38: COM PORT OPEN ... OK
2014/11/13 08:36:38:
2014/11/13 08:36:38: ProductS/N:  VRW06A114Y00815
2014/11/13 08:36:38: TID: 8604331722E62080
2014/11/13 08:36:38: F/W Version: 00.00.08
2014/11/13 08:36:38:
2014/11/13 08:36:38: MasterKey Key Entry ... OK
2014/11/13 08:36:38: PowerON Counter Key Entry ... OK
2014/11/13 08:36:39: Key Entry ... OK
2014/11/13 08:36:39: Complete.
2014/11/13 08:36:39: COM PORT CLOSE ... OK
2014/11/13 08:36:39: 
2014/11/13 08:36:39: ==== Processing was completed ====
2014/11/13 08:36:39: 
*************************************************


*********** Start the Initialize Key Check **********
2014/11/13 08:39:42: Tool Ver: 2013.0605.01
2014/11/13 08:39:42: COM PORT OPEN ... OK
2014/11/13 08:39:43:
2014/11/13 08:39:43: ProductS/N:  VRW06A114Y00812
2014/11/13 08:39:43: TID: 86042C1A22E62080
2014/11/13 08:39:43: F/W Version: 00.00.08
2014/11/13 08:39:43:
2014/11/13 08:39:43: MasterKey Key Entry ... OK
2014/11/13 08:39:43: PowerON Counter Key Entry ... OK
2014/11/13 08:39:43: Key Entry ... OK
2014/11/13 08:39:43: Complete.
2014/11/13 08:39:43: COM PORT CLOSE ... OK
2014/11/13 08:39:43: 
2014/11/13 08:39:43: ==== Processing was completed ====
2014/11/13 08:39:43: 
*************************************************


*********** Start the Initialize Key Check **********
2014/11/13 08:47:43: Tool Ver: 2013.0605.01
2014/11/13 08:47:43: COM PORT OPEN ... OK
2014/11/13 08:47:43:
2014/11/13 08:47:43: ProductS/N:  VRW06A114Y00818
2014/11/13 08:47:43: TID: 860436253AE62080
2014/11/13 08:47:43: F/W Version: 00.00.08
2014/11/13 08:47:43:
2014/11/13 08:47:43: MasterKey Key Entry ... OK
2014/11/13 08:47:43: PowerON Counter Key Entry ... OK
2014/11/13 08:47:44: Key Entry ... OK
2014/11/13 08:47:44: Complete.
2014/11/13 08:47:44: COM PORT CLOSE ... OK
2014/11/13 08:47:44: 
2014/11/13 08:47:44: ==== Processing was completed ====
2014/11/13 08:47:44: 
*************************************************


*********** Start the Initialize Key Check **********
2014/11/13 13:03:11: Tool Ver: 2013.0605.01
2014/11/13 13:03:11: COM PORT OPEN ... OK
2014/11/13 13:03:11:
2014/11/13 13:03:11: ProductS/N:  RW06A114200244
2014/11/13 13:03:11: TID: 860412242AE62080
2014/11/13 13:03:11: F/W Version: 00.00.08
2014/11/13 13:03:11:
2014/11/13 13:03:11: MasterKey Key Entry ... OK
2014/11/13 13:03:11: PowerON Counter Key Entry ... OK
2014/11/13 13:03:12: Key Entry ... OK
2014/11/13 13:03:12: Complete.
2014/11/13 13:03:12: COM PORT CLOSE ... OK
2014/11/13 13:03:12: 
2014/11/13 13:03:12: ==== Processing was completed ====
2014/11/13 13:03:12: 
*************************************************


*********** Start the Initialize Key Check **********
2014/11/13 13:16:42: Tool Ver: 2013.0605.01
2014/11/13 13:16:42: COM PORT OPEN ... OK
2014/11/13 13:16:42:
2014/11/13 13:16:42: ProductS/N:  RW06A113800470
2014/11/13 13:16:42: TID: 8604142272842D80
2014/11/13 13:16:42: F/W Version: 00.00.08
2014/11/13 13:16:42:
2014/11/13 13:16:42: MasterKey Key Entry ... OK
2014/11/13 13:16:42: PowerON Counter Key Entry ... OK
2014/11/13 13:16:43: Key Entry ... OK
2014/11/13 13:16:43: Complete.
2014/11/13 13:16:43: COM PORT CLOSE ... OK
2014/11/13 13:16:43: 
2014/11/13 13:16:43: ==== Processing was completed ====
2014/11/13 13:16:43: 
*************************************************


*********** Start the Initialize Key Check **********
2014/11/13 13:20:12: Tool Ver: 2013.0605.01
2014/11/13 13:20:12: COM PORT OPEN ... OK
2014/11/13 13:20:12:
2014/11/13 13:20:12: ProductS/N:  VRW06A113X02900
2014/11/13 13:20:12: TID: 8604260872842D80
2014/11/13 13:20:12: F/W Version: 00.00.08
2014/11/13 13:20:12:
2014/11/13 13:20:12: MasterKey Key Entry ... OK
2014/11/13 13:20:12: PowerON Counter Key Entry ... OK
2014/11/13 13:20:13: Key Entry ... OK
2014/11/13 13:20:13: Complete.
2014/11/13 13:20:13: COM PORT CLOSE ... OK
2014/11/13 13:20:13: 
2014/11/13 13:20:13: ==== Processing was completed ====
2014/11/13 13:20:13: 
*************************************************


*********** Start the Initialize Key Check **********
2014/11/13 13:43:14: Tool Ver: 2013.0605.01
2014/11/13 13:43:14: COM PORT OPEN ... OK
2014/11/13 13:43:14:
2014/11/13 13:43:14: ProductS/N:  VRW06A114201024
2014/11/13 13:43:14: TID: 86042727025B2980
2014/11/13 13:43:14: F/W Version: 00.00.08
2014/11/13 13:43:14:
2014/11/13 13:43:14: MasterKey Key Entry ... OK
2014/11/13 13:43:14: PowerON Counter Key Entry ... OK
2014/11/13 13:43:15: Key Entry ... OK
2014/11/13 13:43:15: Complete.
2014/11/13 13:43:15: COM PORT CLOSE ... OK
2014/11/13 13:43:15: 
2014/11/13 13:43:15: ==== Processing was completed ====
2014/11/13 13:43:15: 
*************************************************


*********** Start the Initialize Key Check **********
2014/11/13 13:48:48: Tool Ver: 2013.0605.01
2014/11/13 13:48:48: COM PORT OPEN ... OK
2014/11/13 13:48:49:
2014/11/13 13:48:49: ProductS/N:  VRW06A114201958
2014/11/13 13:48:49: TID: 86043122D2E52080
2014/11/13 13:48:49: F/W Version: 00.00.08
2014/11/13 13:48:49:
2014/11/13 13:48:49: MasterKey Key Entry ... OK
2014/11/13 13:48:49: PowerON Counter Key Entry ... OK
2014/11/13 13:48:49: Key Entry ... OK
2014/11/13 13:48:49: Complete.
2014/11/13 13:48:49: COM PORT CLOSE ... OK
2014/11/13 13:48:49: 
2014/11/13 13:48:49: ==== Processing was completed ====
2014/11/13 13:48:49: 
*************************************************


*********** Start the Initialize Key Check **********
2014/11/13 13:53:16: Tool Ver: 2013.0605.01
2014/11/13 13:53:16: COM PORT OPEN ... OK
2014/11/13 13:53:16:
2014/11/13 13:53:16: ProductS/N:  VRW06A113X01627
2014/11/13 13:53:16: TID: 8604352C6A9F2980
2014/11/13 13:53:16: F/W Version: 00.00.08
2014/11/13 13:53:16:
2014/11/13 13:53:16: MasterKey Key Entry ... OK
2014/11/13 13:53:16: PowerON Counter Key Entry ... OK
2014/11/13 13:53:17: Key Entry ... OK
2014/11/13 13:53:17: Complete.
2014/11/13 13:53:17: COM PORT CLOSE ... OK
2014/11/13 13:53:17: 
2014/11/13 13:53:17: ==== Processing was completed ====
2014/11/13 13:53:17: 
*************************************************


*********** Start the Initialize Key Check **********
2014/11/13 14:03:04: Tool Ver: 2013.0605.01
2014/11/13 14:03:04: COM PORT OPEN ... OK
2014/11/13 14:03:04:
2014/11/13 14:03:04: ProductS/N:  VRW06A113800082
2014/11/13 14:03:04: TID: 8604282F6A9F2980
2014/11/13 14:03:04: F/W Version: 00.00.08
2014/11/13 14:03:04:
2014/11/13 14:03:04: MasterKey Key Entry ... OK
2014/11/13 14:03:04: PowerON Counter Key Entry ... OK
2014/11/13 14:03:05: Key Entry ... OK
2014/11/13 14:03:05: Complete.
2014/11/13 14:03:05: COM PORT CLOSE ... OK
2014/11/13 14:03:05: 
2014/11/13 14:03:05: ==== Processing was completed ====
2014/11/13 14:03:05: 
*************************************************


*********** Start the Initialize Key Check **********
2014/11/13 14:14:33: Tool Ver: 2013.0605.01
2014/11/13 14:14:33: COM PORT OPEN ... OK
2014/11/13 14:14:33:
2014/11/13 14:14:33: ProductS/N:  VRW06A114401785
2014/11/13 14:14:33: TID: 8604082B2AE62080
2014/11/13 14:14:33: F/W Version: 00.00.08
2014/11/13 14:14:33:
2014/11/13 14:14:33: MasterKey Key Entry ... OK
2014/11/13 14:14:33: PowerON Counter Key Entry ... OK
2014/11/13 14:14:34: Key Entry ... OK
2014/11/13 14:14:34: Complete.
2014/11/13 14:14:34: COM PORT CLOSE ... OK
2014/11/13 14:14:34: 
2014/11/13 14:14:34: ==== Processing was completed ====
2014/11/13 14:14:34: 
*************************************************


*********** Start the Initialize Key Check **********
2014/11/13 14:20:29: Tool Ver: 2013.0605.01
2014/11/13 14:20:29: COM PORT OPEN ... ERROR(01)
2014/11/13 14:20:29: 
2014/11/13 14:20:29: ######## Error has occurred ########
2014/11/13 14:20:29: 
*************************************************


*********** Start the Initialize Key Check **********
2014/11/13 14:20:53: Tool Ver: 2013.0605.01
2014/11/13 14:20:53: COM PORT OPEN ... OK
2014/11/13 14:20:53:
2014/11/13 14:20:53: ProductS/N:  VRW06A113801375
2014/11/13 14:20:53: TID: 860426126A9F2980
2014/11/13 14:20:53: F/W Version: 00.00.08
2014/11/13 14:20:53:
2014/11/13 14:20:53: MasterKey Key Entry ... OK
2014/11/13 14:20:53: PowerON Counter Key Entry ... OK
2014/11/13 14:20:53: [032] ... ERROR KeyNoCEK[20]
2014/11/13 14:20:53: [033] ... ERROR KeyNoCEK[20]
2014/11/13 14:20:53: [034] ... ERROR KeyNoCEK[20]
2014/11/13 14:20:53: [035] ... ERROR KeyNoCEK[20]
2014/11/13 14:20:53: [036] ... ERROR KeyNoCEK[20]
2014/11/13 14:20:53: [037] ... ERROR KeyNoCEK[20]
2014/11/13 14:20:53: [038] ... ERROR KeyNoCEK[20]
2014/11/13 14:20:53: [039] ... ERROR KeyNoCEK[20]
2014/11/13 14:20:53: [040] ... ERROR KeyNoCEK[20]
2014/11/13 14:20:53: [041] ... ERROR KeyNoCEK[20]
2014/11/13 14:20:53: [042] ... ERROR KeyNoCEK[20]
2014/11/13 14:20:53: [043] ... ERROR KeyNoCEK[20]
2014/11/13 14:20:53: [044] ... ERROR KeyNoCEK[20]
2014/11/13 14:20:53: [045] ... ERROR KeyNoCEK[20]
2014/11/13 14:20:53: [046] ... ERROR KeyNoCEK[20]
2014/11/13 14:20:53: [047] ... ERROR KeyNoCEK[20]
2014/11/13 14:20:53: [048] ... ERROR KeyNoCEK[30]
2014/11/13 14:20:53: [049] ... ERROR KeyNoCEK[30]
2014/11/13 14:20:53: [050] ... ERROR KeyNoCEK[30]
2014/11/13 14:20:53: [051] ... ERROR KeyNoCEK[30]
2014/11/13 14:20:53: [052] ... ERROR KeyNoCEK[30]
2014/11/13 14:20:53: [053] ... ERROR KeyNoCEK[30]
2014/11/13 14:20:53: [054] ... ERROR KeyNoCEK[30]
2014/11/13 14:20:53: [055] ... ERROR KeyNoCEK[30]
2014/11/13 14:20:53: [056] ... ERROR KeyNoCEK[30]
2014/11/13 14:20:53: [057] ... ERROR KeyNoCEK[30]
2014/11/13 14:20:53: [058] ... ERROR KeyNoCEK[30]
2014/11/13 14:20:53: [059] ... ERROR KeyNoCEK[30]
2014/11/13 14:20:53: [060] ... ERROR KeyNoCEK[30]
2014/11/13 14:20:53: [061] ... ERROR KeyNoCEK[30]
2014/11/13 14:20:53: [062] ... ERROR KeyNoCEK[30]
2014/11/13 14:20:53: [063] ... ERROR KeyNoCEK[30]
2014/11/13 14:20:53: [064] ... ERROR KeyNoCEK[40]
2014/11/13 14:20:53: [065] ... ERROR KeyNoCEK[40]
2014/11/13 14:20:53: [066] ... ERROR KeyNoCEK[40]
2014/11/13 14:20:53: [067] ... ERROR KeyNoCEK[40]
2014/11/13 14:20:53: [068] ... ERROR KeyNoCEK[40]
2014/11/13 14:20:53: [069] ... ERROR KeyNoCEK[40]
2014/11/13 14:20:53: [070] ... ERROR KeyNoCEK[40]
2014/11/13 14:20:53: [071] ... ERROR KeyNoCEK[40]
2014/11/13 14:20:53: [072] ... ERROR KeyNoCEK[40]
2014/11/13 14:20:53: [073] ... ERROR KeyNoCEK[40]
2014/11/13 14:20:53: [074] ... ERROR KeyNoCEK[40]
2014/11/13 14:20:53: [075] ... ERROR KeyNoCEK[40]
2014/11/13 14:20:53: [076] ... ERROR KeyNoCEK[40]
2014/11/13 14:20:53: [077] ... ERROR KeyNoCEK[40]
2014/11/13 14:20:53: [078] ... ERROR KeyNoCEK[40]
2014/11/13 14:20:53: [079] ... ERROR KeyNoCEK[40]
2014/11/13 14:20:53: [080] ... ERROR KeyNoCEK[50]
2014/11/13 14:20:53: [081] ... ERROR KeyNoCEK[50]
2014/11/13 14:20:53: [082] ... ERROR KeyNoCEK[50]
2014/11/13 14:20:53: [083] ... ERROR KeyNoCEK[50]
2014/11/13 14:20:53: [084] ... ERROR KeyNoCEK[50]
2014/11/13 14:20:53: [085] ... ERROR KeyNoCEK[50]
2014/11/13 14:20:53: [086] ... ERROR KeyNoCEK[50]
2014/11/13 14:20:53: [087] ... ERROR KeyNoCEK[50]
2014/11/13 14:20:53: [088] ... ERROR KeyNoCEK[58]
2014/11/13 14:20:53: [089] ... ERROR KeyNoCEK[58]
2014/11/13 14:20:53: [090] ... ERROR KeyNoCEK[58]
2014/11/13 14:20:53: [091] ... ERROR KeyNoCEK[58]
2014/11/13 14:20:53: [092] ... ERROR KeyNoCEK[58]
2014/11/13 14:20:53: [093] ... ERROR KeyNoCEK[58]
2014/11/13 14:20:53: [094] ... ERROR KeyNoCEK[58]
2014/11/13 14:20:53: [095] ... ERROR KeyNoCEK[58]
2014/11/13 14:20:53: [096] ... ERROR KeyNoCEK[60]
2014/11/13 14:20:53: [097] ... ERROR KeyNoCEK[60]
2014/11/13 14:20:53: [098] ... ERROR KeyNoCEK[60]
2014/11/13 14:20:53: [099] ... ERROR KeyNoCEK[60]
2014/11/13 14:20:53: [100] ... ERROR KeyNoCEK[60]
2014/11/13 14:20:53: [101] ... ERROR KeyNoCEK[60]
2014/11/13 14:20:53: [102] ... ERROR KeyNoCEK[60]
2014/11/13 14:20:53: [103] ... ERROR KeyNoCEK[60]
2014/11/13 14:20:53: [104] ... ERROR KeyNoCEK[68]
2014/11/13 14:20:53: [105] ... ERROR KeyNoCEK[68]
2014/11/13 14:20:53: [106] ... ERROR KeyNoCEK[68]
2014/11/13 14:20:53: [107] ... ERROR KeyNoCEK[68]
2014/11/13 14:20:53: [108] ... ERROR KeyNoCEK[68]
2014/11/13 14:20:53: [109] ... ERROR KeyNoCEK[68]
2014/11/13 14:20:53: [110] ... ERROR KeyNoCEK[68]
2014/11/13 14:20:53: [111] ... ERROR KeyNoCEK[68]
2014/11/13 14:20:53: [112] ... ERROR KeyNoCEK[70]
2014/11/13 14:20:53: [113] ... ERROR KeyNoCEK[70]
2014/11/13 14:20:53: [114] ... ERROR KeyNoCEK[70]
2014/11/13 14:20:53: [115] ... ERROR KeyNoCEK[70]
2014/11/13 14:20:53: [116] ... ERROR KeyNoCEK[70]
2014/11/13 14:20:53: [117] ... ERROR KeyNoCEK[70]
2014/11/13 14:20:53: [118] ... ERROR KeyNoCEK[70]
2014/11/13 14:20:53: [119] ... ERROR KeyNoCEK[70]
2014/11/13 14:20:53: [120] ... ERROR KeyNoCEK[78]
2014/11/13 14:20:53: [121] ... ERROR KeyNoCEK[78]
2014/11/13 14:20:53: [122] ... ERROR KeyNoCEK[78]
2014/11/13 14:20:53: [123] ... ERROR KeyNoCEK[78]
2014/11/13 14:20:53: [124] ... ERROR KeyNoCEK[78]
2014/11/13 14:20:53: [125] ... ERROR KeyNoCEK[78]
2014/11/13 14:20:53: [126] ... ERROR KeyNoCEK[78]
2014/11/13 14:20:53: [127] ... ERROR KeyNoCEK[78]
2014/11/13 14:20:53: COM PORT CLOSE ... OK
2014/11/13 14:20:53: 
2014/11/13 14:20:53: ######## Error has occurred ########
2014/11/13 14:20:53: 
*************************************************


*********** Start the Initialize Key Check **********
2014/11/13 14:22:14: Tool Ver: 2013.0605.01
2014/11/13 14:22:14: COM PORT OPEN ... OK
2014/11/13 14:22:14:
2014/11/13 14:22:14: ProductS/N:  VRW06A113801375
2014/11/13 14:22:14: TID: 860426126A9F2980
2014/11/13 14:22:14: F/W Version: 00.00.08
2014/11/13 14:22:14:
2014/11/13 14:22:14: MasterKey Key Entry ... OK
2014/11/13 14:22:14: PowerON Counter Key Entry ... OK
2014/11/13 14:22:14: [032] ... ERROR KeyNoCEK[20]
2014/11/13 14:22:14: [033] ... ERROR KeyNoCEK[20]
2014/11/13 14:22:14: [034] ... ERROR KeyNoCEK[20]
2014/11/13 14:22:14: [035] ... ERROR KeyNoCEK[20]
2014/11/13 14:22:14: [036] ... ERROR KeyNoCEK[20]
2014/11/13 14:22:14: [037] ... ERROR KeyNoCEK[20]
2014/11/13 14:22:14: [038] ... ERROR KeyNoCEK[20]
2014/11/13 14:22:14: [039] ... ERROR KeyNoCEK[20]
2014/11/13 14:22:14: [040] ... ERROR KeyNoCEK[20]
2014/11/13 14:22:14: [041] ... ERROR KeyNoCEK[20]
2014/11/13 14:22:14: [042] ... ERROR KeyNoCEK[20]
2014/11/13 14:22:14: [043] ... ERROR KeyNoCEK[20]
2014/11/13 14:22:14: [044] ... ERROR KeyNoCEK[20]
2014/11/13 14:22:14: [045] ... ERROR KeyNoCEK[20]
2014/11/13 14:22:14: [046] ... ERROR KeyNoCEK[20]
2014/11/13 14:22:14: [047] ... ERROR KeyNoCEK[20]
2014/11/13 14:22:14: [048] ... ERROR KeyNoCEK[30]
2014/11/13 14:22:14: [049] ... ERROR KeyNoCEK[30]
2014/11/13 14:22:14: [050] ... ERROR KeyNoCEK[30]
2014/11/13 14:22:14: [051] ... ERROR KeyNoCEK[30]
2014/11/13 14:22:14: [052] ... ERROR KeyNoCEK[30]
2014/11/13 14:22:14: [053] ... ERROR KeyNoCEK[30]
2014/11/13 14:22:14: [054] ... ERROR KeyNoCEK[30]
2014/11/13 14:22:14: [055] ... ERROR KeyNoCEK[30]
2014/11/13 14:22:14: [056] ... ERROR KeyNoCEK[30]
2014/11/13 14:22:14: [057] ... ERROR KeyNoCEK[30]
2014/11/13 14:22:14: [058] ... ERROR KeyNoCEK[30]
2014/11/13 14:22:14: [059] ... ERROR KeyNoCEK[30]
2014/11/13 14:22:14: [060] ... ERROR KeyNoCEK[30]
2014/11/13 14:22:14: [061] ... ERROR KeyNoCEK[30]
2014/11/13 14:22:14: [062] ... ERROR KeyNoCEK[30]
2014/11/13 14:22:14: [063] ... ERROR KeyNoCEK[30]
2014/11/13 14:22:14: [064] ... ERROR KeyNoCEK[40]
2014/11/13 14:22:14: [065] ... ERROR KeyNoCEK[40]
2014/11/13 14:22:14: [066] ... ERROR KeyNoCEK[40]
2014/11/13 14:22:14: [067] ... ERROR KeyNoCEK[40]
2014/11/13 14:22:14: [068] ... ERROR KeyNoCEK[40]
2014/11/13 14:22:14: [069] ... ERROR KeyNoCEK[40]
2014/11/13 14:22:14: [070] ... ERROR KeyNoCEK[40]
2014/11/13 14:22:14: [071] ... ERROR KeyNoCEK[40]
2014/11/13 14:22:14: [072] ... ERROR KeyNoCEK[40]
2014/11/13 14:22:14: [073] ... ERROR KeyNoCEK[40]
2014/11/13 14:22:14: [074] ... ERROR KeyNoCEK[40]
2014/11/13 14:22:14: [075] ... ERROR KeyNoCEK[40]
2014/11/13 14:22:14: [076] ... ERROR KeyNoCEK[40]
2014/11/13 14:22:14: [077] ... ERROR KeyNoCEK[40]
2014/11/13 14:22:14: [078] ... ERROR KeyNoCEK[40]
2014/11/13 14:22:14: [079] ... ERROR KeyNoCEK[40]
2014/11/13 14:22:14: [080] ... ERROR KeyNoCEK[50]
2014/11/13 14:22:14: [081] ... ERROR KeyNoCEK[50]
2014/11/13 14:22:14: [082] ... ERROR KeyNoCEK[50]
2014/11/13 14:22:14: [083] ... ERROR KeyNoCEK[50]
2014/11/13 14:22:14: [084] ... ERROR KeyNoCEK[50]
2014/11/13 14:22:14: [085] ... ERROR KeyNoCEK[50]
2014/11/13 14:22:14: [086] ... ERROR KeyNoCEK[50]
2014/11/13 14:22:14: [087] ... ERROR KeyNoCEK[50]
2014/11/13 14:22:14: [088] ... ERROR KeyNoCEK[58]
2014/11/13 14:22:14: [089] ... ERROR KeyNoCEK[58]
2014/11/13 14:22:14: [090] ... ERROR KeyNoCEK[58]
2014/11/13 14:22:14: [091] ... ERROR KeyNoCEK[58]
2014/11/13 14:22:14: [092] ... ERROR KeyNoCEK[58]
2014/11/13 14:22:14: [093] ... ERROR KeyNoCEK[58]
2014/11/13 14:22:14: [094] ... ERROR KeyNoCEK[58]
2014/11/13 14:22:14: [095] ... ERROR KeyNoCEK[58]
2014/11/13 14:22:14: [096] ... ERROR KeyNoCEK[60]
2014/11/13 14:22:14: [097] ... ERROR KeyNoCEK[60]
2014/11/13 14:22:14: [098] ... ERROR KeyNoCEK[60]
2014/11/13 14:22:14: [099] ... ERROR KeyNoCEK[60]
2014/11/13 14:22:14: [100] ... ERROR KeyNoCEK[60]
2014/11/13 14:22:14: [101] ... ERROR KeyNoCEK[60]
2014/11/13 14:22:14: [102] ... ERROR KeyNoCEK[60]
2014/11/13 14:22:14: [103] ... ERROR KeyNoCEK[60]
2014/11/13 14:22:14: [104] ... ERROR KeyNoCEK[68]
2014/11/13 14:22:14: [105] ... ERROR KeyNoCEK[68]
2014/11/13 14:22:14: [106] ... ERROR KeyNoCEK[68]
2014/11/13 14:22:14: [107] ... ERROR KeyNoCEK[68]
2014/11/13 14:22:14: [108] ... ERROR KeyNoCEK[68]
2014/11/13 14:22:14: [109] ... ERROR KeyNoCEK[68]
2014/11/13 14:22:14: [110] ... ERROR KeyNoCEK[68]
2014/11/13 14:22:14: [111] ... ERROR KeyNoCEK[68]
2014/11/13 14:22:14: [112] ... ERROR KeyNoCEK[70]
2014/11/13 14:22:14: [113] ... ERROR KeyNoCEK[70]
2014/11/13 14:22:14: [114] ... ERROR KeyNoCEK[70]
2014/11/13 14:22:14: [115] ... ERROR KeyNoCEK[70]
2014/11/13 14:22:14: [116] ... ERROR KeyNoCEK[70]
2014/11/13 14:22:14: [117] ... ERROR KeyNoCEK[70]
2014/11/13 14:22:14: [118] ... ERROR KeyNoCEK[70]
2014/11/13 14:22:14: [119] ... ERROR KeyNoCEK[70]
2014/11/13 14:22:14: [120] ... ERROR KeyNoCEK[78]
2014/11/13 14:22:14: [121] ... ERROR KeyNoCEK[78]
2014/11/13 14:22:14: [122] ... ERROR KeyNoCEK[78]
2014/11/13 14:22:14: [123] ... ERROR KeyNoCEK[78]
2014/11/13 14:22:14: [124] ... ERROR KeyNoCEK[78]
2014/11/13 14:22:14: [125] ... ERROR KeyNoCEK[78]
2014/11/13 14:22:14: [126] ... ERROR KeyNoCEK[78]
2014/11/13 14:22:14: [127] ... ERROR KeyNoCEK[78]
2014/11/13 14:22:14: COM PORT CLOSE ... OK
2014/11/13 14:22:14: 
2014/11/13 14:22:14: ######## Error has occurred ########
2014/11/13 14:22:14: 
*************************************************


*********** Start the Initialize Key Check **********
2014/11/13 14:22:44: Tool Ver: 2013.0605.01
2014/11/13 14:22:44: COM PORT OPEN ... OK
2014/11/13 14:22:45:
2014/11/13 14:22:45: ProductS/N:  VRW06A113801375
2014/11/13 14:22:45: TID: 860426126A9F2980
2014/11/13 14:22:45: F/W Version: 00.00.08
2014/11/13 14:22:45:
2014/11/13 14:22:45: MasterKey Key Entry ... OK
2014/11/13 14:22:45: PowerON Counter Key Entry ... OK
2014/11/13 14:22:45: [032] ... ERROR KeyNoCEK[20]
2014/11/13 14:22:45: [033] ... ERROR KeyNoCEK[20]
2014/11/13 14:22:45: [034] ... ERROR KeyNoCEK[20]
2014/11/13 14:22:45: [035] ... ERROR KeyNoCEK[20]
2014/11/13 14:22:45: [036] ... ERROR KeyNoCEK[20]
2014/11/13 14:22:45: [037] ... ERROR KeyNoCEK[20]
2014/11/13 14:22:45: [038] ... ERROR KeyNoCEK[20]
2014/11/13 14:22:45: [039] ... ERROR KeyNoCEK[20]
2014/11/13 14:22:45: [040] ... ERROR KeyNoCEK[20]
2014/11/13 14:22:45: [041] ... ERROR KeyNoCEK[20]
2014/11/13 14:22:45: [042] ... ERROR KeyNoCEK[20]
2014/11/13 14:22:45: [043] ... ERROR KeyNoCEK[20]
2014/11/13 14:22:45: [044] ... ERROR KeyNoCEK[20]
2014/11/13 14:22:45: [045] ... ERROR KeyNoCEK[20]
2014/11/13 14:22:45: [046] ... ERROR KeyNoCEK[20]
2014/11/13 14:22:45: [047] ... ERROR KeyNoCEK[20]
2014/11/13 14:22:45: [048] ... ERROR KeyNoCEK[30]
2014/11/13 14:22:45: [049] ... ERROR KeyNoCEK[30]
2014/11/13 14:22:45: [050] ... ERROR KeyNoCEK[30]
2014/11/13 14:22:45: [051] ... ERROR KeyNoCEK[30]
2014/11/13 14:22:45: [052] ... ERROR KeyNoCEK[30]
2014/11/13 14:22:45: [053] ... ERROR KeyNoCEK[30]
2014/11/13 14:22:45: [054] ... ERROR KeyNoCEK[30]
2014/11/13 14:22:45: [055] ... ERROR KeyNoCEK[30]
2014/11/13 14:22:45: [056] ... ERROR KeyNoCEK[30]
2014/11/13 14:22:45: [057] ... ERROR KeyNoCEK[30]
2014/11/13 14:22:45: [058] ... ERROR KeyNoCEK[30]
2014/11/13 14:22:45: [059] ... ERROR KeyNoCEK[30]
2014/11/13 14:22:45: [060] ... ERROR KeyNoCEK[30]
2014/11/13 14:22:45: [061] ... ERROR KeyNoCEK[30]
2014/11/13 14:22:45: [062] ... ERROR KeyNoCEK[30]
2014/11/13 14:22:45: [063] ... ERROR KeyNoCEK[30]
2014/11/13 14:22:45: [064] ... ERROR KeyNoCEK[40]
2014/11/13 14:22:45: [065] ... ERROR KeyNoCEK[40]
2014/11/13 14:22:45: [066] ... ERROR KeyNoCEK[40]
2014/11/13 14:22:45: [067] ... ERROR KeyNoCEK[40]
2014/11/13 14:22:45: [068] ... ERROR KeyNoCEK[40]
2014/11/13 14:22:45: [069] ... ERROR KeyNoCEK[40]
2014/11/13 14:22:45: [070] ... ERROR KeyNoCEK[40]
2014/11/13 14:22:45: [071] ... ERROR KeyNoCEK[40]
2014/11/13 14:22:45: [072] ... ERROR KeyNoCEK[40]
2014/11/13 14:22:45: [073] ... ERROR KeyNoCEK[40]
2014/11/13 14:22:45: [074] ... ERROR KeyNoCEK[40]
2014/11/13 14:22:45: [075] ... ERROR KeyNoCEK[40]
2014/11/13 14:22:45: [076] ... ERROR KeyNoCEK[40]
2014/11/13 14:22:45: [077] ... ERROR KeyNoCEK[40]
2014/11/13 14:22:45: [078] ... ERROR KeyNoCEK[40]
2014/11/13 14:22:45: [079] ... ERROR KeyNoCEK[40]
2014/11/13 14:22:45: [080] ... ERROR KeyNoCEK[50]
2014/11/13 14:22:45: [081] ... ERROR KeyNoCEK[50]
2014/11/13 14:22:45: [082] ... ERROR KeyNoCEK[50]
2014/11/13 14:22:45: [083] ... ERROR KeyNoCEK[50]
2014/11/13 14:22:45: [084] ... ERROR KeyNoCEK[50]
2014/11/13 14:22:45: [085] ... ERROR KeyNoCEK[50]
2014/11/13 14:22:45: [086] ... ERROR KeyNoCEK[50]
2014/11/13 14:22:45: [087] ... ERROR KeyNoCEK[50]
2014/11/13 14:22:45: [088] ... ERROR KeyNoCEK[58]
2014/11/13 14:22:45: [089] ... ERROR KeyNoCEK[58]
2014/11/13 14:22:45: [090] ... ERROR KeyNoCEK[58]
2014/11/13 14:22:45: [091] ... ERROR KeyNoCEK[58]
2014/11/13 14:22:45: [092] ... ERROR KeyNoCEK[58]
2014/11/13 14:22:45: [093] ... ERROR KeyNoCEK[58]
2014/11/13 14:22:45: [094] ... ERROR KeyNoCEK[58]
2014/11/13 14:22:45: [095] ... ERROR KeyNoCEK[58]
2014/11/13 14:22:45: [096] ... ERROR KeyNoCEK[60]
2014/11/13 14:22:45: [097] ... ERROR KeyNoCEK[60]
2014/11/13 14:22:45: [098] ... ERROR KeyNoCEK[60]
2014/11/13 14:22:45: [099] ... ERROR KeyNoCEK[60]
2014/11/13 14:22:45: [100] ... ERROR KeyNoCEK[60]
2014/11/13 14:22:45: [101] ... ERROR KeyNoCEK[60]
2014/11/13 14:22:45: [102] ... ERROR KeyNoCEK[60]
2014/11/13 14:22:45: [103] ... ERROR KeyNoCEK[60]
2014/11/13 14:22:45: [104] ... ERROR KeyNoCEK[68]
2014/11/13 14:22:45: [105] ... ERROR KeyNoCEK[68]
2014/11/13 14:22:45: [106] ... ERROR KeyNoCEK[68]
2014/11/13 14:22:45: [107] ... ERROR KeyNoCEK[68]
2014/11/13 14:22:45: [108] ... ERROR KeyNoCEK[68]
2014/11/13 14:22:45: [109] ... ERROR KeyNoCEK[68]
2014/11/13 14:22:45: [110] ... ERROR KeyNoCEK[68]
2014/11/13 14:22:45: [111] ... ERROR KeyNoCEK[68]
2014/11/13 14:22:45: [112] ... ERROR KeyNoCEK[70]
2014/11/13 14:22:45: [113] ... ERROR KeyNoCEK[70]
2014/11/13 14:22:45: [114] ... ERROR KeyNoCEK[70]
2014/11/13 14:22:45: [115] ... ERROR KeyNoCEK[70]
2014/11/13 14:22:45: [116] ... ERROR KeyNoCEK[70]
2014/11/13 14:22:45: [117] ... ERROR KeyNoCEK[70]
2014/11/13 14:22:45: [118] ... ERROR KeyNoCEK[70]
2014/11/13 14:22:45: [119] ... ERROR KeyNoCEK[70]
2014/11/13 14:22:45: [120] ... ERROR KeyNoCEK[78]
2014/11/13 14:22:45: [121] ... ERROR KeyNoCEK[78]
2014/11/13 14:22:45: [122] ... ERROR KeyNoCEK[78]
2014/11/13 14:22:45: [123] ... ERROR KeyNoCEK[78]
2014/11/13 14:22:45: [124] ... ERROR KeyNoCEK[78]
2014/11/13 14:22:45: [125] ... ERROR KeyNoCEK[78]
2014/11/13 14:22:45: [126] ... ERROR KeyNoCEK[78]
2014/11/13 14:22:45: [127] ... ERROR KeyNoCEK[78]
2014/11/13 14:22:45: COM PORT CLOSE ... OK
2014/11/13 14:22:45: 
2014/11/13 14:22:45: ######## Error has occurred ########
2014/11/13 14:22:45: 
*************************************************


*********** Start the Initialize Key Check **********
2014/11/13 14:23:05: Tool Ver: 2013.0605.01
2014/11/13 14:23:05: COM PORT OPEN ... OK
2014/11/13 14:23:05:
2014/11/13 14:23:05: ProductS/N:  VRW06A113801375
2014/11/13 14:23:05: TID: 860426126A9F2980
2014/11/13 14:23:05: F/W Version: 00.00.08
2014/11/13 14:23:05:
2014/11/13 14:23:06: MasterKey Key Entry ... OK
2014/11/13 14:23:06: PowerON Counter Key Entry ... OK
2014/11/13 14:23:06: [032] ... ERROR KeyNoCEK[20]
2014/11/13 14:23:06: [033] ... ERROR KeyNoCEK[20]
2014/11/13 14:23:06: [034] ... ERROR KeyNoCEK[20]
2014/11/13 14:23:06: [035] ... ERROR KeyNoCEK[20]
2014/11/13 14:23:06: [036] ... ERROR KeyNoCEK[20]
2014/11/13 14:23:06: [037] ... ERROR KeyNoCEK[20]
2014/11/13 14:23:06: [038] ... ERROR KeyNoCEK[20]
2014/11/13 14:23:06: [039] ... ERROR KeyNoCEK[20]
2014/11/13 14:23:06: [040] ... ERROR KeyNoCEK[20]
2014/11/13 14:23:06: [041] ... ERROR KeyNoCEK[20]
2014/11/13 14:23:06: [042] ... ERROR KeyNoCEK[20]
2014/11/13 14:23:06: [043] ... ERROR KeyNoCEK[20]
2014/11/13 14:23:06: [044] ... ERROR KeyNoCEK[20]
2014/11/13 14:23:06: [045] ... ERROR KeyNoCEK[20]
2014/11/13 14:23:06: [046] ... ERROR KeyNoCEK[20]
2014/11/13 14:23:06: [047] ... ERROR KeyNoCEK[20]
2014/11/13 14:23:06: [048] ... ERROR KeyNoCEK[30]
2014/11/13 14:23:06: [049] ... ERROR KeyNoCEK[30]
2014/11/13 14:23:06: [050] ... ERROR KeyNoCEK[30]
2014/11/13 14:23:06: [051] ... ERROR KeyNoCEK[30]
2014/11/13 14:23:06: [052] ... ERROR KeyNoCEK[30]
2014/11/13 14:23:06: [053] ... ERROR KeyNoCEK[30]
2014/11/13 14:23:06: [054] ... ERROR KeyNoCEK[30]
2014/11/13 14:23:06: [055] ... ERROR KeyNoCEK[30]
2014/11/13 14:23:06: [056] ... ERROR KeyNoCEK[30]
2014/11/13 14:23:06: [057] ... ERROR KeyNoCEK[30]
2014/11/13 14:23:06: [058] ... ERROR KeyNoCEK[30]
2014/11/13 14:23:06: [059] ... ERROR KeyNoCEK[30]
2014/11/13 14:23:06: [060] ... ERROR KeyNoCEK[30]
2014/11/13 14:23:06: [061] ... ERROR KeyNoCEK[30]
2014/11/13 14:23:06: [062] ... ERROR KeyNoCEK[30]
2014/11/13 14:23:06: [063] ... ERROR KeyNoCEK[30]
2014/11/13 14:23:06: [064] ... ERROR KeyNoCEK[40]
2014/11/13 14:23:06: [065] ... ERROR KeyNoCEK[40]
2014/11/13 14:23:06: [066] ... ERROR KeyNoCEK[40]
2014/11/13 14:23:06: [067] ... ERROR KeyNoCEK[40]
2014/11/13 14:23:06: [068] ... ERROR KeyNoCEK[40]
2014/11/13 14:23:06: [069] ... ERROR KeyNoCEK[40]
2014/11/13 14:23:06: [070] ... ERROR KeyNoCEK[40]
2014/11/13 14:23:06: [071] ... ERROR KeyNoCEK[40]
2014/11/13 14:23:06: [072] ... ERROR KeyNoCEK[40]
2014/11/13 14:23:06: [073] ... ERROR KeyNoCEK[40]
2014/11/13 14:23:06: [074] ... ERROR KeyNoCEK[40]
2014/11/13 14:23:06: [075] ... ERROR KeyNoCEK[40]
2014/11/13 14:23:06: [076] ... ERROR KeyNoCEK[40]
2014/11/13 14:23:06: [077] ... ERROR KeyNoCEK[40]
2014/11/13 14:23:06: [078] ... ERROR KeyNoCEK[40]
2014/11/13 14:23:06: [079] ... ERROR KeyNoCEK[40]
2014/11/13 14:23:06: [080] ... ERROR KeyNoCEK[50]
2014/11/13 14:23:06: [081] ... ERROR KeyNoCEK[50]
2014/11/13 14:23:06: [082] ... ERROR KeyNoCEK[50]
2014/11/13 14:23:06: [083] ... ERROR KeyNoCEK[50]
2014/11/13 14:23:06: [084] ... ERROR KeyNoCEK[50]
2014/11/13 14:23:06: [085] ... ERROR KeyNoCEK[50]
2014/11/13 14:23:06: [086] ... ERROR KeyNoCEK[50]
2014/11/13 14:23:06: [087] ... ERROR KeyNoCEK[50]
2014/11/13 14:23:06: [088] ... ERROR KeyNoCEK[58]
2014/11/13 14:23:06: [089] ... ERROR KeyNoCEK[58]
2014/11/13 14:23:06: [090] ... ERROR KeyNoCEK[58]
2014/11/13 14:23:06: [091] ... ERROR KeyNoCEK[58]
2014/11/13 14:23:06: [092] ... ERROR KeyNoCEK[58]
2014/11/13 14:23:06: [093] ... ERROR KeyNoCEK[58]
2014/11/13 14:23:06: [094] ... ERROR KeyNoCEK[58]
2014/11/13 14:23:06: [095] ... ERROR KeyNoCEK[58]
2014/11/13 14:23:06: [096] ... ERROR KeyNoCEK[60]
2014/11/13 14:23:06: [097] ... ERROR KeyNoCEK[60]
2014/11/13 14:23:06: [098] ... ERROR KeyNoCEK[60]
2014/11/13 14:23:06: [099] ... ERROR KeyNoCEK[60]
2014/11/13 14:23:06: [100] ... ERROR KeyNoCEK[60]
2014/11/13 14:23:06: [101] ... ERROR KeyNoCEK[60]
2014/11/13 14:23:06: [102] ... ERROR KeyNoCEK[60]
2014/11/13 14:23:06: [103] ... ERROR KeyNoCEK[60]
2014/11/13 14:23:06: [104] ... ERROR KeyNoCEK[68]
2014/11/13 14:23:06: [105] ... ERROR KeyNoCEK[68]
2014/11/13 14:23:06: [106] ... ERROR KeyNoCEK[68]
2014/11/13 14:23:06: [107] ... ERROR KeyNoCEK[68]
2014/11/13 14:23:06: [108] ... ERROR KeyNoCEK[68]
2014/11/13 14:23:06: [109] ... ERROR KeyNoCEK[68]
2014/11/13 14:23:06: [110] ... ERROR KeyNoCEK[68]
2014/11/13 14:23:06: [111] ... ERROR KeyNoCEK[68]
2014/11/13 14:23:06: [112] ... ERROR KeyNoCEK[70]
2014/11/13 14:23:06: [113] ... ERROR KeyNoCEK[70]
2014/11/13 14:23:06: [114] ... ERROR KeyNoCEK[70]
2014/11/13 14:23:06: [115] ... ERROR KeyNoCEK[70]
2014/11/13 14:23:06: [116] ... ERROR KeyNoCEK[70]
2014/11/13 14:23:06: [117] ... ERROR KeyNoCEK[70]
2014/11/13 14:23:06: [118] ... ERROR KeyNoCEK[70]
2014/11/13 14:23:06: [119] ... ERROR KeyNoCEK[70]
2014/11/13 14:23:06: [120] ... ERROR KeyNoCEK[78]
2014/11/13 14:23:06: [121] ... ERROR KeyNoCEK[78]
2014/11/13 14:23:06: [122] ... ERROR KeyNoCEK[78]
2014/11/13 14:23:06: [123] ... ERROR KeyNoCEK[78]
2014/11/13 14:23:06: [124] ... ERROR KeyNoCEK[78]
2014/11/13 14:23:06: [125] ... ERROR KeyNoCEK[78]
2014/11/13 14:23:06: [126] ... ERROR KeyNoCEK[78]
2014/11/13 14:23:06: [127] ... ERROR KeyNoCEK[78]
2014/11/13 14:23:06: COM PORT CLOSE ... OK
2014/11/13 14:23:06: 
2014/11/13 14:23:06: ######## Error has occurred ########
2014/11/13 14:23:06: 
*************************************************


*********** Start the Initialize Key Check **********
2014/11/13 14:23:23: Tool Ver: 2013.0605.01
2014/11/13 14:23:23: COM PORT OPEN ... OK
2014/11/13 14:23:23:
2014/11/13 14:23:23: ProductS/N:  VRW06A113801375
2014/11/13 14:23:23: TID: 860426126A9F2980
2014/11/13 14:23:23: F/W Version: 00.00.08
2014/11/13 14:23:23:
2014/11/13 14:23:23: MasterKey Key Entry ... OK
2014/11/13 14:23:23: PowerON Counter Key Entry ... OK
2014/11/13 14:23:23: [032] ... ERROR KeyNoCEK[20]
2014/11/13 14:23:23: [033] ... ERROR KeyNoCEK[20]
2014/11/13 14:23:23: [034] ... ERROR KeyNoCEK[20]
2014/11/13 14:23:23: [035] ... ERROR KeyNoCEK[20]
2014/11/13 14:23:23: [036] ... ERROR KeyNoCEK[20]
2014/11/13 14:23:23: [037] ... ERROR KeyNoCEK[20]
2014/11/13 14:23:23: [038] ... ERROR KeyNoCEK[20]
2014/11/13 14:23:23: [039] ... ERROR KeyNoCEK[20]
2014/11/13 14:23:23: [040] ... ERROR KeyNoCEK[20]
2014/11/13 14:23:23: [041] ... ERROR KeyNoCEK[20]
2014/11/13 14:23:24: [042] ... ERROR KeyNoCEK[20]
2014/11/13 14:23:24: [043] ... ERROR KeyNoCEK[20]
2014/11/13 14:23:24: [044] ... ERROR KeyNoCEK[20]
2014/11/13 14:23:24: [045] ... ERROR KeyNoCEK[20]
2014/11/13 14:23:24: [046] ... ERROR KeyNoCEK[20]
2014/11/13 14:23:24: [047] ... ERROR KeyNoCEK[20]
2014/11/13 14:23:24: [048] ... ERROR KeyNoCEK[30]
2014/11/13 14:23:24: [049] ... ERROR KeyNoCEK[30]
2014/11/13 14:23:24: [050] ... ERROR KeyNoCEK[30]
2014/11/13 14:23:24: [051] ... ERROR KeyNoCEK[30]
2014/11/13 14:23:24: [052] ... ERROR KeyNoCEK[30]
2014/11/13 14:23:24: [053] ... ERROR KeyNoCEK[30]
2014/11/13 14:23:24: [054] ... ERROR KeyNoCEK[30]
2014/11/13 14:23:24: [055] ... ERROR KeyNoCEK[30]
2014/11/13 14:23:24: [056] ... ERROR KeyNoCEK[30]
2014/11/13 14:23:24: [057] ... ERROR KeyNoCEK[30]
2014/11/13 14:23:24: [058] ... ERROR KeyNoCEK[30]
2014/11/13 14:23:24: [059] ... ERROR KeyNoCEK[30]
2014/11/13 14:23:24: [060] ... ERROR KeyNoCEK[30]
2014/11/13 14:23:24: [061] ... ERROR KeyNoCEK[30]
2014/11/13 14:23:24: [062] ... ERROR KeyNoCEK[30]
2014/11/13 14:23:24: [063] ... ERROR KeyNoCEK[30]
2014/11/13 14:23:24: [064] ... ERROR KeyNoCEK[40]
2014/11/13 14:23:24: [065] ... ERROR KeyNoCEK[40]
2014/11/13 14:23:24: [066] ... ERROR KeyNoCEK[40]
2014/11/13 14:23:24: [067] ... ERROR KeyNoCEK[40]
2014/11/13 14:23:24: [068] ... ERROR KeyNoCEK[40]
2014/11/13 14:23:24: [069] ... ERROR KeyNoCEK[40]
2014/11/13 14:23:24: [070] ... ERROR KeyNoCEK[40]
2014/11/13 14:23:24: [071] ... ERROR KeyNoCEK[40]
2014/11/13 14:23:24: [072] ... ERROR KeyNoCEK[40]
2014/11/13 14:23:24: [073] ... ERROR KeyNoCEK[40]
2014/11/13 14:23:24: [074] ... ERROR KeyNoCEK[40]
2014/11/13 14:23:24: [075] ... ERROR KeyNoCEK[40]
2014/11/13 14:23:24: [076] ... ERROR KeyNoCEK[40]
2014/11/13 14:23:24: [077] ... ERROR KeyNoCEK[40]
2014/11/13 14:23:24: [078] ... ERROR KeyNoCEK[40]
2014/11/13 14:23:24: [079] ... ERROR KeyNoCEK[40]
2014/11/13 14:23:24: [080] ... ERROR KeyNoCEK[50]
2014/11/13 14:23:24: [081] ... ERROR KeyNoCEK[50]
2014/11/13 14:23:24: [082] ... ERROR KeyNoCEK[50]
2014/11/13 14:23:24: [083] ... ERROR KeyNoCEK[50]
2014/11/13 14:23:24: [084] ... ERROR KeyNoCEK[50]
2014/11/13 14:23:24: [085] ... ERROR KeyNoCEK[50]
2014/11/13 14:23:24: [086] ... ERROR KeyNoCEK[50]
2014/11/13 14:23:24: [087] ... ERROR KeyNoCEK[50]
2014/11/13 14:23:24: [088] ... ERROR KeyNoCEK[58]
2014/11/13 14:23:24: [089] ... ERROR KeyNoCEK[58]
2014/11/13 14:23:24: [090] ... ERROR KeyNoCEK[58]
2014/11/13 14:23:24: [091] ... ERROR KeyNoCEK[58]
2014/11/13 14:23:24: [092] ... ERROR KeyNoCEK[58]
2014/11/13 14:23:24: [093] ... ERROR KeyNoCEK[58]
2014/11/13 14:23:24: [094] ... ERROR KeyNoCEK[58]
2014/11/13 14:23:24: [095] ... ERROR KeyNoCEK[58]
2014/11/13 14:23:24: [096] ... ERROR KeyNoCEK[60]
2014/11/13 14:23:24: [097] ... ERROR KeyNoCEK[60]
2014/11/13 14:23:24: [098] ... ERROR KeyNoCEK[60]
2014/11/13 14:23:24: [099] ... ERROR KeyNoCEK[60]
2014/11/13 14:23:24: [100] ... ERROR KeyNoCEK[60]
2014/11/13 14:23:24: [101] ... ERROR KeyNoCEK[60]
2014/11/13 14:23:24: [102] ... ERROR KeyNoCEK[60]
2014/11/13 14:23:24: [103] ... ERROR KeyNoCEK[60]
2014/11/13 14:23:24: [104] ... ERROR KeyNoCEK[68]
2014/11/13 14:23:24: [105] ... ERROR KeyNoCEK[68]
2014/11/13 14:23:24: [106] ... ERROR KeyNoCEK[68]
2014/11/13 14:23:24: [107] ... ERROR KeyNoCEK[68]
2014/11/13 14:23:24: [108] ... ERROR KeyNoCEK[68]
2014/11/13 14:23:24: [109] ... ERROR KeyNoCEK[68]
2014/11/13 14:23:24: [110] ... ERROR KeyNoCEK[68]
2014/11/13 14:23:24: [111] ... ERROR KeyNoCEK[68]
2014/11/13 14:23:24: [112] ... ERROR KeyNoCEK[70]
2014/11/13 14:23:24: [113] ... ERROR KeyNoCEK[70]
2014/11/13 14:23:24: [114] ... ERROR KeyNoCEK[70]
2014/11/13 14:23:24: [115] ... ERROR KeyNoCEK[70]
2014/11/13 14:23:24: [116] ... ERROR KeyNoCEK[70]
2014/11/13 14:23:24: [117] ... ERROR KeyNoCEK[70]
2014/11/13 14:23:24: [118] ... ERROR KeyNoCEK[70]
2014/11/13 14:23:24: [119] ... ERROR KeyNoCEK[70]
2014/11/13 14:23:24: [120] ... ERROR KeyNoCEK[78]
2014/11/13 14:23:24: [121] ... ERROR KeyNoCEK[78]
2014/11/13 14:23:24: [122] ... ERROR KeyNoCEK[78]
2014/11/13 14:23:24: [123] ... ERROR KeyNoCEK[78]
2014/11/13 14:23:24: [124] ... ERROR KeyNoCEK[78]
2014/11/13 14:23:24: [125] ... ERROR KeyNoCEK[78]
2014/11/13 14:23:24: [126] ... ERROR KeyNoCEK[78]
2014/11/13 14:23:24: [127] ... ERROR KeyNoCEK[78]
2014/11/13 14:23:24: COM PORT CLOSE ... OK
2014/11/13 14:23:24: 
2014/11/13 14:23:24: ######## Error has occurred ########
2014/11/13 14:23:24: 
*************************************************


*********** Start the Initialize Key Check **********
2014/11/13 14:39:15: Tool Ver: 2013.0605.01
2014/11/13 14:39:15: COM PORT OPEN ... OK
2014/11/13 14:39:16:
2014/11/13 14:39:16: ProductS/N:  VRW06A114302881
2014/11/13 14:39:16: TID: 8604321D3AE62080
2014/11/13 14:39:16: F/W Version: 00.00.08
2014/11/13 14:39:16:
2014/11/13 14:39:16: MasterKey Key Entry ... OK
2014/11/13 14:39:16: PowerON Counter Key Entry ... OK
2014/11/13 14:39:16: Key Entry ... OK
2014/11/13 14:39:16: Complete.
2014/11/13 14:39:16: COM PORT CLOSE ... OK
2014/11/13 14:39:16: 
2014/11/13 14:39:16: ==== Processing was completed ====
2014/11/13 14:39:16: 
*************************************************


*********** Start the Initialize Key Check **********
2014/11/13 14:49:38: Tool Ver: 2013.0605.01
2014/11/13 14:49:38: COM PORT OPEN ... OK
2014/11/13 14:49:38:
2014/11/13 14:49:38: ProductS/N:   VRW06A114401781
2014/11/13 14:49:38: TID: 8604262772842D80
2014/11/13 14:49:38: F/W Version: 00.00.08
2014/11/13 14:49:38:
2014/11/13 14:49:38: MasterKey Key Entry ... OK
2014/11/13 14:49:38: PowerON Counter Key Entry ... OK
2014/11/13 14:49:39: Key Entry ... OK
2014/11/13 14:49:39: Complete.
2014/11/13 14:49:39: COM PORT CLOSE ... OK
2014/11/13 14:49:39: 
2014/11/13 14:49:39: ==== Processing was completed ====
2014/11/13 14:49:39: 
*************************************************


*********** Start the Initialize Key Check **********
2014/11/13 14:54:39: Tool Ver: 2013.0605.01
2014/11/13 14:54:39: COM PORT OPEN ... OK
2014/11/13 14:54:39:
2014/11/13 14:54:39: ProductS/N:  RW06A114300166
2014/11/13 14:54:39: TID: 86042934025B2980
2014/11/13 14:54:39: F/W Version: 00.00.08
2014/11/13 14:54:39:
2014/11/13 14:54:39: MasterKey Key Entry ... OK
2014/11/13 14:54:39: PowerON Counter Key Entry ... OK
2014/11/13 14:54:39: Key Entry ... OK
2014/11/13 14:54:39: Complete.
2014/11/13 14:54:39: COM PORT CLOSE ... OK
2014/11/13 14:54:39: 
2014/11/13 14:54:39: ==== Processing was completed ====
2014/11/13 14:54:39: 
*************************************************


*********** Start the Initialize Key Check **********
2014/11/13 14:57:16: Tool Ver: 2013.0605.01
2014/11/13 14:57:16: COM PORT OPEN ... OK
2014/11/13 14:57:17:
2014/11/13 14:57:17: ProductS/N:  VRW06A113801462
2014/11/13 14:57:17: TID: 86043B1B6A9F2980
2014/11/13 14:57:17: F/W Version: 00.00.08
2014/11/13 14:57:17:
2014/11/13 14:57:17: MasterKey Key Entry ... OK
2014/11/13 14:57:17: PowerON Counter Key Entry ... OK
2014/11/13 14:57:17: Key Entry ... OK
2014/11/13 14:57:17: Complete.
2014/11/13 14:57:17: COM PORT CLOSE ... OK
2014/11/13 14:57:17: 
2014/11/13 14:57:17: ==== Processing was completed ====
2014/11/13 14:57:17: 
*************************************************


*********** Start the Initialize Key Check **********
2014/11/13 15:22:01: Tool Ver: 2013.0605.01
2014/11/13 15:22:01: COM PORT OPEN ... OK
2014/11/13 15:22:01:
2014/11/13 15:22:01: ProductS/N:  VRW06A114200185
2014/11/13 15:22:01: TID: 8604171872842D80
2014/11/13 15:22:01: F/W Version: 00.00.08
2014/11/13 15:22:01:
2014/11/13 15:22:01: MasterKey Key Entry ... OK
2014/11/13 15:22:01: PowerON Counter Key Entry ... OK
2014/11/13 15:22:02: Key Entry ... OK
2014/11/13 15:22:02: Complete.
2014/11/13 15:22:02: COM PORT CLOSE ... OK
2014/11/13 15:22:02: 
2014/11/13 15:22:02: ==== Processing was completed ====
2014/11/13 15:22:02: 
*************************************************


*********** Start the Initialize Key Check **********
2014/11/13 15:31:12: Tool Ver: 2013.0605.01
2014/11/13 15:31:12: COM PORT OPEN ... OK
2014/11/13 15:31:12:
2014/11/13 15:31:12: ProductS/N:  VRW06A114Y00777
2014/11/13 15:31:12: TID: 86041B163AE62080
2014/11/13 15:31:12: F/W Version: 00.00.08
2014/11/13 15:31:12:
2014/11/13 15:31:12: MasterKey Key Entry ... OK
2014/11/13 15:31:12: PowerON Counter Key Entry ... OK
2014/11/13 15:31:13: Key Entry ... OK
2014/11/13 15:31:13: Complete.
2014/11/13 15:31:13: COM PORT CLOSE ... OK
2014/11/13 15:31:13: 
2014/11/13 15:31:13: ==== Processing was completed ====
2014/11/13 15:31:13: 
*************************************************


*********** Start the Initialize Key Check **********
2014/11/13 15:38:31: Tool Ver: 2013.0605.01
2014/11/13 15:38:31: COM PORT OPEN ... OK
2014/11/13 15:38:31:
2014/11/13 15:38:31: ProductS/N:  VRW06A113801416
2014/11/13 15:38:31: TID: 860437116A9F2980
2014/11/13 15:38:31: F/W Version: 00.00.08
2014/11/13 15:38:31:
2014/11/13 15:38:31: MasterKey Key Entry ... OK
2014/11/13 15:38:31: PowerON Counter Key Entry ... OK
2014/11/13 15:38:32: Key Entry ... OK
2014/11/13 15:38:32: Complete.
2014/11/13 15:38:32: COM PORT CLOSE ... OK
2014/11/13 15:38:32: 
2014/11/13 15:38:32: ==== Processing was completed ====
2014/11/13 15:38:32: 
*************************************************


*********** Start the Initialize Key Check **********
2014/11/13 15:40:58: Tool Ver: 2013.0605.01
2014/11/13 15:40:58: COM PORT OPEN ... OK
2014/11/13 15:40:58:
2014/11/13 15:40:58: ProductS/N:  VRW06A113801416
2014/11/13 15:40:58: TID: 860437116A9F2980
2014/11/13 15:40:58: F/W Version: 00.00.08
2014/11/13 15:40:58:
2014/11/13 15:40:58: MasterKey Key Entry ... OK
2014/11/13 15:40:58: PowerON Counter Key Entry ... OK
2014/11/13 15:40:58: Key Entry ... OK
2014/11/13 15:40:58: Complete.
2014/11/13 15:40:58: COM PORT CLOSE ... OK
2014/11/13 15:40:58: 
2014/11/13 15:40:58: ==== Processing was completed ====
2014/11/13 15:40:58: 
*************************************************


*********** Start the Initialize Key Check **********
2014/11/13 15:43:31: Tool Ver: 2013.0605.01
2014/11/13 15:43:31: COM PORT OPEN ... OK
2014/11/13 15:43:31:
2014/11/13 15:43:31: ProductS/N:  VRW06A114200835
2014/11/13 15:43:31: TID: 86040320025B2980
2014/11/13 15:43:31: F/W Version: 00.00.08
2014/11/13 15:43:31:
2014/11/13 15:43:31: MasterKey Key Entry ... OK
2014/11/13 15:43:31: PowerON Counter Key Entry ... OK
2014/11/13 15:43:31: Key Entry ... OK
2014/11/13 15:43:31: Complete.
2014/11/13 15:43:31: COM PORT CLOSE ... OK
2014/11/13 15:43:31: 
2014/11/13 15:43:31: ==== Processing was completed ====
2014/11/13 15:43:31: 
*************************************************


*********** Start the Initialize Key Check **********
2014/11/13 15:53:41: Tool Ver: 2013.0605.01
2014/11/13 15:53:41: COM PORT OPEN ... OK
2014/11/13 15:53:41:
2014/11/13 15:53:41: ProductS/N:  VRW06A114200285
2014/11/13 15:53:41: TID: 8604123B72842D80
2014/11/13 15:53:41: F/W Version: 00.00.08
2014/11/13 15:53:41:
2014/11/13 15:53:41: MasterKey Key Entry ... OK
2014/11/13 15:53:41: PowerON Counter Key Entry ... OK
2014/11/13 15:53:42: Key Entry ... OK
2014/11/13 15:53:42: Complete.
2014/11/13 15:53:42: COM PORT CLOSE ... OK
2014/11/13 15:53:42: 
2014/11/13 15:53:42: ==== Processing was completed ====
2014/11/13 15:53:42: 
*************************************************


*********** Start the Initialize Key Check **********
2014/11/13 15:56:04: Tool Ver: 2013.0605.01
2014/11/13 15:56:04: COM PORT OPEN ... OK
2014/11/13 15:56:04:
2014/11/13 15:56:04: ProductS/N:  VRW06A114400656
2014/11/13 15:56:04: TID: 860429123AE62080
2014/11/13 15:56:04: F/W Version: 00.00.08
2014/11/13 15:56:04:
2014/11/13 15:56:04: MasterKey Key Entry ... OK
2014/11/13 15:56:04: PowerON Counter Key Entry ... OK
2014/11/13 15:56:05: Key Entry ... OK
2014/11/13 15:56:05: Complete.
2014/11/13 15:56:05: COM PORT CLOSE ... OK
2014/11/13 15:56:05: 
2014/11/13 15:56:05: ==== Processing was completed ====
2014/11/13 15:56:05: 
*************************************************


*********** Start the Initialize Key Check **********
2014/11/13 16:05:36: Tool Ver: 2013.0605.01
2014/11/13 16:05:36: COM PORT OPEN ... ERROR(01)
2014/11/13 16:05:36: 
2014/11/13 16:05:36: ######## Error has occurred ########
2014/11/13 16:05:36: 
*************************************************


*********** Start the Initialize Key Check **********
2014/11/13 16:06:03: Tool Ver: 2013.0605.01
2014/11/13 16:06:03: COM PORT OPEN ... OK
2014/11/13 16:06:03:
2014/11/13 16:06:03: ProductS/N:  VRW06A113801416
2014/11/13 16:06:03: TID: 860437116A9F2980
2014/11/13 16:06:03: F/W Version: 00.00.08
2014/11/13 16:06:03:
2014/11/13 16:06:03: MasterKey Key Entry ... OK
2014/11/13 16:06:03: PowerON Counter Key Entry ... OK
2014/11/13 16:06:04: Key Entry ... OK
2014/11/13 16:06:04: Complete.
2014/11/13 16:06:04: COM PORT CLOSE ... OK
2014/11/13 16:06:04: 
2014/11/13 16:06:04: ==== Processing was completed ====
2014/11/13 16:06:04: 
*************************************************


*********** Start the Initialize Key Check **********
2014/11/13 16:07:20: Tool Ver: 2013.0605.01
2014/11/13 16:07:20: COM PORT OPEN ... OK
2014/11/13 16:07:20:
2014/11/13 16:07:20: ProductS/N:  VRW06A114200835
2014/11/13 16:07:20: TID: 86040320025B2980
2014/11/13 16:07:20: F/W Version: 00.00.08
2014/11/13 16:07:20:
2014/11/13 16:07:20: MasterKey Key Entry ... OK
2014/11/13 16:07:20: PowerON Counter Key Entry ... OK
2014/11/13 16:07:21: Key Entry ... OK
2014/11/13 16:07:21: Complete.
2014/11/13 16:07:21: COM PORT CLOSE ... OK
2014/11/13 16:07:21: 
2014/11/13 16:07:21: ==== Processing was completed ====
2014/11/13 16:07:21: 
*************************************************


*********** Start the Initialize Key Check **********
2014/11/13 16:15:56: Tool Ver: 2013.0605.01
2014/11/13 16:15:56: COM PORT OPEN ... OK
2014/11/13 16:15:56:
2014/11/13 16:15:56: ProductS/N:  VRW06A114200942
2014/11/13 16:15:56: TID: 8604212C025B2980
2014/11/13 16:15:56: F/W Version: 00.00.08
2014/11/13 16:15:56:
2014/11/13 16:15:56: MasterKey Key Entry ... OK
2014/11/13 16:15:56: PowerON Counter Key Entry ... OK
2014/11/13 16:15:57: Key Entry ... OK
2014/11/13 16:15:57: Complete.
2014/11/13 16:15:57: COM PORT CLOSE ... OK
2014/11/13 16:15:57: 
2014/11/13 16:15:57: ==== Processing was completed ====
2014/11/13 16:15:57: 
*************************************************


*********** Start the Initialize Key Check **********
2014/11/13 16:25:50: Tool Ver: 2013.0605.01
2014/11/13 16:25:50: COM PORT OPEN ... OK
2014/11/13 16:25:50:
2014/11/13 16:25:50: ProductS/N:  VRW06A114200942
2014/11/13 16:25:50: TID: 8604212C025B2980
2014/11/13 16:25:50: F/W Version: 00.00.08
2014/11/13 16:25:50:
2014/11/13 16:25:50: MasterKey Key Entry ... OK
2014/11/13 16:25:50: PowerON Counter Key Entry ... OK
2014/11/13 16:25:51: Key Entry ... OK
2014/11/13 16:25:51: Complete.
2014/11/13 16:25:51: COM PORT CLOSE ... OK
2014/11/13 16:25:51: 
2014/11/13 16:25:51: ==== Processing was completed ====
2014/11/13 16:25:51: 
*************************************************


*********** Start the Initialize Key Check **********
2014/11/13 16:27:31: Tool Ver: 2013.0605.01
2014/11/13 16:27:31: COM PORT OPEN ... ERROR(01)
2014/11/13 16:27:31: 
2014/11/13 16:27:31: ######## Error has occurred ########
2014/11/13 16:27:31: 
*************************************************


*********** Start the Initialize Key Check **********
2014/11/13 16:27:55: Tool Ver: 2013.0605.01
2014/11/13 16:27:55: COM PORT OPEN ... OK
2014/11/13 16:27:55:
2014/11/13 16:27:55: ProductS/N:  VRW06A114200244
2014/11/13 16:27:55: TID: 860412242AE62080
2014/11/13 16:27:55: F/W Version: 00.00.08
2014/11/13 16:27:55:
2014/11/13 16:27:55: MasterKey Key Entry ... OK
2014/11/13 16:27:55: PowerON Counter Key Entry ... OK
2014/11/13 16:27:56: Key Entry ... OK
2014/11/13 16:27:56: Complete.
2014/11/13 16:27:56: COM PORT CLOSE ... OK
2014/11/13 16:27:56: 
2014/11/13 16:27:56: ==== Processing was completed ====
2014/11/13 16:27:56: 
*************************************************


*********** Start the Initialize Key Check **********
2014/11/13 16:30:00: Tool Ver: 2013.0605.01
2014/11/13 16:30:00: COM PORT OPEN ... OK
2014/11/13 16:30:00:
2014/11/13 16:30:00: ProductS/N:  VRW06A114201558
2014/11/13 16:30:00: TID: 8604251172842D80
2014/11/13 16:30:00: F/W Version: 00.00.08
2014/11/13 16:30:00:
2014/11/13 16:30:00: MasterKey Key Entry ... OK
2014/11/13 16:30:00: PowerON Counter Key Entry ... OK
2014/11/13 16:30:01: Key Entry ... OK
2014/11/13 16:30:01: Complete.
2014/11/13 16:30:01: COM PORT CLOSE ... OK
2014/11/13 16:30:01: 
2014/11/13 16:30:01: ==== Processing was completed ====
2014/11/13 16:30:01: 
*************************************************


*********** Start the Initialize Key Check **********
2014/11/13 16:39:40: Tool Ver: 2013.0605.01
2014/11/13 16:39:40: COM PORT OPEN ... OK
2014/11/13 16:39:41:
2014/11/13 16:39:41: ProductS/N:  RW06A114401785
2014/11/13 16:39:41: TID: 8604082B2AE62080
2014/11/13 16:39:41: F/W Version: 00.00.08
2014/11/13 16:39:41:
2014/11/13 16:39:41: MasterKey Key Entry ... OK
2014/11/13 16:39:41: PowerON Counter Key Entry ... OK
2014/11/13 16:39:41: Key Entry ... OK
2014/11/13 16:39:41: Complete.
2014/11/13 16:39:41: COM PORT CLOSE ... OK
2014/11/13 16:39:41: 
2014/11/13 16:39:41: ==== Processing was completed ====
2014/11/13 16:39:41: 
*************************************************


*********** Start the Initialize Key Check **********
2014/11/13 16:40:31: Tool Ver: 2013.0605.01
2014/11/13 16:40:31: COM PORT OPEN ... OK
2014/11/13 16:40:31:
2014/11/13 16:40:31: ProductS/N:  3801375 
2014/11/13 16:40:31: TID: 860426126A9F2980
2014/11/13 16:40:31: F/W Version: 00.00.08
2014/11/13 16:40:31:
2014/11/13 16:40:31: MasterKey Key Entry ... OK
2014/11/13 16:40:31: PowerON Counter Key Entry ... OK
2014/11/13 16:40:31: [032] ... ERROR KeyNoCEK[20]
2014/11/13 16:40:31: [033] ... ERROR KeyNoCEK[20]
2014/11/13 16:40:31: [034] ... ERROR KeyNoCEK[20]
2014/11/13 16:40:31: [035] ... ERROR KeyNoCEK[20]
2014/11/13 16:40:31: [036] ... ERROR KeyNoCEK[20]
2014/11/13 16:40:31: [037] ... ERROR KeyNoCEK[20]
2014/11/13 16:40:31: [038] ... ERROR KeyNoCEK[20]
2014/11/13 16:40:31: [039] ... ERROR KeyNoCEK[20]
2014/11/13 16:40:31: [040] ... ERROR KeyNoCEK[20]
2014/11/13 16:40:31: [041] ... ERROR KeyNoCEK[20]
2014/11/13 16:40:31: [042] ... ERROR KeyNoCEK[20]
2014/11/13 16:40:31: [043] ... ERROR KeyNoCEK[20]
2014/11/13 16:40:31: [044] ... ERROR KeyNoCEK[20]
2014/11/13 16:40:31: [045] ... ERROR KeyNoCEK[20]
2014/11/13 16:40:31: [046] ... ERROR KeyNoCEK[20]
2014/11/13 16:40:31: [047] ... ERROR KeyNoCEK[20]
2014/11/13 16:40:31: [048] ... ERROR KeyNoCEK[30]
2014/11/13 16:40:31: [049] ... ERROR KeyNoCEK[30]
2014/11/13 16:40:31: [050] ... ERROR KeyNoCEK[30]
2014/11/13 16:40:31: [051] ... ERROR KeyNoCEK[30]
2014/11/13 16:40:31: [052] ... ERROR KeyNoCEK[30]
2014/11/13 16:40:31: [053] ... ERROR KeyNoCEK[30]
2014/11/13 16:40:31: [054] ... ERROR KeyNoCEK[30]
2014/11/13 16:40:31: [055] ... ERROR KeyNoCEK[30]
2014/11/13 16:40:31: [056] ... ERROR KeyNoCEK[30]
2014/11/13 16:40:31: [057] ... ERROR KeyNoCEK[30]
2014/11/13 16:40:31: [058] ... ERROR KeyNoCEK[30]
2014/11/13 16:40:31: [059] ... ERROR KeyNoCEK[30]
2014/11/13 16:40:31: [060] ... ERROR KeyNoCEK[30]
2014/11/13 16:40:31: [061] ... ERROR KeyNoCEK[30]
2014/11/13 16:40:31: [062] ... ERROR KeyNoCEK[30]
2014/11/13 16:40:31: [063] ... ERROR KeyNoCEK[30]
2014/11/13 16:40:31: [064] ... ERROR KeyNoCEK[40]
2014/11/13 16:40:31: [065] ... ERROR KeyNoCEK[40]
2014/11/13 16:40:31: [066] ... ERROR KeyNoCEK[40]
2014/11/13 16:40:31: [067] ... ERROR KeyNoCEK[40]
2014/11/13 16:40:31: [068] ... ERROR KeyNoCEK[40]
2014/11/13 16:40:31: [069] ... ERROR KeyNoCEK[40]
2014/11/13 16:40:31: [070] ... ERROR KeyNoCEK[40]
2014/11/13 16:40:31: [071] ... ERROR KeyNoCEK[40]
2014/11/13 16:40:31: [072] ... ERROR KeyNoCEK[40]
2014/11/13 16:40:31: [073] ... ERROR KeyNoCEK[40]
2014/11/13 16:40:31: [074] ... ERROR KeyNoCEK[40]
2014/11/13 16:40:31: [075] ... ERROR KeyNoCEK[40]
2014/11/13 16:40:31: [076] ... ERROR KeyNoCEK[40]
2014/11/13 16:40:31: [077] ... ERROR KeyNoCEK[40]
2014/11/13 16:40:31: [078] ... ERROR KeyNoCEK[40]
2014/11/13 16:40:31: [079] ... ERROR KeyNoCEK[40]
2014/11/13 16:40:31: [080] ... ERROR KeyNoCEK[50]
2014/11/13 16:40:31: [081] ... ERROR KeyNoCEK[50]
2014/11/13 16:40:31: [082] ... ERROR KeyNoCEK[50]
2014/11/13 16:40:31: [083] ... ERROR KeyNoCEK[50]
2014/11/13 16:40:31: [084] ... ERROR KeyNoCEK[50]
2014/11/13 16:40:31: [085] ... ERROR KeyNoCEK[50]
2014/11/13 16:40:31: [086] ... ERROR KeyNoCEK[50]
2014/11/13 16:40:31: [087] ... ERROR KeyNoCEK[50]
2014/11/13 16:40:31: [088] ... ERROR KeyNoCEK[58]
2014/11/13 16:40:31: [089] ... ERROR KeyNoCEK[58]
2014/11/13 16:40:31: [090] ... ERROR KeyNoCEK[58]
2014/11/13 16:40:31: [091] ... ERROR KeyNoCEK[58]
2014/11/13 16:40:31: [092] ... ERROR KeyNoCEK[58]
2014/11/13 16:40:31: [093] ... ERROR KeyNoCEK[58]
2014/11/13 16:40:31: [094] ... ERROR KeyNoCEK[58]
2014/11/13 16:40:31: [095] ... ERROR KeyNoCEK[58]
2014/11/13 16:40:31: [096] ... ERROR KeyNoCEK[60]
2014/11/13 16:40:32: [097] ... ERROR KeyNoCEK[60]
2014/11/13 16:40:32: [098] ... ERROR KeyNoCEK[60]
2014/11/13 16:40:32: [099] ... ERROR KeyNoCEK[60]
2014/11/13 16:40:32: [100] ... ERROR KeyNoCEK[60]
2014/11/13 16:40:32: [101] ... ERROR KeyNoCEK[60]
2014/11/13 16:40:32: [102] ... ERROR KeyNoCEK[60]
2014/11/13 16:40:32: [103] ... ERROR KeyNoCEK[60]
2014/11/13 16:40:32: [104] ... ERROR KeyNoCEK[68]
2014/11/13 16:40:32: [105] ... ERROR KeyNoCEK[68]
2014/11/13 16:40:32: [106] ... ERROR KeyNoCEK[68]
2014/11/13 16:40:32: [107] ... ERROR KeyNoCEK[68]
2014/11/13 16:40:32: [108] ... ERROR KeyNoCEK[68]
2014/11/13 16:40:32: [109] ... ERROR KeyNoCEK[68]
2014/11/13 16:40:32: [110] ... ERROR KeyNoCEK[68]
2014/11/13 16:40:32: [111] ... ERROR KeyNoCEK[68]
2014/11/13 16:40:32: [112] ... ERROR KeyNoCEK[70]
2014/11/13 16:40:32: [113] ... ERROR KeyNoCEK[70]
2014/11/13 16:40:32: [114] ... ERROR KeyNoCEK[70]
2014/11/13 16:40:32: [115] ... ERROR KeyNoCEK[70]
2014/11/13 16:40:32: [116] ... ERROR KeyNoCEK[70]
2014/11/13 16:40:32: [117] ... ERROR KeyNoCEK[70]
2014/11/13 16:40:32: [118] ... ERROR KeyNoCEK[70]
2014/11/13 16:40:32: [119] ... ERROR KeyNoCEK[70]
2014/11/13 16:40:32: [120] ... ERROR KeyNoCEK[78]
2014/11/13 16:40:32: [121] ... ERROR KeyNoCEK[78]
2014/11/13 16:40:32: [122] ... ERROR KeyNoCEK[78]
2014/11/13 16:40:32: [123] ... ERROR KeyNoCEK[78]
2014/11/13 16:40:32: [124] ... ERROR KeyNoCEK[78]
2014/11/13 16:40:32: [125] ... ERROR KeyNoCEK[78]
2014/11/13 16:40:32: [126] ... ERROR KeyNoCEK[78]
2014/11/13 16:40:32: [127] ... ERROR KeyNoCEK[78]
2014/11/13 16:40:32: COM PORT CLOSE ... OK
2014/11/13 16:40:32: 
2014/11/13 16:40:32: ######## Error has occurred ########
2014/11/13 16:40:32: 
*************************************************


*********** Start the Initialize Key Check **********
2014/11/13 16:43:38: Tool Ver: 2013.0605.01
2014/11/13 16:43:38: Product S/N ... ERROR
2014/11/13 16:43:38: 
2014/11/13 16:43:38: ######## Error has occurred ########
2014/11/13 16:43:38: 
*************************************************


*********** Start the Initialize Key Check **********
2014/11/13 16:44:15: Tool Ver: 2013.0605.01
2014/11/13 16:44:15: Product S/N ... ERROR
2014/11/13 16:44:15: 
2014/11/13 16:44:15: ######## Error has occurred ########
2014/11/13 16:44:15: 
*************************************************


*********** Start the Initialize Key Check **********
2014/11/13 16:44:48: Tool Ver: 2013.0605.01
2014/11/13 16:44:48: Product S/N ... ERROR
2014/11/13 16:44:48: 
2014/11/13 16:44:48: ######## Error has occurred ########
2014/11/13 16:44:48: 
*************************************************


*********** Start the Initialize Key Check **********
2014/11/13 16:45:09: Tool Ver: 2013.0605.01
2014/11/13 16:45:09: Product S/N ... ERROR
2014/11/13 16:45:09: 
2014/11/13 16:45:09: ######## Error has occurred ########
2014/11/13 16:45:09: 
*************************************************


*********** Start the Initialize Key Check **********
2014/11/13 16:48:07: Tool Ver: 2013.0605.01
2014/11/13 16:48:07: Product S/N ... ERROR
2014/11/13 16:48:07: 
2014/11/13 16:48:07: ######## Error has occurred ########
2014/11/13 16:48:07: 
*************************************************


