*********** Start the Initialize Key Check **********
2014/09/27 08:35:54: Tool Ver: 2013.0605.01
2014/09/27 08:35:54: COM PORT OPEN ... OK
2014/09/27 08:35:54:
2014/09/27 08:35:54: ProductS/N:  VRW06A114900533
2014/09/27 08:35:54: TID: 8604192ACAE52080
2014/09/27 08:35:54: F/W Version: 00.00.08
2014/09/27 08:35:54:
2014/09/27 08:35:54: MasterKey Key Entry ... OK
2014/09/27 08:35:54: PowerON Counter Key Entry ... OK
2014/09/27 08:35:55: Key Entry ... OK
2014/09/27 08:35:55: Complete.
2014/09/27 08:35:55: COM PORT CLOSE ... OK
2014/09/27 08:35:55: 
2014/09/27 08:35:55: ==== Processing was completed ====
2014/09/27 08:35:55: 
*************************************************


*********** Start the Initialize Key Check **********
2014/09/27 08:36:56: Tool Ver: 2013.0605.01
2014/09/27 08:36:56: COM PORT OPEN ... OK
2014/09/27 08:36:56:
2014/09/27 08:36:56: ProductS/N:  VRW06A114900549
2014/09/27 08:36:56: TID: 86042C1E2AE62080
2014/09/27 08:36:56: F/W Version: 00.00.08
2014/09/27 08:36:56:
2014/09/27 08:36:56: MasterKey Key Entry ... OK
2014/09/27 08:36:56: PowerON Counter Key Entry ... OK
2014/09/27 08:36:57: Key Entry ... OK
2014/09/27 08:36:57: Complete.
2014/09/27 08:36:57: COM PORT CLOSE ... OK
2014/09/27 08:36:57: 
2014/09/27 08:36:57: ==== Processing was completed ====
2014/09/27 08:36:57: 
*************************************************


*********** Start the Initialize Key Check **********
2014/09/27 08:37:30: Tool Ver: 2013.0605.01
2014/09/27 08:37:30: COM PORT OPEN ... OK
2014/09/27 08:37:30:
2014/09/27 08:37:30: ProductS/N:  VRW06A114900552
2014/09/27 08:37:30: TID: 86040E202AE62080
2014/09/27 08:37:30: F/W Version: 00.00.08
2014/09/27 08:37:30:
2014/09/27 08:37:30: MasterKey Key Entry ... OK
2014/09/27 08:37:30: PowerON Counter Key Entry ... OK
2014/09/27 08:37:31: Key Entry ... OK
2014/09/27 08:37:31: Complete.
2014/09/27 08:37:31: COM PORT CLOSE ... OK
2014/09/27 08:37:31: 
2014/09/27 08:37:31: ==== Processing was completed ====
2014/09/27 08:37:31: 
*************************************************


*********** Start the Initialize Key Check **********
2014/09/27 08:50:57: Tool Ver: 2013.0605.01
2014/09/27 08:50:57: COM PORT OPEN ... OK
2014/09/27 08:50:57:
2014/09/27 08:50:57: ProductS/N:  VRW06A114900555
2014/09/27 08:50:57: TID: 860413282AE62080
2014/09/27 08:50:57: F/W Version: 00.00.08
2014/09/27 08:50:57:
2014/09/27 08:50:57: MasterKey Key Entry ... OK
2014/09/27 08:50:57: PowerON Counter Key Entry ... OK
2014/09/27 08:50:58: Key Entry ... OK
2014/09/27 08:50:58: Complete.
2014/09/27 08:50:58: COM PORT CLOSE ... OK
2014/09/27 08:50:58: 
2014/09/27 08:50:58: ==== Processing was completed ====
2014/09/27 08:50:58: 
*************************************************


*********** Start the Initialize Key Check **********
2014/09/27 08:51:32: Tool Ver: 2013.0605.01
2014/09/27 08:51:32: COM PORT OPEN ... OK
2014/09/27 08:51:32:
2014/09/27 08:51:32: ProductS/N:  VRW06A114900580
2014/09/27 08:51:32: TID: 86042D103AE62080
2014/09/27 08:51:32: F/W Version: 00.00.08
2014/09/27 08:51:32:
2014/09/27 08:51:32: MasterKey Key Entry ... OK
2014/09/27 08:51:32: PowerON Counter Key Entry ... OK
2014/09/27 08:51:33: Key Entry ... OK
2014/09/27 08:51:33: Complete.
2014/09/27 08:51:33: COM PORT CLOSE ... OK
2014/09/27 08:51:33: 
2014/09/27 08:51:33: ==== Processing was completed ====
2014/09/27 08:51:33: 
*************************************************


*********** Start the Initialize Key Check **********
2014/09/27 09:07:32: Tool Ver: 2013.0605.01
2014/09/27 09:07:32: COM PORT OPEN ... OK
2014/09/27 09:07:33:
2014/09/27 09:07:33: ProductS/N:  VRW06A114900579
2014/09/27 09:07:33: TID: 86040E1BCAE52080
2014/09/27 09:07:33: F/W Version: 00.00.08
2014/09/27 09:07:33:
2014/09/27 09:07:33: MasterKey Key Entry ... OK
2014/09/27 09:07:33: PowerON Counter Key Entry ... OK
2014/09/27 09:07:33: Key Entry ... OK
2014/09/27 09:07:33: Complete.
2014/09/27 09:07:33: COM PORT CLOSE ... OK
2014/09/27 09:07:33: 
2014/09/27 09:07:33: ==== Processing was completed ====
2014/09/27 09:07:33: 
*************************************************


*********** Start the Initialize Key Check **********
2014/09/27 09:08:13: Tool Ver: 2013.0605.01
2014/09/27 09:08:13: COM PORT OPEN ... OK
2014/09/27 09:08:13:
2014/09/27 09:08:13: ProductS/N:  VRW06A114900547
2014/09/27 09:08:13: TID: 8604152A2AE62080
2014/09/27 09:08:13: F/W Version: 00.00.08
2014/09/27 09:08:13:
2014/09/27 09:08:13: MasterKey Key Entry ... OK
2014/09/27 09:08:13: PowerON Counter Key Entry ... OK
2014/09/27 09:08:14: Key Entry ... OK
2014/09/27 09:08:14: Complete.
2014/09/27 09:08:14: COM PORT CLOSE ... OK
2014/09/27 09:08:14: 
2014/09/27 09:08:14: ==== Processing was completed ====
2014/09/27 09:08:14: 
*************************************************


*********** Start the Initialize Key Check **********
2014/09/27 09:19:01: Tool Ver: 2013.0605.01
2014/09/27 09:19:01: COM PORT OPEN ... OK
2014/09/27 09:19:01:
2014/09/27 09:19:01: ProductS/N:  VRW06A114900548
2014/09/27 09:19:01: TID: 8604152DCAE52080
2014/09/27 09:19:01: F/W Version: 00.00.08
2014/09/27 09:19:01:
2014/09/27 09:19:01: MasterKey Key Entry ... OK
2014/09/27 09:19:01: PowerON Counter Key Entry ... OK
2014/09/27 09:19:02: Key Entry ... OK
2014/09/27 09:19:02: Complete.
2014/09/27 09:19:02: COM PORT CLOSE ... OK
2014/09/27 09:19:02: 
2014/09/27 09:19:02: ==== Processing was completed ====
2014/09/27 09:19:02: 
*************************************************


*********** Start the Initialize Key Check **********
2014/09/27 09:22:18: Tool Ver: 2013.0605.01
2014/09/27 09:22:18: COM PORT OPEN ... OK
2014/09/27 09:22:18:
2014/09/27 09:22:18: ProductS/N:  VRW06A114900554
2014/09/27 09:22:18: TID: 86041D262AE62080
2014/09/27 09:22:18: F/W Version: 00.00.08
2014/09/27 09:22:18:
2014/09/27 09:22:18: MasterKey Key Entry ... OK
2014/09/27 09:22:18: PowerON Counter Key Entry ... OK
2014/09/27 09:22:19: Key Entry ... OK
2014/09/27 09:22:19: Complete.
2014/09/27 09:22:19: COM PORT CLOSE ... OK
2014/09/27 09:22:19: 
2014/09/27 09:22:19: ==== Processing was completed ====
2014/09/27 09:22:19: 
*************************************************


*********** Start the Initialize Key Check **********
2014/09/27 09:30:48: Tool Ver: 2013.0605.01
2014/09/27 09:30:48: COM PORT OPEN ... OK
2014/09/27 09:30:48:
2014/09/27 09:30:48: ProductS/N:  VRW06A114900572
2014/09/27 09:30:48: TID: 8604342FCAE52080
2014/09/27 09:30:48: F/W Version: 00.00.08
2014/09/27 09:30:48:
2014/09/27 09:30:48: MasterKey Key Entry ... OK
2014/09/27 09:30:48: PowerON Counter Key Entry ... OK
2014/09/27 09:30:49: Key Entry ... OK
2014/09/27 09:30:49: Complete.
2014/09/27 09:30:49: COM PORT CLOSE ... OK
2014/09/27 09:30:49: 
2014/09/27 09:30:49: ==== Processing was completed ====
2014/09/27 09:30:49: 
*************************************************


*********** Start the Initialize Key Check **********
2014/09/27 10:01:01: Tool Ver: 2013.0605.01
2014/09/27 10:01:01: COM PORT OPEN ... OK
2014/09/27 10:01:02:
2014/09/27 10:01:02: ProductS/N:  VRW06A114900582
2014/09/27 10:01:02: TID: 86041F133AE62080
2014/09/27 10:01:02: F/W Version: 00.00.08
2014/09/27 10:01:02:
2014/09/27 10:01:02: MasterKey Key Entry ... OK
2014/09/27 10:01:02: PowerON Counter Key Entry ... OK
2014/09/27 10:01:02: Key Entry ... OK
2014/09/27 10:01:02: Complete.
2014/09/27 10:01:02: COM PORT CLOSE ... OK
2014/09/27 10:01:02: 
2014/09/27 10:01:02: ==== Processing was completed ====
2014/09/27 10:01:02: 
*************************************************


*********** Start the Initialize Key Check **********
2014/09/27 10:20:38: Tool Ver: 2013.0605.01
2014/09/27 10:20:38: COM PORT OPEN ... OK
2014/09/27 10:20:39:
2014/09/27 10:20:39: ProductS/N:  VRW06A114900586
2014/09/27 10:20:39: TID: 860414103AE62080
2014/09/27 10:20:39: F/W Version: 00.00.08
2014/09/27 10:20:39:
2014/09/27 10:20:39: MasterKey Key Entry ... OK
2014/09/27 10:20:39: PowerON Counter Key Entry ... OK
2014/09/27 10:20:39: Key Entry ... OK
2014/09/27 10:20:39: Complete.
2014/09/27 10:20:39: COM PORT CLOSE ... OK
2014/09/27 10:20:39: 
2014/09/27 10:20:39: ==== Processing was completed ====
2014/09/27 10:20:39: 
*************************************************


*********** Start the Initialize Key Check **********
2014/09/27 10:26:11: Tool Ver: 2013.0605.01
2014/09/27 10:26:11: COM PORT OPEN ... OK
2014/09/27 10:26:11:
2014/09/27 10:26:11: ProductS/N:  VRW06A114900514
2014/09/27 10:26:11: TID: 86041F103AE62080
2014/09/27 10:26:11: F/W Version: 00.00.08
2014/09/27 10:26:11:
2014/09/27 10:26:11: MasterKey Key Entry ... OK
2014/09/27 10:26:11: PowerON Counter Key Entry ... OK
2014/09/27 10:26:12: Key Entry ... OK
2014/09/27 10:26:12: Complete.
2014/09/27 10:26:12: COM PORT CLOSE ... OK
2014/09/27 10:26:12: 
2014/09/27 10:26:12: ==== Processing was completed ====
2014/09/27 10:26:12: 
*************************************************


*********** Start the Initialize Key Check **********
2014/09/27 10:39:12: Tool Ver: 2013.0605.01
2014/09/27 10:39:12: COM PORT OPEN ... OK
2014/09/27 10:39:12:
2014/09/27 10:39:12: ProductS/N:  VRW06A114900591
2014/09/27 10:39:12: TID: 86041C2CCAE52080
2014/09/27 10:39:12: F/W Version: 00.00.08
2014/09/27 10:39:12:
2014/09/27 10:39:12: MasterKey Key Entry ... OK
2014/09/27 10:39:12: PowerON Counter Key Entry ... OK
2014/09/27 10:39:12: Key Entry ... OK
2014/09/27 10:39:12: Complete.
2014/09/27 10:39:12: COM PORT CLOSE ... OK
2014/09/27 10:39:12: 
2014/09/27 10:39:12: ==== Processing was completed ====
2014/09/27 10:39:12: 
*************************************************


*********** Start the Initialize Key Check **********
2014/09/27 10:40:48: Tool Ver: 2013.0605.01
2014/09/27 10:40:48: COM PORT OPEN ... OK
2014/09/27 10:40:48:
2014/09/27 10:40:48: ProductS/N:  VRW06A114900589
2014/09/27 10:40:48: TID: 86041E34CAE52080
2014/09/27 10:40:48: F/W Version: 00.00.08
2014/09/27 10:40:48:
2014/09/27 10:40:48: MasterKey Key Entry ... OK
2014/09/27 10:40:48: PowerON Counter Key Entry ... OK
2014/09/27 10:40:49: Key Entry ... OK
2014/09/27 10:40:49: Complete.
2014/09/27 10:40:49: COM PORT CLOSE ... OK
2014/09/27 10:40:49: 
2014/09/27 10:40:49: ==== Processing was completed ====
2014/09/27 10:40:49: 
*************************************************


*********** Start the Initialize Key Check **********
2014/09/27 10:46:01: Tool Ver: 2013.0605.01
2014/09/27 10:46:01: COM PORT OPEN ... OK
2014/09/27 10:46:01:
2014/09/27 10:46:01: ProductS/N:  VRW06A114900592
2014/09/27 10:46:01: TID: 86043E133AE62080
2014/09/27 10:46:01: F/W Version: 00.00.08
2014/09/27 10:46:01:
2014/09/27 10:46:01: MasterKey Key Entry ... OK
2014/09/27 10:46:01: PowerON Counter Key Entry ... OK
2014/09/27 10:46:01: Key Entry ... OK
2014/09/27 10:46:01: Complete.
2014/09/27 10:46:01: COM PORT CLOSE ... OK
2014/09/27 10:46:01: 
2014/09/27 10:46:01: ==== Processing was completed ====
2014/09/27 10:46:01: 
*************************************************


*********** Start the Initialize Key Check **********
2014/09/27 10:49:15: Tool Ver: 2013.0605.01
2014/09/27 10:49:15: COM PORT OPEN ... OK
2014/09/27 10:49:15:
2014/09/27 10:49:15: ProductS/N:  VRW06A114900601
2014/09/27 10:49:15: TID: 8604032ECAE52080
2014/09/27 10:49:15: F/W Version: 00.00.08
2014/09/27 10:49:15:
2014/09/27 10:49:15: MasterKey Key Entry ... OK
2014/09/27 10:49:15: PowerON Counter Key Entry ... OK
2014/09/27 10:49:15: Key Entry ... OK
2014/09/27 10:49:15: Complete.
2014/09/27 10:49:15: COM PORT CLOSE ... OK
2014/09/27 10:49:15: 
2014/09/27 10:49:15: ==== Processing was completed ====
2014/09/27 10:49:15: 
*************************************************


*********** Start the Initialize Key Check **********
2014/09/27 10:52:05: Tool Ver: 2013.0605.01
2014/09/27 10:52:05: COM PORT OPEN ... OK
2014/09/27 10:52:05:
2014/09/27 10:52:05: ProductS/N:  VRW06A114900498
2014/09/27 10:52:05: TID: 86042E2DCAE52080
2014/09/27 10:52:05: F/W Version: 00.00.08
2014/09/27 10:52:05:
2014/09/27 10:52:05: MasterKey Key Entry ... OK
2014/09/27 10:52:05: PowerON Counter Key Entry ... OK
2014/09/27 10:52:06: Key Entry ... OK
2014/09/27 10:52:06: Complete.
2014/09/27 10:52:06: COM PORT CLOSE ... OK
2014/09/27 10:52:06: 
2014/09/27 10:52:06: ==== Processing was completed ====
2014/09/27 10:52:06: 
*************************************************


*********** Start the Initialize Key Check **********
2014/09/27 10:53:11: Tool Ver: 2013.0605.01
2014/09/27 10:53:11: COM PORT OPEN ... OK
2014/09/27 10:53:11:
2014/09/27 10:53:11: ProductS/N:  VRW06A114900574
2014/09/27 10:53:11: TID: 86041A03CAE52080
2014/09/27 10:53:11: F/W Version: 00.00.08
2014/09/27 10:53:11:
2014/09/27 10:53:11: MasterKey Key Entry ... OK
2014/09/27 10:53:11: PowerON Counter Key Entry ... OK
2014/09/27 10:53:12: Key Entry ... OK
2014/09/27 10:53:12: Complete.
2014/09/27 10:53:12: COM PORT CLOSE ... OK
2014/09/27 10:53:12: 
2014/09/27 10:53:12: ==== Processing was completed ====
2014/09/27 10:53:12: 
*************************************************


*********** Start the Initialize Key Check **********
2014/09/27 10:56:11: Tool Ver: 2013.0605.01
2014/09/27 10:56:11: COM PORT OPEN ... OK
2014/09/27 10:56:11:
2014/09/27 10:56:11: ProductS/N:  VRW06A114900593
2014/09/27 10:56:11: TID: 86040F29CAE52080
2014/09/27 10:56:11: F/W Version: 00.00.08
2014/09/27 10:56:11:
2014/09/27 10:56:11: MasterKey Key Entry ... OK
2014/09/27 10:56:11: PowerON Counter Key Entry ... OK
2014/09/27 10:56:12: Key Entry ... OK
2014/09/27 10:56:12: Complete.
2014/09/27 10:56:12: COM PORT CLOSE ... OK
2014/09/27 10:56:12: 
2014/09/27 10:56:12: ==== Processing was completed ====
2014/09/27 10:56:12: 
*************************************************


*********** Start the Initialize Key Check **********
2014/09/27 10:57:45: Tool Ver: 2013.0605.01
2014/09/27 10:57:45: COM PORT OPEN ... OK
2014/09/27 10:57:45:
2014/09/27 10:57:45: ProductS/N:  VRW06A114900529
2014/09/27 10:57:45: TID: 860434202AE62080
2014/09/27 10:57:45: F/W Version: 00.00.08
2014/09/27 10:57:45:
2014/09/27 10:57:45: MasterKey Key Entry ... OK
2014/09/27 10:57:45: PowerON Counter Key Entry ... OK
2014/09/27 10:57:45: Key Entry ... OK
2014/09/27 10:57:45: Complete.
2014/09/27 10:57:45: COM PORT CLOSE ... OK
2014/09/27 10:57:45: 
2014/09/27 10:57:45: ==== Processing was completed ====
2014/09/27 10:57:45: 
*************************************************


*********** Start the Initialize Key Check **********
2014/09/27 11:00:01: Tool Ver: 2013.0605.01
2014/09/27 11:00:01: COM PORT OPEN ... OK
2014/09/27 11:00:01:
2014/09/27 11:00:01: ProductS/N:  VRW06A114900596
2014/09/27 11:00:01: TID: 86040835CAE52080
2014/09/27 11:00:01: F/W Version: 00.00.08
2014/09/27 11:00:01:
2014/09/27 11:00:01: MasterKey Key Entry ... OK
2014/09/27 11:00:01: PowerON Counter Key Entry ... OK
2014/09/27 11:00:01: Key Entry ... OK
2014/09/27 11:00:01: Complete.
2014/09/27 11:00:01: COM PORT CLOSE ... OK
2014/09/27 11:00:01: 
2014/09/27 11:00:01: ==== Processing was completed ====
2014/09/27 11:00:01: 
*************************************************


*********** Start the Initialize Key Check **********
2014/09/27 11:04:17: Tool Ver: 2013.0605.01
2014/09/27 11:04:17: COM PORT OPEN ... OK
2014/09/27 11:04:17:
2014/09/27 11:04:17: ProductS/N:  VRW06A114900588
2014/09/27 11:04:17: TID: 8604102ECAE52080
2014/09/27 11:04:17: F/W Version: 00.00.08
2014/09/27 11:04:17:
2014/09/27 11:04:17: MasterKey Key Entry ... OK
2014/09/27 11:04:17: PowerON Counter Key Entry ... OK
2014/09/27 11:04:18: Key Entry ... OK
2014/09/27 11:04:18: Complete.
2014/09/27 11:04:18: COM PORT CLOSE ... OK
2014/09/27 11:04:18: 
2014/09/27 11:04:18: ==== Processing was completed ====
2014/09/27 11:04:18: 
*************************************************


*********** Start the Initialize Key Check **********
2014/09/27 11:07:08: Tool Ver: 2013.0605.01
2014/09/27 11:07:08: COM PORT OPEN ... OK
2014/09/27 11:07:08:
2014/09/27 11:07:08: ProductS/N:  VRW06A114900597
2014/09/27 11:07:08: TID: 8604062FCAE52080
2014/09/27 11:07:08: F/W Version: 00.00.08
2014/09/27 11:07:08:
2014/09/27 11:07:08: MasterKey Key Entry ... OK
2014/09/27 11:07:08: PowerON Counter Key Entry ... OK
2014/09/27 11:07:09: Key Entry ... OK
2014/09/27 11:07:09: Complete.
2014/09/27 11:07:09: COM PORT CLOSE ... OK
2014/09/27 11:07:09: 
2014/09/27 11:07:09: ==== Processing was completed ====
2014/09/27 11:07:09: 
*************************************************


*********** Start the Initialize Key Check **********
2014/09/27 11:08:06: Tool Ver: 2013.0605.01
2014/09/27 11:08:06: COM PORT OPEN ... OK
2014/09/27 11:08:06:
2014/09/27 11:08:06: ProductS/N:  VRW06A114900525
2014/09/27 11:08:06: TID: 86043B163AE62080
2014/09/27 11:08:06: F/W Version: 00.00.08
2014/09/27 11:08:06:
2014/09/27 11:08:06: MasterKey Key Entry ... OK
2014/09/27 11:08:06: PowerON Counter Key Entry ... OK
2014/09/27 11:08:07: Key Entry ... OK
2014/09/27 11:08:07: Complete.
2014/09/27 11:08:07: COM PORT CLOSE ... OK
2014/09/27 11:08:07: 
2014/09/27 11:08:07: ==== Processing was completed ====
2014/09/27 11:08:07: 
*************************************************


*********** Start the Initialize Key Check **********
2014/09/27 11:10:56: Tool Ver: 2013.0605.01
2014/09/27 11:10:56: COM PORT OPEN ... OK
2014/09/27 11:10:56:
2014/09/27 11:10:56: ProductS/N:  VRW06A114900576
2014/09/27 11:10:56: TID: 86042403CAE52080
2014/09/27 11:10:56: F/W Version: 00.00.08
2014/09/27 11:10:56:
2014/09/27 11:10:56: MasterKey Key Entry ... OK
2014/09/27 11:10:56: PowerON Counter Key Entry ... OK
2014/09/27 11:10:56: Key Entry ... OK
2014/09/27 11:10:56: Complete.
2014/09/27 11:10:56: COM PORT CLOSE ... OK
2014/09/27 11:10:56: 
2014/09/27 11:10:56: ==== Processing was completed ====
2014/09/27 11:10:56: 
*************************************************


*********** Start the Initialize Key Check **********
2014/09/27 11:13:32: Tool Ver: 2013.0605.01
2014/09/27 11:13:32: COM PORT OPEN ... OK
2014/09/27 11:13:32:
2014/09/27 11:13:32: ProductS/N:  VRW06A114900551
2014/09/27 11:13:32: TID: 86040F202AE62080
2014/09/27 11:13:32: F/W Version: 00.00.08
2014/09/27 11:13:32:
2014/09/27 11:13:32: MasterKey Key Entry ... OK
2014/09/27 11:13:32: PowerON Counter Key Entry ... OK
2014/09/27 11:13:32: Key Entry ... OK
2014/09/27 11:13:32: Complete.
2014/09/27 11:13:32: COM PORT CLOSE ... OK
2014/09/27 11:13:32: 
2014/09/27 11:13:32: ==== Processing was completed ====
2014/09/27 11:13:32: 
*************************************************


*********** Start the Initialize Key Check **********
2014/09/27 11:14:41: Tool Ver: 2013.0605.01
2014/09/27 11:14:41: COM PORT OPEN ... OK
2014/09/27 11:14:41:
2014/09/27 11:14:41: ProductS/N:  VRW06A114900071
2014/09/27 11:14:41: TID: 86041F2DCAE52080
2014/09/27 11:14:41: F/W Version: 00.00.08
2014/09/27 11:14:41:
2014/09/27 11:14:42: MasterKey Key Entry ... OK
2014/09/27 11:14:42: PowerON Counter Key Entry ... OK
2014/09/27 11:14:42: Key Entry ... OK
2014/09/27 11:14:42: Complete.
2014/09/27 11:14:42: COM PORT CLOSE ... OK
2014/09/27 11:14:42: 
2014/09/27 11:14:42: ==== Processing was completed ====
2014/09/27 11:14:42: 
*************************************************


*********** Start the Initialize Key Check **********
2014/09/27 11:15:59: Tool Ver: 2013.0605.01
2014/09/27 11:15:59: COM PORT OPEN ... OK
2014/09/27 11:15:59:
2014/09/27 11:15:59: ProductS/N:  VRW06A114900600
2014/09/27 11:15:59: TID: 86043628CAE52080
2014/09/27 11:15:59: F/W Version: 00.00.08
2014/09/27 11:15:59:
2014/09/27 11:15:59: MasterKey Key Entry ... OK
2014/09/27 11:15:59: PowerON Counter Key Entry ... OK
2014/09/27 11:16:00: Key Entry ... OK
2014/09/27 11:16:00: Complete.
2014/09/27 11:16:00: COM PORT CLOSE ... OK
2014/09/27 11:16:00: 
2014/09/27 11:16:00: ==== Processing was completed ====
2014/09/27 11:16:00: 
*************************************************


*********** Start the Initialize Key Check **********
2014/09/27 11:18:05: Tool Ver: 2013.0605.01
2014/09/27 11:18:05: COM PORT OPEN ... OK
2014/09/27 11:18:06:
2014/09/27 11:18:06: ProductS/N:  VRW06A114900595
2014/09/27 11:18:06: TID: 8604042ECAE52080
2014/09/27 11:18:06: F/W Version: 00.00.08
2014/09/27 11:18:06:
2014/09/27 11:18:06: MasterKey Key Entry ... OK
2014/09/27 11:18:06: PowerON Counter Key Entry ... OK
2014/09/27 11:18:06: Key Entry ... OK
2014/09/27 11:18:06: Complete.
2014/09/27 11:18:06: COM PORT CLOSE ... OK
2014/09/27 11:18:06: 
2014/09/27 11:18:06: ==== Processing was completed ====
2014/09/27 11:18:06: 
*************************************************


*********** Start the Initialize Key Check **********
2014/09/27 11:20:00: Tool Ver: 2013.0605.01
2014/09/27 11:20:00: COM PORT OPEN ... OK
2014/09/27 11:20:00:
2014/09/27 11:20:00: ProductS/N:  VRW06A114900590
2014/09/27 11:20:00: TID: 86041E27CAE52080
2014/09/27 11:20:00: F/W Version: 00.00.08
2014/09/27 11:20:00:
2014/09/27 11:20:00: MasterKey Key Entry ... OK
2014/09/27 11:20:00: PowerON Counter Key Entry ... OK
2014/09/27 11:20:01: Key Entry ... OK
2014/09/27 11:20:01: Complete.
2014/09/27 11:20:01: COM PORT CLOSE ... OK
2014/09/27 11:20:01: 
2014/09/27 11:20:01: ==== Processing was completed ====
2014/09/27 11:20:01: 
*************************************************


*********** Start the Initialize Key Check **********
2014/09/27 11:21:34: Tool Ver: 2013.0605.01
2014/09/27 11:21:34: COM PORT OPEN ... OK
2014/09/27 11:21:34:
2014/09/27 11:21:34: ProductS/N:  VRW06A114900587
2014/09/27 11:21:34: TID: 860413173AE62080
2014/09/27 11:21:34: F/W Version: 00.00.08
2014/09/27 11:21:34:
2014/09/27 11:21:34: MasterKey Key Entry ... OK
2014/09/27 11:21:34: PowerON Counter Key Entry ... OK
2014/09/27 11:21:35: Key Entry ... OK
2014/09/27 11:21:35: Complete.
2014/09/27 11:21:35: COM PORT CLOSE ... OK
2014/09/27 11:21:35: 
2014/09/27 11:21:35: ==== Processing was completed ====
2014/09/27 11:21:35: 
*************************************************


*********** Start the Initialize Key Check **********
2014/09/27 11:33:03: Tool Ver: 2013.0605.01
2014/09/27 11:33:03: COM PORT OPEN ... OK
2014/09/27 11:33:03:
2014/09/27 11:33:03: ProductS/N:  VRW06A114900598
2014/09/27 11:33:03: TID: 8604102FCAE52080
2014/09/27 11:33:03: F/W Version: 00.00.08
2014/09/27 11:33:03:
2014/09/27 11:33:03: MasterKey Key Entry ... OK
2014/09/27 11:33:03: PowerON Counter Key Entry ... OK
2014/09/27 11:33:03: Key Entry ... OK
2014/09/27 11:33:03: Complete.
2014/09/27 11:33:03: COM PORT CLOSE ... OK
2014/09/27 11:33:03: 
2014/09/27 11:33:03: ==== Processing was completed ====
2014/09/27 11:33:03: 
*************************************************


*********** Start the Initialize Key Check **********
2014/09/27 11:38:57: Tool Ver: 2013.0605.01
2014/09/27 11:38:57: COM PORT OPEN ... OK
2014/09/27 11:38:57:
2014/09/27 11:38:57: ProductS/N:  VRW06A114900604
2014/09/27 11:38:57: TID: 86040634CAE52080
2014/09/27 11:38:57: F/W Version: 00.00.08
2014/09/27 11:38:57:
2014/09/27 11:38:57: MasterKey Key Entry ... OK
2014/09/27 11:38:57: PowerON Counter Key Entry ... OK
2014/09/27 11:38:58: Key Entry ... OK
2014/09/27 11:38:58: Complete.
2014/09/27 11:38:58: COM PORT CLOSE ... OK
2014/09/27 11:38:58: 
2014/09/27 11:38:58: ==== Processing was completed ====
2014/09/27 11:38:58: 
*************************************************


*********** Start the Initialize Key Check **********
2014/09/27 12:56:09: Tool Ver: 2013.0605.01
2014/09/27 12:56:09: COM PORT OPEN ... ERROR(01)
2014/09/27 12:56:09: 
2014/09/27 12:56:09: ######## Error has occurred ########
2014/09/27 12:56:09: 
*************************************************


*********** Start the Initialize Key Check **********
2014/09/27 12:56:11: Tool Ver: 2013.0605.01
2014/09/27 12:56:11: COM PORT OPEN ... ERROR(01)
2014/09/27 12:56:11: 
2014/09/27 12:56:11: ######## Error has occurred ########
2014/09/27 12:56:11: 
*************************************************


*********** Start the Initialize Key Check **********
2014/09/27 12:56:13: Tool Ver: 2013.0605.01
2014/09/27 12:56:13: COM PORT OPEN ... ERROR(01)
2014/09/27 12:56:13: 
2014/09/27 12:56:13: ######## Error has occurred ########
2014/09/27 12:56:13: 
*************************************************


*********** Start the Initialize Key Check **********
2014/09/27 12:56:20: Tool Ver: 2013.0605.01
2014/09/27 12:56:20: COM PORT OPEN ... ERROR(01)
2014/09/27 12:56:20: 
2014/09/27 12:56:20: ######## Error has occurred ########
2014/09/27 12:56:20: 
*************************************************


*********** Start the Initialize Key Check **********
2014/09/27 12:56:22: Tool Ver: 2013.0605.01
2014/09/27 12:56:22: COM PORT OPEN ... ERROR(01)
2014/09/27 12:56:22: 
2014/09/27 12:56:22: ######## Error has occurred ########
2014/09/27 12:56:22: 
*************************************************


*********** Start the Initialize Key Check **********
2014/09/27 12:57:35: Tool Ver: 2013.0605.01
2014/09/27 12:57:35: COM PORT OPEN ... OK
2014/09/27 12:57:36:
2014/09/27 12:57:36: ProductS/N:  4900592
2014/09/27 12:57:36: TID: 86043E133AE62080
2014/09/27 12:57:36: F/W Version: 00.00.08
2014/09/27 12:57:36:
2014/09/27 12:57:36: MasterKey Key Entry ... OK
2014/09/27 12:57:36: PowerON Counter Key Entry ... OK
2014/09/27 12:57:36: Key Entry ... OK
2014/09/27 12:57:36: Complete.
2014/09/27 12:57:36: COM PORT CLOSE ... OK
2014/09/27 12:57:36: 
2014/09/27 12:57:36: ==== Processing was completed ====
2014/09/27 12:57:36: 
*************************************************


*********** Start the Initialize Key Check **********
2014/09/27 13:02:12: Tool Ver: 2013.0605.01
2014/09/27 13:02:12: COM PORT OPEN ... OK
2014/09/27 13:02:12:
2014/09/27 13:02:12: ProductS/N:  VRW06A114900603
2014/09/27 13:02:12: TID: 86040F2DCAE52080
2014/09/27 13:02:12: F/W Version: 00.00.08
2014/09/27 13:02:12:
2014/09/27 13:02:12: MasterKey Key Entry ... OK
2014/09/27 13:02:12: PowerON Counter Key Entry ... OK
2014/09/27 13:02:13: Key Entry ... OK
2014/09/27 13:02:13: Complete.
2014/09/27 13:02:13: COM PORT CLOSE ... OK
2014/09/27 13:02:13: 
2014/09/27 13:02:13: ==== Processing was completed ====
2014/09/27 13:02:13: 
*************************************************


*********** Start the Initialize Key Check **********
2014/09/27 13:14:25: Tool Ver: 2013.0605.01
2014/09/27 13:14:25: COM PORT OPEN ... OK
2014/09/27 13:14:25:
2014/09/27 13:14:25: ProductS/N:  VRW06A114900575
2014/09/27 13:14:25: TID: 86041408CAE52080
2014/09/27 13:14:25: F/W Version: 00.00.08
2014/09/27 13:14:25:
2014/09/27 13:14:25: MasterKey Key Entry ... OK
2014/09/27 13:14:25: PowerON Counter Key Entry ... OK
2014/09/27 13:14:26: Key Entry ... OK
2014/09/27 13:14:26: Complete.
2014/09/27 13:14:26: COM PORT CLOSE ... OK
2014/09/27 13:14:26: 
2014/09/27 13:14:26: ==== Processing was completed ====
2014/09/27 13:14:26: 
*************************************************


*********** Start the Initialize Key Check **********
2014/09/27 13:22:05: Tool Ver: 2013.0605.01
2014/09/27 13:22:05: COM PORT OPEN ... OK
2014/09/27 13:22:05:
2014/09/27 13:22:05: ProductS/N:  VRW06A114900611
2014/09/27 13:22:05: TID: 860426143AE62080
2014/09/27 13:22:05: F/W Version: 00.00.08
2014/09/27 13:22:05:
2014/09/27 13:22:05: MasterKey Key Entry ... OK
2014/09/27 13:22:05: PowerON Counter Key Entry ... OK
2014/09/27 13:22:06: Key Entry ... OK
2014/09/27 13:22:06: Complete.
2014/09/27 13:22:06: COM PORT CLOSE ... OK
2014/09/27 13:22:06: 
2014/09/27 13:22:06: ==== Processing was completed ====
2014/09/27 13:22:06: 
*************************************************


*********** Start the Initialize Key Check **********
2014/09/27 13:27:04: Tool Ver: 2013.0605.01
2014/09/27 13:27:04: COM PORT OPEN ... OK
2014/09/27 13:27:04:
2014/09/27 13:27:04: ProductS/N:  VRW06A114900599
2014/09/27 13:27:04: TID: 86043F31CAE52080
2014/09/27 13:27:04: F/W Version: 00.00.08
2014/09/27 13:27:04:
2014/09/27 13:27:04: MasterKey Key Entry ... OK
2014/09/27 13:27:04: PowerON Counter Key Entry ... OK
2014/09/27 13:27:05: Key Entry ... OK
2014/09/27 13:27:05: Complete.
2014/09/27 13:27:05: COM PORT CLOSE ... OK
2014/09/27 13:27:05: 
2014/09/27 13:27:05: ==== Processing was completed ====
2014/09/27 13:27:05: 
*************************************************


*********** Start the Initialize Key Check **********
2014/09/27 13:33:36: Tool Ver: 2013.0605.01
2014/09/27 13:33:36: COM PORT OPEN ... OK
2014/09/27 13:33:36:
2014/09/27 13:33:36: ProductS/N:  VRW06A114900613
2014/09/27 13:33:36: TID: 86041E28CAE52080
2014/09/27 13:33:36: F/W Version: 00.00.08
2014/09/27 13:33:36:
2014/09/27 13:33:36: MasterKey Key Entry ... OK
2014/09/27 13:33:36: PowerON Counter Key Entry ... OK
2014/09/27 13:33:37: Key Entry ... OK
2014/09/27 13:33:37: Complete.
2014/09/27 13:33:37: COM PORT CLOSE ... OK
2014/09/27 13:33:37: 
2014/09/27 13:33:37: ==== Processing was completed ====
2014/09/27 13:33:37: 
*************************************************


*********** Start the Initialize Key Check **********
2014/09/27 13:40:56: Tool Ver: 2013.0605.01
2014/09/27 13:40:56: COM PORT OPEN ... OK
2014/09/27 13:40:56:
2014/09/27 13:40:56: ProductS/N:  VRW06A114900623
2014/09/27 13:40:56: TID: 8604042FCAE52080
2014/09/27 13:40:56: F/W Version: 00.00.08
2014/09/27 13:40:56:
2014/09/27 13:40:56: MasterKey Key Entry ... OK
2014/09/27 13:40:56: PowerON Counter Key Entry ... OK
2014/09/27 13:40:57: Key Entry ... OK
2014/09/27 13:40:57: Complete.
2014/09/27 13:40:57: COM PORT CLOSE ... OK
2014/09/27 13:40:57: 
2014/09/27 13:40:57: ==== Processing was completed ====
2014/09/27 13:40:57: 
*************************************************


*********** Start the Initialize Key Check **********
2014/09/27 13:46:36: Tool Ver: 2013.0605.01
2014/09/27 13:46:36: COM PORT OPEN ... OK
2014/09/27 13:46:36:
2014/09/27 13:46:36: ProductS/N:  VRW06A114900602
2014/09/27 13:46:36: TID: 86041935CAE52080
2014/09/27 13:46:36: F/W Version: 00.00.08
2014/09/27 13:46:36:
2014/09/27 13:46:36: MasterKey Key Entry ... OK
2014/09/27 13:46:36: PowerON Counter Key Entry ... OK
2014/09/27 13:46:37: Key Entry ... OK
2014/09/27 13:46:37: Complete.
2014/09/27 13:46:37: COM PORT CLOSE ... OK
2014/09/27 13:46:37: 
2014/09/27 13:46:37: ==== Processing was completed ====
2014/09/27 13:46:37: 
*************************************************


*********** Start the Initialize Key Check **********
2014/09/27 13:48:59: Tool Ver: 2013.0605.01
2014/09/27 13:48:59: Product S/N ... ERROR
2014/09/27 13:48:59: 
2014/09/27 13:48:59: ######## Error has occurred ########
2014/09/27 13:48:59: 
*************************************************


*********** Start the Initialize Key Check **********
2014/09/27 13:49:01: Tool Ver: 2013.0605.01
2014/09/27 13:49:01: Product S/N ... ERROR
2014/09/27 13:49:01: 
2014/09/27 13:49:01: ######## Error has occurred ########
2014/09/27 13:49:01: 
*************************************************


*********** Start the Initialize Key Check **********
2014/09/27 13:49:19: Tool Ver: 2013.0605.01
2014/09/27 13:49:19: Product S/N ... ERROR
2014/09/27 13:49:19: 
2014/09/27 13:49:19: ######## Error has occurred ########
2014/09/27 13:49:19: 
*************************************************


*********** Start the Initialize Key Check **********
2014/09/27 13:49:20: Tool Ver: 2013.0605.01
2014/09/27 13:49:20: Product S/N ... ERROR
2014/09/27 13:49:20: 
2014/09/27 13:49:20: ######## Error has occurred ########
2014/09/27 13:49:20: 
*************************************************


*********** Start the Initialize Key Check **********
2014/09/27 13:51:16: Tool Ver: 2013.0605.01
2014/09/27 13:51:16: COM PORT OPEN ... OK
2014/09/27 13:51:16:
2014/09/27 13:51:16: ProductS/N:  VRW06A114900622
2014/09/27 13:51:16: TID: 8604342ACAE52080
2014/09/27 13:51:16: F/W Version: 00.00.08
2014/09/27 13:51:16:
2014/09/27 13:51:16: MasterKey Key Entry ... OK
2014/09/27 13:51:16: PowerON Counter Key Entry ... OK
2014/09/27 13:51:17: Key Entry ... OK
2014/09/27 13:51:17: Complete.
2014/09/27 13:51:17: COM PORT CLOSE ... OK
2014/09/27 13:51:17: 
2014/09/27 13:51:17: ==== Processing was completed ====
2014/09/27 13:51:17: 
*************************************************


*********** Start the Initialize Key Check **********
2014/09/27 13:56:44: Tool Ver: 2013.0605.01
2014/09/27 13:56:44: COM PORT OPEN ... OK
2014/09/27 13:56:44:
2014/09/27 13:56:44: ProductS/N:  VRW06A114900618
2014/09/27 13:56:44: TID: 86040D2CCAE52080
2014/09/27 13:56:44: F/W Version: 00.00.08
2014/09/27 13:56:44:
2014/09/27 13:56:44: MasterKey Key Entry ... OK
2014/09/27 13:56:44: PowerON Counter Key Entry ... OK
2014/09/27 13:56:45: Key Entry ... OK
2014/09/27 13:56:45: Complete.
2014/09/27 13:56:45: COM PORT CLOSE ... OK
2014/09/27 13:56:45: 
2014/09/27 13:56:45: ==== Processing was completed ====
2014/09/27 13:56:45: 
*************************************************


*********** Start the Initialize Key Check **********
2014/09/27 14:03:25: Tool Ver: 2013.0605.01
2014/09/27 14:03:25: COM PORT OPEN ... OK
2014/09/27 14:03:25:
2014/09/27 14:03:25: ProductS/N:  VRW06A114900619
2014/09/27 14:03:25: TID: 86040735CAE52080
2014/09/27 14:03:25: F/W Version: 00.00.08
2014/09/27 14:03:25:
2014/09/27 14:03:25: MasterKey Key Entry ... OK
2014/09/27 14:03:25: PowerON Counter Key Entry ... OK
2014/09/27 14:03:25: Key Entry ... OK
2014/09/27 14:03:25: Complete.
2014/09/27 14:03:25: COM PORT CLOSE ... OK
2014/09/27 14:03:25: 
2014/09/27 14:03:25: ==== Processing was completed ====
2014/09/27 14:03:25: 
*************************************************


*********** Start the Initialize Key Check **********
2014/09/27 14:09:05: Tool Ver: 2013.0605.01
2014/09/27 14:09:05: COM PORT OPEN ... OK
2014/09/27 14:09:05:
2014/09/27 14:09:05: ProductS/N:  VRW06A114900628
2014/09/27 14:09:05: TID: 86040D2ECAE52080
2014/09/27 14:09:05: F/W Version: 00.00.08
2014/09/27 14:09:05:
2014/09/27 14:09:05: MasterKey Key Entry ... OK
2014/09/27 14:09:05: PowerON Counter Key Entry ... OK
2014/09/27 14:09:06: Key Entry ... OK
2014/09/27 14:09:06: Complete.
2014/09/27 14:09:06: COM PORT CLOSE ... OK
2014/09/27 14:09:06: 
2014/09/27 14:09:06: ==== Processing was completed ====
2014/09/27 14:09:06: 
*************************************************


*********** Start the Initialize Key Check **********
2014/09/27 14:18:09: Tool Ver: 2013.0605.01
2014/09/27 14:18:09: COM PORT OPEN ... OK
2014/09/27 14:18:09:
2014/09/27 14:18:09: ProductS/N:  VRW06A114900620
2014/09/27 14:18:09: TID: 86043432CAE52080
2014/09/27 14:18:09: F/W Version: 00.00.08
2014/09/27 14:18:09:
2014/09/27 14:18:09: MasterKey Key Entry ... OK
2014/09/27 14:18:09: PowerON Counter Key Entry ... OK
2014/09/27 14:18:09: Key Entry ... OK
2014/09/27 14:18:09: Complete.
2014/09/27 14:18:10: COM PORT CLOSE ... OK
2014/09/27 14:18:10: 
2014/09/27 14:18:10: ==== Processing was completed ====
2014/09/27 14:18:10: 
*************************************************


*********** Start the Initialize Key Check **********
2014/09/27 14:20:53: Tool Ver: 2013.0605.01
2014/09/27 14:20:53: COM PORT OPEN ... OK
2014/09/27 14:20:53:
2014/09/27 14:20:53: ProductS/N:  VRW06A114900630
2014/09/27 14:20:53: TID: 86042D2DCAE52080
2014/09/27 14:20:53: F/W Version: 00.00.08
2014/09/27 14:20:53:
2014/09/27 14:20:53: MasterKey Key Entry ... OK
2014/09/27 14:20:53: PowerON Counter Key Entry ... OK
2014/09/27 14:20:54: Key Entry ... OK
2014/09/27 14:20:54: Complete.
2014/09/27 14:20:54: COM PORT CLOSE ... OK
2014/09/27 14:20:54: 
2014/09/27 14:20:54: ==== Processing was completed ====
2014/09/27 14:20:54: 
*************************************************


*********** Start the Initialize Key Check **********
2014/09/27 14:23:55: Tool Ver: 2013.0605.01
2014/09/27 14:23:55: COM PORT OPEN ... OK
2014/09/27 14:23:55:
2014/09/27 14:23:55: ProductS/N:  VRW06A114900632
2014/09/27 14:23:55: TID: 86040C2CCAE52080
2014/09/27 14:23:55: F/W Version: 00.00.08
2014/09/27 14:23:55:
2014/09/27 14:23:55: MasterKey Key Entry ... OK
2014/09/27 14:23:55: PowerON Counter Key Entry ... OK
2014/09/27 14:23:56: Key Entry ... OK
2014/09/27 14:23:56: Complete.
2014/09/27 14:23:56: COM PORT CLOSE ... OK
2014/09/27 14:23:56: 
2014/09/27 14:23:56: ==== Processing was completed ====
2014/09/27 14:23:56: 
*************************************************


*********** Start the Initialize Key Check **********
2014/09/27 14:27:40: Tool Ver: 2013.0605.01
2014/09/27 14:27:40: COM PORT OPEN ... OK
2014/09/27 14:27:40:
2014/09/27 14:27:40: ProductS/N:  VRW06A114900627
2014/09/27 14:27:40: TID: 86043B28CAE52080
2014/09/27 14:27:40: F/W Version: 00.00.08
2014/09/27 14:27:40:
2014/09/27 14:27:40: MasterKey Key Entry ... OK
2014/09/27 14:27:40: PowerON Counter Key Entry ... OK
2014/09/27 14:27:41: Key Entry ... OK
2014/09/27 14:27:41: Complete.
2014/09/27 14:27:41: COM PORT CLOSE ... OK
2014/09/27 14:27:41: 
2014/09/27 14:27:41: ==== Processing was completed ====
2014/09/27 14:27:41: 
*************************************************


*********** Start the Initialize Key Check **********
2014/09/27 14:32:35: Tool Ver: 2013.0605.01
2014/09/27 14:32:35: COM PORT OPEN ... OK
2014/09/27 14:32:35:
2014/09/27 14:32:35: ProductS/N:  VRW06A114900621
2014/09/27 14:32:35: TID: 86043232CAE52080
2014/09/27 14:32:35: F/W Version: 00.00.08
2014/09/27 14:32:35:
2014/09/27 14:32:35: MasterKey Key Entry ... OK
2014/09/27 14:32:35: PowerON Counter Key Entry ... OK
2014/09/27 14:32:36: Key Entry ... OK
2014/09/27 14:32:36: Complete.
2014/09/27 14:32:36: COM PORT CLOSE ... OK
2014/09/27 14:32:36: 
2014/09/27 14:32:36: ==== Processing was completed ====
2014/09/27 14:32:36: 
*************************************************


*********** Start the Initialize Key Check **********
2014/09/27 14:36:45: Tool Ver: 2013.0605.01
2014/09/27 14:36:45: COM PORT OPEN ... OK
2014/09/27 14:36:45:
2014/09/27 14:36:45: ProductS/N:  VRW06A114900605
2014/09/27 14:36:45: TID: 86041C28CAE52080
2014/09/27 14:36:45: F/W Version: 00.00.08
2014/09/27 14:36:45:
2014/09/27 14:36:45: MasterKey Key Entry ... OK
2014/09/27 14:36:45: PowerON Counter Key Entry ... OK
2014/09/27 14:36:46: Key Entry ... OK
2014/09/27 14:36:46: Complete.
2014/09/27 14:36:46: COM PORT CLOSE ... OK
2014/09/27 14:36:46: 
2014/09/27 14:36:46: ==== Processing was completed ====
2014/09/27 14:36:46: 
*************************************************


*********** Start the Initialize Key Check **********
2014/09/27 14:40:31: Tool Ver: 2013.0605.01
2014/09/27 14:40:31: COM PORT OPEN ... OK
2014/09/27 14:40:31:
2014/09/27 14:40:31: ProductS/N:  VRW06A114900617
2014/09/27 14:40:31: TID: 860426202AE62080
2014/09/27 14:40:31: F/W Version: 00.00.08
2014/09/27 14:40:31:
2014/09/27 14:40:31: MasterKey Key Entry ... OK
2014/09/27 14:40:31: PowerON Counter Key Entry ... OK
2014/09/27 14:40:32: Key Entry ... OK
2014/09/27 14:40:32: Complete.
2014/09/27 14:40:32: COM PORT CLOSE ... OK
2014/09/27 14:40:32: 
2014/09/27 14:40:32: ==== Processing was completed ====
2014/09/27 14:40:32: 
*************************************************


*********** Start the Initialize Key Check **********
2014/09/27 14:44:13: Tool Ver: 2013.0605.01
2014/09/27 14:44:13: COM PORT OPEN ... OK
2014/09/27 14:44:13:
2014/09/27 14:44:13: ProductS/N:  VRW06A114900615
2014/09/27 14:44:13: TID: 86042D3C32E62080
2014/09/27 14:44:13: F/W Version: 00.00.08
2014/09/27 14:44:13:
2014/09/27 14:44:13: MasterKey Key Entry ... OK
2014/09/27 14:44:13: PowerON Counter Key Entry ... OK
2014/09/27 14:44:14: Key Entry ... OK
2014/09/27 14:44:14: Complete.
2014/09/27 14:44:14: COM PORT CLOSE ... OK
2014/09/27 14:44:14: 
2014/09/27 14:44:14: ==== Processing was completed ====
2014/09/27 14:44:14: 
*************************************************


*********** Start the Initialize Key Check **********
2014/09/27 14:48:07: Tool Ver: 2013.0605.01
2014/09/27 14:48:07: COM PORT OPEN ... OK
2014/09/27 14:48:07:
2014/09/27 14:48:07: ProductS/N:  VRW06A114900626
2014/09/27 14:48:07: TID: 8604242DCAE52080
2014/09/27 14:48:07: F/W Version: 00.00.08
2014/09/27 14:48:07:
2014/09/27 14:48:07: MasterKey Key Entry ... OK
2014/09/27 14:48:07: PowerON Counter Key Entry ... OK
2014/09/27 14:48:08: Key Entry ... OK
2014/09/27 14:48:08: Complete.
2014/09/27 14:48:08: COM PORT CLOSE ... OK
2014/09/27 14:48:08: 
2014/09/27 14:48:08: ==== Processing was completed ====
2014/09/27 14:48:08: 
*************************************************


*********** Start the Initialize Key Check **********
2014/09/27 14:53:39: Tool Ver: 2013.0605.01
2014/09/27 14:53:39: COM PORT OPEN ... OK
2014/09/27 14:53:39:
2014/09/27 14:53:39: ProductS/N:  VRW06A114900637
2014/09/27 14:53:39: TID: 860413103AE62080
2014/09/27 14:53:39: F/W Version: 00.00.08
2014/09/27 14:53:39:
2014/09/27 14:53:39: MasterKey Key Entry ... OK
2014/09/27 14:53:39: PowerON Counter Key Entry ... OK
2014/09/27 14:53:40: Key Entry ... OK
2014/09/27 14:53:40: Complete.
2014/09/27 14:53:40: COM PORT CLOSE ... OK
2014/09/27 14:53:40: 
2014/09/27 14:53:40: ==== Processing was completed ====
2014/09/27 14:53:40: 
*************************************************


*********** Start the Initialize Key Check **********
2014/09/27 14:59:29: Tool Ver: 2013.0605.01
2014/09/27 14:59:29: Product S/N ... ERROR
2014/09/27 14:59:29: 
2014/09/27 14:59:29: ######## Error has occurred ########
2014/09/27 14:59:29: 
*************************************************


*********** Start the Initialize Key Check **********
2014/09/27 14:59:35: Tool Ver: 2013.0605.01
2014/09/27 14:59:35: Product S/N ... ERROR
2014/09/27 14:59:35: 
2014/09/27 14:59:35: ######## Error has occurred ########
2014/09/27 14:59:35: 
*************************************************


*********** Start the Initialize Key Check **********
2014/09/27 14:59:46: Tool Ver: 2013.0605.01
2014/09/27 14:59:46: COM PORT OPEN ... OK
2014/09/27 14:59:46:
2014/09/27 14:59:46: ProductS/N:  VRW06A114900608
2014/09/27 14:59:46: TID: 86042C2ACAE52080
2014/09/27 14:59:46: F/W Version: 00.00.08
2014/09/27 14:59:46:
2014/09/27 14:59:46: MasterKey Key Entry ... OK
2014/09/27 14:59:46: PowerON Counter Key Entry ... OK
2014/09/27 14:59:47: Key Entry ... OK
2014/09/27 14:59:47: Complete.
2014/09/27 14:59:47: COM PORT CLOSE ... OK
2014/09/27 14:59:47: 
2014/09/27 14:59:47: ==== Processing was completed ====
2014/09/27 14:59:47: 
*************************************************


*********** Start the Initialize Key Check **********
2014/09/27 15:15:46: Tool Ver: 2013.0605.01
2014/09/27 15:15:46: COM PORT OPEN ... OK
2014/09/27 15:15:46:
2014/09/27 15:15:46: ProductS/N:  VRW06A114900634V
2014/09/27 15:15:46: TID: 86043431CAE52080
2014/09/27 15:15:46: F/W Version: 00.00.08
2014/09/27 15:15:46:
2014/09/27 15:15:46: MasterKey Key Entry ... OK
2014/09/27 15:15:46: PowerON Counter Key Entry ... OK
2014/09/27 15:15:47: Key Entry ... OK
2014/09/27 15:15:47: Complete.
2014/09/27 15:15:47: COM PORT CLOSE ... OK
2014/09/27 15:15:47: 
2014/09/27 15:15:47: ==== Processing was completed ====
2014/09/27 15:15:47: 
*************************************************


*********** Start the Initialize Key Check **********
2014/09/27 15:19:03: Tool Ver: 2013.0605.01
2014/09/27 15:19:03: Product S/N ... ERROR
2014/09/27 15:19:03: 
2014/09/27 15:19:03: ######## Error has occurred ########
2014/09/27 15:19:03: 
*************************************************


*********** Start the Initialize Key Check **********
2014/09/27 15:19:36: Tool Ver: 2013.0605.01
2014/09/27 15:19:36: COM PORT OPEN ... OK
2014/09/27 15:19:36:
2014/09/27 15:19:36: ProductS/N:  VRW06A114900633
2014/09/27 15:19:36: TID: 8604332ACAE52080
2014/09/27 15:19:36: F/W Version: 00.00.08
2014/09/27 15:19:36:
2014/09/27 15:19:36: MasterKey Key Entry ... OK
2014/09/27 15:19:36: PowerON Counter Key Entry ... OK
2014/09/27 15:19:37: Key Entry ... OK
2014/09/27 15:19:37: Complete.
2014/09/27 15:19:37: COM PORT CLOSE ... OK
2014/09/27 15:19:37: 
2014/09/27 15:19:37: ==== Processing was completed ====
2014/09/27 15:19:37: 
*************************************************


*********** Start the Initialize Key Check **********
2014/09/27 15:22:14: Tool Ver: 2013.0605.01
2014/09/27 15:22:14: COM PORT OPEN ... OK
2014/09/27 15:22:14:
2014/09/27 15:22:14: ProductS/N:  VRW06A114900634
2014/09/27 15:22:14: TID: 86043431CAE52080
2014/09/27 15:22:14: F/W Version: 00.00.08
2014/09/27 15:22:14:
2014/09/27 15:22:14: MasterKey Key Entry ... OK
2014/09/27 15:22:14: PowerON Counter Key Entry ... OK
2014/09/27 15:22:15: Key Entry ... OK
2014/09/27 15:22:15: Complete.
2014/09/27 15:22:15: COM PORT CLOSE ... OK
2014/09/27 15:22:15: 
2014/09/27 15:22:15: ==== Processing was completed ====
2014/09/27 15:22:15: 
*************************************************


*********** Start the Initialize Key Check **********
2014/09/27 15:25:38: Tool Ver: 2013.0605.01
2014/09/27 15:25:38: COM PORT OPEN ... OK
2014/09/27 15:25:38:
2014/09/27 15:25:38: ProductS/N:  VRW06A114900631
2014/09/27 15:25:38: TID: 860436133AE62080
2014/09/27 15:25:38: F/W Version: 00.00.08
2014/09/27 15:25:38:
2014/09/27 15:25:38: MasterKey Key Entry ... OK
2014/09/27 15:25:38: PowerON Counter Key Entry ... OK
2014/09/27 15:25:39: Key Entry ... OK
2014/09/27 15:25:39: Complete.
2014/09/27 15:25:39: COM PORT CLOSE ... OK
2014/09/27 15:25:39: 
2014/09/27 15:25:39: ==== Processing was completed ====
2014/09/27 15:25:39: 
*************************************************


*********** Start the Initialize Key Check **********
2014/09/27 15:30:14: Tool Ver: 2013.0605.01
2014/09/27 15:30:14: COM PORT OPEN ... OK
2014/09/27 15:30:15:
2014/09/27 15:30:15: ProductS/N:  VRW06A114900625
2014/09/27 15:30:15: TID: 86043929CAE52080
2014/09/27 15:30:15: F/W Version: 00.00.08
2014/09/27 15:30:15:
2014/09/27 15:30:15: MasterKey Key Entry ... OK
2014/09/27 15:30:15: PowerON Counter Key Entry ... OK
2014/09/27 15:30:15: Key Entry ... OK
2014/09/27 15:30:15: Complete.
2014/09/27 15:30:15: COM PORT CLOSE ... OK
2014/09/27 15:30:15: 
2014/09/27 15:30:15: ==== Processing was completed ====
2014/09/27 15:30:15: 
*************************************************


*********** Start the Initialize Key Check **********
2014/09/27 15:35:39: Tool Ver: 2013.0605.01
2014/09/27 15:35:39: COM PORT OPEN ... ERROR(01)
2014/09/27 15:35:39: 
2014/09/27 15:35:39: ######## Error has occurred ########
2014/09/27 15:35:39: 
*************************************************


*********** Start the Initialize Key Check **********
2014/09/27 15:36:16: Tool Ver: 2013.0605.01
2014/09/27 15:36:16: COM PORT OPEN ... OK
2014/09/27 15:36:16:
2014/09/27 15:36:16: ProductS/N:  VRW06A114900635V
2014/09/27 15:36:16: TID: 8604032CCAE52080
2014/09/27 15:36:16: F/W Version: 00.00.08
2014/09/27 15:36:16:
2014/09/27 15:36:16: MasterKey Key Entry ... OK
2014/09/27 15:36:16: PowerON Counter Key Entry ... OK
2014/09/27 15:36:17: Key Entry ... OK
2014/09/27 15:36:17: Complete.
2014/09/27 15:36:17: COM PORT CLOSE ... OK
2014/09/27 15:36:17: 
2014/09/27 15:36:17: ==== Processing was completed ====
2014/09/27 15:36:17: 
*************************************************


*********** Start the Initialize Key Check **********
2014/09/27 15:40:46: Tool Ver: 2013.0605.01
2014/09/27 15:40:46: COM PORT OPEN ... OK
2014/09/27 15:40:47:
2014/09/27 15:40:47: ProductS/N:  VRW06A114900636
2014/09/27 15:40:47: TID: 86041029CAE52080
2014/09/27 15:40:47: F/W Version: 00.00.08
2014/09/27 15:40:47:
2014/09/27 15:40:47: MasterKey Key Entry ... OK
2014/09/27 15:40:47: PowerON Counter Key Entry ... OK
2014/09/27 15:40:47: Key Entry ... OK
2014/09/27 15:40:47: Complete.
2014/09/27 15:40:47: COM PORT CLOSE ... OK
2014/09/27 15:40:47: 
2014/09/27 15:40:47: ==== Processing was completed ====
2014/09/27 15:40:47: 
*************************************************


*********** Start the Initialize Key Check **********
2014/09/27 15:40:49: Tool Ver: 2013.0605.01
2014/09/27 15:40:49: COM PORT OPEN ... OK
2014/09/27 15:40:49:
2014/09/27 15:40:49: ProductS/N:  VRW06A114900636
2014/09/27 15:40:49: TID: 86041029CAE52080
2014/09/27 15:40:49: F/W Version: 00.00.08
2014/09/27 15:40:49:
2014/09/27 15:40:50: MasterKey Key Entry ... OK
2014/09/27 15:40:50: PowerON Counter Key Entry ... OK
2014/09/27 15:40:50: Key Entry ... OK
2014/09/27 15:40:50: Complete.
2014/09/27 15:40:50: COM PORT CLOSE ... OK
2014/09/27 15:40:50: 
2014/09/27 15:40:50: ==== Processing was completed ====
2014/09/27 15:40:50: 
*************************************************


*********** Start the Initialize Key Check **********
2014/09/27 15:40:51: Tool Ver: 2013.0605.01
2014/09/27 15:40:51: COM PORT OPEN ... OK
2014/09/27 15:40:52:
2014/09/27 15:40:52: ProductS/N:  VRW06A114900636
2014/09/27 15:40:52: TID: 86041029CAE52080
2014/09/27 15:40:52: F/W Version: 00.00.08
2014/09/27 15:40:52:
2014/09/27 15:40:52: MasterKey Key Entry ... OK
2014/09/27 15:40:52: PowerON Counter Key Entry ... OK
2014/09/27 15:40:52: Key Entry ... OK
2014/09/27 15:40:52: Complete.
2014/09/27 15:40:52: COM PORT CLOSE ... OK
2014/09/27 15:40:52: 
2014/09/27 15:40:52: ==== Processing was completed ====
2014/09/27 15:40:52: 
*************************************************


*********** Start the Initialize Key Check **********
2014/09/27 15:45:40: Tool Ver: 2013.0605.01
2014/09/27 15:45:40: COM PORT OPEN ... OK
2014/09/27 15:45:40:
2014/09/27 15:45:40: ProductS/N:  VRW06A114900616
2014/09/27 15:45:40: TID: 86042B103AE62080
2014/09/27 15:45:40: F/W Version: 00.00.08
2014/09/27 15:45:40:
2014/09/27 15:45:40: MasterKey Key Entry ... OK
2014/09/27 15:45:40: PowerON Counter Key Entry ... OK
2014/09/27 15:45:41: Key Entry ... OK
2014/09/27 15:45:41: Complete.
2014/09/27 15:45:41: COM PORT CLOSE ... OK
2014/09/27 15:45:41: 
2014/09/27 15:45:41: ==== Processing was completed ====
2014/09/27 15:45:41: 
*************************************************


*********** Start the Initialize Key Check **********
2014/09/27 15:46:19: Tool Ver: 2013.0605.01
2014/09/27 15:46:19: COM PORT OPEN ... OK
2014/09/27 15:46:19:
2014/09/27 15:46:19: ProductS/N:  VRW06A114900616
2014/09/27 15:46:19: TID: 86042B103AE62080
2014/09/27 15:46:19: F/W Version: 00.00.08
2014/09/27 15:46:19:
2014/09/27 15:46:19: MasterKey Key Entry ... OK
2014/09/27 15:46:19: PowerON Counter Key Entry ... OK
2014/09/27 15:46:20: Key Entry ... OK
2014/09/27 15:46:20: Complete.
2014/09/27 15:46:20: COM PORT CLOSE ... OK
2014/09/27 15:46:20: 
2014/09/27 15:46:20: ==== Processing was completed ====
2014/09/27 15:46:20: 
*************************************************


*********** Start the Initialize Key Check **********
2014/09/27 15:51:03: Tool Ver: 2013.0605.01
2014/09/27 15:51:03: COM PORT OPEN ... OK
2014/09/27 15:51:03:
2014/09/27 15:51:03: ProductS/N:  VRW06A114900629
2014/09/27 15:51:03: TID: 86042F113AE62080
2014/09/27 15:51:03: F/W Version: 00.00.08
2014/09/27 15:51:03:
2014/09/27 15:51:03: MasterKey Key Entry ... OK
2014/09/27 15:51:03: PowerON Counter Key Entry ... OK
2014/09/27 15:51:03: Key Entry ... OK
2014/09/27 15:51:03: Complete.
2014/09/27 15:51:03: COM PORT CLOSE ... OK
2014/09/27 15:51:03: 
2014/09/27 15:51:03: ==== Processing was completed ====
2014/09/27 15:51:03: 
*************************************************


*********** Start the Initialize Key Check **********
2014/09/27 15:55:25: Tool Ver: 2013.0605.01
2014/09/27 15:55:25: COM PORT OPEN ... OK
2014/09/27 15:55:25:
2014/09/27 15:55:25: ProductS/N:  VRW06A114900610
2014/09/27 15:55:25: TID: 86040E113AE62080
2014/09/27 15:55:25: F/W Version: 00.00.08
2014/09/27 15:55:25:
2014/09/27 15:55:25: MasterKey Key Entry ... OK
2014/09/27 15:55:25: PowerON Counter Key Entry ... OK
2014/09/27 15:55:26: Key Entry ... OK
2014/09/27 15:55:26: Complete.
2014/09/27 15:55:26: COM PORT CLOSE ... OK
2014/09/27 15:55:26: 
2014/09/27 15:55:26: ==== Processing was completed ====
2014/09/27 15:55:26: 
*************************************************


*********** Start the Initialize Key Check **********
2014/09/27 15:58:43: Tool Ver: 2013.0605.01
2014/09/27 15:58:43: COM PORT OPEN ... OK
2014/09/27 15:58:43:
2014/09/27 15:58:43: ProductS/N:  VRW06A114900607
2014/09/27 15:58:43: TID: 86040D163AE62080
2014/09/27 15:58:43: F/W Version: 00.00.08
2014/09/27 15:58:43:
2014/09/27 15:58:43: MasterKey Key Entry ... OK
2014/09/27 15:58:43: PowerON Counter Key Entry ... OK
2014/09/27 15:58:44: Key Entry ... OK
2014/09/27 15:58:44: Complete.
2014/09/27 15:58:44: COM PORT CLOSE ... OK
2014/09/27 15:58:44: 
2014/09/27 15:58:44: ==== Processing was completed ====
2014/09/27 15:58:44: 
*************************************************


*********** Start the Initialize Key Check **********
2014/09/27 16:04:37: Tool Ver: 2013.0605.01
2014/09/27 16:04:37: COM PORT OPEN ... OK
2014/09/27 16:04:38:
2014/09/27 16:04:38: ProductS/N:  VRW06A114900567
2014/09/27 16:04:38: TID: 86042531CAE52080
2014/09/27 16:04:38: F/W Version: 00.00.08
2014/09/27 16:04:38:
2014/09/27 16:04:38: MasterKey Key Entry ... OK
2014/09/27 16:04:38: PowerON Counter Key Entry ... OK
2014/09/27 16:04:38: Key Entry ... OK
2014/09/27 16:04:38: Complete.
2014/09/27 16:04:38: COM PORT CLOSE ... OK
2014/09/27 16:04:38: 
2014/09/27 16:04:38: ==== Processing was completed ====
2014/09/27 16:04:38: 
*************************************************


*********** Start the Initialize Key Check **********
2014/09/27 16:04:42: Tool Ver: 2013.0605.01
2014/09/27 16:04:42: COM PORT OPEN ... OK
2014/09/27 16:04:43:
2014/09/27 16:04:43: ProductS/N:  VRW06A114900567
2014/09/27 16:04:43: TID: 86042531CAE52080
2014/09/27 16:04:43: F/W Version: 00.00.08
2014/09/27 16:04:43:
2014/09/27 16:04:43: MasterKey Key Entry ... OK
2014/09/27 16:04:43: PowerON Counter Key Entry ... OK
2014/09/27 16:04:43: Key Entry ... OK
2014/09/27 16:04:43: Complete.
2014/09/27 16:04:43: COM PORT CLOSE ... OK
2014/09/27 16:04:43: 
2014/09/27 16:04:43: ==== Processing was completed ====
2014/09/27 16:04:43: 
*************************************************


*********** Start the Initialize Key Check **********
2014/09/27 16:08:00: Tool Ver: 2013.0605.01
2014/09/27 16:08:00: COM PORT OPEN ... OK
2014/09/27 16:08:00:
2014/09/27 16:08:00: ProductS/N:  VRW06A114900584
2014/09/27 16:08:00: TID: 86043617CAE52080
2014/09/27 16:08:00: F/W Version: 00.00.08
2014/09/27 16:08:00:
2014/09/27 16:08:00: MasterKey Key Entry ... OK
2014/09/27 16:08:00: PowerON Counter Key Entry ... OK
2014/09/27 16:08:00: Key Entry ... OK
2014/09/27 16:08:00: Complete.
2014/09/27 16:08:00: COM PORT CLOSE ... OK
2014/09/27 16:08:00: 
2014/09/27 16:08:00: ==== Processing was completed ====
2014/09/27 16:08:00: 
*************************************************


*********** Start the Initialize Key Check **********
2014/09/27 16:11:51: Tool Ver: 2013.0605.01
2014/09/27 16:11:51: COM PORT OPEN ... OK
2014/09/27 16:11:51:
2014/09/27 16:11:51: ProductS/N:  VRW06A114900606
2014/09/27 16:11:51: TID: 860423143AE62080
2014/09/27 16:11:51: F/W Version: 00.00.08
2014/09/27 16:11:51:
2014/09/27 16:11:51: MasterKey Key Entry ... OK
2014/09/27 16:11:51: PowerON Counter Key Entry ... OK
2014/09/27 16:11:52: Key Entry ... OK
2014/09/27 16:11:52: Complete.
2014/09/27 16:11:52: COM PORT CLOSE ... OK
2014/09/27 16:11:52: 
2014/09/27 16:11:52: ==== Processing was completed ====
2014/09/27 16:11:52: 
*************************************************


*********** Start the Initialize Key Check **********
2014/09/27 16:15:34: Tool Ver: 2013.0605.01
2014/09/27 16:15:34: COM PORT OPEN ... OK
2014/09/27 16:15:34:
2014/09/27 16:15:34: ProductS/N:  VRW06A114900614
2014/09/27 16:15:34: TID: 8604323F32E62080
2014/09/27 16:15:34: F/W Version: 00.00.08
2014/09/27 16:15:34:
2014/09/27 16:15:34: MasterKey Key Entry ... OK
2014/09/27 16:15:34: PowerON Counter Key Entry ... OK
2014/09/27 16:15:34: Key Entry ... OK
2014/09/27 16:15:34: Complete.
2014/09/27 16:15:34: COM PORT CLOSE ... OK
2014/09/27 16:15:34: 
2014/09/27 16:15:34: ==== Processing was completed ====
2014/09/27 16:15:34: 
*************************************************


*********** Start the Initialize Key Check **********
2014/09/27 16:18:52: Tool Ver: 2013.0605.01
2014/09/27 16:18:52: COM PORT OPEN ... OK
2014/09/27 16:18:52:
2014/09/27 16:18:52: ProductS/N:  VRW06A114900609
2014/09/27 16:18:52: TID: 86041135CAE52080
2014/09/27 16:18:52: F/W Version: 00.00.08
2014/09/27 16:18:52:
2014/09/27 16:18:53: MasterKey Key Entry ... OK
2014/09/27 16:18:53: PowerON Counter Key Entry ... OK
2014/09/27 16:18:53: Key Entry ... OK
2014/09/27 16:18:53: Complete.
2014/09/27 16:18:53: COM PORT CLOSE ... OK
2014/09/27 16:18:53: 
2014/09/27 16:18:53: ==== Processing was completed ====
2014/09/27 16:18:53: 
*************************************************


*********** Start the Initialize Key Check **********
2014/09/27 16:22:46: Tool Ver: 2013.0605.01
2014/09/27 16:22:46: COM PORT OPEN ... OK
2014/09/27 16:22:46:
2014/09/27 16:22:46: ProductS/N:  VRW06A114900583
2014/09/27 16:22:46: TID: 860413222AE62080
2014/09/27 16:22:46: F/W Version: 00.00.08
2014/09/27 16:22:46:
2014/09/27 16:22:46: MasterKey Key Entry ... OK
2014/09/27 16:22:46: PowerON Counter Key Entry ... OK
2014/09/27 16:22:46: Key Entry ... OK
2014/09/27 16:22:46: Complete.
2014/09/27 16:22:46: COM PORT CLOSE ... OK
2014/09/27 16:22:46: 
2014/09/27 16:22:46: ==== Processing was completed ====
2014/09/27 16:22:46: 
*************************************************


*********** Start the Initialize Key Check **********
2014/09/27 16:29:55: Tool Ver: 2013.0605.01
2014/09/27 16:29:55: COM PORT OPEN ... OK
2014/09/27 16:29:55:
2014/09/27 16:29:55: ProductS/N:  VRW06A114900640
2014/09/27 16:29:55: TID: 86041B08CAE52080
2014/09/27 16:29:55: F/W Version: 00.00.08
2014/09/27 16:29:55:
2014/09/27 16:29:55: MasterKey Key Entry ... OK
2014/09/27 16:29:55: PowerON Counter Key Entry ... OK
2014/09/27 16:29:56: Key Entry ... OK
2014/09/27 16:29:56: Complete.
2014/09/27 16:29:56: COM PORT CLOSE ... OK
2014/09/27 16:29:56: 
2014/09/27 16:29:56: ==== Processing was completed ====
2014/09/27 16:29:56: 
*************************************************


*********** Start the Initialize Key Check **********
2014/09/27 16:34:28: Tool Ver: 2013.0605.01
2014/09/27 16:34:28: COM PORT OPEN ... OK
2014/09/27 16:34:28:
2014/09/27 16:34:28: ProductS/N:  VRW06A114900646
2014/09/27 16:34:28: TID: 86041A2FCAE52080
2014/09/27 16:34:28: F/W Version: 00.00.08
2014/09/27 16:34:28:
2014/09/27 16:34:28: MasterKey Key Entry ... OK
2014/09/27 16:34:28: PowerON Counter Key Entry ... OK
2014/09/27 16:34:29: Key Entry ... OK
2014/09/27 16:34:29: Complete.
2014/09/27 16:34:29: COM PORT CLOSE ... OK
2014/09/27 16:34:29: 
2014/09/27 16:34:29: ==== Processing was completed ====
2014/09/27 16:34:29: 
*************************************************


*********** Start the Initialize Key Check **********
2014/09/27 16:38:04: Tool Ver: 2013.0605.01
2014/09/27 16:38:04: COM PORT OPEN ... OK
2014/09/27 16:38:04:
2014/09/27 16:38:04: ProductS/N:  VRW06A114900642
2014/09/27 16:38:04: TID: 86042A35CAE52080
2014/09/27 16:38:04: F/W Version: 00.00.08
2014/09/27 16:38:04:
2014/09/27 16:38:04: MasterKey Key Entry ... OK
2014/09/27 16:38:04: PowerON Counter Key Entry ... OK
2014/09/27 16:38:04: Key Entry ... OK
2014/09/27 16:38:04: Complete.
2014/09/27 16:38:04: COM PORT CLOSE ... OK
2014/09/27 16:38:04: 
2014/09/27 16:38:04: ==== Processing was completed ====
2014/09/27 16:38:04: 
*************************************************


*********** Start the Initialize Key Check **********
2014/09/27 16:39:56: Tool Ver: 2013.0605.01
2014/09/27 16:39:56: COM PORT OPEN ... ERROR(01)
2014/09/27 16:39:56: 
2014/09/27 16:39:56: ######## Error has occurred ########
2014/09/27 16:39:56: 
*************************************************


*********** Start the Initialize Key Check **********
2014/09/27 16:40:04: Tool Ver: 2013.0605.01
2014/09/27 16:40:04: COM PORT OPEN ... ERROR(01)
2014/09/27 16:40:04: 
2014/09/27 16:40:04: ######## Error has occurred ########
2014/09/27 16:40:04: 
*************************************************


*********** Start the Initialize Key Check **********
2014/09/27 16:42:03: Tool Ver: 2013.0605.01
2014/09/27 16:42:03: COM PORT OPEN ... OK
2014/09/27 16:42:03:
2014/09/27 16:42:03: ProductS/N:  VRW06A114900578
2014/09/27 16:42:03: TID: 86041944D2E52080
2014/09/27 16:42:03: F/W Version: 00.00.08
2014/09/27 16:42:03:
2014/09/27 16:42:03: MasterKey Key Entry ... OK
2014/09/27 16:42:03: PowerON Counter Key Entry ... OK
2014/09/27 16:42:03: Key Entry ... OK
2014/09/27 16:42:03: Complete.
2014/09/27 16:42:03: COM PORT CLOSE ... OK
2014/09/27 16:42:03: 
2014/09/27 16:42:03: ==== Processing was completed ====
2014/09/27 16:42:03: 
*************************************************


*********** Start the Initialize Key Check **********
2014/09/27 16:46:26: Tool Ver: 2013.0605.01
2014/09/27 16:46:26: COM PORT OPEN ... OK
2014/09/27 16:46:26:
2014/09/27 16:46:26: ProductS/N:  VRW06A114900639
2014/09/27 16:46:26: TID: 86042F143AE62080
2014/09/27 16:46:26: F/W Version: 00.00.08
2014/09/27 16:46:26:
2014/09/27 16:46:26: MasterKey Key Entry ... OK
2014/09/27 16:46:26: PowerON Counter Key Entry ... OK
2014/09/27 16:46:26: Key Entry ... OK
2014/09/27 16:46:26: Complete.
2014/09/27 16:46:26: COM PORT CLOSE ... OK
2014/09/27 16:46:26: 
2014/09/27 16:46:26: ==== Processing was completed ====
2014/09/27 16:46:26: 
*************************************************


*********** Start the Initialize Key Check **********
2014/09/27 16:52:16: Tool Ver: 2013.0605.01
2014/09/27 16:52:16: COM PORT OPEN ... OK
2014/09/27 16:52:16:
2014/09/27 16:52:16: ProductS/N:  VRW06A114900643
2014/09/27 16:52:17: TID: 8604032BCAE52080
2014/09/27 16:52:17: F/W Version: 00.00.08
2014/09/27 16:52:17:
2014/09/27 16:52:17: MasterKey Key Entry ... OK
2014/09/27 16:52:17: PowerON Counter Key Entry ... OK
2014/09/27 16:52:17: Key Entry ... OK
2014/09/27 16:52:17: Complete.
2014/09/27 16:52:17: COM PORT CLOSE ... OK
2014/09/27 16:52:17: 
2014/09/27 16:52:17: ==== Processing was completed ====
2014/09/27 16:52:17: 
*************************************************


