*********** Start the Initialize Key Check **********
2014/08/23 08:11:51: Tool Ver: 2013.0605.01
2014/08/23 08:11:51: COM PORT OPEN ... OK
2014/08/23 08:11:51:
2014/08/23 08:11:51: ProductS/N:  4800143
2014/08/23 08:11:51: TID: 8604071C2AE62080
2014/08/23 08:11:51: F/W Version: 00.00.08
2014/08/23 08:11:51:
2014/08/23 08:11:51: MasterKey Key Entry ... OK
2014/08/23 08:11:51: PowerON Counter Key Entry ... OK
2014/08/23 08:11:52: Key Entry ... OK
2014/08/23 08:11:52: Complete.
2014/08/23 08:11:52: COM PORT CLOSE ... OK
2014/08/23 08:11:52: 
2014/08/23 08:11:52: ==== Processing was completed ====
2014/08/23 08:11:52: 
*************************************************


*********** Start the Initialize Key Check **********
2014/08/23 08:12:30: Tool Ver: 2013.0605.01
2014/08/23 08:12:30: COM PORT OPEN ... OK
2014/08/23 08:12:30:
2014/08/23 08:12:30: ProductS/N:  4800143
2014/08/23 08:12:30: TID: 8604071C2AE62080
2014/08/23 08:12:30: F/W Version: 00.00.08
2014/08/23 08:12:30:
2014/08/23 08:12:31: MasterKey Key Entry ... OK
2014/08/23 08:12:31: PowerON Counter Key Entry ... OK
2014/08/23 08:12:31: Key Entry ... OK
2014/08/23 08:12:31: Complete.
2014/08/23 08:12:31: COM PORT CLOSE ... OK
2014/08/23 08:12:31: 
2014/08/23 08:12:31: ==== Processing was completed ====
2014/08/23 08:12:31: 
*************************************************


*********** Start the Initialize Key Check **********
2014/08/23 08:14:16: Tool Ver: 2013.0605.01
2014/08/23 08:14:16: COM PORT OPEN ... OK
2014/08/23 08:14:16:
2014/08/23 08:14:16: ProductS/N:  4800143
2014/08/23 08:14:16: TID: 8604071C2AE62080
2014/08/23 08:14:16: F/W Version: 00.00.08
2014/08/23 08:14:16:
2014/08/23 08:14:16: MasterKey Key Entry ... OK
2014/08/23 08:14:16: PowerON Counter Key Entry ... OK
2014/08/23 08:14:17: Key Entry ... OK
2014/08/23 08:14:17: Complete.
2014/08/23 08:14:17: COM PORT CLOSE ... OK
2014/08/23 08:14:17: 
2014/08/23 08:14:17: ==== Processing was completed ====
2014/08/23 08:14:17: 
*************************************************


*********** Start the Initialize Key Check **********
2014/08/23 08:23:38: Tool Ver: 2013.0605.01
2014/08/23 08:23:38: COM PORT OPEN ... OK
2014/08/23 08:23:38:
2014/08/23 08:23:38: ProductS/N:  4800125
2014/08/23 08:23:38: TID: 86042B232AE62080
2014/08/23 08:23:38: F/W Version: 00.00.08
2014/08/23 08:23:38:
2014/08/23 08:23:38: MasterKey Key Entry ... OK
2014/08/23 08:23:38: PowerON Counter Key Entry ... OK
2014/08/23 08:23:39: Key Entry ... OK
2014/08/23 08:23:39: Complete.
2014/08/23 08:23:39: COM PORT CLOSE ... OK
2014/08/23 08:23:39: 
2014/08/23 08:23:39: ==== Processing was completed ====
2014/08/23 08:23:39: 
*************************************************


*********** Start the Initialize Key Check **********
2014/08/23 08:40:24: Tool Ver: 2013.0605.01
2014/08/23 08:40:24: COM PORT OPEN ... OK
2014/08/23 08:40:24:
2014/08/23 08:40:24: ProductS/N:  4800078
2014/08/23 08:40:24: TID: 86042108CAE52080
2014/08/23 08:40:24: F/W Version: 00.00.08
2014/08/23 08:40:24:
2014/08/23 08:40:24: MasterKey Key Entry ... OK
2014/08/23 08:40:24: PowerON Counter Key Entry ... OK
2014/08/23 08:40:25: Key Entry ... OK
2014/08/23 08:40:25: Complete.
2014/08/23 08:40:25: COM PORT CLOSE ... OK
2014/08/23 08:40:25: 
2014/08/23 08:40:25: ==== Processing was completed ====
2014/08/23 08:40:25: 
*************************************************


*********** Start the Initialize Key Check **********
2014/08/23 08:43:36: Tool Ver: 2013.0605.01
2014/08/23 08:43:36: COM PORT OPEN ... OK
2014/08/23 08:43:36:
2014/08/23 08:43:36: ProductS/N:  4800139
2014/08/23 08:43:36: TID: 860417272AE62080
2014/08/23 08:43:36: F/W Version: 00.00.08
2014/08/23 08:43:36:
2014/08/23 08:43:36: MasterKey Key Entry ... OK
2014/08/23 08:43:36: PowerON Counter Key Entry ... OK
2014/08/23 08:43:37: Key Entry ... OK
2014/08/23 08:43:37: Complete.
2014/08/23 08:43:37: COM PORT CLOSE ... OK
2014/08/23 08:43:37: 
2014/08/23 08:43:37: ==== Processing was completed ====
2014/08/23 08:43:37: 
*************************************************


*********** Start the Initialize Key Check **********
2014/08/23 08:48:37: Tool Ver: 2013.0605.01
2014/08/23 08:48:37: COM PORT OPEN ... OK
2014/08/23 08:48:37:
2014/08/23 08:48:37: ProductS/N:  4800095
2014/08/23 08:48:37: TID: 860418042AE62080
2014/08/23 08:48:37: F/W Version: 00.00.08
2014/08/23 08:48:37:
2014/08/23 08:48:37: MasterKey Key Entry ... OK
2014/08/23 08:48:37: PowerON Counter Key Entry ... OK
2014/08/23 08:48:38: Key Entry ... OK
2014/08/23 08:48:38: Complete.
2014/08/23 08:48:38: COM PORT CLOSE ... OK
2014/08/23 08:48:38: 
2014/08/23 08:48:38: ==== Processing was completed ====
2014/08/23 08:48:38: 
*************************************************


*********** Start the Initialize Key Check **********
2014/08/23 09:12:42: Tool Ver: 2013.0605.01
2014/08/23 09:12:42: COM PORT OPEN ... OK
2014/08/23 09:12:42:
2014/08/23 09:12:42: ProductS/N:  4800123
2014/08/23 09:12:42: TID: 86041B4432E62080
2014/08/23 09:12:42: F/W Version: 00.00.08
2014/08/23 09:12:42:
2014/08/23 09:12:42: MasterKey Key Entry ... OK
2014/08/23 09:12:42: PowerON Counter Key Entry ... OK
2014/08/23 09:12:42: Key Entry ... OK
2014/08/23 09:12:42: Complete.
2014/08/23 09:12:42: COM PORT CLOSE ... OK
2014/08/23 09:12:42: 
2014/08/23 09:12:42: ==== Processing was completed ====
2014/08/23 09:12:42: 
*************************************************


*********** Start the Initialize Key Check **********
2014/08/23 09:27:05: Tool Ver: 2013.0605.01
2014/08/23 09:27:05: COM PORT OPEN ... OK
2014/08/23 09:27:05:
2014/08/23 09:27:05: ProductS/N:  4800124
2014/08/23 09:27:05: TID: 86042E052AE62080
2014/08/23 09:27:05: F/W Version: 00.00.08
2014/08/23 09:27:05:
2014/08/23 09:27:05: MasterKey Key Entry ... OK
2014/08/23 09:27:05: PowerON Counter Key Entry ... OK
2014/08/23 09:27:06: Key Entry ... OK
2014/08/23 09:27:06: Complete.
2014/08/23 09:27:06: COM PORT CLOSE ... OK
2014/08/23 09:27:06: 
2014/08/23 09:27:06: ==== Processing was completed ====
2014/08/23 09:27:06: 
*************************************************


*********** Start the Initialize Key Check **********
2014/08/23 09:37:23: Tool Ver: 2013.0605.01
2014/08/23 09:37:23: COM PORT OPEN ... OK
2014/08/23 09:37:23:
2014/08/23 09:37:23: ProductS/N:  4800138
2014/08/23 09:37:23: TID: 8604284332E62080
2014/08/23 09:37:23: F/W Version: 00.00.08
2014/08/23 09:37:23:
2014/08/23 09:37:23: MasterKey Key Entry ... OK
2014/08/23 09:37:23: PowerON Counter Key Entry ... OK
2014/08/23 09:37:24: Key Entry ... OK
2014/08/23 09:37:24: Complete.
2014/08/23 09:37:24: COM PORT CLOSE ... OK
2014/08/23 09:37:24: 
2014/08/23 09:37:24: ==== Processing was completed ====
2014/08/23 09:37:24: 
*************************************************


*********** Start the Initialize Key Check **********
2014/08/23 09:38:33: Tool Ver: 2013.0605.01
2014/08/23 09:38:33: COM PORT OPEN ... OK
2014/08/23 09:38:33:
2014/08/23 09:38:33: ProductS/N:  4800145
2014/08/23 09:38:33: TID: 86042C1F2AE62080
2014/08/23 09:38:33: F/W Version: 00.00.08
2014/08/23 09:38:33:
2014/08/23 09:38:33: MasterKey Key Entry ... OK
2014/08/23 09:38:33: PowerON Counter Key Entry ... OK
2014/08/23 09:38:34: Key Entry ... OK
2014/08/23 09:38:34: Complete.
2014/08/23 09:38:34: COM PORT CLOSE ... OK
2014/08/23 09:38:34: 
2014/08/23 09:38:34: ==== Processing was completed ====
2014/08/23 09:38:34: 
*************************************************


*********** Start the Initialize Key Check **********
2014/08/23 09:40:07: Tool Ver: 2013.0605.01
2014/08/23 09:40:07: COM PORT OPEN ... OK
2014/08/23 09:40:08:
2014/08/23 09:40:08: ProductS/N:  4800149
2014/08/23 09:40:08: TID: 86042B072AE62080
2014/08/23 09:40:08: F/W Version: 00.00.08
2014/08/23 09:40:08:
2014/08/23 09:40:08: MasterKey Key Entry ... OK
2014/08/23 09:40:08: PowerON Counter Key Entry ... OK
2014/08/23 09:40:08: Key Entry ... OK
2014/08/23 09:40:08: Complete.
2014/08/23 09:40:08: COM PORT CLOSE ... OK
2014/08/23 09:40:08: 
2014/08/23 09:40:08: ==== Processing was completed ====
2014/08/23 09:40:08: 
*************************************************


*********** Start the Initialize Key Check **********
2014/08/23 09:42:50: Tool Ver: 2013.0605.01
2014/08/23 09:42:50: COM PORT OPEN ... OK
2014/08/23 09:42:50:
2014/08/23 09:42:50: ProductS/N:  4800107
2014/08/23 09:42:50: TID: 86042B4432E62080
2014/08/23 09:42:50: F/W Version: 00.00.08
2014/08/23 09:42:50:
2014/08/23 09:42:50: MasterKey Key Entry ... OK
2014/08/23 09:42:50: PowerON Counter Key Entry ... OK
2014/08/23 09:42:50: Key Entry ... OK
2014/08/23 09:42:50: Complete.
2014/08/23 09:42:50: COM PORT CLOSE ... OK
2014/08/23 09:42:50: 
2014/08/23 09:42:50: ==== Processing was completed ====
2014/08/23 09:42:50: 
*************************************************


*********** Start the Initialize Key Check **********
2014/08/23 09:45:10: Tool Ver: 2013.0605.01
2014/08/23 09:45:10: COM PORT OPEN ... OK
2014/08/23 09:45:10:
2014/08/23 09:45:10: ProductS/N:  4800148
2014/08/23 09:45:10: TID: 86043326CAE52080
2014/08/23 09:45:10: F/W Version: 00.00.08
2014/08/23 09:45:10:
2014/08/23 09:45:10: MasterKey Key Entry ... OK
2014/08/23 09:45:10: PowerON Counter Key Entry ... OK
2014/08/23 09:45:11: Key Entry ... OK
2014/08/23 09:45:11: Complete.
2014/08/23 09:45:11: COM PORT CLOSE ... OK
2014/08/23 09:45:11: 
2014/08/23 09:45:11: ==== Processing was completed ====
2014/08/23 09:45:11: 
*************************************************


*********** Start the Initialize Key Check **********
2014/08/23 09:47:57: Tool Ver: 2013.0605.01
2014/08/23 09:47:57: COM PORT OPEN ... OK
2014/08/23 09:47:57:
2014/08/23 09:47:57: ProductS/N:  4800146
2014/08/23 09:47:57: TID: 8604263C32E62080
2014/08/23 09:47:57: F/W Version: 00.00.08
2014/08/23 09:47:57:
2014/08/23 09:47:57: MasterKey Key Entry ... OK
2014/08/23 09:47:57: PowerON Counter Key Entry ... OK
2014/08/23 09:47:58: Key Entry ... OK
2014/08/23 09:47:58: Complete.
2014/08/23 09:47:58: COM PORT CLOSE ... OK
2014/08/23 09:47:58: 
2014/08/23 09:47:58: ==== Processing was completed ====
2014/08/23 09:47:58: 
*************************************************


*********** Start the Initialize Key Check **********
2014/08/23 09:50:51: Tool Ver: 2013.0605.01
2014/08/23 09:50:51: COM PORT OPEN ... OK
2014/08/23 09:50:51:
2014/08/23 09:50:51: ProductS/N:  4800160
2014/08/23 09:50:51: TID: 86042643D2E52080
2014/08/23 09:50:51: F/W Version: 00.00.08
2014/08/23 09:50:51:
2014/08/23 09:50:51: MasterKey Key Entry ... OK
2014/08/23 09:50:51: PowerON Counter Key Entry ... OK
2014/08/23 09:50:52: Key Entry ... OK
2014/08/23 09:50:52: Complete.
2014/08/23 09:50:52: COM PORT CLOSE ... OK
2014/08/23 09:50:52: 
2014/08/23 09:50:52: ==== Processing was completed ====
2014/08/23 09:50:52: 
*************************************************


*********** Start the Initialize Key Check **********
2014/08/23 09:53:03: Tool Ver: 2013.0605.01
2014/08/23 09:53:03: COM PORT OPEN ... OK
2014/08/23 09:53:03:
2014/08/23 09:53:03: ProductS/N:  4800151
2014/08/23 09:53:03: TID: 8604224132E62080
2014/08/23 09:53:03: F/W Version: 00.00.08
2014/08/23 09:53:03:
2014/08/23 09:53:03: MasterKey Key Entry ... OK
2014/08/23 09:53:03: PowerON Counter Key Entry ... OK
2014/08/23 09:53:04: Key Entry ... OK
2014/08/23 09:53:04: Complete.
2014/08/23 09:53:04: COM PORT CLOSE ... OK
2014/08/23 09:53:04: 
2014/08/23 09:53:04: ==== Processing was completed ====
2014/08/23 09:53:04: 
*************************************************


*********** Start the Initialize Key Check **********
2014/08/23 10:14:38: Tool Ver: 2013.0605.01
2014/08/23 10:14:38: COM PORT OPEN ... OK
2014/08/23 10:14:38:
2014/08/23 10:14:38: ProductS/N:  4800150
2014/08/23 10:14:38: TID: 86042A4032E62080
2014/08/23 10:14:38: F/W Version: 00.00.08
2014/08/23 10:14:38:
2014/08/23 10:14:38: MasterKey Key Entry ... OK
2014/08/23 10:14:38: PowerON Counter Key Entry ... OK
2014/08/23 10:14:39: Key Entry ... OK
2014/08/23 10:14:39: Complete.
2014/08/23 10:14:39: COM PORT CLOSE ... OK
2014/08/23 10:14:39: 
2014/08/23 10:14:39: ==== Processing was completed ====
2014/08/23 10:14:39: 
*************************************************


*********** Start the Initialize Key Check **********
2014/08/23 10:23:45: Tool Ver: 2013.0605.01
2014/08/23 10:23:45: COM PORT OPEN ... OK
2014/08/23 10:23:45:
2014/08/23 10:23:45: ProductS/N:  4800141
2014/08/23 10:23:45: TID: 86042F4032E62080
2014/08/23 10:23:45: F/W Version: 00.00.08
2014/08/23 10:23:45:
2014/08/23 10:23:45: MasterKey Key Entry ... OK
2014/08/23 10:23:45: PowerON Counter Key Entry ... OK
2014/08/23 10:23:46: Key Entry ... OK
2014/08/23 10:23:46: Complete.
2014/08/23 10:23:46: COM PORT CLOSE ... OK
2014/08/23 10:23:46: 
2014/08/23 10:23:46: ==== Processing was completed ====
2014/08/23 10:23:46: 
*************************************************


*********** Start the Initialize Key Check **********
2014/08/23 10:24:42: Tool Ver: 2013.0605.01
2014/08/23 10:24:42: COM PORT OPEN ... OK
2014/08/23 10:24:42:
2014/08/23 10:24:42: ProductS/N:  4800147
2014/08/23 10:24:42: TID: 8604134032E62080
2014/08/23 10:24:42: F/W Version: 00.00.08
2014/08/23 10:24:42:
2014/08/23 10:24:42: MasterKey Key Entry ... OK
2014/08/23 10:24:42: PowerON Counter Key Entry ... OK
2014/08/23 10:24:42: Key Entry ... OK
2014/08/23 10:24:42: Complete.
2014/08/23 10:24:42: COM PORT CLOSE ... OK
2014/08/23 10:24:42: 
2014/08/23 10:24:42: ==== Processing was completed ====
2014/08/23 10:24:42: 
*************************************************


*********** Start the Initialize Key Check **********
2014/08/23 10:29:00: Tool Ver: 2013.0605.01
2014/08/23 10:29:00: COM PORT OPEN ... OK
2014/08/23 10:29:00:
2014/08/23 10:29:00: ProductS/N:  4800144
2014/08/23 10:29:00: TID: 8604183C32E62080
2014/08/23 10:29:00: F/W Version: 00.00.08
2014/08/23 10:29:00:
2014/08/23 10:29:00: MasterKey Key Entry ... OK
2014/08/23 10:29:00: PowerON Counter Key Entry ... OK
2014/08/23 10:29:00: Key Entry ... OK
2014/08/23 10:29:00: Complete.
2014/08/23 10:29:00: COM PORT CLOSE ... OK
2014/08/23 10:29:00: 
2014/08/23 10:29:00: ==== Processing was completed ====
2014/08/23 10:29:00: 
*************************************************


*********** Start the Initialize Key Check **********
2014/08/23 10:35:41: Tool Ver: 2013.0605.01
2014/08/23 10:35:41: COM PORT OPEN ... OK
2014/08/23 10:35:41:
2014/08/23 10:35:41: ProductS/N:  4800166
2014/08/23 10:35:41: TID: 86041A4032E62080
2014/08/23 10:35:41: F/W Version: 00.00.08
2014/08/23 10:35:41:
2014/08/23 10:35:41: MasterKey Key Entry ... OK
2014/08/23 10:35:41: PowerON Counter Key Entry ... OK
2014/08/23 10:35:42: Key Entry ... OK
2014/08/23 10:35:42: Complete.
2014/08/23 10:35:42: COM PORT CLOSE ... OK
2014/08/23 10:35:42: 
2014/08/23 10:35:42: ==== Processing was completed ====
2014/08/23 10:35:42: 
*************************************************


*********** Start the Initialize Key Check **********
2014/08/23 10:37:34: Tool Ver: 2013.0605.01
2014/08/23 10:37:34: COM PORT OPEN ... OK
2014/08/23 10:37:34:
2014/08/23 10:37:34: ProductS/N:  4800090
2014/08/23 10:37:34: TID: 860417212AE62080
2014/08/23 10:37:34: F/W Version: 00.00.08
2014/08/23 10:37:34:
2014/08/23 10:37:34: MasterKey Key Entry ... OK
2014/08/23 10:37:34: PowerON Counter Key Entry ... OK
2014/08/23 10:37:34: Key Entry ... OK
2014/08/23 10:37:34: Complete.
2014/08/23 10:37:34: COM PORT CLOSE ... OK
2014/08/23 10:37:34: 
2014/08/23 10:37:34: ==== Processing was completed ====
2014/08/23 10:37:34: 
*************************************************


*********** Start the Initialize Key Check **********
2014/08/23 10:43:33: Tool Ver: 2013.0605.01
2014/08/23 10:43:33: COM PORT OPEN ... OK
2014/08/23 10:43:34:
2014/08/23 10:43:34: ProductS/N:  4800129
2014/08/23 10:43:34: TID: 86041C4132E62080
2014/08/23 10:43:34: F/W Version: 00.00.08
2014/08/23 10:43:34:
2014/08/23 10:43:34: MasterKey Key Entry ... OK
2014/08/23 10:43:34: PowerON Counter Key Entry ... OK
2014/08/23 10:43:34: Key Entry ... OK
2014/08/23 10:43:34: Complete.
2014/08/23 10:43:34: COM PORT CLOSE ... OK
2014/08/23 10:43:34: 
2014/08/23 10:43:34: ==== Processing was completed ====
2014/08/23 10:43:34: 
*************************************************


*********** Start the Initialize Key Check **********
2014/08/23 10:46:04: Tool Ver: 2013.0605.01
2014/08/23 10:46:04: COM PORT OPEN ... OK
2014/08/23 10:46:04:
2014/08/23 10:46:04: ProductS/N:  4800155
2014/08/23 10:46:04: TID: 86042F052AE62080
2014/08/23 10:46:04: F/W Version: 00.00.08
2014/08/23 10:46:04:
2014/08/23 10:46:04: MasterKey Key Entry ... OK
2014/08/23 10:46:04: PowerON Counter Key Entry ... OK
2014/08/23 10:46:05: Key Entry ... OK
2014/08/23 10:46:05: Complete.
2014/08/23 10:46:05: COM PORT CLOSE ... OK
2014/08/23 10:46:05: 
2014/08/23 10:46:05: ==== Processing was completed ====
2014/08/23 10:46:05: 
*************************************************


*********** Start the Initialize Key Check **********
2014/08/23 10:48:22: Tool Ver: 2013.0605.01
2014/08/23 10:48:22: COM PORT OPEN ... OK
2014/08/23 10:48:22:
2014/08/23 10:48:22: ProductS/N:  4800159
2014/08/23 10:48:22: TID: 86040C202AE62080
2014/08/23 10:48:22: F/W Version: 00.00.08
2014/08/23 10:48:22:
2014/08/23 10:48:22: MasterKey Key Entry ... OK
2014/08/23 10:48:22: PowerON Counter Key Entry ... OK
2014/08/23 10:48:23: Key Entry ... OK
2014/08/23 10:48:23: Complete.
2014/08/23 10:48:23: COM PORT CLOSE ... OK
2014/08/23 10:48:23: 
2014/08/23 10:48:23: ==== Processing was completed ====
2014/08/23 10:48:23: 
*************************************************


*********** Start the Initialize Key Check **********
2014/08/23 10:51:20: Tool Ver: 2013.0605.01
2014/08/23 10:51:20: COM PORT OPEN ... OK
2014/08/23 10:51:20:
2014/08/23 10:51:20: ProductS/N:  4800165
2014/08/23 10:51:20: TID: 86043A25CAE52080
2014/08/23 10:51:20: F/W Version: 00.00.08
2014/08/23 10:51:20:
2014/08/23 10:51:20: MasterKey Key Entry ... OK
2014/08/23 10:51:20: PowerON Counter Key Entry ... OK
2014/08/23 10:51:21: Key Entry ... OK
2014/08/23 10:51:21: Complete.
2014/08/23 10:51:21: COM PORT CLOSE ... OK
2014/08/23 10:51:21: 
2014/08/23 10:51:21: ==== Processing was completed ====
2014/08/23 10:51:21: 
*************************************************


*********** Start the Initialize Key Check **********
2014/08/23 10:54:56: Tool Ver: 2013.0605.01
2014/08/23 10:54:56: COM PORT OPEN ... OK
2014/08/23 10:54:57:
2014/08/23 10:54:57: ProductS/N:  4800153
2014/08/23 10:54:57: TID: 86042023CAE52080
2014/08/23 10:54:57: F/W Version: 00.00.08
2014/08/23 10:54:57:
2014/08/23 10:54:57: MasterKey Key Entry ... OK
2014/08/23 10:54:57: PowerON Counter Key Entry ... OK
2014/08/23 10:54:57: Key Entry ... OK
2014/08/23 10:54:57: Complete.
2014/08/23 10:54:57: COM PORT CLOSE ... OK
2014/08/23 10:54:57: 
2014/08/23 10:54:57: ==== Processing was completed ====
2014/08/23 10:54:57: 
*************************************************


*********** Start the Initialize Key Check **********
2014/08/23 10:58:21: Tool Ver: 2013.0605.01
2014/08/23 10:58:21: COM PORT OPEN ... OK
2014/08/23 10:58:21:
2014/08/23 10:58:21: ProductS/N:  4800075
2014/08/23 10:58:21: TID: 860428072AE62080
2014/08/23 10:58:21: F/W Version: 00.00.08
2014/08/23 10:58:21:
2014/08/23 10:58:21: MasterKey Key Entry ... OK
2014/08/23 10:58:21: PowerON Counter Key Entry ... OK
2014/08/23 10:58:22: Key Entry ... OK
2014/08/23 10:58:22: Complete.
2014/08/23 10:58:22: COM PORT CLOSE ... OK
2014/08/23 10:58:22: 
2014/08/23 10:58:22: ==== Processing was completed ====
2014/08/23 10:58:22: 
*************************************************


*********** Start the Initialize Key Check **********
2014/08/23 11:00:54: Tool Ver: 2013.0605.01
2014/08/23 11:00:54: COM PORT OPEN ... OK
2014/08/23 11:00:54:
2014/08/23 11:00:54: ProductS/N:  4800152
2014/08/23 11:00:54: TID: 860425042AE62080
2014/08/23 11:00:54: F/W Version: 00.00.08
2014/08/23 11:00:54:
2014/08/23 11:00:54: MasterKey Key Entry ... OK
2014/08/23 11:00:54: PowerON Counter Key Entry ... OK
2014/08/23 11:00:55: Key Entry ... OK
2014/08/23 11:00:55: Complete.
2014/08/23 11:00:55: COM PORT CLOSE ... OK
2014/08/23 11:00:55: 
2014/08/23 11:00:55: ==== Processing was completed ====
2014/08/23 11:00:55: 
*************************************************


*********** Start the Initialize Key Check **********
2014/08/23 11:03:15: Tool Ver: 2013.0605.01
2014/08/23 11:03:15: COM PORT OPEN ... OK
2014/08/23 11:03:16:
2014/08/23 11:03:16: ProductS/N:  4800175
2014/08/23 11:03:16: TID: 86042120CAE52080
2014/08/23 11:03:16: F/W Version: 00.00.08
2014/08/23 11:03:16:
2014/08/23 11:03:16: MasterKey Key Entry ... OK
2014/08/23 11:03:16: PowerON Counter Key Entry ... OK
2014/08/23 11:03:16: Key Entry ... OK
2014/08/23 11:03:16: Complete.
2014/08/23 11:03:16: COM PORT CLOSE ... OK
2014/08/23 11:03:16: 
2014/08/23 11:03:16: ==== Processing was completed ====
2014/08/23 11:03:16: 
*************************************************


*********** Start the Initialize Key Check **********
2014/08/23 11:05:38: Tool Ver: 2013.0605.01
2014/08/23 11:05:38: COM PORT OPEN ... OK
2014/08/23 11:05:38:
2014/08/23 11:05:38: ProductS/N:  4800133
2014/08/23 11:05:38: TID: 86040A1F2AE62080
2014/08/23 11:05:38: F/W Version: 00.00.08
2014/08/23 11:05:38:
2014/08/23 11:05:38: MasterKey Key Entry ... OK
2014/08/23 11:05:38: PowerON Counter Key Entry ... OK
2014/08/23 11:05:39: Key Entry ... OK
2014/08/23 11:05:39: Complete.
2014/08/23 11:05:39: COM PORT CLOSE ... OK
2014/08/23 11:05:39: 
2014/08/23 11:05:39: ==== Processing was completed ====
2014/08/23 11:05:39: 
*************************************************


*********** Start the Initialize Key Check **********
2014/08/23 11:07:54: Tool Ver: 2013.0605.01
2014/08/23 11:07:54: COM PORT OPEN ... OK
2014/08/23 11:07:54:
2014/08/23 11:07:54: ProductS/N:  4800157
2014/08/23 11:07:54: TID: 86042B062AE62080
2014/08/23 11:07:54: F/W Version: 00.00.08
2014/08/23 11:07:54:
2014/08/23 11:07:54: MasterKey Key Entry ... OK
2014/08/23 11:07:54: PowerON Counter Key Entry ... OK
2014/08/23 11:07:55: Key Entry ... OK
2014/08/23 11:07:55: Complete.
2014/08/23 11:07:55: COM PORT CLOSE ... OK
2014/08/23 11:07:55: 
2014/08/23 11:07:55: ==== Processing was completed ====
2014/08/23 11:07:55: 
*************************************************


*********** Start the Initialize Key Check **********
2014/08/23 11:25:43: Tool Ver: 2013.0605.01
2014/08/23 11:25:43: COM PORT OPEN ... OK
2014/08/23 11:25:43:
2014/08/23 11:25:43: ProductS/N:  4800158
2014/08/23 11:25:43: TID: 860434082AE62080
2014/08/23 11:25:43: F/W Version: 00.00.08
2014/08/23 11:25:43:
2014/08/23 11:25:43: MasterKey Key Entry ... OK
2014/08/23 11:25:43: PowerON Counter Key Entry ... OK
2014/08/23 11:25:43: Key Entry ... OK
2014/08/23 11:25:43: Complete.
2014/08/23 11:25:43: COM PORT CLOSE ... OK
2014/08/23 11:25:43: 
2014/08/23 11:25:43: ==== Processing was completed ====
2014/08/23 11:25:43: 
*************************************************


*********** Start the Initialize Key Check **********
2014/08/23 11:28:18: Tool Ver: 2013.0605.01
2014/08/23 11:28:18: COM PORT OPEN ... OK
2014/08/23 11:28:18:
2014/08/23 11:28:18: ProductS/N:  4800173
2014/08/23 11:28:18: TID: 86042A43D2E52080
2014/08/23 11:28:18: F/W Version: 00.00.08
2014/08/23 11:28:18:
2014/08/23 11:28:18: MasterKey Key Entry ... OK
2014/08/23 11:28:18: PowerON Counter Key Entry ... OK
2014/08/23 11:28:19: Key Entry ... OK
2014/08/23 11:28:19: Complete.
2014/08/23 11:28:19: COM PORT CLOSE ... OK
2014/08/23 11:28:19: 
2014/08/23 11:28:19: ==== Processing was completed ====
2014/08/23 11:28:19: 
*************************************************


*********** Start the Initialize Key Check **********
2014/08/23 11:30:02: Tool Ver: 2013.0605.01
2014/08/23 11:30:02: COM PORT OPEN ... OK
2014/08/23 11:30:02:
2014/08/23 11:30:02: ProductS/N:  4800168
2014/08/23 11:30:02: TID: 86043037D2E52080
2014/08/23 11:30:02: F/W Version: 00.00.08
2014/08/23 11:30:02:
2014/08/23 11:30:03: MasterKey Key Entry ... OK
2014/08/23 11:30:03: PowerON Counter Key Entry ... OK
2014/08/23 11:30:03: Key Entry ... OK
2014/08/23 11:30:03: Complete.
2014/08/23 11:30:03: COM PORT CLOSE ... OK
2014/08/23 11:30:03: 
2014/08/23 11:30:03: ==== Processing was completed ====
2014/08/23 11:30:03: 
*************************************************


*********** Start the Initialize Key Check **********
2014/08/23 11:32:34: Tool Ver: 2013.0605.01
2014/08/23 11:32:34: COM PORT OPEN ... OK
2014/08/23 11:32:34:
2014/08/23 11:32:34: ProductS/N:  4800161
2014/08/23 11:32:34: TID: 860443242AE62080
2014/08/23 11:32:34: F/W Version: 00.00.08
2014/08/23 11:32:34:
2014/08/23 11:32:34: MasterKey Key Entry ... OK
2014/08/23 11:32:34: PowerON Counter Key Entry ... OK
2014/08/23 11:32:35: Key Entry ... OK
2014/08/23 11:32:35: Complete.
2014/08/23 11:32:35: COM PORT CLOSE ... OK
2014/08/23 11:32:35: 
2014/08/23 11:32:35: ==== Processing was completed ====
2014/08/23 11:32:35: 
*************************************************


*********** Start the Initialize Key Check **********
2014/08/23 11:35:13: Tool Ver: 2013.0605.01
2014/08/23 11:35:13: COM PORT OPEN ... OK
2014/08/23 11:35:13:
2014/08/23 11:35:13: ProductS/N:  4800174
2014/08/23 11:35:13: TID: 86043925CAE52080
2014/08/23 11:35:13: F/W Version: 00.00.08
2014/08/23 11:35:13:
2014/08/23 11:35:13: MasterKey Key Entry ... OK
2014/08/23 11:35:13: PowerON Counter Key Entry ... OK
2014/08/23 11:35:14: Key Entry ... OK
2014/08/23 11:35:14: Complete.
2014/08/23 11:35:14: COM PORT CLOSE ... OK
2014/08/23 11:35:14: 
2014/08/23 11:35:14: ==== Processing was completed ====
2014/08/23 11:35:14: 
*************************************************


*********** Start the Initialize Key Check **********
2014/08/23 11:37:49: Tool Ver: 2013.0605.01
2014/08/23 11:37:49: COM PORT OPEN ... OK
2014/08/23 11:37:49:
2014/08/23 11:37:49: ProductS/N:  4800162
2014/08/23 11:37:49: TID: 8604141E2AE62080
2014/08/23 11:37:49: F/W Version: 00.00.08
2014/08/23 11:37:49:
2014/08/23 11:37:49: MasterKey Key Entry ... OK
2014/08/23 11:37:49: PowerON Counter Key Entry ... OK
2014/08/23 11:37:49: Key Entry ... OK
2014/08/23 11:37:49: Complete.
2014/08/23 11:37:49: COM PORT CLOSE ... OK
2014/08/23 11:37:49: 
2014/08/23 11:37:49: ==== Processing was completed ====
2014/08/23 11:37:49: 
*************************************************


*********** Start the Initialize Key Check **********
2014/08/23 11:40:27: Tool Ver: 2013.0605.01
2014/08/23 11:40:27: COM PORT OPEN ... OK
2014/08/23 11:40:27:
2014/08/23 11:40:27: ProductS/N:  4800177
2014/08/23 11:40:27: TID: 86042D0CCAE52080
2014/08/23 11:40:27: F/W Version: 00.00.08
2014/08/23 11:40:27:
2014/08/23 11:40:27: MasterKey Key Entry ... OK
2014/08/23 11:40:27: PowerON Counter Key Entry ... OK
2014/08/23 11:40:28: Key Entry ... OK
2014/08/23 11:40:28: Complete.
2014/08/23 11:40:28: COM PORT CLOSE ... OK
2014/08/23 11:40:28: 
2014/08/23 11:40:28: ==== Processing was completed ====
2014/08/23 11:40:28: 
*************************************************


*********** Start the Initialize Key Check **********
2014/08/23 11:43:12: Tool Ver: 2013.0605.01
2014/08/23 11:43:12: COM PORT OPEN ... OK
2014/08/23 11:43:12:
2014/08/23 11:43:12: ProductS/N:  4800077
2014/08/23 11:43:12: TID: 86042541D2E52080
2014/08/23 11:43:12: F/W Version: 00.00.08
2014/08/23 11:43:12:
2014/08/23 11:43:12: MasterKey Key Entry ... OK
2014/08/23 11:43:12: PowerON Counter Key Entry ... OK
2014/08/23 11:43:12: Key Entry ... OK
2014/08/23 11:43:12: Complete.
2014/08/23 11:43:12: COM PORT CLOSE ... OK
2014/08/23 11:43:12: 
2014/08/23 11:43:12: ==== Processing was completed ====
2014/08/23 11:43:12: 
*************************************************


*********** Start the Initialize Key Check **********
2014/08/23 12:52:32: Tool Ver: 2013.0605.01
2014/08/23 12:52:32: COM PORT OPEN ... OK
2014/08/23 12:52:32:
2014/08/23 12:52:32: ProductS/N:  4800183
2014/08/23 12:52:32: TID: 86041943D2E52080
2014/08/23 12:52:32: F/W Version: 00.00.08
2014/08/23 12:52:32:
2014/08/23 12:52:32: MasterKey Key Entry ... OK
2014/08/23 12:52:32: PowerON Counter Key Entry ... OK
2014/08/23 12:52:33: Key Entry ... OK
2014/08/23 12:52:33: Complete.
2014/08/23 12:52:33: COM PORT CLOSE ... OK
2014/08/23 12:52:33: 
2014/08/23 12:52:33: ==== Processing was completed ====
2014/08/23 12:52:33: 
*************************************************


*********** Start the Initialize Key Check **********
2014/08/23 13:04:17: Tool Ver: 2013.0605.01
2014/08/23 13:04:17: COM PORT OPEN ... OK
2014/08/23 13:04:17:
2014/08/23 13:04:17: ProductS/N:  4800098
2014/08/23 13:04:17: TID: 86042F29025B2980
2014/08/23 13:04:17: F/W Version: 00.00.08
2014/08/23 13:04:17:
2014/08/23 13:04:17: MasterKey Key Entry ... OK
2014/08/23 13:04:17: PowerON Counter Key Entry ... OK
2014/08/23 13:04:18: Key Entry ... OK
2014/08/23 13:04:18: Complete.
2014/08/23 13:04:18: COM PORT CLOSE ... OK
2014/08/23 13:04:18: 
2014/08/23 13:04:18: ==== Processing was completed ====
2014/08/23 13:04:18: 
*************************************************


*********** Start the Initialize Key Check **********
2014/08/23 13:08:34: Tool Ver: 2013.0605.01
2014/08/23 13:08:34: COM PORT OPEN ... OK
2014/08/23 13:08:34:
2014/08/23 13:08:34: ProductS/N:  4800179
2014/08/23 13:08:34: TID: 860429062AE62080
2014/08/23 13:08:34: F/W Version: 00.00.08
2014/08/23 13:08:34:
2014/08/23 13:08:34: MasterKey Key Entry ... OK
2014/08/23 13:08:34: PowerON Counter Key Entry ... OK
2014/08/23 13:08:35: Key Entry ... OK
2014/08/23 13:08:35: Complete.
2014/08/23 13:08:35: COM PORT CLOSE ... OK
2014/08/23 13:08:35: 
2014/08/23 13:08:35: ==== Processing was completed ====
2014/08/23 13:08:35: 
*************************************************


*********** Start the Initialize Key Check **********
2014/08/23 13:12:31: Tool Ver: 2013.0605.01
2014/08/23 13:12:31: COM PORT OPEN ... OK
2014/08/23 13:12:31:
2014/08/23 13:12:31: ProductS/N:  4800178
2014/08/23 13:12:31: TID: 86042D4232E62080
2014/08/23 13:12:31: F/W Version: 00.00.08
2014/08/23 13:12:31:
2014/08/23 13:12:31: MasterKey Key Entry ... OK
2014/08/23 13:12:31: PowerON Counter Key Entry ... OK
2014/08/23 13:12:32: Key Entry ... OK
2014/08/23 13:12:32: Complete.
2014/08/23 13:12:32: COM PORT CLOSE ... OK
2014/08/23 13:12:32: 
2014/08/23 13:12:32: ==== Processing was completed ====
2014/08/23 13:12:32: 
*************************************************


*********** Start the Initialize Key Check **********
2014/08/23 13:14:48: Tool Ver: 2013.0605.01
2014/08/23 13:14:48: COM PORT OPEN ... OK
2014/08/23 13:14:48:
2014/08/23 13:14:48: ProductS/N:  4800180
2014/08/23 13:14:48: TID: 8604234132E62080
2014/08/23 13:14:48: F/W Version: 00.00.08
2014/08/23 13:14:48:
2014/08/23 13:14:48: MasterKey Key Entry ... OK
2014/08/23 13:14:48: PowerON Counter Key Entry ... OK
2014/08/23 13:14:49: Key Entry ... OK
2014/08/23 13:14:49: Complete.
2014/08/23 13:14:49: COM PORT CLOSE ... OK
2014/08/23 13:14:49: 
2014/08/23 13:14:49: ==== Processing was completed ====
2014/08/23 13:14:49: 
*************************************************


*********** Start the Initialize Key Check **********
2014/08/23 13:17:16: Tool Ver: 2013.0605.01
2014/08/23 13:17:16: COM PORT OPEN ... OK
2014/08/23 13:17:16:
2014/08/23 13:17:16: ProductS/N:  4800190
2014/08/23 13:17:16: TID: 86040F3ED2E52080
2014/08/23 13:17:16: F/W Version: 00.00.08
2014/08/23 13:17:16:
2014/08/23 13:17:16: MasterKey Key Entry ... OK
2014/08/23 13:17:16: PowerON Counter Key Entry ... OK
2014/08/23 13:17:17: Key Entry ... OK
2014/08/23 13:17:17: Complete.
2014/08/23 13:17:17: COM PORT CLOSE ... OK
2014/08/23 13:17:17: 
2014/08/23 13:17:17: ==== Processing was completed ====
2014/08/23 13:17:17: 
*************************************************


*********** Start the Initialize Key Check **********
2014/08/23 13:19:26: Tool Ver: 2013.0605.01
2014/08/23 13:19:26: COM PORT OPEN ... OK
2014/08/23 13:19:26:
2014/08/23 13:19:26: ProductS/N:  4800186
2014/08/23 13:19:26: TID: 86042042D2E52080
2014/08/23 13:19:26: F/W Version: 00.00.08
2014/08/23 13:19:26:
2014/08/23 13:19:26: MasterKey Key Entry ... OK
2014/08/23 13:19:26: PowerON Counter Key Entry ... OK
2014/08/23 13:19:27: Key Entry ... OK
2014/08/23 13:19:27: Complete.
2014/08/23 13:19:27: COM PORT CLOSE ... OK
2014/08/23 13:19:27: 
2014/08/23 13:19:27: ==== Processing was completed ====
2014/08/23 13:19:27: 
*************************************************


*********** Start the Initialize Key Check **********
2014/08/23 13:22:15: Tool Ver: 2013.0605.01
2014/08/23 13:22:15: COM PORT OPEN ... OK
2014/08/23 13:22:15:
2014/08/23 13:22:15: ProductS/N:  4800067
2014/08/23 13:22:15: TID: 86041D082AE62080
2014/08/23 13:22:15: F/W Version: 00.00.08
2014/08/23 13:22:15:
2014/08/23 13:22:15: MasterKey Key Entry ... OK
2014/08/23 13:22:15: PowerON Counter Key Entry ... OK
2014/08/23 13:22:16: Key Entry ... OK
2014/08/23 13:22:16: Complete.
2014/08/23 13:22:16: COM PORT CLOSE ... OK
2014/08/23 13:22:16: 
2014/08/23 13:22:16: ==== Processing was completed ====
2014/08/23 13:22:16: 
*************************************************


*********** Start the Initialize Key Check **********
2014/08/23 13:24:32: Tool Ver: 2013.0605.01
2014/08/23 13:24:32: COM PORT OPEN ... OK
2014/08/23 13:24:32:
2014/08/23 13:24:32: ProductS/N:  4800189
2014/08/23 13:24:32: TID: 86041B3ED2E52080
2014/08/23 13:24:32: F/W Version: 00.00.08
2014/08/23 13:24:32:
2014/08/23 13:24:33: MasterKey Key Entry ... OK
2014/08/23 13:24:33: PowerON Counter Key Entry ... OK
2014/08/23 13:24:33: Key Entry ... OK
2014/08/23 13:24:33: Complete.
2014/08/23 13:24:33: COM PORT CLOSE ... OK
2014/08/23 13:24:33: 
2014/08/23 13:24:33: ==== Processing was completed ====
2014/08/23 13:24:33: 
*************************************************


*********** Start the Initialize Key Check **********
2014/08/23 13:27:00: Tool Ver: 2013.0605.01
2014/08/23 13:27:00: COM PORT OPEN ... OK
2014/08/23 13:27:00:
2014/08/23 13:27:00: ProductS/N:  4800187
2014/08/23 13:27:00: TID: 8604330ACAE52080
2014/08/23 13:27:00: F/W Version: 00.00.08
2014/08/23 13:27:00:
2014/08/23 13:27:00: MasterKey Key Entry ... OK
2014/08/23 13:27:00: PowerON Counter Key Entry ... OK
2014/08/23 13:27:01: Key Entry ... OK
2014/08/23 13:27:01: Complete.
2014/08/23 13:27:01: COM PORT CLOSE ... OK
2014/08/23 13:27:01: 
2014/08/23 13:27:01: ==== Processing was completed ====
2014/08/23 13:27:01: 
*************************************************


*********** Start the Initialize Key Check **********
2014/08/23 13:28:44: Tool Ver: 2013.0605.01
2014/08/23 13:28:44: COM PORT OPEN ... OK
2014/08/23 13:28:44:
2014/08/23 13:28:44: ProductS/N:  4800182
2014/08/23 13:28:44: TID: 8604131E2AE62080
2014/08/23 13:28:44: F/W Version: 00.00.08
2014/08/23 13:28:44:
2014/08/23 13:28:44: MasterKey Key Entry ... OK
2014/08/23 13:28:44: PowerON Counter Key Entry ... OK
2014/08/23 13:28:45: Key Entry ... OK
2014/08/23 13:28:45: Complete.
2014/08/23 13:28:45: COM PORT CLOSE ... OK
2014/08/23 13:28:45: 
2014/08/23 13:28:45: ==== Processing was completed ====
2014/08/23 13:28:45: 
*************************************************


*********** Start the Initialize Key Check **********
2014/08/23 13:31:07: Tool Ver: 2013.0605.01
2014/08/23 13:31:07: COM PORT OPEN ... OK
2014/08/23 13:31:07:
2014/08/23 13:31:07: ProductS/N:  4800191
2014/08/23 13:31:07: TID: 8604193ED2E52080
2014/08/23 13:31:07: F/W Version: 00.00.08
2014/08/23 13:31:07:
2014/08/23 13:31:07: MasterKey Key Entry ... OK
2014/08/23 13:31:07: PowerON Counter Key Entry ... OK
2014/08/23 13:31:08: Key Entry ... OK
2014/08/23 13:31:08: Complete.
2014/08/23 13:31:08: COM PORT CLOSE ... OK
2014/08/23 13:31:08: 
2014/08/23 13:31:08: ==== Processing was completed ====
2014/08/23 13:31:08: 
*************************************************


*********** Start the Initialize Key Check **********
2014/08/23 13:33:01: Tool Ver: 2013.0605.01
2014/08/23 13:33:01: Product S/N ... ERROR
2014/08/23 13:33:01: 
2014/08/23 13:33:01: ######## Error has occurred ########
2014/08/23 13:33:01: 
*************************************************


*********** Start the Initialize Key Check **********
2014/08/23 13:33:36: Tool Ver: 2013.0605.01
2014/08/23 13:33:36: COM PORT OPEN ... ERROR(01)
2014/08/23 13:33:36: 
2014/08/23 13:33:36: ######## Error has occurred ########
2014/08/23 13:33:36: 
*************************************************


*********** Start the Initialize Key Check **********
2014/08/23 13:34:21: Tool Ver: 2013.0605.01
2014/08/23 13:34:21: COM PORT OPEN ... ERROR(01)
2014/08/23 13:34:21: 
2014/08/23 13:34:21: ######## Error has occurred ########
2014/08/23 13:34:21: 
*************************************************


*********** Start the Initialize Key Check **********
2014/08/23 13:39:39: Tool Ver: 2013.0605.01
2014/08/23 13:39:39: COM PORT OPEN ... OK
2014/08/23 13:39:39:
2014/08/23 13:39:39: ProductS/N:  4800188
2014/08/23 13:39:39: TID: 86041B07CAE52080
2014/08/23 13:39:39: F/W Version: 00.00.08
2014/08/23 13:39:39:
2014/08/23 13:39:39: MasterKey Key Entry ... OK
2014/08/23 13:39:39: PowerON Counter Key Entry ... OK
2014/08/23 13:39:40: Key Entry ... OK
2014/08/23 13:39:40: Complete.
2014/08/23 13:39:40: COM PORT CLOSE ... OK
2014/08/23 13:39:40: 
2014/08/23 13:39:40: ==== Processing was completed ====
2014/08/23 13:39:40: 
*************************************************


*********** Start the Initialize Key Check **********
2014/08/23 13:43:05: Tool Ver: 2013.0605.01
2014/08/23 13:43:05: COM PORT OPEN ... OK
2014/08/23 13:43:05:
2014/08/23 13:43:05: ProductS/N:  4800193
2014/08/23 13:43:05: TID: 86042D232AE62080
2014/08/23 13:43:05: F/W Version: 00.00.08
2014/08/23 13:43:05:
2014/08/23 13:43:05: MasterKey Key Entry ... OK
2014/08/23 13:43:05: PowerON Counter Key Entry ... OK
2014/08/23 13:43:06: Key Entry ... OK
2014/08/23 13:43:06: Complete.
2014/08/23 13:43:06: COM PORT CLOSE ... OK
2014/08/23 13:43:06: 
2014/08/23 13:43:06: ==== Processing was completed ====
2014/08/23 13:43:06: 
*************************************************


*********** Start the Initialize Key Check **********
2014/08/23 13:51:13: Tool Ver: 2013.0605.01
2014/08/23 13:51:13: COM PORT OPEN ... OK
2014/08/23 13:51:13:
2014/08/23 13:51:13: ProductS/N:  4800164
2014/08/23 13:51:13: TID: 86043634D2E52080
2014/08/23 13:51:13: F/W Version: 00.00.08
2014/08/23 13:51:13:
2014/08/23 13:51:13: MasterKey Key Entry ... OK
2014/08/23 13:51:13: PowerON Counter Key Entry ... OK
2014/08/23 13:51:14: Key Entry ... OK
2014/08/23 13:51:14: Complete.
2014/08/23 13:51:14: COM PORT CLOSE ... OK
2014/08/23 13:51:14: 
2014/08/23 13:51:14: ==== Processing was completed ====
2014/08/23 13:51:14: 
*************************************************


*********** Start the Initialize Key Check **********
2014/08/23 13:53:55: Tool Ver: 2013.0605.01
2014/08/23 13:53:55: COM PORT OPEN ... OK
2014/08/23 13:53:55:
2014/08/23 13:53:55: ProductS/N:  4800199
2014/08/23 13:53:55: TID: 860431082AE62080
2014/08/23 13:53:55: F/W Version: 00.00.08
2014/08/23 13:53:55:
2014/08/23 13:53:55: MasterKey Key Entry ... OK
2014/08/23 13:53:55: PowerON Counter Key Entry ... OK
2014/08/23 13:53:56: Key Entry ... OK
2014/08/23 13:53:56: Complete.
2014/08/23 13:53:56: COM PORT CLOSE ... OK
2014/08/23 13:53:56: 
2014/08/23 13:53:56: ==== Processing was completed ====
2014/08/23 13:53:56: 
*************************************************


*********** Start the Initialize Key Check **********
2014/08/23 13:56:51: Tool Ver: 2013.0605.01
2014/08/23 13:56:51: COM PORT OPEN ... OK
2014/08/23 13:56:51:
2014/08/23 13:56:51: ProductS/N:  4800156
2014/08/23 13:56:51: TID: 86040D222AE62080
2014/08/23 13:56:51: F/W Version: 00.00.08
2014/08/23 13:56:51:
2014/08/23 13:56:51: MasterKey Key Entry ... OK
2014/08/23 13:56:51: PowerON Counter Key Entry ... OK
2014/08/23 13:56:52: Key Entry ... OK
2014/08/23 13:56:52: Complete.
2014/08/23 13:56:52: COM PORT CLOSE ... OK
2014/08/23 13:56:52: 
2014/08/23 13:56:52: ==== Processing was completed ====
2014/08/23 13:56:52: 
*************************************************


*********** Start the Initialize Key Check **********
2014/08/23 13:59:07: Tool Ver: 2013.0605.01
2014/08/23 13:59:07: COM PORT OPEN ... OK
2014/08/23 13:59:07:
2014/08/23 13:59:07: ProductS/N:  4800200
2014/08/23 13:59:07: TID: 86042B44D2E52080
2014/08/23 13:59:07: F/W Version: 00.00.08
2014/08/23 13:59:07:
2014/08/23 13:59:07: MasterKey Key Entry ... OK
2014/08/23 13:59:07: PowerON Counter Key Entry ... OK
2014/08/23 13:59:08: Key Entry ... OK
2014/08/23 13:59:08: Complete.
2014/08/23 13:59:08: COM PORT CLOSE ... OK
2014/08/23 13:59:08: 
2014/08/23 13:59:08: ==== Processing was completed ====
2014/08/23 13:59:08: 
*************************************************


*********** Start the Initialize Key Check **********
2014/08/23 14:01:40: Tool Ver: 2013.0605.01
2014/08/23 14:01:40: COM PORT OPEN ... OK
2014/08/23 14:01:40:
2014/08/23 14:01:40: ProductS/N:  4800197
2014/08/23 14:01:40: TID: 860438232AE62080
2014/08/23 14:01:40: F/W Version: 00.00.08
2014/08/23 14:01:40:
2014/08/23 14:01:40: MasterKey Key Entry ... OK
2014/08/23 14:01:41: PowerON Counter Key Entry ... OK
2014/08/23 14:01:41: Key Entry ... OK
2014/08/23 14:01:41: Complete.
2014/08/23 14:01:41: COM PORT CLOSE ... OK
2014/08/23 14:01:41: 
2014/08/23 14:01:41: ==== Processing was completed ====
2014/08/23 14:01:41: 
*************************************************


*********** Start the Initialize Key Check **********
2014/08/23 14:03:54: Tool Ver: 2013.0605.01
2014/08/23 14:03:54: COM PORT OPEN ... OK
2014/08/23 14:03:54:
2014/08/23 14:03:54: ProductS/N:  4800167
2014/08/23 14:03:54: TID: 86042D08CAE52080
2014/08/23 14:03:54: F/W Version: 00.00.08
2014/08/23 14:03:54:
2014/08/23 14:03:54: MasterKey Key Entry ... OK
2014/08/23 14:03:54: PowerON Counter Key Entry ... OK
2014/08/23 14:03:55: Key Entry ... OK
2014/08/23 14:03:55: Complete.
2014/08/23 14:03:55: COM PORT CLOSE ... OK
2014/08/23 14:03:55: 
2014/08/23 14:03:55: ==== Processing was completed ====
2014/08/23 14:03:55: 
*************************************************


*********** Start the Initialize Key Check **********
2014/08/23 14:06:50: Tool Ver: 2013.0605.01
2014/08/23 14:06:50: COM PORT OPEN ... OK
2014/08/23 14:06:50:
2014/08/23 14:06:50: ProductS/N:  4800135
2014/08/23 14:06:50: TID: 8604221E2AE62080
2014/08/23 14:06:50: F/W Version: 00.00.08
2014/08/23 14:06:50:
2014/08/23 14:06:50: MasterKey Key Entry ... OK
2014/08/23 14:06:50: PowerON Counter Key Entry ... OK
2014/08/23 14:06:51: Key Entry ... OK
2014/08/23 14:06:51: Complete.
2014/08/23 14:06:51: COM PORT CLOSE ... OK
2014/08/23 14:06:51: 
2014/08/23 14:06:51: ==== Processing was completed ====
2014/08/23 14:06:51: 
*************************************************


*********** Start the Initialize Key Check **********
2014/08/23 14:28:54: Tool Ver: 2013.0605.01
2014/08/23 14:28:54: COM PORT OPEN ... OK
2014/08/23 14:28:54:
2014/08/23 14:28:54: ProductS/N:  4800126
2014/08/23 14:28:54: TID: 86041B082AE62080
2014/08/23 14:28:54: F/W Version: 00.00.08
2014/08/23 14:28:54:
2014/08/23 14:28:54: MasterKey Key Entry ... OK
2014/08/23 14:28:54: PowerON Counter Key Entry ... OK
2014/08/23 14:28:54: Key Entry ... OK
2014/08/23 14:28:54: Complete.
2014/08/23 14:28:54: COM PORT CLOSE ... OK
2014/08/23 14:28:54: 
2014/08/23 14:28:54: ==== Processing was completed ====
2014/08/23 14:28:54: 
*************************************************


*********** Start the Initialize Key Check **********
2014/08/23 14:34:46: Tool Ver: 2013.0605.01
2014/08/23 14:34:46: COM PORT OPEN ... OK
2014/08/23 14:34:46:
2014/08/23 14:34:46: ProductS/N:  4800202
2014/08/23 14:34:46: TID: 86041320CAE52080
2014/08/23 14:34:46: F/W Version: 00.00.08
2014/08/23 14:34:46:
2014/08/23 14:34:46: MasterKey Key Entry ... OK
2014/08/23 14:34:46: PowerON Counter Key Entry ... OK
2014/08/23 14:34:47: Key Entry ... OK
2014/08/23 14:34:47: Complete.
2014/08/23 14:34:47: COM PORT CLOSE ... OK
2014/08/23 14:34:47: 
2014/08/23 14:34:47: ==== Processing was completed ====
2014/08/23 14:34:47: 
*************************************************


*********** Start the Initialize Key Check **********
2014/08/23 14:38:36: Tool Ver: 2013.0605.01
2014/08/23 14:38:36: COM PORT OPEN ... OK
2014/08/23 14:38:36:
2014/08/23 14:38:36: ProductS/N:  4800206
2014/08/23 14:38:36: TID: 86040D3D32E62080
2014/08/23 14:38:36: F/W Version: 00.00.08
2014/08/23 14:38:36:
2014/08/23 14:38:36: MasterKey Key Entry ... OK
2014/08/23 14:38:36: PowerON Counter Key Entry ... OK
2014/08/23 14:38:36: Key Entry ... OK
2014/08/23 14:38:36: Complete.
2014/08/23 14:38:36: COM PORT CLOSE ... OK
2014/08/23 14:38:36: 
2014/08/23 14:38:36: ==== Processing was completed ====
2014/08/23 14:38:36: 
*************************************************


*********** Start the Initialize Key Check **********
2014/08/23 14:41:56: Tool Ver: 2013.0605.01
2014/08/23 14:41:56: COM PORT OPEN ... OK
2014/08/23 14:41:57:
2014/08/23 14:41:57: ProductS/N:  4800203
2014/08/23 14:41:57: TID: 86043A26CAE52080
2014/08/23 14:41:57: F/W Version: 00.00.08
2014/08/23 14:41:57:
2014/08/23 14:41:57: MasterKey Key Entry ... OK
2014/08/23 14:41:57: PowerON Counter Key Entry ... OK
2014/08/23 14:41:57: Key Entry ... OK
2014/08/23 14:41:57: Complete.
2014/08/23 14:41:57: COM PORT CLOSE ... OK
2014/08/23 14:41:57: 
2014/08/23 14:41:57: ==== Processing was completed ====
2014/08/23 14:41:57: 
*************************************************


*********** Start the Initialize Key Check **********
2014/08/23 14:52:43: Tool Ver: 2013.0605.01
2014/08/23 14:52:44: COM PORT OPEN ... OK
2014/08/23 14:52:44:
2014/08/23 14:52:44: ProductS/N:  4800205
2014/08/23 14:52:44: TID: 86043E1D2AE62080
2014/08/23 14:52:44: F/W Version: 00.00.08
2014/08/23 14:52:44:
2014/08/23 14:52:44: MasterKey Key Entry ... OK
2014/08/23 14:52:44: PowerON Counter Key Entry ... OK
2014/08/23 14:52:44: Key Entry ... OK
2014/08/23 14:52:44: Complete.
2014/08/23 14:52:44: COM PORT CLOSE ... OK
2014/08/23 14:52:44: 
2014/08/23 14:52:44: ==== Processing was completed ====
2014/08/23 14:52:44: 
*************************************************


*********** Start the Initialize Key Check **********
2014/08/23 14:54:43: Tool Ver: 2013.0605.01
2014/08/23 14:54:43: COM PORT OPEN ... OK
2014/08/23 14:54:43:
2014/08/23 14:54:43: ProductS/N:  4800209
2014/08/23 14:54:43: TID: 86043307CAE52080
2014/08/23 14:54:43: F/W Version: 00.00.08
2014/08/23 14:54:43:
2014/08/23 14:54:43: MasterKey Key Entry ... OK
2014/08/23 14:54:43: PowerON Counter Key Entry ... OK
2014/08/23 14:54:44: Key Entry ... OK
2014/08/23 14:54:44: Complete.
2014/08/23 14:54:44: COM PORT CLOSE ... OK
2014/08/23 14:54:44: 
2014/08/23 14:54:44: ==== Processing was completed ====
2014/08/23 14:54:44: 
*************************************************


*********** Start the Initialize Key Check **********
2014/08/23 14:58:42: Tool Ver: 2013.0605.01
2014/08/23 14:58:42: COM PORT OPEN ... OK
2014/08/23 14:58:43:
2014/08/23 14:58:43: ProductS/N:  4800204
2014/08/23 14:58:43: TID: 86041F41D2E52080
2014/08/23 14:58:43: F/W Version: 00.00.08
2014/08/23 14:58:43:
2014/08/23 14:58:43: MasterKey Key Entry ... OK
2014/08/23 14:58:43: PowerON Counter Key Entry ... OK
2014/08/23 14:58:43: Key Entry ... OK
2014/08/23 14:58:43: Complete.
2014/08/23 14:58:43: COM PORT CLOSE ... OK
2014/08/23 14:58:43: 
2014/08/23 14:58:43: ==== Processing was completed ====
2014/08/23 14:58:43: 
*************************************************


*********** Start the Initialize Key Check **********
2014/08/23 15:12:23: Tool Ver: 2013.0605.01
2014/08/23 15:12:23: COM PORT OPEN ... ERROR(01)
2014/08/23 15:12:23: 
2014/08/23 15:12:23: ######## Error has occurred ########
2014/08/23 15:12:23: 
*************************************************


*********** Start the Initialize Key Check **********
2014/08/23 15:13:12: Tool Ver: 2013.0605.01
2014/08/23 15:13:12: COM PORT OPEN ... ERROR(01)
2014/08/23 15:13:12: 
2014/08/23 15:13:12: ######## Error has occurred ########
2014/08/23 15:13:12: 
*************************************************


*********** Start the Initialize Key Check **********
2014/08/23 15:15:20: Tool Ver: 2013.0605.01
2014/08/23 15:15:20: COM PORT OPEN ... OK
2014/08/23 15:15:20:
2014/08/23 15:15:20: ProductS/N:  4800176
2014/08/23 15:15:20: TID: 86041C42D2E52080
2014/08/23 15:15:20: F/W Version: 00.00.08
2014/08/23 15:15:20:
2014/08/23 15:15:20: MasterKey Key Entry ... OK
2014/08/23 15:15:20: PowerON Counter Key Entry ... OK
2014/08/23 15:15:21: Key Entry ... OK
2014/08/23 15:15:21: Complete.
2014/08/23 15:15:21: COM PORT CLOSE ... OK
2014/08/23 15:15:21: 
2014/08/23 15:15:21: ==== Processing was completed ====
2014/08/23 15:15:21: 
*************************************************


*********** Start the Initialize Key Check **********
2014/08/23 15:30:38: Tool Ver: 2013.0605.01
2014/08/23 15:30:38: COM PORT OPEN ... OK
2014/08/23 15:30:38:
2014/08/23 15:30:38: ProductS/N:  4800212
2014/08/23 15:30:38: TID: 860422082AE62080
2014/08/23 15:30:38: F/W Version: 00.00.08
2014/08/23 15:30:38:
2014/08/23 15:30:38: MasterKey Key Entry ... OK
2014/08/23 15:30:38: PowerON Counter Key Entry ... OK
2014/08/23 15:30:39: Key Entry ... OK
2014/08/23 15:30:39: Complete.
2014/08/23 15:30:39: COM PORT CLOSE ... OK
2014/08/23 15:30:39: 
2014/08/23 15:30:39: ==== Processing was completed ====
2014/08/23 15:30:39: 
*************************************************


*********** Start the Initialize Key Check **********
2014/08/23 15:32:12: Tool Ver: 2013.0605.01
2014/08/23 15:32:12: COM PORT OPEN ... OK
2014/08/23 15:32:12:
2014/08/23 15:32:12: ProductS/N:  4800154
2014/08/23 15:32:12: TID: 8604333B32E62080
2014/08/23 15:32:12: F/W Version: 00.00.08
2014/08/23 15:32:12:
2014/08/23 15:32:12: MasterKey Key Entry ... OK
2014/08/23 15:32:12: PowerON Counter Key Entry ... OK
2014/08/23 15:32:13: Key Entry ... OK
2014/08/23 15:32:13: Complete.
2014/08/23 15:32:13: COM PORT CLOSE ... OK
2014/08/23 15:32:13: 
2014/08/23 15:32:13: ==== Processing was completed ====
2014/08/23 15:32:13: 
*************************************************


*********** Start the Initialize Key Check **********
2014/08/23 15:33:41: Tool Ver: 2013.0605.01
2014/08/23 15:33:41: COM PORT OPEN ... OK
2014/08/23 15:33:41:
2014/08/23 15:33:41: ProductS/N:  4800208
2014/08/23 15:33:41: TID: 86040723CAE52080
2014/08/23 15:33:41: F/W Version: 00.00.08
2014/08/23 15:33:41:
2014/08/23 15:33:41: MasterKey Key Entry ... OK
2014/08/23 15:33:41: PowerON Counter Key Entry ... OK
2014/08/23 15:33:42: Key Entry ... OK
2014/08/23 15:33:42: Complete.
2014/08/23 15:33:42: COM PORT CLOSE ... OK
2014/08/23 15:33:42: 
2014/08/23 15:33:42: ==== Processing was completed ====
2014/08/23 15:33:42: 
*************************************************


*********** Start the Initialize Key Check **********
2014/08/23 15:35:58: Tool Ver: 2013.0605.01
2014/08/23 15:35:58: COM PORT OPEN ... OK
2014/08/23 15:35:59:
2014/08/23 15:35:59: ProductS/N:  4800214
2014/08/23 15:35:59: TID: 86040623CAE52080
2014/08/23 15:35:59: F/W Version: 00.00.08
2014/08/23 15:35:59:
2014/08/23 15:35:59: MasterKey Key Entry ... OK
2014/08/23 15:35:59: PowerON Counter Key Entry ... OK
2014/08/23 15:35:59: Key Entry ... OK
2014/08/23 15:35:59: Complete.
2014/08/23 15:35:59: COM PORT CLOSE ... OK
2014/08/23 15:35:59: 
2014/08/23 15:35:59: ==== Processing was completed ====
2014/08/23 15:35:59: 
*************************************************


*********** Start the Initialize Key Check **********
2014/08/23 15:39:19: Tool Ver: 2013.0605.01
2014/08/23 15:39:19: COM PORT OPEN ... OK
2014/08/23 15:39:19:
2014/08/23 15:39:19: ProductS/N:  4800142
2014/08/23 15:39:19: TID: 86041C062AE62080
2014/08/23 15:39:19: F/W Version: 00.00.08
2014/08/23 15:39:19:
2014/08/23 15:39:19: MasterKey Key Entry ... OK
2014/08/23 15:39:19: PowerON Counter Key Entry ... OK
2014/08/23 15:39:20: Key Entry ... OK
2014/08/23 15:39:20: Complete.
2014/08/23 15:39:20: COM PORT CLOSE ... OK
2014/08/23 15:39:20: 
2014/08/23 15:39:20: ==== Processing was completed ====
2014/08/23 15:39:20: 
*************************************************


*********** Start the Initialize Key Check **********
2014/08/23 15:43:55: Tool Ver: 2013.0605.01
2014/08/23 15:43:55: COM PORT OPEN ... OK
2014/08/23 15:43:55:
2014/08/23 15:43:55: ProductS/N:  4800207
2014/08/23 15:43:55: TID: 8604194432E62080
2014/08/23 15:43:55: F/W Version: 00.00.08
2014/08/23 15:43:55:
2014/08/23 15:43:55: MasterKey Key Entry ... OK
2014/08/23 15:43:55: PowerON Counter Key Entry ... OK
2014/08/23 15:43:56: Key Entry ... OK
2014/08/23 15:43:56: Complete.
2014/08/23 15:43:56: COM PORT CLOSE ... OK
2014/08/23 15:43:56: 
2014/08/23 15:43:56: ==== Processing was completed ====
2014/08/23 15:43:56: 
*************************************************


*********** Start the Initialize Key Check **********
2014/08/23 15:44:56: Tool Ver: 2013.0605.01
2014/08/23 15:44:56: COM PORT OPEN ... OK
2014/08/23 15:44:57:
2014/08/23 15:44:57: ProductS/N:  4800163
2014/08/23 15:44:57: TID: 86042C052AE62080
2014/08/23 15:44:57: F/W Version: 00.00.08
2014/08/23 15:44:57:
2014/08/23 15:44:57: MasterKey Key Entry ... OK
2014/08/23 15:44:57: PowerON Counter Key Entry ... OK
2014/08/23 15:44:57: Key Entry ... OK
2014/08/23 15:44:57: Complete.
2014/08/23 15:44:57: COM PORT CLOSE ... OK
2014/08/23 15:44:57: 
2014/08/23 15:44:57: ==== Processing was completed ====
2014/08/23 15:44:57: 
*************************************************


*********** Start the Initialize Key Check **********
2014/08/23 15:46:44: Tool Ver: 2013.0605.01
2014/08/23 15:46:44: COM PORT OPEN ... OK
2014/08/23 15:46:44:
2014/08/23 15:46:44: ProductS/N:  4800211
2014/08/23 15:46:44: TID: 86041808CAE52080
2014/08/23 15:46:44: F/W Version: 00.00.08
2014/08/23 15:46:44:
2014/08/23 15:46:44: MasterKey Key Entry ... OK
2014/08/23 15:46:44: PowerON Counter Key Entry ... OK
2014/08/23 15:46:44: Key Entry ... OK
2014/08/23 15:46:44: Complete.
2014/08/23 15:46:44: COM PORT CLOSE ... OK
2014/08/23 15:46:44: 
2014/08/23 15:46:44: ==== Processing was completed ====
2014/08/23 15:46:44: 
*************************************************


*********** Start the Initialize Key Check **********
2014/08/23 15:49:44: Tool Ver: 2013.0605.01
2014/08/23 15:49:44: COM PORT OPEN ... OK
2014/08/23 15:49:45:
2014/08/23 15:49:45: ProductS/N:  4800219
2014/08/23 15:49:45: TID: 8604263F32E62080
2014/08/23 15:49:45: F/W Version: 00.00.08
2014/08/23 15:49:45:
2014/08/23 15:49:45: MasterKey Key Entry ... OK
2014/08/23 15:49:45: PowerON Counter Key Entry ... OK
2014/08/23 15:49:45: Key Entry ... OK
2014/08/23 15:49:45: Complete.
2014/08/23 15:49:45: COM PORT CLOSE ... OK
2014/08/23 15:49:45: 
2014/08/23 15:49:45: ==== Processing was completed ====
2014/08/23 15:49:45: 
*************************************************


*********** Start the Initialize Key Check **********
2014/08/23 15:51:32: Tool Ver: 2013.0605.01
2014/08/23 15:51:32: COM PORT OPEN ... OK
2014/08/23 15:51:32:
2014/08/23 15:51:32: ProductS/N:  4800072
2014/08/23 15:51:32: TID: 86041508CAE52080
2014/08/23 15:51:32: F/W Version: 00.00.08
2014/08/23 15:51:32:
2014/08/23 15:51:32: MasterKey Key Entry ... OK
2014/08/23 15:51:32: PowerON Counter Key Entry ... OK
2014/08/23 15:51:33: Key Entry ... OK
2014/08/23 15:51:33: Complete.
2014/08/23 15:51:33: COM PORT CLOSE ... OK
2014/08/23 15:51:33: 
2014/08/23 15:51:33: ==== Processing was completed ====
2014/08/23 15:51:33: 
*************************************************


*********** Start the Initialize Key Check **********
2014/08/23 15:55:38: Tool Ver: 2013.0605.01
2014/08/23 15:55:38: COM PORT OPEN ... OK
2014/08/23 15:55:38:
2014/08/23 15:55:38: ProductS/N:  4800220
2014/08/23 15:55:38: TID: 860415092AE62080
2014/08/23 15:55:38: F/W Version: 00.00.08
2014/08/23 15:55:38:
2014/08/23 15:55:38: MasterKey Key Entry ... OK
2014/08/23 15:55:38: PowerON Counter Key Entry ... OK
2014/08/23 15:55:38: Key Entry ... OK
2014/08/23 15:55:38: Complete.
2014/08/23 15:55:38: COM PORT CLOSE ... OK
2014/08/23 15:55:38: 
2014/08/23 15:55:38: ==== Processing was completed ====
2014/08/23 15:55:38: 
*************************************************


*********** Start the Initialize Key Check **********
2014/08/23 15:56:45: Tool Ver: 2013.0605.01
2014/08/23 15:56:45: COM PORT OPEN ... OK
2014/08/23 15:56:46:
2014/08/23 15:56:46: ProductS/N:  4800223
2014/08/23 15:56:46: TID: 8604134232E62080
2014/08/23 15:56:46: F/W Version: 00.00.08
2014/08/23 15:56:46:
2014/08/23 15:56:46: MasterKey Key Entry ... OK
2014/08/23 15:56:46: PowerON Counter Key Entry ... OK
2014/08/23 15:56:46: Key Entry ... OK
2014/08/23 15:56:46: Complete.
2014/08/23 15:56:46: COM PORT CLOSE ... OK
2014/08/23 15:56:46: 
2014/08/23 15:56:46: ==== Processing was completed ====
2014/08/23 15:56:46: 
*************************************************


*********** Start the Initialize Key Check **********
2014/08/23 15:58:53: Tool Ver: 2013.0605.01
2014/08/23 15:58:53: COM PORT OPEN ... OK
2014/08/23 15:58:53:
2014/08/23 15:58:53: ProductS/N:  4800222
2014/08/23 15:58:53: TID: 86041F3DD2E52080
2014/08/23 15:58:53: F/W Version: 00.00.08
2014/08/23 15:58:53:
2014/08/23 15:58:53: MasterKey Key Entry ... OK
2014/08/23 15:58:53: PowerON Counter Key Entry ... OK
2014/08/23 15:58:53: Key Entry ... OK
2014/08/23 15:58:53: Complete.
2014/08/23 15:58:53: COM PORT CLOSE ... OK
2014/08/23 15:58:53: 
2014/08/23 15:58:53: ==== Processing was completed ====
2014/08/23 15:58:53: 
*************************************************


*********** Start the Initialize Key Check **********
2014/08/23 16:21:54: Tool Ver: 2013.0605.01
2014/08/23 16:21:54: COM PORT OPEN ... OK
2014/08/23 16:21:54:
2014/08/23 16:21:54: ProductS/N:  4800226
2014/08/23 16:21:54: TID: 86042E3F32E62080
2014/08/23 16:21:54: F/W Version: 00.00.08
2014/08/23 16:21:54:
2014/08/23 16:21:54: MasterKey Key Entry ... OK
2014/08/23 16:21:54: PowerON Counter Key Entry ... OK
2014/08/23 16:21:55: Key Entry ... OK
2014/08/23 16:21:55: Complete.
2014/08/23 16:21:55: COM PORT CLOSE ... OK
2014/08/23 16:21:55: 
2014/08/23 16:21:55: ==== Processing was completed ====
2014/08/23 16:21:55: 
*************************************************


*********** Start the Initialize Key Check **********
2014/08/23 16:24:33: Tool Ver: 2013.0605.01
2014/08/23 16:24:33: COM PORT OPEN ... OK
2014/08/23 16:24:33:
2014/08/23 16:24:33: ProductS/N:  VRW06A114800228
2014/08/23 16:24:33: TID: 86041B06CAE52080
2014/08/23 16:24:33: F/W Version: 00.00.08
2014/08/23 16:24:33:
2014/08/23 16:24:33: MasterKey Key Entry ... OK
2014/08/23 16:24:33: PowerON Counter Key Entry ... OK
2014/08/23 16:24:34: Key Entry ... OK
2014/08/23 16:24:34: Complete.
2014/08/23 16:24:34: COM PORT CLOSE ... OK
2014/08/23 16:24:34: 
2014/08/23 16:24:34: ==== Processing was completed ====
2014/08/23 16:24:34: 
*************************************************


*********** Start the Initialize Key Check **********
2014/08/23 16:26:20: Tool Ver: 2013.0605.01
2014/08/23 16:26:20: COM PORT OPEN ... OK
2014/08/23 16:26:20:
2014/08/23 16:26:20: ProductS/N:  VRW06A114800213
2014/08/23 16:26:20: TID: 86042B3E32E62080
2014/08/23 16:26:20: F/W Version: 00.00.08
2014/08/23 16:26:20:
2014/08/23 16:26:20: MasterKey Key Entry ... OK
2014/08/23 16:26:20: PowerON Counter Key Entry ... OK
2014/08/23 16:26:21: Key Entry ... OK
2014/08/23 16:26:21: Complete.
2014/08/23 16:26:21: COM PORT CLOSE ... OK
2014/08/23 16:26:21: 
2014/08/23 16:26:21: ==== Processing was completed ====
2014/08/23 16:26:21: 
*************************************************


*********** Start the Initialize Key Check **********
2014/08/23 16:27:41: Tool Ver: 2013.0605.01
2014/08/23 16:27:41: COM PORT OPEN ... OK
2014/08/23 16:27:41:
2014/08/23 16:27:41: ProductS/N:  VRW06A114800231
2014/08/23 16:27:41: TID: 86040E0ACAE52080
2014/08/23 16:27:41: F/W Version: 00.00.08
2014/08/23 16:27:41:
2014/08/23 16:27:41: MasterKey Key Entry ... OK
2014/08/23 16:27:41: PowerON Counter Key Entry ... OK
2014/08/23 16:27:42: Key Entry ... OK
2014/08/23 16:27:42: Complete.
2014/08/23 16:27:42: COM PORT CLOSE ... OK
2014/08/23 16:27:42: 
2014/08/23 16:27:42: ==== Processing was completed ====
2014/08/23 16:27:42: 
*************************************************


*********** Start the Initialize Key Check **********
2014/08/23 16:30:37: Tool Ver: 2013.0605.01
2014/08/23 16:30:37: COM PORT OPEN ... OK
2014/08/23 16:30:37:
2014/08/23 16:30:37: ProductS/N:  VRW06A114800221
2014/08/23 16:30:37: TID: 860416072AE62080
2014/08/23 16:30:37: F/W Version: 00.00.08
2014/08/23 16:30:37:
2014/08/23 16:30:37: MasterKey Key Entry ... OK
2014/08/23 16:30:37: PowerON Counter Key Entry ... OK
2014/08/23 16:30:38: Key Entry ... OK
2014/08/23 16:30:38: Complete.
2014/08/23 16:30:38: COM PORT CLOSE ... OK
2014/08/23 16:30:38: 
2014/08/23 16:30:38: ==== Processing was completed ====
2014/08/23 16:30:38: 
*************************************************


*********** Start the Initialize Key Check **********
2014/08/23 16:33:23: Tool Ver: 2013.0605.01
2014/08/23 16:33:23: COM PORT OPEN ... OK
2014/08/23 16:33:23:
2014/08/23 16:33:23: ProductS/N:  VRW06A114800224
2014/08/23 16:33:23: TID: 860421072AE62080
2014/08/23 16:33:23: F/W Version: 00.00.08
2014/08/23 16:33:23:
2014/08/23 16:33:23: MasterKey Key Entry ... OK
2014/08/23 16:33:23: PowerON Counter Key Entry ... OK
2014/08/23 16:33:24: Key Entry ... OK
2014/08/23 16:33:24: Complete.
2014/08/23 16:33:24: COM PORT CLOSE ... OK
2014/08/23 16:33:24: 
2014/08/23 16:33:24: ==== Processing was completed ====
2014/08/23 16:33:24: 
*************************************************


*********** Start the Initialize Key Check **********
2014/08/23 16:50:43: Tool Ver: 2013.0605.01
2014/08/23 16:50:43: COM PORT OPEN ... OK
2014/08/23 16:50:43:
2014/08/23 16:50:43: ProductS/N:  VRW06A114800232
2014/08/23 16:50:43: TID: 8604383B32E62080
2014/08/23 16:50:43: F/W Version: 00.00.08
2014/08/23 16:50:43:
2014/08/23 16:50:43: MasterKey Key Entry ... OK
2014/08/23 16:50:43: PowerON Counter Key Entry ... OK
2014/08/23 16:50:44: Key Entry ... OK
2014/08/23 16:50:44: Complete.
2014/08/23 16:50:44: COM PORT CLOSE ... OK
2014/08/23 16:50:44: 
2014/08/23 16:50:44: ==== Processing was completed ====
2014/08/23 16:50:44: 
*************************************************


*********** Start the Initialize Key Check **********
2014/08/23 16:52:27: Tool Ver: 2013.0605.01
2014/08/23 16:52:27: COM PORT OPEN ... OK
2014/08/23 16:52:27:
2014/08/23 16:52:27: ProductS/N:  VRW06A114800227
2014/08/23 16:52:27: TID: 8604294232E62080
2014/08/23 16:52:27: F/W Version: 00.00.08
2014/08/23 16:52:27:
2014/08/23 16:52:27: MasterKey Key Entry ... OK
2014/08/23 16:52:27: PowerON Counter Key Entry ... OK
2014/08/23 16:52:27: Key Entry ... OK
2014/08/23 16:52:27: Complete.
2014/08/23 16:52:27: COM PORT CLOSE ... OK
2014/08/23 16:52:27: 
2014/08/23 16:52:27: ==== Processing was completed ====
2014/08/23 16:52:27: 
*************************************************


*********** Start the Initialize Key Check **********
2014/08/23 16:54:27: Tool Ver: 2013.0605.01
2014/08/23 16:54:27: COM PORT OPEN ... OK
2014/08/23 16:54:27:
2014/08/23 16:54:27: ProductS/N:  VRW06A114800229
2014/08/23 16:54:27: TID: 86040822CAE52080
2014/08/23 16:54:27: F/W Version: 00.00.08
2014/08/23 16:54:27:
2014/08/23 16:54:27: MasterKey Key Entry ... OK
2014/08/23 16:54:27: PowerON Counter Key Entry ... OK
2014/08/23 16:54:27: Key Entry ... OK
2014/08/23 16:54:27: Complete.
2014/08/23 16:54:27: COM PORT CLOSE ... OK
2014/08/23 16:54:27: 
2014/08/23 16:54:27: ==== Processing was completed ====
2014/08/23 16:54:27: 
*************************************************


*********** Start the Initialize Key Check **********
2014/08/23 16:56:28: Tool Ver: 2013.0605.01
2014/08/23 16:56:28: COM PORT OPEN ... OK
2014/08/23 16:56:28:
2014/08/23 16:56:28: ProductS/N:  VRW06A114800233
2014/08/23 16:56:29: TID: 86042607CAE52080
2014/08/23 16:56:29: F/W Version: 00.00.08
2014/08/23 16:56:29:
2014/08/23 16:56:29: MasterKey Key Entry ... OK
2014/08/23 16:56:29: PowerON Counter Key Entry ... OK
2014/08/23 16:56:29: Key Entry ... OK
2014/08/23 16:56:29: Complete.
2014/08/23 16:56:29: COM PORT CLOSE ... OK
2014/08/23 16:56:29: 
2014/08/23 16:56:29: ==== Processing was completed ====
2014/08/23 16:56:29: 
*************************************************


*********** Start the Initialize Key Check **********
2014/08/23 17:37:08: Tool Ver: 2013.0605.01
2014/08/23 17:37:08: COM PORT OPEN ... OK
2014/08/23 17:37:08:
2014/08/23 17:37:08: ProductS/N:  VRW06A114800235
2014/08/23 17:37:08: TID: 860414092AE62080
2014/08/23 17:37:08: F/W Version: 00.00.08
2014/08/23 17:37:08:
2014/08/23 17:37:08: MasterKey Key Entry ... OK
2014/08/23 17:37:08: PowerON Counter Key Entry ... OK
2014/08/23 17:37:09: Key Entry ... OK
2014/08/23 17:37:09: Complete.
2014/08/23 17:37:09: COM PORT CLOSE ... OK
2014/08/23 17:37:09: 
2014/08/23 17:37:09: ==== Processing was completed ====
2014/08/23 17:37:09: 
*************************************************


*********** Start the Initialize Key Check **********
2014/08/23 17:48:36: Tool Ver: 2013.0605.01
2014/08/23 17:48:36: COM PORT OPEN ... OK
2014/08/23 17:48:36:
2014/08/23 17:48:36: ProductS/N:  VRW06A114800241
2014/08/23 17:48:36: TID: 860422242AE62080
2014/08/23 17:48:36: F/W Version: 00.00.08
2014/08/23 17:48:36:
2014/08/23 17:48:36: MasterKey Key Entry ... OK
2014/08/23 17:48:36: PowerON Counter Key Entry ... OK
2014/08/23 17:48:37: Key Entry ... OK
2014/08/23 17:48:37: Complete.
2014/08/23 17:48:37: COM PORT CLOSE ... OK
2014/08/23 17:48:37: 
2014/08/23 17:48:37: ==== Processing was completed ====
2014/08/23 17:48:37: 
*************************************************


*********** Start the Initialize Key Check **********
2014/08/23 17:51:37: Tool Ver: 2013.0605.01
2014/08/23 17:51:37: COM PORT OPEN ... OK
2014/08/23 17:51:38:
2014/08/23 17:51:38: ProductS/N:  VRW06A114800238
2014/08/23 17:51:38: TID: 86041E042AE62080
2014/08/23 17:51:38: F/W Version: 00.00.08
2014/08/23 17:51:38:
2014/08/23 17:51:38: MasterKey Key Entry ... OK
2014/08/23 17:51:38: PowerON Counter Key Entry ... OK
2014/08/23 17:51:38: Key Entry ... OK
2014/08/23 17:51:38: Complete.
2014/08/23 17:51:38: COM PORT CLOSE ... OK
2014/08/23 17:51:38: 
2014/08/23 17:51:38: ==== Processing was completed ====
2014/08/23 17:51:38: 
*************************************************


*********** Start the Initialize Key Check **********
2014/08/23 17:54:43: Tool Ver: 2013.0605.01
2014/08/23 17:54:43: COM PORT OPEN ... OK
2014/08/23 17:54:43:
2014/08/23 17:54:43: ProductS/N:  VRW06A114800240
2014/08/23 17:54:43: TID: 86042D1D2AE62080
2014/08/23 17:54:43: F/W Version: 00.00.08
2014/08/23 17:54:43:
2014/08/23 17:54:43: MasterKey Key Entry ... OK
2014/08/23 17:54:43: PowerON Counter Key Entry ... OK
2014/08/23 17:54:43: Key Entry ... OK
2014/08/23 17:54:43: Complete.
2014/08/23 17:54:43: COM PORT CLOSE ... OK
2014/08/23 17:54:43: 
2014/08/23 17:54:43: ==== Processing was completed ====
2014/08/23 17:54:43: 
*************************************************


*********** Start the Initialize Key Check **********
2014/08/23 17:58:49: Tool Ver: 2013.0605.01
2014/08/23 17:58:49: COM PORT OPEN ... OK
2014/08/23 17:58:49:
2014/08/23 17:58:49: ProductS/N:  VRW06A114800239
2014/08/23 17:58:49: TID: 860414242AE62080
2014/08/23 17:58:49: F/W Version: 00.00.08
2014/08/23 17:58:49:
2014/08/23 17:58:49: MasterKey Key Entry ... OK
2014/08/23 17:58:49: PowerON Counter Key Entry ... OK
2014/08/23 17:58:50: Key Entry ... OK
2014/08/23 17:58:50: Complete.
2014/08/23 17:58:50: COM PORT CLOSE ... OK
2014/08/23 17:58:50: 
2014/08/23 17:58:50: ==== Processing was completed ====
2014/08/23 17:58:50: 
*************************************************


*********** Start the Initialize Key Check **********
2014/08/23 18:20:25: Tool Ver: 2013.0605.01
2014/08/23 18:20:25: COM PORT OPEN ... OK
2014/08/23 18:20:25:
2014/08/23 18:20:25: ProductS/N:  VRW06A114800218
2014/08/23 18:20:25: TID: 8604343F32E62080
2014/08/23 18:20:25: F/W Version: 00.00.08
2014/08/23 18:20:25:
2014/08/23 18:20:25: MasterKey Key Entry ... OK
2014/08/23 18:20:25: PowerON Counter Key Entry ... OK
2014/08/23 18:20:26: Key Entry ... OK
2014/08/23 18:20:26: Complete.
2014/08/23 18:20:26: COM PORT CLOSE ... OK
2014/08/23 18:20:26: 
2014/08/23 18:20:26: ==== Processing was completed ====
2014/08/23 18:20:26: 
*************************************************


*********** Start the Initialize Key Check **********
2014/08/23 18:22:03: Tool Ver: 2013.0605.01
2014/08/23 18:22:03: COM PORT OPEN ... OK
2014/08/23 18:22:03:
2014/08/23 18:22:03: ProductS/N:  VRW06A114800215
2014/08/23 18:22:03: TID: 86042B4232E62080
2014/08/23 18:22:03: F/W Version: 00.00.08
2014/08/23 18:22:03:
2014/08/23 18:22:03: MasterKey Key Entry ... OK
2014/08/23 18:22:03: PowerON Counter Key Entry ... OK
2014/08/23 18:22:04: Key Entry ... OK
2014/08/23 18:22:04: Complete.
2014/08/23 18:22:04: COM PORT CLOSE ... OK
2014/08/23 18:22:04: 
2014/08/23 18:22:04: ==== Processing was completed ====
2014/08/23 18:22:04: 
*************************************************


*********** Start the Initialize Key Check **********
2014/08/23 18:24:17: Tool Ver: 2013.0605.01
2014/08/23 18:24:17: COM PORT OPEN ... OK
2014/08/23 18:24:18:
2014/08/23 18:24:18: ProductS/N:  VRW06A1148002344
2014/08/23 18:24:18: TID: 8604220BCAE52080
2014/08/23 18:24:18: F/W Version: 00.00.08
2014/08/23 18:24:18:
2014/08/23 18:24:18: MasterKey Key Entry ... OK
2014/08/23 18:24:18: PowerON Counter Key Entry ... OK
2014/08/23 18:24:18: Key Entry ... OK
2014/08/23 18:24:18: Complete.
2014/08/23 18:24:18: COM PORT CLOSE ... OK
2014/08/23 18:24:18: 
2014/08/23 18:24:18: ==== Processing was completed ====
2014/08/23 18:24:18: 
*************************************************


*********** Start the Initialize Key Check **********
2014/08/23 18:24:57: Tool Ver: 2013.0605.01
2014/08/23 18:24:57: COM PORT OPEN ... OK
2014/08/23 18:24:57:
2014/08/23 18:24:57: ProductS/N:  VRW06A114800215
2014/08/23 18:24:57: TID: 86042B4232E62080
2014/08/23 18:24:57: F/W Version: 00.00.08
2014/08/23 18:24:57:
2014/08/23 18:24:57: MasterKey Key Entry ... OK
2014/08/23 18:24:57: PowerON Counter Key Entry ... OK
2014/08/23 18:24:58: Key Entry ... OK
2014/08/23 18:24:58: Complete.
2014/08/23 18:24:58: COM PORT CLOSE ... OK
2014/08/23 18:24:58: 
2014/08/23 18:24:58: ==== Processing was completed ====
2014/08/23 18:24:58: 
*************************************************


*********** Start the Initialize Key Check **********
2014/08/23 18:25:46: Tool Ver: 2013.0605.01
2014/08/23 18:25:46: COM PORT OPEN ... OK
2014/08/23 18:25:46:
2014/08/23 18:25:46: ProductS/N:  VRW06A114800234
2014/08/23 18:25:46: TID: 8604220BCAE52080
2014/08/23 18:25:46: F/W Version: 00.00.08
2014/08/23 18:25:46:
2014/08/23 18:25:46: MasterKey Key Entry ... OK
2014/08/23 18:25:46: PowerON Counter Key Entry ... OK
2014/08/23 18:25:47: Key Entry ... OK
2014/08/23 18:25:47: Complete.
2014/08/23 18:25:47: COM PORT CLOSE ... OK
2014/08/23 18:25:47: 
2014/08/23 18:25:47: ==== Processing was completed ====
2014/08/23 18:25:47: 
*************************************************


*********** Start the Initialize Key Check **********
2014/08/23 18:27:45: Tool Ver: 2013.0605.01
2014/08/23 18:27:45: COM PORT OPEN ... OK
2014/08/23 18:27:45:
2014/08/23 18:27:45: ProductS/N:  VRW06A114800242
2014/08/23 18:27:45: TID: 86042B4032E62080
2014/08/23 18:27:45: F/W Version: 00.00.08
2014/08/23 18:27:45:
2014/08/23 18:27:45: MasterKey Key Entry ... OK
2014/08/23 18:27:45: PowerON Counter Key Entry ... OK
2014/08/23 18:27:46: Key Entry ... OK
2014/08/23 18:27:46: Complete.
2014/08/23 18:27:46: COM PORT CLOSE ... OK
2014/08/23 18:27:46: 
2014/08/23 18:27:46: ==== Processing was completed ====
2014/08/23 18:27:46: 
*************************************************


*********** Start the Initialize Key Check **********
2014/08/23 18:30:03: Tool Ver: 2013.0605.01
2014/08/23 18:30:03: COM PORT OPEN ... OK
2014/08/23 18:30:03:
2014/08/23 18:30:03: ProductS/N:  VRW06A114800216V
2014/08/23 18:30:03: TID: 86041C082AE62080
2014/08/23 18:30:03: F/W Version: 00.00.08
2014/08/23 18:30:03:
2014/08/23 18:30:03: MasterKey Key Entry ... OK
2014/08/23 18:30:03: PowerON Counter Key Entry ... OK
2014/08/23 18:30:04: Key Entry ... OK
2014/08/23 18:30:04: Complete.
2014/08/23 18:30:04: COM PORT CLOSE ... OK
2014/08/23 18:30:04: 
2014/08/23 18:30:04: ==== Processing was completed ====
2014/08/23 18:30:04: 
*************************************************


*********** Start the Initialize Key Check **********
2014/08/23 18:30:46: Tool Ver: 2013.0605.01
2014/08/23 18:30:46: COM PORT OPEN ... OK
2014/08/23 18:30:46:
2014/08/23 18:30:46: ProductS/N:  VRW06A114800216
2014/08/23 18:30:46: TID: 86041C082AE62080
2014/08/23 18:30:46: F/W Version: 00.00.08
2014/08/23 18:30:46:
2014/08/23 18:30:46: MasterKey Key Entry ... OK
2014/08/23 18:30:47: PowerON Counter Key Entry ... OK
2014/08/23 18:30:47: Key Entry ... OK
2014/08/23 18:30:47: Complete.
2014/08/23 18:30:47: COM PORT CLOSE ... OK
2014/08/23 18:30:47: 
2014/08/23 18:30:47: ==== Processing was completed ====
2014/08/23 18:30:47: 
*************************************************


*********** Start the Initialize Key Check **********
2014/08/23 18:32:56: Tool Ver: 2013.0605.01
2014/08/23 18:32:56: COM PORT OPEN ... OK
2014/08/23 18:32:56:
2014/08/23 18:32:56: ProductS/N:  VRW06A114800225
2014/08/23 18:32:56: TID: 86041A06CAE52080
2014/08/23 18:32:56: F/W Version: 00.00.08
2014/08/23 18:32:56:
2014/08/23 18:32:56: MasterKey Key Entry ... OK
2014/08/23 18:32:56: PowerON Counter Key Entry ... OK
2014/08/23 18:32:57: Key Entry ... OK
2014/08/23 18:32:57: Complete.
2014/08/23 18:32:57: COM PORT CLOSE ... OK
2014/08/23 18:32:57: 
2014/08/23 18:32:57: ==== Processing was completed ====
2014/08/23 18:32:57: 
*************************************************


*********** Start the Initialize Key Check **********
2014/08/23 18:33:44: Tool Ver: 2013.0605.01
2014/08/23 18:33:44: COM PORT OPEN ... OK
2014/08/23 18:33:44:
2014/08/23 18:33:44: ProductS/N:  VRW06A114800247
2014/08/23 18:33:44: TID: 86043A1D2AE62080
2014/08/23 18:33:44: F/W Version: 00.00.08
2014/08/23 18:33:44:
2014/08/23 18:33:44: MasterKey Key Entry ... OK
2014/08/23 18:33:44: PowerON Counter Key Entry ... OK
2014/08/23 18:33:45: Key Entry ... OK
2014/08/23 18:33:45: Complete.
2014/08/23 18:33:45: COM PORT CLOSE ... OK
2014/08/23 18:33:45: 
2014/08/23 18:33:45: ==== Processing was completed ====
2014/08/23 18:33:45: 
*************************************************


*********** Start the Initialize Key Check **********
2014/08/23 18:36:22: Tool Ver: 2013.0605.01
2014/08/23 18:36:22: COM PORT OPEN ... OK
2014/08/23 18:36:22:
2014/08/23 18:36:22: ProductS/N:  VRW06A114800244
2014/08/23 18:36:22: TID: 86040F0ACAE52080
2014/08/23 18:36:22: F/W Version: 00.00.08
2014/08/23 18:36:22:
2014/08/23 18:36:22: MasterKey Key Entry ... OK
2014/08/23 18:36:22: PowerON Counter Key Entry ... OK
2014/08/23 18:36:22: Key Entry ... OK
2014/08/23 18:36:22: Complete.
2014/08/23 18:36:22: COM PORT CLOSE ... OK
2014/08/23 18:36:22: 
2014/08/23 18:36:22: ==== Processing was completed ====
2014/08/23 18:36:22: 
*************************************************


*********** Start the Initialize Key Check **********
2014/08/23 18:43:22: Tool Ver: 2013.0605.01
2014/08/23 18:43:22: COM PORT OPEN ... OK
2014/08/23 18:43:22:
2014/08/23 18:43:22: ProductS/N:  VRW06A114800255
2014/08/23 18:43:23: TID: 86041C4032E62080
2014/08/23 18:43:23: F/W Version: 00.00.08
2014/08/23 18:43:23:
2014/08/23 18:43:23: MasterKey Key Entry ... OK
2014/08/23 18:43:23: PowerON Counter Key Entry ... OK
2014/08/23 18:43:23: Key Entry ... OK
2014/08/23 18:43:23: Complete.
2014/08/23 18:43:23: COM PORT CLOSE ... OK
2014/08/23 18:43:23: 
2014/08/23 18:43:23: ==== Processing was completed ====
2014/08/23 18:43:23: 
*************************************************


*********** Start the Initialize Key Check **********
2014/08/23 18:45:37: Tool Ver: 2013.0605.01
2014/08/23 18:45:37: COM PORT OPEN ... OK
2014/08/23 18:45:37:
2014/08/23 18:45:37: ProductS/N:  VRW06A114800245
2014/08/23 18:45:37: TID: 860423052AE62080
2014/08/23 18:45:37: F/W Version: 00.00.08
2014/08/23 18:45:37:
2014/08/23 18:45:37: MasterKey Key Entry ... OK
2014/08/23 18:45:37: PowerON Counter Key Entry ... OK
2014/08/23 18:45:38: Key Entry ... OK
2014/08/23 18:45:38: Complete.
2014/08/23 18:45:38: COM PORT CLOSE ... OK
2014/08/23 18:45:38: 
2014/08/23 18:45:38: ==== Processing was completed ====
2014/08/23 18:45:38: 
*************************************************


*********** Start the Initialize Key Check **********
2014/08/23 18:48:07: Tool Ver: 2013.0605.01
2014/08/23 18:48:07: COM PORT OPEN ... OK
2014/08/23 18:48:07:
2014/08/23 18:48:07: ProductS/N:  VRW06A114800254
2014/08/23 18:48:07: TID: 86041F23CAE52080
2014/08/23 18:48:07: F/W Version: 00.00.08
2014/08/23 18:48:07:
2014/08/23 18:48:07: MasterKey Key Entry ... OK
2014/08/23 18:48:07: PowerON Counter Key Entry ... OK
2014/08/23 18:48:07: Key Entry ... OK
2014/08/23 18:48:07: Complete.
2014/08/23 18:48:07: COM PORT CLOSE ... OK
2014/08/23 18:48:07: 
2014/08/23 18:48:07: ==== Processing was completed ====
2014/08/23 18:48:07: 
*************************************************


*********** Start the Initialize Key Check **********
2014/08/23 18:52:22: Tool Ver: 2013.0605.01
2014/08/23 18:52:22: COM PORT OPEN ... OK
2014/08/23 18:52:22:
2014/08/23 18:52:22: ProductS/N:  VRW06A114800250
2014/08/23 18:52:22: TID: 86041E42D2E52080
2014/08/23 18:52:22: F/W Version: 00.00.08
2014/08/23 18:52:22:
2014/08/23 18:52:22: MasterKey Key Entry ... OK
2014/08/23 18:52:22: PowerON Counter Key Entry ... OK
2014/08/23 18:52:23: Key Entry ... OK
2014/08/23 18:52:23: Complete.
2014/08/23 18:52:23: COM PORT CLOSE ... OK
2014/08/23 18:52:23: 
2014/08/23 18:52:23: ==== Processing was completed ====
2014/08/23 18:52:23: 
*************************************************


*********** Start the Initialize Key Check **********
2014/08/23 18:54:26: Tool Ver: 2013.0605.01
2014/08/23 18:54:26: COM PORT OPEN ... OK
2014/08/23 18:54:26:
2014/08/23 18:54:26: ProductS/N:  VRW06A114800253
2014/08/23 18:54:26: TID: 86041C3F32E62080
2014/08/23 18:54:26: F/W Version: 00.00.08
2014/08/23 18:54:26:
2014/08/23 18:54:26: MasterKey Key Entry ... OK
2014/08/23 18:54:26: PowerON Counter Key Entry ... OK
2014/08/23 18:54:27: Key Entry ... OK
2014/08/23 18:54:27: Complete.
2014/08/23 18:54:27: COM PORT CLOSE ... OK
2014/08/23 18:54:27: 
2014/08/23 18:54:27: ==== Processing was completed ====
2014/08/23 18:54:27: 
*************************************************


*********** Start the Initialize Key Check **********
2014/08/23 18:56:29: Tool Ver: 2013.0605.01
2014/08/23 18:56:29: COM PORT OPEN ... OK
2014/08/23 18:56:29:
2014/08/23 18:56:29: ProductS/N:  VRW06A114800237
2014/08/23 18:56:29: TID: 860426042AE62080
2014/08/23 18:56:29: F/W Version: 00.00.08
2014/08/23 18:56:29:
2014/08/23 18:56:29: MasterKey Key Entry ... OK
2014/08/23 18:56:29: PowerON Counter Key Entry ... OK
2014/08/23 18:56:30: Key Entry ... OK
2014/08/23 18:56:30: Complete.
2014/08/23 18:56:30: COM PORT CLOSE ... OK
2014/08/23 18:56:30: 
2014/08/23 18:56:30: ==== Processing was completed ====
2014/08/23 18:56:30: 
*************************************************


*********** Start the Initialize Key Check **********
2014/08/23 18:58:17: Tool Ver: 2013.0605.01
2014/08/23 18:58:17: COM PORT OPEN ... OK
2014/08/23 18:58:17:
2014/08/23 18:58:17: ProductS/N:  VRW06A114800260
2014/08/23 18:58:17: TID: 8604194232E62080
2014/08/23 18:58:17: F/W Version: 00.00.08
2014/08/23 18:58:17:
2014/08/23 18:58:17: MasterKey Key Entry ... OK
2014/08/23 18:58:17: PowerON Counter Key Entry ... OK
2014/08/23 18:58:18: Key Entry ... OK
2014/08/23 18:58:18: Complete.
2014/08/23 18:58:18: COM PORT CLOSE ... OK
2014/08/23 18:58:18: 
2014/08/23 18:58:18: ==== Processing was completed ====
2014/08/23 18:58:18: 
*************************************************


*********** Start the Initialize Key Check **********
2014/08/23 19:01:17: Tool Ver: 2013.0605.01
2014/08/23 19:01:17: COM PORT OPEN ... OK
2014/08/23 19:01:17:
2014/08/23 19:01:17: ProductS/N:  VRW06A114800230
2014/08/23 19:01:17: TID: 8604401E2AE62080
2014/08/23 19:01:17: F/W Version: 00.00.08
2014/08/23 19:01:17:
2014/08/23 19:01:17: MasterKey Key Entry ... OK
2014/08/23 19:01:17: PowerON Counter Key Entry ... OK
2014/08/23 19:01:18: Key Entry ... OK
2014/08/23 19:01:18: Complete.
2014/08/23 19:01:18: COM PORT CLOSE ... OK
2014/08/23 19:01:18: 
2014/08/23 19:01:18: ==== Processing was completed ====
2014/08/23 19:01:18: 
*************************************************


*********** Start the Initialize Key Check **********
2014/08/23 19:15:16: Tool Ver: 2013.0605.01
2014/08/23 19:15:16: COM PORT OPEN ... OK
2014/08/23 19:15:16:
2014/08/23 19:15:16: ProductS/N:  VRW06A114800257
2014/08/23 19:15:16: TID: 86041C40D2E52080
2014/08/23 19:15:16: F/W Version: 00.00.08
2014/08/23 19:15:16:
2014/08/23 19:15:16: MasterKey Key Entry ... OK
2014/08/23 19:15:16: PowerON Counter Key Entry ... OK
2014/08/23 19:15:16: Key Entry ... OK
2014/08/23 19:15:16: Complete.
2014/08/23 19:15:16: COM PORT CLOSE ... OK
2014/08/23 19:15:16: 
2014/08/23 19:15:16: ==== Processing was completed ====
2014/08/23 19:15:16: 
*************************************************


*********** Start the Initialize Key Check **********
2014/08/23 19:16:21: Tool Ver: 2013.0605.01
2014/08/23 19:16:21: COM PORT OPEN ... OK
2014/08/23 19:16:21:
2014/08/23 19:16:21: ProductS/N:  VRW06A114800263
2014/08/23 19:16:21: TID: 860433202AE62080
2014/08/23 19:16:21: F/W Version: 00.00.08
2014/08/23 19:16:21:
2014/08/23 19:16:21: MasterKey Key Entry ... OK
2014/08/23 19:16:21: PowerON Counter Key Entry ... OK
2014/08/23 19:16:22: Key Entry ... OK
2014/08/23 19:16:22: Complete.
2014/08/23 19:16:22: COM PORT CLOSE ... OK
2014/08/23 19:16:22: 
2014/08/23 19:16:22: ==== Processing was completed ====
2014/08/23 19:16:22: 
*************************************************


*********** Start the Initialize Key Check **********
2014/08/23 19:18:06: Tool Ver: 2013.0605.01
2014/08/23 19:18:06: COM PORT OPEN ... OK
2014/08/23 19:18:06:
2014/08/23 19:18:06: ProductS/N:  VRW06A114800252
2014/08/23 19:18:06: TID: 8604100ACAE52080
2014/08/23 19:18:06: F/W Version: 00.00.08
2014/08/23 19:18:06:
2014/08/23 19:18:06: MasterKey Key Entry ... OK
2014/08/23 19:18:06: PowerON Counter Key Entry ... OK
2014/08/23 19:18:07: Key Entry ... OK
2014/08/23 19:18:07: Complete.
2014/08/23 19:18:07: COM PORT CLOSE ... OK
2014/08/23 19:18:07: 
2014/08/23 19:18:07: ==== Processing was completed ====
2014/08/23 19:18:07: 
*************************************************


*********** Start the Initialize Key Check **********
2014/08/23 19:19:43: Tool Ver: 2013.0605.01
2014/08/23 19:19:43: COM PORT OPEN ... OK
2014/08/23 19:19:43:
2014/08/23 19:19:43: ProductS/N:  VRW06A114800262
2014/08/23 19:19:44: TID: 8604230BCAE52080
2014/08/23 19:19:44: F/W Version: 00.00.08
2014/08/23 19:19:44:
2014/08/23 19:19:44: MasterKey Key Entry ... OK
2014/08/23 19:19:44: PowerON Counter Key Entry ... OK
2014/08/23 19:19:44: Key Entry ... OK
2014/08/23 19:19:44: Complete.
2014/08/23 19:19:44: COM PORT CLOSE ... OK
2014/08/23 19:19:44: 
2014/08/23 19:19:44: ==== Processing was completed ====
2014/08/23 19:19:44: 
*************************************************


*********** Start the Initialize Key Check **********
2014/08/23 19:23:32: Tool Ver: 2013.0605.01
2014/08/23 19:23:32: COM PORT OPEN ... OK
2014/08/23 19:23:32:
2014/08/23 19:23:32: ProductS/N:  VRW06A114800259
2014/08/23 19:23:32: TID: 86042944D2E52080
2014/08/23 19:23:32: F/W Version: 00.00.08
2014/08/23 19:23:32:
2014/08/23 19:23:32: MasterKey Key Entry ... OK
2014/08/23 19:23:32: PowerON Counter Key Entry ... OK
2014/08/23 19:23:33: Key Entry ... OK
2014/08/23 19:23:33: Complete.
2014/08/23 19:23:33: COM PORT CLOSE ... OK
2014/08/23 19:23:33: 
2014/08/23 19:23:33: ==== Processing was completed ====
2014/08/23 19:23:33: 
*************************************************


*********** Start the Initialize Key Check **********
2014/08/23 19:24:45: Tool Ver: 2013.0605.01
2014/08/23 19:24:45: COM PORT OPEN ... OK
2014/08/23 19:24:46:
2014/08/23 19:24:46: ProductS/N:  VRW06A114800256
2014/08/23 19:24:46: TID: 86041B44D2E52080
2014/08/23 19:24:46: F/W Version: 00.00.08
2014/08/23 19:24:46:
2014/08/23 19:24:46: MasterKey Key Entry ... OK
2014/08/23 19:24:46: PowerON Counter Key Entry ... OK
2014/08/23 19:24:46: Key Entry ... OK
2014/08/23 19:24:46: Complete.
2014/08/23 19:24:46: COM PORT CLOSE ... OK
2014/08/23 19:24:46: 
2014/08/23 19:24:46: ==== Processing was completed ====
2014/08/23 19:24:46: 
*************************************************


