*********** Start the Initialize Key Check **********
2015/04/06 10:45:04: Tool Ver: 2013.0605.01
2015/04/06 10:45:04: COM PORT OPEN ... OK
2015/04/06 10:45:04:
2015/04/06 10:45:04: ProductS/N:  5301202
2015/04/06 10:45:04: TID: 8604412162842D80
2015/04/06 10:45:04: F/W Version: 00.00.08
2015/04/06 10:45:04:
2015/04/06 10:45:04: MasterKey Key Entry ... OK
2015/04/06 10:45:04: PowerON Counter Key Entry ... OK
2015/04/06 10:45:04: Key Entry ... OK
2015/04/06 10:45:04: Complete.
2015/04/06 10:45:04: COM PORT CLOSE ... OK
2015/04/06 10:45:04: 
2015/04/06 10:45:04: ==== Processing was completed ====
2015/04/06 10:45:04: 
*************************************************


*********** Start the Initialize Key Check **********
2015/04/06 10:49:02: Tool Ver: 2013.0605.01
2015/04/06 10:49:02: COM PORT OPEN ... OK
2015/04/06 10:49:02:
2015/04/06 10:49:02: ProductS/N:  5301103
2015/04/06 10:49:02: TID: 86041A2C5A842D80
2015/04/06 10:49:02: F/W Version: 00.00.08
2015/04/06 10:49:02:
2015/04/06 10:49:02: MasterKey Key Entry ... OK
2015/04/06 10:49:02: PowerON Counter Key Entry ... OK
2015/04/06 10:49:03: Key Entry ... OK
2015/04/06 10:49:03: Complete.
2015/04/06 10:49:03: COM PORT CLOSE ... OK
2015/04/06 10:49:03: 
2015/04/06 10:49:03: ==== Processing was completed ====
2015/04/06 10:49:03: 
*************************************************


*********** Start the Initialize Key Check **********
2015/04/06 11:19:22: Tool Ver: 2013.0605.01
2015/04/06 11:19:22: COM PORT OPEN ... OK
2015/04/06 11:19:22:
2015/04/06 11:19:22: ProductS/N:  5301002
2015/04/06 11:19:22: TID: 8604260662842D80
2015/04/06 11:19:22: F/W Version: 00.00.08
2015/04/06 11:19:22:
2015/04/06 11:19:22: MasterKey Key Entry ... OK
2015/04/06 11:19:22: PowerON Counter Key Entry ... OK
2015/04/06 11:19:23: Key Entry ... OK
2015/04/06 11:19:23: Complete.
2015/04/06 11:19:23: COM PORT CLOSE ... OK
2015/04/06 11:19:23: 
2015/04/06 11:19:23: ==== Processing was completed ====
2015/04/06 11:19:23: 
*************************************************


*********** Start the Initialize Key Check **********
2015/04/06 11:19:43: Tool Ver: 2013.0605.01
2015/04/06 11:19:43: COM PORT OPEN ... OK
2015/04/06 11:19:43:
2015/04/06 11:19:43: ProductS/N:  5301201
2015/04/06 11:19:43: TID: 86042C3C32E62080
2015/04/06 11:19:43: F/W Version: 00.00.08
2015/04/06 11:19:43:
2015/04/06 11:19:43: MasterKey Key Entry ... OK
2015/04/06 11:19:43: PowerON Counter Key Entry ... OK
2015/04/06 11:19:43: Key Entry ... OK
2015/04/06 11:19:43: Complete.
2015/04/06 11:19:43: COM PORT CLOSE ... OK
2015/04/06 11:19:43: 
2015/04/06 11:19:43: ==== Processing was completed ====
2015/04/06 11:19:43: 
*************************************************


*********** Start the Initialize Key Check **********
2015/04/06 11:36:20: Tool Ver: 2013.0605.01
2015/04/06 11:36:20: COM PORT OPEN ... OK
*********** Start the Initialize Key Check **********
2015/04/06 11:36:36: Tool Ver: 2013.0605.01
2015/04/06 11:36:36: COM PORT OPEN ... OK
2015/04/06 11:37:07: AUTH1 POS ... ERROR(FE00)
2015/04/06 11:37:07:
2015/04/06 11:37:07: ProductS/N:  5301102
*********** Start the Initialize Key Check **********
2015/04/06 11:37:37: Tool Ver: 2013.0605.01
2015/04/06 11:37:37: COM PORT OPEN ... OK
2015/04/06 11:38:07: AUTH1 POS ... ERROR(FE00)
2015/04/06 11:38:07:
2015/04/06 11:38:07: ProductS/N:  5301102
*********** Start the Initialize Key Check **********
2015/04/06 11:38:15: Tool Ver: 2013.0605.01
2015/04/06 11:38:15: COM PORT OPEN ... OK
2015/04/06 11:38:45: AUTH1 POS ... ERROR(FE00)
2015/04/06 11:38:45:
2015/04/06 11:38:45: ProductS/N:  5301102
*********** Start the Initialize Key Check **********
2015/04/06 11:39:14: Tool Ver: 2013.0605.01
2015/04/06 11:39:14: COM PORT OPEN ... OK
*********** Start the Initialize Key Check **********
2015/04/06 11:41:50: Tool Ver: 2013.0605.01
2015/04/06 11:41:50: COM PORT OPEN ... OK
2015/04/06 11:42:21: AUTH1 POS ... ERROR(FE00)
2015/04/06 11:42:21:
2015/04/06 11:42:21: ProductS/N:  5301102
*********** Start the Initialize Key Check **********
2015/04/06 11:42:45: Tool Ver: 2013.0605.01
2015/04/06 11:42:45: COM PORT OPEN ... ERROR(02)
2015/04/06 11:42:45: 
2015/04/06 11:42:45: ######## Error has occurred ########
2015/04/06 11:42:45: 
*************************************************


*********** Start the Initialize Key Check **********
2015/04/06 11:43:22: Tool Ver: 2013.0605.01
2015/04/06 11:43:22: COM PORT OPEN ... OK
*********** Start the Initialize Key Check **********
2015/04/06 11:43:55: Tool Ver: 2013.0605.01
2015/04/06 11:43:55: COM PORT OPEN ... OK
*********** Start the Initialize Key Check **********
2015/04/06 11:44:26: Tool Ver: 2013.0605.01
2015/04/06 11:44:26: COM PORT OPEN ... OK
2015/04/06 11:44:26:
2015/04/06 11:44:26: ProductS/N:  5301201
2015/04/06 11:44:26: TID: 86042C3C32E62080
2015/04/06 11:44:26: F/W Version: 00.00.08
2015/04/06 11:44:26:
2015/04/06 11:44:26: MasterKey Key Entry ... OK
2015/04/06 11:44:26: PowerON Counter Key Entry ... OK
2015/04/06 11:44:27: Key Entry ... OK
2015/04/06 11:44:27: Complete.
2015/04/06 11:44:27: COM PORT CLOSE ... OK
2015/04/06 11:44:27: 
2015/04/06 11:44:27: ==== Processing was completed ====
2015/04/06 11:44:27: 
*************************************************


*********** Start the Initialize Key Check **********
2015/04/06 11:45:02: Tool Ver: 2013.0605.01
2015/04/06 11:45:02: COM PORT OPEN ... OK
*********** Start the Initialize Key Check **********
2015/04/06 11:45:32: Tool Ver: 2013.0605.01
2015/04/06 11:45:32: COM PORT OPEN ... OK
*********** Start the Initialize Key Check **********
2015/04/06 11:46:08: Tool Ver: 2013.0605.01
2015/04/06 11:46:08: COM PORT OPEN ... OK
2015/04/06 11:46:08:
2015/04/06 11:46:08: ProductS/N:  5301201
2015/04/06 11:46:08: TID: 86042C3C32E62080
2015/04/06 11:46:08: F/W Version: 00.00.08
2015/04/06 11:46:08:
2015/04/06 11:46:08: MasterKey Key Entry ... OK
2015/04/06 11:46:08: PowerON Counter Key Entry ... OK
2015/04/06 11:46:08: Key Entry ... OK
2015/04/06 11:46:08: Complete.
2015/04/06 11:46:08: COM PORT CLOSE ... OK
2015/04/06 11:46:08: 
2015/04/06 11:46:08: ==== Processing was completed ====
2015/04/06 11:46:08: 
*************************************************


*********** Start the Initialize Key Check **********
2015/04/06 11:46:51: Tool Ver: 2013.0605.01
2015/04/06 11:46:51: COM PORT OPEN ... OK
2015/04/06 11:47:21: AUTH1 POS ... ERROR(FE00)
2015/04/06 11:47:21:
2015/04/06 11:47:21: ProductS/N:  5301102
2015/04/06 11:47:51: GET TID ... ERROR(FE00)
2015/04/06 11:47:51: COM PORT CLOSE ... OK
2015/04/06 11:47:51: 
2015/04/06 11:47:51: ######## Error has occurred ########
2015/04/06 11:47:51: 
*************************************************


*********** Start the Initialize Key Check **********
2015/04/06 11:48:41: Tool Ver: 2013.0605.01
2015/04/06 11:48:41: COM PORT OPEN ... OK
2015/04/06 11:49:11: AUTH1 POS ... ERROR(FE00)
2015/04/06 11:49:11:
2015/04/06 11:49:11: ProductS/N:  5301102
2015/04/06 11:49:41: GET TID ... ERROR(FE00)
2015/04/06 11:49:41: COM PORT CLOSE ... OK
2015/04/06 11:49:41: 
2015/04/06 11:49:41: ######## Error has occurred ########
2015/04/06 11:49:41: 
*************************************************


*********** Start the Initialize Key Check **********
2015/04/06 13:15:26: Tool Ver: 2013.0605.01
2015/04/06 13:15:26: COM PORT OPEN ... OK
2015/04/06 13:15:26:
2015/04/06 13:15:26: ProductS/N:  5301001
2015/04/06 13:15:26: TID: 8604032B6A842D80
2015/04/06 13:15:26: F/W Version: 00.00.08
2015/04/06 13:15:26:
2015/04/06 13:15:26: MasterKey Key Entry ... OK
2015/04/06 13:15:26: PowerON Counter Key Entry ... OK
2015/04/06 13:15:26: Key Entry ... OK
2015/04/06 13:15:26: Complete.
2015/04/06 13:15:26: COM PORT CLOSE ... OK
2015/04/06 13:15:26: 
2015/04/06 13:15:26: ==== Processing was completed ====
2015/04/06 13:15:26: 
*************************************************


*********** Start the Initialize Key Check **********
2015/04/06 13:23:46: Tool Ver: 2013.0605.01
2015/04/06 13:23:46: COM PORT OPEN ... OK
2015/04/06 13:24:16: AUTH1 POS ... ERROR(FE00)
2015/04/06 13:24:16:
2015/04/06 13:24:16: ProductS/N:  5301102
2015/04/06 13:24:46: GET TID ... ERROR(FE00)
2015/04/06 13:24:46: COM PORT CLOSE ... OK
2015/04/06 13:24:46: 
2015/04/06 13:24:46: ######## Error has occurred ########
2015/04/06 13:24:46: 
*************************************************


*********** Start the Initialize Key Check **********
2015/04/06 13:55:59: Tool Ver: 2013.0605.01
2015/04/06 13:55:59: COM PORT OPEN ... OK
2015/04/06 13:56:00:
2015/04/06 13:56:00: ProductS/N:  5301104
2015/04/06 13:56:00: TID: 8604082A6A842D80
2015/04/06 13:56:00: F/W Version: 00.00.08
2015/04/06 13:56:00:
2015/04/06 13:56:00: MasterKey Key Entry ... OK
2015/04/06 13:56:00: PowerON Counter Key Entry ... OK
2015/04/06 13:56:00: Key Entry ... OK
2015/04/06 13:56:00: Complete.
2015/04/06 13:56:00: COM PORT CLOSE ... OK
2015/04/06 13:56:00: 
2015/04/06 13:56:00: ==== Processing was completed ====
2015/04/06 13:56:00: 
*************************************************


*********** Start the Initialize Key Check **********
2015/04/06 13:56:32: Tool Ver: 2013.0605.01
2015/04/06 13:56:32: COM PORT OPEN ... OK
2015/04/06 13:57:02: AUTH1 POS ... ERROR(FE00)
2015/04/06 13:57:02:
2015/04/06 13:57:02: ProductS/N:  5301102
2015/04/06 13:57:32: GET TID ... ERROR(FE00)
2015/04/06 13:57:32: COM PORT CLOSE ... OK
2015/04/06 13:57:32: 
2015/04/06 13:57:32: ######## Error has occurred ########
2015/04/06 13:57:32: 
*************************************************


*********** Start the Initialize Key Check **********
2015/04/06 14:11:51: Tool Ver: 2013.0605.01
2015/04/06 14:11:51: COM PORT OPEN ... OK
2015/04/06 14:11:51:
2015/04/06 14:11:51: ProductS/N:  5301101
2015/04/06 14:11:51: TID: 8604232862842D80
2015/04/06 14:11:51: F/W Version: 00.00.08
2015/04/06 14:11:51:
2015/04/06 14:11:51: MasterKey Key Entry ... OK
2015/04/06 14:11:51: PowerON Counter Key Entry ... OK
2015/04/06 14:11:51: Key Entry ... OK
2015/04/06 14:11:51: Complete.
2015/04/06 14:11:51: COM PORT CLOSE ... OK
2015/04/06 14:11:51: 
2015/04/06 14:11:51: ==== Processing was completed ====
2015/04/06 14:11:51: 
*************************************************


*********** Start the Initialize Key Check **********
2015/04/06 19:26:51: Tool Ver: 2013.0605.01
2015/04/06 19:26:51: COM PORT OPEN ... ERROR(01)
2015/04/06 19:26:51: 
2015/04/06 19:26:51: ######## Error has occurred ########
2015/04/06 19:26:51: 
*************************************************


