*********** Start the Initialize Key Check **********
2015/04/17 09:20:23: Tool Ver: 2013.0605.01
2015/04/17 09:20:23: COM PORT OPEN ... OK
2015/04/17 09:20:23:
2015/04/17 09:20:23: ProductS/N:  5400029
2015/04/17 09:20:23: TID: 86043C1262842D80
2015/04/17 09:20:23: F/W Version: 00.00.08
2015/04/17 09:20:23:
2015/04/17 09:20:23: MasterKey Key Entry ... OK
2015/04/17 09:20:23: PowerON Counter Key Entry ... OK
2015/04/17 09:20:23: Key Entry ... OK
2015/04/17 09:20:23: Complete.
2015/04/17 09:20:23: COM PORT CLOSE ... OK
2015/04/17 09:20:23: 
2015/04/17 09:20:23: ==== Processing was completed ====
2015/04/17 09:20:23: 
*************************************************


*********** Start the Initialize Key Check **********
2015/04/17 10:35:25: Tool Ver: 2013.0605.01
2015/04/17 10:35:25: COM PORT OPEN ... OK
2015/04/17 10:35:25:
2015/04/17 10:35:25: ProductS/N:  5400242
2015/04/17 10:35:25: TID: 860412296A842D80
2015/04/17 10:35:25: F/W Version: 00.00.08
2015/04/17 10:35:25:
2015/04/17 10:35:25: MasterKey Key Entry ... OK
2015/04/17 10:35:25: PowerON Counter Key Entry ... OK
2015/04/17 10:35:26: Key Entry ... OK
2015/04/17 10:35:26: Complete.
2015/04/17 10:35:26: COM PORT CLOSE ... OK
2015/04/17 10:35:26: 
2015/04/17 10:35:26: ==== Processing was completed ====
2015/04/17 10:35:26: 
*************************************************


