*********** Start the Initialize Key Check **********
2015/04/09 08:03:37: Tool Ver: 2013.0605.01
2015/04/09 08:03:37: COM PORT OPEN ... OK
2015/04/09 08:03:37:
2015/04/09 08:03:37: ProductS/N:  5400100
2015/04/09 08:03:37: TID: 8604260862842D80
2015/04/09 08:03:37: F/W Version: 00.00.08
2015/04/09 08:03:37:
2015/04/09 08:03:37: MasterKey Key Entry ... OK
2015/04/09 08:03:37: PowerON Counter Key Entry ... OK
2015/04/09 08:03:38: Key Entry ... OK
2015/04/09 08:03:38: Complete.
2015/04/09 08:03:38: COM PORT CLOSE ... OK
2015/04/09 08:03:38: 
2015/04/09 08:03:38: ==== Processing was completed ====
2015/04/09 08:03:38: 
*************************************************


*********** Start the Initialize Key Check **********
2015/04/09 08:26:11: Tool Ver: 2013.0605.01
2015/04/09 08:26:12: COM PORT OPEN ... OK
2015/04/09 08:26:12:
2015/04/09 08:26:12: ProductS/N:  5400004
2015/04/09 08:26:12: TID: 8604360C6A842D80
2015/04/09 08:26:12: F/W Version: 00.00.08
2015/04/09 08:26:12:
2015/04/09 08:26:12: MasterKey Key Entry ... OK
2015/04/09 08:26:12: PowerON Counter Key Entry ... OK
2015/04/09 08:26:12: Key Entry ... OK
2015/04/09 08:26:12: Complete.
2015/04/09 08:26:12: COM PORT CLOSE ... OK
2015/04/09 08:26:12: 
2015/04/09 08:26:12: ==== Processing was completed ====
2015/04/09 08:26:12: 
*************************************************


*********** Start the Initialize Key Check **********
2015/04/09 08:34:14: Tool Ver: 2013.0605.01
2015/04/09 08:34:14: COM PORT OPEN ... OK
2015/04/09 08:34:14:
2015/04/09 08:34:14: ProductS/N:  5400089
2015/04/09 08:34:14: TID: 8604290C5A842D80
2015/04/09 08:34:14: F/W Version: 00.00.08
2015/04/09 08:34:14:
2015/04/09 08:34:14: MasterKey Key Entry ... OK
2015/04/09 08:34:14: PowerON Counter Key Entry ... OK
2015/04/09 08:34:15: Key Entry ... OK
2015/04/09 08:34:15: Complete.
2015/04/09 08:34:15: COM PORT CLOSE ... OK
2015/04/09 08:34:15: 
2015/04/09 08:34:15: ==== Processing was completed ====
2015/04/09 08:34:15: 
*************************************************


*********** Start the Initialize Key Check **********
2015/04/09 08:42:26: Tool Ver: 2013.0605.01
2015/04/09 08:42:26: COM PORT OPEN ... OK
2015/04/09 08:42:26:
2015/04/09 08:42:26: ProductS/N:  5400153
2015/04/09 08:42:26: TID: 860431105A842D80
2015/04/09 08:42:26: F/W Version: 00.00.08
2015/04/09 08:42:26:
2015/04/09 08:42:26: MasterKey Key Entry ... OK
2015/04/09 08:42:26: PowerON Counter Key Entry ... OK
2015/04/09 08:42:26: Key Entry ... OK
2015/04/09 08:42:26: Complete.
2015/04/09 08:42:26: COM PORT CLOSE ... OK
2015/04/09 08:42:26: 
2015/04/09 08:42:26: ==== Processing was completed ====
2015/04/09 08:42:26: 
*************************************************


*********** Start the Initialize Key Check **********
2015/04/09 08:49:34: Tool Ver: 2013.0605.01
2015/04/09 08:49:34: COM PORT OPEN ... OK
2015/04/09 08:49:34:
2015/04/09 08:49:34: ProductS/N:  5400151
2015/04/09 08:49:34: TID: 86042A2A5A842D80
2015/04/09 08:49:34: F/W Version: 00.00.08
2015/04/09 08:49:34:
2015/04/09 08:49:34: MasterKey Key Entry ... OK
2015/04/09 08:49:34: PowerON Counter Key Entry ... OK
2015/04/09 08:49:35: Key Entry ... OK
2015/04/09 08:49:35: Complete.
2015/04/09 08:49:35: COM PORT CLOSE ... OK
2015/04/09 08:49:35: 
2015/04/09 08:49:35: ==== Processing was completed ====
2015/04/09 08:49:35: 
*************************************************


*********** Start the Initialize Key Check **********
2015/04/09 08:57:12: Tool Ver: 2013.0605.01
2015/04/09 08:57:12: COM PORT OPEN ... OK
2015/04/09 08:57:12:
2015/04/09 08:57:12: ProductS/N:  5400151
2015/04/09 08:57:12: TID: 860402206A842D80
2015/04/09 08:57:12: F/W Version: 00.00.08
2015/04/09 08:57:12:
2015/04/09 08:57:12: MasterKey Key Entry ... OK
2015/04/09 08:57:12: PowerON Counter Key Entry ... OK
2015/04/09 08:57:12: Key Entry ... OK
2015/04/09 08:57:12: Complete.
2015/04/09 08:57:12: COM PORT CLOSE ... OK
2015/04/09 08:57:12: 
2015/04/09 08:57:12: ==== Processing was completed ====
2015/04/09 08:57:12: 
*************************************************


*********** Start the Initialize Key Check **********
2015/04/09 09:05:01: Tool Ver: 2013.0605.01
2015/04/09 09:05:01: COM PORT OPEN ... OK
2015/04/09 09:05:01:
2015/04/09 09:05:01: ProductS/N:  5400156
2015/04/09 09:05:01: TID: 86042F305A842D80
2015/04/09 09:05:01: F/W Version: 00.00.08
2015/04/09 09:05:01:
2015/04/09 09:05:01: MasterKey Key Entry ... OK
2015/04/09 09:05:01: PowerON Counter Key Entry ... OK
2015/04/09 09:05:02: Key Entry ... OK
2015/04/09 09:05:02: Complete.
2015/04/09 09:05:02: COM PORT CLOSE ... OK
2015/04/09 09:05:02: 
2015/04/09 09:05:02: ==== Processing was completed ====
2015/04/09 09:05:02: 
*************************************************


*********** Start the Initialize Key Check **********
2015/04/09 09:12:55: Tool Ver: 2013.0605.01
2015/04/09 09:12:55: COM PORT OPEN ... OK
2015/04/09 09:12:55:
2015/04/09 09:12:55: ProductS/N:  5400083
2015/04/09 09:12:56: TID: 860433295A842D80
2015/04/09 09:12:56: F/W Version: 00.00.08
2015/04/09 09:12:56:
2015/04/09 09:12:56: MasterKey Key Entry ... OK
2015/04/09 09:12:56: PowerON Counter Key Entry ... OK
2015/04/09 09:12:56: Key Entry ... OK
2015/04/09 09:12:56: Complete.
2015/04/09 09:12:56: COM PORT CLOSE ... OK
2015/04/09 09:12:56: 
2015/04/09 09:12:56: ==== Processing was completed ====
2015/04/09 09:12:56: 
*************************************************


*********** Start the Initialize Key Check **********
2015/04/09 09:20:40: Tool Ver: 2013.0605.01
2015/04/09 09:20:40: COM PORT OPEN ... OK
2015/04/09 09:20:40:
2015/04/09 09:20:40: ProductS/N:  5400148
2015/04/09 09:20:40: TID: 86040F2E5A842D80
2015/04/09 09:20:40: F/W Version: 00.00.08
2015/04/09 09:20:40:
2015/04/09 09:20:40: MasterKey Key Entry ... OK
2015/04/09 09:20:40: PowerON Counter Key Entry ... OK
2015/04/09 09:20:41: Key Entry ... OK
2015/04/09 09:20:41: Complete.
2015/04/09 09:20:41: COM PORT CLOSE ... OK
2015/04/09 09:20:41: 
2015/04/09 09:20:41: ==== Processing was completed ====
2015/04/09 09:20:41: 
*************************************************


*********** Start the Initialize Key Check **********
2015/04/09 09:28:48: Tool Ver: 2013.0605.01
2015/04/09 09:28:48: COM PORT OPEN ... OK
2015/04/09 09:28:48:
2015/04/09 09:28:48: ProductS/N:  5400120
2015/04/09 09:28:49: TID: 86042C435A842D80
2015/04/09 09:28:49: F/W Version: 00.00.08
2015/04/09 09:28:49:
2015/04/09 09:28:49: MasterKey Key Entry ... OK
2015/04/09 09:28:49: PowerON Counter Key Entry ... OK
2015/04/09 09:28:49: Key Entry ... OK
2015/04/09 09:28:49: Complete.
2015/04/09 09:28:49: COM PORT CLOSE ... OK
2015/04/09 09:28:49: 
2015/04/09 09:28:49: ==== Processing was completed ====
2015/04/09 09:28:49: 
*************************************************


*********** Start the Initialize Key Check **********
2015/04/09 09:36:45: Tool Ver: 2013.0605.01
2015/04/09 09:36:45: COM PORT OPEN ... OK
2015/04/09 09:36:45:
2015/04/09 09:36:45: ProductS/N:  5400117
2015/04/09 09:36:45: TID: 86042C275A842D80
2015/04/09 09:36:45: F/W Version: 00.00.08
2015/04/09 09:36:45:
2015/04/09 09:36:45: MasterKey Key Entry ... OK
2015/04/09 09:36:46: PowerON Counter Key Entry ... OK
2015/04/09 09:36:46: Key Entry ... OK
2015/04/09 09:36:46: Complete.
2015/04/09 09:36:46: COM PORT CLOSE ... OK
2015/04/09 09:36:46: 
2015/04/09 09:36:46: ==== Processing was completed ====
2015/04/09 09:36:46: 
*************************************************


*********** Start the Initialize Key Check **********
2015/04/09 09:45:03: Tool Ver: 2013.0605.01
2015/04/09 09:45:03: COM PORT OPEN ... OK
2015/04/09 09:45:03:
2015/04/09 09:45:03: ProductS/N:  5400118
2015/04/09 09:45:03: TID: 8604313E62842D80
2015/04/09 09:45:03: F/W Version: 00.00.08
2015/04/09 09:45:03:
2015/04/09 09:45:03: MasterKey Key Entry ... OK
2015/04/09 09:45:03: PowerON Counter Key Entry ... OK
2015/04/09 09:45:04: Key Entry ... OK
2015/04/09 09:45:04: Complete.
2015/04/09 09:45:04: COM PORT CLOSE ... OK
2015/04/09 09:45:04: 
2015/04/09 09:45:04: ==== Processing was completed ====
2015/04/09 09:45:04: 
*************************************************


*********** Start the Initialize Key Check **********
2015/04/09 09:57:35: Tool Ver: 2013.0605.01
2015/04/09 09:57:35: COM PORT OPEN ... OK
2015/04/09 09:57:35:
2015/04/09 09:57:35: ProductS/N:  5400121
2015/04/09 09:57:36: TID: 86042F095A842D80
2015/04/09 09:57:36: F/W Version: 00.00.08
2015/04/09 09:57:36:
2015/04/09 09:57:36: MasterKey Key Entry ... OK
2015/04/09 09:57:36: PowerON Counter Key Entry ... OK
2015/04/09 09:57:36: Key Entry ... OK
2015/04/09 09:57:36: Complete.
2015/04/09 09:57:36: COM PORT CLOSE ... OK
2015/04/09 09:57:36: 
2015/04/09 09:57:36: ==== Processing was completed ====
2015/04/09 09:57:36: 
*************************************************


*********** Start the Initialize Key Check **********
2015/04/09 10:04:59: Tool Ver: 2013.0605.01
2015/04/09 10:04:59: COM PORT OPEN ... OK
2015/04/09 10:05:00:
2015/04/09 10:05:00: ProductS/N:  5400178
2015/04/09 10:05:00: TID: 8604342C5A842D80
2015/04/09 10:05:00: F/W Version: 00.00.08
2015/04/09 10:05:00:
2015/04/09 10:05:00: MasterKey Key Entry ... OK
2015/04/09 10:05:00: PowerON Counter Key Entry ... OK
2015/04/09 10:05:00: Key Entry ... OK
2015/04/09 10:05:00: Complete.
2015/04/09 10:05:00: COM PORT CLOSE ... OK
2015/04/09 10:05:00: 
2015/04/09 10:05:00: ==== Processing was completed ====
2015/04/09 10:05:00: 
*************************************************


*********** Start the Initialize Key Check **********
2015/04/09 10:15:39: Tool Ver: 2013.0605.01
2015/04/09 10:15:39: COM PORT OPEN ... OK
2015/04/09 10:15:39:
2015/04/09 10:15:39: ProductS/N:  5400002
2015/04/09 10:15:39: TID: 8604222A62842D80
2015/04/09 10:15:39: F/W Version: 00.00.08
2015/04/09 10:15:39:
2015/04/09 10:15:39: MasterKey Key Entry ... OK
2015/04/09 10:15:39: PowerON Counter Key Entry ... OK
2015/04/09 10:15:39: Key Entry ... OK
2015/04/09 10:15:39: Complete.
2015/04/09 10:15:39: COM PORT CLOSE ... OK
2015/04/09 10:15:39: 
2015/04/09 10:15:39: ==== Processing was completed ====
2015/04/09 10:15:39: 
*************************************************


*********** Start the Initialize Key Check **********
2015/04/09 10:24:20: Tool Ver: 2013.0605.01
2015/04/09 10:24:20: COM PORT OPEN ... OK
2015/04/09 10:24:20:
2015/04/09 10:24:20: ProductS/N:  5400112
2015/04/09 10:24:20: TID: 8604252962842D80
2015/04/09 10:24:20: F/W Version: 00.00.08
2015/04/09 10:24:20:
2015/04/09 10:24:20: MasterKey Key Entry ... OK
2015/04/09 10:24:20: PowerON Counter Key Entry ... OK
2015/04/09 10:24:21: Key Entry ... OK
2015/04/09 10:24:21: Complete.
2015/04/09 10:24:21: COM PORT CLOSE ... OK
2015/04/09 10:24:21: 
2015/04/09 10:24:21: ==== Processing was completed ====
2015/04/09 10:24:21: 
*************************************************


*********** Start the Initialize Key Check **********
2015/04/09 10:31:27: Tool Ver: 2013.0605.01
2015/04/09 10:31:27: COM PORT OPEN ... OK
2015/04/09 10:31:27:
2015/04/09 10:31:27: ProductS/N:  5400177
2015/04/09 10:31:27: TID: 8604223662842D80
2015/04/09 10:31:27: F/W Version: 00.00.08
2015/04/09 10:31:27:
2015/04/09 10:31:27: MasterKey Key Entry ... OK
2015/04/09 10:31:27: PowerON Counter Key Entry ... OK
2015/04/09 10:31:27: Key Entry ... OK
2015/04/09 10:31:27: Complete.
2015/04/09 10:31:27: COM PORT CLOSE ... OK
2015/04/09 10:31:27: 
2015/04/09 10:31:27: ==== Processing was completed ====
2015/04/09 10:31:27: 
*************************************************


*********** Start the Initialize Key Check **********
2015/04/09 10:39:04: Tool Ver: 2013.0605.01
2015/04/09 10:39:04: COM PORT OPEN ... OK
2015/04/09 10:39:04:
2015/04/09 10:39:04: ProductS/N:  5400122
2015/04/09 10:39:04: TID: 86042B3A5A842D80
2015/04/09 10:39:04: F/W Version: 00.00.08
2015/04/09 10:39:04:
2015/04/09 10:39:04: MasterKey Key Entry ... OK
2015/04/09 10:39:04: PowerON Counter Key Entry ... OK
2015/04/09 10:39:04: Key Entry ... OK
2015/04/09 10:39:04: Complete.
2015/04/09 10:39:04: COM PORT CLOSE ... OK
2015/04/09 10:39:04: 
2015/04/09 10:39:04: ==== Processing was completed ====
2015/04/09 10:39:04: 
*************************************************


*********** Start the Initialize Key Check **********
2015/04/09 10:53:22: Tool Ver: 2013.0605.01
2015/04/09 10:53:22: COM PORT OPEN ... OK
2015/04/09 10:53:23:
2015/04/09 10:53:23: ProductS/N:  5400109
2015/04/09 10:53:23: TID: 86042F0762842D80
2015/04/09 10:53:23: F/W Version: 00.00.08
2015/04/09 10:53:23:
2015/04/09 10:53:23: MasterKey Key Entry ... OK
2015/04/09 10:53:23: PowerON Counter Key Entry ... OK
2015/04/09 10:53:23: Key Entry ... OK
2015/04/09 10:53:23: Complete.
2015/04/09 10:53:23: COM PORT CLOSE ... OK
2015/04/09 10:53:23: 
2015/04/09 10:53:23: ==== Processing was completed ====
2015/04/09 10:53:23: 
*************************************************


*********** Start the Initialize Key Check **********
2015/04/09 11:00:51: Tool Ver: 2013.0605.01
2015/04/09 11:00:51: COM PORT OPEN ... OK
2015/04/09 11:00:51:
2015/04/09 11:00:51: ProductS/N:  5400176
2015/04/09 11:00:51: TID: 8604372B5A842D80
2015/04/09 11:00:51: F/W Version: 00.00.08
2015/04/09 11:00:51:
2015/04/09 11:00:51: MasterKey Key Entry ... OK
2015/04/09 11:00:51: PowerON Counter Key Entry ... OK
2015/04/09 11:00:51: Key Entry ... OK
2015/04/09 11:00:51: Complete.
2015/04/09 11:00:51: COM PORT CLOSE ... OK
2015/04/09 11:00:51: 
2015/04/09 11:00:51: ==== Processing was completed ====
2015/04/09 11:00:51: 
*************************************************


*********** Start the Initialize Key Check **********
2015/04/09 11:16:54: Tool Ver: 2013.0605.01
2015/04/09 11:16:54: COM PORT OPEN ... OK
2015/04/09 11:16:54:
2015/04/09 11:16:54: ProductS/N:  5400181
2015/04/09 11:16:54: TID: 860413186A842D80
2015/04/09 11:16:54: F/W Version: 00.00.08
2015/04/09 11:16:54:
2015/04/09 11:16:54: MasterKey Key Entry ... OK
2015/04/09 11:16:54: PowerON Counter Key Entry ... OK
2015/04/09 11:16:55: Key Entry ... OK
2015/04/09 11:16:55: Complete.
2015/04/09 11:16:55: COM PORT CLOSE ... OK
2015/04/09 11:16:55: 
2015/04/09 11:16:55: ==== Processing was completed ====
2015/04/09 11:16:55: 
*************************************************


*********** Start the Initialize Key Check **********
2015/04/09 11:23:52: Tool Ver: 2013.0605.01
2015/04/09 11:23:52: COM PORT OPEN ... OK
2015/04/09 11:23:52:
2015/04/09 11:23:52: ProductS/N:  5400190
2015/04/09 11:23:52: TID: 86042F425A842D80
2015/04/09 11:23:52: F/W Version: 00.00.08
2015/04/09 11:23:52:
2015/04/09 11:23:52: MasterKey Key Entry ... OK
2015/04/09 11:23:52: PowerON Counter Key Entry ... OK
2015/04/09 11:23:53: Key Entry ... OK
2015/04/09 11:23:53: Complete.
2015/04/09 11:23:53: COM PORT CLOSE ... OK
2015/04/09 11:23:53: 
2015/04/09 11:23:53: ==== Processing was completed ====
2015/04/09 11:23:53: 
*************************************************


*********** Start the Initialize Key Check **********
2015/04/09 11:30:54: Tool Ver: 2013.0605.01
2015/04/09 11:30:54: COM PORT OPEN ... OK
2015/04/09 11:30:54:
2015/04/09 11:30:54: ProductS/N:  5400196
2015/04/09 11:30:54: TID: 860432305A842D80
2015/04/09 11:30:54: F/W Version: 00.00.08
2015/04/09 11:30:54:
2015/04/09 11:30:54: MasterKey Key Entry ... OK
2015/04/09 11:30:54: PowerON Counter Key Entry ... OK
2015/04/09 11:30:54: Key Entry ... OK
2015/04/09 11:30:54: Complete.
2015/04/09 11:30:54: COM PORT CLOSE ... OK
2015/04/09 11:30:54: 
2015/04/09 11:30:54: ==== Processing was completed ====
2015/04/09 11:30:54: 
*************************************************


*********** Start the Initialize Key Check **********
2015/04/09 11:38:22: Tool Ver: 2013.0605.01
2015/04/09 11:38:22: COM PORT OPEN ... OK
2015/04/09 11:38:22:
2015/04/09 11:38:22: ProductS/N:  5400184
2015/04/09 11:38:22: TID: 860435155A842D80
2015/04/09 11:38:22: F/W Version: 00.00.08
2015/04/09 11:38:22:
2015/04/09 11:38:22: MasterKey Key Entry ... OK
2015/04/09 11:38:22: PowerON Counter Key Entry ... OK
2015/04/09 11:38:22: Key Entry ... OK
2015/04/09 11:38:22: Complete.
2015/04/09 11:38:22: COM PORT CLOSE ... OK
2015/04/09 11:38:22: 
2015/04/09 11:38:22: ==== Processing was completed ====
2015/04/09 11:38:22: 
*************************************************


*********** Start the Initialize Key Check **********
2015/04/09 11:44:45: Tool Ver: 2013.0605.01
2015/04/09 11:44:45: COM PORT OPEN ... OK
2015/04/09 11:44:45:
2015/04/09 11:44:45: ProductS/N:  5400186
2015/04/09 11:44:45: TID: 8604383262842D80
2015/04/09 11:44:45: F/W Version: 00.00.08
2015/04/09 11:44:45:
2015/04/09 11:44:45: MasterKey Key Entry ... OK
2015/04/09 11:44:45: PowerON Counter Key Entry ... OK
2015/04/09 11:44:45: Key Entry ... OK
2015/04/09 11:44:45: Complete.
2015/04/09 11:44:45: COM PORT CLOSE ... OK
2015/04/09 11:44:45: 
2015/04/09 11:44:45: ==== Processing was completed ====
2015/04/09 11:44:45: 
*************************************************


*********** Start the Initialize Key Check **********
2015/04/09 11:51:23: Tool Ver: 2013.0605.01
2015/04/09 11:51:23: COM PORT OPEN ... OK
2015/04/09 11:51:23:
2015/04/09 11:51:23: ProductS/N:  5400187
2015/04/09 11:51:23: TID: 8604162F62842D80
2015/04/09 11:51:23: F/W Version: 00.00.08
2015/04/09 11:51:23:
2015/04/09 11:51:23: MasterKey Key Entry ... OK
2015/04/09 11:51:23: PowerON Counter Key Entry ... OK
2015/04/09 11:51:23: Key Entry ... OK
2015/04/09 11:51:23: Complete.
2015/04/09 11:51:23: COM PORT CLOSE ... OK
2015/04/09 11:51:23: 
2015/04/09 11:51:23: ==== Processing was completed ====
2015/04/09 11:51:23: 
*************************************************


*********** Start the Initialize Key Check **********
2015/04/09 11:55:19: Tool Ver: 2013.0605.01
2015/04/09 11:55:19: COM PORT OPEN ... OK
2015/04/09 11:55:19:
2015/04/09 11:55:19: ProductS/N:  5400189
2015/04/09 11:55:19: TID: 860435125A842D80
2015/04/09 11:55:19: F/W Version: 00.00.08
2015/04/09 11:55:19:
2015/04/09 11:55:19: MasterKey Key Entry ... OK
2015/04/09 11:55:19: PowerON Counter Key Entry ... OK
2015/04/09 11:55:20: Key Entry ... OK
2015/04/09 11:55:20: Complete.
2015/04/09 11:55:20: COM PORT CLOSE ... OK
2015/04/09 11:55:20: 
2015/04/09 11:55:20: ==== Processing was completed ====
2015/04/09 11:55:20: 
*************************************************


*********** Start the Initialize Key Check **********
2015/04/09 12:05:16: Tool Ver: 2013.0605.01
2015/04/09 12:05:16: Product S/N ... ERROR
2015/04/09 12:05:16: 
2015/04/09 12:05:16: ######## Error has occurred ########
2015/04/09 12:05:16: 
*************************************************


*********** Start the Initialize Key Check **********
2015/04/09 12:05:27: Tool Ver: 2013.0605.01
2015/04/09 12:05:27: COM PORT OPEN ... OK
2015/04/09 12:05:28:
2015/04/09 12:05:28: ProductS/N:  5400119
2015/04/09 12:05:28: TID: 86040B2072842D80
2015/04/09 12:05:28: F/W Version: 00.00.08
2015/04/09 12:05:28:
2015/04/09 12:05:28: MasterKey Key Entry ... OK
2015/04/09 12:05:28: PowerON Counter Key Entry ... OK
2015/04/09 12:05:28: Key Entry ... OK
2015/04/09 12:05:28: Complete.
2015/04/09 12:05:28: COM PORT CLOSE ... OK
2015/04/09 12:05:28: 
2015/04/09 12:05:28: ==== Processing was completed ====
2015/04/09 12:05:28: 
*************************************************


*********** Start the Initialize Key Check **********
2015/04/09 12:14:37: Tool Ver: 2013.0605.01
2015/04/09 12:14:37: COM PORT OPEN ... OK
2015/04/09 12:14:37:
2015/04/09 12:14:37: ProductS/N:  5400188
2015/04/09 12:14:37: TID: 8604052E72842D80
2015/04/09 12:14:37: F/W Version: 00.00.08
2015/04/09 12:14:37:
2015/04/09 12:14:37: MasterKey Key Entry ... OK
2015/04/09 12:14:37: PowerON Counter Key Entry ... OK
2015/04/09 12:14:38: Key Entry ... OK
2015/04/09 12:14:38: Complete.
2015/04/09 12:14:38: COM PORT CLOSE ... OK
2015/04/09 12:14:38: 
2015/04/09 12:14:38: ==== Processing was completed ====
2015/04/09 12:14:38: 
*************************************************


*********** Start the Initialize Key Check **********
2015/04/09 12:21:27: Tool Ver: 2013.0605.01
2015/04/09 12:21:27: COM PORT OPEN ... OK
2015/04/09 12:21:27:
2015/04/09 12:21:27: ProductS/N:  5400178
2015/04/09 12:21:27: TID: 8604342C5A842D80
2015/04/09 12:21:27: F/W Version: 00.00.08
2015/04/09 12:21:27:
2015/04/09 12:21:27: MasterKey Key Entry ... OK
2015/04/09 12:21:27: PowerON Counter Key Entry ... OK
2015/04/09 12:21:28: Key Entry ... OK
2015/04/09 12:21:28: Complete.
2015/04/09 12:21:28: COM PORT CLOSE ... OK
2015/04/09 12:21:28: 
2015/04/09 12:21:28: ==== Processing was completed ====
2015/04/09 12:21:28: 
*************************************************


*********** Start the Initialize Key Check **********
2015/04/09 12:27:47: Tool Ver: 2013.0605.01
2015/04/09 12:27:47: COM PORT OPEN ... OK
2015/04/09 12:27:47:
2015/04/09 12:27:47: ProductS/N:  5400044
2015/04/09 12:27:47: TID: 860430135A842D80
2015/04/09 12:27:47: F/W Version: 00.00.08
2015/04/09 12:27:47:
2015/04/09 12:27:47: MasterKey Key Entry ... OK
2015/04/09 12:27:47: PowerON Counter Key Entry ... OK
2015/04/09 12:27:47: Key Entry ... OK
2015/04/09 12:27:47: Complete.
2015/04/09 12:27:47: COM PORT CLOSE ... OK
2015/04/09 12:27:47: 
2015/04/09 12:27:47: ==== Processing was completed ====
2015/04/09 12:27:47: 
*************************************************


*********** Start the Initialize Key Check **********
2015/04/09 12:34:34: Tool Ver: 2013.0605.01
2015/04/09 12:34:34: COM PORT OPEN ... OK
2015/04/09 12:34:35:
2015/04/09 12:34:35: ProductS/N:  5400113
2015/04/09 12:34:35: TID: 86041F0562842D80
2015/04/09 12:34:35: F/W Version: 00.00.08
2015/04/09 12:34:35:
2015/04/09 12:34:35: MasterKey Key Entry ... OK
2015/04/09 12:34:35: PowerON Counter Key Entry ... OK
2015/04/09 12:34:35: Key Entry ... OK
2015/04/09 12:34:35: Complete.
2015/04/09 12:34:35: COM PORT CLOSE ... OK
2015/04/09 12:34:35: 
2015/04/09 12:34:35: ==== Processing was completed ====
2015/04/09 12:34:35: 
*************************************************


*********** Start the Initialize Key Check **********
2015/04/09 12:47:19: Tool Ver: 2013.0605.01
2015/04/09 12:47:19: COM PORT OPEN ... OK
2015/04/09 12:47:19:
2015/04/09 12:47:19: ProductS/N:  5400192
2015/04/09 12:47:19: TID: 8604360B5A842D80
2015/04/09 12:47:19: F/W Version: 00.00.08
2015/04/09 12:47:19:
2015/04/09 12:47:19: MasterKey Key Entry ... OK
2015/04/09 12:47:19: PowerON Counter Key Entry ... OK
2015/04/09 12:47:20: Key Entry ... OK
2015/04/09 12:47:20: Complete.
2015/04/09 12:47:20: COM PORT CLOSE ... OK
2015/04/09 12:47:20: 
2015/04/09 12:47:20: ==== Processing was completed ====
2015/04/09 12:47:20: 
*************************************************


*********** Start the Initialize Key Check **********
2015/04/09 12:53:26: Tool Ver: 2013.0605.01
2015/04/09 12:53:26: COM PORT OPEN ... OK
2015/04/09 12:53:26:
2015/04/09 12:53:26: ProductS/N:  5400191
2015/04/09 12:53:26: TID: 860431395A842D80
2015/04/09 12:53:26: F/W Version: 00.00.08
2015/04/09 12:53:26:
2015/04/09 12:53:26: MasterKey Key Entry ... OK
2015/04/09 12:53:26: PowerON Counter Key Entry ... OK
2015/04/09 12:53:27: Key Entry ... OK
2015/04/09 12:53:27: Complete.
2015/04/09 12:53:27: COM PORT CLOSE ... OK
2015/04/09 12:53:27: 
2015/04/09 12:53:27: ==== Processing was completed ====
2015/04/09 12:53:27: 
*************************************************


*********** Start the Initialize Key Check **********
2015/04/09 12:58:57: Tool Ver: 2013.0605.01
2015/04/09 12:58:57: COM PORT OPEN ... OK
2015/04/09 12:58:57:
2015/04/09 12:58:57: ProductS/N:  5400185
2015/04/09 12:58:57: TID: 8604041772842D80
2015/04/09 12:58:57: F/W Version: 00.00.08
2015/04/09 12:58:57:
2015/04/09 12:58:57: MasterKey Key Entry ... OK
2015/04/09 12:58:57: PowerON Counter Key Entry ... OK
2015/04/09 12:58:58: Key Entry ... OK
2015/04/09 12:58:58: Complete.
2015/04/09 12:58:58: COM PORT CLOSE ... OK
2015/04/09 12:58:58: 
2015/04/09 12:58:58: ==== Processing was completed ====
2015/04/09 12:58:58: 
*************************************************


*********** Start the Initialize Key Check **********
2015/04/09 13:07:22: Tool Ver: 2013.0605.01
2015/04/09 13:07:22: COM PORT OPEN ... OK
2015/04/09 13:07:22:
2015/04/09 13:07:22: ProductS/N:  5400169
2015/04/09 13:07:22: TID: 8604041D62842D80
2015/04/09 13:07:22: F/W Version: 00.00.08
2015/04/09 13:07:22:
2015/04/09 13:07:22: MasterKey Key Entry ... OK
2015/04/09 13:07:22: PowerON Counter Key Entry ... OK
2015/04/09 13:07:22: Key Entry ... OK
2015/04/09 13:07:22: Complete.
2015/04/09 13:07:22: COM PORT CLOSE ... OK
2015/04/09 13:07:22: 
2015/04/09 13:07:22: ==== Processing was completed ====
2015/04/09 13:07:22: 
*************************************************


*********** Start the Initialize Key Check **********
2015/04/09 13:13:47: Tool Ver: 2013.0605.01
2015/04/09 13:13:47: COM PORT OPEN ... OK
2015/04/09 13:13:47:
2015/04/09 13:13:47: ProductS/N:  5400182
2015/04/09 13:13:47: TID: 8604223562842D80
2015/04/09 13:13:47: F/W Version: 00.00.08
2015/04/09 13:13:47:
2015/04/09 13:13:47: MasterKey Key Entry ... OK
2015/04/09 13:13:47: PowerON Counter Key Entry ... OK
2015/04/09 13:13:48: Key Entry ... OK
2015/04/09 13:13:48: Complete.
2015/04/09 13:13:48: COM PORT CLOSE ... OK
2015/04/09 13:13:48: 
2015/04/09 13:13:48: ==== Processing was completed ====
2015/04/09 13:13:48: 
*************************************************


*********** Start the Initialize Key Check **********
2015/04/09 13:20:06: Tool Ver: 2013.0605.01
2015/04/09 13:20:06: COM PORT OPEN ... OK
2015/04/09 13:20:07:
2015/04/09 13:20:07: ProductS/N:  5400183
2015/04/09 13:20:07: TID: 8604224462842D80
2015/04/09 13:20:07: F/W Version: 00.00.08
2015/04/09 13:20:07:
2015/04/09 13:20:07: MasterKey Key Entry ... OK
2015/04/09 13:20:07: PowerON Counter Key Entry ... OK
2015/04/09 13:20:07: Key Entry ... OK
2015/04/09 13:20:07: Complete.
2015/04/09 13:20:07: COM PORT CLOSE ... OK
2015/04/09 13:20:07: 
2015/04/09 13:20:07: ==== Processing was completed ====
2015/04/09 13:20:07: 
*************************************************


*********** Start the Initialize Key Check **********
2015/04/09 13:33:00: Tool Ver: 2013.0605.01
2015/04/09 13:33:00: COM PORT OPEN ... OK
2015/04/09 13:33:00:
2015/04/09 13:33:00: ProductS/N:  5400206
2015/04/09 13:33:00: TID: 8604072A6A842D80
2015/04/09 13:33:00: F/W Version: 00.00.08
2015/04/09 13:33:00:
2015/04/09 13:33:00: MasterKey Key Entry ... OK
2015/04/09 13:33:00: PowerON Counter Key Entry ... OK
2015/04/09 13:33:01: Key Entry ... OK
2015/04/09 13:33:01: Complete.
2015/04/09 13:33:01: COM PORT CLOSE ... OK
2015/04/09 13:33:01: 
2015/04/09 13:33:01: ==== Processing was completed ====
2015/04/09 13:33:01: 
*************************************************


*********** Start the Initialize Key Check **********
2015/04/09 13:39:16: Tool Ver: 2013.0605.01
2015/04/09 13:39:16: COM PORT OPEN ... OK
2015/04/09 13:39:16:
2015/04/09 13:39:16: ProductS/N:  5400205
2015/04/09 13:39:16: TID: 860427275A842D80
2015/04/09 13:39:16: F/W Version: 00.00.08
2015/04/09 13:39:16:
2015/04/09 13:39:16: MasterKey Key Entry ... OK
2015/04/09 13:39:16: PowerON Counter Key Entry ... OK
2015/04/09 13:39:17: Key Entry ... OK
2015/04/09 13:39:17: Complete.
2015/04/09 13:39:17: COM PORT CLOSE ... OK
2015/04/09 13:39:17: 
2015/04/09 13:39:17: ==== Processing was completed ====
2015/04/09 13:39:17: 
*************************************************


*********** Start the Initialize Key Check **********
2015/04/09 13:45:59: Tool Ver: 2013.0605.01
2015/04/09 13:45:59: COM PORT OPEN ... OK
2015/04/09 13:45:59:
2015/04/09 13:45:59: ProductS/N:  5400198
2015/04/09 13:45:59: TID: 8604350B5A842D80
2015/04/09 13:45:59: F/W Version: 00.00.08
2015/04/09 13:45:59:
2015/04/09 13:45:59: MasterKey Key Entry ... OK
2015/04/09 13:45:59: PowerON Counter Key Entry ... OK
2015/04/09 13:45:59: Key Entry ... OK
2015/04/09 13:45:59: Complete.
2015/04/09 13:45:59: COM PORT CLOSE ... OK
2015/04/09 13:45:59: 
2015/04/09 13:45:59: ==== Processing was completed ====
2015/04/09 13:45:59: 
*************************************************


*********** Start the Initialize Key Check **********
2015/04/09 13:57:15: Tool Ver: 2013.0605.01
2015/04/09 13:57:15: COM PORT OPEN ... OK
2015/04/09 13:57:15:
2015/04/09 13:57:15: ProductS/N:  5400200
2015/04/09 13:57:15: TID: 86042B3D5A842D80
2015/04/09 13:57:15: F/W Version: 00.00.08
2015/04/09 13:57:15:
2015/04/09 13:57:15: MasterKey Key Entry ... OK
2015/04/09 13:57:15: PowerON Counter Key Entry ... OK
2015/04/09 13:57:16: Key Entry ... OK
2015/04/09 13:57:16: Complete.
2015/04/09 13:57:16: COM PORT CLOSE ... OK
2015/04/09 13:57:16: 
2015/04/09 13:57:16: ==== Processing was completed ====
2015/04/09 13:57:16: 
*************************************************


*********** Start the Initialize Key Check **********
2015/04/09 14:03:39: Tool Ver: 2013.0605.01
2015/04/09 14:03:39: COM PORT OPEN ... ERROR(01)
2015/04/09 14:03:39: 
2015/04/09 14:03:39: ######## Error has occurred ########
2015/04/09 14:03:39: 
*************************************************


*********** Start the Initialize Key Check **********
2015/04/09 14:03:59: Tool Ver: 2013.0605.01
2015/04/09 14:03:59: COM PORT OPEN ... OK
2015/04/09 14:03:59:
2015/04/09 14:03:59: ProductS/N:  5400172
2015/04/09 14:03:59: TID: 86040F1C6A842D80
2015/04/09 14:03:59: F/W Version: 00.00.08
2015/04/09 14:03:59:
2015/04/09 14:03:59: MasterKey Key Entry ... OK
2015/04/09 14:03:59: PowerON Counter Key Entry ... OK
2015/04/09 14:04:00: Key Entry ... OK
2015/04/09 14:04:00: Complete.
2015/04/09 14:04:00: COM PORT CLOSE ... OK
2015/04/09 14:04:00: 
2015/04/09 14:04:00: ==== Processing was completed ====
2015/04/09 14:04:00: 
*************************************************


*********** Start the Initialize Key Check **********
2015/04/09 14:09:50: Tool Ver: 2013.0605.01
2015/04/09 14:09:50: COM PORT OPEN ... OK
2015/04/09 14:09:50:
2015/04/09 14:09:50: ProductS/N:  5400203
2015/04/09 14:09:50: TID: 8604342B5A842D80
2015/04/09 14:09:50: F/W Version: 00.00.08
2015/04/09 14:09:50:
2015/04/09 14:09:50: MasterKey Key Entry ... OK
2015/04/09 14:09:50: PowerON Counter Key Entry ... OK
2015/04/09 14:09:51: Key Entry ... OK
2015/04/09 14:09:51: Complete.
2015/04/09 14:09:51: COM PORT CLOSE ... OK
2015/04/09 14:09:51: 
2015/04/09 14:09:51: ==== Processing was completed ====
2015/04/09 14:09:51: 
*************************************************


*********** Start the Initialize Key Check **********
2015/04/09 14:19:53: Tool Ver: 2013.0605.01
2015/04/09 14:19:53: COM PORT OPEN ... OK
2015/04/09 14:19:53:
2015/04/09 14:19:53: ProductS/N:  5400201
2015/04/09 14:19:53: TID: 86041D335A842D80
2015/04/09 14:19:53: F/W Version: 00.00.08
2015/04/09 14:19:53:
2015/04/09 14:19:53: MasterKey Key Entry ... OK
2015/04/09 14:19:53: PowerON Counter Key Entry ... OK
2015/04/09 14:19:54: Key Entry ... OK
2015/04/09 14:19:54: Complete.
2015/04/09 14:19:54: COM PORT CLOSE ... OK
2015/04/09 14:19:54: 
2015/04/09 14:19:54: ==== Processing was completed ====
2015/04/09 14:19:54: 
*************************************************


*********** Start the Initialize Key Check **********
2015/04/09 14:26:11: Tool Ver: 2013.0605.01
2015/04/09 14:26:11: COM PORT OPEN ... OK
2015/04/09 14:26:11:
2015/04/09 14:26:11: ProductS/N:  5400193
2015/04/09 14:26:11: TID: 8604072872842D80
2015/04/09 14:26:11: F/W Version: 00.00.08
2015/04/09 14:26:11:
2015/04/09 14:26:11: MasterKey Key Entry ... OK
2015/04/09 14:26:11: PowerON Counter Key Entry ... OK
2015/04/09 14:26:11: Key Entry ... OK
2015/04/09 14:26:11: Complete.
2015/04/09 14:26:11: COM PORT CLOSE ... OK
2015/04/09 14:26:11: 
2015/04/09 14:26:11: ==== Processing was completed ====
2015/04/09 14:26:11: 
*************************************************


*********** Start the Initialize Key Check **********
2015/04/09 14:32:31: Tool Ver: 2013.0605.01
2015/04/09 14:32:31: COM PORT OPEN ... OK
2015/04/09 14:32:31:
2015/04/09 14:32:31: ProductS/N:  5400197
2015/04/09 14:32:31: TID: 86042A205A842D80
2015/04/09 14:32:31: F/W Version: 00.00.08
2015/04/09 14:32:31:
2015/04/09 14:32:31: MasterKey Key Entry ... OK
2015/04/09 14:32:31: PowerON Counter Key Entry ... OK
2015/04/09 14:32:32: Key Entry ... OK
2015/04/09 14:32:32: Complete.
2015/04/09 14:32:32: COM PORT CLOSE ... OK
2015/04/09 14:32:32: 
2015/04/09 14:32:32: ==== Processing was completed ====
2015/04/09 14:32:32: 
*************************************************


*********** Start the Initialize Key Check **********
2015/04/09 14:40:22: Tool Ver: 2013.0605.01
2015/04/09 14:40:22: COM PORT OPEN ... OK
2015/04/09 14:40:23:
2015/04/09 14:40:23: ProductS/N:  5400179
2015/04/09 14:40:23: TID: 8604372662842D80
2015/04/09 14:40:23: F/W Version: 00.00.08
2015/04/09 14:40:23:
2015/04/09 14:40:23: MasterKey Key Entry ... OK
2015/04/09 14:40:23: PowerON Counter Key Entry ... OK
2015/04/09 14:40:23: Key Entry ... OK
2015/04/09 14:40:23: Complete.
2015/04/09 14:40:23: COM PORT CLOSE ... OK
2015/04/09 14:40:23: 
2015/04/09 14:40:23: ==== Processing was completed ====
2015/04/09 14:40:23: 
*************************************************


*********** Start the Initialize Key Check **********
2015/04/09 14:52:34: Tool Ver: 2013.0605.01
2015/04/09 14:52:34: COM PORT OPEN ... OK
2015/04/09 14:52:34:
2015/04/09 14:52:34: ProductS/N:  5400136
2015/04/09 14:52:34: TID: 8604052372842D80
2015/04/09 14:52:34: F/W Version: 00.00.08
2015/04/09 14:52:34:
2015/04/09 14:52:35: MasterKey Key Entry ... OK
2015/04/09 14:52:35: PowerON Counter Key Entry ... OK
2015/04/09 14:52:35: Key Entry ... OK
2015/04/09 14:52:35: Complete.
2015/04/09 14:52:35: COM PORT CLOSE ... OK
2015/04/09 14:52:35: 
2015/04/09 14:52:35: ==== Processing was completed ====
2015/04/09 14:52:35: 
*************************************************


*********** Start the Initialize Key Check **********
2015/04/09 14:52:52: Tool Ver: 2013.0605.01
2015/04/09 14:52:52: COM PORT OPEN ... OK
2015/04/09 14:52:52:
2015/04/09 14:52:52: ProductS/N:  5400180
2015/04/09 14:52:52: TID: 8604341F5A842D80
2015/04/09 14:52:52: F/W Version: 00.00.08
2015/04/09 14:52:52:
2015/04/09 14:52:52: MasterKey Key Entry ... OK
2015/04/09 14:52:52: PowerON Counter Key Entry ... OK
2015/04/09 14:52:53: Key Entry ... OK
2015/04/09 14:52:53: Complete.
2015/04/09 14:52:53: COM PORT CLOSE ... OK
2015/04/09 14:52:53: 
2015/04/09 14:52:53: ==== Processing was completed ====
2015/04/09 14:52:53: 
*************************************************


*********** Start the Initialize Key Check **********
2015/04/09 15:00:49: Tool Ver: 2013.0605.01
2015/04/09 15:00:49: COM PORT OPEN ... OK
2015/04/09 15:00:49:
2015/04/09 15:00:49: ProductS/N:  5400167
2015/04/09 15:00:49: TID: 8604362762842D80
2015/04/09 15:00:49: F/W Version: 00.00.08
2015/04/09 15:00:49:
2015/04/09 15:00:49: MasterKey Key Entry ... OK
2015/04/09 15:00:49: PowerON Counter Key Entry ... OK
2015/04/09 15:00:50: Key Entry ... OK
2015/04/09 15:00:50: Complete.
2015/04/09 15:00:50: COM PORT CLOSE ... OK
2015/04/09 15:00:50: 
2015/04/09 15:00:50: ==== Processing was completed ====
2015/04/09 15:00:50: 
*************************************************


*********** Start the Initialize Key Check **********
2015/04/09 15:05:33: Tool Ver: 2013.0605.01
2015/04/09 15:05:33: COM PORT OPEN ... OK
2015/04/09 15:05:33:
2015/04/09 15:05:33: ProductS/N:  5400204
2015/04/09 15:05:33: TID: 8604422362842D80
2015/04/09 15:05:33: F/W Version: 00.00.08
2015/04/09 15:05:33:
2015/04/09 15:05:33: MasterKey Key Entry ... OK
2015/04/09 15:05:33: PowerON Counter Key Entry ... OK
2015/04/09 15:05:34: Key Entry ... OK
2015/04/09 15:05:34: Complete.
2015/04/09 15:05:34: COM PORT CLOSE ... OK
2015/04/09 15:05:34: 
2015/04/09 15:05:34: ==== Processing was completed ====
2015/04/09 15:05:34: 
*************************************************


*********** Start the Initialize Key Check **********
2015/04/09 15:20:03: Tool Ver: 2013.0605.01
2015/04/09 15:20:03: COM PORT OPEN ... OK
2015/04/09 15:20:03:
2015/04/09 15:20:03: ProductS/N:  5400043
2015/04/09 15:20:03: TID: 86042F055A842D80
2015/04/09 15:20:03: F/W Version: 00.00.08
2015/04/09 15:20:03:
2015/04/09 15:20:03: MasterKey Key Entry ... OK
2015/04/09 15:20:03: PowerON Counter Key Entry ... OK
2015/04/09 15:20:04: Key Entry ... OK
2015/04/09 15:20:04: Complete.
2015/04/09 15:20:04: COM PORT CLOSE ... OK
2015/04/09 15:20:04: 
2015/04/09 15:20:04: ==== Processing was completed ====
2015/04/09 15:20:04: 
*************************************************


*********** Start the Initialize Key Check **********
2015/04/09 15:31:19: Tool Ver: 2013.0605.01
2015/04/09 15:31:19: COM PORT OPEN ... OK
2015/04/09 15:31:19:
2015/04/09 15:31:19: ProductS/N:  5400045
2015/04/09 15:31:19: TID: 8604362A5A842D80
2015/04/09 15:31:19: F/W Version: 00.00.08
2015/04/09 15:31:19:
2015/04/09 15:31:19: MasterKey Key Entry ... OK
2015/04/09 15:31:19: PowerON Counter Key Entry ... OK
2015/04/09 15:31:19: Key Entry ... OK
2015/04/09 15:31:19: Complete.
2015/04/09 15:31:19: COM PORT CLOSE ... OK
2015/04/09 15:31:19: 
2015/04/09 15:31:19: ==== Processing was completed ====
2015/04/09 15:31:19: 
*************************************************


*********** Start the Initialize Key Check **********
2015/04/09 15:37:56: Tool Ver: 2013.0605.01
2015/04/09 15:37:56: COM PORT OPEN ... OK
2015/04/09 15:37:56:
2015/04/09 15:37:56: ProductS/N:  5400140
2015/04/09 15:37:56: TID: 860434125A842D80
2015/04/09 15:37:56: F/W Version: 00.00.08
2015/04/09 15:37:56:
2015/04/09 15:37:56: MasterKey Key Entry ... OK
2015/04/09 15:37:56: PowerON Counter Key Entry ... OK
2015/04/09 15:37:56: Key Entry ... OK
2015/04/09 15:37:56: Complete.
2015/04/09 15:37:56: COM PORT CLOSE ... OK
2015/04/09 15:37:56: 
2015/04/09 15:37:56: ==== Processing was completed ====
2015/04/09 15:37:56: 
*************************************************


*********** Start the Initialize Key Check **********
2015/04/09 15:45:00: Tool Ver: 2013.0605.01
2015/04/09 15:45:00: COM PORT OPEN ... OK
2015/04/09 15:45:00:
2015/04/09 15:45:00: ProductS/N:  5400137
2015/04/09 15:45:01: TID: 8604310A5A842D80
2015/04/09 15:45:01: F/W Version: 00.00.08
2015/04/09 15:45:01:
2015/04/09 15:45:01: MasterKey Key Entry ... OK
2015/04/09 15:45:01: PowerON Counter Key Entry ... OK
2015/04/09 15:45:01: Key Entry ... OK
2015/04/09 15:45:01: Complete.
2015/04/09 15:45:01: COM PORT CLOSE ... OK
2015/04/09 15:45:01: 
2015/04/09 15:45:01: ==== Processing was completed ====
2015/04/09 15:45:01: 
*************************************************


*********** Start the Initialize Key Check **********
2015/04/09 15:57:28: Tool Ver: 2013.0605.01
2015/04/09 15:57:28: COM PORT OPEN ... OK
2015/04/09 15:57:28:
2015/04/09 15:57:28: ProductS/N:  5400138
2015/04/09 15:57:28: TID: 860434135A842D80
2015/04/09 15:57:28: F/W Version: 00.00.08
2015/04/09 15:57:28:
2015/04/09 15:57:28: MasterKey Key Entry ... OK
2015/04/09 15:57:28: PowerON Counter Key Entry ... OK
2015/04/09 15:57:29: Key Entry ... OK
2015/04/09 15:57:29: Complete.
2015/04/09 15:57:29: COM PORT CLOSE ... OK
2015/04/09 15:57:29: 
2015/04/09 15:57:29: ==== Processing was completed ====
2015/04/09 15:57:29: 
*************************************************


*********** Start the Initialize Key Check **********
2015/04/09 16:13:53: Tool Ver: 2013.0605.01
2015/04/09 16:13:53: COM PORT OPEN ... OK
2015/04/09 16:13:53:
2015/04/09 16:13:53: ProductS/N:  5400116
2015/04/09 16:13:53: TID: 8604340F5A842D80
2015/04/09 16:13:53: F/W Version: 00.00.08
2015/04/09 16:13:53:
2015/04/09 16:13:53: MasterKey Key Entry ... OK
2015/04/09 16:13:53: PowerON Counter Key Entry ... OK
2015/04/09 16:13:53: Key Entry ... OK
2015/04/09 16:13:53: Complete.
2015/04/09 16:13:53: COM PORT CLOSE ... OK
2015/04/09 16:13:53: 
2015/04/09 16:13:53: ==== Processing was completed ====
2015/04/09 16:13:53: 
*************************************************


*********** Start the Initialize Key Check **********
2015/04/09 16:15:02: Tool Ver: 2013.0605.01
2015/04/09 16:15:02: COM PORT OPEN ... OK
2015/04/09 16:15:02:
2015/04/09 16:15:02: ProductS/N:  5400135
2015/04/09 16:15:02: TID: 860430425A842D80
2015/04/09 16:15:02: F/W Version: 00.00.08
2015/04/09 16:15:02:
2015/04/09 16:15:02: MasterKey Key Entry ... OK
2015/04/09 16:15:02: PowerON Counter Key Entry ... OK
2015/04/09 16:15:03: Key Entry ... OK
2015/04/09 16:15:03: Complete.
2015/04/09 16:15:03: COM PORT CLOSE ... OK
2015/04/09 16:15:03: 
2015/04/09 16:15:03: ==== Processing was completed ====
2015/04/09 16:15:03: 
*************************************************


*********** Start the Initialize Key Check **********
2015/04/09 16:20:19: Tool Ver: 2013.0605.01
2015/04/09 16:20:19: COM PORT OPEN ... OK
2015/04/09 16:20:19:
2015/04/09 16:20:19: ProductS/N:  5400194
2015/04/09 16:20:19: TID: 860432165A842D80
2015/04/09 16:20:19: F/W Version: 00.00.08
2015/04/09 16:20:19:
2015/04/09 16:20:19: MasterKey Key Entry ... OK
2015/04/09 16:20:19: PowerON Counter Key Entry ... OK
2015/04/09 16:20:19: Key Entry ... OK
2015/04/09 16:20:19: Complete.
2015/04/09 16:20:19: COM PORT CLOSE ... OK
2015/04/09 16:20:19: 
2015/04/09 16:20:19: ==== Processing was completed ====
2015/04/09 16:20:19: 
*************************************************


*********** Start the Initialize Key Check **********
2015/04/09 16:27:26: Tool Ver: 2013.0605.01
2015/04/09 16:27:26: COM PORT OPEN ... OK
2015/04/09 16:27:26:
2015/04/09 16:27:26: ProductS/N:  5400128
2015/04/09 16:27:26: TID: 86041B1362842D80
2015/04/09 16:27:26: F/W Version: 00.00.08
2015/04/09 16:27:26:
2015/04/09 16:27:26: MasterKey Key Entry ... OK
2015/04/09 16:27:26: PowerON Counter Key Entry ... OK
2015/04/09 16:27:26: Key Entry ... OK
2015/04/09 16:27:26: Complete.
2015/04/09 16:27:26: COM PORT CLOSE ... OK
2015/04/09 16:27:26: 
2015/04/09 16:27:26: ==== Processing was completed ====
2015/04/09 16:27:26: 
*************************************************


*********** Start the Initialize Key Check **********
2015/04/09 16:35:01: Tool Ver: 2013.0605.01
2015/04/09 16:35:01: COM PORT OPEN ... OK
2015/04/09 16:35:02:
2015/04/09 16:35:02: ProductS/N:  5400125
2015/04/09 16:35:02: TID: 86042F245A842D80
2015/04/09 16:35:02: F/W Version: 00.00.08
2015/04/09 16:35:02:
2015/04/09 16:35:02: MasterKey Key Entry ... OK
2015/04/09 16:35:02: PowerON Counter Key Entry ... OK
2015/04/09 16:35:02: Key Entry ... OK
2015/04/09 16:35:02: Complete.
2015/04/09 16:35:02: COM PORT CLOSE ... OK
2015/04/09 16:35:02: 
2015/04/09 16:35:02: ==== Processing was completed ====
2015/04/09 16:35:02: 
*************************************************


*********** Start the Initialize Key Check **********
2015/04/09 16:39:51: Tool Ver: 2013.0605.01
2015/04/09 16:39:51: COM PORT OPEN ... OK
2015/04/09 16:39:51:
2015/04/09 16:39:51: ProductS/N:  5400139
2015/04/09 16:39:51: TID: 86042A145A842D80
2015/04/09 16:39:51: F/W Version: 00.00.08
2015/04/09 16:39:51:
2015/04/09 16:39:51: MasterKey Key Entry ... OK
2015/04/09 16:39:51: PowerON Counter Key Entry ... OK
2015/04/09 16:39:51: Key Entry ... OK
2015/04/09 16:39:51: Complete.
2015/04/09 16:39:51: COM PORT CLOSE ... OK
2015/04/09 16:39:51: 
2015/04/09 16:39:51: ==== Processing was completed ====
2015/04/09 16:39:51: 
*************************************************


*********** Start the Initialize Key Check **********
2015/04/09 16:46:11: Tool Ver: 2013.0605.01
2015/04/09 16:46:11: COM PORT OPEN ... OK
2015/04/09 16:46:11:
2015/04/09 16:46:11: ProductS/N:  5400133
2015/04/09 16:46:11: TID: 86042C065A842D80
2015/04/09 16:46:11: F/W Version: 00.00.08
2015/04/09 16:46:11:
2015/04/09 16:46:11: MasterKey Key Entry ... OK
2015/04/09 16:46:11: PowerON Counter Key Entry ... OK
2015/04/09 16:46:11: Key Entry ... OK
2015/04/09 16:46:11: Complete.
2015/04/09 16:46:11: COM PORT CLOSE ... OK
2015/04/09 16:46:11: 
2015/04/09 16:46:11: ==== Processing was completed ====
2015/04/09 16:46:11: 
*************************************************


*********** Start the Initialize Key Check **********
2015/04/09 16:53:14: Tool Ver: 2013.0605.01
2015/04/09 16:53:14: COM PORT OPEN ... OK
2015/04/09 16:53:14:
2015/04/09 16:53:14: ProductS/N:  5400170
2015/04/09 16:53:14: TID: 860439175A842D80
2015/04/09 16:53:14: F/W Version: 00.00.08
2015/04/09 16:53:14:
2015/04/09 16:53:14: MasterKey Key Entry ... OK
2015/04/09 16:53:14: PowerON Counter Key Entry ... OK
2015/04/09 16:53:15: Key Entry ... OK
2015/04/09 16:53:15: Complete.
2015/04/09 16:53:15: COM PORT CLOSE ... OK
2015/04/09 16:53:15: 
2015/04/09 16:53:15: ==== Processing was completed ====
2015/04/09 16:53:15: 
*************************************************


*********** Start the Initialize Key Check **********
2015/04/09 17:01:17: Tool Ver: 2013.0605.01
2015/04/09 17:01:17: COM PORT OPEN ... OK
2015/04/09 17:01:17:
2015/04/09 17:01:17: ProductS/N:  5400171
2015/04/09 17:01:17: TID: 8604201F62842D80
2015/04/09 17:01:17: F/W Version: 00.00.08
2015/04/09 17:01:17:
2015/04/09 17:01:17: MasterKey Key Entry ... OK
2015/04/09 17:01:17: PowerON Counter Key Entry ... OK
2015/04/09 17:01:18: Key Entry ... OK
2015/04/09 17:01:18: Complete.
2015/04/09 17:01:18: COM PORT CLOSE ... OK
2015/04/09 17:01:18: 
2015/04/09 17:01:18: ==== Processing was completed ====
2015/04/09 17:01:18: 
*************************************************


*********** Start the Initialize Key Check **********
2015/04/09 17:08:11: Tool Ver: 2013.0605.01
2015/04/09 17:08:11: COM PORT OPEN ... OK
2015/04/09 17:08:12:
2015/04/09 17:08:12: ProductS/N:  5400025
2015/04/09 17:08:12: TID: 8604283E5A842D80
2015/04/09 17:08:12: F/W Version: 00.00.08
2015/04/09 17:08:12:
2015/04/09 17:08:12: MasterKey Key Entry ... OK
2015/04/09 17:08:12: PowerON Counter Key Entry ... OK
2015/04/09 17:08:12: Key Entry ... OK
2015/04/09 17:08:12: Complete.
2015/04/09 17:08:12: COM PORT CLOSE ... OK
2015/04/09 17:08:12: 
2015/04/09 17:08:12: ==== Processing was completed ====
2015/04/09 17:08:12: 
*************************************************


*********** Start the Initialize Key Check **********
2015/04/09 17:52:53: Tool Ver: 2013.0605.01
2015/04/09 17:52:53: COM PORT OPEN ... OK
2015/04/09 17:52:53:
2015/04/09 17:52:53: ProductS/N:  5400025
2015/04/09 17:52:53: TID: 8604283E5A842D80
2015/04/09 17:52:53: F/W Version: 00.00.08
2015/04/09 17:52:53:
2015/04/09 17:52:53: MasterKey Key Entry ... OK
2015/04/09 17:52:53: PowerON Counter Key Entry ... OK
2015/04/09 17:52:54: Key Entry ... OK
2015/04/09 17:52:54: Complete.
2015/04/09 17:52:54: COM PORT CLOSE ... OK
2015/04/09 17:52:54: 
2015/04/09 17:52:54: ==== Processing was completed ====
2015/04/09 17:52:54: 
*************************************************


*********** Start the Initialize Key Check **********
2015/04/09 17:53:08: Tool Ver: 2013.0605.01
2015/04/09 17:53:08: COM PORT OPEN ... OK
2015/04/09 17:53:08:
2015/04/09 17:53:08: ProductS/N:  5400195
2015/04/09 17:53:08: TID: 860410356A842D80
2015/04/09 17:53:08: F/W Version: 00.00.08
2015/04/09 17:53:08:
2015/04/09 17:53:08: MasterKey Key Entry ... OK
2015/04/09 17:53:08: PowerON Counter Key Entry ... OK
2015/04/09 17:53:08: Key Entry ... OK
2015/04/09 17:53:08: Complete.
2015/04/09 17:53:08: COM PORT CLOSE ... OK
2015/04/09 17:53:08: 
2015/04/09 17:53:08: ==== Processing was completed ====
2015/04/09 17:53:08: 
*************************************************


*********** Start the Initialize Key Check **********
2015/04/09 17:58:21: Tool Ver: 2013.0605.01
2015/04/09 17:58:21: COM PORT OPEN ... OK
2015/04/09 17:58:21:
2015/04/09 17:58:21: ProductS/N:  5400174
2015/04/09 17:58:21: TID: 86043A1962842D80
2015/04/09 17:58:21: F/W Version: 00.00.08
2015/04/09 17:58:21:
2015/04/09 17:58:21: MasterKey Key Entry ... OK
2015/04/09 17:58:21: PowerON Counter Key Entry ... OK
2015/04/09 17:58:22: Key Entry ... OK
2015/04/09 17:58:22: Complete.
2015/04/09 17:58:22: COM PORT CLOSE ... OK
2015/04/09 17:58:22: 
2015/04/09 17:58:22: ==== Processing was completed ====
2015/04/09 17:58:22: 
*************************************************


*********** Start the Initialize Key Check **********
2015/04/09 17:58:36: Tool Ver: 2013.0605.01
2015/04/09 17:58:36: COM PORT OPEN ... OK
2015/04/09 17:58:37:
2015/04/09 17:58:37: ProductS/N:  5400206
2015/04/09 17:58:37: TID: 8604072A6A842D80
2015/04/09 17:58:37: F/W Version: 00.00.08
2015/04/09 17:58:37:
2015/04/09 17:58:37: MasterKey Key Entry ... OK
2015/04/09 17:58:37: PowerON Counter Key Entry ... OK
2015/04/09 17:58:37: Key Entry ... OK
2015/04/09 17:58:37: Complete.
2015/04/09 17:58:37: COM PORT CLOSE ... OK
2015/04/09 17:58:37: 
2015/04/09 17:58:37: ==== Processing was completed ====
2015/04/09 17:58:37: 
*************************************************


*********** Start the Initialize Key Check **********
2015/04/09 18:06:51: Tool Ver: 2013.0605.01
2015/04/09 18:06:51: COM PORT OPEN ... OK
2015/04/09 18:06:52:
2015/04/09 18:06:52: ProductS/N:  5400129
2015/04/09 18:06:52: TID: 860436185A842D80
2015/04/09 18:06:52: F/W Version: 00.00.08
2015/04/09 18:06:52:
2015/04/09 18:06:52: MasterKey Key Entry ... OK
2015/04/09 18:06:52: PowerON Counter Key Entry ... OK
2015/04/09 18:06:52: Key Entry ... OK
2015/04/09 18:06:52: Complete.
2015/04/09 18:06:52: COM PORT CLOSE ... OK
2015/04/09 18:06:52: 
2015/04/09 18:06:52: ==== Processing was completed ====
2015/04/09 18:06:52: 
*************************************************


*********** Start the Initialize Key Check **********
2015/04/09 18:20:32: Tool Ver: 2013.0605.01
2015/04/09 18:20:32: COM PORT OPEN ... OK
2015/04/09 18:20:32:
2015/04/09 18:20:32: ProductS/N:  5400132
2015/04/09 18:20:32: TID: 8604303D5A842D80
2015/04/09 18:20:32: F/W Version: 00.00.08
2015/04/09 18:20:32:
2015/04/09 18:20:32: MasterKey Key Entry ... OK
2015/04/09 18:20:32: PowerON Counter Key Entry ... OK
2015/04/09 18:20:33: Key Entry ... OK
2015/04/09 18:20:33: Complete.
2015/04/09 18:20:33: COM PORT CLOSE ... OK
2015/04/09 18:20:33: 
2015/04/09 18:20:33: ==== Processing was completed ====
2015/04/09 18:20:33: 
*************************************************


*********** Start the Initialize Key Check **********
2015/04/09 18:20:45: Tool Ver: 2013.0605.01
2015/04/09 18:20:45: COM PORT OPEN ... OK
2015/04/09 18:20:45:
2015/04/09 18:20:45: ProductS/N:  5400131
2015/04/09 18:20:45: TID: 86042C385A842D80
2015/04/09 18:20:45: F/W Version: 00.00.08
2015/04/09 18:20:45:
2015/04/09 18:20:45: MasterKey Key Entry ... OK
2015/04/09 18:20:45: PowerON Counter Key Entry ... OK
2015/04/09 18:20:46: Key Entry ... OK
2015/04/09 18:20:46: Complete.
2015/04/09 18:20:46: COM PORT CLOSE ... OK
2015/04/09 18:20:46: 
2015/04/09 18:20:46: ==== Processing was completed ====
2015/04/09 18:20:46: 
*************************************************


*********** Start the Initialize Key Check **********
2015/04/09 18:27:11: Tool Ver: 2013.0605.01
2015/04/09 18:27:11: COM PORT OPEN ... OK
2015/04/09 18:27:11:
2015/04/09 18:27:11: ProductS/N:  5400134
2015/04/09 18:27:11: TID: 8604343B5A842D80
2015/04/09 18:27:11: F/W Version: 00.00.08
2015/04/09 18:27:11:
2015/04/09 18:27:11: MasterKey Key Entry ... OK
2015/04/09 18:27:11: PowerON Counter Key Entry ... OK
2015/04/09 18:27:12: Key Entry ... OK
2015/04/09 18:27:12: Complete.
2015/04/09 18:27:12: COM PORT CLOSE ... OK
2015/04/09 18:27:12: 
2015/04/09 18:27:12: ==== Processing was completed ====
2015/04/09 18:27:12: 
*************************************************


*********** Start the Initialize Key Check **********
2015/04/09 18:40:09: Tool Ver: 2013.0605.01
2015/04/09 18:40:09: COM PORT OPEN ... OK
2015/04/09 18:40:09:
2015/04/09 18:40:09: ProductS/N:  5400143
2015/04/09 18:40:09: TID: 86042F435A842D80
2015/04/09 18:40:09: F/W Version: 00.00.08
2015/04/09 18:40:09:
2015/04/09 18:40:09: MasterKey Key Entry ... OK
2015/04/09 18:40:09: PowerON Counter Key Entry ... OK
2015/04/09 18:40:10: Key Entry ... OK
2015/04/09 18:40:10: Complete.
2015/04/09 18:40:10: COM PORT CLOSE ... OK
2015/04/09 18:40:10: 
2015/04/09 18:40:10: ==== Processing was completed ====
2015/04/09 18:40:10: 
*************************************************


*********** Start the Initialize Key Check **********
2015/04/09 18:49:31: Tool Ver: 2013.0605.01
2015/04/09 18:49:31: COM PORT OPEN ... OK
2015/04/09 18:49:31:
2015/04/09 18:49:31: ProductS/N:  5400202
2015/04/09 18:49:31: TID: 8604330A5A842D80
2015/04/09 18:49:31: F/W Version: 00.00.08
2015/04/09 18:49:31:
2015/04/09 18:49:31: MasterKey Key Entry ... OK
2015/04/09 18:49:31: PowerON Counter Key Entry ... OK
2015/04/09 18:49:31: Key Entry ... OK
2015/04/09 18:49:31: Complete.
2015/04/09 18:49:31: COM PORT CLOSE ... OK
2015/04/09 18:49:31: 
2015/04/09 18:49:31: ==== Processing was completed ====
2015/04/09 18:49:31: 
*************************************************


*********** Start the Initialize Key Check **********
2015/04/09 18:55:57: Tool Ver: 2013.0605.01
2015/04/09 18:55:57: COM PORT OPEN ... OK
2015/04/09 18:55:57:
2015/04/09 18:55:57: ProductS/N:  5400146
2015/04/09 18:55:57: TID: 860430375A842D80
2015/04/09 18:55:57: F/W Version: 00.00.08
2015/04/09 18:55:57:
2015/04/09 18:55:57: MasterKey Key Entry ... OK
2015/04/09 18:55:57: PowerON Counter Key Entry ... OK
2015/04/09 18:55:58: Key Entry ... OK
2015/04/09 18:55:58: Complete.
2015/04/09 18:55:58: COM PORT CLOSE ... OK
2015/04/09 18:55:58: 
2015/04/09 18:55:58: ==== Processing was completed ====
2015/04/09 18:55:58: 
*************************************************


*********** Start the Initialize Key Check **********
2015/04/09 19:02:22: Tool Ver: 2013.0605.01
2015/04/09 19:02:22: COM PORT OPEN ... OK
2015/04/09 19:02:22:
2015/04/09 19:02:22: ProductS/N:  5400026
2015/04/09 19:02:22: TID: 86042C445A842D80
2015/04/09 19:02:22: F/W Version: 00.00.08
2015/04/09 19:02:22:
2015/04/09 19:02:22: MasterKey Key Entry ... OK
2015/04/09 19:02:22: PowerON Counter Key Entry ... OK
2015/04/09 19:02:23: Key Entry ... OK
2015/04/09 19:02:23: Complete.
2015/04/09 19:02:23: COM PORT CLOSE ... OK
2015/04/09 19:02:23: 
2015/04/09 19:02:23: ==== Processing was completed ====
2015/04/09 19:02:23: 
*************************************************


*********** Start the Initialize Key Check **********
2015/04/09 19:09:53: Tool Ver: 2013.0605.01
2015/04/09 19:09:53: COM PORT OPEN ... OK
2015/04/09 19:09:53:
2015/04/09 19:09:53: ProductS/N:  5400020
2015/04/09 19:09:53: TID: 8604312E5A842D80
2015/04/09 19:09:53: F/W Version: 00.00.08
2015/04/09 19:09:53:
2015/04/09 19:09:53: MasterKey Key Entry ... OK
2015/04/09 19:09:53: PowerON Counter Key Entry ... OK
2015/04/09 19:09:53: Key Entry ... OK
2015/04/09 19:09:53: Complete.
2015/04/09 19:09:53: COM PORT CLOSE ... OK
2015/04/09 19:09:53: 
2015/04/09 19:09:53: ==== Processing was completed ====
2015/04/09 19:09:53: 
*************************************************


*********** Start the Initialize Key Check **********
2015/04/09 19:22:17: Tool Ver: 2013.0605.01
2015/04/09 19:22:17: COM PORT OPEN ... OK
2015/04/09 19:22:17:
2015/04/09 19:22:17: ProductS/N:  5400021
2015/04/09 19:22:17: TID: 860415386A842D80
2015/04/09 19:22:17: F/W Version: 00.00.08
2015/04/09 19:22:17:
2015/04/09 19:22:17: MasterKey Key Entry ... OK
2015/04/09 19:22:17: PowerON Counter Key Entry ... OK
2015/04/09 19:22:18: Key Entry ... OK
2015/04/09 19:22:18: Complete.
2015/04/09 19:22:18: COM PORT CLOSE ... OK
2015/04/09 19:22:18: 
2015/04/09 19:22:18: ==== Processing was completed ====
2015/04/09 19:22:18: 
*************************************************


*********** Start the Initialize Key Check **********
2015/04/09 19:22:52: Tool Ver: 2013.0605.01
2015/04/09 19:22:52: COM PORT OPEN ... OK
2015/04/09 19:22:52:
2015/04/09 19:22:52: ProductS/N:  5400124
2015/04/09 19:22:52: TID: 8604351A5A842D80
2015/04/09 19:22:52: F/W Version: 00.00.08
2015/04/09 19:22:52:
2015/04/09 19:22:53: MasterKey Key Entry ... OK
2015/04/09 19:22:53: PowerON Counter Key Entry ... OK
2015/04/09 19:22:53: Key Entry ... OK
2015/04/09 19:22:53: Complete.
2015/04/09 19:22:53: COM PORT CLOSE ... OK
2015/04/09 19:22:53: 
2015/04/09 19:22:53: ==== Processing was completed ====
2015/04/09 19:22:53: 
*************************************************


*********** Start the Initialize Key Check **********
2015/04/09 19:29:26: Tool Ver: 2013.0605.01
2015/04/09 19:29:26: COM PORT OPEN ... OK
2015/04/09 19:29:26:
2015/04/09 19:29:26: ProductS/N:  5400127
2015/04/09 19:29:26: TID: 8604373B5A842D80
2015/04/09 19:29:26: F/W Version: 00.00.08
2015/04/09 19:29:26:
2015/04/09 19:29:26: MasterKey Key Entry ... OK
2015/04/09 19:29:26: PowerON Counter Key Entry ... OK
2015/04/09 19:29:27: Key Entry ... OK
2015/04/09 19:29:27: Complete.
2015/04/09 19:29:27: COM PORT CLOSE ... OK
2015/04/09 19:29:27: 
2015/04/09 19:29:27: ==== Processing was completed ====
2015/04/09 19:29:27: 
*************************************************


*********** Start the Initialize Key Check **********
2015/04/09 19:34:53: Tool Ver: 2013.0605.01
2015/04/09 19:34:53: COM PORT OPEN ... OK
2015/04/09 19:34:54:
2015/04/09 19:34:54: ProductS/N:  5400024
2015/04/09 19:34:54: TID: 86041D3162842D80
2015/04/09 19:34:54: F/W Version: 00.00.08
2015/04/09 19:34:54:
2015/04/09 19:34:54: MasterKey Key Entry ... OK
2015/04/09 19:34:54: PowerON Counter Key Entry ... OK
2015/04/09 19:34:54: Key Entry ... OK
2015/04/09 19:34:54: Complete.
2015/04/09 19:34:54: COM PORT CLOSE ... OK
2015/04/09 19:34:54: 
2015/04/09 19:34:54: ==== Processing was completed ====
2015/04/09 19:34:54: 
*************************************************


*********** Start the Initialize Key Check **********
2015/04/09 19:48:24: Tool Ver: 2013.0605.01
2015/04/09 19:48:24: COM PORT OPEN ... OK
2015/04/09 19:48:24:
2015/04/09 19:48:24: ProductS/N:  5400069
2015/04/09 19:48:24: TID: 86042E435A842D80
2015/04/09 19:48:24: F/W Version: 00.00.08
2015/04/09 19:48:24:
2015/04/09 19:48:24: MasterKey Key Entry ... OK
2015/04/09 19:48:24: PowerON Counter Key Entry ... OK
2015/04/09 19:48:25: Key Entry ... OK
2015/04/09 19:48:25: Complete.
2015/04/09 19:48:25: COM PORT CLOSE ... OK
2015/04/09 19:48:25: 
2015/04/09 19:48:25: ==== Processing was completed ====
2015/04/09 19:48:25: 
*************************************************


*********** Start the Initialize Key Check **********
2015/04/09 19:48:40: Tool Ver: 2013.0605.01
2015/04/09 19:48:40: COM PORT OPEN ... OK
2015/04/09 19:48:40:
2015/04/09 19:48:40: ProductS/N:  5400018
2015/04/09 19:48:40: TID: 86042D395A842D80
2015/04/09 19:48:40: F/W Version: 00.00.08
2015/04/09 19:48:40:
2015/04/09 19:48:40: MasterKey Key Entry ... OK
2015/04/09 19:48:40: PowerON Counter Key Entry ... OK
2015/04/09 19:48:40: Key Entry ... OK
2015/04/09 19:48:40: Complete.
2015/04/09 19:48:40: COM PORT CLOSE ... OK
2015/04/09 19:48:40: 
2015/04/09 19:48:40: ==== Processing was completed ====
2015/04/09 19:48:40: 
*************************************************


*********** Start the Initialize Key Check **********
2015/04/09 19:51:53: Tool Ver: 2013.0605.01
2015/04/09 19:51:53: COM PORT OPEN ... OK
2015/04/09 19:51:53:
2015/04/09 19:51:53: ProductS/N:  5400206
2015/04/09 19:51:53: TID: 8604072A6A842D80
2015/04/09 19:51:53: F/W Version: 00.00.08
2015/04/09 19:51:53:
2015/04/09 19:51:53: MasterKey Key Entry ... OK
2015/04/09 19:51:53: PowerON Counter Key Entry ... OK
2015/04/09 19:51:54: Key Entry ... OK
2015/04/09 19:51:54: Complete.
2015/04/09 19:51:54: COM PORT CLOSE ... OK
2015/04/09 19:51:54: 
2015/04/09 19:51:54: ==== Processing was completed ====
2015/04/09 19:51:54: 
*************************************************


*********** Start the Initialize Key Check **********
2015/04/09 19:54:37: Tool Ver: 2013.0605.01
2015/04/09 19:54:37: COM PORT OPEN ... OK
2015/04/09 19:54:37:
2015/04/09 19:54:37: ProductS/N:  5400049
2015/04/09 19:54:37: TID: 860430105A842D80
2015/04/09 19:54:37: F/W Version: 00.00.08
2015/04/09 19:54:37:
2015/04/09 19:54:37: MasterKey Key Entry ... OK
2015/04/09 19:54:37: PowerON Counter Key Entry ... OK
2015/04/09 19:54:37: Key Entry ... OK
2015/04/09 19:54:37: Complete.
2015/04/09 19:54:37: COM PORT CLOSE ... OK
2015/04/09 19:54:37: 
2015/04/09 19:54:37: ==== Processing was completed ====
2015/04/09 19:54:37: 
*************************************************


*********** Start the Initialize Key Check **********
2015/04/09 20:02:17: Tool Ver: 2013.0605.01
2015/04/09 20:02:17: COM PORT OPEN ... OK
2015/04/09 20:02:17:
2015/04/09 20:02:17: ProductS/N:  5400126
2015/04/09 20:02:17: TID: 86040B1272842D80
2015/04/09 20:02:17: F/W Version: 00.00.08
2015/04/09 20:02:17:
2015/04/09 20:02:17: MasterKey Key Entry ... OK
2015/04/09 20:02:17: PowerON Counter Key Entry ... OK
2015/04/09 20:02:18: Key Entry ... OK
2015/04/09 20:02:18: Complete.
2015/04/09 20:02:18: COM PORT CLOSE ... OK
2015/04/09 20:02:18: 
2015/04/09 20:02:18: ==== Processing was completed ====
2015/04/09 20:02:18: 
*************************************************


*********** Start the Initialize Key Check **********
2015/04/09 20:09:22: Tool Ver: 2013.0605.01
2015/04/09 20:09:22: COM PORT OPEN ... OK
2015/04/09 20:09:22:
2015/04/09 20:09:22: ProductS/N:  5400023
2015/04/09 20:09:22: TID: 8604260762842D80
2015/04/09 20:09:22: F/W Version: 00.00.08
2015/04/09 20:09:22:
2015/04/09 20:09:22: MasterKey Key Entry ... OK
2015/04/09 20:09:22: PowerON Counter Key Entry ... OK
*********** Start the Initialize Key Check **********
2015/04/09 20:09:50: Tool Ver: 2013.0605.01
2015/04/09 20:09:50: COM PORT OPEN ... OK
2015/04/09 20:09:50:
2015/04/09 20:09:50: ProductS/N:  5400023
2015/04/09 20:09:50: TID: 8604260762842D80
2015/04/09 20:09:50: F/W Version: 00.00.08
2015/04/09 20:09:50:
2015/04/09 20:09:50: MasterKey Key Entry ... OK
2015/04/09 20:09:50: PowerON Counter Key Entry ... OK
2015/04/09 20:10:21: [053]Key Get Key Entry... ERROR
2015/04/09 20:10:21: [053] ... ERROR KeyNoCEK[4A]
2015/04/09 20:10:21: [053] ... ERROR KeyVCEK[B8]
2015/04/09 20:10:51: [054]Key Get Key Entry... ERROR
2015/04/09 20:10:51: [054] ... ERROR KeyNoCEK[9F]
2015/04/09 20:10:51: [054] ... ERROR KeyVCEK[6E]
2015/04/09 20:11:21: [055]Key Get Key Entry... ERROR
2015/04/09 20:11:21: [055] ... ERROR KeyNoCEK[FF]
2015/04/09 20:11:21: [055] ... ERROR KeyVCEK[F2]
2015/04/09 20:11:52: [056]Key Get Key Entry... ERROR
2015/04/09 20:11:52: [056] ... ERROR KeyNoCEK[96]
2015/04/09 20:11:52: [056] ... ERROR KeyVCEK[91]
2015/04/09 20:12:23: [057]Key Get Key Entry... ERROR
2015/04/09 20:12:23: [057] ... ERROR KeyNoCEK[EE]
2015/04/09 20:12:23: [057] ... ERROR KeyVCEK[E0]
2015/04/09 20:12:54: [058]Key Get Key Entry... ERROR
2015/04/09 20:12:54: [058] ... ERROR KeyNoCEK[8F]
2015/04/09 20:12:54: [058] ... ERROR KeyVCEK[A4]
2015/04/09 20:13:25: [059]Key Get Key Entry... ERROR
2015/04/09 20:13:25: [059] ... ERROR KeyNoCEK[3E]
2015/04/09 20:13:25: [059] ... ERROR KeyVCEK[47]
2015/04/09 20:13:56: [060]Key Get Key Entry... ERROR
2015/04/09 20:13:56: [060] ... ERROR KeyNoCEK[76]
2015/04/09 20:13:56: [060] ... ERROR KeyVCEK[74]
*********** Start the Initialize Key Check **********
2015/04/09 20:14:36: Tool Ver: 2013.0605.01
2015/04/09 20:14:36: COM PORT OPEN ... ERROR(02)
2015/04/09 20:14:36: 
2015/04/09 20:14:36: ######## Error has occurred ########
2015/04/09 20:14:36: 
*************************************************


*********** Start the Initialize Key Check **********
2015/04/09 20:14:38: Tool Ver: 2013.0605.01
2015/04/09 20:14:38: COM PORT OPEN ... ERROR(02)
2015/04/09 20:14:38: 
2015/04/09 20:14:38: ######## Error has occurred ########
2015/04/09 20:14:38: 
*************************************************


*********** Start the Initialize Key Check **********
2015/04/09 20:14:39: Tool Ver: 2013.0605.01
2015/04/09 20:14:39: COM PORT OPEN ... ERROR(02)
2015/04/09 20:14:39: 
2015/04/09 20:14:39: ######## Error has occurred ########
2015/04/09 20:14:39: 
*************************************************


*********** Start the Initialize Key Check **********
2015/04/09 20:14:39: Tool Ver: 2013.0605.01
2015/04/09 20:14:39: COM PORT OPEN ... ERROR(02)
2015/04/09 20:14:39: 
2015/04/09 20:14:39: ######## Error has occurred ########
2015/04/09 20:14:39: 
*************************************************


*********** Start the Initialize Key Check **********
2015/04/09 20:14:40: Tool Ver: 2013.0605.01
2015/04/09 20:14:40: COM PORT OPEN ... ERROR(02)
2015/04/09 20:14:40: 
2015/04/09 20:14:40: ######## Error has occurred ########
2015/04/09 20:14:40: 
*************************************************


*********** Start the Initialize Key Check **********
2015/04/09 20:14:40: Tool Ver: 2013.0605.01
2015/04/09 20:14:40: COM PORT OPEN ... ERROR(02)
2015/04/09 20:14:40: 
2015/04/09 20:14:40: ######## Error has occurred ########
2015/04/09 20:14:40: 
*************************************************


*********** Start the Initialize Key Check **********
2015/04/09 20:14:40: Tool Ver: 2013.0605.01
2015/04/09 20:14:40: COM PORT OPEN ... ERROR(02)
2015/04/09 20:14:40: 
2015/04/09 20:14:40: ######## Error has occurred ########
2015/04/09 20:14:40: 
*************************************************


*********** Start the Initialize Key Check **********
2015/04/09 20:14:40: Tool Ver: 2013.0605.01
2015/04/09 20:14:40: COM PORT OPEN ... ERROR(02)
2015/04/09 20:14:40: 
2015/04/09 20:14:40: ######## Error has occurred ########
2015/04/09 20:14:40: 
*************************************************


*********** Start the Initialize Key Check **********
2015/04/09 20:14:40: Tool Ver: 2013.0605.01
2015/04/09 20:14:40: COM PORT OPEN ... ERROR(02)
2015/04/09 20:14:40: 
2015/04/09 20:14:40: ######## Error has occurred ########
2015/04/09 20:14:40: 
*************************************************


*********** Start the Initialize Key Check **********
2015/04/09 20:14:41: Tool Ver: 2013.0605.01
2015/04/09 20:14:41: COM PORT OPEN ... ERROR(02)
2015/04/09 20:14:41: 
2015/04/09 20:14:41: ######## Error has occurred ########
2015/04/09 20:14:41: 
*************************************************


*********** Start the Initialize Key Check **********
2015/04/09 20:14:41: Tool Ver: 2013.0605.01
2015/04/09 20:14:41: COM PORT OPEN ... ERROR(02)
2015/04/09 20:14:41: 
2015/04/09 20:14:41: ######## Error has occurred ########
2015/04/09 20:14:41: 
*************************************************


*********** Start the Initialize Key Check **********
2015/04/09 20:14:41: Tool Ver: 2013.0605.01
2015/04/09 20:14:41: COM PORT OPEN ... ERROR(02)
2015/04/09 20:14:41: 
2015/04/09 20:14:41: ######## Error has occurred ########
2015/04/09 20:14:41: 
*************************************************


*********** Start the Initialize Key Check **********
2015/04/09 20:14:41: Tool Ver: 2013.0605.01
2015/04/09 20:14:41: COM PORT OPEN ... ERROR(02)
2015/04/09 20:14:41: 
2015/04/09 20:14:41: ######## Error has occurred ########
2015/04/09 20:14:41: 
*************************************************


*********** Start the Initialize Key Check **********
2015/04/09 20:14:41: Tool Ver: 2013.0605.01
2015/04/09 20:14:41: COM PORT OPEN ... ERROR(02)
2015/04/09 20:14:41: 
2015/04/09 20:14:41: ######## Error has occurred ########
2015/04/09 20:14:41: 
*************************************************


*********** Start the Initialize Key Check **********
2015/04/09 20:14:42: Tool Ver: 2013.0605.01
2015/04/09 20:14:42: COM PORT OPEN ... ERROR(02)
2015/04/09 20:14:42: 
2015/04/09 20:14:42: ######## Error has occurred ########
2015/04/09 20:14:42: 
*************************************************


*********** Start the Initialize Key Check **********
2015/04/09 20:14:42: Tool Ver: 2013.0605.01
2015/04/09 20:14:42: COM PORT OPEN ... ERROR(02)
2015/04/09 20:14:42: 
2015/04/09 20:14:42: ######## Error has occurred ########
2015/04/09 20:14:42: 
*************************************************


*********** Start the Initialize Key Check **********
2015/04/09 20:14:42: Tool Ver: 2013.0605.01
2015/04/09 20:14:42: COM PORT OPEN ... ERROR(02)
2015/04/09 20:14:42: 
2015/04/09 20:14:42: ######## Error has occurred ########
2015/04/09 20:14:42: 
*************************************************


*********** Start the Initialize Key Check **********
2015/04/09 20:14:42: Tool Ver: 2013.0605.01
2015/04/09 20:14:42: COM PORT OPEN ... ERROR(02)
2015/04/09 20:14:42: 
2015/04/09 20:14:42: ######## Error has occurred ########
2015/04/09 20:14:42: 
*************************************************


*********** Start the Initialize Key Check **********
2015/04/09 20:14:42: Tool Ver: 2013.0605.01
2015/04/09 20:14:42: COM PORT OPEN ... ERROR(02)
2015/04/09 20:14:42: 
2015/04/09 20:14:42: ######## Error has occurred ########
2015/04/09 20:14:42: 
*************************************************


*********** Start the Initialize Key Check **********
2015/04/09 20:14:56: Tool Ver: 2013.0605.01
2015/04/09 20:14:56: COM PORT OPEN ... OK
2015/04/09 20:14:57:
2015/04/09 20:14:57: ProductS/N:  5400023
2015/04/09 20:14:57: TID: 8604260762842D80
2015/04/09 20:14:57: F/W Version: 00.00.08
2015/04/09 20:14:57:
2015/04/09 20:14:57: MasterKey Key Entry ... OK
2015/04/09 20:14:57: PowerON Counter Key Entry ... OK
2015/04/09 20:14:57: Key Entry ... OK
2015/04/09 20:14:57: Complete.
2015/04/09 20:14:57: COM PORT CLOSE ... OK
2015/04/09 20:14:57: 
2015/04/09 20:14:57: ==== Processing was completed ====
2015/04/09 20:14:57: 
*************************************************


*********** Start the Initialize Key Check **********
2015/04/09 20:16:34: Tool Ver: 2013.0605.01
2015/04/09 20:16:34: COM PORT OPEN ... OK
2015/04/09 20:16:34:
2015/04/09 20:16:34: ProductS/N:  5400144
2015/04/09 20:16:35: TID: 8604282062842D80
2015/04/09 20:16:35: F/W Version: 00.00.08
2015/04/09 20:16:35:
2015/04/09 20:16:35: MasterKey Key Entry ... OK
2015/04/09 20:16:35: PowerON Counter Key Entry ... OK
2015/04/09 20:16:35: Key Entry ... OK
2015/04/09 20:16:35: Complete.
2015/04/09 20:16:35: COM PORT CLOSE ... OK
2015/04/09 20:16:35: 
2015/04/09 20:16:35: ==== Processing was completed ====
2015/04/09 20:16:35: 
*************************************************


*********** Start the Initialize Key Check **********
2015/04/09 20:23:05: Tool Ver: 2013.0605.01
2015/04/09 20:23:05: COM PORT OPEN ... OK
2015/04/09 20:23:05:
2015/04/09 20:23:05: ProductS/N:  5400145
2015/04/09 20:23:05: TID: 86043C2E6A842D80
2015/04/09 20:23:05: F/W Version: 00.00.08
2015/04/09 20:23:05:
2015/04/09 20:23:05: MasterKey Key Entry ... OK
2015/04/09 20:23:05: PowerON Counter Key Entry ... OK
2015/04/09 20:23:05: Key Entry ... OK
2015/04/09 20:23:05: Complete.
2015/04/09 20:23:05: COM PORT CLOSE ... OK
2015/04/09 20:23:05: 
2015/04/09 20:23:05: ==== Processing was completed ====
2015/04/09 20:23:05: 
*************************************************


*********** Start the Initialize Key Check **********
2015/04/09 20:28:36: Tool Ver: 2013.0605.01
2015/04/09 20:28:36: COM PORT OPEN ... OK
2015/04/09 20:28:36:
2015/04/09 20:28:36: ProductS/N:  5400067
2015/04/09 20:28:36: TID: 8604183C62842D80
2015/04/09 20:28:36: F/W Version: 00.00.08
2015/04/09 20:28:36:
2015/04/09 20:28:36: MasterKey Key Entry ... OK
2015/04/09 20:28:36: PowerON Counter Key Entry ... OK
2015/04/09 20:28:37: Key Entry ... OK
2015/04/09 20:28:37: Complete.
2015/04/09 20:28:37: COM PORT CLOSE ... OK
2015/04/09 20:28:37: 
2015/04/09 20:28:37: ==== Processing was completed ====
2015/04/09 20:28:37: 
*************************************************


*********** Start the Initialize Key Check **********
2015/04/09 20:36:40: Tool Ver: 2013.0605.01
2015/04/09 20:36:40: COM PORT OPEN ... OK
2015/04/09 20:36:40:
2015/04/09 20:36:40: ProductS/N:  5400047
2015/04/09 20:36:40: TID: 860431245A842D80
2015/04/09 20:36:40: F/W Version: 00.00.08
2015/04/09 20:36:40:
2015/04/09 20:36:40: MasterKey Key Entry ... OK
2015/04/09 20:36:40: PowerON Counter Key Entry ... OK
2015/04/09 20:36:41: Key Entry ... OK
2015/04/09 20:36:41: Complete.
2015/04/09 20:36:41: COM PORT CLOSE ... OK
2015/04/09 20:36:41: 
2015/04/09 20:36:41: ==== Processing was completed ====
2015/04/09 20:36:41: 
*************************************************


*********** Start the Initialize Key Check **********
2015/04/09 20:41:56: Tool Ver: 2013.0605.01
2015/04/09 20:41:56: COM PORT OPEN ... OK
2015/04/09 20:41:56:
2015/04/09 20:41:56: ProductS/N:  5400022
2015/04/09 20:41:56: TID: 86040B126A842D80
2015/04/09 20:41:56: F/W Version: 00.00.08
2015/04/09 20:41:56:
2015/04/09 20:41:56: MasterKey Key Entry ... OK
2015/04/09 20:41:56: PowerON Counter Key Entry ... OK
2015/04/09 20:41:56: Key Entry ... OK
2015/04/09 20:41:56: Complete.
2015/04/09 20:41:56: COM PORT CLOSE ... OK
2015/04/09 20:41:56: 
2015/04/09 20:41:56: ==== Processing was completed ====
2015/04/09 20:41:56: 
*************************************************


*********** Start the Initialize Key Check **********
2015/04/09 20:48:03: Tool Ver: 2013.0605.01
2015/04/09 20:48:03: COM PORT OPEN ... OK
2015/04/09 20:48:04:
2015/04/09 20:48:04: ProductS/N:  5400017
2015/04/09 20:48:04: TID: 86042F355A842D80
2015/04/09 20:48:04: F/W Version: 00.00.08
2015/04/09 20:48:04:
2015/04/09 20:48:04: MasterKey Key Entry ... OK
2015/04/09 20:48:04: PowerON Counter Key Entry ... OK
2015/04/09 20:48:04: Key Entry ... OK
2015/04/09 20:48:04: Complete.
2015/04/09 20:48:04: COM PORT CLOSE ... OK
2015/04/09 20:48:04: 
2015/04/09 20:48:04: ==== Processing was completed ====
2015/04/09 20:48:04: 
*************************************************


*********** Start the Initialize Key Check **********
2015/04/09 20:52:58: Tool Ver: 2013.0605.01
2015/04/09 20:52:58: COM PORT OPEN ... OK
2015/04/09 20:52:58:
2015/04/09 20:52:58: ProductS/N:  5400168
2015/04/09 20:52:58: TID: 8604072972842D80
2015/04/09 20:52:58: F/W Version: 00.00.08
2015/04/09 20:52:58:
2015/04/09 20:52:58: MasterKey Key Entry ... OK
2015/04/09 20:52:58: PowerON Counter Key Entry ... OK
2015/04/09 20:52:58: Key Entry ... OK
2015/04/09 20:52:58: Complete.
2015/04/09 20:52:58: COM PORT CLOSE ... OK
2015/04/09 20:52:58: 
2015/04/09 20:52:58: ==== Processing was completed ====
2015/04/09 20:52:58: 
*************************************************


*********** Start the Initialize Key Check **********
2015/04/09 21:06:03: Tool Ver: 2013.0605.01
2015/04/09 21:06:03: COM PORT OPEN ... OK
*********** Start the Initialize Key Check **********
2015/04/09 21:06:33: Tool Ver: 2013.0605.01
2015/04/09 21:06:33: COM PORT OPEN ... OK
*********** Start the Initialize Key Check **********
2015/04/09 21:07:16: Tool Ver: 2013.0605.01
2015/04/09 21:07:16: COM PORT OPEN ... OK
2015/04/09 21:07:16:
2015/04/09 21:07:16: ProductS/N:  5400130
2015/04/09 21:07:16: TID: 8604350D5A842D80
2015/04/09 21:07:16: F/W Version: 00.00.08
2015/04/09 21:07:16:
2015/04/09 21:07:16: MasterKey Key Entry ... OK
2015/04/09 21:07:16: PowerON Counter Key Entry ... OK
2015/04/09 21:07:17: Key Entry ... OK
2015/04/09 21:07:17: Complete.
2015/04/09 21:07:17: COM PORT CLOSE ... OK
2015/04/09 21:07:17: 
2015/04/09 21:07:17: ==== Processing was completed ====
2015/04/09 21:07:17: 
*************************************************


*********** Start the Initialize Key Check **********
2015/04/09 21:12:08: Tool Ver: 2013.0605.01
2015/04/09 21:12:08: COM PORT OPEN ... OK
2015/04/09 21:12:08:
2015/04/09 21:12:08: ProductS/N:  5400199
2015/04/09 21:12:08: TID: 8604233E62842D80
2015/04/09 21:12:08: F/W Version: 00.00.08
2015/04/09 21:12:08:
2015/04/09 21:12:08: MasterKey Key Entry ... OK
2015/04/09 21:12:08: PowerON Counter Key Entry ... OK
2015/04/09 21:12:09: Key Entry ... OK
2015/04/09 21:12:09: Complete.
2015/04/09 21:12:09: COM PORT CLOSE ... OK
2015/04/09 21:12:09: 
2015/04/09 21:12:09: ==== Processing was completed ====
2015/04/09 21:12:09: 
*************************************************


*********** Start the Initialize Key Check **********
2015/04/09 21:18:38: Tool Ver: 2013.0605.01
2015/04/09 21:18:38: COM PORT OPEN ... OK
2015/04/09 21:18:39:
2015/04/09 21:18:39: ProductS/N:  5400173
2015/04/09 21:18:39: TID: 86043A315A842D80
2015/04/09 21:18:39: F/W Version: 00.00.08
2015/04/09 21:18:39:
2015/04/09 21:18:39: MasterKey Key Entry ... OK
2015/04/09 21:18:39: PowerON Counter Key Entry ... OK
2015/04/09 21:18:39: Key Entry ... OK
2015/04/09 21:18:39: Complete.
2015/04/09 21:18:39: COM PORT CLOSE ... OK
2015/04/09 21:18:39: 
2015/04/09 21:18:39: ==== Processing was completed ====
2015/04/09 21:18:39: 
*************************************************


*********** Start the Initialize Key Check **********
2015/04/09 21:24:35: Tool Ver: 2013.0605.01
2015/04/09 21:24:35: COM PORT OPEN ... OK
2015/04/09 21:24:35:
2015/04/09 21:24:35: ProductS/N:  5400080
2015/04/09 21:24:35: TID: 8604292062842D80
2015/04/09 21:24:35: F/W Version: 00.00.08
2015/04/09 21:24:35:
2015/04/09 21:24:35: MasterKey Key Entry ... OK
2015/04/09 21:24:35: PowerON Counter Key Entry ... OK
2015/04/09 21:24:36: Key Entry ... OK
2015/04/09 21:24:36: Complete.
2015/04/09 21:24:36: COM PORT CLOSE ... OK
2015/04/09 21:24:36: 
2015/04/09 21:24:36: ==== Processing was completed ====
2015/04/09 21:24:36: 
*************************************************


*********** Start the Initialize Key Check **********
2015/04/09 21:31:23: Tool Ver: 2013.0605.01
2015/04/09 21:31:23: COM PORT OPEN ... OK
2015/04/09 21:31:24:
2015/04/09 21:31:24: ProductS/N:  5400058
2015/04/09 21:31:24: TID: 8604151762842D80
2015/04/09 21:31:24: F/W Version: 00.00.08
2015/04/09 21:31:24:
2015/04/09 21:31:24: MasterKey Key Entry ... OK
2015/04/09 21:31:24: PowerON Counter Key Entry ... OK
2015/04/09 21:31:24: Key Entry ... OK
2015/04/09 21:31:24: Complete.
2015/04/09 21:31:24: COM PORT CLOSE ... OK
2015/04/09 21:31:24: 
2015/04/09 21:31:24: ==== Processing was completed ====
2015/04/09 21:31:24: 
*************************************************


*********** Start the Initialize Key Check **********
2015/04/09 21:37:33: Tool Ver: 2013.0605.01
2015/04/09 21:37:33: COM PORT OPEN ... OK
2015/04/09 21:37:33:
2015/04/09 21:37:33: ProductS/N:  5400074
2015/04/09 21:37:33: TID: 8604372C5A842D80
2015/04/09 21:37:33: F/W Version: 00.00.08
2015/04/09 21:37:33:
2015/04/09 21:37:33: MasterKey Key Entry ... OK
2015/04/09 21:37:33: PowerON Counter Key Entry ... OK
2015/04/09 21:37:34: Key Entry ... OK
2015/04/09 21:37:34: Complete.
2015/04/09 21:37:34: COM PORT CLOSE ... OK
2015/04/09 21:37:34: 
2015/04/09 21:37:34: ==== Processing was completed ====
2015/04/09 21:37:34: 
*************************************************


*********** Start the Initialize Key Check **********
2015/04/09 21:44:10: Tool Ver: 2013.0605.01
2015/04/09 21:44:10: COM PORT OPEN ... OK
2015/04/09 21:44:10:
2015/04/09 21:44:10: ProductS/N:  5400074
2015/04/09 21:44:10: TID: 860430115A842D80
2015/04/09 21:44:10: F/W Version: 00.00.08
2015/04/09 21:44:10:
2015/04/09 21:44:10: MasterKey Key Entry ... OK
2015/04/09 21:44:10: PowerON Counter Key Entry ... OK
2015/04/09 21:44:11: Key Entry ... OK
2015/04/09 21:44:11: Complete.
2015/04/09 21:44:11: COM PORT CLOSE ... OK
2015/04/09 21:44:11: 
2015/04/09 21:44:11: ==== Processing was completed ====
2015/04/09 21:44:11: 
*************************************************


*********** Start the Initialize Key Check **********
2015/04/09 21:52:36: Tool Ver: 2013.0605.01
2015/04/09 21:52:36: COM PORT OPEN ... OK
2015/04/09 21:52:36:
2015/04/09 21:52:36: ProductS/N:  5400070
2015/04/09 21:52:36: TID: 860417196A842D80
2015/04/09 21:52:36: F/W Version: 00.00.08
2015/04/09 21:52:36:
2015/04/09 21:52:36: MasterKey Key Entry ... OK
2015/04/09 21:52:36: PowerON Counter Key Entry ... OK
2015/04/09 21:52:37: Key Entry ... OK
2015/04/09 21:52:37: Complete.
2015/04/09 21:52:37: COM PORT CLOSE ... OK
2015/04/09 21:52:37: 
2015/04/09 21:52:37: ==== Processing was completed ====
2015/04/09 21:52:37: 
*************************************************


*********** Start the Initialize Key Check **********
2015/04/09 22:02:18: Tool Ver: 2013.0605.01
2015/04/09 22:02:18: COM PORT OPEN ... OK
2015/04/09 22:02:18:
2015/04/09 22:02:18: ProductS/N:  5400062
2015/04/09 22:02:18: TID: 8604343F5A842D80
2015/04/09 22:02:18: F/W Version: 00.00.08
2015/04/09 22:02:18:
2015/04/09 22:02:18: MasterKey Key Entry ... OK
2015/04/09 22:02:18: PowerON Counter Key Entry ... OK
2015/04/09 22:02:19: Key Entry ... OK
2015/04/09 22:02:19: Complete.
2015/04/09 22:02:19: COM PORT CLOSE ... OK
2015/04/09 22:02:19: 
2015/04/09 22:02:19: ==== Processing was completed ====
2015/04/09 22:02:19: 
*************************************************


*********** Start the Initialize Key Check **********
2015/04/09 22:09:49: Tool Ver: 2013.0605.01
2015/04/09 22:09:49: COM PORT OPEN ... OK
2015/04/09 22:09:49:
2015/04/09 22:09:49: ProductS/N:  5400072
2015/04/09 22:09:49: TID: 8604291F62842D80
2015/04/09 22:09:49: F/W Version: 00.00.08
2015/04/09 22:09:49:
2015/04/09 22:09:49: MasterKey Key Entry ... OK
2015/04/09 22:09:49: PowerON Counter Key Entry ... OK
2015/04/09 22:09:50: Key Entry ... OK
2015/04/09 22:09:50: Complete.
2015/04/09 22:09:50: COM PORT CLOSE ... OK
2015/04/09 22:09:50: 
2015/04/09 22:09:50: ==== Processing was completed ====
2015/04/09 22:09:50: 
*************************************************


*********** Start the Initialize Key Check **********
2015/04/09 22:16:48: Tool Ver: 2013.0605.01
2015/04/09 22:16:48: COM PORT OPEN ... OK
2015/04/09 22:16:48:
2015/04/09 22:16:48: ProductS/N:  5400036
2015/04/09 22:16:48: TID: 8604290E62842D80
2015/04/09 22:16:48: F/W Version: 00.00.08
2015/04/09 22:16:48:
2015/04/09 22:16:48: MasterKey Key Entry ... OK
2015/04/09 22:16:48: PowerON Counter Key Entry ... OK
2015/04/09 22:16:49: Key Entry ... OK
2015/04/09 22:16:49: Complete.
2015/04/09 22:16:49: COM PORT CLOSE ... OK
2015/04/09 22:16:49: 
2015/04/09 22:16:49: ==== Processing was completed ====
2015/04/09 22:16:49: 
*************************************************


*********** Start the Initialize Key Check **********
2015/04/09 22:21:57: Tool Ver: 2013.0605.01
2015/04/09 22:21:57: COM PORT OPEN ... OK
2015/04/09 22:21:57:
2015/04/09 22:21:57: ProductS/N:  5400081
2015/04/09 22:21:57: TID: 8604100D72842D80
2015/04/09 22:21:57: F/W Version: 00.00.08
2015/04/09 22:21:57:
2015/04/09 22:21:57: MasterKey Key Entry ... OK
2015/04/09 22:21:57: PowerON Counter Key Entry ... OK
2015/04/09 22:21:58: Key Entry ... OK
2015/04/09 22:21:58: Complete.
2015/04/09 22:21:58: COM PORT CLOSE ... OK
2015/04/09 22:21:58: 
2015/04/09 22:21:58: ==== Processing was completed ====
2015/04/09 22:21:58: 
*************************************************


*********** Start the Initialize Key Check **********
2015/04/09 22:28:21: Tool Ver: 2013.0605.01
2015/04/09 22:28:21: COM PORT OPEN ... OK
2015/04/09 22:28:22:
2015/04/09 22:28:22: ProductS/N:  5400068
2015/04/09 22:28:22: TID: 860432315A842D80
2015/04/09 22:28:22: F/W Version: 00.00.08
2015/04/09 22:28:22:
2015/04/09 22:28:22: MasterKey Key Entry ... OK
2015/04/09 22:28:22: PowerON Counter Key Entry ... OK
2015/04/09 22:28:22: Key Entry ... OK
2015/04/09 22:28:22: Complete.
2015/04/09 22:28:22: COM PORT CLOSE ... OK
2015/04/09 22:28:22: 
2015/04/09 22:28:22: ==== Processing was completed ====
2015/04/09 22:28:22: 
*************************************************


*********** Start the Initialize Key Check **********
2015/04/09 22:34:46: Tool Ver: 2013.0605.01
2015/04/09 22:34:46: COM PORT OPEN ... OK
2015/04/09 22:34:46:
2015/04/09 22:34:46: ProductS/N:  5400038
2015/04/09 22:34:46: TID: 860442256A842D80
2015/04/09 22:34:46: F/W Version: 00.00.08
2015/04/09 22:34:46:
2015/04/09 22:34:46: MasterKey Key Entry ... OK
2015/04/09 22:34:46: PowerON Counter Key Entry ... OK
2015/04/09 22:34:46: Key Entry ... OK
2015/04/09 22:34:46: Complete.
2015/04/09 22:34:46: COM PORT CLOSE ... OK
2015/04/09 22:34:46: 
2015/04/09 22:34:46: ==== Processing was completed ====
2015/04/09 22:34:46: 
*************************************************


*********** Start the Initialize Key Check **********
2015/04/09 22:41:09: Tool Ver: 2013.0605.01
2015/04/09 22:41:09: COM PORT OPEN ... OK
2015/04/09 22:41:09:
2015/04/09 22:41:09: ProductS/N:  5400123
2015/04/09 22:41:10: TID: 860432295A842D80
2015/04/09 22:41:10: F/W Version: 00.00.08
2015/04/09 22:41:10:
2015/04/09 22:41:10: MasterKey Key Entry ... OK
2015/04/09 22:41:10: PowerON Counter Key Entry ... OK
2015/04/09 22:41:10: Key Entry ... OK
2015/04/09 22:41:10: Complete.
2015/04/09 22:41:10: COM PORT CLOSE ... OK
2015/04/09 22:41:10: 
2015/04/09 22:41:10: ==== Processing was completed ====
2015/04/09 22:41:10: 
*************************************************


*********** Start the Initialize Key Check **********
2015/04/09 22:45:46: Tool Ver: 2013.0605.01
2015/04/09 22:45:46: COM PORT OPEN ... OK
2015/04/09 22:45:46:
2015/04/09 22:45:46: ProductS/N:  5400076
2015/04/09 22:45:46: TID: 8604330B5A842D80
2015/04/09 22:45:46: F/W Version: 00.00.08
2015/04/09 22:45:46:
2015/04/09 22:45:46: MasterKey Key Entry ... OK
2015/04/09 22:45:47: PowerON Counter Key Entry ... OK
2015/04/09 22:45:47: Key Entry ... OK
2015/04/09 22:45:47: Complete.
2015/04/09 22:45:47: COM PORT CLOSE ... OK
2015/04/09 22:45:47: 
2015/04/09 22:45:47: ==== Processing was completed ====
2015/04/09 22:45:47: 
*************************************************


