*********** Start the Initialize Key Check **********
2015/04/02 14:25:10: Tool Ver: 2013.0605.01
2015/04/02 14:25:10: COM PORT OPEN ... OK
2015/04/02 14:25:10:
2015/04/02 14:25:10: ProductS/N:  5300803
2015/04/02 14:25:10: TID: 8604201E62842D80
2015/04/02 14:25:10: F/W Version: 00.00.08
2015/04/02 14:25:10:
2015/04/02 14:25:10: MasterKey Key Entry ... OK
2015/04/02 14:25:10: PowerON Counter Key Entry ... OK
2015/04/02 14:25:11: Key Entry ... OK
2015/04/02 14:25:11: Complete.
2015/04/02 14:25:11: COM PORT CLOSE ... OK
2015/04/02 14:25:11: 
2015/04/02 14:25:11: ==== Processing was completed ====
2015/04/02 14:25:11: 
*************************************************


*********** Start the Initialize Key Check **********
2015/04/02 16:11:22: Tool Ver: 2013.0605.01
2015/04/02 16:11:22: Product S/N ... ERROR
2015/04/02 16:11:22: 
2015/04/02 16:11:22: ######## Error has occurred ########
2015/04/02 16:11:22: 
*************************************************


*********** Start the Initialize Key Check **********
2015/04/02 16:11:22: Tool Ver: 2013.0605.01
2015/04/02 16:11:22: Product S/N ... ERROR
2015/04/02 16:11:22: 
2015/04/02 16:11:22: ######## Error has occurred ########
2015/04/02 16:11:22: 
*************************************************


*********** Start the Initialize Key Check **********
2015/04/02 16:11:22: Tool Ver: 2013.0605.01
2015/04/02 16:11:22: Product S/N ... ERROR
2015/04/02 16:11:22: 
2015/04/02 16:11:22: ######## Error has occurred ########
2015/04/02 16:11:22: 
*************************************************


*********** Start the Initialize Key Check **********
2015/04/02 16:11:23: Tool Ver: 2013.0605.01
2015/04/02 16:11:23: Product S/N ... ERROR
2015/04/02 16:11:23: 
2015/04/02 16:11:23: ######## Error has occurred ########
2015/04/02 16:11:23: 
*************************************************


*********** Start the Initialize Key Check **********
2015/04/02 16:12:02: Tool Ver: 2013.0605.01
2015/04/02 16:12:02: COM PORT OPEN ... OK
2015/04/02 16:12:02:
2015/04/02 16:12:02: ProductS/N:  5301101
2015/04/02 16:12:03: TID: 860407206A842D80
2015/04/02 16:12:03: F/W Version: 00.00.08
2015/04/02 16:12:03:
2015/04/02 16:12:03: MasterKey Key Entry ... OK
2015/04/02 16:12:03: PowerON Counter Key Entry ... OK
2015/04/02 16:12:03: Key Entry ... OK
2015/04/02 16:12:03: Complete.
2015/04/02 16:12:03: COM PORT CLOSE ... OK
2015/04/02 16:12:03: 
2015/04/02 16:12:03: ==== Processing was completed ====
2015/04/02 16:12:03: 
*************************************************


*********** Start the Initialize Key Check **********
2015/04/02 16:48:58: Tool Ver: 2013.0605.01
2015/04/02 16:48:58: COM PORT OPEN ... OK
2015/04/02 16:48:58:
2015/04/02 16:48:58: ProductS/N:  5301203
2015/04/02 16:48:58: TID: 86041A2C5A842D80
2015/04/02 16:48:58: F/W Version: 00.00.08
2015/04/02 16:48:58:
2015/04/02 16:48:58: MasterKey Key Entry ... OK
2015/04/02 16:48:58: PowerON Counter Key Entry ... OK
2015/04/02 16:48:59: Key Entry ... OK
2015/04/02 16:48:59: Complete.
2015/04/02 16:48:59: COM PORT CLOSE ... OK
2015/04/02 16:48:59: 
2015/04/02 16:48:59: ==== Processing was completed ====
2015/04/02 16:48:59: 
*************************************************


*********** Start the Initialize Key Check **********
2015/04/02 17:04:01: Tool Ver: 2013.0605.01
2015/04/02 17:04:02: COM PORT OPEN ... OK
2015/04/02 17:04:02:
2015/04/02 17:04:02: ProductS/N:  5301202
2015/04/02 17:04:02: TID: 8604260662842D80
2015/04/02 17:04:02: F/W Version: 00.00.08
2015/04/02 17:04:02:
2015/04/02 17:04:02: MasterKey Key Entry ... OK
2015/04/02 17:04:02: PowerON Counter Key Entry ... OK
2015/04/02 17:04:02: Key Entry ... OK
2015/04/02 17:04:02: Complete.
2015/04/02 17:04:02: COM PORT CLOSE ... OK
2015/04/02 17:04:02: 
2015/04/02 17:04:02: ==== Processing was completed ====
2015/04/02 17:04:02: 
*************************************************


*********** Start the Initialize Key Check **********
2015/04/02 17:14:46: Tool Ver: 2013.0605.01
2015/04/02 17:14:46: COM PORT OPEN ... OK
2015/04/02 17:14:46:
2015/04/02 17:14:46: ProductS/N:  5301204
2015/04/02 17:14:46: TID: 86042C3C32E62080
2015/04/02 17:14:46: F/W Version: 00.00.08
2015/04/02 17:14:46:
2015/04/02 17:14:46: MasterKey Key Entry ... OK
2015/04/02 17:14:46: PowerON Counter Key Entry ... OK
2015/04/02 17:14:47: Key Entry ... OK
2015/04/02 17:14:47: Complete.
2015/04/02 17:14:47: COM PORT CLOSE ... OK
2015/04/02 17:14:47: 
2015/04/02 17:14:47: ==== Processing was completed ====
2015/04/02 17:14:47: 
*************************************************


*********** Start the Initialize Key Check **********
2015/04/02 18:11:10: Tool Ver: 2013.0605.01
2015/04/02 18:11:10: COM PORT OPEN ... OK
2015/04/02 18:11:11:
2015/04/02 18:11:11: ProductS/N:  5301102
2015/04/02 18:11:11: TID: 8604201662842D80
2015/04/02 18:11:11: F/W Version: 00.00.08
2015/04/02 18:11:11:
2015/04/02 18:11:11: MasterKey Key Entry ... OK
2015/04/02 18:11:11: PowerON Counter Key Entry ... OK
2015/04/02 18:11:11: Key Entry ... OK
2015/04/02 18:11:11: Complete.
2015/04/02 18:11:11: COM PORT CLOSE ... OK
2015/04/02 18:11:11: 
2015/04/02 18:11:11: ==== Processing was completed ====
2015/04/02 18:11:11: 
*************************************************


*********** Start the Initialize Key Check **********
2015/04/02 18:21:42: Tool Ver: 2013.0605.01
2015/04/02 18:21:42: COM PORT OPEN ... OK
2015/04/02 18:21:42:
2015/04/02 18:21:42: ProductS/N:  5301103
2015/04/02 18:21:42: TID: 8604412162842D80
2015/04/02 18:21:42: F/W Version: 00.00.08
2015/04/02 18:21:42:
2015/04/02 18:21:42: MasterKey Key Entry ... OK
2015/04/02 18:21:42: PowerON Counter Key Entry ... OK
2015/04/02 18:21:43: Key Entry ... OK
2015/04/02 18:21:43: Complete.
2015/04/02 18:21:43: COM PORT CLOSE ... OK
2015/04/02 18:21:43: 
2015/04/02 18:21:43: ==== Processing was completed ====
2015/04/02 18:21:43: 
*************************************************


*********** Start the Initialize Key Check **********
2015/04/02 18:53:01: Tool Ver: 2013.0605.01
2015/04/02 18:53:01: Product S/N ... ERROR
2015/04/02 18:53:01: 
2015/04/02 18:53:01: ######## Error has occurred ########
2015/04/02 18:53:01: 
*************************************************


*********** Start the Initialize Key Check **********
2015/04/02 18:53:19: Tool Ver: 2013.0605.01
2015/04/02 18:53:19: Product S/N ... ERROR
2015/04/02 18:53:19: 
2015/04/02 18:53:19: ######## Error has occurred ########
2015/04/02 18:53:19: 
*************************************************


*********** Start the Initialize Key Check **********
2015/04/02 18:53:28: Tool Ver: 2013.0605.01
2015/04/02 18:53:28: COM PORT OPEN ... OK
2015/04/02 18:53:28:
2015/04/02 18:53:28: ProductS/N:  5301201
2015/04/02 18:53:28: TID: 8604323C32E62080
2015/04/02 18:53:28: F/W Version: 00.00.08
2015/04/02 18:53:28:
2015/04/02 18:53:28: MasterKey Key Entry ... OK
2015/04/02 18:53:28: PowerON Counter Key Entry ... OK
2015/04/02 18:53:29: Key Entry ... OK
2015/04/02 18:53:29: Complete.
2015/04/02 18:53:29: COM PORT CLOSE ... OK
2015/04/02 18:53:29: 
2015/04/02 18:53:29: ==== Processing was completed ====
2015/04/02 18:53:29: 
*************************************************


*********** Start the Initialize Key Check **********
2015/04/02 19:03:44: Tool Ver: 2013.0605.01
2015/04/02 19:03:44: COM PORT OPEN ... OK
2015/04/02 19:03:44:
2015/04/02 19:03:44: ProductS/N:  5301001
2015/04/02 19:03:44: TID: 8604250F62842D80
2015/04/02 19:03:44: F/W Version: 00.00.08
2015/04/02 19:03:44:
2015/04/02 19:03:44: MasterKey Key Entry ... OK
2015/04/02 19:03:44: PowerON Counter Key Entry ... OK
2015/04/02 19:03:45: Key Entry ... OK
2015/04/02 19:03:45: Complete.
2015/04/02 19:03:45: COM PORT CLOSE ... OK
2015/04/02 19:03:45: 
2015/04/02 19:03:45: ==== Processing was completed ====
2015/04/02 19:03:45: 
*************************************************


*********** Start the Initialize Key Check **********
2015/04/02 19:23:08: Tool Ver: 2013.0605.01
2015/04/02 19:23:08: COM PORT OPEN ... OK
2015/04/02 19:23:08:
2015/04/02 19:23:08: ProductS/N:  5301002
2015/04/02 19:23:08: TID: 8604201E62842D80
2015/04/02 19:23:08: F/W Version: 00.00.08
2015/04/02 19:23:08:
2015/04/02 19:23:08: MasterKey Key Entry ... OK
2015/04/02 19:23:08: PowerON Counter Key Entry ... OK
2015/04/02 19:23:08: Key Entry ... OK
2015/04/02 19:23:08: Complete.
2015/04/02 19:23:08: COM PORT CLOSE ... OK
2015/04/02 19:23:08: 
2015/04/02 19:23:08: ==== Processing was completed ====
2015/04/02 19:23:08: 
*************************************************


