*********** Start the Initialize Key Check **********
2015/01/05 08:15:50: Tool Ver: 2013.0605.01
2015/01/05 08:15:50: COM PORT OPEN ... OK
2015/01/05 08:15:50:
2015/01/05 08:15:50: ProductS/N:  VRW06B115100210
2015/01/05 08:15:50: TID: 8604352A3AE62080
2015/01/05 08:15:50: F/W Version: 00.00.08
2015/01/05 08:15:50:
2015/01/05 08:15:50: MasterKey Key Entry ... OK
2015/01/05 08:15:50: PowerON Counter Key Entry ... OK
2015/01/05 08:15:50: Key Entry ... OK
2015/01/05 08:15:50: Complete.
2015/01/05 08:15:50: COM PORT CLOSE ... OK
2015/01/05 08:15:50: 
2015/01/05 08:15:50: ==== Processing was completed ====
2015/01/05 08:15:50: 
*************************************************


*********** Start the Initialize Key Check **********
2015/01/05 08:16:04: Tool Ver: 2013.0605.01
2015/01/05 08:16:04: COM PORT OPEN ... OK
2015/01/05 08:16:04:
2015/01/05 08:16:04: ProductS/N:  VRW06B115100210
2015/01/05 08:16:04: TID: 8604352A3AE62080
2015/01/05 08:16:04: F/W Version: 00.00.08
2015/01/05 08:16:04:
2015/01/05 08:16:04: MasterKey Key Entry ... OK
2015/01/05 08:16:04: PowerON Counter Key Entry ... OK
2015/01/05 08:16:05: Key Entry ... OK
2015/01/05 08:16:05: Complete.
2015/01/05 08:16:05: COM PORT CLOSE ... OK
2015/01/05 08:16:05: 
2015/01/05 08:16:05: ==== Processing was completed ====
2015/01/05 08:16:05: 
*************************************************


*********** Start the Initialize Key Check **********
2015/01/05 08:19:04: Tool Ver: 2013.0605.01
2015/01/05 08:19:04: COM PORT OPEN ... OK
2015/01/05 08:19:04:
2015/01/05 08:19:04: ProductS/N:  VRW06B115100207
2015/01/05 08:19:04: TID: 86042234CAE52080
2015/01/05 08:19:04: F/W Version: 00.00.08
2015/01/05 08:19:04:
2015/01/05 08:19:04: MasterKey Key Entry ... OK
2015/01/05 08:19:04: PowerON Counter Key Entry ... OK
2015/01/05 08:19:05: Key Entry ... OK
2015/01/05 08:19:05: Complete.
2015/01/05 08:19:05: COM PORT CLOSE ... OK
2015/01/05 08:19:05: 
2015/01/05 08:19:05: ==== Processing was completed ====
2015/01/05 08:19:05: 
*************************************************


*********** Start the Initialize Key Check **********
2015/01/05 08:19:18: Tool Ver: 2013.0605.01
2015/01/05 08:19:18: COM PORT OPEN ... OK
2015/01/05 08:19:18:
2015/01/05 08:19:18: ProductS/N:  VRW06B115100207
2015/01/05 08:19:18: TID: 86042234CAE52080
2015/01/05 08:19:18: F/W Version: 00.00.08
2015/01/05 08:19:18:
2015/01/05 08:19:18: MasterKey Key Entry ... OK
2015/01/05 08:19:18: PowerON Counter Key Entry ... OK
2015/01/05 08:19:18: Key Entry ... OK
2015/01/05 08:19:18: Complete.
2015/01/05 08:19:18: COM PORT CLOSE ... OK
2015/01/05 08:19:18: 
2015/01/05 08:19:18: ==== Processing was completed ====
2015/01/05 08:19:18: 
*************************************************


*********** Start the Initialize Key Check **********
2015/01/05 08:22:31: Tool Ver: 2013.0605.01
2015/01/05 08:22:31: COM PORT OPEN ... OK
2015/01/05 08:22:31:
2015/01/05 08:22:31: ProductS/N:  VRW06B115100048
2015/01/05 08:22:31: TID: 86041C1BD2E52080
2015/01/05 08:22:31: F/W Version: 00.00.08
2015/01/05 08:22:31:
2015/01/05 08:22:32: MasterKey Key Entry ... OK
2015/01/05 08:22:32: PowerON Counter Key Entry ... OK
2015/01/05 08:22:32: Key Entry ... OK
2015/01/05 08:22:32: Complete.
2015/01/05 08:22:32: COM PORT CLOSE ... OK
2015/01/05 08:22:32: 
2015/01/05 08:22:32: ==== Processing was completed ====
2015/01/05 08:22:32: 
*************************************************


*********** Start the Initialize Key Check **********
2015/01/05 08:22:42: Tool Ver: 2013.0605.01
2015/01/05 08:22:42: COM PORT OPEN ... OK
2015/01/05 08:22:42:
2015/01/05 08:22:42: ProductS/N:  VRW06B115100048
2015/01/05 08:22:42: TID: 86041C1BD2E52080
2015/01/05 08:22:42: F/W Version: 00.00.08
2015/01/05 08:22:42:
2015/01/05 08:22:42: MasterKey Key Entry ... OK
2015/01/05 08:22:42: PowerON Counter Key Entry ... OK
2015/01/05 08:22:42: Key Entry ... OK
2015/01/05 08:22:42: Complete.
2015/01/05 08:22:42: COM PORT CLOSE ... OK
2015/01/05 08:22:42: 
2015/01/05 08:22:42: ==== Processing was completed ====
2015/01/05 08:22:42: 
*************************************************


*********** Start the Initialize Key Check **********
2015/01/05 08:25:17: Tool Ver: 2013.0605.01
2015/01/05 08:25:17: COM PORT OPEN ... OK
2015/01/05 08:25:17:
2015/01/05 08:25:17: ProductS/N:  VRW06B115100199
2015/01/05 08:25:17: TID: 8604382622E62080
2015/01/05 08:25:17: F/W Version: 00.00.08
2015/01/05 08:25:17:
2015/01/05 08:25:17: MasterKey Key Entry ... OK
2015/01/05 08:25:17: PowerON Counter Key Entry ... OK
2015/01/05 08:25:18: Key Entry ... OK
2015/01/05 08:25:18: Complete.
2015/01/05 08:25:18: COM PORT CLOSE ... OK
2015/01/05 08:25:18: 
2015/01/05 08:25:18: ==== Processing was completed ====
2015/01/05 08:25:18: 
*************************************************


*********** Start the Initialize Key Check **********
2015/01/05 08:25:27: Tool Ver: 2013.0605.01
2015/01/05 08:25:27: COM PORT OPEN ... OK
2015/01/05 08:25:27:
2015/01/05 08:25:27: ProductS/N:  VRW06B115100199
2015/01/05 08:25:27: TID: 8604382622E62080
2015/01/05 08:25:27: F/W Version: 00.00.08
2015/01/05 08:25:27:
2015/01/05 08:25:27: MasterKey Key Entry ... OK
2015/01/05 08:25:27: PowerON Counter Key Entry ... OK
2015/01/05 08:25:28: Key Entry ... OK
2015/01/05 08:25:28: Complete.
2015/01/05 08:25:28: COM PORT CLOSE ... OK
2015/01/05 08:25:28: 
2015/01/05 08:25:28: ==== Processing was completed ====
2015/01/05 08:25:28: 
*************************************************


*********** Start the Initialize Key Check **********
2015/01/05 08:27:20: Tool Ver: 2013.0605.01
2015/01/05 08:27:20: COM PORT OPEN ... OK
2015/01/05 08:27:20:
2015/01/05 08:27:20: ProductS/N:  VRW06B115100196
2015/01/05 08:27:20: TID: 86042F2D3AE62080
2015/01/05 08:27:20: F/W Version: 00.00.08
2015/01/05 08:27:20:
2015/01/05 08:27:20: MasterKey Key Entry ... OK
2015/01/05 08:27:20: PowerON Counter Key Entry ... OK
2015/01/05 08:27:20: Key Entry ... OK
2015/01/05 08:27:20: Complete.
2015/01/05 08:27:20: COM PORT CLOSE ... OK
2015/01/05 08:27:20: 
2015/01/05 08:27:20: ==== Processing was completed ====
2015/01/05 08:27:20: 
*************************************************


*********** Start the Initialize Key Check **********
2015/01/05 08:27:28: Tool Ver: 2013.0605.01
2015/01/05 08:27:28: COM PORT OPEN ... OK
2015/01/05 08:27:28:
2015/01/05 08:27:28: ProductS/N:  VRW06B115100196
2015/01/05 08:27:28: TID: 86042F2D3AE62080
2015/01/05 08:27:28: F/W Version: 00.00.08
2015/01/05 08:27:28:
2015/01/05 08:27:28: MasterKey Key Entry ... OK
2015/01/05 08:27:28: PowerON Counter Key Entry ... OK
2015/01/05 08:27:29: Key Entry ... OK
2015/01/05 08:27:29: Complete.
2015/01/05 08:27:29: COM PORT CLOSE ... OK
2015/01/05 08:27:29: 
2015/01/05 08:27:29: ==== Processing was completed ====
2015/01/05 08:27:29: 
*************************************************


*********** Start the Initialize Key Check **********
2015/01/05 08:29:46: Tool Ver: 2013.0605.01
2015/01/05 08:29:46: COM PORT OPEN ... OK
2015/01/05 08:29:46:
2015/01/05 08:29:46: ProductS/N:  VRW06B115100187
2015/01/05 08:29:46: TID: 86043235CAE52080
2015/01/05 08:29:46: F/W Version: 00.00.08
2015/01/05 08:29:46:
2015/01/05 08:29:46: MasterKey Key Entry ... OK
2015/01/05 08:29:46: PowerON Counter Key Entry ... OK
2015/01/05 08:29:47: Key Entry ... OK
2015/01/05 08:29:47: Complete.
2015/01/05 08:29:47: COM PORT CLOSE ... OK
2015/01/05 08:29:47: 
2015/01/05 08:29:47: ==== Processing was completed ====
2015/01/05 08:29:47: 
*************************************************


*********** Start the Initialize Key Check **********
2015/01/05 08:29:57: Tool Ver: 2013.0605.01
2015/01/05 08:29:57: COM PORT OPEN ... OK
2015/01/05 08:29:57:
2015/01/05 08:29:57: ProductS/N:  VRW06B115100187
2015/01/05 08:29:57: TID: 86043235CAE52080
2015/01/05 08:29:57: F/W Version: 00.00.08
2015/01/05 08:29:57:
2015/01/05 08:29:57: MasterKey Key Entry ... OK
2015/01/05 08:29:57: PowerON Counter Key Entry ... OK
2015/01/05 08:29:58: Key Entry ... OK
2015/01/05 08:29:58: Complete.
2015/01/05 08:29:58: COM PORT CLOSE ... OK
2015/01/05 08:29:58: 
2015/01/05 08:29:58: ==== Processing was completed ====
2015/01/05 08:29:58: 
*************************************************


*********** Start the Initialize Key Check **********
2015/01/05 08:31:42: Tool Ver: 2013.0605.01
2015/01/05 08:31:42: COM PORT OPEN ... OK
2015/01/05 08:31:42:
2015/01/05 08:31:42: ProductS/N:  VRW06B115100208
2015/01/05 08:31:42: TID: 86043014D2E52080
2015/01/05 08:31:42: F/W Version: 00.00.08
2015/01/05 08:31:42:
2015/01/05 08:31:42: MasterKey Key Entry ... OK
2015/01/05 08:31:42: PowerON Counter Key Entry ... OK
2015/01/05 08:31:42: Key Entry ... OK
2015/01/05 08:31:42: Complete.
2015/01/05 08:31:43: COM PORT CLOSE ... OK
2015/01/05 08:31:43: 
2015/01/05 08:31:43: ==== Processing was completed ====
2015/01/05 08:31:43: 
*************************************************


*********** Start the Initialize Key Check **********
2015/01/05 08:31:53: Tool Ver: 2013.0605.01
2015/01/05 08:31:53: COM PORT OPEN ... OK
2015/01/05 08:31:54:
2015/01/05 08:31:54: ProductS/N:  VRW06B115100208
2015/01/05 08:31:54: TID: 86043014D2E52080
2015/01/05 08:31:54: F/W Version: 00.00.08
2015/01/05 08:31:54:
2015/01/05 08:31:54: MasterKey Key Entry ... OK
2015/01/05 08:31:54: PowerON Counter Key Entry ... OK
2015/01/05 08:31:54: Key Entry ... OK
2015/01/05 08:31:54: Complete.
2015/01/05 08:31:54: COM PORT CLOSE ... OK
2015/01/05 08:31:54: 
2015/01/05 08:31:54: ==== Processing was completed ====
2015/01/05 08:31:54: 
*************************************************


*********** Start the Initialize Key Check **********
2015/01/05 08:33:31: Tool Ver: 2013.0605.01
2015/01/05 08:33:31: COM PORT OPEN ... OK
2015/01/05 08:33:31:
2015/01/05 08:33:31: ProductS/N:  VRW06B115100202
2015/01/05 08:33:32: TID: 8604220632E62080
2015/01/05 08:33:32: F/W Version: 00.00.08
2015/01/05 08:33:32:
2015/01/05 08:33:32: MasterKey Key Entry ... OK
2015/01/05 08:33:32: PowerON Counter Key Entry ... OK
2015/01/05 08:33:32: Key Entry ... OK
2015/01/05 08:33:32: Complete.
2015/01/05 08:33:32: COM PORT CLOSE ... OK
2015/01/05 08:33:32: 
2015/01/05 08:33:32: ==== Processing was completed ====
2015/01/05 08:33:32: 
*************************************************


*********** Start the Initialize Key Check **********
2015/01/05 08:33:42: Tool Ver: 2013.0605.01
2015/01/05 08:33:42: COM PORT OPEN ... OK
2015/01/05 08:33:42:
2015/01/05 08:33:42: ProductS/N:  VRW06B115100202
2015/01/05 08:33:42: TID: 8604220632E62080
2015/01/05 08:33:42: F/W Version: 00.00.08
2015/01/05 08:33:42:
2015/01/05 08:33:42: MasterKey Key Entry ... OK
2015/01/05 08:33:42: PowerON Counter Key Entry ... OK
2015/01/05 08:33:43: Key Entry ... OK
2015/01/05 08:33:43: Complete.
2015/01/05 08:33:43: COM PORT CLOSE ... OK
2015/01/05 08:33:43: 
2015/01/05 08:33:43: ==== Processing was completed ====
2015/01/05 08:33:43: 
*************************************************


*********** Start the Initialize Key Check **********
2015/01/05 08:35:39: Tool Ver: 2013.0605.01
2015/01/05 08:35:39: COM PORT OPEN ... OK
2015/01/05 08:35:39:
2015/01/05 08:35:39: ProductS/N:  VRW06B115100201
2015/01/05 08:35:39: TID: 8604422522E62080
2015/01/05 08:35:39: F/W Version: 00.00.08
2015/01/05 08:35:39:
2015/01/05 08:35:39: MasterKey Key Entry ... OK
2015/01/05 08:35:39: PowerON Counter Key Entry ... OK
2015/01/05 08:35:39: Key Entry ... OK
2015/01/05 08:35:39: Complete.
2015/01/05 08:35:39: COM PORT CLOSE ... OK
2015/01/05 08:35:39: 
2015/01/05 08:35:39: ==== Processing was completed ====
2015/01/05 08:35:39: 
*************************************************


*********** Start the Initialize Key Check **********
2015/01/05 08:35:51: Tool Ver: 2013.0605.01
2015/01/05 08:35:51: COM PORT OPEN ... OK
2015/01/05 08:35:51:
2015/01/05 08:35:51: ProductS/N:  VRW06B115100201
2015/01/05 08:35:51: TID: 8604422522E62080
2015/01/05 08:35:51: F/W Version: 00.00.08
2015/01/05 08:35:51:
2015/01/05 08:35:51: MasterKey Key Entry ... OK
2015/01/05 08:35:51: PowerON Counter Key Entry ... OK
2015/01/05 08:35:51: Key Entry ... OK
2015/01/05 08:35:51: Complete.
2015/01/05 08:35:51: COM PORT CLOSE ... OK
2015/01/05 08:35:51: 
2015/01/05 08:35:51: ==== Processing was completed ====
2015/01/05 08:35:51: 
*************************************************


*********** Start the Initialize Key Check **********
2015/01/05 08:38:05: Tool Ver: 2013.0605.01
2015/01/05 08:38:05: COM PORT OPEN ... OK
2015/01/05 08:38:05:
2015/01/05 08:38:05: ProductS/N:  VRW06B115100204
2015/01/05 08:38:05: TID: 86043A2D3AE62080
2015/01/05 08:38:05: F/W Version: 00.00.08
2015/01/05 08:38:05:
2015/01/05 08:38:05: MasterKey Key Entry ... OK
2015/01/05 08:38:05: PowerON Counter Key Entry ... OK
2015/01/05 08:38:06: Key Entry ... OK
2015/01/05 08:38:06: Complete.
2015/01/05 08:38:06: COM PORT CLOSE ... OK
2015/01/05 08:38:06: 
2015/01/05 08:38:06: ==== Processing was completed ====
2015/01/05 08:38:06: 
*************************************************


*********** Start the Initialize Key Check **********
2015/01/05 08:38:16: Tool Ver: 2013.0605.01
2015/01/05 08:38:16: COM PORT OPEN ... OK
2015/01/05 08:38:16:
2015/01/05 08:38:16: ProductS/N:  VRW06B115100204
2015/01/05 08:38:16: TID: 86043A2D3AE62080
2015/01/05 08:38:16: F/W Version: 00.00.08
2015/01/05 08:38:16:
2015/01/05 08:38:16: MasterKey Key Entry ... OK
2015/01/05 08:38:16: PowerON Counter Key Entry ... OK
2015/01/05 08:38:17: Key Entry ... OK
2015/01/05 08:38:17: Complete.
2015/01/05 08:38:17: COM PORT CLOSE ... OK
2015/01/05 08:38:17: 
2015/01/05 08:38:17: ==== Processing was completed ====
2015/01/05 08:38:17: 
*************************************************


*********** Start the Initialize Key Check **********
2015/01/05 08:41:01: Tool Ver: 2013.0605.01
2015/01/05 08:41:01: COM PORT OPEN ... OK
2015/01/05 08:41:01:
2015/01/05 08:41:01: ProductS/N:  VRW06B115100205
2015/01/05 08:41:01: TID: 86042C2C3AE62080
2015/01/05 08:41:01: F/W Version: 00.00.08
2015/01/05 08:41:01:
2015/01/05 08:41:01: MasterKey Key Entry ... OK
2015/01/05 08:41:01: PowerON Counter Key Entry ... OK
2015/01/05 08:41:02: Key Entry ... OK
2015/01/05 08:41:02: Complete.
2015/01/05 08:41:02: COM PORT CLOSE ... OK
2015/01/05 08:41:02: 
2015/01/05 08:41:02: ==== Processing was completed ====
2015/01/05 08:41:02: 
*************************************************


*********** Start the Initialize Key Check **********
2015/01/05 08:41:13: Tool Ver: 2013.0605.01
2015/01/05 08:41:13: COM PORT OPEN ... OK
2015/01/05 08:41:13:
2015/01/05 08:41:13: ProductS/N:  VRW06B115100205
2015/01/05 08:41:13: TID: 86042C2C3AE62080
2015/01/05 08:41:13: F/W Version: 00.00.08
2015/01/05 08:41:13:
2015/01/05 08:41:13: MasterKey Key Entry ... OK
2015/01/05 08:41:13: PowerON Counter Key Entry ... OK
2015/01/05 08:41:14: Key Entry ... OK
2015/01/05 08:41:14: Complete.
2015/01/05 08:41:14: COM PORT CLOSE ... OK
2015/01/05 08:41:14: 
2015/01/05 08:41:14: ==== Processing was completed ====
2015/01/05 08:41:14: 
*************************************************


*********** Start the Initialize Key Check **********
2015/01/05 08:54:50: Tool Ver: 2013.0605.01
2015/01/05 08:54:50: COM PORT OPEN ... OK
2015/01/05 08:54:50:
2015/01/05 08:54:50: ProductS/N:  VRW06B115100209
2015/01/05 08:54:50: TID: 86043114D2E52080
2015/01/05 08:54:50: F/W Version: 00.00.08
2015/01/05 08:54:50:
2015/01/05 08:54:50: MasterKey Key Entry ... OK
2015/01/05 08:54:50: PowerON Counter Key Entry ... OK
2015/01/05 08:54:51: Key Entry ... OK
2015/01/05 08:54:51: Complete.
2015/01/05 08:54:51: COM PORT CLOSE ... OK
2015/01/05 08:54:51: 
2015/01/05 08:54:51: ==== Processing was completed ====
2015/01/05 08:54:51: 
*************************************************


*********** Start the Initialize Key Check **********
2015/01/05 08:55:04: Tool Ver: 2013.0605.01
2015/01/05 08:55:04: COM PORT OPEN ... OK
2015/01/05 08:55:04:
2015/01/05 08:55:04: ProductS/N:  VRW06B115100209
2015/01/05 08:55:04: TID: 86043114D2E52080
2015/01/05 08:55:04: F/W Version: 00.00.08
2015/01/05 08:55:04:
2015/01/05 08:55:04: MasterKey Key Entry ... OK
2015/01/05 08:55:04: PowerON Counter Key Entry ... OK
2015/01/05 08:55:05: Key Entry ... OK
2015/01/05 08:55:05: Complete.
2015/01/05 08:55:05: COM PORT CLOSE ... OK
2015/01/05 08:55:05: 
2015/01/05 08:55:05: ==== Processing was completed ====
2015/01/05 08:55:05: 
*************************************************


*********** Start the Initialize Key Check **********
2015/01/05 08:57:22: Tool Ver: 2013.0605.01
2015/01/05 08:57:22: COM PORT OPEN ... OK
2015/01/05 08:57:22:
2015/01/05 08:57:22: ProductS/N:  VRW06B115100212
2015/01/05 08:57:22: TID: 86040D17D2E52080
2015/01/05 08:57:22: F/W Version: 00.00.08
2015/01/05 08:57:22:
2015/01/05 08:57:22: MasterKey Key Entry ... OK
2015/01/05 08:57:22: PowerON Counter Key Entry ... OK
2015/01/05 08:57:23: Key Entry ... OK
2015/01/05 08:57:23: Complete.
2015/01/05 08:57:23: COM PORT CLOSE ... OK
2015/01/05 08:57:23: 
2015/01/05 08:57:23: ==== Processing was completed ====
2015/01/05 08:57:23: 
*************************************************


*********** Start the Initialize Key Check **********
2015/01/05 08:57:33: Tool Ver: 2013.0605.01
2015/01/05 08:57:33: COM PORT OPEN ... OK
2015/01/05 08:57:33:
2015/01/05 08:57:33: ProductS/N:  VRW06B115100212
2015/01/05 08:57:33: TID: 86040D17D2E52080
2015/01/05 08:57:33: F/W Version: 00.00.08
2015/01/05 08:57:33:
2015/01/05 08:57:33: MasterKey Key Entry ... OK
2015/01/05 08:57:33: PowerON Counter Key Entry ... OK
2015/01/05 08:57:34: Key Entry ... OK
2015/01/05 08:57:34: Complete.
2015/01/05 08:57:34: COM PORT CLOSE ... OK
2015/01/05 08:57:34: 
2015/01/05 08:57:34: ==== Processing was completed ====
2015/01/05 08:57:34: 
*************************************************


*********** Start the Initialize Key Check **********
2015/01/05 09:52:55: Tool Ver: 2013.0605.01
2015/01/05 09:52:55: COM PORT OPEN ... OK
2015/01/05 09:52:55:
2015/01/05 09:52:55: ProductS/N:  5100206
2015/01/05 09:52:55: TID: 86040827CAE52080
2015/01/05 09:52:55: F/W Version: 00.00.08
2015/01/05 09:52:55:
2015/01/05 09:52:55: MasterKey Key Entry ... OK
2015/01/05 09:52:55: PowerON Counter Key Entry ... OK
2015/01/05 09:52:56: Key Entry ... OK
2015/01/05 09:52:56: Complete.
2015/01/05 09:52:56: COM PORT CLOSE ... OK
2015/01/05 09:52:56: 
2015/01/05 09:52:56: ==== Processing was completed ====
2015/01/05 09:52:56: 
*************************************************


*********** Start the Initialize Key Check **********
2015/01/05 09:53:45: Tool Ver: 2013.0605.01
2015/01/05 09:53:45: COM PORT OPEN ... ERROR(01)
2015/01/05 09:53:45: 
2015/01/05 09:53:45: ######## Error has occurred ########
2015/01/05 09:53:45: 
*************************************************


*********** Start the Initialize Key Check **********
2015/01/05 09:54:07: Tool Ver: 2013.0605.01
2015/01/05 09:54:07: COM PORT OPEN ... OK
2015/01/05 09:54:08:
2015/01/05 09:54:08: ProductS/N:  5100206
2015/01/05 09:54:08: TID: 86040827CAE52080
2015/01/05 09:54:08: F/W Version: 00.00.08
2015/01/05 09:54:08:
2015/01/05 09:54:08: MasterKey Key Entry ... OK
2015/01/05 09:54:08: PowerON Counter Key Entry ... OK
2015/01/05 09:54:08: Key Entry ... OK
2015/01/05 09:54:08: Complete.
2015/01/05 09:54:08: COM PORT CLOSE ... OK
2015/01/05 09:54:08: 
2015/01/05 09:54:08: ==== Processing was completed ====
2015/01/05 09:54:08: 
*************************************************


*********** Start the Initialize Key Check **********
2015/01/05 09:54:15: Tool Ver: 2013.0605.01
2015/01/05 09:54:15: COM PORT OPEN ... OK
2015/01/05 09:54:15:
2015/01/05 09:54:15: ProductS/N:  5100206
2015/01/05 09:54:15: TID: 86040827CAE52080
2015/01/05 09:54:15: F/W Version: 00.00.08
2015/01/05 09:54:15:
2015/01/05 09:54:15: MasterKey Key Entry ... OK
2015/01/05 09:54:15: PowerON Counter Key Entry ... OK
2015/01/05 09:54:16: Key Entry ... OK
2015/01/05 09:54:16: Complete.
2015/01/05 09:54:16: COM PORT CLOSE ... OK
2015/01/05 09:54:16: 
2015/01/05 09:54:16: ==== Processing was completed ====
2015/01/05 09:54:16: 
*************************************************


*********** Start the Initialize Key Check **********
2015/01/05 09:54:30: Tool Ver: 2013.0605.01
2015/01/05 09:54:30: COM PORT OPEN ... OK
2015/01/05 09:54:30:
2015/01/05 09:54:30: ProductS/N:  5100206
2015/01/05 09:54:30: TID: 86040827CAE52080
2015/01/05 09:54:30: F/W Version: 00.00.08
2015/01/05 09:54:30:
2015/01/05 09:54:30: MasterKey Key Entry ... OK
2015/01/05 09:54:30: PowerON Counter Key Entry ... OK
2015/01/05 09:54:31: Key Entry ... OK
2015/01/05 09:54:31: Complete.
2015/01/05 09:54:31: COM PORT CLOSE ... OK
2015/01/05 09:54:31: 
2015/01/05 09:54:31: ==== Processing was completed ====
2015/01/05 09:54:31: 
*************************************************


*********** Start the Initialize Key Check **********
2015/01/05 09:55:18: Tool Ver: 2013.0605.01
2015/01/05 09:55:18: COM PORT OPEN ... OK
2015/01/05 09:55:18:
2015/01/05 09:55:18: ProductS/N:  5100216
2015/01/05 09:55:18: TID: 86040F2222E62080
2015/01/05 09:55:18: F/W Version: 00.00.08
2015/01/05 09:55:18:
2015/01/05 09:55:18: MasterKey Key Entry ... OK
2015/01/05 09:55:18: PowerON Counter Key Entry ... OK
2015/01/05 09:55:18: Key Entry ... OK
2015/01/05 09:55:18: Complete.
2015/01/05 09:55:18: COM PORT CLOSE ... OK
2015/01/05 09:55:18: 
2015/01/05 09:55:18: ==== Processing was completed ====
2015/01/05 09:55:18: 
*************************************************


*********** Start the Initialize Key Check **********
2015/01/05 09:55:46: Tool Ver: 2013.0605.01
2015/01/05 09:55:46: COM PORT OPEN ... OK
2015/01/05 09:55:46:
2015/01/05 09:55:46: ProductS/N:  5100216
2015/01/05 09:55:46: TID: 86040F2222E62080
2015/01/05 09:55:46: F/W Version: 00.00.08
2015/01/05 09:55:46:
2015/01/05 09:55:46: MasterKey Key Entry ... OK
2015/01/05 09:55:46: PowerON Counter Key Entry ... OK
2015/01/05 09:55:46: Key Entry ... OK
2015/01/05 09:55:46: Complete.
2015/01/05 09:55:46: COM PORT CLOSE ... OK
2015/01/05 09:55:46: 
2015/01/05 09:55:46: ==== Processing was completed ====
2015/01/05 09:55:46: 
*************************************************


*********** Start the Initialize Key Check **********
2015/01/05 09:56:57: Tool Ver: 2013.0605.01
2015/01/05 09:56:57: COM PORT OPEN ... OK
2015/01/05 09:56:57:
2015/01/05 09:56:57: ProductS/N:  VRW06B115100220
2015/01/05 09:56:57: TID: 86040734CAE52080
2015/01/05 09:56:57: F/W Version: 00.00.08
2015/01/05 09:56:57:
2015/01/05 09:56:57: MasterKey Key Entry ... OK
2015/01/05 09:56:57: PowerON Counter Key Entry ... OK
2015/01/05 09:56:58: Key Entry ... OK
2015/01/05 09:56:58: Complete.
2015/01/05 09:56:58: COM PORT CLOSE ... OK
2015/01/05 09:56:58: 
2015/01/05 09:56:58: ==== Processing was completed ====
2015/01/05 09:56:58: 
*************************************************


*********** Start the Initialize Key Check **********
2015/01/05 09:59:24: Tool Ver: 2013.0605.01
2015/01/05 09:59:24: COM PORT OPEN ... OK
2015/01/05 09:59:25:
2015/01/05 09:59:25: ProductS/N:  VRW06B115100215
2015/01/05 09:59:25: TID: 8604292522E62080
2015/01/05 09:59:25: F/W Version: 00.00.08
2015/01/05 09:59:25:
2015/01/05 09:59:25: MasterKey Key Entry ... OK
2015/01/05 09:59:25: PowerON Counter Key Entry ... OK
2015/01/05 09:59:25: Key Entry ... OK
2015/01/05 09:59:25: Complete.
2015/01/05 09:59:25: COM PORT CLOSE ... OK
2015/01/05 09:59:25: 
2015/01/05 09:59:25: ==== Processing was completed ====
2015/01/05 09:59:25: 
*************************************************


*********** Start the Initialize Key Check **********
2015/01/05 10:13:12: Tool Ver: 2013.0605.01
2015/01/05 10:13:12: COM PORT OPEN ... OK
2015/01/05 10:13:12:
2015/01/05 10:13:12: ProductS/N:  VRW06B115100222
2015/01/05 10:13:12: TID: 86040E263AE62080
2015/01/05 10:13:12: F/W Version: 00.00.08
2015/01/05 10:13:12:
2015/01/05 10:13:12: MasterKey Key Entry ... OK
2015/01/05 10:13:12: PowerON Counter Key Entry ... OK
2015/01/05 10:13:13: Key Entry ... OK
2015/01/05 10:13:13: Complete.
2015/01/05 10:13:13: COM PORT CLOSE ... OK
2015/01/05 10:13:13: 
2015/01/05 10:13:13: ==== Processing was completed ====
2015/01/05 10:13:13: 
*************************************************


*********** Start the Initialize Key Check **********
2015/01/05 10:15:43: Tool Ver: 2013.0605.01
2015/01/05 10:15:43: COM PORT OPEN ... OK
2015/01/05 10:15:43:
2015/01/05 10:15:43: ProductS/N:  VRW06B115100225
2015/01/05 10:15:43: TID: 86040E1F22E62080
2015/01/05 10:15:43: F/W Version: 00.00.08
2015/01/05 10:15:43:
2015/01/05 10:15:43: MasterKey Key Entry ... OK
2015/01/05 10:15:43: PowerON Counter Key Entry ... OK
2015/01/05 10:15:44: Key Entry ... OK
2015/01/05 10:15:44: Complete.
2015/01/05 10:15:44: COM PORT CLOSE ... OK
2015/01/05 10:15:44: 
2015/01/05 10:15:44: ==== Processing was completed ====
2015/01/05 10:15:44: 
*************************************************


*********** Start the Initialize Key Check **********
2015/01/05 10:18:13: Tool Ver: 2013.0605.01
2015/01/05 10:18:13: COM PORT OPEN ... OK
2015/01/05 10:18:13:
2015/01/05 10:18:13: ProductS/N:  VRW06B115100214
2015/01/05 10:18:13: TID: 860409293AE62080
2015/01/05 10:18:13: F/W Version: 00.00.08
2015/01/05 10:18:13:
2015/01/05 10:18:13: MasterKey Key Entry ... OK
2015/01/05 10:18:13: PowerON Counter Key Entry ... OK
2015/01/05 10:18:14: Key Entry ... OK
2015/01/05 10:18:14: Complete.
2015/01/05 10:18:14: COM PORT CLOSE ... OK
2015/01/05 10:18:14: 
2015/01/05 10:18:14: ==== Processing was completed ====
2015/01/05 10:18:14: 
*************************************************


*********** Start the Initialize Key Check **********
2015/01/05 10:20:28: Tool Ver: 2013.0605.01
2015/01/05 10:20:28: COM PORT OPEN ... OK
2015/01/05 10:20:28:
2015/01/05 10:20:28: ProductS/N:  VRW06B115100232
2015/01/05 10:20:28: TID: 860441283AE62080
2015/01/05 10:20:28: F/W Version: 00.00.08
2015/01/05 10:20:28:
2015/01/05 10:20:28: MasterKey Key Entry ... OK
2015/01/05 10:20:28: PowerON Counter Key Entry ... OK
2015/01/05 10:20:29: Key Entry ... OK
2015/01/05 10:20:29: Complete.
2015/01/05 10:20:29: COM PORT CLOSE ... OK
2015/01/05 10:20:29: 
2015/01/05 10:20:29: ==== Processing was completed ====
2015/01/05 10:20:29: 
*************************************************


*********** Start the Initialize Key Check **********
2015/01/05 10:21:27: Tool Ver: 2013.0605.01
2015/01/05 10:21:27: COM PORT OPEN ... OK
2015/01/05 10:21:27:
2015/01/05 10:21:27: ProductS/N:  VRW06B115100232
2015/01/05 10:21:27: TID: 860441283AE62080
2015/01/05 10:21:27: F/W Version: 00.00.08
2015/01/05 10:21:27:
2015/01/05 10:21:27: MasterKey Key Entry ... OK
2015/01/05 10:21:27: PowerON Counter Key Entry ... OK
2015/01/05 10:21:28: Key Entry ... OK
2015/01/05 10:21:28: Complete.
2015/01/05 10:21:28: COM PORT CLOSE ... OK
2015/01/05 10:21:28: 
2015/01/05 10:21:28: ==== Processing was completed ====
2015/01/05 10:21:28: 
*************************************************


*********** Start the Initialize Key Check **********
2015/01/05 10:23:09: Tool Ver: 2013.0605.01
2015/01/05 10:23:09: COM PORT OPEN ... OK
2015/01/05 10:23:09:
2015/01/05 10:23:09: ProductS/N:  VRW06B115100137
2015/01/05 10:23:09: TID: 86040C293AE62080
2015/01/05 10:23:09: F/W Version: 00.00.08
2015/01/05 10:23:09:
2015/01/05 10:23:09: MasterKey Key Entry ... OK
2015/01/05 10:23:09: PowerON Counter Key Entry ... OK
2015/01/05 10:23:09: Key Entry ... OK
2015/01/05 10:23:09: Complete.
2015/01/05 10:23:09: COM PORT CLOSE ... OK
2015/01/05 10:23:09: 
2015/01/05 10:23:09: ==== Processing was completed ====
2015/01/05 10:23:09: 
*************************************************


*********** Start the Initialize Key Check **********
2015/01/05 10:25:00: Tool Ver: 2013.0605.01
2015/01/05 10:25:00: COM PORT OPEN ... OK
2015/01/05 10:25:01:
2015/01/05 10:25:01: ProductS/N:  VRW06B115100231
2015/01/05 10:25:01: TID: 86042D0632E62080
2015/01/05 10:25:01: F/W Version: 00.00.08
2015/01/05 10:25:01:
2015/01/05 10:25:01: MasterKey Key Entry ... OK
2015/01/05 10:25:01: PowerON Counter Key Entry ... OK
2015/01/05 10:25:01: Key Entry ... OK
2015/01/05 10:25:01: Complete.
2015/01/05 10:25:01: COM PORT CLOSE ... OK
2015/01/05 10:25:01: 
2015/01/05 10:25:01: ==== Processing was completed ====
2015/01/05 10:25:01: 
*************************************************


*********** Start the Initialize Key Check **********
2015/01/05 10:27:32: Tool Ver: 2013.0605.01
2015/01/05 10:27:32: COM PORT OPEN ... OK
2015/01/05 10:27:33:
2015/01/05 10:27:33: ProductS/N:  VRW06B115100229
2015/01/05 10:27:33: TID: 86040B2A3AE62080
2015/01/05 10:27:33: F/W Version: 00.00.08
2015/01/05 10:27:33:
2015/01/05 10:27:33: MasterKey Key Entry ... OK
2015/01/05 10:27:33: PowerON Counter Key Entry ... OK
2015/01/05 10:27:33: Key Entry ... OK
2015/01/05 10:27:33: Complete.
2015/01/05 10:27:33: COM PORT CLOSE ... OK
2015/01/05 10:27:33: 
2015/01/05 10:27:33: ==== Processing was completed ====
2015/01/05 10:27:33: 
*************************************************


*********** Start the Initialize Key Check **********
2015/01/05 10:29:46: Tool Ver: 2013.0605.01
2015/01/05 10:29:46: COM PORT OPEN ... OK
2015/01/05 10:29:46:
2015/01/05 10:29:46: ProductS/N:  VRW06B115100237
2015/01/05 10:29:46: TID: 86043016D2E52080
2015/01/05 10:29:46: F/W Version: 00.00.08
2015/01/05 10:29:46:
2015/01/05 10:29:46: MasterKey Key Entry ... OK
2015/01/05 10:29:46: PowerON Counter Key Entry ... OK
2015/01/05 10:29:46: Key Entry ... OK
2015/01/05 10:29:46: Complete.
2015/01/05 10:29:46: COM PORT CLOSE ... OK
2015/01/05 10:29:46: 
2015/01/05 10:29:46: ==== Processing was completed ====
2015/01/05 10:29:46: 
*************************************************


*********** Start the Initialize Key Check **********
2015/01/05 10:31:07: Tool Ver: 2013.0605.01
2015/01/05 10:31:07: COM PORT OPEN ... OK
2015/01/05 10:31:07:
2015/01/05 10:31:07: ProductS/N:  VRW06B115100230
2015/01/05 10:31:07: TID: 8604190B32E62080
2015/01/05 10:31:07: F/W Version: 00.00.08
2015/01/05 10:31:07:
2015/01/05 10:31:07: MasterKey Key Entry ... OK
2015/01/05 10:31:07: PowerON Counter Key Entry ... OK
2015/01/05 10:31:08: Key Entry ... OK
2015/01/05 10:31:08: Complete.
2015/01/05 10:31:08: COM PORT CLOSE ... OK
2015/01/05 10:31:08: 
2015/01/05 10:31:08: ==== Processing was completed ====
2015/01/05 10:31:08: 
*************************************************


*********** Start the Initialize Key Check **********
2015/01/05 10:33:49: Tool Ver: 2013.0605.01
2015/01/05 10:33:49: COM PORT OPEN ... OK
2015/01/05 10:33:49:
2015/01/05 10:33:49: ProductS/N:  VRW06B115100218
2015/01/05 10:33:49: TID: 86043A2BCAE52080
2015/01/05 10:33:49: F/W Version: 00.00.08
2015/01/05 10:33:49:
2015/01/05 10:33:49: MasterKey Key Entry ... OK
2015/01/05 10:33:49: PowerON Counter Key Entry ... OK
2015/01/05 10:33:50: Key Entry ... OK
2015/01/05 10:33:50: Complete.
2015/01/05 10:33:50: COM PORT CLOSE ... OK
2015/01/05 10:33:50: 
2015/01/05 10:33:50: ==== Processing was completed ====
2015/01/05 10:33:50: 
*************************************************


*********** Start the Initialize Key Check **********
2015/01/05 10:36:03: Tool Ver: 2013.0605.01
2015/01/05 10:36:03: COM PORT OPEN ... OK
2015/01/05 10:36:03:
2015/01/05 10:36:03: ProductS/N:  VRW06B115100211
2015/01/05 10:36:03: TID: 86042E2F3AE62080
2015/01/05 10:36:03: F/W Version: 00.00.08
2015/01/05 10:36:03:
2015/01/05 10:36:03: MasterKey Key Entry ... OK
2015/01/05 10:36:03: PowerON Counter Key Entry ... OK
2015/01/05 10:36:04: Key Entry ... OK
2015/01/05 10:36:04: Complete.
2015/01/05 10:36:04: COM PORT CLOSE ... OK
2015/01/05 10:36:04: 
2015/01/05 10:36:04: ==== Processing was completed ====
2015/01/05 10:36:04: 
*************************************************


*********** Start the Initialize Key Check **********
2015/01/05 10:38:07: Tool Ver: 2013.0605.01
2015/01/05 10:38:07: COM PORT OPEN ... OK
2015/01/05 10:38:07:
2015/01/05 10:38:07: ProductS/N:  VRW06B115100213
2015/01/05 10:38:07: TID: 86040C17D2E52080
2015/01/05 10:38:07: F/W Version: 00.00.08
2015/01/05 10:38:07:
2015/01/05 10:38:07: MasterKey Key Entry ... OK
2015/01/05 10:38:07: PowerON Counter Key Entry ... OK
2015/01/05 10:38:07: Key Entry ... OK
2015/01/05 10:38:07: Complete.
2015/01/05 10:38:07: COM PORT CLOSE ... OK
2015/01/05 10:38:07: 
2015/01/05 10:38:07: ==== Processing was completed ====
2015/01/05 10:38:07: 
*************************************************


*********** Start the Initialize Key Check **********
2015/01/05 10:39:39: Tool Ver: 2013.0605.01
2015/01/05 10:39:39: COM PORT OPEN ... OK
2015/01/05 10:39:39:
2015/01/05 10:39:39: ProductS/N:  VRW06B115100223
2015/01/05 10:39:39: TID: 8604353ACAE52080
2015/01/05 10:39:39: F/W Version: 00.00.08
2015/01/05 10:39:39:
2015/01/05 10:39:39: MasterKey Key Entry ... OK
2015/01/05 10:39:39: PowerON Counter Key Entry ... OK
2015/01/05 10:39:40: Key Entry ... OK
2015/01/05 10:39:40: Complete.
2015/01/05 10:39:40: COM PORT CLOSE ... OK
2015/01/05 10:39:40: 
2015/01/05 10:39:40: ==== Processing was completed ====
2015/01/05 10:39:40: 
*************************************************


*********** Start the Initialize Key Check **********
2015/01/05 10:43:33: Tool Ver: 2013.0605.01
2015/01/05 10:43:33: COM PORT OPEN ... OK
2015/01/05 10:43:33:
2015/01/05 10:43:33: ProductS/N:  VRW06B115100219
2015/01/05 10:43:33: TID: 86040729CAE52080
2015/01/05 10:43:33: F/W Version: 00.00.08
2015/01/05 10:43:33:
2015/01/05 10:43:33: MasterKey Key Entry ... OK
2015/01/05 10:43:33: PowerON Counter Key Entry ... OK
2015/01/05 10:43:34: Key Entry ... OK
2015/01/05 10:43:34: Complete.
2015/01/05 10:43:34: COM PORT CLOSE ... OK
2015/01/05 10:43:34: 
2015/01/05 10:43:34: ==== Processing was completed ====
2015/01/05 10:43:34: 
*************************************************


*********** Start the Initialize Key Check **********
2015/01/05 10:45:19: Tool Ver: 2013.0605.01
2015/01/05 10:45:19: COM PORT OPEN ... OK
2015/01/05 10:45:19:
2015/01/05 10:45:19: ProductS/N:  VRW06B115100217
2015/01/05 10:45:19: TID: 86040929CAE52080
2015/01/05 10:45:19: F/W Version: 00.00.08
2015/01/05 10:45:19:
2015/01/05 10:45:19: MasterKey Key Entry ... OK
2015/01/05 10:45:19: PowerON Counter Key Entry ... OK
2015/01/05 10:45:20: Key Entry ... OK
2015/01/05 10:45:20: Complete.
2015/01/05 10:45:20: COM PORT CLOSE ... OK
2015/01/05 10:45:20: 
2015/01/05 10:45:20: ==== Processing was completed ====
2015/01/05 10:45:20: 
*************************************************


*********** Start the Initialize Key Check **********
2015/01/05 10:46:51: Tool Ver: 2013.0605.01
2015/01/05 10:46:51: COM PORT OPEN ... OK
2015/01/05 10:46:51:
2015/01/05 10:46:51: ProductS/N:  VRW06B115100226
2015/01/05 10:46:51: TID: 86040B37CAE52080
2015/01/05 10:46:51: F/W Version: 00.00.08
2015/01/05 10:46:51:
2015/01/05 10:46:51: MasterKey Key Entry ... OK
2015/01/05 10:46:51: PowerON Counter Key Entry ... OK
2015/01/05 10:46:52: Key Entry ... OK
2015/01/05 10:46:52: Complete.
2015/01/05 10:46:52: COM PORT CLOSE ... OK
2015/01/05 10:46:52: 
2015/01/05 10:46:52: ==== Processing was completed ====
2015/01/05 10:46:52: 
*************************************************


*********** Start the Initialize Key Check **********
2015/01/05 10:48:58: Tool Ver: 2013.0605.01
2015/01/05 10:48:58: COM PORT OPEN ... OK
2015/01/05 10:48:58:
2015/01/05 10:48:58: ProductS/N:  VRW06B115100235
2015/01/05 10:48:58: TID: 86042933CAE52080
2015/01/05 10:48:58: F/W Version: 00.00.08
2015/01/05 10:48:58:
2015/01/05 10:48:58: MasterKey Key Entry ... OK
2015/01/05 10:48:58: PowerON Counter Key Entry ... OK
2015/01/05 10:48:59: Key Entry ... OK
2015/01/05 10:48:59: Complete.
2015/01/05 10:48:59: COM PORT CLOSE ... OK
2015/01/05 10:48:59: 
2015/01/05 10:48:59: ==== Processing was completed ====
2015/01/05 10:48:59: 
*************************************************


*********** Start the Initialize Key Check **********
2015/01/05 11:02:45: Tool Ver: 2013.0605.01
2015/01/05 11:02:45: COM PORT OPEN ... OK
2015/01/05 11:02:45:
2015/01/05 11:02:45: ProductS/N:  VRW06B115100245
2015/01/05 11:02:45: TID: 8604343ECAE52080
2015/01/05 11:02:45: F/W Version: 00.00.08
2015/01/05 11:02:45:
2015/01/05 11:02:45: MasterKey Key Entry ... OK
2015/01/05 11:02:45: PowerON Counter Key Entry ... OK
2015/01/05 11:02:46: Key Entry ... OK
2015/01/05 11:02:46: Complete.
2015/01/05 11:02:46: COM PORT CLOSE ... OK
2015/01/05 11:02:46: 
2015/01/05 11:02:46: ==== Processing was completed ====
2015/01/05 11:02:46: 
*************************************************


*********** Start the Initialize Key Check **********
2015/01/05 11:04:32: Tool Ver: 2013.0605.01
2015/01/05 11:04:32: COM PORT OPEN ... OK
2015/01/05 11:04:32:
2015/01/05 11:04:32: ProductS/N:  VRW06B115100242
2015/01/05 11:04:32: TID: 8604162322E62080
2015/01/05 11:04:32: F/W Version: 00.00.08
2015/01/05 11:04:32:
2015/01/05 11:04:32: MasterKey Key Entry ... OK
2015/01/05 11:04:32: PowerON Counter Key Entry ... OK
2015/01/05 11:04:33: Key Entry ... OK
2015/01/05 11:04:33: Complete.
2015/01/05 11:04:33: COM PORT CLOSE ... OK
2015/01/05 11:04:33: 
2015/01/05 11:04:33: ==== Processing was completed ====
2015/01/05 11:04:33: 
*************************************************


*********** Start the Initialize Key Check **********
2015/01/05 11:06:15: Tool Ver: 2013.0605.01
2015/01/05 11:06:15: COM PORT OPEN ... OK
2015/01/05 11:06:15:
2015/01/05 11:06:15: ProductS/N:  VRW06B115100233
2015/01/05 11:06:15: TID: 860424173AE62080
2015/01/05 11:06:15: F/W Version: 00.00.08
2015/01/05 11:06:15:
2015/01/05 11:06:15: MasterKey Key Entry ... OK
2015/01/05 11:06:15: PowerON Counter Key Entry ... OK
2015/01/05 11:06:16: Key Entry ... OK
2015/01/05 11:06:16: Complete.
2015/01/05 11:06:16: COM PORT CLOSE ... OK
2015/01/05 11:06:16: 
2015/01/05 11:06:16: ==== Processing was completed ====
2015/01/05 11:06:16: 
*************************************************


*********** Start the Initialize Key Check **********
2015/01/05 11:12:21: Tool Ver: 2013.0605.01
2015/01/05 11:12:21: Product S/N ... ERROR
2015/01/05 11:12:21: 
2015/01/05 11:12:21: ######## Error has occurred ########
2015/01/05 11:12:21: 
*************************************************


*********** Start the Initialize Key Check **********
2015/01/05 11:12:21: Tool Ver: 2013.0605.01
2015/01/05 11:12:21: Product S/N ... ERROR
2015/01/05 11:12:21: 
2015/01/05 11:12:21: ######## Error has occurred ########
2015/01/05 11:12:21: 
*************************************************


*********** Start the Initialize Key Check **********
2015/01/05 11:15:27: Tool Ver: 2013.0605.01
2015/01/05 11:15:27: COM PORT OPEN ... OK
2015/01/05 11:15:27:
2015/01/05 11:15:27: ProductS/N:  VRW06B115100244
2015/01/05 11:15:27: TID: 86040728CAE52080
2015/01/05 11:15:27: F/W Version: 00.00.08
2015/01/05 11:15:27:
2015/01/05 11:15:27: MasterKey Key Entry ... OK
2015/01/05 11:15:27: PowerON Counter Key Entry ... OK
2015/01/05 11:15:28: Key Entry ... OK
2015/01/05 11:15:28: Complete.
2015/01/05 11:15:28: COM PORT CLOSE ... OK
2015/01/05 11:15:28: 
2015/01/05 11:15:28: ==== Processing was completed ====
2015/01/05 11:15:28: 
*************************************************


*********** Start the Initialize Key Check **********
2015/01/05 11:17:16: Tool Ver: 2013.0605.01
2015/01/05 11:17:16: COM PORT OPEN ... OK
2015/01/05 11:17:16:
2015/01/05 11:17:16: ProductS/N:  VRW06B115100243
2015/01/05 11:17:16: TID: 86040B223AE62080
2015/01/05 11:17:16: F/W Version: 00.00.08
2015/01/05 11:17:16:
2015/01/05 11:17:16: MasterKey Key Entry ... OK
2015/01/05 11:17:16: PowerON Counter Key Entry ... OK
2015/01/05 11:17:17: Key Entry ... OK
2015/01/05 11:17:17: Complete.
2015/01/05 11:17:17: COM PORT CLOSE ... OK
2015/01/05 11:17:17: 
2015/01/05 11:17:17: ==== Processing was completed ====
2015/01/05 11:17:17: 
*************************************************


*********** Start the Initialize Key Check **********
2015/01/05 11:19:12: Tool Ver: 2013.0605.01
2015/01/05 11:19:12: COM PORT OPEN ... OK
2015/01/05 11:19:12:
2015/01/05 11:19:12: ProductS/N:  VRW06B115100240
2015/01/05 11:19:12: TID: 86041B253AE62080
2015/01/05 11:19:12: F/W Version: 00.00.08
2015/01/05 11:19:12:
2015/01/05 11:19:12: MasterKey Key Entry ... OK
2015/01/05 11:19:12: PowerON Counter Key Entry ... OK
2015/01/05 11:19:13: Key Entry ... OK
2015/01/05 11:19:13: Complete.
2015/01/05 11:19:13: COM PORT CLOSE ... OK
2015/01/05 11:19:13: 
2015/01/05 11:19:13: ==== Processing was completed ====
2015/01/05 11:19:13: 
*************************************************


*********** Start the Initialize Key Check **********
2015/01/05 11:32:06: Tool Ver: 2013.0605.01
2015/01/05 11:32:06: COM PORT OPEN ... OK
2015/01/05 11:32:06:
2015/01/05 11:32:06: ProductS/N:  VRW06B115100248
2015/01/05 11:32:06: TID: 86041315D2E52080
2015/01/05 11:32:06: F/W Version: 00.00.08
2015/01/05 11:32:06:
2015/01/05 11:32:06: MasterKey Key Entry ... OK
2015/01/05 11:32:06: PowerON Counter Key Entry ... OK
2015/01/05 11:32:07: Key Entry ... OK
2015/01/05 11:32:07: Complete.
2015/01/05 11:32:07: COM PORT CLOSE ... OK
2015/01/05 11:32:07: 
2015/01/05 11:32:07: ==== Processing was completed ====
2015/01/05 11:32:07: 
*************************************************


*********** Start the Initialize Key Check **********
2015/01/05 11:33:22: Tool Ver: 2013.0605.01
2015/01/05 11:33:22: COM PORT OPEN ... OK
2015/01/05 11:33:22:
2015/01/05 11:33:22: ProductS/N:  VRW06B115100241
2015/01/05 11:33:22: TID: 8604322522E62080
2015/01/05 11:33:22: F/W Version: 00.00.08
2015/01/05 11:33:22:
2015/01/05 11:33:22: MasterKey Key Entry ... OK
2015/01/05 11:33:22: PowerON Counter Key Entry ... OK
2015/01/05 11:33:23: Key Entry ... OK
2015/01/05 11:33:23: Complete.
2015/01/05 11:33:23: COM PORT CLOSE ... OK
2015/01/05 11:33:23: 
2015/01/05 11:33:23: ==== Processing was completed ====
2015/01/05 11:33:23: 
*************************************************


*********** Start the Initialize Key Check **********
2015/01/05 11:36:16: Tool Ver: 2013.0605.01
2015/01/05 11:36:16: COM PORT OPEN ... OK
2015/01/05 11:36:16:
2015/01/05 11:36:16: ProductS/N:  VRW06B115100192
2015/01/05 11:36:16: TID: 8604250B32E62080
2015/01/05 11:36:16: F/W Version: 00.00.08
2015/01/05 11:36:16:
2015/01/05 11:36:16: MasterKey Key Entry ... OK
2015/01/05 11:36:16: PowerON Counter Key Entry ... OK
2015/01/05 11:36:16: Key Entry ... OK
2015/01/05 11:36:16: Complete.
2015/01/05 11:36:16: COM PORT CLOSE ... OK
2015/01/05 11:36:16: 
2015/01/05 11:36:16: ==== Processing was completed ====
2015/01/05 11:36:16: 
*************************************************


*********** Start the Initialize Key Check **********
2015/01/05 11:37:37: Tool Ver: 2013.0605.01
2015/01/05 11:37:37: COM PORT OPEN ... OK
2015/01/05 11:37:37:
2015/01/05 11:37:37: ProductS/N:  VRW06B115100251
2015/01/05 11:37:37: TID: 860404253AE62080
2015/01/05 11:37:37: F/W Version: 00.00.08
2015/01/05 11:37:37:
2015/01/05 11:37:37: MasterKey Key Entry ... OK
2015/01/05 11:37:37: PowerON Counter Key Entry ... OK
2015/01/05 11:37:38: Key Entry ... OK
2015/01/05 11:37:38: Complete.
2015/01/05 11:37:38: COM PORT CLOSE ... OK
2015/01/05 11:37:38: 
2015/01/05 11:37:38: ==== Processing was completed ====
2015/01/05 11:37:38: 
*************************************************


*********** Start the Initialize Key Check **********
2015/01/05 13:00:17: Tool Ver: 2013.0605.01
2015/01/05 13:00:17: COM PORT OPEN ... OK
2015/01/05 13:00:17:
2015/01/05 13:00:17: ProductS/N:  VRW06B115100224
2015/01/05 13:00:17: TID: 86040C253AE62080
2015/01/05 13:00:17: F/W Version: 00.00.08
2015/01/05 13:00:17:
2015/01/05 13:00:17: MasterKey Key Entry ... OK
2015/01/05 13:00:17: PowerON Counter Key Entry ... OK
2015/01/05 13:00:18: Key Entry ... OK
2015/01/05 13:00:18: Complete.
2015/01/05 13:00:18: COM PORT CLOSE ... OK
2015/01/05 13:00:18: 
2015/01/05 13:00:18: ==== Processing was completed ====
2015/01/05 13:00:18: 
*************************************************


*********** Start the Initialize Key Check **********
2015/01/05 13:03:10: Tool Ver: 2013.0605.01
2015/01/05 13:03:10: COM PORT OPEN ... OK
2015/01/05 13:03:10:
2015/01/05 13:03:10: ProductS/N:  VRW06B115100250
2015/01/05 13:03:10: TID: 86043835CAE52080
2015/01/05 13:03:10: F/W Version: 00.00.08
2015/01/05 13:03:10:
2015/01/05 13:03:10: MasterKey Key Entry ... OK
2015/01/05 13:03:10: PowerON Counter Key Entry ... OK
2015/01/05 13:03:10: Key Entry ... OK
2015/01/05 13:03:10: Complete.
2015/01/05 13:03:10: COM PORT CLOSE ... OK
2015/01/05 13:03:10: 
2015/01/05 13:03:10: ==== Processing was completed ====
2015/01/05 13:03:10: 
*************************************************


*********** Start the Initialize Key Check **********
2015/01/05 13:06:38: Tool Ver: 2013.0605.01
2015/01/05 13:06:38: COM PORT OPEN ... OK
2015/01/05 13:06:38:
2015/01/05 13:06:38: ProductS/N:  VRW06B115100253
2015/01/05 13:06:38: TID: 86042015D2E52080
2015/01/05 13:06:38: F/W Version: 00.00.08
2015/01/05 13:06:38:
2015/01/05 13:06:38: MasterKey Key Entry ... OK
2015/01/05 13:06:38: PowerON Counter Key Entry ... OK
2015/01/05 13:06:39: Key Entry ... OK
2015/01/05 13:06:39: Complete.
2015/01/05 13:06:39: COM PORT CLOSE ... OK
2015/01/05 13:06:39: 
2015/01/05 13:06:39: ==== Processing was completed ====
2015/01/05 13:06:39: 
*************************************************


*********** Start the Initialize Key Check **********
2015/01/05 13:08:21: Tool Ver: 2013.0605.01
2015/01/05 13:08:21: COM PORT OPEN ... OK
2015/01/05 13:08:22:
2015/01/05 13:08:22: ProductS/N:  VRW06B115100234
2015/01/05 13:08:22: TID: 86040F30CAE52080
2015/01/05 13:08:22: F/W Version: 00.00.08
2015/01/05 13:08:22:
2015/01/05 13:08:22: MasterKey Key Entry ... OK
2015/01/05 13:08:22: PowerON Counter Key Entry ... OK
2015/01/05 13:08:22: Key Entry ... OK
2015/01/05 13:08:22: Complete.
2015/01/05 13:08:22: COM PORT CLOSE ... OK
2015/01/05 13:08:22: 
2015/01/05 13:08:22: ==== Processing was completed ====
2015/01/05 13:08:22: 
*************************************************


*********** Start the Initialize Key Check **********
2015/01/05 13:09:58: Tool Ver: 2013.0605.01
2015/01/05 13:09:58: COM PORT OPEN ... OK
2015/01/05 13:09:58:
2015/01/05 13:09:58: ProductS/N:  VRW06B115100239
2015/01/05 13:09:59: TID: 86041E243AE62080
2015/01/05 13:09:59: F/W Version: 00.00.08
2015/01/05 13:09:59:
2015/01/05 13:09:59: MasterKey Key Entry ... OK
2015/01/05 13:09:59: PowerON Counter Key Entry ... OK
2015/01/05 13:09:59: Key Entry ... OK
2015/01/05 13:09:59: Complete.
2015/01/05 13:09:59: COM PORT CLOSE ... OK
2015/01/05 13:09:59: 
2015/01/05 13:09:59: ==== Processing was completed ====
2015/01/05 13:09:59: 
*************************************************


*********** Start the Initialize Key Check **********
2015/01/05 13:14:26: Tool Ver: 2013.0605.01
2015/01/05 13:14:26: COM PORT OPEN ... OK
2015/01/05 13:14:26:
2015/01/05 13:14:26: ProductS/N:  VRW06B115100256
2015/01/05 13:14:26: TID: 86041B103AE62080
2015/01/05 13:14:26: F/W Version: 00.00.08
2015/01/05 13:14:26:
2015/01/05 13:14:26: MasterKey Key Entry ... OK
2015/01/05 13:14:26: PowerON Counter Key Entry ... OK
2015/01/05 13:14:27: Key Entry ... OK
2015/01/05 13:14:27: Complete.
2015/01/05 13:14:27: COM PORT CLOSE ... OK
2015/01/05 13:14:27: 
2015/01/05 13:14:27: ==== Processing was completed ====
2015/01/05 13:14:27: 
*************************************************


*********** Start the Initialize Key Check **********
2015/01/05 13:16:30: Tool Ver: 2013.0605.01
2015/01/05 13:16:30: COM PORT OPEN ... OK
2015/01/05 13:16:30:
2015/01/05 13:16:30: ProductS/N:  VRW06B115100255
2015/01/05 13:16:30: TID: 86042F18D2E52080
2015/01/05 13:16:30: F/W Version: 00.00.08
2015/01/05 13:16:30:
2015/01/05 13:16:30: MasterKey Key Entry ... OK
2015/01/05 13:16:30: PowerON Counter Key Entry ... OK
2015/01/05 13:16:31: Key Entry ... OK
2015/01/05 13:16:31: Complete.
2015/01/05 13:16:31: COM PORT CLOSE ... OK
2015/01/05 13:16:31: 
2015/01/05 13:16:31: ==== Processing was completed ====
2015/01/05 13:16:31: 
*************************************************


*********** Start the Initialize Key Check **********
2015/01/05 13:18:31: Tool Ver: 2013.0605.01
2015/01/05 13:18:31: COM PORT OPEN ... OK
2015/01/05 13:18:31:
2015/01/05 13:18:31: ProductS/N:  VRW06B115100249
2015/01/05 13:18:31: TID: 8604382FCAE52080
2015/01/05 13:18:31: F/W Version: 00.00.08
2015/01/05 13:18:31:
2015/01/05 13:18:31: MasterKey Key Entry ... OK
2015/01/05 13:18:31: PowerON Counter Key Entry ... OK
2015/01/05 13:18:31: Key Entry ... OK
2015/01/05 13:18:31: Complete.
2015/01/05 13:18:31: COM PORT CLOSE ... OK
2015/01/05 13:18:31: 
2015/01/05 13:18:31: ==== Processing was completed ====
2015/01/05 13:18:31: 
*************************************************


*********** Start the Initialize Key Check **********
2015/01/05 13:22:48: Tool Ver: 2013.0605.01
2015/01/05 13:22:48: COM PORT OPEN ... OK
2015/01/05 13:22:48:
2015/01/05 13:22:48: ProductS/N:  VRW06B115100257
2015/01/05 13:22:48: TID: 86043A133AE62080
2015/01/05 13:22:48: F/W Version: 00.00.08
2015/01/05 13:22:48:
2015/01/05 13:22:48: MasterKey Key Entry ... OK
2015/01/05 13:22:48: PowerON Counter Key Entry ... OK
2015/01/05 13:22:49: Key Entry ... OK
2015/01/05 13:22:49: Complete.
2015/01/05 13:22:49: COM PORT CLOSE ... OK
2015/01/05 13:22:49: 
2015/01/05 13:22:49: ==== Processing was completed ====
2015/01/05 13:22:49: 
*************************************************


*********** Start the Initialize Key Check **********
2015/01/05 13:24:05: Tool Ver: 2013.0605.01
2015/01/05 13:24:05: COM PORT OPEN ... OK
2015/01/05 13:24:06:
2015/01/05 13:24:06: ProductS/N:  VRW06B115100252
2015/01/05 13:24:06: TID: 860437273AE62080
2015/01/05 13:24:06: F/W Version: 00.00.08
2015/01/05 13:24:06:
2015/01/05 13:24:06: MasterKey Key Entry ... OK
2015/01/05 13:24:06: PowerON Counter Key Entry ... OK
2015/01/05 13:24:06: Key Entry ... OK
2015/01/05 13:24:06: Complete.
2015/01/05 13:24:06: COM PORT CLOSE ... OK
2015/01/05 13:24:06: 
2015/01/05 13:24:06: ==== Processing was completed ====
2015/01/05 13:24:06: 
*************************************************


*********** Start the Initialize Key Check **********
2015/01/05 13:25:38: Tool Ver: 2013.0605.01
2015/01/05 13:25:38: COM PORT OPEN ... OK
2015/01/05 13:25:39:
2015/01/05 13:25:39: ProductS/N:  VRW06B115100254
2015/01/05 13:25:39: TID: 86042035CAE52080
2015/01/05 13:25:39: F/W Version: 00.00.08
2015/01/05 13:25:39:
2015/01/05 13:25:39: MasterKey Key Entry ... OK
2015/01/05 13:25:39: PowerON Counter Key Entry ... OK
2015/01/05 13:25:39: Key Entry ... OK
2015/01/05 13:25:39: Complete.
2015/01/05 13:25:39: COM PORT CLOSE ... OK
2015/01/05 13:25:39: 
2015/01/05 13:25:39: ==== Processing was completed ====
2015/01/05 13:25:39: 
*************************************************


*********** Start the Initialize Key Check **********
2015/01/05 13:27:01: Tool Ver: 2013.0605.01
2015/01/05 13:27:01: COM PORT OPEN ... OK
2015/01/05 13:27:01:
2015/01/05 13:27:01: ProductS/N:  VRW06B115100227
2015/01/05 13:27:01: TID: 86041529CAE52080
2015/01/05 13:27:01: F/W Version: 00.00.08
2015/01/05 13:27:01:
2015/01/05 13:27:01: MasterKey Key Entry ... OK
2015/01/05 13:27:01: PowerON Counter Key Entry ... OK
2015/01/05 13:27:01: Key Entry ... OK
2015/01/05 13:27:01: Complete.
2015/01/05 13:27:01: COM PORT CLOSE ... OK
2015/01/05 13:27:01: 
2015/01/05 13:27:01: ==== Processing was completed ====
2015/01/05 13:27:01: 
*************************************************


*********** Start the Initialize Key Check **********
2015/01/05 13:28:34: Tool Ver: 2013.0605.01
2015/01/05 13:28:34: COM PORT OPEN ... OK
2015/01/05 13:28:34:
2015/01/05 13:28:34: ProductS/N:  VRW06B115100221
2015/01/05 13:28:34: TID: 860419273AE62080
2015/01/05 13:28:34: F/W Version: 00.00.08
2015/01/05 13:28:34:
2015/01/05 13:28:34: MasterKey Key Entry ... OK
2015/01/05 13:28:34: PowerON Counter Key Entry ... OK
2015/01/05 13:28:34: Key Entry ... OK
2015/01/05 13:28:34: Complete.
2015/01/05 13:28:34: COM PORT CLOSE ... OK
2015/01/05 13:28:34: 
2015/01/05 13:28:34: ==== Processing was completed ====
2015/01/05 13:28:34: 
*************************************************


*********** Start the Initialize Key Check **********
2015/01/05 13:30:30: Tool Ver: 2013.0605.01
2015/01/05 13:30:30: COM PORT OPEN ... OK
2015/01/05 13:30:31:
2015/01/05 13:30:31: ProductS/N:  VRW06B115100247
2015/01/05 13:30:31: TID: 86040E30CAE52080
2015/01/05 13:30:31: F/W Version: 00.00.08
2015/01/05 13:30:31:
2015/01/05 13:30:31: MasterKey Key Entry ... OK
2015/01/05 13:30:31: PowerON Counter Key Entry ... OK
2015/01/05 13:30:31: Key Entry ... OK
2015/01/05 13:30:31: Complete.
2015/01/05 13:30:31: COM PORT CLOSE ... OK
2015/01/05 13:30:31: 
2015/01/05 13:30:31: ==== Processing was completed ====
2015/01/05 13:30:31: 
*************************************************


*********** Start the Initialize Key Check **********
2015/01/05 13:55:18: Tool Ver: 2013.0605.01
2015/01/05 13:55:18: COM PORT OPEN ... OK
2015/01/05 13:55:18:
2015/01/05 13:55:18: ProductS/N:  06B115100258
2015/01/05 13:55:18: TID: 86043636CAE52080
2015/01/05 13:55:18: F/W Version: 00.00.08
2015/01/05 13:55:18:
2015/01/05 13:55:18: MasterKey Key Entry ... OK
2015/01/05 13:55:18: PowerON Counter Key Entry ... OK
2015/01/05 13:55:19: Key Entry ... OK
2015/01/05 13:55:19: Complete.
2015/01/05 13:55:19: COM PORT CLOSE ... OK
2015/01/05 13:55:19: 
2015/01/05 13:55:19: ==== Processing was completed ====
2015/01/05 13:55:19: 
*************************************************


*********** Start the Initialize Key Check **********
2015/01/05 13:57:31: Tool Ver: 2013.0605.01
2015/01/05 13:57:31: COM PORT OPEN ... OK
2015/01/05 13:57:31:
2015/01/05 13:57:31: ProductS/N:  VRW06B115100262
2015/01/05 13:57:31: TID: 8604401BD2E52080
2015/01/05 13:57:31: F/W Version: 00.00.08
2015/01/05 13:57:31:
2015/01/05 13:57:31: MasterKey Key Entry ... OK
2015/01/05 13:57:31: PowerON Counter Key Entry ... OK
2015/01/05 13:57:32: Key Entry ... OK
2015/01/05 13:57:32: Complete.
2015/01/05 13:57:32: COM PORT CLOSE ... OK
2015/01/05 13:57:32: 
2015/01/05 13:57:32: ==== Processing was completed ====
2015/01/05 13:57:32: 
*************************************************


*********** Start the Initialize Key Check **********
2015/01/05 14:00:09: Tool Ver: 2013.0605.01
2015/01/05 14:00:09: COM PORT OPEN ... OK
2015/01/05 14:00:09:
2015/01/05 14:00:09: ProductS/N:  VRW06B115100261
2015/01/05 14:00:09: TID: 86042D273AE62080
2015/01/05 14:00:09: F/W Version: 00.00.08
2015/01/05 14:00:09:
2015/01/05 14:00:09: MasterKey Key Entry ... OK
2015/01/05 14:00:09: PowerON Counter Key Entry ... OK
2015/01/05 14:00:10: Key Entry ... OK
2015/01/05 14:00:10: Complete.
2015/01/05 14:00:10: COM PORT CLOSE ... OK
2015/01/05 14:00:10: 
2015/01/05 14:00:10: ==== Processing was completed ====
2015/01/05 14:00:10: 
*************************************************


*********** Start the Initialize Key Check **********
2015/01/05 14:06:39: Tool Ver: 2013.0605.01
2015/01/05 14:06:39: COM PORT OPEN ... OK
2015/01/05 14:06:39:
2015/01/05 14:06:39: ProductS/N:  VRW06B115100260
2015/01/05 14:06:39: TID: 86042F3DCAE52080
2015/01/05 14:06:39: F/W Version: 00.00.08
2015/01/05 14:06:39:
2015/01/05 14:06:39: MasterKey Key Entry ... OK
2015/01/05 14:06:39: PowerON Counter Key Entry ... OK
2015/01/05 14:06:40: Key Entry ... OK
2015/01/05 14:06:40: Complete.
2015/01/05 14:06:40: COM PORT CLOSE ... OK
2015/01/05 14:06:40: 
2015/01/05 14:06:40: ==== Processing was completed ====
2015/01/05 14:06:40: 
*************************************************


*********** Start the Initialize Key Check **********
2015/01/05 14:19:41: Tool Ver: 2013.0605.01
2015/01/05 14:19:41: COM PORT OPEN ... OK
2015/01/05 14:19:41:
2015/01/05 14:19:41: ProductS/N:  VRW06B115100270
2015/01/05 14:19:41: TID: 86041A253AE62080
2015/01/05 14:19:41: F/W Version: 00.00.08
2015/01/05 14:19:41:
2015/01/05 14:19:41: MasterKey Key Entry ... OK
2015/01/05 14:19:41: PowerON Counter Key Entry ... OK
2015/01/05 14:19:42: Key Entry ... OK
2015/01/05 14:19:42: Complete.
2015/01/05 14:19:42: COM PORT CLOSE ... OK
2015/01/05 14:19:42: 
2015/01/05 14:19:42: ==== Processing was completed ====
2015/01/05 14:19:42: 
*************************************************


*********** Start the Initialize Key Check **********
2015/01/05 14:27:02: Tool Ver: 2013.0605.01
2015/01/05 14:27:02: COM PORT OPEN ... OK
2015/01/05 14:27:02:
2015/01/05 14:27:02: ProductS/N:  VRW06B115100246
2015/01/05 14:27:02: TID: 860410223AE62080
2015/01/05 14:27:02: F/W Version: 00.00.08
2015/01/05 14:27:02:
2015/01/05 14:27:02: MasterKey Key Entry ... OK
2015/01/05 14:27:02: PowerON Counter Key Entry ... OK
2015/01/05 14:27:02: Key Entry ... OK
2015/01/05 14:27:02: Complete.
2015/01/05 14:27:02: COM PORT CLOSE ... OK
2015/01/05 14:27:02: 
2015/01/05 14:27:02: ==== Processing was completed ====
2015/01/05 14:27:02: 
*************************************************


*********** Start the Initialize Key Check **********
2015/01/05 14:28:29: Tool Ver: 2013.0605.01
2015/01/05 14:28:29: COM PORT OPEN ... OK
2015/01/05 14:28:29:
2015/01/05 14:28:29: ProductS/N:  VRW06B115100268
2015/01/05 14:28:29: TID: 860411223AE62080
2015/01/05 14:28:29: F/W Version: 00.00.08
2015/01/05 14:28:29:
2015/01/05 14:28:30: MasterKey Key Entry ... OK
2015/01/05 14:28:30: PowerON Counter Key Entry ... OK
2015/01/05 14:28:30: Key Entry ... OK
2015/01/05 14:28:30: Complete.
2015/01/05 14:28:30: COM PORT CLOSE ... OK
2015/01/05 14:28:30: 
2015/01/05 14:28:30: ==== Processing was completed ====
2015/01/05 14:28:30: 
*************************************************


*********** Start the Initialize Key Check **********
2015/01/05 14:30:28: Tool Ver: 2013.0605.01
2015/01/05 14:30:28: COM PORT OPEN ... OK
2015/01/05 14:30:28:
2015/01/05 14:30:28: ProductS/N:  VRW06B115100269
2015/01/05 14:30:28: TID: 86043E283AE62080
2015/01/05 14:30:28: F/W Version: 00.00.08
2015/01/05 14:30:28:
2015/01/05 14:30:28: MasterKey Key Entry ... OK
2015/01/05 14:30:28: PowerON Counter Key Entry ... OK
2015/01/05 14:30:28: Key Entry ... OK
2015/01/05 14:30:28: Complete.
2015/01/05 14:30:28: COM PORT CLOSE ... OK
2015/01/05 14:30:28: 
2015/01/05 14:30:28: ==== Processing was completed ====
2015/01/05 14:30:28: 
*************************************************


*********** Start the Initialize Key Check **********
2015/01/05 14:32:30: Tool Ver: 2013.0605.01
2015/01/05 14:32:30: COM PORT OPEN ... OK
2015/01/05 14:32:30:
2015/01/05 14:32:30: ProductS/N:  VRW06B115100271
2015/01/05 14:32:30: TID: 860409163AE62080
2015/01/05 14:32:30: F/W Version: 00.00.08
2015/01/05 14:32:30:
2015/01/05 14:32:30: MasterKey Key Entry ... OK
2015/01/05 14:32:30: PowerON Counter Key Entry ... OK
2015/01/05 14:32:31: Key Entry ... OK
2015/01/05 14:32:31: Complete.
2015/01/05 14:32:31: COM PORT CLOSE ... OK
2015/01/05 14:32:31: 
2015/01/05 14:32:31: ==== Processing was completed ====
2015/01/05 14:32:31: 
*************************************************


*********** Start the Initialize Key Check **********
2015/01/05 15:30:05: Tool Ver: 2013.0605.01
2015/01/05 15:30:05: COM PORT OPEN ... OK
2015/01/05 15:30:05:
2015/01/05 15:30:05: ProductS/N:  VRW06B115100266
2015/01/05 15:30:05: TID: 860419213AE62080
2015/01/05 15:30:05: F/W Version: 00.00.08
2015/01/05 15:30:05:
2015/01/05 15:30:05: MasterKey Key Entry ... OK
2015/01/05 15:30:05: PowerON Counter Key Entry ... OK
2015/01/05 15:30:06: Key Entry ... OK
2015/01/05 15:30:06: Complete.
2015/01/05 15:30:06: COM PORT CLOSE ... OK
2015/01/05 15:30:06: 
2015/01/05 15:30:06: ==== Processing was completed ====
2015/01/05 15:30:06: 
*************************************************


*********** Start the Initialize Key Check **********
2015/01/05 15:32:17: Tool Ver: 2013.0605.01
2015/01/05 15:32:17: COM PORT OPEN ... OK
2015/01/05 15:32:17:
2015/01/05 15:32:17: ProductS/N:  VRW06B115100277
2015/01/05 15:32:17: TID: 8604221132E62080
2015/01/05 15:32:17: F/W Version: 00.00.08
2015/01/05 15:32:17:
2015/01/05 15:32:17: MasterKey Key Entry ... OK
2015/01/05 15:32:17: PowerON Counter Key Entry ... OK
2015/01/05 15:32:18: Key Entry ... OK
2015/01/05 15:32:18: Complete.
2015/01/05 15:32:18: COM PORT CLOSE ... OK
2015/01/05 15:32:18: 
2015/01/05 15:32:18: ==== Processing was completed ====
2015/01/05 15:32:18: 
*************************************************


*********** Start the Initialize Key Check **********
2015/01/05 15:32:53: Tool Ver: 2013.0605.01
2015/01/05 15:32:53: COM PORT OPEN ... OK
2015/01/05 15:32:53:
2015/01/05 15:32:53: ProductS/N:  VRW06B115100283
2015/01/05 15:32:53: TID: 8604210CD2E52080
2015/01/05 15:32:53: F/W Version: 00.00.08
2015/01/05 15:32:53:
2015/01/05 15:32:53: MasterKey Key Entry ... OK
2015/01/05 15:32:53: PowerON Counter Key Entry ... OK
2015/01/05 15:32:54: Key Entry ... OK
2015/01/05 15:32:54: Complete.
2015/01/05 15:32:54: COM PORT CLOSE ... OK
2015/01/05 15:32:54: 
2015/01/05 15:32:54: ==== Processing was completed ====
2015/01/05 15:32:54: 
*************************************************


*********** Start the Initialize Key Check **********
2015/01/05 15:33:35: Tool Ver: 2013.0605.01
2015/01/05 15:33:35: COM PORT OPEN ... OK
2015/01/05 15:33:35:
2015/01/05 15:33:35: ProductS/N:  VRW06B115100228
2015/01/05 15:33:35: TID: 8604122322E62080
2015/01/05 15:33:35: F/W Version: 00.00.08
2015/01/05 15:33:35:
2015/01/05 15:33:35: MasterKey Key Entry ... OK
2015/01/05 15:33:35: PowerON Counter Key Entry ... OK
2015/01/05 15:33:36: Key Entry ... OK
2015/01/05 15:33:36: Complete.
2015/01/05 15:33:36: COM PORT CLOSE ... OK
2015/01/05 15:33:36: 
2015/01/05 15:33:36: ==== Processing was completed ====
2015/01/05 15:33:36: 
*************************************************


*********** Start the Initialize Key Check **********
2015/01/05 15:36:00: Tool Ver: 2013.0605.01
2015/01/05 15:36:00: COM PORT OPEN ... OK
2015/01/05 15:36:00:
2015/01/05 15:36:00: ProductS/N:  VRW06B115100265
2015/01/05 15:36:00: TID: 8604240532E62080
2015/01/05 15:36:00: F/W Version: 00.00.08
2015/01/05 15:36:00:
2015/01/05 15:36:00: MasterKey Key Entry ... OK
2015/01/05 15:36:00: PowerON Counter Key Entry ... OK
2015/01/05 15:36:01: Key Entry ... OK
2015/01/05 15:36:01: Complete.
2015/01/05 15:36:01: COM PORT CLOSE ... OK
2015/01/05 15:36:01: 
2015/01/05 15:36:01: ==== Processing was completed ====
2015/01/05 15:36:01: 
*************************************************


*********** Start the Initialize Key Check **********
2015/01/05 15:36:46: Tool Ver: 2013.0605.01
2015/01/05 15:36:46: COM PORT OPEN ... OK
2015/01/05 15:36:47:
2015/01/05 15:36:47: ProductS/N:  VRW06B115100274
2015/01/05 15:36:47: TID: 8604283CCAE52080
2015/01/05 15:36:47: F/W Version: 00.00.08
2015/01/05 15:36:47:
2015/01/05 15:36:47: MasterKey Key Entry ... OK
2015/01/05 15:36:47: PowerON Counter Key Entry ... OK
2015/01/05 15:36:47: Key Entry ... OK
2015/01/05 15:36:47: Complete.
2015/01/05 15:36:47: COM PORT CLOSE ... OK
2015/01/05 15:36:47: 
2015/01/05 15:36:47: ==== Processing was completed ====
2015/01/05 15:36:47: 
*************************************************


*********** Start the Initialize Key Check **********
2015/01/05 15:39:21: Tool Ver: 2013.0605.01
2015/01/05 15:39:21: COM PORT OPEN ... OK
2015/01/05 15:39:21:
2015/01/05 15:39:21: ProductS/N:  VRW06B115100259
2015/01/05 15:39:21: TID: 86043C31CAE52080
2015/01/05 15:39:21: F/W Version: 00.00.08
2015/01/05 15:39:21:
2015/01/05 15:39:21: MasterKey Key Entry ... OK
2015/01/05 15:39:21: PowerON Counter Key Entry ... OK
2015/01/05 15:39:22: Key Entry ... OK
2015/01/05 15:39:22: Complete.
2015/01/05 15:39:22: COM PORT CLOSE ... OK
2015/01/05 15:39:22: 
2015/01/05 15:39:22: ==== Processing was completed ====
2015/01/05 15:39:22: 
*************************************************


*********** Start the Initialize Key Check **********
2015/01/05 15:41:33: Tool Ver: 2013.0605.01
2015/01/05 15:41:33: COM PORT OPEN ... OK
2015/01/05 15:41:33:
2015/01/05 15:41:33: ProductS/N:  VRW06B115100285
2015/01/05 15:41:33: TID: 86041233CAE52080
2015/01/05 15:41:33: F/W Version: 00.00.08
2015/01/05 15:41:33:
2015/01/05 15:41:33: MasterKey Key Entry ... OK
2015/01/05 15:41:33: PowerON Counter Key Entry ... OK
2015/01/05 15:41:34: Key Entry ... OK
2015/01/05 15:41:34: Complete.
2015/01/05 15:41:34: COM PORT CLOSE ... OK
2015/01/05 15:41:34: 
2015/01/05 15:41:34: ==== Processing was completed ====
2015/01/05 15:41:34: 
*************************************************


*********** Start the Initialize Key Check **********
2015/01/05 15:42:24: Tool Ver: 2013.0605.01
2015/01/05 15:42:24: Product S/N ... ERROR
2015/01/05 15:42:24: 
2015/01/05 15:42:24: ######## Error has occurred ########
2015/01/05 15:42:24: 
*************************************************


*********** Start the Initialize Key Check **********
2015/01/05 15:43:22: Tool Ver: 2013.0605.01
2015/01/05 15:43:23: COM PORT OPEN ... OK
2015/01/05 15:43:23:
2015/01/05 15:43:23: ProductS/N:  VRW06B115100279
2015/01/05 15:43:23: TID: 86040D0A32E62080
2015/01/05 15:43:23: F/W Version: 00.00.08
2015/01/05 15:43:23:
2015/01/05 15:43:23: MasterKey Key Entry ... OK
2015/01/05 15:43:23: PowerON Counter Key Entry ... OK
2015/01/05 15:43:23: Key Entry ... OK
2015/01/05 15:43:23: Complete.
2015/01/05 15:43:23: COM PORT CLOSE ... OK
2015/01/05 15:43:23: 
2015/01/05 15:43:23: ==== Processing was completed ====
2015/01/05 15:43:23: 
*************************************************


*********** Start the Initialize Key Check **********
2015/01/05 15:44:53: Tool Ver: 2013.0605.01
2015/01/05 15:44:53: COM PORT OPEN ... OK
2015/01/05 15:44:53:
2015/01/05 15:44:53: ProductS/N:  VRW06B115100238
2015/01/05 15:44:54: TID: 8604360FD2E52080
2015/01/05 15:44:54: F/W Version: 00.00.08
2015/01/05 15:44:54:
2015/01/05 15:44:54: MasterKey Key Entry ... OK
2015/01/05 15:44:54: PowerON Counter Key Entry ... OK
2015/01/05 15:44:54: Key Entry ... OK
2015/01/05 15:44:54: Complete.
2015/01/05 15:44:54: COM PORT CLOSE ... OK
2015/01/05 15:44:54: 
2015/01/05 15:44:54: ==== Processing was completed ====
2015/01/05 15:44:54: 
*************************************************


*********** Start the Initialize Key Check **********
2015/01/05 15:49:38: Tool Ver: 2013.0605.01
2015/01/05 15:49:38: COM PORT OPEN ... OK
2015/01/05 15:49:38:
2015/01/05 15:49:38: ProductS/N:  VRW06B115100267
2015/01/05 15:49:39: TID: 860402233AE62080
2015/01/05 15:49:39: F/W Version: 00.00.08
2015/01/05 15:49:39:
2015/01/05 15:49:39: MasterKey Key Entry ... OK
2015/01/05 15:49:39: PowerON Counter Key Entry ... OK
2015/01/05 15:49:39: Key Entry ... OK
2015/01/05 15:49:39: Complete.
2015/01/05 15:49:39: COM PORT CLOSE ... OK
2015/01/05 15:49:39: 
2015/01/05 15:49:39: ==== Processing was completed ====
2015/01/05 15:49:39: 
*************************************************


*********** Start the Initialize Key Check **********
2015/01/05 15:52:15: Tool Ver: 2013.0605.01
2015/01/05 15:52:15: COM PORT OPEN ... OK
2015/01/05 15:52:15:
2015/01/05 15:52:15: ProductS/N:  VRW06B115100272
2015/01/05 15:52:15: TID: 8604302D3AE62080
2015/01/05 15:52:15: F/W Version: 00.00.08
2015/01/05 15:52:15:
2015/01/05 15:52:15: MasterKey Key Entry ... OK
2015/01/05 15:52:15: PowerON Counter Key Entry ... OK
2015/01/05 15:52:16: Key Entry ... OK
2015/01/05 15:52:16: Complete.
2015/01/05 15:52:16: COM PORT CLOSE ... OK
2015/01/05 15:52:16: 
2015/01/05 15:52:16: ==== Processing was completed ====
2015/01/05 15:52:16: 
*************************************************


*********** Start the Initialize Key Check **********
2015/01/05 15:53:02: Tool Ver: 2013.0605.01
2015/01/05 15:53:02: COM PORT OPEN ... OK
2015/01/05 15:53:02:
2015/01/05 15:53:02: ProductS/N:  VRW06B115100275
2015/01/05 15:53:02: TID: 86042D233AE62080
2015/01/05 15:53:02: F/W Version: 00.00.08
2015/01/05 15:53:02:
2015/01/05 15:53:02: MasterKey Key Entry ... OK
2015/01/05 15:53:02: PowerON Counter Key Entry ... OK
2015/01/05 15:53:02: Key Entry ... OK
2015/01/05 15:53:02: Complete.
2015/01/05 15:53:02: COM PORT CLOSE ... OK
2015/01/05 15:53:02: 
2015/01/05 15:53:02: ==== Processing was completed ====
2015/01/05 15:53:02: 
*************************************************


*********** Start the Initialize Key Check **********
2015/01/05 15:54:34: Tool Ver: 2013.0605.01
2015/01/05 15:54:34: COM PORT OPEN ... OK
2015/01/05 15:54:34:
2015/01/05 15:54:34: ProductS/N:  VRW06B115100276
2015/01/05 15:54:35: TID: 860403243AE62080
2015/01/05 15:54:35: F/W Version: 00.00.08
2015/01/05 15:54:35:
2015/01/05 15:54:35: MasterKey Key Entry ... OK
2015/01/05 15:54:35: PowerON Counter Key Entry ... OK
2015/01/05 15:54:35: Key Entry ... OK
2015/01/05 15:54:35: Complete.
2015/01/05 15:54:35: COM PORT CLOSE ... OK
2015/01/05 15:54:35: 
2015/01/05 15:54:35: ==== Processing was completed ====
2015/01/05 15:54:35: 
*************************************************


*********** Start the Initialize Key Check **********
2015/01/05 15:59:58: Tool Ver: 2013.0605.01
2015/01/05 15:59:58: COM PORT OPEN ... OK
2015/01/05 15:59:58:
2015/01/05 15:59:58: ProductS/N:  VRW06B115100275
2015/01/05 15:59:58: TID: 86042D233AE62080
2015/01/05 15:59:58: F/W Version: 00.00.08
2015/01/05 15:59:58:
2015/01/05 15:59:58: MasterKey Key Entry ... OK
2015/01/05 15:59:58: PowerON Counter Key Entry ... OK
2015/01/05 15:59:59: Key Entry ... OK
2015/01/05 15:59:59: Complete.
2015/01/05 15:59:59: COM PORT CLOSE ... OK
2015/01/05 15:59:59: 
2015/01/05 15:59:59: ==== Processing was completed ====
2015/01/05 15:59:59: 
*************************************************


*********** Start the Initialize Key Check **********
2015/01/05 16:02:22: Tool Ver: 2013.0605.01
2015/01/05 16:02:22: COM PORT OPEN ... OK
2015/01/05 16:02:22:
2015/01/05 16:02:22: ProductS/N:  VRW06B115100280
2015/01/05 16:02:22: TID: 86042A2122E62080
2015/01/05 16:02:22: F/W Version: 00.00.08
2015/01/05 16:02:22:
2015/01/05 16:02:22: MasterKey Key Entry ... OK
2015/01/05 16:02:22: PowerON Counter Key Entry ... OK
2015/01/05 16:02:23: Key Entry ... OK
2015/01/05 16:02:23: Complete.
2015/01/05 16:02:23: COM PORT CLOSE ... OK
2015/01/05 16:02:23: 
2015/01/05 16:02:23: ==== Processing was completed ====
2015/01/05 16:02:23: 
*************************************************


*********** Start the Initialize Key Check **********
2015/01/05 16:04:18: Tool Ver: 2013.0605.01
2015/01/05 16:04:18: COM PORT OPEN ... OK
2015/01/05 16:04:18:
2015/01/05 16:04:18: ProductS/N:  VRW06B115100282
2015/01/05 16:04:18: TID: 86042D0A32E62080
2015/01/05 16:04:18: F/W Version: 00.00.08
2015/01/05 16:04:18:
2015/01/05 16:04:18: MasterKey Key Entry ... OK
2015/01/05 16:04:18: PowerON Counter Key Entry ... OK
2015/01/05 16:04:18: Key Entry ... OK
2015/01/05 16:04:18: Complete.
2015/01/05 16:04:18: COM PORT CLOSE ... OK
2015/01/05 16:04:18: 
2015/01/05 16:04:18: ==== Processing was completed ====
2015/01/05 16:04:18: 
*************************************************


*********** Start the Initialize Key Check **********
2015/01/05 16:11:59: Tool Ver: 2013.0605.01
2015/01/05 16:11:59: COM PORT OPEN ... OK
2015/01/05 16:11:59:
2015/01/05 16:11:59: ProductS/N:  VRW06B115100281
2015/01/05 16:11:59: TID: 86042319D2E52080
2015/01/05 16:11:59: F/W Version: 00.00.08
2015/01/05 16:11:59:
2015/01/05 16:11:59: MasterKey Key Entry ... OK
2015/01/05 16:11:59: PowerON Counter Key Entry ... OK
2015/01/05 16:12:00: Key Entry ... OK
2015/01/05 16:12:00: Complete.
2015/01/05 16:12:00: COM PORT CLOSE ... OK
2015/01/05 16:12:00: 
2015/01/05 16:12:00: ==== Processing was completed ====
2015/01/05 16:12:00: 
*************************************************


*********** Start the Initialize Key Check **********
2015/01/05 16:14:08: Tool Ver: 2013.0605.01
2015/01/05 16:14:08: COM PORT OPEN ... OK
2015/01/05 16:14:08:
2015/01/05 16:14:08: ProductS/N:  VRW06B115100286
2015/01/05 16:14:08: TID: 86040934CAE52080
2015/01/05 16:14:08: F/W Version: 00.00.08
2015/01/05 16:14:08:
2015/01/05 16:14:08: MasterKey Key Entry ... OK
2015/01/05 16:14:08: PowerON Counter Key Entry ... OK
2015/01/05 16:14:08: Key Entry ... OK
2015/01/05 16:14:08: Complete.
2015/01/05 16:14:08: COM PORT CLOSE ... OK
2015/01/05 16:14:08: 
2015/01/05 16:14:08: ==== Processing was completed ====
2015/01/05 16:14:08: 
*************************************************


*********** Start the Initialize Key Check **********
2015/01/05 16:44:40: Tool Ver: 2013.0605.01
2015/01/05 16:44:40: COM PORT OPEN ... OK
2015/01/05 16:44:40:
2015/01/05 16:44:40: ProductS/N:  VRW06B115100284
2015/01/05 16:44:41: TID: 86042219D2E52080
2015/01/05 16:44:41: F/W Version: 00.00.08
2015/01/05 16:44:41:
2015/01/05 16:44:41: MasterKey Key Entry ... OK
2015/01/05 16:44:41: PowerON Counter Key Entry ... OK
2015/01/05 16:44:41: Key Entry ... OK
2015/01/05 16:44:41: Complete.
2015/01/05 16:44:41: COM PORT CLOSE ... OK
2015/01/05 16:44:41: 
2015/01/05 16:44:41: ==== Processing was completed ====
2015/01/05 16:44:41: 
*************************************************


