*********** Start the Initialize Key Check **********
2015/01/12 09:35:58: Tool Ver: 2013.0605.01
2015/01/12 09:35:58: COM PORT OPEN ... OK
2015/01/12 09:35:58:
2015/01/12 09:35:58: ProductS/N:  VRW06A013801416
2015/01/12 09:35:58: TID: 860437116A9F2980
2015/01/12 09:35:58: F/W Version: 00.00.08
2015/01/12 09:35:58:
2015/01/12 09:35:58: MasterKey Key Entry ... OK
2015/01/12 09:35:58: PowerON Counter Key Entry ... OK
2015/01/12 09:35:59: Key Entry ... OK
2015/01/12 09:35:59: Complete.
2015/01/12 09:35:59: COM PORT CLOSE ... OK
2015/01/12 09:35:59: 
2015/01/12 09:35:59: ==== Processing was completed ====
2015/01/12 09:35:59: 
*************************************************


*********** Start the Initialize Key Check **********
2015/01/12 09:44:34: Tool Ver: 2013.0605.01
2015/01/12 09:44:34: COM PORT OPEN ... OK
2015/01/12 09:44:34:
2015/01/12 09:44:34: ProductS/N:  VRW06A013801416
2015/01/12 09:44:35: TID: 860437116A9F2980
2015/01/12 09:44:35: F/W Version: 00.00.08
2015/01/12 09:44:35:
2015/01/12 09:44:35: MasterKey Key Entry ... OK
2015/01/12 09:44:35: PowerON Counter Key Entry ... OK
2015/01/12 09:44:35: Key Entry ... OK
2015/01/12 09:44:35: Complete.
2015/01/12 09:44:35: COM PORT CLOSE ... OK
2015/01/12 09:44:35: 
2015/01/12 09:44:35: ==== Processing was completed ====
2015/01/12 09:44:35: 
*************************************************


*********** Start the Initialize Key Check **********
2015/01/12 09:48:43: Tool Ver: 2013.0605.01
2015/01/12 09:48:43: COM PORT OPEN ... OK
2015/01/12 09:48:43:
2015/01/12 09:48:43: ProductS/N:  VRW06A114201558
2015/01/12 09:48:43: TID: 8604251172842D80
2015/01/12 09:48:43: F/W Version: 00.00.08
2015/01/12 09:48:43:
2015/01/12 09:48:43: MasterKey Key Entry ... OK
2015/01/12 09:48:43: PowerON Counter Key Entry ... OK
2015/01/12 09:48:43: Key Entry ... OK
2015/01/12 09:48:43: Complete.
2015/01/12 09:48:43: COM PORT CLOSE ... OK
2015/01/12 09:48:43: 
2015/01/12 09:48:43: ==== Processing was completed ====
2015/01/12 09:48:43: 
*************************************************


*********** Start the Initialize Key Check **********
2015/01/12 09:54:59: Tool Ver: 2013.0605.01
2015/01/12 09:54:59: COM PORT OPEN ... OK
2015/01/12 09:54:59:
2015/01/12 09:54:59: ProductS/N:  VRW06A013801416
2015/01/12 09:54:59: TID: 860437116A9F2980
2015/01/12 09:54:59: F/W Version: 00.00.08
2015/01/12 09:54:59:
2015/01/12 09:54:59: MasterKey Key Entry ... OK
2015/01/12 09:54:59: PowerON Counter Key Entry ... OK
2015/01/12 09:55:00: Key Entry ... OK
2015/01/12 09:55:00: Complete.
2015/01/12 09:55:00: COM PORT CLOSE ... OK
2015/01/12 09:55:00: 
2015/01/12 09:55:00: ==== Processing was completed ====
2015/01/12 09:55:00: 
*************************************************


*********** Start the Initialize Key Check **********
2015/01/12 10:00:55: Tool Ver: 2013.0605.01
2015/01/12 10:00:55: COM PORT OPEN ... OK
2015/01/12 10:00:55:
2015/01/12 10:00:55: ProductS/N:  VRW06A114201558
2015/01/12 10:00:55: TID: 8604251172842D80
2015/01/12 10:00:55: F/W Version: 00.00.08
2015/01/12 10:00:55:
2015/01/12 10:00:55: MasterKey Key Entry ... OK
2015/01/12 10:00:55: PowerON Counter Key Entry ... OK
2015/01/12 10:00:56: Key Entry ... OK
2015/01/12 10:00:56: Complete.
2015/01/12 10:00:56: COM PORT CLOSE ... OK
2015/01/12 10:00:56: 
2015/01/12 10:00:56: ==== Processing was completed ====
2015/01/12 10:00:56: 
*************************************************


*********** Start the Initialize Key Check **********
2015/01/12 10:12:34: Tool Ver: 2013.0605.01
2015/01/12 10:12:34: COM PORT OPEN ... OK
2015/01/12 10:12:34:
2015/01/12 10:12:34: ProductS/N:  06A114201558
2015/01/12 10:12:34: TID: 8604251172842D80
2015/01/12 10:12:34: F/W Version: 00.00.08
2015/01/12 10:12:34:
2015/01/12 10:12:34: MasterKey Key Entry ... OK
2015/01/12 10:12:34: PowerON Counter Key Entry ... OK
2015/01/12 10:12:35: Key Entry ... OK
2015/01/12 10:12:35: Complete.
2015/01/12 10:12:35: COM PORT CLOSE ... OK
2015/01/12 10:12:35: 
2015/01/12 10:12:35: ==== Processing was completed ====
2015/01/12 10:12:35: 
*************************************************


*********** Start the Initialize Key Check **********
2015/01/12 10:14:07: Tool Ver: 2013.0605.01
2015/01/12 10:14:07: COM PORT OPEN ... OK
2015/01/12 10:14:07:
2015/01/12 10:14:07: ProductS/N:  VRW06A114201060
2015/01/12 10:14:07: TID: 8604041D2AE62080
2015/01/12 10:14:07: F/W Version: 00.00.08
2015/01/12 10:14:07:
2015/01/12 10:14:07: MasterKey Key Entry ... OK
2015/01/12 10:14:07: PowerON Counter Key Entry ... OK
2015/01/12 10:14:08: Key Entry ... OK
2015/01/12 10:14:08: Complete.
2015/01/12 10:14:08: COM PORT CLOSE ... OK
2015/01/12 10:14:08: 
2015/01/12 10:14:08: ==== Processing was completed ====
2015/01/12 10:14:08: 
*************************************************


*********** Start the Initialize Key Check **********
2015/01/12 10:23:11: Tool Ver: 2013.0605.01
2015/01/12 10:23:11: COM PORT OPEN ... OK
2015/01/12 10:23:11:
2015/01/12 10:23:11: ProductS/N:  VRW06A114201060
2015/01/12 10:23:11: TID: 8604041D2AE62080
2015/01/12 10:23:11: F/W Version: 00.00.08
2015/01/12 10:23:11:
2015/01/12 10:23:11: MasterKey Key Entry ... OK
2015/01/12 10:23:11: PowerON Counter Key Entry ... OK
2015/01/12 10:23:12: Key Entry ... OK
2015/01/12 10:23:12: Complete.
2015/01/12 10:23:12: COM PORT CLOSE ... OK
2015/01/12 10:23:12: 
2015/01/12 10:23:12: ==== Processing was completed ====
2015/01/12 10:23:12: 
*************************************************


*********** Start the Initialize Key Check **********
2015/01/12 10:26:18: Tool Ver: 2013.0605.01
2015/01/12 10:26:18: COM PORT OPEN ... OK
2015/01/12 10:26:18:
2015/01/12 10:26:18: ProductS/N:  VRW06A013801375
2015/01/12 10:26:18: TID: 8604271E2AE62080
2015/01/12 10:26:18: F/W Version: 00.00.08
2015/01/12 10:26:18:
2015/01/12 10:26:18: MasterKey Key Entry ... OK
2015/01/12 10:26:18: PowerON Counter Key Entry ... OK
2015/01/12 10:26:19: Key Entry ... OK
2015/01/12 10:26:19: Complete.
2015/01/12 10:26:19: COM PORT CLOSE ... OK
2015/01/12 10:26:19: 
2015/01/12 10:26:19: ==== Processing was completed ====
2015/01/12 10:26:19: 
*************************************************


*********** Start the Initialize Key Check **********
2015/01/12 10:31:08: Tool Ver: 2013.0605.01
2015/01/12 10:31:08: COM PORT OPEN ... OK
2015/01/12 10:31:08:
2015/01/12 10:31:08: ProductS/N:  VRW06A114201060
2015/01/12 10:31:08: TID: 8604041D2AE62080
2015/01/12 10:31:08: F/W Version: 00.00.08
2015/01/12 10:31:08:
2015/01/12 10:31:08: MasterKey Key Entry ... OK
2015/01/12 10:31:08: PowerON Counter Key Entry ... OK
2015/01/12 10:31:09: Key Entry ... OK
2015/01/12 10:31:09: Complete.
2015/01/12 10:31:09: COM PORT CLOSE ... OK
2015/01/12 10:31:09: 
2015/01/12 10:31:09: ==== Processing was completed ====
2015/01/12 10:31:09: 
*************************************************


*********** Start the Initialize Key Check **********
2015/01/12 10:34:24: Tool Ver: 2013.0605.01
2015/01/12 10:34:24: COM PORT OPEN ... OK
2015/01/12 10:34:24:
2015/01/12 10:34:24: ProductS/N:  VRW06A013801375
2015/01/12 10:34:25: TID: 8604271E2AE62080
2015/01/12 10:34:25: F/W Version: 00.00.08
2015/01/12 10:34:25:
2015/01/12 10:34:25: MasterKey Key Entry ... OK
2015/01/12 10:34:25: PowerON Counter Key Entry ... OK
2015/01/12 10:34:25: Key Entry ... OK
2015/01/12 10:34:25: Complete.
2015/01/12 10:34:25: COM PORT CLOSE ... OK
2015/01/12 10:34:25: 
2015/01/12 10:34:25: ==== Processing was completed ====
2015/01/12 10:34:25: 
*************************************************


*********** Start the Initialize Key Check **********
2015/01/12 10:44:52: Tool Ver: 2013.0605.01
2015/01/12 10:44:52: COM PORT OPEN ... OK
2015/01/12 10:44:52:
2015/01/12 10:44:52: ProductS/N:  VRW06A013801375
2015/01/12 10:44:52: TID: 8604271E2AE62080
2015/01/12 10:44:52: F/W Version: 00.00.08
2015/01/12 10:44:52:
2015/01/12 10:44:52: MasterKey Key Entry ... OK
2015/01/12 10:44:52: PowerON Counter Key Entry ... OK
2015/01/12 10:44:52: Key Entry ... OK
2015/01/12 10:44:52: Complete.
2015/01/12 10:44:52: COM PORT CLOSE ... OK
2015/01/12 10:44:52: 
2015/01/12 10:44:52: ==== Processing was completed ====
2015/01/12 10:44:52: 
*************************************************


*********** Start the Initialize Key Check **********
2015/01/12 13:19:40: Tool Ver: 2013.0605.01
2015/01/12 13:19:40: COM PORT OPEN ... OK
2015/01/12 13:19:40:
2015/01/12 13:19:40: ProductS/N:  VRW06A114200257
2015/01/12 13:19:40: TID: 8604303572842D80
2015/01/12 13:19:40: F/W Version: 00.00.08
2015/01/12 13:19:40:
2015/01/12 13:19:40: MasterKey Key Entry ... OK
2015/01/12 13:19:40: PowerON Counter Key Entry ... OK
2015/01/12 13:19:41: Key Entry ... OK
2015/01/12 13:19:41: Complete.
2015/01/12 13:19:41: COM PORT CLOSE ... OK
2015/01/12 13:19:41: 
2015/01/12 13:19:41: ==== Processing was completed ====
2015/01/12 13:19:41: 
*************************************************


*********** Start the Initialize Key Check **********
2015/01/12 13:20:29: Tool Ver: 2013.0605.01
2015/01/12 13:20:29: COM PORT OPEN ... OK
2015/01/12 13:20:29:
2015/01/12 13:20:29: ProductS/N:  VRW06A114200285
2015/01/12 13:20:29: TID: 8604123B72842D80
2015/01/12 13:20:29: F/W Version: 00.00.08
2015/01/12 13:20:29:
2015/01/12 13:20:29: MasterKey Key Entry ... OK
2015/01/12 13:20:29: PowerON Counter Key Entry ... OK
2015/01/12 13:20:30: Key Entry ... OK
2015/01/12 13:20:30: Complete.
2015/01/12 13:20:30: COM PORT CLOSE ... OK
2015/01/12 13:20:30: 
2015/01/12 13:20:30: ==== Processing was completed ====
2015/01/12 13:20:30: 
*************************************************


*********** Start the Initialize Key Check **********
2015/01/12 13:28:10: Tool Ver: 2013.0605.01
2015/01/12 13:28:10: COM PORT OPEN ... OK
2015/01/12 13:28:10:
2015/01/12 13:28:10: ProductS/N:  VRW06A114200285
2015/01/12 13:28:10: TID: 8604123B72842D80
2015/01/12 13:28:10: F/W Version: 00.00.08
2015/01/12 13:28:10:
2015/01/12 13:28:10: MasterKey Key Entry ... OK
2015/01/12 13:28:10: PowerON Counter Key Entry ... OK
2015/01/12 13:28:11: Key Entry ... OK
2015/01/12 13:28:11: Complete.
2015/01/12 13:28:11: COM PORT CLOSE ... OK
2015/01/12 13:28:11: 
2015/01/12 13:28:11: ==== Processing was completed ====
2015/01/12 13:28:11: 
*************************************************


*********** Start the Initialize Key Check **********
2015/01/12 13:28:57: Tool Ver: 2013.0605.01
2015/01/12 13:28:57: COM PORT OPEN ... OK
2015/01/12 13:28:57:
2015/01/12 13:28:57: ProductS/N:  VRW06A114200257
2015/01/12 13:28:57: TID: 8604303572842D80
2015/01/12 13:28:57: F/W Version: 00.00.08
2015/01/12 13:28:57:
2015/01/12 13:28:57: MasterKey Key Entry ... OK
2015/01/12 13:28:57: PowerON Counter Key Entry ... OK
2015/01/12 13:28:58: Key Entry ... OK
2015/01/12 13:28:58: Complete.
2015/01/12 13:28:58: COM PORT CLOSE ... OK
2015/01/12 13:28:58: 
2015/01/12 13:28:58: ==== Processing was completed ====
2015/01/12 13:28:58: 
*************************************************


*********** Start the Initialize Key Check **********
2015/01/12 13:36:24: Tool Ver: 2013.0605.01
2015/01/12 13:36:24: COM PORT OPEN ... OK
2015/01/12 13:36:24:
2015/01/12 13:36:24: ProductS/N:  VRW06A114200257
2015/01/12 13:36:24: TID: 8604303572842D80
2015/01/12 13:36:24: F/W Version: 00.00.08
2015/01/12 13:36:24:
2015/01/12 13:36:24: MasterKey Key Entry ... OK
2015/01/12 13:36:24: PowerON Counter Key Entry ... OK
2015/01/12 13:36:25: Key Entry ... OK
2015/01/12 13:36:25: Complete.
2015/01/12 13:36:25: COM PORT CLOSE ... OK
2015/01/12 13:36:25: 
2015/01/12 13:36:25: ==== Processing was completed ====
2015/01/12 13:36:25: 
*************************************************


*********** Start the Initialize Key Check **********
2015/01/12 13:44:41: Tool Ver: 2013.0605.01
2015/01/12 13:44:41: COM PORT OPEN ... OK
*********** Start the Initialize Key Check **********
2015/01/12 13:45:17: Tool Ver: 2013.0605.01
2015/01/12 13:45:17: COM PORT OPEN ... OK
2015/01/12 13:45:17:
2015/01/12 13:45:17: ProductS/N:  VRW06A114200942
2015/01/12 13:45:17: TID: 8604212C025B2980
2015/01/12 13:45:17: F/W Version: 00.00.08
2015/01/12 13:45:17:
2015/01/12 13:45:17: MasterKey Key Entry ... OK
2015/01/12 13:45:17: PowerON Counter Key Entry ... OK
2015/01/12 13:45:17: Key Entry ... OK
2015/01/12 13:45:17: Complete.
2015/01/12 13:45:17: COM PORT CLOSE ... OK
2015/01/12 13:45:17: 
2015/01/12 13:45:17: ==== Processing was completed ====
2015/01/12 13:45:17: 
*************************************************


*********** Start the Initialize Key Check **********
2015/01/12 13:47:53: Tool Ver: 2013.0605.01
2015/01/12 13:47:53: COM PORT OPEN ... OK
2015/01/12 13:47:53:
2015/01/12 13:47:53: ProductS/N:  VRW06A114200244
2015/01/12 13:47:53: TID: 860412242AE62080
2015/01/12 13:47:53: F/W Version: 00.00.08
2015/01/12 13:47:53:
2015/01/12 13:47:53: MasterKey Key Entry ... OK
2015/01/12 13:47:53: PowerON Counter Key Entry ... OK
2015/01/12 13:47:54: Key Entry ... OK
2015/01/12 13:47:54: Complete.
2015/01/12 13:47:54: COM PORT CLOSE ... OK
2015/01/12 13:47:54: 
2015/01/12 13:47:54: ==== Processing was completed ====
2015/01/12 13:47:54: 
*************************************************


*********** Start the Initialize Key Check **********
2015/01/12 13:55:57: Tool Ver: 2013.0605.01
2015/01/12 13:55:57: COM PORT OPEN ... OK
2015/01/12 13:55:57:
2015/01/12 13:55:57: ProductS/N:  VRW06A114200942
2015/01/12 13:55:57: TID: 8604212C025B2980
2015/01/12 13:55:57: F/W Version: 00.00.08
2015/01/12 13:55:57:
2015/01/12 13:55:57: MasterKey Key Entry ... OK
2015/01/12 13:55:57: PowerON Counter Key Entry ... OK
2015/01/12 13:55:58: Key Entry ... OK
2015/01/12 13:55:58: Complete.
2015/01/12 13:55:58: COM PORT CLOSE ... OK
2015/01/12 13:55:58: 
2015/01/12 13:55:58: ==== Processing was completed ====
2015/01/12 13:55:58: 
*************************************************


*********** Start the Initialize Key Check **********
2015/01/12 13:58:44: Tool Ver: 2013.0605.01
2015/01/12 13:58:44: COM PORT OPEN ... OK
2015/01/12 13:58:44:
2015/01/12 13:58:44: ProductS/N:  VRW06A114200244
2015/01/12 13:58:44: TID: 860412242AE62080
2015/01/12 13:58:44: F/W Version: 00.00.08
2015/01/12 13:58:44:
2015/01/12 13:58:44: MasterKey Key Entry ... OK
2015/01/12 13:58:44: PowerON Counter Key Entry ... OK
2015/01/12 13:58:45: Key Entry ... OK
2015/01/12 13:58:45: Complete.
2015/01/12 13:58:45: COM PORT CLOSE ... OK
2015/01/12 13:58:45: 
2015/01/12 13:58:45: ==== Processing was completed ====
2015/01/12 13:58:45: 
*************************************************


*********** Start the Initialize Key Check **********
2015/01/12 14:09:52: Tool Ver: 2013.0605.01
2015/01/12 14:09:52: COM PORT OPEN ... OK
2015/01/12 14:09:52:
2015/01/12 14:09:52: ProductS/N:  VRW06A114200244
2015/01/12 14:09:52: TID: 860412242AE62080
2015/01/12 14:09:52: F/W Version: 00.00.08
2015/01/12 14:09:52:
2015/01/12 14:09:52: MasterKey Key Entry ... OK
2015/01/12 14:09:52: PowerON Counter Key Entry ... OK
2015/01/12 14:09:53: Key Entry ... OK
2015/01/12 14:09:53: Complete.
2015/01/12 14:09:53: COM PORT CLOSE ... OK
2015/01/12 14:09:53: 
2015/01/12 14:09:53: ==== Processing was completed ====
2015/01/12 14:09:53: 
*************************************************


*********** Start the Initialize Key Check **********
2015/01/12 14:13:43: Tool Ver: 2013.0605.01
2015/01/12 14:13:43: COM PORT OPEN ... OK
2015/01/12 14:13:43:
2015/01/12 14:13:43: ProductS/N:  VRW06A114200942
2015/01/12 14:13:43: TID: 8604212C025B2980
2015/01/12 14:13:43: F/W Version: 00.00.08
2015/01/12 14:13:44:
2015/01/12 14:13:44: MasterKey Key Entry ... OK
2015/01/12 14:13:44: PowerON Counter Key Entry ... OK
2015/01/12 14:13:44: Key Entry ... OK
2015/01/12 14:13:44: Complete.
2015/01/12 14:13:44: COM PORT CLOSE ... OK
2015/01/12 14:13:44: 
2015/01/12 14:13:44: ==== Processing was completed ====
2015/01/12 14:13:44: 
*************************************************


*********** Start the Initialize Key Check **********
2015/01/12 14:27:06: Tool Ver: 2013.0605.01
2015/01/12 14:27:06: COM PORT OPEN ... OK
2015/01/12 14:27:06:
2015/01/12 14:27:06: ProductS/N:  VRW06A013X00823
2015/01/12 14:27:06: TID: 86042D186A9F2980
2015/01/12 14:27:06: F/W Version: 00.00.08
2015/01/12 14:27:06:
2015/01/12 14:27:06: MasterKey Key Entry ... OK
2015/01/12 14:27:06: PowerON Counter Key Entry ... OK
2015/01/12 14:27:07: Key Entry ... OK
2015/01/12 14:27:07: Complete.
2015/01/12 14:27:07: COM PORT CLOSE ... OK
2015/01/12 14:27:07: 
2015/01/12 14:27:07: ==== Processing was completed ====
2015/01/12 14:27:07: 
*************************************************


*********** Start the Initialize Key Check **********
2015/01/12 14:32:11: Tool Ver: 2013.0605.01
2015/01/12 14:32:11: COM PORT OPEN ... OK
2015/01/12 14:32:11:
2015/01/12 14:32:11: ProductS/N:  VRW06A114302982
2015/01/12 14:32:11: TID: 860414193AE62080
2015/01/12 14:32:11: F/W Version: 00.00.08
2015/01/12 14:32:11:
2015/01/12 14:32:11: MasterKey Key Entry ... OK
2015/01/12 14:32:11: PowerON Counter Key Entry ... OK
2015/01/12 14:32:11: Key Entry ... OK
2015/01/12 14:32:11: Complete.
2015/01/12 14:32:11: COM PORT CLOSE ... OK
2015/01/12 14:32:11: 
2015/01/12 14:32:11: ==== Processing was completed ====
2015/01/12 14:32:11: 
*************************************************


*********** Start the Initialize Key Check **********
2015/01/12 14:34:48: Tool Ver: 2013.0605.01
2015/01/12 14:34:48: COM PORT OPEN ... OK
2015/01/12 14:34:48:
2015/01/12 14:34:48: ProductS/N:  VRW06A013X00823
2015/01/12 14:34:48: TID: 86042D186A9F2980
2015/01/12 14:34:48: F/W Version: 00.00.08
2015/01/12 14:34:48:
2015/01/12 14:34:48: MasterKey Key Entry ... OK
2015/01/12 14:34:48: PowerON Counter Key Entry ... OK
2015/01/12 14:34:49: Key Entry ... OK
2015/01/12 14:34:49: Complete.
2015/01/12 14:34:49: COM PORT CLOSE ... OK
2015/01/12 14:34:49: 
2015/01/12 14:34:49: ==== Processing was completed ====
2015/01/12 14:34:49: 
*************************************************


*********** Start the Initialize Key Check **********
2015/01/12 14:43:14: Tool Ver: 2013.0605.01
2015/01/12 14:43:14: COM PORT OPEN ... OK
2015/01/12 14:43:15:
2015/01/12 14:43:15: ProductS/N:  VRW06A013X00823
2015/01/12 14:43:15: TID: 86042D186A9F2980
2015/01/12 14:43:15: F/W Version: 00.00.08
2015/01/12 14:43:15:
2015/01/12 14:43:15: MasterKey Key Entry ... OK
2015/01/12 14:43:15: PowerON Counter Key Entry ... OK
2015/01/12 14:43:15: Key Entry ... OK
2015/01/12 14:43:15: Complete.
2015/01/12 14:43:15: COM PORT CLOSE ... OK
2015/01/12 14:43:15: 
2015/01/12 14:43:15: ==== Processing was completed ====
2015/01/12 14:43:15: 
*************************************************


*********** Start the Initialize Key Check **********
2015/01/12 14:48:29: Tool Ver: 2013.0605.01
2015/01/12 14:48:29: COM PORT OPEN ... OK
2015/01/12 14:48:29:
2015/01/12 14:48:29: ProductS/N:  VRW06A114302982
2015/01/12 14:48:29: TID: 860414193AE62080
2015/01/12 14:48:29: F/W Version: 00.00.08
2015/01/12 14:48:29:
2015/01/12 14:48:29: MasterKey Key Entry ... OK
2015/01/12 14:48:29: PowerON Counter Key Entry ... OK
2015/01/12 14:48:29: Key Entry ... OK
2015/01/12 14:48:29: Complete.
2015/01/12 14:48:29: COM PORT CLOSE ... OK
2015/01/12 14:48:29: 
2015/01/12 14:48:29: ==== Processing was completed ====
2015/01/12 14:48:29: 
*************************************************


*********** Start the Initialize Key Check **********
2015/01/12 14:56:14: Tool Ver: 2013.0605.01
2015/01/12 14:56:14: COM PORT OPEN ... OK
*********** Start the Initialize Key Check **********
2015/01/12 14:56:35: Tool Ver: 2013.0605.01
2015/01/12 14:56:35: COM PORT OPEN ... OK
*********** Start the Initialize Key Check **********
2015/01/12 14:57:01: Tool Ver: 2013.0605.01
2015/01/12 14:57:01: COM PORT OPEN ... OK
2015/01/12 14:57:02:
2015/01/12 14:57:02: ProductS/N:  VRW06A114302982
2015/01/12 14:57:02: TID: 860414193AE62080
2015/01/12 14:57:02: F/W Version: 00.00.08
2015/01/12 14:57:02:
2015/01/12 14:57:02: MasterKey Key Entry ... OK
2015/01/12 14:57:02: PowerON Counter Key Entry ... OK
2015/01/12 14:57:02: Key Entry ... OK
2015/01/12 14:57:02: Complete.
2015/01/12 14:57:02: COM PORT CLOSE ... OK
2015/01/12 14:57:02: 
2015/01/12 14:57:02: ==== Processing was completed ====
2015/01/12 14:57:02: 
*************************************************


*********** Start the Initialize Key Check **********
2015/01/12 15:19:02: Tool Ver: 2013.0605.01
2015/01/12 15:19:02: COM PORT OPEN ... OK
2015/01/12 15:19:02:
2015/01/12 15:19:02: ProductS/N:  VRW06A013X00014
2015/01/12 15:19:02: TID: 8604382072842D80
2015/01/12 15:19:02: F/W Version: 00.00.08
2015/01/12 15:19:02:
2015/01/12 15:19:02: MasterKey Key Entry ... OK
2015/01/12 15:19:02: PowerON Counter Key Entry ... OK
2015/01/12 15:19:02: Key Entry ... OK
2015/01/12 15:19:02: Complete.
2015/01/12 15:19:02: COM PORT CLOSE ... OK
2015/01/12 15:19:02: 
2015/01/12 15:19:02: ==== Processing was completed ====
2015/01/12 15:19:02: 
*************************************************


*********** Start the Initialize Key Check **********
2015/01/12 15:26:34: Tool Ver: 2013.0605.01
2015/01/12 15:26:34: COM PORT OPEN ... OK
*********** Start the Initialize Key Check **********
2015/01/12 15:26:55: Tool Ver: 2013.0605.01
2015/01/12 15:26:55: COM PORT OPEN ... OK
2015/01/12 15:26:55:
2015/01/12 15:26:55: ProductS/N:  VRW06A013X00014
2015/01/12 15:26:55: TID: 8604382072842D80
2015/01/12 15:26:55: F/W Version: 00.00.08
2015/01/12 15:26:55:
2015/01/12 15:26:55: MasterKey Key Entry ... OK
2015/01/12 15:26:55: PowerON Counter Key Entry ... OK
2015/01/12 15:26:56: Key Entry ... OK
2015/01/12 15:26:56: Complete.
2015/01/12 15:26:56: COM PORT CLOSE ... OK
2015/01/12 15:26:56: 
2015/01/12 15:26:56: ==== Processing was completed ====
2015/01/12 15:26:56: 
*************************************************


*********** Start the Initialize Key Check **********
2015/01/12 15:30:07: Tool Ver: 2013.0605.01
2015/01/12 15:30:07: COM PORT OPEN ... OK
2015/01/12 15:30:07:
2015/01/12 15:30:07: ProductS/N:  VRW06A113X02900
2015/01/12 15:30:07: TID: 8604260872842D80
2015/01/12 15:30:07: F/W Version: 00.00.08
2015/01/12 15:30:07:
2015/01/12 15:30:07: MasterKey Key Entry ... OK
2015/01/12 15:30:07: PowerON Counter Key Entry ... OK
2015/01/12 15:30:08: Key Entry ... OK
2015/01/12 15:30:08: Complete.
2015/01/12 15:30:08: COM PORT CLOSE ... OK
2015/01/12 15:30:08: 
2015/01/12 15:30:08: ==== Processing was completed ====
2015/01/12 15:30:08: 
*************************************************


*********** Start the Initialize Key Check **********
2015/01/12 15:34:23: Tool Ver: 2013.0605.01
2015/01/12 15:34:23: COM PORT OPEN ... OK
2015/01/12 15:34:23:
2015/01/12 15:34:23: ProductS/N:  VRW06A013X00014
2015/01/12 15:34:23: TID: 8604382072842D80
2015/01/12 15:34:23: F/W Version: 00.00.08
2015/01/12 15:34:23:
2015/01/12 15:34:23: MasterKey Key Entry ... OK
2015/01/12 15:34:23: PowerON Counter Key Entry ... OK
2015/01/12 15:34:24: Key Entry ... OK
2015/01/12 15:34:24: Complete.
2015/01/12 15:34:24: COM PORT CLOSE ... OK
2015/01/12 15:34:24: 
2015/01/12 15:34:24: ==== Processing was completed ====
2015/01/12 15:34:24: 
*************************************************


*********** Start the Initialize Key Check **********
2015/01/12 15:37:47: Tool Ver: 2013.0605.01
2015/01/12 15:37:47: COM PORT OPEN ... OK
2015/01/12 15:37:47:
2015/01/12 15:37:47: ProductS/N:  VRW06A113X02900
2015/01/12 15:37:47: TID: 8604260872842D80
2015/01/12 15:37:47: F/W Version: 00.00.08
2015/01/12 15:37:47:
2015/01/12 15:37:47: MasterKey Key Entry ... OK
2015/01/12 15:37:47: PowerON Counter Key Entry ... OK
2015/01/12 15:37:48: Key Entry ... OK
2015/01/12 15:37:48: Complete.
2015/01/12 15:37:48: COM PORT CLOSE ... OK
2015/01/12 15:37:48: 
2015/01/12 15:37:48: ==== Processing was completed ====
2015/01/12 15:37:48: 
*************************************************


*********** Start the Initialize Key Check **********
2015/01/12 15:45:26: Tool Ver: 2013.0605.01
2015/01/12 15:45:26: COM PORT OPEN ... OK
*********** Start the Initialize Key Check **********
2015/01/12 15:45:44: Tool Ver: 2013.0605.01
2015/01/12 15:45:44: COM PORT OPEN ... OK
*********** Start the Initialize Key Check **********
2015/01/12 15:46:07: Tool Ver: 2013.0605.01
2015/01/12 15:46:07: COM PORT OPEN ... OK
2015/01/12 15:46:07:
2015/01/12 15:46:07: ProductS/N:  VRW06A113X02900
2015/01/12 15:46:07: TID: 8604260872842D80
2015/01/12 15:46:07: F/W Version: 00.00.08
2015/01/12 15:46:07:
2015/01/12 15:46:07: MasterKey Key Entry ... OK
2015/01/12 15:46:07: PowerON Counter Key Entry ... OK
2015/01/12 15:46:08: Key Entry ... OK
2015/01/12 15:46:08: Complete.
2015/01/12 15:46:08: COM PORT CLOSE ... OK
2015/01/12 15:46:08: 
2015/01/12 15:46:08: ==== Processing was completed ====
2015/01/12 15:46:08: 
*************************************************


*********** Start the Initialize Key Check **********
2015/01/12 15:47:48: Tool Ver: 2013.0605.01
2015/01/12 15:47:48: COM PORT OPEN ... OK
*********** Start the Initialize Key Check **********
2015/01/12 15:48:12: Tool Ver: 2013.0605.01
2015/01/12 15:48:12: COM PORT OPEN ... OK
*********** Start the Initialize Key Check **********
2015/01/12 15:48:31: Tool Ver: 2013.0605.01
2015/01/12 15:48:31: COM PORT OPEN ... OK
2015/01/12 15:48:32:
2015/01/12 15:48:32: ProductS/N:  VRW06A113X01627
2015/01/12 15:48:32: TID: 8604352C6A9F2980
2015/01/12 15:48:32: F/W Version: 00.00.08
2015/01/12 15:48:32:
2015/01/12 15:48:32: MasterKey Key Entry ... OK
2015/01/12 15:48:32: PowerON Counter Key Entry ... OK
2015/01/12 15:48:32: Key Entry ... OK
2015/01/12 15:48:32: Complete.
2015/01/12 15:48:32: COM PORT CLOSE ... OK
2015/01/12 15:48:32: 
2015/01/12 15:48:32: ==== Processing was completed ====
2015/01/12 15:48:32: 
*************************************************


*********** Start the Initialize Key Check **********
2015/01/12 15:59:33: Tool Ver: 2013.0605.01
2015/01/12 15:59:33: COM PORT OPEN ... OK
*********** Start the Initialize Key Check **********
2015/01/12 15:59:51: Tool Ver: 2013.0605.01
2015/01/12 15:59:51: COM PORT OPEN ... OK
2015/01/12 15:59:51:
2015/01/12 15:59:51: ProductS/N:  VRW06A113X01627
2015/01/12 15:59:51: TID: 8604352C6A9F2980
2015/01/12 15:59:51: F/W Version: 00.00.08
2015/01/12 15:59:51:
2015/01/12 15:59:51: MasterKey Key Entry ... OK
2015/01/12 15:59:51: PowerON Counter Key Entry ... OK
2015/01/12 15:59:52: Key Entry ... OK
2015/01/12 15:59:52: Complete.
2015/01/12 15:59:52: COM PORT CLOSE ... OK
2015/01/12 15:59:52: 
2015/01/12 15:59:52: ==== Processing was completed ====
2015/01/12 15:59:52: 
*************************************************


*********** Start the Initialize Key Check **********
2015/01/12 16:04:29: Tool Ver: 2013.0605.01
2015/01/12 16:04:29: COM PORT OPEN ... OK
*********** Start the Initialize Key Check **********
2015/01/12 16:04:48: Tool Ver: 2013.0605.01
2015/01/12 16:04:48: COM PORT OPEN ... OK
*********** Start the Initialize Key Check **********
2015/01/12 16:05:06: Tool Ver: 2013.0605.01
2015/01/12 16:05:06: COM PORT OPEN ... OK
*********** Start the Initialize Key Check **********
2015/01/12 16:05:31: Tool Ver: 2013.0605.01
2015/01/12 16:05:31: COM PORT OPEN ... OK
2015/01/12 16:05:31:
2015/01/12 16:05:31: ProductS/N:  VRW06A114401785
2015/01/12 16:05:31: TID: 8604082B2AE62080
2015/01/12 16:05:31: F/W Version: 00.00.08
2015/01/12 16:05:31:
2015/01/12 16:05:31: MasterKey Key Entry ... OK
2015/01/12 16:05:31: PowerON Counter Key Entry ... OK
2015/01/12 16:05:32: Key Entry ... OK
2015/01/12 16:05:32: Complete.
2015/01/12 16:05:32: COM PORT CLOSE ... OK
2015/01/12 16:05:32: 
2015/01/12 16:05:32: ==== Processing was completed ====
2015/01/12 16:05:32: 
*************************************************


*********** Start the Initialize Key Check **********
2015/01/12 16:08:55: Tool Ver: 2013.0605.01
2015/01/12 16:08:55: COM PORT OPEN ... OK
2015/01/12 16:08:55:
2015/01/12 16:08:55: ProductS/N:  VRW06A113X01627
2015/01/12 16:08:55: TID: 8604352C6A9F2980
2015/01/12 16:08:55: F/W Version: 00.00.08
2015/01/12 16:08:55:
2015/01/12 16:08:55: MasterKey Key Entry ... OK
2015/01/12 16:08:55: PowerON Counter Key Entry ... OK
2015/01/12 16:08:55: Key Entry ... OK
2015/01/12 16:08:55: Complete.
2015/01/12 16:08:55: COM PORT CLOSE ... OK
2015/01/12 16:08:55: 
2015/01/12 16:08:55: ==== Processing was completed ====
2015/01/12 16:08:55: 
*************************************************


*********** Start the Initialize Key Check **********
2015/01/12 16:13:51: Tool Ver: 2013.0605.01
2015/01/12 16:13:51: COM PORT OPEN ... OK
2015/01/12 16:13:51:
2015/01/12 16:13:51: ProductS/N:  VRW06A114401785
2015/01/12 16:13:51: TID: 8604082B2AE62080
2015/01/12 16:13:51: F/W Version: 00.00.08
2015/01/12 16:13:51:
2015/01/12 16:13:51: MasterKey Key Entry ... OK
2015/01/12 16:13:51: PowerON Counter Key Entry ... OK
2015/01/12 16:13:52: Key Entry ... OK
2015/01/12 16:13:52: Complete.
2015/01/12 16:13:52: COM PORT CLOSE ... OK
2015/01/12 16:13:52: 
2015/01/12 16:13:52: ==== Processing was completed ====
2015/01/12 16:13:52: 
*************************************************


*********** Start the Initialize Key Check **********
2015/01/12 16:23:24: Tool Ver: 2013.0605.01
2015/01/12 16:23:24: COM PORT OPEN ... OK
2015/01/12 16:23:24:
2015/01/12 16:23:24: ProductS/N:  VRW06A114201500
2015/01/12 16:23:24: TID: 8604422B5A842D80
2015/01/12 16:23:24: F/W Version: 00.00.08
2015/01/12 16:23:24:
2015/01/12 16:23:24: MasterKey Key Entry ... OK
2015/01/12 16:23:24: PowerON Counter Key Entry ... OK
2015/01/12 16:23:25: Key Entry ... OK
2015/01/12 16:23:25: Complete.
2015/01/12 16:23:25: COM PORT CLOSE ... OK
2015/01/12 16:23:25: 
2015/01/12 16:23:25: ==== Processing was completed ====
2015/01/12 16:23:25: 
*************************************************


*********** Start the Initialize Key Check **********
2015/01/12 16:38:53: Tool Ver: 2013.0605.01
2015/01/12 16:38:53: COM PORT OPEN ... OK
2015/01/12 16:38:53:
2015/01/12 16:38:53: ProductS/N:  VRW06A114201500
2015/01/12 16:38:53: TID: 8604422B5A842D80
2015/01/12 16:38:53: F/W Version: 00.00.08
2015/01/12 16:38:53:
2015/01/12 16:38:53: MasterKey Key Entry ... OK
2015/01/12 16:38:53: PowerON Counter Key Entry ... OK
2015/01/12 16:38:53: Key Entry ... OK
2015/01/12 16:38:53: Complete.
2015/01/12 16:38:53: COM PORT CLOSE ... OK
2015/01/12 16:38:53: 
2015/01/12 16:38:53: ==== Processing was completed ====
2015/01/12 16:38:53: 
*************************************************


