*********** Start the Initialize Key Check **********
2015/04/15 08:12:59: Tool Ver: 2013.0605.01
2015/04/15 08:12:59: COM PORT OPEN ... OK
2015/04/15 08:12:59:
2015/04/15 08:12:59: ProductS/N:  5414592
2015/04/15 08:12:59: TID: 86040D3B5A842D80
2015/04/15 08:12:59: F/W Version: 00.00.08
2015/04/15 08:12:59:
2015/04/15 08:12:59: MasterKey Key Entry ... OK
2015/04/15 08:12:59: PowerON Counter Key Entry ... OK
2015/04/15 08:13:00: Key Entry ... OK
2015/04/15 08:13:00: Complete.
2015/04/15 08:13:00: COM PORT CLOSE ... OK
2015/04/15 08:13:00: 
2015/04/15 08:13:00: ==== Processing was completed ====
2015/04/15 08:13:00: 
*************************************************


*********** Start the Initialize Key Check **********
2015/04/15 08:13:16: Tool Ver: 2013.0605.01
2015/04/15 08:13:16: COM PORT OPEN ... OK
2015/04/15 08:13:16:
2015/04/15 08:13:16: ProductS/N:  5414568
2015/04/15 08:13:16: TID: 86043E1D6A842D80
2015/04/15 08:13:16: F/W Version: 00.00.08
2015/04/15 08:13:16:
2015/04/15 08:13:16: MasterKey Key Entry ... OK
2015/04/15 08:13:16: PowerON Counter Key Entry ... OK
2015/04/15 08:13:16: Key Entry ... OK
2015/04/15 08:13:16: Complete.
2015/04/15 08:13:16: COM PORT CLOSE ... OK
2015/04/15 08:13:16: 
2015/04/15 08:13:16: ==== Processing was completed ====
2015/04/15 08:13:16: 
*************************************************


*********** Start the Initialize Key Check **********
2015/04/15 08:25:14: Tool Ver: 2013.0605.01
2015/04/15 08:25:14: COM PORT OPEN ... OK
2015/04/15 08:25:14:
2015/04/15 08:25:14: ProductS/N:  5400288
2015/04/15 08:25:14: TID: 8604390F6A842D80
2015/04/15 08:25:14: F/W Version: 00.00.08
2015/04/15 08:25:14:
2015/04/15 08:25:14: MasterKey Key Entry ... OK
2015/04/15 08:25:14: PowerON Counter Key Entry ... OK
2015/04/15 08:25:15: Key Entry ... OK
2015/04/15 08:25:15: Complete.
2015/04/15 08:25:15: COM PORT CLOSE ... OK
2015/04/15 08:25:15: 
2015/04/15 08:25:15: ==== Processing was completed ====
2015/04/15 08:25:15: 
*************************************************


*********** Start the Initialize Key Check **********
2015/04/15 08:34:03: Tool Ver: 2013.0605.01
2015/04/15 08:34:03: COM PORT OPEN ... OK
2015/04/15 08:34:04:
2015/04/15 08:34:04: ProductS/N:  5400286
2015/04/15 08:34:04: TID: 860436166A842D80
2015/04/15 08:34:04: F/W Version: 00.00.08
2015/04/15 08:34:04:
2015/04/15 08:34:04: MasterKey Key Entry ... OK
2015/04/15 08:34:04: PowerON Counter Key Entry ... OK
2015/04/15 08:34:04: Key Entry ... OK
2015/04/15 08:34:04: Complete.
2015/04/15 08:34:04: COM PORT CLOSE ... OK
2015/04/15 08:34:04: 
2015/04/15 08:34:04: ==== Processing was completed ====
2015/04/15 08:34:04: 
*************************************************


*********** Start the Initialize Key Check **********
2015/04/15 08:35:49: Tool Ver: 2013.0605.01
2015/04/15 08:35:49: Product S/N ... ERROR
2015/04/15 08:35:49: 
2015/04/15 08:35:49: ######## Error has occurred ########
2015/04/15 08:35:49: 
*************************************************


*********** Start the Initialize Key Check **********
2015/04/15 08:36:05: Tool Ver: 2013.0605.01
2015/04/15 08:36:05: COM PORT OPEN ... OK
2015/04/15 08:36:05:
2015/04/15 08:36:05: ProductS/N:  5414579
2015/04/15 08:36:05: TID: 86043A136A842D80
2015/04/15 08:36:05: F/W Version: 00.00.08
2015/04/15 08:36:05:
2015/04/15 08:36:05: MasterKey Key Entry ... OK
2015/04/15 08:36:05: PowerON Counter Key Entry ... OK
2015/04/15 08:36:06: Key Entry ... OK
2015/04/15 08:36:06: Complete.
2015/04/15 08:36:06: COM PORT CLOSE ... OK
2015/04/15 08:36:06: 
2015/04/15 08:36:06: ==== Processing was completed ====
2015/04/15 08:36:06: 
*************************************************


*********** Start the Initialize Key Check **********
2015/04/15 08:41:28: Tool Ver: 2013.0605.01
2015/04/15 08:41:28: Product S/N ... ERROR
2015/04/15 08:41:28: 
2015/04/15 08:41:28: ######## Error has occurred ########
2015/04/15 08:41:28: 
*************************************************


*********** Start the Initialize Key Check **********
2015/04/15 08:41:29: Tool Ver: 2013.0605.01
2015/04/15 08:41:29: Product S/N ... ERROR
2015/04/15 08:41:29: 
2015/04/15 08:41:29: ######## Error has occurred ########
2015/04/15 08:41:29: 
*************************************************


*********** Start the Initialize Key Check **********
2015/04/15 08:41:52: Tool Ver: 2013.0605.01
2015/04/15 08:41:52: COM PORT OPEN ... OK
2015/04/15 08:41:52:
2015/04/15 08:41:52: ProductS/N:  5414582
2015/04/15 08:41:52: TID: 86042E1E62842D80
2015/04/15 08:41:52: F/W Version: 00.00.08
2015/04/15 08:41:52:
2015/04/15 08:41:52: MasterKey Key Entry ... OK
2015/04/15 08:41:52: PowerON Counter Key Entry ... OK
2015/04/15 08:41:53: Key Entry ... OK
2015/04/15 08:41:53: Complete.
2015/04/15 08:41:53: COM PORT CLOSE ... OK
2015/04/15 08:41:53: 
2015/04/15 08:41:53: ==== Processing was completed ====
2015/04/15 08:41:53: 
*************************************************


*********** Start the Initialize Key Check **********
2015/04/15 08:42:02: Tool Ver: 2013.0605.01
2015/04/15 08:42:02: Product S/N ... ERROR
2015/04/15 08:42:02: 
2015/04/15 08:42:02: ######## Error has occurred ########
2015/04/15 08:42:02: 
*************************************************


*********** Start the Initialize Key Check **********
2015/04/15 08:42:27: Tool Ver: 2013.0605.01
2015/04/15 08:42:27: COM PORT OPEN ... OK
2015/04/15 08:42:27:
2015/04/15 08:42:27: ProductS/N:  5400223
2015/04/15 08:42:27: TID: 860437386A842D80
2015/04/15 08:42:27: F/W Version: 00.00.08
2015/04/15 08:42:27:
2015/04/15 08:42:27: MasterKey Key Entry ... OK
2015/04/15 08:42:27: PowerON Counter Key Entry ... OK
2015/04/15 08:42:28: Key Entry ... OK
2015/04/15 08:42:28: Complete.
2015/04/15 08:42:28: COM PORT CLOSE ... OK
2015/04/15 08:42:28: 
2015/04/15 08:42:28: ==== Processing was completed ====
2015/04/15 08:42:28: 
*************************************************


*********** Start the Initialize Key Check **********
2015/04/15 08:51:18: Tool Ver: 2013.0605.01
2015/04/15 08:51:18: COM PORT OPEN ... OK
2015/04/15 08:51:18:
2015/04/15 08:51:18: ProductS/N:  5400265
2015/04/15 08:51:18: TID: 8604392A6A842D80
2015/04/15 08:51:18: F/W Version: 00.00.08
2015/04/15 08:51:18:
2015/04/15 08:51:18: MasterKey Key Entry ... OK
2015/04/15 08:51:18: PowerON Counter Key Entry ... OK
2015/04/15 08:51:19: Key Entry ... OK
2015/04/15 08:51:19: Complete.
2015/04/15 08:51:19: COM PORT CLOSE ... OK
2015/04/15 08:51:19: 
2015/04/15 08:51:19: ==== Processing was completed ====
2015/04/15 08:51:19: 
*************************************************


*********** Start the Initialize Key Check **********
2015/04/15 08:51:34: Tool Ver: 2013.0605.01
2015/04/15 08:51:34: COM PORT OPEN ... OK
2015/04/15 08:51:34:
2015/04/15 08:51:34: ProductS/N:  5414580
2015/04/15 08:51:34: TID: 86042E1062842D80
2015/04/15 08:51:34: F/W Version: 00.00.08
2015/04/15 08:51:34:
2015/04/15 08:51:34: MasterKey Key Entry ... OK
2015/04/15 08:51:34: PowerON Counter Key Entry ... OK
2015/04/15 08:51:35: Key Entry ... OK
2015/04/15 08:51:35: Complete.
2015/04/15 08:51:35: COM PORT CLOSE ... OK
2015/04/15 08:51:35: 
2015/04/15 08:51:35: ==== Processing was completed ====
2015/04/15 08:51:35: 
*************************************************


*********** Start the Initialize Key Check **********
2015/04/15 08:58:43: Tool Ver: 2013.0605.01
2015/04/15 08:58:43: COM PORT OPEN ... OK
2015/04/15 08:58:43:
2015/04/15 08:58:43: ProductS/N:  5414578
2015/04/15 08:58:43: TID: 86043A2A6A842D80
2015/04/15 08:58:43: F/W Version: 00.00.08
2015/04/15 08:58:43:
2015/04/15 08:58:43: MasterKey Key Entry ... OK
2015/04/15 08:58:43: PowerON Counter Key Entry ... OK
2015/04/15 08:58:44: Key Entry ... OK
2015/04/15 08:58:44: Complete.
2015/04/15 08:58:44: COM PORT CLOSE ... OK
2015/04/15 08:58:44: 
2015/04/15 08:58:44: ==== Processing was completed ====
2015/04/15 08:58:44: 
*************************************************


*********** Start the Initialize Key Check **********
2015/04/15 08:59:00: Tool Ver: 2013.0605.01
2015/04/15 08:59:00: COM PORT OPEN ... OK
2015/04/15 08:59:00:
2015/04/15 08:59:00: ProductS/N:  5414583
2015/04/15 08:59:00: TID: 860436246A842D80
2015/04/15 08:59:00: F/W Version: 00.00.08
2015/04/15 08:59:00:
2015/04/15 08:59:00: MasterKey Key Entry ... OK
2015/04/15 08:59:00: PowerON Counter Key Entry ... OK
2015/04/15 08:59:01: Key Entry ... OK
2015/04/15 08:59:01: Complete.
2015/04/15 08:59:01: COM PORT CLOSE ... OK
2015/04/15 08:59:01: 
2015/04/15 08:59:01: ==== Processing was completed ====
2015/04/15 08:59:01: 
*************************************************


*********** Start the Initialize Key Check **********
2015/04/15 09:07:16: Tool Ver: 2013.0605.01
2015/04/15 09:07:16: COM PORT OPEN ... OK
2015/04/15 09:07:16:
2015/04/15 09:07:16: ProductS/N:  5414600
2015/04/15 09:07:16: TID: 860436156A842D80
2015/04/15 09:07:16: F/W Version: 00.00.08
2015/04/15 09:07:16:
2015/04/15 09:07:16: MasterKey Key Entry ... OK
2015/04/15 09:07:16: PowerON Counter Key Entry ... OK
2015/04/15 09:07:16: Key Entry ... OK
2015/04/15 09:07:16: Complete.
2015/04/15 09:07:16: COM PORT CLOSE ... OK
2015/04/15 09:07:16: 
2015/04/15 09:07:16: ==== Processing was completed ====
2015/04/15 09:07:16: 
*************************************************


*********** Start the Initialize Key Check **********
2015/04/15 09:07:31: Tool Ver: 2013.0605.01
2015/04/15 09:07:31: COM PORT OPEN ... OK
2015/04/15 09:07:31:
2015/04/15 09:07:31: ProductS/N:  5414575
2015/04/15 09:07:31: TID: 86043A1D6A842D80
2015/04/15 09:07:31: F/W Version: 00.00.08
2015/04/15 09:07:31:
2015/04/15 09:07:31: MasterKey Key Entry ... OK
2015/04/15 09:07:31: PowerON Counter Key Entry ... OK
2015/04/15 09:07:32: Key Entry ... OK
2015/04/15 09:07:32: Complete.
2015/04/15 09:07:32: COM PORT CLOSE ... OK
2015/04/15 09:07:32: 
2015/04/15 09:07:32: ==== Processing was completed ====
2015/04/15 09:07:32: 
*************************************************


*********** Start the Initialize Key Check **********
2015/04/15 09:12:49: Tool Ver: 2013.0605.01
2015/04/15 09:12:49: COM PORT OPEN ... OK
2015/04/15 09:12:49:
2015/04/15 09:12:49: ProductS/N:  5400272
2015/04/15 09:12:49: TID: 86043E2F6A842D80
2015/04/15 09:12:49: F/W Version: 00.00.08
2015/04/15 09:12:49:
2015/04/15 09:12:49: MasterKey Key Entry ... OK
2015/04/15 09:12:49: PowerON Counter Key Entry ... OK
2015/04/15 09:12:50: Key Entry ... OK
2015/04/15 09:12:50: Complete.
2015/04/15 09:12:50: COM PORT CLOSE ... OK
2015/04/15 09:12:50: 
2015/04/15 09:12:50: ==== Processing was completed ====
2015/04/15 09:12:50: 
*************************************************


*********** Start the Initialize Key Check **********
2015/04/15 09:27:09: Tool Ver: 2013.0605.01
2015/04/15 09:27:09: COM PORT OPEN ... OK
2015/04/15 09:27:09:
2015/04/15 09:27:09: ProductS/N:  5400221
2015/04/15 09:27:09: TID: 86042A1762842D80
2015/04/15 09:27:09: F/W Version: 00.00.08
2015/04/15 09:27:09:
2015/04/15 09:27:09: MasterKey Key Entry ... OK
2015/04/15 09:27:09: PowerON Counter Key Entry ... OK
2015/04/15 09:27:10: Key Entry ... OK
2015/04/15 09:27:10: Complete.
2015/04/15 09:27:10: COM PORT CLOSE ... OK
2015/04/15 09:27:10: 
2015/04/15 09:27:10: ==== Processing was completed ====
2015/04/15 09:27:10: 
*************************************************


*********** Start the Initialize Key Check **********
2015/04/15 09:30:01: Tool Ver: 2013.0605.01
2015/04/15 09:30:01: COM PORT OPEN ... OK
2015/04/15 09:30:01:
2015/04/15 09:30:01: ProductS/N:  5414601
2015/04/15 09:30:01: TID: 8604360D6A842D80
2015/04/15 09:30:01: F/W Version: 00.00.08
2015/04/15 09:30:01:
2015/04/15 09:30:01: MasterKey Key Entry ... OK
2015/04/15 09:30:01: PowerON Counter Key Entry ... OK
2015/04/15 09:30:02: Key Entry ... OK
2015/04/15 09:30:02: Complete.
2015/04/15 09:30:02: COM PORT CLOSE ... OK
2015/04/15 09:30:02: 
2015/04/15 09:30:02: ==== Processing was completed ====
2015/04/15 09:30:02: 
*************************************************


*********** Start the Initialize Key Check **********
2015/04/15 09:47:32: Tool Ver: 2013.0605.01
2015/04/15 09:47:32: COM PORT OPEN ... OK
2015/04/15 09:47:32:
2015/04/15 09:47:32: ProductS/N:  5400256
2015/04/15 09:47:32: TID: 86042A0762842D80
2015/04/15 09:47:32: F/W Version: 00.00.08
2015/04/15 09:47:32:
2015/04/15 09:47:32: MasterKey Key Entry ... OK
2015/04/15 09:47:32: PowerON Counter Key Entry ... OK
2015/04/15 09:47:32: Key Entry ... OK
2015/04/15 09:47:32: Complete.
2015/04/15 09:47:32: COM PORT CLOSE ... OK
2015/04/15 09:47:32: 
2015/04/15 09:47:32: ==== Processing was completed ====
2015/04/15 09:47:32: 
*************************************************


*********** Start the Initialize Key Check **********
2015/04/15 09:47:49: Tool Ver: 2013.0605.01
2015/04/15 09:47:49: COM PORT OPEN ... OK
2015/04/15 09:47:49:
2015/04/15 09:47:49: ProductS/N:  5400258
2015/04/15 09:47:49: TID: 86043B286A842D80
2015/04/15 09:47:49: F/W Version: 00.00.08
2015/04/15 09:47:49:
2015/04/15 09:47:49: MasterKey Key Entry ... OK
2015/04/15 09:47:49: PowerON Counter Key Entry ... OK
2015/04/15 09:47:50: Key Entry ... OK
2015/04/15 09:47:50: Complete.
2015/04/15 09:47:50: COM PORT CLOSE ... OK
2015/04/15 09:47:50: 
2015/04/15 09:47:50: ==== Processing was completed ====
2015/04/15 09:47:50: 
*************************************************


*********** Start the Initialize Key Check **********
2015/04/15 09:54:25: Tool Ver: 2013.0605.01
2015/04/15 09:54:25: COM PORT OPEN ... OK
2015/04/15 09:54:26:
2015/04/15 09:54:26: ProductS/N:  5400277
2015/04/15 09:54:26: TID: 86043D176A842D80
2015/04/15 09:54:26: F/W Version: 00.00.08
2015/04/15 09:54:26:
2015/04/15 09:54:26: MasterKey Key Entry ... OK
2015/04/15 09:54:26: PowerON Counter Key Entry ... OK
2015/04/15 09:54:26: Key Entry ... OK
2015/04/15 09:54:26: Complete.
2015/04/15 09:54:26: COM PORT CLOSE ... OK
2015/04/15 09:54:26: 
2015/04/15 09:54:26: ==== Processing was completed ====
2015/04/15 09:54:26: 
*************************************************


*********** Start the Initialize Key Check **********
2015/04/15 09:54:47: Tool Ver: 2013.0605.01
2015/04/15 09:54:47: COM PORT OPEN ... OK
2015/04/15 09:54:48:
2015/04/15 09:54:48: ProductS/N:  5414585
2015/04/15 09:54:48: TID: 8604350A6A842D80
2015/04/15 09:54:48: F/W Version: 00.00.08
2015/04/15 09:54:48:
2015/04/15 09:54:48: MasterKey Key Entry ... OK
2015/04/15 09:54:48: PowerON Counter Key Entry ... OK
2015/04/15 09:54:48: Key Entry ... OK
2015/04/15 09:54:48: Complete.
2015/04/15 09:54:48: COM PORT CLOSE ... OK
2015/04/15 09:54:48: 
2015/04/15 09:54:48: ==== Processing was completed ====
2015/04/15 09:54:48: 
*************************************************


*********** Start the Initialize Key Check **********
2015/04/15 10:00:32: Tool Ver: 2013.0605.01
2015/04/15 10:00:32: COM PORT OPEN ... OK
2015/04/15 10:00:32:
2015/04/15 10:00:32: ProductS/N:  5400234
2015/04/15 10:00:32: TID: 860436366A842D80
2015/04/15 10:00:32: F/W Version: 00.00.08
2015/04/15 10:00:32:
2015/04/15 10:00:32: MasterKey Key Entry ... OK
2015/04/15 10:00:32: PowerON Counter Key Entry ... OK
2015/04/15 10:00:33: Key Entry ... OK
2015/04/15 10:00:33: Complete.
2015/04/15 10:00:33: COM PORT CLOSE ... OK
2015/04/15 10:00:33: 
2015/04/15 10:00:33: ==== Processing was completed ====
2015/04/15 10:00:33: 
*************************************************


*********** Start the Initialize Key Check **********
2015/04/15 10:50:58: Tool Ver: 2013.0605.01
2015/04/15 10:50:58: COM PORT OPEN ... OK
2015/04/15 10:50:58:
2015/04/15 10:50:58: ProductS/N:  5400208
2015/04/15 10:50:58: TID: 8604290462842D80
2015/04/15 10:50:58: F/W Version: 00.00.08
2015/04/15 10:50:58:
2015/04/15 10:50:58: MasterKey Key Entry ... OK
2015/04/15 10:50:58: PowerON Counter Key Entry ... OK
2015/04/15 10:50:58: Key Entry ... OK
2015/04/15 10:50:58: Complete.
2015/04/15 10:50:58: COM PORT CLOSE ... OK
2015/04/15 10:50:58: 
2015/04/15 10:50:58: ==== Processing was completed ====
2015/04/15 10:50:58: 
*************************************************


*********** Start the Initialize Key Check **********
2015/04/15 11:16:16: Tool Ver: 2013.0605.01
2015/04/15 11:16:16: COM PORT OPEN ... OK
2015/04/15 11:16:16:
2015/04/15 11:16:16: ProductS/N:  5400246
2015/04/15 11:16:16: TID: 86042E0462842D80
2015/04/15 11:16:16: F/W Version: 00.00.08
2015/04/15 11:16:16:
2015/04/15 11:16:16: MasterKey Key Entry ... OK
2015/04/15 11:16:16: PowerON Counter Key Entry ... OK
2015/04/15 11:16:16: Key Entry ... OK
2015/04/15 11:16:16: Complete.
2015/04/15 11:16:16: COM PORT CLOSE ... OK
2015/04/15 11:16:16: 
2015/04/15 11:16:16: ==== Processing was completed ====
2015/04/15 11:16:16: 
*************************************************


*********** Start the Initialize Key Check **********
2015/04/15 11:32:03: Tool Ver: 2013.0605.01
2015/04/15 11:32:03: COM PORT OPEN ... OK
2015/04/15 11:32:03:
2015/04/15 11:32:03: ProductS/N:  5414577
2015/04/15 11:32:03: TID: 8604360A6A842D80
2015/04/15 11:32:03: F/W Version: 00.00.08
2015/04/15 11:32:03:
2015/04/15 11:32:03: MasterKey Key Entry ... OK
2015/04/15 11:32:03: PowerON Counter Key Entry ... OK
2015/04/15 11:32:04: Key Entry ... OK
2015/04/15 11:32:04: Complete.
2015/04/15 11:32:04: COM PORT CLOSE ... OK
2015/04/15 11:32:04: 
2015/04/15 11:32:04: ==== Processing was completed ====
2015/04/15 11:32:04: 
*************************************************


*********** Start the Initialize Key Check **********
2015/04/15 11:57:15: Tool Ver: 2013.0605.01
2015/04/15 11:57:15: COM PORT OPEN ... OK
2015/04/15 11:57:16:
2015/04/15 11:57:16: ProductS/N:  5400264
2015/04/15 11:57:16: TID: 86043D246A842D80
2015/04/15 11:57:16: F/W Version: 00.00.08
2015/04/15 11:57:16:
2015/04/15 11:57:16: MasterKey Key Entry ... OK
2015/04/15 11:57:16: PowerON Counter Key Entry ... OK
2015/04/15 11:57:16: Key Entry ... OK
2015/04/15 11:57:16: Complete.
2015/04/15 11:57:16: COM PORT CLOSE ... OK
2015/04/15 11:57:16: 
2015/04/15 11:57:16: ==== Processing was completed ====
2015/04/15 11:57:16: 
*************************************************


*********** Start the Initialize Key Check **********
2015/04/15 12:01:01: Tool Ver: 2013.0605.01
2015/04/15 12:01:01: COM PORT OPEN ... OK
2015/04/15 12:01:02:
2015/04/15 12:01:02: ProductS/N:  5400249
2015/04/15 12:01:02: TID: 860439216A842D80
2015/04/15 12:01:02: F/W Version: 00.00.08
2015/04/15 12:01:02:
2015/04/15 12:01:02: MasterKey Key Entry ... OK
2015/04/15 12:01:02: PowerON Counter Key Entry ... OK
2015/04/15 12:01:02: Key Entry ... OK
2015/04/15 12:01:02: Complete.
2015/04/15 12:01:02: COM PORT CLOSE ... OK
2015/04/15 12:01:02: 
2015/04/15 12:01:02: ==== Processing was completed ====
2015/04/15 12:01:02: 
*************************************************


*********** Start the Initialize Key Check **********
2015/04/15 13:09:25: Tool Ver: 2013.0605.01
2015/04/15 13:09:25: COM PORT OPEN ... OK
2015/04/15 13:09:25:
2015/04/15 13:09:25: ProductS/N:  5414597
2015/04/15 13:09:25: TID: 8604032572842D80
2015/04/15 13:09:25: F/W Version: 00.00.08
2015/04/15 13:09:25:
2015/04/15 13:09:25: MasterKey Key Entry ... OK
2015/04/15 13:09:25: PowerON Counter Key Entry ... OK
2015/04/15 13:09:26: Key Entry ... OK
2015/04/15 13:09:26: Complete.
2015/04/15 13:09:26: COM PORT CLOSE ... OK
2015/04/15 13:09:26: 
2015/04/15 13:09:26: ==== Processing was completed ====
2015/04/15 13:09:26: 
*************************************************


*********** Start the Initialize Key Check **********
2015/04/15 13:12:24: Tool Ver: 2013.0605.01
2015/04/15 13:12:24: COM PORT OPEN ... OK
2015/04/15 13:12:24:
2015/04/15 13:12:24: ProductS/N:  5400250
2015/04/15 13:12:24: TID: 8604390E6A842D80
2015/04/15 13:12:24: F/W Version: 00.00.08
2015/04/15 13:12:24:
2015/04/15 13:12:24: MasterKey Key Entry ... OK
2015/04/15 13:12:24: PowerON Counter Key Entry ... OK
2015/04/15 13:12:24: Key Entry ... OK
2015/04/15 13:12:24: Complete.
2015/04/15 13:12:24: COM PORT CLOSE ... OK
2015/04/15 13:12:24: 
2015/04/15 13:12:24: ==== Processing was completed ====
2015/04/15 13:12:24: 
*************************************************


*********** Start the Initialize Key Check **********
2015/04/15 13:21:56: Tool Ver: 2013.0605.01
2015/04/15 13:21:56: COM PORT OPEN ... OK
2015/04/15 13:21:56:
2015/04/15 13:21:56: ProductS/N:  5400215
2015/04/15 13:21:56: TID: 86042A0362842D80
2015/04/15 13:21:56: F/W Version: 00.00.08
2015/04/15 13:21:56:
2015/04/15 13:21:56: MasterKey Key Entry ... OK
2015/04/15 13:21:56: PowerON Counter Key Entry ... OK
2015/04/15 13:21:57: Key Entry ... OK
2015/04/15 13:21:57: Complete.
2015/04/15 13:21:57: COM PORT CLOSE ... OK
2015/04/15 13:21:57: 
2015/04/15 13:21:57: ==== Processing was completed ====
2015/04/15 13:21:57: 
*************************************************


*********** Start the Initialize Key Check **********
2015/04/15 13:32:20: Tool Ver: 2013.0605.01
2015/04/15 13:32:20: COM PORT OPEN ... OK
2015/04/15 13:32:21:
2015/04/15 13:32:21: ProductS/N:  5400238
2015/04/15 13:32:21: TID: 86043A246A842D80
2015/04/15 13:32:21: F/W Version: 00.00.08
2015/04/15 13:32:21:
2015/04/15 13:32:21: MasterKey Key Entry ... OK
2015/04/15 13:32:21: PowerON Counter Key Entry ... OK
2015/04/15 13:32:21: Key Entry ... OK
2015/04/15 13:32:21: Complete.
2015/04/15 13:32:21: COM PORT CLOSE ... OK
2015/04/15 13:32:21: 
2015/04/15 13:32:21: ==== Processing was completed ====
2015/04/15 13:32:21: 
*************************************************


*********** Start the Initialize Key Check **********
2015/04/15 13:33:43: Tool Ver: 2013.0605.01
2015/04/15 13:33:43: COM PORT OPEN ... OK
2015/04/15 13:33:43:
2015/04/15 13:33:43: ProductS/N:  5414593
2015/04/15 13:33:43: TID: 860408335A842D80
2015/04/15 13:33:43: F/W Version: 00.00.08
2015/04/15 13:33:43:
2015/04/15 13:33:43: MasterKey Key Entry ... OK
2015/04/15 13:33:43: PowerON Counter Key Entry ... OK
2015/04/15 13:33:43: Key Entry ... OK
2015/04/15 13:33:43: Complete.
2015/04/15 13:33:43: COM PORT CLOSE ... OK
2015/04/15 13:33:43: 
2015/04/15 13:33:43: ==== Processing was completed ====
2015/04/15 13:33:43: 
*************************************************


*********** Start the Initialize Key Check **********
2015/04/15 15:12:30: Tool Ver: 2013.0605.01
2015/04/15 15:12:30: COM PORT OPEN ... OK
2015/04/15 15:12:30:
2015/04/15 15:12:30: ProductS/N:  5414570
2015/04/15 15:12:30: TID: 86042D2062842D80
2015/04/15 15:12:30: F/W Version: 00.00.08
2015/04/15 15:12:30:
2015/04/15 15:12:35: Error[AuthHost(D55C5F9654A924BA0F9EB107EA00)]
2015/04/15 15:12:35: MasterKeyÅ@ ... ERROR(FE07)
*********** Start the Initialize Key Check **********
2015/04/15 15:12:47: Tool Ver: 2013.0605.01
2015/04/15 15:12:47: COM PORT OPEN ... OK
2015/04/15 15:12:47: AUTH1 POS ... ERROR(41)
2015/04/15 15:12:47:
2015/04/15 15:12:47: ProductS/N:  5414570
2015/04/15 15:12:47: TID: 86042D2062842D80
2015/04/15 15:12:47: F/W Version: 00.00.08
2015/04/15 15:12:47:
2015/04/15 15:12:48: MasterKey Key Entry... ERROR
2015/04/15 15:12:48: PowerON Counter Key Entry ... OK
2015/04/15 15:12:53: [068]Key Get Key Entry... ERROR
2015/04/15 15:12:53: [069]Key Get Key Entry... ERROR
2015/04/15 15:12:58: [070]Key Get Key Entry... ERROR
2015/04/15 15:12:58: [071]Key Get Key Entry... ERROR
*********** Start the Initialize Key Check **********
2015/04/15 15:13:25: Tool Ver: 2013.0605.01
2015/04/15 15:13:25: COM PORT OPEN ... OK
2015/04/15 15:13:25:
2015/04/15 15:13:25: ProductS/N:  5414570
2015/04/15 15:13:25: TID: 86042D2062842D80
2015/04/15 15:13:25: F/W Version: 00.00.08
2015/04/15 15:13:25:
2015/04/15 15:13:25: MasterKey Key Entry ... OK
2015/04/15 15:13:25: PowerON Counter Key Entry ... OK
2015/04/15 15:13:26: Key Entry ... OK
2015/04/15 15:13:26: Complete.
2015/04/15 15:13:26: COM PORT CLOSE ... OK
2015/04/15 15:13:26: 
2015/04/15 15:13:26: ==== Processing was completed ====
2015/04/15 15:13:26: 
*************************************************


*********** Start the Initialize Key Check **********
2015/04/15 16:49:59: Tool Ver: 2013.0605.01
2015/04/15 16:49:59: COM PORT OPEN ... OK
2015/04/15 16:49:59:
2015/04/15 16:49:59: ProductS/N:  5414595
2015/04/15 16:49:59: TID: 860436236A842D80
2015/04/15 16:49:59: F/W Version: 00.00.08
2015/04/15 16:49:59:
2015/04/15 16:49:59: MasterKey Key Entry ... OK
2015/04/15 16:49:59: PowerON Counter Key Entry ... OK
2015/04/15 16:50:00: Key Entry ... OK
2015/04/15 16:50:00: Complete.
2015/04/15 16:50:00: COM PORT CLOSE ... OK
2015/04/15 16:50:00: 
2015/04/15 16:50:00: ==== Processing was completed ====
2015/04/15 16:50:00: 
*************************************************


*********** Start the Initialize Key Check **********
2015/04/15 16:59:25: Tool Ver: 2013.0605.01
2015/04/15 16:59:25: COM PORT OPEN ... OK
2015/04/15 16:59:25:
2015/04/15 16:59:25: ProductS/N:  5400289
2015/04/15 16:59:25: TID: 8604291162842D80
2015/04/15 16:59:25: F/W Version: 00.00.08
2015/04/15 16:59:25:
2015/04/15 16:59:25: MasterKey Key Entry ... OK
2015/04/15 16:59:25: PowerON Counter Key Entry ... OK
2015/04/15 16:59:25: Key Entry ... OK
2015/04/15 16:59:25: Complete.
2015/04/15 16:59:25: COM PORT CLOSE ... OK
2015/04/15 16:59:25: 
2015/04/15 16:59:25: ==== Processing was completed ====
2015/04/15 16:59:25: 
*************************************************


*********** Start the Initialize Key Check **********
2015/04/15 17:03:01: Tool Ver: 2013.0605.01
2015/04/15 17:03:01: COM PORT OPEN ... OK
2015/04/15 17:03:01:
2015/04/15 17:03:01: ProductS/N:  5400239
2015/04/15 17:03:01: TID: 860439146A842D80
2015/04/15 17:03:01: F/W Version: 00.00.08
2015/04/15 17:03:01:
2015/04/15 17:03:01: MasterKey Key Entry ... OK
2015/04/15 17:03:01: PowerON Counter Key Entry ... OK
2015/04/15 17:03:02: Key Entry ... OK
2015/04/15 17:03:02: Complete.
2015/04/15 17:03:02: COM PORT CLOSE ... OK
2015/04/15 17:03:02: 
2015/04/15 17:03:02: ==== Processing was completed ====
2015/04/15 17:03:02: 
*************************************************


*********** Start the Initialize Key Check **********
2015/04/15 17:18:29: Tool Ver: 2013.0605.01
2015/04/15 17:18:29: COM PORT OPEN ... OK
2015/04/15 17:18:29:
2015/04/15 17:18:29: ProductS/N:  5400245
2015/04/15 17:18:29: TID: 86043D266A842D80
2015/04/15 17:18:29: F/W Version: 00.00.08
2015/04/15 17:18:29:
2015/04/15 17:18:29: MasterKey Key Entry ... OK
2015/04/15 17:18:29: PowerON Counter Key Entry ... OK
2015/04/15 17:18:30: Key Entry ... OK
2015/04/15 17:18:30: Complete.
2015/04/15 17:18:30: COM PORT CLOSE ... OK
2015/04/15 17:18:30: 
2015/04/15 17:18:30: ==== Processing was completed ====
2015/04/15 17:18:30: 
*************************************************


*********** Start the Initialize Key Check **********
2015/04/15 18:58:23: Tool Ver: 2013.0605.01
2015/04/15 18:58:23: COM PORT OPEN ... OK
2015/04/15 18:58:23:
2015/04/15 18:58:23: ProductS/N:  5400233
2015/04/15 18:58:23: TID: 8604363B6A842D80
2015/04/15 18:58:23: F/W Version: 00.00.08
2015/04/15 18:58:23:
2015/04/15 18:58:23: MasterKey Key Entry ... OK
2015/04/15 18:58:23: PowerON Counter Key Entry ... OK
2015/04/15 18:58:23: Key Entry ... OK
2015/04/15 18:58:23: Complete.
2015/04/15 18:58:23: COM PORT CLOSE ... OK
2015/04/15 18:58:23: 
2015/04/15 18:58:23: ==== Processing was completed ====
2015/04/15 18:58:23: 
*************************************************


