*********** Start the Initialize Key Check **********
2015/03/30 17:14:19: Tool Ver: 2013.0605.01
2015/03/30 17:14:19: COM PORT OPEN ... OK
2015/03/30 17:14:19:
2015/03/30 17:14:19: ProductS/N:  5300703
2015/03/30 17:14:19: TID: 8604201662842D80
2015/03/30 17:14:19: F/W Version: 00.00.08
2015/03/30 17:14:19:
2015/03/30 17:14:19: MasterKey Key Entry ... OK
2015/03/30 17:14:19: PowerON Counter Key Entry ... OK
2015/03/30 17:14:19: Key Entry ... OK
2015/03/30 17:14:19: Complete.
2015/03/30 17:14:19: COM PORT CLOSE ... OK
2015/03/30 17:14:19: 
2015/03/30 17:14:19: ==== Processing was completed ====
2015/03/30 17:14:19: 
*************************************************


*********** Start the Initialize Key Check **********
2015/03/30 17:23:52: Tool Ver: 2013.0605.01
2015/03/30 17:23:52: COM PORT OPEN ... OK
2015/03/30 17:23:52:
2015/03/30 17:23:52: ProductS/N:  5300803
2015/03/30 17:23:52: TID: 8604260662842D80
2015/03/30 17:23:52: F/W Version: 00.00.08
2015/03/30 17:23:52:
2015/03/30 17:23:52: MasterKey Key Entry ... OK
2015/03/30 17:23:52: PowerON Counter Key Entry ... OK
2015/03/30 17:23:52: Key Entry ... OK
2015/03/30 17:23:52: Complete.
2015/03/30 17:23:52: COM PORT CLOSE ... OK
2015/03/30 17:23:52: 
2015/03/30 17:23:52: ==== Processing was completed ====
2015/03/30 17:23:52: 
*************************************************


*********** Start the Initialize Key Check **********
2015/03/30 17:23:56: Tool Ver: 2013.0605.01
2015/03/30 17:23:56: COM PORT OPEN ... OK
2015/03/30 17:23:56:
2015/03/30 17:23:56: ProductS/N:  5300803
2015/03/30 17:23:56: TID: 8604260662842D80
2015/03/30 17:23:56: F/W Version: 00.00.08
2015/03/30 17:23:56:
2015/03/30 17:23:56: MasterKey Key Entry ... OK
2015/03/30 17:23:56: PowerON Counter Key Entry ... OK
2015/03/30 17:23:57: Key Entry ... OK
2015/03/30 17:23:57: Complete.
2015/03/30 17:23:57: COM PORT CLOSE ... OK
2015/03/30 17:23:57: 
2015/03/30 17:23:57: ==== Processing was completed ====
2015/03/30 17:23:57: 
*************************************************


*********** Start the Initialize Key Check **********
2015/03/30 17:51:43: Tool Ver: 2013.0605.01
2015/03/30 17:51:43: COM PORT OPEN ... OK
2015/03/30 17:51:43:
2015/03/30 17:51:43: ProductS/N:  5300703
2015/03/30 17:51:43: TID: 860407206A842D80
2015/03/30 17:51:43: F/W Version: 00.00.08
2015/03/30 17:51:43:
2015/03/30 17:51:43: MasterKey Key Entry ... OK
2015/03/30 17:51:43: PowerON Counter Key Entry ... OK
2015/03/30 17:51:44: Key Entry ... OK
2015/03/30 17:51:44: Complete.
2015/03/30 17:51:44: COM PORT CLOSE ... OK
2015/03/30 17:51:44: 
2015/03/30 17:51:44: ==== Processing was completed ====
2015/03/30 17:51:44: 
*************************************************


*********** Start the Initialize Key Check **********
2015/03/30 17:52:23: Tool Ver: 2013.0605.01
2015/03/30 17:52:23: COM PORT OPEN ... OK
2015/03/30 17:52:23:
2015/03/30 17:52:23: ProductS/N:  5300801
2015/03/30 17:52:23: TID: 86043C1262842D80
2015/03/30 17:52:23: F/W Version: 00.00.08
2015/03/30 17:52:23:
2015/03/30 17:52:23: MasterKey Key Entry ... OK
2015/03/30 17:52:23: PowerON Counter Key Entry ... OK
2015/03/30 17:52:23: Key Entry ... OK
2015/03/30 17:52:23: Complete.
2015/03/30 17:52:23: COM PORT CLOSE ... OK
2015/03/30 17:52:23: 
2015/03/30 17:52:23: ==== Processing was completed ====
2015/03/30 17:52:23: 
*************************************************


*********** Start the Initialize Key Check **********
2015/03/30 17:57:01: Tool Ver: 2013.0605.01
2015/03/30 17:57:01: COM PORT OPEN ... OK
2015/03/30 17:57:02:
2015/03/30 17:57:02: ProductS/N:  5300802
2015/03/30 17:57:02: TID: 8604250F62842D80
2015/03/30 17:57:02: F/W Version: 00.00.08
2015/03/30 17:57:02:
2015/03/30 17:57:02: MasterKey Key Entry ... OK
2015/03/30 17:57:02: PowerON Counter Key Entry ... OK
2015/03/30 17:57:02: Key Entry ... OK
2015/03/30 17:57:02: Complete.
2015/03/30 17:57:02: COM PORT CLOSE ... OK
2015/03/30 17:57:02: 
2015/03/30 17:57:02: ==== Processing was completed ====
2015/03/30 17:57:02: 
*************************************************


