*********** Start the Initialize Key Check **********
2015/03/28 16:32:05: Tool Ver: 2013.0605.01
2015/03/28 16:32:05: COM PORT OPEN ... OK
2015/03/28 16:32:05:
2015/03/28 16:32:05: ProductS/N:  5300703
2015/03/28 16:32:05: TID: 8604250F62842D80
2015/03/28 16:32:05: F/W Version: 00.00.08
2015/03/28 16:32:05:
2015/03/28 16:32:05: MasterKey Key Entry ... OK
2015/03/28 16:32:05: PowerON Counter Key Entry ... OK
2015/03/28 16:32:06: Key Entry ... OK
2015/03/28 16:32:06: Complete.
2015/03/28 16:32:06: COM PORT CLOSE ... OK
2015/03/28 16:32:06: 
2015/03/28 16:32:06: ==== Processing was completed ====
2015/03/28 16:32:06: 
*************************************************


*********** Start the Initialize Key Check **********
2015/03/28 17:57:48: Tool Ver: 2013.0605.01
2015/03/28 17:57:48: COM PORT OPEN ... OK
2015/03/28 17:57:48:
2015/03/28 17:57:48: ProductS/N:  5300703
2015/03/28 17:57:48: TID: 8604201662842D80
2015/03/28 17:57:48: F/W Version: 00.00.08
2015/03/28 17:57:48:
2015/03/28 17:57:48: MasterKey Key Entry ... OK
2015/03/28 17:57:48: PowerON Counter Key Entry ... OK
2015/03/28 17:57:49: Key Entry ... OK
2015/03/28 17:57:49: Complete.
2015/03/28 17:57:49: COM PORT CLOSE ... OK
2015/03/28 17:57:49: 
2015/03/28 17:57:49: ==== Processing was completed ====
2015/03/28 17:57:49: 
*************************************************


*********** Start the Initialize Key Check **********
2015/03/28 17:58:07: Tool Ver: 2013.0605.01
2015/03/28 17:58:07: COM PORT OPEN ... OK
2015/03/28 17:58:07:
2015/03/28 17:58:07: ProductS/N:  5300703
2015/03/28 17:58:07: TID: 8604201662842D80
2015/03/28 17:58:07: F/W Version: 00.00.08
2015/03/28 17:58:07:
2015/03/28 17:58:07: MasterKey Key Entry ... OK
2015/03/28 17:58:07: PowerON Counter Key Entry ... OK
2015/03/28 17:58:08: Key Entry ... OK
2015/03/28 17:58:08: Complete.
2015/03/28 17:58:08: COM PORT CLOSE ... OK
2015/03/28 17:58:08: 
2015/03/28 17:58:08: ==== Processing was completed ====
2015/03/28 17:58:08: 
*************************************************


*********** Start the Initialize Key Check **********
2015/03/28 19:40:36: Tool Ver: 2013.0605.01
2015/03/28 19:40:36: COM PORT OPEN ... OK
2015/03/28 19:40:36:
2015/03/28 19:40:36: ProductS/N:  5300804
2015/03/28 19:40:36: TID: 8604412162842D80
2015/03/28 19:40:36: F/W Version: 00.00.08
2015/03/28 19:40:36:
2015/03/28 19:40:36: MasterKey Key Entry ... OK
2015/03/28 19:40:36: PowerON Counter Key Entry ... OK
2015/03/28 19:40:37: Key Entry ... OK
2015/03/28 19:40:37: Complete.
2015/03/28 19:40:37: COM PORT CLOSE ... OK
2015/03/28 19:40:37: 
2015/03/28 19:40:37: ==== Processing was completed ====
2015/03/28 19:40:37: 
*************************************************


*********** Start the Initialize Key Check **********
2015/03/28 19:40:45: Tool Ver: 2013.0605.01
2015/03/28 19:40:45: COM PORT OPEN ... OK
2015/03/28 19:40:45:
2015/03/28 19:40:45: ProductS/N:  5300804
2015/03/28 19:40:45: TID: 8604412162842D80
2015/03/28 19:40:45: F/W Version: 00.00.08
2015/03/28 19:40:45:
2015/03/28 19:40:45: MasterKey Key Entry ... OK
2015/03/28 19:40:45: PowerON Counter Key Entry ... OK
2015/03/28 19:40:46: Key Entry ... OK
2015/03/28 19:40:46: Complete.
2015/03/28 19:40:46: COM PORT CLOSE ... OK
2015/03/28 19:40:46: 
2015/03/28 19:40:46: ==== Processing was completed ====
2015/03/28 19:40:46: 
*************************************************


*********** Start the Initialize Key Check **********
2015/03/28 19:41:47: Tool Ver: 2013.0605.01
2015/03/28 19:41:47: COM PORT OPEN ... OK
2015/03/28 19:41:48:
2015/03/28 19:41:48: ProductS/N:  5300801
2015/03/28 19:41:48: TID: 86043C1262842D80
2015/03/28 19:41:48: F/W Version: 00.00.08
2015/03/28 19:41:48:
2015/03/28 19:41:48: MasterKey Key Entry ... OK
2015/03/28 19:41:48: PowerON Counter Key Entry ... OK
2015/03/28 19:41:48: Key Entry ... OK
2015/03/28 19:41:48: Complete.
2015/03/28 19:41:48: COM PORT CLOSE ... OK
2015/03/28 19:41:48: 
2015/03/28 19:41:48: ==== Processing was completed ====
2015/03/28 19:41:48: 
*************************************************


*********** Start the Initialize Key Check **********
2015/03/28 19:42:30: Tool Ver: 2013.0605.01
2015/03/28 19:42:30: COM PORT OPEN ... OK
2015/03/28 19:42:30:
2015/03/28 19:42:30: ProductS/N:  5300703
2015/03/28 19:42:30: TID: 8604250F62842D80
2015/03/28 19:42:30: F/W Version: 00.00.08
2015/03/28 19:42:30:
2015/03/28 19:42:30: MasterKey Key Entry ... OK
2015/03/28 19:42:30: PowerON Counter Key Entry ... OK
2015/03/28 19:42:31: Key Entry ... OK
2015/03/28 19:42:31: Complete.
2015/03/28 19:42:31: COM PORT CLOSE ... OK
2015/03/28 19:42:31: 
2015/03/28 19:42:31: ==== Processing was completed ====
2015/03/28 19:42:31: 
*************************************************


*********** Start the Initialize Key Check **********
2015/03/28 19:43:07: Tool Ver: 2013.0605.01
2015/03/28 19:43:07: COM PORT OPEN ... OK
2015/03/28 19:43:07:
2015/03/28 19:43:07: ProductS/N:  5300803
2015/03/28 19:43:07: TID: 86041A2C5A842D80
2015/03/28 19:43:07: F/W Version: 00.00.08
2015/03/28 19:43:07:
2015/03/28 19:43:07: MasterKey Key Entry ... OK
2015/03/28 19:43:07: PowerON Counter Key Entry ... OK
2015/03/28 19:43:08: Key Entry ... OK
2015/03/28 19:43:08: Complete.
2015/03/28 19:43:08: COM PORT CLOSE ... OK
2015/03/28 19:43:08: 
2015/03/28 19:43:08: ==== Processing was completed ====
2015/03/28 19:43:08: 
*************************************************


*********** Start the Initialize Key Check **********
2015/03/28 19:43:47: Tool Ver: 2013.0605.01
2015/03/28 19:43:47: COM PORT OPEN ... OK
2015/03/28 19:43:47:
2015/03/28 19:43:47: ProductS/N:  5300803
2015/03/28 19:43:47: TID: 8604260662842D80
2015/03/28 19:43:47: F/W Version: 00.00.08
2015/03/28 19:43:47:
2015/03/28 19:43:47: MasterKey Key Entry ... OK
2015/03/28 19:43:47: PowerON Counter Key Entry ... OK
2015/03/28 19:43:47: Key Entry ... OK
2015/03/28 19:43:47: Complete.
2015/03/28 19:43:47: COM PORT CLOSE ... OK
2015/03/28 19:43:47: 
2015/03/28 19:43:47: ==== Processing was completed ====
2015/03/28 19:43:47: 
*************************************************


*********** Start the Initialize Key Check **********
2015/03/28 19:44:12: Tool Ver: 2013.0605.01
2015/03/28 19:44:12: COM PORT OPEN ... OK
2015/03/28 19:44:13:
2015/03/28 19:44:13: ProductS/N:  5300703
2015/03/28 19:44:13: TID: 8604201662842D80
2015/03/28 19:44:13: F/W Version: 00.00.08
2015/03/28 19:44:13:
2015/03/28 19:44:13: MasterKey Key Entry ... OK
2015/03/28 19:44:13: PowerON Counter Key Entry ... OK
2015/03/28 19:44:13: Key Entry ... OK
2015/03/28 19:44:13: Complete.
2015/03/28 19:44:13: COM PORT CLOSE ... OK
2015/03/28 19:44:13: 
2015/03/28 19:44:13: ==== Processing was completed ====
2015/03/28 19:44:13: 
*************************************************


