*********** Start the Initialize Key Check **********
2015/01/06 09:32:17: Tool Ver: 2013.0605.01
2015/01/06 09:32:17: COM PORT OPEN ... OK
2015/01/06 09:32:18:
2015/01/06 09:32:18: ProductS/N:  6B115100264
2015/01/06 09:32:18: TID: 86040C173AE62080
2015/01/06 09:32:18: F/W Version: 00.00.08
2015/01/06 09:32:18:
2015/01/06 09:32:18: MasterKey Key Entry ... OK
2015/01/06 09:32:18: PowerON Counter Key Entry ... OK
2015/01/06 09:32:18: Key Entry ... OK
2015/01/06 09:32:18: Complete.
2015/01/06 09:32:18: COM PORT CLOSE ... OK
2015/01/06 09:32:18: 
2015/01/06 09:32:18: ==== Processing was completed ====
2015/01/06 09:32:18: 
*************************************************


*********** Start the Initialize Key Check **********
2015/01/06 09:34:50: Tool Ver: 2013.0605.01
2015/01/06 09:34:50: COM PORT OPEN ... OK
2015/01/06 09:34:50:
2015/01/06 09:34:50: ProductS/N:  VRW06B115100236
2015/01/06 09:34:50: TID: 86043116D2E52080
2015/01/06 09:34:50: F/W Version: 00.00.08
2015/01/06 09:34:50:
2015/01/06 09:34:50: MasterKey Key Entry ... OK
2015/01/06 09:34:50: PowerON Counter Key Entry ... OK
2015/01/06 09:34:50: Key Entry ... OK
2015/01/06 09:34:50: Complete.
2015/01/06 09:34:50: COM PORT CLOSE ... OK
2015/01/06 09:34:50: 
2015/01/06 09:34:50: ==== Processing was completed ====
2015/01/06 09:34:50: 
*************************************************


*********** Start the Initialize Key Check **********
2015/01/06 09:36:08: Tool Ver: 2013.0605.01
2015/01/06 09:36:08: COM PORT OPEN ... OK
2015/01/06 09:36:08:
2015/01/06 09:36:08: ProductS/N:  VRW06B115100237
2015/01/06 09:36:08: TID: 86043016D2E52080
2015/01/06 09:36:08: F/W Version: 00.00.08
2015/01/06 09:36:08:
2015/01/06 09:36:08: MasterKey Key Entry ... OK
2015/01/06 09:36:08: PowerON Counter Key Entry ... OK
2015/01/06 09:36:09: Key Entry ... OK
2015/01/06 09:36:09: Complete.
2015/01/06 09:36:09: COM PORT CLOSE ... OK
2015/01/06 09:36:09: 
2015/01/06 09:36:09: ==== Processing was completed ====
2015/01/06 09:36:09: 
*************************************************


*********** Start the Initialize Key Check **********
2015/01/06 09:38:39: Tool Ver: 2013.0605.01
2015/01/06 09:38:39: COM PORT OPEN ... OK
2015/01/06 09:38:39:
2015/01/06 09:38:39: ProductS/N:  VRW06B115100278
2015/01/06 09:38:39: TID: 8604082222E62080
2015/01/06 09:38:39: F/W Version: 00.00.08
2015/01/06 09:38:39:
2015/01/06 09:38:39: MasterKey Key Entry ... OK
2015/01/06 09:38:39: PowerON Counter Key Entry ... OK
2015/01/06 09:38:40: Key Entry ... OK
2015/01/06 09:38:40: Complete.
2015/01/06 09:38:40: COM PORT CLOSE ... OK
2015/01/06 09:38:40: 
2015/01/06 09:38:40: ==== Processing was completed ====
2015/01/06 09:38:40: 
*************************************************


*********** Start the Initialize Key Check **********
2015/01/06 09:40:21: Tool Ver: 2013.0605.01
2015/01/06 09:40:21: COM PORT OPEN ... OK
2015/01/06 09:40:21:
2015/01/06 09:40:21: ProductS/N:  VRW06B115100288
2015/01/06 09:40:21: TID: 86043735CAE52080
2015/01/06 09:40:21: F/W Version: 00.00.08
2015/01/06 09:40:21:
2015/01/06 09:40:21: MasterKey Key Entry ... OK
2015/01/06 09:40:21: PowerON Counter Key Entry ... OK
2015/01/06 09:40:21: Key Entry ... OK
2015/01/06 09:40:21: Complete.
2015/01/06 09:40:21: COM PORT CLOSE ... OK
2015/01/06 09:40:21: 
2015/01/06 09:40:21: ==== Processing was completed ====
2015/01/06 09:40:21: 
*************************************************


*********** Start the Initialize Key Check **********
2015/01/06 09:41:56: Tool Ver: 2013.0605.01
2015/01/06 09:41:56: COM PORT OPEN ... OK
2015/01/06 09:41:56:
2015/01/06 09:41:56: ProductS/N:  VRW06B115100287
2015/01/06 09:41:56: TID: 86042A2CCAE52080
2015/01/06 09:41:56: F/W Version: 00.00.08
2015/01/06 09:41:56:
2015/01/06 09:41:56: MasterKey Key Entry ... OK
2015/01/06 09:41:56: PowerON Counter Key Entry ... OK
2015/01/06 09:41:57: Key Entry ... OK
2015/01/06 09:41:57: Complete.
2015/01/06 09:41:57: COM PORT CLOSE ... OK
2015/01/06 09:41:57: 
2015/01/06 09:41:57: ==== Processing was completed ====
2015/01/06 09:41:57: 
*************************************************


*********** Start the Initialize Key Check **********
2015/01/06 10:11:12: Tool Ver: 2013.0605.01
2015/01/06 10:11:12: COM PORT OPEN ... OK
2015/01/06 10:11:12:
2015/01/06 10:11:12: ProductS/N:  VRW06B115100300
2015/01/06 10:11:12: TID: 86042630CAE52080
2015/01/06 10:11:12: F/W Version: 00.00.08
2015/01/06 10:11:12:
2015/01/06 10:11:12: MasterKey Key Entry ... OK
2015/01/06 10:11:12: PowerON Counter Key Entry ... OK
2015/01/06 10:11:13: Key Entry ... OK
2015/01/06 10:11:13: Complete.
2015/01/06 10:11:13: COM PORT CLOSE ... OK
2015/01/06 10:11:13: 
2015/01/06 10:11:13: ==== Processing was completed ====
2015/01/06 10:11:13: 
*************************************************


*********** Start the Initialize Key Check **********
2015/01/06 10:13:43: Tool Ver: 2013.0605.01
2015/01/06 10:13:43: COM PORT OPEN ... OK
2015/01/06 10:13:43:
2015/01/06 10:13:43: ProductS/N:  VRW06B115100290
2015/01/06 10:13:43: TID: 86041133CAE52080
2015/01/06 10:13:43: F/W Version: 00.00.08
2015/01/06 10:13:43:
2015/01/06 10:13:43: MasterKey Key Entry ... OK
2015/01/06 10:13:43: PowerON Counter Key Entry ... OK
2015/01/06 10:13:44: Key Entry ... OK
2015/01/06 10:13:44: Complete.
2015/01/06 10:13:44: COM PORT CLOSE ... OK
2015/01/06 10:13:44: 
2015/01/06 10:13:44: ==== Processing was completed ====
2015/01/06 10:13:44: 
*************************************************


*********** Start the Initialize Key Check **********
2015/01/06 10:15:20: Tool Ver: 2013.0605.01
2015/01/06 10:15:20: COM PORT OPEN ... OK
2015/01/06 10:15:20:
2015/01/06 10:15:20: ProductS/N:  VRW06B115100299
2015/01/06 10:15:20: TID: 86040A2BCAE52080
2015/01/06 10:15:20: F/W Version: 00.00.08
2015/01/06 10:15:20:
2015/01/06 10:15:20: MasterKey Key Entry ... OK
2015/01/06 10:15:20: PowerON Counter Key Entry ... OK
2015/01/06 10:15:20: Key Entry ... OK
2015/01/06 10:15:20: Complete.
2015/01/06 10:15:20: COM PORT CLOSE ... OK
2015/01/06 10:15:20: 
2015/01/06 10:15:20: ==== Processing was completed ====
2015/01/06 10:15:20: 
*************************************************


*********** Start the Initialize Key Check **********
2015/01/06 10:16:57: Tool Ver: 2013.0605.01
2015/01/06 10:16:57: COM PORT OPEN ... OK
2015/01/06 10:16:58:
2015/01/06 10:16:58: ProductS/N:  VRW06B115100298
2015/01/06 10:16:58: TID: 86040C0B32E62080
2015/01/06 10:16:58: F/W Version: 00.00.08
2015/01/06 10:16:58:
2015/01/06 10:16:58: MasterKey Key Entry ... OK
2015/01/06 10:16:58: PowerON Counter Key Entry ... OK
2015/01/06 10:16:58: Key Entry ... OK
2015/01/06 10:16:58: Complete.
2015/01/06 10:16:58: COM PORT CLOSE ... OK
2015/01/06 10:16:58: 
2015/01/06 10:16:58: ==== Processing was completed ====
2015/01/06 10:16:58: 
*************************************************


*********** Start the Initialize Key Check **********
2015/01/06 10:18:43: Tool Ver: 2013.0605.01
2015/01/06 10:18:43: COM PORT OPEN ... OK
2015/01/06 10:18:43:
2015/01/06 10:18:43: ProductS/N:  VRW06B115100263
2015/01/06 10:18:43: TID: 860405223AE62080
2015/01/06 10:18:43: F/W Version: 00.00.08
2015/01/06 10:18:43:
2015/01/06 10:18:43: MasterKey Key Entry ... OK
2015/01/06 10:18:43: PowerON Counter Key Entry ... OK
2015/01/06 10:18:44: Key Entry ... OK
2015/01/06 10:18:44: Complete.
2015/01/06 10:18:44: COM PORT CLOSE ... OK
2015/01/06 10:18:44: 
2015/01/06 10:18:44: ==== Processing was completed ====
2015/01/06 10:18:44: 
*************************************************


*********** Start the Initialize Key Check **********
2015/01/06 10:28:09: Tool Ver: 2013.0605.01
2015/01/06 10:28:09: COM PORT OPEN ... OK
2015/01/06 10:28:09:
2015/01/06 10:28:09: ProductS/N:  VRW06B115100294
2015/01/06 10:28:09: TID: 86041D2522E62080
2015/01/06 10:28:09: F/W Version: 00.00.08
2015/01/06 10:28:09:
2015/01/06 10:28:09: MasterKey Key Entry ... OK
2015/01/06 10:28:09: PowerON Counter Key Entry ... OK
2015/01/06 10:28:10: Key Entry ... OK
2015/01/06 10:28:10: Complete.
2015/01/06 10:28:10: COM PORT CLOSE ... OK
2015/01/06 10:28:10: 
2015/01/06 10:28:10: ==== Processing was completed ====
2015/01/06 10:28:10: 
*************************************************


*********** Start the Initialize Key Check **********
2015/01/06 10:30:49: Tool Ver: 2013.0605.01
2015/01/06 10:30:49: COM PORT OPEN ... OK
2015/01/06 10:30:50:
2015/01/06 10:30:50: ProductS/N:  VRW06B115100295
2015/01/06 10:30:50: TID: 86041A17D2E52080
2015/01/06 10:30:50: F/W Version: 00.00.08
2015/01/06 10:30:50:
2015/01/06 10:30:50: MasterKey Key Entry ... OK
2015/01/06 10:30:50: PowerON Counter Key Entry ... OK
2015/01/06 10:30:50: Key Entry ... OK
2015/01/06 10:30:50: Complete.
2015/01/06 10:30:50: COM PORT CLOSE ... OK
2015/01/06 10:30:50: 
2015/01/06 10:30:50: ==== Processing was completed ====
2015/01/06 10:30:50: 
*************************************************


*********** Start the Initialize Key Check **********
2015/01/06 10:32:39: Tool Ver: 2013.0605.01
2015/01/06 10:32:39: COM PORT OPEN ... OK
2015/01/06 10:32:39:
2015/01/06 10:32:39: ProductS/N:  VRW06B115100292
2015/01/06 10:32:39: TID: 86043935CAE52080
2015/01/06 10:32:39: F/W Version: 00.00.08
2015/01/06 10:32:39:
2015/01/06 10:32:39: MasterKey Key Entry ... OK
2015/01/06 10:32:39: PowerON Counter Key Entry ... OK
2015/01/06 10:32:39: Key Entry ... OK
2015/01/06 10:32:39: Complete.
2015/01/06 10:32:39: COM PORT CLOSE ... OK
2015/01/06 10:32:39: 
2015/01/06 10:32:39: ==== Processing was completed ====
2015/01/06 10:32:39: 
*************************************************


*********** Start the Initialize Key Check **********
2015/01/06 10:48:24: Tool Ver: 2013.0605.01
2015/01/06 10:48:24: COM PORT OPEN ... OK
2015/01/06 10:48:24:
2015/01/06 10:48:24: ProductS/N:  VRW06B115100303
2015/01/06 10:48:24: TID: 86042730CAE52080
2015/01/06 10:48:24: F/W Version: 00.00.08
2015/01/06 10:48:24:
2015/01/06 10:48:24: MasterKey Key Entry ... OK
2015/01/06 10:48:24: PowerON Counter Key Entry ... OK
2015/01/06 10:48:25: Key Entry ... OK
2015/01/06 10:48:25: Complete.
2015/01/06 10:48:25: COM PORT CLOSE ... OK
2015/01/06 10:48:25: 
2015/01/06 10:48:25: ==== Processing was completed ====
2015/01/06 10:48:25: 
*************************************************


*********** Start the Initialize Key Check **********
2015/01/06 10:50:18: Tool Ver: 2013.0605.01
2015/01/06 10:50:18: COM PORT OPEN ... OK
2015/01/06 10:50:18:
2015/01/06 10:50:18: ProductS/N:  VRW06B115100301
2015/01/06 10:50:18: TID: 860431233AE62080
2015/01/06 10:50:18: F/W Version: 00.00.08
2015/01/06 10:50:18:
2015/01/06 10:50:18: MasterKey Key Entry ... OK
2015/01/06 10:50:18: PowerON Counter Key Entry ... OK
2015/01/06 10:50:18: Key Entry ... OK
2015/01/06 10:50:18: Complete.
2015/01/06 10:50:18: COM PORT CLOSE ... OK
2015/01/06 10:50:18: 
2015/01/06 10:50:18: ==== Processing was completed ====
2015/01/06 10:50:18: 
*************************************************


*********** Start the Initialize Key Check **********
2015/01/06 10:52:01: Tool Ver: 2013.0605.01
2015/01/06 10:52:01: COM PORT OPEN ... OK
2015/01/06 10:52:01:
2015/01/06 10:52:01: ProductS/N:  VRW06B115100302
2015/01/06 10:52:02: TID: 860426126A9F2980
2015/01/06 10:52:02: F/W Version: 00.00.08
2015/01/06 10:52:02:
2015/01/06 10:52:02: MasterKey Key Entry ... OK
2015/01/06 10:52:02: PowerON Counter Key Entry ... OK
2015/01/06 10:52:02: [032] ... ERROR KeyNoCEK[20]
2015/01/06 10:52:02: [033] ... ERROR KeyNoCEK[20]
2015/01/06 10:52:02: [034] ... ERROR KeyNoCEK[20]
2015/01/06 10:52:02: [035] ... ERROR KeyNoCEK[20]
2015/01/06 10:52:02: [036] ... ERROR KeyNoCEK[20]
2015/01/06 10:52:02: [037] ... ERROR KeyNoCEK[20]
2015/01/06 10:52:02: [038] ... ERROR KeyNoCEK[20]
2015/01/06 10:52:02: [039] ... ERROR KeyNoCEK[20]
2015/01/06 10:52:02: [040] ... ERROR KeyNoCEK[20]
2015/01/06 10:52:02: [041] ... ERROR KeyNoCEK[20]
2015/01/06 10:52:02: [042] ... ERROR KeyNoCEK[20]
2015/01/06 10:52:02: [043] ... ERROR KeyNoCEK[20]
2015/01/06 10:52:02: [044] ... ERROR KeyNoCEK[20]
2015/01/06 10:52:02: [045] ... ERROR KeyNoCEK[20]
2015/01/06 10:52:02: [046] ... ERROR KeyNoCEK[20]
2015/01/06 10:52:02: [047] ... ERROR KeyNoCEK[20]
2015/01/06 10:52:02: [048] ... ERROR KeyNoCEK[30]
2015/01/06 10:52:02: [049] ... ERROR KeyNoCEK[30]
2015/01/06 10:52:02: [050] ... ERROR KeyNoCEK[30]
2015/01/06 10:52:02: [051] ... ERROR KeyNoCEK[30]
2015/01/06 10:52:02: [052] ... ERROR KeyNoCEK[30]
2015/01/06 10:52:02: [053] ... ERROR KeyNoCEK[30]
2015/01/06 10:52:02: [054] ... ERROR KeyNoCEK[30]
2015/01/06 10:52:02: [055] ... ERROR KeyNoCEK[30]
2015/01/06 10:52:02: [056] ... ERROR KeyNoCEK[30]
2015/01/06 10:52:02: [057] ... ERROR KeyNoCEK[30]
2015/01/06 10:52:02: [058] ... ERROR KeyNoCEK[30]
2015/01/06 10:52:02: [059] ... ERROR KeyNoCEK[30]
2015/01/06 10:52:02: [060] ... ERROR KeyNoCEK[30]
2015/01/06 10:52:02: [061] ... ERROR KeyNoCEK[30]
2015/01/06 10:52:02: [062] ... ERROR KeyNoCEK[30]
2015/01/06 10:52:02: [063] ... ERROR KeyNoCEK[30]
2015/01/06 10:52:02: [064] ... ERROR KeyNoCEK[40]
2015/01/06 10:52:02: [065] ... ERROR KeyNoCEK[40]
2015/01/06 10:52:02: [066] ... ERROR KeyNoCEK[40]
2015/01/06 10:52:02: [067] ... ERROR KeyNoCEK[40]
2015/01/06 10:52:02: [068] ... ERROR KeyNoCEK[40]
2015/01/06 10:52:02: [069] ... ERROR KeyNoCEK[40]
2015/01/06 10:52:02: [070] ... ERROR KeyNoCEK[40]
2015/01/06 10:52:02: [071] ... ERROR KeyNoCEK[40]
2015/01/06 10:52:02: [072] ... ERROR KeyNoCEK[40]
2015/01/06 10:52:02: [073] ... ERROR KeyNoCEK[40]
2015/01/06 10:52:02: [074] ... ERROR KeyNoCEK[40]
2015/01/06 10:52:02: [075] ... ERROR KeyNoCEK[40]
2015/01/06 10:52:02: [076] ... ERROR KeyNoCEK[40]
2015/01/06 10:52:02: [077] ... ERROR KeyNoCEK[40]
2015/01/06 10:52:02: [078] ... ERROR KeyNoCEK[40]
2015/01/06 10:52:02: [079] ... ERROR KeyNoCEK[40]
2015/01/06 10:52:02: [080] ... ERROR KeyNoCEK[50]
2015/01/06 10:52:02: [081] ... ERROR KeyNoCEK[50]
2015/01/06 10:52:02: [082] ... ERROR KeyNoCEK[50]
2015/01/06 10:52:02: [083] ... ERROR KeyNoCEK[50]
2015/01/06 10:52:02: [084] ... ERROR KeyNoCEK[50]
2015/01/06 10:52:02: [085] ... ERROR KeyNoCEK[50]
2015/01/06 10:52:02: [086] ... ERROR KeyNoCEK[50]
2015/01/06 10:52:02: [087] ... ERROR KeyNoCEK[50]
2015/01/06 10:52:02: [088] ... ERROR KeyNoCEK[58]
2015/01/06 10:52:02: [089] ... ERROR KeyNoCEK[58]
2015/01/06 10:52:02: [090] ... ERROR KeyNoCEK[58]
2015/01/06 10:52:02: [091] ... ERROR KeyNoCEK[58]
2015/01/06 10:52:02: [092] ... ERROR KeyNoCEK[58]
2015/01/06 10:52:02: [093] ... ERROR KeyNoCEK[58]
2015/01/06 10:52:02: [094] ... ERROR KeyNoCEK[58]
2015/01/06 10:52:02: [095] ... ERROR KeyNoCEK[58]
2015/01/06 10:52:02: [096] ... ERROR KeyNoCEK[60]
2015/01/06 10:52:02: [097] ... ERROR KeyNoCEK[60]
2015/01/06 10:52:02: [098] ... ERROR KeyNoCEK[60]
2015/01/06 10:52:02: [099] ... ERROR KeyNoCEK[60]
2015/01/06 10:52:02: [100] ... ERROR KeyNoCEK[60]
2015/01/06 10:52:02: [101] ... ERROR KeyNoCEK[60]
2015/01/06 10:52:02: [102] ... ERROR KeyNoCEK[60]
2015/01/06 10:52:02: [103] ... ERROR KeyNoCEK[60]
2015/01/06 10:52:02: [104] ... ERROR KeyNoCEK[68]
2015/01/06 10:52:02: [105] ... ERROR KeyNoCEK[68]
2015/01/06 10:52:02: [106] ... ERROR KeyNoCEK[68]
2015/01/06 10:52:02: [107] ... ERROR KeyNoCEK[68]
2015/01/06 10:52:02: [108] ... ERROR KeyNoCEK[68]
2015/01/06 10:52:02: [109] ... ERROR KeyNoCEK[68]
2015/01/06 10:52:02: [110] ... ERROR KeyNoCEK[68]
2015/01/06 10:52:02: [111] ... ERROR KeyNoCEK[68]
2015/01/06 10:52:02: [112] ... ERROR KeyNoCEK[70]
2015/01/06 10:52:02: [113] ... ERROR KeyNoCEK[70]
2015/01/06 10:52:02: [114] ... ERROR KeyNoCEK[70]
2015/01/06 10:52:02: [115] ... ERROR KeyNoCEK[70]
2015/01/06 10:52:02: [116] ... ERROR KeyNoCEK[70]
2015/01/06 10:52:02: [117] ... ERROR KeyNoCEK[70]
2015/01/06 10:52:02: [118] ... ERROR KeyNoCEK[70]
2015/01/06 10:52:02: [119] ... ERROR KeyNoCEK[70]
2015/01/06 10:52:02: [120] ... ERROR KeyNoCEK[78]
2015/01/06 10:52:02: [121] ... ERROR KeyNoCEK[78]
2015/01/06 10:52:02: [122] ... ERROR KeyNoCEK[78]
2015/01/06 10:52:02: [123] ... ERROR KeyNoCEK[78]
2015/01/06 10:52:02: [124] ... ERROR KeyNoCEK[78]
2015/01/06 10:52:02: [125] ... ERROR KeyNoCEK[78]
2015/01/06 10:52:02: [126] ... ERROR KeyNoCEK[78]
2015/01/06 10:52:02: [127] ... ERROR KeyNoCEK[78]
2015/01/06 10:52:02: COM PORT CLOSE ... OK
2015/01/06 10:52:02: 
2015/01/06 10:52:02: ######## Error has occurred ########
2015/01/06 10:52:02: 
*************************************************


*********** Start the Initialize Key Check **********
2015/01/06 11:07:22: Tool Ver: 2013.0605.01
2015/01/06 11:07:22: COM PORT OPEN ... OK
2015/01/06 11:07:22:
2015/01/06 11:07:22: ProductS/N:  06B115100296
2015/01/06 11:07:22: TID: 86041333CAE52080
2015/01/06 11:07:22: F/W Version: 00.00.08
2015/01/06 11:07:22:
2015/01/06 11:07:22: MasterKey Key Entry ... OK
2015/01/06 11:07:22: PowerON Counter Key Entry ... OK
2015/01/06 11:07:23: Key Entry ... OK
2015/01/06 11:07:23: Complete.
2015/01/06 11:07:23: COM PORT CLOSE ... OK
2015/01/06 11:07:23: 
2015/01/06 11:07:23: ==== Processing was completed ====
2015/01/06 11:07:23: 
*************************************************


*********** Start the Initialize Key Check **********
2015/01/06 11:09:16: Tool Ver: 2013.0605.01
2015/01/06 11:09:16: COM PORT OPEN ... OK
2015/01/06 11:09:16:
2015/01/06 11:09:16: ProductS/N:  VRW06B115100309
2015/01/06 11:09:16: TID: 86042E1CD2E52080
2015/01/06 11:09:16: F/W Version: 00.00.08
2015/01/06 11:09:16:
2015/01/06 11:09:16: MasterKey Key Entry ... OK
2015/01/06 11:09:16: PowerON Counter Key Entry ... OK
2015/01/06 11:09:17: Key Entry ... OK
2015/01/06 11:09:17: Complete.
2015/01/06 11:09:17: COM PORT CLOSE ... OK
2015/01/06 11:09:17: 
2015/01/06 11:09:17: ==== Processing was completed ====
2015/01/06 11:09:17: 
*************************************************


*********** Start the Initialize Key Check **********
2015/01/06 11:10:56: Tool Ver: 2013.0605.01
2015/01/06 11:10:56: COM PORT OPEN ... OK
2015/01/06 11:10:56:
2015/01/06 11:10:56: ProductS/N:  VRW06B115100306
2015/01/06 11:10:56: TID: 8604382522E62080
2015/01/06 11:10:56: F/W Version: 00.00.08
2015/01/06 11:10:56:
2015/01/06 11:10:56: MasterKey Key Entry ... OK
2015/01/06 11:10:56: PowerON Counter Key Entry ... OK
2015/01/06 11:10:57: Key Entry ... OK
2015/01/06 11:10:57: Complete.
2015/01/06 11:10:57: COM PORT CLOSE ... OK
2015/01/06 11:10:57: 
2015/01/06 11:10:57: ==== Processing was completed ====
2015/01/06 11:10:57: 
*************************************************


*********** Start the Initialize Key Check **********
2015/01/06 11:18:24: Tool Ver: 2013.0605.01
2015/01/06 11:18:24: COM PORT OPEN ... OK
2015/01/06 11:18:24:
2015/01/06 11:18:24: ProductS/N:  VRW06B115100314
2015/01/06 11:18:24: TID: 86041B2322E62080
2015/01/06 11:18:24: F/W Version: 00.00.08
2015/01/06 11:18:24:
2015/01/06 11:18:24: MasterKey Key Entry ... OK
2015/01/06 11:18:24: PowerON Counter Key Entry ... OK
2015/01/06 11:18:24: Key Entry ... OK
2015/01/06 11:18:24: Complete.
2015/01/06 11:18:24: COM PORT CLOSE ... OK
2015/01/06 11:18:24: 
2015/01/06 11:18:24: ==== Processing was completed ====
2015/01/06 11:18:24: 
*************************************************


*********** Start the Initialize Key Check **********
2015/01/06 11:21:42: Tool Ver: 2013.0605.01
2015/01/06 11:21:42: COM PORT OPEN ... OK
2015/01/06 11:21:42:
2015/01/06 11:21:42: ProductS/N:  VRW06B115100304
2015/01/06 11:21:42: TID: 86042C36CAE52080
2015/01/06 11:21:42: F/W Version: 00.00.08
2015/01/06 11:21:42:
2015/01/06 11:21:42: MasterKey Key Entry ... OK
2015/01/06 11:21:42: PowerON Counter Key Entry ... OK
2015/01/06 11:21:43: Key Entry ... OK
2015/01/06 11:21:43: Complete.
2015/01/06 11:21:43: COM PORT CLOSE ... OK
2015/01/06 11:21:43: 
2015/01/06 11:21:43: ==== Processing was completed ====
2015/01/06 11:21:43: 
*************************************************


*********** Start the Initialize Key Check **********
2015/01/06 11:23:25: Tool Ver: 2013.0605.01
2015/01/06 11:23:25: COM PORT OPEN ... OK
2015/01/06 11:23:25:
2015/01/06 11:23:25: ProductS/N:  VRW06B115100312
2015/01/06 11:23:25: TID: 86042A3AD2E52080
2015/01/06 11:23:25: F/W Version: 00.00.08
2015/01/06 11:23:25:
2015/01/06 11:23:25: MasterKey Key Entry ... OK
2015/01/06 11:23:25: PowerON Counter Key Entry ... OK
2015/01/06 11:23:26: Key Entry ... OK
2015/01/06 11:23:26: Complete.
2015/01/06 11:23:26: COM PORT CLOSE ... OK
2015/01/06 11:23:26: 
2015/01/06 11:23:26: ==== Processing was completed ====
2015/01/06 11:23:26: 
*************************************************


*********** Start the Initialize Key Check **********
2015/01/06 11:25:20: Tool Ver: 2013.0605.01
2015/01/06 11:25:20: COM PORT OPEN ... OK
2015/01/06 11:25:20:
2015/01/06 11:25:20: ProductS/N:  VRW06B115100305
2015/01/06 11:25:20: TID: 860402283AE62080
2015/01/06 11:25:20: F/W Version: 00.00.08
2015/01/06 11:25:20:
2015/01/06 11:25:20: MasterKey Key Entry ... OK
2015/01/06 11:25:20: PowerON Counter Key Entry ... OK
2015/01/06 11:25:21: Key Entry ... OK
2015/01/06 11:25:21: Complete.
2015/01/06 11:25:21: COM PORT CLOSE ... OK
2015/01/06 11:25:21: 
2015/01/06 11:25:21: ==== Processing was completed ====
2015/01/06 11:25:21: 
*************************************************


*********** Start the Initialize Key Check **********
2015/01/06 11:37:57: Tool Ver: 2013.0605.01
2015/01/06 11:37:57: COM PORT OPEN ... OK
2015/01/06 11:37:57:
2015/01/06 11:37:57: ProductS/N:  VRW06B115100321
2015/01/06 11:37:57: TID: 8604282CCAE52080
2015/01/06 11:37:57: F/W Version: 00.00.08
2015/01/06 11:37:57:
2015/01/06 11:37:57: MasterKey Key Entry ... OK
2015/01/06 11:37:57: PowerON Counter Key Entry ... OK
2015/01/06 11:37:58: Key Entry ... OK
2015/01/06 11:37:58: Complete.
2015/01/06 11:37:58: COM PORT CLOSE ... OK
2015/01/06 11:37:58: 
2015/01/06 11:37:58: ==== Processing was completed ====
2015/01/06 11:37:58: 
*************************************************


*********** Start the Initialize Key Check **********
2015/01/06 11:39:20: Tool Ver: 2013.0605.01
2015/01/06 11:39:20: COM PORT OPEN ... OK
2015/01/06 11:39:20:
2015/01/06 11:39:20: ProductS/N:  VRW06B115100293
2015/01/06 11:39:20: TID: 86042830CAE52080
2015/01/06 11:39:20: F/W Version: 00.00.08
2015/01/06 11:39:20:
2015/01/06 11:39:20: MasterKey Key Entry ... OK
2015/01/06 11:39:20: PowerON Counter Key Entry ... OK
2015/01/06 11:39:21: Key Entry ... OK
2015/01/06 11:39:21: Complete.
2015/01/06 11:39:21: COM PORT CLOSE ... OK
2015/01/06 11:39:21: 
2015/01/06 11:39:21: ==== Processing was completed ====
2015/01/06 11:39:21: 
*************************************************


*********** Start the Initialize Key Check **********
2015/01/06 11:40:48: Tool Ver: 2013.0605.01
2015/01/06 11:40:48: COM PORT OPEN ... OK
2015/01/06 11:40:48:
2015/01/06 11:40:48: ProductS/N:  VRW06B115100310
2015/01/06 11:40:48: TID: 86040527CAE52080
2015/01/06 11:40:48: F/W Version: 00.00.08
2015/01/06 11:40:48:
2015/01/06 11:40:48: MasterKey Key Entry ... OK
2015/01/06 11:40:48: PowerON Counter Key Entry ... OK
2015/01/06 11:40:49: Key Entry ... OK
2015/01/06 11:40:49: Complete.
2015/01/06 11:40:49: COM PORT CLOSE ... OK
2015/01/06 11:40:49: 
2015/01/06 11:40:49: ==== Processing was completed ====
2015/01/06 11:40:49: 
*************************************************


*********** Start the Initialize Key Check **********
2015/01/06 11:41:58: Tool Ver: 2013.0605.01
2015/01/06 11:41:58: COM PORT OPEN ... OK
2015/01/06 11:41:59:
2015/01/06 11:41:59: ProductS/N:  VRW06B115100316
2015/01/06 11:41:59: TID: 86040F2322E62080
2015/01/06 11:41:59: F/W Version: 00.00.08
2015/01/06 11:41:59:
2015/01/06 11:41:59: MasterKey Key Entry ... OK
2015/01/06 11:41:59: PowerON Counter Key Entry ... OK
2015/01/06 11:41:59: Key Entry ... OK
2015/01/06 11:41:59: Complete.
2015/01/06 11:41:59: COM PORT CLOSE ... OK
2015/01/06 11:41:59: 
2015/01/06 11:41:59: ==== Processing was completed ====
2015/01/06 11:41:59: 
*************************************************


*********** Start the Initialize Key Check **********
2015/01/06 11:43:03: Tool Ver: 2013.0605.01
2015/01/06 11:43:03: COM PORT OPEN ... OK
2015/01/06 11:43:03:
2015/01/06 11:43:03: ProductS/N:  VRW06B115100320
2015/01/06 11:43:03: TID: 860417283AE62080
2015/01/06 11:43:03: F/W Version: 00.00.08
2015/01/06 11:43:03:
2015/01/06 11:43:04: MasterKey Key Entry ... OK
2015/01/06 11:43:04: PowerON Counter Key Entry ... OK
2015/01/06 11:43:04: Key Entry ... OK
2015/01/06 11:43:04: Complete.
2015/01/06 11:43:04: COM PORT CLOSE ... OK
2015/01/06 11:43:04: 
2015/01/06 11:43:04: ==== Processing was completed ====
2015/01/06 11:43:04: 
*************************************************


*********** Start the Initialize Key Check **********
2015/01/06 13:11:06: Tool Ver: 2013.0605.01
2015/01/06 13:11:06: COM PORT OPEN ... OK
2015/01/06 13:11:06:
2015/01/06 13:11:06: ProductS/N:  06B115100328
2015/01/06 13:11:06: TID: 86042B29CAE52080
2015/01/06 13:11:06: F/W Version: 00.00.08
2015/01/06 13:11:06:
2015/01/06 13:11:06: MasterKey Key Entry ... OK
2015/01/06 13:11:06: PowerON Counter Key Entry ... OK
2015/01/06 13:11:07: Key Entry ... OK
2015/01/06 13:11:07: Complete.
2015/01/06 13:11:07: COM PORT CLOSE ... OK
2015/01/06 13:11:07: 
2015/01/06 13:11:07: ==== Processing was completed ====
2015/01/06 13:11:07: 
*************************************************


*********** Start the Initialize Key Check **********
2015/01/06 13:13:24: Tool Ver: 2013.0605.01
2015/01/06 13:13:24: COM PORT OPEN ... OK
2015/01/06 13:13:24:
2015/01/06 13:13:24: ProductS/N:  VRW06B115100291
2015/01/06 13:13:24: TID: 86040933CAE52080
2015/01/06 13:13:24: F/W Version: 00.00.08
2015/01/06 13:13:24:
2015/01/06 13:13:24: MasterKey Key Entry ... OK
2015/01/06 13:13:24: PowerON Counter Key Entry ... OK
2015/01/06 13:13:24: Key Entry ... OK
2015/01/06 13:13:24: Complete.
2015/01/06 13:13:24: COM PORT CLOSE ... OK
2015/01/06 13:13:24: 
2015/01/06 13:13:24: ==== Processing was completed ====
2015/01/06 13:13:24: 
*************************************************


*********** Start the Initialize Key Check **********
2015/01/06 13:29:10: Tool Ver: 2013.0605.01
2015/01/06 13:29:10: COM PORT OPEN ... OK
2015/01/06 13:29:10:
2015/01/06 13:29:10: ProductS/N:  06B115100326
2015/01/06 13:29:10: TID: 86040627CAE52080
2015/01/06 13:29:10: F/W Version: 00.00.08
2015/01/06 13:29:10:
2015/01/06 13:29:10: MasterKey Key Entry ... OK
2015/01/06 13:29:10: PowerON Counter Key Entry ... OK
2015/01/06 13:29:11: Key Entry ... OK
2015/01/06 13:29:11: Complete.
2015/01/06 13:29:11: COM PORT CLOSE ... OK
2015/01/06 13:29:11: 
2015/01/06 13:29:11: ==== Processing was completed ====
2015/01/06 13:29:11: 
*************************************************


*********** Start the Initialize Key Check **********
2015/01/06 13:31:22: Tool Ver: 2013.0605.01
2015/01/06 13:31:22: COM PORT OPEN ... OK
2015/01/06 13:31:22:
2015/01/06 13:31:22: ProductS/N:  VRW06B115100325
2015/01/06 13:31:22: TID: 86042F14D2E52080
2015/01/06 13:31:22: F/W Version: 00.00.08
2015/01/06 13:31:22:
2015/01/06 13:31:22: MasterKey Key Entry ... OK
2015/01/06 13:31:22: PowerON Counter Key Entry ... OK
2015/01/06 13:31:22: Key Entry ... OK
2015/01/06 13:31:22: Complete.
2015/01/06 13:31:22: COM PORT CLOSE ... OK
2015/01/06 13:31:22: 
2015/01/06 13:31:22: ==== Processing was completed ====
2015/01/06 13:31:22: 
*************************************************


*********** Start the Initialize Key Check **********
2015/01/06 13:33:16: Tool Ver: 2013.0605.01
2015/01/06 13:33:16: COM PORT OPEN ... OK
2015/01/06 13:33:16:
2015/01/06 13:33:16: ProductS/N:  VRW06B115100307
2015/01/06 13:33:16: TID: 86042F2322E62080
2015/01/06 13:33:16: F/W Version: 00.00.08
2015/01/06 13:33:16:
2015/01/06 13:33:16: MasterKey Key Entry ... OK
2015/01/06 13:33:16: PowerON Counter Key Entry ... OK
2015/01/06 13:33:16: Key Entry ... OK
2015/01/06 13:33:16: Complete.
2015/01/06 13:33:16: COM PORT CLOSE ... OK
2015/01/06 13:33:16: 
2015/01/06 13:33:16: ==== Processing was completed ====
2015/01/06 13:33:16: 
*************************************************


*********** Start the Initialize Key Check **********
2015/01/06 13:36:23: Tool Ver: 2013.0605.01
2015/01/06 13:36:23: COM PORT OPEN ... OK
2015/01/06 13:36:24:
2015/01/06 13:36:24: ProductS/N:  VRW06B115100319
2015/01/06 13:36:24: TID: 86042727CAE52080
2015/01/06 13:36:24: F/W Version: 00.00.08
2015/01/06 13:36:24:
2015/01/06 13:36:24: MasterKey Key Entry ... OK
2015/01/06 13:36:24: PowerON Counter Key Entry ... OK
2015/01/06 13:36:24: Key Entry ... OK
2015/01/06 13:36:24: Complete.
2015/01/06 13:36:24: COM PORT CLOSE ... OK
2015/01/06 13:36:24: 
2015/01/06 13:36:24: ==== Processing was completed ====
2015/01/06 13:36:24: 
*************************************************


*********** Start the Initialize Key Check **********
2015/01/06 13:37:59: Tool Ver: 2013.0605.01
2015/01/06 13:37:59: COM PORT OPEN ... OK
2015/01/06 13:37:59:
2015/01/06 13:37:59: ProductS/N:  VRW06B115100327
2015/01/06 13:37:59: TID: 86040D34CAE52080
2015/01/06 13:37:59: F/W Version: 00.00.08
2015/01/06 13:37:59:
2015/01/06 13:37:59: MasterKey Key Entry ... OK
2015/01/06 13:37:59: PowerON Counter Key Entry ... OK
2015/01/06 13:38:00: Key Entry ... OK
2015/01/06 13:38:00: Complete.
2015/01/06 13:38:00: COM PORT CLOSE ... OK
2015/01/06 13:38:00: 
2015/01/06 13:38:00: ==== Processing was completed ====
2015/01/06 13:38:00: 
*************************************************


*********** Start the Initialize Key Check **********
2015/01/06 13:40:05: Tool Ver: 2013.0605.01
2015/01/06 13:40:05: COM PORT OPEN ... OK
2015/01/06 13:40:05:
2015/01/06 13:40:05: ProductS/N:  VRW06B115100332
2015/01/06 13:40:05: TID: 8604382022E62080
2015/01/06 13:40:05: F/W Version: 00.00.08
2015/01/06 13:40:05:
2015/01/06 13:40:05: MasterKey Key Entry ... OK
2015/01/06 13:40:05: PowerON Counter Key Entry ... OK
2015/01/06 13:40:05: Key Entry ... OK
2015/01/06 13:40:05: Complete.
2015/01/06 13:40:05: COM PORT CLOSE ... OK
2015/01/06 13:40:05: 
2015/01/06 13:40:05: ==== Processing was completed ====
2015/01/06 13:40:05: 
*************************************************


*********** Start the Initialize Key Check **********
2015/01/06 13:41:28: Tool Ver: 2013.0605.01
2015/01/06 13:41:28: COM PORT OPEN ... OK
2015/01/06 13:41:28:
2015/01/06 13:41:28: ProductS/N:  VRW06B115100324
2015/01/06 13:41:28: TID: 86042E14D2E52080
2015/01/06 13:41:28: F/W Version: 00.00.08
2015/01/06 13:41:28:
2015/01/06 13:41:29: MasterKey Key Entry ... OK
2015/01/06 13:41:29: PowerON Counter Key Entry ... OK
2015/01/06 13:41:29: Key Entry ... OK
2015/01/06 13:41:29: Complete.
2015/01/06 13:41:29: COM PORT CLOSE ... OK
2015/01/06 13:41:29: 
2015/01/06 13:41:29: ==== Processing was completed ====
2015/01/06 13:41:29: 
*************************************************


*********** Start the Initialize Key Check **********
2015/01/06 13:43:08: Tool Ver: 2013.0605.01
2015/01/06 13:43:08: COM PORT OPEN ... OK
2015/01/06 13:43:08:
2015/01/06 13:43:08: ProductS/N:  VRW06B115100317
2015/01/06 13:43:08: TID: 86040C2FCAE52080
2015/01/06 13:43:08: F/W Version: 00.00.08
2015/01/06 13:43:08:
2015/01/06 13:43:08: MasterKey Key Entry ... OK
2015/01/06 13:43:08: PowerON Counter Key Entry ... OK
2015/01/06 13:43:09: Key Entry ... OK
2015/01/06 13:43:09: Complete.
2015/01/06 13:43:09: COM PORT CLOSE ... OK
2015/01/06 13:43:09: 
2015/01/06 13:43:09: ==== Processing was completed ====
2015/01/06 13:43:09: 
*************************************************


*********** Start the Initialize Key Check **********
2015/01/06 13:44:22: Tool Ver: 2013.0605.01
2015/01/06 13:44:22: COM PORT OPEN ... OK
2015/01/06 13:44:22:
2015/01/06 13:44:22: ProductS/N:  VRW06B115100330
2015/01/06 13:44:22: TID: 86042D2ECAE52080
2015/01/06 13:44:22: F/W Version: 00.00.08
2015/01/06 13:44:22:
2015/01/06 13:44:23: MasterKey Key Entry ... OK
2015/01/06 13:44:23: PowerON Counter Key Entry ... OK
2015/01/06 13:44:23: Key Entry ... OK
2015/01/06 13:44:23: Complete.
2015/01/06 13:44:23: COM PORT CLOSE ... OK
2015/01/06 13:44:23: 
2015/01/06 13:44:23: ==== Processing was completed ====
2015/01/06 13:44:23: 
*************************************************


*********** Start the Initialize Key Check **********
2015/01/06 13:46:02: Tool Ver: 2013.0605.01
2015/01/06 13:46:02: COM PORT OPEN ... OK
2015/01/06 13:46:02:
2015/01/06 13:46:02: ProductS/N:  VRW06B115100334
2015/01/06 13:46:03: TID: 86043A32CAE52080
2015/01/06 13:46:03: F/W Version: 00.00.08
2015/01/06 13:46:03:
2015/01/06 13:46:03: MasterKey Key Entry ... OK
2015/01/06 13:46:03: PowerON Counter Key Entry ... OK
2015/01/06 13:46:03: Key Entry ... OK
2015/01/06 13:46:03: Complete.
2015/01/06 13:46:03: COM PORT CLOSE ... OK
2015/01/06 13:46:03: 
2015/01/06 13:46:03: ==== Processing was completed ====
2015/01/06 13:46:03: 
*************************************************


*********** Start the Initialize Key Check **********
2015/01/06 13:47:36: Tool Ver: 2013.0605.01
2015/01/06 13:47:36: COM PORT OPEN ... OK
2015/01/06 13:47:37:
2015/01/06 13:47:37: ProductS/N:  VRW06B115100313
2015/01/06 13:47:37: TID: 86042C19D2E52080
2015/01/06 13:47:37: F/W Version: 00.00.08
2015/01/06 13:47:37:
2015/01/06 13:47:37: MasterKey Key Entry ... OK
2015/01/06 13:47:37: PowerON Counter Key Entry ... OK
2015/01/06 13:47:37: Key Entry ... OK
2015/01/06 13:47:37: Complete.
2015/01/06 13:47:37: COM PORT CLOSE ... OK
2015/01/06 13:47:37: 
2015/01/06 13:47:37: ==== Processing was completed ====
2015/01/06 13:47:37: 
*************************************************


*********** Start the Initialize Key Check **********
2015/01/06 13:48:55: Tool Ver: 2013.0605.01
2015/01/06 13:48:55: COM PORT OPEN ... OK
2015/01/06 13:48:56:
2015/01/06 13:48:56: ProductS/N:  VRW06B115100315
2015/01/06 13:48:56: TID: 86040B2FCAE52080
2015/01/06 13:48:56: F/W Version: 00.00.08
2015/01/06 13:48:56:
2015/01/06 13:48:56: MasterKey Key Entry ... OK
2015/01/06 13:48:56: PowerON Counter Key Entry ... OK
2015/01/06 13:48:56: Key Entry ... OK
2015/01/06 13:48:56: Complete.
2015/01/06 13:48:56: COM PORT CLOSE ... OK
2015/01/06 13:48:56: 
2015/01/06 13:48:56: ==== Processing was completed ====
2015/01/06 13:48:56: 
*************************************************


*********** Start the Initialize Key Check **********
2015/01/06 14:00:42: Tool Ver: 2013.0605.01
2015/01/06 14:00:42: COM PORT OPEN ... OK
2015/01/06 14:00:42:
2015/01/06 14:00:42: ProductS/N:  06B115100333
2015/01/06 14:00:42: TID: 8604142FCAE52080
2015/01/06 14:00:42: F/W Version: 00.00.08
2015/01/06 14:00:42:
2015/01/06 14:00:42: MasterKey Key Entry ... OK
2015/01/06 14:00:42: PowerON Counter Key Entry ... OK
2015/01/06 14:00:43: Key Entry ... OK
2015/01/06 14:00:43: Complete.
2015/01/06 14:00:43: COM PORT CLOSE ... OK
2015/01/06 14:00:43: 
2015/01/06 14:00:43: ==== Processing was completed ====
2015/01/06 14:00:43: 
*************************************************


*********** Start the Initialize Key Check **********
2015/01/06 14:13:48: Tool Ver: 2013.0605.01
2015/01/06 14:13:48: COM PORT OPEN ... OK
2015/01/06 14:13:49:
2015/01/06 14:13:49: ProductS/N:  6B115100335
2015/01/06 14:13:49: TID: 8604042322E62080
2015/01/06 14:13:49: F/W Version: 00.00.08
2015/01/06 14:13:49:
2015/01/06 14:13:49: MasterKey Key Entry ... OK
2015/01/06 14:13:49: PowerON Counter Key Entry ... OK
2015/01/06 14:13:49: Key Entry ... OK
2015/01/06 14:13:49: Complete.
2015/01/06 14:13:49: COM PORT CLOSE ... OK
2015/01/06 14:13:49: 
2015/01/06 14:13:49: ==== Processing was completed ====
2015/01/06 14:13:49: 
*************************************************


*********** Start the Initialize Key Check **********
2015/01/06 14:14:40: Tool Ver: 2013.0605.01
2015/01/06 14:14:40: COM PORT OPEN ... OK
2015/01/06 14:14:40:
2015/01/06 14:14:40: ProductS/N:  VRW06B115100337
2015/01/06 14:14:40: TID: 86043932CAE52080
2015/01/06 14:14:40: F/W Version: 00.00.08
2015/01/06 14:14:40:
2015/01/06 14:14:40: MasterKey Key Entry ... OK
2015/01/06 14:14:40: PowerON Counter Key Entry ... OK
2015/01/06 14:14:41: Key Entry ... OK
2015/01/06 14:14:41: Complete.
2015/01/06 14:14:41: COM PORT CLOSE ... OK
2015/01/06 14:14:41: 
2015/01/06 14:14:41: ==== Processing was completed ====
2015/01/06 14:14:41: 
*************************************************


*********** Start the Initialize Key Check **********
2015/01/06 14:26:30: Tool Ver: 2013.0605.01
2015/01/06 14:26:30: COM PORT OPEN ... OK
2015/01/06 14:26:30:
2015/01/06 14:26:30: ProductS/N:  VRW06B115100329
2015/01/06 14:26:30: TID: 86041F19D2E52080
2015/01/06 14:26:30: F/W Version: 00.00.08
2015/01/06 14:26:30:
2015/01/06 14:26:30: MasterKey Key Entry ... OK
2015/01/06 14:26:30: PowerON Counter Key Entry ... OK
2015/01/06 14:26:31: Key Entry ... OK
2015/01/06 14:26:31: Complete.
2015/01/06 14:26:31: COM PORT CLOSE ... OK
2015/01/06 14:26:31: 
2015/01/06 14:26:31: ==== Processing was completed ====
2015/01/06 14:26:31: 
*************************************************


*********** Start the Initialize Key Check **********
2015/01/06 14:27:44: Tool Ver: 2013.0605.01
2015/01/06 14:27:44: COM PORT OPEN ... OK
2015/01/06 14:27:45:
2015/01/06 14:27:45: ProductS/N:  VRW06B115100331
2015/01/06 14:27:45: TID: 86042119D2E52080
2015/01/06 14:27:45: F/W Version: 00.00.08
2015/01/06 14:27:45:
2015/01/06 14:27:45: MasterKey Key Entry ... OK
2015/01/06 14:27:45: PowerON Counter Key Entry ... OK
2015/01/06 14:27:45: Key Entry ... OK
2015/01/06 14:27:45: Complete.
2015/01/06 14:27:45: COM PORT CLOSE ... OK
2015/01/06 14:27:45: 
2015/01/06 14:27:45: ==== Processing was completed ====
2015/01/06 14:27:45: 
*************************************************


*********** Start the Initialize Key Check **********
2015/01/06 14:34:46: Tool Ver: 2013.0605.01
2015/01/06 14:34:46: COM PORT OPEN ... OK
2015/01/06 14:34:46:
2015/01/06 14:34:46: ProductS/N:  VRW06B115100273
2015/01/06 14:34:46: TID: 8604292C3AE62080
2015/01/06 14:34:46: F/W Version: 00.00.08
2015/01/06 14:34:46:
2015/01/06 14:34:46: MasterKey Key Entry ... OK
2015/01/06 14:34:46: PowerON Counter Key Entry ... OK
2015/01/06 14:34:47: Key Entry ... OK
2015/01/06 14:34:47: Complete.
2015/01/06 14:34:47: COM PORT CLOSE ... OK
2015/01/06 14:34:47: 
2015/01/06 14:34:47: ==== Processing was completed ====
2015/01/06 14:34:47: 
*************************************************


*********** Start the Initialize Key Check **********
2015/01/06 14:37:00: Tool Ver: 2013.0605.01
2015/01/06 14:37:00: COM PORT OPEN ... OK
2015/01/06 14:37:00:
2015/01/06 14:37:00: ProductS/N:  VRW06B115100339
2015/01/06 14:37:00: TID: 86041416D2E52080
2015/01/06 14:37:00: F/W Version: 00.00.08
2015/01/06 14:37:00:
2015/01/06 14:37:00: MasterKey Key Entry ... OK
2015/01/06 14:37:00: PowerON Counter Key Entry ... OK
2015/01/06 14:37:00: Key Entry ... OK
2015/01/06 14:37:00: Complete.
2015/01/06 14:37:00: COM PORT CLOSE ... OK
2015/01/06 14:37:00: 
2015/01/06 14:37:00: ==== Processing was completed ====
2015/01/06 14:37:00: 
*************************************************


*********** Start the Initialize Key Check **********
2015/01/06 14:38:43: Tool Ver: 2013.0605.01
2015/01/06 14:38:43: COM PORT OPEN ... OK
2015/01/06 14:38:43:
2015/01/06 14:38:43: ProductS/N:  VRW06B115100336
2015/01/06 14:38:43: TID: 86042426CAE52080
2015/01/06 14:38:43: F/W Version: 00.00.08
2015/01/06 14:38:43:
2015/01/06 14:38:43: MasterKey Key Entry ... OK
2015/01/06 14:38:43: PowerON Counter Key Entry ... OK
2015/01/06 14:38:43: Key Entry ... OK
2015/01/06 14:38:43: Complete.
2015/01/06 14:38:43: COM PORT CLOSE ... OK
2015/01/06 14:38:43: 
2015/01/06 14:38:43: ==== Processing was completed ====
2015/01/06 14:38:43: 
*************************************************


*********** Start the Initialize Key Check **********
2015/01/06 15:08:14: Tool Ver: 2013.0605.01
2015/01/06 15:08:14: Product S/N ... ERROR
2015/01/06 15:08:14: 
2015/01/06 15:08:14: ######## Error has occurred ########
2015/01/06 15:08:14: 
*************************************************


*********** Start the Initialize Key Check **********
2015/01/06 15:08:14: Tool Ver: 2013.0605.01
2015/01/06 15:08:14: Product S/N ... ERROR
2015/01/06 15:08:14: 
2015/01/06 15:08:14: ######## Error has occurred ########
2015/01/06 15:08:14: 
*************************************************


*********** Start the Initialize Key Check **********
2015/01/06 15:15:33: Tool Ver: 2013.0605.01
2015/01/06 15:15:33: COM PORT OPEN ... OK
2015/01/06 15:15:33:
2015/01/06 15:15:33: ProductS/N:  VRW06B115100346
2015/01/06 15:15:33: TID: 86041626CAE52080
2015/01/06 15:15:33: F/W Version: 00.00.08
2015/01/06 15:15:33:
2015/01/06 15:15:33: MasterKey Key Entry ... OK
2015/01/06 15:15:33: PowerON Counter Key Entry ... OK
2015/01/06 15:15:34: Key Entry ... OK
2015/01/06 15:15:34: Complete.
2015/01/06 15:15:34: COM PORT CLOSE ... OK
2015/01/06 15:15:34: 
2015/01/06 15:15:34: ==== Processing was completed ====
2015/01/06 15:15:34: 
*************************************************


*********** Start the Initialize Key Check **********
2015/01/06 15:16:51: Tool Ver: 2013.0605.01
2015/01/06 15:16:51: COM PORT OPEN ... OK
2015/01/06 15:16:51:
2015/01/06 15:16:51: ProductS/N:  VRW06B115100348
2015/01/06 15:16:51: TID: 8604392BCAE52080
2015/01/06 15:16:51: F/W Version: 00.00.08
2015/01/06 15:16:51:
2015/01/06 15:16:51: MasterKey Key Entry ... OK
2015/01/06 15:16:51: PowerON Counter Key Entry ... OK
2015/01/06 15:16:52: Key Entry ... OK
2015/01/06 15:16:52: Complete.
2015/01/06 15:16:52: COM PORT CLOSE ... OK
2015/01/06 15:16:52: 
2015/01/06 15:16:52: ==== Processing was completed ====
2015/01/06 15:16:52: 
*************************************************


*********** Start the Initialize Key Check **********
2015/01/06 15:19:08: Tool Ver: 2013.0605.01
2015/01/06 15:19:08: COM PORT OPEN ... OK
2015/01/06 15:19:09:
2015/01/06 15:19:09: ProductS/N:  VRW06B115100338
2015/01/06 15:19:09: TID: 8604401AD2E52080
2015/01/06 15:19:09: F/W Version: 00.00.08
2015/01/06 15:19:09:
2015/01/06 15:19:09: MasterKey Key Entry ... OK
2015/01/06 15:19:09: PowerON Counter Key Entry ... OK
2015/01/06 15:19:09: Key Entry ... OK
2015/01/06 15:19:09: Complete.
2015/01/06 15:19:09: COM PORT CLOSE ... OK
2015/01/06 15:19:09: 
2015/01/06 15:19:09: ==== Processing was completed ====
2015/01/06 15:19:09: 
*************************************************


*********** Start the Initialize Key Check **********
2015/01/06 15:20:59: Tool Ver: 2013.0605.01
2015/01/06 15:20:59: COM PORT OPEN ... OK
2015/01/06 15:20:59:
2015/01/06 15:20:59: ProductS/N:  VRW06B115100349
2015/01/06 15:20:59: TID: 86041816D2E52080
2015/01/06 15:20:59: F/W Version: 00.00.08
2015/01/06 15:20:59:
2015/01/06 15:20:59: MasterKey Key Entry ... OK
2015/01/06 15:20:59: PowerON Counter Key Entry ... OK
2015/01/06 15:20:59: Key Entry ... OK
2015/01/06 15:20:59: Complete.
2015/01/06 15:20:59: COM PORT CLOSE ... OK
2015/01/06 15:20:59: 
2015/01/06 15:20:59: ==== Processing was completed ====
2015/01/06 15:20:59: 
*************************************************


*********** Start the Initialize Key Check **********
2015/01/06 15:22:18: Tool Ver: 2013.0605.01
2015/01/06 15:22:18: COM PORT OPEN ... OK
2015/01/06 15:22:18:
2015/01/06 15:22:18: ProductS/N:  VRW06B115100351
2015/01/06 15:22:18: TID: 86041916D2E52080
2015/01/06 15:22:18: F/W Version: 00.00.08
2015/01/06 15:22:18:
2015/01/06 15:22:18: MasterKey Key Entry ... OK
2015/01/06 15:22:18: PowerON Counter Key Entry ... OK
2015/01/06 15:22:19: Key Entry ... OK
2015/01/06 15:22:19: Complete.
2015/01/06 15:22:19: COM PORT CLOSE ... OK
2015/01/06 15:22:19: 
2015/01/06 15:22:19: ==== Processing was completed ====
2015/01/06 15:22:19: 
*************************************************


*********** Start the Initialize Key Check **********
2015/01/06 15:28:32: Tool Ver: 2013.0605.01
2015/01/06 15:28:32: COM PORT OPEN ... OK
2015/01/06 15:28:33:
2015/01/06 15:28:33: ProductS/N:  VRW06B115100322
2015/01/06 15:28:33: TID: 8604330E32E62080
2015/01/06 15:28:33: F/W Version: 00.00.08
2015/01/06 15:28:33:
2015/01/06 15:28:33: MasterKey Key Entry ... OK
2015/01/06 15:28:33: PowerON Counter Key Entry ... OK
2015/01/06 15:28:33: Key Entry ... OK
2015/01/06 15:28:33: Complete.
2015/01/06 15:28:33: COM PORT CLOSE ... OK
2015/01/06 15:28:33: 
2015/01/06 15:28:33: ==== Processing was completed ====
2015/01/06 15:28:33: 
*************************************************


*********** Start the Initialize Key Check **********
2015/01/06 15:30:12: Tool Ver: 2013.0605.01
2015/01/06 15:30:12: COM PORT OPEN ... OK
2015/01/06 15:30:12:
2015/01/06 15:30:12: ProductS/N:  VRW06B115100350
2015/01/06 15:30:12: TID: 8604322CCAE52080
2015/01/06 15:30:12: F/W Version: 00.00.08
2015/01/06 15:30:12:
2015/01/06 15:30:12: MasterKey Key Entry ... OK
2015/01/06 15:30:12: PowerON Counter Key Entry ... OK
2015/01/06 15:30:13: Key Entry ... OK
2015/01/06 15:30:13: Complete.
2015/01/06 15:30:13: COM PORT CLOSE ... OK
2015/01/06 15:30:13: 
2015/01/06 15:30:13: ==== Processing was completed ====
2015/01/06 15:30:13: 
*************************************************


*********** Start the Initialize Key Check **********
2015/01/06 15:39:12: Tool Ver: 2013.0605.01
2015/01/06 15:39:12: COM PORT OPEN ... OK
2015/01/06 15:39:12:
2015/01/06 15:39:12: ProductS/N:  VRW06B115100347
2015/01/06 15:39:12: TID: 8604122ECAE52080
2015/01/06 15:39:12: F/W Version: 00.00.08
2015/01/06 15:39:12:
2015/01/06 15:39:12: MasterKey Key Entry ... OK
2015/01/06 15:39:12: PowerON Counter Key Entry ... OK
2015/01/06 15:39:13: Key Entry ... OK
2015/01/06 15:39:13: Complete.
2015/01/06 15:39:13: COM PORT CLOSE ... OK
2015/01/06 15:39:13: 
2015/01/06 15:39:13: ==== Processing was completed ====
2015/01/06 15:39:13: 
*************************************************


*********** Start the Initialize Key Check **********
2015/01/06 15:41:40: Tool Ver: 2013.0605.01
2015/01/06 15:41:40: COM PORT OPEN ... OK
2015/01/06 15:41:41:
2015/01/06 15:41:41: ProductS/N:  VRW06B115100318
2015/01/06 15:41:41: TID: 86042D2322E62080
2015/01/06 15:41:41: F/W Version: 00.00.08
2015/01/06 15:41:41:
2015/01/06 15:41:41: MasterKey Key Entry ... OK
2015/01/06 15:41:41: PowerON Counter Key Entry ... OK
2015/01/06 15:41:41: Key Entry ... OK
2015/01/06 15:41:41: Complete.
2015/01/06 15:41:41: COM PORT CLOSE ... OK
2015/01/06 15:41:41: 
2015/01/06 15:41:41: ==== Processing was completed ====
2015/01/06 15:41:41: 
*************************************************


*********** Start the Initialize Key Check **********
2015/01/06 15:48:57: Tool Ver: 2013.0605.01
2015/01/06 15:48:57: COM PORT OPEN ... OK
2015/01/06 15:48:57:
2015/01/06 15:48:57: ProductS/N:  VRW06B115100341
2015/01/06 15:48:57: TID: 86043B2BCAE52080
2015/01/06 15:48:57: F/W Version: 00.00.08
2015/01/06 15:48:57:
2015/01/06 15:48:57: MasterKey Key Entry ... OK
2015/01/06 15:48:57: PowerON Counter Key Entry ... OK
2015/01/06 15:48:58: Key Entry ... OK
2015/01/06 15:48:58: Complete.
2015/01/06 15:48:58: COM PORT CLOSE ... OK
2015/01/06 15:48:58: 
2015/01/06 15:48:58: ==== Processing was completed ====
2015/01/06 15:48:58: 
*************************************************


*********** Start the Initialize Key Check **********
2015/01/06 16:00:28: Tool Ver: 2013.0605.01
2015/01/06 16:00:28: COM PORT OPEN ... OK
2015/01/06 16:00:28:
2015/01/06 16:00:28: ProductS/N:  VRW06B115100345
2015/01/06 16:00:28: TID: 86041431CAE52080
2015/01/06 16:00:28: F/W Version: 00.00.08
2015/01/06 16:00:28:
2015/01/06 16:00:28: MasterKey Key Entry ... OK
2015/01/06 16:00:28: PowerON Counter Key Entry ... OK
2015/01/06 16:00:29: Key Entry ... OK
2015/01/06 16:00:29: Complete.
2015/01/06 16:00:29: COM PORT CLOSE ... OK
2015/01/06 16:00:29: 
2015/01/06 16:00:29: ==== Processing was completed ====
2015/01/06 16:00:29: 
*************************************************


*********** Start the Initialize Key Check **********
2015/01/06 16:01:44: Tool Ver: 2013.0605.01
2015/01/06 16:01:44: COM PORT OPEN ... OK
2015/01/06 16:01:44:
2015/01/06 16:01:44: ProductS/N:  VRW06B115100353
2015/01/06 16:01:44: TID: 86042D19D2E52080
2015/01/06 16:01:44: F/W Version: 00.00.08
2015/01/06 16:01:44:
2015/01/06 16:01:44: MasterKey Key Entry ... OK
2015/01/06 16:01:44: PowerON Counter Key Entry ... OK
2015/01/06 16:01:45: Key Entry ... OK
2015/01/06 16:01:45: Complete.
2015/01/06 16:01:45: COM PORT CLOSE ... OK
2015/01/06 16:01:45: 
2015/01/06 16:01:45: ==== Processing was completed ====
2015/01/06 16:01:45: 
*************************************************


*********** Start the Initialize Key Check **********
2015/01/06 16:07:32: Tool Ver: 2013.0605.01
2015/01/06 16:07:32: COM PORT OPEN ... OK
2015/01/06 16:07:32:
2015/01/06 16:07:32: ProductS/N:  VRW06B115100354
2015/01/06 16:07:32: TID: 86041D2322E62080
2015/01/06 16:07:32: F/W Version: 00.00.08
2015/01/06 16:07:32:
2015/01/06 16:07:32: MasterKey Key Entry ... OK
2015/01/06 16:07:32: PowerON Counter Key Entry ... OK
2015/01/06 16:07:32: Key Entry ... OK
2015/01/06 16:07:32: Complete.
2015/01/06 16:07:32: COM PORT CLOSE ... OK
2015/01/06 16:07:32: 
2015/01/06 16:07:32: ==== Processing was completed ====
2015/01/06 16:07:32: 
*************************************************


*********** Start the Initialize Key Check **********
2015/01/06 16:22:56: Tool Ver: 2013.0605.01
2015/01/06 16:22:56: COM PORT OPEN ... OK
2015/01/06 16:22:56:
2015/01/06 16:22:56: ProductS/N:  06B115100289
2015/01/06 16:22:56: TID: 86042326CAE52080
2015/01/06 16:22:56: F/W Version: 00.00.08
2015/01/06 16:22:56:
2015/01/06 16:22:56: MasterKey Key Entry ... OK
2015/01/06 16:22:56: PowerON Counter Key Entry ... OK
2015/01/06 16:22:57: Key Entry ... OK
2015/01/06 16:22:57: Complete.
2015/01/06 16:22:57: COM PORT CLOSE ... OK
2015/01/06 16:22:57: 
2015/01/06 16:22:57: ==== Processing was completed ====
2015/01/06 16:22:57: 
*************************************************


*********** Start the Initialize Key Check **********
2015/01/06 16:24:32: Tool Ver: 2013.0605.01
2015/01/06 16:24:32: COM PORT OPEN ... OK
2015/01/06 16:24:32:
2015/01/06 16:24:32: ProductS/N:  VRW06B115100343
2015/01/06 16:24:32: TID: 86042C1CD2E52080
2015/01/06 16:24:32: F/W Version: 00.00.08
2015/01/06 16:24:32:
2015/01/06 16:24:32: MasterKey Key Entry ... OK
2015/01/06 16:24:32: PowerON Counter Key Entry ... OK
2015/01/06 16:24:33: Key Entry ... OK
2015/01/06 16:24:33: Complete.
2015/01/06 16:24:33: COM PORT CLOSE ... OK
2015/01/06 16:24:33: 
2015/01/06 16:24:33: ==== Processing was completed ====
2015/01/06 16:24:33: 
*************************************************


*********** Start the Initialize Key Check **********
2015/01/06 16:26:39: Tool Ver: 2013.0605.01
2015/01/06 16:26:39: COM PORT OPEN ... OK
2015/01/06 16:26:39:
2015/01/06 16:26:39: ProductS/N:  VRW06B115100355
2015/01/06 16:26:39: TID: 8604092022E62080
2015/01/06 16:26:39: F/W Version: 00.00.08
2015/01/06 16:26:39:
2015/01/06 16:26:39: MasterKey Key Entry ... OK
2015/01/06 16:26:39: PowerON Counter Key Entry ... OK
2015/01/06 16:26:40: Key Entry ... OK
2015/01/06 16:26:40: Complete.
2015/01/06 16:26:40: COM PORT CLOSE ... OK
2015/01/06 16:26:40: 
2015/01/06 16:26:40: ==== Processing was completed ====
2015/01/06 16:26:40: 
*************************************************


*********** Start the Initialize Key Check **********
2015/01/06 16:50:06: Tool Ver: 2013.0605.01
2015/01/06 16:50:06: COM PORT OPEN ... OK
2015/01/06 16:50:07:
2015/01/06 16:50:07: ProductS/N:  6B115100352
2015/01/06 16:50:07: TID: 86042E19D2E52080
2015/01/06 16:50:07: F/W Version: 00.00.08
2015/01/06 16:50:07:
2015/01/06 16:50:07: MasterKey Key Entry ... OK
2015/01/06 16:50:07: PowerON Counter Key Entry ... OK
2015/01/06 16:50:07: Key Entry ... OK
2015/01/06 16:50:07: Complete.
2015/01/06 16:50:07: COM PORT CLOSE ... OK
2015/01/06 16:50:07: 
2015/01/06 16:50:07: ==== Processing was completed ====
2015/01/06 16:50:07: 
*************************************************


*********** Start the Initialize Key Check **********
2015/01/06 16:54:53: Tool Ver: 2013.0605.01
2015/01/06 16:54:53: COM PORT OPEN ... OK
2015/01/06 16:54:53:
2015/01/06 16:54:53: ProductS/N:  VRW06B115100356
2015/01/06 16:54:53: TID: 8604082ECAE52080
2015/01/06 16:54:53: F/W Version: 00.00.08
2015/01/06 16:54:53:
2015/01/06 16:54:53: MasterKey Key Entry ... OK
2015/01/06 16:54:53: PowerON Counter Key Entry ... OK
2015/01/06 16:54:54: Key Entry ... OK
2015/01/06 16:54:54: Complete.
2015/01/06 16:54:54: COM PORT CLOSE ... OK
2015/01/06 16:54:54: 
2015/01/06 16:54:54: ==== Processing was completed ====
2015/01/06 16:54:54: 
*************************************************


*********** Start the Initialize Key Check **********
2015/01/06 18:44:08: Tool Ver: 2013.0605.01
2015/01/06 18:44:08: COM PORT OPEN ... OK
2015/01/06 18:44:08:
2015/01/06 18:44:08: ProductS/N:  VRW06B115100340
2015/01/06 18:44:08: TID: 860432253AE62080
2015/01/06 18:44:08: F/W Version: 00.00.08
2015/01/06 18:44:08:
2015/01/06 18:44:08: MasterKey Key Entry ... OK
2015/01/06 18:44:08: PowerON Counter Key Entry ... OK
2015/01/06 18:44:09: Key Entry ... OK
2015/01/06 18:44:09: Complete.
2015/01/06 18:44:09: COM PORT CLOSE ... OK
2015/01/06 18:44:09: 
2015/01/06 18:44:09: ==== Processing was completed ====
2015/01/06 18:44:09: 
*************************************************


*********** Start the Initialize Key Check **********
2015/01/06 18:47:47: Tool Ver: 2013.0605.01
2015/01/06 18:47:47: COM PORT OPEN ... OK
2015/01/06 18:47:47:
2015/01/06 18:47:47: ProductS/N:  VRW06A113801427
2015/01/06 18:47:47: TID: 8604202A62842D80
2015/01/06 18:47:47: F/W Version: 00.00.08
2015/01/06 18:47:47:
2015/01/06 18:47:47: MasterKey Key Entry ... OK
2015/01/06 18:47:47: PowerON Counter Key Entry ... OK
2015/01/06 18:47:48: Key Entry ... OK
2015/01/06 18:47:48: Complete.
2015/01/06 18:47:48: COM PORT CLOSE ... OK
2015/01/06 18:47:48: 
2015/01/06 18:47:48: ==== Processing was completed ====
2015/01/06 18:47:48: 
*************************************************


*********** Start the Initialize Key Check **********
2015/01/06 18:55:55: Tool Ver: 2013.0605.01
2015/01/06 18:55:55: COM PORT OPEN ... OK
2015/01/06 18:55:55:
2015/01/06 18:55:55: ProductS/N:  VRW06A113801151
2015/01/06 18:55:55: TID: 8604352A62842D80
2015/01/06 18:55:55: F/W Version: 00.00.08
2015/01/06 18:55:55:
2015/01/06 18:55:55: MasterKey Key Entry ... OK
2015/01/06 18:55:55: PowerON Counter Key Entry ... OK
2015/01/06 18:55:55: Key Entry ... OK
2015/01/06 18:55:55: Complete.
2015/01/06 18:55:55: COM PORT CLOSE ... OK
2015/01/06 18:55:55: 
2015/01/06 18:55:55: ==== Processing was completed ====
2015/01/06 18:55:55: 
*************************************************


*********** Start the Initialize Key Check **********
2015/01/06 18:57:41: Tool Ver: 2013.0605.01
2015/01/06 18:57:41: COM PORT OPEN ... OK
2015/01/06 18:57:42:
2015/01/06 18:57:42: ProductS/N:  VRW06A113X00862
2015/01/06 18:57:42: TID: 8604252F5A842D80
2015/01/06 18:57:42: F/W Version: 00.00.08
2015/01/06 18:57:42:
2015/01/06 18:57:42: MasterKey Key Entry ... OK
2015/01/06 18:57:42: PowerON Counter Key Entry ... OK
2015/01/06 18:57:42: Key Entry ... OK
2015/01/06 18:57:42: Complete.
2015/01/06 18:57:42: COM PORT CLOSE ... OK
2015/01/06 18:57:42: 
2015/01/06 18:57:42: ==== Processing was completed ====
2015/01/06 18:57:42: 
*************************************************


*********** Start the Initialize Key Check **********
2015/01/06 19:00:15: Tool Ver: 2013.0605.01
2015/01/06 19:00:15: COM PORT OPEN ... OK
2015/01/06 19:00:15:
2015/01/06 19:00:15: ProductS/N:  VRW06A113901507
2015/01/06 19:00:15: TID: 86041D2762842D80
2015/01/06 19:00:15: F/W Version: 00.00.08
2015/01/06 19:00:15:
2015/01/06 19:00:15: MasterKey Key Entry ... OK
2015/01/06 19:00:15: PowerON Counter Key Entry ... OK
2015/01/06 19:00:16: Key Entry ... OK
2015/01/06 19:00:16: Complete.
2015/01/06 19:00:16: COM PORT CLOSE ... OK
2015/01/06 19:00:16: 
2015/01/06 19:00:16: ==== Processing was completed ====
2015/01/06 19:00:16: 
*************************************************


*********** Start the Initialize Key Check **********
2015/01/06 19:04:19: Tool Ver: 2013.0605.01
2015/01/06 19:04:19: COM PORT OPEN ... OK
2015/01/06 19:04:19:
2015/01/06 19:04:19: ProductS/N:  VRW06A213X00035
2015/01/06 19:04:19: TID: 86041D3262842D80
2015/01/06 19:04:19: F/W Version: 00.00.08
2015/01/06 19:04:19:
2015/01/06 19:04:19: MasterKey Key Entry ... OK
2015/01/06 19:04:19: PowerON Counter Key Entry ... OK
2015/01/06 19:04:20: Key Entry ... OK
2015/01/06 19:04:20: Complete.
2015/01/06 19:04:20: COM PORT CLOSE ... OK
2015/01/06 19:04:20: 
2015/01/06 19:04:20: ==== Processing was completed ====
2015/01/06 19:04:20: 
*************************************************


*********** Start the Initialize Key Check **********
2015/01/06 19:21:52: Tool Ver: 2013.0605.01
2015/01/06 19:21:52: COM PORT OPEN ... OK
2015/01/06 19:21:52:
2015/01/06 19:21:52: ProductS/N:  VRW06A113X02819
2015/01/06 19:21:52: TID: 8604222662842D80
2015/01/06 19:21:52: F/W Version: 00.00.08
2015/01/06 19:21:52:
2015/01/06 19:21:52: MasterKey Key Entry ... OK
2015/01/06 19:21:52: PowerON Counter Key Entry ... OK
2015/01/06 19:21:53: Key Entry ... OK
2015/01/06 19:21:53: Complete.
2015/01/06 19:21:53: COM PORT CLOSE ... OK
2015/01/06 19:21:53: 
2015/01/06 19:21:53: ==== Processing was completed ====
2015/01/06 19:21:53: 
*************************************************


*********** Start the Initialize Key Check **********
2015/01/06 19:29:10: Tool Ver: 2013.0605.01
2015/01/06 19:29:10: COM PORT OPEN ... OK
2015/01/06 19:29:10:
2015/01/06 19:29:10: ProductS/N:  VRW06A213801484
2015/01/06 19:29:10: TID: 860412336A842D80
2015/01/06 19:29:10: F/W Version: 00.00.08
2015/01/06 19:29:10:
2015/01/06 19:29:10: MasterKey Key Entry ... OK
2015/01/06 19:29:10: PowerON Counter Key Entry ... OK
2015/01/06 19:29:11: Key Entry ... OK
2015/01/06 19:29:11: Complete.
2015/01/06 19:29:11: COM PORT CLOSE ... OK
2015/01/06 19:29:11: 
2015/01/06 19:29:11: ==== Processing was completed ====
2015/01/06 19:29:11: 
*************************************************


*********** Start the Initialize Key Check **********
2015/01/06 19:38:41: Tool Ver: 2013.0605.01
2015/01/06 19:38:41: COM PORT OPEN ... OK
2015/01/06 19:38:41:
2015/01/06 19:38:41: ProductS/N:  VRW06A114201500
2015/01/06 19:38:41: TID: 8604422B5A842D80
2015/01/06 19:38:41: F/W Version: 00.00.08
2015/01/06 19:38:41:
2015/01/06 19:38:41: MasterKey Key Entry ... OK
2015/01/06 19:38:41: PowerON Counter Key Entry ... OK
2015/01/06 19:38:42: Key Entry ... OK
2015/01/06 19:38:42: Complete.
2015/01/06 19:38:42: COM PORT CLOSE ... OK
2015/01/06 19:38:42: 
2015/01/06 19:38:42: ==== Processing was completed ====
2015/01/06 19:38:42: 
*************************************************


*********** Start the Initialize Key Check **********
2015/01/06 19:40:10: Tool Ver: 2013.0605.01
2015/01/06 19:40:10: COM PORT OPEN ... OK
2015/01/06 19:40:10:
2015/01/06 19:40:10: ProductS/N:  VRW06A114300002
2015/01/06 19:40:10: TID: 86043F2162842D80
2015/01/06 19:40:10: F/W Version: 00.00.08
2015/01/06 19:40:10:
2015/01/06 19:40:10: MasterKey Key Entry ... OK
2015/01/06 19:40:10: PowerON Counter Key Entry ... OK
2015/01/06 19:40:11: Key Entry ... OK
2015/01/06 19:40:11: Complete.
2015/01/06 19:40:11: COM PORT CLOSE ... OK
2015/01/06 19:40:11: 
2015/01/06 19:40:11: ==== Processing was completed ====
2015/01/06 19:40:11: 
*************************************************


*********** Start the Initialize Key Check **********
2015/01/06 19:43:47: Tool Ver: 2013.0605.01
2015/01/06 19:43:47: COM PORT OPEN ... OK
2015/01/06 19:43:48:
2015/01/06 19:43:48: ProductS/N:  VRW06A114401781
2015/01/06 19:43:48: TID: 86040B216A842D80
2015/01/06 19:43:48: F/W Version: 00.00.08
2015/01/06 19:43:48:
2015/01/06 19:43:48: MasterKey Key Entry ... OK
2015/01/06 19:43:48: PowerON Counter Key Entry ... OK
2015/01/06 19:43:48: Key Entry ... OK
2015/01/06 19:43:48: Complete.
2015/01/06 19:43:48: COM PORT CLOSE ... OK
2015/01/06 19:43:48: 
2015/01/06 19:43:48: ==== Processing was completed ====
2015/01/06 19:43:48: 
*************************************************


