*********** Start the Initialize Key Check **********
2015/01/13 08:13:27: Tool Ver: 2013.0605.01
2015/01/13 08:13:27: COM PORT OPEN ... OK
*********** Start the Initialize Key Check **********
2015/01/13 08:13:38: Tool Ver: 2013.0605.01
2015/01/13 08:13:38: COM PORT OPEN ... OK
2015/01/13 08:13:38:
2015/01/13 08:13:38: ProductS/N:  VRW06A013800914
2015/01/13 08:13:38: TID: 860413416A9F2980
2015/01/13 08:13:38: F/W Version: 00.00.08
2015/01/13 08:13:38:
2015/01/13 08:13:38: MasterKey Key Entry ... OK
2015/01/13 08:13:38: PowerON Counter Key Entry ... OK
2015/01/13 08:13:39: Key Entry ... OK
2015/01/13 08:13:39: Complete.
2015/01/13 08:13:39: COM PORT CLOSE ... OK
2015/01/13 08:13:39: 
2015/01/13 08:13:39: ==== Processing was completed ====
2015/01/13 08:13:39: 
*************************************************


*********** Start the Initialize Key Check **********
2015/01/13 08:21:13: Tool Ver: 2013.0605.01
2015/01/13 08:21:13: COM PORT OPEN ... OK
*********** Start the Initialize Key Check **********
2015/01/13 08:21:29: Tool Ver: 2013.0605.01
2015/01/13 08:21:29: COM PORT OPEN ... OK
*********** Start the Initialize Key Check **********
2015/01/13 08:21:52: Tool Ver: 2013.0605.01
2015/01/13 08:21:52: COM PORT OPEN ... OK
*********** Start the Initialize Key Check **********
2015/01/13 08:22:03: Tool Ver: 2013.0605.01
2015/01/13 08:22:03: COM PORT OPEN ... OK
*********** Start the Initialize Key Check **********
2015/01/13 08:22:35: Tool Ver: 2013.0605.01
2015/01/13 08:22:35: COM PORT OPEN ... OK
*********** Start the Initialize Key Check **********
2015/01/13 08:22:51: Tool Ver: 2013.0605.01
2015/01/13 08:22:51: COM PORT OPEN ... OK
*********** Start the Initialize Key Check **********
2015/01/13 08:23:02: Tool Ver: 2013.0605.01
2015/01/13 08:23:02: COM PORT OPEN ... OK
*********** Start the Initialize Key Check **********
2015/01/13 08:23:25: Tool Ver: 2013.0605.01
2015/01/13 08:23:25: COM PORT OPEN ... OK
*********** Start the Initialize Key Check **********
2015/01/13 08:23:58: Tool Ver: 2013.0605.01
2015/01/13 08:23:58: COM PORT OPEN ... OK
*********** Start the Initialize Key Check **********
2015/01/13 08:24:10: Tool Ver: 2013.0605.01
2015/01/13 08:24:10: COM PORT OPEN ... OK
*********** Start the Initialize Key Check **********
2015/01/13 08:24:44: Tool Ver: 2013.0605.01
2015/01/13 08:24:44: COM PORT OPEN ... OK
2015/01/13 08:24:44:
2015/01/13 08:24:44: ProductS/N:  VRW06A013800914
2015/01/13 08:24:44: TID: 860413416A9F2980
2015/01/13 08:24:44: F/W Version: 00.00.08
2015/01/13 08:24:44:
2015/01/13 08:24:44: MasterKey Key Entry ... OK
2015/01/13 08:24:44: PowerON Counter Key Entry ... OK
2015/01/13 08:24:45: Key Entry ... OK
2015/01/13 08:24:45: Complete.
2015/01/13 08:24:45: COM PORT CLOSE ... OK
2015/01/13 08:24:45: 
2015/01/13 08:24:45: ==== Processing was completed ====
2015/01/13 08:24:45: 
*************************************************


*********** Start the Initialize Key Check **********
2015/01/13 08:28:41: Tool Ver: 2013.0605.01
2015/01/13 08:28:41: COM PORT OPEN ... OK
*********** Start the Initialize Key Check **********
2015/01/13 08:28:56: Tool Ver: 2013.0605.01
2015/01/13 08:28:56: COM PORT OPEN ... OK
2015/01/13 08:28:56:
2015/01/13 08:28:56: ProductS/N:  VRW06A113X01840
2015/01/13 08:28:57: TID: 8604391B6A9F2980
2015/01/13 08:28:57: F/W Version: 00.00.08
2015/01/13 08:28:57:
2015/01/13 08:28:57: MasterKey Key Entry ... OK
2015/01/13 08:28:57: PowerON Counter Key Entry ... OK
2015/01/13 08:28:57: Key Entry ... OK
2015/01/13 08:28:57: Complete.
2015/01/13 08:28:57: COM PORT CLOSE ... OK
2015/01/13 08:28:57: 
2015/01/13 08:28:57: ==== Processing was completed ====
2015/01/13 08:28:57: 
*************************************************


*********** Start the Initialize Key Check **********
2015/01/13 08:41:19: Tool Ver: 2013.0605.01
2015/01/13 08:41:19: COM PORT OPEN ... OK
*********** Start the Initialize Key Check **********
2015/01/13 08:41:55: Tool Ver: 2013.0605.01
2015/01/13 08:41:55: Product S/N ... ERROR
2015/01/13 08:41:55: 
2015/01/13 08:41:55: ######## Error has occurred ########
2015/01/13 08:41:55: 
*************************************************


*********** Start the Initialize Key Check **********
2015/01/13 08:42:24: Tool Ver: 2013.0605.01
2015/01/13 08:42:24: COM PORT OPEN ... OK
*********** Start the Initialize Key Check **********
2015/01/13 08:43:20: Tool Ver: 2013.0605.01
2015/01/13 08:43:20: COM PORT OPEN ... OK
2015/01/13 08:43:20:
2015/01/13 08:43:20: ProductS/N:  VRW06A013800914
2015/01/13 08:43:20: TID: 860413416A9F2980
2015/01/13 08:43:20: F/W Version: 00.00.08
2015/01/13 08:43:20:
2015/01/13 08:43:20: MasterKey Key Entry ... OK
2015/01/13 08:43:20: PowerON Counter Key Entry ... OK
2015/01/13 08:43:21: Key Entry ... OK
2015/01/13 08:43:21: Complete.
2015/01/13 08:43:21: COM PORT CLOSE ... OK
2015/01/13 08:43:21: 
2015/01/13 08:43:21: ==== Processing was completed ====
2015/01/13 08:43:21: 
*************************************************


*********** Start the Initialize Key Check **********
2015/01/13 08:45:26: Tool Ver: 2013.0605.01
2015/01/13 08:45:26: COM PORT OPEN ... OK
2015/01/13 08:45:26:
2015/01/13 08:45:26: ProductS/N:  VRW06A113X01840
2015/01/13 08:45:26: TID: 8604391B6A9F2980
2015/01/13 08:45:26: F/W Version: 00.00.08
2015/01/13 08:45:26:
2015/01/13 08:45:26: MasterKey Key Entry ... OK
2015/01/13 08:45:26: PowerON Counter Key Entry ... OK
2015/01/13 08:45:26: Key Entry ... OK
2015/01/13 08:45:26: Complete.
2015/01/13 08:45:26: COM PORT CLOSE ... OK
2015/01/13 08:45:26: 
2015/01/13 08:45:26: ==== Processing was completed ====
2015/01/13 08:45:26: 
*************************************************


*********** Start the Initialize Key Check **********
2015/01/13 08:54:40: Tool Ver: 2013.0605.01
2015/01/13 08:54:40: COM PORT OPEN ... OK
2015/01/13 08:54:41:
2015/01/13 08:54:41: ProductS/N:  VRW06A113X01840
2015/01/13 08:54:41: TID: 8604391B6A9F2980
2015/01/13 08:54:41: F/W Version: 00.00.08
2015/01/13 08:54:41:
2015/01/13 08:54:41: MasterKey Key Entry ... OK
2015/01/13 08:54:41: PowerON Counter Key Entry ... OK
2015/01/13 08:54:41: Key Entry ... OK
2015/01/13 08:54:41: Complete.
2015/01/13 08:54:41: COM PORT CLOSE ... OK
2015/01/13 08:54:41: 
2015/01/13 08:54:41: ==== Processing was completed ====
2015/01/13 08:54:41: 
*************************************************


*********** Start the Initialize Key Check **********
2015/01/13 09:01:09: Tool Ver: 2013.0605.01
2015/01/13 09:01:09: COM PORT OPEN ... OK
2015/01/13 09:01:09:
2015/01/13 09:01:09: ProductS/N:  VRW06A114200185
2015/01/13 09:01:09: TID: 8604171872842D80
2015/01/13 09:01:09: F/W Version: 00.00.08
2015/01/13 09:01:09:
2015/01/13 09:01:09: MasterKey Key Entry ... OK
2015/01/13 09:01:09: PowerON Counter Key Entry ... OK
2015/01/13 09:01:10: Key Entry ... OK
2015/01/13 09:01:10: Complete.
2015/01/13 09:01:10: COM PORT CLOSE ... OK
2015/01/13 09:01:10: 
2015/01/13 09:01:10: ==== Processing was completed ====
2015/01/13 09:01:10: 
*************************************************


*********** Start the Initialize Key Check **********
2015/01/13 09:06:08: Tool Ver: 2013.0605.01
2015/01/13 09:06:08: COM PORT OPEN ... OK
2015/01/13 09:06:08:
2015/01/13 09:06:08: ProductS/N:  VRW06A114302450
2015/01/13 09:06:08: TID: 860424296A9F2980
2015/01/13 09:06:08: F/W Version: 00.00.08
2015/01/13 09:06:08:
2015/01/13 09:06:08: MasterKey Key Entry ... OK
2015/01/13 09:06:08: PowerON Counter Key Entry ... OK
2015/01/13 09:06:09: Key Entry ... OK
2015/01/13 09:06:09: Complete.
2015/01/13 09:06:09: COM PORT CLOSE ... OK
2015/01/13 09:06:09: 
2015/01/13 09:06:09: ==== Processing was completed ====
2015/01/13 09:06:09: 
*************************************************


*********** Start the Initialize Key Check **********
2015/01/13 09:08:40: Tool Ver: 2013.0605.01
2015/01/13 09:08:40: COM PORT OPEN ... OK
2015/01/13 09:08:40:
2015/01/13 09:08:40: ProductS/N:  VRW06A114200185
2015/01/13 09:08:40: TID: 8604171872842D80
2015/01/13 09:08:40: F/W Version: 00.00.08
2015/01/13 09:08:40:
2015/01/13 09:08:40: MasterKey Key Entry ... OK
2015/01/13 09:08:40: PowerON Counter Key Entry ... OK
2015/01/13 09:08:41: Key Entry ... OK
2015/01/13 09:08:41: Complete.
2015/01/13 09:08:41: COM PORT CLOSE ... OK
2015/01/13 09:08:41: 
2015/01/13 09:08:41: ==== Processing was completed ====
2015/01/13 09:08:41: 
*************************************************


*********** Start the Initialize Key Check **********
2015/01/13 09:13:37: Tool Ver: 2013.0605.01
2015/01/13 09:13:37: COM PORT OPEN ... OK
2015/01/13 09:13:37:
2015/01/13 09:13:37: ProductS/N:  VRW06A114302450
2015/01/13 09:13:37: TID: 860424296A9F2980
2015/01/13 09:13:37: F/W Version: 00.00.08
2015/01/13 09:13:37:
2015/01/13 09:13:37: MasterKey Key Entry ... OK
2015/01/13 09:13:37: PowerON Counter Key Entry ... OK
2015/01/13 09:13:38: Key Entry ... OK
2015/01/13 09:13:38: Complete.
2015/01/13 09:13:38: COM PORT CLOSE ... OK
2015/01/13 09:13:38: 
2015/01/13 09:13:38: ==== Processing was completed ====
2015/01/13 09:13:38: 
*************************************************


*********** Start the Initialize Key Check **********
2015/01/13 09:16:18: Tool Ver: 2013.0605.01
2015/01/13 09:16:18: COM PORT OPEN ... OK
2015/01/13 09:16:18:
2015/01/13 09:16:18: ProductS/N:  VRW06A114200185
2015/01/13 09:16:18: TID: 8604171872842D80
2015/01/13 09:16:18: F/W Version: 00.00.08
2015/01/13 09:16:18:
2015/01/13 09:16:18: MasterKey Key Entry ... OK
2015/01/13 09:16:18: PowerON Counter Key Entry ... OK
2015/01/13 09:16:19: Key Entry ... OK
2015/01/13 09:16:19: Complete.
2015/01/13 09:16:19: COM PORT CLOSE ... OK
2015/01/13 09:16:19: 
2015/01/13 09:16:19: ==== Processing was completed ====
2015/01/13 09:16:19: 
*************************************************


*********** Start the Initialize Key Check **********
2015/01/13 09:21:10: Tool Ver: 2013.0605.01
2015/01/13 09:21:10: COM PORT OPEN ... OK
2015/01/13 09:21:10:
2015/01/13 09:21:10: ProductS/N:  VRW06A114302450
2015/01/13 09:21:10: TID: 860424296A9F2980
2015/01/13 09:21:10: F/W Version: 00.00.08
2015/01/13 09:21:10:
2015/01/13 09:21:10: MasterKey Key Entry ... OK
2015/01/13 09:21:10: PowerON Counter Key Entry ... OK
2015/01/13 09:21:11: Key Entry ... OK
2015/01/13 09:21:11: Complete.
2015/01/13 09:21:11: COM PORT CLOSE ... OK
2015/01/13 09:21:11: 
2015/01/13 09:21:11: ==== Processing was completed ====
2015/01/13 09:21:11: 
*************************************************


*********** Start the Initialize Key Check **********
2015/01/13 09:25:57: Tool Ver: 2013.0605.01
2015/01/13 09:25:57: COM PORT OPEN ... OK
2015/01/13 09:25:58:
2015/01/13 09:25:58: ProductS/N:  VRW06A013801462
2015/01/13 09:25:58: TID: 86043B1B6A9F2980
2015/01/13 09:25:58: F/W Version: 00.00.08
2015/01/13 09:25:58:
2015/01/13 09:25:58: MasterKey Key Entry ... OK
2015/01/13 09:25:58: PowerON Counter Key Entry ... OK
2015/01/13 09:25:58: Key Entry ... OK
2015/01/13 09:25:58: Complete.
2015/01/13 09:25:58: COM PORT CLOSE ... OK
2015/01/13 09:25:58: 
2015/01/13 09:25:58: ==== Processing was completed ====
2015/01/13 09:25:58: 
*************************************************


*********** Start the Initialize Key Check **********
2015/01/13 09:30:48: Tool Ver: 2013.0605.01
2015/01/13 09:30:48: COM PORT OPEN ... OK
2015/01/13 09:30:49:
2015/01/13 09:30:49: ProductS/N:  VRW06A113X02295
2015/01/13 09:30:49: TID: 860433236A9F2980
2015/01/13 09:30:49: F/W Version: 00.00.08
2015/01/13 09:30:49:
2015/01/13 09:30:49: MasterKey Key Entry ... OK
2015/01/13 09:30:49: PowerON Counter Key Entry ... OK
2015/01/13 09:30:49: Key Entry ... OK
2015/01/13 09:30:49: Complete.
2015/01/13 09:30:49: COM PORT CLOSE ... OK
2015/01/13 09:30:49: 
2015/01/13 09:30:49: ==== Processing was completed ====
2015/01/13 09:30:49: 
*************************************************


*********** Start the Initialize Key Check **********
2015/01/13 09:33:12: Tool Ver: 2013.0605.01
2015/01/13 09:33:12: COM PORT OPEN ... OK
2015/01/13 09:33:12:
2015/01/13 09:33:12: ProductS/N:  VRW06A013801462
2015/01/13 09:33:12: TID: 86043B1B6A9F2980
2015/01/13 09:33:12: F/W Version: 00.00.08
2015/01/13 09:33:12:
2015/01/13 09:33:12: MasterKey Key Entry ... OK
2015/01/13 09:33:12: PowerON Counter Key Entry ... OK
2015/01/13 09:33:13: Key Entry ... OK
2015/01/13 09:33:13: Complete.
2015/01/13 09:33:13: COM PORT CLOSE ... OK
2015/01/13 09:33:13: 
2015/01/13 09:33:13: ==== Processing was completed ====
2015/01/13 09:33:13: 
*************************************************


*********** Start the Initialize Key Check **********
2015/01/13 09:49:08: Tool Ver: 2013.0605.01
2015/01/13 09:49:08: COM PORT OPEN ... OK
2015/01/13 09:49:08:
2015/01/13 09:49:08: ProductS/N:  VRW06A013801462
2015/01/13 09:49:08: TID: 86043B1B6A9F2980
2015/01/13 09:49:08: F/W Version: 00.00.08
2015/01/13 09:49:08:
2015/01/13 09:49:08: MasterKey Key Entry ... OK
2015/01/13 09:49:08: PowerON Counter Key Entry ... OK
2015/01/13 09:49:08: Key Entry ... OK
2015/01/13 09:49:08: Complete.
2015/01/13 09:49:08: COM PORT CLOSE ... OK
2015/01/13 09:49:08: 
2015/01/13 09:49:08: ==== Processing was completed ====
2015/01/13 09:49:08: 
*************************************************


*********** Start the Initialize Key Check **********
2015/01/13 09:51:07: Tool Ver: 2013.0605.01
2015/01/13 09:51:07: COM PORT OPEN ... OK
2015/01/13 09:51:07:
2015/01/13 09:51:07: ProductS/N:  VRW06A113X02295
2015/01/13 09:51:07: TID: 860433236A9F2980
2015/01/13 09:51:07: F/W Version: 00.00.08
2015/01/13 09:51:07:
2015/01/13 09:51:07: MasterKey Key Entry ... OK
2015/01/13 09:51:07: PowerON Counter Key Entry ... OK
2015/01/13 09:51:08: Key Entry ... OK
2015/01/13 09:51:08: Complete.
2015/01/13 09:51:08: COM PORT CLOSE ... OK
2015/01/13 09:51:08: 
2015/01/13 09:51:08: ==== Processing was completed ====
2015/01/13 09:51:08: 
*************************************************


*********** Start the Initialize Key Check **********
2015/01/13 10:10:47: Tool Ver: 2013.0605.01
2015/01/13 10:10:47: COM PORT OPEN ... OK
2015/01/13 10:10:47:
2015/01/13 10:10:47: ProductS/N:  VRW06A113X02295
2015/01/13 10:10:47: TID: 860433236A9F2980
2015/01/13 10:10:47: F/W Version: 00.00.08
2015/01/13 10:10:47:
2015/01/13 10:10:47: MasterKey Key Entry ... OK
2015/01/13 10:10:47: PowerON Counter Key Entry ... OK
2015/01/13 10:10:48: Key Entry ... OK
2015/01/13 10:10:48: Complete.
2015/01/13 10:10:48: COM PORT CLOSE ... OK
2015/01/13 10:10:48: 
2015/01/13 10:10:48: ==== Processing was completed ====
2015/01/13 10:10:48: 
*************************************************


*********** Start the Initialize Key Check **********
2015/01/13 10:13:25: Tool Ver: 2013.0605.01
2015/01/13 10:13:25: COM PORT OPEN ... OK
2015/01/13 10:13:25:
2015/01/13 10:13:25: ProductS/N:  VRW06A114200847
2015/01/13 10:13:25: TID: 860423103AE62080
2015/01/13 10:13:25: F/W Version: 00.00.08
2015/01/13 10:13:25:
2015/01/13 10:13:25: MasterKey Key Entry ... OK
2015/01/13 10:13:25: PowerON Counter Key Entry ... OK
2015/01/13 10:13:26: Key Entry ... OK
2015/01/13 10:13:26: Complete.
2015/01/13 10:13:26: COM PORT CLOSE ... OK
2015/01/13 10:13:26: 
2015/01/13 10:13:26: ==== Processing was completed ====
2015/01/13 10:13:26: 
*************************************************


*********** Start the Initialize Key Check **********
2015/01/13 10:26:12: Tool Ver: 2013.0605.01
2015/01/13 10:26:12: COM PORT OPEN ... OK
2015/01/13 10:26:12:
2015/01/13 10:26:12: ProductS/N:  6A114200847
2015/01/13 10:26:12: TID: 860423103AE62080
2015/01/13 10:26:12: F/W Version: 00.00.08
2015/01/13 10:26:12:
2015/01/13 10:26:12: MasterKey Key Entry ... OK
2015/01/13 10:26:12: PowerON Counter Key Entry ... OK
2015/01/13 10:26:13: Key Entry ... OK
2015/01/13 10:26:13: Complete.
2015/01/13 10:26:13: COM PORT CLOSE ... OK
2015/01/13 10:26:13: 
2015/01/13 10:26:13: ==== Processing was completed ====
2015/01/13 10:26:13: 
*************************************************


*********** Start the Initialize Key Check **********
2015/01/13 10:35:33: Tool Ver: 2013.0605.01
2015/01/13 10:35:33: COM PORT OPEN ... OK
2015/01/13 10:35:33:
2015/01/13 10:35:33: ProductS/N:  VRW06A114200847
2015/01/13 10:35:33: TID: 860423103AE62080
2015/01/13 10:35:33: F/W Version: 00.00.08
2015/01/13 10:35:33:
2015/01/13 10:35:33: MasterKey Key Entry ... OK
2015/01/13 10:35:33: PowerON Counter Key Entry ... OK
2015/01/13 10:35:34: Key Entry ... OK
2015/01/13 10:35:34: Complete.
2015/01/13 10:35:34: COM PORT CLOSE ... OK
2015/01/13 10:35:34: 
2015/01/13 10:35:34: ==== Processing was completed ====
2015/01/13 10:35:34: 
*************************************************


*********** Start the Initialize Key Check **********
2015/01/13 13:17:58: Tool Ver: 2013.0605.01
2015/01/13 13:17:58: COM PORT OPEN ... OK
2015/01/13 13:17:58:
2015/01/13 13:17:58: ProductS/N:  VRW06A113800082
2015/01/13 13:17:58: TID: 8604282F6A9F2980
2015/01/13 13:17:58: F/W Version: 00.00.08
2015/01/13 13:17:58:
2015/01/13 13:17:58: MasterKey Key Entry ... OK
2015/01/13 13:17:58: PowerON Counter Key Entry ... OK
2015/01/13 13:17:59: Key Entry ... OK
2015/01/13 13:17:59: Complete.
2015/01/13 13:17:59: COM PORT CLOSE ... OK
2015/01/13 13:17:59: 
2015/01/13 13:17:59: ==== Processing was completed ====
2015/01/13 13:17:59: 
*************************************************


*********** Start the Initialize Key Check **********
2015/01/13 13:20:12: Tool Ver: 2013.0605.01
2015/01/13 13:20:12: COM PORT OPEN ... OK
2015/01/13 13:20:12:
2015/01/13 13:20:12: ProductS/N:  VRW06A113X01091
2015/01/13 13:20:12: TID: 8604052A6A9F2980
2015/01/13 13:20:12: F/W Version: 00.00.08
2015/01/13 13:20:12:
2015/01/13 13:20:12: MasterKey Key Entry ... OK
2015/01/13 13:20:12: PowerON Counter Key Entry ... OK
2015/01/13 13:20:13: Key Entry ... OK
2015/01/13 13:20:13: Complete.
2015/01/13 13:20:13: COM PORT CLOSE ... OK
2015/01/13 13:20:13: 
2015/01/13 13:20:13: ==== Processing was completed ====
2015/01/13 13:20:13: 
*************************************************


*********** Start the Initialize Key Check **********
2015/01/13 13:37:39: Tool Ver: 2013.0605.01
2015/01/13 13:37:39: COM PORT OPEN ... OK
2015/01/13 13:37:39:
2015/01/13 13:37:39: ProductS/N:  VRW06A113800082
2015/01/13 13:37:39: TID: 8604282F6A9F2980
2015/01/13 13:37:39: F/W Version: 00.00.08
2015/01/13 13:37:39:
2015/01/13 13:37:39: MasterKey Key Entry ... OK
2015/01/13 13:37:39: PowerON Counter Key Entry ... OK
2015/01/13 13:37:40: Key Entry ... OK
2015/01/13 13:37:40: Complete.
2015/01/13 13:37:40: COM PORT CLOSE ... OK
2015/01/13 13:37:40: 
2015/01/13 13:37:40: ==== Processing was completed ====
2015/01/13 13:37:40: 
*************************************************


*********** Start the Initialize Key Check **********
2015/01/13 13:40:10: Tool Ver: 2013.0605.01
2015/01/13 13:40:10: COM PORT OPEN ... OK
2015/01/13 13:40:11:
2015/01/13 13:40:11: ProductS/N:  VRW06A113X01091
2015/01/13 13:40:11: TID: 8604052A6A9F2980
2015/01/13 13:40:11: F/W Version: 00.00.08
2015/01/13 13:40:11:
2015/01/13 13:40:11: MasterKey Key Entry ... OK
2015/01/13 13:40:11: PowerON Counter Key Entry ... OK
2015/01/13 13:40:11: Key Entry ... OK
2015/01/13 13:40:11: Complete.
2015/01/13 13:40:11: COM PORT CLOSE ... OK
2015/01/13 13:40:11: 
2015/01/13 13:40:11: ==== Processing was completed ====
2015/01/13 13:40:11: 
*************************************************


*********** Start the Initialize Key Check **********
2015/01/13 13:52:49: Tool Ver: 2013.0605.01
2015/01/13 13:52:49: COM PORT OPEN ... OK
2015/01/13 13:52:49:
2015/01/13 13:52:49: ProductS/N:  VRW06A113800082
2015/01/13 13:52:49: TID: 8604282F6A9F2980
2015/01/13 13:52:49: F/W Version: 00.00.08
2015/01/13 13:52:49:
2015/01/13 13:52:49: MasterKey Key Entry ... OK
2015/01/13 13:52:49: PowerON Counter Key Entry ... OK
2015/01/13 13:52:50: Key Entry ... OK
2015/01/13 13:52:50: Complete.
2015/01/13 13:52:50: COM PORT CLOSE ... OK
2015/01/13 13:52:50: 
2015/01/13 13:52:50: ==== Processing was completed ====
2015/01/13 13:52:50: 
*************************************************


*********** Start the Initialize Key Check **********
2015/01/13 13:57:27: Tool Ver: 2013.0605.01
2015/01/13 13:57:27: COM PORT OPEN ... OK
2015/01/13 13:57:27:
2015/01/13 13:57:27: ProductS/N:  VRW06A113X01091
2015/01/13 13:57:27: TID: 8604052A6A9F2980
2015/01/13 13:57:27: F/W Version: 00.00.08
2015/01/13 13:57:27:
2015/01/13 13:57:27: MasterKey Key Entry ... OK
2015/01/13 13:57:27: PowerON Counter Key Entry ... OK
2015/01/13 13:57:27: Key Entry ... OK
2015/01/13 13:57:27: Complete.
2015/01/13 13:57:27: COM PORT CLOSE ... OK
2015/01/13 13:57:27: 
2015/01/13 13:57:27: ==== Processing was completed ====
2015/01/13 13:57:27: 
*************************************************


*********** Start the Initialize Key Check **********
2015/01/13 14:02:43: Tool Ver: 2013.0605.01
2015/01/13 14:02:43: COM PORT OPEN ... OK
2015/01/13 14:02:43:
2015/01/13 14:02:43: ProductS/N:  VRW06A113801151
2015/01/13 14:02:43: TID: 8604352A62842D80
2015/01/13 14:02:43: F/W Version: 00.00.08
2015/01/13 14:02:43:
2015/01/13 14:02:43: MasterKey Key Entry ... OK
2015/01/13 14:02:43: PowerON Counter Key Entry ... OK
2015/01/13 14:02:44: Key Entry ... OK
2015/01/13 14:02:44: Complete.
2015/01/13 14:02:44: COM PORT CLOSE ... OK
2015/01/13 14:02:44: 
2015/01/13 14:02:44: ==== Processing was completed ====
2015/01/13 14:02:44: 
*************************************************


*********** Start the Initialize Key Check **********
2015/01/13 14:09:56: Tool Ver: 2013.0605.01
2015/01/13 14:09:56: COM PORT OPEN ... OK
2015/01/13 14:09:56:
2015/01/13 14:09:56: ProductS/N:  VRW06A113801151
2015/01/13 14:09:56: TID: 8604352A62842D80
2015/01/13 14:09:56: F/W Version: 00.00.08
2015/01/13 14:09:56:
2015/01/13 14:09:56: MasterKey Key Entry ... OK
2015/01/13 14:09:56: PowerON Counter Key Entry ... OK
2015/01/13 14:09:57: Key Entry ... OK
2015/01/13 14:09:57: Complete.
2015/01/13 14:09:57: COM PORT CLOSE ... OK
2015/01/13 14:09:57: 
2015/01/13 14:09:57: ==== Processing was completed ====
2015/01/13 14:09:57: 
*************************************************


*********** Start the Initialize Key Check **********
2015/01/13 14:12:12: Tool Ver: 2013.0605.01
2015/01/13 14:12:12: COM PORT OPEN ... OK
2015/01/13 14:12:12:
2015/01/13 14:12:12: ProductS/N:  VRW06A114200900
2015/01/13 14:12:12: TID: 8604402A2AE62080
2015/01/13 14:12:12: F/W Version: 00.00.08
2015/01/13 14:12:12:
2015/01/13 14:12:12: MasterKey Key Entry ... OK
2015/01/13 14:12:12: PowerON Counter Key Entry ... OK
2015/01/13 14:12:12: Key Entry ... OK
2015/01/13 14:12:12: Complete.
2015/01/13 14:12:12: COM PORT CLOSE ... OK
2015/01/13 14:12:12: 
2015/01/13 14:12:12: ==== Processing was completed ====
2015/01/13 14:12:12: 
*************************************************


*********** Start the Initialize Key Check **********
2015/01/13 14:32:29: Tool Ver: 2013.0605.01
2015/01/13 14:32:29: COM PORT OPEN ... OK
2015/01/13 14:32:30:
2015/01/13 14:32:30: ProductS/N:  VRW06A114200900
2015/01/13 14:32:30: TID: 8604402A2AE62080
2015/01/13 14:32:30: F/W Version: 00.00.08
2015/01/13 14:32:30:
2015/01/13 14:32:30: MasterKey Key Entry ... OK
2015/01/13 14:32:30: PowerON Counter Key Entry ... OK
2015/01/13 14:32:30: Key Entry ... OK
2015/01/13 14:32:30: Complete.
2015/01/13 14:32:30: COM PORT CLOSE ... OK
2015/01/13 14:32:30: 
2015/01/13 14:32:30: ==== Processing was completed ====
2015/01/13 14:32:30: 
*************************************************


*********** Start the Initialize Key Check **********
2015/01/13 14:48:24: Tool Ver: 2013.0605.01
2015/01/13 14:48:24: COM PORT OPEN ... OK
2015/01/13 14:48:24:
2015/01/13 14:48:24: ProductS/N:  VRW06A114200900
2015/01/13 14:48:24: TID: 8604402A2AE62080
2015/01/13 14:48:24: F/W Version: 00.00.08
2015/01/13 14:48:24:
2015/01/13 14:48:24: MasterKey Key Entry ... OK
2015/01/13 14:48:24: PowerON Counter Key Entry ... OK
2015/01/13 14:48:24: Key Entry ... OK
2015/01/13 14:48:24: Complete.
2015/01/13 14:48:24: COM PORT CLOSE ... OK
2015/01/13 14:48:24: 
2015/01/13 14:48:24: ==== Processing was completed ====
2015/01/13 14:48:24: 
*************************************************


*********** Start the Initialize Key Check **********
2015/01/13 15:10:49: Tool Ver: 2013.0605.01
2015/01/13 15:10:49: COM PORT OPEN ... OK
2015/01/13 15:10:49:
2015/01/13 15:10:49: ProductS/N:  VRW06A113X02115
2015/01/13 15:10:49: TID: 860413292AE62080
2015/01/13 15:10:49: F/W Version: 00.00.08
2015/01/13 15:10:49:
2015/01/13 15:10:49: MasterKey Key Entry ... OK
2015/01/13 15:10:49: PowerON Counter Key Entry ... OK
2015/01/13 15:10:50: Key Entry ... OK
2015/01/13 15:10:50: Complete.
2015/01/13 15:10:50: COM PORT CLOSE ... OK
2015/01/13 15:10:50: 
2015/01/13 15:10:50: ==== Processing was completed ====
2015/01/13 15:10:50: 
*************************************************


*********** Start the Initialize Key Check **********
2015/01/13 15:13:09: Tool Ver: 2013.0605.01
2015/01/13 15:13:09: COM PORT OPEN ... OK
2015/01/13 15:13:09:
2015/01/13 15:13:09: ProductS/N:  VRW06A113901507
2015/01/13 15:13:09: TID: 86041D2762842D80
2015/01/13 15:13:09: F/W Version: 00.00.08
2015/01/13 15:13:09:
2015/01/13 15:13:09: MasterKey Key Entry ... OK
2015/01/13 15:13:09: PowerON Counter Key Entry ... OK
2015/01/13 15:13:10: Key Entry ... OK
2015/01/13 15:13:10: Complete.
2015/01/13 15:13:10: COM PORT CLOSE ... OK
2015/01/13 15:13:10: 
2015/01/13 15:13:10: ==== Processing was completed ====
2015/01/13 15:13:10: 
*************************************************


*********** Start the Initialize Key Check **********
2015/01/13 15:23:18: Tool Ver: 2013.0605.01
2015/01/13 15:23:18: COM PORT OPEN ... OK
2015/01/13 15:23:18:
2015/01/13 15:23:18: ProductS/N:  VRW06A113X02115
2015/01/13 15:23:18: TID: 860413292AE62080
2015/01/13 15:23:18: F/W Version: 00.00.08
2015/01/13 15:23:18:
2015/01/13 15:23:18: MasterKey Key Entry ... OK
2015/01/13 15:23:18: PowerON Counter Key Entry ... OK
2015/01/13 15:23:19: Key Entry ... OK
2015/01/13 15:23:19: Complete.
2015/01/13 15:23:19: COM PORT CLOSE ... OK
2015/01/13 15:23:19: 
2015/01/13 15:23:19: ==== Processing was completed ====
2015/01/13 15:23:19: 
*************************************************


*********** Start the Initialize Key Check **********
2015/01/13 15:33:55: Tool Ver: 2013.0605.01
2015/01/13 15:33:55: COM PORT OPEN ... OK
2015/01/13 15:33:55:
2015/01/13 15:33:55: ProductS/N:  VRW06A114201024
2015/01/13 15:33:55: TID: 86042727025B2980
2015/01/13 15:33:55: F/W Version: 00.00.08
2015/01/13 15:33:55:
2015/01/13 15:33:55: MasterKey Key Entry ... OK
2015/01/13 15:33:55: PowerON Counter Key Entry ... OK
2015/01/13 15:33:55: Key Entry ... OK
2015/01/13 15:33:55: Complete.
2015/01/13 15:33:55: COM PORT CLOSE ... OK
2015/01/13 15:33:55: 
2015/01/13 15:33:55: ==== Processing was completed ====
2015/01/13 15:33:55: 
*************************************************


*********** Start the Initialize Key Check **********
2015/01/13 15:48:09: Tool Ver: 2013.0605.01
2015/01/13 15:48:09: COM PORT OPEN ... OK
2015/01/13 15:48:09:
2015/01/13 15:48:09: ProductS/N:  VRW06A114201024
2015/01/13 15:48:09: TID: 86042727025B2980
2015/01/13 15:48:09: F/W Version: 00.00.08
2015/01/13 15:48:09:
2015/01/13 15:48:09: MasterKey Key Entry ... OK
2015/01/13 15:48:09: PowerON Counter Key Entry ... OK
2015/01/13 15:48:10: Key Entry ... OK
2015/01/13 15:48:10: Complete.
2015/01/13 15:48:10: COM PORT CLOSE ... OK
2015/01/13 15:48:10: 
2015/01/13 15:48:10: ==== Processing was completed ====
2015/01/13 15:48:10: 
*************************************************


*********** Start the Initialize Key Check **********
2015/01/13 15:58:33: Tool Ver: 2013.0605.01
2015/01/13 15:58:33: COM PORT OPEN ... OK
2015/01/13 15:58:33:
2015/01/13 15:58:33: ProductS/N:  VRW06A114302881
2015/01/13 15:58:33: TID: 8604321D3AE62080
2015/01/13 15:58:33: F/W Version: 00.00.08
2015/01/13 15:58:33:
2015/01/13 15:58:33: MasterKey Key Entry ... OK
2015/01/13 15:58:33: PowerON Counter Key Entry ... OK
2015/01/13 15:58:34: Key Entry ... OK
2015/01/13 15:58:34: Complete.
2015/01/13 15:58:34: COM PORT CLOSE ... OK
2015/01/13 15:58:34: 
2015/01/13 15:58:34: ==== Processing was completed ====
2015/01/13 15:58:34: 
*************************************************


*********** Start the Initialize Key Check **********
2015/01/13 16:08:09: Tool Ver: 2013.0605.01
2015/01/13 16:08:09: COM PORT OPEN ... OK
2015/01/13 16:08:10:
2015/01/13 16:08:10: ProductS/N:  VRW06A114302881
2015/01/13 16:08:10: TID: 8604321D3AE62080
2015/01/13 16:08:10: F/W Version: 00.00.08
2015/01/13 16:08:10:
2015/01/13 16:08:10: MasterKey Key Entry ... OK
2015/01/13 16:08:10: PowerON Counter Key Entry ... OK
2015/01/13 16:08:10: Key Entry ... OK
2015/01/13 16:08:10: Complete.
2015/01/13 16:08:10: COM PORT CLOSE ... OK
2015/01/13 16:08:10: 
2015/01/13 16:08:10: ==== Processing was completed ====
2015/01/13 16:08:10: 
*************************************************


*********** Start the Initialize Key Check **********
2015/01/13 16:19:14: Tool Ver: 2013.0605.01
2015/01/13 16:19:14: COM PORT OPEN ... OK
2015/01/13 16:19:14:
2015/01/13 16:19:14: ProductS/N:  VRW06A114200083
2015/01/13 16:19:14: TID: 860429286A9F2980
2015/01/13 16:19:14: F/W Version: 00.00.08
2015/01/13 16:19:14:
2015/01/13 16:19:14: MasterKey Key Entry ... OK
2015/01/13 16:19:14: PowerON Counter Key Entry ... OK
2015/01/13 16:19:14: Key Entry ... OK
2015/01/13 16:19:14: Complete.
2015/01/13 16:19:14: COM PORT CLOSE ... OK
2015/01/13 16:19:14: 
2015/01/13 16:19:14: ==== Processing was completed ====
2015/01/13 16:19:14: 
*************************************************


*********** Start the Initialize Key Check **********
2015/01/13 16:22:36: Tool Ver: 2013.0605.01
2015/01/13 16:22:36: COM PORT OPEN ... OK
2015/01/13 16:22:36:
2015/01/13 16:22:36: ProductS/N:  VRW06A114200031
2015/01/13 16:22:36: TID: 8604262E72842D80
2015/01/13 16:22:36: F/W Version: 00.00.08
2015/01/13 16:22:36:
2015/01/13 16:22:36: MasterKey Key Entry ... OK
2015/01/13 16:22:36: PowerON Counter Key Entry ... OK
2015/01/13 16:22:37: Key Entry ... OK
2015/01/13 16:22:37: Complete.
2015/01/13 16:22:37: COM PORT CLOSE ... OK
2015/01/13 16:22:37: 
2015/01/13 16:22:37: ==== Processing was completed ====
2015/01/13 16:22:37: 
*************************************************


*********** Start the Initialize Key Check **********
2015/01/13 16:28:10: Tool Ver: 2013.0605.01
2015/01/13 16:28:10: COM PORT OPEN ... OK
2015/01/13 16:28:10:
2015/01/13 16:28:10: ProductS/N:  VRW06A114200031
2015/01/13 16:28:10: TID: 8604262E72842D80
2015/01/13 16:28:10: F/W Version: 00.00.08
2015/01/13 16:28:10:
2015/01/13 16:28:10: MasterKey Key Entry ... OK
2015/01/13 16:28:10: PowerON Counter Key Entry ... OK
2015/01/13 16:28:10: Key Entry ... OK
2015/01/13 16:28:10: Complete.
2015/01/13 16:28:10: COM PORT CLOSE ... OK
2015/01/13 16:28:10: 
2015/01/13 16:28:10: ==== Processing was completed ====
2015/01/13 16:28:10: 
*************************************************


*********** Start the Initialize Key Check **********
2015/01/13 16:30:25: Tool Ver: 2013.0605.01
2015/01/13 16:30:25: COM PORT OPEN ... OK
2015/01/13 16:30:25:
2015/01/13 16:30:25: ProductS/N:  VRW06A114201171
2015/01/13 16:30:25: TID: 860441202AE62080
2015/01/13 16:30:25: F/W Version: 00.00.08
2015/01/13 16:30:25:
2015/01/13 16:30:25: MasterKey Key Entry ... OK
2015/01/13 16:30:25: PowerON Counter Key Entry ... OK
2015/01/13 16:30:25: Key Entry ... OK
2015/01/13 16:30:25: Complete.
2015/01/13 16:30:25: COM PORT CLOSE ... OK
2015/01/13 16:30:25: 
2015/01/13 16:30:25: ==== Processing was completed ====
2015/01/13 16:30:25: 
*************************************************


*********** Start the Initialize Key Check **********
2015/01/13 16:31:42: Tool Ver: 2013.0605.01
2015/01/13 16:31:42: COM PORT OPEN ... OK
2015/01/13 16:31:42:
2015/01/13 16:31:42: ProductS/N:  VRW06A114200083
2015/01/13 16:31:42: TID: 860429286A9F2980
2015/01/13 16:31:42: F/W Version: 00.00.08
2015/01/13 16:31:42:
2015/01/13 16:31:42: MasterKey Key Entry ... OK
2015/01/13 16:31:42: PowerON Counter Key Entry ... OK
2015/01/13 16:31:43: Key Entry ... OK
2015/01/13 16:31:43: Complete.
2015/01/13 16:31:43: COM PORT CLOSE ... OK
2015/01/13 16:31:43: 
2015/01/13 16:31:43: ==== Processing was completed ====
2015/01/13 16:31:43: 
*************************************************


*********** Start the Initialize Key Check **********
2015/01/13 16:35:55: Tool Ver: 2013.0605.01
2015/01/13 16:35:55: COM PORT OPEN ... OK
2015/01/13 16:35:55:
2015/01/13 16:35:55: ProductS/N:  VRW06A114200031
2015/01/13 16:35:55: TID: 8604262E72842D80
2015/01/13 16:35:55: F/W Version: 00.00.08
2015/01/13 16:35:55:
2015/01/13 16:35:55: MasterKey Key Entry ... OK
2015/01/13 16:35:55: PowerON Counter Key Entry ... OK
2015/01/13 16:35:56: Key Entry ... OK
2015/01/13 16:35:56: Complete.
2015/01/13 16:35:56: COM PORT CLOSE ... OK
2015/01/13 16:35:56: 
2015/01/13 16:35:56: ==== Processing was completed ====
2015/01/13 16:35:56: 
*************************************************


*********** Start the Initialize Key Check **********
2015/01/13 16:38:44: Tool Ver: 2013.0605.01
2015/01/13 16:38:44: COM PORT OPEN ... OK
2015/01/13 16:38:44:
2015/01/13 16:38:44: ProductS/N:  VRW06A114201171
2015/01/13 16:38:45: TID: 860441202AE62080
2015/01/13 16:38:45: F/W Version: 00.00.08
2015/01/13 16:38:45:
2015/01/13 16:38:45: MasterKey Key Entry ... OK
2015/01/13 16:38:45: PowerON Counter Key Entry ... OK
2015/01/13 16:38:45: Key Entry ... OK
2015/01/13 16:38:45: Complete.
2015/01/13 16:38:45: COM PORT CLOSE ... OK
2015/01/13 16:38:45: 
2015/01/13 16:38:45: ==== Processing was completed ====
2015/01/13 16:38:45: 
*************************************************


*********** Start the Initialize Key Check **********
2015/01/13 16:40:28: Tool Ver: 2013.0605.01
2015/01/13 16:40:28: COM PORT OPEN ... OK
2015/01/13 16:40:28:
2015/01/13 16:40:28: ProductS/N:  VRW06A114200083
2015/01/13 16:40:28: TID: 860429286A9F2980
2015/01/13 16:40:28: F/W Version: 00.00.08
2015/01/13 16:40:28:
2015/01/13 16:40:28: MasterKey Key Entry ... OK
2015/01/13 16:40:28: PowerON Counter Key Entry ... OK
2015/01/13 16:40:28: Key Entry ... OK
2015/01/13 16:40:28: Complete.
2015/01/13 16:40:28: COM PORT CLOSE ... OK
2015/01/13 16:40:28: 
2015/01/13 16:40:28: ==== Processing was completed ====
2015/01/13 16:40:28: 
*************************************************


*********** Start the Initialize Key Check **********
2015/01/13 18:22:31: Tool Ver: 2013.0605.01
2015/01/13 18:22:31: COM PORT OPEN ... OK
2015/01/13 18:22:31:
2015/01/13 18:22:31: ProductS/N:  VRW06A114201958
2015/01/13 18:22:31: TID: 86043122D2E52080
2015/01/13 18:22:31: F/W Version: 00.00.08
2015/01/13 18:22:31:
2015/01/13 18:22:31: MasterKey Key Entry ... OK
2015/01/13 18:22:31: PowerON Counter Key Entry ... OK
2015/01/13 18:22:32: Key Entry ... OK
2015/01/13 18:22:32: Complete.
2015/01/13 18:22:32: COM PORT CLOSE ... OK
2015/01/13 18:22:32: 
2015/01/13 18:22:32: ==== Processing was completed ====
2015/01/13 18:22:32: 
*************************************************


*********** Start the Initialize Key Check **********
2015/01/13 18:25:58: Tool Ver: 2013.0605.01
2015/01/13 18:25:58: COM PORT OPEN ... OK
2015/01/13 18:25:58:
2015/01/13 18:25:58: ProductS/N:  VRW06A114300266
2015/01/13 18:25:58: TID: 86042435CAE52080
2015/01/13 18:25:58: F/W Version: 00.00.08
2015/01/13 18:25:58:
2015/01/13 18:25:58: MasterKey Key Entry ... OK
2015/01/13 18:25:58: PowerON Counter Key Entry ... OK
2015/01/13 18:25:59: Key Entry ... OK
2015/01/13 18:25:59: Complete.
2015/01/13 18:25:59: COM PORT CLOSE ... OK
2015/01/13 18:25:59: 
2015/01/13 18:25:59: ==== Processing was completed ====
2015/01/13 18:25:59: 
*************************************************


*********** Start the Initialize Key Check **********
2015/01/13 18:29:58: Tool Ver: 2013.0605.01
2015/01/13 18:29:58: COM PORT OPEN ... OK
2015/01/13 18:29:58:
2015/01/13 18:29:58: ProductS/N:  VRW06A114201958
2015/01/13 18:29:58: TID: 86043122D2E52080
2015/01/13 18:29:58: F/W Version: 00.00.08
2015/01/13 18:29:58:
2015/01/13 18:29:58: MasterKey Key Entry ... OK
2015/01/13 18:29:58: PowerON Counter Key Entry ... OK
2015/01/13 18:29:59: Key Entry ... OK
2015/01/13 18:29:59: Complete.
2015/01/13 18:29:59: COM PORT CLOSE ... OK
2015/01/13 18:29:59: 
2015/01/13 18:29:59: ==== Processing was completed ====
2015/01/13 18:29:59: 
*************************************************


*********** Start the Initialize Key Check **********
2015/01/13 18:32:04: Tool Ver: 2013.0605.01
2015/01/13 18:32:04: COM PORT OPEN ... OK
2015/01/13 18:32:04:
2015/01/13 18:32:04: ProductS/N:  VRW06A114300266
2015/01/13 18:32:04: TID: 86042435CAE52080
2015/01/13 18:32:04: F/W Version: 00.00.08
2015/01/13 18:32:04:
2015/01/13 18:32:04: MasterKey Key Entry ... OK
2015/01/13 18:32:04: PowerON Counter Key Entry ... OK
2015/01/13 18:32:05: Key Entry ... OK
2015/01/13 18:32:05: Complete.
2015/01/13 18:32:05: COM PORT CLOSE ... OK
2015/01/13 18:32:05: 
2015/01/13 18:32:05: ==== Processing was completed ====
2015/01/13 18:32:05: 
*************************************************


*********** Start the Initialize Key Check **********
2015/01/13 18:38:08: Tool Ver: 2013.0605.01
2015/01/13 18:38:08: COM PORT OPEN ... OK
2015/01/13 18:38:09:
2015/01/13 18:38:09: ProductS/N:  VRW06A114201958
2015/01/13 18:38:09: TID: 86043122D2E52080
2015/01/13 18:38:09: F/W Version: 00.00.08
2015/01/13 18:38:09:
2015/01/13 18:38:09: MasterKey Key Entry ... OK
2015/01/13 18:38:09: PowerON Counter Key Entry ... OK
2015/01/13 18:38:09: Key Entry ... OK
2015/01/13 18:38:09: Complete.
2015/01/13 18:38:09: COM PORT CLOSE ... OK
2015/01/13 18:38:09: 
2015/01/13 18:38:09: ==== Processing was completed ====
2015/01/13 18:38:09: 
*************************************************


*********** Start the Initialize Key Check **********
2015/01/13 18:39:31: Tool Ver: 2013.0605.01
2015/01/13 18:39:31: COM PORT OPEN ... OK
2015/01/13 18:39:31:
2015/01/13 18:39:31: ProductS/N:  VRW06A114300266
2015/01/13 18:39:31: TID: 86042435CAE52080
2015/01/13 18:39:31: F/W Version: 00.00.08
2015/01/13 18:39:31:
2015/01/13 18:39:31: MasterKey Key Entry ... OK
2015/01/13 18:39:31: PowerON Counter Key Entry ... OK
2015/01/13 18:39:32: Key Entry ... OK
2015/01/13 18:39:32: Complete.
2015/01/13 18:39:32: COM PORT CLOSE ... OK
2015/01/13 18:39:32: 
2015/01/13 18:39:32: ==== Processing was completed ====
2015/01/13 18:39:32: 
*************************************************


*********** Start the Initialize Key Check **********
2015/01/13 18:56:02: Tool Ver: 2013.0605.01
2015/01/13 18:56:02: COM PORT OPEN ... OK
2015/01/13 18:56:02:
2015/01/13 18:56:02: ProductS/N:  VRW06A114300002
2015/01/13 18:56:02: TID: 86043F2162842D80
2015/01/13 18:56:02: F/W Version: 00.00.08
2015/01/13 18:56:02:
2015/01/13 18:56:02: MasterKey Key Entry ... OK
2015/01/13 18:56:02: PowerON Counter Key Entry ... OK
2015/01/13 18:56:03: Key Entry ... OK
2015/01/13 18:56:03: Complete.
2015/01/13 18:56:03: COM PORT CLOSE ... OK
2015/01/13 18:56:03: 
2015/01/13 18:56:03: ==== Processing was completed ====
2015/01/13 18:56:03: 
*************************************************


*********** Start the Initialize Key Check **********
2015/01/13 19:03:26: Tool Ver: 2013.0605.01
2015/01/13 19:03:26: COM PORT OPEN ... OK
2015/01/13 19:03:26:
2015/01/13 19:03:26: ProductS/N:  VRW06A114300002
2015/01/13 19:03:26: TID: 86043F2162842D80
2015/01/13 19:03:26: F/W Version: 00.00.08
2015/01/13 19:03:26:
2015/01/13 19:03:26: MasterKey Key Entry ... OK
2015/01/13 19:03:26: PowerON Counter Key Entry ... OK
2015/01/13 19:03:27: Key Entry ... OK
2015/01/13 19:03:27: Complete.
2015/01/13 19:03:27: COM PORT CLOSE ... OK
2015/01/13 19:03:27: 
2015/01/13 19:03:27: ==== Processing was completed ====
2015/01/13 19:03:27: 
*************************************************


*********** Start the Initialize Key Check **********
2015/01/13 19:15:28: Tool Ver: 2013.0605.01
2015/01/13 19:15:28: COM PORT OPEN ... OK
2015/01/13 19:15:28:
2015/01/13 19:15:28: ProductS/N:  VRW06A114300002
2015/01/13 19:15:28: TID: 86043F2162842D80
2015/01/13 19:15:28: F/W Version: 00.00.08
2015/01/13 19:15:28:
2015/01/13 19:15:28: MasterKey Key Entry ... OK
2015/01/13 19:15:28: PowerON Counter Key Entry ... OK
2015/01/13 19:15:28: Key Entry ... OK
2015/01/13 19:15:28: Complete.
2015/01/13 19:15:28: COM PORT CLOSE ... OK
2015/01/13 19:15:28: 
2015/01/13 19:15:28: ==== Processing was completed ====
2015/01/13 19:15:28: 
*************************************************


