*********** Start the Initialize Key Check **********
2015/01/23 08:40:15: Tool Ver: 2013.0605.01
2015/01/23 08:40:15: COM PORT OPEN ... OK
2015/01/23 08:40:15:
2015/01/23 08:40:15: ProductS/N:  VRW06A115100847
2015/01/23 08:40:15: TID: 86042016D2E52080
2015/01/23 08:40:15: F/W Version: 00.00.08
2015/01/23 08:40:15:
2015/01/23 08:40:15: MasterKey Key Entry ... OK
2015/01/23 08:40:15: PowerON Counter Key Entry ... OK
2015/01/23 08:40:16: Key Entry ... OK
2015/01/23 08:40:16: Complete.
2015/01/23 08:40:16: COM PORT CLOSE ... OK
2015/01/23 08:40:16: 
2015/01/23 08:40:16: ==== Processing was completed ====
2015/01/23 08:40:16: 
*************************************************


*********** Start the Initialize Key Check **********
2015/01/23 08:53:14: Tool Ver: 2013.0605.01
2015/01/23 08:53:14: COM PORT OPEN ... OK
2015/01/23 08:53:14:
2015/01/23 08:53:14: ProductS/N:  6A115100842
2015/01/23 08:53:14: TID: 86043B1CD2E52080
2015/01/23 08:53:14: F/W Version: 00.00.08
2015/01/23 08:53:14:
2015/01/23 08:53:15: MasterKey Key Entry ... OK
2015/01/23 08:53:15: PowerON Counter Key Entry ... OK
2015/01/23 08:53:15: Key Entry ... OK
2015/01/23 08:53:15: Complete.
2015/01/23 08:53:15: COM PORT CLOSE ... OK
2015/01/23 08:53:15: 
2015/01/23 08:53:15: ==== Processing was completed ====
2015/01/23 08:53:15: 
*************************************************


*********** Start the Initialize Key Check **********
2015/01/23 08:54:45: Tool Ver: 2013.0605.01
2015/01/23 08:54:45: COM PORT OPEN ... OK
2015/01/23 08:54:45:
2015/01/23 08:54:45: ProductS/N:  VRW06A115100834
2015/01/23 08:54:45: TID: 86044229CAE52080
2015/01/23 08:54:45: F/W Version: 00.00.08
2015/01/23 08:54:45:
2015/01/23 08:54:45: MasterKey Key Entry ... OK
2015/01/23 08:54:45: PowerON Counter Key Entry ... OK
2015/01/23 08:54:46: Key Entry ... OK
2015/01/23 08:54:46: Complete.
2015/01/23 08:54:46: COM PORT CLOSE ... OK
2015/01/23 08:54:46: 
2015/01/23 08:54:46: ==== Processing was completed ====
2015/01/23 08:54:46: 
*************************************************


*********** Start the Initialize Key Check **********
2015/01/23 08:55:55: Tool Ver: 2013.0605.01
2015/01/23 08:55:55: COM PORT OPEN ... OK
2015/01/23 08:55:56:
2015/01/23 08:55:56: ProductS/N:  VRW06A115100846
2015/01/23 08:55:56: TID: 860435243AE62080
2015/01/23 08:55:56: F/W Version: 00.00.08
2015/01/23 08:55:56:
2015/01/23 08:55:56: MasterKey Key Entry ... OK
2015/01/23 08:55:56: PowerON Counter Key Entry ... OK
2015/01/23 08:55:56: Key Entry ... OK
2015/01/23 08:55:56: Complete.
2015/01/23 08:55:56: COM PORT CLOSE ... OK
2015/01/23 08:55:56: 
2015/01/23 08:55:56: ==== Processing was completed ====
2015/01/23 08:55:56: 
*************************************************


*********** Start the Initialize Key Check **********
2015/01/23 09:01:50: Tool Ver: 2013.0605.01
2015/01/23 09:01:50: COM PORT OPEN ... OK
2015/01/23 09:01:50:
2015/01/23 09:01:50: ProductS/N:  VRW06A115100817
2015/01/23 09:01:50: TID: 86041535CAE52080
2015/01/23 09:01:50: F/W Version: 00.00.08
2015/01/23 09:01:50:
2015/01/23 09:01:50: MasterKey Key Entry ... OK
2015/01/23 09:01:50: PowerON Counter Key Entry ... OK
2015/01/23 09:01:51: Key Entry ... OK
2015/01/23 09:01:51: Complete.
2015/01/23 09:01:51: COM PORT CLOSE ... OK
2015/01/23 09:01:51: 
2015/01/23 09:01:51: ==== Processing was completed ====
2015/01/23 09:01:51: 
*************************************************


*********** Start the Initialize Key Check **********
2015/01/23 09:03:49: Tool Ver: 2013.0605.01
2015/01/23 09:03:49: COM PORT OPEN ... OK
2015/01/23 09:03:49:
2015/01/23 09:03:49: ProductS/N:  VRW06A115100853
2015/01/23 09:03:49: TID: 8604222022E62080
2015/01/23 09:03:49: F/W Version: 00.00.08
2015/01/23 09:03:49:
2015/01/23 09:03:49: MasterKey Key Entry ... OK
2015/01/23 09:03:49: PowerON Counter Key Entry ... OK
2015/01/23 09:03:50: Key Entry ... OK
2015/01/23 09:03:50: Complete.
2015/01/23 09:03:50: COM PORT CLOSE ... OK
2015/01/23 09:03:50: 
2015/01/23 09:03:50: ==== Processing was completed ====
2015/01/23 09:03:50: 
*************************************************


*********** Start the Initialize Key Check **********
2015/01/23 09:07:45: Tool Ver: 2013.0605.01
2015/01/23 09:07:45: COM PORT OPEN ... OK
2015/01/23 09:07:45:
2015/01/23 09:07:45: ProductS/N:  VRW06A115100851
2015/01/23 09:07:45: TID: 860407203AE62080
2015/01/23 09:07:45: F/W Version: 00.00.08
2015/01/23 09:07:45:
2015/01/23 09:07:45: MasterKey Key Entry ... OK
2015/01/23 09:07:45: PowerON Counter Key Entry ... OK
2015/01/23 09:07:45: Key Entry ... OK
2015/01/23 09:07:45: Complete.
2015/01/23 09:07:45: COM PORT CLOSE ... OK
2015/01/23 09:07:45: 
2015/01/23 09:07:45: ==== Processing was completed ====
2015/01/23 09:07:45: 
*************************************************


*********** Start the Initialize Key Check **********
2015/01/23 09:08:58: Tool Ver: 2013.0605.01
2015/01/23 09:08:58: COM PORT OPEN ... OK
2015/01/23 09:08:58:
2015/01/23 09:08:58: ProductS/N:  VRW06A115100850
2015/01/23 09:08:58: TID: 86041B223AE62080
2015/01/23 09:08:58: F/W Version: 00.00.08
2015/01/23 09:08:58:
2015/01/23 09:08:58: MasterKey Key Entry ... OK
2015/01/23 09:08:58: PowerON Counter Key Entry ... OK
2015/01/23 09:08:58: Key Entry ... OK
2015/01/23 09:08:58: Complete.
2015/01/23 09:08:58: COM PORT CLOSE ... OK
2015/01/23 09:08:58: 
2015/01/23 09:08:58: ==== Processing was completed ====
2015/01/23 09:08:58: 
*************************************************


*********** Start the Initialize Key Check **********
2015/01/23 09:13:09: Tool Ver: 2013.0605.01
2015/01/23 09:13:09: COM PORT OPEN ... OK
2015/01/23 09:13:09:
2015/01/23 09:13:09: ProductS/N:  VRW06A115100856
2015/01/23 09:13:09: TID: 860425233AE62080
2015/01/23 09:13:09: F/W Version: 00.00.08
2015/01/23 09:13:09:
2015/01/23 09:13:09: MasterKey Key Entry ... OK
2015/01/23 09:13:09: PowerON Counter Key Entry ... OK
2015/01/23 09:13:10: Key Entry ... OK
2015/01/23 09:13:10: Complete.
2015/01/23 09:13:10: COM PORT CLOSE ... OK
2015/01/23 09:13:10: 
2015/01/23 09:13:10: ==== Processing was completed ====
2015/01/23 09:13:10: 
*************************************************


*********** Start the Initialize Key Check **********
2015/01/23 09:15:15: Tool Ver: 2013.0605.01
2015/01/23 09:15:15: COM PORT OPEN ... OK
2015/01/23 09:15:15:
2015/01/23 09:15:15: ProductS/N:  VRW06A115100858
2015/01/23 09:15:15: TID: 860430223AE62080
2015/01/23 09:15:15: F/W Version: 00.00.08
2015/01/23 09:15:15:
2015/01/23 09:15:15: MasterKey Key Entry ... OK
2015/01/23 09:15:15: PowerON Counter Key Entry ... OK
2015/01/23 09:15:16: Key Entry ... OK
2015/01/23 09:15:16: Complete.
2015/01/23 09:15:16: COM PORT CLOSE ... OK
2015/01/23 09:15:16: 
2015/01/23 09:15:16: ==== Processing was completed ====
2015/01/23 09:15:16: 
*************************************************


*********** Start the Initialize Key Check **********
2015/01/23 09:16:08: Tool Ver: 2013.0605.01
2015/01/23 09:16:08: COM PORT OPEN ... OK
2015/01/23 09:16:08:
2015/01/23 09:16:08: ProductS/N:  VRW06A115100854
2015/01/23 09:16:08: TID: 8604193CCAE52080
2015/01/23 09:16:08: F/W Version: 00.00.08
2015/01/23 09:16:08:
2015/01/23 09:16:09: MasterKey Key Entry ... OK
2015/01/23 09:16:09: PowerON Counter Key Entry ... OK
2015/01/23 09:16:09: Key Entry ... OK
2015/01/23 09:16:09: Complete.
2015/01/23 09:16:09: COM PORT CLOSE ... OK
2015/01/23 09:16:09: 
2015/01/23 09:16:09: ==== Processing was completed ====
2015/01/23 09:16:09: 
*************************************************


*********** Start the Initialize Key Check **********
2015/01/23 09:17:40: Tool Ver: 2013.0605.01
2015/01/23 09:17:40: COM PORT OPEN ... OK
2015/01/23 09:17:41:
2015/01/23 09:17:41: ProductS/N:  VRW06A115100860
2015/01/23 09:17:41: TID: 86040C0CD2E52080
2015/01/23 09:17:41: F/W Version: 00.00.08
2015/01/23 09:17:41:
2015/01/23 09:17:41: MasterKey Key Entry ... OK
2015/01/23 09:17:41: PowerON Counter Key Entry ... OK
2015/01/23 09:17:41: Key Entry ... OK
2015/01/23 09:17:41: Complete.
2015/01/23 09:17:41: COM PORT CLOSE ... OK
2015/01/23 09:17:41: 
2015/01/23 09:17:41: ==== Processing was completed ====
2015/01/23 09:17:41: 
*************************************************


*********** Start the Initialize Key Check **********
2015/01/23 09:19:02: Tool Ver: 2013.0605.01
2015/01/23 09:19:02: COM PORT OPEN ... OK
2015/01/23 09:19:02:
2015/01/23 09:19:02: ProductS/N:  VRW06A115100859
2015/01/23 09:19:02: TID: 860411243AE62080
2015/01/23 09:19:02: F/W Version: 00.00.08
2015/01/23 09:19:02:
2015/01/23 09:19:02: MasterKey Key Entry ... OK
2015/01/23 09:19:02: PowerON Counter Key Entry ... OK
2015/01/23 09:19:03: Key Entry ... OK
2015/01/23 09:19:03: Complete.
2015/01/23 09:19:03: COM PORT CLOSE ... OK
2015/01/23 09:19:03: 
2015/01/23 09:19:03: ==== Processing was completed ====
2015/01/23 09:19:03: 
*************************************************


*********** Start the Initialize Key Check **********
2015/01/23 09:21:17: Tool Ver: 2013.0605.01
2015/01/23 09:21:17: COM PORT OPEN ... OK
2015/01/23 09:21:17:
2015/01/23 09:21:17: ProductS/N:  VRW06A115100862
2015/01/23 09:21:17: TID: 86040E2E3AE62080
2015/01/23 09:21:17: F/W Version: 00.00.08
2015/01/23 09:21:17:
2015/01/23 09:21:17: MasterKey Key Entry ... OK
2015/01/23 09:21:17: PowerON Counter Key Entry ... OK
2015/01/23 09:21:18: Key Entry ... OK
2015/01/23 09:21:18: Complete.
2015/01/23 09:21:18: COM PORT CLOSE ... OK
2015/01/23 09:21:18: 
2015/01/23 09:21:18: ==== Processing was completed ====
2015/01/23 09:21:18: 
*************************************************


*********** Start the Initialize Key Check **********
2015/01/23 09:22:30: Tool Ver: 2013.0605.01
2015/01/23 09:22:30: COM PORT OPEN ... OK
2015/01/23 09:22:30:
2015/01/23 09:22:30: ProductS/N:  VRW06A115100861
2015/01/23 09:22:30: TID: 8604180CD2E52080
2015/01/23 09:22:30: F/W Version: 00.00.08
2015/01/23 09:22:30:
2015/01/23 09:22:30: MasterKey Key Entry ... OK
2015/01/23 09:22:30: PowerON Counter Key Entry ... OK
2015/01/23 09:22:31: Key Entry ... OK
2015/01/23 09:22:31: Complete.
2015/01/23 09:22:31: COM PORT CLOSE ... OK
2015/01/23 09:22:31: 
2015/01/23 09:22:31: ==== Processing was completed ====
2015/01/23 09:22:31: 
*************************************************


*********** Start the Initialize Key Check **********
2015/01/23 09:24:00: Tool Ver: 2013.0605.01
2015/01/23 09:24:00: COM PORT OPEN ... OK
2015/01/23 09:24:00:
2015/01/23 09:24:00: ProductS/N:  VRW06A115100857
2015/01/23 09:24:00: TID: 86041D41CAE52080
2015/01/23 09:24:00: F/W Version: 00.00.08
2015/01/23 09:24:00:
2015/01/23 09:24:00: MasterKey Key Entry ... OK
2015/01/23 09:24:00: PowerON Counter Key Entry ... OK
2015/01/23 09:24:01: Key Entry ... OK
2015/01/23 09:24:01: Complete.
2015/01/23 09:24:01: COM PORT CLOSE ... OK
2015/01/23 09:24:01: 
2015/01/23 09:24:01: ==== Processing was completed ====
2015/01/23 09:24:01: 
*************************************************


*********** Start the Initialize Key Check **********
2015/01/23 09:39:45: Tool Ver: 2013.0605.01
2015/01/23 09:39:45: COM PORT OPEN ... OK
2015/01/23 09:39:45:
2015/01/23 09:39:45: ProductS/N:  6A115100867
2015/01/23 09:39:45: TID: 8604132022E62080
2015/01/23 09:39:45: F/W Version: 00.00.08
2015/01/23 09:39:45:
2015/01/23 09:39:45: MasterKey Key Entry ... OK
2015/01/23 09:39:45: PowerON Counter Key Entry ... OK
2015/01/23 09:39:45: Key Entry ... OK
2015/01/23 09:39:45: Complete.
2015/01/23 09:39:45: COM PORT CLOSE ... OK
2015/01/23 09:39:45: 
2015/01/23 09:39:45: ==== Processing was completed ====
2015/01/23 09:39:45: 
*************************************************


*********** Start the Initialize Key Check **********
2015/01/23 09:41:54: Tool Ver: 2013.0605.01
2015/01/23 09:41:54: COM PORT OPEN ... OK
2015/01/23 09:41:54:
2015/01/23 09:41:54: ProductS/N:  VRW06A115100866
2015/01/23 09:41:54: TID: 8604263BCAE52080
2015/01/23 09:41:54: F/W Version: 00.00.08
2015/01/23 09:41:54:
2015/01/23 09:41:54: MasterKey Key Entry ... OK
2015/01/23 09:41:54: PowerON Counter Key Entry ... OK
2015/01/23 09:41:54: Key Entry ... OK
2015/01/23 09:41:54: Complete.
2015/01/23 09:41:54: COM PORT CLOSE ... OK
2015/01/23 09:41:54: 
2015/01/23 09:41:54: ==== Processing was completed ====
2015/01/23 09:41:54: 
*************************************************


*********** Start the Initialize Key Check **********
2015/01/23 09:43:45: Tool Ver: 2013.0605.01
2015/01/23 09:43:45: COM PORT OPEN ... OK
2015/01/23 09:43:45:
2015/01/23 09:43:45: ProductS/N:  VRW06A115100863
2015/01/23 09:43:45: TID: 860427173AE62080
2015/01/23 09:43:45: F/W Version: 00.00.08
2015/01/23 09:43:45:
2015/01/23 09:43:45: MasterKey Key Entry ... OK
2015/01/23 09:43:45: PowerON Counter Key Entry ... OK
2015/01/23 09:43:46: Key Entry ... OK
2015/01/23 09:43:46: Complete.
2015/01/23 09:43:46: COM PORT CLOSE ... OK
2015/01/23 09:43:46: 
2015/01/23 09:43:46: ==== Processing was completed ====
2015/01/23 09:43:46: 
*************************************************


*********** Start the Initialize Key Check **********
2015/01/23 09:44:52: Tool Ver: 2013.0605.01
2015/01/23 09:44:52: COM PORT OPEN ... OK
2015/01/23 09:44:53:
2015/01/23 09:44:53: ProductS/N:  VRW06A115100864
2015/01/23 09:44:53: TID: 86041C0F32E62080
2015/01/23 09:44:53: F/W Version: 00.00.08
2015/01/23 09:44:53:
2015/01/23 09:44:53: MasterKey Key Entry ... OK
2015/01/23 09:44:53: PowerON Counter Key Entry ... OK
2015/01/23 09:44:53: Key Entry ... OK
2015/01/23 09:44:53: Complete.
2015/01/23 09:44:53: COM PORT CLOSE ... OK
2015/01/23 09:44:53: 
2015/01/23 09:44:53: ==== Processing was completed ====
2015/01/23 09:44:53: 
*************************************************


*********** Start the Initialize Key Check **********
2015/01/23 09:47:53: Tool Ver: 2013.0605.01
2015/01/23 09:47:53: COM PORT OPEN ... OK
2015/01/23 09:47:54:
2015/01/23 09:47:54: ProductS/N:  VRW06A115100865
2015/01/23 09:47:54: TID: 8604052322E62080
2015/01/23 09:47:54: F/W Version: 00.00.08
2015/01/23 09:47:54:
2015/01/23 09:47:54: MasterKey Key Entry ... OK
2015/01/23 09:47:54: PowerON Counter Key Entry ... OK
2015/01/23 09:47:54: Key Entry ... OK
2015/01/23 09:47:54: Complete.
2015/01/23 09:47:54: COM PORT CLOSE ... OK
2015/01/23 09:47:54: 
2015/01/23 09:47:54: ==== Processing was completed ====
2015/01/23 09:47:54: 
*************************************************


*********** Start the Initialize Key Check **********
2015/01/23 09:49:11: Tool Ver: 2013.0605.01
2015/01/23 09:49:11: COM PORT OPEN ... OK
2015/01/23 09:49:12:
2015/01/23 09:49:12: ProductS/N:  VRW06A115100870
2015/01/23 09:49:12: TID: 8604032522E62080
2015/01/23 09:49:12: F/W Version: 00.00.08
2015/01/23 09:49:12:
2015/01/23 09:49:12: MasterKey Key Entry ... OK
2015/01/23 09:49:12: PowerON Counter Key Entry ... OK
2015/01/23 09:49:12: Key Entry ... OK
2015/01/23 09:49:12: Complete.
2015/01/23 09:49:12: COM PORT CLOSE ... OK
2015/01/23 09:49:12: 
2015/01/23 09:49:12: ==== Processing was completed ====
2015/01/23 09:49:12: 
*************************************************


*********** Start the Initialize Key Check **********
2015/01/23 09:50:43: Tool Ver: 2013.0605.01
2015/01/23 09:50:43: COM PORT OPEN ... OK
2015/01/23 09:50:44:
2015/01/23 09:50:44: ProductS/N:  VRW06A115100855
2015/01/23 09:50:44: TID: 860430233AE62080
2015/01/23 09:50:44: F/W Version: 00.00.08
2015/01/23 09:50:44:
2015/01/23 09:50:44: MasterKey Key Entry ... OK
2015/01/23 09:50:44: PowerON Counter Key Entry ... OK
2015/01/23 09:50:44: Key Entry ... OK
2015/01/23 09:50:44: Complete.
2015/01/23 09:50:44: COM PORT CLOSE ... OK
2015/01/23 09:50:44: 
2015/01/23 09:50:44: ==== Processing was completed ====
2015/01/23 09:50:44: 
*************************************************


*********** Start the Initialize Key Check **********
2015/01/23 09:52:44: Tool Ver: 2013.0605.01
2015/01/23 09:52:44: COM PORT OPEN ... OK
2015/01/23 09:52:44:
2015/01/23 09:52:44: ProductS/N:  VRW06A115100873
2015/01/23 09:52:44: TID: 8604122D3AE62080
2015/01/23 09:52:44: F/W Version: 00.00.08
2015/01/23 09:52:44:
2015/01/23 09:52:44: MasterKey Key Entry ... OK
2015/01/23 09:52:44: PowerON Counter Key Entry ... OK
2015/01/23 09:52:44: Key Entry ... OK
2015/01/23 09:52:44: Complete.
2015/01/23 09:52:44: COM PORT CLOSE ... OK
2015/01/23 09:52:44: 
2015/01/23 09:52:44: ==== Processing was completed ====
2015/01/23 09:52:44: 
*************************************************


*********** Start the Initialize Key Check **********
2015/01/23 10:25:31: Tool Ver: 2013.0605.01
2015/01/23 10:25:31: COM PORT OPEN ... OK
2015/01/23 10:25:32:
2015/01/23 10:25:32: ProductS/N:  VRW06A115100875
2015/01/23 10:25:32: TID: 8604102B3AE62080
2015/01/23 10:25:32: F/W Version: 00.00.08
2015/01/23 10:25:32:
2015/01/23 10:25:32: MasterKey Key Entry ... OK
2015/01/23 10:25:32: PowerON Counter Key Entry ... OK
2015/01/23 10:25:32: Key Entry ... OK
2015/01/23 10:25:32: Complete.
2015/01/23 10:25:32: COM PORT CLOSE ... OK
2015/01/23 10:25:32: 
2015/01/23 10:25:32: ==== Processing was completed ====
2015/01/23 10:25:32: 
*************************************************


*********** Start the Initialize Key Check **********
2015/01/23 10:28:10: Tool Ver: 2013.0605.01
2015/01/23 10:28:10: COM PORT OPEN ... OK
2015/01/23 10:28:10:
2015/01/23 10:28:10: ProductS/N:  VRW06A115100871
2015/01/23 10:28:10: TID: 86041B0932E62080
2015/01/23 10:28:10: F/W Version: 00.00.08
2015/01/23 10:28:10:
2015/01/23 10:28:10: MasterKey Key Entry ... OK
2015/01/23 10:28:10: PowerON Counter Key Entry ... OK
2015/01/23 10:28:11: Key Entry ... OK
2015/01/23 10:28:11: Complete.
2015/01/23 10:28:11: COM PORT CLOSE ... OK
2015/01/23 10:28:11: 
2015/01/23 10:28:11: ==== Processing was completed ====
2015/01/23 10:28:11: 
*************************************************


*********** Start the Initialize Key Check **********
2015/01/23 10:32:34: Tool Ver: 2013.0605.01
2015/01/23 10:32:34: COM PORT OPEN ... OK
2015/01/23 10:32:34:
2015/01/23 10:32:34: ProductS/N:  VRW06A115100878
2015/01/23 10:32:34: TID: 86041A2022E62080
2015/01/23 10:32:34: F/W Version: 00.00.08
2015/01/23 10:32:34:
2015/01/23 10:32:34: MasterKey Key Entry ... OK
2015/01/23 10:32:34: PowerON Counter Key Entry ... OK
2015/01/23 10:32:35: Key Entry ... OK
2015/01/23 10:32:35: Complete.
2015/01/23 10:32:35: COM PORT CLOSE ... OK
2015/01/23 10:32:35: 
2015/01/23 10:32:35: ==== Processing was completed ====
2015/01/23 10:32:35: 
*************************************************


*********** Start the Initialize Key Check **********
2015/01/23 10:34:44: Tool Ver: 2013.0605.01
2015/01/23 10:34:44: COM PORT OPEN ... OK
2015/01/23 10:34:44:
2015/01/23 10:34:44: ProductS/N:  VRW06A115100879
2015/01/23 10:34:44: TID: 860407143AE62080
2015/01/23 10:34:44: F/W Version: 00.00.08
2015/01/23 10:34:44:
2015/01/23 10:34:44: MasterKey Key Entry ... OK
2015/01/23 10:34:44: PowerON Counter Key Entry ... OK
2015/01/23 10:34:45: Key Entry ... OK
2015/01/23 10:34:45: Complete.
2015/01/23 10:34:45: COM PORT CLOSE ... OK
2015/01/23 10:34:45: 
2015/01/23 10:34:45: ==== Processing was completed ====
2015/01/23 10:34:45: 
*************************************************


*********** Start the Initialize Key Check **********
2015/01/23 10:36:41: Tool Ver: 2013.0605.01
2015/01/23 10:36:41: COM PORT OPEN ... OK
2015/01/23 10:36:41:
2015/01/23 10:36:41: ProductS/N:  VRW06A115100869
2015/01/23 10:36:41: TID: 8604402B3AE62080
2015/01/23 10:36:41: F/W Version: 00.00.08
2015/01/23 10:36:41:
2015/01/23 10:36:41: MasterKey Key Entry ... OK
2015/01/23 10:36:41: PowerON Counter Key Entry ... OK
2015/01/23 10:36:42: Key Entry ... OK
2015/01/23 10:36:42: Complete.
2015/01/23 10:36:42: COM PORT CLOSE ... OK
2015/01/23 10:36:42: 
2015/01/23 10:36:42: ==== Processing was completed ====
2015/01/23 10:36:42: 
*************************************************


*********** Start the Initialize Key Check **********
2015/01/23 10:38:53: Tool Ver: 2013.0605.01
2015/01/23 10:38:53: COM PORT OPEN ... OK
2015/01/23 10:38:53:
2015/01/23 10:38:53: ProductS/N:  VRW06A115100868
2015/01/23 10:38:53: TID: 86040D283AE62080
2015/01/23 10:38:53: F/W Version: 00.00.08
2015/01/23 10:38:53:
2015/01/23 10:38:53: MasterKey Key Entry ... OK
2015/01/23 10:38:53: PowerON Counter Key Entry ... OK
2015/01/23 10:38:53: Key Entry ... OK
2015/01/23 10:38:53: Complete.
2015/01/23 10:38:53: COM PORT CLOSE ... OK
2015/01/23 10:38:53: 
2015/01/23 10:38:53: ==== Processing was completed ====
2015/01/23 10:38:53: 
*************************************************


*********** Start the Initialize Key Check **********
2015/01/23 10:40:25: Tool Ver: 2013.0605.01
2015/01/23 10:40:25: COM PORT OPEN ... OK
2015/01/23 10:40:26:
2015/01/23 10:40:26: ProductS/N:  VRW06A115100872
2015/01/23 10:40:26: TID: 8604170632E62080
2015/01/23 10:40:26: F/W Version: 00.00.08
2015/01/23 10:40:26:
2015/01/23 10:40:26: MasterKey Key Entry ... OK
2015/01/23 10:40:26: PowerON Counter Key Entry ... OK
2015/01/23 10:40:26: Key Entry ... OK
2015/01/23 10:40:26: Complete.
2015/01/23 10:40:26: COM PORT CLOSE ... OK
2015/01/23 10:40:26: 
2015/01/23 10:40:26: ==== Processing was completed ====
2015/01/23 10:40:26: 
*************************************************


*********** Start the Initialize Key Check **********
2015/01/23 11:03:23: Tool Ver: 2013.0605.01
2015/01/23 11:03:23: COM PORT OPEN ... OK
2015/01/23 11:03:23:
2015/01/23 11:03:23: ProductS/N:  6A115100881
2015/01/23 11:03:23: TID: 8604253DCAE52080
2015/01/23 11:03:23: F/W Version: 00.00.08
2015/01/23 11:03:23:
2015/01/23 11:03:23: MasterKey Key Entry ... OK
2015/01/23 11:03:23: PowerON Counter Key Entry ... OK
2015/01/23 11:03:24: Key Entry ... OK
2015/01/23 11:03:24: Complete.
2015/01/23 11:03:24: COM PORT CLOSE ... OK
2015/01/23 11:03:24: 
2015/01/23 11:03:24: ==== Processing was completed ====
2015/01/23 11:03:24: 
*************************************************


*********** Start the Initialize Key Check **********
2015/01/23 11:05:09: Tool Ver: 2013.0605.01
2015/01/23 11:05:09: COM PORT OPEN ... OK
2015/01/23 11:05:09:
2015/01/23 11:05:09: ProductS/N:  VRW06A115100877
2015/01/23 11:05:09: TID: 8604122122E62080
2015/01/23 11:05:09: F/W Version: 00.00.08
2015/01/23 11:05:09:
2015/01/23 11:05:09: MasterKey Key Entry ... OK
2015/01/23 11:05:09: PowerON Counter Key Entry ... OK
2015/01/23 11:05:10: Key Entry ... OK
2015/01/23 11:05:10: Complete.
2015/01/23 11:05:10: COM PORT CLOSE ... OK
2015/01/23 11:05:10: 
2015/01/23 11:05:10: ==== Processing was completed ====
2015/01/23 11:05:10: 
*************************************************


*********** Start the Initialize Key Check **********
2015/01/23 11:05:57: Tool Ver: 2013.0605.01
2015/01/23 11:05:57: COM PORT OPEN ... OK
2015/01/23 11:05:57:
2015/01/23 11:05:57: ProductS/N:  VRW06A115100849
2015/01/23 11:05:57: TID: 860423273AE62080
2015/01/23 11:05:57: F/W Version: 00.00.08
2015/01/23 11:05:57:
2015/01/23 11:05:57: MasterKey Key Entry ... OK
2015/01/23 11:05:57: PowerON Counter Key Entry ... OK
2015/01/23 11:05:58: Key Entry ... OK
2015/01/23 11:05:58: Complete.
2015/01/23 11:05:58: COM PORT CLOSE ... OK
2015/01/23 11:05:58: 
2015/01/23 11:05:58: ==== Processing was completed ====
2015/01/23 11:05:58: 
*************************************************


*********** Start the Initialize Key Check **********
2015/01/23 11:06:41: Tool Ver: 2013.0605.01
2015/01/23 11:06:41: COM PORT OPEN ... OK
2015/01/23 11:06:41:
2015/01/23 11:06:41: ProductS/N:  VRW06A115100852
2015/01/23 11:06:41: TID: 8604172022E62080
2015/01/23 11:06:41: F/W Version: 00.00.08
2015/01/23 11:06:41:
2015/01/23 11:06:41: MasterKey Key Entry ... OK
2015/01/23 11:06:41: PowerON Counter Key Entry ... OK
2015/01/23 11:06:41: Key Entry ... OK
2015/01/23 11:06:41: Complete.
2015/01/23 11:06:41: COM PORT CLOSE ... OK
2015/01/23 11:06:41: 
2015/01/23 11:06:41: ==== Processing was completed ====
2015/01/23 11:06:41: 
*************************************************


*********** Start the Initialize Key Check **********
2015/01/23 11:09:32: Tool Ver: 2013.0605.01
2015/01/23 11:09:32: COM PORT OPEN ... OK
2015/01/23 11:09:32:
2015/01/23 11:09:32: ProductS/N:  VRW06A115100848
2015/01/23 11:09:32: TID: 86040E243AE62080
2015/01/23 11:09:32: F/W Version: 00.00.08
2015/01/23 11:09:32:
2015/01/23 11:09:32: MasterKey Key Entry ... OK
2015/01/23 11:09:32: PowerON Counter Key Entry ... OK
2015/01/23 11:09:33: Key Entry ... OK
2015/01/23 11:09:33: Complete.
2015/01/23 11:09:33: COM PORT CLOSE ... OK
2015/01/23 11:09:33: 
2015/01/23 11:09:33: ==== Processing was completed ====
2015/01/23 11:09:33: 
*************************************************


*********** Start the Initialize Key Check **********
2015/01/23 11:11:57: Tool Ver: 2013.0605.01
2015/01/23 11:11:57: COM PORT OPEN ... OK
2015/01/23 11:11:57:
2015/01/23 11:11:57: ProductS/N:  VRW06A115100876
2015/01/23 11:11:57: TID: 86041319D2E52080
2015/01/23 11:11:57: F/W Version: 00.00.08
2015/01/23 11:11:57:
2015/01/23 11:11:57: MasterKey Key Entry ... OK
2015/01/23 11:11:57: PowerON Counter Key Entry ... OK
2015/01/23 11:11:57: Key Entry ... OK
2015/01/23 11:11:57: Complete.
2015/01/23 11:11:57: COM PORT CLOSE ... OK
2015/01/23 11:11:57: 
2015/01/23 11:11:57: ==== Processing was completed ====
2015/01/23 11:11:57: 
*************************************************


*********** Start the Initialize Key Check **********
2015/01/23 11:13:46: Tool Ver: 2013.0605.01
2015/01/23 11:13:46: COM PORT OPEN ... OK
2015/01/23 11:13:46:
2015/01/23 11:13:46: ProductS/N:  VRW06A115100849
2015/01/23 11:13:46: TID: 860423273AE62080
2015/01/23 11:13:46: F/W Version: 00.00.08
2015/01/23 11:13:46:
2015/01/23 11:13:46: MasterKey Key Entry ... OK
2015/01/23 11:13:46: PowerON Counter Key Entry ... OK
2015/01/23 11:13:46: Key Entry ... OK
2015/01/23 11:13:46: Complete.
2015/01/23 11:13:46: COM PORT CLOSE ... OK
2015/01/23 11:13:46: 
2015/01/23 11:13:46: ==== Processing was completed ====
2015/01/23 11:13:46: 
*************************************************


*********** Start the Initialize Key Check **********
2015/01/23 11:19:43: Tool Ver: 2013.0605.01
2015/01/23 11:19:43: COM PORT OPEN ... OK
2015/01/23 11:19:43:
2015/01/23 11:19:43: ProductS/N:  VRW06A115100634
2015/01/23 11:19:43: TID: 8604240B32E62080
2015/01/23 11:19:43: F/W Version: 00.00.08
2015/01/23 11:19:43:
2015/01/23 11:19:43: MasterKey Key Entry ... OK
2015/01/23 11:19:43: PowerON Counter Key Entry ... OK
2015/01/23 11:19:43: Key Entry ... OK
2015/01/23 11:19:43: Complete.
2015/01/23 11:19:43: COM PORT CLOSE ... OK
2015/01/23 11:19:43: 
2015/01/23 11:19:43: ==== Processing was completed ====
2015/01/23 11:19:43: 
*************************************************


*********** Start the Initialize Key Check **********
2015/01/23 11:20:52: Tool Ver: 2013.0605.01
2015/01/23 11:20:52: COM PORT OPEN ... OK
2015/01/23 11:20:52:
2015/01/23 11:20:52: ProductS/N:  VRW06A115100880
2015/01/23 11:20:52: TID: 86040C39CAE52080
2015/01/23 11:20:52: F/W Version: 00.00.08
2015/01/23 11:20:52:
2015/01/23 11:20:52: MasterKey Key Entry ... OK
2015/01/23 11:20:52: PowerON Counter Key Entry ... OK
2015/01/23 11:20:53: Key Entry ... OK
2015/01/23 11:20:53: Complete.
2015/01/23 11:20:53: COM PORT CLOSE ... OK
2015/01/23 11:20:53: 
2015/01/23 11:20:53: ==== Processing was completed ====
2015/01/23 11:20:53: 
*************************************************


*********** Start the Initialize Key Check **********
2015/01/23 11:22:28: Tool Ver: 2013.0605.01
2015/01/23 11:22:28: COM PORT OPEN ... OK
2015/01/23 11:22:28:
2015/01/23 11:22:28: ProductS/N:  VRW06A115100883
2015/01/23 11:22:28: TID: 86041112D2E52080
2015/01/23 11:22:28: F/W Version: 00.00.08
2015/01/23 11:22:28:
2015/01/23 11:22:28: MasterKey Key Entry ... OK
2015/01/23 11:22:28: PowerON Counter Key Entry ... OK
2015/01/23 11:22:29: Key Entry ... OK
2015/01/23 11:22:29: Complete.
2015/01/23 11:22:29: COM PORT CLOSE ... OK
2015/01/23 11:22:29: 
2015/01/23 11:22:29: ==== Processing was completed ====
2015/01/23 11:22:29: 
*************************************************


*********** Start the Initialize Key Check **********
2015/01/23 11:29:23: Tool Ver: 2013.0605.01
2015/01/23 11:29:23: COM PORT OPEN ... OK
2015/01/23 11:29:23:
2015/01/23 11:29:23: ProductS/N:  VRW06A115100884
2015/01/23 11:29:23: TID: 86042941CAE52080
2015/01/23 11:29:23: F/W Version: 00.00.08
2015/01/23 11:29:23:
2015/01/23 11:29:23: MasterKey Key Entry ... OK
2015/01/23 11:29:24: PowerON Counter Key Entry ... OK
2015/01/23 11:29:24: Key Entry ... OK
2015/01/23 11:29:24: Complete.
2015/01/23 11:29:24: COM PORT CLOSE ... OK
2015/01/23 11:29:24: 
2015/01/23 11:29:24: ==== Processing was completed ====
2015/01/23 11:29:24: 
*************************************************


*********** Start the Initialize Key Check **********
2015/01/23 11:31:24: Tool Ver: 2013.0605.01
2015/01/23 11:31:24: COM PORT OPEN ... OK
2015/01/23 11:31:24:
2015/01/23 11:31:24: ProductS/N:  VRW06A115100885
2015/01/23 11:31:24: TID: 86042C113AE62080
2015/01/23 11:31:24: F/W Version: 00.00.08
2015/01/23 11:31:24:
2015/01/23 11:31:24: MasterKey Key Entry ... OK
2015/01/23 11:31:24: PowerON Counter Key Entry ... OK
2015/01/23 11:31:25: Key Entry ... OK
2015/01/23 11:31:25: Complete.
2015/01/23 11:31:25: COM PORT CLOSE ... OK
2015/01/23 11:31:25: 
2015/01/23 11:31:25: ==== Processing was completed ====
2015/01/23 11:31:25: 
*************************************************


*********** Start the Initialize Key Check **********
2015/01/23 11:43:10: Tool Ver: 2013.0605.01
2015/01/23 11:43:10: COM PORT OPEN ... OK
2015/01/23 11:43:10:
2015/01/23 11:43:10: ProductS/N:  06A115100887
2015/01/23 11:43:10: TID: 86041810D2E52080
2015/01/23 11:43:10: F/W Version: 00.00.08
2015/01/23 11:43:10:
2015/01/23 11:43:10: MasterKey Key Entry ... OK
2015/01/23 11:43:10: PowerON Counter Key Entry ... OK
2015/01/23 11:43:10: Key Entry ... OK
2015/01/23 11:43:10: Complete.
2015/01/23 11:43:10: COM PORT CLOSE ... OK
2015/01/23 11:43:10: 
2015/01/23 11:43:10: ==== Processing was completed ====
2015/01/23 11:43:10: 
*************************************************


*********** Start the Initialize Key Check **********
2015/01/23 12:55:41: Tool Ver: 2013.0605.01
2015/01/23 12:55:41: COM PORT OPEN ... OK
2015/01/23 12:55:41:
2015/01/23 12:55:41: ProductS/N:  VRW06A115100889
2015/01/23 12:55:41: TID: 86041A0DD2E52080
2015/01/23 12:55:41: F/W Version: 00.00.08
2015/01/23 12:55:41:
2015/01/23 12:55:41: MasterKey Key Entry ... OK
2015/01/23 12:55:41: PowerON Counter Key Entry ... OK
2015/01/23 12:55:41: Key Entry ... OK
2015/01/23 12:55:41: Complete.
2015/01/23 12:55:41: COM PORT CLOSE ... OK
2015/01/23 12:55:41: 
2015/01/23 12:55:41: ==== Processing was completed ====
2015/01/23 12:55:41: 
*************************************************


*********** Start the Initialize Key Check **********
2015/01/23 12:57:45: Tool Ver: 2013.0605.01
2015/01/23 12:57:45: COM PORT OPEN ... OK
2015/01/23 12:57:45:
2015/01/23 12:57:45: ProductS/N:  VRW06A115100890
2015/01/23 12:57:45: TID: 8604132222E62080
2015/01/23 12:57:45: F/W Version: 00.00.08
2015/01/23 12:57:45:
2015/01/23 12:57:45: MasterKey Key Entry ... OK
2015/01/23 12:57:45: PowerON Counter Key Entry ... OK
2015/01/23 12:57:46: Key Entry ... OK
2015/01/23 12:57:46: Complete.
2015/01/23 12:57:46: COM PORT CLOSE ... OK
2015/01/23 12:57:46: 
2015/01/23 12:57:46: ==== Processing was completed ====
2015/01/23 12:57:46: 
*************************************************


*********** Start the Initialize Key Check **********
2015/01/23 12:59:25: Tool Ver: 2013.0605.01
2015/01/23 12:59:25: COM PORT OPEN ... OK
2015/01/23 12:59:26:
2015/01/23 12:59:26: ProductS/N:  VRW06A115100886
2015/01/23 12:59:26: TID: 8604280C32E62080
2015/01/23 12:59:26: F/W Version: 00.00.08
2015/01/23 12:59:26:
2015/01/23 12:59:26: MasterKey Key Entry ... OK
2015/01/23 12:59:26: PowerON Counter Key Entry ... OK
2015/01/23 12:59:26: Key Entry ... OK
2015/01/23 12:59:26: Complete.
2015/01/23 12:59:26: COM PORT CLOSE ... OK
2015/01/23 12:59:26: 
2015/01/23 12:59:26: ==== Processing was completed ====
2015/01/23 12:59:26: 
*************************************************


*********** Start the Initialize Key Check **********
2015/01/23 13:14:05: Tool Ver: 2013.0605.01
2015/01/23 13:14:05: COM PORT OPEN ... OK
2015/01/23 13:14:05:
2015/01/23 13:14:05: ProductS/N:  06A115100893
2015/01/23 13:14:05: TID: 86040A0DD2E52080
2015/01/23 13:14:05: F/W Version: 00.00.08
2015/01/23 13:14:05:
2015/01/23 13:14:05: MasterKey Key Entry ... OK
2015/01/23 13:14:05: PowerON Counter Key Entry ... OK
2015/01/23 13:14:06: Key Entry ... OK
2015/01/23 13:14:06: Complete.
2015/01/23 13:14:06: COM PORT CLOSE ... OK
2015/01/23 13:14:06: 
2015/01/23 13:14:06: ==== Processing was completed ====
2015/01/23 13:14:06: 
*************************************************


*********** Start the Initialize Key Check **********
2015/01/23 13:16:14: Tool Ver: 2013.0605.01
2015/01/23 13:16:14: COM PORT OPEN ... OK
2015/01/23 13:16:14:
2015/01/23 13:16:14: ProductS/N:  VRW06A115100888
2015/01/23 13:16:14: TID: 8604330BD2E52080
2015/01/23 13:16:14: F/W Version: 00.00.08
2015/01/23 13:16:14:
2015/01/23 13:16:14: MasterKey Key Entry ... OK
2015/01/23 13:16:14: PowerON Counter Key Entry ... OK
2015/01/23 13:16:14: Key Entry ... OK
2015/01/23 13:16:14: Complete.
2015/01/23 13:16:14: COM PORT CLOSE ... OK
2015/01/23 13:16:14: 
2015/01/23 13:16:14: ==== Processing was completed ====
2015/01/23 13:16:14: 
*************************************************


*********** Start the Initialize Key Check **********
2015/01/23 13:18:12: Tool Ver: 2013.0605.01
2015/01/23 13:18:12: COM PORT OPEN ... OK
2015/01/23 13:18:12:
2015/01/23 13:18:12: ProductS/N:  VRW06A115100874
2015/01/23 13:18:12: TID: 86041419D2E52080
2015/01/23 13:18:12: F/W Version: 00.00.08
2015/01/23 13:18:12:
2015/01/23 13:18:12: MasterKey Key Entry ... OK
2015/01/23 13:18:12: PowerON Counter Key Entry ... OK
2015/01/23 13:18:13: Key Entry ... OK
2015/01/23 13:18:13: Complete.
2015/01/23 13:18:13: COM PORT CLOSE ... OK
2015/01/23 13:18:13: 
2015/01/23 13:18:13: ==== Processing was completed ====
2015/01/23 13:18:13: 
*************************************************


*********** Start the Initialize Key Check **********
2015/01/23 13:35:57: Tool Ver: 2013.0605.01
2015/01/23 13:35:57: COM PORT OPEN ... OK
2015/01/23 13:35:57:
2015/01/23 13:35:57: ProductS/N:  06A115100896
2015/01/23 13:35:57: TID: 86041B0E32E62080
2015/01/23 13:35:57: F/W Version: 00.00.08
2015/01/23 13:35:57:
2015/01/23 13:35:57: MasterKey Key Entry ... OK
2015/01/23 13:35:57: PowerON Counter Key Entry ... OK
2015/01/23 13:35:57: Key Entry ... OK
2015/01/23 13:35:57: Complete.
2015/01/23 13:35:57: COM PORT CLOSE ... OK
2015/01/23 13:35:57: 
2015/01/23 13:35:57: ==== Processing was completed ====
2015/01/23 13:35:57: 
*************************************************


*********** Start the Initialize Key Check **********
2015/01/23 13:36:54: Tool Ver: 2013.0605.01
2015/01/23 13:36:54: COM PORT OPEN ... OK
2015/01/23 13:36:54:
2015/01/23 13:36:54: ProductS/N:  VRW06A115100894
2015/01/23 13:36:54: TID: 8604190DD2E52080
2015/01/23 13:36:54: F/W Version: 00.00.08
2015/01/23 13:36:54:
2015/01/23 13:36:54: MasterKey Key Entry ... OK
2015/01/23 13:36:54: PowerON Counter Key Entry ... OK
2015/01/23 13:36:55: Key Entry ... OK
2015/01/23 13:36:55: Complete.
2015/01/23 13:36:55: COM PORT CLOSE ... OK
2015/01/23 13:36:55: 
2015/01/23 13:36:55: ==== Processing was completed ====
2015/01/23 13:36:55: 
*************************************************


*********** Start the Initialize Key Check **********
2015/01/23 13:39:09: Tool Ver: 2013.0605.01
2015/01/23 13:39:09: COM PORT OPEN ... OK
2015/01/23 13:39:09:
2015/01/23 13:39:09: ProductS/N:  VRW06A115100892
2015/01/23 13:39:09: TID: 8604402A3AE62080
2015/01/23 13:39:09: F/W Version: 00.00.08
2015/01/23 13:39:09:
2015/01/23 13:39:09: MasterKey Key Entry ... OK
2015/01/23 13:39:09: PowerON Counter Key Entry ... OK
2015/01/23 13:39:10: Key Entry ... OK
2015/01/23 13:39:10: Complete.
2015/01/23 13:39:10: COM PORT CLOSE ... OK
2015/01/23 13:39:10: 
2015/01/23 13:39:10: ==== Processing was completed ====
2015/01/23 13:39:10: 
*************************************************


*********** Start the Initialize Key Check **********
2015/01/23 14:00:33: Tool Ver: 2013.0605.01
2015/01/23 14:00:33: COM PORT OPEN ... OK
2015/01/23 14:00:33:
2015/01/23 14:00:33: ProductS/N:  VRW06A115100897
2015/01/23 14:00:33: TID: 8604193DCAE52080
2015/01/23 14:00:33: F/W Version: 00.00.08
2015/01/23 14:00:33:
2015/01/23 14:00:33: MasterKey Key Entry ... OK
2015/01/23 14:00:33: PowerON Counter Key Entry ... OK
2015/01/23 14:00:33: Key Entry ... OK
2015/01/23 14:00:33: Complete.
2015/01/23 14:00:33: COM PORT CLOSE ... OK
2015/01/23 14:00:33: 
2015/01/23 14:00:33: ==== Processing was completed ====
2015/01/23 14:00:33: 
*************************************************


*********** Start the Initialize Key Check **********
2015/01/23 14:02:08: Tool Ver: 2013.0605.01
2015/01/23 14:02:08: COM PORT OPEN ... OK
2015/01/23 14:02:08:
2015/01/23 14:02:08: ProductS/N:  VRW06A115100900
2015/01/23 14:02:09: TID: 8604270F32E62080
2015/01/23 14:02:09: F/W Version: 00.00.08
2015/01/23 14:02:09:
2015/01/23 14:02:09: MasterKey Key Entry ... OK
2015/01/23 14:02:09: PowerON Counter Key Entry ... OK
2015/01/23 14:02:09: Key Entry ... OK
2015/01/23 14:02:09: Complete.
2015/01/23 14:02:09: COM PORT CLOSE ... OK
2015/01/23 14:02:09: 
2015/01/23 14:02:09: ==== Processing was completed ====
2015/01/23 14:02:09: 
*************************************************


*********** Start the Initialize Key Check **********
2015/01/23 14:04:06: Tool Ver: 2013.0605.01
2015/01/23 14:04:06: COM PORT OPEN ... OK
2015/01/23 14:04:06:
2015/01/23 14:04:06: ProductS/N:  VRW06A115100903
2015/01/23 14:04:06: TID: 8604241132E62080
2015/01/23 14:04:06: F/W Version: 00.00.08
2015/01/23 14:04:06:
2015/01/23 14:04:06: MasterKey Key Entry ... OK
2015/01/23 14:04:06: PowerON Counter Key Entry ... OK
2015/01/23 14:04:07: Key Entry ... OK
2015/01/23 14:04:07: Complete.
2015/01/23 14:04:07: COM PORT CLOSE ... OK
2015/01/23 14:04:07: 
2015/01/23 14:04:07: ==== Processing was completed ====
2015/01/23 14:04:07: 
*************************************************


*********** Start the Initialize Key Check **********
2015/01/23 14:14:29: Tool Ver: 2013.0605.01
2015/01/23 14:14:29: COM PORT OPEN ... OK
2015/01/23 14:14:29:
2015/01/23 14:14:29: ProductS/N:  VRW06A115100899
2015/01/23 14:14:29: TID: 86043E2022E62080
2015/01/23 14:14:29: F/W Version: 00.00.08
2015/01/23 14:14:29:
2015/01/23 14:14:29: MasterKey Key Entry ... OK
2015/01/23 14:14:29: PowerON Counter Key Entry ... OK
2015/01/23 14:14:29: Key Entry ... OK
2015/01/23 14:14:29: Complete.
2015/01/23 14:14:29: COM PORT CLOSE ... OK
2015/01/23 14:14:29: 
2015/01/23 14:14:29: ==== Processing was completed ====
2015/01/23 14:14:29: 
*************************************************


*********** Start the Initialize Key Check **********
2015/01/23 14:16:19: Tool Ver: 2013.0605.01
2015/01/23 14:16:19: COM PORT OPEN ... OK
2015/01/23 14:16:19:
2015/01/23 14:16:19: ProductS/N:  VRW06A115100904
2015/01/23 14:16:19: TID: 8604052B3AE62080
2015/01/23 14:16:19: F/W Version: 00.00.08
2015/01/23 14:16:19:
2015/01/23 14:16:19: MasterKey Key Entry ... OK
2015/01/23 14:16:19: PowerON Counter Key Entry ... OK
2015/01/23 14:16:19: Key Entry ... OK
2015/01/23 14:16:19: Complete.
2015/01/23 14:16:19: COM PORT CLOSE ... OK
2015/01/23 14:16:19: 
2015/01/23 14:16:19: ==== Processing was completed ====
2015/01/23 14:16:19: 
*************************************************


*********** Start the Initialize Key Check **********
2015/01/23 14:20:30: Tool Ver: 2013.0605.01
2015/01/23 14:20:30: COM PORT OPEN ... OK
2015/01/23 14:20:30:
2015/01/23 14:20:30: ProductS/N:  VRW06A115100891
2015/01/23 14:20:30: TID: 8604100F32E62080
2015/01/23 14:20:30: F/W Version: 00.00.08
2015/01/23 14:20:30:
2015/01/23 14:20:30: MasterKey Key Entry ... OK
2015/01/23 14:20:30: PowerON Counter Key Entry ... OK
2015/01/23 14:20:31: Key Entry ... OK
2015/01/23 14:20:31: Complete.
2015/01/23 14:20:31: COM PORT CLOSE ... OK
2015/01/23 14:20:31: 
2015/01/23 14:20:31: ==== Processing was completed ====
2015/01/23 14:20:31: 
*************************************************


*********** Start the Initialize Key Check **********
2015/01/23 14:21:56: Tool Ver: 2013.0605.01
2015/01/23 14:21:56: COM PORT OPEN ... OK
2015/01/23 14:21:56:
2015/01/23 14:21:56: ProductS/N:  VRW06A115100905
2015/01/23 14:21:56: TID: 86041019D2E52080
2015/01/23 14:21:56: F/W Version: 00.00.08
2015/01/23 14:21:56:
2015/01/23 14:21:56: MasterKey Key Entry ... OK
2015/01/23 14:21:56: PowerON Counter Key Entry ... OK
2015/01/23 14:21:56: Key Entry ... OK
2015/01/23 14:21:56: Complete.
2015/01/23 14:21:56: COM PORT CLOSE ... OK
2015/01/23 14:21:56: 
2015/01/23 14:21:56: ==== Processing was completed ====
2015/01/23 14:21:56: 
*************************************************


*********** Start the Initialize Key Check **********
2015/01/23 14:24:15: Tool Ver: 2013.0605.01
2015/01/23 14:24:15: COM PORT OPEN ... OK
2015/01/23 14:24:15:
2015/01/23 14:24:15: ProductS/N:  VRW06A115100898
2015/01/23 14:24:15: TID: 86040F0E32E62080
2015/01/23 14:24:15: F/W Version: 00.00.08
2015/01/23 14:24:15:
2015/01/23 14:24:15: MasterKey Key Entry ... OK
2015/01/23 14:24:15: PowerON Counter Key Entry ... OK
2015/01/23 14:24:16: Key Entry ... OK
2015/01/23 14:24:16: Complete.
2015/01/23 14:24:16: COM PORT CLOSE ... OK
2015/01/23 14:24:16: 
2015/01/23 14:24:16: ==== Processing was completed ====
2015/01/23 14:24:16: 
*************************************************


*********** Start the Initialize Key Check **********
2015/01/23 14:41:01: Tool Ver: 2013.0605.01
2015/01/23 14:41:01: COM PORT OPEN ... OK
2015/01/23 14:41:01:
2015/01/23 14:41:01: ProductS/N:  6A115100901
2015/01/23 14:41:01: TID: 86041939CAE52080
2015/01/23 14:41:01: F/W Version: 00.00.08
2015/01/23 14:41:01:
2015/01/23 14:41:01: MasterKey Key Entry ... OK
2015/01/23 14:41:01: PowerON Counter Key Entry ... OK
2015/01/23 14:41:02: Key Entry ... OK
2015/01/23 14:41:02: Complete.
2015/01/23 14:41:02: COM PORT CLOSE ... OK
2015/01/23 14:41:02: 
2015/01/23 14:41:02: ==== Processing was completed ====
2015/01/23 14:41:02: 
*************************************************


*********** Start the Initialize Key Check **********
2015/01/23 14:42:36: Tool Ver: 2013.0605.01
2015/01/23 14:42:36: COM PORT OPEN ... OK
2015/01/23 14:42:36:
2015/01/23 14:42:36: ProductS/N:  VRW06A115100908
2015/01/23 14:42:36: TID: 86041328CAE52080
2015/01/23 14:42:36: F/W Version: 00.00.08
2015/01/23 14:42:36:
2015/01/23 14:42:36: MasterKey Key Entry ... OK
2015/01/23 14:42:36: PowerON Counter Key Entry ... OK
2015/01/23 14:42:37: Key Entry ... OK
2015/01/23 14:42:37: Complete.
2015/01/23 14:42:37: COM PORT CLOSE ... OK
2015/01/23 14:42:37: 
2015/01/23 14:42:37: ==== Processing was completed ====
2015/01/23 14:42:37: 
*************************************************


*********** Start the Initialize Key Check **********
2015/01/23 14:43:59: Tool Ver: 2013.0605.01
2015/01/23 14:43:59: COM PORT OPEN ... OK
2015/01/23 14:43:59:
2015/01/23 14:43:59: ProductS/N:  VRW06A115100902
2015/01/23 14:43:59: TID: 8604210A32E62080
2015/01/23 14:43:59: F/W Version: 00.00.08
2015/01/23 14:43:59:
2015/01/23 14:43:59: MasterKey Key Entry ... OK
2015/01/23 14:43:59: PowerON Counter Key Entry ... OK
2015/01/23 14:44:00: Key Entry ... OK
2015/01/23 14:44:00: Complete.
2015/01/23 14:44:00: COM PORT CLOSE ... OK
2015/01/23 14:44:00: 
2015/01/23 14:44:00: ==== Processing was completed ====
2015/01/23 14:44:00: 
*************************************************


*********** Start the Initialize Key Check **********
2015/01/23 14:46:02: Tool Ver: 2013.0605.01
2015/01/23 14:46:02: COM PORT OPEN ... OK
2015/01/23 14:46:02:
2015/01/23 14:46:02: ProductS/N:  VRW06A115100911
2015/01/23 14:46:02: TID: 86043931CAE52080
2015/01/23 14:46:02: F/W Version: 00.00.08
2015/01/23 14:46:02:
2015/01/23 14:46:02: MasterKey Key Entry ... OK
2015/01/23 14:46:02: PowerON Counter Key Entry ... OK
2015/01/23 14:46:03: Key Entry ... OK
2015/01/23 14:46:03: Complete.
2015/01/23 14:46:03: COM PORT CLOSE ... OK
2015/01/23 14:46:03: 
2015/01/23 14:46:03: ==== Processing was completed ====
2015/01/23 14:46:03: 
*************************************************


*********** Start the Initialize Key Check **********
2015/01/23 15:12:55: Tool Ver: 2013.0605.01
2015/01/23 15:12:55: COM PORT OPEN ... OK
2015/01/23 15:12:55:
2015/01/23 15:12:55: ProductS/N:  VRW06A115100909
2015/01/23 15:12:55: TID: 86041228CAE52080
2015/01/23 15:12:55: F/W Version: 00.00.08
2015/01/23 15:12:55:
2015/01/23 15:12:55: MasterKey Key Entry ... OK
2015/01/23 15:12:55: PowerON Counter Key Entry ... OK
2015/01/23 15:12:55: Key Entry ... OK
2015/01/23 15:12:55: Complete.
2015/01/23 15:12:55: COM PORT CLOSE ... OK
2015/01/23 15:12:55: 
2015/01/23 15:12:55: ==== Processing was completed ====
2015/01/23 15:12:55: 
*************************************************


*********** Start the Initialize Key Check **********
2015/01/23 15:16:43: Tool Ver: 2013.0605.01
2015/01/23 15:16:43: COM PORT OPEN ... OK
2015/01/23 15:16:43:
2015/01/23 15:16:43: ProductS/N:  VRW06A115100912
2015/01/23 15:16:43: TID: 86040831CAE52080
2015/01/23 15:16:43: F/W Version: 00.00.08
2015/01/23 15:16:43:
2015/01/23 15:16:43: MasterKey Key Entry ... OK
2015/01/23 15:16:43: PowerON Counter Key Entry ... OK
2015/01/23 15:16:44: Key Entry ... OK
2015/01/23 15:16:44: Complete.
2015/01/23 15:16:44: COM PORT CLOSE ... OK
2015/01/23 15:16:44: 
2015/01/23 15:16:44: ==== Processing was completed ====
2015/01/23 15:16:44: 
*************************************************


*********** Start the Initialize Key Check **********
2015/01/23 15:18:26: Tool Ver: 2013.0605.01
2015/01/23 15:18:26: COM PORT OPEN ... OK
2015/01/23 15:18:26:
2015/01/23 15:18:26: ProductS/N:  VRW06A115100909
2015/01/23 15:18:26: TID: 86041D2CCAE52080
2015/01/23 15:18:26: F/W Version: 00.00.08
2015/01/23 15:18:26:
2015/01/23 15:18:26: MasterKey Key Entry ... OK
2015/01/23 15:18:26: PowerON Counter Key Entry ... OK
2015/01/23 15:18:27: Key Entry ... OK
2015/01/23 15:18:27: Complete.
2015/01/23 15:18:27: COM PORT CLOSE ... OK
2015/01/23 15:18:27: 
2015/01/23 15:18:27: ==== Processing was completed ====
2015/01/23 15:18:27: 
*************************************************


*********** Start the Initialize Key Check **********
2015/01/23 15:20:14: Tool Ver: 2013.0605.01
2015/01/23 15:20:14: COM PORT OPEN ... OK
2015/01/23 15:20:14:
2015/01/23 15:20:14: ProductS/N:  VRW06A115100916
2015/01/23 15:20:14: TID: 860410143AE62080
2015/01/23 15:20:14: F/W Version: 00.00.08
2015/01/23 15:20:14:
2015/01/23 15:20:14: MasterKey Key Entry ... OK
2015/01/23 15:20:14: PowerON Counter Key Entry ... OK
2015/01/23 15:20:14: Key Entry ... OK
2015/01/23 15:20:14: Complete.
2015/01/23 15:20:14: COM PORT CLOSE ... OK
2015/01/23 15:20:14: 
2015/01/23 15:20:14: ==== Processing was completed ====
2015/01/23 15:20:14: 
*************************************************


*********** Start the Initialize Key Check **********
2015/01/23 15:21:54: Tool Ver: 2013.0605.01
2015/01/23 15:21:54: COM PORT OPEN ... OK
2015/01/23 15:21:54:
2015/01/23 15:21:54: ProductS/N:  VRW06A115100915
2015/01/23 15:21:54: TID: 8604183DCAE52080
2015/01/23 15:21:54: F/W Version: 00.00.08
2015/01/23 15:21:54:
2015/01/23 15:21:54: MasterKey Key Entry ... OK
2015/01/23 15:21:54: PowerON Counter Key Entry ... OK
2015/01/23 15:21:54: Key Entry ... OK
2015/01/23 15:21:54: Complete.
2015/01/23 15:21:54: COM PORT CLOSE ... OK
2015/01/23 15:21:54: 
2015/01/23 15:21:54: ==== Processing was completed ====
2015/01/23 15:21:54: 
*************************************************


*********** Start the Initialize Key Check **********
2015/01/23 15:25:43: Tool Ver: 2013.0605.01
2015/01/23 15:25:43: COM PORT OPEN ... OK
2015/01/23 15:25:43:
2015/01/23 15:25:43: ProductS/N:  VRW06A115100918
2015/01/23 15:25:43: TID: 86041C143AE62080
2015/01/23 15:25:43: F/W Version: 00.00.08
2015/01/23 15:25:43:
2015/01/23 15:25:43: MasterKey Key Entry ... OK
2015/01/23 15:25:43: PowerON Counter Key Entry ... OK
2015/01/23 15:25:44: Key Entry ... OK
2015/01/23 15:25:44: Complete.
2015/01/23 15:25:44: COM PORT CLOSE ... OK
2015/01/23 15:25:44: 
2015/01/23 15:25:44: ==== Processing was completed ====
2015/01/23 15:25:44: 
*************************************************


*********** Start the Initialize Key Check **********
2015/01/23 15:32:15: Tool Ver: 2013.0605.01
2015/01/23 15:32:15: COM PORT OPEN ... OK
2015/01/23 15:32:15:
2015/01/23 15:32:15: ProductS/N:  VRW06A115100919
2015/01/23 15:32:15: TID: 86041228CAE52080
2015/01/23 15:32:15: F/W Version: 00.00.08
2015/01/23 15:32:15:
2015/01/23 15:32:15: MasterKey Key Entry ... OK
2015/01/23 15:32:15: PowerON Counter Key Entry ... OK
2015/01/23 15:32:16: Key Entry ... OK
2015/01/23 15:32:16: Complete.
2015/01/23 15:32:16: COM PORT CLOSE ... OK
2015/01/23 15:32:16: 
2015/01/23 15:32:16: ==== Processing was completed ====
2015/01/23 15:32:16: 
*************************************************


*********** Start the Initialize Key Check **********
2015/01/23 15:36:36: Tool Ver: 2013.0605.01
2015/01/23 15:36:36: COM PORT OPEN ... OK
2015/01/23 15:36:36:
2015/01/23 15:36:36: ProductS/N:  VRW06A115100921
2015/01/23 15:36:36: TID: 86043040CAE52080
2015/01/23 15:36:36: F/W Version: 00.00.08
2015/01/23 15:36:36:
2015/01/23 15:36:36: MasterKey Key Entry ... OK
2015/01/23 15:36:36: PowerON Counter Key Entry ... OK
2015/01/23 15:36:37: Key Entry ... OK
2015/01/23 15:36:37: Complete.
2015/01/23 15:36:37: COM PORT CLOSE ... OK
2015/01/23 15:36:37: 
2015/01/23 15:36:37: ==== Processing was completed ====
2015/01/23 15:36:37: 
*************************************************


*********** Start the Initialize Key Check **********
2015/01/23 15:39:35: Tool Ver: 2013.0605.01
2015/01/23 15:39:35: COM PORT OPEN ... OK
2015/01/23 15:39:35:
2015/01/23 15:39:35: ProductS/N:  VRW06A115100922
2015/01/23 15:39:35: TID: 8604243FCAE52080
2015/01/23 15:39:35: F/W Version: 00.00.08
2015/01/23 15:39:35:
2015/01/23 15:39:35: MasterKey Key Entry ... OK
2015/01/23 15:39:35: PowerON Counter Key Entry ... OK
2015/01/23 15:39:36: Key Entry ... OK
2015/01/23 15:39:36: Complete.
2015/01/23 15:39:36: COM PORT CLOSE ... OK
2015/01/23 15:39:36: 
2015/01/23 15:39:36: ==== Processing was completed ====
2015/01/23 15:39:36: 
*************************************************


*********** Start the Initialize Key Check **********
2015/01/23 15:46:23: Tool Ver: 2013.0605.01
2015/01/23 15:46:23: COM PORT OPEN ... OK
2015/01/23 15:46:23:
2015/01/23 15:46:23: ProductS/N:  VRW06A115100914
2015/01/23 15:46:23: TID: 86040B26CAE52080
2015/01/23 15:46:23: F/W Version: 00.00.08
2015/01/23 15:46:23:
2015/01/23 15:46:23: MasterKey Key Entry ... OK
2015/01/23 15:46:23: PowerON Counter Key Entry ... OK
2015/01/23 15:46:24: Key Entry ... OK
2015/01/23 15:46:24: Complete.
2015/01/23 15:46:24: COM PORT CLOSE ... OK
2015/01/23 15:46:24: 
2015/01/23 15:46:24: ==== Processing was completed ====
2015/01/23 15:46:24: 
*************************************************


*********** Start the Initialize Key Check **********
2015/01/23 15:48:21: Tool Ver: 2013.0605.01
2015/01/23 15:48:21: COM PORT OPEN ... OK
2015/01/23 15:48:21:
2015/01/23 15:48:21: ProductS/N:  VRW06A115100895
2015/01/23 15:48:21: TID: 86040A2022E62080
2015/01/23 15:48:21: F/W Version: 00.00.08
2015/01/23 15:48:21:
2015/01/23 15:48:21: MasterKey Key Entry ... OK
2015/01/23 15:48:21: PowerON Counter Key Entry ... OK
2015/01/23 15:48:22: Key Entry ... OK
2015/01/23 15:48:22: Complete.
2015/01/23 15:48:22: COM PORT CLOSE ... OK
2015/01/23 15:48:22: 
2015/01/23 15:48:22: ==== Processing was completed ====
2015/01/23 15:48:22: 
*************************************************


*********** Start the Initialize Key Check **********
2015/01/23 15:50:04: Tool Ver: 2013.0605.01
2015/01/23 15:50:04: COM PORT OPEN ... OK
2015/01/23 15:50:04:
2015/01/23 15:50:04: ProductS/N:  VRW06A115100923
2015/01/23 15:50:04: TID: 86042B33CAE52080
2015/01/23 15:50:04: F/W Version: 00.00.08
2015/01/23 15:50:04:
2015/01/23 15:50:04: MasterKey Key Entry ... OK
2015/01/23 15:50:04: PowerON Counter Key Entry ... OK
2015/01/23 15:50:05: Key Entry ... OK
2015/01/23 15:50:05: Complete.
2015/01/23 15:50:05: COM PORT CLOSE ... OK
2015/01/23 15:50:05: 
2015/01/23 15:50:05: ==== Processing was completed ====
2015/01/23 15:50:05: 
*************************************************


*********** Start the Initialize Key Check **********
2015/01/23 15:51:35: Tool Ver: 2013.0605.01
2015/01/23 15:51:35: COM PORT OPEN ... OK
2015/01/23 15:51:36:
2015/01/23 15:51:36: ProductS/N:  VRW06A115100910
2015/01/23 15:51:36: TID: 86041D19D2E52080
2015/01/23 15:51:36: F/W Version: 00.00.08
2015/01/23 15:51:36:
2015/01/23 15:51:36: MasterKey Key Entry ... OK
2015/01/23 15:51:36: PowerON Counter Key Entry ... OK
2015/01/23 15:51:36: Key Entry ... OK
2015/01/23 15:51:36: Complete.
2015/01/23 15:51:36: COM PORT CLOSE ... OK
2015/01/23 15:51:36: 
2015/01/23 15:51:36: ==== Processing was completed ====
2015/01/23 15:51:36: 
*************************************************


*********** Start the Initialize Key Check **********
2015/01/23 15:53:44: Tool Ver: 2013.0605.01
2015/01/23 15:53:44: COM PORT OPEN ... OK
2015/01/23 15:53:44:
2015/01/23 15:53:44: ProductS/N:  VRW06A115100920
2015/01/23 15:53:44: TID: 8604091E22E62080
2015/01/23 15:53:44: F/W Version: 00.00.08
2015/01/23 15:53:44:
2015/01/23 15:53:44: MasterKey Key Entry ... OK
2015/01/23 15:53:44: PowerON Counter Key Entry ... OK
2015/01/23 15:53:45: Key Entry ... OK
2015/01/23 15:53:45: Complete.
2015/01/23 15:53:45: COM PORT CLOSE ... OK
2015/01/23 15:53:45: 
2015/01/23 15:53:45: ==== Processing was completed ====
2015/01/23 15:53:45: 
*************************************************


*********** Start the Initialize Key Check **********
2015/01/23 16:07:33: Tool Ver: 2013.0605.01
2015/01/23 16:07:33: COM PORT OPEN ... OK
2015/01/23 16:07:33:
2015/01/23 16:07:33: ProductS/N:  VRW06A115100924
2015/01/23 16:07:33: TID: 86042316D2E52080
2015/01/23 16:07:33: F/W Version: 00.00.08
2015/01/23 16:07:33:
2015/01/23 16:07:33: MasterKey Key Entry ... OK
2015/01/23 16:07:33: PowerON Counter Key Entry ... OK
2015/01/23 16:07:34: Key Entry ... OK
2015/01/23 16:07:34: Complete.
2015/01/23 16:07:34: COM PORT CLOSE ... OK
2015/01/23 16:07:34: 
2015/01/23 16:07:34: ==== Processing was completed ====
2015/01/23 16:07:34: 
*************************************************


*********** Start the Initialize Key Check **********
2015/01/23 16:25:55: Tool Ver: 2013.0605.01
2015/01/23 16:25:55: COM PORT OPEN ... OK
2015/01/23 16:25:55:
2015/01/23 16:25:55: ProductS/N:  VRW06A115100925
2015/01/23 16:25:55: TID: 86041D11D2E52080
2015/01/23 16:25:55: F/W Version: 00.00.08
2015/01/23 16:25:55:
2015/01/23 16:25:55: MasterKey Key Entry ... OK
2015/01/23 16:25:55: PowerON Counter Key Entry ... OK
2015/01/23 16:25:56: Key Entry ... OK
2015/01/23 16:25:56: Complete.
2015/01/23 16:25:56: COM PORT CLOSE ... OK
2015/01/23 16:25:56: 
2015/01/23 16:25:56: ==== Processing was completed ====
2015/01/23 16:25:56: 
*************************************************


*********** Start the Initialize Key Check **********
2015/01/23 16:40:34: Tool Ver: 2013.0605.01
2015/01/23 16:40:34: COM PORT OPEN ... OK
2015/01/23 16:40:35:
2015/01/23 16:40:35: ProductS/N:  VRW06A115100927
2015/01/23 16:40:35: TID: 86040C2122E62080
2015/01/23 16:40:35: F/W Version: 00.00.08
2015/01/23 16:40:35:
2015/01/23 16:40:35: MasterKey Key Entry ... OK
2015/01/23 16:40:35: PowerON Counter Key Entry ... OK
2015/01/23 16:40:35: Key Entry ... OK
2015/01/23 16:40:35: Complete.
2015/01/23 16:40:35: COM PORT CLOSE ... OK
2015/01/23 16:40:35: 
2015/01/23 16:40:35: ==== Processing was completed ====
2015/01/23 16:40:35: 
*************************************************


*********** Start the Initialize Key Check **********
2015/01/23 16:44:46: Tool Ver: 2013.0605.01
2015/01/23 16:44:46: COM PORT OPEN ... OK
2015/01/23 16:44:46:
2015/01/23 16:44:46: ProductS/N:  VRW06A115100929
2015/01/23 16:44:46: TID: 8604362E3AE62080
2015/01/23 16:44:46: F/W Version: 00.00.08
2015/01/23 16:44:46:
2015/01/23 16:44:46: MasterKey Key Entry ... OK
2015/01/23 16:44:46: PowerON Counter Key Entry ... OK
2015/01/23 16:44:47: Key Entry ... OK
2015/01/23 16:44:47: Complete.
2015/01/23 16:44:47: COM PORT CLOSE ... OK
2015/01/23 16:44:47: 
2015/01/23 16:44:47: ==== Processing was completed ====
2015/01/23 16:44:47: 
*************************************************


*********** Start the Initialize Key Check **********
2015/01/23 16:47:12: Tool Ver: 2013.0605.01
2015/01/23 16:47:12: COM PORT OPEN ... OK
2015/01/23 16:47:12:
2015/01/23 16:47:12: ProductS/N:  VRW06A115100926
2015/01/23 16:47:12: TID: 8604280AD2E52080
2015/01/23 16:47:12: F/W Version: 00.00.08
2015/01/23 16:47:12:
2015/01/23 16:47:12: MasterKey Key Entry ... OK
2015/01/23 16:47:12: PowerON Counter Key Entry ... OK
2015/01/23 16:47:13: Key Entry ... OK
2015/01/23 16:47:13: Complete.
2015/01/23 16:47:13: COM PORT CLOSE ... OK
2015/01/23 16:47:13: 
2015/01/23 16:47:13: ==== Processing was completed ====
2015/01/23 16:47:13: 
*************************************************


*********** Start the Initialize Key Check **********
2015/01/23 16:48:58: Tool Ver: 2013.0605.01
2015/01/23 16:48:58: COM PORT OPEN ... OK
2015/01/23 16:48:58:
2015/01/23 16:48:58: ProductS/N:  VRW06A115100928
2015/01/23 16:48:58: TID: 86043D1CD2E52080
2015/01/23 16:48:58: F/W Version: 00.00.08
2015/01/23 16:48:58:
2015/01/23 16:48:58: MasterKey Key Entry ... OK
2015/01/23 16:48:58: PowerON Counter Key Entry ... OK
2015/01/23 16:48:59: Key Entry ... OK
2015/01/23 16:48:59: Complete.
2015/01/23 16:48:59: COM PORT CLOSE ... OK
2015/01/23 16:48:59: 
2015/01/23 16:48:59: ==== Processing was completed ====
2015/01/23 16:48:59: 
*************************************************


*********** Start the Initialize Key Check **********
2015/01/23 16:54:49: Tool Ver: 2013.0605.01
2015/01/23 16:54:49: COM PORT OPEN ... OK
2015/01/23 16:54:49:
2015/01/23 16:54:49: ProductS/N:  VRW06A115100930
2015/01/23 16:54:49: TID: 8604131132E62080
2015/01/23 16:54:49: F/W Version: 00.00.08
2015/01/23 16:54:49:
2015/01/23 16:54:49: MasterKey Key Entry ... OK
2015/01/23 16:54:49: PowerON Counter Key Entry ... OK
2015/01/23 16:54:50: Key Entry ... OK
2015/01/23 16:54:50: Complete.
2015/01/23 16:54:50: COM PORT CLOSE ... OK
2015/01/23 16:54:50: 
2015/01/23 16:54:50: ==== Processing was completed ====
2015/01/23 16:54:50: 
*************************************************


*********** Start the Initialize Key Check **********
2015/01/23 16:54:53: Tool Ver: 2013.0605.01
2015/01/23 16:54:53: COM PORT OPEN ... OK
2015/01/23 16:54:53:
2015/01/23 16:54:53: ProductS/N:  VRW06A115100930
2015/01/23 16:54:53: TID: 8604131132E62080
2015/01/23 16:54:53: F/W Version: 00.00.08
2015/01/23 16:54:53:
2015/01/23 16:54:53: MasterKey Key Entry ... OK
2015/01/23 16:54:53: PowerON Counter Key Entry ... OK
2015/01/23 16:54:53: Key Entry ... OK
2015/01/23 16:54:53: Complete.
2015/01/23 16:54:53: COM PORT CLOSE ... OK
2015/01/23 16:54:53: 
2015/01/23 16:54:53: ==== Processing was completed ====
2015/01/23 16:54:53: 
*************************************************


