*********** Start the Initialize Key Check **********
2015/01/26 08:23:14: Tool Ver: 2013.0605.01
2015/01/26 08:23:14: COM PORT OPEN ... OK
2015/01/26 08:23:14:
2015/01/26 08:23:14: ProductS/N:  VRW06A115101044
2015/01/26 08:23:14: TID: 860414113AE62080
2015/01/26 08:23:14: F/W Version: 00.00.08
2015/01/26 08:23:14:
2015/01/26 08:23:14: MasterKey Key Entry ... OK
2015/01/26 08:23:14: PowerON Counter Key Entry ... OK
2015/01/26 08:23:15: Key Entry ... OK
2015/01/26 08:23:15: Complete.
2015/01/26 08:23:15: COM PORT CLOSE ... OK
2015/01/26 08:23:15: 
2015/01/26 08:23:15: ==== Processing was completed ====
2015/01/26 08:23:15: 
*************************************************


*********** Start the Initialize Key Check **********
2015/01/26 08:28:48: Tool Ver: 2013.0605.01
2015/01/26 08:28:48: COM PORT OPEN ... OK
2015/01/26 08:28:48:
2015/01/26 08:28:48: ProductS/N:  VRW06A115101046
2015/01/26 08:28:48: TID: 86041E2CCAE52080
2015/01/26 08:28:48: F/W Version: 00.00.08
2015/01/26 08:28:48:
2015/01/26 08:28:48: MasterKey Key Entry ... OK
2015/01/26 08:28:48: PowerON Counter Key Entry ... OK
2015/01/26 08:28:49: Key Entry ... OK
2015/01/26 08:28:49: Complete.
2015/01/26 08:28:49: COM PORT CLOSE ... OK
2015/01/26 08:28:49: 
2015/01/26 08:28:49: ==== Processing was completed ====
2015/01/26 08:28:49: 
*************************************************


*********** Start the Initialize Key Check **********
2015/01/26 08:32:55: Tool Ver: 2013.0605.01
2015/01/26 08:32:55: COM PORT OPEN ... OK
2015/01/26 08:32:55:
2015/01/26 08:32:55: ProductS/N:  VRW06A115101050
2015/01/26 08:32:55: TID: 86041B27CAE52080
2015/01/26 08:32:55: F/W Version: 00.00.08
2015/01/26 08:32:55:
2015/01/26 08:32:55: MasterKey Key Entry ... OK
2015/01/26 08:32:55: PowerON Counter Key Entry ... OK
2015/01/26 08:32:56: Key Entry ... OK
2015/01/26 08:32:56: Complete.
2015/01/26 08:32:56: COM PORT CLOSE ... OK
2015/01/26 08:32:56: 
2015/01/26 08:32:56: ==== Processing was completed ====
2015/01/26 08:32:56: 
*************************************************


*********** Start the Initialize Key Check **********
2015/01/26 08:36:25: Tool Ver: 2013.0605.01
2015/01/26 08:36:25: COM PORT OPEN ... OK
2015/01/26 08:36:25:
2015/01/26 08:36:25: ProductS/N:  VRW06A115101048
2015/01/26 08:36:25: TID: 86040832CAE52080
2015/01/26 08:36:25: F/W Version: 00.00.08
2015/01/26 08:36:25:
2015/01/26 08:36:25: MasterKey Key Entry ... OK
2015/01/26 08:36:25: PowerON Counter Key Entry ... OK
2015/01/26 08:36:26: Key Entry ... OK
2015/01/26 08:36:26: Complete.
2015/01/26 08:36:26: COM PORT CLOSE ... OK
2015/01/26 08:36:26: 
2015/01/26 08:36:26: ==== Processing was completed ====
2015/01/26 08:36:26: 
*************************************************


*********** Start the Initialize Key Check **********
2015/01/26 08:47:28: Tool Ver: 2013.0605.01
2015/01/26 08:47:28: COM PORT OPEN ... OK
2015/01/26 08:47:28:
2015/01/26 08:47:28: ProductS/N:  6A115101055
2015/01/26 08:47:28: TID: 86040C34CAE52080
2015/01/26 08:47:28: F/W Version: 00.00.08
2015/01/26 08:47:28:
2015/01/26 08:47:28: MasterKey Key Entry ... OK
2015/01/26 08:47:28: PowerON Counter Key Entry ... OK
2015/01/26 08:47:29: Key Entry ... OK
2015/01/26 08:47:29: Complete.
2015/01/26 08:47:29: COM PORT CLOSE ... OK
2015/01/26 08:47:29: 
2015/01/26 08:47:29: ==== Processing was completed ====
2015/01/26 08:47:29: 
*************************************************


*********** Start the Initialize Key Check **********
2015/01/26 08:50:22: Tool Ver: 2013.0605.01
2015/01/26 08:50:22: COM PORT OPEN ... OK
2015/01/26 08:50:22:
2015/01/26 08:50:22: ProductS/N:  VRW06A115101051
2015/01/26 08:50:22: TID: 86040E0C32E62080
2015/01/26 08:50:22: F/W Version: 00.00.08
2015/01/26 08:50:22:
2015/01/26 08:50:22: MasterKey Key Entry ... OK
2015/01/26 08:50:22: PowerON Counter Key Entry ... OK
2015/01/26 08:50:23: Key Entry ... OK
2015/01/26 08:50:23: Complete.
2015/01/26 08:50:23: COM PORT CLOSE ... OK
2015/01/26 08:50:23: 
2015/01/26 08:50:23: ==== Processing was completed ====
2015/01/26 08:50:23: 
*************************************************


*********** Start the Initialize Key Check **********
2015/01/26 08:52:27: Tool Ver: 2013.0605.01
2015/01/26 08:52:27: COM PORT OPEN ... OK
2015/01/26 08:52:27:
2015/01/26 08:52:27: ProductS/N:  VRW06A115101052
2015/01/26 08:52:27: TID: 860420143AE62080
2015/01/26 08:52:27: F/W Version: 00.00.08
2015/01/26 08:52:27:
2015/01/26 08:52:27: MasterKey Key Entry ... OK
2015/01/26 08:52:27: PowerON Counter Key Entry ... OK
2015/01/26 08:52:28: Key Entry ... OK
2015/01/26 08:52:28: Complete.
2015/01/26 08:52:28: COM PORT CLOSE ... OK
2015/01/26 08:52:28: 
2015/01/26 08:52:28: ==== Processing was completed ====
2015/01/26 08:52:28: 
*************************************************


*********** Start the Initialize Key Check **********
2015/01/26 08:54:12: Tool Ver: 2013.0605.01
2015/01/26 08:54:12: COM PORT OPEN ... OK
2015/01/26 08:54:12:
2015/01/26 08:54:12: ProductS/N:  VRW06A115101045
2015/01/26 08:54:12: TID: 8604101BD2E52080
2015/01/26 08:54:12: F/W Version: 00.00.08
2015/01/26 08:54:12:
2015/01/26 08:54:12: MasterKey Key Entry ... OK
2015/01/26 08:54:12: PowerON Counter Key Entry ... OK
2015/01/26 08:54:13: Key Entry ... OK
2015/01/26 08:54:13: Complete.
2015/01/26 08:54:13: COM PORT CLOSE ... OK
2015/01/26 08:54:13: 
2015/01/26 08:54:13: ==== Processing was completed ====
2015/01/26 08:54:13: 
*************************************************


*********** Start the Initialize Key Check **********
2015/01/26 09:07:51: Tool Ver: 2013.0605.01
2015/01/26 09:07:51: COM PORT OPEN ... OK
2015/01/26 09:07:52:
2015/01/26 09:07:52: ProductS/N:  6A115101060
2015/01/26 09:07:52: TID: 86042314D2E52080
2015/01/26 09:07:52: F/W Version: 00.00.08
2015/01/26 09:07:52:
2015/01/26 09:07:52: MasterKey Key Entry ... OK
2015/01/26 09:07:52: PowerON Counter Key Entry ... OK
2015/01/26 09:07:52: Key Entry ... OK
2015/01/26 09:07:52: Complete.
2015/01/26 09:07:52: COM PORT CLOSE ... OK
2015/01/26 09:07:52: 
2015/01/26 09:07:52: ==== Processing was completed ====
2015/01/26 09:07:52: 
*************************************************


*********** Start the Initialize Key Check **********
2015/01/26 09:09:58: Tool Ver: 2013.0605.01
2015/01/26 09:09:58: COM PORT OPEN ... OK
2015/01/26 09:09:59:
2015/01/26 09:09:59: ProductS/N:  VRW06A115101058
2015/01/26 09:09:59: TID: 86042617D2E52080
2015/01/26 09:09:59: F/W Version: 00.00.08
2015/01/26 09:09:59:
2015/01/26 09:09:59: MasterKey Key Entry ... OK
2015/01/26 09:09:59: PowerON Counter Key Entry ... OK
2015/01/26 09:09:59: Key Entry ... OK
2015/01/26 09:09:59: Complete.
2015/01/26 09:09:59: COM PORT CLOSE ... OK
2015/01/26 09:09:59: 
2015/01/26 09:09:59: ==== Processing was completed ====
2015/01/26 09:09:59: 
*************************************************


*********** Start the Initialize Key Check **********
2015/01/26 09:14:18: Tool Ver: 2013.0605.01
2015/01/26 09:14:18: COM PORT OPEN ... OK
2015/01/26 09:14:18:
2015/01/26 09:14:18: ProductS/N:  VRW06A115101059
2015/01/26 09:14:18: TID: 86042414D2E52080
2015/01/26 09:14:18: F/W Version: 00.00.08
2015/01/26 09:14:18:
2015/01/26 09:14:18: MasterKey Key Entry ... OK
2015/01/26 09:14:18: PowerON Counter Key Entry ... OK
2015/01/26 09:14:19: Key Entry ... OK
2015/01/26 09:14:19: Complete.
2015/01/26 09:14:19: COM PORT CLOSE ... OK
2015/01/26 09:14:19: 
2015/01/26 09:14:19: ==== Processing was completed ====
2015/01/26 09:14:19: 
*************************************************


*********** Start the Initialize Key Check **********
2015/01/26 09:15:39: Tool Ver: 2013.0605.01
2015/01/26 09:15:39: COM PORT OPEN ... OK
2015/01/26 09:15:39:
2015/01/26 09:15:39: ProductS/N:  VRW06A115101057
2015/01/26 09:15:39: TID: 86042B16D2E52080
2015/01/26 09:15:39: F/W Version: 00.00.08
2015/01/26 09:15:39:
2015/01/26 09:15:39: MasterKey Key Entry ... OK
2015/01/26 09:15:39: PowerON Counter Key Entry ... OK
2015/01/26 09:15:40: Key Entry ... OK
2015/01/26 09:15:40: Complete.
2015/01/26 09:15:40: COM PORT CLOSE ... OK
2015/01/26 09:15:40: 
2015/01/26 09:15:40: ==== Processing was completed ====
2015/01/26 09:15:40: 
*************************************************


*********** Start the Initialize Key Check **********
2015/01/26 09:29:57: Tool Ver: 2013.0605.01
2015/01/26 09:29:57: COM PORT OPEN ... OK
2015/01/26 09:29:57:
2015/01/26 09:29:57: ProductS/N:  06A115101065
2015/01/26 09:29:57: TID: 86043C2E3AE62080
2015/01/26 09:29:57: F/W Version: 00.00.08
2015/01/26 09:29:57:
2015/01/26 09:29:57: MasterKey Key Entry ... OK
2015/01/26 09:29:57: PowerON Counter Key Entry ... OK
2015/01/26 09:29:58: Key Entry ... OK
2015/01/26 09:29:58: Complete.
2015/01/26 09:29:58: COM PORT CLOSE ... OK
2015/01/26 09:29:58: 
2015/01/26 09:29:58: ==== Processing was completed ====
2015/01/26 09:29:58: 
*************************************************


*********** Start the Initialize Key Check **********
2015/01/26 09:31:50: Tool Ver: 2013.0605.01
2015/01/26 09:31:50: COM PORT OPEN ... OK
2015/01/26 09:31:51:
2015/01/26 09:31:51: ProductS/N:  VRW06A115101066
2015/01/26 09:31:51: TID: 86042E2B3AE62080
2015/01/26 09:31:51: F/W Version: 00.00.08
2015/01/26 09:31:51:
2015/01/26 09:31:51: MasterKey Key Entry ... OK
2015/01/26 09:31:51: PowerON Counter Key Entry ... OK
2015/01/26 09:31:51: Key Entry ... OK
2015/01/26 09:31:51: Complete.
2015/01/26 09:31:51: COM PORT CLOSE ... OK
2015/01/26 09:31:51: 
2015/01/26 09:31:51: ==== Processing was completed ====
2015/01/26 09:31:51: 
*************************************************


*********** Start the Initialize Key Check **********
2015/01/26 09:33:50: Tool Ver: 2013.0605.01
2015/01/26 09:33:50: COM PORT OPEN ... OK
2015/01/26 09:33:50:
2015/01/26 09:33:50: ProductS/N:  VRW06A115101064
2015/01/26 09:33:50: TID: 860434143AE62080
2015/01/26 09:33:50: F/W Version: 00.00.08
2015/01/26 09:33:50:
2015/01/26 09:33:50: MasterKey Key Entry ... OK
2015/01/26 09:33:50: PowerON Counter Key Entry ... OK
2015/01/26 09:33:51: Key Entry ... OK
2015/01/26 09:33:51: Complete.
2015/01/26 09:33:51: COM PORT CLOSE ... OK
2015/01/26 09:33:51: 
2015/01/26 09:33:51: ==== Processing was completed ====
2015/01/26 09:33:51: 
*************************************************


*********** Start the Initialize Key Check **********
2015/01/26 09:34:37: Tool Ver: 2013.0605.01
2015/01/26 09:34:37: COM PORT OPEN ... OK
2015/01/26 09:34:37:
2015/01/26 09:34:37: ProductS/N:  VRW06A115101053
2015/01/26 09:34:37: TID: 86043C1F22E62080
2015/01/26 09:34:37: F/W Version: 00.00.08
2015/01/26 09:34:37:
2015/01/26 09:34:37: MasterKey Key Entry ... OK
2015/01/26 09:34:37: PowerON Counter Key Entry ... OK
2015/01/26 09:34:37: Key Entry ... OK
2015/01/26 09:34:37: Complete.
2015/01/26 09:34:37: COM PORT CLOSE ... OK
2015/01/26 09:34:37: 
2015/01/26 09:34:37: ==== Processing was completed ====
2015/01/26 09:34:37: 
*************************************************


*********** Start the Initialize Key Check **********
2015/01/26 09:39:44: Tool Ver: 2013.0605.01
2015/01/26 09:39:44: COM PORT OPEN ... OK
2015/01/26 09:39:44:
2015/01/26 09:39:44: ProductS/N:  VRW06A115101061
2015/01/26 09:39:44: TID: 86043B32CAE52080
2015/01/26 09:39:44: F/W Version: 00.00.08
2015/01/26 09:39:44:
2015/01/26 09:39:44: MasterKey Key Entry ... OK
2015/01/26 09:39:44: PowerON Counter Key Entry ... OK
2015/01/26 09:39:45: Key Entry ... OK
2015/01/26 09:39:45: Complete.
2015/01/26 09:39:45: COM PORT CLOSE ... OK
2015/01/26 09:39:45: 
2015/01/26 09:39:45: ==== Processing was completed ====
2015/01/26 09:39:45: 
*************************************************


*********** Start the Initialize Key Check **********
2015/01/26 09:40:29: Tool Ver: 2013.0605.01
2015/01/26 09:40:29: COM PORT OPEN ... OK
2015/01/26 09:40:29:
2015/01/26 09:40:29: ProductS/N:  VRW06A115101063
2015/01/26 09:40:29: TID: 86042A2222E62080
2015/01/26 09:40:29: F/W Version: 00.00.08
2015/01/26 09:40:29:
2015/01/26 09:40:29: MasterKey Key Entry ... OK
2015/01/26 09:40:29: PowerON Counter Key Entry ... OK
2015/01/26 09:40:30: Key Entry ... OK
2015/01/26 09:40:30: Complete.
2015/01/26 09:40:30: COM PORT CLOSE ... OK
2015/01/26 09:40:30: 
2015/01/26 09:40:30: ==== Processing was completed ====
2015/01/26 09:40:30: 
*************************************************


*********** Start the Initialize Key Check **********
2015/01/26 09:41:09: Tool Ver: 2013.0605.01
2015/01/26 09:41:09: COM PORT OPEN ... OK
2015/01/26 09:41:09:
2015/01/26 09:41:09: ProductS/N:  VRW06A115101069
2015/01/26 09:41:09: TID: 8604280E32E62080
2015/01/26 09:41:09: F/W Version: 00.00.08
2015/01/26 09:41:09:
2015/01/26 09:41:09: MasterKey Key Entry ... OK
2015/01/26 09:41:10: PowerON Counter Key Entry ... OK
2015/01/26 09:41:10: Key Entry ... OK
2015/01/26 09:41:10: Complete.
2015/01/26 09:41:10: COM PORT CLOSE ... OK
2015/01/26 09:41:10: 
2015/01/26 09:41:10: ==== Processing was completed ====
2015/01/26 09:41:10: 
*************************************************


*********** Start the Initialize Key Check **********
2015/01/26 09:43:30: Tool Ver: 2013.0605.01
2015/01/26 09:43:30: COM PORT OPEN ... OK
2015/01/26 09:43:30:
2015/01/26 09:43:30: ProductS/N:  VRW06A115100995
2015/01/26 09:43:30: TID: 86042C35CAE52080
2015/01/26 09:43:30: F/W Version: 00.00.08
2015/01/26 09:43:30:
2015/01/26 09:43:30: MasterKey Key Entry ... OK
2015/01/26 09:43:30: PowerON Counter Key Entry ... OK
2015/01/26 09:43:31: Key Entry ... OK
2015/01/26 09:43:31: Complete.
2015/01/26 09:43:31: COM PORT CLOSE ... OK
2015/01/26 09:43:31: 
2015/01/26 09:43:31: ==== Processing was completed ====
2015/01/26 09:43:31: 
*************************************************


*********** Start the Initialize Key Check **********
2015/01/26 09:45:11: Tool Ver: 2013.0605.01
2015/01/26 09:45:11: COM PORT OPEN ... OK
2015/01/26 09:45:11:
2015/01/26 09:45:11: ProductS/N:  VRW06A115101037
2015/01/26 09:45:11: TID: 8604390ED2E52080
2015/01/26 09:45:11: F/W Version: 00.00.08
2015/01/26 09:45:11:
2015/01/26 09:45:11: MasterKey Key Entry ... OK
2015/01/26 09:45:11: PowerON Counter Key Entry ... OK
2015/01/26 09:45:12: Key Entry ... OK
2015/01/26 09:45:12: Complete.
2015/01/26 09:45:12: COM PORT CLOSE ... OK
2015/01/26 09:45:12: 
2015/01/26 09:45:12: ==== Processing was completed ====
2015/01/26 09:45:12: 
*************************************************


*********** Start the Initialize Key Check **********
2015/01/26 09:50:41: Tool Ver: 2013.0605.01
2015/01/26 09:50:41: COM PORT OPEN ... OK
2015/01/26 09:50:41:
2015/01/26 09:50:41: ProductS/N:  VRW06A115101072
2015/01/26 09:50:41: TID: 86042D2622E62080
2015/01/26 09:50:41: F/W Version: 00.00.08
2015/01/26 09:50:41:
2015/01/26 09:50:41: MasterKey Key Entry ... OK
2015/01/26 09:50:41: PowerON Counter Key Entry ... OK
2015/01/26 09:50:42: Key Entry ... OK
2015/01/26 09:50:42: Complete.
2015/01/26 09:50:42: COM PORT CLOSE ... OK
2015/01/26 09:50:42: 
2015/01/26 09:50:42: ==== Processing was completed ====
2015/01/26 09:50:42: 
*************************************************


*********** Start the Initialize Key Check **********
2015/01/26 09:54:54: Tool Ver: 2013.0605.01
2015/01/26 09:54:54: COM PORT OPEN ... OK
2015/01/26 09:54:54:
2015/01/26 09:54:54: ProductS/N:  VRW06A115101062
2015/01/26 09:54:54: TID: 8604132122E62080
2015/01/26 09:54:54: F/W Version: 00.00.08
2015/01/26 09:54:54:
2015/01/26 09:54:54: MasterKey Key Entry ... OK
2015/01/26 09:54:54: PowerON Counter Key Entry ... OK
2015/01/26 09:54:54: Key Entry ... OK
2015/01/26 09:54:54: Complete.
2015/01/26 09:54:54: COM PORT CLOSE ... OK
2015/01/26 09:54:54: 
2015/01/26 09:54:54: ==== Processing was completed ====
2015/01/26 09:54:54: 
*************************************************


*********** Start the Initialize Key Check **********
2015/01/26 10:27:06: Tool Ver: 2013.0605.01
2015/01/26 10:27:06: COM PORT OPEN ... OK
2015/01/26 10:27:06:
2015/01/26 10:27:06: ProductS/N:  VRW06A115101073
2015/01/26 10:27:06: TID: 86040B283AE62080
2015/01/26 10:27:06: F/W Version: 00.00.08
2015/01/26 10:27:06:
2015/01/26 10:27:06: MasterKey Key Entry ... OK
2015/01/26 10:27:06: PowerON Counter Key Entry ... OK
2015/01/26 10:27:07: Key Entry ... OK
2015/01/26 10:27:07: Complete.
2015/01/26 10:27:07: COM PORT CLOSE ... OK
2015/01/26 10:27:07: 
2015/01/26 10:27:07: ==== Processing was completed ====
2015/01/26 10:27:07: 
*************************************************


*********** Start the Initialize Key Check **********
2015/01/26 10:28:36: Tool Ver: 2013.0605.01
2015/01/26 10:28:36: COM PORT OPEN ... OK
2015/01/26 10:28:36:
2015/01/26 10:28:36: ProductS/N:  VRW06A115101074
2015/01/26 10:28:36: TID: 86040D293AE62080
2015/01/26 10:28:36: F/W Version: 00.00.08
2015/01/26 10:28:36:
2015/01/26 10:28:36: MasterKey Key Entry ... OK
2015/01/26 10:28:36: PowerON Counter Key Entry ... OK
2015/01/26 10:28:36: Key Entry ... OK
2015/01/26 10:28:36: Complete.
2015/01/26 10:28:37: COM PORT CLOSE ... OK
2015/01/26 10:28:37: 
2015/01/26 10:28:37: ==== Processing was completed ====
2015/01/26 10:28:37: 
*************************************************


*********** Start the Initialize Key Check **********
2015/01/26 10:31:07: Tool Ver: 2013.0605.01
2015/01/26 10:31:07: COM PORT OPEN ... OK
2015/01/26 10:31:07:
2015/01/26 10:31:07: ProductS/N:  VRW06A115101054
2015/01/26 10:31:07: TID: 86041E143AE62080
2015/01/26 10:31:07: F/W Version: 00.00.08
2015/01/26 10:31:07:
2015/01/26 10:31:07: MasterKey Key Entry ... OK
2015/01/26 10:31:07: PowerON Counter Key Entry ... OK
2015/01/26 10:31:08: Key Entry ... OK
2015/01/26 10:31:08: Complete.
2015/01/26 10:31:08: COM PORT CLOSE ... OK
2015/01/26 10:31:08: 
2015/01/26 10:31:08: ==== Processing was completed ====
2015/01/26 10:31:08: 
*************************************************


*********** Start the Initialize Key Check **********
2015/01/26 10:43:43: Tool Ver: 2013.0605.01
2015/01/26 10:43:43: COM PORT OPEN ... OK
2015/01/26 10:43:43:
2015/01/26 10:43:43: ProductS/N:  06A115101079
2015/01/26 10:43:43: TID: 8604042222E62080
2015/01/26 10:43:43: F/W Version: 00.00.08
2015/01/26 10:43:43:
2015/01/26 10:43:43: MasterKey Key Entry ... OK
2015/01/26 10:43:43: PowerON Counter Key Entry ... OK
2015/01/26 10:43:44: Key Entry ... OK
2015/01/26 10:43:44: Complete.
2015/01/26 10:43:44: COM PORT CLOSE ... OK
2015/01/26 10:43:44: 
2015/01/26 10:43:44: ==== Processing was completed ====
2015/01/26 10:43:44: 
*************************************************


*********** Start the Initialize Key Check **********
2015/01/26 10:47:18: Tool Ver: 2013.0605.01
2015/01/26 10:47:18: COM PORT OPEN ... OK
2015/01/26 10:47:18:
2015/01/26 10:47:18: ProductS/N:  VRW06A115101047
2015/01/26 10:47:18: TID: 86042518D2E52080
2015/01/26 10:47:19: F/W Version: 00.00.08
2015/01/26 10:47:19:
2015/01/26 10:47:19: MasterKey Key Entry ... OK
2015/01/26 10:47:19: PowerON Counter Key Entry ... OK
2015/01/26 10:47:19: Key Entry ... OK
2015/01/26 10:47:19: Complete.
2015/01/26 10:47:19: COM PORT CLOSE ... OK
2015/01/26 10:47:19: 
2015/01/26 10:47:19: ==== Processing was completed ====
2015/01/26 10:47:19: 
*************************************************


*********** Start the Initialize Key Check **********
2015/01/26 10:48:30: Tool Ver: 2013.0605.01
2015/01/26 10:48:30: COM PORT OPEN ... OK
2015/01/26 10:48:30:
2015/01/26 10:48:30: ProductS/N:  VRW06A115101078
2015/01/26 10:48:30: TID: 86041C2B3AE62080
2015/01/26 10:48:30: F/W Version: 00.00.08
2015/01/26 10:48:30:
2015/01/26 10:48:30: MasterKey Key Entry ... OK
2015/01/26 10:48:30: PowerON Counter Key Entry ... OK
2015/01/26 10:48:30: Key Entry ... OK
2015/01/26 10:48:30: Complete.
2015/01/26 10:48:30: COM PORT CLOSE ... OK
2015/01/26 10:48:30: 
2015/01/26 10:48:30: ==== Processing was completed ====
2015/01/26 10:48:30: 
*************************************************


*********** Start the Initialize Key Check **********
2015/01/26 10:58:17: Tool Ver: 2013.0605.01
2015/01/26 10:58:17: COM PORT OPEN ... OK
2015/01/26 10:58:17:
2015/01/26 10:58:17: ProductS/N:  VRW06A115101081
2015/01/26 10:58:17: TID: 8604112222E62080
2015/01/26 10:58:17: F/W Version: 00.00.08
2015/01/26 10:58:17:
2015/01/26 10:58:17: MasterKey Key Entry ... OK
2015/01/26 10:58:17: PowerON Counter Key Entry ... OK
2015/01/26 10:58:18: Key Entry ... OK
2015/01/26 10:58:18: Complete.
2015/01/26 10:58:18: COM PORT CLOSE ... OK
2015/01/26 10:58:18: 
2015/01/26 10:58:18: ==== Processing was completed ====
2015/01/26 10:58:18: 
*************************************************


*********** Start the Initialize Key Check **********
2015/01/26 10:58:57: Tool Ver: 2013.0605.01
2015/01/26 10:58:57: COM PORT OPEN ... OK
2015/01/26 10:58:57:
2015/01/26 10:58:57: ProductS/N:  VRW06A115101080
2015/01/26 10:58:57: TID: 86043C293AE62080
2015/01/26 10:58:57: F/W Version: 00.00.08
2015/01/26 10:58:57:
2015/01/26 10:58:57: MasterKey Key Entry ... OK
2015/01/26 10:58:57: PowerON Counter Key Entry ... OK
2015/01/26 10:58:57: Key Entry ... OK
2015/01/26 10:58:57: Complete.
2015/01/26 10:58:57: COM PORT CLOSE ... OK
2015/01/26 10:58:57: 
2015/01/26 10:58:57: ==== Processing was completed ====
2015/01/26 10:58:57: 
*************************************************


*********** Start the Initialize Key Check **********
2015/01/26 11:00:44: Tool Ver: 2013.0605.01
2015/01/26 11:00:44: COM PORT OPEN ... OK
2015/01/26 11:00:44:
2015/01/26 11:00:44: ProductS/N:  VRW06A115101076
2015/01/26 11:00:44: TID: 8604362022E62080
2015/01/26 11:00:44: F/W Version: 00.00.08
2015/01/26 11:00:44:
2015/01/26 11:00:44: MasterKey Key Entry ... OK
2015/01/26 11:00:44: PowerON Counter Key Entry ... OK
2015/01/26 11:00:45: Key Entry ... OK
2015/01/26 11:00:45: Complete.
2015/01/26 11:00:45: COM PORT CLOSE ... OK
2015/01/26 11:00:45: 
2015/01/26 11:00:45: ==== Processing was completed ====
2015/01/26 11:00:45: 
*************************************************


*********** Start the Initialize Key Check **********
2015/01/26 11:20:17: Tool Ver: 2013.0605.01
2015/01/26 11:20:17: COM PORT OPEN ... OK
2015/01/26 11:20:17:
2015/01/26 11:20:17: ProductS/N:  VRW06A115101083
2015/01/26 11:20:17: TID: 86040A2322E62080
2015/01/26 11:20:17: F/W Version: 00.00.08
2015/01/26 11:20:17:
2015/01/26 11:20:17: MasterKey Key Entry ... OK
2015/01/26 11:20:17: PowerON Counter Key Entry ... OK
2015/01/26 11:20:17: Key Entry ... OK
2015/01/26 11:20:17: Complete.
2015/01/26 11:20:17: COM PORT CLOSE ... OK
2015/01/26 11:20:17: 
2015/01/26 11:20:17: ==== Processing was completed ====
2015/01/26 11:20:17: 
*************************************************


*********** Start the Initialize Key Check **********
2015/01/26 11:22:22: Tool Ver: 2013.0605.01
2015/01/26 11:22:22: COM PORT OPEN ... OK
2015/01/26 11:22:23:
2015/01/26 11:22:23: ProductS/N:  VRW06A115101082
2015/01/26 11:22:23: TID: 86043A303AE62080
2015/01/26 11:22:23: F/W Version: 00.00.08
2015/01/26 11:22:23:
2015/01/26 11:22:23: MasterKey Key Entry ... OK
2015/01/26 11:22:23: PowerON Counter Key Entry ... OK
2015/01/26 11:22:23: Key Entry ... OK
2015/01/26 11:22:23: Complete.
2015/01/26 11:22:23: COM PORT CLOSE ... OK
2015/01/26 11:22:23: 
2015/01/26 11:22:23: ==== Processing was completed ====
2015/01/26 11:22:23: 
*************************************************


*********** Start the Initialize Key Check **********
2015/01/26 11:24:43: Tool Ver: 2013.0605.01
2015/01/26 11:24:43: COM PORT OPEN ... OK
2015/01/26 11:24:43:
2015/01/26 11:24:43: ProductS/N:  VRW06A115101077
2015/01/26 11:24:43: TID: 86041A2222E62080
2015/01/26 11:24:43: F/W Version: 00.00.08
2015/01/26 11:24:43:
2015/01/26 11:24:43: MasterKey Key Entry ... OK
2015/01/26 11:24:43: PowerON Counter Key Entry ... OK
2015/01/26 11:24:44: Key Entry ... OK
2015/01/26 11:24:44: Complete.
2015/01/26 11:24:44: COM PORT CLOSE ... OK
2015/01/26 11:24:44: 
2015/01/26 11:24:44: ==== Processing was completed ====
2015/01/26 11:24:44: 
*************************************************


*********** Start the Initialize Key Check **********
2015/01/26 11:26:25: Tool Ver: 2013.0605.01
2015/01/26 11:26:25: COM PORT OPEN ... OK
2015/01/26 11:26:25:
2015/01/26 11:26:25: ProductS/N:  VRW06A115101069
2015/01/26 11:26:25: TID: 8604280E32E62080
2015/01/26 11:26:25: F/W Version: 00.00.08
2015/01/26 11:26:25:
2015/01/26 11:26:25: MasterKey Key Entry ... OK
2015/01/26 11:26:25: PowerON Counter Key Entry ... OK
2015/01/26 11:26:25: Key Entry ... OK
2015/01/26 11:26:25: Complete.
2015/01/26 11:26:25: COM PORT CLOSE ... OK
2015/01/26 11:26:25: 
2015/01/26 11:26:25: ==== Processing was completed ====
2015/01/26 11:26:25: 
*************************************************


*********** Start the Initialize Key Check **********
2015/01/26 11:27:56: Tool Ver: 2013.0605.01
2015/01/26 11:27:56: COM PORT OPEN ... OK
2015/01/26 11:27:56:
2015/01/26 11:27:56: ProductS/N:  VRW06A115101062
2015/01/26 11:27:56: TID: 8604132122E62080
2015/01/26 11:27:56: F/W Version: 00.00.08
2015/01/26 11:27:56:
2015/01/26 11:27:56: MasterKey Key Entry ... OK
2015/01/26 11:27:56: PowerON Counter Key Entry ... OK
2015/01/26 11:27:57: Key Entry ... OK
2015/01/26 11:27:57: Complete.
2015/01/26 11:27:57: COM PORT CLOSE ... OK
2015/01/26 11:27:57: 
2015/01/26 11:27:57: ==== Processing was completed ====
2015/01/26 11:27:57: 
*************************************************


*********** Start the Initialize Key Check **********
2015/01/26 11:28:41: Tool Ver: 2013.0605.01
2015/01/26 11:28:41: COM PORT OPEN ... OK
2015/01/26 11:28:41:
2015/01/26 11:28:41: ProductS/N:  VRW06A115101068
2015/01/26 11:28:41: TID: 86040E173AE62080
2015/01/26 11:28:41: F/W Version: 00.00.08
2015/01/26 11:28:41:
2015/01/26 11:28:41: MasterKey Key Entry ... OK
2015/01/26 11:28:41: PowerON Counter Key Entry ... OK
2015/01/26 11:28:42: Key Entry ... OK
2015/01/26 11:28:42: Complete.
2015/01/26 11:28:42: COM PORT CLOSE ... OK
2015/01/26 11:28:42: 
2015/01/26 11:28:42: ==== Processing was completed ====
2015/01/26 11:28:42: 
*************************************************


*********** Start the Initialize Key Check **********
2015/01/26 11:29:57: Tool Ver: 2013.0605.01
2015/01/26 11:29:57: COM PORT OPEN ... OK
2015/01/26 11:29:57:
2015/01/26 11:29:57: ProductS/N:  VRW06A115100996
2015/01/26 11:29:58: TID: 86042D35CAE52080
2015/01/26 11:29:58: F/W Version: 00.00.08
2015/01/26 11:29:58:
2015/01/26 11:29:58: MasterKey Key Entry ... OK
2015/01/26 11:29:58: PowerON Counter Key Entry ... OK
2015/01/26 11:29:58: Key Entry ... OK
2015/01/26 11:29:58: Complete.
2015/01/26 11:29:58: COM PORT CLOSE ... OK
2015/01/26 11:29:58: 
2015/01/26 11:29:58: ==== Processing was completed ====
2015/01/26 11:29:58: 
*************************************************


*********** Start the Initialize Key Check **********
2015/01/26 11:35:40: Tool Ver: 2013.0605.01
2015/01/26 11:35:40: COM PORT OPEN ... OK
2015/01/26 11:35:40:
2015/01/26 11:35:40: ProductS/N:  VRW06A115101088
2015/01/26 11:35:40: TID: 86042B2522E62080
2015/01/26 11:35:40: F/W Version: 00.00.08
2015/01/26 11:35:40:
2015/01/26 11:35:40: MasterKey Key Entry ... OK
2015/01/26 11:35:40: PowerON Counter Key Entry ... OK
2015/01/26 11:35:40: Key Entry ... OK
2015/01/26 11:35:40: Complete.
2015/01/26 11:35:40: COM PORT CLOSE ... OK
2015/01/26 11:35:40: 
2015/01/26 11:35:40: ==== Processing was completed ====
2015/01/26 11:35:40: 
*************************************************


*********** Start the Initialize Key Check **********
2015/01/26 11:37:05: Tool Ver: 2013.0605.01
2015/01/26 11:37:05: COM PORT OPEN ... OK
2015/01/26 11:37:05:
2015/01/26 11:37:05: ProductS/N:  VRW06A115101092
2015/01/26 11:37:05: TID: 8604152B3AE62080
2015/01/26 11:37:05: F/W Version: 00.00.08
2015/01/26 11:37:05:
2015/01/26 11:37:05: MasterKey Key Entry ... OK
2015/01/26 11:37:05: PowerON Counter Key Entry ... OK
2015/01/26 11:37:06: Key Entry ... OK
2015/01/26 11:37:06: Complete.
2015/01/26 11:37:06: COM PORT CLOSE ... OK
2015/01/26 11:37:06: 
2015/01/26 11:37:06: ==== Processing was completed ====
2015/01/26 11:37:06: 
*************************************************


*********** Start the Initialize Key Check **********
2015/01/26 13:01:50: Tool Ver: 2013.0605.01
2015/01/26 13:01:50: COM PORT OPEN ... OK
2015/01/26 13:01:50:
2015/01/26 13:01:50: ProductS/N:  VRW06A115101090
2015/01/26 13:01:50: TID: 860443243AE62080
2015/01/26 13:01:50: F/W Version: 00.00.08
2015/01/26 13:01:50:
2015/01/26 13:01:50: MasterKey Key Entry ... OK
2015/01/26 13:01:50: PowerON Counter Key Entry ... OK
2015/01/26 13:01:50: Key Entry ... OK
2015/01/26 13:01:50: Complete.
2015/01/26 13:01:50: COM PORT CLOSE ... OK
2015/01/26 13:01:50: 
2015/01/26 13:01:50: ==== Processing was completed ====
2015/01/26 13:01:50: 
*************************************************


*********** Start the Initialize Key Check **********
2015/01/26 13:03:34: Tool Ver: 2013.0605.01
2015/01/26 13:03:34: COM PORT OPEN ... OK
2015/01/26 13:03:34:
2015/01/26 13:03:34: ProductS/N:  VRW06A115101087
2015/01/26 13:03:34: TID: 86040A163AE62080
2015/01/26 13:03:34: F/W Version: 00.00.08
2015/01/26 13:03:34:
2015/01/26 13:03:34: MasterKey Key Entry ... OK
2015/01/26 13:03:34: PowerON Counter Key Entry ... OK
2015/01/26 13:03:34: Key Entry ... OK
2015/01/26 13:03:34: Complete.
2015/01/26 13:03:34: COM PORT CLOSE ... OK
2015/01/26 13:03:34: 
2015/01/26 13:03:34: ==== Processing was completed ====
2015/01/26 13:03:34: 
*************************************************


*********** Start the Initialize Key Check **********
2015/01/26 13:05:14: Tool Ver: 2013.0605.01
2015/01/26 13:05:14: COM PORT OPEN ... OK
2015/01/26 13:05:15:
2015/01/26 13:05:15: ProductS/N:  VRW06A115101086
2015/01/26 13:05:15: TID: 8604150632E62080
2015/01/26 13:05:15: F/W Version: 00.00.08
2015/01/26 13:05:15:
2015/01/26 13:05:15: MasterKey Key Entry ... OK
2015/01/26 13:05:15: PowerON Counter Key Entry ... OK
2015/01/26 13:05:15: Key Entry ... OK
2015/01/26 13:05:15: Complete.
2015/01/26 13:05:15: COM PORT CLOSE ... OK
2015/01/26 13:05:15: 
2015/01/26 13:05:15: ==== Processing was completed ====
2015/01/26 13:05:15: 
*************************************************


*********** Start the Initialize Key Check **********
2015/01/26 13:07:28: Tool Ver: 2013.0605.01
2015/01/26 13:07:28: COM PORT OPEN ... OK
2015/01/26 13:07:28:
2015/01/26 13:07:28: ProductS/N:  VRW06A115101091
2015/01/26 13:07:28: TID: 86041814D2E52080
2015/01/26 13:07:28: F/W Version: 00.00.08
2015/01/26 13:07:28:
2015/01/26 13:07:28: MasterKey Key Entry ... OK
2015/01/26 13:07:28: PowerON Counter Key Entry ... OK
2015/01/26 13:07:28: Key Entry ... OK
2015/01/26 13:07:28: Complete.
2015/01/26 13:07:28: COM PORT CLOSE ... OK
2015/01/26 13:07:28: 
2015/01/26 13:07:28: ==== Processing was completed ====
2015/01/26 13:07:28: 
*************************************************


*********** Start the Initialize Key Check **********
2015/01/26 13:09:01: Tool Ver: 2013.0605.01
2015/01/26 13:09:01: COM PORT OPEN ... OK
2015/01/26 13:09:01:
2015/01/26 13:09:01: ProductS/N:  VRW06A115101093
2015/01/26 13:09:01: TID: 86042D2ACAE52080
2015/01/26 13:09:01: F/W Version: 00.00.08
2015/01/26 13:09:01:
2015/01/26 13:09:01: MasterKey Key Entry ... OK
2015/01/26 13:09:01: PowerON Counter Key Entry ... OK
2015/01/26 13:09:02: Key Entry ... OK
2015/01/26 13:09:02: Complete.
2015/01/26 13:09:02: COM PORT CLOSE ... OK
2015/01/26 13:09:02: 
2015/01/26 13:09:02: ==== Processing was completed ====
2015/01/26 13:09:02: 
*************************************************


*********** Start the Initialize Key Check **********
2015/01/26 13:10:21: Tool Ver: 2013.0605.01
2015/01/26 13:10:21: COM PORT OPEN ... OK
2015/01/26 13:10:21:
2015/01/26 13:10:21: ProductS/N:  VRW06A115101094
2015/01/26 13:10:21: TID: 86041138CAE52080
2015/01/26 13:10:21: F/W Version: 00.00.08
2015/01/26 13:10:21:
2015/01/26 13:10:21: MasterKey Key Entry ... OK
2015/01/26 13:10:21: PowerON Counter Key Entry ... OK
2015/01/26 13:10:22: Key Entry ... OK
2015/01/26 13:10:22: Complete.
2015/01/26 13:10:22: COM PORT CLOSE ... OK
2015/01/26 13:10:22: 
2015/01/26 13:10:22: ==== Processing was completed ====
2015/01/26 13:10:22: 
*************************************************


*********** Start the Initialize Key Check **********
2015/01/26 13:20:18: Tool Ver: 2013.0605.01
2015/01/26 13:20:18: COM PORT OPEN ... OK
2015/01/26 13:20:18:
2015/01/26 13:20:18: ProductS/N:  VRW06A115100907
2015/01/26 13:20:18: TID: 86043C2FCAE52080
2015/01/26 13:20:18: F/W Version: 00.00.08
2015/01/26 13:20:18:
2015/01/26 13:20:18: MasterKey Key Entry ... OK
2015/01/26 13:20:18: PowerON Counter Key Entry ... OK
2015/01/26 13:20:19: Key Entry ... OK
2015/01/26 13:20:19: Complete.
2015/01/26 13:20:19: COM PORT CLOSE ... OK
2015/01/26 13:20:19: 
2015/01/26 13:20:19: ==== Processing was completed ====
2015/01/26 13:20:19: 
*************************************************


*********** Start the Initialize Key Check **********
2015/01/26 13:33:44: Tool Ver: 2013.0605.01
2015/01/26 13:33:44: COM PORT OPEN ... OK
2015/01/26 13:33:44:
2015/01/26 13:33:44: ProductS/N:  6A115101099
2015/01/26 13:33:44: TID: 8604250D32E62080
2015/01/26 13:33:44: F/W Version: 00.00.08
2015/01/26 13:33:44:
2015/01/26 13:33:44: MasterKey Key Entry ... OK
2015/01/26 13:33:44: PowerON Counter Key Entry ... OK
2015/01/26 13:33:45: Key Entry ... OK
2015/01/26 13:33:45: Complete.
2015/01/26 13:33:45: COM PORT CLOSE ... OK
2015/01/26 13:33:45: 
2015/01/26 13:33:45: ==== Processing was completed ====
2015/01/26 13:33:45: 
*************************************************


*********** Start the Initialize Key Check **********
2015/01/26 13:34:53: Tool Ver: 2013.0605.01
2015/01/26 13:34:53: COM PORT OPEN ... OK
2015/01/26 13:34:54:
2015/01/26 13:34:54: ProductS/N:  VRW06A115101085
2015/01/26 13:34:54: TID: 860416163AE62080
2015/01/26 13:34:54: F/W Version: 00.00.08
2015/01/26 13:34:54:
2015/01/26 13:34:54: MasterKey Key Entry ... OK
2015/01/26 13:34:54: PowerON Counter Key Entry ... OK
2015/01/26 13:34:54: Key Entry ... OK
2015/01/26 13:34:54: Complete.
2015/01/26 13:34:54: COM PORT CLOSE ... OK
2015/01/26 13:34:54: 
2015/01/26 13:34:54: ==== Processing was completed ====
2015/01/26 13:34:54: 
*************************************************


*********** Start the Initialize Key Check **********
2015/01/26 13:37:13: Tool Ver: 2013.0605.01
2015/01/26 13:37:13: COM PORT OPEN ... OK
2015/01/26 13:37:13:
2015/01/26 13:37:13: ProductS/N:  VRW06A115101098
2015/01/26 13:37:14: TID: 8604192FCAE52080
2015/01/26 13:37:14: F/W Version: 00.00.08
2015/01/26 13:37:14:
2015/01/26 13:37:14: MasterKey Key Entry ... OK
2015/01/26 13:37:14: PowerON Counter Key Entry ... OK
2015/01/26 13:37:14: Key Entry ... OK
2015/01/26 13:37:14: Complete.
2015/01/26 13:37:14: COM PORT CLOSE ... OK
2015/01/26 13:37:14: 
2015/01/26 13:37:14: ==== Processing was completed ====
2015/01/26 13:37:14: 
*************************************************


*********** Start the Initialize Key Check **********
2015/01/26 13:38:55: Tool Ver: 2013.0605.01
2015/01/26 13:38:55: COM PORT OPEN ... OK
2015/01/26 13:38:55:
2015/01/26 13:38:55: ProductS/N:  VRW06A115101096
2015/01/26 13:38:55: TID: 86041E14D2E52080
2015/01/26 13:38:55: F/W Version: 00.00.08
2015/01/26 13:38:55:
2015/01/26 13:38:55: MasterKey Key Entry ... OK
2015/01/26 13:38:55: PowerON Counter Key Entry ... OK
2015/01/26 13:38:56: Key Entry ... OK
2015/01/26 13:38:56: Complete.
2015/01/26 13:38:56: COM PORT CLOSE ... OK
2015/01/26 13:38:56: 
2015/01/26 13:38:56: ==== Processing was completed ====
2015/01/26 13:38:56: 
*************************************************


*********** Start the Initialize Key Check **********
2015/01/26 13:42:00: Tool Ver: 2013.0605.01
2015/01/26 13:42:00: COM PORT OPEN ... OK
2015/01/26 13:42:00:
2015/01/26 13:42:00: ProductS/N:  VRW06A115101104
2015/01/26 13:42:00: TID: 8604141132E62080
2015/01/26 13:42:00: F/W Version: 00.00.08
2015/01/26 13:42:00:
2015/01/26 13:42:00: MasterKey Key Entry ... OK
2015/01/26 13:42:00: PowerON Counter Key Entry ... OK
2015/01/26 13:42:01: Key Entry ... OK
2015/01/26 13:42:01: Complete.
2015/01/26 13:42:01: COM PORT CLOSE ... OK
2015/01/26 13:42:01: 
2015/01/26 13:42:01: ==== Processing was completed ====
2015/01/26 13:42:01: 
*************************************************


*********** Start the Initialize Key Check **********
2015/01/26 13:44:30: Tool Ver: 2013.0605.01
2015/01/26 13:44:30: COM PORT OPEN ... OK
2015/01/26 13:44:31:
2015/01/26 13:44:31: ProductS/N:  VRW06A115101089
2015/01/26 13:44:31: TID: 8604253CCAE52080
2015/01/26 13:44:31: F/W Version: 00.00.08
2015/01/26 13:44:31:
2015/01/26 13:44:31: MasterKey Key Entry ... OK
2015/01/26 13:44:31: PowerON Counter Key Entry ... OK
2015/01/26 13:44:31: Key Entry ... OK
2015/01/26 13:44:31: Complete.
2015/01/26 13:44:31: COM PORT CLOSE ... OK
2015/01/26 13:44:31: 
2015/01/26 13:44:31: ==== Processing was completed ====
2015/01/26 13:44:31: 
*************************************************


*********** Start the Initialize Key Check **********
2015/01/26 13:45:42: Tool Ver: 2013.0605.01
2015/01/26 13:45:42: COM PORT OPEN ... OK
2015/01/26 13:45:42:
2015/01/26 13:45:42: ProductS/N:  VRW06A115101102
2015/01/26 13:45:42: TID: 8604371F22E62080
2015/01/26 13:45:42: F/W Version: 00.00.08
2015/01/26 13:45:42:
2015/01/26 13:45:42: MasterKey Key Entry ... OK
2015/01/26 13:45:42: PowerON Counter Key Entry ... OK
2015/01/26 13:45:43: Key Entry ... OK
2015/01/26 13:45:43: Complete.
2015/01/26 13:45:43: COM PORT CLOSE ... OK
2015/01/26 13:45:43: 
2015/01/26 13:45:43: ==== Processing was completed ====
2015/01/26 13:45:43: 
*************************************************


*********** Start the Initialize Key Check **********
2015/01/26 14:02:48: Tool Ver: 2013.0605.01
2015/01/26 14:02:48: COM PORT OPEN ... OK
2015/01/26 14:02:49:
2015/01/26 14:02:49: ProductS/N:  6A115101029
2015/01/26 14:02:49: TID: 86041C0E32E62080
2015/01/26 14:02:49: F/W Version: 00.00.08
2015/01/26 14:02:49:
2015/01/26 14:02:49: MasterKey Key Entry ... OK
2015/01/26 14:02:49: PowerON Counter Key Entry ... OK
2015/01/26 14:02:49: Key Entry ... OK
2015/01/26 14:02:49: Complete.
2015/01/26 14:02:49: COM PORT CLOSE ... OK
2015/01/26 14:02:49: 
2015/01/26 14:02:49: ==== Processing was completed ====
2015/01/26 14:02:49: 
*************************************************


*********** Start the Initialize Key Check **********
2015/01/26 14:04:21: Tool Ver: 2013.0605.01
2015/01/26 14:04:21: COM PORT OPEN ... OK
2015/01/26 14:04:21:
2015/01/26 14:04:21: ProductS/N:  VRW06A115101097
2015/01/26 14:04:21: TID: 8604250A32E62080
2015/01/26 14:04:21: F/W Version: 00.00.08
2015/01/26 14:04:21:
2015/01/26 14:04:21: MasterKey Key Entry ... OK
2015/01/26 14:04:21: PowerON Counter Key Entry ... OK
2015/01/26 14:04:21: Key Entry ... OK
2015/01/26 14:04:21: Complete.
2015/01/26 14:04:21: COM PORT CLOSE ... OK
2015/01/26 14:04:21: 
2015/01/26 14:04:21: ==== Processing was completed ====
2015/01/26 14:04:21: 
*************************************************


*********** Start the Initialize Key Check **********
2015/01/26 14:27:29: Tool Ver: 2013.0605.01
2015/01/26 14:27:29: COM PORT OPEN ... OK
2015/01/26 14:27:29:
2015/01/26 14:27:29: ProductS/N:  VRW06A115101101
2015/01/26 14:27:29: TID: 8604320632E62080
2015/01/26 14:27:29: F/W Version: 00.00.08
2015/01/26 14:27:29:
2015/01/26 14:27:29: MasterKey Key Entry ... OK
2015/01/26 14:27:29: PowerON Counter Key Entry ... OK
2015/01/26 14:27:29: Key Entry ... OK
2015/01/26 14:27:29: Complete.
2015/01/26 14:27:29: COM PORT CLOSE ... OK
2015/01/26 14:27:29: 
2015/01/26 14:27:29: ==== Processing was completed ====
2015/01/26 14:27:29: 
*************************************************


*********** Start the Initialize Key Check **********
2015/01/26 14:28:10: Tool Ver: 2013.0605.01
2015/01/26 14:28:10: COM PORT OPEN ... OK
2015/01/26 14:28:10:
2015/01/26 14:28:10: ProductS/N:  VRW06A115101103
2015/01/26 14:28:10: TID: 8604422C3AE62080
2015/01/26 14:28:10: F/W Version: 00.00.08
2015/01/26 14:28:10:
2015/01/26 14:28:10: MasterKey Key Entry ... OK
2015/01/26 14:28:10: PowerON Counter Key Entry ... OK
2015/01/26 14:28:10: Key Entry ... OK
2015/01/26 14:28:10: Complete.
2015/01/26 14:28:10: COM PORT CLOSE ... OK
2015/01/26 14:28:10: 
2015/01/26 14:28:10: ==== Processing was completed ====
2015/01/26 14:28:10: 
*************************************************


*********** Start the Initialize Key Check **********
2015/01/26 14:35:04: Tool Ver: 2013.0605.01
2015/01/26 14:35:04: COM PORT OPEN ... OK
2015/01/26 14:35:04:
2015/01/26 14:35:04: ProductS/N:  VRW06A115101111
2015/01/26 14:35:04: TID: 860405283AE62080
2015/01/26 14:35:04: F/W Version: 00.00.08
2015/01/26 14:35:04:
2015/01/26 14:35:04: MasterKey Key Entry ... OK
2015/01/26 14:35:04: PowerON Counter Key Entry ... OK
2015/01/26 14:35:05: Key Entry ... OK
2015/01/26 14:35:05: Complete.
2015/01/26 14:35:05: COM PORT CLOSE ... OK
2015/01/26 14:35:05: 
2015/01/26 14:35:05: ==== Processing was completed ====
2015/01/26 14:35:05: 
*************************************************


*********** Start the Initialize Key Check **********
2015/01/26 14:37:20: Tool Ver: 2013.0605.01
2015/01/26 14:37:20: COM PORT OPEN ... OK
2015/01/26 14:37:20:
2015/01/26 14:37:20: ProductS/N:  VRW06A115101117
2015/01/26 14:37:20: TID: 8604352D3AE62080
2015/01/26 14:37:20: F/W Version: 00.00.08
2015/01/26 14:37:20:
2015/01/26 14:37:21: MasterKey Key Entry ... OK
2015/01/26 14:37:21: PowerON Counter Key Entry ... OK
2015/01/26 14:37:21: Key Entry ... OK
2015/01/26 14:37:21: Complete.
2015/01/26 14:37:21: COM PORT CLOSE ... OK
2015/01/26 14:37:21: 
2015/01/26 14:37:21: ==== Processing was completed ====
2015/01/26 14:37:21: 
*************************************************


*********** Start the Initialize Key Check **********
2015/01/26 14:43:25: Tool Ver: 2013.0605.01
2015/01/26 14:43:25: COM PORT OPEN ... OK
2015/01/26 14:43:25:
2015/01/26 14:43:25: ProductS/N:  VRW06A115101118
2015/01/26 14:43:25: TID: 8604042B3AE62080
2015/01/26 14:43:25: F/W Version: 00.00.08
2015/01/26 14:43:25:
2015/01/26 14:43:25: MasterKey Key Entry ... OK
2015/01/26 14:43:25: PowerON Counter Key Entry ... OK
2015/01/26 14:43:26: Key Entry ... OK
2015/01/26 14:43:26: Complete.
2015/01/26 14:43:26: COM PORT CLOSE ... OK
2015/01/26 14:43:26: 
2015/01/26 14:43:26: ==== Processing was completed ====
2015/01/26 14:43:26: 
*************************************************


*********** Start the Initialize Key Check **********
2015/01/26 14:47:56: Tool Ver: 2013.0605.01
2015/01/26 14:47:56: COM PORT OPEN ... OK
2015/01/26 14:47:56:
2015/01/26 14:47:56: ProductS/N:  VRW06A115101113
2015/01/26 14:47:56: TID: 86042E2022E62080
2015/01/26 14:47:56: F/W Version: 00.00.08
2015/01/26 14:47:56:
2015/01/26 14:47:56: MasterKey Key Entry ... OK
2015/01/26 14:47:56: PowerON Counter Key Entry ... OK
2015/01/26 14:47:57: Key Entry ... OK
2015/01/26 14:47:57: Complete.
2015/01/26 14:47:57: COM PORT CLOSE ... OK
2015/01/26 14:47:57: 
2015/01/26 14:47:57: ==== Processing was completed ====
2015/01/26 14:47:57: 
*************************************************


*********** Start the Initialize Key Check **********
2015/01/26 14:50:57: Tool Ver: 2013.0605.01
2015/01/26 14:50:57: COM PORT OPEN ... OK
2015/01/26 14:50:57:
2015/01/26 14:50:57: ProductS/N:  VRW06A115101119
2015/01/26 14:50:57: TID: 86042A2C3AE62080
2015/01/26 14:50:57: F/W Version: 00.00.08
2015/01/26 14:50:57:
2015/01/26 14:50:57: MasterKey Key Entry ... OK
2015/01/26 14:50:57: PowerON Counter Key Entry ... OK
2015/01/26 14:50:58: Key Entry ... OK
2015/01/26 14:50:58: Complete.
2015/01/26 14:50:58: COM PORT CLOSE ... OK
2015/01/26 14:50:58: 
2015/01/26 14:50:58: ==== Processing was completed ====
2015/01/26 14:50:58: 
*************************************************


*********** Start the Initialize Key Check **********
2015/01/26 14:52:00: Tool Ver: 2013.0605.01
2015/01/26 14:52:00: COM PORT OPEN ... OK
2015/01/26 14:52:00:
2015/01/26 14:52:00: ProductS/N:  VRW06A115101121
2015/01/26 14:52:00: TID: 86041C283AE62080
2015/01/26 14:52:00: F/W Version: 00.00.08
2015/01/26 14:52:00:
2015/01/26 14:52:00: MasterKey Key Entry ... OK
2015/01/26 14:52:00: PowerON Counter Key Entry ... OK
2015/01/26 14:52:01: Key Entry ... OK
2015/01/26 14:52:01: Complete.
2015/01/26 14:52:01: COM PORT CLOSE ... OK
2015/01/26 14:52:01: 
2015/01/26 14:52:01: ==== Processing was completed ====
2015/01/26 14:52:01: 
*************************************************


*********** Start the Initialize Key Check **********
2015/01/26 14:53:49: Tool Ver: 2013.0605.01
2015/01/26 14:53:49: COM PORT OPEN ... OK
2015/01/26 14:53:49:
2015/01/26 14:53:49: ProductS/N:  VRW06A115101115
2015/01/26 14:53:49: TID: 8604062422E62080
2015/01/26 14:53:49: F/W Version: 00.00.08
2015/01/26 14:53:49:
2015/01/26 14:53:49: MasterKey Key Entry ... OK
2015/01/26 14:53:49: PowerON Counter Key Entry ... OK
2015/01/26 14:53:50: Key Entry ... OK
2015/01/26 14:53:50: Complete.
2015/01/26 14:53:50: COM PORT CLOSE ... OK
2015/01/26 14:53:50: 
2015/01/26 14:53:50: ==== Processing was completed ====
2015/01/26 14:53:50: 
*************************************************


*********** Start the Initialize Key Check **********
2015/01/26 14:55:07: Tool Ver: 2013.0605.01
2015/01/26 14:55:07: COM PORT OPEN ... OK
2015/01/26 14:55:07:
2015/01/26 14:55:07: ProductS/N:  VRW06A115101109
2015/01/26 14:55:07: TID: 8604202B3AE62080
2015/01/26 14:55:07: F/W Version: 00.00.08
2015/01/26 14:55:07:
2015/01/26 14:55:07: MasterKey Key Entry ... OK
2015/01/26 14:55:07: PowerON Counter Key Entry ... OK
2015/01/26 14:55:08: Key Entry ... OK
2015/01/26 14:55:08: Complete.
2015/01/26 14:55:08: COM PORT CLOSE ... OK
2015/01/26 14:55:08: 
2015/01/26 14:55:08: ==== Processing was completed ====
2015/01/26 14:55:08: 
*************************************************


*********** Start the Initialize Key Check **********
2015/01/26 15:16:58: Tool Ver: 2013.0605.01
2015/01/26 15:16:58: COM PORT OPEN ... OK
2015/01/26 15:16:58:
2015/01/26 15:16:58: ProductS/N:  VRW06A115101114
2015/01/26 15:16:58: TID: 8604352E3AE62080
2015/01/26 15:16:58: F/W Version: 00.00.08
2015/01/26 15:16:58:
2015/01/26 15:16:58: MasterKey Key Entry ... OK
2015/01/26 15:16:58: PowerON Counter Key Entry ... OK
2015/01/26 15:16:59: Key Entry ... OK
2015/01/26 15:16:59: Complete.
2015/01/26 15:16:59: COM PORT CLOSE ... OK
2015/01/26 15:16:59: 
2015/01/26 15:16:59: ==== Processing was completed ====
2015/01/26 15:16:59: 
*************************************************


*********** Start the Initialize Key Check **********
2015/01/26 15:27:28: Tool Ver: 2013.0605.01
2015/01/26 15:27:28: COM PORT OPEN ... OK
2015/01/26 15:27:29:
2015/01/26 15:27:29: ProductS/N:  06A115101120
2015/01/26 15:27:29: TID: 86041F0732E62080
2015/01/26 15:27:29: F/W Version: 00.00.08
2015/01/26 15:27:29:
2015/01/26 15:27:29: MasterKey Key Entry ... OK
2015/01/26 15:27:29: PowerON Counter Key Entry ... OK
2015/01/26 15:27:29: Key Entry ... OK
2015/01/26 15:27:29: Complete.
2015/01/26 15:27:29: COM PORT CLOSE ... OK
2015/01/26 15:27:29: 
2015/01/26 15:27:29: ==== Processing was completed ====
2015/01/26 15:27:29: 
*************************************************


*********** Start the Initialize Key Check **********
2015/01/26 15:28:08: Tool Ver: 2013.0605.01
2015/01/26 15:28:08: COM PORT OPEN ... OK
2015/01/26 15:28:08:
2015/01/26 15:28:08: ProductS/N:  VRW06A115101122
2015/01/26 15:28:08: TID: 8604320D32E62080
2015/01/26 15:28:08: F/W Version: 00.00.08
2015/01/26 15:28:08:
2015/01/26 15:28:08: MasterKey Key Entry ... OK
2015/01/26 15:28:08: PowerON Counter Key Entry ... OK
2015/01/26 15:28:09: Key Entry ... OK
2015/01/26 15:28:09: Complete.
2015/01/26 15:28:09: COM PORT CLOSE ... OK
2015/01/26 15:28:09: 
2015/01/26 15:28:09: ==== Processing was completed ====
2015/01/26 15:28:09: 
*************************************************


*********** Start the Initialize Key Check **********
2015/01/26 15:29:34: Tool Ver: 2013.0605.01
2015/01/26 15:29:34: COM PORT OPEN ... OK
2015/01/26 15:29:34:
2015/01/26 15:29:34: ProductS/N:  VRW06A115101116
2015/01/26 15:29:34: TID: 860424263AE62080
2015/01/26 15:29:34: F/W Version: 00.00.08
2015/01/26 15:29:34:
2015/01/26 15:29:34: MasterKey Key Entry ... OK
2015/01/26 15:29:34: PowerON Counter Key Entry ... OK
2015/01/26 15:29:35: Key Entry ... OK
2015/01/26 15:29:35: Complete.
2015/01/26 15:29:35: COM PORT CLOSE ... OK
2015/01/26 15:29:35: 
2015/01/26 15:29:35: ==== Processing was completed ====
2015/01/26 15:29:35: 
*************************************************


*********** Start the Initialize Key Check **********
2015/01/26 15:35:21: Tool Ver: 2013.0605.01
2015/01/26 15:35:21: COM PORT OPEN ... OK
2015/01/26 15:35:21:
2015/01/26 15:35:21: ProductS/N:  VRW06A115101129
2015/01/26 15:35:21: TID: 8604310932E62080
2015/01/26 15:35:21: F/W Version: 00.00.08
2015/01/26 15:35:21:
2015/01/26 15:35:21: MasterKey Key Entry ... OK
2015/01/26 15:35:21: PowerON Counter Key Entry ... OK
2015/01/26 15:35:22: Key Entry ... OK
2015/01/26 15:35:22: Complete.
2015/01/26 15:35:22: COM PORT CLOSE ... OK
2015/01/26 15:35:22: 
2015/01/26 15:35:22: ==== Processing was completed ====
2015/01/26 15:35:22: 
*************************************************


*********** Start the Initialize Key Check **********
2015/01/26 15:37:14: Tool Ver: 2013.0605.01
2015/01/26 15:37:14: COM PORT OPEN ... OK
2015/01/26 15:37:14:
2015/01/26 15:37:14: ProductS/N:  VRW06A115101123
2015/01/26 15:37:14: TID: 86041F1132E62080
2015/01/26 15:37:14: F/W Version: 00.00.08
2015/01/26 15:37:14:
2015/01/26 15:37:14: MasterKey Key Entry ... OK
2015/01/26 15:37:14: PowerON Counter Key Entry ... OK
2015/01/26 15:37:14: Key Entry ... OK
2015/01/26 15:37:14: Complete.
2015/01/26 15:37:14: COM PORT CLOSE ... OK
2015/01/26 15:37:14: 
2015/01/26 15:37:14: ==== Processing was completed ====
2015/01/26 15:37:14: 
*************************************************


*********** Start the Initialize Key Check **********
2015/01/26 15:38:35: Tool Ver: 2013.0605.01
2015/01/26 15:38:35: COM PORT OPEN ... OK
2015/01/26 15:38:35:
2015/01/26 15:38:35: ProductS/N:  VRW06A115101124
2015/01/26 15:38:35: TID: 8604200632E62080
2015/01/26 15:38:35: F/W Version: 00.00.08
2015/01/26 15:38:35:
2015/01/26 15:38:35: MasterKey Key Entry ... OK
2015/01/26 15:38:35: PowerON Counter Key Entry ... OK
2015/01/26 15:38:36: Key Entry ... OK
2015/01/26 15:38:36: Complete.
2015/01/26 15:38:36: COM PORT CLOSE ... OK
2015/01/26 15:38:36: 
2015/01/26 15:38:36: ==== Processing was completed ====
2015/01/26 15:38:36: 
*************************************************


*********** Start the Initialize Key Check **********
2015/01/26 16:12:28: Tool Ver: 2013.0605.01
2015/01/26 16:12:28: COM PORT OPEN ... OK
2015/01/26 16:12:28:
2015/01/26 16:12:28: ProductS/N:  VRW06A115101108
2015/01/26 16:12:28: TID: 860416293AE62080
2015/01/26 16:12:28: F/W Version: 00.00.08
2015/01/26 16:12:28:
2015/01/26 16:12:28: MasterKey Key Entry ... OK
2015/01/26 16:12:28: PowerON Counter Key Entry ... OK
2015/01/26 16:12:29: Key Entry ... OK
2015/01/26 16:12:29: Complete.
2015/01/26 16:12:29: COM PORT CLOSE ... OK
2015/01/26 16:12:29: 
2015/01/26 16:12:29: ==== Processing was completed ====
2015/01/26 16:12:29: 
*************************************************


*********** Start the Initialize Key Check **********
2015/01/26 16:15:17: Tool Ver: 2013.0605.01
2015/01/26 16:15:17: COM PORT OPEN ... OK
2015/01/26 16:15:17:
2015/01/26 16:15:17: ProductS/N:  VRW06A115101131
2015/01/26 16:15:17: TID: 86042D13D2E52080
2015/01/26 16:15:17: F/W Version: 00.00.08
2015/01/26 16:15:17:
2015/01/26 16:15:17: MasterKey Key Entry ... OK
2015/01/26 16:15:17: PowerON Counter Key Entry ... OK
2015/01/26 16:15:18: Key Entry ... OK
2015/01/26 16:15:18: Complete.
2015/01/26 16:15:18: COM PORT CLOSE ... OK
2015/01/26 16:15:18: 
2015/01/26 16:15:18: ==== Processing was completed ====
2015/01/26 16:15:18: 
*************************************************


*********** Start the Initialize Key Check **********
2015/01/26 16:16:49: Tool Ver: 2013.0605.01
2015/01/26 16:16:49: COM PORT OPEN ... OK
2015/01/26 16:16:49:
2015/01/26 16:16:49: ProductS/N:  VRW06A115101126
2015/01/26 16:16:49: TID: 8604412422E62080
2015/01/26 16:16:49: F/W Version: 00.00.08
2015/01/26 16:16:49:
2015/01/26 16:16:49: MasterKey Key Entry ... OK
2015/01/26 16:16:49: PowerON Counter Key Entry ... OK
2015/01/26 16:16:49: Key Entry ... OK
2015/01/26 16:16:49: Complete.
2015/01/26 16:16:49: COM PORT CLOSE ... OK
2015/01/26 16:16:49: 
2015/01/26 16:16:49: ==== Processing was completed ====
2015/01/26 16:16:49: 
*************************************************


*********** Start the Initialize Key Check **********
2015/01/26 16:17:57: Tool Ver: 2013.0605.01
2015/01/26 16:17:57: COM PORT OPEN ... OK
2015/01/26 16:17:58:
2015/01/26 16:17:58: ProductS/N:  VRW06A115101125
2015/01/26 16:17:58: TID: 86041E1132E62080
2015/01/26 16:17:58: F/W Version: 00.00.08
2015/01/26 16:17:58:
2015/01/26 16:17:58: MasterKey Key Entry ... OK
2015/01/26 16:17:58: PowerON Counter Key Entry ... OK
2015/01/26 16:17:58: Key Entry ... OK
2015/01/26 16:17:58: Complete.
2015/01/26 16:17:58: COM PORT CLOSE ... OK
2015/01/26 16:17:58: 
2015/01/26 16:17:58: ==== Processing was completed ====
2015/01/26 16:17:58: 
*************************************************


*********** Start the Initialize Key Check **********
2015/01/26 16:35:01: Tool Ver: 2013.0605.01
2015/01/26 16:35:01: COM PORT OPEN ... OK
2015/01/26 16:35:01:
2015/01/26 16:35:01: ProductS/N:  06A115101132
2015/01/26 16:35:01: TID: 86043D2E3AE62080
2015/01/26 16:35:01: F/W Version: 00.00.08
2015/01/26 16:35:01:
2015/01/26 16:35:01: MasterKey Key Entry ... OK
2015/01/26 16:35:01: PowerON Counter Key Entry ... OK
2015/01/26 16:35:02: Key Entry ... OK
2015/01/26 16:35:02: Complete.
2015/01/26 16:35:02: COM PORT CLOSE ... OK
2015/01/26 16:35:02: 
2015/01/26 16:35:02: ==== Processing was completed ====
2015/01/26 16:35:02: 
*************************************************


*********** Start the Initialize Key Check **********
2015/01/26 16:36:20: Tool Ver: 2013.0605.01
2015/01/26 16:36:20: COM PORT OPEN ... OK
2015/01/26 16:36:20:
2015/01/26 16:36:20: ProductS/N:  VRW06A115101128
2015/01/26 16:36:20: TID: 86040B233AE62080
2015/01/26 16:36:20: F/W Version: 00.00.08
2015/01/26 16:36:20:
2015/01/26 16:36:20: MasterKey Key Entry ... OK
2015/01/26 16:36:20: PowerON Counter Key Entry ... OK
2015/01/26 16:36:21: Key Entry ... OK
2015/01/26 16:36:21: Complete.
2015/01/26 16:36:21: COM PORT CLOSE ... OK
2015/01/26 16:36:21: 
2015/01/26 16:36:21: ==== Processing was completed ====
2015/01/26 16:36:21: 
*************************************************


*********** Start the Initialize Key Check **********
2015/01/26 16:37:49: Tool Ver: 2013.0605.01
2015/01/26 16:37:49: COM PORT OPEN ... OK
2015/01/26 16:37:49:
2015/01/26 16:37:49: ProductS/N:  VRW06A115101133
2015/01/26 16:37:49: TID: 8604082122E62080
2015/01/26 16:37:49: F/W Version: 00.00.08
2015/01/26 16:37:49:
2015/01/26 16:37:49: MasterKey Key Entry ... OK
2015/01/26 16:37:49: PowerON Counter Key Entry ... OK
2015/01/26 16:37:49: Key Entry ... OK
2015/01/26 16:37:49: Complete.
2015/01/26 16:37:49: COM PORT CLOSE ... OK
2015/01/26 16:37:49: 
2015/01/26 16:37:49: ==== Processing was completed ====
2015/01/26 16:37:49: 
*************************************************


*********** Start the Initialize Key Check **********
2015/01/26 16:40:46: Tool Ver: 2013.0605.01
2015/01/26 16:40:46: COM PORT OPEN ... OK
2015/01/26 16:40:46:
2015/01/26 16:40:46: ProductS/N:  VRW06A115101136
2015/01/26 16:40:46: TID: 860417203AE62080
2015/01/26 16:40:46: F/W Version: 00.00.08
2015/01/26 16:40:46:
2015/01/26 16:40:46: MasterKey Key Entry ... OK
2015/01/26 16:40:46: PowerON Counter Key Entry ... OK
2015/01/26 16:40:47: Key Entry ... OK
2015/01/26 16:40:47: Complete.
2015/01/26 16:40:47: COM PORT CLOSE ... OK
2015/01/26 16:40:47: 
2015/01/26 16:40:47: ==== Processing was completed ====
2015/01/26 16:40:47: 
*************************************************


*********** Start the Initialize Key Check **********
2015/01/26 16:47:05: Tool Ver: 2013.0605.01
2015/01/26 16:47:05: COM PORT OPEN ... OK
2015/01/26 16:47:05:
2015/01/26 16:47:05: ProductS/N:  VRW06A115101139
2015/01/26 16:47:05: TID: 86041609D2E52080
2015/01/26 16:47:05: F/W Version: 00.00.08
2015/01/26 16:47:05:
2015/01/26 16:47:05: MasterKey Key Entry ... OK
2015/01/26 16:47:05: PowerON Counter Key Entry ... OK
2015/01/26 16:47:05: Key Entry ... OK
2015/01/26 16:47:05: Complete.
2015/01/26 16:47:05: COM PORT CLOSE ... OK
2015/01/26 16:47:05: 
2015/01/26 16:47:05: ==== Processing was completed ====
2015/01/26 16:47:05: 
*************************************************


*********** Start the Initialize Key Check **********
2015/01/26 16:53:38: Tool Ver: 2013.0605.01
2015/01/26 16:53:38: COM PORT OPEN ... OK
2015/01/26 16:53:38:
2015/01/26 16:53:38: ProductS/N:  VRW06A115101141
2015/01/26 16:53:38: TID: 860417253AE62080
2015/01/26 16:53:38: F/W Version: 00.00.08
2015/01/26 16:53:38:
2015/01/26 16:53:38: MasterKey Key Entry ... OK
2015/01/26 16:53:38: PowerON Counter Key Entry ... OK
2015/01/26 16:53:39: Key Entry ... OK
2015/01/26 16:53:39: Complete.
2015/01/26 16:53:39: COM PORT CLOSE ... OK
2015/01/26 16:53:39: 
2015/01/26 16:53:39: ==== Processing was completed ====
2015/01/26 16:53:39: 
*************************************************


*********** Start the Initialize Key Check **********
2015/01/26 16:55:14: Tool Ver: 2013.0605.01
2015/01/26 16:55:14: COM PORT OPEN ... OK
2015/01/26 16:55:14:
2015/01/26 16:55:14: ProductS/N:  VRW06A115101135
2015/01/26 16:55:14: TID: 86042009D2E52080
2015/01/26 16:55:14: F/W Version: 00.00.08
2015/01/26 16:55:14:
2015/01/26 16:55:14: MasterKey Key Entry ... OK
2015/01/26 16:55:14: PowerON Counter Key Entry ... OK
2015/01/26 16:55:14: Key Entry ... OK
2015/01/26 16:55:14: Complete.
2015/01/26 16:55:14: COM PORT CLOSE ... OK
2015/01/26 16:55:14: 
2015/01/26 16:55:14: ==== Processing was completed ====
2015/01/26 16:55:14: 
*************************************************


*********** Start the Initialize Key Check **********
2015/01/26 16:58:03: Tool Ver: 2013.0605.01
2015/01/26 16:58:03: COM PORT OPEN ... OK
2015/01/26 16:58:04:
2015/01/26 16:58:04: ProductS/N:  VRW06A115101130
2015/01/26 16:58:04: TID: 86042310D2E52080
2015/01/26 16:58:04: F/W Version: 00.00.08
2015/01/26 16:58:04:
2015/01/26 16:58:04: MasterKey Key Entry ... OK
2015/01/26 16:58:04: PowerON Counter Key Entry ... OK
2015/01/26 16:58:04: Key Entry ... OK
2015/01/26 16:58:04: Complete.
2015/01/26 16:58:04: COM PORT CLOSE ... OK
2015/01/26 16:58:04: 
2015/01/26 16:58:04: ==== Processing was completed ====
2015/01/26 16:58:04: 
*************************************************


*********** Start the Initialize Key Check **********
2015/01/26 17:03:33: Tool Ver: 2013.0605.01
2015/01/26 17:03:33: COM PORT OPEN ... OK
2015/01/26 17:03:33:
2015/01/26 17:03:33: ProductS/N:  VRW06A115101140
2015/01/26 17:03:33: TID: 86043F253AE62080
2015/01/26 17:03:33: F/W Version: 00.00.08
2015/01/26 17:03:33:
2015/01/26 17:03:33: MasterKey Key Entry ... OK
2015/01/26 17:03:33: PowerON Counter Key Entry ... OK
2015/01/26 17:03:34: Key Entry ... OK
2015/01/26 17:03:34: Complete.
2015/01/26 17:03:34: COM PORT CLOSE ... OK
2015/01/26 17:03:34: 
2015/01/26 17:03:34: ==== Processing was completed ====
2015/01/26 17:03:34: 
*************************************************


*********** Start the Initialize Key Check **********
2015/01/26 17:04:30: Tool Ver: 2013.0605.01
2015/01/26 17:04:30: COM PORT OPEN ... OK
2015/01/26 17:04:30:
2015/01/26 17:04:30: ProductS/N:  VRW06A115101142
2015/01/26 17:04:30: TID: 86042109D2E52080
2015/01/26 17:04:30: F/W Version: 00.00.08
2015/01/26 17:04:30:
2015/01/26 17:04:30: MasterKey Key Entry ... OK
2015/01/26 17:04:30: PowerON Counter Key Entry ... OK
2015/01/26 17:04:30: Key Entry ... OK
2015/01/26 17:04:30: Complete.
2015/01/26 17:04:30: COM PORT CLOSE ... OK
2015/01/26 17:04:30: 
2015/01/26 17:04:30: ==== Processing was completed ====
2015/01/26 17:04:30: 
*************************************************


*********** Start the Initialize Key Check **********
2015/01/26 17:06:14: Tool Ver: 2013.0605.01
2015/01/26 17:06:14: COM PORT OPEN ... OK
2015/01/26 17:06:15:
2015/01/26 17:06:15: ProductS/N:  VRW06A115101134
2015/01/26 17:06:15: TID: 860434283AE62080
2015/01/26 17:06:15: F/W Version: 00.00.08
2015/01/26 17:06:15:
2015/01/26 17:06:15: MasterKey Key Entry ... OK
2015/01/26 17:06:15: PowerON Counter Key Entry ... OK
2015/01/26 17:06:15: Key Entry ... OK
2015/01/26 17:06:15: Complete.
2015/01/26 17:06:15: COM PORT CLOSE ... OK
2015/01/26 17:06:15: 
2015/01/26 17:06:15: ==== Processing was completed ====
2015/01/26 17:06:15: 
*************************************************


*********** Start the Initialize Key Check **********
2015/01/26 17:16:11: Tool Ver: 2013.0605.01
2015/01/26 17:16:11: COM PORT OPEN ... OK
2015/01/26 17:16:11:
2015/01/26 17:16:11: ProductS/N:  VRW06A115101144
2015/01/26 17:16:11: TID: 86041910D2E52080
2015/01/26 17:16:11: F/W Version: 00.00.08
2015/01/26 17:16:11:
2015/01/26 17:16:11: MasterKey Key Entry ... OK
2015/01/26 17:16:11: PowerON Counter Key Entry ... OK
2015/01/26 17:16:11: Key Entry ... OK
2015/01/26 17:16:11: Complete.
2015/01/26 17:16:11: COM PORT CLOSE ... OK
2015/01/26 17:16:11: 
2015/01/26 17:16:11: ==== Processing was completed ====
2015/01/26 17:16:11: 
*************************************************


*********** Start the Initialize Key Check **********
2015/01/26 18:05:25: Tool Ver: 2013.0605.01
2015/01/26 18:05:25: COM PORT OPEN ... OK
2015/01/26 18:05:25:
2015/01/26 18:05:25: ProductS/N:  VRW06A115101100
2015/01/26 18:05:25: TID: 86041D2022E62080
2015/01/26 18:05:25: F/W Version: 00.00.08
2015/01/26 18:05:25:
2015/01/26 18:05:25: MasterKey Key Entry ... OK
2015/01/26 18:05:25: PowerON Counter Key Entry ... OK
2015/01/26 18:05:26: Key Entry ... OK
2015/01/26 18:05:26: Complete.
2015/01/26 18:05:26: COM PORT CLOSE ... OK
2015/01/26 18:05:26: 
2015/01/26 18:05:26: ==== Processing was completed ====
2015/01/26 18:05:26: 
*************************************************


*********** Start the Initialize Key Check **********
2015/01/26 18:06:12: Tool Ver: 2013.0605.01
2015/01/26 18:06:12: COM PORT OPEN ... OK
2015/01/26 18:06:12:
2015/01/26 18:06:12: ProductS/N:  VRW06A115101110
2015/01/26 18:06:12: TID: 860412143AE62080
2015/01/26 18:06:12: F/W Version: 00.00.08
2015/01/26 18:06:12:
2015/01/26 18:06:12: MasterKey Key Entry ... OK
2015/01/26 18:06:12: PowerON Counter Key Entry ... OK
2015/01/26 18:06:13: Key Entry ... OK
2015/01/26 18:06:13: Complete.
2015/01/26 18:06:13: COM PORT CLOSE ... OK
2015/01/26 18:06:13: 
2015/01/26 18:06:13: ==== Processing was completed ====
2015/01/26 18:06:13: 
*************************************************


*********** Start the Initialize Key Check **********
2015/01/26 18:11:59: Tool Ver: 2013.0605.01
2015/01/26 18:11:59: COM PORT OPEN ... OK
2015/01/26 18:11:59:
2015/01/26 18:11:59: ProductS/N:  VRW06A115101071
2015/01/26 18:11:59: TID: 86043A2622E62080
2015/01/26 18:11:59: F/W Version: 00.00.08
2015/01/26 18:11:59:
2015/01/26 18:11:59: MasterKey Key Entry ... OK
2015/01/26 18:11:59: PowerON Counter Key Entry ... OK
2015/01/26 18:12:00: Key Entry ... OK
2015/01/26 18:12:00: Complete.
2015/01/26 18:12:00: COM PORT CLOSE ... OK
2015/01/26 18:12:00: 
2015/01/26 18:12:00: ==== Processing was completed ====
2015/01/26 18:12:00: 
*************************************************


*********** Start the Initialize Key Check **********
2015/01/26 18:18:00: Tool Ver: 2013.0605.01
2015/01/26 18:18:00: COM PORT OPEN ... OK
2015/01/26 18:18:01:
2015/01/26 18:18:01: ProductS/N:  VRW06A115101152
2015/01/26 18:18:01: TID: 860440243AE62080
2015/01/26 18:18:01: F/W Version: 00.00.08
2015/01/26 18:18:01:
2015/01/26 18:18:01: MasterKey Key Entry ... OK
2015/01/26 18:18:01: PowerON Counter Key Entry ... OK
2015/01/26 18:18:01: Key Entry ... OK
2015/01/26 18:18:01: Complete.
2015/01/26 18:18:01: COM PORT CLOSE ... OK
2015/01/26 18:18:01: 
2015/01/26 18:18:01: ==== Processing was completed ====
2015/01/26 18:18:01: 
*************************************************


*********** Start the Initialize Key Check **********
2015/01/26 18:19:47: Tool Ver: 2013.0605.01
2015/01/26 18:19:47: COM PORT OPEN ... OK
2015/01/26 18:19:47:
2015/01/26 18:19:47: ProductS/N:  VRW06A115101127
2015/01/26 18:19:47: TID: 8604052A3AE62080
2015/01/26 18:19:47: F/W Version: 00.00.08
2015/01/26 18:19:47:
2015/01/26 18:19:47: MasterKey Key Entry ... OK
2015/01/26 18:19:47: PowerON Counter Key Entry ... OK
2015/01/26 18:19:48: Key Entry ... OK
2015/01/26 18:19:48: Complete.
2015/01/26 18:19:48: COM PORT CLOSE ... OK
2015/01/26 18:19:48: 
2015/01/26 18:19:48: ==== Processing was completed ====
2015/01/26 18:19:48: 
*************************************************


*********** Start the Initialize Key Check **********
2015/01/26 18:22:24: Tool Ver: 2013.0605.01
2015/01/26 18:22:24: COM PORT OPEN ... OK
2015/01/26 18:22:24:
2015/01/26 18:22:24: ProductS/N:  VRW06A115101143
2015/01/26 18:22:25: TID: 860427253AE62080
2015/01/26 18:22:25: F/W Version: 00.00.08
2015/01/26 18:22:25:
2015/01/26 18:22:25: MasterKey Key Entry ... OK
2015/01/26 18:22:25: PowerON Counter Key Entry ... OK
2015/01/26 18:22:25: Key Entry ... OK
2015/01/26 18:22:25: Complete.
2015/01/26 18:22:25: COM PORT CLOSE ... OK
2015/01/26 18:22:25: 
2015/01/26 18:22:25: ==== Processing was completed ====
2015/01/26 18:22:25: 
*************************************************


*********** Start the Initialize Key Check **********
2015/01/26 18:24:22: Tool Ver: 2013.0605.01
2015/01/26 18:24:22: COM PORT OPEN ... OK
2015/01/26 18:24:23:
2015/01/26 18:24:23: ProductS/N:  VRW06A115101146
2015/01/26 18:24:23: TID: 86043C273AE62080
2015/01/26 18:24:23: F/W Version: 00.00.08
2015/01/26 18:24:23:
2015/01/26 18:24:23: MasterKey Key Entry ... OK
2015/01/26 18:24:23: PowerON Counter Key Entry ... OK
2015/01/26 18:24:23: Key Entry ... OK
2015/01/26 18:24:23: Complete.
2015/01/26 18:24:23: COM PORT CLOSE ... OK
2015/01/26 18:24:23: 
2015/01/26 18:24:23: ==== Processing was completed ====
2015/01/26 18:24:23: 
*************************************************


*********** Start the Initialize Key Check **********
2015/01/26 18:39:15: Tool Ver: 2013.0605.01
2015/01/26 18:39:15: COM PORT OPEN ... OK
2015/01/26 18:39:15:
2015/01/26 18:39:15: ProductS/N:  06A115101149
2015/01/26 18:39:15: TID: 86040D223AE62080
2015/01/26 18:39:15: F/W Version: 00.00.08
2015/01/26 18:39:15:
2015/01/26 18:39:15: MasterKey Key Entry ... OK
2015/01/26 18:39:16: PowerON Counter Key Entry ... OK
2015/01/26 18:39:16: Key Entry ... OK
2015/01/26 18:39:16: Complete.
2015/01/26 18:39:16: COM PORT CLOSE ... OK
2015/01/26 18:39:16: 
2015/01/26 18:39:16: ==== Processing was completed ====
2015/01/26 18:39:16: 
*************************************************


*********** Start the Initialize Key Check **********
2015/01/26 18:41:27: Tool Ver: 2013.0605.01
2015/01/26 18:41:27: COM PORT OPEN ... OK
2015/01/26 18:41:27:
2015/01/26 18:41:27: ProductS/N:  VRW06A115101150
2015/01/26 18:41:27: TID: 86041E253AE62080
2015/01/26 18:41:27: F/W Version: 00.00.08
2015/01/26 18:41:27:
2015/01/26 18:41:27: MasterKey Key Entry ... OK
2015/01/26 18:41:27: PowerON Counter Key Entry ... OK
2015/01/26 18:41:28: Key Entry ... OK
2015/01/26 18:41:28: Complete.
2015/01/26 18:41:28: COM PORT CLOSE ... OK
2015/01/26 18:41:28: 
2015/01/26 18:41:28: ==== Processing was completed ====
2015/01/26 18:41:28: 
*************************************************


*********** Start the Initialize Key Check **********
2015/01/26 18:43:01: Tool Ver: 2013.0605.01
2015/01/26 18:43:01: COM PORT OPEN ... OK
2015/01/26 18:43:02:
2015/01/26 18:43:02: ProductS/N:  VRW06A115101145
2015/01/26 18:43:02: TID: 86042209D2E52080
2015/01/26 18:43:02: F/W Version: 00.00.08
2015/01/26 18:43:02:
2015/01/26 18:43:02: MasterKey Key Entry ... OK
2015/01/26 18:43:02: PowerON Counter Key Entry ... OK
2015/01/26 18:43:02: Key Entry ... OK
2015/01/26 18:43:02: Complete.
2015/01/26 18:43:02: COM PORT CLOSE ... OK
2015/01/26 18:43:02: 
2015/01/26 18:43:02: ==== Processing was completed ====
2015/01/26 18:43:02: 
*************************************************


*********** Start the Initialize Key Check **********
2015/01/26 18:49:46: Tool Ver: 2013.0605.01
2015/01/26 18:49:46: COM PORT OPEN ... OK
2015/01/26 18:49:46:
2015/01/26 18:49:46: ProductS/N:  VRW06A115101137
2015/01/26 18:49:46: TID: 860435283AE62080
2015/01/26 18:49:46: F/W Version: 00.00.08
2015/01/26 18:49:46:
2015/01/26 18:49:46: MasterKey Key Entry ... OK
2015/01/26 18:49:46: PowerON Counter Key Entry ... OK
2015/01/26 18:49:47: Key Entry ... OK
2015/01/26 18:49:47: Complete.
2015/01/26 18:49:47: COM PORT CLOSE ... OK
2015/01/26 18:49:47: 
2015/01/26 18:49:47: ==== Processing was completed ====
2015/01/26 18:49:47: 
*************************************************


*********** Start the Initialize Key Check **********
2015/01/26 18:51:38: Tool Ver: 2013.0605.01
2015/01/26 18:51:38: COM PORT OPEN ... OK
2015/01/26 18:51:38:
2015/01/26 18:51:38: ProductS/N:  VRW06A115101157
2015/01/26 18:51:38: TID: 860421293AE62080
2015/01/26 18:51:38: F/W Version: 00.00.08
2015/01/26 18:51:38:
2015/01/26 18:51:38: MasterKey Key Entry ... OK
2015/01/26 18:51:38: PowerON Counter Key Entry ... OK
2015/01/26 18:51:39: Key Entry ... OK
2015/01/26 18:51:39: Complete.
2015/01/26 18:51:39: COM PORT CLOSE ... OK
2015/01/26 18:51:39: 
2015/01/26 18:51:39: ==== Processing was completed ====
2015/01/26 18:51:39: 
*************************************************


*********** Start the Initialize Key Check **********
2015/01/26 18:55:38: Tool Ver: 2013.0605.01
2015/01/26 18:55:38: COM PORT OPEN ... OK
2015/01/26 18:55:38:
2015/01/26 18:55:38: ProductS/N:  VRW06A115101138
2015/01/26 18:55:38: TID: 8604160CD2E52080
2015/01/26 18:55:38: F/W Version: 00.00.08
2015/01/26 18:55:38:
2015/01/26 18:55:38: MasterKey Key Entry ... OK
2015/01/26 18:55:38: PowerON Counter Key Entry ... OK
2015/01/26 18:55:38: Key Entry ... OK
2015/01/26 18:55:38: Complete.
2015/01/26 18:55:38: COM PORT CLOSE ... OK
2015/01/26 18:55:38: 
2015/01/26 18:55:38: ==== Processing was completed ====
2015/01/26 18:55:38: 
*************************************************


*********** Start the Initialize Key Check **********
2015/01/26 18:56:27: Tool Ver: 2013.0605.01
2015/01/26 18:56:27: COM PORT OPEN ... OK
2015/01/26 18:56:28:
2015/01/26 18:56:28: ProductS/N:  VRW06A115101148
2015/01/26 18:56:28: TID: 860422223AE62080
2015/01/26 18:56:28: F/W Version: 00.00.08
2015/01/26 18:56:28:
2015/01/26 18:56:28: MasterKey Key Entry ... OK
2015/01/26 18:56:28: PowerON Counter Key Entry ... OK
2015/01/26 18:56:28: Key Entry ... OK
2015/01/26 18:56:28: Complete.
2015/01/26 18:56:28: COM PORT CLOSE ... OK
2015/01/26 18:56:28: 
2015/01/26 18:56:28: ==== Processing was completed ====
2015/01/26 18:56:28: 
*************************************************


*********** Start the Initialize Key Check **********
2015/01/26 18:57:08: Tool Ver: 2013.0605.01
2015/01/26 18:57:08: COM PORT OPEN ... OK
2015/01/26 18:57:08:
2015/01/26 18:57:08: ProductS/N:  VRW06A115101147
2015/01/26 18:57:08: TID: 86040B0CD2E52080
2015/01/26 18:57:08: F/W Version: 00.00.08
2015/01/26 18:57:08:
2015/01/26 18:57:08: MasterKey Key Entry ... OK
2015/01/26 18:57:08: PowerON Counter Key Entry ... OK
2015/01/26 18:57:09: Key Entry ... OK
2015/01/26 18:57:09: Complete.
2015/01/26 18:57:09: COM PORT CLOSE ... OK
2015/01/26 18:57:09: 
2015/01/26 18:57:09: ==== Processing was completed ====
2015/01/26 18:57:09: 
*************************************************


*********** Start the Initialize Key Check **********
2015/01/26 18:57:51: Tool Ver: 2013.0605.01
2015/01/26 18:57:51: COM PORT OPEN ... OK
2015/01/26 18:57:51:
2015/01/26 18:57:51: ProductS/N:  VRW06A115101151
2015/01/26 18:57:51: TID: 86040D273AE62080
2015/01/26 18:57:51: F/W Version: 00.00.08
2015/01/26 18:57:51:
2015/01/26 18:57:51: MasterKey Key Entry ... OK
2015/01/26 18:57:51: PowerON Counter Key Entry ... OK
2015/01/26 18:57:52: Key Entry ... OK
2015/01/26 18:57:52: Complete.
2015/01/26 18:57:52: COM PORT CLOSE ... OK
2015/01/26 18:57:52: 
2015/01/26 18:57:52: ==== Processing was completed ====
2015/01/26 18:57:52: 
*************************************************


*********** Start the Initialize Key Check **********
2015/01/26 19:07:36: Tool Ver: 2013.0605.01
2015/01/26 19:07:36: COM PORT OPEN ... OK
2015/01/26 19:07:36:
2015/01/26 19:07:36: ProductS/N:  VRW06A115101156
2015/01/26 19:07:36: TID: 860405293AE62080
2015/01/26 19:07:36: F/W Version: 00.00.08
2015/01/26 19:07:36:
2015/01/26 19:07:36: MasterKey Key Entry ... OK
2015/01/26 19:07:36: PowerON Counter Key Entry ... OK
2015/01/26 19:07:37: Key Entry ... OK
2015/01/26 19:07:37: Complete.
2015/01/26 19:07:37: COM PORT CLOSE ... OK
2015/01/26 19:07:37: 
2015/01/26 19:07:37: ==== Processing was completed ====
2015/01/26 19:07:37: 
*************************************************


*********** Start the Initialize Key Check **********
2015/01/26 19:10:54: Tool Ver: 2013.0605.01
2015/01/26 19:10:54: COM PORT OPEN ... OK
2015/01/26 19:10:54:
2015/01/26 19:10:54: ProductS/N:  VRW06A115101162
2015/01/26 19:10:54: TID: 86040D3CCAE52080
2015/01/26 19:10:54: F/W Version: 00.00.08
2015/01/26 19:10:54:
2015/01/26 19:10:54: MasterKey Key Entry ... OK
2015/01/26 19:10:54: PowerON Counter Key Entry ... OK
2015/01/26 19:10:55: Key Entry ... OK
2015/01/26 19:10:55: Complete.
2015/01/26 19:10:55: COM PORT CLOSE ... OK
2015/01/26 19:10:55: 
2015/01/26 19:10:55: ==== Processing was completed ====
2015/01/26 19:10:55: 
*************************************************


*********** Start the Initialize Key Check **********
2015/01/26 19:12:00: Tool Ver: 2013.0605.01
2015/01/26 19:12:00: COM PORT OPEN ... OK
2015/01/26 19:12:00:
2015/01/26 19:12:00: ProductS/N:  VRW06A115101153
2015/01/26 19:12:00: TID: 860433213AE62080
2015/01/26 19:12:00: F/W Version: 00.00.08
2015/01/26 19:12:00:
2015/01/26 19:12:00: MasterKey Key Entry ... OK
2015/01/26 19:12:00: PowerON Counter Key Entry ... OK
2015/01/26 19:12:01: Key Entry ... OK
2015/01/26 19:12:01: Complete.
2015/01/26 19:12:01: COM PORT CLOSE ... OK
2015/01/26 19:12:01: 
2015/01/26 19:12:01: ==== Processing was completed ====
2015/01/26 19:12:01: 
*************************************************


*********** Start the Initialize Key Check **********
2015/01/26 19:13:45: Tool Ver: 2013.0605.01
2015/01/26 19:13:45: COM PORT OPEN ... OK
2015/01/26 19:13:45:
2015/01/26 19:13:45: ProductS/N:  VRW06A115101164
2015/01/26 19:13:45: TID: 86041839CAE52080
2015/01/26 19:13:45: F/W Version: 00.00.08
2015/01/26 19:13:45:
2015/01/26 19:13:45: MasterKey Key Entry ... OK
2015/01/26 19:13:45: PowerON Counter Key Entry ... OK
2015/01/26 19:13:46: Key Entry ... OK
2015/01/26 19:13:46: Complete.
2015/01/26 19:13:46: COM PORT CLOSE ... OK
2015/01/26 19:13:46: 
2015/01/26 19:13:46: ==== Processing was completed ====
2015/01/26 19:13:46: 
*************************************************


*********** Start the Initialize Key Check **********
2015/01/26 19:14:59: Tool Ver: 2013.0605.01
2015/01/26 19:14:59: COM PORT OPEN ... OK
2015/01/26 19:14:59:
2015/01/26 19:14:59: ProductS/N:  VRW06A115101154
2015/01/26 19:14:59: TID: 86040C273AE62080
2015/01/26 19:14:59: F/W Version: 00.00.08
2015/01/26 19:14:59:
2015/01/26 19:14:59: MasterKey Key Entry ... OK
2015/01/26 19:14:59: PowerON Counter Key Entry ... OK
2015/01/26 19:15:00: Key Entry ... OK
2015/01/26 19:15:00: Complete.
2015/01/26 19:15:00: COM PORT CLOSE ... OK
2015/01/26 19:15:00: 
2015/01/26 19:15:00: ==== Processing was completed ====
2015/01/26 19:15:00: 
*************************************************


*********** Start the Initialize Key Check **********
2015/01/26 19:16:36: Tool Ver: 2013.0605.01
2015/01/26 19:16:36: COM PORT OPEN ... OK
2015/01/26 19:16:36:
2015/01/26 19:16:36: ProductS/N:  VRW06A115101160
2015/01/26 19:16:36: TID: 860417223AE62080
2015/01/26 19:16:36: F/W Version: 00.00.08
2015/01/26 19:16:36:
2015/01/26 19:16:36: MasterKey Key Entry ... OK
2015/01/26 19:16:36: PowerON Counter Key Entry ... OK
2015/01/26 19:16:37: Key Entry ... OK
2015/01/26 19:16:37: Complete.
2015/01/26 19:16:37: COM PORT CLOSE ... OK
2015/01/26 19:16:37: 
2015/01/26 19:16:37: ==== Processing was completed ====
2015/01/26 19:16:37: 
*************************************************


*********** Start the Initialize Key Check **********
2015/01/26 19:18:15: Tool Ver: 2013.0605.01
2015/01/26 19:18:15: COM PORT OPEN ... OK
2015/01/26 19:18:15:
2015/01/26 19:18:15: ProductS/N:  VRW06A115101159
2015/01/26 19:18:15: TID: 86041610D2E52080
2015/01/26 19:18:15: F/W Version: 00.00.08
2015/01/26 19:18:15:
2015/01/26 19:18:15: MasterKey Key Entry ... OK
2015/01/26 19:18:15: PowerON Counter Key Entry ... OK
2015/01/26 19:18:16: Key Entry ... OK
2015/01/26 19:18:16: Complete.
2015/01/26 19:18:16: COM PORT CLOSE ... OK
2015/01/26 19:18:16: 
2015/01/26 19:18:16: ==== Processing was completed ====
2015/01/26 19:18:16: 
*************************************************


*********** Start the Initialize Key Check **********
2015/01/26 19:28:59: Tool Ver: 2013.0605.01
2015/01/26 19:28:59: COM PORT OPEN ... OK
2015/01/26 19:28:59:
2015/01/26 19:28:59: ProductS/N:  VRW06A115101163
2015/01/26 19:28:59: TID: 86042B243AE62080
2015/01/26 19:28:59: F/W Version: 00.00.08
2015/01/26 19:28:59:
2015/01/26 19:28:59: MasterKey Key Entry ... OK
2015/01/26 19:28:59: PowerON Counter Key Entry ... OK
2015/01/26 19:29:00: Key Entry ... OK
2015/01/26 19:29:00: Complete.
2015/01/26 19:29:00: COM PORT CLOSE ... OK
2015/01/26 19:29:00: 
2015/01/26 19:29:00: ==== Processing was completed ====
2015/01/26 19:29:00: 
*************************************************


*********** Start the Initialize Key Check **********
2015/01/26 19:37:12: Tool Ver: 2013.0605.01
2015/01/26 19:37:12: COM PORT OPEN ... OK
2015/01/26 19:37:13:
2015/01/26 19:37:13: ProductS/N:  VRW06A115101166
2015/01/26 19:37:13: TID: 860413143AE62080
2015/01/26 19:37:13: F/W Version: 00.00.08
2015/01/26 19:37:13:
2015/01/26 19:37:13: MasterKey Key Entry ... OK
2015/01/26 19:37:13: PowerON Counter Key Entry ... OK
2015/01/26 19:37:13: Key Entry ... OK
2015/01/26 19:37:13: Complete.
2015/01/26 19:37:13: COM PORT CLOSE ... OK
2015/01/26 19:37:13: 
2015/01/26 19:37:13: ==== Processing was completed ====
2015/01/26 19:37:13: 
*************************************************


*********** Start the Initialize Key Check **********
2015/01/26 19:38:53: Tool Ver: 2013.0605.01
2015/01/26 19:38:53: COM PORT OPEN ... OK
2015/01/26 19:38:53:
2015/01/26 19:38:53: ProductS/N:  VRW06A115101165
2015/01/26 19:38:53: TID: 86043538CAE52080
2015/01/26 19:38:53: F/W Version: 00.00.08
2015/01/26 19:38:53:
2015/01/26 19:38:53: MasterKey Key Entry ... OK
2015/01/26 19:38:53: PowerON Counter Key Entry ... OK
2015/01/26 19:38:54: Key Entry ... OK
2015/01/26 19:38:54: Complete.
2015/01/26 19:38:54: COM PORT CLOSE ... OK
2015/01/26 19:38:54: 
2015/01/26 19:38:54: ==== Processing was completed ====
2015/01/26 19:38:54: 
*************************************************


*********** Start the Initialize Key Check **********
2015/01/26 19:41:19: Tool Ver: 2013.0605.01
2015/01/26 19:41:19: COM PORT OPEN ... OK
2015/01/26 19:41:19:
2015/01/26 19:41:19: ProductS/N:  VRW06A115101170
2015/01/26 19:41:19: TID: 86041A213AE62080
2015/01/26 19:41:19: F/W Version: 00.00.08
2015/01/26 19:41:19:
2015/01/26 19:41:19: MasterKey Key Entry ... OK
2015/01/26 19:41:19: PowerON Counter Key Entry ... OK
2015/01/26 19:41:20: Key Entry ... OK
2015/01/26 19:41:20: Complete.
2015/01/26 19:41:20: COM PORT CLOSE ... OK
2015/01/26 19:41:20: 
2015/01/26 19:41:20: ==== Processing was completed ====
2015/01/26 19:41:20: 
*************************************************


