*********** Start the Initialize Key Check **********
2015/04/11 10:30:49: Tool Ver: 2013.0605.01
2015/04/11 10:30:49: COM PORT OPEN ... OK
2015/04/11 10:30:49:
2015/04/11 10:30:49: ProductS/N:  5400049
2015/04/11 10:30:49: TID: 860430105A842D80
2015/04/11 10:30:49: F/W Version: 00.00.08
2015/04/11 10:30:49:
2015/04/11 10:30:49: MasterKey Key Entry ... OK
2015/04/11 10:30:49: PowerON Counter Key Entry ... OK
2015/04/11 10:30:49: Key Entry ... OK
2015/04/11 10:30:49: Complete.
2015/04/11 10:30:49: COM PORT CLOSE ... OK
2015/04/11 10:30:49: 
2015/04/11 10:30:49: ==== Processing was completed ====
2015/04/11 10:30:49: 
*************************************************


*********** Start the Initialize Key Check **********
2015/04/11 10:31:09: Tool Ver: 2013.0605.01
2015/04/11 10:31:09: COM PORT OPEN ... OK
2015/04/11 10:31:09:
2015/04/11 10:31:09: ProductS/N:  5400131
2015/04/11 10:31:09: TID: 86042C385A842D80
2015/04/11 10:31:09: F/W Version: 00.00.08
2015/04/11 10:31:09:
2015/04/11 10:31:09: MasterKey Key Entry ... OK
2015/04/11 10:31:09: PowerON Counter Key Entry ... OK
2015/04/11 10:31:10: Key Entry ... OK
2015/04/11 10:31:10: Complete.
2015/04/11 10:31:10: COM PORT CLOSE ... OK
2015/04/11 10:31:10: 
2015/04/11 10:31:10: ==== Processing was completed ====
2015/04/11 10:31:10: 
*************************************************


*********** Start the Initialize Key Check **********
2015/04/11 10:31:38: Tool Ver: 2013.0605.01
2015/04/11 10:31:38: COM PORT OPEN ... OK
2015/04/11 10:31:38:
2015/04/11 10:31:38: ProductS/N:  5400172
2015/04/11 10:31:38: TID: 86040F1C6A842D80
2015/04/11 10:31:38: F/W Version: 00.00.08
2015/04/11 10:31:38:
2015/04/11 10:31:38: MasterKey Key Entry ... OK
2015/04/11 10:31:38: PowerON Counter Key Entry ... OK
2015/04/11 10:31:39: Key Entry ... OK
2015/04/11 10:31:39: Complete.
2015/04/11 10:31:39: COM PORT CLOSE ... OK
2015/04/11 10:31:39: 
2015/04/11 10:31:39: ==== Processing was completed ====
2015/04/11 10:31:39: 
*************************************************


*********** Start the Initialize Key Check **********
2015/04/11 10:32:01: Tool Ver: 2013.0605.01
2015/04/11 10:32:01: COM PORT OPEN ... OK
2015/04/11 10:32:01:
2015/04/11 10:32:01: ProductS/N:  5400069
2015/04/11 10:32:01: TID: 86042E435A842D80
2015/04/11 10:32:01: F/W Version: 00.00.08
2015/04/11 10:32:01:
2015/04/11 10:32:01: MasterKey Key Entry ... OK
2015/04/11 10:32:01: PowerON Counter Key Entry ... OK
2015/04/11 10:32:02: Key Entry ... OK
2015/04/11 10:32:02: Complete.
2015/04/11 10:32:02: COM PORT CLOSE ... OK
2015/04/11 10:32:02: 
2015/04/11 10:32:02: ==== Processing was completed ====
2015/04/11 10:32:02: 
*************************************************


*********** Start the Initialize Key Check **********
2015/04/11 10:32:26: Tool Ver: 2013.0605.01
2015/04/11 10:32:26: COM PORT OPEN ... OK
2015/04/11 10:32:26:
2015/04/11 10:32:26: ProductS/N:  5400048
2015/04/11 10:32:26: TID: 8604313F62842D80
2015/04/11 10:32:26: F/W Version: 00.00.08
2015/04/11 10:32:26:
2015/04/11 10:32:26: MasterKey Key Entry ... OK
2015/04/11 10:32:26: PowerON Counter Key Entry ... OK
2015/04/11 10:32:27: Key Entry ... OK
2015/04/11 10:32:27: Complete.
2015/04/11 10:32:27: COM PORT CLOSE ... OK
2015/04/11 10:32:27: 
2015/04/11 10:32:27: ==== Processing was completed ====
2015/04/11 10:32:27: 
*************************************************


*********** Start the Initialize Key Check **********
2015/04/11 10:44:36: Tool Ver: 2013.0605.01
2015/04/11 10:44:36: COM PORT OPEN ... OK
2015/04/11 10:44:36:
2015/04/11 10:44:36: ProductS/N:  5400152
2015/04/11 10:44:36: TID: 860437325A842D80
2015/04/11 10:44:36: F/W Version: 00.00.08
2015/04/11 10:44:36:
2015/04/11 10:44:36: MasterKey Key Entry ... OK
2015/04/11 10:44:36: PowerON Counter Key Entry ... OK
2015/04/11 10:44:36: Key Entry ... OK
2015/04/11 10:44:36: Complete.
2015/04/11 10:44:36: COM PORT CLOSE ... OK
2015/04/11 10:44:36: 
2015/04/11 10:44:36: ==== Processing was completed ====
2015/04/11 10:44:36: 
*************************************************


*********** Start the Initialize Key Check **********
2015/04/11 11:04:52: Tool Ver: 2013.0605.01
2015/04/11 11:04:52: COM PORT OPEN ... OK
2015/04/11 11:04:53:
2015/04/11 11:04:53: ProductS/N:  5400104
2015/04/11 11:04:53: TID: 860432255A842D80
2015/04/11 11:04:53: F/W Version: 00.00.08
2015/04/11 11:04:53:
2015/04/11 11:04:53: MasterKey Key Entry ... OK
2015/04/11 11:04:53: PowerON Counter Key Entry ... OK
2015/04/11 11:04:53: Key Entry ... OK
2015/04/11 11:04:53: Complete.
2015/04/11 11:04:53: COM PORT CLOSE ... OK
2015/04/11 11:04:53: 
2015/04/11 11:04:53: ==== Processing was completed ====
2015/04/11 11:04:53: 
*************************************************


*********** Start the Initialize Key Check **********
2015/04/11 14:35:43: Tool Ver: 2013.0605.01
2015/04/11 14:35:43: COM PORT OPEN ... OK
2015/04/11 14:35:43:
2015/04/11 14:35:43: ProductS/N:  5400131
2015/04/11 14:35:43: TID: 86042C385A842D80
2015/04/11 14:35:43: F/W Version: 00.00.08
2015/04/11 14:35:43:
2015/04/11 14:35:43: MasterKey Key Entry ... OK
2015/04/11 14:35:43: PowerON Counter Key Entry ... OK
2015/04/11 14:35:44: Key Entry ... OK
2015/04/11 14:35:44: Complete.
2015/04/11 14:35:44: COM PORT CLOSE ... OK
2015/04/11 14:35:44: 
2015/04/11 14:35:44: ==== Processing was completed ====
2015/04/11 14:35:44: 
*************************************************


*********** Start the Initialize Key Check **********
2015/04/11 15:39:21: Tool Ver: 2013.0605.01
2015/04/11 15:39:21: Product S/N ... ERROR
2015/04/11 15:39:21: 
2015/04/11 15:39:21: ######## Error has occurred ########
2015/04/11 15:39:21: 
*************************************************


