*********** Start the Initialize Key Check **********
2015/01/22 08:30:53: Tool Ver: 2013.0605.01
2015/01/22 08:30:53: COM PORT OPEN ... OK
2015/01/22 08:30:53:
2015/01/22 08:30:53: ProductS/N:  VRW06A115100734
2015/01/22 08:30:53: TID: 8604231132E62080
2015/01/22 08:30:53: F/W Version: 00.00.08
2015/01/22 08:30:53:
2015/01/22 08:30:53: MasterKey Key Entry ... OK
2015/01/22 08:30:53: PowerON Counter Key Entry ... OK
2015/01/22 08:30:54: Key Entry ... OK
2015/01/22 08:30:54: Complete.
2015/01/22 08:30:54: COM PORT CLOSE ... OK
2015/01/22 08:30:54: 
2015/01/22 08:30:54: ==== Processing was completed ====
2015/01/22 08:30:54: 
*************************************************


*********** Start the Initialize Key Check **********
2015/01/22 08:32:24: Tool Ver: 2013.0605.01
2015/01/22 08:32:24: COM PORT OPEN ... OK
2015/01/22 08:32:24:
2015/01/22 08:32:24: ProductS/N:  VRW06A115100732
2015/01/22 08:32:24: TID: 86043529CAE52080
2015/01/22 08:32:24: F/W Version: 00.00.08
2015/01/22 08:32:24:
2015/01/22 08:32:24: MasterKey Key Entry ... OK
2015/01/22 08:32:24: PowerON Counter Key Entry ... OK
2015/01/22 08:32:25: Key Entry ... OK
2015/01/22 08:32:25: Complete.
2015/01/22 08:32:25: COM PORT CLOSE ... OK
2015/01/22 08:32:25: 
2015/01/22 08:32:25: ==== Processing was completed ====
2015/01/22 08:32:25: 
*************************************************


*********** Start the Initialize Key Check **********
2015/01/22 08:45:37: Tool Ver: 2013.0605.01
2015/01/22 08:45:37: COM PORT OPEN ... OK
2015/01/22 08:45:37:
2015/01/22 08:45:37: ProductS/N:  06A115100754
2015/01/22 08:45:37: TID: 86042639CAE52080
2015/01/22 08:45:37: F/W Version: 00.00.08
2015/01/22 08:45:37:
2015/01/22 08:45:37: MasterKey Key Entry ... OK
2015/01/22 08:45:37: PowerON Counter Key Entry ... OK
2015/01/22 08:45:37: Key Entry ... OK
2015/01/22 08:45:37: Complete.
2015/01/22 08:45:37: COM PORT CLOSE ... OK
2015/01/22 08:45:37: 
2015/01/22 08:45:37: ==== Processing was completed ====
2015/01/22 08:45:37: 
*************************************************


*********** Start the Initialize Key Check **********
2015/01/22 08:50:54: Tool Ver: 2013.0605.01
2015/01/22 08:50:54: COM PORT OPEN ... OK
2015/01/22 08:50:54:
2015/01/22 08:50:54: ProductS/N:  VRW06A115100739
2015/01/22 08:50:55: TID: 86041E32CAE52080
2015/01/22 08:50:55: F/W Version: 00.00.08
2015/01/22 08:50:55:
2015/01/22 08:50:55: MasterKey Key Entry ... OK
2015/01/22 08:50:55: PowerON Counter Key Entry ... OK
2015/01/22 08:50:55: Key Entry ... OK
2015/01/22 08:50:55: Complete.
2015/01/22 08:50:55: COM PORT CLOSE ... OK
2015/01/22 08:50:55: 
2015/01/22 08:50:55: ==== Processing was completed ====
2015/01/22 08:50:55: 
*************************************************


*********** Start the Initialize Key Check **********
2015/01/22 08:54:08: Tool Ver: 2013.0605.01
2015/01/22 08:54:08: COM PORT OPEN ... OK
2015/01/22 08:54:08:
2015/01/22 08:54:08: ProductS/N:  VRW06A115100740
2015/01/22 08:54:09: TID: 86043729CAE52080
2015/01/22 08:54:09: F/W Version: 00.00.08
2015/01/22 08:54:09:
2015/01/22 08:54:09: MasterKey Key Entry ... OK
2015/01/22 08:54:09: PowerON Counter Key Entry ... OK
2015/01/22 08:54:09: Key Entry ... OK
2015/01/22 08:54:09: Complete.
2015/01/22 08:54:09: COM PORT CLOSE ... OK
2015/01/22 08:54:09: 
2015/01/22 08:54:09: ==== Processing was completed ====
2015/01/22 08:54:09: 
*************************************************


*********** Start the Initialize Key Check **********
2015/01/22 08:58:36: Tool Ver: 2013.0605.01
2015/01/22 08:58:36: COM PORT OPEN ... OK
2015/01/22 08:58:36:
2015/01/22 08:58:36: ProductS/N:  VRW06A115100752
2015/01/22 08:58:36: TID: 86043127CAE52080
2015/01/22 08:58:36: F/W Version: 00.00.08
2015/01/22 08:58:36:
2015/01/22 08:58:36: MasterKey Key Entry ... OK
2015/01/22 08:58:36: PowerON Counter Key Entry ... OK
2015/01/22 08:58:37: Key Entry ... OK
2015/01/22 08:58:37: Complete.
2015/01/22 08:58:37: COM PORT CLOSE ... OK
2015/01/22 08:58:37: 
2015/01/22 08:58:37: ==== Processing was completed ====
2015/01/22 08:58:37: 
*************************************************


*********** Start the Initialize Key Check **********
2015/01/22 09:00:43: Tool Ver: 2013.0605.01
2015/01/22 09:00:43: COM PORT OPEN ... OK
2015/01/22 09:00:43:
2015/01/22 09:00:43: ProductS/N:  VRW06A115100753
2015/01/22 09:00:43: TID: 86041B173AE62080
2015/01/22 09:00:43: F/W Version: 00.00.08
2015/01/22 09:00:43:
2015/01/22 09:00:43: MasterKey Key Entry ... OK
2015/01/22 09:00:43: PowerON Counter Key Entry ... OK
2015/01/22 09:00:44: Key Entry ... OK
2015/01/22 09:00:44: Complete.
2015/01/22 09:00:44: COM PORT CLOSE ... OK
2015/01/22 09:00:44: 
2015/01/22 09:00:44: ==== Processing was completed ====
2015/01/22 09:00:44: 
*************************************************


*********** Start the Initialize Key Check **********
2015/01/22 09:04:29: Tool Ver: 2013.0605.01
2015/01/22 09:04:29: COM PORT OPEN ... OK
2015/01/22 09:04:29:
2015/01/22 09:04:29: ProductS/N:  VRW06A115100741
2015/01/22 09:04:29: TID: 86040928CAE52080
2015/01/22 09:04:29: F/W Version: 00.00.08
2015/01/22 09:04:29:
2015/01/22 09:04:29: MasterKey Key Entry ... OK
2015/01/22 09:04:29: PowerON Counter Key Entry ... OK
2015/01/22 09:04:29: Key Entry ... OK
2015/01/22 09:04:29: Complete.
2015/01/22 09:04:29: COM PORT CLOSE ... OK
2015/01/22 09:04:29: 
2015/01/22 09:04:29: ==== Processing was completed ====
2015/01/22 09:04:29: 
*************************************************


*********** Start the Initialize Key Check **********
2015/01/22 09:06:18: Tool Ver: 2013.0605.01
2015/01/22 09:06:18: COM PORT OPEN ... OK
2015/01/22 09:06:19:
2015/01/22 09:06:19: ProductS/N:  VRW06A115100726
2015/01/22 09:06:19: TID: 86042136CAE52080
2015/01/22 09:06:19: F/W Version: 00.00.08
2015/01/22 09:06:19:
2015/01/22 09:06:19: MasterKey Key Entry ... OK
2015/01/22 09:06:19: PowerON Counter Key Entry ... OK
2015/01/22 09:06:19: Key Entry ... OK
2015/01/22 09:06:19: Complete.
2015/01/22 09:06:19: COM PORT CLOSE ... OK
2015/01/22 09:06:19: 
2015/01/22 09:06:19: ==== Processing was completed ====
2015/01/22 09:06:19: 
*************************************************


*********** Start the Initialize Key Check **********
2015/01/22 09:10:22: Tool Ver: 2013.0605.01
2015/01/22 09:10:22: COM PORT OPEN ... OK
2015/01/22 09:10:22:
2015/01/22 09:10:22: ProductS/N:  VRW06A115100755
2015/01/22 09:10:22: TID: 86041F29CAE52080
2015/01/22 09:10:22: F/W Version: 00.00.08
2015/01/22 09:10:22:
2015/01/22 09:10:22: MasterKey Key Entry ... OK
2015/01/22 09:10:22: PowerON Counter Key Entry ... OK
2015/01/22 09:10:22: Key Entry ... OK
2015/01/22 09:10:22: Complete.
2015/01/22 09:10:22: COM PORT CLOSE ... OK
2015/01/22 09:10:22: 
2015/01/22 09:10:22: ==== Processing was completed ====
2015/01/22 09:10:22: 
*************************************************


*********** Start the Initialize Key Check **********
2015/01/22 09:11:43: Tool Ver: 2013.0605.01
2015/01/22 09:11:43: COM PORT OPEN ... OK
2015/01/22 09:11:43:
2015/01/22 09:11:43: ProductS/N:  VRW06A115100737
2015/01/22 09:11:43: TID: 86041C32CAE52080
2015/01/22 09:11:43: F/W Version: 00.00.08
2015/01/22 09:11:43:
2015/01/22 09:11:43: MasterKey Key Entry ... OK
2015/01/22 09:11:43: PowerON Counter Key Entry ... OK
2015/01/22 09:11:44: Key Entry ... OK
2015/01/22 09:11:44: Complete.
2015/01/22 09:11:44: COM PORT CLOSE ... OK
2015/01/22 09:11:44: 
2015/01/22 09:11:44: ==== Processing was completed ====
2015/01/22 09:11:44: 
*************************************************


*********** Start the Initialize Key Check **********
2015/01/22 09:17:20: Tool Ver: 2013.0605.01
2015/01/22 09:17:20: COM PORT OPEN ... OK
2015/01/22 09:17:20:
2015/01/22 09:17:20: ProductS/N:  VRW06A115100750
2015/01/22 09:17:20: TID: 86042036CAE52080
2015/01/22 09:17:20: F/W Version: 00.00.08
2015/01/22 09:17:20:
2015/01/22 09:17:20: MasterKey Key Entry ... OK
2015/01/22 09:17:20: PowerON Counter Key Entry ... OK
2015/01/22 09:17:21: Key Entry ... OK
2015/01/22 09:17:21: Complete.
2015/01/22 09:17:21: COM PORT CLOSE ... OK
2015/01/22 09:17:21: 
2015/01/22 09:17:21: ==== Processing was completed ====
2015/01/22 09:17:21: 
*************************************************


*********** Start the Initialize Key Check **********
2015/01/22 09:19:20: Tool Ver: 2013.0605.01
2015/01/22 09:19:20: COM PORT OPEN ... OK
2015/01/22 09:19:20:
2015/01/22 09:19:20: ProductS/N:  VRW06A115100742
2015/01/22 09:19:20: TID: 86043317D2E52080
2015/01/22 09:19:20: F/W Version: 00.00.08
2015/01/22 09:19:20:
2015/01/22 09:19:20: MasterKey Key Entry ... OK
2015/01/22 09:19:20: PowerON Counter Key Entry ... OK
2015/01/22 09:19:21: Key Entry ... OK
2015/01/22 09:19:21: Complete.
2015/01/22 09:19:21: COM PORT CLOSE ... OK
2015/01/22 09:19:21: 
2015/01/22 09:19:21: ==== Processing was completed ====
2015/01/22 09:19:21: 
*************************************************


*********** Start the Initialize Key Check **********
2015/01/22 09:32:18: Tool Ver: 2013.0605.01
2015/01/22 09:32:18: COM PORT OPEN ... OK
2015/01/22 09:32:18:
2015/01/22 09:32:18: ProductS/N:  VRW06A115100756
2015/01/22 09:32:18: TID: 86043D16D2E52080
2015/01/22 09:32:18: F/W Version: 00.00.08
2015/01/22 09:32:18:
2015/01/22 09:32:18: MasterKey Key Entry ... OK
2015/01/22 09:32:18: PowerON Counter Key Entry ... OK
2015/01/22 09:32:19: Key Entry ... OK
2015/01/22 09:32:19: Complete.
2015/01/22 09:32:19: COM PORT CLOSE ... OK
2015/01/22 09:32:19: 
2015/01/22 09:32:19: ==== Processing was completed ====
2015/01/22 09:32:19: 
*************************************************


*********** Start the Initialize Key Check **********
2015/01/22 09:33:52: Tool Ver: 2013.0605.01
2015/01/22 09:33:52: COM PORT OPEN ... OK
2015/01/22 09:33:52:
2015/01/22 09:33:52: ProductS/N:  VRW06A115100759
2015/01/22 09:33:52: TID: 86041A30CAE52080
2015/01/22 09:33:52: F/W Version: 00.00.08
2015/01/22 09:33:52:
2015/01/22 09:33:52: MasterKey Key Entry ... OK
2015/01/22 09:33:53: PowerON Counter Key Entry ... OK
2015/01/22 09:33:53: Key Entry ... OK
2015/01/22 09:33:53: Complete.
2015/01/22 09:33:53: COM PORT CLOSE ... OK
2015/01/22 09:33:53: 
2015/01/22 09:33:53: ==== Processing was completed ====
2015/01/22 09:33:53: 
*************************************************


*********** Start the Initialize Key Check **********
2015/01/22 09:35:35: Tool Ver: 2013.0605.01
2015/01/22 09:35:35: COM PORT OPEN ... OK
2015/01/22 09:35:35:
2015/01/22 09:35:35: ProductS/N:  VRW06A115100748
2015/01/22 09:35:35: TID: 86041633CAE52080
2015/01/22 09:35:35: F/W Version: 00.00.08
2015/01/22 09:35:35:
2015/01/22 09:35:35: MasterKey Key Entry ... OK
2015/01/22 09:35:35: PowerON Counter Key Entry ... OK
2015/01/22 09:35:36: Key Entry ... OK
2015/01/22 09:35:36: Complete.
2015/01/22 09:35:36: COM PORT CLOSE ... OK
2015/01/22 09:35:36: 
2015/01/22 09:35:36: ==== Processing was completed ====
2015/01/22 09:35:36: 
*************************************************


*********** Start the Initialize Key Check **********
2015/01/22 09:49:05: Tool Ver: 2013.0605.01
2015/01/22 09:49:05: COM PORT OPEN ... OK
2015/01/22 09:49:05:
2015/01/22 09:49:05: ProductS/N:  VRW06A115100762
2015/01/22 09:49:05: TID: 86040A35CAE52080
2015/01/22 09:49:06: F/W Version: 00.00.08
2015/01/22 09:49:06:
2015/01/22 09:49:06: MasterKey Key Entry ... OK
2015/01/22 09:49:06: PowerON Counter Key Entry ... OK
2015/01/22 09:49:06: Key Entry ... OK
2015/01/22 09:49:06: Complete.
2015/01/22 09:49:06: COM PORT CLOSE ... OK
2015/01/22 09:49:06: 
2015/01/22 09:49:06: ==== Processing was completed ====
2015/01/22 09:49:06: 
*************************************************


*********** Start the Initialize Key Check **********
2015/01/22 09:51:34: Tool Ver: 2013.0605.01
2015/01/22 09:51:34: COM PORT OPEN ... OK
2015/01/22 09:51:34:
2015/01/22 09:51:34: ProductS/N:  VRW06A115100757
2015/01/22 09:51:34: TID: 8604162BCAE52080
2015/01/22 09:51:34: F/W Version: 00.00.08
2015/01/22 09:51:34:
2015/01/22 09:51:34: MasterKey Key Entry ... OK
2015/01/22 09:51:34: PowerON Counter Key Entry ... OK
2015/01/22 09:51:34: Key Entry ... OK
2015/01/22 09:51:34: Complete.
2015/01/22 09:51:34: COM PORT CLOSE ... OK
2015/01/22 09:51:34: 
2015/01/22 09:51:34: ==== Processing was completed ====
2015/01/22 09:51:34: 
*************************************************


*********** Start the Initialize Key Check **********
2015/01/22 09:53:46: Tool Ver: 2013.0605.01
2015/01/22 09:53:46: COM PORT OPEN ... OK
2015/01/22 09:53:46:
2015/01/22 09:53:46: ProductS/N:  VRW06A115100763
2015/01/22 09:53:46: TID: 8604160A32E62080
2015/01/22 09:53:46: F/W Version: 00.00.08
2015/01/22 09:53:46:
2015/01/22 09:53:46: MasterKey Key Entry ... OK
2015/01/22 09:53:46: PowerON Counter Key Entry ... OK
2015/01/22 09:53:47: Key Entry ... OK
2015/01/22 09:53:47: Complete.
2015/01/22 09:53:47: COM PORT CLOSE ... OK
2015/01/22 09:53:47: 
2015/01/22 09:53:47: ==== Processing was completed ====
2015/01/22 09:53:47: 
*************************************************


*********** Start the Initialize Key Check **********
2015/01/22 09:55:37: Tool Ver: 2013.0605.01
2015/01/22 09:55:37: COM PORT OPEN ... OK
2015/01/22 09:55:37:
2015/01/22 09:55:37: ProductS/N:  VRW06A115100749
2015/01/22 09:55:37: TID: 86043336CAE52080
2015/01/22 09:55:37: F/W Version: 00.00.08
2015/01/22 09:55:37:
2015/01/22 09:55:37: MasterKey Key Entry ... OK
2015/01/22 09:55:37: PowerON Counter Key Entry ... OK
2015/01/22 09:55:38: Key Entry ... OK
2015/01/22 09:55:38: Complete.
2015/01/22 09:55:38: COM PORT CLOSE ... OK
2015/01/22 09:55:38: 
2015/01/22 09:55:38: ==== Processing was completed ====
2015/01/22 09:55:38: 
*************************************************


*********** Start the Initialize Key Check **********
2015/01/22 10:17:56: Tool Ver: 2013.0605.01
2015/01/22 10:17:56: COM PORT OPEN ... OK
2015/01/22 10:17:56:
2015/01/22 10:17:56: ProductS/N:  VRW06A115100760
2015/01/22 10:17:56: TID: 86042313D2E52080
2015/01/22 10:17:56: F/W Version: 00.00.08
2015/01/22 10:17:56:
2015/01/22 10:17:56: MasterKey Key Entry ... OK
2015/01/22 10:17:56: PowerON Counter Key Entry ... OK
2015/01/22 10:17:57: Key Entry ... OK
2015/01/22 10:17:57: Complete.
2015/01/22 10:17:57: COM PORT CLOSE ... OK
2015/01/22 10:17:57: 
2015/01/22 10:17:57: ==== Processing was completed ====
2015/01/22 10:17:57: 
*************************************************


*********** Start the Initialize Key Check **********
2015/01/22 10:19:19: Tool Ver: 2013.0605.01
2015/01/22 10:19:19: COM PORT OPEN ... OK
2015/01/22 10:19:19:
2015/01/22 10:19:19: ProductS/N:  VRW06A115100771
2015/01/22 10:19:19: TID: 86040E10D2E52080
2015/01/22 10:19:19: F/W Version: 00.00.08
2015/01/22 10:19:19:
2015/01/22 10:19:19: MasterKey Key Entry ... OK
2015/01/22 10:19:19: PowerON Counter Key Entry ... OK
2015/01/22 10:19:20: Key Entry ... OK
2015/01/22 10:19:20: Complete.
2015/01/22 10:19:20: COM PORT CLOSE ... OK
2015/01/22 10:19:20: 
2015/01/22 10:19:20: ==== Processing was completed ====
2015/01/22 10:19:20: 
*************************************************


*********** Start the Initialize Key Check **********
2015/01/22 10:20:34: Tool Ver: 2013.0605.01
2015/01/22 10:20:34: COM PORT OPEN ... OK
2015/01/22 10:20:34:
2015/01/22 10:20:34: ProductS/N:  VRW06A115100761
2015/01/22 10:20:34: TID: 86043132CAE52080
2015/01/22 10:20:34: F/W Version: 00.00.08
2015/01/22 10:20:34:
2015/01/22 10:20:34: MasterKey Key Entry ... OK
2015/01/22 10:20:34: PowerON Counter Key Entry ... OK
2015/01/22 10:20:34: Key Entry ... OK
2015/01/22 10:20:34: Complete.
2015/01/22 10:20:34: COM PORT CLOSE ... OK
2015/01/22 10:20:34: 
2015/01/22 10:20:34: ==== Processing was completed ====
2015/01/22 10:20:34: 
*************************************************


*********** Start the Initialize Key Check **********
2015/01/22 10:24:48: Tool Ver: 2013.0605.01
2015/01/22 10:24:48: COM PORT OPEN ... OK
2015/01/22 10:24:48:
2015/01/22 10:24:48: ProductS/N:  VRW06A115100776
2015/01/22 10:24:48: TID: 860431253AE62080
2015/01/22 10:24:48: F/W Version: 00.00.08
2015/01/22 10:24:48:
2015/01/22 10:24:48: MasterKey Key Entry ... OK
2015/01/22 10:24:48: PowerON Counter Key Entry ... OK
2015/01/22 10:24:49: Key Entry ... OK
2015/01/22 10:24:49: Complete.
2015/01/22 10:24:49: COM PORT CLOSE ... OK
2015/01/22 10:24:49: 
2015/01/22 10:24:49: ==== Processing was completed ====
2015/01/22 10:24:49: 
*************************************************


*********** Start the Initialize Key Check **********
2015/01/22 10:26:44: Tool Ver: 2013.0605.01
2015/01/22 10:26:44: COM PORT OPEN ... OK
2015/01/22 10:26:44:
2015/01/22 10:26:44: ProductS/N:  VRW06A115100747
2015/01/22 10:26:44: TID: 8604170DD2E52080
2015/01/22 10:26:44: F/W Version: 00.00.08
2015/01/22 10:26:44:
2015/01/22 10:26:44: MasterKey Key Entry ... OK
2015/01/22 10:26:44: PowerON Counter Key Entry ... OK
2015/01/22 10:26:45: Key Entry ... OK
2015/01/22 10:26:45: Complete.
2015/01/22 10:26:45: COM PORT CLOSE ... OK
2015/01/22 10:26:45: 
2015/01/22 10:26:45: ==== Processing was completed ====
2015/01/22 10:26:45: 
*************************************************


*********** Start the Initialize Key Check **********
2015/01/22 10:41:09: Tool Ver: 2013.0605.01
2015/01/22 10:41:09: COM PORT OPEN ... OK
2015/01/22 10:41:10:
2015/01/22 10:41:10: ProductS/N:  VRW06A115100775
2015/01/22 10:41:10: TID: 86042F10D2E52080
2015/01/22 10:41:10: F/W Version: 00.00.08
2015/01/22 10:41:10:
2015/01/22 10:41:10: MasterKey Key Entry ... OK
2015/01/22 10:41:10: PowerON Counter Key Entry ... OK
2015/01/22 10:41:10: Key Entry ... OK
2015/01/22 10:41:10: Complete.
2015/01/22 10:41:10: COM PORT CLOSE ... OK
2015/01/22 10:41:10: 
2015/01/22 10:41:10: ==== Processing was completed ====
2015/01/22 10:41:10: 
*************************************************


*********** Start the Initialize Key Check **********
2015/01/22 10:43:21: Tool Ver: 2013.0605.01
2015/01/22 10:43:21: COM PORT OPEN ... OK
2015/01/22 10:43:22:
2015/01/22 10:43:22: ProductS/N:  VRW06A115100774
2015/01/22 10:43:22: TID: 86042C2ECAE52080
2015/01/22 10:43:22: F/W Version: 00.00.08
2015/01/22 10:43:22:
2015/01/22 10:43:22: MasterKey Key Entry ... OK
2015/01/22 10:43:22: PowerON Counter Key Entry ... OK
2015/01/22 10:43:22: Key Entry ... OK
2015/01/22 10:43:22: Complete.
2015/01/22 10:43:22: COM PORT CLOSE ... OK
2015/01/22 10:43:22: 
2015/01/22 10:43:22: ==== Processing was completed ====
2015/01/22 10:43:22: 
*************************************************


*********** Start the Initialize Key Check **********
2015/01/22 10:51:48: Tool Ver: 2013.0605.01
2015/01/22 10:51:48: COM PORT OPEN ... OK
2015/01/22 10:51:48:
2015/01/22 10:51:48: ProductS/N:  VRW06A115100764
2015/01/22 10:51:48: TID: 86041533CAE52080
2015/01/22 10:51:48: F/W Version: 00.00.08
2015/01/22 10:51:48:
2015/01/22 10:51:48: MasterKey Key Entry ... OK
2015/01/22 10:51:48: PowerON Counter Key Entry ... OK
2015/01/22 10:51:49: Key Entry ... OK
2015/01/22 10:51:49: Complete.
2015/01/22 10:51:49: COM PORT CLOSE ... OK
2015/01/22 10:51:49: 
2015/01/22 10:51:49: ==== Processing was completed ====
2015/01/22 10:51:49: 
*************************************************


*********** Start the Initialize Key Check **********
2015/01/22 10:52:41: Tool Ver: 2013.0605.01
2015/01/22 10:52:41: COM PORT OPEN ... OK
2015/01/22 10:52:41:
2015/01/22 10:52:41: ProductS/N:  VRW06A115100745
2015/01/22 10:52:41: TID: 860428253AE62080
2015/01/22 10:52:41: F/W Version: 00.00.08
2015/01/22 10:52:41:
2015/01/22 10:52:41: MasterKey Key Entry ... OK
2015/01/22 10:52:41: PowerON Counter Key Entry ... OK
2015/01/22 10:52:42: Key Entry ... OK
2015/01/22 10:52:42: Complete.
2015/01/22 10:52:42: COM PORT CLOSE ... OK
2015/01/22 10:52:42: 
2015/01/22 10:52:42: ==== Processing was completed ====
2015/01/22 10:52:42: 
*************************************************


*********** Start the Initialize Key Check **********
2015/01/22 11:01:37: Tool Ver: 2013.0605.01
2015/01/22 11:01:37: COM PORT OPEN ... OK
2015/01/22 11:01:37:
2015/01/22 11:01:37: ProductS/N:  VRW06A115100773
2015/01/22 11:01:37: TID: 86040E2FCAE52080
2015/01/22 11:01:37: F/W Version: 00.00.08
2015/01/22 11:01:37:
2015/01/22 11:01:37: MasterKey Key Entry ... OK
2015/01/22 11:01:37: PowerON Counter Key Entry ... OK
2015/01/22 11:01:38: Key Entry ... OK
2015/01/22 11:01:38: Complete.
2015/01/22 11:01:38: COM PORT CLOSE ... OK
2015/01/22 11:01:38: 
2015/01/22 11:01:38: ==== Processing was completed ====
2015/01/22 11:01:38: 
*************************************************


*********** Start the Initialize Key Check **********
2015/01/22 11:02:31: Tool Ver: 2013.0605.01
2015/01/22 11:02:31: COM PORT OPEN ... OK
2015/01/22 11:02:31:
2015/01/22 11:02:31: ProductS/N:  VRW06A115100744
2015/01/22 11:02:31: TID: 86040C223AE62080
2015/01/22 11:02:31: F/W Version: 00.00.08
2015/01/22 11:02:31:
2015/01/22 11:02:31: MasterKey Key Entry ... OK
2015/01/22 11:02:31: PowerON Counter Key Entry ... OK
2015/01/22 11:02:32: Key Entry ... OK
2015/01/22 11:02:32: Complete.
2015/01/22 11:02:32: COM PORT CLOSE ... OK
2015/01/22 11:02:32: 
2015/01/22 11:02:32: ==== Processing was completed ====
2015/01/22 11:02:32: 
*************************************************


*********** Start the Initialize Key Check **********
2015/01/22 11:18:19: Tool Ver: 2013.0605.01
2015/01/22 11:18:19: COM PORT OPEN ... OK
2015/01/22 11:18:19:
2015/01/22 11:18:19: ProductS/N:  VRW06A115100746
2015/01/22 11:18:19: TID: 860433283AE62080
2015/01/22 11:18:19: F/W Version: 00.00.08
2015/01/22 11:18:19:
2015/01/22 11:18:19: MasterKey Key Entry ... OK
2015/01/22 11:18:19: PowerON Counter Key Entry ... OK
2015/01/22 11:18:20: Key Entry ... OK
2015/01/22 11:18:20: Complete.
2015/01/22 11:18:20: COM PORT CLOSE ... OK
2015/01/22 11:18:20: 
2015/01/22 11:18:20: ==== Processing was completed ====
2015/01/22 11:18:20: 
*************************************************


*********** Start the Initialize Key Check **********
2015/01/22 11:19:24: Tool Ver: 2013.0605.01
2015/01/22 11:19:24: COM PORT OPEN ... OK
2015/01/22 11:19:24:
2015/01/22 11:19:24: ProductS/N:  VRW06A115100738
2015/01/22 11:19:24: TID: 8604292CCAE52080
2015/01/22 11:19:24: F/W Version: 00.00.08
2015/01/22 11:19:24:
2015/01/22 11:19:24: MasterKey Key Entry ... OK
2015/01/22 11:19:24: PowerON Counter Key Entry ... OK
2015/01/22 11:19:25: Key Entry ... OK
2015/01/22 11:19:25: Complete.
2015/01/22 11:19:25: COM PORT CLOSE ... OK
2015/01/22 11:19:25: 
2015/01/22 11:19:25: ==== Processing was completed ====
2015/01/22 11:19:25: 
*************************************************


*********** Start the Initialize Key Check **********
2015/01/22 11:20:43: Tool Ver: 2013.0605.01
2015/01/22 11:20:43: COM PORT OPEN ... OK
2015/01/22 11:20:43:
2015/01/22 11:20:43: ProductS/N:  VRW06A115100743
2015/01/22 11:20:43: TID: 86041D33CAE52080
2015/01/22 11:20:43: F/W Version: 00.00.08
2015/01/22 11:20:43:
2015/01/22 11:20:43: MasterKey Key Entry ... OK
2015/01/22 11:20:43: PowerON Counter Key Entry ... OK
2015/01/22 11:20:44: Key Entry ... OK
2015/01/22 11:20:44: Complete.
2015/01/22 11:20:44: COM PORT CLOSE ... OK
2015/01/22 11:20:44: 
2015/01/22 11:20:44: ==== Processing was completed ====
2015/01/22 11:20:44: 
*************************************************


*********** Start the Initialize Key Check **********
2015/01/22 11:24:03: Tool Ver: 2013.0605.01
2015/01/22 11:24:03: COM PORT OPEN ... OK
2015/01/22 11:24:03:
2015/01/22 11:24:03: ProductS/N:  VRW06A115100729
2015/01/22 11:24:03: TID: 86041129CAE52080
2015/01/22 11:24:03: F/W Version: 00.00.08
2015/01/22 11:24:03:
2015/01/22 11:24:03: MasterKey Key Entry ... OK
2015/01/22 11:24:03: PowerON Counter Key Entry ... OK
2015/01/22 11:24:04: Key Entry ... OK
2015/01/22 11:24:04: Complete.
2015/01/22 11:24:04: COM PORT CLOSE ... OK
2015/01/22 11:24:04: 
2015/01/22 11:24:04: ==== Processing was completed ====
2015/01/22 11:24:04: 
*************************************************


*********** Start the Initialize Key Check **********
2015/01/22 11:26:35: Tool Ver: 2013.0605.01
2015/01/22 11:26:35: COM PORT OPEN ... OK
2015/01/22 11:26:35:
2015/01/22 11:26:35: ProductS/N:  VRW06A115100770
2015/01/22 11:26:35: TID: 860442273AE62080
2015/01/22 11:26:35: F/W Version: 00.00.08
2015/01/22 11:26:35:
2015/01/22 11:26:35: MasterKey Key Entry ... OK
2015/01/22 11:26:35: PowerON Counter Key Entry ... OK
2015/01/22 11:26:36: Key Entry ... OK
2015/01/22 11:26:36: Complete.
2015/01/22 11:26:36: COM PORT CLOSE ... OK
2015/01/22 11:26:36: 
2015/01/22 11:26:36: ==== Processing was completed ====
2015/01/22 11:26:36: 
*************************************************


*********** Start the Initialize Key Check **********
2015/01/22 11:28:14: Tool Ver: 2013.0605.01
2015/01/22 11:28:14: COM PORT OPEN ... OK
2015/01/22 11:28:14:
2015/01/22 11:28:14: ProductS/N:  VRW06A115100696
2015/01/22 11:28:14: TID: 8604233DCAE52080
2015/01/22 11:28:14: F/W Version: 00.00.08
2015/01/22 11:28:14:
2015/01/22 11:28:14: MasterKey Key Entry ... OK
2015/01/22 11:28:14: PowerON Counter Key Entry ... OK
2015/01/22 11:28:14: Key Entry ... OK
2015/01/22 11:28:14: Complete.
2015/01/22 11:28:14: COM PORT CLOSE ... OK
2015/01/22 11:28:14: 
2015/01/22 11:28:14: ==== Processing was completed ====
2015/01/22 11:28:14: 
*************************************************


*********** Start the Initialize Key Check **********
2015/01/22 11:30:34: Tool Ver: 2013.0605.01
2015/01/22 11:30:34: COM PORT OPEN ... OK
2015/01/22 11:30:34:
2015/01/22 11:30:34: ProductS/N:  VRW06A115100757
2015/01/22 11:30:34: TID: 8604162BCAE52080
2015/01/22 11:30:34: F/W Version: 00.00.08
2015/01/22 11:30:34:
2015/01/22 11:30:34: MasterKey Key Entry ... OK
2015/01/22 11:30:34: PowerON Counter Key Entry ... OK
2015/01/22 11:30:35: Key Entry ... OK
2015/01/22 11:30:35: Complete.
2015/01/22 11:30:35: COM PORT CLOSE ... OK
2015/01/22 11:30:35: 
2015/01/22 11:30:35: ==== Processing was completed ====
2015/01/22 11:30:35: 
*************************************************


*********** Start the Initialize Key Check **********
2015/01/22 11:31:51: Tool Ver: 2013.0605.01
2015/01/22 11:31:51: COM PORT OPEN ... OK
2015/01/22 11:31:51:
2015/01/22 11:31:51: ProductS/N:  VRW06A115100758
2015/01/22 11:31:51: TID: 8604142BCAE52080
2015/01/22 11:31:51: F/W Version: 00.00.08
2015/01/22 11:31:51:
2015/01/22 11:31:51: MasterKey Key Entry ... OK
2015/01/22 11:31:51: PowerON Counter Key Entry ... OK
2015/01/22 11:31:52: Key Entry ... OK
2015/01/22 11:31:52: Complete.
2015/01/22 11:31:52: COM PORT CLOSE ... OK
2015/01/22 11:31:52: 
2015/01/22 11:31:52: ==== Processing was completed ====
2015/01/22 11:31:52: 
*************************************************


*********** Start the Initialize Key Check **********
2015/01/22 11:33:20: Tool Ver: 2013.0605.01
2015/01/22 11:33:20: COM PORT OPEN ... OK
2015/01/22 11:33:20:
2015/01/22 11:33:20: ProductS/N:  VRW06A115100783
2015/01/22 11:33:20: TID: 860405243AE62080
2015/01/22 11:33:20: F/W Version: 00.00.08
2015/01/22 11:33:20:
2015/01/22 11:33:20: MasterKey Key Entry ... OK
2015/01/22 11:33:20: PowerON Counter Key Entry ... OK
2015/01/22 11:33:21: Key Entry ... OK
2015/01/22 11:33:21: Complete.
2015/01/22 11:33:21: COM PORT CLOSE ... OK
2015/01/22 11:33:21: 
2015/01/22 11:33:21: ==== Processing was completed ====
2015/01/22 11:33:21: 
*************************************************


*********** Start the Initialize Key Check **********
2015/01/22 11:35:04: Tool Ver: 2013.0605.01
2015/01/22 11:35:04: COM PORT OPEN ... OK
2015/01/22 11:35:04:
2015/01/22 11:35:04: ProductS/N:  VRW06A115100777
2015/01/22 11:35:05: TID: 860405153AE62080
2015/01/22 11:35:05: F/W Version: 00.00.08
2015/01/22 11:35:05:
2015/01/22 11:35:05: MasterKey Key Entry ... OK
2015/01/22 11:35:05: PowerON Counter Key Entry ... OK
2015/01/22 11:35:05: Key Entry ... OK
2015/01/22 11:35:05: Complete.
2015/01/22 11:35:05: COM PORT CLOSE ... OK
2015/01/22 11:35:05: 
2015/01/22 11:35:05: ==== Processing was completed ====
2015/01/22 11:35:05: 
*************************************************


*********** Start the Initialize Key Check **********
2015/01/22 11:43:46: Tool Ver: 2013.0605.01
2015/01/22 11:43:46: COM PORT OPEN ... OK
2015/01/22 11:43:46:
2015/01/22 11:43:46: ProductS/N:  VRW06A115100784
2015/01/22 11:43:46: TID: 860402263AE62080
2015/01/22 11:43:46: F/W Version: 00.00.08
2015/01/22 11:43:46:
2015/01/22 11:43:46: MasterKey Key Entry ... OK
2015/01/22 11:43:46: PowerON Counter Key Entry ... OK
2015/01/22 11:43:47: Key Entry ... OK
2015/01/22 11:43:47: Complete.
2015/01/22 11:43:47: COM PORT CLOSE ... OK
2015/01/22 11:43:47: 
2015/01/22 11:43:47: ==== Processing was completed ====
2015/01/22 11:43:47: 
*************************************************


*********** Start the Initialize Key Check **********
2015/01/22 12:57:24: Tool Ver: 2013.0605.01
2015/01/22 12:57:24: COM PORT OPEN ... OK
2015/01/22 12:57:24:
2015/01/22 12:57:24: ProductS/N:  VRW06A115100768
2015/01/22 12:57:24: TID: 86040819D2E52080
2015/01/22 12:57:24: F/W Version: 00.00.08
2015/01/22 12:57:24:
2015/01/22 12:57:24: MasterKey Key Entry ... OK
2015/01/22 12:57:25: PowerON Counter Key Entry ... OK
2015/01/22 12:57:25: Key Entry ... OK
2015/01/22 12:57:25: Complete.
2015/01/22 12:57:25: COM PORT CLOSE ... OK
2015/01/22 12:57:25: 
2015/01/22 12:57:25: ==== Processing was completed ====
2015/01/22 12:57:25: 
*************************************************


*********** Start the Initialize Key Check **********
2015/01/22 13:00:21: Tool Ver: 2013.0605.01
2015/01/22 13:00:21: COM PORT OPEN ... OK
2015/01/22 13:00:21:
2015/01/22 13:00:21: ProductS/N:  VRW06A115100778
2015/01/22 13:00:21: TID: 860425253AE62080
2015/01/22 13:00:21: F/W Version: 00.00.08
2015/01/22 13:00:21:
2015/01/22 13:00:21: MasterKey Key Entry ... OK
2015/01/22 13:00:21: PowerON Counter Key Entry ... OK
2015/01/22 13:00:22: Key Entry ... OK
2015/01/22 13:00:22: Complete.
2015/01/22 13:00:22: COM PORT CLOSE ... OK
2015/01/22 13:00:22: 
2015/01/22 13:00:22: ==== Processing was completed ====
2015/01/22 13:00:22: 
*************************************************


*********** Start the Initialize Key Check **********
2015/01/22 13:02:25: Tool Ver: 2013.0605.01
2015/01/22 13:02:25: COM PORT OPEN ... OK
2015/01/22 13:02:25:
2015/01/22 13:02:25: ProductS/N:  VRW06A115100794
2015/01/22 13:02:25: TID: 86042F16D2E52080
2015/01/22 13:02:25: F/W Version: 00.00.08
2015/01/22 13:02:25:
2015/01/22 13:02:25: MasterKey Key Entry ... OK
2015/01/22 13:02:26: PowerON Counter Key Entry ... OK
2015/01/22 13:02:26: Key Entry ... OK
2015/01/22 13:02:26: Complete.
2015/01/22 13:02:26: COM PORT CLOSE ... OK
2015/01/22 13:02:26: 
2015/01/22 13:02:26: ==== Processing was completed ====
2015/01/22 13:02:26: 
*************************************************


*********** Start the Initialize Key Check **********
2015/01/22 13:03:45: Tool Ver: 2013.0605.01
2015/01/22 13:03:45: COM PORT OPEN ... OK
2015/01/22 13:03:45:
2015/01/22 13:03:45: ProductS/N:  VRW06A115100788
2015/01/22 13:03:45: TID: 86042841CAE52080
2015/01/22 13:03:45: F/W Version: 00.00.08
2015/01/22 13:03:45:
2015/01/22 13:03:45: MasterKey Key Entry ... OK
2015/01/22 13:03:45: PowerON Counter Key Entry ... OK
2015/01/22 13:03:46: Key Entry ... OK
2015/01/22 13:03:46: Complete.
2015/01/22 13:03:46: COM PORT CLOSE ... OK
2015/01/22 13:03:46: 
2015/01/22 13:03:46: ==== Processing was completed ====
2015/01/22 13:03:46: 
*************************************************


*********** Start the Initialize Key Check **********
2015/01/22 13:06:16: Tool Ver: 2013.0605.01
2015/01/22 13:06:16: COM PORT OPEN ... OK
2015/01/22 13:06:16:
2015/01/22 13:06:16: ProductS/N:  VRW06A115100787
2015/01/22 13:06:16: TID: 86043D223AE62080
2015/01/22 13:06:16: F/W Version: 00.00.08
2015/01/22 13:06:16:
2015/01/22 13:06:16: MasterKey Key Entry ... OK
2015/01/22 13:06:16: PowerON Counter Key Entry ... OK
2015/01/22 13:06:17: Key Entry ... OK
2015/01/22 13:06:17: Complete.
2015/01/22 13:06:17: COM PORT CLOSE ... OK
2015/01/22 13:06:17: 
2015/01/22 13:06:17: ==== Processing was completed ====
2015/01/22 13:06:17: 
*************************************************


*********** Start the Initialize Key Check **********
2015/01/22 13:07:50: Tool Ver: 2013.0605.01
2015/01/22 13:07:50: COM PORT OPEN ... OK
2015/01/22 13:07:50:
2015/01/22 13:07:50: ProductS/N:  VRW06A115100789
2015/01/22 13:07:50: TID: 86043A233AE62080
2015/01/22 13:07:51: F/W Version: 00.00.08
2015/01/22 13:07:51:
2015/01/22 13:07:51: MasterKey Key Entry ... OK
2015/01/22 13:07:51: PowerON Counter Key Entry ... OK
2015/01/22 13:07:51: Key Entry ... OK
2015/01/22 13:07:51: Complete.
2015/01/22 13:07:51: COM PORT CLOSE ... OK
2015/01/22 13:07:51: 
2015/01/22 13:07:51: ==== Processing was completed ====
2015/01/22 13:07:51: 
*************************************************


*********** Start the Initialize Key Check **********
2015/01/22 13:09:08: Tool Ver: 2013.0605.01
2015/01/22 13:09:08: COM PORT OPEN ... OK
2015/01/22 13:09:08:
2015/01/22 13:09:08: ProductS/N:  VRW06A115100781
2015/01/22 13:09:08: TID: 86041D243AE62080
2015/01/22 13:09:08: F/W Version: 00.00.08
2015/01/22 13:09:08:
2015/01/22 13:09:08: MasterKey Key Entry ... OK
2015/01/22 13:09:08: PowerON Counter Key Entry ... OK
2015/01/22 13:09:08: Key Entry ... OK
2015/01/22 13:09:08: Complete.
2015/01/22 13:09:08: COM PORT CLOSE ... OK
2015/01/22 13:09:08: 
2015/01/22 13:09:08: ==== Processing was completed ====
2015/01/22 13:09:08: 
*************************************************


*********** Start the Initialize Key Check **********
2015/01/22 13:10:50: Tool Ver: 2013.0605.01
2015/01/22 13:10:50: COM PORT OPEN ... OK
2015/01/22 13:10:50:
2015/01/22 13:10:50: ProductS/N:  VRW06A115100786
2015/01/22 13:10:50: TID: 860432213AE62080
2015/01/22 13:10:50: F/W Version: 00.00.08
2015/01/22 13:10:50:
2015/01/22 13:10:50: MasterKey Key Entry ... OK
2015/01/22 13:10:50: PowerON Counter Key Entry ... OK
2015/01/22 13:10:51: Key Entry ... OK
2015/01/22 13:10:51: Complete.
2015/01/22 13:10:51: COM PORT CLOSE ... OK
2015/01/22 13:10:51: 
2015/01/22 13:10:51: ==== Processing was completed ====
2015/01/22 13:10:51: 
*************************************************


*********** Start the Initialize Key Check **********
2015/01/22 13:12:04: Tool Ver: 2013.0605.01
2015/01/22 13:12:04: COM PORT OPEN ... OK
2015/01/22 13:12:04:
2015/01/22 13:12:04: ProductS/N:  VRW06A115100793
2015/01/22 13:12:04: TID: 8604311BD2E52080
2015/01/22 13:12:04: F/W Version: 00.00.08
2015/01/22 13:12:04:
2015/01/22 13:12:04: MasterKey Key Entry ... OK
2015/01/22 13:12:04: PowerON Counter Key Entry ... OK
2015/01/22 13:12:04: Key Entry ... OK
2015/01/22 13:12:04: Complete.
2015/01/22 13:12:04: COM PORT CLOSE ... OK
2015/01/22 13:12:04: 
2015/01/22 13:12:04: ==== Processing was completed ====
2015/01/22 13:12:04: 
*************************************************


*********** Start the Initialize Key Check **********
2015/01/22 13:13:47: Tool Ver: 2013.0605.01
2015/01/22 13:13:47: COM PORT OPEN ... OK
2015/01/22 13:13:47:
2015/01/22 13:13:47: ProductS/N:  VRW06A115100790
2015/01/22 13:13:47: TID: 86040B273AE62080
2015/01/22 13:13:47: F/W Version: 00.00.08
2015/01/22 13:13:47:
2015/01/22 13:13:47: MasterKey Key Entry ... OK
2015/01/22 13:13:47: PowerON Counter Key Entry ... OK
2015/01/22 13:13:47: Key Entry ... OK
2015/01/22 13:13:47: Complete.
2015/01/22 13:13:47: COM PORT CLOSE ... OK
2015/01/22 13:13:47: 
2015/01/22 13:13:47: ==== Processing was completed ====
2015/01/22 13:13:47: 
*************************************************


*********** Start the Initialize Key Check **********
2015/01/22 13:25:35: Tool Ver: 2013.0605.01
2015/01/22 13:25:35: COM PORT OPEN ... OK
2015/01/22 13:25:35:
2015/01/22 13:25:35: ProductS/N:  06A115100799
2015/01/22 13:25:35: TID: 86040A29CAE52080
2015/01/22 13:25:35: F/W Version: 00.00.08
2015/01/22 13:25:35:
2015/01/22 13:25:35: MasterKey Key Entry ... OK
2015/01/22 13:25:35: PowerON Counter Key Entry ... OK
2015/01/22 13:25:36: Key Entry ... OK
2015/01/22 13:25:36: Complete.
2015/01/22 13:25:36: COM PORT CLOSE ... OK
2015/01/22 13:25:36: 
2015/01/22 13:25:36: ==== Processing was completed ====
2015/01/22 13:25:36: 
*************************************************


*********** Start the Initialize Key Check **********
2015/01/22 13:26:07: Tool Ver: 2013.0605.01
2015/01/22 13:26:07: COM PORT OPEN ... OK
2015/01/22 13:26:07:
2015/01/22 13:26:07: ProductS/N:  VRW06A115100780
2015/01/22 13:26:07: TID: 860421113AE62080
2015/01/22 13:26:07: F/W Version: 00.00.08
2015/01/22 13:26:07:
2015/01/22 13:26:07: MasterKey Key Entry ... OK
2015/01/22 13:26:07: PowerON Counter Key Entry ... OK
2015/01/22 13:26:08: Key Entry ... OK
2015/01/22 13:26:08: Complete.
2015/01/22 13:26:08: COM PORT CLOSE ... OK
2015/01/22 13:26:08: 
2015/01/22 13:26:08: ==== Processing was completed ====
2015/01/22 13:26:08: 
*************************************************


*********** Start the Initialize Key Check **********
2015/01/22 13:29:45: Tool Ver: 2013.0605.01
2015/01/22 13:29:45: COM PORT OPEN ... ERROR(01)
2015/01/22 13:29:45: 
2015/01/22 13:29:45: ######## Error has occurred ########
2015/01/22 13:29:45: 
*************************************************


*********** Start the Initialize Key Check **********
2015/01/22 13:30:17: Tool Ver: 2013.0605.01
2015/01/22 13:30:17: COM PORT OPEN ... OK
2015/01/22 13:30:18:
2015/01/22 13:30:18: ProductS/N:  VRW06A115100767
2015/01/22 13:30:18: TID: 86042B2ECAE52080
2015/01/22 13:30:18: F/W Version: 00.00.08
2015/01/22 13:30:18:
2015/01/22 13:30:18: MasterKey Key Entry ... OK
2015/01/22 13:30:18: PowerON Counter Key Entry ... OK
2015/01/22 13:30:18: Key Entry ... OK
2015/01/22 13:30:18: Complete.
2015/01/22 13:30:18: COM PORT CLOSE ... OK
2015/01/22 13:30:18: 
2015/01/22 13:30:18: ==== Processing was completed ====
2015/01/22 13:30:18: 
*************************************************


*********** Start the Initialize Key Check **********
2015/01/22 13:31:27: Tool Ver: 2013.0605.01
2015/01/22 13:31:27: COM PORT OPEN ... OK
2015/01/22 13:31:27:
2015/01/22 13:31:27: ProductS/N:  VRW06A115100772
2015/01/22 13:31:27: TID: 86042D113AE62080
2015/01/22 13:31:27: F/W Version: 00.00.08
2015/01/22 13:31:27:
2015/01/22 13:31:27: MasterKey Key Entry ... OK
2015/01/22 13:31:27: PowerON Counter Key Entry ... OK
2015/01/22 13:31:28: Key Entry ... OK
2015/01/22 13:31:28: Complete.
2015/01/22 13:31:28: COM PORT CLOSE ... OK
2015/01/22 13:31:28: 
2015/01/22 13:31:28: ==== Processing was completed ====
2015/01/22 13:31:28: 
*************************************************


*********** Start the Initialize Key Check **********
2015/01/22 13:51:22: Tool Ver: 2013.0605.01
2015/01/22 13:51:22: COM PORT OPEN ... OK
2015/01/22 13:51:23:
2015/01/22 13:51:23: ProductS/N:  VRW06A115100804
2015/01/22 13:51:23: TID: 8604210632E62080
2015/01/22 13:51:23: F/W Version: 00.00.08
2015/01/22 13:51:23:
2015/01/22 13:51:23: MasterKey Key Entry ... OK
2015/01/22 13:51:23: PowerON Counter Key Entry ... OK
2015/01/22 13:51:23: Key Entry ... OK
2015/01/22 13:51:23: Complete.
2015/01/22 13:51:23: COM PORT CLOSE ... OK
2015/01/22 13:51:23: 
2015/01/22 13:51:23: ==== Processing was completed ====
2015/01/22 13:51:23: 
*************************************************


*********** Start the Initialize Key Check **********
2015/01/22 13:52:16: Tool Ver: 2013.0605.01
2015/01/22 13:52:16: COM PORT OPEN ... OK
2015/01/22 13:52:16:
2015/01/22 13:52:16: ProductS/N:  VRW06A115100803
2015/01/22 13:52:16: TID: 8604130E32E62080
2015/01/22 13:52:16: F/W Version: 00.00.08
2015/01/22 13:52:16:
2015/01/22 13:52:16: MasterKey Key Entry ... OK
2015/01/22 13:52:16: PowerON Counter Key Entry ... OK
2015/01/22 13:52:16: Key Entry ... OK
2015/01/22 13:52:16: Complete.
2015/01/22 13:52:16: COM PORT CLOSE ... OK
2015/01/22 13:52:16: 
2015/01/22 13:52:16: ==== Processing was completed ====
2015/01/22 13:52:16: 
*************************************************


*********** Start the Initialize Key Check **********
2015/01/22 13:53:55: Tool Ver: 2013.0605.01
2015/01/22 13:53:55: COM PORT OPEN ... OK
2015/01/22 13:53:55:
2015/01/22 13:53:55: ProductS/N:  VRW06A115100805
2015/01/22 13:53:55: TID: 86040C10D2E52080
2015/01/22 13:53:55: F/W Version: 00.00.08
2015/01/22 13:53:55:
2015/01/22 13:53:55: MasterKey Key Entry ... OK
2015/01/22 13:53:55: PowerON Counter Key Entry ... OK
2015/01/22 13:53:56: Key Entry ... OK
2015/01/22 13:53:56: Complete.
2015/01/22 13:53:56: COM PORT CLOSE ... OK
2015/01/22 13:53:56: 
2015/01/22 13:53:56: ==== Processing was completed ====
2015/01/22 13:53:56: 
*************************************************


*********** Start the Initialize Key Check **********
2015/01/22 13:55:18: Tool Ver: 2013.0605.01
2015/01/22 13:55:18: COM PORT OPEN ... OK
2015/01/22 13:55:18:
2015/01/22 13:55:18: ProductS/N:  VRW06A115100791
2015/01/22 13:55:18: TID: 86042430CAE52080
2015/01/22 13:55:18: F/W Version: 00.00.08
2015/01/22 13:55:18:
2015/01/22 13:55:18: MasterKey Key Entry ... OK
2015/01/22 13:55:18: PowerON Counter Key Entry ... OK
2015/01/22 13:55:18: Key Entry ... OK
2015/01/22 13:55:18: Complete.
2015/01/22 13:55:18: COM PORT CLOSE ... OK
2015/01/22 13:55:18: 
2015/01/22 13:55:18: ==== Processing was completed ====
2015/01/22 13:55:18: 
*************************************************


*********** Start the Initialize Key Check **********
2015/01/22 13:56:27: Tool Ver: 2013.0605.01
2015/01/22 13:56:27: COM PORT OPEN ... OK
2015/01/22 13:56:27:
2015/01/22 13:56:27: ProductS/N:  VRW06A115100806
2015/01/22 13:56:27: TID: 8604240DD2E52080
2015/01/22 13:56:27: F/W Version: 00.00.08
2015/01/22 13:56:27:
2015/01/22 13:56:27: MasterKey Key Entry ... OK
2015/01/22 13:56:27: PowerON Counter Key Entry ... OK
2015/01/22 13:56:28: Key Entry ... OK
2015/01/22 13:56:28: Complete.
2015/01/22 13:56:28: COM PORT CLOSE ... OK
2015/01/22 13:56:28: 
2015/01/22 13:56:28: ==== Processing was completed ====
2015/01/22 13:56:28: 
*************************************************


*********** Start the Initialize Key Check **********
2015/01/22 13:58:16: Tool Ver: 2013.0605.01
2015/01/22 13:58:16: COM PORT OPEN ... OK
2015/01/22 13:58:16:
2015/01/22 13:58:16: ProductS/N:  VRW06A115100802
2015/01/22 13:58:17: TID: 86041835CAE52080
2015/01/22 13:58:17: F/W Version: 00.00.08
2015/01/22 13:58:17:
2015/01/22 13:58:17: MasterKey Key Entry ... OK
2015/01/22 13:58:17: PowerON Counter Key Entry ... OK
2015/01/22 13:58:17: Key Entry ... OK
2015/01/22 13:58:17: Complete.
2015/01/22 13:58:17: COM PORT CLOSE ... OK
2015/01/22 13:58:17: 
2015/01/22 13:58:17: ==== Processing was completed ====
2015/01/22 13:58:17: 
*************************************************


*********** Start the Initialize Key Check **********
2015/01/22 14:00:02: Tool Ver: 2013.0605.01
2015/01/22 14:00:02: COM PORT OPEN ... OK
2015/01/22 14:00:02:
2015/01/22 14:00:02: ProductS/N:  VRW06A115100766
2015/01/22 14:00:02: TID: 8604300632E62080
2015/01/22 14:00:02: F/W Version: 00.00.08
2015/01/22 14:00:02:
2015/01/22 14:00:02: MasterKey Key Entry ... OK
2015/01/22 14:00:02: PowerON Counter Key Entry ... OK
2015/01/22 14:00:03: Key Entry ... OK
2015/01/22 14:00:03: Complete.
2015/01/22 14:00:03: COM PORT CLOSE ... OK
2015/01/22 14:00:03: 
2015/01/22 14:00:03: ==== Processing was completed ====
2015/01/22 14:00:03: 
*************************************************


*********** Start the Initialize Key Check **********
2015/01/22 14:14:50: Tool Ver: 2013.0605.01
2015/01/22 14:14:50: COM PORT OPEN ... OK
2015/01/22 14:14:50:
2015/01/22 14:14:50: ProductS/N:  6A115100808
2015/01/22 14:14:50: TID: 86042D17D2E52080
2015/01/22 14:14:50: F/W Version: 00.00.08
2015/01/22 14:14:50:
2015/01/22 14:14:50: MasterKey Key Entry ... OK
2015/01/22 14:14:50: PowerON Counter Key Entry ... OK
2015/01/22 14:14:51: Key Entry ... OK
2015/01/22 14:14:51: Complete.
2015/01/22 14:14:51: COM PORT CLOSE ... OK
2015/01/22 14:14:51: 
2015/01/22 14:14:51: ==== Processing was completed ====
2015/01/22 14:14:51: 
*************************************************


*********** Start the Initialize Key Check **********
2015/01/22 14:15:42: Tool Ver: 2013.0605.01
2015/01/22 14:15:42: COM PORT OPEN ... OK
2015/01/22 14:15:43:
2015/01/22 14:15:43: ProductS/N:  VRW06A115100807
2015/01/22 14:15:43: TID: 860425273AE62080
2015/01/22 14:15:43: F/W Version: 00.00.08
2015/01/22 14:15:43:
2015/01/22 14:15:43: MasterKey Key Entry ... OK
2015/01/22 14:15:43: PowerON Counter Key Entry ... OK
2015/01/22 14:15:43: Key Entry ... OK
2015/01/22 14:15:43: Complete.
2015/01/22 14:15:43: COM PORT CLOSE ... OK
2015/01/22 14:15:43: 
2015/01/22 14:15:43: ==== Processing was completed ====
2015/01/22 14:15:43: 
*************************************************


*********** Start the Initialize Key Check **********
2015/01/22 14:24:24: Tool Ver: 2013.0605.01
2015/01/22 14:24:24: COM PORT OPEN ... OK
2015/01/22 14:24:24:
2015/01/22 14:24:24: ProductS/N:  VRW06A115100810
2015/01/22 14:24:24: TID: 86041D223AE62080
2015/01/22 14:24:24: F/W Version: 00.00.08
2015/01/22 14:24:24:
2015/01/22 14:24:24: MasterKey Key Entry ... OK
2015/01/22 14:24:24: PowerON Counter Key Entry ... OK
2015/01/22 14:24:25: Key Entry ... OK
2015/01/22 14:24:25: Complete.
2015/01/22 14:24:25: COM PORT CLOSE ... OK
2015/01/22 14:24:25: 
2015/01/22 14:24:25: ==== Processing was completed ====
2015/01/22 14:24:25: 
*************************************************


*********** Start the Initialize Key Check **********
2015/01/22 14:25:03: Tool Ver: 2013.0605.01
2015/01/22 14:25:03: COM PORT OPEN ... OK
2015/01/22 14:25:03:
2015/01/22 14:25:03: ProductS/N:  VRW06A115100801
2015/01/22 14:25:03: TID: 8604140E32E62080
2015/01/22 14:25:03: F/W Version: 00.00.08
2015/01/22 14:25:03:
2015/01/22 14:25:03: MasterKey Key Entry ... OK
2015/01/22 14:25:03: PowerON Counter Key Entry ... OK
2015/01/22 14:25:03: Key Entry ... OK
2015/01/22 14:25:03: Complete.
2015/01/22 14:25:03: COM PORT CLOSE ... OK
2015/01/22 14:25:03: 
2015/01/22 14:25:03: ==== Processing was completed ====
2015/01/22 14:25:03: 
*************************************************


*********** Start the Initialize Key Check **********
2015/01/22 14:25:46: Tool Ver: 2013.0605.01
2015/01/22 14:25:46: COM PORT OPEN ... OK
2015/01/22 14:25:46:
2015/01/22 14:25:46: ProductS/N:  VRW06A115100792
2015/01/22 14:25:46: TID: 860427223AE62080
2015/01/22 14:25:46: F/W Version: 00.00.08
2015/01/22 14:25:46:
2015/01/22 14:25:46: MasterKey Key Entry ... OK
2015/01/22 14:25:46: PowerON Counter Key Entry ... OK
2015/01/22 14:25:47: Key Entry ... OK
2015/01/22 14:25:47: Complete.
2015/01/22 14:25:47: COM PORT CLOSE ... OK
2015/01/22 14:25:47: 
2015/01/22 14:25:47: ==== Processing was completed ====
2015/01/22 14:25:47: 
*************************************************


*********** Start the Initialize Key Check **********
2015/01/22 14:29:13: Tool Ver: 2013.0605.01
2015/01/22 14:29:13: COM PORT OPEN ... OK
2015/01/22 14:29:13:
2015/01/22 14:29:13: ProductS/N:  VRW06A115100800
2015/01/22 14:29:13: TID: 860432173AE62080
2015/01/22 14:29:13: F/W Version: 00.00.08
2015/01/22 14:29:13:
2015/01/22 14:29:13: MasterKey Key Entry ... OK
2015/01/22 14:29:13: PowerON Counter Key Entry ... OK
2015/01/22 14:29:14: Key Entry ... OK
2015/01/22 14:29:14: Complete.
2015/01/22 14:29:14: COM PORT CLOSE ... OK
2015/01/22 14:29:14: 
2015/01/22 14:29:14: ==== Processing was completed ====
2015/01/22 14:29:14: 
*************************************************


*********** Start the Initialize Key Check **********
2015/01/22 14:30:23: Tool Ver: 2013.0605.01
2015/01/22 14:30:23: COM PORT OPEN ... OK
2015/01/22 14:30:23:
2015/01/22 14:30:23: ProductS/N:  VRW06A115100812
2015/01/22 14:30:23: TID: 860430173AE62080
2015/01/22 14:30:23: F/W Version: 00.00.08
2015/01/22 14:30:23:
2015/01/22 14:30:23: MasterKey Key Entry ... OK
2015/01/22 14:30:23: PowerON Counter Key Entry ... OK
2015/01/22 14:30:24: Key Entry ... OK
2015/01/22 14:30:24: Complete.
2015/01/22 14:30:24: COM PORT CLOSE ... OK
2015/01/22 14:30:24: 
2015/01/22 14:30:24: ==== Processing was completed ====
2015/01/22 14:30:24: 
*************************************************


*********** Start the Initialize Key Check **********
2015/01/22 14:32:43: Tool Ver: 2013.0605.01
2015/01/22 14:32:43: Product S/N ... ERROR
2015/01/22 14:32:43: 
2015/01/22 14:32:43: ######## Error has occurred ########
2015/01/22 14:32:43: 
*************************************************


*********** Start the Initialize Key Check **********
2015/01/22 14:33:05: Tool Ver: 2013.0605.01
2015/01/22 14:33:05: COM PORT OPEN ... OK
2015/01/22 14:33:05:
2015/01/22 14:33:05: ProductS/N:  VRW06A115100811
2015/01/22 14:33:05: TID: 86041A273AE62080
2015/01/22 14:33:05: F/W Version: 00.00.08
2015/01/22 14:33:05:
2015/01/22 14:33:05: MasterKey Key Entry ... OK
2015/01/22 14:33:06: PowerON Counter Key Entry ... OK
2015/01/22 14:33:06: Key Entry ... OK
2015/01/22 14:33:06: Complete.
2015/01/22 14:33:06: COM PORT CLOSE ... OK
2015/01/22 14:33:06: 
2015/01/22 14:33:06: ==== Processing was completed ====
2015/01/22 14:33:06: 
*************************************************


*********** Start the Initialize Key Check **********
2015/01/22 14:49:13: Tool Ver: 2013.0605.01
2015/01/22 14:49:13: COM PORT OPEN ... OK
2015/01/22 14:49:13:
2015/01/22 14:49:13: ProductS/N:  VRW06A115100798
2015/01/22 14:49:13: TID: 86042A2E3AE62080
2015/01/22 14:49:13: F/W Version: 00.00.08
2015/01/22 14:49:13:
2015/01/22 14:49:13: MasterKey Key Entry ... OK
2015/01/22 14:49:13: PowerON Counter Key Entry ... OK
2015/01/22 14:49:14: Key Entry ... OK
2015/01/22 14:49:14: Complete.
2015/01/22 14:49:14: COM PORT CLOSE ... OK
2015/01/22 14:49:14: 
2015/01/22 14:49:14: ==== Processing was completed ====
2015/01/22 14:49:14: 
*************************************************


*********** Start the Initialize Key Check **********
2015/01/22 14:51:29: Tool Ver: 2013.0605.01
2015/01/22 14:51:29: COM PORT OPEN ... OK
2015/01/22 14:51:29:
2015/01/22 14:51:29: ProductS/N:  VRW06A115100782
2015/01/22 14:51:29: TID: 860440283AE62080
2015/01/22 14:51:29: F/W Version: 00.00.08
2015/01/22 14:51:29:
2015/01/22 14:51:29: MasterKey Key Entry ... OK
2015/01/22 14:51:30: PowerON Counter Key Entry ... OK
2015/01/22 14:51:30: Key Entry ... OK
2015/01/22 14:51:30: Complete.
2015/01/22 14:51:30: COM PORT CLOSE ... OK
2015/01/22 14:51:30: 
2015/01/22 14:51:30: ==== Processing was completed ====
2015/01/22 14:51:30: 
*************************************************


*********** Start the Initialize Key Check **********
2015/01/22 14:54:02: Tool Ver: 2013.0605.01
2015/01/22 14:54:02: COM PORT OPEN ... OK
2015/01/22 14:54:02:
2015/01/22 14:54:02: ProductS/N:  VRW06A115100796
2015/01/22 14:54:03: TID: 8604160B32E62080
2015/01/22 14:54:03: F/W Version: 00.00.08
2015/01/22 14:54:03:
2015/01/22 14:54:03: MasterKey Key Entry ... OK
2015/01/22 14:54:03: PowerON Counter Key Entry ... OK
2015/01/22 14:54:03: Key Entry ... OK
2015/01/22 14:54:03: Complete.
2015/01/22 14:54:03: COM PORT CLOSE ... OK
2015/01/22 14:54:03: 
2015/01/22 14:54:03: ==== Processing was completed ====
2015/01/22 14:54:03: 
*************************************************


*********** Start the Initialize Key Check **********
2015/01/22 15:15:25: Tool Ver: 2013.0605.01
2015/01/22 15:15:25: COM PORT OPEN ... OK
2015/01/22 15:15:25:
2015/01/22 15:15:25: ProductS/N:  06A115100815
2015/01/22 15:15:25: TID: 86040E0B32E62080
2015/01/22 15:15:25: F/W Version: 00.00.08
2015/01/22 15:15:25:
2015/01/22 15:15:25: MasterKey Key Entry ... OK
2015/01/22 15:15:25: PowerON Counter Key Entry ... OK
2015/01/22 15:15:26: Key Entry ... OK
2015/01/22 15:15:26: Complete.
2015/01/22 15:15:26: COM PORT CLOSE ... OK
2015/01/22 15:15:26: 
2015/01/22 15:15:26: ==== Processing was completed ====
2015/01/22 15:15:26: 
*************************************************


*********** Start the Initialize Key Check **********
2015/01/22 15:17:21: Tool Ver: 2013.0605.01
2015/01/22 15:17:21: COM PORT OPEN ... OK
2015/01/22 15:17:21:
2015/01/22 15:17:21: ProductS/N:  VRW06A115100820
2015/01/22 15:17:21: TID: 86040E2F3AE62080
2015/01/22 15:17:21: F/W Version: 00.00.08
2015/01/22 15:17:21:
2015/01/22 15:17:21: MasterKey Key Entry ... OK
2015/01/22 15:17:21: PowerON Counter Key Entry ... OK
2015/01/22 15:17:22: Key Entry ... OK
2015/01/22 15:17:22: Complete.
2015/01/22 15:17:22: COM PORT CLOSE ... OK
2015/01/22 15:17:22: 
2015/01/22 15:17:22: ==== Processing was completed ====
2015/01/22 15:17:22: 
*************************************************


*********** Start the Initialize Key Check **********
2015/01/22 15:19:10: Tool Ver: 2013.0605.01
2015/01/22 15:19:10: COM PORT OPEN ... OK
2015/01/22 15:19:10:
2015/01/22 15:19:10: ProductS/N:  VRW06A115100821
2015/01/22 15:19:10: TID: 86043B2F3AE62080
2015/01/22 15:19:10: F/W Version: 00.00.08
2015/01/22 15:19:10:
2015/01/22 15:19:10: MasterKey Key Entry ... OK
2015/01/22 15:19:10: PowerON Counter Key Entry ... OK
2015/01/22 15:19:11: Key Entry ... OK
2015/01/22 15:19:11: Complete.
2015/01/22 15:19:11: COM PORT CLOSE ... OK
2015/01/22 15:19:11: 
2015/01/22 15:19:11: ==== Processing was completed ====
2015/01/22 15:19:11: 
*************************************************


*********** Start the Initialize Key Check **********
2015/01/22 15:20:24: Tool Ver: 2013.0605.01
2015/01/22 15:20:24: COM PORT OPEN ... OK
2015/01/22 15:20:24:
2015/01/22 15:20:24: ProductS/N:  VRW06A115100809
2015/01/22 15:20:24: TID: 860431223AE62080
2015/01/22 15:20:24: F/W Version: 00.00.08
2015/01/22 15:20:24:
2015/01/22 15:20:24: MasterKey Key Entry ... OK
2015/01/22 15:20:24: PowerON Counter Key Entry ... OK
2015/01/22 15:20:25: Key Entry ... OK
2015/01/22 15:20:25: Complete.
2015/01/22 15:20:25: COM PORT CLOSE ... OK
2015/01/22 15:20:25: 
2015/01/22 15:20:25: ==== Processing was completed ====
2015/01/22 15:20:25: 
*************************************************


*********** Start the Initialize Key Check **********
2015/01/22 15:30:38: Tool Ver: 2013.0605.01
2015/01/22 15:30:38: COM PORT OPEN ... OK
2015/01/22 15:30:38:
2015/01/22 15:30:38: ProductS/N:  VRW06A115100797
2015/01/22 15:30:38: TID: 8604262B3AE62080
2015/01/22 15:30:38: F/W Version: 00.00.08
2015/01/22 15:30:38:
2015/01/22 15:30:38: MasterKey Key Entry ... OK
2015/01/22 15:30:38: PowerON Counter Key Entry ... OK
2015/01/22 15:30:38: Key Entry ... OK
2015/01/22 15:30:38: Complete.
2015/01/22 15:30:38: COM PORT CLOSE ... OK
2015/01/22 15:30:38: 
2015/01/22 15:30:38: ==== Processing was completed ====
2015/01/22 15:30:38: 
*************************************************


*********** Start the Initialize Key Check **********
2015/01/22 15:32:39: Tool Ver: 2013.0605.01
2015/01/22 15:32:39: COM PORT OPEN ... OK
2015/01/22 15:32:39:
2015/01/22 15:32:39: ProductS/N:  VRW06A115100813
2015/01/22 15:32:39: TID: 8604072D3AE62080
2015/01/22 15:32:39: F/W Version: 00.00.08
2015/01/22 15:32:39:
2015/01/22 15:32:39: MasterKey Key Entry ... OK
2015/01/22 15:32:39: PowerON Counter Key Entry ... OK
2015/01/22 15:32:40: Key Entry ... OK
2015/01/22 15:32:40: Complete.
2015/01/22 15:32:40: COM PORT CLOSE ... OK
2015/01/22 15:32:40: 
2015/01/22 15:32:40: ==== Processing was completed ====
2015/01/22 15:32:40: 
*************************************************


*********** Start the Initialize Key Check **********
2015/01/22 15:34:21: Tool Ver: 2013.0605.01
2015/01/22 15:34:21: COM PORT OPEN ... OK
2015/01/22 15:34:21:
2015/01/22 15:34:21: ProductS/N:  VRW06A115100816
2015/01/22 15:34:22: TID: 8604260932E62080
2015/01/22 15:34:22: F/W Version: 00.00.08
2015/01/22 15:34:22:
2015/01/22 15:34:22: MasterKey Key Entry ... OK
2015/01/22 15:34:22: PowerON Counter Key Entry ... OK
2015/01/22 15:34:22: Key Entry ... OK
2015/01/22 15:34:22: Complete.
2015/01/22 15:34:22: COM PORT CLOSE ... OK
2015/01/22 15:34:22: 
2015/01/22 15:34:22: ==== Processing was completed ====
2015/01/22 15:34:22: 
*************************************************


*********** Start the Initialize Key Check **********
2015/01/22 15:42:01: Tool Ver: 2013.0605.01
2015/01/22 15:42:01: COM PORT OPEN ... OK
2015/01/22 15:42:01:
2015/01/22 15:42:01: ProductS/N:  VRW06A115100814
2015/01/22 15:42:01: TID: 86042A2D3AE62080
2015/01/22 15:42:01: F/W Version: 00.00.08
2015/01/22 15:42:01:
2015/01/22 15:42:01: MasterKey Key Entry ... OK
2015/01/22 15:42:01: PowerON Counter Key Entry ... OK
2015/01/22 15:42:01: Key Entry ... OK
2015/01/22 15:42:01: Complete.
2015/01/22 15:42:01: COM PORT CLOSE ... OK
2015/01/22 15:42:01: 
2015/01/22 15:42:01: ==== Processing was completed ====
2015/01/22 15:42:01: 
*************************************************


*********** Start the Initialize Key Check **********
2015/01/22 15:45:24: Tool Ver: 2013.0605.01
2015/01/22 15:45:24: COM PORT OPEN ... OK
2015/01/22 15:45:24:
2015/01/22 15:45:24: ProductS/N:  VRW06A115100823
2015/01/22 15:45:24: TID: 8604292E3AE62080
2015/01/22 15:45:24: F/W Version: 00.00.08
2015/01/22 15:45:24:
2015/01/22 15:45:24: MasterKey Key Entry ... OK
2015/01/22 15:45:24: PowerON Counter Key Entry ... OK
2015/01/22 15:45:25: Key Entry ... OK
2015/01/22 15:45:25: Complete.
2015/01/22 15:45:25: COM PORT CLOSE ... OK
2015/01/22 15:45:25: 
2015/01/22 15:45:25: ==== Processing was completed ====
2015/01/22 15:45:25: 
*************************************************


*********** Start the Initialize Key Check **********
2015/01/22 15:46:30: Tool Ver: 2013.0605.01
2015/01/22 15:46:30: COM PORT OPEN ... OK
2015/01/22 15:46:30:
2015/01/22 15:46:30: ProductS/N:  VRW06A115100824
2015/01/22 15:46:30: TID: 860426273AE62080
2015/01/22 15:46:30: F/W Version: 00.00.08
2015/01/22 15:46:30:
2015/01/22 15:46:30: MasterKey Key Entry ... OK
2015/01/22 15:46:30: PowerON Counter Key Entry ... OK
2015/01/22 15:46:31: Key Entry ... OK
2015/01/22 15:46:31: Complete.
2015/01/22 15:46:31: COM PORT CLOSE ... OK
2015/01/22 15:46:31: 
2015/01/22 15:46:31: ==== Processing was completed ====
2015/01/22 15:46:31: 
*************************************************


*********** Start the Initialize Key Check **********
2015/01/22 15:48:14: Tool Ver: 2013.0605.01
2015/01/22 15:48:14: COM PORT OPEN ... OK
2015/01/22 15:48:15:
2015/01/22 15:48:15: ProductS/N:  VRW06A115100822
2015/01/22 15:48:15: TID: 8604200A2AE62080
2015/01/22 15:48:15: F/W Version: 00.00.08
2015/01/22 15:48:15:
2015/01/22 15:48:15: MasterKey Key Entry ... OK
2015/01/22 15:48:15: PowerON Counter Key Entry ... OK
2015/01/22 15:48:15: Key Entry ... OK
2015/01/22 15:48:15: Complete.
2015/01/22 15:48:15: COM PORT CLOSE ... OK
2015/01/22 15:48:15: 
2015/01/22 15:48:15: ==== Processing was completed ====
2015/01/22 15:48:15: 
*************************************************


*********** Start the Initialize Key Check **********
2015/01/22 15:50:51: Tool Ver: 2013.0605.01
2015/01/22 15:50:51: COM PORT OPEN ... OK
2015/01/22 15:50:51:
2015/01/22 15:50:51: ProductS/N:  VRW06A115100819
2015/01/22 15:50:51: TID: 86041F2B3AE62080
2015/01/22 15:50:51: F/W Version: 00.00.08
2015/01/22 15:50:51:
2015/01/22 15:50:51: MasterKey Key Entry ... OK
2015/01/22 15:50:51: PowerON Counter Key Entry ... OK
2015/01/22 15:50:52: Key Entry ... OK
2015/01/22 15:50:52: Complete.
2015/01/22 15:50:52: COM PORT CLOSE ... OK
2015/01/22 15:50:52: 
2015/01/22 15:50:52: ==== Processing was completed ====
2015/01/22 15:50:52: 
*************************************************


*********** Start the Initialize Key Check **********
2015/01/22 16:05:37: Tool Ver: 2013.0605.01
2015/01/22 16:05:37: COM PORT OPEN ... OK
2015/01/22 16:05:37:
2015/01/22 16:05:37: ProductS/N:  VRW06A115100818
2015/01/22 16:05:37: TID: 860402243AE62080
2015/01/22 16:05:37: F/W Version: 00.00.08
2015/01/22 16:05:37:
2015/01/22 16:05:37: MasterKey Key Entry ... OK
2015/01/22 16:05:37: PowerON Counter Key Entry ... OK
2015/01/22 16:05:38: Key Entry ... OK
2015/01/22 16:05:38: Complete.
2015/01/22 16:05:38: COM PORT CLOSE ... OK
2015/01/22 16:05:38: 
2015/01/22 16:05:38: ==== Processing was completed ====
2015/01/22 16:05:38: 
*************************************************


*********** Start the Initialize Key Check **********
2015/01/22 16:08:10: Tool Ver: 2013.0605.01
2015/01/22 16:08:10: COM PORT OPEN ... OK
2015/01/22 16:08:10:
2015/01/22 16:08:10: ProductS/N:  VRW06A115100795
2015/01/22 16:08:10: TID: 8604170B32E62080
2015/01/22 16:08:10: F/W Version: 00.00.08
2015/01/22 16:08:10:
2015/01/22 16:08:10: MasterKey Key Entry ... OK
2015/01/22 16:08:11: PowerON Counter Key Entry ... OK
2015/01/22 16:08:11: Key Entry ... OK
2015/01/22 16:08:11: Complete.
2015/01/22 16:08:11: COM PORT CLOSE ... OK
2015/01/22 16:08:11: 
2015/01/22 16:08:11: ==== Processing was completed ====
2015/01/22 16:08:11: 
*************************************************


*********** Start the Initialize Key Check **********
2015/01/22 16:23:34: Tool Ver: 2013.0605.01
2015/01/22 16:23:34: COM PORT OPEN ... OK
2015/01/22 16:23:34:
2015/01/22 16:23:34: ProductS/N:  06A115100829
2015/01/22 16:23:34: TID: 86043733CAE52080
2015/01/22 16:23:34: F/W Version: 00.00.08
2015/01/22 16:23:34:
2015/01/22 16:23:34: MasterKey Key Entry ... OK
2015/01/22 16:23:34: PowerON Counter Key Entry ... OK
2015/01/22 16:23:35: Key Entry ... OK
2015/01/22 16:23:35: Complete.
2015/01/22 16:23:35: COM PORT CLOSE ... OK
2015/01/22 16:23:35: 
2015/01/22 16:23:35: ==== Processing was completed ====
2015/01/22 16:23:35: 
*************************************************


*********** Start the Initialize Key Check **********
2015/01/22 16:25:34: Tool Ver: 2013.0605.01
2015/01/22 16:25:34: COM PORT OPEN ... OK
2015/01/22 16:25:34:
2015/01/22 16:25:34: ProductS/N:  VRW06A115100765
2015/01/22 16:25:34: TID: 8604422CCAE52080
2015/01/22 16:25:34: F/W Version: 00.00.08
2015/01/22 16:25:34:
2015/01/22 16:25:34: MasterKey Key Entry ... OK
2015/01/22 16:25:34: PowerON Counter Key Entry ... OK
2015/01/22 16:25:34: Key Entry ... OK
2015/01/22 16:25:34: Complete.
2015/01/22 16:25:34: COM PORT CLOSE ... OK
2015/01/22 16:25:34: 
2015/01/22 16:25:34: ==== Processing was completed ====
2015/01/22 16:25:34: 
*************************************************


*********** Start the Initialize Key Check **********
2015/01/22 16:27:00: Tool Ver: 2013.0605.01
2015/01/22 16:27:00: COM PORT OPEN ... OK
2015/01/22 16:27:00:
2015/01/22 16:27:00: ProductS/N:  VRW06A115100828
2015/01/22 16:27:00: TID: 86041F0CD2E52080
2015/01/22 16:27:00: F/W Version: 00.00.08
2015/01/22 16:27:00:
2015/01/22 16:27:00: MasterKey Key Entry ... OK
2015/01/22 16:27:00: PowerON Counter Key Entry ... OK
2015/01/22 16:27:01: Key Entry ... OK
2015/01/22 16:27:01: Complete.
2015/01/22 16:27:01: COM PORT CLOSE ... OK
2015/01/22 16:27:01: 
2015/01/22 16:27:01: ==== Processing was completed ====
2015/01/22 16:27:01: 
*************************************************


*********** Start the Initialize Key Check **********
2015/01/22 16:28:12: Tool Ver: 2013.0605.01
2015/01/22 16:28:12: COM PORT OPEN ... OK
2015/01/22 16:28:12:
2015/01/22 16:28:12: ProductS/N:  VRW06A115100830
2015/01/22 16:28:12: TID: 86041030CAE52080
2015/01/22 16:28:12: F/W Version: 00.00.08
2015/01/22 16:28:12:
2015/01/22 16:28:12: MasterKey Key Entry ... OK
2015/01/22 16:28:12: PowerON Counter Key Entry ... OK
2015/01/22 16:28:12: Key Entry ... OK
2015/01/22 16:28:12: Complete.
2015/01/22 16:28:12: COM PORT CLOSE ... OK
2015/01/22 16:28:12: 
2015/01/22 16:28:12: ==== Processing was completed ====
2015/01/22 16:28:12: 
*************************************************


*********** Start the Initialize Key Check **********
2015/01/22 16:30:10: Tool Ver: 2013.0605.01
2015/01/22 16:30:10: COM PORT OPEN ... OK
2015/01/22 16:30:10:
2015/01/22 16:30:10: ProductS/N:  VRW06A115100831
2015/01/22 16:30:10: TID: 86041A36CAE52080
2015/01/22 16:30:10: F/W Version: 00.00.08
2015/01/22 16:30:10:
2015/01/22 16:30:10: MasterKey Key Entry ... OK
2015/01/22 16:30:10: PowerON Counter Key Entry ... OK
2015/01/22 16:30:11: Key Entry ... OK
2015/01/22 16:30:11: Complete.
2015/01/22 16:30:11: COM PORT CLOSE ... OK
2015/01/22 16:30:11: 
2015/01/22 16:30:11: ==== Processing was completed ====
2015/01/22 16:30:11: 
*************************************************


*********** Start the Initialize Key Check **********
2015/01/22 16:31:44: Tool Ver: 2013.0605.01
2015/01/22 16:31:44: COM PORT OPEN ... OK
2015/01/22 16:31:45:
2015/01/22 16:31:45: ProductS/N:  VRW06A115100751
2015/01/22 16:31:45: TID: 8604222BCAE52080
2015/01/22 16:31:45: F/W Version: 00.00.08
2015/01/22 16:31:45:
2015/01/22 16:31:45: MasterKey Key Entry ... OK
2015/01/22 16:31:45: PowerON Counter Key Entry ... OK
2015/01/22 16:31:45: Key Entry ... OK
2015/01/22 16:31:45: Complete.
2015/01/22 16:31:45: COM PORT CLOSE ... OK
2015/01/22 16:31:45: 
2015/01/22 16:31:45: ==== Processing was completed ====
2015/01/22 16:31:45: 
*************************************************


*********** Start the Initialize Key Check **********
2015/01/22 16:48:31: Tool Ver: 2013.0605.01
2015/01/22 16:48:31: COM PORT OPEN ... OK
2015/01/22 16:48:31:
2015/01/22 16:48:31: ProductS/N:  6A115100832
2015/01/22 16:48:31: TID: 86041E2FCAE52080
2015/01/22 16:48:31: F/W Version: 00.00.08
2015/01/22 16:48:31:
2015/01/22 16:48:31: MasterKey Key Entry ... OK
2015/01/22 16:48:31: PowerON Counter Key Entry ... OK
2015/01/22 16:48:32: Key Entry ... OK
2015/01/22 16:48:32: Complete.
2015/01/22 16:48:32: COM PORT CLOSE ... OK
2015/01/22 16:48:32: 
2015/01/22 16:48:32: ==== Processing was completed ====
2015/01/22 16:48:32: 
*************************************************


*********** Start the Initialize Key Check **********
2015/01/22 18:10:52: Tool Ver: 2013.0605.01
2015/01/22 18:10:52: COM PORT OPEN ... OK
2015/01/22 18:10:52:
2015/01/22 18:10:52: ProductS/N:  VRW06A115100835
2015/01/22 18:10:52: TID: 86043532CAE52080
2015/01/22 18:10:52: F/W Version: 00.00.08
2015/01/22 18:10:52:
2015/01/22 18:10:52: MasterKey Key Entry ... OK
2015/01/22 18:10:52: PowerON Counter Key Entry ... OK
2015/01/22 18:10:53: Key Entry ... OK
2015/01/22 18:10:53: Complete.
2015/01/22 18:10:53: COM PORT CLOSE ... OK
2015/01/22 18:10:53: 
2015/01/22 18:10:53: ==== Processing was completed ====
2015/01/22 18:10:53: 
*************************************************


*********** Start the Initialize Key Check **********
2015/01/22 18:11:42: Tool Ver: 2013.0605.01
2015/01/22 18:11:42: COM PORT OPEN ... OK
2015/01/22 18:11:42:
2015/01/22 18:11:42: ProductS/N:  VRW06A115100825
2015/01/22 18:11:42: TID: 86041C243AE62080
2015/01/22 18:11:42: F/W Version: 00.00.08
2015/01/22 18:11:42:
2015/01/22 18:11:42: MasterKey Key Entry ... OK
2015/01/22 18:11:42: PowerON Counter Key Entry ... OK
2015/01/22 18:11:43: Key Entry ... OK
2015/01/22 18:11:43: Complete.
2015/01/22 18:11:43: COM PORT CLOSE ... OK
2015/01/22 18:11:43: 
2015/01/22 18:11:43: ==== Processing was completed ====
2015/01/22 18:11:43: 
*************************************************


*********** Start the Initialize Key Check **********
2015/01/22 18:14:13: Tool Ver: 2013.0605.01
2015/01/22 18:14:13: COM PORT OPEN ... OK
2015/01/22 18:14:13:
2015/01/22 18:14:13: ProductS/N:  VRW06A115100833
2015/01/22 18:14:13: TID: 86043035CAE52080
2015/01/22 18:14:13: F/W Version: 00.00.08
2015/01/22 18:14:13:
2015/01/22 18:14:13: MasterKey Key Entry ... OK
2015/01/22 18:14:13: PowerON Counter Key Entry ... OK
2015/01/22 18:14:14: Key Entry ... OK
2015/01/22 18:14:14: Complete.
2015/01/22 18:14:14: COM PORT CLOSE ... OK
2015/01/22 18:14:14: 
2015/01/22 18:14:14: ==== Processing was completed ====
2015/01/22 18:14:14: 
*************************************************


*********** Start the Initialize Key Check **********
2015/01/22 18:49:33: Tool Ver: 2013.0605.01
2015/01/22 18:49:33: COM PORT OPEN ... OK
2015/01/22 18:49:33: AUTH1 POS ... ERROR(41)
2015/01/22 18:49:33:
2015/01/22 18:49:33: ProductS/N:  VRW06A115100705
2015/01/22 18:49:33: TID: 86042126CAE52080
2015/01/22 18:49:33: F/W Version: 00.00.08
2015/01/22 18:49:33:
2015/01/22 18:49:33: MasterKey Key Entry... ERROR
2015/01/22 18:49:33: PowerON Counter Key Entry... ERROR
2015/01/22 18:49:33: COM PORT CLOSE ... OK
2015/01/22 18:49:33: 
2015/01/22 18:49:33: ######## Error has occurred ########
2015/01/22 18:49:33: 
*************************************************


*********** Start the Initialize Key Check **********
2015/01/22 18:52:18: Tool Ver: 2013.0605.01
2015/01/22 18:52:18: COM PORT OPEN ... OK
2015/01/22 18:52:19:
2015/01/22 18:52:19: ProductS/N:  VRW06A115100785
2015/01/22 18:52:19: TID: 860402273AE62080
2015/01/22 18:52:19: F/W Version: 00.00.08
2015/01/22 18:52:19:
2015/01/22 18:52:19: MasterKey Key Entry ... OK
2015/01/22 18:52:19: PowerON Counter Key Entry ... OK
2015/01/22 18:52:19: Key Entry ... OK
2015/01/22 18:52:19: Complete.
2015/01/22 18:52:19: COM PORT CLOSE ... OK
2015/01/22 18:52:19: 
2015/01/22 18:52:19: ==== Processing was completed ====
2015/01/22 18:52:19: 
*************************************************


*********** Start the Initialize Key Check **********
2015/01/22 19:01:28: Tool Ver: 2013.0605.01
2015/01/22 19:01:28: COM PORT OPEN ... OK
2015/01/22 19:01:28:
2015/01/22 19:01:28: ProductS/N:  VRW06A115100834
2015/01/22 19:01:28: TID: 86044229CAE52080
2015/01/22 19:01:28: F/W Version: 00.00.08
2015/01/22 19:01:28:
2015/01/22 19:01:28: MasterKey Key Entry ... OK
2015/01/22 19:01:28: PowerON Counter Key Entry ... OK
2015/01/22 19:01:29: Key Entry ... OK
2015/01/22 19:01:29: Complete.
2015/01/22 19:01:29: COM PORT CLOSE ... OK
2015/01/22 19:01:29: 
2015/01/22 19:01:29: ==== Processing was completed ====
2015/01/22 19:01:29: 
*************************************************


*********** Start the Initialize Key Check **********
2015/01/22 19:03:18: Tool Ver: 2013.0605.01
2015/01/22 19:03:18: COM PORT OPEN ... OK
2015/01/22 19:03:18:
2015/01/22 19:03:18: ProductS/N:  VRW06A115100836
2015/01/22 19:03:18: TID: 86042C2BCAE52080
2015/01/22 19:03:18: F/W Version: 00.00.08
2015/01/22 19:03:18:
2015/01/22 19:03:18: MasterKey Key Entry ... OK
2015/01/22 19:03:18: PowerON Counter Key Entry ... OK
2015/01/22 19:03:19: Key Entry ... OK
2015/01/22 19:03:19: Complete.
2015/01/22 19:03:19: COM PORT CLOSE ... OK
2015/01/22 19:03:19: 
2015/01/22 19:03:19: ==== Processing was completed ====
2015/01/22 19:03:19: 
*************************************************


*********** Start the Initialize Key Check **********
2015/01/22 19:05:44: Tool Ver: 2013.0605.01
2015/01/22 19:05:44: COM PORT OPEN ... OK
2015/01/22 19:05:44:
2015/01/22 19:05:44: ProductS/N:  VRW06A115100800
2015/01/22 19:05:44: TID: 860432173AE62080
2015/01/22 19:05:44: F/W Version: 00.00.08
2015/01/22 19:05:44:
2015/01/22 19:05:44: MasterKey Key Entry ... OK
2015/01/22 19:05:44: PowerON Counter Key Entry ... OK
2015/01/22 19:05:45: Key Entry ... OK
2015/01/22 19:05:45: Complete.
2015/01/22 19:05:45: COM PORT CLOSE ... OK
2015/01/22 19:05:45: 
2015/01/22 19:05:45: ==== Processing was completed ====
2015/01/22 19:05:45: 
*************************************************


*********** Start the Initialize Key Check **********
2015/01/22 19:11:39: Tool Ver: 2013.0605.01
2015/01/22 19:11:39: COM PORT OPEN ... OK
2015/01/22 19:11:39:
2015/01/22 19:11:39: ProductS/N:  VRW06A115100839
2015/01/22 19:11:39: TID: 86040C30CAE52080
2015/01/22 19:11:39: F/W Version: 00.00.08
2015/01/22 19:11:39:
2015/01/22 19:11:39: MasterKey Key Entry ... OK
2015/01/22 19:11:39: PowerON Counter Key Entry ... OK
2015/01/22 19:11:39: Key Entry ... OK
2015/01/22 19:11:39: Complete.
2015/01/22 19:11:39: COM PORT CLOSE ... OK
2015/01/22 19:11:39: 
2015/01/22 19:11:39: ==== Processing was completed ====
2015/01/22 19:11:39: 
*************************************************


*********** Start the Initialize Key Check **********
2015/01/22 19:14:45: Tool Ver: 2013.0605.01
2015/01/22 19:14:45: COM PORT OPEN ... OK
2015/01/22 19:14:45:
2015/01/22 19:14:45: ProductS/N:  VRW06A115100837
2015/01/22 19:14:45: TID: 86042519D2E52080
2015/01/22 19:14:45: F/W Version: 00.00.08
2015/01/22 19:14:45:
2015/01/22 19:14:45: MasterKey Key Entry ... OK
2015/01/22 19:14:45: PowerON Counter Key Entry ... OK
2015/01/22 19:14:46: Key Entry ... OK
2015/01/22 19:14:46: Complete.
2015/01/22 19:14:46: COM PORT CLOSE ... OK
2015/01/22 19:14:46: 
2015/01/22 19:14:46: ==== Processing was completed ====
2015/01/22 19:14:46: 
*************************************************


*********** Start the Initialize Key Check **********
2015/01/22 19:16:32: Tool Ver: 2013.0605.01
2015/01/22 19:16:32: COM PORT OPEN ... OK
2015/01/22 19:16:32:
2015/01/22 19:16:32: ProductS/N:  VRW06A115100840
2015/01/22 19:16:32: TID: 86043A1CD2E52080
2015/01/22 19:16:32: F/W Version: 00.00.08
2015/01/22 19:16:32:
2015/01/22 19:16:32: MasterKey Key Entry ... OK
2015/01/22 19:16:32: PowerON Counter Key Entry ... OK
2015/01/22 19:16:33: Key Entry ... OK
2015/01/22 19:16:33: Complete.
2015/01/22 19:16:33: COM PORT CLOSE ... OK
2015/01/22 19:16:33: 
2015/01/22 19:16:33: ==== Processing was completed ====
2015/01/22 19:16:33: 
*************************************************


*********** Start the Initialize Key Check **********
2015/01/22 19:17:59: Tool Ver: 2013.0605.01
2015/01/22 19:17:59: COM PORT OPEN ... OK
2015/01/22 19:17:59:
2015/01/22 19:17:59: ProductS/N:  VRW06A115100843
2015/01/22 19:17:59: TID: 86041438CAE52080
2015/01/22 19:17:59: F/W Version: 00.00.08
2015/01/22 19:17:59:
2015/01/22 19:17:59: MasterKey Key Entry ... OK
2015/01/22 19:17:59: PowerON Counter Key Entry ... OK
2015/01/22 19:18:00: Key Entry ... OK
2015/01/22 19:18:00: Complete.
2015/01/22 19:18:00: COM PORT CLOSE ... OK
2015/01/22 19:18:00: 
2015/01/22 19:18:00: ==== Processing was completed ====
2015/01/22 19:18:00: 
*************************************************


*********** Start the Initialize Key Check **********
2015/01/22 19:20:26: Tool Ver: 2013.0605.01
2015/01/22 19:20:26: COM PORT OPEN ... OK
2015/01/22 19:20:26:
2015/01/22 19:20:26: ProductS/N:  VRW06A115100844
2015/01/22 19:20:26: TID: 860424223AE62080
2015/01/22 19:20:26: F/W Version: 00.00.08
2015/01/22 19:20:26:
2015/01/22 19:20:26: MasterKey Key Entry ... OK
2015/01/22 19:20:26: PowerON Counter Key Entry ... OK
2015/01/22 19:20:27: Key Entry ... OK
2015/01/22 19:20:27: Complete.
2015/01/22 19:20:27: COM PORT CLOSE ... OK
2015/01/22 19:20:27: 
2015/01/22 19:20:27: ==== Processing was completed ====
2015/01/22 19:20:27: 
*************************************************


*********** Start the Initialize Key Check **********
2015/01/22 19:22:09: Tool Ver: 2013.0605.01
2015/01/22 19:22:09: COM PORT OPEN ... OK
2015/01/22 19:22:09:
2015/01/22 19:22:09: ProductS/N:  VRW06A115100841
2015/01/22 19:22:09: TID: 86042516D2E52080
2015/01/22 19:22:09: F/W Version: 00.00.08
2015/01/22 19:22:09:
2015/01/22 19:22:09: MasterKey Key Entry ... OK
2015/01/22 19:22:09: PowerON Counter Key Entry ... OK
2015/01/22 19:22:09: Key Entry ... OK
2015/01/22 19:22:09: Complete.
2015/01/22 19:22:09: COM PORT CLOSE ... OK
2015/01/22 19:22:09: 
2015/01/22 19:22:09: ==== Processing was completed ====
2015/01/22 19:22:09: 
*************************************************


*********** Start the Initialize Key Check **********
2015/01/22 19:30:46: Tool Ver: 2013.0605.01
2015/01/22 19:30:46: COM PORT OPEN ... OK
2015/01/22 19:30:46:
2015/01/22 19:30:46: ProductS/N:  VRW06A115100845
2015/01/22 19:30:46: TID: 8604391CD2E52080
2015/01/22 19:30:46: F/W Version: 00.00.08
2015/01/22 19:30:46:
2015/01/22 19:30:47: MasterKey Key Entry ... OK
2015/01/22 19:30:47: PowerON Counter Key Entry ... OK
2015/01/22 19:30:47: Key Entry ... OK
2015/01/22 19:30:47: Complete.
2015/01/22 19:30:47: COM PORT CLOSE ... OK
2015/01/22 19:30:47: 
2015/01/22 19:30:47: ==== Processing was completed ====
2015/01/22 19:30:47: 
*************************************************


