*********** Start the Initialize Key Check **********
2015/01/24 08:12:19: Tool Ver: 2013.0605.01
2015/01/24 08:12:19: COM PORT OPEN ... OK
2015/01/24 08:12:19:
2015/01/24 08:12:19: ProductS/N:  VRW06A115100934
2015/01/24 08:12:19: TID: 8604300A32E62080
2015/01/24 08:12:19: F/W Version: 00.00.08
2015/01/24 08:12:19:
2015/01/24 08:12:19: MasterKey Key Entry ... OK
2015/01/24 08:12:19: PowerON Counter Key Entry ... OK
2015/01/24 08:12:20: Key Entry ... OK
2015/01/24 08:12:20: Complete.
2015/01/24 08:12:20: COM PORT CLOSE ... OK
2015/01/24 08:12:20: 
2015/01/24 08:12:20: ==== Processing was completed ====
2015/01/24 08:12:20: 
*************************************************


*********** Start the Initialize Key Check **********
2015/01/24 08:16:31: Tool Ver: 2013.0605.01
2015/01/24 08:16:31: COM PORT OPEN ... OK
2015/01/24 08:16:31:
2015/01/24 08:16:31: ProductS/N:  VRW06A115100931
2015/01/24 08:16:31: TID: 8604362522E62080
2015/01/24 08:16:31: F/W Version: 00.00.08
2015/01/24 08:16:31:
2015/01/24 08:16:31: MasterKey Key Entry ... OK
2015/01/24 08:16:31: PowerON Counter Key Entry ... OK
2015/01/24 08:16:32: Key Entry ... OK
2015/01/24 08:16:32: Complete.
2015/01/24 08:16:32: COM PORT CLOSE ... OK
2015/01/24 08:16:32: 
2015/01/24 08:16:32: ==== Processing was completed ====
2015/01/24 08:16:32: 
*************************************************


*********** Start the Initialize Key Check **********
2015/01/24 08:38:11: Tool Ver: 2013.0605.01
2015/01/24 08:38:11: COM PORT OPEN ... OK
2015/01/24 08:38:11:
2015/01/24 08:38:11: ProductS/N:  VRW06A115100941
2015/01/24 08:38:11: TID: 86040D1032E62080
2015/01/24 08:38:11: F/W Version: 00.00.08
2015/01/24 08:38:11:
2015/01/24 08:38:11: MasterKey Key Entry ... OK
2015/01/24 08:38:11: PowerON Counter Key Entry ... OK
2015/01/24 08:38:12: Key Entry ... OK
2015/01/24 08:38:12: Complete.
2015/01/24 08:38:12: COM PORT CLOSE ... OK
2015/01/24 08:38:12: 
2015/01/24 08:38:12: ==== Processing was completed ====
2015/01/24 08:38:12: 
*************************************************


*********** Start the Initialize Key Check **********
2015/01/24 08:40:34: Tool Ver: 2013.0605.01
2015/01/24 08:40:34: COM PORT OPEN ... OK
2015/01/24 08:40:34:
2015/01/24 08:40:34: ProductS/N:  VRW06A214200244
2015/01/24 08:40:34: TID: 860412242AE62080
2015/01/24 08:40:34: F/W Version: 00.00.08
2015/01/24 08:40:34:
2015/01/24 08:40:34: MasterKey Key Entry ... OK
2015/01/24 08:40:34: PowerON Counter Key Entry ... OK
2015/01/24 08:40:35: Key Entry ... OK
2015/01/24 08:40:35: Complete.
2015/01/24 08:40:35: COM PORT CLOSE ... OK
2015/01/24 08:40:35: 
2015/01/24 08:40:35: ==== Processing was completed ====
2015/01/24 08:40:35: 
*************************************************


*********** Start the Initialize Key Check **********
2015/01/24 08:42:34: Tool Ver: 2013.0605.01
2015/01/24 08:42:34: COM PORT OPEN ... OK
2015/01/24 08:42:34:
2015/01/24 08:42:34: ProductS/N:  VRW06A213901507
2015/01/24 08:42:34: TID: 86041D2762842D80
2015/01/24 08:42:34: F/W Version: 00.00.08
2015/01/24 08:42:34:
2015/01/24 08:42:34: MasterKey Key Entry ... OK
2015/01/24 08:42:34: PowerON Counter Key Entry ... OK
2015/01/24 08:42:35: Key Entry ... OK
2015/01/24 08:42:35: Complete.
2015/01/24 08:42:35: COM PORT CLOSE ... OK
2015/01/24 08:42:35: 
2015/01/24 08:42:35: ==== Processing was completed ====
2015/01/24 08:42:35: 
*************************************************


*********** Start the Initialize Key Check **********
2015/01/24 08:44:08: Tool Ver: 2013.0605.01
2015/01/24 08:44:08: COM PORT OPEN ... OK
2015/01/24 08:44:08:
2015/01/24 08:44:08: ProductS/N:  VRW06A115100932
2015/01/24 08:44:08: TID: 86043D2322E62080
2015/01/24 08:44:08: F/W Version: 00.00.08
2015/01/24 08:44:08:
2015/01/24 08:44:08: MasterKey Key Entry ... OK
2015/01/24 08:44:08: PowerON Counter Key Entry ... OK
2015/01/24 08:44:09: Key Entry ... OK
2015/01/24 08:44:09: Complete.
2015/01/24 08:44:09: COM PORT CLOSE ... OK
2015/01/24 08:44:09: 
2015/01/24 08:44:09: ==== Processing was completed ====
2015/01/24 08:44:09: 
*************************************************


*********** Start the Initialize Key Check **********
2015/01/24 08:46:21: Tool Ver: 2013.0605.01
2015/01/24 08:46:21: COM PORT OPEN ... OK
2015/01/24 08:46:21:
2015/01/24 08:46:21: ProductS/N:  VRW06A115100936
2015/01/24 08:46:21: TID: 86043C1CD2E52080
2015/01/24 08:46:21: F/W Version: 00.00.08
2015/01/24 08:46:21:
2015/01/24 08:46:21: MasterKey Key Entry ... OK
2015/01/24 08:46:21: PowerON Counter Key Entry ... OK
2015/01/24 08:46:21: Key Entry ... OK
2015/01/24 08:46:21: Complete.
2015/01/24 08:46:21: COM PORT CLOSE ... OK
2015/01/24 08:46:21: 
2015/01/24 08:46:21: ==== Processing was completed ====
2015/01/24 08:46:21: 
*************************************************


*********** Start the Initialize Key Check **********
2015/01/24 09:06:07: Tool Ver: 2013.0605.01
2015/01/24 09:06:07: COM PORT OPEN ... OK
2015/01/24 09:06:07:
2015/01/24 09:06:07: ProductS/N:  VRW06A115100933
2015/01/24 09:06:07: TID: 86040A18D2E52080
2015/01/24 09:06:07: F/W Version: 00.00.08
2015/01/24 09:06:07:
2015/01/24 09:06:07: MasterKey Key Entry ... OK
2015/01/24 09:06:07: PowerON Counter Key Entry ... OK
2015/01/24 09:06:08: Key Entry ... OK
2015/01/24 09:06:08: Complete.
2015/01/24 09:06:08: COM PORT CLOSE ... OK
2015/01/24 09:06:08: 
2015/01/24 09:06:08: ==== Processing was completed ====
2015/01/24 09:06:08: 
*************************************************


*********** Start the Initialize Key Check **********
2015/01/24 09:07:53: Tool Ver: 2013.0605.01
2015/01/24 09:07:53: COM PORT OPEN ... OK
2015/01/24 09:07:53:
2015/01/24 09:07:53: ProductS/N:  VRW06A115100940
2015/01/24 09:07:53: TID: 86040E1032E62080
2015/01/24 09:07:53: F/W Version: 00.00.08
2015/01/24 09:07:53:
2015/01/24 09:07:53: MasterKey Key Entry ... OK
2015/01/24 09:07:53: PowerON Counter Key Entry ... OK
2015/01/24 09:07:54: Key Entry ... OK
2015/01/24 09:07:54: Complete.
2015/01/24 09:07:54: COM PORT CLOSE ... OK
2015/01/24 09:07:54: 
2015/01/24 09:07:54: ==== Processing was completed ====
2015/01/24 09:07:54: 
*************************************************


*********** Start the Initialize Key Check **********
2015/01/24 09:09:24: Tool Ver: 2013.0605.01
2015/01/24 09:09:24: COM PORT OPEN ... OK
2015/01/24 09:09:24:
2015/01/24 09:09:24: ProductS/N:  VRW06A115100942
2015/01/24 09:09:24: TID: 8604191032E62080
2015/01/24 09:09:24: F/W Version: 00.00.08
2015/01/24 09:09:24:
2015/01/24 09:09:24: MasterKey Key Entry ... OK
2015/01/24 09:09:24: PowerON Counter Key Entry ... OK
2015/01/24 09:09:25: Key Entry ... OK
2015/01/24 09:09:25: Complete.
2015/01/24 09:09:25: COM PORT CLOSE ... OK
2015/01/24 09:09:25: 
2015/01/24 09:09:25: ==== Processing was completed ====
2015/01/24 09:09:25: 
*************************************************


*********** Start the Initialize Key Check **********
2015/01/24 09:10:49: Tool Ver: 2013.0605.01
2015/01/24 09:10:49: COM PORT OPEN ... OK
2015/01/24 09:10:49:
2015/01/24 09:10:49: ProductS/N:  VRW06A115100937
2015/01/24 09:10:49: TID: 86042216D2E52080
2015/01/24 09:10:49: F/W Version: 00.00.08
2015/01/24 09:10:49:
2015/01/24 09:10:49: MasterKey Key Entry ... OK
2015/01/24 09:10:49: PowerON Counter Key Entry ... OK
2015/01/24 09:10:50: Key Entry ... OK
2015/01/24 09:10:50: Complete.
2015/01/24 09:10:50: COM PORT CLOSE ... OK
2015/01/24 09:10:50: 
2015/01/24 09:10:50: ==== Processing was completed ====
2015/01/24 09:10:50: 
*************************************************


*********** Start the Initialize Key Check **********
2015/01/24 09:23:20: Tool Ver: 2013.0605.01
2015/01/24 09:23:20: COM PORT OPEN ... OK
2015/01/24 09:23:20:
2015/01/24 09:23:20: ProductS/N:  VRW06A115100945
2015/01/24 09:23:20: TID: 86042318D2E52080
2015/01/24 09:23:20: F/W Version: 00.00.08
2015/01/24 09:23:20:
2015/01/24 09:23:20: MasterKey Key Entry ... OK
2015/01/24 09:23:20: PowerON Counter Key Entry ... OK
2015/01/24 09:23:21: Key Entry ... OK
2015/01/24 09:23:21: Complete.
2015/01/24 09:23:21: COM PORT CLOSE ... OK
2015/01/24 09:23:21: 
2015/01/24 09:23:21: ==== Processing was completed ====
2015/01/24 09:23:21: 
*************************************************


*********** Start the Initialize Key Check **********
2015/01/24 09:24:14: Tool Ver: 2013.0605.01
2015/01/24 09:24:14: COM PORT OPEN ... OK
2015/01/24 09:24:14:
2015/01/24 09:24:14: ProductS/N:  VRW06A115100944
2015/01/24 09:24:14: TID: 8604190A32E62080
2015/01/24 09:24:14: F/W Version: 00.00.08
2015/01/24 09:24:14:
2015/01/24 09:24:14: MasterKey Key Entry ... OK
2015/01/24 09:24:14: PowerON Counter Key Entry ... OK
2015/01/24 09:24:15: Key Entry ... OK
2015/01/24 09:24:15: Complete.
2015/01/24 09:24:15: COM PORT CLOSE ... OK
2015/01/24 09:24:15: 
2015/01/24 09:24:15: ==== Processing was completed ====
2015/01/24 09:24:15: 
*************************************************


*********** Start the Initialize Key Check **********
2015/01/24 09:25:54: Tool Ver: 2013.0605.01
2015/01/24 09:25:54: COM PORT OPEN ... OK
2015/01/24 09:25:54:
2015/01/24 09:25:54: ProductS/N:  VRW06A115100943
2015/01/24 09:25:54: TID: 8604092B3AE62080
2015/01/24 09:25:54: F/W Version: 00.00.08
2015/01/24 09:25:54:
2015/01/24 09:25:54: MasterKey Key Entry ... OK
2015/01/24 09:25:54: PowerON Counter Key Entry ... OK
2015/01/24 09:25:54: Key Entry ... OK
2015/01/24 09:25:54: Complete.
2015/01/24 09:25:54: COM PORT CLOSE ... OK
2015/01/24 09:25:54: 
2015/01/24 09:25:54: ==== Processing was completed ====
2015/01/24 09:25:54: 
*************************************************


*********** Start the Initialize Key Check **********
2015/01/24 09:27:03: Tool Ver: 2013.0605.01
2015/01/24 09:27:03: COM PORT OPEN ... OK
2015/01/24 09:27:03:
2015/01/24 09:27:03: ProductS/N:  VRW06A115100938
2015/01/24 09:27:03: TID: 8604291BD2E52080
2015/01/24 09:27:03: F/W Version: 00.00.08
2015/01/24 09:27:03:
2015/01/24 09:27:03: MasterKey Key Entry ... OK
2015/01/24 09:27:03: PowerON Counter Key Entry ... OK
2015/01/24 09:27:04: Key Entry ... OK
2015/01/24 09:27:04: Complete.
2015/01/24 09:27:04: COM PORT CLOSE ... OK
2015/01/24 09:27:04: 
2015/01/24 09:27:04: ==== Processing was completed ====
2015/01/24 09:27:04: 
*************************************************


*********** Start the Initialize Key Check **********
2015/01/24 09:49:47: Tool Ver: 2013.0605.01
2015/01/24 09:49:47: COM PORT OPEN ... OK
2015/01/24 09:49:47:
2015/01/24 09:49:47: ProductS/N:  VRW06A115100951
2015/01/24 09:49:47: TID: 86043435CAE52080
2015/01/24 09:49:47: F/W Version: 00.00.08
2015/01/24 09:49:47:
2015/01/24 09:49:47: MasterKey Key Entry ... OK
2015/01/24 09:49:47: PowerON Counter Key Entry ... OK
2015/01/24 09:49:48: Key Entry ... OK
2015/01/24 09:49:48: Complete.
2015/01/24 09:49:48: COM PORT CLOSE ... OK
2015/01/24 09:49:48: 
2015/01/24 09:49:48: ==== Processing was completed ====
2015/01/24 09:49:48: 
*************************************************


*********** Start the Initialize Key Check **********
2015/01/24 09:51:16: Tool Ver: 2013.0605.01
2015/01/24 09:51:16: COM PORT OPEN ... OK
2015/01/24 09:51:16:
2015/01/24 09:51:16: ProductS/N:  VRW06A115100949
2015/01/24 09:51:16: TID: 86043633CAE52080
2015/01/24 09:51:16: F/W Version: 00.00.08
2015/01/24 09:51:16:
2015/01/24 09:51:16: MasterKey Key Entry ... OK
2015/01/24 09:51:16: PowerON Counter Key Entry ... OK
2015/01/24 09:51:17: Key Entry ... OK
2015/01/24 09:51:17: Complete.
2015/01/24 09:51:17: COM PORT CLOSE ... OK
2015/01/24 09:51:17: 
2015/01/24 09:51:17: ==== Processing was completed ====
2015/01/24 09:51:17: 
*************************************************


*********** Start the Initialize Key Check **********
2015/01/24 09:52:59: Tool Ver: 2013.0605.01
2015/01/24 09:52:59: COM PORT OPEN ... OK
2015/01/24 09:52:59:
2015/01/24 09:52:59: ProductS/N:  VRW06A115100946
2015/01/24 09:52:59: TID: 86040632CAE52080
2015/01/24 09:52:59: F/W Version: 00.00.08
2015/01/24 09:52:59:
2015/01/24 09:52:59: MasterKey Key Entry ... OK
2015/01/24 09:52:59: PowerON Counter Key Entry ... OK
2015/01/24 09:53:00: Key Entry ... OK
2015/01/24 09:53:00: Complete.
2015/01/24 09:53:00: COM PORT CLOSE ... OK
2015/01/24 09:53:00: 
2015/01/24 09:53:00: ==== Processing was completed ====
2015/01/24 09:53:00: 
*************************************************


*********** Start the Initialize Key Check **********
2015/01/24 10:17:25: Tool Ver: 2013.0605.01
2015/01/24 10:17:25: COM PORT OPEN ... OK
2015/01/24 10:17:25:
2015/01/24 10:17:25: ProductS/N:  VRW06A115100954
2015/01/24 10:17:25: TID: 86042F2E3AE62080
2015/01/24 10:17:25: F/W Version: 00.00.08
2015/01/24 10:17:25:
2015/01/24 10:17:25: MasterKey Key Entry ... OK
2015/01/24 10:17:25: PowerON Counter Key Entry ... OK
2015/01/24 10:17:26: Key Entry ... OK
2015/01/24 10:17:26: Complete.
2015/01/24 10:17:26: COM PORT CLOSE ... OK
2015/01/24 10:17:26: 
2015/01/24 10:17:26: ==== Processing was completed ====
2015/01/24 10:17:26: 
*************************************************


*********** Start the Initialize Key Check **********
2015/01/24 10:19:06: Tool Ver: 2013.0605.01
2015/01/24 10:19:06: COM PORT OPEN ... OK
2015/01/24 10:19:07:
2015/01/24 10:19:07: ProductS/N:  VRW06A115100953
2015/01/24 10:19:07: TID: 86042B35CAE52080
2015/01/24 10:19:07: F/W Version: 00.00.08
2015/01/24 10:19:07:
2015/01/24 10:19:07: MasterKey Key Entry ... OK
2015/01/24 10:19:07: PowerON Counter Key Entry ... OK
2015/01/24 10:19:07: Key Entry ... OK
2015/01/24 10:19:07: Complete.
2015/01/24 10:19:07: COM PORT CLOSE ... OK
2015/01/24 10:19:07: 
2015/01/24 10:19:07: ==== Processing was completed ====
2015/01/24 10:19:07: 
*************************************************


*********** Start the Initialize Key Check **********
2015/01/24 10:20:23: Tool Ver: 2013.0605.01
2015/01/24 10:20:23: COM PORT OPEN ... OK
2015/01/24 10:20:23:
2015/01/24 10:20:23: ProductS/N:  VRW06A115100948
2015/01/24 10:20:23: TID: 86040532CAE52080
2015/01/24 10:20:23: F/W Version: 00.00.08
2015/01/24 10:20:23:
2015/01/24 10:20:23: MasterKey Key Entry ... OK
2015/01/24 10:20:23: PowerON Counter Key Entry ... OK
2015/01/24 10:20:24: Key Entry ... OK
2015/01/24 10:20:24: Complete.
2015/01/24 10:20:24: COM PORT CLOSE ... OK
2015/01/24 10:20:24: 
2015/01/24 10:20:24: ==== Processing was completed ====
2015/01/24 10:20:24: 
*************************************************


*********** Start the Initialize Key Check **********
2015/01/24 10:25:29: Tool Ver: 2013.0605.01
2015/01/24 10:25:29: COM PORT OPEN ... OK
2015/01/24 10:25:29:
2015/01/24 10:25:29: ProductS/N:  VRW06A115100913
2015/01/24 10:25:29: TID: 86040731CAE52080
2015/01/24 10:25:29: F/W Version: 00.00.08
2015/01/24 10:25:29:
2015/01/24 10:25:29: MasterKey Key Entry ... OK
2015/01/24 10:25:29: PowerON Counter Key Entry ... OK
2015/01/24 10:25:29: Key Entry ... OK
2015/01/24 10:25:29: Complete.
2015/01/24 10:25:29: COM PORT CLOSE ... OK
2015/01/24 10:25:29: 
2015/01/24 10:25:29: ==== Processing was completed ====
2015/01/24 10:25:29: 
*************************************************


*********** Start the Initialize Key Check **********
2015/01/24 10:26:25: Tool Ver: 2013.0605.01
2015/01/24 10:26:25: COM PORT OPEN ... OK
2015/01/24 10:26:25:
2015/01/24 10:26:25: ProductS/N:  VRW06A115100955
2015/01/24 10:26:25: TID: 86042D2B3AE62080
2015/01/24 10:26:25: F/W Version: 00.00.08
2015/01/24 10:26:25:
2015/01/24 10:26:26: MasterKey Key Entry ... OK
2015/01/24 10:26:26: PowerON Counter Key Entry ... OK
2015/01/24 10:26:26: Key Entry ... OK
2015/01/24 10:26:26: Complete.
2015/01/24 10:26:26: COM PORT CLOSE ... OK
2015/01/24 10:26:26: 
2015/01/24 10:26:26: ==== Processing was completed ====
2015/01/24 10:26:26: 
*************************************************


*********** Start the Initialize Key Check **********
2015/01/24 10:27:41: Tool Ver: 2013.0605.01
2015/01/24 10:27:41: COM PORT OPEN ... OK
2015/01/24 10:27:42:
2015/01/24 10:27:42: ProductS/N:  VRW06A115100952
2015/01/24 10:27:42: TID: 86041632CAE52080
2015/01/24 10:27:42: F/W Version: 00.00.08
2015/01/24 10:27:42:
2015/01/24 10:27:42: MasterKey Key Entry ... OK
2015/01/24 10:27:42: PowerON Counter Key Entry ... OK
2015/01/24 10:27:42: Key Entry ... OK
2015/01/24 10:27:42: Complete.
2015/01/24 10:27:42: COM PORT CLOSE ... OK
2015/01/24 10:27:42: 
2015/01/24 10:27:42: ==== Processing was completed ====
2015/01/24 10:27:42: 
*************************************************


*********** Start the Initialize Key Check **********
2015/01/24 10:28:34: Tool Ver: 2013.0605.01
2015/01/24 10:28:34: COM PORT OPEN ... OK
2015/01/24 10:28:34:
2015/01/24 10:28:34: ProductS/N:  VRW06A115100935
2015/01/24 10:28:34: TID: 86043C16D2E52080
2015/01/24 10:28:34: F/W Version: 00.00.08
2015/01/24 10:28:34:
2015/01/24 10:28:34: MasterKey Key Entry ... OK
2015/01/24 10:28:34: PowerON Counter Key Entry ... OK
2015/01/24 10:28:35: Key Entry ... OK
2015/01/24 10:28:35: Complete.
2015/01/24 10:28:35: COM PORT CLOSE ... OK
2015/01/24 10:28:35: 
2015/01/24 10:28:35: ==== Processing was completed ====
2015/01/24 10:28:35: 
*************************************************


*********** Start the Initialize Key Check **********
2015/01/24 10:29:55: Tool Ver: 2013.0605.01
2015/01/24 10:29:55: COM PORT OPEN ... OK
2015/01/24 10:29:55:
2015/01/24 10:29:55: ProductS/N:  VRW06A115100917
2015/01/24 10:29:55: TID: 860406143AE62080
2015/01/24 10:29:55: F/W Version: 00.00.08
2015/01/24 10:29:55:
2015/01/24 10:29:55: MasterKey Key Entry ... OK
2015/01/24 10:29:55: PowerON Counter Key Entry ... OK
2015/01/24 10:29:56: Key Entry ... OK
2015/01/24 10:29:56: Complete.
2015/01/24 10:29:56: COM PORT CLOSE ... OK
2015/01/24 10:29:56: 
2015/01/24 10:29:56: ==== Processing was completed ====
2015/01/24 10:29:56: 
*************************************************


*********** Start the Initialize Key Check **********
2015/01/24 10:35:07: Tool Ver: 2013.0605.01
2015/01/24 10:35:07: COM PORT OPEN ... OK
2015/01/24 10:35:07:
2015/01/24 10:35:07: ProductS/N:  VRW06A115100882
2015/01/24 10:35:07: TID: 860433173AE62080
2015/01/24 10:35:07: F/W Version: 00.00.08
2015/01/24 10:35:07:
2015/01/24 10:35:07: MasterKey Key Entry ... OK
2015/01/24 10:35:07: PowerON Counter Key Entry ... OK
2015/01/24 10:35:08: Key Entry ... OK
2015/01/24 10:35:08: Complete.
2015/01/24 10:35:08: COM PORT CLOSE ... OK
2015/01/24 10:35:08: 
2015/01/24 10:35:08: ==== Processing was completed ====
2015/01/24 10:35:08: 
*************************************************


*********** Start the Initialize Key Check **********
2015/01/24 10:52:13: Tool Ver: 2013.0605.01
2015/01/24 10:52:13: COM PORT OPEN ... OK
2015/01/24 10:52:13:
2015/01/24 10:52:13: ProductS/N:  06A115100950
2015/01/24 10:52:13: TID: 86042A30CAE52080
2015/01/24 10:52:13: F/W Version: 00.00.08
2015/01/24 10:52:13:
2015/01/24 10:52:13: MasterKey Key Entry ... OK
2015/01/24 10:52:13: PowerON Counter Key Entry ... OK
2015/01/24 10:52:14: Key Entry ... OK
2015/01/24 10:52:14: Complete.
2015/01/24 10:52:14: COM PORT CLOSE ... OK
2015/01/24 10:52:14: 
2015/01/24 10:52:14: ==== Processing was completed ====
2015/01/24 10:52:14: 
*************************************************


*********** Start the Initialize Key Check **********
2015/01/24 10:54:05: Tool Ver: 2013.0605.01
2015/01/24 10:54:05: COM PORT OPEN ... OK
2015/01/24 10:54:05:
2015/01/24 10:54:05: ProductS/N:  VRW06A115100947
2015/01/24 10:54:05: TID: 86042D15D2E52080
2015/01/24 10:54:05: F/W Version: 00.00.08
2015/01/24 10:54:05:
2015/01/24 10:54:05: MasterKey Key Entry ... OK
2015/01/24 10:54:05: PowerON Counter Key Entry ... OK
2015/01/24 10:54:06: Key Entry ... OK
2015/01/24 10:54:06: Complete.
2015/01/24 10:54:06: COM PORT CLOSE ... OK
2015/01/24 10:54:06: 
2015/01/24 10:54:06: ==== Processing was completed ====
2015/01/24 10:54:06: 
*************************************************


*********** Start the Initialize Key Check **********
2015/01/24 10:55:59: Tool Ver: 2013.0605.01
2015/01/24 10:55:59: COM PORT OPEN ... OK
2015/01/24 10:55:59:
2015/01/24 10:55:59: ProductS/N:  VRW06A115100939
2015/01/24 10:55:59: TID: 86040C18D2E52080
2015/01/24 10:55:59: F/W Version: 00.00.08
2015/01/24 10:55:59:
2015/01/24 10:55:59: MasterKey Key Entry ... OK
2015/01/24 10:55:59: PowerON Counter Key Entry ... OK
2015/01/24 10:56:00: Key Entry ... OK
2015/01/24 10:56:00: Complete.
2015/01/24 10:56:00: COM PORT CLOSE ... OK
2015/01/24 10:56:00: 
2015/01/24 10:56:00: ==== Processing was completed ====
2015/01/24 10:56:00: 
*************************************************


*********** Start the Initialize Key Check **********
2015/01/24 10:57:33: Tool Ver: 2013.0605.01
2015/01/24 10:57:33: COM PORT OPEN ... OK
2015/01/24 10:57:34:
2015/01/24 10:57:34: ProductS/N:  VRW06A115100956
2015/01/24 10:57:34: TID: 86040F1BD2E52080
2015/01/24 10:57:34: F/W Version: 00.00.08
2015/01/24 10:57:34:
2015/01/24 10:57:34: MasterKey Key Entry ... OK
2015/01/24 10:57:34: PowerON Counter Key Entry ... OK
2015/01/24 10:57:34: Key Entry ... OK
2015/01/24 10:57:34: Complete.
2015/01/24 10:57:34: COM PORT CLOSE ... OK
2015/01/24 10:57:34: 
2015/01/24 10:57:34: ==== Processing was completed ====
2015/01/24 10:57:34: 
*************************************************


*********** Start the Initialize Key Check **********
2015/01/24 11:09:51: Tool Ver: 2013.0605.01
2015/01/24 11:09:51: COM PORT OPEN ... OK
2015/01/24 11:09:51:
2015/01/24 11:09:51: ProductS/N:  6A115100966
2015/01/24 11:09:51: TID: 86041132CAE52080
2015/01/24 11:09:51: F/W Version: 00.00.08
2015/01/24 11:09:51:
2015/01/24 11:09:51: MasterKey Key Entry ... OK
2015/01/24 11:09:51: PowerON Counter Key Entry ... OK
2015/01/24 11:09:51: Key Entry ... OK
2015/01/24 11:09:51: Complete.
2015/01/24 11:09:51: COM PORT CLOSE ... OK
2015/01/24 11:09:51: 
2015/01/24 11:09:51: ==== Processing was completed ====
2015/01/24 11:09:51: 
*************************************************


*********** Start the Initialize Key Check **********
2015/01/24 11:11:14: Tool Ver: 2013.0605.01
2015/01/24 11:11:14: COM PORT OPEN ... OK
2015/01/24 11:11:14:
2015/01/24 11:11:14: ProductS/N:  VRW06A115100961
2015/01/24 11:11:14: TID: 86041032CAE52080
2015/01/24 11:11:14: F/W Version: 00.00.08
2015/01/24 11:11:14:
2015/01/24 11:11:14: MasterKey Key Entry ... OK
2015/01/24 11:11:14: PowerON Counter Key Entry ... OK
2015/01/24 11:11:15: Key Entry ... OK
2015/01/24 11:11:15: Complete.
2015/01/24 11:11:15: COM PORT CLOSE ... OK
2015/01/24 11:11:15: 
2015/01/24 11:11:15: ==== Processing was completed ====
2015/01/24 11:11:15: 
*************************************************


*********** Start the Initialize Key Check **********
2015/01/24 11:12:26: Tool Ver: 2013.0605.01
2015/01/24 11:12:26: COM PORT OPEN ... OK
2015/01/24 11:12:27:
2015/01/24 11:12:27: ProductS/N:  VRW06A115100960
2015/01/24 11:12:27: TID: 86041C2522E62080
2015/01/24 11:12:27: F/W Version: 00.00.08
2015/01/24 11:12:27:
2015/01/24 11:12:27: MasterKey Key Entry ... OK
2015/01/24 11:12:27: PowerON Counter Key Entry ... OK
2015/01/24 11:12:27: Key Entry ... OK
2015/01/24 11:12:27: Complete.
2015/01/24 11:12:27: COM PORT CLOSE ... OK
2015/01/24 11:12:27: 
2015/01/24 11:12:27: ==== Processing was completed ====
2015/01/24 11:12:27: 
*************************************************


*********** Start the Initialize Key Check **********
2015/01/24 11:14:20: Tool Ver: 2013.0605.01
2015/01/24 11:14:20: COM PORT OPEN ... OK
2015/01/24 11:14:20:
2015/01/24 11:14:20: ProductS/N:  VRW06A115100959
2015/01/24 11:14:20: TID: 86043E2FCAE52080
2015/01/24 11:14:20: F/W Version: 00.00.08
2015/01/24 11:14:20:
2015/01/24 11:14:20: MasterKey Key Entry ... OK
2015/01/24 11:14:20: PowerON Counter Key Entry ... OK
2015/01/24 11:14:21: Key Entry ... OK
2015/01/24 11:14:21: Complete.
2015/01/24 11:14:21: COM PORT CLOSE ... OK
2015/01/24 11:14:21: 
2015/01/24 11:14:21: ==== Processing was completed ====
2015/01/24 11:14:21: 
*************************************************


*********** Start the Initialize Key Check **********
2015/01/24 11:23:22: Tool Ver: 2013.0605.01
2015/01/24 11:23:22: COM PORT OPEN ... OK
2015/01/24 11:23:22:
2015/01/24 11:23:22: ProductS/N:  VRW06A115100964
2015/01/24 11:23:22: TID: 8604302FCAE52080
2015/01/24 11:23:22: F/W Version: 00.00.08
2015/01/24 11:23:22:
2015/01/24 11:23:22: MasterKey Key Entry ... OK
2015/01/24 11:23:22: PowerON Counter Key Entry ... OK
2015/01/24 11:23:22: Key Entry ... OK
2015/01/24 11:23:22: Complete.
2015/01/24 11:23:22: COM PORT CLOSE ... OK
2015/01/24 11:23:22: 
2015/01/24 11:23:22: ==== Processing was completed ====
2015/01/24 11:23:22: 
*************************************************


*********** Start the Initialize Key Check **********
2015/01/24 11:25:06: Tool Ver: 2013.0605.01
2015/01/24 11:25:06: COM PORT OPEN ... OK
2015/01/24 11:25:06:
2015/01/24 11:25:06: ProductS/N:  VRW06A115100963
2015/01/24 11:25:06: TID: 8604032222E62080
2015/01/24 11:25:06: F/W Version: 00.00.08
2015/01/24 11:25:06:
2015/01/24 11:25:06: MasterKey Key Entry ... OK
2015/01/24 11:25:06: PowerON Counter Key Entry ... OK
2015/01/24 11:25:07: Key Entry ... OK
2015/01/24 11:25:07: Complete.
2015/01/24 11:25:07: COM PORT CLOSE ... OK
2015/01/24 11:25:07: 
2015/01/24 11:25:07: ==== Processing was completed ====
2015/01/24 11:25:07: 
*************************************************


*********** Start the Initialize Key Check **********
2015/01/24 11:26:37: Tool Ver: 2013.0605.01
2015/01/24 11:26:37: COM PORT OPEN ... OK
2015/01/24 11:26:37:
2015/01/24 11:26:37: ProductS/N:  VRW06A115100957
2015/01/24 11:26:37: TID: 86042E36CAE52080
2015/01/24 11:26:37: F/W Version: 00.00.08
2015/01/24 11:26:37:
2015/01/24 11:26:37: MasterKey Key Entry ... OK
2015/01/24 11:26:37: PowerON Counter Key Entry ... OK
2015/01/24 11:26:38: Key Entry ... OK
2015/01/24 11:26:38: Complete.
2015/01/24 11:26:38: COM PORT CLOSE ... OK
2015/01/24 11:26:38: 
2015/01/24 11:26:38: ==== Processing was completed ====
2015/01/24 11:26:38: 
*************************************************


*********** Start the Initialize Key Check **********
2015/01/24 11:28:04: Tool Ver: 2013.0605.01
2015/01/24 11:28:04: COM PORT OPEN ... OK
2015/01/24 11:28:04:
2015/01/24 11:28:04: ProductS/N:  VRW06A115100970
2015/01/24 11:28:04: TID: 86043F30CAE52080
2015/01/24 11:28:04: F/W Version: 00.00.08
2015/01/24 11:28:04:
2015/01/24 11:28:04: MasterKey Key Entry ... OK
2015/01/24 11:28:04: PowerON Counter Key Entry ... OK
2015/01/24 11:28:05: Key Entry ... OK
2015/01/24 11:28:05: Complete.
2015/01/24 11:28:05: COM PORT CLOSE ... OK
2015/01/24 11:28:05: 
2015/01/24 11:28:05: ==== Processing was completed ====
2015/01/24 11:28:05: 
*************************************************


*********** Start the Initialize Key Check **********
2015/01/24 11:32:09: Tool Ver: 2013.0605.01
2015/01/24 11:32:09: COM PORT OPEN ... OK
2015/01/24 11:32:09:
2015/01/24 11:32:09: ProductS/N:  VRW06A115100967
2015/01/24 11:32:09: TID: 86040733CAE52080
2015/01/24 11:32:09: F/W Version: 00.00.08
2015/01/24 11:32:09:
2015/01/24 11:32:09: MasterKey Key Entry ... OK
2015/01/24 11:32:09: PowerON Counter Key Entry ... OK
2015/01/24 11:32:10: Key Entry ... OK
2015/01/24 11:32:10: Complete.
2015/01/24 11:32:10: COM PORT CLOSE ... OK
2015/01/24 11:32:10: 
2015/01/24 11:32:10: ==== Processing was completed ====
2015/01/24 11:32:10: 
*************************************************


*********** Start the Initialize Key Check **********
2015/01/24 11:33:45: Tool Ver: 2013.0605.01
2015/01/24 11:33:45: COM PORT OPEN ... OK
2015/01/24 11:33:45:
2015/01/24 11:33:45: ProductS/N:  VRW06A115100958
2015/01/24 11:33:45: TID: 86041332CAE52080
2015/01/24 11:33:45: F/W Version: 00.00.08
2015/01/24 11:33:45:
2015/01/24 11:33:45: MasterKey Key Entry ... OK
2015/01/24 11:33:45: PowerON Counter Key Entry ... OK
2015/01/24 11:33:46: Key Entry ... OK
2015/01/24 11:33:46: Complete.
2015/01/24 11:33:46: COM PORT CLOSE ... OK
2015/01/24 11:33:46: 
2015/01/24 11:33:46: ==== Processing was completed ====
2015/01/24 11:33:46: 
*************************************************


*********** Start the Initialize Key Check **********
2015/01/24 13:01:35: Tool Ver: 2013.0605.01
2015/01/24 13:01:35: COM PORT OPEN ... OK
2015/01/24 13:01:35:
2015/01/24 13:01:35: ProductS/N:  VRW06A115100969
2015/01/24 13:01:35: TID: 86042418D2E52080
2015/01/24 13:01:35: F/W Version: 00.00.08
2015/01/24 13:01:35:
2015/01/24 13:01:35: MasterKey Key Entry ... OK
2015/01/24 13:01:35: PowerON Counter Key Entry ... OK
2015/01/24 13:01:36: Key Entry ... OK
2015/01/24 13:01:36: Complete.
2015/01/24 13:01:36: COM PORT CLOSE ... OK
2015/01/24 13:01:36: 
2015/01/24 13:01:36: ==== Processing was completed ====
2015/01/24 13:01:36: 
*************************************************


*********** Start the Initialize Key Check **********
2015/01/24 13:03:56: Tool Ver: 2013.0605.01
2015/01/24 13:03:56: COM PORT OPEN ... OK
2015/01/24 13:03:56:
2015/01/24 13:03:56: ProductS/N:  VRW06A115100968
2015/01/24 13:03:56: TID: 8604101AD2E52080
2015/01/24 13:03:56: F/W Version: 00.00.08
2015/01/24 13:03:56:
2015/01/24 13:03:56: MasterKey Key Entry ... OK
2015/01/24 13:03:56: PowerON Counter Key Entry ... OK
2015/01/24 13:03:57: Key Entry ... OK
2015/01/24 13:03:57: Complete.
2015/01/24 13:03:57: COM PORT CLOSE ... OK
2015/01/24 13:03:57: 
2015/01/24 13:03:57: ==== Processing was completed ====
2015/01/24 13:03:57: 
*************************************************


*********** Start the Initialize Key Check **********
2015/01/24 13:18:15: Tool Ver: 2013.0605.01
2015/01/24 13:18:15: COM PORT OPEN ... OK
2015/01/24 13:18:15:
2015/01/24 13:18:15: ProductS/N:  06A115100976
2015/01/24 13:18:15: TID: 86040E15D2E52080
2015/01/24 13:18:15: F/W Version: 00.00.08
2015/01/24 13:18:15:
2015/01/24 13:18:15: MasterKey Key Entry ... OK
2015/01/24 13:18:15: PowerON Counter Key Entry ... OK
2015/01/24 13:18:16: Key Entry ... OK
2015/01/24 13:18:16: Complete.
2015/01/24 13:18:16: COM PORT CLOSE ... OK
2015/01/24 13:18:16: 
2015/01/24 13:18:16: ==== Processing was completed ====
2015/01/24 13:18:16: 
*************************************************


*********** Start the Initialize Key Check **********
2015/01/24 13:20:44: Tool Ver: 2013.0605.01
2015/01/24 13:20:44: COM PORT OPEN ... OK
2015/01/24 13:20:44:
2015/01/24 13:20:44: ProductS/N:  VRW06A115100975
2015/01/24 13:20:44: TID: 86043630CAE52080
2015/01/24 13:20:44: F/W Version: 00.00.08
2015/01/24 13:20:44:
2015/01/24 13:20:44: MasterKey Key Entry ... OK
2015/01/24 13:20:44: PowerON Counter Key Entry ... OK
2015/01/24 13:20:45: Key Entry ... OK
2015/01/24 13:20:45: Complete.
2015/01/24 13:20:45: COM PORT CLOSE ... OK
2015/01/24 13:20:45: 
2015/01/24 13:20:45: ==== Processing was completed ====
2015/01/24 13:20:45: 
*************************************************


*********** Start the Initialize Key Check **********
2015/01/24 13:30:51: Tool Ver: 2013.0605.01
2015/01/24 13:30:51: COM PORT OPEN ... OK
2015/01/24 13:30:51:
2015/01/24 13:30:51: ProductS/N:  06A115100981
2015/01/24 13:30:51: TID: 86043217D2E52080
2015/01/24 13:30:51: F/W Version: 00.00.08
2015/01/24 13:30:51:
2015/01/24 13:30:51: MasterKey Key Entry ... OK
2015/01/24 13:30:51: PowerON Counter Key Entry ... OK
2015/01/24 13:30:52: Key Entry ... OK
2015/01/24 13:30:52: Complete.
2015/01/24 13:30:52: COM PORT CLOSE ... OK
2015/01/24 13:30:52: 
2015/01/24 13:30:52: ==== Processing was completed ====
2015/01/24 13:30:52: 
*************************************************


*********** Start the Initialize Key Check **********
2015/01/24 13:34:56: Tool Ver: 2013.0605.01
2015/01/24 13:34:56: COM PORT OPEN ... OK
2015/01/24 13:34:57:
2015/01/24 13:34:57: ProductS/N:  VRW06A115100974
2015/01/24 13:34:57: TID: 86042C29CAE52080
2015/01/24 13:34:57: F/W Version: 00.00.08
2015/01/24 13:34:57:
2015/01/24 13:34:57: MasterKey Key Entry ... OK
2015/01/24 13:34:57: PowerON Counter Key Entry ... OK
2015/01/24 13:34:57: Key Entry ... OK
2015/01/24 13:34:57: Complete.
2015/01/24 13:34:57: COM PORT CLOSE ... OK
2015/01/24 13:34:57: 
2015/01/24 13:34:57: ==== Processing was completed ====
2015/01/24 13:34:57: 
*************************************************


*********** Start the Initialize Key Check **********
2015/01/24 13:35:36: Tool Ver: 2013.0605.01
2015/01/24 13:35:36: COM PORT OPEN ... OK
2015/01/24 13:35:36:
2015/01/24 13:35:36: ProductS/N:  VRW06A115100978
2015/01/24 13:35:36: TID: 8604332E3AE62080
2015/01/24 13:35:36: F/W Version: 00.00.08
2015/01/24 13:35:36:
2015/01/24 13:35:36: MasterKey Key Entry ... OK
2015/01/24 13:35:36: PowerON Counter Key Entry ... OK
2015/01/24 13:35:37: Key Entry ... OK
2015/01/24 13:35:37: Complete.
2015/01/24 13:35:37: COM PORT CLOSE ... OK
2015/01/24 13:35:37: 
2015/01/24 13:35:37: ==== Processing was completed ====
2015/01/24 13:35:37: 
*************************************************


*********** Start the Initialize Key Check **********
2015/01/24 13:35:48: Tool Ver: 2013.0605.01
2015/01/24 13:35:48: COM PORT OPEN ... OK
2015/01/24 13:35:48:
2015/01/24 13:35:48: ProductS/N:  VRW06A115100978
2015/01/24 13:35:48: TID: 8604332E3AE62080
2015/01/24 13:35:48: F/W Version: 00.00.08
2015/01/24 13:35:48:
2015/01/24 13:35:48: MasterKey Key Entry ... OK
2015/01/24 13:35:48: PowerON Counter Key Entry ... OK
2015/01/24 13:35:49: Key Entry ... OK
2015/01/24 13:35:49: Complete.
2015/01/24 13:35:49: COM PORT CLOSE ... OK
2015/01/24 13:35:49: 
2015/01/24 13:35:49: ==== Processing was completed ====
2015/01/24 13:35:49: 
*************************************************


*********** Start the Initialize Key Check **********
2015/01/24 13:36:26: Tool Ver: 2013.0605.01
2015/01/24 13:36:26: COM PORT OPEN ... OK
2015/01/24 13:36:26:
2015/01/24 13:36:26: ProductS/N:  VRW06A115100977
2015/01/24 13:36:26: TID: 86043A2FCAE52080
2015/01/24 13:36:26: F/W Version: 00.00.08
2015/01/24 13:36:26:
2015/01/24 13:36:26: MasterKey Key Entry ... OK
2015/01/24 13:36:26: PowerON Counter Key Entry ... OK
2015/01/24 13:36:26: Key Entry ... OK
2015/01/24 13:36:26: Complete.
2015/01/24 13:36:26: COM PORT CLOSE ... OK
2015/01/24 13:36:26: 
2015/01/24 13:36:26: ==== Processing was completed ====
2015/01/24 13:36:26: 
*************************************************


*********** Start the Initialize Key Check **********
2015/01/24 13:36:36: Tool Ver: 2013.0605.01
2015/01/24 13:36:36: COM PORT OPEN ... OK
2015/01/24 13:36:36:
2015/01/24 13:36:36: ProductS/N:  VRW06A115100977
2015/01/24 13:36:37: TID: 86043A2FCAE52080
2015/01/24 13:36:37: F/W Version: 00.00.08
2015/01/24 13:36:37:
2015/01/24 13:36:37: MasterKey Key Entry ... OK
2015/01/24 13:36:37: PowerON Counter Key Entry ... OK
2015/01/24 13:36:37: Key Entry ... OK
2015/01/24 13:36:37: Complete.
2015/01/24 13:36:37: COM PORT CLOSE ... OK
2015/01/24 13:36:37: 
2015/01/24 13:36:37: ==== Processing was completed ====
2015/01/24 13:36:37: 
*************************************************


*********** Start the Initialize Key Check **********
2015/01/24 13:49:55: Tool Ver: 2013.0605.01
2015/01/24 13:49:55: COM PORT OPEN ... OK
2015/01/24 13:49:55:
2015/01/24 13:49:55: ProductS/N:  VRW06A115100979
2015/01/24 13:49:55: TID: 86041D283AE62080
2015/01/24 13:49:55: F/W Version: 00.00.08
2015/01/24 13:49:55:
2015/01/24 13:49:55: MasterKey Key Entry ... OK
2015/01/24 13:49:55: PowerON Counter Key Entry ... OK
2015/01/24 13:49:56: Key Entry ... OK
2015/01/24 13:49:56: Complete.
2015/01/24 13:49:56: COM PORT CLOSE ... OK
2015/01/24 13:49:56: 
2015/01/24 13:49:56: ==== Processing was completed ====
2015/01/24 13:49:56: 
*************************************************


*********** Start the Initialize Key Check **********
2015/01/24 13:50:05: Tool Ver: 2013.0605.01
2015/01/24 13:50:05: COM PORT OPEN ... OK
2015/01/24 13:50:05:
2015/01/24 13:50:05: ProductS/N:  VRW06A115100979
2015/01/24 13:50:05: TID: 86041D283AE62080
2015/01/24 13:50:05: F/W Version: 00.00.08
2015/01/24 13:50:05:
2015/01/24 13:50:05: MasterKey Key Entry ... OK
2015/01/24 13:50:05: PowerON Counter Key Entry ... OK
2015/01/24 13:50:05: Key Entry ... OK
2015/01/24 13:50:05: Complete.
2015/01/24 13:50:05: COM PORT CLOSE ... OK
2015/01/24 13:50:05: 
2015/01/24 13:50:05: ==== Processing was completed ====
2015/01/24 13:50:05: 
*************************************************


*********** Start the Initialize Key Check **********
2015/01/24 13:50:54: Tool Ver: 2013.0605.01
2015/01/24 13:50:54: COM PORT OPEN ... OK
2015/01/24 13:50:55:
2015/01/24 13:50:55: ProductS/N:  VRW06A115100962
2015/01/24 13:50:55: TID: 8604192F3AE62080
2015/01/24 13:50:55: F/W Version: 00.00.08
2015/01/24 13:50:55:
2015/01/24 13:50:55: MasterKey Key Entry ... OK
2015/01/24 13:50:55: PowerON Counter Key Entry ... OK
2015/01/24 13:50:55: Key Entry ... OK
2015/01/24 13:50:55: Complete.
2015/01/24 13:50:55: COM PORT CLOSE ... OK
2015/01/24 13:50:55: 
2015/01/24 13:50:55: ==== Processing was completed ====
2015/01/24 13:50:55: 
*************************************************


*********** Start the Initialize Key Check **********
2015/01/24 13:51:09: Tool Ver: 2013.0605.01
2015/01/24 13:51:09: COM PORT OPEN ... OK
2015/01/24 13:51:09:
2015/01/24 13:51:09: ProductS/N:  VRW06A115100962
2015/01/24 13:51:09: TID: 8604192F3AE62080
2015/01/24 13:51:09: F/W Version: 00.00.08
2015/01/24 13:51:09:
2015/01/24 13:51:09: MasterKey Key Entry ... OK
2015/01/24 13:51:09: PowerON Counter Key Entry ... OK
2015/01/24 13:51:09: Key Entry ... OK
2015/01/24 13:51:09: Complete.
2015/01/24 13:51:09: COM PORT CLOSE ... OK
2015/01/24 13:51:09: 
2015/01/24 13:51:09: ==== Processing was completed ====
2015/01/24 13:51:09: 
*************************************************


*********** Start the Initialize Key Check **********
2015/01/24 13:51:49: Tool Ver: 2013.0605.01
2015/01/24 13:51:49: COM PORT OPEN ... OK
2015/01/24 13:51:50:
2015/01/24 13:51:50: ProductS/N:  VRW06A115100948
2015/01/24 13:51:50: TID: 86040532CAE52080
2015/01/24 13:51:50: F/W Version: 00.00.08
2015/01/24 13:51:50:
2015/01/24 13:51:50: MasterKey Key Entry ... OK
2015/01/24 13:51:50: PowerON Counter Key Entry ... OK
2015/01/24 13:51:50: Key Entry ... OK
2015/01/24 13:51:50: Complete.
2015/01/24 13:51:50: COM PORT CLOSE ... OK
2015/01/24 13:51:50: 
2015/01/24 13:51:50: ==== Processing was completed ====
2015/01/24 13:51:50: 
*************************************************


*********** Start the Initialize Key Check **********
2015/01/24 13:52:01: Tool Ver: 2013.0605.01
2015/01/24 13:52:01: COM PORT OPEN ... OK
2015/01/24 13:52:02:
2015/01/24 13:52:02: ProductS/N:  VRW06A115100948
2015/01/24 13:52:02: TID: 86040532CAE52080
2015/01/24 13:52:02: F/W Version: 00.00.08
2015/01/24 13:52:02:
2015/01/24 13:52:02: MasterKey Key Entry ... OK
2015/01/24 13:52:02: PowerON Counter Key Entry ... OK
2015/01/24 13:52:02: Key Entry ... OK
2015/01/24 13:52:02: Complete.
2015/01/24 13:52:02: COM PORT CLOSE ... OK
2015/01/24 13:52:02: 
2015/01/24 13:52:02: ==== Processing was completed ====
2015/01/24 13:52:02: 
*************************************************


*********** Start the Initialize Key Check **********
2015/01/24 14:04:45: Tool Ver: 2013.0605.01
2015/01/24 14:04:45: COM PORT OPEN ... OK
2015/01/24 14:04:45:
2015/01/24 14:04:45: ProductS/N:  VRW06A214300002
2015/01/24 14:04:46: TID: 86043F2162842D80
2015/01/24 14:04:46: F/W Version: 00.00.08
2015/01/24 14:04:46:
2015/01/24 14:04:46: MasterKey Key Entry ... OK
2015/01/24 14:04:46: PowerON Counter Key Entry ... OK
2015/01/24 14:04:46: Key Entry ... OK
2015/01/24 14:04:46: Complete.
2015/01/24 14:04:46: COM PORT CLOSE ... OK
2015/01/24 14:04:46: 
2015/01/24 14:04:46: ==== Processing was completed ====
2015/01/24 14:04:46: 
*************************************************


*********** Start the Initialize Key Check **********
2015/01/24 14:14:37: Tool Ver: 2013.0605.01
2015/01/24 14:14:37: COM PORT OPEN ... OK
2015/01/24 14:14:37:
2015/01/24 14:14:37: ProductS/N:  VRW06A115100985
2015/01/24 14:14:37: TID: 86040C32CAE52080
2015/01/24 14:14:37: F/W Version: 00.00.08
2015/01/24 14:14:37:
2015/01/24 14:14:37: MasterKey Key Entry ... OK
2015/01/24 14:14:37: PowerON Counter Key Entry ... OK
2015/01/24 14:14:38: Key Entry ... OK
2015/01/24 14:14:38: Complete.
2015/01/24 14:14:38: COM PORT CLOSE ... OK
2015/01/24 14:14:38: 
2015/01/24 14:14:38: ==== Processing was completed ====
2015/01/24 14:14:38: 
*************************************************


*********** Start the Initialize Key Check **********
2015/01/24 14:16:09: Tool Ver: 2013.0605.01
2015/01/24 14:16:09: COM PORT OPEN ... OK
2015/01/24 14:16:09:
2015/01/24 14:16:09: ProductS/N:  VRW06A115100971
2015/01/24 14:16:09: TID: 86043730CAE52080
2015/01/24 14:16:09: F/W Version: 00.00.08
2015/01/24 14:16:09:
2015/01/24 14:16:09: MasterKey Key Entry ... OK
2015/01/24 14:16:09: PowerON Counter Key Entry ... OK
2015/01/24 14:16:10: Key Entry ... OK
2015/01/24 14:16:10: Complete.
2015/01/24 14:16:10: COM PORT CLOSE ... OK
2015/01/24 14:16:10: 
2015/01/24 14:16:10: ==== Processing was completed ====
2015/01/24 14:16:10: 
*************************************************


*********** Start the Initialize Key Check **********
2015/01/24 14:18:20: Tool Ver: 2013.0605.01
2015/01/24 14:18:20: COM PORT OPEN ... OK
2015/01/24 14:18:20:
2015/01/24 14:18:20: ProductS/N:  VRW06A115100990
2015/01/24 14:18:20: TID: 860433173AE62080
2015/01/24 14:18:20: F/W Version: 00.00.08
2015/01/24 14:18:20:
2015/01/24 14:18:20: MasterKey Key Entry ... OK
2015/01/24 14:18:20: PowerON Counter Key Entry ... OK
2015/01/24 14:18:20: Key Entry ... OK
2015/01/24 14:18:20: Complete.
2015/01/24 14:18:20: COM PORT CLOSE ... OK
2015/01/24 14:18:20: 
2015/01/24 14:18:20: ==== Processing was completed ====
2015/01/24 14:18:20: 
*************************************************


*********** Start the Initialize Key Check **********
2015/01/24 14:19:24: Tool Ver: 2013.0605.01
2015/01/24 14:19:24: COM PORT OPEN ... OK
2015/01/24 14:19:24:
2015/01/24 14:19:24: ProductS/N:  VRW06A115100992
2015/01/24 14:19:24: TID: 8604372222E62080
2015/01/24 14:19:24: F/W Version: 00.00.08
2015/01/24 14:19:24:
2015/01/24 14:19:24: MasterKey Key Entry ... OK
2015/01/24 14:19:24: PowerON Counter Key Entry ... OK
2015/01/24 14:19:25: Key Entry ... OK
2015/01/24 14:19:25: Complete.
2015/01/24 14:19:25: COM PORT CLOSE ... OK
2015/01/24 14:19:25: 
2015/01/24 14:19:25: ==== Processing was completed ====
2015/01/24 14:19:25: 
*************************************************


*********** Start the Initialize Key Check **********
2015/01/24 14:20:56: Tool Ver: 2013.0605.01
2015/01/24 14:20:56: COM PORT OPEN ... OK
2015/01/24 14:20:56:
2015/01/24 14:20:56: ProductS/N:  VRW06A115100991
2015/01/24 14:20:56: TID: 8604162A3AE62080
2015/01/24 14:20:56: F/W Version: 00.00.08
2015/01/24 14:20:56:
2015/01/24 14:20:56: MasterKey Key Entry ... OK
2015/01/24 14:20:56: PowerON Counter Key Entry ... OK
2015/01/24 14:20:57: Key Entry ... OK
2015/01/24 14:20:57: Complete.
2015/01/24 14:20:57: COM PORT CLOSE ... OK
2015/01/24 14:20:57: 
2015/01/24 14:20:57: ==== Processing was completed ====
2015/01/24 14:20:57: 
*************************************************


*********** Start the Initialize Key Check **********
2015/01/24 14:34:19: Tool Ver: 2013.0605.01
2015/01/24 14:34:19: COM PORT OPEN ... OK
2015/01/24 14:34:19:
2015/01/24 14:34:19: ProductS/N:  VRW06A115100986
2015/01/24 14:34:19: TID: 8604082522E62080
2015/01/24 14:34:19: F/W Version: 00.00.08
2015/01/24 14:34:19:
2015/01/24 14:34:19: MasterKey Key Entry ... OK
2015/01/24 14:34:19: PowerON Counter Key Entry ... OK
2015/01/24 14:34:20: Key Entry ... OK
2015/01/24 14:34:20: Complete.
2015/01/24 14:34:20: COM PORT CLOSE ... OK
2015/01/24 14:34:20: 
2015/01/24 14:34:20: ==== Processing was completed ====
2015/01/24 14:34:20: 
*************************************************


*********** Start the Initialize Key Check **********
2015/01/24 14:35:57: Tool Ver: 2013.0605.01
2015/01/24 14:35:57: COM PORT OPEN ... OK
2015/01/24 14:35:57:
2015/01/24 14:35:57: ProductS/N:  VRW06A115100993
2015/01/24 14:35:57: TID: 86042E35CAE52080
2015/01/24 14:35:57: F/W Version: 00.00.08
2015/01/24 14:35:57:
2015/01/24 14:35:57: MasterKey Key Entry ... OK
2015/01/24 14:35:57: PowerON Counter Key Entry ... OK
2015/01/24 14:35:58: Key Entry ... OK
2015/01/24 14:35:58: Complete.
2015/01/24 14:35:58: COM PORT CLOSE ... OK
2015/01/24 14:35:58: 
2015/01/24 14:35:58: ==== Processing was completed ====
2015/01/24 14:35:58: 
*************************************************


*********** Start the Initialize Key Check **********
2015/01/24 14:37:03: Tool Ver: 2013.0605.01
2015/01/24 14:37:03: COM PORT OPEN ... OK
2015/01/24 14:37:03:
2015/01/24 14:37:03: ProductS/N:  VRW06A115100982
2015/01/24 14:37:04: TID: 8604360E32E62080
2015/01/24 14:37:04: F/W Version: 00.00.08
2015/01/24 14:37:04:
2015/01/24 14:37:04: MasterKey Key Entry ... OK
2015/01/24 14:37:04: PowerON Counter Key Entry ... OK
2015/01/24 14:37:04: Key Entry ... OK
2015/01/24 14:37:04: Complete.
2015/01/24 14:37:04: COM PORT CLOSE ... OK
2015/01/24 14:37:04: 
2015/01/24 14:37:04: ==== Processing was completed ====
2015/01/24 14:37:04: 
*************************************************


*********** Start the Initialize Key Check **********
2015/01/24 14:41:23: Tool Ver: 2013.0605.01
2015/01/24 14:41:23: COM PORT OPEN ... OK
2015/01/24 14:41:23:
2015/01/24 14:41:23: ProductS/N:  VRW06A115100999
2015/01/24 14:41:23: TID: 86041232CAE52080
2015/01/24 14:41:23: F/W Version: 00.00.08
2015/01/24 14:41:23:
2015/01/24 14:41:23: MasterKey Key Entry ... OK
2015/01/24 14:41:23: PowerON Counter Key Entry ... OK
2015/01/24 14:41:24: Key Entry ... OK
2015/01/24 14:41:24: Complete.
2015/01/24 14:41:24: COM PORT CLOSE ... OK
2015/01/24 14:41:24: 
2015/01/24 14:41:24: ==== Processing was completed ====
2015/01/24 14:41:24: 
*************************************************


*********** Start the Initialize Key Check **********
2015/01/24 14:45:06: Tool Ver: 2013.0605.01
2015/01/24 14:45:06: COM PORT OPEN ... OK
2015/01/24 14:45:06:
2015/01/24 14:45:06: ProductS/N:  VRW06A115100987
2015/01/24 14:45:06: TID: 86041C0C32E62080
2015/01/24 14:45:06: F/W Version: 00.00.08
2015/01/24 14:45:06:
2015/01/24 14:45:06: MasterKey Key Entry ... OK
2015/01/24 14:45:06: PowerON Counter Key Entry ... OK
2015/01/24 14:45:07: Key Entry ... OK
2015/01/24 14:45:07: Complete.
2015/01/24 14:45:07: COM PORT CLOSE ... OK
2015/01/24 14:45:07: 
2015/01/24 14:45:07: ==== Processing was completed ====
2015/01/24 14:45:07: 
*************************************************


*********** Start the Initialize Key Check **********
2015/01/24 14:48:31: Tool Ver: 2013.0605.01
2015/01/24 14:48:31: COM PORT OPEN ... OK
2015/01/24 14:48:31:
2015/01/24 14:48:31: ProductS/N:  VRW06A115100988
2015/01/24 14:48:31: TID: 86042C15D2E52080
2015/01/24 14:48:31: F/W Version: 00.00.08
2015/01/24 14:48:31:
2015/01/24 14:48:31: MasterKey Key Entry ... OK
2015/01/24 14:48:31: PowerON Counter Key Entry ... OK
2015/01/24 14:48:31: Key Entry ... OK
2015/01/24 14:48:31: Complete.
2015/01/24 14:48:31: COM PORT CLOSE ... OK
2015/01/24 14:48:31: 
2015/01/24 14:48:31: ==== Processing was completed ====
2015/01/24 14:48:31: 
*************************************************


*********** Start the Initialize Key Check **********
2015/01/24 15:18:42: Tool Ver: 2013.0605.01
2015/01/24 15:18:42: COM PORT OPEN ... OK
2015/01/24 15:18:42:
2015/01/24 15:18:42: ProductS/N:  VRW06A115101005
2015/01/24 15:18:42: TID: 86043535CAE52080
2015/01/24 15:18:42: F/W Version: 00.00.08
2015/01/24 15:18:42:
2015/01/24 15:18:42: MasterKey Key Entry ... OK
2015/01/24 15:18:42: PowerON Counter Key Entry ... OK
2015/01/24 15:18:43: Key Entry ... OK
2015/01/24 15:18:43: Complete.
2015/01/24 15:18:43: COM PORT CLOSE ... OK
2015/01/24 15:18:43: 
2015/01/24 15:18:43: ==== Processing was completed ====
2015/01/24 15:18:43: 
*************************************************


*********** Start the Initialize Key Check **********
2015/01/24 15:24:26: Tool Ver: 2013.0605.01
2015/01/24 15:24:26: COM PORT OPEN ... OK
2015/01/24 15:24:26:
2015/01/24 15:24:26: ProductS/N:  VRW06A115101004
2015/01/24 15:24:26: TID: 86040633CAE52080
2015/01/24 15:24:26: F/W Version: 00.00.08
2015/01/24 15:24:26:
2015/01/24 15:24:26: MasterKey Key Entry ... OK
2015/01/24 15:24:26: PowerON Counter Key Entry ... OK
2015/01/24 15:24:27: Key Entry ... OK
2015/01/24 15:24:27: Complete.
2015/01/24 15:24:27: COM PORT CLOSE ... OK
2015/01/24 15:24:27: 
2015/01/24 15:24:27: ==== Processing was completed ====
2015/01/24 15:24:27: 
*************************************************


*********** Start the Initialize Key Check **********
2015/01/24 15:25:41: Tool Ver: 2013.0605.01
2015/01/24 15:25:41: COM PORT OPEN ... OK
2015/01/24 15:25:41:
2015/01/24 15:25:41: ProductS/N:  VRW06A115101001
2015/01/24 15:25:41: TID: 86041932CAE52080
2015/01/24 15:25:41: F/W Version: 00.00.08
2015/01/24 15:25:41:
2015/01/24 15:25:41: MasterKey Key Entry ... OK
2015/01/24 15:25:41: PowerON Counter Key Entry ... OK
2015/01/24 15:25:42: Key Entry ... OK
2015/01/24 15:25:42: Complete.
2015/01/24 15:25:42: COM PORT CLOSE ... OK
2015/01/24 15:25:42: 
2015/01/24 15:25:42: ==== Processing was completed ====
2015/01/24 15:25:42: 
*************************************************


*********** Start the Initialize Key Check **********
2015/01/24 15:29:18: Tool Ver: 2013.0605.01
2015/01/24 15:29:18: COM PORT OPEN ... OK
2015/01/24 15:29:18:
2015/01/24 15:29:18: ProductS/N:  VRW06A115101007
2015/01/24 15:29:18: TID: 86042235CAE52080
2015/01/24 15:29:18: F/W Version: 00.00.08
2015/01/24 15:29:18:
2015/01/24 15:29:18: MasterKey Key Entry ... OK
2015/01/24 15:29:18: PowerON Counter Key Entry ... OK
2015/01/24 15:29:18: Key Entry ... OK
2015/01/24 15:29:18: Complete.
2015/01/24 15:29:18: COM PORT CLOSE ... OK
2015/01/24 15:29:18: 
2015/01/24 15:29:18: ==== Processing was completed ====
2015/01/24 15:29:18: 
*************************************************


*********** Start the Initialize Key Check **********
2015/01/24 15:31:11: Tool Ver: 2013.0605.01
2015/01/24 15:31:11: COM PORT OPEN ... OK
2015/01/24 15:31:11:
2015/01/24 15:31:11: ProductS/N:  VRW06A115101003
2015/01/24 15:31:11: TID: 86043135CAE52080
2015/01/24 15:31:11: F/W Version: 00.00.08
2015/01/24 15:31:11:
2015/01/24 15:31:11: MasterKey Key Entry ... OK
2015/01/24 15:31:11: PowerON Counter Key Entry ... OK
2015/01/24 15:31:12: Key Entry ... OK
2015/01/24 15:31:12: Complete.
2015/01/24 15:31:12: COM PORT CLOSE ... OK
2015/01/24 15:31:12: 
2015/01/24 15:31:12: ==== Processing was completed ====
2015/01/24 15:31:12: 
*************************************************


*********** Start the Initialize Key Check **********
2015/01/24 15:53:42: Tool Ver: 2013.0605.01
2015/01/24 15:53:42: COM PORT OPEN ... OK
2015/01/24 15:53:42:
2015/01/24 15:53:42: ProductS/N:  6A115101008
2015/01/24 15:53:42: TID: 86043817D2E52080
2015/01/24 15:53:42: F/W Version: 00.00.08
2015/01/24 15:53:42:
2015/01/24 15:53:42: MasterKey Key Entry ... OK
2015/01/24 15:53:42: PowerON Counter Key Entry ... OK
2015/01/24 15:53:43: Key Entry ... OK
2015/01/24 15:53:43: Complete.
2015/01/24 15:53:43: COM PORT CLOSE ... OK
2015/01/24 15:53:43: 
2015/01/24 15:53:43: ==== Processing was completed ====
2015/01/24 15:53:43: 
*************************************************


*********** Start the Initialize Key Check **********
2015/01/24 15:55:18: Tool Ver: 2013.0605.01
2015/01/24 15:55:18: COM PORT OPEN ... OK
2015/01/24 15:55:18:
2015/01/24 15:55:18: ProductS/N:  VRW06A115101006
2015/01/24 15:55:18: TID: 86042115D2E52080
2015/01/24 15:55:18: F/W Version: 00.00.08
2015/01/24 15:55:18:
2015/01/24 15:55:18: MasterKey Key Entry ... OK
2015/01/24 15:55:18: PowerON Counter Key Entry ... OK
2015/01/24 15:55:19: Key Entry ... OK
2015/01/24 15:55:19: Complete.
2015/01/24 15:55:19: COM PORT CLOSE ... OK
2015/01/24 15:55:19: 
2015/01/24 15:55:19: ==== Processing was completed ====
2015/01/24 15:55:19: 
*************************************************


*********** Start the Initialize Key Check **********
2015/01/24 15:57:09: Tool Ver: 2013.0605.01
2015/01/24 15:57:09: COM PORT OPEN ... OK
2015/01/24 15:57:09:
2015/01/24 15:57:09: ProductS/N:  VRW06A115100997
2015/01/24 15:57:09: TID: 8604191BD2E52080
2015/01/24 15:57:09: F/W Version: 00.00.08
2015/01/24 15:57:09:
2015/01/24 15:57:09: MasterKey Key Entry ... OK
2015/01/24 15:57:09: PowerON Counter Key Entry ... OK
2015/01/24 15:57:09: Key Entry ... OK
2015/01/24 15:57:09: Complete.
2015/01/24 15:57:09: COM PORT CLOSE ... OK
2015/01/24 15:57:09: 
2015/01/24 15:57:09: ==== Processing was completed ====
2015/01/24 15:57:09: 
*************************************************


*********** Start the Initialize Key Check **********
2015/01/24 16:10:23: Tool Ver: 2013.0605.01
2015/01/24 16:10:23: COM PORT OPEN ... OK
2015/01/24 16:10:23:
2015/01/24 16:10:23: ProductS/N:  VRW06A115101013
2015/01/24 16:10:23: TID: 8604162222E62080
2015/01/24 16:10:23: F/W Version: 00.00.08
2015/01/24 16:10:23:
2015/01/24 16:10:23: MasterKey Key Entry ... OK
2015/01/24 16:10:23: PowerON Counter Key Entry ... OK
2015/01/24 16:10:24: Key Entry ... OK
2015/01/24 16:10:24: Complete.
2015/01/24 16:10:24: COM PORT CLOSE ... OK
2015/01/24 16:10:24: 
2015/01/24 16:10:24: ==== Processing was completed ====
2015/01/24 16:10:24: 
*************************************************


*********** Start the Initialize Key Check **********
2015/01/24 16:11:00: Tool Ver: 2013.0605.01
2015/01/24 16:11:00: COM PORT OPEN ... OK
2015/01/24 16:11:00:
2015/01/24 16:11:00: ProductS/N:  VRW06A115101010
2015/01/24 16:11:00: TID: 86041B293AE62080
2015/01/24 16:11:00: F/W Version: 00.00.08
2015/01/24 16:11:00:
2015/01/24 16:11:00: MasterKey Key Entry ... OK
2015/01/24 16:11:00: PowerON Counter Key Entry ... OK
2015/01/24 16:11:01: Key Entry ... OK
2015/01/24 16:11:01: Complete.
2015/01/24 16:11:01: COM PORT CLOSE ... OK
2015/01/24 16:11:01: 
2015/01/24 16:11:01: ==== Processing was completed ====
2015/01/24 16:11:01: 
*************************************************


*********** Start the Initialize Key Check **********
2015/01/24 16:11:48: Tool Ver: 2013.0605.01
2015/01/24 16:11:48: COM PORT OPEN ... OK
2015/01/24 16:11:48:
2015/01/24 16:11:48: ProductS/N:  VRW06A115101011
2015/01/24 16:11:48: TID: 86040E293AE62080
2015/01/24 16:11:48: F/W Version: 00.00.08
2015/01/24 16:11:48:
2015/01/24 16:11:48: MasterKey Key Entry ... OK
2015/01/24 16:11:48: PowerON Counter Key Entry ... OK
2015/01/24 16:11:49: Key Entry ... OK
2015/01/24 16:11:49: Complete.
2015/01/24 16:11:49: COM PORT CLOSE ... OK
2015/01/24 16:11:49: 
2015/01/24 16:11:49: ==== Processing was completed ====
2015/01/24 16:11:49: 
*************************************************


*********** Start the Initialize Key Check **********
2015/01/24 16:13:52: Tool Ver: 2013.0605.01
2015/01/24 16:13:52: COM PORT OPEN ... OK
2015/01/24 16:13:52:
2015/01/24 16:13:52: ProductS/N:  VRW06A115101017
2015/01/24 16:13:52: TID: 86042B2B3AE62080
2015/01/24 16:13:52: F/W Version: 00.00.08
2015/01/24 16:13:52:
2015/01/24 16:13:52: MasterKey Key Entry ... OK
2015/01/24 16:13:52: PowerON Counter Key Entry ... OK
2015/01/24 16:13:53: Key Entry ... OK
2015/01/24 16:13:53: Complete.
2015/01/24 16:13:53: COM PORT CLOSE ... OK
2015/01/24 16:13:53: 
2015/01/24 16:13:53: ==== Processing was completed ====
2015/01/24 16:13:53: 
*************************************************


*********** Start the Initialize Key Check **********
2015/01/24 16:14:49: Tool Ver: 2013.0605.01
2015/01/24 16:14:49: COM PORT OPEN ... OK
2015/01/24 16:14:49:
2015/01/24 16:14:49: ProductS/N:  VRW06A115101009
2015/01/24 16:14:49: TID: 860427283AE62080
2015/01/24 16:14:49: F/W Version: 00.00.08
2015/01/24 16:14:49:
2015/01/24 16:14:49: MasterKey Key Entry ... OK
2015/01/24 16:14:49: PowerON Counter Key Entry ... OK
2015/01/24 16:14:50: Key Entry ... OK
2015/01/24 16:14:50: Complete.
2015/01/24 16:14:50: COM PORT CLOSE ... OK
2015/01/24 16:14:50: 
2015/01/24 16:14:50: ==== Processing was completed ====
2015/01/24 16:14:50: 
*************************************************


*********** Start the Initialize Key Check **********
2015/01/24 16:28:00: Tool Ver: 2013.0605.01
2015/01/24 16:28:00: COM PORT OPEN ... OK
2015/01/24 16:28:00:
2015/01/24 16:28:00: ProductS/N:  6A115101012
2015/01/24 16:28:00: TID: 8604340C32E62080
2015/01/24 16:28:00: F/W Version: 00.00.08
2015/01/24 16:28:00:
2015/01/24 16:28:00: MasterKey Key Entry ... OK
2015/01/24 16:28:00: PowerON Counter Key Entry ... OK
2015/01/24 16:28:01: Key Entry ... OK
2015/01/24 16:28:01: Complete.
2015/01/24 16:28:01: COM PORT CLOSE ... OK
2015/01/24 16:28:01: 
2015/01/24 16:28:01: ==== Processing was completed ====
2015/01/24 16:28:01: 
*************************************************


*********** Start the Initialize Key Check **********
2015/01/24 16:29:33: Tool Ver: 2013.0605.01
2015/01/24 16:29:33: COM PORT OPEN ... OK
2015/01/24 16:29:33:
2015/01/24 16:29:33: ProductS/N:  VRW06A115101020
2015/01/24 16:29:33: TID: 86043830CAE52080
2015/01/24 16:29:33: F/W Version: 00.00.08
2015/01/24 16:29:33:
2015/01/24 16:29:33: MasterKey Key Entry ... OK
2015/01/24 16:29:33: PowerON Counter Key Entry ... OK
2015/01/24 16:29:34: Key Entry ... OK
2015/01/24 16:29:34: Complete.
2015/01/24 16:29:34: COM PORT CLOSE ... OK
2015/01/24 16:29:34: 
2015/01/24 16:29:34: ==== Processing was completed ====
2015/01/24 16:29:34: 
*************************************************


*********** Start the Initialize Key Check **********
2015/01/24 16:31:29: Tool Ver: 2013.0605.01
2015/01/24 16:31:29: COM PORT OPEN ... OK
2015/01/24 16:31:30:
2015/01/24 16:31:30: ProductS/N:  VRW06A115101015
2015/01/24 16:31:30: TID: 86042E2622E62080
2015/01/24 16:31:30: F/W Version: 00.00.08
2015/01/24 16:31:30:
2015/01/24 16:31:30: MasterKey Key Entry ... OK
2015/01/24 16:31:30: PowerON Counter Key Entry ... OK
2015/01/24 16:31:30: Key Entry ... OK
2015/01/24 16:31:30: Complete.
2015/01/24 16:31:30: COM PORT CLOSE ... OK
2015/01/24 16:31:30: 
2015/01/24 16:31:30: ==== Processing was completed ====
2015/01/24 16:31:30: 
*************************************************


*********** Start the Initialize Key Check **********
2015/01/24 16:33:41: Tool Ver: 2013.0605.01
2015/01/24 16:33:41: COM PORT OPEN ... OK
2015/01/24 16:33:41:
2015/01/24 16:33:41: ProductS/N:  VRW06A115100998
2015/01/24 16:33:41: TID: 86041E283AE62080
2015/01/24 16:33:41: F/W Version: 00.00.08
2015/01/24 16:33:41:
2015/01/24 16:33:41: MasterKey Key Entry ... OK
2015/01/24 16:33:42: PowerON Counter Key Entry ... OK
2015/01/24 16:33:42: Key Entry ... OK
2015/01/24 16:33:42: Complete.
2015/01/24 16:33:42: COM PORT CLOSE ... OK
2015/01/24 16:33:42: 
2015/01/24 16:33:42: ==== Processing was completed ====
2015/01/24 16:33:42: 
*************************************************


*********** Start the Initialize Key Check **********
2015/01/24 16:36:57: Tool Ver: 2013.0605.01
2015/01/24 16:36:57: COM PORT OPEN ... OK
2015/01/24 16:36:57:
2015/01/24 16:36:57: ProductS/N:  VRW06A115101024
2015/01/24 16:36:57: TID: 8604222122E62080
2015/01/24 16:36:57: F/W Version: 00.00.08
2015/01/24 16:36:57:
2015/01/24 16:36:57: MasterKey Key Entry ... OK
2015/01/24 16:36:57: PowerON Counter Key Entry ... OK
2015/01/24 16:36:58: Key Entry ... OK
2015/01/24 16:36:58: Complete.
2015/01/24 16:36:58: COM PORT CLOSE ... OK
2015/01/24 16:36:58: 
2015/01/24 16:36:58: ==== Processing was completed ====
2015/01/24 16:36:58: 
*************************************************


*********** Start the Initialize Key Check **********
2015/01/24 16:38:16: Tool Ver: 2013.0605.01
2015/01/24 16:38:16: COM PORT OPEN ... OK
2015/01/24 16:38:16:
2015/01/24 16:38:16: ProductS/N:  VRW06A115101021
2015/01/24 16:38:16: TID: 860418283AE62080
2015/01/24 16:38:16: F/W Version: 00.00.08
2015/01/24 16:38:16:
2015/01/24 16:38:16: MasterKey Key Entry ... OK
2015/01/24 16:38:16: PowerON Counter Key Entry ... OK
2015/01/24 16:38:17: Key Entry ... OK
2015/01/24 16:38:17: Complete.
2015/01/24 16:38:17: COM PORT CLOSE ... OK
2015/01/24 16:38:17: 
2015/01/24 16:38:17: ==== Processing was completed ====
2015/01/24 16:38:17: 
*************************************************


*********** Start the Initialize Key Check **********
2015/01/24 16:39:42: Tool Ver: 2013.0605.01
2015/01/24 16:39:42: COM PORT OPEN ... OK
2015/01/24 16:39:43:
2015/01/24 16:39:43: ProductS/N:  VRW06A115101019
2015/01/24 16:39:43: TID: 8604212522E62080
2015/01/24 16:39:43: F/W Version: 00.00.08
2015/01/24 16:39:43:
2015/01/24 16:39:43: MasterKey Key Entry ... OK
2015/01/24 16:39:43: PowerON Counter Key Entry ... OK
2015/01/24 16:39:43: Key Entry ... OK
2015/01/24 16:39:43: Complete.
2015/01/24 16:39:43: COM PORT CLOSE ... OK
2015/01/24 16:39:43: 
2015/01/24 16:39:43: ==== Processing was completed ====
2015/01/24 16:39:43: 
*************************************************


*********** Start the Initialize Key Check **********
2015/01/24 16:41:06: Tool Ver: 2013.0605.01
2015/01/24 16:41:06: COM PORT OPEN ... OK
2015/01/24 16:41:07:
2015/01/24 16:41:07: ProductS/N:  VRW06A115100944
2015/01/24 16:41:07: TID: 8604190A32E62080
2015/01/24 16:41:07: F/W Version: 00.00.08
2015/01/24 16:41:07:
2015/01/24 16:41:07: MasterKey Key Entry ... OK
2015/01/24 16:41:07: PowerON Counter Key Entry ... OK
2015/01/24 16:41:07: Key Entry ... OK
2015/01/24 16:41:07: Complete.
2015/01/24 16:41:07: COM PORT CLOSE ... OK
2015/01/24 16:41:07: 
2015/01/24 16:41:07: ==== Processing was completed ====
2015/01/24 16:41:07: 
*************************************************


*********** Start the Initialize Key Check **********
2015/01/24 16:42:06: Tool Ver: 2013.0605.01
2015/01/24 16:42:06: COM PORT OPEN ... OK
2015/01/24 16:42:06:
2015/01/24 16:42:06: ProductS/N:  VRW06A115101016
2015/01/24 16:42:06: TID: 86040D173AE62080
2015/01/24 16:42:06: F/W Version: 00.00.08
2015/01/24 16:42:06:
2015/01/24 16:42:06: MasterKey Key Entry ... OK
2015/01/24 16:42:06: PowerON Counter Key Entry ... OK
2015/01/24 16:42:07: Key Entry ... OK
2015/01/24 16:42:07: Complete.
2015/01/24 16:42:07: COM PORT CLOSE ... OK
2015/01/24 16:42:07: 
2015/01/24 16:42:07: ==== Processing was completed ====
2015/01/24 16:42:07: 
*************************************************


*********** Start the Initialize Key Check **********
2015/01/24 16:43:35: Tool Ver: 2013.0605.01
2015/01/24 16:43:35: COM PORT OPEN ... OK
2015/01/24 16:43:35:
2015/01/24 16:43:35: ProductS/N:  VRW06A115101022
2015/01/24 16:43:35: TID: 8604232622E62080
2015/01/24 16:43:35: F/W Version: 00.00.08
2015/01/24 16:43:35:
2015/01/24 16:43:35: MasterKey Key Entry ... OK
2015/01/24 16:43:35: PowerON Counter Key Entry ... OK
2015/01/24 16:43:36: Key Entry ... OK
2015/01/24 16:43:36: Complete.
2015/01/24 16:43:36: COM PORT CLOSE ... OK
2015/01/24 16:43:36: 
2015/01/24 16:43:36: ==== Processing was completed ====
2015/01/24 16:43:36: 
*************************************************


*********** Start the Initialize Key Check **********
2015/01/24 16:44:42: Tool Ver: 2013.0605.01
2015/01/24 16:44:42: COM PORT OPEN ... OK
2015/01/24 16:44:42:
2015/01/24 16:44:42: ProductS/N:  VRW06A115101023
2015/01/24 16:44:42: TID: 860419173AE62080
2015/01/24 16:44:42: F/W Version: 00.00.08
2015/01/24 16:44:42:
2015/01/24 16:44:42: MasterKey Key Entry ... OK
2015/01/24 16:44:42: PowerON Counter Key Entry ... OK
2015/01/24 16:44:42: Key Entry ... OK
2015/01/24 16:44:42: Complete.
2015/01/24 16:44:42: COM PORT CLOSE ... OK
2015/01/24 16:44:42: 
2015/01/24 16:44:42: ==== Processing was completed ====
2015/01/24 16:44:42: 
*************************************************


*********** Start the Initialize Key Check **********
2015/01/24 16:45:58: Tool Ver: 2013.0605.01
2015/01/24 16:45:58: COM PORT OPEN ... OK
2015/01/24 16:45:58:
2015/01/24 16:45:58: ProductS/N:  VRW06A115101000
2015/01/24 16:45:58: TID: 86041732CAE52080
2015/01/24 16:45:58: F/W Version: 00.00.08
2015/01/24 16:45:58:
2015/01/24 16:45:58: MasterKey Key Entry ... OK
2015/01/24 16:45:58: PowerON Counter Key Entry ... OK
2015/01/24 16:45:59: Key Entry ... OK
2015/01/24 16:45:59: Complete.
2015/01/24 16:45:59: COM PORT CLOSE ... OK
2015/01/24 16:45:59: 
2015/01/24 16:45:59: ==== Processing was completed ====
2015/01/24 16:45:59: 
*************************************************


*********** Start the Initialize Key Check **********
2015/01/24 16:47:59: Tool Ver: 2013.0605.01
2015/01/24 16:47:59: COM PORT OPEN ... OK
2015/01/24 16:47:59:
2015/01/24 16:47:59: ProductS/N:  VRW06A115100882
2015/01/24 16:47:59: TID: 86040A32CAE52080
2015/01/24 16:47:59: F/W Version: 00.00.08
2015/01/24 16:47:59:
2015/01/24 16:47:59: MasterKey Key Entry ... OK
2015/01/24 16:47:59: PowerON Counter Key Entry ... OK
2015/01/24 16:48:00: Key Entry ... OK
2015/01/24 16:48:00: Complete.
2015/01/24 16:48:00: COM PORT CLOSE ... OK
2015/01/24 16:48:00: 
2015/01/24 16:48:00: ==== Processing was completed ====
2015/01/24 16:48:00: 
*************************************************


*********** Start the Initialize Key Check **********
2015/01/24 18:00:46: Tool Ver: 2013.0605.01
2015/01/24 18:00:46: Product S/N ... ERROR
2015/01/24 18:00:46: 
2015/01/24 18:00:46: ######## Error has occurred ########
2015/01/24 18:00:46: 
*************************************************


*********** Start the Initialize Key Check **********
2015/01/24 18:01:02: Tool Ver: 2013.0605.01
2015/01/24 18:01:02: COM PORT OPEN ... OK
2015/01/24 18:01:02:
2015/01/24 18:01:02: ProductS/N:  VRW06A115101018
2015/01/24 18:01:02: TID: 8604302E3AE62080
2015/01/24 18:01:02: F/W Version: 00.00.08
2015/01/24 18:01:02:
2015/01/24 18:01:02: MasterKey Key Entry ... OK
2015/01/24 18:01:02: PowerON Counter Key Entry ... OK
2015/01/24 18:01:03: Key Entry ... OK
2015/01/24 18:01:03: Complete.
2015/01/24 18:01:03: COM PORT CLOSE ... OK
2015/01/24 18:01:03: 
2015/01/24 18:01:03: ==== Processing was completed ====
2015/01/24 18:01:03: 
*************************************************


*********** Start the Initialize Key Check **********
2015/01/24 18:01:48: Tool Ver: 2013.0605.01
2015/01/24 18:01:48: COM PORT OPEN ... OK
2015/01/24 18:01:49:
2015/01/24 18:01:49: ProductS/N:  VRW06A115101026
2015/01/24 18:01:49: TID: 86044129CAE52080
2015/01/24 18:01:49: F/W Version: 00.00.08
2015/01/24 18:01:49:
2015/01/24 18:01:49: MasterKey Key Entry ... OK
2015/01/24 18:01:49: PowerON Counter Key Entry ... OK
2015/01/24 18:01:49: Key Entry ... OK
2015/01/24 18:01:49: Complete.
2015/01/24 18:01:49: COM PORT CLOSE ... OK
2015/01/24 18:01:49: 
2015/01/24 18:01:49: ==== Processing was completed ====
2015/01/24 18:01:49: 
*************************************************


*********** Start the Initialize Key Check **********
2015/01/24 18:02:30: Tool Ver: 2013.0605.01
2015/01/24 18:02:30: COM PORT OPEN ... OK
2015/01/24 18:02:30:
2015/01/24 18:02:30: ProductS/N:  VRW06A115101025
2015/01/24 18:02:30: TID: 8604432522E62080
2015/01/24 18:02:30: F/W Version: 00.00.08
2015/01/24 18:02:30:
2015/01/24 18:02:30: MasterKey Key Entry ... OK
2015/01/24 18:02:30: PowerON Counter Key Entry ... OK
2015/01/24 18:02:30: Key Entry ... OK
2015/01/24 18:02:30: Complete.
2015/01/24 18:02:30: COM PORT CLOSE ... OK
2015/01/24 18:02:30: 
2015/01/24 18:02:30: ==== Processing was completed ====
2015/01/24 18:02:30: 
*************************************************


*********** Start the Initialize Key Check **********
2015/01/24 18:23:21: Tool Ver: 2013.0605.01
2015/01/24 18:23:21: COM PORT OPEN ... OK
2015/01/24 18:23:21:
2015/01/24 18:23:21: ProductS/N:  VRW06A115101031
2015/01/24 18:23:21: TID: 86040C35CAE52080
2015/01/24 18:23:21: F/W Version: 00.00.08
2015/01/24 18:23:21:
2015/01/24 18:23:21: MasterKey Key Entry ... OK
2015/01/24 18:23:21: PowerON Counter Key Entry ... OK
2015/01/24 18:23:22: Key Entry ... OK
2015/01/24 18:23:22: Complete.
2015/01/24 18:23:22: COM PORT CLOSE ... OK
2015/01/24 18:23:22: 
2015/01/24 18:23:22: ==== Processing was completed ====
2015/01/24 18:23:22: 
*************************************************


*********** Start the Initialize Key Check **********
2015/01/24 18:25:02: Tool Ver: 2013.0605.01
2015/01/24 18:25:02: COM PORT OPEN ... OK
2015/01/24 18:25:02:
2015/01/24 18:25:02: ProductS/N:  VRW06A115100994
2015/01/24 18:25:03: TID: 86040833CAE52080
2015/01/24 18:25:03: F/W Version: 00.00.08
2015/01/24 18:25:03:
2015/01/24 18:25:03: MasterKey Key Entry ... OK
2015/01/24 18:25:03: PowerON Counter Key Entry ... OK
2015/01/24 18:25:03: Key Entry ... OK
2015/01/24 18:25:03: Complete.
2015/01/24 18:25:03: COM PORT CLOSE ... OK
2015/01/24 18:25:03: 
2015/01/24 18:25:03: ==== Processing was completed ====
2015/01/24 18:25:03: 
*************************************************


*********** Start the Initialize Key Check **********
2015/01/24 18:34:14: Tool Ver: 2013.0605.01
2015/01/24 18:34:14: COM PORT OPEN ... OK
2015/01/24 18:34:14:
2015/01/24 18:34:14: ProductS/N:  VRW06A115101034
2015/01/24 18:34:14: TID: 86041D2222E62080
2015/01/24 18:34:14: F/W Version: 00.00.08
2015/01/24 18:34:14:
2015/01/24 18:34:14: MasterKey Key Entry ... OK
2015/01/24 18:34:14: PowerON Counter Key Entry ... OK
2015/01/24 18:34:14: Key Entry ... OK
2015/01/24 18:34:14: Complete.
2015/01/24 18:34:14: COM PORT CLOSE ... OK
2015/01/24 18:34:14: 
2015/01/24 18:34:14: ==== Processing was completed ====
2015/01/24 18:34:14: 
*************************************************


*********** Start the Initialize Key Check **********
2015/01/24 18:38:39: Tool Ver: 2013.0605.01
2015/01/24 18:38:39: COM PORT OPEN ... OK
2015/01/24 18:38:39:
2015/01/24 18:38:39: ProductS/N:  VRW06A115101033
2015/01/24 18:38:39: TID: 8604202FCAE52080
2015/01/24 18:38:39: F/W Version: 00.00.08
2015/01/24 18:38:39:
2015/01/24 18:38:39: MasterKey Key Entry ... OK
2015/01/24 18:38:39: PowerON Counter Key Entry ... OK
2015/01/24 18:38:39: Key Entry ... OK
2015/01/24 18:38:39: Complete.
2015/01/24 18:38:39: COM PORT CLOSE ... OK
2015/01/24 18:38:39: 
2015/01/24 18:38:39: ==== Processing was completed ====
2015/01/24 18:38:39: 
*************************************************


*********** Start the Initialize Key Check **********
2015/01/24 18:39:20: Tool Ver: 2013.0605.01
2015/01/24 18:39:20: COM PORT OPEN ... OK
2015/01/24 18:39:20:
2015/01/24 18:39:20: ProductS/N:  VRW06A115101030
2015/01/24 18:39:21: TID: 8604330932E62080
2015/01/24 18:39:21: F/W Version: 00.00.08
2015/01/24 18:39:21:
2015/01/24 18:39:21: MasterKey Key Entry ... OK
2015/01/24 18:39:21: PowerON Counter Key Entry ... OK
2015/01/24 18:39:21: Key Entry ... OK
2015/01/24 18:39:21: Complete.
2015/01/24 18:39:21: COM PORT CLOSE ... OK
2015/01/24 18:39:21: 
2015/01/24 18:39:21: ==== Processing was completed ====
2015/01/24 18:39:21: 
*************************************************


*********** Start the Initialize Key Check **********
2015/01/24 18:41:41: Tool Ver: 2013.0605.01
2015/01/24 18:41:41: COM PORT OPEN ... OK
2015/01/24 18:41:41:
2015/01/24 18:41:41: ProductS/N:  VRW06A115101036
2015/01/24 18:41:41: TID: 8604311F22E62080
2015/01/24 18:41:41: F/W Version: 00.00.08
2015/01/24 18:41:41:
2015/01/24 18:41:41: MasterKey Key Entry ... OK
2015/01/24 18:41:41: PowerON Counter Key Entry ... OK
2015/01/24 18:41:42: Key Entry ... OK
2015/01/24 18:41:42: Complete.
2015/01/24 18:41:42: COM PORT CLOSE ... OK
2015/01/24 18:41:42: 
2015/01/24 18:41:42: ==== Processing was completed ====
2015/01/24 18:41:42: 
*************************************************


*********** Start the Initialize Key Check **********
2015/01/24 18:43:18: Tool Ver: 2013.0605.01
2015/01/24 18:43:18: COM PORT OPEN ... OK
2015/01/24 18:43:19:
2015/01/24 18:43:19: ProductS/N:  VRW06A115101032
2015/01/24 18:43:19: TID: 8604192522E62080
2015/01/24 18:43:19: F/W Version: 00.00.08
2015/01/24 18:43:19:
2015/01/24 18:43:19: MasterKey Key Entry ... OK
2015/01/24 18:43:19: PowerON Counter Key Entry ... OK
2015/01/24 18:43:19: Key Entry ... OK
2015/01/24 18:43:19: Complete.
2015/01/24 18:43:19: COM PORT CLOSE ... OK
2015/01/24 18:43:19: 
2015/01/24 18:43:19: ==== Processing was completed ====
2015/01/24 18:43:19: 
*************************************************


*********** Start the Initialize Key Check **********
2015/01/24 18:47:06: Tool Ver: 2013.0605.01
2015/01/24 18:47:06: COM PORT OPEN ... OK
2015/01/24 18:47:06:
2015/01/24 18:47:06: ProductS/N:  VRW06A115101038
2015/01/24 18:47:07: TID: 8604202522E62080
2015/01/24 18:47:07: F/W Version: 00.00.08
2015/01/24 18:47:07:
2015/01/24 18:47:07: MasterKey Key Entry ... OK
2015/01/24 18:47:07: PowerON Counter Key Entry ... OK
2015/01/24 18:47:07: Key Entry ... OK
2015/01/24 18:47:07: Complete.
2015/01/24 18:47:07: COM PORT CLOSE ... OK
2015/01/24 18:47:07: 
2015/01/24 18:47:07: ==== Processing was completed ====
2015/01/24 18:47:07: 
*************************************************


*********** Start the Initialize Key Check **********
2015/01/24 18:49:50: Tool Ver: 2013.0605.01
2015/01/24 18:49:50: COM PORT OPEN ... OK
2015/01/24 18:49:50:
2015/01/24 18:49:50: ProductS/N:  VRW06A115101035
2015/01/24 18:49:50: TID: 8604142522E62080
2015/01/24 18:49:50: F/W Version: 00.00.08
2015/01/24 18:49:50:
2015/01/24 18:49:50: MasterKey Key Entry ... OK
2015/01/24 18:49:50: PowerON Counter Key Entry ... OK
2015/01/24 18:49:51: Key Entry ... OK
2015/01/24 18:49:51: Complete.
2015/01/24 18:49:51: COM PORT CLOSE ... OK
2015/01/24 18:49:51: 
2015/01/24 18:49:51: ==== Processing was completed ====
2015/01/24 18:49:51: 
*************************************************


*********** Start the Initialize Key Check **********
2015/01/24 18:54:38: Tool Ver: 2013.0605.01
2015/01/24 18:54:38: COM PORT OPEN ... OK
2015/01/24 18:54:38:
2015/01/24 18:54:38: ProductS/N:  VRW06A115101028
2015/01/24 18:54:38: TID: 8604232222E62080
2015/01/24 18:54:38: F/W Version: 00.00.08
2015/01/24 18:54:38:
2015/01/24 18:54:38: MasterKey Key Entry ... OK
2015/01/24 18:54:39: PowerON Counter Key Entry ... OK
2015/01/24 18:54:39: Key Entry ... OK
2015/01/24 18:54:39: Complete.
2015/01/24 18:54:39: COM PORT CLOSE ... OK
2015/01/24 18:54:39: 
2015/01/24 18:54:39: ==== Processing was completed ====
2015/01/24 18:54:39: 
*************************************************


*********** Start the Initialize Key Check **********
2015/01/24 18:56:17: Tool Ver: 2013.0605.01
2015/01/24 18:56:17: COM PORT OPEN ... OK
2015/01/24 18:56:17:
2015/01/24 18:56:17: ProductS/N:  VRW06A115101040
2015/01/24 18:56:17: TID: 8604392322E62080
2015/01/24 18:56:17: F/W Version: 00.00.08
2015/01/24 18:56:17:
2015/01/24 18:56:17: MasterKey Key Entry ... OK
2015/01/24 18:56:17: PowerON Counter Key Entry ... OK
2015/01/24 18:56:18: Key Entry ... OK
2015/01/24 18:56:18: Complete.
2015/01/24 18:56:18: COM PORT CLOSE ... OK
2015/01/24 18:56:18: 
2015/01/24 18:56:18: ==== Processing was completed ====
2015/01/24 18:56:18: 
*************************************************


*********** Start the Initialize Key Check **********
2015/01/24 19:07:30: Tool Ver: 2013.0605.01
2015/01/24 19:07:30: COM PORT OPEN ... OK
2015/01/24 19:07:30:
2015/01/24 19:07:30: ProductS/N:  06A115101041
2015/01/24 19:07:30: TID: 86042F32CAE52080
2015/01/24 19:07:30: F/W Version: 00.00.08
2015/01/24 19:07:30:
2015/01/24 19:07:30: MasterKey Key Entry ... OK
2015/01/24 19:07:30: PowerON Counter Key Entry ... OK
2015/01/24 19:07:31: Key Entry ... OK
2015/01/24 19:07:31: Complete.
2015/01/24 19:07:31: COM PORT CLOSE ... OK
2015/01/24 19:07:31: 
2015/01/24 19:07:31: ==== Processing was completed ====
2015/01/24 19:07:31: 
*************************************************


*********** Start the Initialize Key Check **********
2015/01/24 19:20:44: Tool Ver: 2013.0605.01
2015/01/24 19:20:44: COM PORT OPEN ... OK
2015/01/24 19:20:44:
2015/01/24 19:20:44: ProductS/N:  06A115101043
2015/01/24 19:20:44: TID: 86040F1AD2E52080
2015/01/24 19:20:44: F/W Version: 00.00.08
2015/01/24 19:20:44:
2015/01/24 19:20:44: MasterKey Key Entry ... OK
2015/01/24 19:20:44: PowerON Counter Key Entry ... OK
2015/01/24 19:20:45: Key Entry ... OK
2015/01/24 19:20:45: Complete.
2015/01/24 19:20:45: COM PORT CLOSE ... OK
2015/01/24 19:20:45: 
2015/01/24 19:20:45: ==== Processing was completed ====
2015/01/24 19:20:45: 
*************************************************


*********** Start the Initialize Key Check **********
2015/01/24 19:24:30: Tool Ver: 2013.0605.01
2015/01/24 19:24:30: COM PORT OPEN ... OK
2015/01/24 19:24:30:
2015/01/24 19:24:30: ProductS/N:  VRW06A115101039
2015/01/24 19:24:30: TID: 86042A11D2E52080
2015/01/24 19:24:30: F/W Version: 00.00.08
2015/01/24 19:24:30:
2015/01/24 19:24:30: MasterKey Key Entry ... OK
2015/01/24 19:24:30: PowerON Counter Key Entry ... OK
2015/01/24 19:24:30: Key Entry ... OK
2015/01/24 19:24:30: Complete.
2015/01/24 19:24:30: COM PORT CLOSE ... OK
2015/01/24 19:24:30: 
2015/01/24 19:24:30: ==== Processing was completed ====
2015/01/24 19:24:30: 
*************************************************


*********** Start the Initialize Key Check **********
2015/01/24 19:25:30: Tool Ver: 2013.0605.01
2015/01/24 19:25:30: COM PORT OPEN ... OK
2015/01/24 19:25:30:
2015/01/24 19:25:30: ProductS/N:  VRW06A115101042
2015/01/24 19:25:30: TID: 8604432222E62080
2015/01/24 19:25:30: F/W Version: 00.00.08
2015/01/24 19:25:30:
2015/01/24 19:25:30: MasterKey Key Entry ... OK
2015/01/24 19:25:30: PowerON Counter Key Entry ... OK
2015/01/24 19:25:30: Key Entry ... OK
2015/01/24 19:25:30: Complete.
2015/01/24 19:25:30: COM PORT CLOSE ... OK
2015/01/24 19:25:30: 
2015/01/24 19:25:30: ==== Processing was completed ====
2015/01/24 19:25:30: 
*************************************************


*********** Start the Initialize Key Check **********
2015/01/24 19:30:44: Tool Ver: 2013.0605.01
2015/01/24 19:30:44: Product S/N ... ERROR
2015/01/24 19:30:44: 
2015/01/24 19:30:44: ######## Error has occurred ########
2015/01/24 19:30:44: 
*************************************************


*********** Start the Initialize Key Check **********
2015/01/24 19:31:02: Tool Ver: 2013.0605.01
2015/01/24 19:31:02: COM PORT OPEN ... OK
2015/01/24 19:31:02:
2015/01/24 19:31:02: ProductS/N:  VRW06A115101049
2015/01/24 19:31:02: TID: 86041F143AE62080
2015/01/24 19:31:02: F/W Version: 00.00.08
2015/01/24 19:31:02:
2015/01/24 19:31:03: MasterKey Key Entry ... OK
2015/01/24 19:31:03: PowerON Counter Key Entry ... OK
2015/01/24 19:31:03: Key Entry ... OK
2015/01/24 19:31:03: Complete.
2015/01/24 19:31:03: COM PORT CLOSE ... OK
2015/01/24 19:31:03: 
2015/01/24 19:31:03: ==== Processing was completed ====
2015/01/24 19:31:03: 
*************************************************


