*********** Start the Initialize Key Check **********
2015/04/10 09:04:10: Tool Ver: 2013.0605.01
2015/04/10 09:04:10: COM PORT OPEN ... OK
2015/04/10 09:04:10:
2015/04/10 09:04:10: ProductS/N:  5400049
2015/04/10 09:04:10: TID: 860430105A842D80
2015/04/10 09:04:10: F/W Version: 00.00.08
2015/04/10 09:04:10:
2015/04/10 09:04:10: MasterKey Key Entry ... OK
2015/04/10 09:04:10: PowerON Counter Key Entry ... OK
2015/04/10 09:04:10: Key Entry ... OK
2015/04/10 09:04:10: Complete.
2015/04/10 09:04:10: COM PORT CLOSE ... OK
2015/04/10 09:04:10: 
2015/04/10 09:04:10: ==== Processing was completed ====
2015/04/10 09:04:10: 
*************************************************


*********** Start the Initialize Key Check **********
2015/04/10 09:09:10: Tool Ver: 2013.0605.01
2015/04/10 09:09:10: COM PORT OPEN ... OK
2015/04/10 09:09:10:
2015/04/10 09:09:10: ProductS/N:  5400090
2015/04/10 09:09:10: TID: 860429175A842D80
2015/04/10 09:09:10: F/W Version: 00.00.08
2015/04/10 09:09:10:
2015/04/10 09:09:10: MasterKey Key Entry ... OK
2015/04/10 09:09:10: PowerON Counter Key Entry ... OK
2015/04/10 09:09:10: Key Entry ... OK
2015/04/10 09:09:10: Complete.
2015/04/10 09:09:10: COM PORT CLOSE ... OK
2015/04/10 09:09:11: 
2015/04/10 09:09:11: ==== Processing was completed ====
2015/04/10 09:09:11: 
*************************************************


*********** Start the Initialize Key Check **********
2015/04/10 09:19:33: Tool Ver: 2013.0605.01
2015/04/10 09:19:33: COM PORT OPEN ... OK
2015/04/10 09:19:33:
2015/04/10 09:19:33: ProductS/N:  5400021
2015/04/10 09:19:33: TID: 860415386A842D80
2015/04/10 09:19:33: F/W Version: 00.00.08
2015/04/10 09:19:33:
2015/04/10 09:19:33: MasterKey Key Entry ... OK
2015/04/10 09:19:33: PowerON Counter Key Entry ... OK
2015/04/10 09:19:34: Key Entry ... OK
2015/04/10 09:19:34: Complete.
2015/04/10 09:19:34: COM PORT CLOSE ... OK
2015/04/10 09:19:34: 
2015/04/10 09:19:34: ==== Processing was completed ====
2015/04/10 09:19:34: 
*************************************************


*********** Start the Initialize Key Check **********
2015/04/10 09:19:53: Tool Ver: 2013.0605.01
2015/04/10 09:19:53: COM PORT OPEN ... OK
2015/04/10 09:19:53:
2015/04/10 09:19:53: ProductS/N:  5400085
2015/04/10 09:19:54: TID: 86040E2572842D80
2015/04/10 09:19:54: F/W Version: 00.00.08
2015/04/10 09:19:54:
2015/04/10 09:19:54: MasterKey Key Entry ... OK
2015/04/10 09:19:54: PowerON Counter Key Entry ... OK
2015/04/10 09:19:54: Key Entry ... OK
2015/04/10 09:19:54: Complete.
2015/04/10 09:19:54: COM PORT CLOSE ... OK
2015/04/10 09:19:54: 
2015/04/10 09:19:54: ==== Processing was completed ====
2015/04/10 09:19:54: 
*************************************************


*********** Start the Initialize Key Check **********
2015/04/10 09:27:37: Tool Ver: 2013.0605.01
2015/04/10 09:27:37: COM PORT OPEN ... OK
2015/04/10 09:27:37:
2015/04/10 09:27:37: ProductS/N:  5400152
2015/04/10 09:27:37: TID: 860437325A842D80
2015/04/10 09:27:37: F/W Version: 00.00.08
2015/04/10 09:27:37:
2015/04/10 09:27:37: MasterKey Key Entry ... OK
2015/04/10 09:27:37: PowerON Counter Key Entry ... OK
2015/04/10 09:27:38: Key Entry ... OK
2015/04/10 09:27:38: Complete.
2015/04/10 09:27:38: COM PORT CLOSE ... OK
2015/04/10 09:27:38: 
2015/04/10 09:27:38: ==== Processing was completed ====
2015/04/10 09:27:38: 
*************************************************


*********** Start the Initialize Key Check **********
2015/04/10 09:35:48: Tool Ver: 2013.0605.01
2015/04/10 09:35:48: COM PORT OPEN ... OK
*********** Start the Initialize Key Check **********
2015/04/10 09:36:07: Tool Ver: 2013.0605.01
2015/04/10 09:36:07: COM PORT OPEN ... OK
2015/04/10 09:36:07:
2015/04/10 09:36:07: ProductS/N:  5400092
2015/04/10 09:36:07: TID: 8604323F5A842D80
2015/04/10 09:36:07: F/W Version: 00.00.08
2015/04/10 09:36:07:
2015/04/10 09:36:07: MasterKey Key Entry ... OK
2015/04/10 09:36:07: PowerON Counter Key Entry ... OK
2015/04/10 09:36:07: Key Entry ... OK
2015/04/10 09:36:07: Complete.
2015/04/10 09:36:07: COM PORT CLOSE ... OK
2015/04/10 09:36:07: 
2015/04/10 09:36:07: ==== Processing was completed ====
2015/04/10 09:36:07: 
*************************************************


*********** Start the Initialize Key Check **********
2015/04/10 09:38:12: Tool Ver: 2013.0605.01
2015/04/10 09:38:12: COM PORT OPEN ... OK
2015/04/10 09:38:12:
2015/04/10 09:38:12: ProductS/N:  5400122
2015/04/10 09:38:12: TID: 86042B3A5A842D80
2015/04/10 09:38:12: F/W Version: 00.00.08
2015/04/10 09:38:12:
2015/04/10 09:38:13: MasterKey Key Entry ... OK
2015/04/10 09:38:13: PowerON Counter Key Entry ... OK
2015/04/10 09:38:13: Key Entry ... OK
2015/04/10 09:38:13: Complete.
2015/04/10 09:38:13: COM PORT CLOSE ... OK
2015/04/10 09:38:13: 
2015/04/10 09:38:13: ==== Processing was completed ====
2015/04/10 09:38:13: 
*************************************************


*********** Start the Initialize Key Check **********
2015/04/10 10:08:22: Tool Ver: 2013.0605.01
2015/04/10 10:08:22: COM PORT OPEN ... OK
2015/04/10 10:08:22:
2015/04/10 10:08:22: ProductS/N:  5400013
2015/04/10 10:08:22: TID: 860433225A842D80
2015/04/10 10:08:22: F/W Version: 00.00.08
2015/04/10 10:08:22:
2015/04/10 10:08:22: MasterKey Key Entry ... OK
2015/04/10 10:08:22: PowerON Counter Key Entry ... OK
2015/04/10 10:08:23: Key Entry ... OK
2015/04/10 10:08:23: Complete.
2015/04/10 10:08:23: COM PORT CLOSE ... OK
2015/04/10 10:08:23: 
2015/04/10 10:08:23: ==== Processing was completed ====
2015/04/10 10:08:23: 
*************************************************


*********** Start the Initialize Key Check **********
2015/04/10 10:14:23: Tool Ver: 2013.0605.01
2015/04/10 10:14:23: COM PORT OPEN ... OK
2015/04/10 10:14:23:
2015/04/10 10:14:23: ProductS/N:  5400122
2015/04/10 10:14:23: TID: 86042B3A5A842D80
2015/04/10 10:14:23: F/W Version: 00.00.08
2015/04/10 10:14:23:
2015/04/10 10:14:23: MasterKey Key Entry ... OK
2015/04/10 10:14:23: PowerON Counter Key Entry ... OK
2015/04/10 10:14:23: Key Entry ... OK
2015/04/10 10:14:23: Complete.
2015/04/10 10:14:23: COM PORT CLOSE ... OK
2015/04/10 10:14:23: 
2015/04/10 10:14:23: ==== Processing was completed ====
2015/04/10 10:14:23: 
*************************************************


*********** Start the Initialize Key Check **********
2015/04/10 10:21:21: Tool Ver: 2013.0605.01
2015/04/10 10:21:21: COM PORT OPEN ... OK
2015/04/10 10:21:21:
2015/04/10 10:21:21: ProductS/N:  5400016
2015/04/10 10:21:21: TID: 860433375A842D80
2015/04/10 10:21:21: F/W Version: 00.00.08
2015/04/10 10:21:21:
2015/04/10 10:21:21: MasterKey Key Entry ... OK
2015/04/10 10:21:21: PowerON Counter Key Entry ... OK
2015/04/10 10:21:21: Key Entry ... OK
2015/04/10 10:21:21: Complete.
2015/04/10 10:21:21: COM PORT CLOSE ... OK
2015/04/10 10:21:21: 
2015/04/10 10:21:21: ==== Processing was completed ====
2015/04/10 10:21:21: 
*************************************************


*********** Start the Initialize Key Check **********
2015/04/10 10:28:04: Tool Ver: 2013.0605.01
2015/04/10 10:28:04: COM PORT OPEN ... OK
2015/04/10 10:28:04:
2015/04/10 10:28:04: ProductS/N:  5400055
2015/04/10 10:28:04: TID: 86042F1F5A842D80
2015/04/10 10:28:04: F/W Version: 00.00.08
2015/04/10 10:28:04:
2015/04/10 10:28:04: MasterKey Key Entry ... OK
2015/04/10 10:28:04: PowerON Counter Key Entry ... OK
2015/04/10 10:28:05: Key Entry ... OK
2015/04/10 10:28:05: Complete.
2015/04/10 10:28:05: COM PORT CLOSE ... OK
2015/04/10 10:28:05: 
2015/04/10 10:28:05: ==== Processing was completed ====
2015/04/10 10:28:05: 
*************************************************


*********** Start the Initialize Key Check **********
2015/04/10 10:33:39: Tool Ver: 2013.0605.01
2015/04/10 10:33:39: COM PORT OPEN ... OK
2015/04/10 10:33:39:
2015/04/10 10:33:39: ProductS/N:  5400057
2015/04/10 10:33:39: TID: 86041F3562842D80
2015/04/10 10:33:39: F/W Version: 00.00.08
2015/04/10 10:33:39:
2015/04/10 10:33:39: MasterKey Key Entry ... OK
2015/04/10 10:33:39: PowerON Counter Key Entry ... OK
2015/04/10 10:33:39: Key Entry ... OK
2015/04/10 10:33:39: Complete.
2015/04/10 10:33:39: COM PORT CLOSE ... OK
2015/04/10 10:33:39: 
2015/04/10 10:33:39: ==== Processing was completed ====
2015/04/10 10:33:39: 
*************************************************


*********** Start the Initialize Key Check **********
2015/04/10 10:45:42: Tool Ver: 2013.0605.01
2015/04/10 10:45:42: COM PORT OPEN ... OK
2015/04/10 10:45:42:
2015/04/10 10:45:42: ProductS/N:  5400065
2015/04/10 10:45:42: TID: 86040B386A842D80
2015/04/10 10:45:42: F/W Version: 00.00.08
2015/04/10 10:45:42:
2015/04/10 10:45:42: MasterKey Key Entry ... OK
2015/04/10 10:45:42: PowerON Counter Key Entry ... OK
2015/04/10 10:45:42: Key Entry ... OK
2015/04/10 10:45:42: Complete.
2015/04/10 10:45:42: COM PORT CLOSE ... OK
2015/04/10 10:45:42: 
2015/04/10 10:45:42: ==== Processing was completed ====
2015/04/10 10:45:42: 
*************************************************


*********** Start the Initialize Key Check **********
2015/04/10 11:00:35: Tool Ver: 2013.0605.01
2015/04/10 11:00:35: COM PORT OPEN ... OK
2015/04/10 11:00:35:
2015/04/10 11:00:35: ProductS/N:  5400056
2015/04/10 11:00:35: TID: 8604081E6A842D80
2015/04/10 11:00:35: F/W Version: 00.00.08
2015/04/10 11:00:35:
2015/04/10 11:00:35: MasterKey Key Entry ... OK
2015/04/10 11:00:35: PowerON Counter Key Entry ... OK
2015/04/10 11:00:35: Key Entry ... OK
2015/04/10 11:00:35: Complete.
2015/04/10 11:00:35: COM PORT CLOSE ... OK
2015/04/10 11:00:35: 
2015/04/10 11:00:35: ==== Processing was completed ====
2015/04/10 11:00:35: 
*************************************************


*********** Start the Initialize Key Check **********
2015/04/10 11:04:32: Tool Ver: 2013.0605.01
2015/04/10 11:04:32: COM PORT OPEN ... OK
2015/04/10 11:04:32:
2015/04/10 11:04:32: ProductS/N:  5400037
2015/04/10 11:04:32: TID: 860438256A842D80
2015/04/10 11:04:32: F/W Version: 00.00.08
2015/04/10 11:04:32:
2015/04/10 11:04:32: MasterKey Key Entry ... OK
2015/04/10 11:04:32: PowerON Counter Key Entry ... OK
2015/04/10 11:04:33: Key Entry ... OK
2015/04/10 11:04:33: Complete.
2015/04/10 11:04:33: COM PORT CLOSE ... OK
2015/04/10 11:04:33: 
2015/04/10 11:04:33: ==== Processing was completed ====
2015/04/10 11:04:33: 
*************************************************


*********** Start the Initialize Key Check **********
2015/04/10 11:11:16: Tool Ver: 2013.0605.01
2015/04/10 11:11:16: COM PORT OPEN ... OK
2015/04/10 11:11:16:
2015/04/10 11:11:16: ProductS/N:  5400042
2015/04/10 11:11:16: TID: 8604253862842D80
2015/04/10 11:11:16: F/W Version: 00.00.08
2015/04/10 11:11:16:
2015/04/10 11:11:16: MasterKey Key Entry ... OK
2015/04/10 11:11:16: PowerON Counter Key Entry ... OK
2015/04/10 11:11:16: Key Entry ... OK
2015/04/10 11:11:16: Complete.
2015/04/10 11:11:16: COM PORT CLOSE ... OK
2015/04/10 11:11:16: 
2015/04/10 11:11:16: ==== Processing was completed ====
2015/04/10 11:11:16: 
*************************************************


*********** Start the Initialize Key Check **********
2015/04/10 11:23:43: Tool Ver: 2013.0605.01
2015/04/10 11:23:43: COM PORT OPEN ... OK
2015/04/10 11:23:43:
2015/04/10 11:23:43: ProductS/N:  5400011
2015/04/10 11:23:43: TID: 8604411E62842D80
2015/04/10 11:23:43: F/W Version: 00.00.08
2015/04/10 11:23:43:
2015/04/10 11:23:43: MasterKey Key Entry ... OK
2015/04/10 11:23:43: PowerON Counter Key Entry ... OK
2015/04/10 11:23:43: Key Entry ... OK
2015/04/10 11:23:43: Complete.
2015/04/10 11:23:43: COM PORT CLOSE ... OK
2015/04/10 11:23:43: 
2015/04/10 11:23:43: ==== Processing was completed ====
2015/04/10 11:23:43: 
*************************************************


*********** Start the Initialize Key Check **********
2015/04/10 11:30:34: Tool Ver: 2013.0605.01
2015/04/10 11:30:34: COM PORT OPEN ... OK
2015/04/10 11:30:34:
2015/04/10 11:30:34: ProductS/N:  5400095
2015/04/10 11:30:34: TID: 860435175A842D80
2015/04/10 11:30:34: F/W Version: 00.00.08
2015/04/10 11:30:34:
2015/04/10 11:30:34: MasterKey Key Entry ... OK
2015/04/10 11:30:34: PowerON Counter Key Entry ... OK
2015/04/10 11:30:35: Key Entry ... OK
2015/04/10 11:30:35: Complete.
2015/04/10 11:30:35: COM PORT CLOSE ... OK
2015/04/10 11:30:35: 
2015/04/10 11:30:35: ==== Processing was completed ====
2015/04/10 11:30:35: 
*************************************************


*********** Start the Initialize Key Check **********
2015/04/10 11:53:48: Tool Ver: 2013.0605.01
2015/04/10 11:53:48: COM PORT OPEN ... OK
2015/04/10 11:53:48:
2015/04/10 11:53:48: ProductS/N:  5400066
2015/04/10 11:53:48: TID: 8604382B6A842D80
2015/04/10 11:53:48: F/W Version: 00.00.08
2015/04/10 11:53:48:
2015/04/10 11:53:48: MasterKey Key Entry ... OK
2015/04/10 11:53:48: PowerON Counter Key Entry ... OK
2015/04/10 11:53:48: Key Entry ... OK
2015/04/10 11:53:48: Complete.
2015/04/10 11:53:48: COM PORT CLOSE ... OK
2015/04/10 11:53:48: 
2015/04/10 11:53:48: ==== Processing was completed ====
2015/04/10 11:53:48: 
*************************************************


*********** Start the Initialize Key Check **********
2015/04/10 11:55:29: Tool Ver: 2013.0605.01
2015/04/10 11:55:29: COM PORT OPEN ... OK
2015/04/10 11:55:30:
2015/04/10 11:55:30: ProductS/N:  5400159
2015/04/10 11:55:30: TID: 860427285A842D80
2015/04/10 11:55:30: F/W Version: 00.00.08
2015/04/10 11:55:30:
2015/04/10 11:55:30: MasterKey Key Entry ... OK
2015/04/10 11:55:30: PowerON Counter Key Entry ... OK
2015/04/10 11:55:30: Key Entry ... OK
2015/04/10 11:55:30: Complete.
2015/04/10 11:55:30: COM PORT CLOSE ... OK
2015/04/10 11:55:30: 
2015/04/10 11:55:30: ==== Processing was completed ====
2015/04/10 11:55:30: 
*************************************************


*********** Start the Initialize Key Check **********
2015/04/10 11:56:51: Tool Ver: 2013.0605.01
2015/04/10 11:56:51: COM PORT OPEN ... OK
2015/04/10 11:56:51:
2015/04/10 11:56:51: ProductS/N:  5400048
2015/04/10 11:56:51: TID: 8604313F62842D80
2015/04/10 11:56:51: F/W Version: 00.00.08
2015/04/10 11:56:51:
2015/04/10 11:56:51: MasterKey Key Entry ... OK
2015/04/10 11:56:51: PowerON Counter Key Entry ... OK
2015/04/10 11:56:52: Key Entry ... OK
2015/04/10 11:56:52: Complete.
2015/04/10 11:56:52: COM PORT CLOSE ... OK
2015/04/10 11:56:52: 
2015/04/10 11:56:52: ==== Processing was completed ====
2015/04/10 11:56:52: 
*************************************************


*********** Start the Initialize Key Check **********
2015/04/10 11:59:41: Tool Ver: 2013.0605.01
2015/04/10 11:59:41: COM PORT OPEN ... OK
2015/04/10 11:59:41:
2015/04/10 11:59:41: ProductS/N:  5400079
2015/04/10 11:59:41: TID: 8604182F62842D80
2015/04/10 11:59:41: F/W Version: 00.00.08
2015/04/10 11:59:41:
2015/04/10 11:59:41: MasterKey Key Entry ... OK
2015/04/10 11:59:41: PowerON Counter Key Entry ... OK
2015/04/10 11:59:42: Key Entry ... OK
2015/04/10 11:59:42: Complete.
2015/04/10 11:59:42: COM PORT CLOSE ... OK
2015/04/10 11:59:42: 
2015/04/10 11:59:42: ==== Processing was completed ====
2015/04/10 11:59:42: 
*************************************************


*********** Start the Initialize Key Check **********
2015/04/10 13:32:03: Tool Ver: 2013.0605.01
2015/04/10 13:32:03: COM PORT OPEN ... OK
2015/04/10 13:32:03:
2015/04/10 13:32:03: ProductS/N:  5400019
2015/04/10 13:32:03: TID: 86041F0762842D80
2015/04/10 13:32:03: F/W Version: 00.00.08
2015/04/10 13:32:03:
2015/04/10 13:32:03: MasterKey Key Entry ... OK
2015/04/10 13:32:03: PowerON Counter Key Entry ... OK
2015/04/10 13:32:04: Key Entry ... OK
2015/04/10 13:32:04: Complete.
2015/04/10 13:32:04: COM PORT CLOSE ... OK
2015/04/10 13:32:04: 
2015/04/10 13:32:04: ==== Processing was completed ====
2015/04/10 13:32:04: 
*************************************************


*********** Start the Initialize Key Check **********
2015/04/10 17:08:50: Tool Ver: 2013.0605.01
2015/04/10 17:08:50: COM PORT OPEN ... OK
2015/04/10 17:08:50:
2015/04/10 17:08:50: ProductS/N:  5400093
2015/04/10 17:08:50: TID: 86042E2A5A842D80
2015/04/10 17:08:50: F/W Version: 00.00.08
2015/04/10 17:08:50:
2015/04/10 17:08:50: MasterKey Key Entry ... OK
2015/04/10 17:08:50: PowerON Counter Key Entry ... OK
2015/04/10 17:08:51: Key Entry ... OK
2015/04/10 17:08:51: Complete.
2015/04/10 17:08:51: COM PORT CLOSE ... OK
2015/04/10 17:08:51: 
2015/04/10 17:08:51: ==== Processing was completed ====
2015/04/10 17:08:51: 
*************************************************


*********** Start the Initialize Key Check **********
2015/04/10 17:13:31: Tool Ver: 2013.0605.01
2015/04/10 17:13:31: COM PORT OPEN ... ERROR(01)
2015/04/10 17:13:31: 
2015/04/10 17:13:31: ######## Error has occurred ########
2015/04/10 17:13:31: 
*************************************************


*********** Start the Initialize Key Check **********
2015/04/10 17:13:57: Tool Ver: 2013.0605.01
2015/04/10 17:13:57: COM PORT OPEN ... ERROR(01)
2015/04/10 17:13:57: 
2015/04/10 17:13:57: ######## Error has occurred ########
2015/04/10 17:13:57: 
*************************************************


*********** Start the Initialize Key Check **********
2015/04/10 17:14:24: Tool Ver: 2013.0605.01
2015/04/10 17:14:24: COM PORT OPEN ... ERROR(01)
2015/04/10 17:14:24: 
2015/04/10 17:14:24: ######## Error has occurred ########
2015/04/10 17:14:24: 
*************************************************


*********** Start the Initialize Key Check **********
2015/04/10 17:15:29: Tool Ver: 2013.0605.01
2015/04/10 17:15:29: COM PORT OPEN ... ERROR(01)
2015/04/10 17:15:29: 
2015/04/10 17:15:29: ######## Error has occurred ########
2015/04/10 17:15:29: 
*************************************************


*********** Start the Initialize Key Check **********
2015/04/10 17:15:58: Tool Ver: 2013.0605.01
2015/04/10 17:15:58: COM PORT OPEN ... ERROR(01)
2015/04/10 17:15:58: 
2015/04/10 17:15:58: ######## Error has occurred ########
2015/04/10 17:15:58: 
*************************************************


*********** Start the Initialize Key Check **********
2015/04/10 17:17:04: Tool Ver: 2013.0605.01
2015/04/10 17:17:04: COM PORT OPEN ... ERROR(01)
2015/04/10 17:17:04: 
2015/04/10 17:17:04: ######## Error has occurred ########
2015/04/10 17:17:04: 
*************************************************


*********** Start the Initialize Key Check **********
2015/04/10 17:18:00: Tool Ver: 2013.0605.01
2015/04/10 17:18:00: COM PORT OPEN ... ERROR(01)
2015/04/10 17:18:00: 
2015/04/10 17:18:00: ######## Error has occurred ########
2015/04/10 17:18:00: 
*************************************************


*********** Start the Initialize Key Check **********
2015/04/10 17:19:08: Tool Ver: 2013.0605.01
2015/04/10 17:19:08: COM PORT OPEN ... ERROR(01)
2015/04/10 17:19:08: 
2015/04/10 17:19:08: ######## Error has occurred ########
2015/04/10 17:19:08: 
*************************************************


*********** Start the Initialize Key Check **********
2015/04/10 17:21:51: Tool Ver: 2013.0605.01
2015/04/10 17:21:51: COM PORT OPEN ... OK
2015/04/10 17:21:51:
2015/04/10 17:21:51: ProductS/N:  5400095
2015/04/10 17:21:51: TID: 860435175A842D80
2015/04/10 17:21:51: F/W Version: 00.00.08
2015/04/10 17:21:51:
2015/04/10 17:21:51: MasterKey Key Entry ... OK
2015/04/10 17:21:51: PowerON Counter Key Entry ... OK
2015/04/10 17:21:51: Key Entry ... OK
2015/04/10 17:21:51: Complete.
2015/04/10 17:21:51: COM PORT CLOSE ... OK
2015/04/10 17:21:51: 
2015/04/10 17:21:51: ==== Processing was completed ====
2015/04/10 17:21:51: 
*************************************************


*********** Start the Initialize Key Check **********
2015/04/10 17:22:15: Tool Ver: 2013.0605.01
2015/04/10 17:22:15: COM PORT OPEN ... OK
2015/04/10 17:22:15:
2015/04/10 17:22:15: ProductS/N:  5400199
2015/04/10 17:22:15: TID: 8604233E62842D80
2015/04/10 17:22:15: F/W Version: 00.00.08
2015/04/10 17:22:15:
2015/04/10 17:22:15: MasterKey Key Entry ... OK
2015/04/10 17:22:15: PowerON Counter Key Entry ... OK
2015/04/10 17:22:16: Key Entry ... OK
2015/04/10 17:22:16: Complete.
2015/04/10 17:22:16: COM PORT CLOSE ... OK
2015/04/10 17:22:16: 
2015/04/10 17:22:16: ==== Processing was completed ====
2015/04/10 17:22:16: 
*************************************************


*********** Start the Initialize Key Check **********
2015/04/10 17:22:46: Tool Ver: 2013.0605.01
2015/04/10 17:22:46: COM PORT OPEN ... OK
2015/04/10 17:22:46:
2015/04/10 17:22:46: ProductS/N:  5400161
2015/04/10 17:22:46: TID: 86042A2A5A842D80
2015/04/10 17:22:46: F/W Version: 00.00.08
2015/04/10 17:22:46:
2015/04/10 17:22:46: MasterKey Key Entry ... OK
2015/04/10 17:22:46: PowerON Counter Key Entry ... OK
2015/04/10 17:22:47: Key Entry ... OK
2015/04/10 17:22:47: Complete.
2015/04/10 17:22:47: COM PORT CLOSE ... OK
2015/04/10 17:22:47: 
2015/04/10 17:22:47: ==== Processing was completed ====
2015/04/10 17:22:47: 
*************************************************


*********** Start the Initialize Key Check **********
2015/04/10 17:26:35: Tool Ver: 2013.0605.01
2015/04/10 17:26:35: COM PORT OPEN ... OK
2015/04/10 17:26:35:
2015/04/10 17:26:35: ProductS/N:  5400095
2015/04/10 17:26:35: TID: 860435175A842D80
2015/04/10 17:26:35: F/W Version: 00.00.08
2015/04/10 17:26:35:
2015/04/10 17:26:35: MasterKey Key Entry ... OK
2015/04/10 17:26:35: PowerON Counter Key Entry ... OK
2015/04/10 17:26:36: Key Entry ... OK
2015/04/10 17:26:36: Complete.
2015/04/10 17:26:36: COM PORT CLOSE ... OK
2015/04/10 17:26:36: 
2015/04/10 17:26:36: ==== Processing was completed ====
2015/04/10 17:26:36: 
*************************************************


*********** Start the Initialize Key Check **********
2015/04/10 17:26:54: Tool Ver: 2013.0605.01
2015/04/10 17:26:54: COM PORT OPEN ... OK
2015/04/10 17:26:55:
2015/04/10 17:26:55: ProductS/N:  5400100
2015/04/10 17:26:55: TID: 8604260862842D80
2015/04/10 17:26:55: F/W Version: 00.00.08
2015/04/10 17:26:55:
2015/04/10 17:26:55: MasterKey Key Entry ... OK
2015/04/10 17:26:55: PowerON Counter Key Entry ... OK
2015/04/10 17:26:55: Key Entry ... OK
2015/04/10 17:26:55: Complete.
2015/04/10 17:26:55: COM PORT CLOSE ... OK
2015/04/10 17:26:55: 
2015/04/10 17:26:55: ==== Processing was completed ====
2015/04/10 17:26:55: 
*************************************************


*********** Start the Initialize Key Check **********
2015/04/10 17:30:29: Tool Ver: 2013.0605.01
2015/04/10 17:30:29: COM PORT OPEN ... OK
2015/04/10 17:30:29:
2015/04/10 17:30:29: ProductS/N:  5400069
2015/04/10 17:30:29: TID: 86042E435A842D80
2015/04/10 17:30:29: F/W Version: 00.00.08
2015/04/10 17:30:29:
2015/04/10 17:30:29: MasterKey Key Entry ... OK
2015/04/10 17:30:29: PowerON Counter Key Entry ... OK
2015/04/10 17:30:29: Key Entry ... OK
2015/04/10 17:30:29: Complete.
2015/04/10 17:30:29: COM PORT CLOSE ... OK
2015/04/10 17:30:29: 
2015/04/10 17:30:29: ==== Processing was completed ====
2015/04/10 17:30:29: 
*************************************************


*********** Start the Initialize Key Check **********
2015/04/10 17:38:38: Tool Ver: 2013.0605.01
2015/04/10 17:38:38: COM PORT OPEN ... OK
2015/04/10 17:38:39:
2015/04/10 17:38:39: ProductS/N:  5400093
2015/04/10 17:38:39: TID: 86042E2A5A842D80
2015/04/10 17:38:39: F/W Version: 00.00.08
2015/04/10 17:38:39:
2015/04/10 17:38:39: MasterKey Key Entry ... OK
2015/04/10 17:38:39: PowerON Counter Key Entry ... OK
2015/04/10 17:38:39: Key Entry ... OK
2015/04/10 17:38:39: Complete.
2015/04/10 17:38:39: COM PORT CLOSE ... OK
2015/04/10 17:38:39: 
2015/04/10 17:38:39: ==== Processing was completed ====
2015/04/10 17:38:39: 
*************************************************


*********** Start the Initialize Key Check **********
2015/04/10 19:17:28: Tool Ver: 2013.0605.01
2015/04/10 19:17:28: COM PORT OPEN ... OK
2015/04/10 19:17:28:
2015/04/10 19:17:28: ProductS/N:  5400062
2015/04/10 19:17:28: TID: 8604343F5A842D80
2015/04/10 19:17:28: F/W Version: 00.00.08
2015/04/10 19:17:28:
2015/04/10 19:17:28: MasterKey Key Entry ... OK
2015/04/10 19:17:28: PowerON Counter Key Entry ... OK
2015/04/10 19:17:28: Key Entry ... OK
2015/04/10 19:17:28: Complete.
2015/04/10 19:17:28: COM PORT CLOSE ... OK
2015/04/10 19:17:28: 
2015/04/10 19:17:28: ==== Processing was completed ====
2015/04/10 19:17:28: 
*************************************************


*********** Start the Initialize Key Check **********
2015/04/10 19:37:35: Tool Ver: 2013.0605.01
2015/04/10 19:37:35: COM PORT OPEN ... OK
2015/04/10 19:37:35:
2015/04/10 19:37:35: ProductS/N:  5400172
2015/04/10 19:37:35: TID: 86040F1C6A842D80
2015/04/10 19:37:35: F/W Version: 00.00.08
2015/04/10 19:37:35:
2015/04/10 19:37:35: MasterKey Key Entry ... OK
2015/04/10 19:37:35: PowerON Counter Key Entry ... OK
2015/04/10 19:37:36: Key Entry ... OK
2015/04/10 19:37:36: Complete.
2015/04/10 19:37:36: COM PORT CLOSE ... OK
2015/04/10 19:37:36: 
2015/04/10 19:37:36: ==== Processing was completed ====
2015/04/10 19:37:36: 
*************************************************


*********** Start the Initialize Key Check **********
2015/04/10 19:37:52: Tool Ver: 2013.0605.01
2015/04/10 19:37:52: COM PORT OPEN ... OK
2015/04/10 19:37:52:
2015/04/10 19:37:52: ProductS/N:  5400104
2015/04/10 19:37:52: TID: 860432255A842D80
2015/04/10 19:37:52: F/W Version: 00.00.08
2015/04/10 19:37:52:
2015/04/10 19:37:52: MasterKey Key Entry ... OK
2015/04/10 19:37:52: PowerON Counter Key Entry ... OK
2015/04/10 19:37:52: Key Entry ... OK
2015/04/10 19:37:52: Complete.
2015/04/10 19:37:52: COM PORT CLOSE ... OK
2015/04/10 19:37:52: 
2015/04/10 19:37:52: ==== Processing was completed ====
2015/04/10 19:37:52: 
*************************************************


*********** Start the Initialize Key Check **********
2015/04/10 19:50:52: Tool Ver: 2013.0605.01
2015/04/10 19:50:52: COM PORT OPEN ... OK
2015/04/10 19:50:52:
2015/04/10 19:50:52: ProductS/N:  5400152
2015/04/10 19:50:52: TID: 860437325A842D80
2015/04/10 19:50:52: F/W Version: 00.00.08
2015/04/10 19:50:52:
2015/04/10 19:50:52: MasterKey Key Entry ... OK
2015/04/10 19:50:52: PowerON Counter Key Entry ... OK
2015/04/10 19:50:53: Key Entry ... OK
2015/04/10 19:50:53: Complete.
2015/04/10 19:50:53: COM PORT CLOSE ... OK
2015/04/10 19:50:53: 
2015/04/10 19:50:53: ==== Processing was completed ====
2015/04/10 19:50:53: 
*************************************************


*********** Start the Initialize Key Check **********
2015/04/10 19:58:03: Tool Ver: 2013.0605.01
2015/04/10 19:58:03: COM PORT OPEN ... OK
2015/04/10 19:58:03:
2015/04/10 19:58:03: ProductS/N:  5400048
2015/04/10 19:58:03: TID: 8604313F62842D80
2015/04/10 19:58:03: F/W Version: 00.00.08
2015/04/10 19:58:03:
2015/04/10 19:58:03: MasterKey Key Entry ... OK
2015/04/10 19:58:03: PowerON Counter Key Entry ... OK
2015/04/10 19:58:03: Key Entry ... OK
2015/04/10 19:58:03: Complete.
2015/04/10 19:58:03: COM PORT CLOSE ... OK
2015/04/10 19:58:03: 
2015/04/10 19:58:03: ==== Processing was completed ====
2015/04/10 19:58:03: 
*************************************************


*********** Start the Initialize Key Check **********
2015/04/10 20:02:18: Tool Ver: 2013.0605.01
2015/04/10 20:02:18: COM PORT OPEN ... OK
2015/04/10 20:02:18:
2015/04/10 20:02:18: ProductS/N:  5400159
2015/04/10 20:02:18: TID: 860427285A842D80
2015/04/10 20:02:18: F/W Version: 00.00.08
2015/04/10 20:02:18:
2015/04/10 20:02:18: MasterKey Key Entry ... OK
2015/04/10 20:02:18: PowerON Counter Key Entry ... OK
2015/04/10 20:02:19: Key Entry ... OK
2015/04/10 20:02:19: Complete.
2015/04/10 20:02:19: COM PORT CLOSE ... OK
2015/04/10 20:02:19: 
2015/04/10 20:02:19: ==== Processing was completed ====
2015/04/10 20:02:19: 
*************************************************


