*********** Start the Initialize Key Check **********
2015/01/27 08:18:43: Tool Ver: 2013.0605.01
2015/01/27 08:18:43: COM PORT OPEN ... OK
2015/01/27 08:18:43: AUTH1 POS ... ERROR(41)
2015/01/27 08:18:43:
2015/01/27 08:18:43: ProductS/N:  VRW06A115100705
2015/01/27 08:18:43: TID: 86042126CAE52080
2015/01/27 08:18:43: F/W Version: 00.00.08
2015/01/27 08:18:43:
2015/01/27 08:18:43: MasterKey Key Entry... ERROR
2015/01/27 08:18:43: PowerON Counter Key Entry... ERROR
2015/01/27 08:18:44: COM PORT CLOSE ... OK
2015/01/27 08:18:44: 
2015/01/27 08:18:44: ######## Error has occurred ########
2015/01/27 08:18:44: 
*************************************************


*********** Start the Initialize Key Check **********
2015/01/27 08:19:06: Tool Ver: 2013.0605.01
2015/01/27 08:19:06: COM PORT OPEN ... OK
2015/01/27 08:19:06:
2015/01/27 08:19:06: ProductS/N:  VRW06A115101170
2015/01/27 08:19:06: TID: 86041A213AE62080
2015/01/27 08:19:06: F/W Version: 00.00.08
2015/01/27 08:19:06:
2015/01/27 08:19:06: MasterKey Key Entry ... OK
2015/01/27 08:19:06: PowerON Counter Key Entry ... OK
2015/01/27 08:19:07: Key Entry ... OK
2015/01/27 08:19:07: Complete.
2015/01/27 08:19:07: COM PORT CLOSE ... OK
2015/01/27 08:19:07: 
2015/01/27 08:19:07: ==== Processing was completed ====
2015/01/27 08:19:07: 
*************************************************


*********** Start the Initialize Key Check **********
2015/01/27 08:19:31: Tool Ver: 2013.0605.01
2015/01/27 08:19:31: COM PORT OPEN ... OK
2015/01/27 08:19:31: AUTH1 POS ... ERROR(41)
2015/01/27 08:19:31:
2015/01/27 08:19:31: ProductS/N:  VRW06A115100705
2015/01/27 08:19:31: TID: 86042126CAE52080
2015/01/27 08:19:31: F/W Version: 00.00.08
2015/01/27 08:19:31:
2015/01/27 08:19:31: MasterKey Key Entry... ERROR
2015/01/27 08:19:31: PowerON Counter Key Entry... ERROR
2015/01/27 08:19:31: COM PORT CLOSE ... OK
2015/01/27 08:19:31: 
2015/01/27 08:19:31: ######## Error has occurred ########
2015/01/27 08:19:31: 
*************************************************


*********** Start the Initialize Key Check **********
2015/01/27 08:20:13: Tool Ver: 2013.0605.01
2015/01/27 08:20:13: COM PORT OPEN ... OK
2015/01/27 08:20:14:
2015/01/27 08:20:14: ProductS/N:  VRW06A115101170
2015/01/27 08:20:14: TID: 86041A213AE62080
2015/01/27 08:20:14: F/W Version: 00.00.08
2015/01/27 08:20:14:
2015/01/27 08:20:14: MasterKey Key Entry ... OK
2015/01/27 08:20:14: PowerON Counter Key Entry ... OK
2015/01/27 08:20:14: Key Entry ... OK
2015/01/27 08:20:14: Complete.
2015/01/27 08:20:14: COM PORT CLOSE ... OK
2015/01/27 08:20:14: 
2015/01/27 08:20:14: ==== Processing was completed ====
2015/01/27 08:20:14: 
*************************************************


*********** Start the Initialize Key Check **********
2015/01/27 08:22:45: Tool Ver: 2013.0605.01
2015/01/27 08:22:45: COM PORT OPEN ... OK
2015/01/27 08:22:45:
2015/01/27 08:22:45: ProductS/N:  VRW06A115101173
2015/01/27 08:22:45: TID: 86041710D2E52080
2015/01/27 08:22:45: F/W Version: 00.00.08
2015/01/27 08:22:45:
2015/01/27 08:22:45: MasterKey Key Entry ... OK
2015/01/27 08:22:45: PowerON Counter Key Entry ... OK
2015/01/27 08:22:46: Key Entry ... OK
2015/01/27 08:22:46: Complete.
2015/01/27 08:22:46: COM PORT CLOSE ... OK
2015/01/27 08:22:46: 
2015/01/27 08:22:46: ==== Processing was completed ====
2015/01/27 08:22:46: 
*************************************************


*********** Start the Initialize Key Check **********
2015/01/27 08:26:12: Tool Ver: 2013.0605.01
2015/01/27 08:26:12: COM PORT OPEN ... OK
2015/01/27 08:26:12:
2015/01/27 08:26:12: ProductS/N:  VRW06A115101155
2015/01/27 08:26:12: TID: 86042D0732E62080
2015/01/27 08:26:12: F/W Version: 00.00.08
2015/01/27 08:26:12:
2015/01/27 08:26:13: MasterKey Key Entry ... OK
2015/01/27 08:26:13: PowerON Counter Key Entry ... OK
2015/01/27 08:26:13: Key Entry ... OK
2015/01/27 08:26:13: Complete.
2015/01/27 08:26:13: COM PORT CLOSE ... OK
2015/01/27 08:26:13: 
2015/01/27 08:26:13: ==== Processing was completed ====
2015/01/27 08:26:13: 
*************************************************


*********** Start the Initialize Key Check **********
2015/01/27 08:29:03: Tool Ver: 2013.0605.01
2015/01/27 08:29:03: COM PORT OPEN ... OK
2015/01/27 08:29:03:
2015/01/27 08:29:03: ProductS/N:  VRW06A115101171
2015/01/27 08:29:03: TID: 860427273AE62080
2015/01/27 08:29:03: F/W Version: 00.00.08
2015/01/27 08:29:03:
2015/01/27 08:29:03: MasterKey Key Entry ... OK
2015/01/27 08:29:03: PowerON Counter Key Entry ... OK
2015/01/27 08:29:04: Key Entry ... OK
2015/01/27 08:29:04: Complete.
2015/01/27 08:29:04: COM PORT CLOSE ... OK
2015/01/27 08:29:04: 
2015/01/27 08:29:04: ==== Processing was completed ====
2015/01/27 08:29:04: 
*************************************************


*********** Start the Initialize Key Check **********
2015/01/27 08:31:49: Tool Ver: 2013.0605.01
2015/01/27 08:31:49: COM PORT OPEN ... OK
2015/01/27 08:31:49:
2015/01/27 08:31:49: ProductS/N:  VRW06A115101166
2015/01/27 08:31:49: TID: 860413143AE62080
2015/01/27 08:31:49: F/W Version: 00.00.08
2015/01/27 08:31:49:
2015/01/27 08:31:49: MasterKey Key Entry ... OK
2015/01/27 08:31:49: PowerON Counter Key Entry ... OK
2015/01/27 08:31:50: Key Entry ... OK
2015/01/27 08:31:50: Complete.
2015/01/27 08:31:50: COM PORT CLOSE ... OK
2015/01/27 08:31:50: 
2015/01/27 08:31:50: ==== Processing was completed ====
2015/01/27 08:31:50: 
*************************************************


*********** Start the Initialize Key Check **********
2015/01/27 08:37:51: Tool Ver: 2013.0605.01
2015/01/27 08:37:51: COM PORT OPEN ... OK
2015/01/27 08:37:51:
2015/01/27 08:37:51: ProductS/N:  VRW06A115101175
2015/01/27 08:37:51: TID: 8604160632E62080
2015/01/27 08:37:51: F/W Version: 00.00.08
2015/01/27 08:37:51:
2015/01/27 08:37:51: MasterKey Key Entry ... OK
2015/01/27 08:37:51: PowerON Counter Key Entry ... OK
2015/01/27 08:37:52: Key Entry ... OK
2015/01/27 08:37:52: Complete.
2015/01/27 08:37:52: COM PORT CLOSE ... OK
2015/01/27 08:37:52: 
2015/01/27 08:37:52: ==== Processing was completed ====
2015/01/27 08:37:52: 
*************************************************


*********** Start the Initialize Key Check **********
2015/01/27 08:40:51: Tool Ver: 2013.0605.01
2015/01/27 08:40:51: COM PORT OPEN ... OK
2015/01/27 08:40:51:
2015/01/27 08:40:51: ProductS/N:  VRW06A115101112
2015/01/27 08:40:51: TID: 86040D2522E62080
2015/01/27 08:40:51: F/W Version: 00.00.08
2015/01/27 08:40:51:
2015/01/27 08:40:51: MasterKey Key Entry ... OK
2015/01/27 08:40:51: PowerON Counter Key Entry ... OK
2015/01/27 08:40:52: Key Entry ... OK
2015/01/27 08:40:52: Complete.
2015/01/27 08:40:52: COM PORT CLOSE ... OK
2015/01/27 08:40:52: 
2015/01/27 08:40:52: ==== Processing was completed ====
2015/01/27 08:40:52: 
*************************************************


*********** Start the Initialize Key Check **********
2015/01/27 08:45:25: Tool Ver: 2013.0605.01
2015/01/27 08:45:25: COM PORT OPEN ... OK
2015/01/27 08:45:25:
2015/01/27 08:45:25: ProductS/N:  VRW06A115100705
2015/01/27 08:45:25: TID: 8604160632E62080
2015/01/27 08:45:25: F/W Version: 00.00.08
2015/01/27 08:45:25:
2015/01/27 08:45:25: MasterKey Key Entry ... OK
2015/01/27 08:45:25: PowerON Counter Key Entry ... OK
2015/01/27 08:45:26: Key Entry ... OK
2015/01/27 08:45:26: Complete.
2015/01/27 08:45:26: COM PORT CLOSE ... OK
2015/01/27 08:45:26: 
2015/01/27 08:45:26: ==== Processing was completed ====
2015/01/27 08:45:26: 
*************************************************


*********** Start the Initialize Key Check **********
2015/01/27 08:45:48: Tool Ver: 2013.0605.01
2015/01/27 08:45:48: COM PORT OPEN ... OK
2015/01/27 08:45:48:
2015/01/27 08:45:48: ProductS/N:  VRW06A115101168
2015/01/27 08:45:48: TID: 8604372C3AE62080
2015/01/27 08:45:48: F/W Version: 00.00.08
2015/01/27 08:45:48:
2015/01/27 08:45:48: MasterKey Key Entry ... OK
2015/01/27 08:45:48: PowerON Counter Key Entry ... OK
2015/01/27 08:45:48: Key Entry ... OK
2015/01/27 08:45:48: Complete.
2015/01/27 08:45:48: COM PORT CLOSE ... OK
2015/01/27 08:45:48: 
2015/01/27 08:45:48: ==== Processing was completed ====
2015/01/27 08:45:48: 
*************************************************


*********** Start the Initialize Key Check **********
2015/01/27 08:46:23: Tool Ver: 2013.0605.01
2015/01/27 08:46:23: COM PORT OPEN ... OK
2015/01/27 08:46:23:
2015/01/27 08:46:23: ProductS/N:  VRW06A115101141
2015/01/27 08:46:23: TID: 860417253AE62080
2015/01/27 08:46:23: F/W Version: 00.00.08
2015/01/27 08:46:23:
2015/01/27 08:46:23: MasterKey Key Entry ... OK
2015/01/27 08:46:23: PowerON Counter Key Entry ... OK
2015/01/27 08:46:24: Key Entry ... OK
2015/01/27 08:46:24: Complete.
2015/01/27 08:46:24: COM PORT CLOSE ... OK
2015/01/27 08:46:24: 
2015/01/27 08:46:24: ==== Processing was completed ====
2015/01/27 08:46:24: 
*************************************************


*********** Start the Initialize Key Check **********
2015/01/27 08:47:34: Tool Ver: 2013.0605.01
2015/01/27 08:47:34: COM PORT OPEN ... OK
2015/01/27 08:47:35: AUTH1 POS ... ERROR(41)
2015/01/27 08:47:35:
2015/01/27 08:47:35: ProductS/N:  VRW06A115100705
2015/01/27 08:47:35: TID: 86042126CAE52080
2015/01/27 08:47:35: F/W Version: 00.00.08
2015/01/27 08:47:35:
2015/01/27 08:47:35: MasterKey Key Entry... ERROR
2015/01/27 08:47:35: PowerON Counter Key Entry... ERROR
2015/01/27 08:47:35: COM PORT CLOSE ... OK
2015/01/27 08:47:35: 
2015/01/27 08:47:35: ######## Error has occurred ########
2015/01/27 08:47:35: 
*************************************************


*********** Start the Initialize Key Check **********
2015/01/27 08:48:25: Tool Ver: 2013.0605.01
2015/01/27 08:48:25: COM PORT OPEN ... OK
2015/01/27 08:48:25:
2015/01/27 08:48:25: ProductS/N:  VRW06A115101169
2015/01/27 08:48:25: TID: 86042440CAE52080
2015/01/27 08:48:25: F/W Version: 00.00.08
2015/01/27 08:48:25:
2015/01/27 08:48:25: MasterKey Key Entry ... OK
2015/01/27 08:48:25: PowerON Counter Key Entry ... OK
2015/01/27 08:48:25: Key Entry ... OK
2015/01/27 08:48:25: Complete.
2015/01/27 08:48:25: COM PORT CLOSE ... OK
2015/01/27 08:48:25: 
2015/01/27 08:48:25: ==== Processing was completed ====
2015/01/27 08:48:25: 
*************************************************


*********** Start the Initialize Key Check **********
2015/01/27 09:05:52: Tool Ver: 2013.0605.01
2015/01/27 09:05:52: COM PORT OPEN ... OK
2015/01/27 09:05:52:
2015/01/27 09:05:52: ProductS/N:  VRW06A115101106
2015/01/27 09:05:52: TID: 86041B2B3AE62080
2015/01/27 09:05:52: F/W Version: 00.00.08
2015/01/27 09:05:52:
2015/01/27 09:05:52: MasterKey Key Entry ... OK
2015/01/27 09:05:52: PowerON Counter Key Entry ... OK
2015/01/27 09:05:53: Key Entry ... OK
2015/01/27 09:05:53: Complete.
2015/01/27 09:05:53: COM PORT CLOSE ... OK
2015/01/27 09:05:53: 
2015/01/27 09:05:53: ==== Processing was completed ====
2015/01/27 09:05:53: 
*************************************************


*********** Start the Initialize Key Check **********
2015/01/27 09:09:14: Tool Ver: 2013.0605.01
2015/01/27 09:09:14: COM PORT OPEN ... OK
2015/01/27 09:09:15:
2015/01/27 09:09:15: ProductS/N:  VRW06A115101167
2015/01/27 09:09:15: TID: 860414233AE62080
2015/01/27 09:09:15: F/W Version: 00.00.08
2015/01/27 09:09:15:
2015/01/27 09:09:15: MasterKey Key Entry ... OK
2015/01/27 09:09:15: PowerON Counter Key Entry ... OK
2015/01/27 09:09:15: Key Entry ... OK
2015/01/27 09:09:15: Complete.
2015/01/27 09:09:15: COM PORT CLOSE ... OK
2015/01/27 09:09:15: 
2015/01/27 09:09:15: ==== Processing was completed ====
2015/01/27 09:09:15: 
*************************************************


*********** Start the Initialize Key Check **********
2015/01/27 09:10:47: Tool Ver: 2013.0605.01
2015/01/27 09:10:47: COM PORT OPEN ... OK
2015/01/27 09:10:47:
2015/01/27 09:10:47: ProductS/N:  VRW06A115101174
2015/01/27 09:10:47: TID: 86041F243AE62080
2015/01/27 09:10:47: F/W Version: 00.00.08
2015/01/27 09:10:47:
2015/01/27 09:10:47: MasterKey Key Entry ... OK
2015/01/27 09:10:47: PowerON Counter Key Entry ... OK
2015/01/27 09:10:47: Key Entry ... OK
2015/01/27 09:10:47: Complete.
2015/01/27 09:10:47: COM PORT CLOSE ... OK
2015/01/27 09:10:47: 
2015/01/27 09:10:47: ==== Processing was completed ====
2015/01/27 09:10:47: 
*************************************************


*********** Start the Initialize Key Check **********
2015/01/27 09:18:16: Tool Ver: 2013.0605.01
2015/01/27 09:18:16: COM PORT OPEN ... OK
2015/01/27 09:18:16:
2015/01/27 09:18:16: ProductS/N:  VRW06A115101181
2015/01/27 09:18:16: TID: 86040E2222E62080
2015/01/27 09:18:16: F/W Version: 00.00.08
2015/01/27 09:18:16:
2015/01/27 09:18:16: MasterKey Key Entry ... OK
2015/01/27 09:18:16: PowerON Counter Key Entry ... OK
2015/01/27 09:18:17: Key Entry ... OK
2015/01/27 09:18:17: Complete.
2015/01/27 09:18:17: COM PORT CLOSE ... OK
2015/01/27 09:18:17: 
2015/01/27 09:18:17: ==== Processing was completed ====
2015/01/27 09:18:17: 
*************************************************


*********** Start the Initialize Key Check **********
2015/01/27 09:20:01: Tool Ver: 2013.0605.01
2015/01/27 09:20:01: COM PORT OPEN ... OK
2015/01/27 09:20:01:
2015/01/27 09:20:01: ProductS/N:  VRW06A115101177
2015/01/27 09:20:01: TID: 86040E3CCAE52080
2015/01/27 09:20:01: F/W Version: 00.00.08
2015/01/27 09:20:01:
2015/01/27 09:20:01: MasterKey Key Entry ... OK
2015/01/27 09:20:01: PowerON Counter Key Entry ... OK
2015/01/27 09:20:02: Key Entry ... OK
2015/01/27 09:20:02: Complete.
2015/01/27 09:20:02: COM PORT CLOSE ... OK
2015/01/27 09:20:02: 
2015/01/27 09:20:02: ==== Processing was completed ====
2015/01/27 09:20:02: 
*************************************************


*********** Start the Initialize Key Check **********
2015/01/27 09:20:40: Tool Ver: 2013.0605.01
2015/01/27 09:20:40: COM PORT OPEN ... OK
2015/01/27 09:20:40: AUTH1 POS ... ERROR(41)
2015/01/27 09:20:40:
2015/01/27 09:20:40: ProductS/N:  VRW06A115101175
2015/01/27 09:20:40: TID: 86042126CAE52080
2015/01/27 09:20:40: F/W Version: 00.00.08
2015/01/27 09:20:40:
2015/01/27 09:20:40: MasterKey Key Entry... ERROR
2015/01/27 09:20:40: PowerON Counter Key Entry... ERROR
2015/01/27 09:20:41: COM PORT CLOSE ... OK
2015/01/27 09:20:41: 
2015/01/27 09:20:41: ######## Error has occurred ########
2015/01/27 09:20:41: 
*************************************************


*********** Start the Initialize Key Check **********
2015/01/27 09:21:38: Tool Ver: 2013.0605.01
2015/01/27 09:21:38: COM PORT OPEN ... OK
2015/01/27 09:21:38:
2015/01/27 09:21:38: ProductS/N:  VRW06A115101178
2015/01/27 09:21:38: TID: 86043C213AE62080
2015/01/27 09:21:38: F/W Version: 00.00.08
2015/01/27 09:21:38:
2015/01/27 09:21:38: MasterKey Key Entry ... OK
2015/01/27 09:21:38: PowerON Counter Key Entry ... OK
2015/01/27 09:21:39: Key Entry ... OK
2015/01/27 09:21:39: Complete.
2015/01/27 09:21:39: COM PORT CLOSE ... OK
2015/01/27 09:21:39: 
2015/01/27 09:21:39: ==== Processing was completed ====
2015/01/27 09:21:39: 
*************************************************


*********** Start the Initialize Key Check **********
2015/01/27 09:34:02: Tool Ver: 2013.0605.01
2015/01/27 09:34:02: COM PORT OPEN ... OK
2015/01/27 09:34:02:
2015/01/27 09:34:02: ProductS/N:  06A115101184
2015/01/27 09:34:02: TID: 86041241CAE52080
2015/01/27 09:34:02: F/W Version: 00.00.08
2015/01/27 09:34:02:
2015/01/27 09:34:02: MasterKey Key Entry ... OK
2015/01/27 09:34:02: PowerON Counter Key Entry ... OK
2015/01/27 09:34:03: Key Entry ... OK
2015/01/27 09:34:03: Complete.
2015/01/27 09:34:03: COM PORT CLOSE ... OK
2015/01/27 09:34:03: 
2015/01/27 09:34:03: ==== Processing was completed ====
2015/01/27 09:34:03: 
*************************************************


*********** Start the Initialize Key Check **********
2015/01/27 09:35:37: Tool Ver: 2013.0605.01
2015/01/27 09:35:37: COM PORT OPEN ... OK
2015/01/27 09:35:38:
2015/01/27 09:35:38: ProductS/N:  VRW06A115101183
2015/01/27 09:35:38: TID: 86040E39CAE52080
2015/01/27 09:35:38: F/W Version: 00.00.08
2015/01/27 09:35:38:
2015/01/27 09:35:38: MasterKey Key Entry ... OK
2015/01/27 09:35:38: PowerON Counter Key Entry ... OK
2015/01/27 09:35:38: Key Entry ... OK
2015/01/27 09:35:38: Complete.
2015/01/27 09:35:38: COM PORT CLOSE ... OK
2015/01/27 09:35:38: 
2015/01/27 09:35:38: ==== Processing was completed ====
2015/01/27 09:35:38: 
*************************************************


*********** Start the Initialize Key Check **********
2015/01/27 09:37:24: Tool Ver: 2013.0605.01
2015/01/27 09:37:24: COM PORT OPEN ... OK
2015/01/27 09:37:24:
2015/01/27 09:37:24: ProductS/N:  VRW06A115101172
2015/01/27 09:37:24: TID: 86041441CAE52080
2015/01/27 09:37:24: F/W Version: 00.00.08
2015/01/27 09:37:24:
2015/01/27 09:37:24: MasterKey Key Entry ... OK
2015/01/27 09:37:24: PowerON Counter Key Entry ... OK
2015/01/27 09:37:24: Key Entry ... OK
2015/01/27 09:37:24: Complete.
2015/01/27 09:37:24: COM PORT CLOSE ... OK
2015/01/27 09:37:24: 
2015/01/27 09:37:24: ==== Processing was completed ====
2015/01/27 09:37:24: 
*************************************************


*********** Start the Initialize Key Check **********
2015/01/27 09:38:54: Tool Ver: 2013.0605.01
2015/01/27 09:38:54: COM PORT OPEN ... OK
2015/01/27 09:38:54:
2015/01/27 09:38:54: ProductS/N:  VRW06A115101179
2015/01/27 09:38:54: TID: 8604172E3AE62080
2015/01/27 09:38:54: F/W Version: 00.00.08
2015/01/27 09:38:54:
2015/01/27 09:38:54: MasterKey Key Entry ... OK
2015/01/27 09:38:54: PowerON Counter Key Entry ... OK
2015/01/27 09:38:55: Key Entry ... OK
2015/01/27 09:38:55: Complete.
2015/01/27 09:38:55: COM PORT CLOSE ... OK
2015/01/27 09:38:55: 
2015/01/27 09:38:55: ==== Processing was completed ====
2015/01/27 09:38:55: 
*************************************************


*********** Start the Initialize Key Check **********
2015/01/27 09:40:07: Tool Ver: 2013.0605.01
2015/01/27 09:40:07: COM PORT OPEN ... OK
2015/01/27 09:40:07:
2015/01/27 09:40:07: ProductS/N:  VRW06A115101182
2015/01/27 09:40:07: TID: 86040F243AE62080
2015/01/27 09:40:07: F/W Version: 00.00.08
2015/01/27 09:40:07:
2015/01/27 09:40:07: MasterKey Key Entry ... OK
2015/01/27 09:40:07: PowerON Counter Key Entry ... OK
2015/01/27 09:40:07: Key Entry ... OK
2015/01/27 09:40:07: Complete.
2015/01/27 09:40:07: COM PORT CLOSE ... OK
2015/01/27 09:40:07: 
2015/01/27 09:40:07: ==== Processing was completed ====
2015/01/27 09:40:07: 
*************************************************


*********** Start the Initialize Key Check **********
2015/01/27 09:49:33: Tool Ver: 2013.0605.01
2015/01/27 09:49:33: COM PORT OPEN ... OK
2015/01/27 09:49:33:
2015/01/27 09:49:33: ProductS/N:  VRW06A115101187
2015/01/27 09:49:33: TID: 86040D263AE62080
2015/01/27 09:49:33: F/W Version: 00.00.08
2015/01/27 09:49:33:
2015/01/27 09:49:33: MasterKey Key Entry ... OK
2015/01/27 09:49:33: PowerON Counter Key Entry ... OK
2015/01/27 09:49:34: Key Entry ... OK
2015/01/27 09:49:34: Complete.
2015/01/27 09:49:34: COM PORT CLOSE ... OK
2015/01/27 09:49:34: 
2015/01/27 09:49:34: ==== Processing was completed ====
2015/01/27 09:49:34: 
*************************************************


*********** Start the Initialize Key Check **********
2015/01/27 09:51:17: Tool Ver: 2013.0605.01
2015/01/27 09:51:17: COM PORT OPEN ... OK
2015/01/27 09:51:17:
2015/01/27 09:51:17: ProductS/N:  VRW06A115101185
2015/01/27 09:51:17: TID: 86043D2022E62080
2015/01/27 09:51:17: F/W Version: 00.00.08
2015/01/27 09:51:17:
2015/01/27 09:51:17: MasterKey Key Entry ... OK
2015/01/27 09:51:17: PowerON Counter Key Entry ... OK
2015/01/27 09:51:17: Key Entry ... OK
2015/01/27 09:51:17: Complete.
2015/01/27 09:51:17: COM PORT CLOSE ... OK
2015/01/27 09:51:17: 
2015/01/27 09:51:17: ==== Processing was completed ====
2015/01/27 09:51:17: 
*************************************************


*********** Start the Initialize Key Check **********
2015/01/27 09:52:25: Tool Ver: 2013.0605.01
2015/01/27 09:52:25: COM PORT OPEN ... OK
2015/01/27 09:52:25:
2015/01/27 09:52:25: ProductS/N:  VRW06A115101158
2015/01/27 09:52:25: TID: 8604260F32E62080
2015/01/27 09:52:25: F/W Version: 00.00.08
2015/01/27 09:52:25:
2015/01/27 09:52:25: MasterKey Key Entry ... OK
2015/01/27 09:52:25: PowerON Counter Key Entry ... OK
2015/01/27 09:52:26: Key Entry ... OK
2015/01/27 09:52:26: Complete.
2015/01/27 09:52:26: COM PORT CLOSE ... OK
2015/01/27 09:52:26: 
2015/01/27 09:52:26: ==== Processing was completed ====
2015/01/27 09:52:26: 
*************************************************


*********** Start the Initialize Key Check **********
2015/01/27 09:54:38: Tool Ver: 2013.0605.01
2015/01/27 09:54:38: COM PORT OPEN ... OK
2015/01/27 09:54:39: AUTH1 POS ... ERROR(41)
2015/01/27 09:54:39:
2015/01/27 09:54:39: ProductS/N:  VRW06A115100705
2015/01/27 09:54:39: TID: 86042126CAE52080
2015/01/27 09:54:39: F/W Version: 00.00.08
2015/01/27 09:54:39:
2015/01/27 09:54:39: MasterKey Key Entry... ERROR
2015/01/27 09:54:39: PowerON Counter Key Entry... ERROR
2015/01/27 09:54:39: COM PORT CLOSE ... OK
2015/01/27 09:54:39: 
2015/01/27 09:54:39: ######## Error has occurred ########
2015/01/27 09:54:39: 
*************************************************


*********** Start the Initialize Key Check **********
2015/01/27 09:55:10: Tool Ver: 2013.0605.01
2015/01/27 09:55:10: COM PORT OPEN ... OK
2015/01/27 09:55:10: AUTH1 POS ... ERROR(41)
2015/01/27 09:55:10:
2015/01/27 09:55:10: ProductS/N:  VRW06A115100705
2015/01/27 09:55:11: TID: 86042126CAE52080
2015/01/27 09:55:11: F/W Version: 00.00.08
2015/01/27 09:55:11:
2015/01/27 09:55:11: MasterKey Key Entry... ERROR
2015/01/27 09:55:11: PowerON Counter Key Entry... ERROR
2015/01/27 09:55:11: COM PORT CLOSE ... OK
2015/01/27 09:55:11: 
2015/01/27 09:55:11: ######## Error has occurred ########
2015/01/27 09:55:11: 
*************************************************


*********** Start the Initialize Key Check **********
2015/01/27 10:04:43: Tool Ver: 2013.0605.01
2015/01/27 10:04:43: COM PORT OPEN ... OK
2015/01/27 10:04:44:
2015/01/27 10:04:44: ProductS/N:  VRW06A115101175
2015/01/27 10:04:44: TID: 8604160632E62080
2015/01/27 10:04:44: F/W Version: 00.00.08
2015/01/27 10:04:44:
2015/01/27 10:04:44: MasterKey Key Entry ... OK
2015/01/27 10:04:44: PowerON Counter Key Entry ... OK
2015/01/27 10:04:44: Key Entry ... OK
2015/01/27 10:04:44: Complete.
2015/01/27 10:04:44: COM PORT CLOSE ... OK
2015/01/27 10:04:44: 
2015/01/27 10:04:44: ==== Processing was completed ====
2015/01/27 10:04:44: 
*************************************************


*********** Start the Initialize Key Check **********
2015/01/27 10:16:38: Tool Ver: 2013.0605.01
2015/01/27 10:16:38: COM PORT OPEN ... OK
2015/01/27 10:16:38:
2015/01/27 10:16:38: ProductS/N:  VRW06A115101188
2015/01/27 10:16:38: TID: 860437113AE62080
2015/01/27 10:16:38: F/W Version: 00.00.08
2015/01/27 10:16:38:
2015/01/27 10:16:38: MasterKey Key Entry ... OK
2015/01/27 10:16:38: PowerON Counter Key Entry ... OK
2015/01/27 10:16:39: Key Entry ... OK
2015/01/27 10:16:39: Complete.
2015/01/27 10:16:39: COM PORT CLOSE ... OK
2015/01/27 10:16:39: 
2015/01/27 10:16:39: ==== Processing was completed ====
2015/01/27 10:16:39: 
*************************************************


*********** Start the Initialize Key Check **********
2015/01/27 10:18:27: Tool Ver: 2013.0605.01
2015/01/27 10:18:27: COM PORT OPEN ... OK
2015/01/27 10:18:27:
2015/01/27 10:18:27: ProductS/N:  VRW06A115101075
2015/01/27 10:18:27: TID: 86043A2022E62080
2015/01/27 10:18:27: F/W Version: 00.00.08
2015/01/27 10:18:27:
2015/01/27 10:18:27: MasterKey Key Entry ... OK
2015/01/27 10:18:27: PowerON Counter Key Entry ... OK
2015/01/27 10:18:27: Key Entry ... OK
2015/01/27 10:18:27: Complete.
2015/01/27 10:18:27: COM PORT CLOSE ... OK
2015/01/27 10:18:27: 
2015/01/27 10:18:27: ==== Processing was completed ====
2015/01/27 10:18:27: 
*************************************************


*********** Start the Initialize Key Check **********
2015/01/27 10:20:28: Tool Ver: 2013.0605.01
2015/01/27 10:20:28: COM PORT OPEN ... OK
2015/01/27 10:20:28:
2015/01/27 10:20:28: ProductS/N:  VRW06A115101092
2015/01/27 10:20:28: TID: 8604152B3AE62080
2015/01/27 10:20:28: F/W Version: 00.00.08
2015/01/27 10:20:28:
2015/01/27 10:20:28: MasterKey Key Entry ... OK
2015/01/27 10:20:28: PowerON Counter Key Entry ... OK
2015/01/27 10:20:29: Key Entry ... OK
2015/01/27 10:20:29: Complete.
2015/01/27 10:20:29: COM PORT CLOSE ... OK
2015/01/27 10:20:29: 
2015/01/27 10:20:29: ==== Processing was completed ====
2015/01/27 10:20:29: 
*************************************************


*********** Start the Initialize Key Check **********
2015/01/27 10:22:04: Tool Ver: 2013.0605.01
2015/01/27 10:22:04: COM PORT OPEN ... OK
2015/01/27 10:22:04:
2015/01/27 10:22:04: ProductS/N:  VRW06A115101189
2015/01/27 10:22:04: TID: 86041F2122E62080
2015/01/27 10:22:04: F/W Version: 00.00.08
2015/01/27 10:22:04:
2015/01/27 10:22:04: MasterKey Key Entry ... OK
2015/01/27 10:22:04: PowerON Counter Key Entry ... OK
2015/01/27 10:22:05: Key Entry ... OK
2015/01/27 10:22:05: Complete.
2015/01/27 10:22:05: COM PORT CLOSE ... OK
2015/01/27 10:22:05: 
2015/01/27 10:22:05: ==== Processing was completed ====
2015/01/27 10:22:05: 
*************************************************


*********** Start the Initialize Key Check **********
2015/01/27 10:22:44: Tool Ver: 2013.0605.01
2015/01/27 10:22:44: Product S/N ... ERROR
2015/01/27 10:22:44: 
2015/01/27 10:22:44: ######## Error has occurred ########
2015/01/27 10:22:44: 
*************************************************


*********** Start the Initialize Key Check **********
2015/01/27 10:23:10: Tool Ver: 2013.0605.01
2015/01/27 10:23:11: COM PORT OPEN ... OK
2015/01/27 10:23:11:
2015/01/27 10:23:11: ProductS/N:  VRW06A115101190
2015/01/27 10:23:11: TID: 860438113AE62080
2015/01/27 10:23:11: F/W Version: 00.00.08
2015/01/27 10:23:11:
2015/01/27 10:23:11: MasterKey Key Entry ... OK
2015/01/27 10:23:11: PowerON Counter Key Entry ... OK
2015/01/27 10:23:11: Key Entry ... OK
2015/01/27 10:23:11: Complete.
2015/01/27 10:23:11: COM PORT CLOSE ... OK
2015/01/27 10:23:11: 
2015/01/27 10:23:11: ==== Processing was completed ====
2015/01/27 10:23:11: 
*************************************************


*********** Start the Initialize Key Check **********
2015/01/27 10:24:39: Tool Ver: 2013.0605.01
2015/01/27 10:24:39: COM PORT OPEN ... OK
2015/01/27 10:24:39:
2015/01/27 10:24:39: ProductS/N:  VRW06A115101186
2015/01/27 10:24:39: TID: 86043E213AE62080
2015/01/27 10:24:39: F/W Version: 00.00.08
2015/01/27 10:24:39:
2015/01/27 10:24:39: MasterKey Key Entry ... OK
2015/01/27 10:24:39: PowerON Counter Key Entry ... OK
2015/01/27 10:24:40: Key Entry ... OK
2015/01/27 10:24:40: Complete.
2015/01/27 10:24:40: COM PORT CLOSE ... OK
2015/01/27 10:24:40: 
2015/01/27 10:24:40: ==== Processing was completed ====
2015/01/27 10:24:40: 
*************************************************


*********** Start the Initialize Key Check **********
2015/01/27 10:33:58: Tool Ver: 2013.0605.01
2015/01/27 10:33:58: COM PORT OPEN ... OK
2015/01/27 10:33:58:
2015/01/27 10:33:58: ProductS/N:  VRW06A115101152
2015/01/27 10:33:58: TID: 860440243AE62080
2015/01/27 10:33:58: F/W Version: 00.00.08
2015/01/27 10:33:58:
2015/01/27 10:33:58: MasterKey Key Entry ... OK
2015/01/27 10:33:58: PowerON Counter Key Entry ... OK
2015/01/27 10:33:59: Key Entry ... OK
2015/01/27 10:33:59: Complete.
2015/01/27 10:33:59: COM PORT CLOSE ... OK
2015/01/27 10:33:59: 
2015/01/27 10:33:59: ==== Processing was completed ====
2015/01/27 10:33:59: 
*************************************************


*********** Start the Initialize Key Check **********
2015/01/27 10:35:41: Tool Ver: 2013.0605.01
2015/01/27 10:35:41: COM PORT OPEN ... OK
2015/01/27 10:35:41:
2015/01/27 10:35:41: ProductS/N:  VRW06A115101180
2015/01/27 10:35:41: TID: 860425263AE62080
2015/01/27 10:35:41: F/W Version: 00.00.08
2015/01/27 10:35:41:
2015/01/27 10:35:41: MasterKey Key Entry ... OK
2015/01/27 10:35:41: PowerON Counter Key Entry ... OK
2015/01/27 10:35:42: Key Entry ... OK
2015/01/27 10:35:42: Complete.
2015/01/27 10:35:42: COM PORT CLOSE ... OK
2015/01/27 10:35:42: 
2015/01/27 10:35:42: ==== Processing was completed ====
2015/01/27 10:35:42: 
*************************************************


*********** Start the Initialize Key Check **********
2015/01/27 10:46:49: Tool Ver: 2013.0605.01
2015/01/27 10:46:49: COM PORT OPEN ... OK
2015/01/27 10:46:50:
2015/01/27 10:46:50: ProductS/N:  06A115101176
2015/01/27 10:46:50: TID: 860402203AE62080
2015/01/27 10:46:50: F/W Version: 00.00.08
2015/01/27 10:46:50:
2015/01/27 10:46:50: MasterKey Key Entry ... OK
2015/01/27 10:46:50: PowerON Counter Key Entry ... OK
2015/01/27 10:46:50: Key Entry ... OK
2015/01/27 10:46:50: Complete.
2015/01/27 10:46:50: COM PORT CLOSE ... OK
2015/01/27 10:46:50: 
2015/01/27 10:46:50: ==== Processing was completed ====
2015/01/27 10:46:50: 
*************************************************


*********** Start the Initialize Key Check **********
2015/01/27 10:48:19: Tool Ver: 2013.0605.01
2015/01/27 10:48:19: COM PORT OPEN ... OK
2015/01/27 10:48:20:
2015/01/27 10:48:20: ProductS/N:  VRW06A115101194
2015/01/27 10:48:20: TID: 86043D2522E62080
2015/01/27 10:48:20: F/W Version: 00.00.08
2015/01/27 10:48:20:
2015/01/27 10:48:20: MasterKey Key Entry ... OK
2015/01/27 10:48:20: PowerON Counter Key Entry ... OK
2015/01/27 10:48:20: Key Entry ... OK
2015/01/27 10:48:20: Complete.
2015/01/27 10:48:20: COM PORT CLOSE ... OK
2015/01/27 10:48:20: 
2015/01/27 10:48:20: ==== Processing was completed ====
2015/01/27 10:48:20: 
*************************************************


*********** Start the Initialize Key Check **********
2015/01/27 10:50:01: Tool Ver: 2013.0605.01
2015/01/27 10:50:01: COM PORT OPEN ... OK
2015/01/27 10:50:01:
2015/01/27 10:50:01: ProductS/N:  VRW06A115101070
2015/01/27 10:50:01: TID: 86040A1E22E62080
2015/01/27 10:50:01: F/W Version: 00.00.08
2015/01/27 10:50:01:
2015/01/27 10:50:01: MasterKey Key Entry ... OK
2015/01/27 10:50:01: PowerON Counter Key Entry ... OK
2015/01/27 10:50:02: Key Entry ... OK
2015/01/27 10:50:02: Complete.
2015/01/27 10:50:02: COM PORT CLOSE ... OK
2015/01/27 10:50:02: 
2015/01/27 10:50:02: ==== Processing was completed ====
2015/01/27 10:50:02: 
*************************************************


*********** Start the Initialize Key Check **********
2015/01/27 11:03:14: Tool Ver: 2013.0605.01
2015/01/27 11:03:14: COM PORT OPEN ... OK
2015/01/27 11:03:14:
2015/01/27 11:03:14: ProductS/N:  VRW06A115101193
2015/01/27 11:03:14: TID: 86043E2622E62080
2015/01/27 11:03:14: F/W Version: 00.00.08
2015/01/27 11:03:14:
2015/01/27 11:03:14: MasterKey Key Entry ... OK
2015/01/27 11:03:14: PowerON Counter Key Entry ... OK
2015/01/27 11:03:15: Key Entry ... OK
2015/01/27 11:03:15: Complete.
2015/01/27 11:03:15: COM PORT CLOSE ... OK
2015/01/27 11:03:15: 
2015/01/27 11:03:15: ==== Processing was completed ====
2015/01/27 11:03:15: 
*************************************************


*********** Start the Initialize Key Check **********
2015/01/27 11:06:40: Tool Ver: 2013.0605.01
2015/01/27 11:06:40: COM PORT OPEN ... OK
2015/01/27 11:06:40:
2015/01/27 11:06:40: ProductS/N:  VRW06A115101145
2015/01/27 11:06:40: TID: 86042209D2E52080
2015/01/27 11:06:40: F/W Version: 00.00.08
2015/01/27 11:06:40:
2015/01/27 11:06:40: MasterKey Key Entry ... OK
2015/01/27 11:06:40: PowerON Counter Key Entry ... OK
2015/01/27 11:06:41: Key Entry ... OK
2015/01/27 11:06:41: Complete.
2015/01/27 11:06:41: COM PORT CLOSE ... OK
2015/01/27 11:06:41: 
2015/01/27 11:06:41: ==== Processing was completed ====
2015/01/27 11:06:41: 
*************************************************


*********** Start the Initialize Key Check **********
2015/01/27 11:07:57: Tool Ver: 2013.0605.01
2015/01/27 11:07:57: COM PORT OPEN ... OK
2015/01/27 11:07:57:
2015/01/27 11:07:57: ProductS/N:  VRW06A115101192
2015/01/27 11:07:57: TID: 86042F2522E62080
2015/01/27 11:07:57: F/W Version: 00.00.08
2015/01/27 11:07:57:
2015/01/27 11:07:57: MasterKey Key Entry ... OK
2015/01/27 11:07:57: PowerON Counter Key Entry ... OK
2015/01/27 11:07:58: Key Entry ... OK
2015/01/27 11:07:58: Complete.
2015/01/27 11:07:58: COM PORT CLOSE ... OK
2015/01/27 11:07:58: 
2015/01/27 11:07:58: ==== Processing was completed ====
2015/01/27 11:07:58: 
*************************************************


*********** Start the Initialize Key Check **********
2015/01/27 11:08:52: Tool Ver: 2013.0605.01
2015/01/27 11:08:52: COM PORT OPEN ... OK
2015/01/27 11:08:52:
2015/01/27 11:08:52: ProductS/N:  VRW06A115101123
2015/01/27 11:08:52: TID: 86041F1132E62080
2015/01/27 11:08:52: F/W Version: 00.00.08
2015/01/27 11:08:52:
2015/01/27 11:08:52: MasterKey Key Entry ... OK
2015/01/27 11:08:52: PowerON Counter Key Entry ... OK
2015/01/27 11:08:53: Key Entry ... OK
2015/01/27 11:08:53: Complete.
2015/01/27 11:08:53: COM PORT CLOSE ... OK
2015/01/27 11:08:53: 
2015/01/27 11:08:53: ==== Processing was completed ====
2015/01/27 11:08:53: 
*************************************************


*********** Start the Initialize Key Check **********
2015/01/27 11:29:35: Tool Ver: 2013.0605.01
2015/01/27 11:29:35: COM PORT OPEN ... OK
2015/01/27 11:29:35:
2015/01/27 11:29:35: ProductS/N:  VRW06A115101161
2015/01/27 11:29:35: TID: 860415203AE62080
2015/01/27 11:29:35: F/W Version: 00.00.08
2015/01/27 11:29:35:
2015/01/27 11:29:35: MasterKey Key Entry ... OK
2015/01/27 11:29:35: PowerON Counter Key Entry ... OK
2015/01/27 11:29:35: Key Entry ... OK
2015/01/27 11:29:35: Complete.
2015/01/27 11:29:35: COM PORT CLOSE ... OK
2015/01/27 11:29:35: 
2015/01/27 11:29:35: ==== Processing was completed ====
2015/01/27 11:29:35: 
*************************************************


*********** Start the Initialize Key Check **********
2015/01/27 11:40:34: Tool Ver: 2013.0605.01
2015/01/27 11:40:34: COM PORT OPEN ... OK
2015/01/27 11:40:34:
2015/01/27 11:40:34: ProductS/N:  6A115101197
2015/01/27 11:40:34: TID: 8604332022E62080
2015/01/27 11:40:34: F/W Version: 00.00.08
2015/01/27 11:40:34:
2015/01/27 11:40:34: MasterKey Key Entry ... OK
2015/01/27 11:40:34: PowerON Counter Key Entry ... OK
2015/01/27 11:40:35: Key Entry ... OK
2015/01/27 11:40:35: Complete.
2015/01/27 11:40:35: COM PORT CLOSE ... OK
2015/01/27 11:40:35: 
2015/01/27 11:40:35: ==== Processing was completed ====
2015/01/27 11:40:35: 
*************************************************


*********** Start the Initialize Key Check **********
2015/01/27 13:10:19: Tool Ver: 2013.0605.01
2015/01/27 13:10:19: COM PORT OPEN ... OK
2015/01/27 13:10:19:
2015/01/27 13:10:19: ProductS/N:  6A115101198
2015/01/27 13:10:20: TID: 8604402422E62080
2015/01/27 13:10:20: F/W Version: 00.00.08
2015/01/27 13:10:20:
2015/01/27 13:10:20: MasterKey Key Entry ... OK
2015/01/27 13:10:20: PowerON Counter Key Entry ... OK
2015/01/27 13:10:20: Key Entry ... OK
2015/01/27 13:10:20: Complete.
2015/01/27 13:10:20: COM PORT CLOSE ... OK
2015/01/27 13:10:20: 
2015/01/27 13:10:20: ==== Processing was completed ====
2015/01/27 13:10:20: 
*************************************************


*********** Start the Initialize Key Check **********
2015/01/27 13:11:56: Tool Ver: 2013.0605.01
2015/01/27 13:11:56: COM PORT OPEN ... OK
2015/01/27 13:11:56:
2015/01/27 13:11:56: ProductS/N:  VRW06A115101123
2015/01/27 13:11:56: TID: 86041F1132E62080
2015/01/27 13:11:56: F/W Version: 00.00.08
2015/01/27 13:11:56:
2015/01/27 13:11:56: MasterKey Key Entry ... OK
2015/01/27 13:11:56: PowerON Counter Key Entry ... OK
2015/01/27 13:11:56: Key Entry ... OK
2015/01/27 13:11:56: Complete.
2015/01/27 13:11:56: COM PORT CLOSE ... OK
2015/01/27 13:11:56: 
2015/01/27 13:11:57: ==== Processing was completed ====
2015/01/27 13:11:57: 
*************************************************


*********** Start the Initialize Key Check **********
2015/01/27 13:13:01: Tool Ver: 2013.0605.01
2015/01/27 13:13:01: COM PORT OPEN ... OK
2015/01/27 13:13:01:
2015/01/27 13:13:01: ProductS/N:  VRW06A115101145
2015/01/27 13:13:01: TID: 86042209D2E52080
2015/01/27 13:13:01: F/W Version: 00.00.08
2015/01/27 13:13:01:
2015/01/27 13:13:01: MasterKey Key Entry ... OK
2015/01/27 13:13:01: PowerON Counter Key Entry ... OK
2015/01/27 13:13:01: Key Entry ... OK
2015/01/27 13:13:01: Complete.
2015/01/27 13:13:01: COM PORT CLOSE ... OK
2015/01/27 13:13:01: 
2015/01/27 13:13:01: ==== Processing was completed ====
2015/01/27 13:13:01: 
*************************************************


*********** Start the Initialize Key Check **********
2015/01/27 13:14:22: Tool Ver: 2013.0605.01
2015/01/27 13:14:22: COM PORT OPEN ... OK
2015/01/27 13:14:22:
2015/01/27 13:14:22: ProductS/N:  VRW06A115101195
2015/01/27 13:14:22: TID: 8604112B3AE62080
2015/01/27 13:14:22: F/W Version: 00.00.08
2015/01/27 13:14:22:
2015/01/27 13:14:23: MasterKey Key Entry ... OK
2015/01/27 13:14:23: PowerON Counter Key Entry ... OK
2015/01/27 13:14:23: Key Entry ... OK
2015/01/27 13:14:23: Complete.
2015/01/27 13:14:23: COM PORT CLOSE ... OK
2015/01/27 13:14:23: 
2015/01/27 13:14:23: ==== Processing was completed ====
2015/01/27 13:14:23: 
*************************************************


*********** Start the Initialize Key Check **********
2015/01/27 13:17:59: Tool Ver: 2013.0605.01
2015/01/27 13:17:59: COM PORT OPEN ... OK
2015/01/27 13:17:59:
2015/01/27 13:17:59: ProductS/N:  VRW06A115101196
2015/01/27 13:17:59: TID: 8604330F32E62080
2015/01/27 13:17:59: F/W Version: 00.00.08
2015/01/27 13:17:59:
2015/01/27 13:17:59: MasterKey Key Entry ... OK
2015/01/27 13:17:59: PowerON Counter Key Entry ... OK
2015/01/27 13:18:00: Key Entry ... OK
2015/01/27 13:18:00: Complete.
2015/01/27 13:18:00: COM PORT CLOSE ... OK
2015/01/27 13:18:00: 
2015/01/27 13:18:00: ==== Processing was completed ====
2015/01/27 13:18:00: 
*************************************************


*********** Start the Initialize Key Check **********
2015/01/27 13:24:56: Tool Ver: 2013.0605.01
2015/01/27 13:24:56: COM PORT OPEN ... OK
2015/01/27 13:24:57: AUTH1 POS ... ERROR(41)
2015/01/27 13:24:57:
2015/01/27 13:24:57: ProductS/N:  VRW06A115100705
2015/01/27 13:24:57: TID: 86042126CAE52080
2015/01/27 13:24:57: F/W Version: 00.00.08
2015/01/27 13:24:57:
2015/01/27 13:24:57: MasterKey Key Entry... ERROR
2015/01/27 13:24:57: PowerON Counter Key Entry... ERROR
2015/01/27 13:24:57: COM PORT CLOSE ... OK
2015/01/27 13:24:57: 
2015/01/27 13:24:57: ######## Error has occurred ########
2015/01/27 13:24:57: 
*************************************************


*********** Start the Initialize Key Check **********
2015/01/27 13:27:21: Tool Ver: 2013.0605.01
2015/01/27 13:27:21: COM PORT OPEN ... OK
2015/01/27 13:27:21:
2015/01/27 13:27:21: ProductS/N:  VRW06A115101202
2015/01/27 13:27:21: TID: 8604222622E62080
2015/01/27 13:27:21: F/W Version: 00.00.08
2015/01/27 13:27:21:
2015/01/27 13:27:21: MasterKey Key Entry ... OK
2015/01/27 13:27:21: PowerON Counter Key Entry ... OK
2015/01/27 13:27:21: Key Entry ... OK
2015/01/27 13:27:21: Complete.
2015/01/27 13:27:21: COM PORT CLOSE ... OK
2015/01/27 13:27:21: 
2015/01/27 13:27:21: ==== Processing was completed ====
2015/01/27 13:27:21: 
*************************************************


*********** Start the Initialize Key Check **********
2015/01/27 13:28:51: Tool Ver: 2013.0605.01
2015/01/27 13:28:51: COM PORT OPEN ... OK
2015/01/27 13:28:51:
2015/01/27 13:28:51: ProductS/N:  VRW06A115101199
2015/01/27 13:28:51: TID: 86040A2222E62080
2015/01/27 13:28:51: F/W Version: 00.00.08
2015/01/27 13:28:51:
2015/01/27 13:28:51: MasterKey Key Entry ... OK
2015/01/27 13:28:51: PowerON Counter Key Entry ... OK
2015/01/27 13:28:52: Key Entry ... OK
2015/01/27 13:28:52: Complete.
2015/01/27 13:28:52: COM PORT CLOSE ... OK
2015/01/27 13:28:52: 
2015/01/27 13:28:52: ==== Processing was completed ====
2015/01/27 13:28:52: 
*************************************************


*********** Start the Initialize Key Check **********
2015/01/27 13:30:08: Tool Ver: 2013.0605.01
2015/01/27 13:30:08: COM PORT OPEN ... OK
2015/01/27 13:30:08:
2015/01/27 13:30:08: ProductS/N:  VRW06A115101200
2015/01/27 13:30:08: TID: 86040C2022E62080
2015/01/27 13:30:08: F/W Version: 00.00.08
2015/01/27 13:30:08:
2015/01/27 13:30:08: MasterKey Key Entry ... OK
2015/01/27 13:30:08: PowerON Counter Key Entry ... OK
2015/01/27 13:30:08: Key Entry ... OK
2015/01/27 13:30:08: Complete.
2015/01/27 13:30:08: COM PORT CLOSE ... OK
2015/01/27 13:30:08: 
2015/01/27 13:30:08: ==== Processing was completed ====
2015/01/27 13:30:08: 
*************************************************


*********** Start the Initialize Key Check **********
2015/01/27 13:36:58: Tool Ver: 2013.0605.01
2015/01/27 13:36:58: COM PORT OPEN ... OK
2015/01/27 13:36:58: AUTH1 POS ... ERROR(41)
2015/01/27 13:36:58:
2015/01/27 13:36:58: ProductS/N:  VRW06A115100705
2015/01/27 13:36:58: TID: 86042126CAE52080
2015/01/27 13:36:58: F/W Version: 00.00.08
2015/01/27 13:36:58:
2015/01/27 13:36:58: MasterKey Key Entry... ERROR
2015/01/27 13:36:58: PowerON Counter Key Entry... ERROR
2015/01/27 13:36:58: COM PORT CLOSE ... OK
2015/01/27 13:36:58: 
2015/01/27 13:36:58: ######## Error has occurred ########
2015/01/27 13:36:58: 
*************************************************


*********** Start the Initialize Key Check **********
2015/01/27 13:45:15: Tool Ver: 2013.0605.01
2015/01/27 13:45:16: COM PORT OPEN ... OK
2015/01/27 13:45:16:
2015/01/27 13:45:16: ProductS/N:  VRW06A115101203
2015/01/27 13:45:16: TID: 86041F1F5A842D80
2015/01/27 13:45:16: F/W Version: 00.00.08
2015/01/27 13:45:16:
2015/01/27 13:45:16: MasterKey Key Entry ... OK
2015/01/27 13:45:16: PowerON Counter Key Entry ... OK
2015/01/27 13:45:16: Key Entry ... OK
2015/01/27 13:45:16: Complete.
2015/01/27 13:45:16: COM PORT CLOSE ... OK
2015/01/27 13:45:16: 
2015/01/27 13:45:16: ==== Processing was completed ====
2015/01/27 13:45:16: 
*************************************************


*********** Start the Initialize Key Check **********
2015/01/27 13:47:14: Tool Ver: 2013.0605.01
2015/01/27 13:47:14: COM PORT OPEN ... OK
2015/01/27 13:47:14:
2015/01/27 13:47:14: ProductS/N:  VRW06A115101175
2015/01/27 13:47:14: TID: 8604160632E62080
2015/01/27 13:47:14: F/W Version: 00.00.08
2015/01/27 13:47:14:
2015/01/27 13:47:14: MasterKey Key Entry ... OK
2015/01/27 13:47:14: PowerON Counter Key Entry ... OK
2015/01/27 13:47:15: Key Entry ... OK
2015/01/27 13:47:15: Complete.
2015/01/27 13:47:15: COM PORT CLOSE ... OK
2015/01/27 13:47:15: 
2015/01/27 13:47:15: ==== Processing was completed ====
2015/01/27 13:47:15: 
*************************************************


*********** Start the Initialize Key Check **********
2015/01/27 14:28:49: Tool Ver: 2013.0605.01
2015/01/27 14:28:49: COM PORT OPEN ... OK
2015/01/27 14:28:49: AUTH1 POS ... ERROR(41)
2015/01/27 14:28:49:
2015/01/27 14:28:49: ProductS/N:  5100705
2015/01/27 14:28:49: TID: 86042126CAE52080
2015/01/27 14:28:49: F/W Version: 00.00.08
2015/01/27 14:28:49:
2015/01/27 14:28:49: MasterKey Key Entry... ERROR
2015/01/27 14:28:49: PowerON Counter Key Entry... ERROR
2015/01/27 14:28:49: COM PORT CLOSE ... OK
2015/01/27 14:28:49: 
2015/01/27 14:28:49: ######## Error has occurred ########
2015/01/27 14:28:49: 
*************************************************


*********** Start the Initialize Key Check **********
2015/01/27 14:29:18: Tool Ver: 2013.0605.01
2015/01/27 14:29:18: COM PORT OPEN ... OK
2015/01/27 14:29:18: AUTH1 POS ... ERROR(41)
2015/01/27 14:29:18:
2015/01/27 14:29:18: ProductS/N:  5100705
2015/01/27 14:29:18: TID: 86042126CAE52080
2015/01/27 14:29:18: F/W Version: 00.00.08
2015/01/27 14:29:18:
2015/01/27 14:29:18: MasterKey Key Entry... ERROR
2015/01/27 14:29:18: PowerON Counter Key Entry... ERROR
2015/01/27 14:29:18: COM PORT CLOSE ... OK
2015/01/27 14:29:18: 
2015/01/27 14:29:18: ######## Error has occurred ########
2015/01/27 14:29:18: 
*************************************************


