*********** Start the Initialize Key Check **********
2015/04/14 10:56:51: Tool Ver: 2013.0605.01
2015/04/14 10:56:51: COM PORT OPEN ... OK
2015/04/14 10:56:51:
2015/04/14 10:56:51: ProductS/N:  5400210
2015/04/14 10:56:51: TID: 86043E2E6A842D80
2015/04/14 10:56:51: F/W Version: 00.00.08
2015/04/14 10:56:51:
2015/04/14 10:56:51: MasterKey Key Entry ... OK
2015/04/14 10:56:51: PowerON Counter Key Entry ... OK
2015/04/14 10:56:52: Key Entry ... OK
2015/04/14 10:56:52: Complete.
2015/04/14 10:56:52: COM PORT CLOSE ... OK
2015/04/14 10:56:52: 
2015/04/14 10:56:52: ==== Processing was completed ====
2015/04/14 10:56:52: 
*************************************************


*********** Start the Initialize Key Check **********
2015/04/14 10:59:08: Tool Ver: 2013.0605.01
2015/04/14 10:59:08: COM PORT OPEN ... OK
2015/04/14 10:59:08:
2015/04/14 10:59:08: ProductS/N:  5400211
2015/04/14 10:59:09: TID: 8604391A6A842D80
2015/04/14 10:59:09: F/W Version: 00.00.08
2015/04/14 10:59:09:
2015/04/14 10:59:09: MasterKey Key Entry ... OK
2015/04/14 10:59:09: PowerON Counter Key Entry ... OK
2015/04/14 10:59:09: Key Entry ... OK
2015/04/14 10:59:09: Complete.
2015/04/14 10:59:09: COM PORT CLOSE ... OK
2015/04/14 10:59:09: 
2015/04/14 10:59:09: ==== Processing was completed ====
2015/04/14 10:59:09: 
*************************************************


*********** Start the Initialize Key Check **********
2015/04/14 11:09:53: Tool Ver: 2013.0605.01
2015/04/14 11:09:53: COM PORT OPEN ... OK
2015/04/14 11:09:53:
2015/04/14 11:09:53: ProductS/N:  5400209
2015/04/14 11:09:53: TID: 86043F2E6A842D80
2015/04/14 11:09:53: F/W Version: 00.00.08
2015/04/14 11:09:53:
2015/04/14 11:09:53: MasterKey Key Entry ... OK
2015/04/14 11:09:53: PowerON Counter Key Entry ... OK
2015/04/14 11:09:53: Key Entry ... OK
2015/04/14 11:09:53: Complete.
2015/04/14 11:09:53: COM PORT CLOSE ... OK
2015/04/14 11:09:53: 
2015/04/14 11:09:53: ==== Processing was completed ====
2015/04/14 11:09:53: 
*************************************************


*********** Start the Initialize Key Check **********
2015/04/14 13:05:43: Tool Ver: 2013.0605.01
2015/04/14 13:05:43: COM PORT OPEN ... OK
2015/04/14 13:05:43:
2015/04/14 13:05:43: ProductS/N:  5400224
2015/04/14 13:05:43: TID: 86042A3562842D80
2015/04/14 13:05:43: F/W Version: 00.00.08
2015/04/14 13:05:43:
2015/04/14 13:05:43: MasterKey Key Entry ... OK
2015/04/14 13:05:43: PowerON Counter Key Entry ... OK
2015/04/14 13:05:43: Key Entry ... OK
2015/04/14 13:05:43: Complete.
2015/04/14 13:05:43: COM PORT CLOSE ... OK
2015/04/14 13:05:43: 
2015/04/14 13:05:43: ==== Processing was completed ====
2015/04/14 13:05:43: 
*************************************************


*********** Start the Initialize Key Check **********
2015/04/14 13:08:17: Tool Ver: 2013.0605.01
2015/04/14 13:08:17: COM PORT OPEN ... OK
2015/04/14 13:08:18:
2015/04/14 13:08:18: ProductS/N:  5400222
2015/04/14 13:08:18: TID: 86043D226A842D80
2015/04/14 13:08:18: F/W Version: 00.00.08
2015/04/14 13:08:18:
2015/04/14 13:08:18: MasterKey Key Entry ... OK
2015/04/14 13:08:18: PowerON Counter Key Entry ... OK
2015/04/14 13:08:18: Key Entry ... OK
2015/04/14 13:08:18: Complete.
2015/04/14 13:08:18: COM PORT CLOSE ... OK
2015/04/14 13:08:18: 
2015/04/14 13:08:18: ==== Processing was completed ====
2015/04/14 13:08:18: 
*************************************************


*********** Start the Initialize Key Check **********
2015/04/14 13:08:51: Tool Ver: 2013.0605.01
2015/04/14 13:08:51: COM PORT OPEN ... OK
2015/04/14 13:08:51:
2015/04/14 13:08:51: ProductS/N:  5400218
2015/04/14 13:08:51: TID: 8604032772842D80
2015/04/14 13:08:51: F/W Version: 00.00.08
2015/04/14 13:08:51:
2015/04/14 13:08:51: MasterKey Key Entry ... OK
2015/04/14 13:08:51: PowerON Counter Key Entry ... OK
2015/04/14 13:08:51: Key Entry ... OK
2015/04/14 13:08:51: Complete.
2015/04/14 13:08:51: COM PORT CLOSE ... OK
2015/04/14 13:08:51: 
2015/04/14 13:08:51: ==== Processing was completed ====
2015/04/14 13:08:51: 
*************************************************


*********** Start the Initialize Key Check **********
2015/04/14 13:09:33: Tool Ver: 2013.0605.01
2015/04/14 13:09:33: COM PORT OPEN ... OK
2015/04/14 13:09:34:
2015/04/14 13:09:34: ProductS/N:  5400209
2015/04/14 13:09:34: TID: 86043F2E6A842D80
2015/04/14 13:09:34: F/W Version: 00.00.08
2015/04/14 13:09:34:
2015/04/14 13:09:34: MasterKey Key Entry ... OK
2015/04/14 13:09:34: PowerON Counter Key Entry ... OK
2015/04/14 13:09:34: Key Entry ... OK
2015/04/14 13:09:34: Complete.
2015/04/14 13:09:34: COM PORT CLOSE ... OK
2015/04/14 13:09:34: 
2015/04/14 13:09:34: ==== Processing was completed ====
2015/04/14 13:09:34: 
*************************************************


*********** Start the Initialize Key Check **********
2015/04/14 13:10:18: Tool Ver: 2013.0605.01
2015/04/14 13:10:18: COM PORT OPEN ... OK
2015/04/14 13:10:18:
2015/04/14 13:10:18: ProductS/N:  5400226
2015/04/14 13:10:18: TID: 86043D186A842D80
2015/04/14 13:10:18: F/W Version: 00.00.08
2015/04/14 13:10:18:
2015/04/14 13:10:18: MasterKey Key Entry ... OK
2015/04/14 13:10:18: PowerON Counter Key Entry ... OK
2015/04/14 13:10:19: Key Entry ... OK
2015/04/14 13:10:19: Complete.
2015/04/14 13:10:19: COM PORT CLOSE ... OK
2015/04/14 13:10:19: 
2015/04/14 13:10:19: ==== Processing was completed ====
2015/04/14 13:10:19: 
*************************************************


*********** Start the Initialize Key Check **********
2015/04/14 13:26:29: Tool Ver: 2013.0605.01
2015/04/14 13:26:29: COM PORT OPEN ... OK
2015/04/14 13:26:29:
2015/04/14 13:26:29: ProductS/N:  5400228
2015/04/14 13:26:29: TID: 860439296A842D80
2015/04/14 13:26:29: F/W Version: 00.00.08
2015/04/14 13:26:29:
2015/04/14 13:26:29: MasterKey Key Entry ... OK
2015/04/14 13:26:29: PowerON Counter Key Entry ... OK
2015/04/14 13:26:30: Key Entry ... OK
2015/04/14 13:26:30: Complete.
2015/04/14 13:26:30: COM PORT CLOSE ... OK
2015/04/14 13:26:30: 
2015/04/14 13:26:30: ==== Processing was completed ====
2015/04/14 13:26:30: 
*************************************************


*********** Start the Initialize Key Check **********
2015/04/14 13:27:39: Tool Ver: 2013.0605.01
2015/04/14 13:27:39: COM PORT OPEN ... OK
2015/04/14 13:27:39:
2015/04/14 13:27:39: ProductS/N:  5400247
2015/04/14 13:27:39: TID: 86043D196A842D80
2015/04/14 13:27:39: F/W Version: 00.00.08
2015/04/14 13:27:39:
2015/04/14 13:27:39: MasterKey Key Entry ... OK
2015/04/14 13:27:39: PowerON Counter Key Entry ... OK
2015/04/14 13:27:40: Key Entry ... OK
2015/04/14 13:27:40: Complete.
2015/04/14 13:27:40: COM PORT CLOSE ... OK
2015/04/14 13:27:40: 
2015/04/14 13:27:40: ==== Processing was completed ====
2015/04/14 13:27:40: 
*************************************************


*********** Start the Initialize Key Check **********
2015/04/14 13:28:17: Tool Ver: 2013.0605.01
2015/04/14 13:28:17: COM PORT OPEN ... OK
2015/04/14 13:28:17:
2015/04/14 13:28:17: ProductS/N:  5400252
2015/04/14 13:28:17: TID: 86043E176A842D80
2015/04/14 13:28:17: F/W Version: 00.00.08
2015/04/14 13:28:17:
2015/04/14 13:28:17: MasterKey Key Entry ... OK
2015/04/14 13:28:17: PowerON Counter Key Entry ... OK
2015/04/14 13:28:17: Key Entry ... OK
2015/04/14 13:28:17: Complete.
2015/04/14 13:28:17: COM PORT CLOSE ... OK
2015/04/14 13:28:17: 
2015/04/14 13:28:17: ==== Processing was completed ====
2015/04/14 13:28:17: 
*************************************************


*********** Start the Initialize Key Check **********
2015/04/14 13:33:59: Tool Ver: 2013.0605.01
2015/04/14 13:33:59: COM PORT OPEN ... OK
2015/04/14 13:33:59:
2015/04/14 13:33:59: ProductS/N:  5400253
2015/04/14 13:33:59: TID: 860439336A842D80
2015/04/14 13:33:59: F/W Version: 00.00.08
2015/04/14 13:33:59:
2015/04/14 13:33:59: MasterKey Key Entry ... OK
2015/04/14 13:33:59: PowerON Counter Key Entry ... OK
2015/04/14 13:34:00: Key Entry ... OK
2015/04/14 13:34:00: Complete.
2015/04/14 13:34:00: COM PORT CLOSE ... OK
2015/04/14 13:34:00: 
2015/04/14 13:34:00: ==== Processing was completed ====
2015/04/14 13:34:00: 
*************************************************


*********** Start the Initialize Key Check **********
2015/04/14 13:49:15: Tool Ver: 2013.0605.01
2015/04/14 13:49:15: COM PORT OPEN ... OK
2015/04/14 13:49:15:
2015/04/14 13:49:15: ProductS/N:  5400253
2015/04/14 13:49:15: TID: 860439336A842D80
2015/04/14 13:49:15: F/W Version: 00.00.08
2015/04/14 13:49:15:
2015/04/14 13:49:15: MasterKey Key Entry ... OK
2015/04/14 13:49:15: PowerON Counter Key Entry ... OK
2015/04/14 13:49:15: Key Entry ... OK
2015/04/14 13:49:15: Complete.
2015/04/14 13:49:15: COM PORT CLOSE ... OK
2015/04/14 13:49:15: 
2015/04/14 13:49:15: ==== Processing was completed ====
2015/04/14 13:49:15: 
*************************************************


*********** Start the Initialize Key Check **********
2015/04/14 13:49:34: Tool Ver: 2013.0605.01
2015/04/14 13:49:34: COM PORT OPEN ... OK
2015/04/14 13:49:34:
2015/04/14 13:49:34: ProductS/N:  5400251
2015/04/14 13:49:34: TID: 860439266A842D80
2015/04/14 13:49:34: F/W Version: 00.00.08
2015/04/14 13:49:34:
2015/04/14 13:49:34: MasterKey Key Entry ... OK
2015/04/14 13:49:34: PowerON Counter Key Entry ... OK
2015/04/14 13:49:34: Key Entry ... OK
2015/04/14 13:49:34: Complete.
2015/04/14 13:49:34: COM PORT CLOSE ... OK
2015/04/14 13:49:34: 
2015/04/14 13:49:34: ==== Processing was completed ====
2015/04/14 13:49:34: 
*************************************************


*********** Start the Initialize Key Check **********
2015/04/14 13:50:15: Tool Ver: 2013.0605.01
2015/04/14 13:50:15: COM PORT OPEN ... OK
2015/04/14 13:50:15:
2015/04/14 13:50:15: ProductS/N:  5400214
2015/04/14 13:50:15: TID: 8604362F6A842D80
2015/04/14 13:50:15: F/W Version: 00.00.08
2015/04/14 13:50:15:
2015/04/14 13:50:15: MasterKey Key Entry ... OK
2015/04/14 13:50:15: PowerON Counter Key Entry ... OK
2015/04/14 13:50:16: Key Entry ... OK
2015/04/14 13:50:16: Complete.
2015/04/14 13:50:16: COM PORT CLOSE ... OK
2015/04/14 13:50:16: 
2015/04/14 13:50:16: ==== Processing was completed ====
2015/04/14 13:50:16: 
*************************************************


*********** Start the Initialize Key Check **********
2015/04/14 13:50:47: Tool Ver: 2013.0605.01
2015/04/14 13:50:47: COM PORT OPEN ... OK
2015/04/14 13:50:47:
2015/04/14 13:50:47: ProductS/N:  5400225
2015/04/14 13:50:47: TID: 86043E246A842D80
2015/04/14 13:50:47: F/W Version: 00.00.08
2015/04/14 13:50:47:
2015/04/14 13:50:47: MasterKey Key Entry ... OK
2015/04/14 13:50:47: PowerON Counter Key Entry ... OK
2015/04/14 13:50:48: Key Entry ... OK
2015/04/14 13:50:48: Complete.
2015/04/14 13:50:48: COM PORT CLOSE ... OK
2015/04/14 13:50:48: 
2015/04/14 13:50:48: ==== Processing was completed ====
2015/04/14 13:50:48: 
*************************************************


*********** Start the Initialize Key Check **********
2015/04/14 13:55:27: Tool Ver: 2013.0605.01
2015/04/14 13:55:27: COM PORT OPEN ... OK
2015/04/14 13:55:27:
2015/04/14 13:55:27: ProductS/N:  5400212
2015/04/14 13:55:27: TID: 86042A2862842D80
2015/04/14 13:55:27: F/W Version: 00.00.08
2015/04/14 13:55:27:
2015/04/14 13:55:27: MasterKey Key Entry ... OK
2015/04/14 13:55:27: PowerON Counter Key Entry ... OK
2015/04/14 13:55:28: Key Entry ... OK
2015/04/14 13:55:28: Complete.
2015/04/14 13:55:28: COM PORT CLOSE ... OK
2015/04/14 13:55:28: 
2015/04/14 13:55:28: ==== Processing was completed ====
2015/04/14 13:55:28: 
*************************************************


*********** Start the Initialize Key Check **********
2015/04/14 14:02:02: Tool Ver: 2013.0605.01
2015/04/14 14:02:02: COM PORT OPEN ... OK
2015/04/14 14:02:02:
2015/04/14 14:02:02: ProductS/N:  5400217
2015/04/14 14:02:02: TID: 86042E0562842D80
2015/04/14 14:02:02: F/W Version: 00.00.08
2015/04/14 14:02:02:
2015/04/14 14:02:02: MasterKey Key Entry ... OK
2015/04/14 14:02:02: PowerON Counter Key Entry ... OK
2015/04/14 14:02:03: Key Entry ... OK
2015/04/14 14:02:03: Complete.
2015/04/14 14:02:03: COM PORT CLOSE ... OK
2015/04/14 14:02:03: 
2015/04/14 14:02:03: ==== Processing was completed ====
2015/04/14 14:02:03: 
*************************************************


*********** Start the Initialize Key Check **********
2015/04/14 14:09:14: Tool Ver: 2013.0605.01
2015/04/14 14:09:14: COM PORT OPEN ... OK
2015/04/14 14:09:14:
2015/04/14 14:09:14: ProductS/N:  5400240
2015/04/14 14:09:14: TID: 8604391D6A842D80
2015/04/14 14:09:14: F/W Version: 00.00.08
2015/04/14 14:09:14:
2015/04/14 14:09:14: MasterKey Key Entry ... OK
2015/04/14 14:09:14: PowerON Counter Key Entry ... OK
2015/04/14 14:09:14: Key Entry ... OK
2015/04/14 14:09:14: Complete.
2015/04/14 14:09:14: COM PORT CLOSE ... OK
2015/04/14 14:09:14: 
2015/04/14 14:09:14: ==== Processing was completed ====
2015/04/14 14:09:14: 
*************************************************


*********** Start the Initialize Key Check **********
2015/04/14 14:15:54: Tool Ver: 2013.0605.01
2015/04/14 14:15:54: COM PORT OPEN ... OK
2015/04/14 14:15:54:
2015/04/14 14:15:54: ProductS/N:  5400220
2015/04/14 14:15:54: TID: 86043A186A842D80
2015/04/14 14:15:54: F/W Version: 00.00.08
2015/04/14 14:15:54:
2015/04/14 14:15:54: MasterKey Key Entry ... OK
2015/04/14 14:15:54: PowerON Counter Key Entry ... OK
2015/04/14 14:15:54: Key Entry ... OK
2015/04/14 14:15:54: Complete.
2015/04/14 14:15:54: COM PORT CLOSE ... OK
2015/04/14 14:15:54: 
2015/04/14 14:15:54: ==== Processing was completed ====
2015/04/14 14:15:54: 
*************************************************


*********** Start the Initialize Key Check **********
2015/04/14 14:22:51: Tool Ver: 2013.0605.01
2015/04/14 14:22:51: COM PORT OPEN ... OK
2015/04/14 14:22:51:
2015/04/14 14:22:51: ProductS/N:  5400207
2015/04/14 14:22:51: TID: 8604392D6A842D80
2015/04/14 14:22:51: F/W Version: 00.00.08
2015/04/14 14:22:51:
2015/04/14 14:22:51: MasterKey Key Entry ... OK
2015/04/14 14:22:51: PowerON Counter Key Entry ... OK
2015/04/14 14:22:51: Key Entry ... OK
2015/04/14 14:22:51: Complete.
2015/04/14 14:22:51: COM PORT CLOSE ... OK
2015/04/14 14:22:51: 
2015/04/14 14:22:51: ==== Processing was completed ====
2015/04/14 14:22:51: 
*************************************************


*********** Start the Initialize Key Check **********
2015/04/14 14:30:01: Tool Ver: 2013.0605.01
2015/04/14 14:30:01: COM PORT OPEN ... OK
*********** Start the Initialize Key Check **********
2015/04/14 14:30:27: Tool Ver: 2013.0605.01
2015/04/14 14:30:27: COM PORT OPEN ... OK
*********** Start the Initialize Key Check **********
2015/04/14 14:31:23: Tool Ver: 2013.0605.01
2015/04/14 14:31:23: COM PORT OPEN ... OK
2015/04/14 14:31:24:
2015/04/14 14:31:24: ProductS/N:  5400236
2015/04/14 14:31:24: TID: 86042A1362842D80
2015/04/14 14:31:24: F/W Version: 00.00.08
2015/04/14 14:31:24:
2015/04/14 14:31:24: MasterKey Key Entry ... OK
2015/04/14 14:31:24: PowerON Counter Key Entry ... OK
2015/04/14 14:31:24: Key Entry ... OK
2015/04/14 14:31:24: Complete.
2015/04/14 14:31:24: COM PORT CLOSE ... OK
2015/04/14 14:31:24: 
2015/04/14 14:31:24: ==== Processing was completed ====
2015/04/14 14:31:24: 
*************************************************


*********** Start the Initialize Key Check **********
2015/04/14 14:37:33: Tool Ver: 2013.0605.01
2015/04/14 14:37:33: COM PORT OPEN ... OK
2015/04/14 14:37:33:
2015/04/14 14:37:33: ProductS/N:  5400237
2015/04/14 14:37:34: TID: 8604361F6A842D80
2015/04/14 14:37:34: F/W Version: 00.00.08
2015/04/14 14:37:34:
2015/04/14 14:37:34: MasterKey Key Entry ... OK
2015/04/14 14:37:34: PowerON Counter Key Entry ... OK
2015/04/14 14:37:34: Key Entry ... OK
2015/04/14 14:37:34: Complete.
2015/04/14 14:37:34: COM PORT CLOSE ... OK
2015/04/14 14:37:34: 
2015/04/14 14:37:34: ==== Processing was completed ====
2015/04/14 14:37:34: 
*************************************************


*********** Start the Initialize Key Check **********
2015/04/14 14:49:00: Tool Ver: 2013.0605.01
2015/04/14 14:49:00: COM PORT OPEN ... OK
2015/04/14 14:49:00:
2015/04/14 14:49:00: ProductS/N:  5400235
2015/04/14 14:49:00: TID: 860436356A842D80
2015/04/14 14:49:00: F/W Version: 00.00.08
2015/04/14 14:49:00:
2015/04/14 14:49:00: MasterKey Key Entry ... OK
2015/04/14 14:49:00: PowerON Counter Key Entry ... OK
2015/04/14 14:49:01: Key Entry ... OK
2015/04/14 14:49:01: Complete.
2015/04/14 14:49:01: COM PORT CLOSE ... OK
2015/04/14 14:49:01: 
2015/04/14 14:49:01: ==== Processing was completed ====
2015/04/14 14:49:01: 
*************************************************


*********** Start the Initialize Key Check **********
2015/04/14 14:55:06: Tool Ver: 2013.0605.01
2015/04/14 14:55:06: COM PORT OPEN ... OK
2015/04/14 14:55:06:
2015/04/14 14:55:06: ProductS/N:  5400232
2015/04/14 14:55:06: TID: 860404175A842D80
2015/04/14 14:55:06: F/W Version: 00.00.08
2015/04/14 14:55:06:
2015/04/14 14:55:06: MasterKey Key Entry ... OK
2015/04/14 14:55:06: PowerON Counter Key Entry ... OK
2015/04/14 14:55:06: Key Entry ... OK
2015/04/14 14:55:06: Complete.
2015/04/14 14:55:06: COM PORT CLOSE ... OK
2015/04/14 14:55:06: 
2015/04/14 14:55:06: ==== Processing was completed ====
2015/04/14 14:55:06: 
*************************************************


*********** Start the Initialize Key Check **********
2015/04/14 15:02:13: Tool Ver: 2013.0605.01
2015/04/14 15:02:13: COM PORT OPEN ... OK
2015/04/14 15:02:13:
2015/04/14 15:02:13: ProductS/N:  5400230
2015/04/14 15:02:13: TID: 8604292362842D80
2015/04/14 15:02:13: F/W Version: 00.00.08
2015/04/14 15:02:13:
2015/04/14 15:02:13: MasterKey Key Entry ... OK
2015/04/14 15:02:13: PowerON Counter Key Entry ... OK
2015/04/14 15:02:14: Key Entry ... OK
2015/04/14 15:02:14: Complete.
2015/04/14 15:02:14: COM PORT CLOSE ... OK
2015/04/14 15:02:14: 
2015/04/14 15:02:14: ==== Processing was completed ====
2015/04/14 15:02:14: 
*************************************************


*********** Start the Initialize Key Check **********
2015/04/14 15:09:24: Tool Ver: 2013.0605.01
2015/04/14 15:09:24: COM PORT OPEN ... OK
2015/04/14 15:09:24:
2015/04/14 15:09:24: ProductS/N:  5400219
2015/04/14 15:09:24: TID: 86043E236A842D80
2015/04/14 15:09:24: F/W Version: 00.00.08
2015/04/14 15:09:24:
2015/04/14 15:09:24: MasterKey Key Entry ... OK
2015/04/14 15:09:24: PowerON Counter Key Entry ... OK
2015/04/14 15:09:24: Key Entry ... OK
2015/04/14 15:09:24: Complete.
2015/04/14 15:09:24: COM PORT CLOSE ... OK
2015/04/14 15:09:24: 
2015/04/14 15:09:24: ==== Processing was completed ====
2015/04/14 15:09:24: 
*************************************************


*********** Start the Initialize Key Check **********
2015/04/14 15:17:09: Tool Ver: 2013.0605.01
2015/04/14 15:17:09: COM PORT OPEN ... OK
2015/04/14 15:17:09:
2015/04/14 15:17:09: ProductS/N:  5400248
2015/04/14 15:17:09: TID: 86043F2D6A842D80
2015/04/14 15:17:09: F/W Version: 00.00.08
2015/04/14 15:17:09:
2015/04/14 15:17:09: MasterKey Key Entry ... OK
2015/04/14 15:17:09: PowerON Counter Key Entry ... OK
2015/04/14 15:17:10: Key Entry ... OK
2015/04/14 15:17:10: Complete.
2015/04/14 15:17:10: COM PORT CLOSE ... OK
2015/04/14 15:17:10: 
2015/04/14 15:17:10: ==== Processing was completed ====
2015/04/14 15:17:10: 
*************************************************


*********** Start the Initialize Key Check **********
2015/04/14 15:23:34: Tool Ver: 2013.0605.01
2015/04/14 15:23:34: COM PORT OPEN ... ERROR(01)
2015/04/14 15:23:34: 
2015/04/14 15:23:34: ######## Error has occurred ########
2015/04/14 15:23:34: 
*************************************************


*********** Start the Initialize Key Check **********
2015/04/14 15:23:55: Tool Ver: 2013.0605.01
2015/04/14 15:23:55: COM PORT OPEN ... ERROR(01)
2015/04/14 15:23:55: 
2015/04/14 15:23:55: ######## Error has occurred ########
2015/04/14 15:23:55: 
*************************************************


*********** Start the Initialize Key Check **********
2015/04/14 15:24:41: Tool Ver: 2013.0605.01
2015/04/14 15:24:41: COM PORT OPEN ... OK
2015/04/14 15:24:41:
2015/04/14 15:24:41: ProductS/N:  5400243
2015/04/14 15:24:41: TID: 86043E306A842D80
2015/04/14 15:24:41: F/W Version: 00.00.08
2015/04/14 15:24:41:
2015/04/14 15:24:41: MasterKey Key Entry ... OK
2015/04/14 15:24:41: PowerON Counter Key Entry ... OK
2015/04/14 15:24:42: Key Entry ... OK
2015/04/14 15:24:42: Complete.
2015/04/14 15:24:42: COM PORT CLOSE ... OK
2015/04/14 15:24:42: 
2015/04/14 15:24:42: ==== Processing was completed ====
2015/04/14 15:24:42: 
*************************************************


*********** Start the Initialize Key Check **********
2015/04/14 15:29:38: Tool Ver: 2013.0605.01
2015/04/14 15:29:38: COM PORT OPEN ... ERROR(01)
2015/04/14 15:29:38: 
2015/04/14 15:29:38: ######## Error has occurred ########
2015/04/14 15:29:38: 
*************************************************


*********** Start the Initialize Key Check **********
2015/04/14 15:30:16: Tool Ver: 2013.0605.01
2015/04/14 15:30:16: COM PORT OPEN ... ERROR(01)
2015/04/14 15:30:16: 
2015/04/14 15:30:16: ######## Error has occurred ########
2015/04/14 15:30:16: 
*************************************************


*********** Start the Initialize Key Check **********
2015/04/14 15:30:47: Tool Ver: 2013.0605.01
2015/04/14 15:30:47: COM PORT OPEN ... OK
2015/04/14 15:30:47:
2015/04/14 15:30:47: ProductS/N:  5400266
2015/04/14 15:30:47: TID: 8604391F6A842D80
2015/04/14 15:30:47: F/W Version: 00.00.08
2015/04/14 15:30:47:
2015/04/14 15:30:47: MasterKey Key Entry ... OK
2015/04/14 15:30:47: PowerON Counter Key Entry ... OK
2015/04/14 15:30:48: Key Entry ... OK
2015/04/14 15:30:48: Complete.
2015/04/14 15:30:48: COM PORT CLOSE ... OK
2015/04/14 15:30:48: 
2015/04/14 15:30:48: ==== Processing was completed ====
2015/04/14 15:30:48: 
*************************************************


*********** Start the Initialize Key Check **********
2015/04/14 15:31:47: Tool Ver: 2013.0605.01
2015/04/14 15:31:47: COM PORT OPEN ... OK
2015/04/14 15:31:47:
2015/04/14 15:31:47: ProductS/N:  5400266
2015/04/14 15:31:47: TID: 8604391F6A842D80
2015/04/14 15:31:47: F/W Version: 00.00.08
2015/04/14 15:31:47:
2015/04/14 15:31:47: MasterKey Key Entry ... OK
2015/04/14 15:31:47: PowerON Counter Key Entry ... OK
2015/04/14 15:31:48: Key Entry ... OK
2015/04/14 15:31:48: Complete.
2015/04/14 15:31:48: COM PORT CLOSE ... OK
2015/04/14 15:31:48: 
2015/04/14 15:31:48: ==== Processing was completed ====
2015/04/14 15:31:48: 
*************************************************


*********** Start the Initialize Key Check **********
2015/04/14 15:37:08: Tool Ver: 2013.0605.01
2015/04/14 15:37:08: COM PORT OPEN ... OK
2015/04/14 15:37:08:
2015/04/14 15:37:08: ProductS/N:  5414590
2015/04/14 15:37:08: TID: 8604391B6A842D80
2015/04/14 15:37:08: F/W Version: 00.00.08
2015/04/14 15:37:08:
2015/04/14 15:37:08: MasterKey Key Entry ... OK
2015/04/14 15:37:08: PowerON Counter Key Entry ... OK
2015/04/14 15:37:09: Key Entry ... OK
2015/04/14 15:37:09: Complete.
2015/04/14 15:37:09: COM PORT CLOSE ... OK
2015/04/14 15:37:09: 
2015/04/14 15:37:09: ==== Processing was completed ====
2015/04/14 15:37:09: 
*************************************************


*********** Start the Initialize Key Check **********
2015/04/14 15:44:17: Tool Ver: 2013.0605.01
2015/04/14 15:44:17: COM PORT OPEN ... OK
2015/04/14 15:44:18:
2015/04/14 15:44:18: ProductS/N:  5400257
2015/04/14 15:44:18: TID: 8604263F62842D80
2015/04/14 15:44:18: F/W Version: 00.00.08
2015/04/14 15:44:18:
2015/04/14 15:44:18: MasterKey Key Entry ... OK
2015/04/14 15:44:18: PowerON Counter Key Entry ... OK
2015/04/14 15:44:18: Key Entry ... OK
2015/04/14 15:44:18: Complete.
2015/04/14 15:44:18: COM PORT CLOSE ... OK
2015/04/14 15:44:18: 
2015/04/14 15:44:18: ==== Processing was completed ====
2015/04/14 15:44:18: 
*************************************************


*********** Start the Initialize Key Check **********
2015/04/14 16:14:25: Tool Ver: 2013.0605.01
2015/04/14 16:14:25: COM PORT OPEN ... OK
2015/04/14 16:14:25:
2015/04/14 16:14:25: ProductS/N:  5400273
2015/04/14 16:14:25: TID: 8604391E6A842D80
2015/04/14 16:14:25: F/W Version: 00.00.08
2015/04/14 16:14:25:
2015/04/14 16:14:25: MasterKey Key Entry ... OK
2015/04/14 16:14:25: PowerON Counter Key Entry ... OK
2015/04/14 16:14:26: Key Entry ... OK
2015/04/14 16:14:26: Complete.
2015/04/14 16:14:26: COM PORT CLOSE ... OK
2015/04/14 16:14:26: 
2015/04/14 16:14:26: ==== Processing was completed ====
2015/04/14 16:14:26: 
*************************************************


*********** Start the Initialize Key Check **********
2015/04/14 16:28:34: Tool Ver: 2013.0605.01
2015/04/14 16:28:34: COM PORT OPEN ... OK
2015/04/14 16:28:34:
2015/04/14 16:28:34: ProductS/N:  5400269
2015/04/14 16:28:34: TID: 8604263062842D80
2015/04/14 16:28:34: F/W Version: 00.00.08
2015/04/14 16:28:34:
2015/04/14 16:28:35: MasterKey Key Entry ... OK
2015/04/14 16:28:35: PowerON Counter Key Entry ... OK
2015/04/14 16:28:35: Key Entry ... OK
2015/04/14 16:28:35: Complete.
2015/04/14 16:28:35: COM PORT CLOSE ... OK
2015/04/14 16:28:35: 
2015/04/14 16:28:35: ==== Processing was completed ====
2015/04/14 16:28:35: 
*************************************************


*********** Start the Initialize Key Check **********
2015/04/14 16:35:01: Tool Ver: 2013.0605.01
2015/04/14 16:35:01: COM PORT OPEN ... OK
2015/04/14 16:35:01:
2015/04/14 16:35:01: ProductS/N:  5414596
2015/04/14 16:35:01: TID: 8604032672842D80
2015/04/14 16:35:01: F/W Version: 00.00.08
2015/04/14 16:35:01:
2015/04/14 16:35:01: MasterKey Key Entry ... OK
2015/04/14 16:35:01: PowerON Counter Key Entry ... OK
2015/04/14 16:35:02: Key Entry ... OK
2015/04/14 16:35:02: Complete.
2015/04/14 16:35:02: COM PORT CLOSE ... OK
2015/04/14 16:35:02: 
2015/04/14 16:35:02: ==== Processing was completed ====
2015/04/14 16:35:02: 
*************************************************


*********** Start the Initialize Key Check **********
2015/04/14 16:44:13: Tool Ver: 2013.0605.01
2015/04/14 16:44:13: COM PORT OPEN ... OK
2015/04/14 16:44:13:
2015/04/14 16:44:13: ProductS/N:  54145965414589
2015/04/14 16:44:13: TID: 860438356A842D80
2015/04/14 16:44:13: F/W Version: 00.00.08
2015/04/14 16:44:13:
2015/04/14 16:44:13: MasterKey Key Entry ... OK
2015/04/14 16:44:13: PowerON Counter Key Entry ... OK
2015/04/14 16:44:13: Key Entry ... OK
2015/04/14 16:44:13: Complete.
2015/04/14 16:44:13: COM PORT CLOSE ... OK
2015/04/14 16:44:13: 
2015/04/14 16:44:13: ==== Processing was completed ====
2015/04/14 16:44:13: 
*************************************************


*********** Start the Initialize Key Check **********
2015/04/14 16:50:35: Tool Ver: 2013.0605.01
2015/04/14 16:50:35: COM PORT OPEN ... OK
2015/04/14 16:50:35:
2015/04/14 16:50:35: ProductS/N:  5400287
2015/04/14 16:50:35: TID: 86042A2762842D80
2015/04/14 16:50:35: F/W Version: 00.00.08
2015/04/14 16:50:35:
2015/04/14 16:50:35: MasterKey Key Entry ... OK
2015/04/14 16:50:35: PowerON Counter Key Entry ... OK
2015/04/14 16:50:36: Key Entry ... OK
2015/04/14 16:50:36: Complete.
2015/04/14 16:50:36: COM PORT CLOSE ... OK
2015/04/14 16:50:36: 
2015/04/14 16:50:36: ==== Processing was completed ====
2015/04/14 16:50:36: 
*************************************************


*********** Start the Initialize Key Check **********
2015/04/14 16:58:06: Tool Ver: 2013.0605.01
2015/04/14 16:58:06: COM PORT OPEN ... OK
2015/04/14 16:58:06:
2015/04/14 16:58:06: ProductS/N:  5400279
2015/04/14 16:58:06: TID: 860436186A842D80
2015/04/14 16:58:06: F/W Version: 00.00.08
2015/04/14 16:58:06:
2015/04/14 16:58:06: MasterKey Key Entry ... OK
2015/04/14 16:58:06: PowerON Counter Key Entry ... OK
2015/04/14 16:58:07: Key Entry ... OK
2015/04/14 16:58:07: Complete.
2015/04/14 16:58:07: COM PORT CLOSE ... OK
2015/04/14 16:58:07: 
2015/04/14 16:58:07: ==== Processing was completed ====
2015/04/14 16:58:07: 
*************************************************


*********** Start the Initialize Key Check **********
2015/04/14 17:05:09: Tool Ver: 2013.0605.01
2015/04/14 17:05:09: COM PORT OPEN ... OK
2015/04/14 17:05:09:
2015/04/14 17:05:09: ProductS/N:  5400241
2015/04/14 17:05:09: TID: 860409355A842D80
2015/04/14 17:05:09: F/W Version: 00.00.08
2015/04/14 17:05:09:
2015/04/14 17:05:09: MasterKey Key Entry ... OK
2015/04/14 17:05:09: PowerON Counter Key Entry ... OK
2015/04/14 17:05:10: Key Entry ... OK
2015/04/14 17:05:10: Complete.
2015/04/14 17:05:10: COM PORT CLOSE ... OK
2015/04/14 17:05:10: 
2015/04/14 17:05:10: ==== Processing was completed ====
2015/04/14 17:05:10: 
*************************************************


*********** Start the Initialize Key Check **********
2015/04/14 17:12:08: Tool Ver: 2013.0605.01
2015/04/14 17:12:08: COM PORT OPEN ... OK
2015/04/14 17:12:08:
2015/04/14 17:12:08: ProductS/N:  5400244
2015/04/14 17:12:08: TID: 86042D0E62842D80
2015/04/14 17:12:08: F/W Version: 00.00.08
2015/04/14 17:12:08:
2015/04/14 17:12:08: MasterKey Key Entry ... OK
2015/04/14 17:12:08: PowerON Counter Key Entry ... OK
2015/04/14 17:12:09: Key Entry ... OK
2015/04/14 17:12:09: Complete.
2015/04/14 17:12:09: COM PORT CLOSE ... OK
2015/04/14 17:12:09: 
2015/04/14 17:12:09: ==== Processing was completed ====
2015/04/14 17:12:09: 
*************************************************


*********** Start the Initialize Key Check **********
2015/04/14 17:23:28: Tool Ver: 2013.0605.01
2015/04/14 17:23:28: COM PORT OPEN ... OK
2015/04/14 17:23:28:
2015/04/14 17:23:28: ProductS/N:  5400271
2015/04/14 17:23:28: TID: 86042E2B62842D80
2015/04/14 17:23:28: F/W Version: 00.00.08
2015/04/14 17:23:28:
2015/04/14 17:23:28: MasterKey Key Entry ... OK
2015/04/14 17:23:28: PowerON Counter Key Entry ... OK
2015/04/14 17:23:29: Key Entry ... OK
2015/04/14 17:23:29: Complete.
2015/04/14 17:23:29: COM PORT CLOSE ... OK
2015/04/14 17:23:29: 
2015/04/14 17:23:29: ==== Processing was completed ====
2015/04/14 17:23:29: 
*************************************************


*********** Start the Initialize Key Check **********
2015/04/14 17:30:40: Tool Ver: 2013.0605.01
2015/04/14 17:30:40: COM PORT OPEN ... OK
2015/04/14 17:30:40:
2015/04/14 17:30:40: ProductS/N:  5400231
2015/04/14 17:30:40: TID: 8604373E6A842D80
2015/04/14 17:30:40: F/W Version: 00.00.08
2015/04/14 17:30:40:
2015/04/14 17:30:40: MasterKey Key Entry ... OK
2015/04/14 17:30:40: PowerON Counter Key Entry ... OK
2015/04/14 17:30:40: Key Entry ... OK
2015/04/14 17:30:40: Complete.
2015/04/14 17:30:40: COM PORT CLOSE ... OK
2015/04/14 17:30:40: 
2015/04/14 17:30:40: ==== Processing was completed ====
2015/04/14 17:30:40: 
*************************************************


*********** Start the Initialize Key Check **********
2015/04/14 17:30:58: Tool Ver: 2013.0605.01
2015/04/14 17:30:58: COM PORT OPEN ... OK
2015/04/14 17:30:58:
2015/04/14 17:30:58: ProductS/N:  5400216
2015/04/14 17:30:58: TID: 86040C295A842D80
2015/04/14 17:30:58: F/W Version: 00.00.08
2015/04/14 17:30:58:
2015/04/14 17:30:58: MasterKey Key Entry ... OK
2015/04/14 17:30:58: PowerON Counter Key Entry ... OK
2015/04/14 17:30:59: Key Entry ... OK
2015/04/14 17:30:59: Complete.
2015/04/14 17:30:59: COM PORT CLOSE ... OK
2015/04/14 17:30:59: 
2015/04/14 17:30:59: ==== Processing was completed ====
2015/04/14 17:30:59: 
*************************************************


*********** Start the Initialize Key Check **********
2015/04/14 17:37:55: Tool Ver: 2013.0605.01
2015/04/14 17:37:55: COM PORT OPEN ... OK
2015/04/14 17:37:55:
2015/04/14 17:37:55: ProductS/N:  5400213
2015/04/14 17:37:55: TID: 860436296A842D80
2015/04/14 17:37:55: F/W Version: 00.00.08
2015/04/14 17:37:55:
2015/04/14 17:37:55: MasterKey Key Entry ... OK
2015/04/14 17:37:55: PowerON Counter Key Entry ... OK
2015/04/14 17:37:56: Key Entry ... OK
2015/04/14 17:37:56: Complete.
2015/04/14 17:37:56: COM PORT CLOSE ... OK
2015/04/14 17:37:56: 
2015/04/14 17:37:56: ==== Processing was completed ====
2015/04/14 17:37:56: 
*************************************************


*********** Start the Initialize Key Check **********
2015/04/14 17:38:08: Tool Ver: 2013.0605.01
2015/04/14 17:38:08: COM PORT OPEN ... OK
2015/04/14 17:38:08:
2015/04/14 17:38:08: ProductS/N:  5400254
2015/04/14 17:38:08: TID: 86043D256A842D80
2015/04/14 17:38:08: F/W Version: 00.00.08
2015/04/14 17:38:08:
2015/04/14 17:38:08: MasterKey Key Entry ... OK
2015/04/14 17:38:08: PowerON Counter Key Entry ... OK
2015/04/14 17:38:09: Key Entry ... OK
2015/04/14 17:38:09: Complete.
2015/04/14 17:38:09: COM PORT CLOSE ... OK
2015/04/14 17:38:09: 
2015/04/14 17:38:09: ==== Processing was completed ====
2015/04/14 17:38:09: 
*************************************************


*********** Start the Initialize Key Check **********
2015/04/14 17:47:22: Tool Ver: 2013.0605.01
2015/04/14 17:47:22: COM PORT OPEN ... OK
2015/04/14 17:47:22:
2015/04/14 17:47:22: ProductS/N:  5400275
2015/04/14 17:47:22: TID: 860403275A842D80
2015/04/14 17:47:22: F/W Version: 00.00.08
2015/04/14 17:47:22:
2015/04/14 17:47:22: MasterKey Key Entry ... OK
2015/04/14 17:47:22: PowerON Counter Key Entry ... OK
2015/04/14 17:47:23: Key Entry ... OK
2015/04/14 17:47:23: Complete.
2015/04/14 17:47:23: COM PORT CLOSE ... OK
2015/04/14 17:47:23: 
2015/04/14 17:47:23: ==== Processing was completed ====
2015/04/14 17:47:23: 
*************************************************


*********** Start the Initialize Key Check **********
2015/04/14 17:57:35: Tool Ver: 2013.0605.01
2015/04/14 17:57:35: COM PORT OPEN ... OK
2015/04/14 17:57:36:
2015/04/14 17:57:36: ProductS/N:  5400290
2015/04/14 17:57:36: TID: 86043A126A842D80
2015/04/14 17:57:36: F/W Version: 00.00.08
2015/04/14 17:57:36:
2015/04/14 17:57:36: MasterKey Key Entry ... OK
2015/04/14 17:57:36: PowerON Counter Key Entry ... OK
2015/04/14 17:57:36: Key Entry ... OK
2015/04/14 17:57:36: Complete.
2015/04/14 17:57:36: COM PORT CLOSE ... OK
2015/04/14 17:57:36: 
2015/04/14 17:57:36: ==== Processing was completed ====
2015/04/14 17:57:36: 
*************************************************


*********** Start the Initialize Key Check **********
2015/04/14 18:08:44: Tool Ver: 2013.0605.01
2015/04/14 18:08:44: COM PORT OPEN ... OK
2015/04/14 18:08:44:
2015/04/14 18:08:44: ProductS/N:  5400227
2015/04/14 18:08:44: TID: 8604392B6A842D80
2015/04/14 18:08:44: F/W Version: 00.00.08
2015/04/14 18:08:44:
2015/04/14 18:08:44: MasterKey Key Entry ... OK
2015/04/14 18:08:44: PowerON Counter Key Entry ... OK
2015/04/14 18:08:45: Key Entry ... OK
2015/04/14 18:08:45: Complete.
2015/04/14 18:08:45: COM PORT CLOSE ... OK
2015/04/14 18:08:45: 
2015/04/14 18:08:45: ==== Processing was completed ====
2015/04/14 18:08:45: 
*************************************************


*********** Start the Initialize Key Check **********
2015/04/14 18:09:08: Tool Ver: 2013.0605.01
2015/04/14 18:09:08: COM PORT OPEN ... OK
2015/04/14 18:09:08:
2015/04/14 18:09:08: ProductS/N:  5414591
2015/04/14 18:09:08: TID: 8604263E62842D80
2015/04/14 18:09:08: F/W Version: 00.00.08
2015/04/14 18:09:08:
2015/04/14 18:09:08: MasterKey Key Entry ... OK
2015/04/14 18:09:08: PowerON Counter Key Entry ... OK
2015/04/14 18:09:09: Key Entry ... OK
2015/04/14 18:09:09: Complete.
2015/04/14 18:09:09: COM PORT CLOSE ... OK
2015/04/14 18:09:09: 
2015/04/14 18:09:09: ==== Processing was completed ====
2015/04/14 18:09:09: 
*************************************************


*********** Start the Initialize Key Check **********
2015/04/14 18:15:07: Tool Ver: 2013.0605.01
2015/04/14 18:15:07: COM PORT OPEN ... OK
2015/04/14 18:15:07:
2015/04/14 18:15:07: ProductS/N:  5400278
2015/04/14 18:15:07: TID: 8604361E6A842D80
2015/04/14 18:15:07: F/W Version: 00.00.08
2015/04/14 18:15:07:
2015/04/14 18:15:07: MasterKey Key Entry ... OK
2015/04/14 18:15:07: PowerON Counter Key Entry ... OK
2015/04/14 18:15:07: Key Entry ... OK
2015/04/14 18:15:07: Complete.
2015/04/14 18:15:07: COM PORT CLOSE ... OK
2015/04/14 18:15:07: 
2015/04/14 18:15:07: ==== Processing was completed ====
2015/04/14 18:15:07: 
*************************************************


*********** Start the Initialize Key Check **********
2015/04/14 18:24:32: Tool Ver: 2013.0605.01
2015/04/14 18:24:32: COM PORT OPEN ... OK
2015/04/14 18:24:32:
2015/04/14 18:24:32: ProductS/N:  5414571
2015/04/14 18:24:32: TID: 860439136A842D80
2015/04/14 18:24:32: F/W Version: 00.00.08
2015/04/14 18:24:32:
2015/04/14 18:24:32: MasterKey Key Entry ... OK
2015/04/14 18:24:32: PowerON Counter Key Entry ... OK
2015/04/14 18:24:32: Key Entry ... OK
2015/04/14 18:24:32: Complete.
2015/04/14 18:24:32: COM PORT CLOSE ... OK
2015/04/14 18:24:32: 
2015/04/14 18:24:32: ==== Processing was completed ====
2015/04/14 18:24:32: 
*************************************************


*********** Start the Initialize Key Check **********
2015/04/14 18:28:55: Tool Ver: 2013.0605.01
2015/04/14 18:28:55: COM PORT OPEN ... OK
2015/04/14 18:28:56:
2015/04/14 18:28:56: ProductS/N:  5414576
2015/04/14 18:28:56: TID: 86043A296A842D80
2015/04/14 18:28:56: F/W Version: 00.00.08
2015/04/14 18:28:56:
2015/04/14 18:28:56: MasterKey Key Entry ... OK
2015/04/14 18:28:56: PowerON Counter Key Entry ... OK
2015/04/14 18:28:56: Key Entry ... OK
2015/04/14 18:28:56: Complete.
2015/04/14 18:28:56: COM PORT CLOSE ... OK
2015/04/14 18:28:56: 
2015/04/14 18:28:56: ==== Processing was completed ====
2015/04/14 18:28:56: 
*************************************************


*********** Start the Initialize Key Check **********
2015/04/14 18:34:27: Tool Ver: 2013.0605.01
2015/04/14 18:34:27: COM PORT OPEN ... OK
2015/04/14 18:34:27:
2015/04/14 18:34:27: ProductS/N:  5400274
2015/04/14 18:34:27: TID: 8604392C6A842D80
2015/04/14 18:34:27: F/W Version: 00.00.08
2015/04/14 18:34:27:
2015/04/14 18:34:27: MasterKey Key Entry ... OK
2015/04/14 18:34:27: PowerON Counter Key Entry ... OK
2015/04/14 18:34:27: Key Entry ... OK
2015/04/14 18:34:27: Complete.
2015/04/14 18:34:27: COM PORT CLOSE ... OK
2015/04/14 18:34:27: 
2015/04/14 18:34:27: ==== Processing was completed ====
2015/04/14 18:34:27: 
*************************************************


*********** Start the Initialize Key Check **********
2015/04/14 18:42:11: Tool Ver: 2013.0605.01
2015/04/14 18:42:11: COM PORT OPEN ... OK
2015/04/14 18:42:11:
2015/04/14 18:42:11: ProductS/N:  5400276
2015/04/14 18:42:11: TID: 86042A1262842D80
2015/04/14 18:42:11: F/W Version: 00.00.08
2015/04/14 18:42:11:
2015/04/14 18:42:11: MasterKey Key Entry ... OK
2015/04/14 18:42:11: PowerON Counter Key Entry ... OK
2015/04/14 18:42:12: Key Entry ... OK
2015/04/14 18:42:12: Complete.
2015/04/14 18:42:12: COM PORT CLOSE ... OK
2015/04/14 18:42:12: 
2015/04/14 18:42:12: ==== Processing was completed ====
2015/04/14 18:42:12: 
*************************************************


*********** Start the Initialize Key Check **********
2015/04/14 18:46:11: Tool Ver: 2013.0605.01
2015/04/14 18:46:11: COM PORT OPEN ... OK
2015/04/14 18:46:12:
2015/04/14 18:46:12: ProductS/N:  5400255
2015/04/14 18:46:12: TID: 860436126A842D80
2015/04/14 18:46:12: F/W Version: 00.00.08
2015/04/14 18:46:12:
2015/04/14 18:46:12: MasterKey Key Entry ... OK
2015/04/14 18:46:12: PowerON Counter Key Entry ... OK
2015/04/14 18:46:12: Key Entry ... OK
2015/04/14 18:46:12: Complete.
2015/04/14 18:46:12: COM PORT CLOSE ... OK
2015/04/14 18:46:12: 
2015/04/14 18:46:12: ==== Processing was completed ====
2015/04/14 18:46:12: 
*************************************************


*********** Start the Initialize Key Check **********
2015/04/14 18:49:20: Tool Ver: 2013.0605.01
2015/04/14 18:49:20: COM PORT OPEN ... OK
2015/04/14 18:49:20:
2015/04/14 18:49:20: ProductS/N:  5414573
2015/04/14 18:49:20: TID: 860439206A842D80
2015/04/14 18:49:20: F/W Version: 00.00.08
2015/04/14 18:49:20:
2015/04/14 18:49:20: MasterKey Key Entry ... OK
2015/04/14 18:49:20: PowerON Counter Key Entry ... OK
2015/04/14 18:49:20: Key Entry ... OK
2015/04/14 18:49:20: Complete.
2015/04/14 18:49:20: COM PORT CLOSE ... OK
2015/04/14 18:49:20: 
2015/04/14 18:49:20: ==== Processing was completed ====
2015/04/14 18:49:20: 
*************************************************


*********** Start the Initialize Key Check **********
2015/04/14 18:52:52: Tool Ver: 2013.0605.01
2015/04/14 18:52:52: COM PORT OPEN ... OK
2015/04/14 18:52:52:
2015/04/14 18:52:52: ProductS/N:  5400229
2015/04/14 18:52:52: TID: 860436196A842D80
2015/04/14 18:52:52: F/W Version: 00.00.08
2015/04/14 18:52:52:
2015/04/14 18:52:52: MasterKey Key Entry ... OK
2015/04/14 18:52:52: PowerON Counter Key Entry ... OK
2015/04/14 18:52:53: Key Entry ... OK
2015/04/14 18:52:53: Complete.
2015/04/14 18:52:53: COM PORT CLOSE ... OK
2015/04/14 18:52:53: 
2015/04/14 18:52:53: ==== Processing was completed ====
2015/04/14 18:52:53: 
*************************************************


*********** Start the Initialize Key Check **********
2015/04/14 18:59:43: Tool Ver: 2013.0605.01
2015/04/14 18:59:43: COM PORT OPEN ... OK
2015/04/14 18:59:43:
2015/04/14 18:59:43: ProductS/N:  5414594
2015/04/14 18:59:43: TID: 8604372D6A842D80
2015/04/14 18:59:43: F/W Version: 00.00.08
2015/04/14 18:59:43:
2015/04/14 18:59:43: MasterKey Key Entry ... OK
2015/04/14 18:59:43: PowerON Counter Key Entry ... OK
2015/04/14 18:59:43: Key Entry ... OK
2015/04/14 18:59:43: Complete.
2015/04/14 18:59:43: COM PORT CLOSE ... OK
2015/04/14 18:59:43: 
2015/04/14 18:59:43: ==== Processing was completed ====
2015/04/14 18:59:43: 
*************************************************


*********** Start the Initialize Key Check **********
2015/04/14 19:00:59: Tool Ver: 2013.0605.01
2015/04/14 19:00:59: COM PORT OPEN ... OK
2015/04/14 19:00:59:
2015/04/14 19:00:59: ProductS/N:  5414574
2015/04/14 19:00:59: TID: 86043B336A842D80
2015/04/14 19:00:59: F/W Version: 00.00.08
2015/04/14 19:00:59:
2015/04/14 19:00:59: MasterKey Key Entry ... OK
2015/04/14 19:00:59: PowerON Counter Key Entry ... OK
2015/04/14 19:00:59: Key Entry ... OK
2015/04/14 19:00:59: Complete.
2015/04/14 19:00:59: COM PORT CLOSE ... OK
2015/04/14 19:00:59: 
2015/04/14 19:00:59: ==== Processing was completed ====
2015/04/14 19:00:59: 
*************************************************


*********** Start the Initialize Key Check **********
2015/04/14 19:09:22: Tool Ver: 2013.0605.01
2015/04/14 19:09:22: COM PORT OPEN ... OK
2015/04/14 19:09:22:
2015/04/14 19:09:22: ProductS/N:  5400291
2015/04/14 19:09:22: TID: 8604350B6A842D80
2015/04/14 19:09:22: F/W Version: 00.00.08
2015/04/14 19:09:22:
2015/04/14 19:09:22: MasterKey Key Entry ... OK
2015/04/14 19:09:22: PowerON Counter Key Entry ... OK
2015/04/14 19:09:22: Key Entry ... OK
2015/04/14 19:09:22: Complete.
2015/04/14 19:09:22: COM PORT CLOSE ... OK
2015/04/14 19:09:22: 
2015/04/14 19:09:22: ==== Processing was completed ====
2015/04/14 19:09:22: 
*************************************************


*********** Start the Initialize Key Check **********
2015/04/14 19:09:43: Tool Ver: 2013.0605.01
2015/04/14 19:09:43: COM PORT OPEN ... OK
2015/04/14 19:09:43:
2015/04/14 19:09:43: ProductS/N:  5400270
2015/04/14 19:09:43: TID: 86043E186A842D80
2015/04/14 19:09:43: F/W Version: 00.00.08
2015/04/14 19:09:43:
2015/04/14 19:09:43: MasterKey Key Entry ... OK
2015/04/14 19:09:43: PowerON Counter Key Entry ... OK
2015/04/14 19:09:43: Key Entry ... OK
2015/04/14 19:09:43: Complete.
2015/04/14 19:09:43: COM PORT CLOSE ... OK
2015/04/14 19:09:43: 
2015/04/14 19:09:43: ==== Processing was completed ====
2015/04/14 19:09:43: 
*************************************************


*********** Start the Initialize Key Check **********
2015/04/14 19:13:54: Tool Ver: 2013.0605.01
2015/04/14 19:13:54: COM PORT OPEN ... OK
2015/04/14 19:13:54:
2015/04/14 19:13:54: ProductS/N:  5414586
2015/04/14 19:13:54: TID: 86043A2F6A842D80
2015/04/14 19:13:54: F/W Version: 00.00.08
2015/04/14 19:13:54:
2015/04/14 19:13:54: MasterKey Key Entry ... OK
2015/04/14 19:13:54: PowerON Counter Key Entry ... OK
2015/04/14 19:13:55: Key Entry ... OK
2015/04/14 19:13:55: Complete.
2015/04/14 19:13:55: COM PORT CLOSE ... OK
2015/04/14 19:13:55: 
2015/04/14 19:13:55: ==== Processing was completed ====
2015/04/14 19:13:55: 
*************************************************


*********** Start the Initialize Key Check **********
2015/04/14 19:18:59: Tool Ver: 2013.0605.01
2015/04/14 19:18:59: COM PORT OPEN ... OK
2015/04/14 19:18:59:
2015/04/14 19:18:59: ProductS/N:  5414584
2015/04/14 19:18:59: TID: 86043D166A842D80
2015/04/14 19:18:59: F/W Version: 00.00.08
2015/04/14 19:18:59:
2015/04/14 19:18:59: MasterKey Key Entry ... OK
2015/04/14 19:18:59: PowerON Counter Key Entry ... OK
2015/04/14 19:19:00: Key Entry ... OK
2015/04/14 19:19:00: Complete.
2015/04/14 19:19:00: COM PORT CLOSE ... OK
2015/04/14 19:19:00: 
2015/04/14 19:19:00: ==== Processing was completed ====
2015/04/14 19:19:00: 
*************************************************


*********** Start the Initialize Key Check **********
2015/04/14 19:20:21: Tool Ver: 2013.0605.01
2015/04/14 19:20:21: COM PORT OPEN ... OK
2015/04/14 19:20:21:
2015/04/14 19:20:21: ProductS/N:  5414569
2015/04/14 19:20:21: TID: 8604362A6A842D80
2015/04/14 19:20:21: F/W Version: 00.00.08
2015/04/14 19:20:21:
2015/04/14 19:20:21: MasterKey Key Entry ... OK
2015/04/14 19:20:21: PowerON Counter Key Entry ... OK
2015/04/14 19:20:22: Key Entry ... OK
2015/04/14 19:20:22: Complete.
2015/04/14 19:20:22: COM PORT CLOSE ... OK
2015/04/14 19:20:22: 
2015/04/14 19:20:22: ==== Processing was completed ====
2015/04/14 19:20:22: 
*************************************************


