*********** Start the Initialize Key Check **********
2015/04/13 14:27:02: Tool Ver: 2013.0605.01
2015/04/13 14:27:02: COM PORT OPEN ... OK
2015/04/13 14:27:02:
2015/04/13 14:27:02: ProductS/N:  5400044
2015/04/13 14:27:03: TID: 860430135A842D80
2015/04/13 14:27:03: F/W Version: 00.00.08
2015/04/13 14:27:03:
2015/04/13 14:27:03: MasterKey Key Entry ... OK
2015/04/13 14:27:03: PowerON Counter Key Entry ... OK
2015/04/13 14:27:03: Key Entry ... OK
2015/04/13 14:27:03: Complete.
2015/04/13 14:27:03: COM PORT CLOSE ... OK
2015/04/13 14:27:03: 
2015/04/13 14:27:03: ==== Processing was completed ====
2015/04/13 14:27:03: 
*************************************************


*********** Start the Initialize Key Check **********
2015/04/13 14:40:24: Tool Ver: 2013.0605.01
2015/04/13 14:40:24: COM PORT OPEN ... OK
2015/04/13 14:40:24:
2015/04/13 14:40:24: ProductS/N:  5400082
2015/04/13 14:40:24: TID: 86041B0362842D80
2015/04/13 14:40:24: F/W Version: 00.00.08
2015/04/13 14:40:24:
2015/04/13 14:40:24: MasterKey Key Entry ... OK
2015/04/13 14:40:24: PowerON Counter Key Entry ... OK
2015/04/13 14:40:25: Key Entry ... OK
2015/04/13 14:40:25: Complete.
2015/04/13 14:40:25: COM PORT CLOSE ... OK
2015/04/13 14:40:25: 
2015/04/13 14:40:25: ==== Processing was completed ====
2015/04/13 14:40:25: 
*************************************************


*********** Start the Initialize Key Check **********
2015/04/13 14:40:46: Tool Ver: 2013.0605.01
2015/04/13 14:40:47: COM PORT OPEN ... OK
2015/04/13 14:40:47:
2015/04/13 14:40:47: ProductS/N:  5400024
2015/04/13 14:40:47: TID: 86041D3162842D80
2015/04/13 14:40:47: F/W Version: 00.00.08
2015/04/13 14:40:47:
2015/04/13 14:40:47: MasterKey Key Entry ... OK
2015/04/13 14:40:47: PowerON Counter Key Entry ... OK
2015/04/13 14:40:47: Key Entry ... OK
2015/04/13 14:40:47: Complete.
2015/04/13 14:40:47: COM PORT CLOSE ... OK
2015/04/13 14:40:47: 
2015/04/13 14:40:47: ==== Processing was completed ====
2015/04/13 14:40:47: 
*************************************************


*********** Start the Initialize Key Check **********
2015/04/13 15:10:23: Tool Ver: 2013.0605.01
2015/04/13 15:10:23: COM PORT OPEN ... OK
2015/04/13 15:10:23:
2015/04/13 15:10:23: ProductS/N:  5400040
2015/04/13 15:10:23: TID: 8604022862842D80
2015/04/13 15:10:23: F/W Version: 00.00.08
2015/04/13 15:10:23:
2015/04/13 15:10:23: MasterKey Key Entry ... OK
2015/04/13 15:10:23: PowerON Counter Key Entry ... OK
2015/04/13 15:10:23: Key Entry ... OK
2015/04/13 15:10:23: Complete.
2015/04/13 15:10:23: COM PORT CLOSE ... OK
2015/04/13 15:10:23: 
2015/04/13 15:10:23: ==== Processing was completed ====
2015/04/13 15:10:23: 
*************************************************


*********** Start the Initialize Key Check **********
2015/04/13 15:15:39: Tool Ver: 2013.0605.01
2015/04/13 15:15:39: COM PORT OPEN ... OK
2015/04/13 15:15:39:
2015/04/13 15:15:39: ProductS/N:  5400141
2015/04/13 15:15:39: TID: 86042D2962842D80
2015/04/13 15:15:39: F/W Version: 00.00.08
2015/04/13 15:15:39:
2015/04/13 15:15:39: MasterKey Key Entry ... OK
2015/04/13 15:15:39: PowerON Counter Key Entry ... OK
2015/04/13 15:15:39: Key Entry ... OK
2015/04/13 15:15:39: Complete.
2015/04/13 15:15:39: COM PORT CLOSE ... OK
2015/04/13 15:15:39: 
2015/04/13 15:15:39: ==== Processing was completed ====
2015/04/13 15:15:39: 
*************************************************


*********** Start the Initialize Key Check **********
2015/04/13 15:24:00: Tool Ver: 2013.0605.01
2015/04/13 15:24:00: COM PORT OPEN ... OK
2015/04/13 15:24:01:
2015/04/13 15:24:01: ProductS/N:  5400073
2015/04/13 15:24:01: TID: 8604152262842D80
2015/04/13 15:24:01: F/W Version: 00.00.08
2015/04/13 15:24:01:
2015/04/13 15:24:01: MasterKey Key Entry ... OK
2015/04/13 15:24:01: PowerON Counter Key Entry ... OK
2015/04/13 15:24:01: Key Entry ... OK
2015/04/13 15:24:01: Complete.
2015/04/13 15:24:01: COM PORT CLOSE ... OK
2015/04/13 15:24:01: 
2015/04/13 15:24:01: ==== Processing was completed ====
2015/04/13 15:24:01: 
*************************************************


*********** Start the Initialize Key Check **********
2015/04/13 15:32:00: Tool Ver: 2013.0605.01
2015/04/13 15:32:00: COM PORT OPEN ... OK
2015/04/13 15:32:00:
2015/04/13 15:32:00: ProductS/N:  5400060
2015/04/13 15:32:00: TID: 8604342A5A842D80
2015/04/13 15:32:00: F/W Version: 00.00.08
2015/04/13 15:32:00:
2015/04/13 15:32:00: MasterKey Key Entry ... OK
2015/04/13 15:32:00: PowerON Counter Key Entry ... OK
2015/04/13 15:32:00: Key Entry ... OK
2015/04/13 15:32:00: Complete.
2015/04/13 15:32:00: COM PORT CLOSE ... OK
2015/04/13 15:32:00: 
2015/04/13 15:32:00: ==== Processing was completed ====
2015/04/13 15:32:00: 
*************************************************


*********** Start the Initialize Key Check **********
2015/04/13 15:47:38: Tool Ver: 2013.0605.01
2015/04/13 15:47:38: COM PORT OPEN ... OK
2015/04/13 15:47:38:
2015/04/13 15:47:38: ProductS/N:  5400063
2015/04/13 15:47:38: TID: 8604311D5A842D80
2015/04/13 15:47:38: F/W Version: 00.00.08
2015/04/13 15:47:38:
2015/04/13 15:47:38: MasterKey Key Entry ... OK
2015/04/13 15:47:38: PowerON Counter Key Entry ... OK
2015/04/13 15:47:38: Key Entry ... OK
2015/04/13 15:47:38: Complete.
2015/04/13 15:47:38: COM PORT CLOSE ... OK
2015/04/13 15:47:38: 
2015/04/13 15:47:38: ==== Processing was completed ====
2015/04/13 15:47:38: 
*************************************************


*********** Start the Initialize Key Check **********
2015/04/13 15:52:51: Tool Ver: 2013.0605.01
2015/04/13 15:52:51: COM PORT OPEN ... OK
2015/04/13 15:52:51:
2015/04/13 15:52:51: ProductS/N:  5400035
2015/04/13 15:52:51: TID: 86042C055A842D80
2015/04/13 15:52:51: F/W Version: 00.00.08
2015/04/13 15:52:51:
2015/04/13 15:52:51: MasterKey Key Entry ... OK
2015/04/13 15:52:51: PowerON Counter Key Entry ... OK
2015/04/13 15:52:52: Key Entry ... OK
2015/04/13 15:52:52: Complete.
2015/04/13 15:52:52: COM PORT CLOSE ... OK
2015/04/13 15:52:52: 
2015/04/13 15:52:52: ==== Processing was completed ====
2015/04/13 15:52:52: 
*************************************************


*********** Start the Initialize Key Check **********
2015/04/13 15:59:25: Tool Ver: 2013.0605.01
2015/04/13 15:59:25: COM PORT OPEN ... OK
2015/04/13 15:59:25:
2015/04/13 15:59:25: ProductS/N:  5400012
2015/04/13 15:59:25: TID: 860407146A842D80
2015/04/13 15:59:25: F/W Version: 00.00.08
2015/04/13 15:59:25:
2015/04/13 15:59:25: MasterKey Key Entry ... OK
2015/04/13 15:59:25: PowerON Counter Key Entry ... OK
2015/04/13 15:59:25: Key Entry ... OK
2015/04/13 15:59:25: Complete.
2015/04/13 15:59:25: COM PORT CLOSE ... OK
2015/04/13 15:59:25: 
2015/04/13 15:59:25: ==== Processing was completed ====
2015/04/13 15:59:25: 
*************************************************


*********** Start the Initialize Key Check **********
2015/04/13 16:06:00: Tool Ver: 2013.0605.01
2015/04/13 16:06:00: COM PORT OPEN ... OK
2015/04/13 16:06:00:
2015/04/13 16:06:00: ProductS/N:  5400051
2015/04/13 16:06:00: TID: 8604220D62842D80
2015/04/13 16:06:00: F/W Version: 00.00.08
2015/04/13 16:06:00:
2015/04/13 16:06:00: MasterKey Key Entry ... OK
2015/04/13 16:06:00: PowerON Counter Key Entry ... OK
2015/04/13 16:06:01: Key Entry ... OK
2015/04/13 16:06:01: Complete.
2015/04/13 16:06:01: COM PORT CLOSE ... OK
2015/04/13 16:06:01: 
2015/04/13 16:06:01: ==== Processing was completed ====
2015/04/13 16:06:01: 
*************************************************


*********** Start the Initialize Key Check **********
2015/04/13 16:14:05: Tool Ver: 2013.0605.01
2015/04/13 16:14:05: COM PORT OPEN ... OK
2015/04/13 16:14:05:
2015/04/13 16:14:05: ProductS/N:  5400039
2015/04/13 16:14:05: TID: 8604320A5A842D80
2015/04/13 16:14:05: F/W Version: 00.00.08
2015/04/13 16:14:05:
2015/04/13 16:14:05: MasterKey Key Entry ... OK
2015/04/13 16:14:05: PowerON Counter Key Entry ... OK
2015/04/13 16:14:06: Key Entry ... OK
2015/04/13 16:14:06: Complete.
2015/04/13 16:14:06: COM PORT CLOSE ... OK
2015/04/13 16:14:06: 
2015/04/13 16:14:06: ==== Processing was completed ====
2015/04/13 16:14:06: 
*************************************************


*********** Start the Initialize Key Check **********
2015/04/13 16:32:51: Tool Ver: 2013.0605.01
2015/04/13 16:32:51: COM PORT OPEN ... OK
2015/04/13 16:32:51:
2015/04/13 16:32:51: ProductS/N:  5400061
2015/04/13 16:32:51: TID: 8604311F5A842D80
2015/04/13 16:32:51: F/W Version: 00.00.08
2015/04/13 16:32:51:
2015/04/13 16:32:51: MasterKey Key Entry ... OK
2015/04/13 16:32:51: PowerON Counter Key Entry ... OK
2015/04/13 16:32:52: Key Entry ... OK
2015/04/13 16:32:52: Complete.
2015/04/13 16:32:52: COM PORT CLOSE ... OK
2015/04/13 16:32:52: 
2015/04/13 16:32:52: ==== Processing was completed ====
2015/04/13 16:32:52: 
*************************************************


*********** Start the Initialize Key Check **********
2015/04/13 16:40:01: Tool Ver: 2013.0605.01
2015/04/13 16:40:01: COM PORT OPEN ... OK
2015/04/13 16:40:02:
2015/04/13 16:40:02: ProductS/N:  5400033
2015/04/13 16:40:02: TID: 860435195A842D80
2015/04/13 16:40:02: F/W Version: 00.00.08
2015/04/13 16:40:02:
2015/04/13 16:40:02: MasterKey Key Entry ... OK
2015/04/13 16:40:02: PowerON Counter Key Entry ... OK
2015/04/13 16:40:02: Key Entry ... OK
2015/04/13 16:40:02: Complete.
2015/04/13 16:40:02: COM PORT CLOSE ... OK
2015/04/13 16:40:02: 
2015/04/13 16:40:02: ==== Processing was completed ====
2015/04/13 16:40:02: 
*************************************************


*********** Start the Initialize Key Check **********
2015/04/13 17:09:54: Tool Ver: 2013.0605.01
2015/04/13 17:09:54: COM PORT OPEN ... OK
2015/04/13 17:09:54:
2015/04/13 17:09:54: ProductS/N:  5400041
2015/04/13 17:09:54: TID: 860418185A842D80
2015/04/13 17:09:54: F/W Version: 00.00.08
2015/04/13 17:09:54:
2015/04/13 17:09:54: MasterKey Key Entry ... OK
2015/04/13 17:09:54: PowerON Counter Key Entry ... OK
2015/04/13 17:09:54: Key Entry ... OK
2015/04/13 17:09:54: Complete.
2015/04/13 17:09:54: COM PORT CLOSE ... OK
2015/04/13 17:09:54: 
2015/04/13 17:09:54: ==== Processing was completed ====
2015/04/13 17:09:54: 
*************************************************


*********** Start the Initialize Key Check **********
2015/04/13 17:15:09: Tool Ver: 2013.0605.01
2015/04/13 17:15:09: COM PORT OPEN ... OK
2015/04/13 17:15:09:
2015/04/13 17:15:09: ProductS/N:  5400084
2015/04/13 17:15:09: TID: 86040E3172842D80
2015/04/13 17:15:09: F/W Version: 00.00.08
2015/04/13 17:15:09:
2015/04/13 17:15:09: MasterKey Key Entry ... OK
2015/04/13 17:15:09: PowerON Counter Key Entry ... OK
2015/04/13 17:15:10: Key Entry ... OK
2015/04/13 17:15:10: Complete.
2015/04/13 17:15:10: COM PORT CLOSE ... OK
2015/04/13 17:15:10: 
2015/04/13 17:15:10: ==== Processing was completed ====
2015/04/13 17:15:10: 
*************************************************


*********** Start the Initialize Key Check **********
2015/04/13 17:21:36: Tool Ver: 2013.0605.01
2015/04/13 17:21:36: COM PORT OPEN ... OK
2015/04/13 17:21:36:
2015/04/13 17:21:36: ProductS/N:  5400096
2015/04/13 17:21:36: TID: 86040D2972842D80
2015/04/13 17:21:36: F/W Version: 00.00.08
2015/04/13 17:21:36:
2015/04/13 17:21:36: MasterKey Key Entry ... OK
2015/04/13 17:21:36: PowerON Counter Key Entry ... OK
2015/04/13 17:21:37: Key Entry ... OK
2015/04/13 17:21:37: Complete.
2015/04/13 17:21:37: COM PORT CLOSE ... OK
2015/04/13 17:21:37: 
2015/04/13 17:21:37: ==== Processing was completed ====
2015/04/13 17:21:37: 
*************************************************


*********** Start the Initialize Key Check **********
2015/04/13 17:30:52: Tool Ver: 2013.0605.01
2015/04/13 17:30:52: COM PORT OPEN ... OK
2015/04/13 17:30:52:
2015/04/13 17:30:52: ProductS/N:  5400086
2015/04/13 17:30:52: TID: 8604252662842D80
2015/04/13 17:30:52: F/W Version: 00.00.08
2015/04/13 17:30:52:
2015/04/13 17:30:52: MasterKey Key Entry ... OK
2015/04/13 17:30:52: PowerON Counter Key Entry ... OK
2015/04/13 17:30:52: Key Entry ... OK
2015/04/13 17:30:52: Complete.
2015/04/13 17:30:52: COM PORT CLOSE ... OK
2015/04/13 17:30:52: 
2015/04/13 17:30:52: ==== Processing was completed ====
2015/04/13 17:30:52: 
*************************************************


*********** Start the Initialize Key Check **********
2015/04/13 17:35:57: Tool Ver: 2013.0605.01
2015/04/13 17:35:57: COM PORT OPEN ... OK
2015/04/13 17:35:57:
2015/04/13 17:35:57: ProductS/N:  5400027
2015/04/13 17:35:57: TID: 86040B2C6A842D80
2015/04/13 17:35:57: F/W Version: 00.00.08
2015/04/13 17:35:57:
2015/04/13 17:35:57: MasterKey Key Entry ... OK
2015/04/13 17:35:57: PowerON Counter Key Entry ... OK
2015/04/13 17:35:58: Key Entry ... OK
2015/04/13 17:35:58: Complete.
2015/04/13 17:35:58: COM PORT CLOSE ... OK
2015/04/13 17:35:58: 
2015/04/13 17:35:58: ==== Processing was completed ====
2015/04/13 17:35:58: 
*************************************************


*********** Start the Initialize Key Check **********
2015/04/13 17:42:06: Tool Ver: 2013.0605.01
2015/04/13 17:42:06: COM PORT OPEN ... OK
2015/04/13 17:42:06:
2015/04/13 17:42:06: ProductS/N:  5400059
2015/04/13 17:42:06: TID: 860432075A842D80
2015/04/13 17:42:06: F/W Version: 00.00.08
2015/04/13 17:42:06:
2015/04/13 17:42:06: MasterKey Key Entry ... OK
2015/04/13 17:42:06: PowerON Counter Key Entry ... OK
2015/04/13 17:42:06: Key Entry ... OK
2015/04/13 17:42:06: Complete.
2015/04/13 17:42:06: COM PORT CLOSE ... OK
2015/04/13 17:42:06: 
2015/04/13 17:42:06: ==== Processing was completed ====
2015/04/13 17:42:06: 
*************************************************


*********** Start the Initialize Key Check **********
2015/04/13 17:49:00: Tool Ver: 2013.0605.01
2015/04/13 17:49:00: COM PORT OPEN ... OK
2015/04/13 17:49:00:
2015/04/13 17:49:00: ProductS/N:  5400064
2015/04/13 17:49:00: TID: 8604322F5A842D80
2015/04/13 17:49:00: F/W Version: 00.00.08
2015/04/13 17:49:00:
2015/04/13 17:49:00: MasterKey Key Entry ... OK
2015/04/13 17:49:00: PowerON Counter Key Entry ... OK
2015/04/13 17:49:01: Key Entry ... OK
2015/04/13 17:49:01: Complete.
2015/04/13 17:49:01: COM PORT CLOSE ... OK
2015/04/13 17:49:01: 
2015/04/13 17:49:01: ==== Processing was completed ====
2015/04/13 17:49:01: 
*************************************************


*********** Start the Initialize Key Check **********
2015/04/13 17:59:18: Tool Ver: 2013.0605.01
2015/04/13 17:59:18: COM PORT OPEN ... OK
2015/04/13 17:59:18:
2015/04/13 17:59:18: ProductS/N:  5400053
2015/04/13 17:59:18: TID: 86041A395A842D80
2015/04/13 17:59:18: F/W Version: 00.00.08
2015/04/13 17:59:18:
2015/04/13 17:59:18: MasterKey Key Entry ... OK
2015/04/13 17:59:18: PowerON Counter Key Entry ... OK
2015/04/13 17:59:18: Key Entry ... OK
2015/04/13 17:59:18: Complete.
2015/04/13 17:59:18: COM PORT CLOSE ... OK
2015/04/13 17:59:18: 
2015/04/13 17:59:18: ==== Processing was completed ====
2015/04/13 17:59:18: 
*************************************************


*********** Start the Initialize Key Check **********
2015/04/13 18:08:37: Tool Ver: 2013.0605.01
2015/04/13 18:08:37: COM PORT OPEN ... OK
2015/04/13 18:08:37:
2015/04/13 18:08:37: ProductS/N:  5400102
2015/04/13 18:08:37: TID: 8604310B5A842D80
2015/04/13 18:08:37: F/W Version: 00.00.08
2015/04/13 18:08:37:
2015/04/13 18:08:37: MasterKey Key Entry ... OK
2015/04/13 18:08:37: PowerON Counter Key Entry ... OK
2015/04/13 18:08:38: Key Entry ... OK
2015/04/13 18:08:38: Complete.
2015/04/13 18:08:38: COM PORT CLOSE ... OK
2015/04/13 18:08:38: 
2015/04/13 18:08:38: ==== Processing was completed ====
2015/04/13 18:08:38: 
*************************************************


*********** Start the Initialize Key Check **********
2015/04/13 18:14:28: Tool Ver: 2013.0605.01
2015/04/13 18:14:28: COM PORT OPEN ... OK
2015/04/13 18:14:28:
2015/04/13 18:14:28: ProductS/N:  5400097
2015/04/13 18:14:28: TID: 86043E3062842D80
2015/04/13 18:14:28: F/W Version: 00.00.08
2015/04/13 18:14:28:
2015/04/13 18:14:28: MasterKey Key Entry ... OK
2015/04/13 18:14:28: PowerON Counter Key Entry ... OK
2015/04/13 18:14:29: Key Entry ... OK
2015/04/13 18:14:29: Complete.
2015/04/13 18:14:29: COM PORT CLOSE ... OK
2015/04/13 18:14:29: 
2015/04/13 18:14:29: ==== Processing was completed ====
2015/04/13 18:14:29: 
*************************************************


*********** Start the Initialize Key Check **********
2015/04/13 18:21:37: Tool Ver: 2013.0605.01
2015/04/13 18:21:37: COM PORT OPEN ... OK
2015/04/13 18:21:37:
2015/04/13 18:21:37: ProductS/N:  5400098
2015/04/13 18:21:37: TID: 86043B1C62842D80
2015/04/13 18:21:37: F/W Version: 00.00.08
2015/04/13 18:21:37:
2015/04/13 18:21:37: MasterKey Key Entry ... OK
2015/04/13 18:21:37: PowerON Counter Key Entry ... OK
2015/04/13 18:21:38: Key Entry ... OK
2015/04/13 18:21:38: Complete.
2015/04/13 18:21:38: COM PORT CLOSE ... OK
2015/04/13 18:21:38: 
2015/04/13 18:21:38: ==== Processing was completed ====
2015/04/13 18:21:38: 
*************************************************


*********** Start the Initialize Key Check **********
2015/04/13 18:36:03: Tool Ver: 2013.0605.01
2015/04/13 18:36:03: COM PORT OPEN ... OK
2015/04/13 18:36:03:
2015/04/13 18:36:03: ProductS/N:  5400175
2015/04/13 18:36:03: TID: 860435165A842D80
2015/04/13 18:36:03: F/W Version: 00.00.08
2015/04/13 18:36:03:
2015/04/13 18:36:03: MasterKey Key Entry ... OK
2015/04/13 18:36:03: PowerON Counter Key Entry ... OK
2015/04/13 18:36:04: Key Entry ... OK
2015/04/13 18:36:04: Complete.
2015/04/13 18:36:04: COM PORT CLOSE ... OK
2015/04/13 18:36:04: 
2015/04/13 18:36:04: ==== Processing was completed ====
2015/04/13 18:36:04: 
*************************************************


*********** Start the Initialize Key Check **********
2015/04/13 18:44:00: Tool Ver: 2013.0605.01
2015/04/13 18:44:00: COM PORT OPEN ... OK
2015/04/13 18:44:00:
2015/04/13 18:44:00: ProductS/N:  5400142
2015/04/13 18:44:00: TID: 86042C2C5A842D80
2015/04/13 18:44:00: F/W Version: 00.00.08
2015/04/13 18:44:00:
2015/04/13 18:44:00: MasterKey Key Entry ... OK
2015/04/13 18:44:00: PowerON Counter Key Entry ... OK
2015/04/13 18:44:01: Key Entry ... OK
2015/04/13 18:44:01: Complete.
2015/04/13 18:44:01: COM PORT CLOSE ... OK
2015/04/13 18:44:01: 
2015/04/13 18:44:01: ==== Processing was completed ====
2015/04/13 18:44:01: 
*************************************************


*********** Start the Initialize Key Check **********
2015/04/13 18:50:31: Tool Ver: 2013.0605.01
2015/04/13 18:50:31: COM PORT OPEN ... OK
2015/04/13 18:50:31:
2015/04/13 18:50:31: ProductS/N:  5400054
2015/04/13 18:50:31: TID: 86042F3B5A842D80
2015/04/13 18:50:31: F/W Version: 00.00.08
2015/04/13 18:50:31:
2015/04/13 18:50:31: MasterKey Key Entry ... OK
2015/04/13 18:50:31: PowerON Counter Key Entry ... OK
2015/04/13 18:50:32: Key Entry ... OK
2015/04/13 18:50:32: Complete.
2015/04/13 18:50:32: COM PORT CLOSE ... OK
2015/04/13 18:50:32: 
2015/04/13 18:50:32: ==== Processing was completed ====
2015/04/13 18:50:32: 
*************************************************


*********** Start the Initialize Key Check **********
2015/04/13 18:56:35: Tool Ver: 2013.0605.01
2015/04/13 18:56:35: COM PORT OPEN ... OK
2015/04/13 18:56:35:
2015/04/13 18:56:35: ProductS/N:  5400032
2015/04/13 18:56:35: TID: 86040C116A842D80
2015/04/13 18:56:35: F/W Version: 00.00.08
2015/04/13 18:56:35:
2015/04/13 18:56:35: MasterKey Key Entry ... OK
2015/04/13 18:56:35: PowerON Counter Key Entry ... OK
2015/04/13 18:56:36: Key Entry ... OK
2015/04/13 18:56:36: Complete.
2015/04/13 18:56:36: COM PORT CLOSE ... OK
2015/04/13 18:56:36: 
2015/04/13 18:56:36: ==== Processing was completed ====
2015/04/13 18:56:36: 
*************************************************


*********** Start the Initialize Key Check **********
2015/04/13 19:10:42: Tool Ver: 2013.0605.01
2015/04/13 19:10:42: COM PORT OPEN ... OK
2015/04/13 19:10:42:
2015/04/13 19:10:42: ProductS/N:  5400077
2015/04/13 19:10:42: TID: 86042D0B5A842D80
2015/04/13 19:10:42: F/W Version: 00.00.08
2015/04/13 19:10:42:
2015/04/13 19:10:42: MasterKey Key Entry ... OK
2015/04/13 19:10:42: PowerON Counter Key Entry ... OK
2015/04/13 19:10:43: Key Entry ... OK
2015/04/13 19:10:43: Complete.
2015/04/13 19:10:43: COM PORT CLOSE ... OK
2015/04/13 19:10:43: 
2015/04/13 19:10:43: ==== Processing was completed ====
2015/04/13 19:10:43: 
*************************************************


*********** Start the Initialize Key Check **********
2015/04/13 19:16:37: Tool Ver: 2013.0605.01
2015/04/13 19:16:37: COM PORT OPEN ... OK
2015/04/13 19:16:37:
2015/04/13 19:16:37: ProductS/N:  5400078
2015/04/13 19:16:37: TID: 8604351F5A842D80
2015/04/13 19:16:37: F/W Version: 00.00.08
2015/04/13 19:16:37:
2015/04/13 19:16:37: MasterKey Key Entry ... OK
2015/04/13 19:16:37: PowerON Counter Key Entry ... OK
2015/04/13 19:16:38: Key Entry ... OK
2015/04/13 19:16:38: Complete.
2015/04/13 19:16:38: COM PORT CLOSE ... OK
2015/04/13 19:16:38: 
2015/04/13 19:16:38: ==== Processing was completed ====
2015/04/13 19:16:38: 
*************************************************


*********** Start the Initialize Key Check **********
2015/04/13 19:28:03: Tool Ver: 2013.0605.01
2015/04/13 19:28:03: COM PORT OPEN ... OK
2015/04/13 19:28:03:
2015/04/13 19:28:03: ProductS/N:  5400031
2015/04/13 19:28:03: TID: 860433365A842D80
2015/04/13 19:28:03: F/W Version: 00.00.08
2015/04/13 19:28:03:
2015/04/13 19:28:03: MasterKey Key Entry ... OK
2015/04/13 19:28:03: PowerON Counter Key Entry ... OK
2015/04/13 19:28:04: Key Entry ... OK
2015/04/13 19:28:04: Complete.
2015/04/13 19:28:04: COM PORT CLOSE ... OK
2015/04/13 19:28:04: 
2015/04/13 19:28:04: ==== Processing was completed ====
2015/04/13 19:28:04: 
*************************************************


*********** Start the Initialize Key Check **********
2015/04/13 19:34:42: Tool Ver: 2013.0605.01
2015/04/13 19:34:42: COM PORT OPEN ... OK
2015/04/13 19:34:42:
2015/04/13 19:34:42: ProductS/N:  5400079
2015/04/13 19:34:42: TID: 86041F0662842D80
2015/04/13 19:34:42: F/W Version: 00.00.08
2015/04/13 19:34:42:
2015/04/13 19:34:42: MasterKey Key Entry ... OK
2015/04/13 19:34:42: PowerON Counter Key Entry ... OK
2015/04/13 19:34:42: Key Entry ... OK
2015/04/13 19:34:42: Complete.
2015/04/13 19:34:42: COM PORT CLOSE ... OK
2015/04/13 19:34:42: 
2015/04/13 19:34:42: ==== Processing was completed ====
2015/04/13 19:34:42: 
*************************************************


*********** Start the Initialize Key Check **********
2015/04/13 19:40:24: Tool Ver: 2013.0605.01
2015/04/13 19:40:24: COM PORT OPEN ... OK
2015/04/13 19:40:24:
2015/04/13 19:40:24: ProductS/N:  5400034
2015/04/13 19:40:24: TID: 860431295A842D80
2015/04/13 19:40:24: F/W Version: 00.00.08
2015/04/13 19:40:24:
2015/04/13 19:40:24: MasterKey Key Entry ... OK
2015/04/13 19:40:24: PowerON Counter Key Entry ... OK
2015/04/13 19:40:25: Key Entry ... OK
2015/04/13 19:40:25: Complete.
2015/04/13 19:40:25: COM PORT CLOSE ... OK
2015/04/13 19:40:25: 
2015/04/13 19:40:25: ==== Processing was completed ====
2015/04/13 19:40:25: 
*************************************************


*********** Start the Initialize Key Check **********
2015/04/13 19:58:58: Tool Ver: 2013.0605.01
2015/04/13 19:58:58: COM PORT OPEN ... OK
2015/04/13 19:58:58:
2015/04/13 19:58:58: ProductS/N:  5400028
2015/04/13 19:58:58: TID: 86040B1D6A842D80
2015/04/13 19:58:58: F/W Version: 00.00.08
2015/04/13 19:58:58:
2015/04/13 19:58:58: MasterKey Key Entry ... OK
2015/04/13 19:58:58: PowerON Counter Key Entry ... OK
2015/04/13 19:58:59: Key Entry ... OK
2015/04/13 19:58:59: Complete.
2015/04/13 19:58:59: COM PORT CLOSE ... OK
2015/04/13 19:58:59: 
2015/04/13 19:58:59: ==== Processing was completed ====
2015/04/13 19:58:59: 
*************************************************


*********** Start the Initialize Key Check **********
2015/04/13 20:19:48: Tool Ver: 2013.0605.01
2015/04/13 20:19:48: COM PORT OPEN ... OK
2015/04/13 20:19:48:
2015/04/13 20:19:48: ProductS/N:  5400030
2015/04/13 20:19:48: TID: 8604152362842D80
2015/04/13 20:19:48: F/W Version: 00.00.08
2015/04/13 20:19:48:
2015/04/13 20:19:48: MasterKey Key Entry ... OK
2015/04/13 20:19:48: PowerON Counter Key Entry ... OK
2015/04/13 20:19:48: Key Entry ... OK
2015/04/13 20:19:48: Complete.
2015/04/13 20:19:48: COM PORT CLOSE ... OK
2015/04/13 20:19:48: 
2015/04/13 20:19:48: ==== Processing was completed ====
2015/04/13 20:19:48: 
*************************************************


*********** Start the Initialize Key Check **********
2015/04/13 20:26:41: Tool Ver: 2013.0605.01
2015/04/13 20:26:41: COM PORT OPEN ... OK
2015/04/13 20:26:41:
2015/04/13 20:26:41: ProductS/N:  5400075
2015/04/13 20:26:41: TID: 8604340D5A842D80
2015/04/13 20:26:41: F/W Version: 00.00.08
2015/04/13 20:26:41:
2015/04/13 20:26:41: MasterKey Key Entry ... OK
2015/04/13 20:26:41: PowerON Counter Key Entry ... OK
2015/04/13 20:26:42: Key Entry ... OK
2015/04/13 20:26:42: Complete.
2015/04/13 20:26:42: COM PORT CLOSE ... OK
2015/04/13 20:26:42: 
2015/04/13 20:26:42: ==== Processing was completed ====
2015/04/13 20:26:42: 
*************************************************


*********** Start the Initialize Key Check **********
2015/04/13 20:36:27: Tool Ver: 2013.0605.01
2015/04/13 20:36:27: COM PORT OPEN ... OK
2015/04/13 20:36:27:
2015/04/13 20:36:27: ProductS/N:  VRW06B115400172
2015/04/13 20:36:27: TID: 86040F1C6A842D80
2015/04/13 20:36:27: F/W Version: 00.00.08
2015/04/13 20:36:27:
2015/04/13 20:36:27: MasterKey Key Entry ... OK
2015/04/13 20:36:27: PowerON Counter Key Entry ... OK
2015/04/13 20:36:27: Key Entry ... OK
2015/04/13 20:36:27: Complete.
2015/04/13 20:36:27: COM PORT CLOSE ... OK
2015/04/13 20:36:27: 
2015/04/13 20:36:27: ==== Processing was completed ====
2015/04/13 20:36:27: 
*************************************************


*********** Start the Initialize Key Check **********
2015/04/13 20:50:51: Tool Ver: 2013.0605.01
2015/04/13 20:50:51: COM PORT OPEN ... OK
2015/04/13 20:50:52:
2015/04/13 20:50:52: ProductS/N:  5400178
2015/04/13 20:50:52: TID: 860412296A842D80
2015/04/13 20:50:52: F/W Version: 00.00.08
2015/04/13 20:50:52:
2015/04/13 20:50:52: MasterKey Key Entry ... OK
2015/04/13 20:50:52: PowerON Counter Key Entry ... OK
2015/04/13 20:50:52: Key Entry ... OK
2015/04/13 20:50:52: Complete.
2015/04/13 20:50:52: COM PORT CLOSE ... OK
2015/04/13 20:50:52: 
2015/04/13 20:50:52: ==== Processing was completed ====
2015/04/13 20:50:52: 
*************************************************


*********** Start the Initialize Key Check **********
2015/04/13 20:59:29: Tool Ver: 2013.0605.01
2015/04/13 20:59:29: COM PORT OPEN ... ERROR(01)
2015/04/13 20:59:29: 
2015/04/13 20:59:29: ######## Error has occurred ########
2015/04/13 20:59:29: 
*************************************************


*********** Start the Initialize Key Check **********
2015/04/13 20:59:40: Tool Ver: 2013.0605.01
2015/04/13 20:59:40: COM PORT OPEN ... ERROR(01)
2015/04/13 20:59:40: 
2015/04/13 20:59:40: ######## Error has occurred ########
2015/04/13 20:59:40: 
*************************************************


*********** Start the Initialize Key Check **********
2015/04/13 20:59:42: Tool Ver: 2013.0605.01
2015/04/13 20:59:42: COM PORT OPEN ... ERROR(01)
2015/04/13 20:59:42: 
2015/04/13 20:59:42: ######## Error has occurred ########
2015/04/13 20:59:42: 
*************************************************


*********** Start the Initialize Key Check **********
2015/04/13 20:59:43: Tool Ver: 2013.0605.01
2015/04/13 20:59:43: COM PORT OPEN ... ERROR(01)
2015/04/13 20:59:43: 
2015/04/13 20:59:43: ######## Error has occurred ########
2015/04/13 20:59:43: 
*************************************************


*********** Start the Initialize Key Check **********
2015/04/13 20:59:43: Tool Ver: 2013.0605.01
2015/04/13 20:59:43: COM PORT OPEN ... ERROR(01)
2015/04/13 20:59:43: 
2015/04/13 20:59:43: ######## Error has occurred ########
2015/04/13 20:59:43: 
*************************************************


*********** Start the Initialize Key Check **********
2015/04/13 20:59:43: Tool Ver: 2013.0605.01
2015/04/13 20:59:43: COM PORT OPEN ... ERROR(01)
2015/04/13 20:59:43: 
2015/04/13 20:59:43: ######## Error has occurred ########
2015/04/13 20:59:43: 
*************************************************


*********** Start the Initialize Key Check **********
2015/04/13 21:00:16: Tool Ver: 2013.0605.01
2015/04/13 21:00:16: COM PORT OPEN ... OK
2015/04/13 21:00:16:
2015/04/13 21:00:16: ProductS/N:  5400206
2015/04/13 21:00:16: TID: 86042C3C32E62080
2015/04/13 21:00:16: F/W Version: 00.00.08
2015/04/13 21:00:16:
2015/04/13 21:00:16: MasterKey Key Entry ... OK
2015/04/13 21:00:16: PowerON Counter Key Entry ... OK
2015/04/13 21:00:16: Key Entry ... OK
2015/04/13 21:00:16: Complete.
2015/04/13 21:00:16: COM PORT CLOSE ... OK
2015/04/13 21:00:16: 
2015/04/13 21:00:16: ==== Processing was completed ====
2015/04/13 21:00:16: 
*************************************************


*********** Start the Initialize Key Check **********
2015/04/13 21:02:28: Tool Ver: 2013.0605.01
2015/04/13 21:02:28: COM PORT OPEN ... OK
2015/04/13 21:02:28:
2015/04/13 21:02:28: ProductS/N:  5400178
2015/04/13 21:02:28: TID: 860412296A842D80
2015/04/13 21:02:28: F/W Version: 00.00.08
2015/04/13 21:02:28:
2015/04/13 21:02:28: MasterKey Key Entry ... OK
2015/04/13 21:02:28: PowerON Counter Key Entry ... OK
2015/04/13 21:02:29: Key Entry ... OK
2015/04/13 21:02:29: Complete.
2015/04/13 21:02:29: COM PORT CLOSE ... OK
2015/04/13 21:02:29: 
2015/04/13 21:02:29: ==== Processing was completed ====
2015/04/13 21:02:29: 
*************************************************


*********** Start the Initialize Key Check **********
2015/04/13 21:09:46: Tool Ver: 2013.0605.01
2015/04/13 21:09:46: COM PORT OPEN ... OK
2015/04/13 21:09:46:
2015/04/13 21:09:46: ProductS/N:  5400052
2015/04/13 21:09:46: TID: 8604342C5A842D80
2015/04/13 21:09:46: F/W Version: 00.00.08
2015/04/13 21:09:46:
2015/04/13 21:09:46: MasterKey Key Entry ... OK
2015/04/13 21:09:46: PowerON Counter Key Entry ... OK
2015/04/13 21:09:47: Key Entry ... OK
2015/04/13 21:09:47: Complete.
2015/04/13 21:09:47: COM PORT CLOSE ... OK
2015/04/13 21:09:47: 
2015/04/13 21:09:47: ==== Processing was completed ====
2015/04/13 21:09:47: 
*************************************************


*********** Start the Initialize Key Check **********
2015/04/13 21:22:41: Tool Ver: 2013.0605.01
2015/04/13 21:22:41: COM PORT OPEN ... OK
2015/04/13 21:22:41:
2015/04/13 21:22:41: ProductS/N:  5400015
2015/04/13 21:22:41: TID: 860410135A842D80
2015/04/13 21:22:41: F/W Version: 00.00.08
2015/04/13 21:22:41:
2015/04/13 21:22:41: MasterKey Key Entry ... OK
2015/04/13 21:22:41: PowerON Counter Key Entry ... OK
2015/04/13 21:22:42: Key Entry ... OK
2015/04/13 21:22:42: Complete.
2015/04/13 21:22:42: COM PORT CLOSE ... OK
2015/04/13 21:22:42: 
2015/04/13 21:22:42: ==== Processing was completed ====
2015/04/13 21:22:42: 
*************************************************


*********** Start the Initialize Key Check **********
2015/04/13 21:23:45: Tool Ver: 2013.0605.01
2015/04/13 21:23:45: COM PORT OPEN ... OK
2015/04/13 21:23:45:
2015/04/13 21:23:45: ProductS/N:  5400014
2015/04/13 21:23:45: TID: 8604220362842D80
2015/04/13 21:23:45: F/W Version: 00.00.08
2015/04/13 21:23:45:
2015/04/13 21:23:45: MasterKey Key Entry ... OK
2015/04/13 21:23:45: PowerON Counter Key Entry ... OK
2015/04/13 21:23:45: Key Entry ... OK
2015/04/13 21:23:45: Complete.
2015/04/13 21:23:45: COM PORT CLOSE ... OK
2015/04/13 21:23:45: 
2015/04/13 21:23:45: ==== Processing was completed ====
2015/04/13 21:23:45: 
*************************************************


*********** Start the Initialize Key Check **********
2015/04/13 21:27:49: Tool Ver: 2013.0605.01
2015/04/13 21:27:49: COM PORT OPEN ... OK
2015/04/13 21:27:49:
2015/04/13 21:27:49: ProductS/N:  5400049
2015/04/13 21:27:49: TID: 8604373B5A842D80
2015/04/13 21:27:49: F/W Version: 00.00.08
2015/04/13 21:27:49:
2015/04/13 21:27:49: MasterKey Key Entry ... OK
2015/04/13 21:27:49: PowerON Counter Key Entry ... OK
2015/04/13 21:27:50: Key Entry ... OK
2015/04/13 21:27:50: Complete.
2015/04/13 21:27:50: COM PORT CLOSE ... OK
2015/04/13 21:27:50: 
2015/04/13 21:27:50: ==== Processing was completed ====
2015/04/13 21:27:50: 
*************************************************


*********** Start the Initialize Key Check **********
2015/04/13 21:31:55: Tool Ver: 2013.0605.01
2015/04/13 21:31:55: COM PORT OPEN ... OK
2015/04/13 21:31:55:
2015/04/13 21:31:55: ProductS/N:  5400037
2015/04/13 21:31:55: TID: 860438256A842D80
2015/04/13 21:31:55: F/W Version: 00.00.08
2015/04/13 21:31:55:
2015/04/13 21:31:55: MasterKey Key Entry ... OK
2015/04/13 21:31:55: PowerON Counter Key Entry ... OK
2015/04/13 21:31:56: Key Entry ... OK
2015/04/13 21:31:56: Complete.
2015/04/13 21:31:56: COM PORT CLOSE ... OK
2015/04/13 21:31:56: 
2015/04/13 21:31:56: ==== Processing was completed ====
2015/04/13 21:31:56: 
*************************************************


*********** Start the Initialize Key Check **********
2015/04/13 21:34:54: Tool Ver: 2013.0605.01
2015/04/13 21:34:54: COM PORT OPEN ... OK
2015/04/13 21:34:54:
2015/04/13 21:34:54: ProductS/N:  5400019
2015/04/13 21:34:54: TID: 86041F0762842D80
2015/04/13 21:34:54: F/W Version: 00.00.08
2015/04/13 21:34:54:
2015/04/13 21:34:54: MasterKey Key Entry ... OK
2015/04/13 21:34:54: PowerON Counter Key Entry ... OK
2015/04/13 21:34:55: Key Entry ... OK
2015/04/13 21:34:55: Complete.
2015/04/13 21:34:55: COM PORT CLOSE ... OK
2015/04/13 21:34:55: 
2015/04/13 21:34:55: ==== Processing was completed ====
2015/04/13 21:34:55: 
*************************************************


*********** Start the Initialize Key Check **********
2015/04/13 21:39:20: Tool Ver: 2013.0605.01
2015/04/13 21:39:20: COM PORT OPEN ... OK
2015/04/13 21:39:50: AUTH1 POS ... ERROR(FE00)
2015/04/13 21:39:50:
2015/04/13 21:39:50: ProductS/N:  5400076
2015/04/13 21:40:20: GET TID ... ERROR(FE00)
2015/04/13 21:40:20: COM PORT CLOSE ... OK
2015/04/13 21:40:20: 
2015/04/13 21:40:20: ######## Error has occurred ########
2015/04/13 21:40:20: 
*************************************************


*********** Start the Initialize Key Check **********
2015/04/13 21:42:32: Tool Ver: 2013.0605.01
2015/04/13 21:42:32: COM PORT OPEN ... OK
2015/04/13 21:42:33:
2015/04/13 21:42:33: ProductS/N:  5400076
2015/04/13 21:42:33: TID: 8604330B5A842D80
2015/04/13 21:42:33: F/W Version: 00.00.08
2015/04/13 21:42:33:
2015/04/13 21:42:33: MasterKey Key Entry ... OK
2015/04/13 21:42:33: PowerON Counter Key Entry ... OK
2015/04/13 21:42:33: Key Entry ... OK
2015/04/13 21:42:33: Complete.
2015/04/13 21:42:33: COM PORT CLOSE ... OK
2015/04/13 21:42:33: 
2015/04/13 21:42:33: ==== Processing was completed ====
2015/04/13 21:42:33: 
*************************************************


*********** Start the Initialize Key Check **********
2015/04/13 21:44:35: Tool Ver: 2013.0605.01
2015/04/13 21:44:35: COM PORT OPEN ... OK
2015/04/13 21:44:35:
2015/04/13 21:44:35: ProductS/N:  5400048
2015/04/13 21:44:35: TID: 8604313F62842D80
2015/04/13 21:44:35: F/W Version: 00.00.08
2015/04/13 21:44:35:
2015/04/13 21:44:36: MasterKey Key Entry ... OK
2015/04/13 21:44:36: PowerON Counter Key Entry ... OK
2015/04/13 21:44:36: Key Entry ... OK
2015/04/13 21:44:36: Complete.
2015/04/13 21:44:36: COM PORT CLOSE ... OK
2015/04/13 21:44:36: 
2015/04/13 21:44:36: ==== Processing was completed ====
2015/04/13 21:44:36: 
*************************************************


*********** Start the Initialize Key Check **********
2015/04/13 21:51:24: Tool Ver: 2013.0605.01
2015/04/13 21:51:24: COM PORT OPEN ... OK
2015/04/13 21:51:24:
2015/04/13 21:51:24: ProductS/N:  5400200
2015/04/13 21:51:24: TID: 86042B3D5A842D80
2015/04/13 21:51:24: F/W Version: 00.00.08
2015/04/13 21:51:24:
2015/04/13 21:51:24: MasterKey Key Entry ... OK
2015/04/13 21:51:24: PowerON Counter Key Entry ... OK
2015/04/13 21:51:24: Key Entry ... OK
2015/04/13 21:51:24: Complete.
2015/04/13 21:51:24: COM PORT CLOSE ... OK
2015/04/13 21:51:24: 
2015/04/13 21:51:24: ==== Processing was completed ====
2015/04/13 21:51:24: 
*************************************************


*********** Start the Initialize Key Check **********
2015/04/13 21:58:04: Tool Ver: 2013.0605.01
2015/04/13 21:58:04: COM PORT OPEN ... OK
2015/04/13 21:58:04:
2015/04/13 21:58:04: ProductS/N:  5400163
2015/04/13 21:58:04: TID: 860436265A842D80
2015/04/13 21:58:04: F/W Version: 00.00.08
2015/04/13 21:58:04:
2015/04/13 21:58:04: MasterKey Key Entry ... OK
2015/04/13 21:58:04: PowerON Counter Key Entry ... OK
2015/04/13 21:58:04: Key Entry ... OK
2015/04/13 21:58:04: Complete.
2015/04/13 21:58:04: COM PORT CLOSE ... OK
2015/04/13 21:58:04: 
2015/04/13 21:58:04: ==== Processing was completed ====
2015/04/13 21:58:04: 
*************************************************


*********** Start the Initialize Key Check **********
2015/04/13 22:03:32: Tool Ver: 2013.0605.01
2015/04/13 22:03:32: COM PORT OPEN ... OK
2015/04/13 22:03:32:
2015/04/13 22:03:32: ProductS/N:  5400016
2015/04/13 22:03:32: TID: 860433375A842D80
2015/04/13 22:03:32: F/W Version: 00.00.08
2015/04/13 22:03:32:
2015/04/13 22:03:32: MasterKey Key Entry ... OK
2015/04/13 22:03:32: PowerON Counter Key Entry ... OK
2015/04/13 22:03:33: Key Entry ... OK
2015/04/13 22:03:33: Complete.
2015/04/13 22:03:33: COM PORT CLOSE ... OK
2015/04/13 22:03:33: 
2015/04/13 22:03:33: ==== Processing was completed ====
2015/04/13 22:03:33: 
*************************************************


*********** Start the Initialize Key Check **********
2015/04/13 22:10:28: Tool Ver: 2013.0605.01
2015/04/13 22:10:28: COM PORT OPEN ... OK
2015/04/13 22:10:28:
2015/04/13 22:10:28: ProductS/N:  5400161
2015/04/13 22:10:28: TID: 86042A2A5A842D80
2015/04/13 22:10:28: F/W Version: 00.00.08
2015/04/13 22:10:28:
2015/04/13 22:10:28: MasterKey Key Entry ... OK
2015/04/13 22:10:28: PowerON Counter Key Entry ... OK
2015/04/13 22:10:29: Key Entry ... OK
2015/04/13 22:10:29: Complete.
2015/04/13 22:10:29: COM PORT CLOSE ... OK
2015/04/13 22:10:29: 
2015/04/13 22:10:29: ==== Processing was completed ====
2015/04/13 22:10:29: 
*************************************************


*********** Start the Initialize Key Check **********
2015/04/13 22:16:50: Tool Ver: 2013.0605.01
2015/04/13 22:16:50: COM PORT OPEN ... OK
2015/04/13 22:16:50:
2015/04/13 22:16:50: ProductS/N:  5400030
2015/04/13 22:16:50: TID: 8604152362842D80
2015/04/13 22:16:50: F/W Version: 00.00.08
2015/04/13 22:16:50:
2015/04/13 22:16:50: MasterKey Key Entry ... OK
2015/04/13 22:16:50: PowerON Counter Key Entry ... OK
2015/04/13 22:16:50: Key Entry ... OK
2015/04/13 22:16:50: Complete.
2015/04/13 22:16:50: COM PORT CLOSE ... OK
2015/04/13 22:16:50: 
2015/04/13 22:16:50: ==== Processing was completed ====
2015/04/13 22:16:50: 
*************************************************


