*********** Start the Initialize Key Check **********
2015/04/03 13:05:06: Tool Ver: 2013.0605.01
2015/04/03 13:05:06: COM PORT OPEN ... OK
2015/04/03 13:05:06:
2015/04/03 13:05:06: ProductS/N:  5301101
2015/04/03 13:05:06: TID: 8604323C32E62080
2015/04/03 13:05:06: F/W Version: 00.00.08
2015/04/03 13:05:06:
2015/04/03 13:05:06: MasterKey Key Entry ... OK
2015/04/03 13:05:06: PowerON Counter Key Entry ... OK
2015/04/03 13:05:07: Key Entry ... OK
2015/04/03 13:05:07: Complete.
2015/04/03 13:05:07: COM PORT CLOSE ... OK
2015/04/03 13:05:07: 
2015/04/03 13:05:07: ==== Processing was completed ====
2015/04/03 13:05:07: 
*************************************************


*********** Start the Initialize Key Check **********
2015/04/03 13:14:41: Tool Ver: 2013.0605.01
2015/04/03 13:14:41: COM PORT OPEN ... ERROR(01)
2015/04/03 13:14:41: 
2015/04/03 13:14:41: ######## Error has occurred ########
2015/04/03 13:14:41: 
*************************************************


*********** Start the Initialize Key Check **********
2015/04/03 13:15:06: Tool Ver: 2013.0605.01
2015/04/03 13:15:06: COM PORT OPEN ... OK
2015/04/03 13:15:06:
2015/04/03 13:15:06: ProductS/N:  5301201
2015/04/03 13:15:06: TID: 86042C3C32E62080
2015/04/03 13:15:06: F/W Version: 00.00.08
2015/04/03 13:15:06:
2015/04/03 13:15:06: MasterKey Key Entry ... OK
2015/04/03 13:15:06: PowerON Counter Key Entry ... OK
2015/04/03 13:15:06: Key Entry ... OK
2015/04/03 13:15:06: Complete.
2015/04/03 13:15:06: COM PORT CLOSE ... OK
2015/04/03 13:15:06: 
2015/04/03 13:15:06: ==== Processing was completed ====
2015/04/03 13:15:06: 
*************************************************


*********** Start the Initialize Key Check **********
2015/04/03 13:26:22: Tool Ver: 2013.0605.01
2015/04/03 13:26:22: COM PORT OPEN ... OK
2015/04/03 13:26:22:
2015/04/03 13:26:22: ProductS/N:  5301103
2015/04/03 13:26:22: TID: 86041A2C5A842D80
2015/04/03 13:26:22: F/W Version: 00.00.08
2015/04/03 13:26:22:
2015/04/03 13:26:22: MasterKey Key Entry ... OK
2015/04/03 13:26:22: PowerON Counter Key Entry ... OK
2015/04/03 13:26:23: Key Entry ... OK
2015/04/03 13:26:23: Complete.
2015/04/03 13:26:23: COM PORT CLOSE ... OK
2015/04/03 13:26:23: 
2015/04/03 13:26:23: ==== Processing was completed ====
2015/04/03 13:26:23: 
*************************************************


*********** Start the Initialize Key Check **********
2015/04/03 13:37:34: Tool Ver: 2013.0605.01
2015/04/03 13:37:34: COM PORT OPEN ... OK
2015/04/03 13:37:34:
2015/04/03 13:37:34: ProductS/N:  5301102
2015/04/03 13:37:34: TID: 860407206A842D80
2015/04/03 13:37:34: F/W Version: 00.00.08
2015/04/03 13:37:34:
2015/04/03 13:37:34: MasterKey Key Entry ... OK
2015/04/03 13:37:34: PowerON Counter Key Entry ... OK
2015/04/03 13:37:35: Key Entry ... OK
2015/04/03 13:37:35: Complete.
2015/04/03 13:37:35: COM PORT CLOSE ... OK
2015/04/03 13:37:35: 
2015/04/03 13:37:35: ==== Processing was completed ====
2015/04/03 13:37:35: 
*************************************************


*********** Start the Initialize Key Check **********
2015/04/03 13:48:32: Tool Ver: 2013.0605.01
2015/04/03 13:48:32: COM PORT OPEN ... OK
2015/04/03 13:48:32:
2015/04/03 13:48:32: ProductS/N:  5301202
2015/04/03 13:48:32: TID: 8604412162842D80
2015/04/03 13:48:32: F/W Version: 00.00.08
2015/04/03 13:48:32:
2015/04/03 13:48:32: MasterKey Key Entry ... OK
2015/04/03 13:48:32: PowerON Counter Key Entry ... OK
2015/04/03 13:48:33: Key Entry ... OK
2015/04/03 13:48:33: Complete.
2015/04/03 13:48:33: COM PORT CLOSE ... OK
2015/04/03 13:48:33: 
2015/04/03 13:48:33: ==== Processing was completed ====
2015/04/03 13:48:33: 
*************************************************


*********** Start the Initialize Key Check **********
2015/04/03 14:18:02: Tool Ver: 2013.0605.01
2015/04/03 14:18:02: COM PORT OPEN ... OK
2015/04/03 14:18:02:
2015/04/03 14:18:02: ProductS/N:  5301002
2015/04/03 14:18:02: TID: 8604260662842D80
2015/04/03 14:18:02: F/W Version: 00.00.08
2015/04/03 14:18:02:
2015/04/03 14:18:02: MasterKey Key Entry ... OK
2015/04/03 14:18:02: PowerON Counter Key Entry ... OK
2015/04/03 14:18:03: Key Entry ... OK
2015/04/03 14:18:03: Complete.
2015/04/03 14:18:03: COM PORT CLOSE ... OK
2015/04/03 14:18:03: 
2015/04/03 14:18:03: ==== Processing was completed ====
2015/04/03 14:18:03: 
*************************************************


*********** Start the Initialize Key Check **********
2015/04/03 14:24:52: Tool Ver: 2013.0605.01
2015/04/03 14:24:52: COM PORT OPEN ... OK
2015/04/03 14:24:52:
2015/04/03 14:24:52: ProductS/N:  5301104
2015/04/03 14:24:52: TID: 8604201E62842D80
2015/04/03 14:24:52: F/W Version: 00.00.08
2015/04/03 14:24:52:
2015/04/03 14:24:52: MasterKey Key Entry ... OK
2015/04/03 14:24:52: PowerON Counter Key Entry ... OK
2015/04/03 14:24:53: Key Entry ... OK
2015/04/03 14:24:53: Complete.
2015/04/03 14:24:53: COM PORT CLOSE ... OK
2015/04/03 14:24:53: 
2015/04/03 14:24:53: ==== Processing was completed ====
2015/04/03 14:24:53: 
*************************************************


*********** Start the Initialize Key Check **********
2015/04/03 15:31:09: Tool Ver: 2013.0605.01
2015/04/03 15:31:09: Product S/N ... ERROR
2015/04/03 15:31:09: 
2015/04/03 15:31:09: ######## Error has occurred ########
2015/04/03 15:31:09: 
*************************************************


