*********** Start the Initialize Key Check **********
2015/04/08 10:12:16: Tool Ver: 2013.0605.01
2015/04/08 10:12:16: COM PORT OPEN ... OK
2015/04/08 10:12:16:
2015/04/08 10:12:16: ProductS/N:  5400085
2015/04/08 10:12:16: TID: 86040E2572842D80
2015/04/08 10:12:16: F/W Version: 00.00.08
2015/04/08 10:12:16:
2015/04/08 10:12:16: MasterKey Key Entry ... OK
2015/04/08 10:12:16: PowerON Counter Key Entry ... OK
2015/04/08 10:12:16: Key Entry ... OK
2015/04/08 10:12:16: Complete.
2015/04/08 10:12:16: COM PORT CLOSE ... OK
2015/04/08 10:12:16: 
2015/04/08 10:12:16: ==== Processing was completed ====
2015/04/08 10:12:16: 
*************************************************


*********** Start the Initialize Key Check **********
2015/04/08 10:44:14: Tool Ver: 2013.0605.01
2015/04/08 10:44:14: COM PORT OPEN ... OK
2015/04/08 10:44:14:
2015/04/08 10:44:14: ProductS/N:  5400083
2015/04/08 10:44:14: TID: 860433295A842D80
2015/04/08 10:44:14: F/W Version: 00.00.08
2015/04/08 10:44:14:
2015/04/08 10:44:14: MasterKey Key Entry ... OK
2015/04/08 10:44:14: PowerON Counter Key Entry ... OK
2015/04/08 10:44:14: Key Entry ... OK
2015/04/08 10:44:14: Complete.
2015/04/08 10:44:14: COM PORT CLOSE ... OK
2015/04/08 10:44:14: 
2015/04/08 10:44:14: ==== Processing was completed ====
2015/04/08 10:44:14: 
*************************************************


*********** Start the Initialize Key Check **********
2015/04/08 11:02:48: Tool Ver: 2013.0605.01
2015/04/08 11:02:48: COM PORT OPEN ... OK
2015/04/08 11:02:48:
2015/04/08 11:02:48: ProductS/N:  5400088
2015/04/08 11:02:48: TID: 860435205A842D80
2015/04/08 11:02:48: F/W Version: 00.00.08
2015/04/08 11:02:48:
2015/04/08 11:02:48: MasterKey Key Entry ... OK
2015/04/08 11:02:48: PowerON Counter Key Entry ... OK
2015/04/08 11:02:48: Key Entry ... OK
2015/04/08 11:02:48: Complete.
2015/04/08 11:02:48: COM PORT CLOSE ... OK
2015/04/08 11:02:48: 
2015/04/08 11:02:48: ==== Processing was completed ====
2015/04/08 11:02:48: 
*************************************************


*********** Start the Initialize Key Check **********
2015/04/08 11:11:52: Tool Ver: 2013.0605.01
2015/04/08 11:11:52: COM PORT OPEN ... OK
*********** Start the Initialize Key Check **********
2015/04/08 11:12:28: Tool Ver: 2013.0605.01
2015/04/08 11:12:28: COM PORT OPEN ... OK
2015/04/08 11:12:58: AUTH1 POS ... ERROR(FE00)
2015/04/08 11:12:58:
2015/04/08 11:12:58: ProductS/N:  5400150
2015/04/08 11:13:28: GET TID ... ERROR(FE00)
2015/04/08 11:13:28: COM PORT CLOSE ... OK
2015/04/08 11:13:28: 
2015/04/08 11:13:28: ######## Error has occurred ########
2015/04/08 11:13:28: 
*************************************************


*********** Start the Initialize Key Check **********
2015/04/08 11:14:48: Tool Ver: 2013.0605.01
2015/04/08 11:14:48: COM PORT OPEN ... OK
2015/04/08 11:15:18: AUTH1 POS ... ERROR(FE00)
2015/04/08 11:15:18:
2015/04/08 11:15:18: ProductS/N:  5400150
2015/04/08 11:15:48: GET TID ... ERROR(FE00)
2015/04/08 11:15:48: COM PORT CLOSE ... OK
2015/04/08 11:15:48: 
2015/04/08 11:15:48: ######## Error has occurred ########
2015/04/08 11:15:48: 
*************************************************


*********** Start the Initialize Key Check **********
2015/04/08 11:22:07: Tool Ver: 2013.0605.01
2015/04/08 11:22:07: COM PORT OPEN ... OK
2015/04/08 11:22:07:
2015/04/08 11:22:07: ProductS/N:  5400050
2015/04/08 11:22:07: TID: 86043A3362842D80
2015/04/08 11:22:07: F/W Version: 00.00.08
2015/04/08 11:22:07:
2015/04/08 11:22:07: MasterKey Key Entry ... OK
2015/04/08 11:22:07: PowerON Counter Key Entry ... OK
2015/04/08 11:22:08: Key Entry ... OK
2015/04/08 11:22:08: Complete.
2015/04/08 11:22:08: COM PORT CLOSE ... OK
2015/04/08 11:22:08: 
2015/04/08 11:22:08: ==== Processing was completed ====
2015/04/08 11:22:08: 
*************************************************


*********** Start the Initialize Key Check **********
2015/04/08 11:23:27: Tool Ver: 2013.0605.01
2015/04/08 11:23:27: COM PORT OPEN ... OK
2015/04/08 11:23:57: AUTH1 POS ... ERROR(FE00)
2015/04/08 11:23:57:
2015/04/08 11:23:57: ProductS/N:  5400150
2015/04/08 11:24:27: GET TID ... ERROR(FE00)
2015/04/08 11:24:27: COM PORT CLOSE ... OK
2015/04/08 11:24:27: 
2015/04/08 11:24:27: ######## Error has occurred ########
2015/04/08 11:24:27: 
*************************************************


*********** Start the Initialize Key Check **********
2015/04/08 11:25:11: Tool Ver: 2013.0605.01
2015/04/08 11:25:11: COM PORT OPEN ... OK
2015/04/08 11:25:41: AUTH1 POS ... ERROR(FE00)
2015/04/08 11:25:41:
2015/04/08 11:25:41: ProductS/N:  5400150
2015/04/08 11:26:11: GET TID ... ERROR(FE00)
2015/04/08 11:26:11: COM PORT CLOSE ... OK
2015/04/08 11:26:11: 
2015/04/08 11:26:11: ######## Error has occurred ########
2015/04/08 11:26:11: 
*************************************************


*********** Start the Initialize Key Check **********
2015/04/08 11:31:20: Tool Ver: 2013.0605.01
2015/04/08 11:31:20: COM PORT OPEN ... OK
2015/04/08 11:31:21:
2015/04/08 11:31:21: ProductS/N:  5400093
2015/04/08 11:31:21: TID: 86042E2A5A842D80
2015/04/08 11:31:21: F/W Version: 00.00.08
2015/04/08 11:31:21:
2015/04/08 11:31:21: MasterKey Key Entry ... OK
2015/04/08 11:31:21: PowerON Counter Key Entry ... OK
2015/04/08 11:31:26: [036]Key Get Key Entry... ERROR
2015/04/08 11:31:26: [036] ... ERROR KeyNoCEK[6C]
2015/04/08 11:31:26: [036] ... ERROR KeyVCEK[C4]
*********** Start the Initialize Key Check **********
2015/04/08 11:31:40: Tool Ver: 2013.0605.01
2015/04/08 11:31:40: COM PORT OPEN ... OK
2015/04/08 11:31:40:
2015/04/08 11:31:40: ProductS/N:  5400093
2015/04/08 11:31:40: TID: 86042E2A5A842D80
2015/04/08 11:31:40: F/W Version: 00.00.08
2015/04/08 11:31:40:
2015/04/08 11:31:40: MasterKey Key Entry ... OK
2015/04/08 11:31:40: PowerON Counter Key Entry ... OK
2015/04/08 11:31:45: [019]Key Get Key Entry... ERROR
2015/04/08 11:31:45: [019] ... ERROR KeyNoCEK[BD]
2015/04/08 11:31:45: [019] ... ERROR KeyVCEK[83]
*********** Start the Initialize Key Check **********
2015/04/08 11:32:04: Tool Ver: 2013.0605.01
2015/04/08 11:32:04: COM PORT OPEN ... OK
2015/04/08 11:32:09:
2015/04/08 11:32:09: ProductS/N:  5400093
2015/04/08 11:32:09: TID: 86042E2A5A842D80
2015/04/08 11:32:09: F/W Version: 00.00.08
2015/04/08 11:32:09:
2015/04/08 11:32:09: MasterKey Key Entry ... OK
2015/04/08 11:32:09: PowerON Counter Key Entry ... OK
2015/04/08 11:32:19: [028]Key Get Key Entry... ERROR
2015/04/08 11:32:19: [028] ... ERROR KeyNoCEK[10]
2015/04/08 11:32:19: [028] ... ERROR KeyVCEK[63]
*********** Start the Initialize Key Check **********
2015/04/08 11:34:15: Tool Ver: 2013.0605.01
2015/04/08 11:34:15: COM PORT OPEN ... OK
2015/04/08 11:34:15:
2015/04/08 11:34:15: ProductS/N:  5400093
2015/04/08 11:34:15: TID: 86042E2A5A842D80
2015/04/08 11:34:15: F/W Version: 00.00.08
2015/04/08 11:34:15:
2015/04/08 11:34:15: MasterKey Key Entry ... OK
2015/04/08 11:34:15: PowerON Counter Key Entry ... OK
2015/04/08 11:34:26: [122]Key Get Key Entry... ERROR
2015/04/08 11:34:26: [122] ... ERROR KeyNoCEK[9B]
2015/04/08 11:34:26: [122] ... ERROR KeyVCEK[11]
*********** Start the Initialize Key Check **********
2015/04/08 11:36:31: Tool Ver: 2013.0605.01
2015/04/08 11:36:31: COM PORT OPEN ... OK
2015/04/08 11:36:32:
2015/04/08 11:36:32: ProductS/N:  5400048
2015/04/08 11:36:32: TID: 8604313F62842D80
2015/04/08 11:36:32: F/W Version: 00.00.08
2015/04/08 11:36:32:
2015/04/08 11:36:32: MasterKey Key Entry ... OK
2015/04/08 11:36:32: PowerON Counter Key Entry ... OK
2015/04/08 11:36:32: Key Entry ... OK
2015/04/08 11:36:32: Complete.
2015/04/08 11:36:32: COM PORT CLOSE ... OK
2015/04/08 11:36:32: 
2015/04/08 11:36:32: ==== Processing was completed ====
2015/04/08 11:36:32: 
*************************************************


*********** Start the Initialize Key Check **********
2015/04/08 11:38:30: Tool Ver: 2013.0605.01
2015/04/08 11:38:30: COM PORT OPEN ... OK
2015/04/08 11:38:31:
2015/04/08 11:38:31: ProductS/N:  5400048
2015/04/08 11:38:31: TID: 8604313F62842D80
2015/04/08 11:38:31: F/W Version: 00.00.08
2015/04/08 11:38:31:
2015/04/08 11:38:31: MasterKey Key Entry ... OK
2015/04/08 11:38:31: PowerON Counter Key Entry ... OK
2015/04/08 11:38:31: Key Entry ... OK
2015/04/08 11:38:31: Complete.
2015/04/08 11:38:31: COM PORT CLOSE ... OK
2015/04/08 11:38:31: 
2015/04/08 11:38:31: ==== Processing was completed ====
2015/04/08 11:38:31: 
*************************************************


*********** Start the Initialize Key Check **********
2015/04/08 12:02:52: Tool Ver: 2013.0605.01
2015/04/08 12:02:52: COM PORT OPEN ... OK
2015/04/08 12:03:22: AUTH1 POS ... ERROR(FE00)
2015/04/08 12:03:22:
2015/04/08 12:03:22: ProductS/N:  5400149
2015/04/08 12:03:52: GET TID ... ERROR(FE00)
2015/04/08 12:03:52: COM PORT CLOSE ... OK
2015/04/08 12:03:52: 
2015/04/08 12:03:52: ######## Error has occurred ########
2015/04/08 12:03:52: 
*************************************************


*********** Start the Initialize Key Check **********
2015/04/08 12:45:11: Tool Ver: 2013.0605.01
2015/04/08 12:45:11: COM PORT OPEN ... OK
2015/04/08 12:45:11:
2015/04/08 12:45:11: ProductS/N:  5400094
2015/04/08 12:45:11: TID: 860432105A842D80
2015/04/08 12:45:11: F/W Version: 00.00.08
2015/04/08 12:45:11:
2015/04/08 12:45:11: MasterKey Key Entry ... OK
2015/04/08 12:45:11: PowerON Counter Key Entry ... OK
2015/04/08 12:45:11: Key Entry ... OK
2015/04/08 12:45:11: Complete.
2015/04/08 12:45:11: COM PORT CLOSE ... OK
2015/04/08 12:45:11: 
2015/04/08 12:45:11: ==== Processing was completed ====
2015/04/08 12:45:11: 
*************************************************


*********** Start the Initialize Key Check **********
2015/04/08 12:52:56: Tool Ver: 2013.0605.01
2015/04/08 12:52:56: COM PORT OPEN ... OK
2015/04/08 12:52:56:
2015/04/08 12:52:56: ProductS/N:  5400154
2015/04/08 12:52:56: TID: 86042E065A842D80
2015/04/08 12:52:56: F/W Version: 00.00.08
2015/04/08 12:52:56:
2015/04/08 12:52:56: MasterKey Key Entry ... OK
2015/04/08 12:52:56: PowerON Counter Key Entry ... OK
2015/04/08 12:52:57: Key Entry ... OK
2015/04/08 12:52:57: Complete.
2015/04/08 12:52:57: COM PORT CLOSE ... OK
2015/04/08 12:52:57: 
2015/04/08 12:52:57: ==== Processing was completed ====
2015/04/08 12:52:57: 
*************************************************


*********** Start the Initialize Key Check **********
2015/04/08 13:04:21: Tool Ver: 2013.0605.01
2015/04/08 13:04:21: COM PORT OPEN ... OK
2015/04/08 13:04:21:
2015/04/08 13:04:21: ProductS/N:  5400152
2015/04/08 13:04:21: TID: 860437325A842D80
2015/04/08 13:04:21: F/W Version: 00.00.08
2015/04/08 13:04:21:
2015/04/08 13:04:21: MasterKey Key Entry ... OK
2015/04/08 13:04:21: PowerON Counter Key Entry ... OK
2015/04/08 13:04:22: Key Entry ... OK
2015/04/08 13:04:22: Complete.
2015/04/08 13:04:22: COM PORT CLOSE ... OK
2015/04/08 13:04:22: 
2015/04/08 13:04:22: ==== Processing was completed ====
2015/04/08 13:04:22: 
*************************************************


*********** Start the Initialize Key Check **********
2015/04/08 13:24:12: Tool Ver: 2013.0605.01
2015/04/08 13:24:12: COM PORT OPEN ... OK
2015/04/08 13:24:12:
2015/04/08 13:24:12: ProductS/N:  5400089
2015/04/08 13:24:13: TID: 8604290C5A842D80
2015/04/08 13:24:13: F/W Version: 00.00.08
2015/04/08 13:24:13:
2015/04/08 13:24:13: MasterKey Key Entry ... OK
2015/04/08 13:24:13: PowerON Counter Key Entry ... OK
2015/04/08 13:24:13: Key Entry ... OK
2015/04/08 13:24:13: Complete.
2015/04/08 13:24:13: COM PORT CLOSE ... OK
2015/04/08 13:24:13: 
2015/04/08 13:24:13: ==== Processing was completed ====
2015/04/08 13:24:13: 
*************************************************


*********** Start the Initialize Key Check **********
2015/04/08 13:32:46: Tool Ver: 2013.0605.01
2015/04/08 13:32:46: COM PORT OPEN ... OK
2015/04/08 13:32:46:
2015/04/08 13:32:46: ProductS/N:  5400045
2015/04/08 13:32:46: TID: 8604362A5A842D80
2015/04/08 13:32:46: F/W Version: 00.00.08
2015/04/08 13:32:46:
2015/04/08 13:32:46: MasterKey Key Entry ... OK
2015/04/08 13:32:46: PowerON Counter Key Entry ... OK
2015/04/08 13:32:47: Key Entry ... OK
2015/04/08 13:32:47: Complete.
2015/04/08 13:32:47: COM PORT CLOSE ... OK
2015/04/08 13:32:47: 
2015/04/08 13:32:47: ==== Processing was completed ====
2015/04/08 13:32:47: 
*************************************************


*********** Start the Initialize Key Check **********
2015/04/08 13:48:01: Tool Ver: 2013.0605.01
2015/04/08 13:48:01: COM PORT OPEN ... OK
2015/04/08 13:48:02:
2015/04/08 13:48:02: ProductS/N:  5400153
2015/04/08 13:48:02: TID: 860431105A842D80
2015/04/08 13:48:02: F/W Version: 00.00.08
2015/04/08 13:48:02:
2015/04/08 13:48:02: MasterKey Key Entry ... OK
2015/04/08 13:48:02: PowerON Counter Key Entry ... OK
2015/04/08 13:48:02: Key Entry ... OK
2015/04/08 13:48:02: Complete.
2015/04/08 13:48:02: COM PORT CLOSE ... OK
2015/04/08 13:48:02: 
2015/04/08 13:48:02: ==== Processing was completed ====
2015/04/08 13:48:02: 
*************************************************


*********** Start the Initialize Key Check **********
2015/04/08 13:56:41: Tool Ver: 2013.0605.01
2015/04/08 13:56:41: COM PORT OPEN ... OK
2015/04/08 13:56:41:
2015/04/08 13:56:41: ProductS/N:  5400148
2015/04/08 13:56:41: TID: 86040F2E5A842D80
2015/04/08 13:56:41: F/W Version: 00.00.08
2015/04/08 13:56:41:
2015/04/08 13:56:41: MasterKey Key Entry ... OK
2015/04/08 13:56:41: PowerON Counter Key Entry ... OK
2015/04/08 13:56:42: Key Entry ... OK
2015/04/08 13:56:42: Complete.
2015/04/08 13:56:42: COM PORT CLOSE ... OK
2015/04/08 13:56:42: 
2015/04/08 13:56:42: ==== Processing was completed ====
2015/04/08 13:56:42: 
*************************************************


*********** Start the Initialize Key Check **********
2015/04/08 14:12:39: Tool Ver: 2013.0605.01
2015/04/08 14:12:39: COM PORT OPEN ... OK
2015/04/08 14:12:40:
2015/04/08 14:12:40: ProductS/N:  5400159
2015/04/08 14:12:40: TID: 860427285A842D80
2015/04/08 14:12:40: F/W Version: 00.00.08
2015/04/08 14:12:40:
2015/04/08 14:12:40: MasterKey Key Entry ... OK
2015/04/08 14:12:40: PowerON Counter Key Entry ... OK
2015/04/08 14:12:40: Key Entry ... OK
2015/04/08 14:12:40: Complete.
2015/04/08 14:12:40: COM PORT CLOSE ... OK
2015/04/08 14:12:40: 
2015/04/08 14:12:40: ==== Processing was completed ====
2015/04/08 14:12:40: 
*************************************************


*********** Start the Initialize Key Check **********
2015/04/08 14:13:26: Tool Ver: 2013.0605.01
2015/04/08 14:13:26: COM PORT OPEN ... OK
2015/04/08 14:13:56: AUTH1 POS ... ERROR(FE00)
2015/04/08 14:13:56:
2015/04/08 14:13:56: ProductS/N:  5400149
2015/04/08 14:14:26: GET TID ... ERROR(FE00)
2015/04/08 14:14:26: COM PORT CLOSE ... OK
2015/04/08 14:14:26: 
2015/04/08 14:14:26: ######## Error has occurred ########
2015/04/08 14:14:26: 
*************************************************


*********** Start the Initialize Key Check **********
2015/04/08 14:21:53: Tool Ver: 2013.0605.01
2015/04/08 14:21:53: COM PORT OPEN ... OK
2015/04/08 14:21:53:
2015/04/08 14:21:53: ProductS/N:  5400091
2015/04/08 14:21:53: TID: 860434395A842D80
2015/04/08 14:21:53: F/W Version: 00.00.08
2015/04/08 14:21:53:
2015/04/08 14:21:53: MasterKey Key Entry ... OK
2015/04/08 14:21:53: PowerON Counter Key Entry ... OK
2015/04/08 14:21:53: Key Entry ... OK
2015/04/08 14:21:53: Complete.
2015/04/08 14:21:53: COM PORT CLOSE ... OK
2015/04/08 14:21:53: 
2015/04/08 14:21:53: ==== Processing was completed ====
2015/04/08 14:21:53: 
*************************************************


*********** Start the Initialize Key Check **********
2015/04/08 14:46:47: Tool Ver: 2013.0605.01
2015/04/08 14:46:47: COM PORT OPEN ... OK
2015/04/08 14:46:48:
2015/04/08 14:46:48: ProductS/N:  5400155
2015/04/08 14:46:48: TID: 86042F415A842D80
2015/04/08 14:46:48: F/W Version: 00.00.08
2015/04/08 14:46:48:
2015/04/08 14:46:48: MasterKey Key Entry ... OK
2015/04/08 14:46:48: PowerON Counter Key Entry ... OK
2015/04/08 14:46:48: Key Entry ... OK
2015/04/08 14:46:48: Complete.
2015/04/08 14:46:48: COM PORT CLOSE ... OK
2015/04/08 14:46:48: 
2015/04/08 14:46:48: ==== Processing was completed ====
2015/04/08 14:46:48: 
*************************************************


*********** Start the Initialize Key Check **********
2015/04/08 14:55:48: Tool Ver: 2013.0605.01
2015/04/08 14:55:48: COM PORT OPEN ... OK
2015/04/08 14:55:48:
2015/04/08 14:55:48: ProductS/N:  5400157
2015/04/08 14:55:48: TID: 8604290D62842D80
2015/04/08 14:55:48: F/W Version: 00.00.08
2015/04/08 14:55:48:
2015/04/08 14:55:48: MasterKey Key Entry ... OK
2015/04/08 14:55:48: PowerON Counter Key Entry ... OK
2015/04/08 14:55:49: Key Entry ... OK
2015/04/08 14:55:49: Complete.
2015/04/08 14:55:49: COM PORT CLOSE ... OK
2015/04/08 14:55:49: 
2015/04/08 14:55:49: ==== Processing was completed ====
2015/04/08 14:55:49: 
*************************************************


*********** Start the Initialize Key Check **********
2015/04/08 15:05:59: Tool Ver: 2013.0605.01
2015/04/08 15:05:59: COM PORT OPEN ... OK
2015/04/08 15:05:59:
2015/04/08 15:05:59: ProductS/N:  5400156
2015/04/08 15:05:59: TID: 86042F305A842D80
2015/04/08 15:05:59: F/W Version: 00.00.08
2015/04/08 15:05:59:
2015/04/08 15:05:59: MasterKey Key Entry ... OK
2015/04/08 15:05:59: PowerON Counter Key Entry ... OK
2015/04/08 15:05:59: Key Entry ... OK
2015/04/08 15:05:59: Complete.
2015/04/08 15:05:59: COM PORT CLOSE ... OK
2015/04/08 15:05:59: 
2015/04/08 15:05:59: ==== Processing was completed ====
2015/04/08 15:05:59: 
*************************************************


*********** Start the Initialize Key Check **********
2015/04/08 15:22:55: Tool Ver: 2013.0605.01
2015/04/08 15:22:55: COM PORT OPEN ... OK
2015/04/08 15:22:55:
2015/04/08 15:22:55: ProductS/N:  5400043
2015/04/08 15:22:55: TID: 86042F055A842D80
2015/04/08 15:22:55: F/W Version: 00.00.08
2015/04/08 15:22:55:
2015/04/08 15:22:55: MasterKey Key Entry ... OK
2015/04/08 15:22:55: PowerON Counter Key Entry ... OK
2015/04/08 15:22:56: Key Entry ... OK
2015/04/08 15:22:56: Complete.
2015/04/08 15:22:56: COM PORT CLOSE ... OK
2015/04/08 15:22:56: 
2015/04/08 15:22:56: ==== Processing was completed ====
2015/04/08 15:22:56: 
*************************************************


*********** Start the Initialize Key Check **********
2015/04/08 15:35:48: Tool Ver: 2013.0605.01
2015/04/08 15:35:48: COM PORT OPEN ... OK
2015/04/08 15:35:48:
2015/04/08 15:35:48: ProductS/N:  5400161
2015/04/08 15:35:48: TID: 86042A2A5A842D80
2015/04/08 15:35:48: F/W Version: 00.00.08
2015/04/08 15:35:48:
2015/04/08 15:35:48: MasterKey Key Entry ... OK
2015/04/08 15:35:48: PowerON Counter Key Entry ... OK
2015/04/08 15:35:49: Key Entry ... OK
2015/04/08 15:35:49: Complete.
2015/04/08 15:35:49: COM PORT CLOSE ... OK
2015/04/08 15:35:49: 
2015/04/08 15:35:49: ==== Processing was completed ====
2015/04/08 15:35:49: 
*************************************************


*********** Start the Initialize Key Check **********
2015/04/08 15:36:47: Tool Ver: 2013.0605.01
2015/04/08 15:36:47: COM PORT OPEN ... OK
2015/04/08 15:36:47:
2015/04/08 15:36:47: ProductS/N:  5400103
2015/04/08 15:36:47: TID: 860435165A842D80
2015/04/08 15:36:47: F/W Version: 00.00.08
2015/04/08 15:36:47:
2015/04/08 15:36:47: MasterKey Key Entry ... OK
2015/04/08 15:36:47: PowerON Counter Key Entry ... OK
2015/04/08 15:36:48: Key Entry ... OK
2015/04/08 15:36:48: Complete.
2015/04/08 15:36:48: COM PORT CLOSE ... OK
2015/04/08 15:36:48: 
2015/04/08 15:36:48: ==== Processing was completed ====
2015/04/08 15:36:48: 
*************************************************


*********** Start the Initialize Key Check **********
2015/04/08 15:44:29: Tool Ver: 2013.0605.01
2015/04/08 15:44:29: COM PORT OPEN ... OK
2015/04/08 15:44:59: AUTH1 POS ... ERROR(FE00)
2015/04/08 15:44:59:
2015/04/08 15:44:59: ProductS/N:  5400163
2015/04/08 15:45:29: GET TID ... ERROR(FE00)
2015/04/08 15:45:29: COM PORT CLOSE ... OK
2015/04/08 15:45:29: 
2015/04/08 15:45:29: ######## Error has occurred ########
2015/04/08 15:45:29: 
*************************************************


*********** Start the Initialize Key Check **********
2015/04/08 15:45:45: Tool Ver: 2013.0605.01
2015/04/08 15:45:45: COM PORT OPEN ... OK
2015/04/08 15:46:15: AUTH1 POS ... ERROR(FE00)
2015/04/08 15:46:15:
2015/04/08 15:46:15: ProductS/N:  5400163
2015/04/08 15:46:45: GET TID ... ERROR(FE00)
2015/04/08 15:46:45: COM PORT CLOSE ... OK
2015/04/08 15:46:45: 
2015/04/08 15:46:45: ######## Error has occurred ########
2015/04/08 15:46:45: 
*************************************************


*********** Start the Initialize Key Check **********
2015/04/08 15:53:18: Tool Ver: 2013.0605.01
2015/04/08 15:53:18: COM PORT OPEN ... OK
2015/04/08 15:53:19:
2015/04/08 15:53:19: ProductS/N:  5400046
2015/04/08 15:53:19: TID: 86041C0D62842D80
2015/04/08 15:53:19: F/W Version: 00.00.08
2015/04/08 15:53:19:
2015/04/08 15:53:19: MasterKey Key Entry ... OK
2015/04/08 15:53:19: PowerON Counter Key Entry ... OK
2015/04/08 15:53:19: Key Entry ... OK
2015/04/08 15:53:19: Complete.
2015/04/08 15:53:19: COM PORT CLOSE ... OK
2015/04/08 15:53:19: 
2015/04/08 15:53:19: ==== Processing was completed ====
2015/04/08 15:53:19: 
*************************************************


*********** Start the Initialize Key Check **********
2015/04/08 16:04:26: Tool Ver: 2013.0605.01
2015/04/08 16:04:26: COM PORT OPEN ... OK
2015/04/08 16:04:27:
2015/04/08 16:04:27: ProductS/N:  5400100
2015/04/08 16:04:27: TID: 8604260862842D80
2015/04/08 16:04:27: F/W Version: 00.00.08
2015/04/08 16:04:27:
2015/04/08 16:04:27: MasterKey Key Entry ... OK
2015/04/08 16:04:27: PowerON Counter Key Entry ... OK
2015/04/08 16:04:27: Key Entry ... OK
2015/04/08 16:04:27: Complete.
2015/04/08 16:04:27: COM PORT CLOSE ... OK
2015/04/08 16:04:27: 
2015/04/08 16:04:27: ==== Processing was completed ====
2015/04/08 16:04:27: 
*************************************************


*********** Start the Initialize Key Check **********
2015/04/08 16:21:40: Tool Ver: 2013.0605.01
2015/04/08 16:21:40: COM PORT OPEN ... OK
2015/04/08 16:21:40:
2015/04/08 16:21:40: ProductS/N:  5400151
2015/04/08 16:21:40: TID: 860402206A842D80
2015/04/08 16:21:40: F/W Version: 00.00.08
2015/04/08 16:21:40:
2015/04/08 16:21:40: MasterKey Key Entry ... OK
2015/04/08 16:21:40: PowerON Counter Key Entry ... OK
2015/04/08 16:21:41: Key Entry ... OK
2015/04/08 16:21:41: Complete.
2015/04/08 16:21:41: COM PORT CLOSE ... OK
2015/04/08 16:21:41: 
2015/04/08 16:21:41: ==== Processing was completed ====
2015/04/08 16:21:41: 
*************************************************


*********** Start the Initialize Key Check **********
2015/04/08 16:21:58: Tool Ver: 2013.0605.01
2015/04/08 16:21:58: COM PORT OPEN ... OK
2015/04/08 16:21:59:
2015/04/08 16:21:59: ProductS/N:  5400087
2015/04/08 16:21:59: TID: 8604311E5A842D80
2015/04/08 16:21:59: F/W Version: 00.00.08
2015/04/08 16:21:59:
2015/04/08 16:21:59: MasterKey Key Entry ... OK
2015/04/08 16:21:59: PowerON Counter Key Entry ... OK
2015/04/08 16:21:59: Key Entry ... OK
2015/04/08 16:21:59: Complete.
2015/04/08 16:21:59: COM PORT CLOSE ... OK
2015/04/08 16:21:59: 
2015/04/08 16:21:59: ==== Processing was completed ====
2015/04/08 16:21:59: 
*************************************************


*********** Start the Initialize Key Check **********
2015/04/08 16:38:38: Tool Ver: 2013.0605.01
2015/04/08 16:38:38: COM PORT OPEN ... OK
*********** Start the Initialize Key Check **********
2015/04/08 16:39:12: Tool Ver: 2013.0605.01
2015/04/08 16:39:12: Product S/N ... ERROR
2015/04/08 16:39:12: 
2015/04/08 16:39:12: ######## Error has occurred ########
2015/04/08 16:39:12: 
*************************************************


*********** Start the Initialize Key Check **********
2015/04/08 16:39:14: Tool Ver: 2013.0605.01
2015/04/08 16:39:14: Product S/N ... ERROR
2015/04/08 16:39:14: 
2015/04/08 16:39:14: ######## Error has occurred ########
2015/04/08 16:39:14: 
*************************************************


*********** Start the Initialize Key Check **********
2015/04/08 16:39:15: Tool Ver: 2013.0605.01
2015/04/08 16:39:15: Product S/N ... ERROR
2015/04/08 16:39:15: 
2015/04/08 16:39:15: ######## Error has occurred ########
2015/04/08 16:39:15: 
*************************************************


*********** Start the Initialize Key Check **********
2015/04/08 16:39:16: Tool Ver: 2013.0605.01
2015/04/08 16:39:16: Product S/N ... ERROR
2015/04/08 16:39:16: 
2015/04/08 16:39:16: ######## Error has occurred ########
2015/04/08 16:39:16: 
*************************************************


*********** Start the Initialize Key Check **********
2015/04/08 16:39:17: Tool Ver: 2013.0605.01
2015/04/08 16:39:17: Product S/N ... ERROR
2015/04/08 16:39:17: 
2015/04/08 16:39:17: ######## Error has occurred ########
2015/04/08 16:39:17: 
*************************************************


*********** Start the Initialize Key Check **********
2015/04/08 16:39:17: Tool Ver: 2013.0605.01
2015/04/08 16:39:17: Product S/N ... ERROR
2015/04/08 16:39:17: 
2015/04/08 16:39:17: ######## Error has occurred ########
2015/04/08 16:39:17: 
*************************************************


*********** Start the Initialize Key Check **********
2015/04/08 16:39:18: Tool Ver: 2013.0605.01
2015/04/08 16:39:18: Product S/N ... ERROR
2015/04/08 16:39:18: 
2015/04/08 16:39:18: ######## Error has occurred ########
2015/04/08 16:39:18: 
*************************************************


*********** Start the Initialize Key Check **********
2015/04/08 16:39:18: Tool Ver: 2013.0605.01
2015/04/08 16:39:18: Product S/N ... ERROR
2015/04/08 16:39:18: 
2015/04/08 16:39:18: ######## Error has occurred ########
2015/04/08 16:39:18: 
*************************************************


*********** Start the Initialize Key Check **********
2015/04/08 16:39:19: Tool Ver: 2013.0605.01
2015/04/08 16:39:19: Product S/N ... ERROR
2015/04/08 16:39:19: 
2015/04/08 16:39:19: ######## Error has occurred ########
2015/04/08 16:39:19: 
*************************************************


*********** Start the Initialize Key Check **********
2015/04/08 16:39:19: Tool Ver: 2013.0605.01
2015/04/08 16:39:19: Product S/N ... ERROR
2015/04/08 16:39:19: 
2015/04/08 16:39:19: ######## Error has occurred ########
2015/04/08 16:39:19: 
*************************************************


*********** Start the Initialize Key Check **********
2015/04/08 16:39:19: Tool Ver: 2013.0605.01
2015/04/08 16:39:19: Product S/N ... ERROR
2015/04/08 16:39:19: 
2015/04/08 16:39:19: ######## Error has occurred ########
2015/04/08 16:39:19: 
*************************************************


*********** Start the Initialize Key Check **********
2015/04/08 16:39:20: Tool Ver: 2013.0605.01
2015/04/08 16:39:20: Product S/N ... ERROR
2015/04/08 16:39:20: 
2015/04/08 16:39:20: ######## Error has occurred ########
2015/04/08 16:39:20: 
*************************************************


*********** Start the Initialize Key Check **********
2015/04/08 16:39:20: Tool Ver: 2013.0605.01
2015/04/08 16:39:20: Product S/N ... ERROR
2015/04/08 16:39:20: 
2015/04/08 16:39:20: ######## Error has occurred ########
2015/04/08 16:39:20: 
*************************************************


*********** Start the Initialize Key Check **********
2015/04/08 16:39:20: Tool Ver: 2013.0605.01
2015/04/08 16:39:20: Product S/N ... ERROR
2015/04/08 16:39:20: 
2015/04/08 16:39:20: ######## Error has occurred ########
2015/04/08 16:39:20: 
*************************************************


*********** Start the Initialize Key Check **********
2015/04/08 16:39:21: Tool Ver: 2013.0605.01
2015/04/08 16:39:21: Product S/N ... ERROR
2015/04/08 16:39:21: 
2015/04/08 16:39:21: ######## Error has occurred ########
2015/04/08 16:39:21: 
*************************************************


*********** Start the Initialize Key Check **********
2015/04/08 16:39:21: Tool Ver: 2013.0605.01
2015/04/08 16:39:21: Product S/N ... ERROR
2015/04/08 16:39:21: 
2015/04/08 16:39:21: ######## Error has occurred ########
2015/04/08 16:39:21: 
*************************************************


*********** Start the Initialize Key Check **********
2015/04/08 16:39:21: Tool Ver: 2013.0605.01
2015/04/08 16:39:21: Product S/N ... ERROR
2015/04/08 16:39:21: 
2015/04/08 16:39:21: ######## Error has occurred ########
2015/04/08 16:39:21: 
*************************************************


*********** Start the Initialize Key Check **********
2015/04/08 16:39:22: Tool Ver: 2013.0605.01
2015/04/08 16:39:22: Product S/N ... ERROR
2015/04/08 16:39:22: 
2015/04/08 16:39:22: ######## Error has occurred ########
2015/04/08 16:39:22: 
*************************************************


*********** Start the Initialize Key Check **********
2015/04/08 16:39:22: Tool Ver: 2013.0605.01
2015/04/08 16:39:22: Product S/N ... ERROR
2015/04/08 16:39:22: 
2015/04/08 16:39:22: ######## Error has occurred ########
2015/04/08 16:39:22: 
*************************************************


*********** Start the Initialize Key Check **********
2015/04/08 16:39:22: Tool Ver: 2013.0605.01
2015/04/08 16:39:22: Product S/N ... ERROR
2015/04/08 16:39:22: 
2015/04/08 16:39:22: ######## Error has occurred ########
2015/04/08 16:39:22: 
*************************************************


*********** Start the Initialize Key Check **********
2015/04/08 16:39:23: Tool Ver: 2013.0605.01
2015/04/08 16:39:23: Product S/N ... ERROR
2015/04/08 16:39:23: 
2015/04/08 16:39:23: ######## Error has occurred ########
2015/04/08 16:39:23: 
*************************************************


*********** Start the Initialize Key Check **********
2015/04/08 17:04:14: Tool Ver: 2013.0605.01
2015/04/08 17:04:14: COM PORT OPEN ... OK
2015/04/08 17:04:14:
2015/04/08 17:04:14: ProductS/N:  5400104
2015/04/08 17:04:14: TID: 860432255A842D80
2015/04/08 17:04:14: F/W Version: 00.00.08
2015/04/08 17:04:14:
2015/04/08 17:04:14: MasterKey Key Entry ... OK
2015/04/08 17:04:14: PowerON Counter Key Entry ... OK
2015/04/08 17:04:15: Key Entry ... OK
2015/04/08 17:04:15: Complete.
2015/04/08 17:04:15: COM PORT CLOSE ... OK
2015/04/08 17:04:15: 
2015/04/08 17:04:15: ==== Processing was completed ====
2015/04/08 17:04:15: 
*************************************************


*********** Start the Initialize Key Check **********
2015/04/08 17:17:24: Tool Ver: 2013.0605.01
2015/04/08 17:17:24: COM PORT OPEN ... OK
2015/04/08 17:17:54: AUTH1 POS ... ERROR(FE00)
2015/04/08 17:17:54:
2015/04/08 17:17:54: ProductS/N:  5400115
2015/04/08 17:18:24: GET TID ... ERROR(FE00)
2015/04/08 17:18:24: COM PORT CLOSE ... OK
2015/04/08 17:18:24: 
2015/04/08 17:18:24: ######## Error has occurred ########
2015/04/08 17:18:24: 
*************************************************


*********** Start the Initialize Key Check **********
2015/04/08 17:27:07: Tool Ver: 2013.0605.01
2015/04/08 17:27:07: COM PORT OPEN ... OK
2015/04/08 17:27:07:
2015/04/08 17:27:07: ProductS/N:  5400115
2015/04/08 17:27:07: TID: 860432395A842D80
2015/04/08 17:27:07: F/W Version: 00.00.08
2015/04/08 17:27:07:
2015/04/08 17:27:07: MasterKey Key Entry ... OK
2015/04/08 17:27:07: PowerON Counter Key Entry ... OK
2015/04/08 17:27:08: Key Entry ... OK
2015/04/08 17:27:08: Complete.
2015/04/08 17:27:08: COM PORT CLOSE ... OK
2015/04/08 17:27:08: 
2015/04/08 17:27:08: ==== Processing was completed ====
2015/04/08 17:27:08: 
*************************************************


*********** Start the Initialize Key Check **********
2015/04/08 17:32:40: Tool Ver: 2013.0605.01
2015/04/08 17:32:40: COM PORT OPEN ... OK
2015/04/08 17:32:40:
2015/04/08 17:32:40: ProductS/N:  5400147
2015/04/08 17:32:40: TID: 8604353A5A842D80
2015/04/08 17:32:40: F/W Version: 00.00.08
2015/04/08 17:32:40:
2015/04/08 17:32:40: MasterKey Key Entry ... OK
2015/04/08 17:32:40: PowerON Counter Key Entry ... OK
2015/04/08 17:32:41: Key Entry ... OK
2015/04/08 17:32:41: Complete.
2015/04/08 17:32:41: COM PORT CLOSE ... OK
2015/04/08 17:32:41: 
2015/04/08 17:32:41: ==== Processing was completed ====
2015/04/08 17:32:41: 
*************************************************


*********** Start the Initialize Key Check **********
2015/04/08 17:33:35: Tool Ver: 2013.0605.01
2015/04/08 17:33:35: COM PORT OPEN ... OK
2015/04/08 17:34:05: AUTH1 POS ... ERROR(FE00)
2015/04/08 17:34:05:
2015/04/08 17:34:05: ProductS/N:  5400149
*********** Start the Initialize Key Check **********
2015/04/08 17:34:18: Tool Ver: 2013.0605.01
2015/04/08 17:34:18: COM PORT OPEN ... ERROR(02)
2015/04/08 17:34:18: 
2015/04/08 17:34:18: ######## Error has occurred ########
2015/04/08 17:34:18: 
*************************************************


*********** Start the Initialize Key Check **********
2015/04/08 17:34:20: Tool Ver: 2013.0605.01
2015/04/08 17:34:20: COM PORT OPEN ... ERROR(02)
2015/04/08 17:34:20: 
2015/04/08 17:34:20: ######## Error has occurred ########
2015/04/08 17:34:20: 
*************************************************


*********** Start the Initialize Key Check **********
2015/04/08 17:34:22: Tool Ver: 2013.0605.01
2015/04/08 17:34:22: COM PORT OPEN ... ERROR(02)
2015/04/08 17:34:22: 
2015/04/08 17:34:22: ######## Error has occurred ########
2015/04/08 17:34:22: 
*************************************************


*********** Start the Initialize Key Check **********
2015/04/08 17:36:24: Tool Ver: 2013.0605.01
2015/04/08 17:36:24: COM PORT OPEN ... OK
2015/04/08 17:36:25:
2015/04/08 17:36:25: ProductS/N:  5400115
2015/04/08 17:36:25: TID: 860432395A842D80
2015/04/08 17:36:25: F/W Version: 00.00.08
2015/04/08 17:36:25:
2015/04/08 17:36:25: MasterKey Key Entry ... OK
2015/04/08 17:36:25: PowerON Counter Key Entry ... OK
2015/04/08 17:36:25: Key Entry ... OK
2015/04/08 17:36:25: Complete.
2015/04/08 17:36:25: COM PORT CLOSE ... OK
2015/04/08 17:36:25: 
2015/04/08 17:36:25: ==== Processing was completed ====
2015/04/08 17:36:25: 
*************************************************


*********** Start the Initialize Key Check **********
2015/04/08 17:54:51: Tool Ver: 2013.0605.01
2015/04/08 17:54:51: COM PORT OPEN ... OK
2015/04/08 17:54:51:
2015/04/08 17:54:51: ProductS/N:  5400090
2015/04/08 17:54:51: TID: 860429175A842D80
2015/04/08 17:54:51: F/W Version: 00.00.08
2015/04/08 17:54:51:
2015/04/08 17:54:51: MasterKey Key Entry ... OK
2015/04/08 17:54:51: PowerON Counter Key Entry ... OK
2015/04/08 17:54:52: Key Entry ... OK
2015/04/08 17:54:52: Complete.
2015/04/08 17:54:52: COM PORT CLOSE ... OK
2015/04/08 17:54:52: 
2015/04/08 17:54:52: ==== Processing was completed ====
2015/04/08 17:54:52: 
*************************************************


*********** Start the Initialize Key Check **********
2015/04/08 18:01:28: Tool Ver: 2013.0605.01
2015/04/08 18:01:28: COM PORT OPEN ... OK
2015/04/08 18:01:28:
2015/04/08 18:01:28: ProductS/N:  5400108
2015/04/08 18:01:28: TID: 8604290D5A842D80
2015/04/08 18:01:28: F/W Version: 00.00.08
2015/04/08 18:01:28:
2015/04/08 18:01:28: MasterKey Key Entry ... OK
2015/04/08 18:01:28: PowerON Counter Key Entry ... OK
2015/04/08 18:01:29: Key Entry ... OK
2015/04/08 18:01:29: Complete.
2015/04/08 18:01:29: COM PORT CLOSE ... OK
2015/04/08 18:01:29: 
2015/04/08 18:01:29: ==== Processing was completed ====
2015/04/08 18:01:29: 
*************************************************


*********** Start the Initialize Key Check **********
2015/04/08 18:20:55: Tool Ver: 2013.0605.01
2015/04/08 18:20:55: COM PORT OPEN ... OK
2015/04/08 18:20:55:
2015/04/08 18:20:55: ProductS/N:  5400115
2015/04/08 18:20:55: TID: 860432395A842D80
2015/04/08 18:20:55: F/W Version: 00.00.08
2015/04/08 18:20:55:
2015/04/08 18:20:55: MasterKey Key Entry ... OK
2015/04/08 18:20:55: PowerON Counter Key Entry ... OK
2015/04/08 18:20:56: Key Entry ... OK
2015/04/08 18:20:56: Complete.
2015/04/08 18:20:56: COM PORT CLOSE ... OK
2015/04/08 18:20:56: 
2015/04/08 18:20:56: ==== Processing was completed ====
2015/04/08 18:20:56: 
*************************************************


*********** Start the Initialize Key Check **********
2015/04/08 18:27:12: Tool Ver: 2013.0605.01
2015/04/08 18:27:12: COM PORT OPEN ... OK
*********** Start the Initialize Key Check **********
2015/04/08 18:27:50: Tool Ver: 2013.0605.01
2015/04/08 18:27:50: COM PORT OPEN ... OK
*********** Start the Initialize Key Check **********
2015/04/08 18:28:11: Tool Ver: 2013.0605.01
2015/04/08 18:28:11: COM PORT OPEN ... OK
*********** Start the Initialize Key Check **********
2015/04/08 18:28:41: Tool Ver: 2013.0605.01
2015/04/08 18:28:41: COM PORT OPEN ... OK
2015/04/08 18:28:41:
2015/04/08 18:28:41: ProductS/N:  5400160
2015/04/08 18:28:41: TID: 860436175A842D80
2015/04/08 18:28:41: F/W Version: 00.00.08
2015/04/08 18:28:41:
2015/04/08 18:28:41: MasterKey Key Entry ... OK
2015/04/08 18:28:41: PowerON Counter Key Entry ... OK
2015/04/08 18:28:41: Key Entry ... OK
2015/04/08 18:28:41: Complete.
2015/04/08 18:28:41: COM PORT CLOSE ... OK
2015/04/08 18:28:41: 
2015/04/08 18:28:41: ==== Processing was completed ====
2015/04/08 18:28:41: 
*************************************************


*********** Start the Initialize Key Check **********
2015/04/08 18:36:47: Tool Ver: 2013.0605.01
2015/04/08 18:36:47: COM PORT OPEN ... OK
2015/04/08 18:36:47:
2015/04/08 18:36:47: ProductS/N:  5400114
2015/04/08 18:36:47: TID: 86042C3262842D80
2015/04/08 18:36:47: F/W Version: 00.00.08
2015/04/08 18:36:47:
2015/04/08 18:36:47: MasterKey Key Entry ... OK
2015/04/08 18:36:47: PowerON Counter Key Entry ... OK
2015/04/08 18:36:48: Key Entry ... OK
2015/04/08 18:36:48: Complete.
2015/04/08 18:36:48: COM PORT CLOSE ... OK
2015/04/08 18:36:48: 
2015/04/08 18:36:48: ==== Processing was completed ====
2015/04/08 18:36:48: 
*************************************************


*********** Start the Initialize Key Check **********
2015/04/08 18:44:51: Tool Ver: 2013.0605.01
2015/04/08 18:44:51: COM PORT OPEN ... OK
2015/04/08 18:44:52:
2015/04/08 18:44:52: ProductS/N:  5400158
2015/04/08 18:44:52: TID: 8604352A5A842D80
2015/04/08 18:44:52: F/W Version: 00.00.08
2015/04/08 18:44:52:
2015/04/08 18:44:52: MasterKey Key Entry ... OK
2015/04/08 18:44:52: PowerON Counter Key Entry ... OK
2015/04/08 18:44:52: Key Entry ... OK
2015/04/08 18:44:52: Complete.
2015/04/08 18:44:52: COM PORT CLOSE ... OK
2015/04/08 18:44:52: 
2015/04/08 18:44:52: ==== Processing was completed ====
2015/04/08 18:44:52: 
*************************************************


*********** Start the Initialize Key Check **********
2015/04/08 18:46:10: Tool Ver: 2013.0605.01
2015/04/08 18:46:10: COM PORT OPEN ... OK
2015/04/08 18:46:40: AUTH1 POS ... ERROR(FE00)
2015/04/08 18:46:40:
2015/04/08 18:46:40: ProductS/N:  5400163
2015/04/08 18:47:11: GET TID ... ERROR(FE00)
2015/04/08 18:47:11: COM PORT CLOSE ... OK
2015/04/08 18:47:11: 
2015/04/08 18:47:11: ######## Error has occurred ########
2015/04/08 18:47:11: 
*************************************************


*********** Start the Initialize Key Check **********
2015/04/08 18:53:39: Tool Ver: 2013.0605.01
2015/04/08 18:53:39: COM PORT OPEN ... OK
2015/04/08 18:53:39:
2015/04/08 18:53:39: ProductS/N:  5400166
2015/04/08 18:53:39: TID: 8604270B5A842D80
2015/04/08 18:53:39: F/W Version: 00.00.08
2015/04/08 18:53:39:
2015/04/08 18:53:39: MasterKey Key Entry ... OK
2015/04/08 18:53:39: PowerON Counter Key Entry ... OK
2015/04/08 18:53:40: Key Entry ... OK
2015/04/08 18:53:40: Complete.
2015/04/08 18:53:40: COM PORT CLOSE ... OK
2015/04/08 18:53:40: 
2015/04/08 18:53:40: ==== Processing was completed ====
2015/04/08 18:53:40: 
*************************************************


*********** Start the Initialize Key Check **********
2015/04/08 18:57:41: Tool Ver: 2013.0605.01
2015/04/08 18:57:41: COM PORT OPEN ... OK
2015/04/08 18:58:11: AUTH1 POS ... ERROR(FE00)
2015/04/08 18:58:11:
2015/04/08 18:58:11: ProductS/N:  5400149
2015/04/08 18:58:41: GET TID ... ERROR(FE00)
2015/04/08 18:58:41: COM PORT CLOSE ... OK
2015/04/08 18:58:41: 
2015/04/08 18:58:41: ######## Error has occurred ########
2015/04/08 18:58:41: 
*************************************************


*********** Start the Initialize Key Check **********
2015/04/08 19:03:45: Tool Ver: 2013.0605.01
2015/04/08 19:03:45: COM PORT OPEN ... OK
2015/04/08 19:03:45:
2015/04/08 19:03:45: ProductS/N:  5400163
2015/04/08 19:03:45: TID: 86042C2E62842D80
2015/04/08 19:03:45: F/W Version: 00.00.08
2015/04/08 19:03:45:
2015/04/08 19:03:45: MasterKey Key Entry ... OK
2015/04/08 19:03:45: PowerON Counter Key Entry ... OK
2015/04/08 19:04:15: [084]Key Get Key Entry... ERROR
2015/04/08 19:04:15: [084] ... ERROR KeyNoCEK[7F]
2015/04/08 19:04:15: [084] ... ERROR KeyVCEK[1E]
2015/04/08 19:04:45: [085]Key Get Key Entry... ERROR
2015/04/08 19:04:45: [085] ... ERROR KeyNoCEK[B2]
2015/04/08 19:04:45: [085] ... ERROR KeyVCEK[FF]
2015/04/08 19:05:15: [086]Key Get Key Entry... ERROR
2015/04/08 19:05:15: [086] ... ERROR KeyNoCEK[2B]
2015/04/08 19:05:15: [086] ... ERROR KeyVCEK[86]
2015/04/08 19:05:45: [087]Key Get Key Entry... ERROR
2015/04/08 19:05:45: [087] ... ERROR KeyNoCEK[78]
2015/04/08 19:05:45: [087] ... ERROR KeyVCEK[3D]
2015/04/08 19:06:15: [088]Key Get Key Entry... ERROR
2015/04/08 19:06:15: [088] ... ERROR KeyNoCEK[58]
2015/04/08 19:06:15: [088] ... ERROR KeyVCEK[48]
2015/04/08 19:06:45: [089]Key Get Key Entry... ERROR
2015/04/08 19:06:45: [089] ... ERROR KeyNoCEK[6E]
2015/04/08 19:06:45: [089] ... ERROR KeyVCEK[6A]
2015/04/08 19:07:15: [090]Key Get Key Entry... ERROR
2015/04/08 19:07:15: [090] ... ERROR KeyNoCEK[6D]
2015/04/08 19:07:15: [090] ... ERROR KeyVCEK[AF]
2015/04/08 19:07:45: [091]Key Get Key Entry... ERROR
2015/04/08 19:07:45: [091] ... ERROR KeyNoCEK[D9]
2015/04/08 19:07:45: [091] ... ERROR KeyVCEK[24]
2015/04/08 19:08:15: [092]Key Get Key Entry... ERROR
2015/04/08 19:08:15: [092] ... ERROR KeyNoCEK[FB]
2015/04/08 19:08:15: [092] ... ERROR KeyVCEK[2E]
2015/04/08 19:08:45: [093]Key Get Key Entry... ERROR
2015/04/08 19:08:45: [093] ... ERROR KeyNoCEK[9A]
2015/04/08 19:08:45: [093] ... ERROR KeyVCEK[89]
*********** Start the Initialize Key Check **********
2015/04/08 19:09:15: Tool Ver: 2013.0605.01
2015/04/08 19:09:15: COM PORT OPEN ... OK
*********** Start the Initialize Key Check **********
2015/04/08 19:09:52: Tool Ver: 2013.0605.01
2015/04/08 19:09:52: COM PORT OPEN ... OK
2015/04/08 19:10:23: AUTH1 POS ... ERROR(FE00)
2015/04/08 19:10:23:
2015/04/08 19:10:23: ProductS/N:  5400163
*********** Start the Initialize Key Check **********
2015/04/08 19:10:42: Tool Ver: 2013.0605.01
2015/04/08 19:10:42: COM PORT OPEN ... OK
2015/04/08 19:10:42:
2015/04/08 19:10:42: ProductS/N:  5400110
2015/04/08 19:10:42: TID: 8604091F72842D80
2015/04/08 19:10:42: F/W Version: 00.00.08
2015/04/08 19:10:42:
2015/04/08 19:10:42: MasterKey Key Entry ... OK
2015/04/08 19:10:42: PowerON Counter Key Entry ... OK
2015/04/08 19:10:42: Key Entry ... OK
2015/04/08 19:10:42: Complete.
2015/04/08 19:10:42: COM PORT CLOSE ... OK
2015/04/08 19:10:42: 
2015/04/08 19:10:42: ==== Processing was completed ====
2015/04/08 19:10:42: 
*************************************************


*********** Start the Initialize Key Check **********
2015/04/08 19:15:07: Tool Ver: 2013.0605.01
2015/04/08 19:15:07: COM PORT OPEN ... OK
2015/04/08 19:15:07:
2015/04/08 19:15:07: ProductS/N:  5400101
2015/04/08 19:15:07: TID: 860434185A842D80
2015/04/08 19:15:07: F/W Version: 00.00.08
2015/04/08 19:15:07:
2015/04/08 19:15:07: MasterKey Key Entry ... OK
2015/04/08 19:15:07: PowerON Counter Key Entry ... OK
2015/04/08 19:15:08: Key Entry ... OK
2015/04/08 19:15:08: Complete.
2015/04/08 19:15:08: COM PORT CLOSE ... OK
2015/04/08 19:15:08: 
2015/04/08 19:15:08: ==== Processing was completed ====
2015/04/08 19:15:08: 
*************************************************


*********** Start the Initialize Key Check **********
2015/04/08 19:21:25: Tool Ver: 2013.0605.01
2015/04/08 19:21:25: COM PORT OPEN ... OK
2015/04/08 19:21:25:
2015/04/08 19:21:25: ProductS/N:  5400163
2015/04/08 19:21:25: TID: 86042C2E62842D80
2015/04/08 19:21:25: F/W Version: 00.00.08
2015/04/08 19:21:25:
2015/04/08 19:21:25: MasterKey Key Entry ... OK
2015/04/08 19:21:25: PowerON Counter Key Entry ... OK
2015/04/08 19:21:25: Key Entry ... OK
2015/04/08 19:21:25: Complete.
2015/04/08 19:21:25: COM PORT CLOSE ... OK
2015/04/08 19:21:25: 
2015/04/08 19:21:25: ==== Processing was completed ====
2015/04/08 19:21:25: 
*************************************************


*********** Start the Initialize Key Check **********
2015/04/08 19:22:06: Tool Ver: 2013.0605.01
2015/04/08 19:22:06: COM PORT OPEN ... OK
2015/04/08 19:22:06:
2015/04/08 19:22:06: ProductS/N:  5400093
2015/04/08 19:22:06: TID: 86042E2A5A842D80
2015/04/08 19:22:06: F/W Version: 00.00.08
2015/04/08 19:22:06:
2015/04/08 19:22:06: MasterKey Key Entry ... OK
2015/04/08 19:22:06: PowerON Counter Key Entry ... OK
2015/04/08 19:22:11: [002]Key Get Key Entry... ERROR
2015/04/08 19:22:11: [002] ... ERROR KeyNoCEK[46]
2015/04/08 19:22:11: [002] ... ERROR KeyVCEK[79]
*********** Start the Initialize Key Check **********
2015/04/08 19:22:27: Tool Ver: 2013.0605.01
2015/04/08 19:22:27: COM PORT OPEN ... OK
2015/04/08 19:22:27:
2015/04/08 19:22:27: ProductS/N:  5400093
2015/04/08 19:22:28: TID: 86042E2A5A842D80
2015/04/08 19:22:28: F/W Version: 00.00.08
2015/04/08 19:22:28:
2015/04/08 19:22:33: MasterKey Key Get Key Entry... ERROR
*********** Start the Initialize Key Check **********
2015/04/08 19:23:49: Tool Ver: 2013.0605.01
2015/04/08 19:23:49: COM PORT OPEN ... OK
2015/04/08 19:23:49:
2015/04/08 19:23:49: ProductS/N:  5400093
2015/04/08 19:23:49: TID: 86042E2A5A842D80
2015/04/08 19:23:49: F/W Version: 00.00.08
2015/04/08 19:23:49:
2015/04/08 19:23:49: MasterKey Key Entry ... OK
2015/04/08 19:23:49: PowerON Counter Key Entry ... OK
2015/04/08 19:23:50: Key Entry ... OK
2015/04/08 19:23:50: Complete.
2015/04/08 19:23:50: COM PORT CLOSE ... OK
2015/04/08 19:23:50: 
2015/04/08 19:23:50: ==== Processing was completed ====
2015/04/08 19:23:50: 
*************************************************


*********** Start the Initialize Key Check **********
2015/04/08 19:26:19: Tool Ver: 2013.0605.01
2015/04/08 19:26:19: COM PORT OPEN ... OK
*********** Start the Initialize Key Check **********
2015/04/08 19:27:24: Tool Ver: 2013.0605.01
2015/04/08 19:27:24: COM PORT OPEN ... OK
2015/04/08 19:27:24:
2015/04/08 19:27:24: ProductS/N:  5400164
2015/04/08 19:27:24: TID: 8604201162842D80
2015/04/08 19:27:24: F/W Version: 00.00.08
2015/04/08 19:27:24:
2015/04/08 19:27:24: MasterKey Key Entry ... OK
2015/04/08 19:27:24: PowerON Counter Key Entry ... OK
2015/04/08 19:27:25: Key Entry ... OK
2015/04/08 19:27:25: Complete.
2015/04/08 19:27:25: COM PORT CLOSE ... OK
2015/04/08 19:27:25: 
2015/04/08 19:27:25: ==== Processing was completed ====
2015/04/08 19:27:25: 
*************************************************


*********** Start the Initialize Key Check **********
2015/04/08 19:28:44: Tool Ver: 2013.0605.01
2015/04/08 19:28:44: COM PORT OPEN ... OK
2015/04/08 19:28:44:
2015/04/08 19:28:44: ProductS/N:  5400093
2015/04/08 19:28:44: TID: 86042E2A5A842D80
2015/04/08 19:28:44: F/W Version: 00.00.08
2015/04/08 19:28:44:
2015/04/08 19:28:44: MasterKey Key Entry ... OK
2015/04/08 19:28:45: PowerON Counter Key Entry ... OK
2015/04/08 19:28:45: Key Entry ... OK
2015/04/08 19:28:45: Complete.
2015/04/08 19:28:45: COM PORT CLOSE ... OK
2015/04/08 19:28:45: 
2015/04/08 19:28:45: ==== Processing was completed ====
2015/04/08 19:28:45: 
*************************************************


*********** Start the Initialize Key Check **********
2015/04/08 19:29:46: Tool Ver: 2013.0605.01
2015/04/08 19:29:46: COM PORT OPEN ... OK
2015/04/08 19:29:46:
2015/04/08 19:29:46: ProductS/N:  5400093
2015/04/08 19:29:46: TID: 86042E2A5A842D80
2015/04/08 19:29:46: F/W Version: 00.00.08
2015/04/08 19:29:46:
2015/04/08 19:29:46: MasterKey Key Entry ... OK
2015/04/08 19:29:46: PowerON Counter Key Entry ... OK
2015/04/08 19:29:46: Key Entry ... OK
2015/04/08 19:29:46: Complete.
2015/04/08 19:29:46: COM PORT CLOSE ... OK
2015/04/08 19:29:46: 
2015/04/08 19:29:46: ==== Processing was completed ====
2015/04/08 19:29:46: 
*************************************************


*********** Start the Initialize Key Check **********
2015/04/08 19:30:51: Tool Ver: 2013.0605.01
2015/04/08 19:30:51: COM PORT OPEN ... OK
2015/04/08 19:30:51:
2015/04/08 19:30:51: ProductS/N:  5400163
2015/04/08 19:30:51: TID: 86042C2E62842D80
2015/04/08 19:30:51: F/W Version: 00.00.08
2015/04/08 19:30:51:
2015/04/08 19:30:51: MasterKey Key Entry ... OK
2015/04/08 19:30:51: PowerON Counter Key Entry ... OK
2015/04/08 19:30:51: Key Entry ... OK
2015/04/08 19:30:51: Complete.
2015/04/08 19:30:51: COM PORT CLOSE ... OK
2015/04/08 19:30:51: 
2015/04/08 19:30:51: ==== Processing was completed ====
2015/04/08 19:30:51: 
*************************************************


*********** Start the Initialize Key Check **********
2015/04/08 19:31:18: Tool Ver: 2013.0605.01
2015/04/08 19:31:18: COM PORT OPEN ... OK
2015/04/08 19:31:18:
2015/04/08 19:31:18: ProductS/N:  5400149
2015/04/08 19:31:18: TID: 860436265A842D80
2015/04/08 19:31:18: F/W Version: 00.00.08
2015/04/08 19:31:18:
2015/04/08 19:31:18: MasterKey Key Entry ... OK
2015/04/08 19:31:18: PowerON Counter Key Entry ... OK
2015/04/08 19:31:18: Key Entry ... OK
2015/04/08 19:31:18: Complete.
2015/04/08 19:31:18: COM PORT CLOSE ... OK
2015/04/08 19:31:18: 
2015/04/08 19:31:18: ==== Processing was completed ====
2015/04/08 19:31:18: 
*************************************************


*********** Start the Initialize Key Check **********
2015/04/08 19:32:40: Tool Ver: 2013.0605.01
2015/04/08 19:32:40: COM PORT OPEN ... OK
2015/04/08 19:32:40:
2015/04/08 19:32:40: ProductS/N:  5400092
2015/04/08 19:32:40: TID: 8604323F5A842D80
2015/04/08 19:32:40: F/W Version: 00.00.08
2015/04/08 19:32:40:
2015/04/08 19:32:40: MasterKey Key Entry ... OK
2015/04/08 19:32:40: PowerON Counter Key Entry ... OK
2015/04/08 19:32:41: Key Entry ... OK
2015/04/08 19:32:41: Complete.
2015/04/08 19:32:41: COM PORT CLOSE ... OK
2015/04/08 19:32:41: 
2015/04/08 19:32:41: ==== Processing was completed ====
2015/04/08 19:32:41: 
*************************************************


*********** Start the Initialize Key Check **********
2015/04/08 19:34:42: Tool Ver: 2013.0605.01
2015/04/08 19:34:42: COM PORT OPEN ... OK
2015/04/08 19:34:42:
2015/04/08 19:34:42: ProductS/N:  5400162
2015/04/08 19:34:42: TID: 8604062672842D80
2015/04/08 19:34:42: F/W Version: 00.00.08
2015/04/08 19:34:42:
2015/04/08 19:34:42: MasterKey Key Entry ... OK
2015/04/08 19:34:42: PowerON Counter Key Entry ... OK
2015/04/08 19:34:42: Key Entry ... OK
2015/04/08 19:34:42: Complete.
2015/04/08 19:34:42: COM PORT CLOSE ... OK
2015/04/08 19:34:42: 
2015/04/08 19:34:42: ==== Processing was completed ====
2015/04/08 19:34:42: 
*************************************************


*********** Start the Initialize Key Check **********
2015/04/08 19:47:09: Tool Ver: 2013.0605.01
2015/04/08 19:47:09: COM PORT OPEN ... OK
2015/04/08 19:47:09:
2015/04/08 19:47:09: ProductS/N:  5400105
2015/04/08 19:47:09: TID: 8604190D62842D80
2015/04/08 19:47:09: F/W Version: 00.00.08
2015/04/08 19:47:09:
2015/04/08 19:47:09: MasterKey Key Entry ... OK
2015/04/08 19:47:09: PowerON Counter Key Entry ... OK
2015/04/08 19:47:09: Key Entry ... OK
2015/04/08 19:47:09: Complete.
2015/04/08 19:47:09: COM PORT CLOSE ... OK
2015/04/08 19:47:09: 
2015/04/08 19:47:09: ==== Processing was completed ====
2015/04/08 19:47:09: 
*************************************************


*********** Start the Initialize Key Check **********
2015/04/08 19:48:30: Tool Ver: 2013.0605.01
2015/04/08 19:48:30: COM PORT OPEN ... ERROR(01)
2015/04/08 19:48:30: 
2015/04/08 19:48:30: ######## Error has occurred ########
2015/04/08 19:48:30: 
*************************************************


*********** Start the Initialize Key Check **********
2015/04/08 19:48:49: Tool Ver: 2013.0605.01
2015/04/08 19:48:49: COM PORT OPEN ... OK
2015/04/08 19:48:49:
2015/04/08 19:48:49: ProductS/N:  5400111
2015/04/08 19:48:49: TID: 8604301D5A842D80
2015/04/08 19:48:49: F/W Version: 00.00.08
2015/04/08 19:48:49:
2015/04/08 19:48:49: MasterKey Key Entry ... OK
2015/04/08 19:48:49: PowerON Counter Key Entry ... OK
2015/04/08 19:48:50: Key Entry ... OK
2015/04/08 19:48:50: Complete.
2015/04/08 19:48:50: COM PORT CLOSE ... OK
2015/04/08 19:48:50: 
2015/04/08 19:48:50: ==== Processing was completed ====
2015/04/08 19:48:50: 
*************************************************


*********** Start the Initialize Key Check **********
2015/04/08 20:08:49: Tool Ver: 2013.0605.01
2015/04/08 20:08:49: COM PORT OPEN ... OK
2015/04/08 20:08:50:
2015/04/08 20:08:50: ProductS/N:  5400092
2015/04/08 20:08:50: TID: 8604323F5A842D80
2015/04/08 20:08:50: F/W Version: 00.00.08
2015/04/08 20:08:50:
2015/04/08 20:08:50: MasterKey Key Entry ... OK
2015/04/08 20:08:50: PowerON Counter Key Entry ... OK
2015/04/08 20:08:50: Key Entry ... OK
2015/04/08 20:08:50: Complete.
2015/04/08 20:08:50: COM PORT CLOSE ... OK
2015/04/08 20:08:50: 
2015/04/08 20:08:50: ==== Processing was completed ====
2015/04/08 20:08:50: 
*************************************************


*********** Start the Initialize Key Check **********
2015/04/08 20:13:24: Tool Ver: 2013.0605.01
2015/04/08 20:13:24: COM PORT OPEN ... OK
2015/04/08 20:13:24:
2015/04/08 20:13:24: ProductS/N:  5400165
2015/04/08 20:13:24: TID: 8604310E5A842D80
2015/04/08 20:13:24: F/W Version: 00.00.08
2015/04/08 20:13:24:
2015/04/08 20:13:24: MasterKey Key Entry ... OK
2015/04/08 20:13:24: PowerON Counter Key Entry ... OK
2015/04/08 20:13:24: Key Entry ... OK
2015/04/08 20:13:24: Complete.
2015/04/08 20:13:24: COM PORT CLOSE ... OK
2015/04/08 20:13:24: 
2015/04/08 20:13:24: ==== Processing was completed ====
2015/04/08 20:13:24: 
*************************************************


*********** Start the Initialize Key Check **********
2015/04/08 20:31:10: Tool Ver: 2013.0605.01
2015/04/08 20:31:10: COM PORT OPEN ... OK
2015/04/08 20:31:10:
2015/04/08 20:31:10: ProductS/N:  5400103
2015/04/08 20:31:10: TID: 8604284162842D80
2015/04/08 20:31:10: F/W Version: 00.00.08
2015/04/08 20:31:10:
2015/04/08 20:31:10: MasterKey Key Entry ... OK
2015/04/08 20:31:10: PowerON Counter Key Entry ... OK
2015/04/08 20:31:11: Key Entry ... OK
2015/04/08 20:31:11: Complete.
2015/04/08 20:31:11: COM PORT CLOSE ... OK
2015/04/08 20:31:11: 
2015/04/08 20:31:11: ==== Processing was completed ====
2015/04/08 20:31:11: 
*************************************************


*********** Start the Initialize Key Check **********
2015/04/08 20:41:11: Tool Ver: 2013.0605.01
2015/04/08 20:41:11: COM PORT OPEN ... OK
2015/04/08 20:41:11:
2015/04/08 20:41:11: ProductS/N:  5400107
2015/04/08 20:41:11: TID: 8604091372842D80
2015/04/08 20:41:11: F/W Version: 00.00.08
2015/04/08 20:41:11:
2015/04/08 20:41:11: MasterKey Key Entry ... OK
2015/04/08 20:41:11: PowerON Counter Key Entry ... OK
2015/04/08 20:41:11: Key Entry ... OK
2015/04/08 20:41:11: Complete.
2015/04/08 20:41:11: COM PORT CLOSE ... OK
2015/04/08 20:41:11: 
2015/04/08 20:41:11: ==== Processing was completed ====
2015/04/08 20:41:11: 
*************************************************


*********** Start the Initialize Key Check **********
2015/04/08 20:46:49: Tool Ver: 2013.0605.01
2015/04/08 20:46:49: COM PORT OPEN ... OK
2015/04/08 20:46:49:
2015/04/08 20:46:49: ProductS/N:  5400099
2015/04/08 20:46:49: TID: 86043E155A842D80
2015/04/08 20:46:49: F/W Version: 00.00.08
2015/04/08 20:46:49:
2015/04/08 20:46:49: MasterKey Key Entry ... OK
2015/04/08 20:46:49: PowerON Counter Key Entry ... OK
2015/04/08 20:46:50: Key Entry ... OK
2015/04/08 20:46:50: Complete.
2015/04/08 20:46:50: COM PORT CLOSE ... OK
2015/04/08 20:46:50: 
2015/04/08 20:46:50: ==== Processing was completed ====
2015/04/08 20:46:50: 
*************************************************


*********** Start the Initialize Key Check **********
2015/04/08 21:36:35: Tool Ver: 2013.0605.01
2015/04/08 21:36:35: COM PORT OPEN ... OK
2015/04/08 21:36:36:
2015/04/08 21:36:36: ProductS/N:  5400106
2015/04/08 21:36:36: TID: 8604320B5A842D80
2015/04/08 21:36:36: F/W Version: 00.00.08
2015/04/08 21:36:36:
2015/04/08 21:36:36: MasterKey Key Entry ... OK
2015/04/08 21:36:36: PowerON Counter Key Entry ... OK
2015/04/08 21:36:36: Key Entry ... OK
2015/04/08 21:36:36: Complete.
2015/04/08 21:36:36: COM PORT CLOSE ... OK
2015/04/08 21:36:36: 
2015/04/08 21:36:36: ==== Processing was completed ====
2015/04/08 21:36:36: 
*************************************************


