*********** Start the Initialize Key Check **********
2015/04/07 20:23:49: Tool Ver: 2013.0605.01
2015/04/07 20:23:49: COM PORT OPEN ... OK
2015/04/07 20:23:49:
2015/04/07 20:23:49: ProductS/N:  5400002
2015/04/07 20:23:49: TID: 8604261762842D80
2015/04/07 20:23:49: F/W Version: 00.00.08
2015/04/07 20:23:49:
2015/04/07 20:23:49: MasterKey Key Entry ... OK
2015/04/07 20:23:49: PowerON Counter Key Entry ... OK
2015/04/07 20:23:50: Key Entry ... OK
2015/04/07 20:23:50: Complete.
2015/04/07 20:23:50: COM PORT CLOSE ... OK
2015/04/07 20:23:50: 
2015/04/07 20:23:50: ==== Processing was completed ====
2015/04/07 20:23:50: 
*************************************************


*********** Start the Initialize Key Check **********
2015/04/07 20:44:32: Tool Ver: 2013.0605.01
2015/04/07 20:44:32: COM PORT OPEN ... OK
2015/04/07 20:44:32:
2015/04/07 20:44:32: ProductS/N:  5400003
2015/04/07 20:44:32: TID: 8604222A62842D80
2015/04/07 20:44:32: F/W Version: 00.00.08
2015/04/07 20:44:32:
2015/04/07 20:44:32: MasterKey Key Entry ... OK
2015/04/07 20:44:32: PowerON Counter Key Entry ... OK
2015/04/07 20:44:33: Key Entry ... OK
2015/04/07 20:44:33: Complete.
2015/04/07 20:44:33: COM PORT CLOSE ... OK
2015/04/07 20:44:33: 
2015/04/07 20:44:33: ==== Processing was completed ====
2015/04/07 20:44:33: 
*************************************************


*********** Start the Initialize Key Check **********
2015/04/07 21:08:10: Tool Ver: 2013.0605.01
2015/04/07 21:08:10: COM PORT OPEN ... OK
2015/04/07 21:08:10:
2015/04/07 21:08:10: ProductS/N:  5400004
2015/04/07 21:08:10: TID: 8604360C6A842D80
2015/04/07 21:08:10: F/W Version: 00.00.08
2015/04/07 21:08:10:
2015/04/07 21:08:10: MasterKey Key Entry ... OK
2015/04/07 21:08:10: PowerON Counter Key Entry ... OK
2015/04/07 21:08:10: Key Entry ... OK
2015/04/07 21:08:10: Complete.
2015/04/07 21:08:10: COM PORT CLOSE ... OK
2015/04/07 21:08:10: 
2015/04/07 21:08:10: ==== Processing was completed ====
2015/04/07 21:08:10: 
*************************************************


*********** Start the Initialize Key Check **********
2015/04/07 21:36:38: Tool Ver: 2013.0605.01
2015/04/07 21:36:38: COM PORT OPEN ... OK
2015/04/07 21:36:38:
2015/04/07 21:36:38: ProductS/N:  5400001
2015/04/07 21:36:38: TID: 860413256A842D80
2015/04/07 21:36:38: F/W Version: 00.00.08
2015/04/07 21:36:38:
2015/04/07 21:36:38: MasterKey Key Entry ... OK
2015/04/07 21:36:38: PowerON Counter Key Entry ... OK
2015/04/07 21:36:39: Key Entry ... OK
2015/04/07 21:36:39: Complete.
2015/04/07 21:36:39: COM PORT CLOSE ... OK
2015/04/07 21:36:39: 
2015/04/07 21:36:39: ==== Processing was completed ====
2015/04/07 21:36:39: 
*************************************************


